DC-Build-Header: aalib 1.4p5-40 / Thu Jan 31 19:02:31 +0000 2013
DC-Task: logfile:/tmp/aalib_1.4p5-40_unstable_clang.log version:1.4p5-40 modes:binary-only:clang chroot:unstable source:aalib esttime:61 architecture:any
DC-Sbuild-call: su user -c 'sbuild -n --apt-update -d unstable -v  --chroot-setup-commands=/tmp/switch-to-clang aalib_1.4p5-40'
Could not create '/sbuild-nonexistent/logs': No such file or directory
Could not create '/sbuild-nonexistent/logs': No such file or directory
sbuild (Debian sbuild) 0.62.5 (13 Jul 2011) on ip-10-28-52-156.ec2.internal

╔══════════════════════════════════════════════════════════════════════════════╗
║ aalib 1.4p5-40 (amd64)                                     31 Jan 2013 19:02 ║
╚══════════════════════════════════════════════════════════════════════════════╝

Package: aalib
Version: 1.4p5-40
Source Version: 1.4p5-40
Distribution: unstable
Architecture: amd64

I: NOTICE: Log filtering will replace 'build/aalib-LfwBa3/aalib-1.4p5' with '«PKGBUILDDIR»'
I: NOTICE: Log filtering will replace 'build/aalib-LfwBa3' with '«BUILDDIR»'
I: NOTICE: Log filtering will replace 'var/lib/schroot/mount/unstable-amd64-sbuild-66ec45d2-4186-4576-9a86-34f6099e42aa' with '«CHROOT»'

┌──────────────────────────────────────────────────────────────────────────────┐
│ Update chroot                                                                │
└──────────────────────────────────────────────────────────────────────────────┘

Ign http://localhost unstable InRelease
Get:1 http://localhost unstable Release.gpg [836 B]
Get:2 http://localhost unstable Release [227 kB]
Ign http://localhost unstable/main Sources/DiffIndex
Ign http://localhost unstable/main amd64 Packages/DiffIndex
Hit http://localhost unstable/main Translation-en/DiffIndex
Get:3 http://localhost unstable/main Sources [8236 kB]
Get:4 http://localhost unstable/main amd64 Packages [8279 kB]
Fetched 16.7 MB in 3s (5022 kB/s)
Reading package lists...
Reading package lists...
Building dependency tree...
Reading state information...
0 upgraded, 0 newly installed, 0 to remove and 0 not upgraded.

┌──────────────────────────────────────────────────────────────────────────────┐
│ Fetch source files                                                           │
└──────────────────────────────────────────────────────────────────────────────┘


Check APT
─────────

Checking available source versions...

Download source files with APT
──────────────────────────────

Reading package lists...
Building dependency tree...
Reading state information...
NOTICE: 'aalib' packaging is maintained in the 'Git' version control system at:
git://git.madhouse-project.org/debian/aalib.git
Need to get 409 kB of source archives.
Get:1 http://localhost/debian/ unstable/main aalib 1.4p5-40 (dsc) [2078 B]
Get:2 http://localhost/debian/ unstable/main aalib 1.4p5-40 (tar) [391 kB]
Get:3 http://localhost/debian/ unstable/main aalib 1.4p5-40 (diff) [16.2 kB]
Fetched 409 kB in 0s (715 kB/s)
Download complete and in download only mode

Check arch
──────────


┌──────────────────────────────────────────────────────────────────────────────┐
│ Chroot Setup Commands                                                        │
└──────────────────────────────────────────────────────────────────────────────┘


/tmp/switch-to-clang
────────────────────

+ echo 'Entering customization script...'
Entering customization script...
+ echo 'Add an unstable version of clang as repository'
Add an unstable version of clang as repository
+ echo deb http://clang.ecranbleu.org/apt/debian unstable main
+ apt-get update
Ign http://localhost unstable InRelease
Hit http://localhost unstable Release.gpg
Hit http://localhost unstable Release
Ign http://clang.ecranbleu.org unstable InRelease
Ign http://clang.ecranbleu.org unstable Release.gpg
Ign http://localhost unstable/main Sources/DiffIndex
Get:1 http://clang.ecranbleu.org unstable Release [1616 B]
Ign http://localhost unstable/main amd64 Packages/DiffIndex
Hit http://localhost unstable/main Translation-en/DiffIndex
Get:2 http://clang.ecranbleu.org unstable/main amd64 Packages [2354 B]
Hit http://localhost unstable/main Sources
Ign http://clang.ecranbleu.org unstable/main Translation-en
Hit http://localhost unstable/main amd64 Packages
Fetched 3970 B in 1s (2340 B/s)
Reading package lists...
+ echo 'Install of clang'
Install of clang
+ apt-get update
Ign http://localhost unstable InRelease
Hit http://localhost unstable Release.gpg
Hit http://localhost unstable Release
Ign http://clang.ecranbleu.org unstable InRelease
Ign http://localhost unstable/main Sources/DiffIndex
Ign http://clang.ecranbleu.org unstable Release.gpg
Ign http://localhost unstable/main amd64 Packages/DiffIndex
Hit http://clang.ecranbleu.org unstable Release
Ign http://clang.ecranbleu.org unstable/main amd64 Packages/DiffIndex
Hit http://localhost unstable/main Translation-en/DiffIndex
Hit http://localhost unstable/main Sources
Hit http://localhost unstable/main amd64 Packages
Hit http://clang.ecranbleu.org unstable/main amd64 Packages
Ign http://clang.ecranbleu.org unstable/main Translation-en
Reading package lists...
+ apt-get install --yes --no-install-recommends --force-yes clang
Reading package lists...
Building dependency tree...
Reading state information...
The following extra packages will be installed:
  clang-3.2 compiler-rt libclang-common-dev libexpat1 libffi5 libllvm3.2
  libncursesw5 libsqlite3-0 libssl1.0.0 mime-support python python-minimal
  python2.7 python2.7-minimal
Suggested packages:
  python-doc python-tk python2.7-doc binfmt-support
Recommended packages:
  llvm-3.2-dev file
The following NEW packages will be installed:
  clang clang-3.2 compiler-rt libclang-common-dev libexpat1 libffi5 libllvm3.2
  libncursesw5 libsqlite3-0 libssl1.0.0 mime-support python python-minimal
  python2.7 python2.7-minimal
0 upgraded, 15 newly installed, 0 to remove and 0 not upgraded.
Need to get 25.3 MB of archives.
After this operation, 70.1 MB of additional disk space will be used.
WARNING: The following packages cannot be authenticated!
  libclang-common-dev compiler-rt clang-3.2 clang
Get:1 http://localhost/debian/ unstable/main libncursesw5 amd64 5.9-10 [141 kB]
Get:2 http://localhost/debian/ unstable/main libssl1.0.0 amd64 1.0.1c-4 [1213 kB]
Get:3 http://localhost/debian/ unstable/main libsqlite3-0 amd64 3.7.15.2-1 [463 kB]
Get:4 http://localhost/debian/ unstable/main libexpat1 amd64 2.1.0-1 [141 kB]
Get:5 http://localhost/debian/ unstable/main libffi5 amd64 3.0.10-3 [24.8 kB]
Get:6 http://clang.ecranbleu.org/apt/debian/ unstable/main libclang-common-dev amd64 3.2-2 [303 kB]
Get:7 http://localhost/debian/ unstable/main libllvm3.2 amd64 3.2-2 [7865 kB]
Get:8 http://localhost/debian/ unstable/main mime-support all 3.52-2 [35.2 kB]
Get:9 http://localhost/debian/ unstable/main python2.7-minimal amd64 2.7.3-6 [1783 kB]
Get:10 http://localhost/debian/ unstable/main python2.7 amd64 2.7.3-6 [2729 kB]
Get:11 http://localhost/debian/ unstable/main python-minimal all 2.7.3-3 [42.5 kB]
Get:12 http://localhost/debian/ unstable/main python all 2.7.3-3 [179 kB]
Get:13 http://clang.ecranbleu.org/apt/debian/ unstable/main compiler-rt amd64 3.2-2 [312 kB]
Get:14 http://clang.ecranbleu.org/apt/debian/ unstable/main clang-3.2 amd64 3.2-2 [10.0 MB]
Get:15 http://clang.ecranbleu.org/apt/debian/ unstable/main clang all 3.2-2 [9558 B]
debconf: delaying package configuration, since apt-utils is not installed
Fetched 25.3 MB in 3s (6498 kB/s)
Selecting previously unselected package libncursesw5:amd64.
(Reading database ... 13484 files and directories currently installed.)
Unpacking libncursesw5:amd64 (from .../libncursesw5_5.9-10_amd64.deb) ...
Selecting previously unselected package libssl1.0.0:amd64.
Unpacking libssl1.0.0:amd64 (from .../libssl1.0.0_1.0.1c-4_amd64.deb) ...
Selecting previously unselected package libsqlite3-0:amd64.
Unpacking libsqlite3-0:amd64 (from .../libsqlite3-0_3.7.15.2-1_amd64.deb) ...
Selecting previously unselected package libexpat1:amd64.
Unpacking libexpat1:amd64 (from .../libexpat1_2.1.0-1_amd64.deb) ...
Selecting previously unselected package libffi5:amd64.
Unpacking libffi5:amd64 (from .../libffi5_3.0.10-3_amd64.deb) ...
Selecting previously unselected package libllvm3.2:amd64.
Unpacking libllvm3.2:amd64 (from .../libllvm3.2_3.2-2_amd64.deb) ...
Selecting previously unselected package mime-support.
Unpacking mime-support (from .../mime-support_3.52-2_all.deb) ...
Selecting previously unselected package python2.7-minimal.
Unpacking python2.7-minimal (from .../python2.7-minimal_2.7.3-6_amd64.deb) ...
Selecting previously unselected package python2.7.
Unpacking python2.7 (from .../python2.7_2.7.3-6_amd64.deb) ...
Selecting previously unselected package python-minimal.
Unpacking python-minimal (from .../python-minimal_2.7.3-3_all.deb) ...
Selecting previously unselected package python.
Unpacking python (from .../python_2.7.3-3_all.deb) ...
Selecting previously unselected package libclang-common-dev.
Unpacking libclang-common-dev (from .../libclang-common-dev_3.2-2_amd64.deb) ...
Selecting previously unselected package compiler-rt.
Unpacking compiler-rt (from .../compiler-rt_3.2-2_amd64.deb) ...
Selecting previously unselected package clang-3.2.
Unpacking clang-3.2 (from .../clang-3.2_3.2-2_amd64.deb) ...
Selecting previously unselected package clang.
Unpacking clang (from .../archives/clang_3.2-2_all.deb) ...
Setting up libncursesw5:amd64 (5.9-10) ...
Setting up libssl1.0.0:amd64 (1.0.1c-4) ...
debconf: unable to initialize frontend: Dialog
debconf: (Dialog frontend will not work on a dumb terminal, an emacs shell buffer, or without a controlling terminal.)
debconf: falling back to frontend: Readline
debconf: unable to initialize frontend: Readline
debconf: (This frontend requires a controlling tty.)
debconf: falling back to frontend: Teletype
Setting up libsqlite3-0:amd64 (3.7.15.2-1) ...
Setting up libexpat1:amd64 (2.1.0-1) ...
Setting up libffi5:amd64 (3.0.10-3) ...
Setting up libllvm3.2:amd64 (3.2-2) ...
Setting up mime-support (3.52-2) ...
Setting up python2.7-minimal (2.7.3-6) ...
Linking and byte-compiling packages for runtime python2.7...
Setting up python2.7 (2.7.3-6) ...
Setting up python-minimal (2.7.3-3) ...
Setting up python (2.7.3-3) ...
Setting up libclang-common-dev (3.2-2) ...
Setting up compiler-rt (3.2-2) ...
Setting up clang-3.2 (3.2-2) ...
Setting up clang (3.2-2) ...
+ echo 'Replace gcc, g++ & cpp by clang'
Replace gcc, g++ & cpp by clang
+ VERSIONS='4.6 4.7'
+ cd /usr/bin
+ for VERSION in '$VERSIONS'
+ rm g++-4.6 gcc-4.6 cpp-4.6
+ ln -s clang++ g++-4.6
+ ln -s clang gcc-4.6
+ ln -s clang cpp-4.6
+ for VERSION in '$VERSIONS'
+ rm g++-4.7 gcc-4.7 cpp-4.7
+ ln -s clang++ g++-4.7
+ ln -s clang gcc-4.7
+ ln -s clang cpp-4.7
+ cd -
/«BUILDDIR»
+ echo 'Block the installation of new gcc version'
Block the installation of new gcc version
+ dpkg --set-selections
+ echo 'gcc-4.6 hold'
+ echo 'cpp-4.6 hold'
+ dpkg --set-selections
+ echo 'g++-4.6 hold'
+ dpkg --set-selections
+ echo 'gcc-4.7 hold'
+ dpkg --set-selections
+ echo 'cpp-4.7 hold'
+ dpkg --set-selections
+ dpkg --set-selections
+ echo 'g++-4.7 hold'
+ echo 'Check if gcc, g++ & cpp are actually clang'
Check if gcc, g++ & cpp are actually clang
+ gcc --version
+ grep clang
+ cpp --version
+ grep clang
+ g++ --version
+ grep clang

I: Finished running '/tmp/switch-to-clang'.

Finished processing commands.
────────────────────────────────────────────────────────────────────────────────
Merged Build-Depends: build-essential, fakeroot
Filtered Build-Depends: build-essential, fakeroot
dpkg-deb: building package `sbuild-build-depends-core-dummy' in `/«BUILDDIR»/resolver-AkX2jc/apt_archive/sbuild-build-depends-core-dummy.deb'.
OK
Reading package lists...

┌──────────────────────────────────────────────────────────────────────────────┐
│ Install core build dependencies (apt-based resolver)                         │
└──────────────────────────────────────────────────────────────────────────────┘

Installing build dependencies
Reading package lists...
Building dependency tree...
Reading state information...
The following NEW packages will be installed:
  sbuild-build-depends-core-dummy
debconf: delaying package configuration, since apt-utils is not installed
0 upgraded, 1 newly installed, 0 to remove and 0 not upgraded.
Need to get 0 B/710 B of archives.
After this operation, 0 B of additional disk space will be used.
Selecting previously unselected package sbuild-build-depends-core-dummy.
(Reading database ... 14662 files and directories currently installed.)
Unpacking sbuild-build-depends-core-dummy (from .../sbuild-build-depends-core-dummy.deb) ...
Setting up sbuild-build-depends-core-dummy (0.invalid.0) ...
Merged Build-Depends: base-files, base-passwd, bash, bsdutils, coreutils, dash, debianutils, diffutils, dpkg, e2fsprogs, findutils, grep, gzip, hostname, libc-bin, login, mount, ncurses-base, ncurses-bin, perl-base, sed, sysvinit, sysvinit-utils, tar, util-linux, libc6-dev | libc-dev, gcc (>= 4:4.4.3), g++ (>= 4:4.4.3), make, dpkg-dev (>= 1.13.5), dpkg-dev (>= 1.14.9), debhelper (>= 9~), dh-autoreconf, libslang2-dev, libx11-dev, libxt-dev, libncurses5-dev, libgpmg1-dev, texinfo, patch
Filtered Build-Depends: base-files, base-passwd, bash, bsdutils, coreutils, dash, debianutils, diffutils, dpkg, e2fsprogs, findutils, grep, gzip, hostname, libc-bin, login, mount, ncurses-base, ncurses-bin, perl-base, sed, sysvinit, sysvinit-utils, tar, util-linux, libc6-dev, gcc (>= 4:4.4.3), g++ (>= 4:4.4.3), make, dpkg-dev (>= 1.13.5), dpkg-dev (>= 1.14.9), debhelper (>= 9~), dh-autoreconf, libslang2-dev, libx11-dev, libxt-dev, libncurses5-dev, libgpmg1-dev, texinfo, patch
dpkg-deb: building package `sbuild-build-depends-aalib-dummy' in `/«BUILDDIR»/resolver-yBJDzJ/apt_archive/sbuild-build-depends-aalib-dummy.deb'.
OK
Reading package lists...

┌──────────────────────────────────────────────────────────────────────────────┐
│ Install aalib build dependencies (apt-based resolver)                        │
└──────────────────────────────────────────────────────────────────────────────┘

Installing build dependencies
Reading package lists...
Building dependency tree...
Reading state information...
The following extra packages will be installed:
  autoconf automake autotools-dev bsdmainutils debhelper dh-autoreconf file
  gettext gettext-base groff-base html2text intltool-debian libasprintf-dev
  libasprintf0c2 libcroco3 libgettextpo-dev libgettextpo0 libglib2.0-0
  libgpm-dev libice-dev libice6 libmagic1 libncurses5-dev libpcre3
  libpipeline1 libpng12-0 libpng12-dev libpthread-stubs0 libpthread-stubs0-dev
  libsigsegv2 libslang2-dev libsm-dev libsm6 libtinfo-dev libtool
  libunistring0 libx11-6 libx11-data libx11-dev libxau-dev libxau6 libxcb1
  libxcb1-dev libxdmcp-dev libxdmcp6 libxml2 libxt-dev libxt6 m4 man-db
  po-debconf texinfo x11-common x11proto-core-dev x11proto-input-dev
  x11proto-kb-dev xorg-sgml-doctools xtrans-dev zlib1g-dev
Suggested packages:
  autoconf2.13 autoconf-archive gnu-standards autoconf-doc wamerican wordlist
  whois vacation dh-make gettext-doc groff libice-doc ncurses-doc libsm-doc
  libtool-doc automaken gfortran fortran95-compiler gcj libxcb-doc libxt-doc
  less www-browser libmail-box-perl texlive-base texlive-latex-base
  texlive-generic-recommended texinfo-doc-nonfree
Recommended packages:
  autopoint curl wget lynx-cur libglib2.0-data shared-mime-info libltdl-dev
  libx11-doc xml-core libmail-sendmail-perl
The following NEW packages will be installed:
  autoconf automake autotools-dev bsdmainutils debhelper dh-autoreconf file
  gettext gettext-base groff-base html2text intltool-debian libasprintf-dev
  libasprintf0c2 libcroco3 libgettextpo-dev libgettextpo0 libglib2.0-0
  libgpm-dev libice-dev libice6 libmagic1 libncurses5-dev libpcre3
  libpipeline1 libpng12-0 libpng12-dev libpthread-stubs0 libpthread-stubs0-dev
  libsigsegv2 libslang2-dev libsm-dev libsm6 libtinfo-dev libtool
  libunistring0 libx11-6 libx11-data libx11-dev libxau-dev libxau6 libxcb1
  libxcb1-dev libxdmcp-dev libxdmcp6 libxml2 libxt-dev libxt6 m4 man-db
  po-debconf sbuild-build-depends-aalib-dummy texinfo x11-common
  x11proto-core-dev x11proto-input-dev x11proto-kb-dev xorg-sgml-doctools
  xtrans-dev zlib1g-dev
0 upgraded, 60 newly installed, 0 to remove and 0 not upgraded.
Need to get 18.9 MB/18.9 MB of archives.
After this operation, 53.1 MB of additional disk space will be used.
Get:1 http://localhost/debian/ unstable/main libpipeline1 amd64 1.2.2-1 [39.9 kB]
Get:2 http://localhost/debian/ unstable/main groff-base amd64 1.22.1-2 [741 kB]
Get:3 http://localhost/debian/ unstable/main bsdmainutils amd64 9.0.4 [210 kB]
Get:4 http://localhost/debian/ unstable/main man-db amd64 2.6.3-3 [898 kB]
Get:5 http://localhost/debian/ unstable/main libasprintf0c2 amd64 0.18.1.1-10 [27.2 kB]
Get:6 http://localhost/debian/ unstable/main libmagic1 amd64 5.11-2 [202 kB]
Get:7 http://localhost/debian/ unstable/main libpcre3 amd64 1:8.31-2 [247 kB]
Get:8 http://localhost/debian/ unstable/main libxml2 amd64 2.8.0+dfsg1-7 [903 kB]
Get:9 http://localhost/debian/ unstable/main libglib2.0-0 amd64 2.33.12+really2.32.4-5 [1838 kB]
Get:10 http://localhost/debian/ unstable/main libcroco3 amd64 0.6.6-2 [134 kB]
Get:11 http://localhost/debian/ unstable/main libunistring0 amd64 0.9.3-5 [434 kB]
Get:12 http://localhost/debian/ unstable/main libgettextpo0 amd64 0.18.1.1-10 [145 kB]
Get:13 http://localhost/debian/ unstable/main x11-common all 1:7.7+1 [278 kB]
Get:14 http://localhost/debian/ unstable/main libice6 amd64 2:1.0.8-2 [63.1 kB]
Get:15 http://localhost/debian/ unstable/main libpng12-0 amd64 1.2.49-3 [190 kB]
Get:16 http://localhost/debian/ unstable/main libsm6 amd64 2:1.2.1-2 [34.2 kB]
Get:17 http://localhost/debian/ unstable/main libxau6 amd64 1:1.0.7-1 [18.8 kB]
Get:18 http://localhost/debian/ unstable/main libxdmcp6 amd64 1:1.1.1-1 [26.3 kB]
Get:19 http://localhost/debian/ unstable/main libxcb1 amd64 1.8.1-2 [50.1 kB]
Get:20 http://localhost/debian/ unstable/main libx11-data all 2:1.5.0-1 [189 kB]
Get:21 http://localhost/debian/ unstable/main libx11-6 amd64 2:1.5.0-1 [901 kB]
Get:22 http://localhost/debian/ unstable/main libxt6 amd64 1:1.1.3-1 [211 kB]
Get:23 http://localhost/debian/ unstable/main file amd64 5.11-2 [51.8 kB]
Get:24 http://localhost/debian/ unstable/main gettext-base amd64 0.18.1.1-10 [154 kB]
Get:25 http://localhost/debian/ unstable/main libsigsegv2 amd64 2.9-4 [28.9 kB]
Get:26 http://localhost/debian/ unstable/main m4 amd64 1.4.16-4 [260 kB]
Get:27 http://localhost/debian/ unstable/main texinfo amd64 4.13a.dfsg.1-10 [983 kB]
Get:28 http://localhost/debian/ unstable/main autoconf all 2.69-1 [589 kB]
Get:29 http://localhost/debian/ unstable/main autotools-dev all 20120608.1 [73.0 kB]
Get:30 http://localhost/debian/ unstable/main automake all 1:1.11.6-1 [607 kB]
Get:31 http://localhost/debian/ unstable/main html2text amd64 1.3.2a-15 [103 kB]
Get:32 http://localhost/debian/ unstable/main libasprintf-dev amd64 0.18.1.1-10 [26.8 kB]
Get:33 http://localhost/debian/ unstable/main libgettextpo-dev amd64 0.18.1.1-10 [184 kB]
Get:34 http://localhost/debian/ unstable/main gettext amd64 0.18.1.1-10 [1815 kB]
Get:35 http://localhost/debian/ unstable/main intltool-debian all 0.35.0+20060710.1 [30.8 kB]
Get:36 http://localhost/debian/ unstable/main po-debconf all 1.0.16+nmu2 [224 kB]
Get:37 http://localhost/debian/ unstable/main debhelper all 9.20120909 [705 kB]
Get:38 http://localhost/debian/ unstable/main libtool amd64 2.4.2-1.2 [621 kB]
Get:39 http://localhost/debian/ unstable/main dh-autoreconf all 7 [15.3 kB]
Get:40 http://localhost/debian/ unstable/main libgpm-dev amd64 1.20.4-6 [39.9 kB]
Get:41 http://localhost/debian/ unstable/main xorg-sgml-doctools all 1:1.10-1 [24.1 kB]
Get:42 http://localhost/debian/ unstable/main x11proto-core-dev all 7.0.23-1 [774 kB]
Get:43 http://localhost/debian/ unstable/main libice-dev amd64 2:1.0.8-2 [74.1 kB]
Get:44 http://localhost/debian/ unstable/main libtinfo-dev amd64 5.9-10 [105 kB]
Get:45 http://localhost/debian/ unstable/main libncurses5-dev amd64 5.9-10 [223 kB]
Get:46 http://localhost/debian/ unstable/main zlib1g-dev amd64 1:1.2.7.dfsg-13 [215 kB]
Get:47 http://localhost/debian/ unstable/main libpng12-dev amd64 1.2.49-3 [267 kB]
Get:48 http://localhost/debian/ unstable/main libpthread-stubs0 amd64 0.3-3 [3228 B]
Get:49 http://localhost/debian/ unstable/main libpthread-stubs0-dev amd64 0.3-3 [3998 B]
Get:50 http://localhost/debian/ unstable/main libslang2-dev amd64 2.2.4-15 [595 kB]
Get:51 http://localhost/debian/ unstable/main libsm-dev amd64 2:1.2.1-2 [37.0 kB]
Get:52 http://localhost/debian/ unstable/main libxau-dev amd64 1:1.0.7-1 [21.7 kB]
Get:53 http://localhost/debian/ unstable/main libxdmcp-dev amd64 1:1.1.1-1 [42.3 kB]
Get:54 http://localhost/debian/ unstable/main x11proto-input-dev all 2.2-1 [172 kB]
Get:55 http://localhost/debian/ unstable/main x11proto-kb-dev all 1.0.6-2 [269 kB]
Get:56 http://localhost/debian/ unstable/main xtrans-dev all 1.2.7-1 [112 kB]
Get:57 http://localhost/debian/ unstable/main libxcb1-dev amd64 1.8.1-2 [88.1 kB]
Get:58 http://localhost/debian/ unstable/main libx11-dev amd64 2:1.5.0-1 [1037 kB]
Get:59 http://localhost/debian/ unstable/main libxt-dev amd64 1:1.1.3-1 [516 kB]
debconf: delaying package configuration, since apt-utils is not installed
Fetched 18.9 MB in 0s (22.3 MB/s)
Selecting previously unselected package libpipeline1:amd64.
(Reading database ... 14662 files and directories currently installed.)
Unpacking libpipeline1:amd64 (from .../libpipeline1_1.2.2-1_amd64.deb) ...
Selecting previously unselected package groff-base.
Unpacking groff-base (from .../groff-base_1.22.1-2_amd64.deb) ...
Selecting previously unselected package bsdmainutils.
Unpacking bsdmainutils (from .../bsdmainutils_9.0.4_amd64.deb) ...
Selecting previously unselected package man-db.
Unpacking man-db (from .../man-db_2.6.3-3_amd64.deb) ...
Selecting previously unselected package libasprintf0c2:amd64.
Unpacking libasprintf0c2:amd64 (from .../libasprintf0c2_0.18.1.1-10_amd64.deb) ...
Selecting previously unselected package libmagic1:amd64.
Unpacking libmagic1:amd64 (from .../libmagic1_5.11-2_amd64.deb) ...
Selecting previously unselected package libpcre3:amd64.
Unpacking libpcre3:amd64 (from .../libpcre3_1%3a8.31-2_amd64.deb) ...
Selecting previously unselected package libxml2:amd64.
Unpacking libxml2:amd64 (from .../libxml2_2.8.0+dfsg1-7_amd64.deb) ...
Selecting previously unselected package libglib2.0-0:amd64.
Unpacking libglib2.0-0:amd64 (from .../libglib2.0-0_2.33.12+really2.32.4-5_amd64.deb) ...
Selecting previously unselected package libcroco3:amd64.
Unpacking libcroco3:amd64 (from .../libcroco3_0.6.6-2_amd64.deb) ...
Selecting previously unselected package libunistring0:amd64.
Unpacking libunistring0:amd64 (from .../libunistring0_0.9.3-5_amd64.deb) ...
Selecting previously unselected package libgettextpo0:amd64.
Unpacking libgettextpo0:amd64 (from .../libgettextpo0_0.18.1.1-10_amd64.deb) ...
Selecting previously unselected package x11-common.
Unpacking x11-common (from .../x11-common_1%3a7.7+1_all.deb) ...
Selecting previously unselected package libice6:amd64.
Unpacking libice6:amd64 (from .../libice6_2%3a1.0.8-2_amd64.deb) ...
Selecting previously unselected package libpng12-0:amd64.
Unpacking libpng12-0:amd64 (from .../libpng12-0_1.2.49-3_amd64.deb) ...
Selecting previously unselected package libsm6:amd64.
Unpacking libsm6:amd64 (from .../libsm6_2%3a1.2.1-2_amd64.deb) ...
Selecting previously unselected package libxau6:amd64.
Unpacking libxau6:amd64 (from .../libxau6_1%3a1.0.7-1_amd64.deb) ...
Selecting previously unselected package libxdmcp6:amd64.
Unpacking libxdmcp6:amd64 (from .../libxdmcp6_1%3a1.1.1-1_amd64.deb) ...
Selecting previously unselected package libxcb1:amd64.
Unpacking libxcb1:amd64 (from .../libxcb1_1.8.1-2_amd64.deb) ...
Selecting previously unselected package libx11-data.
Unpacking libx11-data (from .../libx11-data_2%3a1.5.0-1_all.deb) ...
Selecting previously unselected package libx11-6:amd64.
Unpacking libx11-6:amd64 (from .../libx11-6_2%3a1.5.0-1_amd64.deb) ...
Selecting previously unselected package libxt6:amd64.
Unpacking libxt6:amd64 (from .../libxt6_1%3a1.1.3-1_amd64.deb) ...
Selecting previously unselected package file.
Unpacking file (from .../archives/file_5.11-2_amd64.deb) ...
Selecting previously unselected package gettext-base.
Unpacking gettext-base (from .../gettext-base_0.18.1.1-10_amd64.deb) ...
Selecting previously unselected package libsigsegv2.
Unpacking libsigsegv2 (from .../libsigsegv2_2.9-4_amd64.deb) ...
Selecting previously unselected package m4.
Unpacking m4 (from .../archives/m4_1.4.16-4_amd64.deb) ...
Selecting previously unselected package texinfo.
Unpacking texinfo (from .../texinfo_4.13a.dfsg.1-10_amd64.deb) ...
Selecting previously unselected package autoconf.
Unpacking autoconf (from .../autoconf_2.69-1_all.deb) ...
Selecting previously unselected package autotools-dev.
Unpacking autotools-dev (from .../autotools-dev_20120608.1_all.deb) ...
Selecting previously unselected package automake.
Unpacking automake (from .../automake_1%3a1.11.6-1_all.deb) ...
Selecting previously unselected package html2text.
Unpacking html2text (from .../html2text_1.3.2a-15_amd64.deb) ...
Selecting previously unselected package libasprintf-dev:amd64.
Unpacking libasprintf-dev:amd64 (from .../libasprintf-dev_0.18.1.1-10_amd64.deb) ...
Selecting previously unselected package libgettextpo-dev:amd64.
Unpacking libgettextpo-dev:amd64 (from .../libgettextpo-dev_0.18.1.1-10_amd64.deb) ...
Selecting previously unselected package gettext.
Unpacking gettext (from .../gettext_0.18.1.1-10_amd64.deb) ...
Selecting previously unselected package intltool-debian.
Unpacking intltool-debian (from .../intltool-debian_0.35.0+20060710.1_all.deb) ...
Selecting previously unselected package po-debconf.
Unpacking po-debconf (from .../po-debconf_1.0.16+nmu2_all.deb) ...
Selecting previously unselected package debhelper.
Unpacking debhelper (from .../debhelper_9.20120909_all.deb) ...
Selecting previously unselected package libtool.
Unpacking libtool (from .../libtool_2.4.2-1.2_amd64.deb) ...
Selecting previously unselected package dh-autoreconf.
Unpacking dh-autoreconf (from .../dh-autoreconf_7_all.deb) ...
Selecting previously unselected package libgpm-dev:amd64.
Unpacking libgpm-dev:amd64 (from .../libgpm-dev_1.20.4-6_amd64.deb) ...
Selecting previously unselected package xorg-sgml-doctools.
Unpacking xorg-sgml-doctools (from .../xorg-sgml-doctools_1%3a1.10-1_all.deb) ...
Selecting previously unselected package x11proto-core-dev.
Unpacking x11proto-core-dev (from .../x11proto-core-dev_7.0.23-1_all.deb) ...
Selecting previously unselected package libice-dev:amd64.
Unpacking libice-dev:amd64 (from .../libice-dev_2%3a1.0.8-2_amd64.deb) ...
Selecting previously unselected package libtinfo-dev:amd64.
Unpacking libtinfo-dev:amd64 (from .../libtinfo-dev_5.9-10_amd64.deb) ...
Selecting previously unselected package libncurses5-dev.
Unpacking libncurses5-dev (from .../libncurses5-dev_5.9-10_amd64.deb) ...
Selecting previously unselected package zlib1g-dev:amd64.
Unpacking zlib1g-dev:amd64 (from .../zlib1g-dev_1%3a1.2.7.dfsg-13_amd64.deb) ...
Selecting previously unselected package libpng12-dev.
Unpacking libpng12-dev (from .../libpng12-dev_1.2.49-3_amd64.deb) ...
Selecting previously unselected package libpthread-stubs0:amd64.
Unpacking libpthread-stubs0:amd64 (from .../libpthread-stubs0_0.3-3_amd64.deb) ...
Selecting previously unselected package libpthread-stubs0-dev:amd64.
Unpacking libpthread-stubs0-dev:amd64 (from .../libpthread-stubs0-dev_0.3-3_amd64.deb) ...
Selecting previously unselected package libslang2-dev:amd64.
Unpacking libslang2-dev:amd64 (from .../libslang2-dev_2.2.4-15_amd64.deb) ...
Selecting previously unselected package libsm-dev:amd64.
Unpacking libsm-dev:amd64 (from .../libsm-dev_2%3a1.2.1-2_amd64.deb) ...
Selecting previously unselected package libxau-dev:amd64.
Unpacking libxau-dev:amd64 (from .../libxau-dev_1%3a1.0.7-1_amd64.deb) ...
Selecting previously unselected package libxdmcp-dev:amd64.
Unpacking libxdmcp-dev:amd64 (from .../libxdmcp-dev_1%3a1.1.1-1_amd64.deb) ...
Selecting previously unselected package x11proto-input-dev.
Unpacking x11proto-input-dev (from .../x11proto-input-dev_2.2-1_all.deb) ...
Selecting previously unselected package x11proto-kb-dev.
Unpacking x11proto-kb-dev (from .../x11proto-kb-dev_1.0.6-2_all.deb) ...
Selecting previously unselected package xtrans-dev.
Unpacking xtrans-dev (from .../xtrans-dev_1.2.7-1_all.deb) ...
Selecting previously unselected package libxcb1-dev:amd64.
Unpacking libxcb1-dev:amd64 (from .../libxcb1-dev_1.8.1-2_amd64.deb) ...
Selecting previously unselected package libx11-dev:amd64.
Unpacking libx11-dev:amd64 (from .../libx11-dev_2%3a1.5.0-1_amd64.deb) ...
Selecting previously unselected package libxt-dev:amd64.
Unpacking libxt-dev:amd64 (from .../libxt-dev_1%3a1.1.3-1_amd64.deb) ...
Selecting previously unselected package sbuild-build-depends-aalib-dummy.
Unpacking sbuild-build-depends-aalib-dummy (from .../sbuild-build-depends-aalib-dummy.deb) ...
Processing triggers for mime-support ...
Setting up libpipeline1:amd64 (1.2.2-1) ...
Setting up groff-base (1.22.1-2) ...
Setting up bsdmainutils (9.0.4) ...
update-alternatives: using /usr/bin/bsd-write to provide /usr/bin/write (write) in auto mode
update-alternatives: using /usr/bin/bsd-from to provide /usr/bin/from (from) in auto mode
Setting up man-db (2.6.3-3) ...
Building database of manual pages ...
Setting up libasprintf0c2:amd64 (0.18.1.1-10) ...
Setting up libmagic1:amd64 (5.11-2) ...
Setting up libpcre3:amd64 (1:8.31-2) ...
Setting up libxml2:amd64 (2.8.0+dfsg1-7) ...
Setting up libglib2.0-0:amd64 (2.33.12+really2.32.4-5) ...
No schema files found: doing nothing.
Setting up libcroco3:amd64 (0.6.6-2) ...
Setting up libunistring0:amd64 (0.9.3-5) ...
Setting up libgettextpo0:amd64 (0.18.1.1-10) ...
Setting up x11-common (1:7.7+1) ...
All runlevel operations denied by policy
invoke-rc.d: policy-rc.d denied execution of start.
Setting up libice6:amd64 (2:1.0.8-2) ...
Setting up libpng12-0:amd64 (1.2.49-3) ...
Setting up libsm6:amd64 (2:1.2.1-2) ...
Setting up libxau6:amd64 (1:1.0.7-1) ...
Setting up libxdmcp6:amd64 (1:1.1.1-1) ...
Setting up libxcb1:amd64 (1.8.1-2) ...
Setting up libx11-data (2:1.5.0-1) ...
Setting up libx11-6:amd64 (2:1.5.0-1) ...
Setting up libxt6:amd64 (1:1.1.3-1) ...
Setting up file (5.11-2) ...
Setting up gettext-base (0.18.1.1-10) ...
Setting up libsigsegv2 (2.9-4) ...
Setting up m4 (1.4.16-4) ...
Setting up texinfo (4.13a.dfsg.1-10) ...
Setting up autoconf (2.69-1) ...
Setting up autotools-dev (20120608.1) ...
Setting up automake (1:1.11.6-1) ...
update-alternatives: using /usr/bin/automake-1.11 to provide /usr/bin/automake (automake) in auto mode
Setting up html2text (1.3.2a-15) ...
Setting up libasprintf-dev:amd64 (0.18.1.1-10) ...
Setting up libgettextpo-dev:amd64 (0.18.1.1-10) ...
Setting up gettext (0.18.1.1-10) ...
Setting up intltool-debian (0.35.0+20060710.1) ...
Setting up po-debconf (1.0.16+nmu2) ...
Setting up debhelper (9.20120909) ...
Setting up libtool (2.4.2-1.2) ...
Setting up dh-autoreconf (7) ...
Setting up libgpm-dev:amd64 (1.20.4-6) ...
Setting up xorg-sgml-doctools (1:1.10-1) ...
Setting up x11proto-core-dev (7.0.23-1) ...
Setting up libice-dev:amd64 (2:1.0.8-2) ...
Setting up libtinfo-dev:amd64 (5.9-10) ...
Setting up libncurses5-dev (5.9-10) ...
Setting up zlib1g-dev:amd64 (1:1.2.7.dfsg-13) ...
Setting up libpng12-dev (1.2.49-3) ...
Setting up libpthread-stubs0:amd64 (0.3-3) ...
Setting up libpthread-stubs0-dev:amd64 (0.3-3) ...
Setting up libslang2-dev:amd64 (2.2.4-15) ...
Setting up libsm-dev:amd64 (2:1.2.1-2) ...
Setting up libxau-dev:amd64 (1:1.0.7-1) ...
Setting up libxdmcp-dev:amd64 (1:1.1.1-1) ...
Setting up x11proto-input-dev (2.2-1) ...
Setting up x11proto-kb-dev (1.0.6-2) ...
Setting up xtrans-dev (1.2.7-1) ...
Setting up libxcb1-dev:amd64 (1.8.1-2) ...
Setting up libx11-dev:amd64 (2:1.5.0-1) ...
Setting up libxt-dev:amd64 (1:1.1.3-1) ...
Setting up sbuild-build-depends-aalib-dummy (0.invalid.0) ...

┌──────────────────────────────────────────────────────────────────────────────┐
│ Build environment                                                            │
└──────────────────────────────────────────────────────────────────────────────┘

Kernel: Linux 2.6.32-5-xen-amd64 amd64 (x86_64)
Toolchain package versions: binutils_2.22-7.1 dpkg-dev_1.16.9 g++-4.6_4.6.3-15 g++-4.7_4.7.2-5 gcc-4.6_4.6.3-15 gcc-4.7_4.7.2-5 libc6-dev_2.13-38 libstdc++6_4.7.2-5 libstdc++6-4.6-dev_4.6.3-15 libstdc++6-4.7-dev_4.7.2-5 linux-libc-dev_3.2.35-2
Package versions: apt_0.9.7.7 autoconf_2.69-1 automake_1:1.11.6-1 autotools-dev_20120608.1 base-files_7.1 base-passwd_3.5.26 bash_4.2+dfsg-0.1 binutils_2.22-7.1 bsdmainutils_9.0.4 bsdutils_1:2.20.1-5.3 build-essential_11.6 bzip2_1.0.6-4 clang_3.2-2 clang-3.2_3.2-2 compiler-rt_3.2-2 coreutils_8.20-3 cpp_4:4.7.2-1 cpp-4.6_4.6.3-15 cpp-4.7_4.7.2-5 dash_0.5.7-3 debconf_1.5.49 debconf-i18n_1.5.49 debfoster_2.7-1.2 debhelper_9.20120909 debian-archive-keyring_2012.4 debianutils_4.3.4 dh-autoreconf_7 diffutils_1:3.2-7 dpkg_1.16.9 dpkg-dev_1.16.9 e2fslibs_1.42.5-1 e2fsprogs_1.42.5-1 fakeroot_1.18.4-2 file_5.11-2 findutils_4.4.2-5 g++_4:4.7.2-1 g++-4.6_4.6.3-15 g++-4.7_4.7.2-5 gcc_4:4.7.2-1 gcc-4.4-base_4.4.7-3 gcc-4.5-base_4.5.4-1 gcc-4.6_4.6.3-15 gcc-4.6-base_4.6.3-15 gcc-4.7_4.7.2-5 gcc-4.7-base_4.7.2-5 gettext_0.18.1.1-10 gettext-base_0.18.1.1-10 gnupg_1.4.12-7 gpgv_1.4.12-7 grep_2.14-1 groff-base_1.22.1-2 gzip_1.5-1.1 hostname_3.12 html2text_1.3.2a-15 initscripts_2.88dsf-39 insserv_1.14.0-5 intltool-debian_0.35.0+20060710.1 libacl1_2.2.51-8 libapt-pkg4.12_0.9.7.7 libasprintf-dev_0.18.1.1-10 libasprintf0c2_0.18.1.1-10 libattr1_1:2.4.46-8 libblkid1_2.20.1-5.3 libbz2-1.0_1.0.6-4 libc-bin_2.13-38 libc-dev-bin_2.13-38 libc6_2.13-38 libc6-dev_2.13-38 libclang-common-dev_3.2-2 libclass-isa-perl_0.36-5 libcomerr2_1.42.5-1 libcroco3_0.6.6-2 libdb5.1_5.1.29-5 libdpkg-perl_1.16.9 libexpat1_2.1.0-1 libffi5_3.0.10-3 libfile-fcntllock-perl_0.14-2 libgc1c2_1:7.1-9.1 libgcc1_1:4.7.2-5 libgdbm3_1.8.3-11 libgettextpo-dev_0.18.1.1-10 libgettextpo0_0.18.1.1-10 libglib2.0-0_2.33.12+really2.32.4-5 libgmp10_2:5.0.5+dfsg-2 libgomp1_4.7.2-5 libgpm-dev_1.20.4-6 libgpm2_1.20.4-6 libice-dev_2:1.0.8-2 libice6_2:1.0.8-2 libitm1_4.7.2-5 libllvm3.2_3.2-2 liblocale-gettext-perl_1.05-7+b1 liblzma5_5.1.1alpha+20120614-2 libmagic1_5.11-2 libmount1_2.20.1-5.3 libmpc2_0.9-4 libmpfr4_3.1.0-5 libncurses5_5.9-10 libncurses5-dev_5.9-10 libncursesw5_5.9-10 libpam-modules_1.1.3-7.1 libpam-modules-bin_1.1.3-7.1 libpam-runtime_1.1.3-7.1 libpam0g_1.1.3-7.1 libpcre3_1:8.31-2 libpipeline1_1.2.2-1 libpng12-0_1.2.49-3 libpng12-dev_1.2.49-3 libpthread-stubs0_0.3-3 libpthread-stubs0-dev_0.3-3 libquadmath0_4.7.2-5 libreadline6_6.2+dfsg-0.1 libselinux1_2.1.9-5 libsemanage-common_2.1.6-6 libsemanage1_2.1.6-6 libsepol1_2.1.4-3 libsigsegv2_2.9-4 libslang2_2.2.4-15 libslang2-dev_2.2.4-15 libsm-dev_2:1.2.1-2 libsm6_2:1.2.1-2 libsqlite3-0_3.7.15.2-1 libss2_1.42.5-1 libssl1.0.0_1.0.1c-4 libstdc++6_4.7.2-5 libstdc++6-4.6-dev_4.6.3-15 libstdc++6-4.7-dev_4.7.2-5 libswitch-perl_2.16-2 libtext-charwidth-perl_0.04-7+b1 libtext-iconv-perl_1.7-5 libtext-wrapi18n-perl_0.06-7 libtimedate-perl_1.2000-1 libtinfo-dev_5.9-10 libtinfo5_5.9-10 libtool_2.4.2-1.2 libunistring0_0.9.3-5 libusb-0.1-4_2:0.1.12-23+nmu1 libustr-1.0-1_1.0.4-3 libuuid1_2.20.1-5.3 libx11-6_2:1.5.0-1 libx11-data_2:1.5.0-1 libx11-dev_2:1.5.0-1 libxau-dev_1:1.0.7-1 libxau6_1:1.0.7-1 libxcb1_1.8.1-2 libxcb1-dev_1.8.1-2 libxdmcp-dev_1:1.1.1-1 libxdmcp6_1:1.1.1-1 libxml2_2.8.0+dfsg1-7 libxt-dev_1:1.1.3-1 libxt6_1:1.1.3-1 linux-libc-dev_3.2.35-2 login_1:4.1.5.1-1 lsb-base_4.1+Debian9 m4_1.4.16-4 make_3.81-8.2 man-db_2.6.3-3 mawk_1.3.3-17 mime-support_3.52-2 mount_2.20.1-5.3 multiarch-support_2.13-38 ncurses-base_5.9-10 ncurses-bin_5.9-10 passwd_1:4.1.5.1-1 patch_2.6.1-3 perl_5.14.2-17 perl-base_5.14.2-17 perl-modules_5.14.2-17 po-debconf_1.0.16+nmu2 python_2.7.3-3 python-minimal_2.7.3-3 python2.7_2.7.3-6 python2.7-minimal_2.7.3-6 readline-common_6.2+dfsg-0.1 sbuild-build-depends-aalib-dummy_0.invalid.0 sbuild-build-depends-core-dummy_0.invalid.0 sed_4.2.1-10 sensible-utils_0.0.7 sudo_1.8.5p2-1 sysv-rc_2.88dsf-39 sysvinit_2.88dsf-39 sysvinit-utils_2.88dsf-39 tar_1.26+dfsg-0.1 texinfo_4.13a.dfsg.1-10 tzdata_2012j-1 ucf_3.0025+nmu3 util-linux_2.20.1-5.3 vim_2:7.3.547-6 vim-common_2:7.3.547-6 vim-runtime_2:7.3.547-6 x11-common_1:7.7+1 x11proto-core-dev_7.0.23-1 x11proto-input-dev_2.2-1 x11proto-kb-dev_1.0.6-2 xorg-sgml-doctools_1:1.10-1 xtrans-dev_1.2.7-1 xz-utils_5.1.1alpha+20120614-2 zlib1g_1:1.2.7.dfsg-13 zlib1g-dev_1:1.2.7.dfsg-13

┌──────────────────────────────────────────────────────────────────────────────┐
│ Build                                                                        │
└──────────────────────────────────────────────────────────────────────────────┘


Unpack source
─────────────

gpgv: keyblock resource `/sbuild-nonexistent/.gnupg/trustedkeys.gpg': file open error
gpgv: Signature made Sat Jun 30 11:50:16 2012 UTC using RSA key ID C433F68F
gpgv: Can't check signature: public key not found
dpkg-source: warning: failed to verify signature on ./aalib_1.4p5-40.dsc
dpkg-source: info: extracting aalib in aalib-1.4p5
dpkg-source: info: unpacking aalib_1.4p5.orig.tar.gz
dpkg-source: info: unpacking aalib_1.4p5-40.debian.tar.gz
dpkg-source: info: applying 0001-Make-Gimp-produce-better-man-page-output.patch
dpkg-source: info: applying 0002-Typo-fix-KEY_MOUDE-KEY_MOUSE.patch
dpkg-source: info: applying 0003-Manual-page-for-aalib-config-and-aafire-1-updates.patch
dpkg-source: info: applying 0004-Fix-linux_init.patch
dpkg-source: info: applying 0005-Fix-the-info-file-s-direntry.patch
dpkg-source: info: applying 0006-Fixes-manpage-has-errors-from-man-l-not-defined.patch
dpkg-source: info: applying 0007-Better-Dim-support.patch
dpkg-source: info: applying 0008-Symbol-versioning.patch
dpkg-source: info: applying 0009-Various-build-system-changes.patch
dpkg-source: info: applying 0010-Gpm_GetEvent-fix.patch

Check disc space
────────────────

Sufficient free space for build

User Environment
────────────────

HOME=/sbuild-nonexistent
LOGNAME=user
PATH=/usr/local/sbin:/usr/local/bin:/usr/sbin:/usr/bin:/sbin:/bin:/usr/games
SCHROOT_CHROOT_NAME=unstable-amd64-sbuild
SCHROOT_COMMAND=env
SCHROOT_GID=1000
SCHROOT_GROUP=user
SCHROOT_SESSION_ID=unstable-amd64-sbuild-66ec45d2-4186-4576-9a86-34f6099e42aa
SCHROOT_UID=1000
SCHROOT_USER=user
SHELL=/bin/sh
USER=user

dpkg-buildpackage
─────────────────

dpkg-buildpackage: source package aalib
dpkg-buildpackage: source version 1.4p5-40
dpkg-buildpackage: source changed by Gergely Nagy <algernon@madhouse-project.org>
 dpkg-source --before-build aalib-1.4p5
dpkg-buildpackage: host architecture amd64
 fakeroot debian/rules clean
dh clean --with autoreconf
   dh_testdir
   dh_auto_clean
   dh_autoreconf_clean
   dh_clean
 debian/rules build-arch
dh build-arch --with autoreconf
   dh_testdir -a
   dh_autoreconf -a
configure.in:135: warning: underquoted definition of AC_USE_SUNOS_CURSES
configure.in:135:   run info '(automake)Extending aclocal'
configure.in:135:   or see http://www.gnu.org/software/automake/manual/automake.html#Extending-aclocal
libtoolize: putting auxiliary files in `.'.
libtoolize: copying file `./ltmain.sh'
libtoolize: Consider adding `AC_CONFIG_MACRO_DIR([m4])' to configure.in and
libtoolize: rerunning libtoolize, to keep the correct libtool macros in-tree.
libtoolize: Consider adding `-I m4' to ACLOCAL_AMFLAGS in Makefile.am.
configure.in:135: warning: underquoted definition of AC_USE_SUNOS_CURSES
configure.in:135:   run info '(automake)Extending aclocal'
configure.in:135:   or see http://www.gnu.org/software/automake/manual/automake.html#Extending-aclocal
autoheader: WARNING: Using auxiliary files such as `acconfig.h', `config.h.bot'
autoheader: WARNING: and `config.h.top', to define templates for `config.h.in'
autoheader: WARNING: is deprecated and discouraged.
autoheader: 
autoheader: WARNING: Using the third argument of `AC_DEFINE' and
autoheader: WARNING: `AC_DEFINE_UNQUOTED' allows one to define a template without
autoheader: WARNING: `acconfig.h':
autoheader: 
autoheader: WARNING:   AC_DEFINE([NEED_FUNC_MAIN], 1,
autoheader: 		[Define if a function `main' is needed.])
autoheader: 
autoheader: WARNING: More sophisticated templates can also be produced, see the
autoheader: WARNING: documentation.
configure.in:2: installing `./config.guess'
configure.in:2: installing `./config.sub'
src/Makefile.am: installing `./depcomp'
   debian/rules override_dh_auto_configure
make[1]: Entering directory `/«PKGBUILDDIR»'
dh_auto_configure -- --with-curses-driver
configure: WARNING: unrecognized options: --disable-maintainer-mode
checking build system type... x86_64-pc-linux-gnu
checking host system type... x86_64-pc-linux-gnu
checking target system type... x86_64-pc-linux-gnu
checking for a BSD-compatible install... /usr/bin/install -c
checking whether build environment is sane... yes
checking for a thread-safe mkdir -p... /bin/mkdir -p
checking for gawk... no
checking for mawk... mawk
checking whether make sets $(MAKE)... yes
checking for gcc... gcc
checking whether the C compiler works... yes
checking for C compiler default output file name... a.out
checking for suffix of executables... 
checking whether we are cross compiling... no
checking for suffix of object files... o
checking whether we are using the GNU C compiler... yes
checking whether gcc accepts -g... yes
checking for gcc option to accept ISO C89... none needed
checking for style of include used by make... GNU
checking dependency style of gcc... none
checking how to print strings... printf
checking for a sed that does not truncate output... /bin/sed
checking for grep that handles long lines and -e... /bin/grep
checking for egrep... /bin/grep -E
checking for fgrep... /bin/grep -F
checking for ld used by gcc... /usr/bin/ld
checking if the linker (/usr/bin/ld) is GNU ld... yes
checking for BSD- or MS-compatible name lister (nm)... /usr/bin/nm -B
checking the name lister (/usr/bin/nm -B) interface... BSD nm
checking whether ln -s works... yes
checking the maximum length of command line arguments... 3458764513820540925
checking whether the shell understands some XSI constructs... yes
checking whether the shell understands "+="... yes
checking how to convert x86_64-pc-linux-gnu file names to x86_64-pc-linux-gnu format... func_convert_file_noop
checking how to convert x86_64-pc-linux-gnu file names to toolchain format... func_convert_file_noop
checking for /usr/bin/ld option to reload object files... -r
checking for objdump... objdump
checking how to recognize dependent libraries... pass_all
checking for dlltool... no
checking how to associate runtime and link libraries... printf %s\n
checking for ar... ar
checking for archiver @FILE support... @
checking for strip... strip
checking for ranlib... ranlib
checking command to parse /usr/bin/nm -B output from gcc object... ok
checking for sysroot... no
checking for mt... no
checking if : is a manifest tool... no
checking how to run the C preprocessor... gcc -E
checking for ANSI C header files... yes
checking for sys/types.h... yes
checking for sys/stat.h... yes
checking for stdlib.h... yes
checking for string.h... yes
checking for memory.h... yes
checking for strings.h... yes
checking for inttypes.h... yes
checking for stdint.h... yes
checking for unistd.h... yes
checking for dlfcn.h... yes
checking for objdir... .libs
checking if gcc supports -fno-rtti -fno-exceptions... yes
checking for gcc option to produce PIC... -fPIC -DPIC
checking if gcc PIC flag -fPIC -DPIC works... yes
checking if gcc static flag -static works... yes
checking if gcc supports -c -o file.o... yes
checking if gcc supports -c -o file.o... (cached) yes
checking whether the gcc linker (/usr/bin/ld -m elf_x86_64) supports shared libraries... yes
checking whether -lc should be explicitly linked in... no
checking dynamic linker characteristics... GNU/Linux ld.so
checking how to hardcode library paths into programs... immediate
checking whether stripping libraries is possible... yes
checking if libtool supports shared libraries... yes
checking whether to build shared libraries... yes
checking whether to build static libraries... yes
checking whether make sets $(MAKE)... (cached) yes
checking for uname... Linux
checking for uname... x86_64
checking for ANSI C header files... (cached) yes
checking for pow in -lm... yes
checking for X... libraries , headers 
checking for gethostbyname... yes
checking for connect... yes
checking for remove... yes
checking for shmat... yes
checking for IceConnectionNumber in -lICE... yes
checking for Gpm_Repeat in -lgpm... yes
checking for SLsmg_init_smg in -lslang... yes
Found slang on /usr/include/slang.h
configure: checking "location of curses"...
checking for initscr in -lncurses... yes
Found ncurses on /usr/include/ncurses.h
checking for mousemask... yes
checking for termattrs... yes
checking for wredrawln... yes
checking for redrawwin... yes
checking for curs_set... yes
checking for ANSI C header files... (cached) yes
checking fcntl.h usability... yes
checking fcntl.h presence... yes
checking for fcntl.h... yes
checking limits.h usability... yes
checking limits.h presence... yes
checking for limits.h... yes
checking malloc.h usability... yes
checking malloc.h presence... yes
checking for malloc.h... yes
checking sys/ioctl.h usability... yes
checking sys/ioctl.h presence... yes
checking for sys/ioctl.h... yes
checking sys/time.h usability... yes
checking sys/time.h presence... yes
checking for sys/time.h... yes
checking for unistd.h... (cached) yes
checking for struct stat.st_rdev... yes
checking whether time.h and sys/time.h may both be included... yes
checking whether gcc needs -traditional... no
checking return type of signal handlers... void
checking for strdup... yes
-----------------------------------------------------
CFLAGS  -g -O2 -fstack-protector --param=ssp-buffer-size=4 -Wformat -Werror=format-security  -I/usr/include  -I/usr/include/ncurses 
LDFLAGS -lncurses -lslang -lm    -lX11 -lgpm    
AA-LIBD -laa -lm   -lX11  -lslang  -lncurses
CC      gcc
-----------------------------------------------------
Display drivers:
 slang
 curses
 Linux console
 x11
Keyboard drivers:
 Linux console
 slang
 curses
 X11
Mouse drivers:
 curses
 gpm
 X11
-----------------------------------------------------
configure: creating ./config.status
config.status: creating Makefile
config.status: creating man/Makefile
config.status: creating doc/Makefile
config.status: creating src/Makefile
config.status: creating aalib-config
config.status: creating src/config.h
config.status: executing depfiles commands
config.status: executing libtool commands
config.status: executing default commands
configure: WARNING: unrecognized options: --disable-maintainer-mode
make[1]: Leaving directory `/«PKGBUILDDIR»'
   debian/rules override_dh_auto_build
make[1]: Entering directory `/«PKGBUILDDIR»'
/usr/bin/make
make[2]: Entering directory `/«PKGBUILDDIR»'
Making all in src
make[3]: Entering directory `/«PKGBUILDDIR»/src'
/usr/bin/make  all-am
make[4]: Entering directory `/«PKGBUILDDIR»/src'
/bin/bash ../libtool --tag=CC   --mode=compile gcc -DHAVE_CONFIG_H -I.   -D_FORTIFY_SOURCE=2  -g -O2 -fstack-protector --param=ssp-buffer-size=4 -Wformat -Werror=format-security  -I/usr/include  -I/usr/include/ncurses  -c -o aafont.lo aafont.c
libtool: compile:  gcc -DHAVE_CONFIG_H -I. -D_FORTIFY_SOURCE=2 -g -O2 -fstack-protector --param=ssp-buffer-size=4 -Wformat -Werror=format-security -I/usr/include -I/usr/include/ncurses -c aafont.c  -fPIC -DPIC -o .libs/aafont.o
libtool: compile:  gcc -DHAVE_CONFIG_H -I. -D_FORTIFY_SOURCE=2 -g -O2 -fstack-protector --param=ssp-buffer-size=4 -Wformat -Werror=format-security -I/usr/include -I/usr/include/ncurses -c aafont.c -o aafont.o >/dev/null 2>&1
/bin/bash ../libtool --tag=CC   --mode=compile gcc -DHAVE_CONFIG_H -I.   -D_FORTIFY_SOURCE=2  -g -O2 -fstack-protector --param=ssp-buffer-size=4 -Wformat -Werror=format-security  -I/usr/include  -I/usr/include/ncurses  -c -o aafonts.lo aafonts.c
libtool: compile:  gcc -DHAVE_CONFIG_H -I. -D_FORTIFY_SOURCE=2 -g -O2 -fstack-protector --param=ssp-buffer-size=4 -Wformat -Werror=format-security -I/usr/include -I/usr/include/ncurses -c aafonts.c  -fPIC -DPIC -o .libs/aafonts.o
libtool: compile:  gcc -DHAVE_CONFIG_H -I. -D_FORTIFY_SOURCE=2 -g -O2 -fstack-protector --param=ssp-buffer-size=4 -Wformat -Werror=format-security -I/usr/include -I/usr/include/ncurses -c aafonts.c -o aafonts.o >/dev/null 2>&1
/bin/bash ../libtool --tag=CC   --mode=compile gcc -DHAVE_CONFIG_H -I.   -D_FORTIFY_SOURCE=2  -g -O2 -fstack-protector --param=ssp-buffer-size=4 -Wformat -Werror=format-security  -I/usr/include  -I/usr/include/ncurses  -c -o aavyhen.lo aavyhen.c
libtool: compile:  gcc -DHAVE_CONFIG_H -I. -D_FORTIFY_SOURCE=2 -g -O2 -fstack-protector --param=ssp-buffer-size=4 -Wformat -Werror=format-security -I/usr/include -I/usr/include/ncurses -c aavyhen.c  -fPIC -DPIC -o .libs/aavyhen.o
libtool: compile:  gcc -DHAVE_CONFIG_H -I. -D_FORTIFY_SOURCE=2 -g -O2 -fstack-protector --param=ssp-buffer-size=4 -Wformat -Werror=format-security -I/usr/include -I/usr/include/ncurses -c aavyhen.c -o aavyhen.o >/dev/null 2>&1
/bin/bash ../libtool --tag=CC   --mode=compile gcc -DHAVE_CONFIG_H -I.   -D_FORTIFY_SOURCE=2  -g -O2 -fstack-protector --param=ssp-buffer-size=4 -Wformat -Werror=format-security  -I/usr/include  -I/usr/include/ncurses  -c -o aamktabl.lo aamktabl.c
libtool: compile:  gcc -DHAVE_CONFIG_H -I. -D_FORTIFY_SOURCE=2 -g -O2 -fstack-protector --param=ssp-buffer-size=4 -Wformat -Werror=format-security -I/usr/include -I/usr/include/ncurses -c aamktabl.c  -fPIC -DPIC -o .libs/aamktabl.o
libtool: compile:  gcc -DHAVE_CONFIG_H -I. -D_FORTIFY_SOURCE=2 -g -O2 -fstack-protector --param=ssp-buffer-size=4 -Wformat -Werror=format-security -I/usr/include -I/usr/include/ncurses -c aamktabl.c -o aamktabl.o >/dev/null 2>&1
/bin/bash ../libtool --tag=CC   --mode=compile gcc -DHAVE_CONFIG_H -I.   -D_FORTIFY_SOURCE=2  -g -O2 -fstack-protector --param=ssp-buffer-size=4 -Wformat -Werror=format-security  -I/usr/include  -I/usr/include/ncurses  -c -o aamem.lo aamem.c
libtool: compile:  gcc -DHAVE_CONFIG_H -I. -D_FORTIFY_SOURCE=2 -g -O2 -fstack-protector --param=ssp-buffer-size=4 -Wformat -Werror=format-security -I/usr/include -I/usr/include/ncurses -c aamem.c  -fPIC -DPIC -o .libs/aamem.o
libtool: compile:  gcc -DHAVE_CONFIG_H -I. -D_FORTIFY_SOURCE=2 -g -O2 -fstack-protector --param=ssp-buffer-size=4 -Wformat -Werror=format-security -I/usr/include -I/usr/include/ncurses -c aamem.c -o aamem.o >/dev/null 2>&1
/bin/bash ../libtool --tag=CC   --mode=compile gcc -DHAVE_CONFIG_H -I.   -D_FORTIFY_SOURCE=2  -g -O2 -fstack-protector --param=ssp-buffer-size=4 -Wformat -Werror=format-security  -I/usr/include  -I/usr/include/ncurses  -c -o aaprintf.lo aaprintf.c
libtool: compile:  gcc -DHAVE_CONFIG_H -I. -D_FORTIFY_SOURCE=2 -g -O2 -fstack-protector --param=ssp-buffer-size=4 -Wformat -Werror=format-security -I/usr/include -I/usr/include/ncurses -c aaprintf.c  -fPIC -DPIC -o .libs/aaprintf.o
libtool: compile:  gcc -DHAVE_CONFIG_H -I. -D_FORTIFY_SOURCE=2 -g -O2 -fstack-protector --param=ssp-buffer-size=4 -Wformat -Werror=format-security -I/usr/include -I/usr/include/ncurses -c aaprintf.c -o aaprintf.o >/dev/null 2>&1
/bin/bash ../libtool --tag=CC   --mode=compile gcc -DHAVE_CONFIG_H -I.   -D_FORTIFY_SOURCE=2  -g -O2 -fstack-protector --param=ssp-buffer-size=4 -Wformat -Werror=format-security  -I/usr/include  -I/usr/include/ncurses  -c -o aahelp.lo aahelp.c
libtool: compile:  gcc -DHAVE_CONFIG_H -I. -D_FORTIFY_SOURCE=2 -g -O2 -fstack-protector --param=ssp-buffer-size=4 -Wformat -Werror=format-security -I/usr/include -I/usr/include/ncurses -c aahelp.c  -fPIC -DPIC -o .libs/aahelp.o
libtool: compile:  gcc -DHAVE_CONFIG_H -I. -D_FORTIFY_SOURCE=2 -g -O2 -fstack-protector --param=ssp-buffer-size=4 -Wformat -Werror=format-security -I/usr/include -I/usr/include/ncurses -c aahelp.c -o aahelp.o >/dev/null 2>&1
/bin/bash ../libtool --tag=CC   --mode=compile gcc -DHAVE_CONFIG_H -I.   -D_FORTIFY_SOURCE=2  -g -O2 -fstack-protector --param=ssp-buffer-size=4 -Wformat -Werror=format-security  -I/usr/include  -I/usr/include/ncurses  -c -o aaslnkbd.lo aaslnkbd.c
libtool: compile:  gcc -DHAVE_CONFIG_H -I. -D_FORTIFY_SOURCE=2 -g -O2 -fstack-protector --param=ssp-buffer-size=4 -Wformat -Werror=format-security -I/usr/include -I/usr/include/ncurses -c aaslnkbd.c  -fPIC -DPIC -o .libs/aaslnkbd.o
libtool: compile:  gcc -DHAVE_CONFIG_H -I. -D_FORTIFY_SOURCE=2 -g -O2 -fstack-protector --param=ssp-buffer-size=4 -Wformat -Werror=format-security -I/usr/include -I/usr/include/ncurses -c aaslnkbd.c -o aaslnkbd.o >/dev/null 2>&1
/bin/bash ../libtool --tag=CC   --mode=compile gcc -DHAVE_CONFIG_H -I.   -D_FORTIFY_SOURCE=2  -g -O2 -fstack-protector --param=ssp-buffer-size=4 -Wformat -Werror=format-security  -I/usr/include  -I/usr/include/ncurses  -c -o aaslang.lo aaslang.c
libtool: compile:  gcc -DHAVE_CONFIG_H -I. -D_FORTIFY_SOURCE=2 -g -O2 -fstack-protector --param=ssp-buffer-size=4 -Wformat -Werror=format-security -I/usr/include -I/usr/include/ncurses -c aaslang.c  -fPIC -DPIC -o .libs/aaslang.o
aaslang.c:83:24: warning: passing 'const char *' to parameter of type 'char *' discards qualifiers [-Wincompatible-pointer-types]
    SLsmg_write_string(text);
                       ^~~~
/usr/include/slang.h:1757:57: note: passing argument to parameter here
SL_EXTERN void SLsmg_write_string (SLFUTURE_CONST char *);
                                                        ^
1 warning generated.
libtool: compile:  gcc -DHAVE_CONFIG_H -I. -D_FORTIFY_SOURCE=2 -g -O2 -fstack-protector --param=ssp-buffer-size=4 -Wformat -Werror=format-security -I/usr/include -I/usr/include/ncurses -c aaslang.c -o aaslang.o >/dev/null 2>&1
/bin/bash ../libtool --tag=CC   --mode=compile gcc -DHAVE_CONFIG_H -I.   -D_FORTIFY_SOURCE=2  -g -O2 -fstack-protector --param=ssp-buffer-size=4 -Wformat -Werror=format-security  -I/usr/include  -I/usr/include/ncurses  -c -o aafastre.lo aafastre.c
libtool: compile:  gcc -DHAVE_CONFIG_H -I. -D_FORTIFY_SOURCE=2 -g -O2 -fstack-protector --param=ssp-buffer-size=4 -Wformat -Werror=format-security -I/usr/include -I/usr/include/ncurses -c aafastre.c  -fPIC -DPIC -o .libs/aafastre.o
libtool: compile:  gcc -DHAVE_CONFIG_H -I. -D_FORTIFY_SOURCE=2 -g -O2 -fstack-protector --param=ssp-buffer-size=4 -Wformat -Werror=format-security -I/usr/include -I/usr/include/ncurses -c aafastre.c -o aafastre.o >/dev/null 2>&1
/bin/bash ../libtool --tag=CC   --mode=compile gcc -DHAVE_CONFIG_H -I.   -D_FORTIFY_SOURCE=2  -g -O2 -fstack-protector --param=ssp-buffer-size=4 -Wformat -Werror=format-security  -I/usr/include  -I/usr/include/ncurses  -c -o aalinux.lo aalinux.c
libtool: compile:  gcc -DHAVE_CONFIG_H -I. -D_FORTIFY_SOURCE=2 -g -O2 -fstack-protector --param=ssp-buffer-size=4 -Wformat -Werror=format-security -I/usr/include -I/usr/include/ncurses -c aalinux.c  -fPIC -DPIC -o .libs/aalinux.o
aalinux.c:121:14: warning: assigning to 'const unsigned char *' from 'char *' converts between pointers to integer types with different sign [-Wpointer-sign]
          font.data = data;
                    ^ ~~~~
1 warning generated.
libtool: compile:  gcc -DHAVE_CONFIG_H -I. -D_FORTIFY_SOURCE=2 -g -O2 -fstack-protector --param=ssp-buffer-size=4 -Wformat -Werror=format-security -I/usr/include -I/usr/include/ncurses -c aalinux.c -o aalinux.o >/dev/null 2>&1
/bin/bash ../libtool --tag=CC   --mode=compile gcc -DHAVE_CONFIG_H -I.   -D_FORTIFY_SOURCE=2  -g -O2 -fstack-protector --param=ssp-buffer-size=4 -Wformat -Werror=format-security  -I/usr/include  -I/usr/include/ncurses  -c -o aalinuxkbd.lo aalinuxkbd.c
libtool: compile:  gcc -DHAVE_CONFIG_H -I. -D_FORTIFY_SOURCE=2 -g -O2 -fstack-protector --param=ssp-buffer-size=4 -Wformat -Werror=format-security -I/usr/include -I/usr/include/ncurses -c aalinuxkbd.c  -fPIC -DPIC -o .libs/aalinuxkbd.o
aalinuxkbd.c:203:2: error: non-void function 'rawmode_init' should return a value [-Wreturn-type]
        return;
        ^
aalinuxkbd.c:386:5: warning: implicit declaration of function 'atexit' is invalid in C99 [-Wimplicit-function-declaration]
    atexit(rawmode_exit);
    ^
1 warning and 1 error generated.
make[4]: *** [aalinuxkbd.lo] Error 1
make[3]: *** [all] Error 2
make[4]: Leaving directory `/«PKGBUILDDIR»/src'
make[3]: Leaving directory `/«PKGBUILDDIR»/src'
make[2]: *** [all-recursive] Error 1
make[2]: Leaving directory `/«PKGBUILDDIR»'
make[1]: *** [override_dh_auto_build] Error 2
make[1]: Leaving directory `/«PKGBUILDDIR»'
make: *** [build-arch] Error 2
dpkg-buildpackage: error: debian/rules build-arch gave error exit status 2
────────────────────────────────────────────────────────────────────────────────
Build finished at 20130131-1903

Finished
────────

E: Build failure (dpkg-buildpackage died)

┌──────────────────────────────────────────────────────────────────────────────┐
│ Cleanup                                                                      │
└──────────────────────────────────────────────────────────────────────────────┘

Purging /«BUILDDIR»
Not cleaning session: cloned chroot in use

┌──────────────────────────────────────────────────────────────────────────────┐
│ Summary                                                                      │
└──────────────────────────────────────────────────────────────────────────────┘

Architecture: amd64
Build-Space: 5524
Build-Time: 22
Distribution: unstable
Fail-Stage: build
Install-Time: 9
Job: aalib_1.4p5-40
Package: aalib
Package-Time: 58
Source-Version: 1.4p5-40
Space: 5524
Status: attempted
Version: 1.4p5-40
────────────────────────────────────────────────────────────────────────────────
Finished at 20130131-1903
Build needed 00:00:58, 5524k disc space
DC-Status: Failed 58.078769s
