DC-Build-Header: clxclient 3.6.1-6 / Thu Jan 31 19:11:11 +0000 2013
DC-Task: logfile:/tmp/clxclient_3.6.1-6_unstable_clang.log version:3.6.1-6 modes:binary-only:clang chroot:unstable source:clxclient esttime:36 architecture:any
DC-Sbuild-call: su user -c 'sbuild -n --apt-update -d unstable -v  --chroot-setup-commands=/tmp/switch-to-clang clxclient_3.6.1-6'
Could not create '/sbuild-nonexistent/logs': No such file or directory
Could not create '/sbuild-nonexistent/logs': No such file or directory
sbuild (Debian sbuild) 0.62.5 (13 Jul 2011) on ip-10-28-52-156.ec2.internal

╔══════════════════════════════════════════════════════════════════════════════╗
║ clxclient 3.6.1-6 (amd64)                                  31 Jan 2013 19:11 ║
╚══════════════════════════════════════════════════════════════════════════════╝

Package: clxclient
Version: 3.6.1-6
Source Version: 3.6.1-6
Distribution: unstable
Architecture: amd64

I: NOTICE: Log filtering will replace 'build/clxclient-m_K5pw/clxclient-3.6.1' with '«PKGBUILDDIR»'
I: NOTICE: Log filtering will replace 'build/clxclient-m_K5pw' with '«BUILDDIR»'
I: NOTICE: Log filtering will replace 'var/lib/schroot/mount/unstable-amd64-sbuild-97c438f5-b4fa-4b26-b63b-766b341e75f4' with '«CHROOT»'

┌──────────────────────────────────────────────────────────────────────────────┐
│ Update chroot                                                                │
└──────────────────────────────────────────────────────────────────────────────┘

Ign http://localhost unstable InRelease
Get:1 http://localhost unstable Release.gpg [836 B]
Get:2 http://localhost unstable Release [227 kB]
Ign http://localhost unstable/main Sources/DiffIndex
Ign http://localhost unstable/main amd64 Packages/DiffIndex
Hit http://localhost unstable/main Translation-en/DiffIndex
Get:3 http://localhost unstable/main Sources [8236 kB]
Get:4 http://localhost unstable/main amd64 Packages [8279 kB]
Fetched 16.7 MB in 3s (5430 kB/s)
Reading package lists...
Reading package lists...
Building dependency tree...
Reading state information...
0 upgraded, 0 newly installed, 0 to remove and 0 not upgraded.

┌──────────────────────────────────────────────────────────────────────────────┐
│ Fetch source files                                                           │
└──────────────────────────────────────────────────────────────────────────────┘


Check APT
─────────

Checking available source versions...

Download source files with APT
──────────────────────────────

Reading package lists...
Building dependency tree...
Reading state information...
NOTICE: 'clxclient' packaging is maintained in the 'Git' version control system at:
git://git.debian.org/git/pkg-multimedia/clxclient.git
Need to get 42.2 kB of source archives.
Get:1 http://localhost/debian/ unstable/main clxclient 3.6.1-6 (dsc) [2174 B]
Get:2 http://localhost/debian/ unstable/main clxclient 3.6.1-6 (tar) [33.5 kB]
Get:3 http://localhost/debian/ unstable/main clxclient 3.6.1-6 (diff) [6532 B]
Fetched 42.2 kB in 0s (179 kB/s)
Download complete and in download only mode

Check arch
──────────


┌──────────────────────────────────────────────────────────────────────────────┐
│ Chroot Setup Commands                                                        │
└──────────────────────────────────────────────────────────────────────────────┘


/tmp/switch-to-clang
────────────────────

+ echo 'Entering customization script...'
Entering customization script...
+ echo 'Add an unstable version of clang as repository'
Add an unstable version of clang as repository
+ echo deb http://clang.ecranbleu.org/apt/debian unstable main
+ apt-get update
Ign http://localhost unstable InRelease
Hit http://localhost unstable Release.gpg
Hit http://localhost unstable Release
Ign http://localhost unstable/main Sources/DiffIndex
Ign http://localhost unstable/main amd64 Packages/DiffIndex
Ign http://clang.ecranbleu.org unstable InRelease
Hit http://localhost unstable/main Translation-en/DiffIndex
Ign http://clang.ecranbleu.org unstable Release.gpg
Get:1 http://clang.ecranbleu.org unstable Release [1616 B]
Hit http://localhost unstable/main Sources
Hit http://localhost unstable/main amd64 Packages
Get:2 http://clang.ecranbleu.org unstable/main amd64 Packages [2354 B]
Ign http://clang.ecranbleu.org unstable/main Translation-en
Fetched 3970 B in 2s (1874 B/s)
Reading package lists...
+ echo 'Install of clang'
Install of clang
+ apt-get update
Ign http://localhost unstable InRelease
Hit http://localhost unstable Release.gpg
Hit http://localhost unstable Release
Ign http://clang.ecranbleu.org unstable InRelease
Ign http://localhost unstable/main Sources/DiffIndex
Ign http://clang.ecranbleu.org unstable Release.gpg
Ign http://localhost unstable/main amd64 Packages/DiffIndex
Hit http://clang.ecranbleu.org unstable Release
Ign http://clang.ecranbleu.org unstable/main amd64 Packages/DiffIndex
Hit http://localhost unstable/main Translation-en/DiffIndex
Hit http://localhost unstable/main Sources
Hit http://localhost unstable/main amd64 Packages
Hit http://clang.ecranbleu.org unstable/main amd64 Packages
Ign http://clang.ecranbleu.org unstable/main Translation-en
Reading package lists...
+ apt-get install --yes --no-install-recommends --force-yes clang
Reading package lists...
Building dependency tree...
Reading state information...
The following extra packages will be installed:
  clang-3.2 compiler-rt libclang-common-dev libexpat1 libffi5 libllvm3.2
  libncursesw5 libsqlite3-0 libssl1.0.0 mime-support python python-minimal
  python2.7 python2.7-minimal
Suggested packages:
  python-doc python-tk python2.7-doc binfmt-support
Recommended packages:
  llvm-3.2-dev file
The following NEW packages will be installed:
  clang clang-3.2 compiler-rt libclang-common-dev libexpat1 libffi5 libllvm3.2
  libncursesw5 libsqlite3-0 libssl1.0.0 mime-support python python-minimal
  python2.7 python2.7-minimal
0 upgraded, 15 newly installed, 0 to remove and 0 not upgraded.
Need to get 25.3 MB of archives.
After this operation, 70.1 MB of additional disk space will be used.
WARNING: The following packages cannot be authenticated!
  libclang-common-dev compiler-rt clang-3.2 clang
Get:1 http://localhost/debian/ unstable/main libncursesw5 amd64 5.9-10 [141 kB]
Get:2 http://localhost/debian/ unstable/main libssl1.0.0 amd64 1.0.1c-4 [1213 kB]
Get:3 http://localhost/debian/ unstable/main libsqlite3-0 amd64 3.7.15.2-1 [463 kB]
Get:4 http://localhost/debian/ unstable/main libexpat1 amd64 2.1.0-1 [141 kB]
Get:5 http://localhost/debian/ unstable/main libffi5 amd64 3.0.10-3 [24.8 kB]
Get:6 http://localhost/debian/ unstable/main libllvm3.2 amd64 3.2-2 [7865 kB]
Get:7 http://clang.ecranbleu.org/apt/debian/ unstable/main libclang-common-dev amd64 3.2-2 [303 kB]
Get:8 http://localhost/debian/ unstable/main mime-support all 3.52-2 [35.2 kB]
Get:9 http://localhost/debian/ unstable/main python2.7-minimal amd64 2.7.3-6 [1783 kB]
Get:10 http://localhost/debian/ unstable/main python2.7 amd64 2.7.3-6 [2729 kB]
Get:11 http://localhost/debian/ unstable/main python-minimal all 2.7.3-3 [42.5 kB]
Get:12 http://localhost/debian/ unstable/main python all 2.7.3-3 [179 kB]
Get:13 http://clang.ecranbleu.org/apt/debian/ unstable/main compiler-rt amd64 3.2-2 [312 kB]
Get:14 http://clang.ecranbleu.org/apt/debian/ unstable/main clang-3.2 amd64 3.2-2 [10.0 MB]
Get:15 http://clang.ecranbleu.org/apt/debian/ unstable/main clang all 3.2-2 [9558 B]
debconf: delaying package configuration, since apt-utils is not installed
Fetched 25.3 MB in 6s (4042 kB/s)
Selecting previously unselected package libncursesw5:amd64.
(Reading database ... 13484 files and directories currently installed.)
Unpacking libncursesw5:amd64 (from .../libncursesw5_5.9-10_amd64.deb) ...
Selecting previously unselected package libssl1.0.0:amd64.
Unpacking libssl1.0.0:amd64 (from .../libssl1.0.0_1.0.1c-4_amd64.deb) ...
Selecting previously unselected package libsqlite3-0:amd64.
Unpacking libsqlite3-0:amd64 (from .../libsqlite3-0_3.7.15.2-1_amd64.deb) ...
Selecting previously unselected package libexpat1:amd64.
Unpacking libexpat1:amd64 (from .../libexpat1_2.1.0-1_amd64.deb) ...
Selecting previously unselected package libffi5:amd64.
Unpacking libffi5:amd64 (from .../libffi5_3.0.10-3_amd64.deb) ...
Selecting previously unselected package libllvm3.2:amd64.
Unpacking libllvm3.2:amd64 (from .../libllvm3.2_3.2-2_amd64.deb) ...
Selecting previously unselected package mime-support.
Unpacking mime-support (from .../mime-support_3.52-2_all.deb) ...
Selecting previously unselected package python2.7-minimal.
Unpacking python2.7-minimal (from .../python2.7-minimal_2.7.3-6_amd64.deb) ...
Selecting previously unselected package python2.7.
Unpacking python2.7 (from .../python2.7_2.7.3-6_amd64.deb) ...
Selecting previously unselected package python-minimal.
Unpacking python-minimal (from .../python-minimal_2.7.3-3_all.deb) ...
Selecting previously unselected package python.
Unpacking python (from .../python_2.7.3-3_all.deb) ...
Selecting previously unselected package libclang-common-dev.
Unpacking libclang-common-dev (from .../libclang-common-dev_3.2-2_amd64.deb) ...
Selecting previously unselected package compiler-rt.
Unpacking compiler-rt (from .../compiler-rt_3.2-2_amd64.deb) ...
Selecting previously unselected package clang-3.2.
Unpacking clang-3.2 (from .../clang-3.2_3.2-2_amd64.deb) ...
Selecting previously unselected package clang.
Unpacking clang (from .../archives/clang_3.2-2_all.deb) ...
Setting up libncursesw5:amd64 (5.9-10) ...
Setting up libssl1.0.0:amd64 (1.0.1c-4) ...
debconf: unable to initialize frontend: Dialog
debconf: (Dialog frontend will not work on a dumb terminal, an emacs shell buffer, or without a controlling terminal.)
debconf: falling back to frontend: Readline
debconf: unable to initialize frontend: Readline
debconf: (This frontend requires a controlling tty.)
debconf: falling back to frontend: Teletype
Setting up libsqlite3-0:amd64 (3.7.15.2-1) ...
Setting up libexpat1:amd64 (2.1.0-1) ...
Setting up libffi5:amd64 (3.0.10-3) ...
Setting up libllvm3.2:amd64 (3.2-2) ...
Setting up mime-support (3.52-2) ...
Setting up python2.7-minimal (2.7.3-6) ...
Linking and byte-compiling packages for runtime python2.7...
Setting up python2.7 (2.7.3-6) ...
Setting up python-minimal (2.7.3-3) ...
Setting up python (2.7.3-3) ...
Setting up libclang-common-dev (3.2-2) ...
Setting up compiler-rt (3.2-2) ...
Setting up clang-3.2 (3.2-2) ...
Setting up clang (3.2-2) ...
+ echo 'Replace gcc, g++ & cpp by clang'
Replace gcc, g++ & cpp by clang
+ VERSIONS='4.6 4.7'
+ cd /usr/bin
+ for VERSION in '$VERSIONS'
+ rm g++-4.6 gcc-4.6 cpp-4.6
+ ln -s clang++ g++-4.6
+ ln -s clang gcc-4.6
+ ln -s clang cpp-4.6
+ for VERSION in '$VERSIONS'
+ rm g++-4.7 gcc-4.7 cpp-4.7
+ ln -s clang++ g++-4.7
+ ln -s clang gcc-4.7
+ ln -s clang cpp-4.7
+ cd -
/«BUILDDIR»
+ echo 'Block the installation of new gcc version'
Block the installation of new gcc version
+ dpkg --set-selections
+ echo 'gcc-4.6 hold'
+ dpkg --set-selections
+ echo 'cpp-4.6 hold'
+ dpkg --set-selections
+ echo 'g++-4.6 hold'
+ dpkg --set-selections
+ echo 'gcc-4.7 hold'
+ echo 'cpp-4.7 hold'
+ dpkg --set-selections
+ echo 'g++-4.7 hold'
+ dpkg --set-selections
+ echo 'Check if gcc, g++ & cpp are actually clang'
Check if gcc, g++ & cpp are actually clang
+ gcc --version
+ grep clang
+ cpp --version
+ grep clang
+ g++ --version
+ grep clang

I: Finished running '/tmp/switch-to-clang'.

Finished processing commands.
────────────────────────────────────────────────────────────────────────────────
Merged Build-Depends: build-essential, fakeroot
Filtered Build-Depends: build-essential, fakeroot
dpkg-deb: building package `sbuild-build-depends-core-dummy' in `/«BUILDDIR»/resolver-kHUGu6/apt_archive/sbuild-build-depends-core-dummy.deb'.
OK
Reading package lists...

┌──────────────────────────────────────────────────────────────────────────────┐
│ Install core build dependencies (apt-based resolver)                         │
└──────────────────────────────────────────────────────────────────────────────┘

Installing build dependencies
Reading package lists...
Building dependency tree...
Reading state information...
The following NEW packages will be installed:
  sbuild-build-depends-core-dummy
debconf: delaying package configuration, since apt-utils is not installed
0 upgraded, 1 newly installed, 0 to remove and 0 not upgraded.
Need to get 0 B/708 B of archives.
After this operation, 0 B of additional disk space will be used.
Selecting previously unselected package sbuild-build-depends-core-dummy.
(Reading database ... 14662 files and directories currently installed.)
Unpacking sbuild-build-depends-core-dummy (from .../sbuild-build-depends-core-dummy.deb) ...
Setting up sbuild-build-depends-core-dummy (0.invalid.0) ...
Merged Build-Depends: base-files, base-passwd, bash, bsdutils, coreutils, dash, debianutils, diffutils, dpkg, e2fsprogs, findutils, grep, gzip, hostname, libc-bin, login, mount, ncurses-base, ncurses-bin, perl-base, sed, sysvinit, sysvinit-utils, tar, util-linux, libc6-dev | libc-dev, gcc (>= 4:4.4.3), g++ (>= 4:4.4.3), make, dpkg-dev (>= 1.13.5), debhelper (>= 8.1.3~), libasound2-dev, libx11-dev, libclthreads-dev, libxft-dev
Filtered Build-Depends: base-files, base-passwd, bash, bsdutils, coreutils, dash, debianutils, diffutils, dpkg, e2fsprogs, findutils, grep, gzip, hostname, libc-bin, login, mount, ncurses-base, ncurses-bin, perl-base, sed, sysvinit, sysvinit-utils, tar, util-linux, libc6-dev, gcc (>= 4:4.4.3), g++ (>= 4:4.4.3), make, dpkg-dev (>= 1.13.5), debhelper (>= 8.1.3~), libasound2-dev, libx11-dev, libclthreads-dev, libxft-dev
dpkg-deb: building package `sbuild-build-depends-clxclient-dummy' in `/«BUILDDIR»/resolver-R4QDe5/apt_archive/sbuild-build-depends-clxclient-dummy.deb'.
OK
Reading package lists...

┌──────────────────────────────────────────────────────────────────────────────┐
│ Install clxclient build dependencies (apt-based resolver)                    │
└──────────────────────────────────────────────────────────────────────────────┘

Installing build dependencies
Reading package lists...
Building dependency tree...
Reading state information...
The following extra packages will be installed:
  bsdmainutils debhelper file fontconfig-config gettext gettext-base
  groff-base html2text intltool-debian libasound2 libasound2-dev
  libasprintf-dev libasprintf0c2 libclthreads-dev libclthreads2 libcroco3
  libexpat1-dev libfontconfig1 libfontconfig1-dev libfreetype6
  libfreetype6-dev libgettextpo-dev libgettextpo0 libglib2.0-0 libmagic1
  libpcre3 libpipeline1 libpopt0 libpthread-stubs0 libpthread-stubs0-dev
  libunistring0 libx11-6 libx11-data libx11-dev libxau-dev libxau6 libxcb1
  libxcb1-dev libxdmcp-dev libxdmcp6 libxft-dev libxft2 libxml2 libxrender-dev
  libxrender1 man-db pkg-config po-debconf ttf-dejavu-core x11proto-core-dev
  x11proto-input-dev x11proto-kb-dev x11proto-render-dev xorg-sgml-doctools
  xtrans-dev zlib1g-dev
Suggested packages:
  wamerican wordlist whois vacation dh-make gettext-doc groff
  libasound2-plugins libasound2-doc libxcb-doc less www-browser
  libmail-box-perl
Recommended packages:
  curl wget lynx-cur autopoint libglib2.0-data shared-mime-info libx11-doc
  xml-core libmail-sendmail-perl
The following NEW packages will be installed:
  bsdmainutils debhelper file fontconfig-config gettext gettext-base
  groff-base html2text intltool-debian libasound2 libasound2-dev
  libasprintf-dev libasprintf0c2 libclthreads-dev libclthreads2 libcroco3
  libexpat1-dev libfontconfig1 libfontconfig1-dev libfreetype6
  libfreetype6-dev libgettextpo-dev libgettextpo0 libglib2.0-0 libmagic1
  libpcre3 libpipeline1 libpopt0 libpthread-stubs0 libpthread-stubs0-dev
  libunistring0 libx11-6 libx11-data libx11-dev libxau-dev libxau6 libxcb1
  libxcb1-dev libxdmcp-dev libxdmcp6 libxft-dev libxft2 libxml2 libxrender-dev
  libxrender1 man-db pkg-config po-debconf
  sbuild-build-depends-clxclient-dummy ttf-dejavu-core x11proto-core-dev
  x11proto-input-dev x11proto-kb-dev x11proto-render-dev xorg-sgml-doctools
  xtrans-dev zlib1g-dev
0 upgraded, 57 newly installed, 0 to remove and 0 not upgraded.
Need to get 17.9 MB/17.9 MB of archives.
After this operation, 50.8 MB of additional disk space will be used.
Get:1 http://localhost/debian/ unstable/main libpipeline1 amd64 1.2.2-1 [39.9 kB]
Get:2 http://localhost/debian/ unstable/main libpopt0 amd64 1.16-7 [56.4 kB]
Get:3 http://localhost/debian/ unstable/main groff-base amd64 1.22.1-2 [741 kB]
Get:4 http://localhost/debian/ unstable/main bsdmainutils amd64 9.0.4 [210 kB]
Get:5 http://localhost/debian/ unstable/main man-db amd64 2.6.3-3 [898 kB]
Get:6 http://localhost/debian/ unstable/main libasprintf0c2 amd64 0.18.1.1-10 [27.2 kB]
Get:7 http://localhost/debian/ unstable/main libmagic1 amd64 5.11-2 [202 kB]
Get:8 http://localhost/debian/ unstable/main libpcre3 amd64 1:8.31-2 [247 kB]
Get:9 http://localhost/debian/ unstable/main libxml2 amd64 2.8.0+dfsg1-7 [903 kB]
Get:10 http://localhost/debian/ unstable/main libasound2 amd64 1.0.25-4 [461 kB]
Get:11 http://localhost/debian/ unstable/main libglib2.0-0 amd64 2.33.12+really2.32.4-5 [1838 kB]
Get:12 http://localhost/debian/ unstable/main libcroco3 amd64 0.6.6-2 [134 kB]
Get:13 http://localhost/debian/ unstable/main libfreetype6 amd64 2.4.9-1.1 [451 kB]
Get:14 http://localhost/debian/ unstable/main ttf-dejavu-core all 2.33-3 [1021 kB]
Get:15 http://localhost/debian/ unstable/main fontconfig-config all 2.9.0-7.1 [233 kB]
Get:16 http://localhost/debian/ unstable/main libfontconfig1 amd64 2.9.0-7.1 [300 kB]
Get:17 http://localhost/debian/ unstable/main libunistring0 amd64 0.9.3-5 [434 kB]
Get:18 http://localhost/debian/ unstable/main libgettextpo0 amd64 0.18.1.1-10 [145 kB]
Get:19 http://localhost/debian/ unstable/main libxau6 amd64 1:1.0.7-1 [18.8 kB]
Get:20 http://localhost/debian/ unstable/main libxdmcp6 amd64 1:1.1.1-1 [26.3 kB]
Get:21 http://localhost/debian/ unstable/main libxcb1 amd64 1.8.1-2 [50.1 kB]
Get:22 http://localhost/debian/ unstable/main libx11-data all 2:1.5.0-1 [189 kB]
Get:23 http://localhost/debian/ unstable/main libx11-6 amd64 2:1.5.0-1 [901 kB]
Get:24 http://localhost/debian/ unstable/main libxrender1 amd64 1:0.9.7-1 [32.2 kB]
Get:25 http://localhost/debian/ unstable/main libxft2 amd64 2.3.1-1 [61.0 kB]
Get:26 http://localhost/debian/ unstable/main libclthreads2 amd64 2.4.0-4 [14.3 kB]
Get:27 http://localhost/debian/ unstable/main file amd64 5.11-2 [51.8 kB]
Get:28 http://localhost/debian/ unstable/main gettext-base amd64 0.18.1.1-10 [154 kB]
Get:29 http://localhost/debian/ unstable/main html2text amd64 1.3.2a-15 [103 kB]
Get:30 http://localhost/debian/ unstable/main libasprintf-dev amd64 0.18.1.1-10 [26.8 kB]
Get:31 http://localhost/debian/ unstable/main libgettextpo-dev amd64 0.18.1.1-10 [184 kB]
Get:32 http://localhost/debian/ unstable/main gettext amd64 0.18.1.1-10 [1815 kB]
Get:33 http://localhost/debian/ unstable/main intltool-debian all 0.35.0+20060710.1 [30.8 kB]
Get:34 http://localhost/debian/ unstable/main po-debconf all 1.0.16+nmu2 [224 kB]
Get:35 http://localhost/debian/ unstable/main debhelper all 9.20120909 [705 kB]
Get:36 http://localhost/debian/ unstable/main libasound2-dev amd64 1.0.25-4 [70.3 kB]
Get:37 http://localhost/debian/ unstable/main libexpat1-dev amd64 2.1.0-1 [229 kB]
Get:38 http://localhost/debian/ unstable/main zlib1g-dev amd64 1:1.2.7.dfsg-13 [215 kB]
Get:39 http://localhost/debian/ unstable/main libfreetype6-dev amd64 2.4.9-1.1 [805 kB]
Get:40 http://localhost/debian/ unstable/main pkg-config amd64 0.26-1 [59.5 kB]
Get:41 http://localhost/debian/ unstable/main libfontconfig1-dev amd64 2.9.0-7.1 [857 kB]
Get:42 http://localhost/debian/ unstable/main libpthread-stubs0 amd64 0.3-3 [3228 B]
Get:43 http://localhost/debian/ unstable/main libpthread-stubs0-dev amd64 0.3-3 [3998 B]
Get:44 http://localhost/debian/ unstable/main xorg-sgml-doctools all 1:1.10-1 [24.1 kB]
Get:45 http://localhost/debian/ unstable/main x11proto-core-dev all 7.0.23-1 [774 kB]
Get:46 http://localhost/debian/ unstable/main libxau-dev amd64 1:1.0.7-1 [21.7 kB]
Get:47 http://localhost/debian/ unstable/main libxdmcp-dev amd64 1:1.1.1-1 [42.3 kB]
Get:48 http://localhost/debian/ unstable/main x11proto-input-dev all 2.2-1 [172 kB]
Get:49 http://localhost/debian/ unstable/main x11proto-kb-dev all 1.0.6-2 [269 kB]
Get:50 http://localhost/debian/ unstable/main xtrans-dev all 1.2.7-1 [112 kB]
Get:51 http://localhost/debian/ unstable/main libxcb1-dev amd64 1.8.1-2 [88.1 kB]
Get:52 http://localhost/debian/ unstable/main libx11-dev amd64 2:1.5.0-1 [1037 kB]
Get:53 http://localhost/debian/ unstable/main x11proto-render-dev all 2:0.11.1-2 [20.8 kB]
Get:54 http://localhost/debian/ unstable/main libxrender-dev amd64 1:0.9.7-1 [40.4 kB]
Get:55 http://localhost/debian/ unstable/main libxft-dev amd64 2.3.1-1 [74.5 kB]
Get:56 http://localhost/debian/ unstable/main libclthreads-dev amd64 2.4.0-4 [6398 B]
debconf: delaying package configuration, since apt-utils is not installed
Fetched 17.9 MB in 1s (17.8 MB/s)
Selecting previously unselected package libpipeline1:amd64.
(Reading database ... 14662 files and directories currently installed.)
Unpacking libpipeline1:amd64 (from .../libpipeline1_1.2.2-1_amd64.deb) ...
Selecting previously unselected package libpopt0:amd64.
Unpacking libpopt0:amd64 (from .../libpopt0_1.16-7_amd64.deb) ...
Selecting previously unselected package groff-base.
Unpacking groff-base (from .../groff-base_1.22.1-2_amd64.deb) ...
Selecting previously unselected package bsdmainutils.
Unpacking bsdmainutils (from .../bsdmainutils_9.0.4_amd64.deb) ...
Selecting previously unselected package man-db.
Unpacking man-db (from .../man-db_2.6.3-3_amd64.deb) ...
Selecting previously unselected package libasprintf0c2:amd64.
Unpacking libasprintf0c2:amd64 (from .../libasprintf0c2_0.18.1.1-10_amd64.deb) ...
Selecting previously unselected package libmagic1:amd64.
Unpacking libmagic1:amd64 (from .../libmagic1_5.11-2_amd64.deb) ...
Selecting previously unselected package libpcre3:amd64.
Unpacking libpcre3:amd64 (from .../libpcre3_1%3a8.31-2_amd64.deb) ...
Selecting previously unselected package libxml2:amd64.
Unpacking libxml2:amd64 (from .../libxml2_2.8.0+dfsg1-7_amd64.deb) ...
Selecting previously unselected package libasound2:amd64.
Unpacking libasound2:amd64 (from .../libasound2_1.0.25-4_amd64.deb) ...
Selecting previously unselected package libglib2.0-0:amd64.
Unpacking libglib2.0-0:amd64 (from .../libglib2.0-0_2.33.12+really2.32.4-5_amd64.deb) ...
Selecting previously unselected package libcroco3:amd64.
Unpacking libcroco3:amd64 (from .../libcroco3_0.6.6-2_amd64.deb) ...
Selecting previously unselected package libfreetype6:amd64.
Unpacking libfreetype6:amd64 (from .../libfreetype6_2.4.9-1.1_amd64.deb) ...
Selecting previously unselected package ttf-dejavu-core.
Unpacking ttf-dejavu-core (from .../ttf-dejavu-core_2.33-3_all.deb) ...
Selecting previously unselected package fontconfig-config.
Unpacking fontconfig-config (from .../fontconfig-config_2.9.0-7.1_all.deb) ...
Selecting previously unselected package libfontconfig1:amd64.
Unpacking libfontconfig1:amd64 (from .../libfontconfig1_2.9.0-7.1_amd64.deb) ...
Selecting previously unselected package libunistring0:amd64.
Unpacking libunistring0:amd64 (from .../libunistring0_0.9.3-5_amd64.deb) ...
Selecting previously unselected package libgettextpo0:amd64.
Unpacking libgettextpo0:amd64 (from .../libgettextpo0_0.18.1.1-10_amd64.deb) ...
Selecting previously unselected package libxau6:amd64.
Unpacking libxau6:amd64 (from .../libxau6_1%3a1.0.7-1_amd64.deb) ...
Selecting previously unselected package libxdmcp6:amd64.
Unpacking libxdmcp6:amd64 (from .../libxdmcp6_1%3a1.1.1-1_amd64.deb) ...
Selecting previously unselected package libxcb1:amd64.
Unpacking libxcb1:amd64 (from .../libxcb1_1.8.1-2_amd64.deb) ...
Selecting previously unselected package libx11-data.
Unpacking libx11-data (from .../libx11-data_2%3a1.5.0-1_all.deb) ...
Selecting previously unselected package libx11-6:amd64.
Unpacking libx11-6:amd64 (from .../libx11-6_2%3a1.5.0-1_amd64.deb) ...
Selecting previously unselected package libxrender1:amd64.
Unpacking libxrender1:amd64 (from .../libxrender1_1%3a0.9.7-1_amd64.deb) ...
Selecting previously unselected package libxft2:amd64.
Unpacking libxft2:amd64 (from .../libxft2_2.3.1-1_amd64.deb) ...
Selecting previously unselected package libclthreads2:amd64.
Unpacking libclthreads2:amd64 (from .../libclthreads2_2.4.0-4_amd64.deb) ...
Selecting previously unselected package file.
Unpacking file (from .../archives/file_5.11-2_amd64.deb) ...
Selecting previously unselected package gettext-base.
Unpacking gettext-base (from .../gettext-base_0.18.1.1-10_amd64.deb) ...
Selecting previously unselected package html2text.
Unpacking html2text (from .../html2text_1.3.2a-15_amd64.deb) ...
Selecting previously unselected package libasprintf-dev:amd64.
Unpacking libasprintf-dev:amd64 (from .../libasprintf-dev_0.18.1.1-10_amd64.deb) ...
Selecting previously unselected package libgettextpo-dev:amd64.
Unpacking libgettextpo-dev:amd64 (from .../libgettextpo-dev_0.18.1.1-10_amd64.deb) ...
Selecting previously unselected package gettext.
Unpacking gettext (from .../gettext_0.18.1.1-10_amd64.deb) ...
Selecting previously unselected package intltool-debian.
Unpacking intltool-debian (from .../intltool-debian_0.35.0+20060710.1_all.deb) ...
Selecting previously unselected package po-debconf.
Unpacking po-debconf (from .../po-debconf_1.0.16+nmu2_all.deb) ...
Selecting previously unselected package debhelper.
Unpacking debhelper (from .../debhelper_9.20120909_all.deb) ...
Selecting previously unselected package libasound2-dev:amd64.
Unpacking libasound2-dev:amd64 (from .../libasound2-dev_1.0.25-4_amd64.deb) ...
Selecting previously unselected package libexpat1-dev.
Unpacking libexpat1-dev (from .../libexpat1-dev_2.1.0-1_amd64.deb) ...
Selecting previously unselected package zlib1g-dev:amd64.
Unpacking zlib1g-dev:amd64 (from .../zlib1g-dev_1%3a1.2.7.dfsg-13_amd64.deb) ...
Selecting previously unselected package libfreetype6-dev.
Unpacking libfreetype6-dev (from .../libfreetype6-dev_2.4.9-1.1_amd64.deb) ...
Selecting previously unselected package pkg-config.
Unpacking pkg-config (from .../pkg-config_0.26-1_amd64.deb) ...
Selecting previously unselected package libfontconfig1-dev.
Unpacking libfontconfig1-dev (from .../libfontconfig1-dev_2.9.0-7.1_amd64.deb) ...
Selecting previously unselected package libpthread-stubs0:amd64.
Unpacking libpthread-stubs0:amd64 (from .../libpthread-stubs0_0.3-3_amd64.deb) ...
Selecting previously unselected package libpthread-stubs0-dev:amd64.
Unpacking libpthread-stubs0-dev:amd64 (from .../libpthread-stubs0-dev_0.3-3_amd64.deb) ...
Selecting previously unselected package xorg-sgml-doctools.
Unpacking xorg-sgml-doctools (from .../xorg-sgml-doctools_1%3a1.10-1_all.deb) ...
Selecting previously unselected package x11proto-core-dev.
Unpacking x11proto-core-dev (from .../x11proto-core-dev_7.0.23-1_all.deb) ...
Selecting previously unselected package libxau-dev:amd64.
Unpacking libxau-dev:amd64 (from .../libxau-dev_1%3a1.0.7-1_amd64.deb) ...
Selecting previously unselected package libxdmcp-dev:amd64.
Unpacking libxdmcp-dev:amd64 (from .../libxdmcp-dev_1%3a1.1.1-1_amd64.deb) ...
Selecting previously unselected package x11proto-input-dev.
Unpacking x11proto-input-dev (from .../x11proto-input-dev_2.2-1_all.deb) ...
Selecting previously unselected package x11proto-kb-dev.
Unpacking x11proto-kb-dev (from .../x11proto-kb-dev_1.0.6-2_all.deb) ...
Selecting previously unselected package xtrans-dev.
Unpacking xtrans-dev (from .../xtrans-dev_1.2.7-1_all.deb) ...
Selecting previously unselected package libxcb1-dev:amd64.
Unpacking libxcb1-dev:amd64 (from .../libxcb1-dev_1.8.1-2_amd64.deb) ...
Selecting previously unselected package libx11-dev:amd64.
Unpacking libx11-dev:amd64 (from .../libx11-dev_2%3a1.5.0-1_amd64.deb) ...
Selecting previously unselected package x11proto-render-dev.
Unpacking x11proto-render-dev (from .../x11proto-render-dev_2%3a0.11.1-2_all.deb) ...
Selecting previously unselected package libxrender-dev:amd64.
Unpacking libxrender-dev:amd64 (from .../libxrender-dev_1%3a0.9.7-1_amd64.deb) ...
Selecting previously unselected package libxft-dev.
Unpacking libxft-dev (from .../libxft-dev_2.3.1-1_amd64.deb) ...
Selecting previously unselected package libclthreads-dev:amd64.
Unpacking libclthreads-dev:amd64 (from .../libclthreads-dev_2.4.0-4_amd64.deb) ...
Selecting previously unselected package sbuild-build-depends-clxclient-dummy.
Unpacking sbuild-build-depends-clxclient-dummy (from .../sbuild-build-depends-clxclient-dummy.deb) ...
Processing triggers for mime-support ...
Setting up libpipeline1:amd64 (1.2.2-1) ...
Setting up libpopt0:amd64 (1.16-7) ...
Setting up groff-base (1.22.1-2) ...
Setting up bsdmainutils (9.0.4) ...
update-alternatives: using /usr/bin/bsd-write to provide /usr/bin/write (write) in auto mode
update-alternatives: using /usr/bin/bsd-from to provide /usr/bin/from (from) in auto mode
Setting up man-db (2.6.3-3) ...
Building database of manual pages ...
Setting up libasprintf0c2:amd64 (0.18.1.1-10) ...
Setting up libmagic1:amd64 (5.11-2) ...
Setting up libpcre3:amd64 (1:8.31-2) ...
Setting up libxml2:amd64 (2.8.0+dfsg1-7) ...
Setting up libasound2:amd64 (1.0.25-4) ...
Setting up libglib2.0-0:amd64 (2.33.12+really2.32.4-5) ...
No schema files found: doing nothing.
Setting up libcroco3:amd64 (0.6.6-2) ...
Setting up libfreetype6:amd64 (2.4.9-1.1) ...
Setting up ttf-dejavu-core (2.33-3) ...
Setting up fontconfig-config (2.9.0-7.1) ...
Setting up libfontconfig1:amd64 (2.9.0-7.1) ...
Setting up libunistring0:amd64 (0.9.3-5) ...
Setting up libgettextpo0:amd64 (0.18.1.1-10) ...
Setting up libxau6:amd64 (1:1.0.7-1) ...
Setting up libxdmcp6:amd64 (1:1.1.1-1) ...
Setting up libxcb1:amd64 (1.8.1-2) ...
Setting up libx11-data (2:1.5.0-1) ...
Setting up libx11-6:amd64 (2:1.5.0-1) ...
Setting up libxrender1:amd64 (1:0.9.7-1) ...
Setting up libxft2:amd64 (2.3.1-1) ...
Setting up libclthreads2:amd64 (2.4.0-4) ...
Setting up file (5.11-2) ...
Setting up gettext-base (0.18.1.1-10) ...
Setting up html2text (1.3.2a-15) ...
Setting up libasprintf-dev:amd64 (0.18.1.1-10) ...
Setting up libgettextpo-dev:amd64 (0.18.1.1-10) ...
Setting up gettext (0.18.1.1-10) ...
Setting up intltool-debian (0.35.0+20060710.1) ...
Setting up po-debconf (1.0.16+nmu2) ...
Setting up debhelper (9.20120909) ...
Setting up libasound2-dev:amd64 (1.0.25-4) ...
Setting up libexpat1-dev (2.1.0-1) ...
Setting up zlib1g-dev:amd64 (1:1.2.7.dfsg-13) ...
Setting up libfreetype6-dev (2.4.9-1.1) ...
Setting up pkg-config (0.26-1) ...
Setting up libfontconfig1-dev (2.9.0-7.1) ...
Setting up libpthread-stubs0:amd64 (0.3-3) ...
Setting up libpthread-stubs0-dev:amd64 (0.3-3) ...
Setting up xorg-sgml-doctools (1:1.10-1) ...
Setting up x11proto-core-dev (7.0.23-1) ...
Setting up libxau-dev:amd64 (1:1.0.7-1) ...
Setting up libxdmcp-dev:amd64 (1:1.1.1-1) ...
Setting up x11proto-input-dev (2.2-1) ...
Setting up x11proto-kb-dev (1.0.6-2) ...
Setting up xtrans-dev (1.2.7-1) ...
Setting up libxcb1-dev:amd64 (1.8.1-2) ...
Setting up libx11-dev:amd64 (2:1.5.0-1) ...
Setting up x11proto-render-dev (2:0.11.1-2) ...
Setting up libxrender-dev:amd64 (1:0.9.7-1) ...
Setting up libxft-dev (2.3.1-1) ...
Setting up libclthreads-dev:amd64 (2.4.0-4) ...
Setting up sbuild-build-depends-clxclient-dummy (0.invalid.0) ...

┌──────────────────────────────────────────────────────────────────────────────┐
│ Build environment                                                            │
└──────────────────────────────────────────────────────────────────────────────┘

Kernel: Linux 2.6.32-5-xen-amd64 amd64 (x86_64)
Toolchain package versions: binutils_2.22-7.1 dpkg-dev_1.16.9 g++-4.6_4.6.3-15 g++-4.7_4.7.2-5 gcc-4.6_4.6.3-15 gcc-4.7_4.7.2-5 libc6-dev_2.13-38 libstdc++6_4.7.2-5 libstdc++6-4.6-dev_4.6.3-15 libstdc++6-4.7-dev_4.7.2-5 linux-libc-dev_3.2.35-2
Package versions: apt_0.9.7.7 base-files_7.1 base-passwd_3.5.26 bash_4.2+dfsg-0.1 binutils_2.22-7.1 bsdmainutils_9.0.4 bsdutils_1:2.20.1-5.3 build-essential_11.6 bzip2_1.0.6-4 clang_3.2-2 clang-3.2_3.2-2 compiler-rt_3.2-2 coreutils_8.20-3 cpp_4:4.7.2-1 cpp-4.6_4.6.3-15 cpp-4.7_4.7.2-5 dash_0.5.7-3 debconf_1.5.49 debconf-i18n_1.5.49 debfoster_2.7-1.2 debhelper_9.20120909 debian-archive-keyring_2012.4 debianutils_4.3.4 diffutils_1:3.2-7 dpkg_1.16.9 dpkg-dev_1.16.9 e2fslibs_1.42.5-1 e2fsprogs_1.42.5-1 fakeroot_1.18.4-2 file_5.11-2 findutils_4.4.2-5 fontconfig-config_2.9.0-7.1 g++_4:4.7.2-1 g++-4.6_4.6.3-15 g++-4.7_4.7.2-5 gcc_4:4.7.2-1 gcc-4.4-base_4.4.7-3 gcc-4.5-base_4.5.4-1 gcc-4.6_4.6.3-15 gcc-4.6-base_4.6.3-15 gcc-4.7_4.7.2-5 gcc-4.7-base_4.7.2-5 gettext_0.18.1.1-10 gettext-base_0.18.1.1-10 gnupg_1.4.12-7 gpgv_1.4.12-7 grep_2.14-1 groff-base_1.22.1-2 gzip_1.5-1.1 hostname_3.12 html2text_1.3.2a-15 initscripts_2.88dsf-39 insserv_1.14.0-5 intltool-debian_0.35.0+20060710.1 libacl1_2.2.51-8 libapt-pkg4.12_0.9.7.7 libasound2_1.0.25-4 libasound2-dev_1.0.25-4 libasprintf-dev_0.18.1.1-10 libasprintf0c2_0.18.1.1-10 libattr1_1:2.4.46-8 libblkid1_2.20.1-5.3 libbz2-1.0_1.0.6-4 libc-bin_2.13-38 libc-dev-bin_2.13-38 libc6_2.13-38 libc6-dev_2.13-38 libclang-common-dev_3.2-2 libclass-isa-perl_0.36-5 libclthreads-dev_2.4.0-4 libclthreads2_2.4.0-4 libcomerr2_1.42.5-1 libcroco3_0.6.6-2 libdb5.1_5.1.29-5 libdpkg-perl_1.16.9 libexpat1_2.1.0-1 libexpat1-dev_2.1.0-1 libffi5_3.0.10-3 libfile-fcntllock-perl_0.14-2 libfontconfig1_2.9.0-7.1 libfontconfig1-dev_2.9.0-7.1 libfreetype6_2.4.9-1.1 libfreetype6-dev_2.4.9-1.1 libgc1c2_1:7.1-9.1 libgcc1_1:4.7.2-5 libgdbm3_1.8.3-11 libgettextpo-dev_0.18.1.1-10 libgettextpo0_0.18.1.1-10 libglib2.0-0_2.33.12+really2.32.4-5 libgmp10_2:5.0.5+dfsg-2 libgomp1_4.7.2-5 libgpm2_1.20.4-6 libitm1_4.7.2-5 libllvm3.2_3.2-2 liblocale-gettext-perl_1.05-7+b1 liblzma5_5.1.1alpha+20120614-2 libmagic1_5.11-2 libmount1_2.20.1-5.3 libmpc2_0.9-4 libmpfr4_3.1.0-5 libncurses5_5.9-10 libncursesw5_5.9-10 libpam-modules_1.1.3-7.1 libpam-modules-bin_1.1.3-7.1 libpam-runtime_1.1.3-7.1 libpam0g_1.1.3-7.1 libpcre3_1:8.31-2 libpipeline1_1.2.2-1 libpopt0_1.16-7 libpthread-stubs0_0.3-3 libpthread-stubs0-dev_0.3-3 libquadmath0_4.7.2-5 libreadline6_6.2+dfsg-0.1 libselinux1_2.1.9-5 libsemanage-common_2.1.6-6 libsemanage1_2.1.6-6 libsepol1_2.1.4-3 libslang2_2.2.4-15 libsqlite3-0_3.7.15.2-1 libss2_1.42.5-1 libssl1.0.0_1.0.1c-4 libstdc++6_4.7.2-5 libstdc++6-4.6-dev_4.6.3-15 libstdc++6-4.7-dev_4.7.2-5 libswitch-perl_2.16-2 libtext-charwidth-perl_0.04-7+b1 libtext-iconv-perl_1.7-5 libtext-wrapi18n-perl_0.06-7 libtimedate-perl_1.2000-1 libtinfo5_5.9-10 libunistring0_0.9.3-5 libusb-0.1-4_2:0.1.12-23+nmu1 libustr-1.0-1_1.0.4-3 libuuid1_2.20.1-5.3 libx11-6_2:1.5.0-1 libx11-data_2:1.5.0-1 libx11-dev_2:1.5.0-1 libxau-dev_1:1.0.7-1 libxau6_1:1.0.7-1 libxcb1_1.8.1-2 libxcb1-dev_1.8.1-2 libxdmcp-dev_1:1.1.1-1 libxdmcp6_1:1.1.1-1 libxft-dev_2.3.1-1 libxft2_2.3.1-1 libxml2_2.8.0+dfsg1-7 libxrender-dev_1:0.9.7-1 libxrender1_1:0.9.7-1 linux-libc-dev_3.2.35-2 login_1:4.1.5.1-1 lsb-base_4.1+Debian9 make_3.81-8.2 man-db_2.6.3-3 mawk_1.3.3-17 mime-support_3.52-2 mount_2.20.1-5.3 multiarch-support_2.13-38 ncurses-base_5.9-10 ncurses-bin_5.9-10 passwd_1:4.1.5.1-1 patch_2.6.1-3 perl_5.14.2-17 perl-base_5.14.2-17 perl-modules_5.14.2-17 pkg-config_0.26-1 po-debconf_1.0.16+nmu2 python_2.7.3-3 python-minimal_2.7.3-3 python2.7_2.7.3-6 python2.7-minimal_2.7.3-6 readline-common_6.2+dfsg-0.1 sbuild-build-depends-clxclient-dummy_0.invalid.0 sbuild-build-depends-core-dummy_0.invalid.0 sed_4.2.1-10 sensible-utils_0.0.7 sudo_1.8.5p2-1 sysv-rc_2.88dsf-39 sysvinit_2.88dsf-39 sysvinit-utils_2.88dsf-39 tar_1.26+dfsg-0.1 ttf-dejavu-core_2.33-3 tzdata_2012j-1 ucf_3.0025+nmu3 util-linux_2.20.1-5.3 vim_2:7.3.547-6 vim-common_2:7.3.547-6 vim-runtime_2:7.3.547-6 x11proto-core-dev_7.0.23-1 x11proto-input-dev_2.2-1 x11proto-kb-dev_1.0.6-2 x11proto-render-dev_2:0.11.1-2 xorg-sgml-doctools_1:1.10-1 xtrans-dev_1.2.7-1 xz-utils_5.1.1alpha+20120614-2 zlib1g_1:1.2.7.dfsg-13 zlib1g-dev_1:1.2.7.dfsg-13

┌──────────────────────────────────────────────────────────────────────────────┐
│ Build                                                                        │
└──────────────────────────────────────────────────────────────────────────────┘


Unpack source
─────────────

gpgv: keyblock resource `/sbuild-nonexistent/.gnupg/trustedkeys.gpg': file open error
gpgv: Signature made Mon May 28 16:36:03 2012 UTC using RSA key ID E2B84FA5
gpgv: Can't check signature: public key not found
dpkg-source: warning: failed to verify signature on ./clxclient_3.6.1-6.dsc
dpkg-source: info: extracting clxclient in clxclient-3.6.1
dpkg-source: info: unpacking clxclient_3.6.1.orig.tar.gz
dpkg-source: info: unpacking clxclient_3.6.1-6.debian.tar.gz
dpkg-source: info: applying makefile-01.patch
dpkg-source: info: applying makefile-02.patch

Check disc space
────────────────

Sufficient free space for build

User Environment
────────────────

HOME=/sbuild-nonexistent
LOGNAME=user
PATH=/usr/local/sbin:/usr/local/bin:/usr/sbin:/usr/bin:/sbin:/bin:/usr/games
SCHROOT_CHROOT_NAME=unstable-amd64-sbuild
SCHROOT_COMMAND=env
SCHROOT_GID=1000
SCHROOT_GROUP=user
SCHROOT_SESSION_ID=unstable-amd64-sbuild-97c438f5-b4fa-4b26-b63b-766b341e75f4
SCHROOT_UID=1000
SCHROOT_USER=user
SHELL=/bin/sh
USER=user

dpkg-buildpackage
─────────────────

dpkg-buildpackage: source package clxclient
dpkg-buildpackage: source version 3.6.1-6
dpkg-buildpackage: source changed by Jaromír Mikeš <mira.mikes@seznam.cz>
 dpkg-source --before-build clxclient-3.6.1
dpkg-buildpackage: host architecture amd64
 fakeroot debian/rules clean
dh clean -Smakefile
   dh_testdir -O-Smakefile
   dh_auto_clean -O-Smakefile
make[1]: Entering directory `/«PKGBUILDDIR»'
/bin/rm -f *~ *.o *.a *.d *.so.*
make[1]: Leaving directory `/«PKGBUILDDIR»'
   dh_clean -O-Smakefile
 debian/rules build-arch
dh build-arch -Smakefile
   dh_testdir -a -O-Smakefile
   dh_auto_configure -a -O-Smakefile
   dh_auto_build -a -O-Smakefile
make[1]: Entering directory `/«PKGBUILDDIR»'
g++ -g -O2 -fstack-protector --param=ssp-buffer-size=4 -Wformat -Werror=format-security -D_FORTIFY_SOURCE=2 -Wall -I. -I/usr/X11R6/include `freetype-config --cflags` -fpic -DVERSION=\"3.6.1\" -D_REENTRANT -D_POSIX_PTHREAD_SEMANTICS -O2   -c -o xdisplay.o xdisplay.cc
In file included from xdisplay.cc:22:
./clxclient.h:549:18: warning: 'X_pbutton::set_stat' hides overloaded virtual function [-Woverloaded-virtual]
    virtual void set_stat (bool stat);
                 ^
./clxclient.h:440:18: note: hidden overloaded virtual function 'X_button::set_stat' declared here
    virtual void set_stat (int stat);
                 ^
1 warning generated.
g++ -g -O2 -fstack-protector --param=ssp-buffer-size=4 -Wformat -Werror=format-security -D_FORTIFY_SOURCE=2 -Wall -I. -I/usr/X11R6/include `freetype-config --cflags` -fpic -DVERSION=\"3.6.1\" -D_REENTRANT -D_POSIX_PTHREAD_SEMANTICS -O2   -c -o xresman.o xresman.cc
In file included from xresman.cc:24:
./clxclient.h:549:18: warning: 'X_pbutton::set_stat' hides overloaded virtual function [-Woverloaded-virtual]
    virtual void set_stat (bool stat);
                 ^
./clxclient.h:440:18: note: hidden overloaded virtual function 'X_button::set_stat' declared here
    virtual void set_stat (int stat);
                 ^
xresman.cc:69:29: warning: conversion from string literal to 'char *' is deprecated [-Wdeprecated-writable-strings]
    if (_home == 0) _home = "";
                            ^
2 warnings generated.
g++ -g -O2 -fstack-protector --param=ssp-buffer-size=4 -Wformat -Werror=format-security -D_FORTIFY_SOURCE=2 -Wall -I. -I/usr/X11R6/include `freetype-config --cflags` -fpic -DVERSION=\"3.6.1\" -D_REENTRANT -D_POSIX_PTHREAD_SEMANTICS -O2   -c -o xhandler.o xhandler.cc
In file included from xhandler.cc:23:
./clxclient.h:549:18: warning: 'X_pbutton::set_stat' hides overloaded virtual function [-Woverloaded-virtual]
    virtual void set_stat (bool stat);
                 ^
./clxclient.h:440:18: note: hidden overloaded virtual function 'X_button::set_stat' declared here
    virtual void set_stat (int stat);
                 ^
1 warning generated.
g++ -g -O2 -fstack-protector --param=ssp-buffer-size=4 -Wformat -Werror=format-security -D_FORTIFY_SOURCE=2 -Wall -I. -I/usr/X11R6/include `freetype-config --cflags` -fpic -DVERSION=\"3.6.1\" -D_REENTRANT -D_POSIX_PTHREAD_SEMANTICS -O2   -c -o xwindow.o xwindow.cc
In file included from xwindow.cc:22:
./clxclient.h:549:18: warning: 'X_pbutton::set_stat' hides overloaded virtual function [-Woverloaded-virtual]
    virtual void set_stat (bool stat);
                 ^
./clxclient.h:440:18: note: hidden overloaded virtual function 'X_button::set_stat' declared here
    virtual void set_stat (int stat);
                 ^
1 warning generated.
g++ -g -O2 -fstack-protector --param=ssp-buffer-size=4 -Wformat -Werror=format-security -D_FORTIFY_SOURCE=2 -Wall -I. -I/usr/X11R6/include `freetype-config --cflags` -fpic -DVERSION=\"3.6.1\" -D_REENTRANT -D_POSIX_PTHREAD_SEMANTICS -O2   -c -o xdraw.o xdraw.cc
In file included from xdraw.cc:23:
./clxclient.h:549:18: warning: 'X_pbutton::set_stat' hides overloaded virtual function [-Woverloaded-virtual]
    virtual void set_stat (bool stat);
                 ^
./clxclient.h:440:18: note: hidden overloaded virtual function 'X_button::set_stat' declared here
    virtual void set_stat (int stat);
                 ^
1 warning generated.
g++ -g -O2 -fstack-protector --param=ssp-buffer-size=4 -Wformat -Werror=format-security -D_FORTIFY_SOURCE=2 -Wall -I. -I/usr/X11R6/include `freetype-config --cflags` -fpic -DVERSION=\"3.6.1\" -D_REENTRANT -D_POSIX_PTHREAD_SEMANTICS -O2   -c -o button.o button.cc
In file included from button.cc:22:
./clxclient.h:549:18: warning: 'X_pbutton::set_stat' hides overloaded virtual function [-Woverloaded-virtual]
    virtual void set_stat (bool stat);
                 ^
./clxclient.h:440:18: note: hidden overloaded virtual function 'X_button::set_stat' declared here
    virtual void set_stat (int stat);
                 ^
1 warning generated.
g++ -g -O2 -fstack-protector --param=ssp-buffer-size=4 -Wformat -Werror=format-security -D_FORTIFY_SOURCE=2 -Wall -I. -I/usr/X11R6/include `freetype-config --cflags` -fpic -DVERSION=\"3.6.1\" -D_REENTRANT -D_POSIX_PTHREAD_SEMANTICS -O2   -c -o textip.o textip.cc
In file included from textip.cc:23:
./clxclient.h:549:18: warning: 'X_pbutton::set_stat' hides overloaded virtual function [-Woverloaded-virtual]
    virtual void set_stat (bool stat);
                 ^
./clxclient.h:440:18: note: hidden overloaded virtual function 'X_button::set_stat' declared here
    virtual void set_stat (int stat);
                 ^
1 warning generated.
g++ -g -O2 -fstack-protector --param=ssp-buffer-size=4 -Wformat -Werror=format-security -D_FORTIFY_SOURCE=2 -Wall -I. -I/usr/X11R6/include `freetype-config --cflags` -fpic -DVERSION=\"3.6.1\" -D_REENTRANT -D_POSIX_PTHREAD_SEMANTICS -O2   -c -o enumip.o enumip.cc
In file included from enumip.cc:22:
./clxclient.h:549:18: warning: 'X_pbutton::set_stat' hides overloaded virtual function [-Woverloaded-virtual]
    virtual void set_stat (bool stat);
                 ^
./clxclient.h:440:18: note: hidden overloaded virtual function 'X_button::set_stat' declared here
    virtual void set_stat (int stat);
                 ^
1 warning generated.
g++ -g -O2 -fstack-protector --param=ssp-buffer-size=4 -Wformat -Werror=format-security -D_FORTIFY_SOURCE=2 -Wall -I. -I/usr/X11R6/include `freetype-config --cflags` -fpic -DVERSION=\"3.6.1\" -D_REENTRANT -D_POSIX_PTHREAD_SEMANTICS -O2   -c -o menuwin.o menuwin.cc
In file included from menuwin.cc:22:
./clxclient.h:549:18: warning: 'X_pbutton::set_stat' hides overloaded virtual function [-Woverloaded-virtual]
    virtual void set_stat (bool stat);
                 ^
./clxclient.h:440:18: note: hidden overloaded virtual function 'X_button::set_stat' declared here
    virtual void set_stat (int stat);
                 ^
1 warning generated.
g++ -g -O2 -fstack-protector --param=ssp-buffer-size=4 -Wformat -Werror=format-security -D_FORTIFY_SOURCE=2 -Wall -I. -I/usr/X11R6/include `freetype-config --cflags` -fpic -DVERSION=\"3.6.1\" -D_REENTRANT -D_POSIX_PTHREAD_SEMANTICS -O2   -c -o scale.o scale.cc
In file included from scale.cc:22:
./clxclient.h:549:18: warning: 'X_pbutton::set_stat' hides overloaded virtual function [-Woverloaded-virtual]
    virtual void set_stat (bool stat);
                 ^
./clxclient.h:440:18: note: hidden overloaded virtual function 'X_button::set_stat' declared here
    virtual void set_stat (int stat);
                 ^
./clxclient.h:980:14: warning: private field '_d' is not used [-Wunused-private-field]
    int      _d;
             ^
2 warnings generated.
g++ -g -O2 -fstack-protector --param=ssp-buffer-size=4 -Wformat -Werror=format-security -D_FORTIFY_SOURCE=2 -Wall -I. -I/usr/X11R6/include `freetype-config --cflags` -fpic -DVERSION=\"3.6.1\" -D_REENTRANT -D_POSIX_PTHREAD_SEMANTICS -O2   -c -o slider.o slider.cc
In file included from slider.cc:22:
./clxclient.h:549:18: warning: 'X_pbutton::set_stat' hides overloaded virtual function [-Woverloaded-virtual]
    virtual void set_stat (bool stat);
                 ^
./clxclient.h:440:18: note: hidden overloaded virtual function 'X_button::set_stat' declared here
    virtual void set_stat (int stat);
                 ^
1 warning generated.
g++ -g -O2 -fstack-protector --param=ssp-buffer-size=4 -Wformat -Werror=format-security -D_FORTIFY_SOURCE=2 -Wall -I. -I/usr/X11R6/include `freetype-config --cflags` -fpic -DVERSION=\"3.6.1\" -D_REENTRANT -D_POSIX_PTHREAD_SEMANTICS -O2   -c -o scroll.o scroll.cc
In file included from scroll.cc:22:
./clxclient.h:549:18: warning: 'X_pbutton::set_stat' hides overloaded virtual function [-Woverloaded-virtual]
    virtual void set_stat (bool stat);
                 ^
./clxclient.h:440:18: note: hidden overloaded virtual function 'X_button::set_stat' declared here
    virtual void set_stat (int stat);
                 ^
1 warning generated.
g++ -g -O2 -fstack-protector --param=ssp-buffer-size=4 -Wformat -Werror=format-security -D_FORTIFY_SOURCE=2 -Wall -I. -I/usr/X11R6/include `freetype-config --cflags` -fpic -DVERSION=\"3.6.1\" -D_REENTRANT -D_POSIX_PTHREAD_SEMANTICS -O2   -c -o mclist.o mclist.cc
In file included from mclist.cc:22:
./clxclient.h:549:18: warning: 'X_pbutton::set_stat' hides overloaded virtual function [-Woverloaded-virtual]
    virtual void set_stat (bool stat);
                 ^
./clxclient.h:440:18: note: hidden overloaded virtual function 'X_button::set_stat' declared here
    virtual void set_stat (int stat);
                 ^
1 warning generated.
g++ -g -O2 -fstack-protector --param=ssp-buffer-size=4 -Wformat -Werror=format-security -D_FORTIFY_SOURCE=2 -Wall -I. -I/usr/X11R6/include `freetype-config --cflags` -fpic -DVERSION=\"3.6.1\" -D_REENTRANT -D_POSIX_PTHREAD_SEMANTICS -O2   -c -o meter.o meter.cc
In file included from meter.cc:22:
./clxclient.h:549:18: warning: 'X_pbutton::set_stat' hides overloaded virtual function [-Woverloaded-virtual]
    virtual void set_stat (bool stat);
                 ^
./clxclient.h:440:18: note: hidden overloaded virtual function 'X_button::set_stat' declared here
    virtual void set_stat (int stat);
                 ^
./clxclient.h:1058:14: warning: private field '_s' is not used [-Wunused-private-field]
    int      _s;
             ^
2 warnings generated.
g++ -shared -Wl,-z,relro -L/usr/lib/x86_64-linux-gnu -L/usr/X11R6/lib/x86_64-linux-gnu -Wl,--as-needed `freetype-config --libs` -Wl,-soname,libclxclient.so.3 -o libclxclient.so.3.6.1 xdisplay.o xresman.o xhandler.o xwindow.o xdraw.o button.o textip.o enumip.o menuwin.o scale.o slider.o scroll.o mclist.o meter.o -lpthread -lXft -lX11 -lclthreads
make[1]: Leaving directory `/«PKGBUILDDIR»'
   dh_auto_test -a -O-Smakefile
 fakeroot debian/rules binary-arch
dh binary-arch -Smakefile
   dh_testroot -a -O-Smakefile
   dh_prep -a -O-Smakefile
   dh_installdirs -a -O-Smakefile
   dh_auto_install -a -O-Smakefile
make[1]: Entering directory `/«PKGBUILDDIR»'
/usr/bin/install -d /«PKGBUILDDIR»/debian/tmp/usr/lib/x86_64-linux-gnu
/usr/bin/install -d /«PKGBUILDDIR»/debian/tmp/usr/include
/usr/bin/install -m 644 clxclient.h /«PKGBUILDDIR»/debian/tmp/usr/include
/usr/bin/install -m 755 libclxclient.so.3.6.1 /«PKGBUILDDIR»/debian/tmp/usr/lib/x86_64-linux-gnu
/sbin/ldconfig -n /«PKGBUILDDIR»/debian/tmp/usr/lib/x86_64-linux-gnu
ln -sf libclxclient.so.3.6.1 /«PKGBUILDDIR»/debian/tmp/usr/lib/x86_64-linux-gnu/libclxclient.so
make[1]: Leaving directory `/«PKGBUILDDIR»'
   dh_install -a -O-Smakefile
   dh_installdocs -a -O-Smakefile
   dh_installchangelogs -a -O-Smakefile
   dh_installexamples -a -O-Smakefile
   dh_installman -a -O-Smakefile
   dh_installcatalogs -a -O-Smakefile
   dh_installcron -a -O-Smakefile
   dh_installdebconf -a -O-Smakefile
   dh_installemacsen -a -O-Smakefile
   dh_installifupdown -a -O-Smakefile
   dh_installinfo -a -O-Smakefile
   dh_installinit -a -O-Smakefile
   dh_installmenu -a -O-Smakefile
   dh_installmime -a -O-Smakefile
   dh_installmodules -a -O-Smakefile
   dh_installlogcheck -a -O-Smakefile
   dh_installlogrotate -a -O-Smakefile
   dh_installpam -a -O-Smakefile
   dh_installppp -a -O-Smakefile
   dh_installudev -a -O-Smakefile
   dh_installwm -a -O-Smakefile
   dh_installxfonts -a -O-Smakefile
   dh_installgsettings -a -O-Smakefile
   dh_bugfiles -a -O-Smakefile
   dh_ucf -a -O-Smakefile
   dh_lintian -a -O-Smakefile
   dh_gconf -a -O-Smakefile
   dh_icons -a -O-Smakefile
   dh_perl -a -O-Smakefile
   dh_usrlocal -a -O-Smakefile
   dh_link -a -O-Smakefile
   dh_compress -a -O-Smakefile
   dh_fixperms -a -O-Smakefile
   dh_strip -a -O-Smakefile
   dh_makeshlibs -a -O-Smakefile
dpkg-gensymbols: warning: some libraries disappeared in the symbols file: (optional)_ZN5EsyncD2Ev@Base (optional)_ZN5EsyncD1Ev@Base
dpkg-gensymbols: warning: some new symbols appeared in the symbols file: see diff output below
dpkg-gensymbols: warning: some symbols or patterns disappeared in the symbols file: see diff output below
dpkg-gensymbols: warning: debian/libclxclient3/DEBIAN/symbols doesn't match completely debian/libclxclient3.symbols.amd64
--- debian/libclxclient3.symbols.amd64 (libclxclient3_3.6.1-6_amd64)
+++ dpkg-gensymbolshTPsnR	2013-01-31 19:12:04.454400700 +0000
@@ -1,410 +1,390 @@
-(optional)_ZN5EsyncD1Ev@Base 3.6.1
-(optional)_ZN5EsyncD2Ev@Base 3.6.1
- _ZN6X_draw10drawpointsEiP6XPoint@Base 3.6.1
- _ZN6X_draw10drawstringEPKci@Base 3.6.1
- _ZN6X_draw12drawsegmentsEiP8XSegment@Base 3.6.1
- _ZN6X_draw7movepixEiiii@Base 3.6.1
- _ZN6X_draw7setclipEiiii@Base 3.6.1
- _ZN6X_draw9drawlinesEiP6XPoint@Base 3.6.1
- _ZN6X_draw9textwidthEPKc@Base 3.6.1
- _ZN6X_drawC1EP9_XDisplaymP4_XGCP8_XftDraw@Base 3.6.1
- _ZN6X_drawC2EP9_XDisplaymP4_XGCP8_XftDraw@Base 3.6.1
- _ZN7X_hints4sizeEii@Base 3.6.1
- _ZN7X_hints5groupEm@Base 3.6.1
- _ZN7X_hints5inputEi@Base 3.6.1
- _ZN7X_hints5stateEi@Base 3.6.1
- _ZN7X_hints7maxsizeEii@Base 3.6.1
- _ZN7X_hints7minsizeEii@Base 3.6.1
- _ZN7X_hints7sizeincEii@Base 3.6.1
- _ZN7X_hints8positionEii@Base 3.6.1
- _ZN7X_meter12handle_eventEP7_XEvent@Base 3.6.1
- _ZN7X_meter6exposeEP12XExposeEvent@Base 3.6.1
- _ZN7X_meter7set_refEf@Base 3.6.1
- _ZN7X_meter7set_valEf@Base 3.6.1
- _ZN7X_meter8plotsectEiiiiii@Base 3.6.1
- _ZN7X_meter9plotmarksEiim@Base 3.6.1
- _ZN7X_meterC1EP8X_windowP13X_meter_styleP13X_scale_styleiiii@Base 3.6.1
- _ZN7X_meterC2EP8X_windowP13X_meter_styleP13X_scale_styleiiii@Base 3.6.1
- _ZN7X_meterD0Ev@Base 3.6.1
- _ZN7X_meterD1Ev@Base 3.6.1
- _ZN7X_meterD2Ev@Base 3.6.1
- _ZN8H_threadD0Ev@Base 3.6.1
- _ZN8H_threadD1Ev@Base 3.6.1
- _ZN8H_threadD2Ev@Base 3.6.1
- _ZN8ITC_ip1q13put_event_tryEjj@Base 3.6.1
- _ZN8ITC_ip1q7ipflushEj@Base 3.6.1
- _ZN8ITC_ip1q9put_eventEjP8ITC_mesg@Base 3.6.1
- _ZN8ITC_ip1q9put_eventEjj@Base 3.6.1
- _ZN8ITC_ip1qD0Ev@Base 3.6.1
- _ZN8ITC_ip1qD1Ev@Base 3.6.1
- _ZN8ITC_ip1qD2Ev@Base 3.6.1
- _ZN8X_button12handle_eventEP7_XEvent@Base 3.6.1
- _ZN8X_button6bpressEP12XButtonEvent@Base 3.6.1
- _ZN8X_button6exposeEP12XExposeEvent@Base 3.6.1
- _ZN8X_button6redrawEv@Base 3.6.1
- _ZN8X_button7releaseEv@Base 3.6.1
- _ZN8X_button8breleaseEP12XButtonEvent@Base 3.6.1
- _ZN8X_button8set_statEi@Base 3.6.1
- _ZN8X_buttonC1EP8X_windowP10X_callbackP14X_button_styleiii@Base 3.6.1
- _ZN8X_buttonC2EP8X_windowP10X_callbackP14X_button_styleiii@Base 3.6.1
- _ZN8X_buttonD0Ev@Base 3.6.1
- _ZN8X_buttonD1Ev@Base 3.6.1
- _ZN8X_buttonD2Ev@Base 3.6.1
- _ZN8X_enumip12handle_eventEP7_XEvent@Base 3.6.1
- _ZN8X_enumip4_xicE@Base 3.6.1
- _ZN8X_enumip5cbkeyEi@Base 3.6.1
- _ZN8X_enumip5spkeyEP9XKeyEvent@Base 3.6.1
- _ZN8X_enumip6bpressEP12XButtonEvent@Base 3.6.1
- _ZN8X_enumip6exposeEP12XExposeEvent@Base 3.6.1
- _ZN8X_enumip6redrawEv@Base 3.6.1
- _ZN8X_enumip6selectEv@Base 3.6.1
- _ZN8X_enumip7set_indEi@Base 3.6.1
- _ZN8X_enumip8keypressEP9XKeyEvent@Base 3.6.1
- _ZN8X_enumip8remfocusEP17XFocusChangeEvent@Base 3.6.1
- _ZN8X_enumip8setfocusEP17XFocusChangeEvent@Base 3.6.1
- _ZN8X_enumip9_utf8markE@Base 3.6.1
- _ZN8X_enumip9textwidthEii@Base 3.6.1
- _ZN8X_enumipC1EP8X_windowP10X_callbackP14X_textln_styleiiiiP11X_enip_itemP8X_linkedS9_@Base 3.6.1
- _ZN8X_enumipC2EP8X_windowP10X_callbackP14X_textln_styleiiiiP11X_enip_itemP8X_linkedS9_@Base 3.6.1
- _ZN8X_enumipD0Ev@Base 3.6.1
- _ZN8X_enumipD1Ev@Base 3.6.1
- _ZN8X_enumipD2Ev@Base 3.6.1
- _ZN8X_hmeter5pmarkEP4_XGCi@Base 3.6.1
- _ZN8X_hmeter5psectEP4_XGCii@Base 3.6.1
- _ZN8X_hmeterC1EP8X_windowP13X_meter_styleP13X_scale_styleiii@Base 3.6.1
- _ZN8X_hmeterC2EP8X_windowP13X_meter_styleP13X_scale_styleiii@Base 3.6.1
- _ZN8X_hmeterD0Ev@Base 3.6.1
- _ZN8X_hmeterD1Ev@Base 3.6.1
- _ZN8X_hmeterD2Ev@Base 3.6.1
- _ZN8X_hscale12handle_eventEP7_XEvent@Base 3.6.1
- _ZN8X_hscale6exposeEP12XExposeEvent@Base 3.6.1
- _ZN8X_hscaleC1EP8X_windowP13X_scale_styleiiii@Base 3.6.1
- _ZN8X_hscaleC2EP8X_windowP13X_scale_styleiiii@Base 3.6.1
- _ZN8X_hscaleD0Ev@Base 3.6.1
- _ZN8X_hscaleD1Ev@Base 3.6.1
- _ZN8X_hscaleD2Ev@Base 3.6.1
- _ZN8X_linkedD0Ev@Base 3.6.1
- _ZN8X_linkedD1Ev@Base 3.6.1
- _ZN8X_linkedD2Ev@Base 3.6.1
- _ZN8X_mclist12handle_eventEP7_XEvent@Base 3.6.1
- _ZN8X_mclist4backEv@Base 3.6.1
- _ZN8X_mclist4forwEv@Base 3.6.1
- _ZN8X_mclist4itemEPKcii@Base 3.6.1
- _ZN8X_mclist4moveEi@Base 3.6.1
- _ZN8X_mclist4showEv@Base 3.6.1
- _ZN8X_mclist4sortEv@Base 3.6.1
- _ZN8X_mclist6bpressEP12XButtonEvent@Base 3.6.1
- _ZN8X_mclist6exposeEP12XExposeEvent@Base 3.6.1
- _ZN8X_mclist6resizeEii@Base 3.6.1
- _ZN8X_mclist6updateEiiii@Base 3.6.1
- _ZN8X_mclistC1EP8X_windowP10X_callbackP14X_mclist_styleiiiiii@Base 3.6.1
- _ZN8X_mclistC2EP8X_windowP10X_callbackP14X_mclist_styleiiiiii@Base 3.6.1
- _ZN8X_mclistD0Ev@Base 3.6.1
- _ZN8X_mclistD1Ev@Base 3.6.1
- _ZN8X_mclistD2Ev@Base 3.6.1
- _ZN8X_resman4initEPiPPcS1_P16XrmOptionDescReci@Base 3.6.1
- _ZN8X_resman6defoptE@Base 3.6.1
- _ZN8X_resman8geometryEPKciiiRiS2_S2_S2_@Base 3.6.1
- _ZN8X_resmanC1Ev@Base 3.6.1
- _ZN8X_resmanC2Ev@Base 3.6.1
- _ZN8X_resmanD1Ev@Base 3.6.1
- _ZN8X_resmanD2Ev@Base 3.6.1
- _ZN8X_scroll12handle_callbEiP8X_windowP7_XEvent@Base 3.6.1
- _ZN8X_scroll12handle_eventEP7_XEvent@Base 3.6.1
- _ZN8X_scroll4geomEffi@Base 3.6.1
- _ZN8X_scroll4moveEf@Base 3.6.1
- _ZN8X_scroll6bpressEP12XButtonEvent@Base 3.6.1
- _ZN8X_scroll6exposeEP12XExposeEvent@Base 3.6.1
- _ZN8X_scroll6redrawEv@Base 3.6.1
- _ZN8X_scroll7bmotionEP12XMotionEvent@Base 3.6.1
- _ZN8X_scroll8breleaseEP12XButtonEvent@Base 3.6.1
- _ZN8X_scrollC1EP8X_windowP10X_callbackP14X_button_styleiiiii@Base 3.6.1
- _ZN8X_scrollC2EP8X_windowP10X_callbackP14X_button_styleiiiii@Base 3.6.1
- _ZN8X_scrollD0Ev@Base 3.6.1
- _ZN8X_scrollD1Ev@Base 3.6.1
- _ZN8X_scrollD2Ev@Base 3.6.1
- _ZN8X_slider8breleaseEP12XButtonEvent@Base 3.6.1
- _ZN8X_sliderC1EP8X_windowP10X_callbackP14X_slider_styleP13X_scale_styleiiiii@Base 3.6.1
- _ZN8X_sliderC2EP8X_windowP10X_callbackP14X_slider_styleP13X_scale_styleiiiii@Base 3.6.1
- _ZN8X_sliderD0Ev@Base 3.6.1
- _ZN8X_sliderD1Ev@Base 3.6.1
- _ZN8X_sliderD2Ev@Base 3.6.1
- _ZN8X_textip10checkcallbEv@Base 3.6.1
- _ZN8X_textip10checkclearEv@Base 3.6.1
- _ZN8X_textip12handle_eventEP7_XEvent@Base 3.6.1
- _ZN8X_textip4_xicE@Base 3.6.1
- _ZN8X_textip5cbkeyEiP9XKeyEvent@Base 3.6.1
- _ZN8X_textip5go_ltEv@Base 3.6.1
- _ZN8X_textip5go_rtEv@Base 3.6.1
- _ZN8X_textip5pasteEP15XSelectionEvent@Base 3.6.1
- _ZN8X_textip5spkeyEP9XKeyEvent@Base 3.6.1
- _ZN8X_textip6bpressEP12XButtonEvent@Base 3.6.1
- _ZN8X_textip6del_ltEv@Base 3.6.1
- _ZN8X_textip6del_rtEv@Base 3.6.1
- _ZN8X_textip6enableEv@Base 3.6.1
- _ZN8X_textip6exposeEP12XExposeEvent@Base 3.6.1
- _ZN8X_textip6go_eolEv@Base 3.6.1
- _ZN8X_textip6go_solEv@Base 3.6.1
- _ZN8X_textip6insertEiPKh@Base 3.6.1
- _ZN8X_textip6redrawEv@Base 3.6.1
- _ZN8X_textip6selectEv@Base 3.6.1
- _ZN8X_textip6updateEb@Base 3.6.1
- _ZN8X_textip7del_allEv@Base 3.6.1
- _ZN8X_textip7del_eolEv@Base 3.6.1
- _ZN8X_textip8keypressEP9XKeyEvent@Base 3.6.1
- _ZN8X_textip8remfocusEP17XFocusChangeEvent@Base 3.6.1
- _ZN8X_textip8set_textEPKc@Base 3.6.1
- _ZN8X_textip8setfocusEP17XFocusChangeEvent@Base 3.6.1
- _ZN8X_textip9_utf8markE@Base 3.6.1
- _ZN8X_textip9findindexEi@Base 3.6.1
- _ZN8X_textip9set_alignEi@Base 3.6.1
- _ZN8X_textip9set_colorEmP9_XftColor@Base 3.6.1
- _ZN8X_textip9test_utf8EiPKh@Base 3.6.1
- _ZN8X_textip9textwidthEii@Base 3.6.1
- _ZN8X_textip9xorcursorEv@Base 3.6.1
- _ZN8X_textipC1EP8X_windowP10X_callbackP14X_textln_styleiiiiiP8X_linkedS7_@Base 3.6.1
- _ZN8X_textipC2EP8X_windowP10X_callbackP14X_textln_styleiiiiiP8X_linkedS7_@Base 3.6.1
- _ZN8X_textipD0Ev@Base 3.6.1
- _ZN8X_textipD1Ev@Base 3.6.1
- _ZN8X_textipD2Ev@Base 3.6.1
- _ZN8X_textln12handle_eventEP7_XEvent@Base 3.6.1
- _ZN8X_textln6exposeEP12XExposeEvent@Base 3.6.1
- _ZN8X_textlnC1EP8X_windowP14X_textln_styleiiiiPKci@Base 3.6.1
- _ZN8X_textlnC2EP8X_windowP14X_textln_styleiiiiPKci@Base 3.6.1
- _ZN8X_textlnD0Ev@Base 3.6.1
- _ZN8X_textlnD1Ev@Base 3.6.1
- _ZN8X_textlnD2Ev@Base 3.6.1
- _ZN8X_vmeter5pmarkEP4_XGCi@Base 3.6.1
- _ZN8X_vmeter5psectEP4_XGCii@Base 3.6.1
- _ZN8X_vmeterC1EP8X_windowP13X_meter_styleP13X_scale_styleiii@Base 3.6.1
- _ZN8X_vmeterC2EP8X_windowP13X_meter_styleP13X_scale_styleiii@Base 3.6.1
- _ZN8X_vmeterD0Ev@Base 3.6.1
- _ZN8X_vmeterD1Ev@Base 3.6.1
- _ZN8X_vmeterD2Ev@Base 3.6.1
- _ZN8X_vscale12handle_eventEP7_XEvent@Base 3.6.1
- _ZN8X_vscale6exposeEP12XExposeEvent@Base 3.6.1
- _ZN8X_vscaleC1EP8X_windowP13X_scale_styleiiii@Base 3.6.1
- _ZN8X_vscaleC2EP8X_windowP13X_scale_styleiiii@Base 3.6.1
- _ZN8X_vscaleD0Ev@Base 3.6.1
- _ZN8X_vscaleD1Ev@Base 3.6.1
- _ZN8X_vscaleD2Ev@Base 3.6.1
- _ZN8X_window11x_set_titleEPKc@Base 3.6.1
- _ZN8X_window12handle_eventEP7_XEvent@Base 3.6.1
- _ZN8X_window12x_add_eventsEm@Base 3.6.1
- _ZN8X_window12x_rem_eventsEm@Base 3.6.1
- _ZN8X_window16x_set_backgroundEm@Base 3.6.1
- _ZN8X_window4findEm@Base 3.6.1
- _ZN8X_window7x_applyEP7X_hints@Base 3.6.1
- _ZN8X_windowC1EP9X_display@Base 3.6.1
- _ZN8X_windowC1EPS_iiiimmi@Base 3.6.1
- _ZN8X_windowC2EP9X_display@Base 3.6.1
- _ZN8X_windowC2EPS_iiiimmi@Base 3.6.1
- _ZN8X_windowD0Ev@Base 3.6.1
- _ZN8X_windowD1Ev@Base 3.6.1
- _ZN8X_windowD2Ev@Base 3.6.1
- _ZN9X_display10alloc_fontEPKc@Base 3.6.1
- _ZN9X_display11_imgdef1515E@Base 3.6.1
- _ZN9X_display11alloc_colorEPKcm@Base 3.6.1
- _ZN9X_display11alloc_colorEfff@Base 3.6.1
- _ZN9X_display12free_xftfontEP8_XftFont@Base 3.6.1
- _ZN9X_display13alloc_xftfontEPKc@Base 3.6.1
- _ZN9X_display13free_xftcolorEP9_XftColor@Base 3.6.1
- _ZN9X_display14alloc_xftcolorEPKcP9_XftColor@Base 3.6.1
- _ZN9X_display14alloc_xftcolorEffff@Base 3.6.1
- _ZN9X_display9image1515Ej@Base 3.6.1
- _ZN9X_displayC1EPKc@Base 3.6.1
- _ZN9X_displayC2EPKc@Base 3.6.1
- _ZN9X_displayD1Ev@Base 3.6.1
- _ZN9X_displayD2Ev@Base 3.6.1
- _ZN9X_handler8thr_mainEv@Base 3.6.1
- _ZN9X_handlerC1EP9X_displayP5Edesti@Base 3.6.1
- _ZN9X_handlerC2EP9X_displayP5Edesti@Base 3.6.1
- _ZN9X_handlerD0Ev@Base 3.6.1
- _ZN9X_handlerD1Ev@Base 3.6.1
- _ZN9X_handlerD2Ev@Base 3.6.1
- _ZN9X_hslider12handle_eventEP7_XEvent@Base 3.6.1
- _ZN9X_hslider5eraseEi@Base 3.6.1
- _ZN9X_hslider6domoveEi@Base 3.6.1
- _ZN9X_hslider6plinesEv@Base 3.6.1
- _ZN9X_hslider6plknobEi@Base 3.6.1
- _ZN9X_hslider7set_valEf@Base 3.6.1
- _ZN9X_hslider9set_colorEmm@Base 3.6.1
- _ZN9X_hsliderC1EP8X_windowP10X_callbackP14X_slider_styleP13X_scale_styleiiii@Base 3.6.1
- _ZN9X_hsliderC2EP8X_windowP10X_callbackP14X_slider_styleP13X_scale_styleiiii@Base 3.6.1
- _ZN9X_hsliderD0Ev@Base 3.6.1
- _ZN9X_hsliderD1Ev@Base 3.6.1
- _ZN9X_hsliderD2Ev@Base 3.6.1
- _ZN9X_ibutton6redrawEv@Base 3.6.1
- _ZN9X_ibuttonC1EP8X_windowP10X_callbackP14X_button_styleiiP7_XImagei@Base 3.6.1
- _ZN9X_ibuttonC2EP8X_windowP10X_callbackP14X_button_styleiiP7_XImagei@Base 3.6.1
- _ZN9X_ibuttonD0Ev@Base 3.6.1
- _ZN9X_ibuttonD1Ev@Base 3.6.1
- _ZN9X_ibuttonD2Ev@Base 3.6.1
- _ZN9X_menuwin12handle_eventEP7_XEvent@Base 3.6.1
- _ZN9X_menuwin4hideEv@Base 3.6.1
- _ZN9X_menuwin4showEv@Base 3.6.1
- _ZN9X_menuwin5enterEP14XCrossingEvent@Base 3.6.1
- _ZN9X_menuwin5leaveEP14XCrossingEvent@Base 3.6.1
- _ZN9X_menuwin6bpressEP12XButtonEvent@Base 3.6.1
- _ZN9X_menuwin6brelseEP12XButtonEvent@Base 3.6.1
- _ZN9X_menuwin6drawitEib@Base 3.6.1
- _ZN9X_menuwin6exposeEP12XExposeEvent@Base 3.6.1
- _ZN9X_menuwin6finditEii@Base 3.6.1
- _ZN9X_menuwin6motionEP12XMotionEvent@Base 3.6.1
- _ZN9X_menuwin6redrawEb@Base 3.6.1
- _ZN9X_menuwin6selectEi@Base 3.6.1
- _ZN9X_menuwin8clr_maskEj@Base 3.6.1
- _ZN9X_menuwin8set_maskEj@Base 3.6.1
- _ZN9X_menuwinC1EP8X_windowP10X_callbackP15X_menuwin_styleiiP14X_menuwin_item@Base 3.6.1
- _ZN9X_menuwinC2EP8X_windowP10X_callbackP15X_menuwin_styleiiP14X_menuwin_item@Base 3.6.1
- _ZN9X_menuwinD0Ev@Base 3.6.1
- _ZN9X_menuwinD1Ev@Base 3.6.1
- _ZN9X_menuwinD2Ev@Base 3.6.1
- _ZN9X_pbutton8set_statEb@Base 3.6.1
- _ZN9X_pbuttonC1EP8X_windowP10X_callbackP14X_button_styleiimmi@Base 3.6.1
- _ZN9X_pbuttonC2EP8X_windowP10X_callbackP14X_button_styleiimmi@Base 3.6.1
- _ZN9X_pbuttonD0Ev@Base 3.6.1
- _ZN9X_pbuttonD1Ev@Base 3.6.1
- _ZN9X_pbuttonD2Ev@Base 3.6.1
- _ZN9X_rootwin12handle_eventEP7_XEvent@Base 3.6.1
- _ZN9X_rootwin12handle_eventEv@Base 3.6.1
- _ZN9X_rootwinC1EP9X_display@Base 3.6.1
- _ZN9X_rootwinC2EP9X_display@Base 3.6.1
- _ZN9X_rootwinD0Ev@Base 3.6.1
- _ZN9X_rootwinD1Ev@Base 3.6.1
- _ZN9X_rootwinD2Ev@Base 3.6.1
- _ZN9X_tbutton6redrawEv@Base 3.6.1
- _ZN9X_tbutton8set_textEPKcS1_@Base 3.6.1
- _ZN9X_tbuttonC1EP8X_windowP10X_callbackP14X_button_styleiiPKcS7_i@Base 3.6.1
- _ZN9X_tbuttonC2EP8X_windowP10X_callbackP14X_button_styleiiPKcS7_i@Base 3.6.1
- _ZN9X_tbuttonD0Ev@Base 3.6.1
- _ZN9X_tbuttonD1Ev@Base 3.6.1
- _ZN9X_tbuttonD2Ev@Base 3.6.1
- _ZN9X_vslider12handle_eventEP7_XEvent@Base 3.6.1
- _ZN9X_vslider5eraseEi@Base 3.6.1
- _ZN9X_vslider6domoveEi@Base 3.6.1
- _ZN9X_vslider6plinesEv@Base 3.6.1
- _ZN9X_vslider6plknobEi@Base 3.6.1
- _ZN9X_vslider7set_valEf@Base 3.6.1
- _ZN9X_vslider9set_colorEmm@Base 3.6.1
- _ZN9X_vsliderC1EP8X_windowP10X_callbackP14X_slider_styleP13X_scale_styleiiii@Base 3.6.1
- _ZN9X_vsliderC2EP8X_windowP10X_callbackP14X_slider_styleP13X_scale_styleiiii@Base 3.6.1
- _ZN9X_vsliderD0Ev@Base 3.6.1
- _ZN9X_vsliderD1Ev@Base 3.6.1
- _ZN9X_vsliderD2Ev@Base 3.6.1
- _ZNK8X_resman3getEPKcS1_@Base 3.6.1
- _ZNK8X_resman4getbEPKci@Base 3.6.1
- _ZNK8X_window12x_moveresizeEiiii@Base 3.6.1
- _ZNK8X_window12x_set_attribEmP20XSetWindowAttributes@Base 3.6.1
- _ZNK8X_window17x_set_bit_gravityEi@Base 3.6.1
- _ZNK8X_window17x_set_win_gravityEi@Base 3.6.1
- _ZNK8X_window6x_moveEii@Base 3.6.1
- _ZNK8X_window8x_resizeEii@Base 3.6.1
- _ZTI10X_callback@Base 3.6.1
- _ZTI5Edest@Base 3.6.1
- _ZTI5Esync@Base 3.6.1
- _ZTI6Bmutex@Base 3.6.1
- _ZTI7X_meter@Base 3.6.1
- _ZTI8H_thread@Base 3.6.1
- _ZTI8ITC_ip1q@Base 3.6.1
- _ZTI8X_button@Base 3.6.1
- _ZTI8X_enumip@Base 3.6.1
- _ZTI8X_hmeter@Base 3.6.1
- _ZTI8X_hscale@Base 3.6.1
- _ZTI8X_linked@Base 3.6.1
- _ZTI8X_mclist@Base 3.6.1
- _ZTI8X_scroll@Base 3.6.1
- _ZTI8X_slider@Base 3.6.1
- _ZTI8X_textip@Base 3.6.1
- _ZTI8X_textln@Base 3.6.1
- _ZTI8X_vmeter@Base 3.6.1
- _ZTI8X_vscale@Base 3.6.1
- _ZTI8X_window@Base 3.6.1
- _ZTI9X_handler@Base 3.6.1
- _ZTI9X_hslider@Base 3.6.1
- _ZTI9X_ibutton@Base 3.6.1
- _ZTI9X_menuwin@Base 3.6.1
- _ZTI9X_pbutton@Base 3.6.1
- _ZTI9X_rootwin@Base 3.6.1
- _ZTI9X_tbutton@Base 3.6.1
- _ZTI9X_vslider@Base 3.6.1
- _ZTS10X_callback@Base 3.6.1
- _ZTS5Edest@Base 3.6.1
- _ZTS5Esync@Base 3.6.1
- _ZTS6Bmutex@Base 3.6.1
- _ZTS7X_meter@Base 3.6.1
- _ZTS8H_thread@Base 3.6.1
- _ZTS8ITC_ip1q@Base 3.6.1
- _ZTS8X_button@Base 3.6.1
- _ZTS8X_enumip@Base 3.6.1
- _ZTS8X_hmeter@Base 3.6.1
- _ZTS8X_hscale@Base 3.6.1
- _ZTS8X_linked@Base 3.6.1
- _ZTS8X_mclist@Base 3.6.1
- _ZTS8X_scroll@Base 3.6.1
- _ZTS8X_slider@Base 3.6.1
- _ZTS8X_textip@Base 3.6.1
- _ZTS8X_textln@Base 3.6.1
- _ZTS8X_vmeter@Base 3.6.1
- _ZTS8X_vscale@Base 3.6.1
- _ZTS8X_window@Base 3.6.1
- _ZTS9X_handler@Base 3.6.1
- _ZTS9X_hslider@Base 3.6.1
- _ZTS9X_ibutton@Base 3.6.1
- _ZTS9X_menuwin@Base 3.6.1
- _ZTS9X_pbutton@Base 3.6.1
- _ZTS9X_rootwin@Base 3.6.1
- _ZTS9X_tbutton@Base 3.6.1
- _ZTS9X_vslider@Base 3.6.1
- _ZTV10X_callback@Base 3.6.1
- _ZTV5Edest@Base 3.6.1
- _ZTV7X_meter@Base 3.6.1
- _ZTV8H_thread@Base 3.6.1
- _ZTV8ITC_ip1q@Base 3.6.1
- _ZTV8X_button@Base 3.6.1
- _ZTV8X_enumip@Base 3.6.1
- _ZTV8X_hmeter@Base 3.6.1
- _ZTV8X_hscale@Base 3.6.1
- _ZTV8X_linked@Base 3.6.1
- _ZTV8X_mclist@Base 3.6.1
- _ZTV8X_scroll@Base 3.6.1
- _ZTV8X_slider@Base 3.6.1
- _ZTV8X_textip@Base 3.6.1
- _ZTV8X_textln@Base 3.6.1
- _ZTV8X_vmeter@Base 3.6.1
- _ZTV8X_vscale@Base 3.6.1
- _ZTV8X_window@Base 3.6.1
- _ZTV9X_handler@Base 3.6.1
- _ZTV9X_hslider@Base 3.6.1
- _ZTV9X_ibutton@Base 3.6.1
- _ZTV9X_menuwin@Base 3.6.1
- _ZTV9X_pbutton@Base 3.6.1
- _ZTV9X_rootwin@Base 3.6.1
- _ZTV9X_tbutton@Base 3.6.1
- _ZTV9X_vslider@Base 3.6.1
- _ZThn16_N8H_threadD0Ev@Base 3.6.1
- _ZThn16_N8H_threadD1Ev@Base 3.6.1
- _ZThn16_N9X_handlerD0Ev@Base 3.6.1
- _ZThn16_N9X_handlerD1Ev@Base 3.6.1
- _ZThn56_N8X_enumip6selectEv@Base 3.6.1
- _ZThn56_N8X_enumipD0Ev@Base 3.6.1
- _ZThn56_N8X_enumipD1Ev@Base 3.6.1
- _ZThn56_N8X_scroll12handle_callbEiP8X_windowP7_XEvent@Base 3.6.1
- _ZThn56_N8X_scrollD0Ev@Base 3.6.1
- _ZThn56_N8X_scrollD1Ev@Base 3.6.1
- _ZThn56_N8X_textip6selectEv@Base 3.6.1
- _ZThn56_N8X_textipD0Ev@Base 3.6.1
- _ZThn56_N8X_textipD1Ev@Base 3.6.1
- compare@Base 3.6.1
- x_handler_error@Base 3.6.1
 libclxclient.so.3 libclxclient3 #MINVER#
  _Z17clxclient_versionv@Base 3.6.1
- _ZN10X_callbackD0Ev@Base 3.6.1
- _ZN10X_callbackD1Ev@Base 3.6.1
- _ZN10X_callbackD2Ev@Base 3.6.1
+#MISSING: 3.6.1-6# _ZN10X_callbackD0Ev@Base 3.6.1
+#MISSING: 3.6.1-6# _ZN10X_callbackD1Ev@Base 3.6.1
+#MISSING: 3.6.1-6# _ZN10X_callbackD2Ev@Base 3.6.1
  _ZN13X_scale_style5limitEi@Base 3.6.1
  _ZN13X_scale_style7calcpixEf@Base 3.6.1
  _ZN13X_scale_style7calcvalEi@Base 3.6.1
  _ZN5EdestD0Ev@Base 3.6.1
  _ZN5EdestD1Ev@Base 3.6.1
- _ZN5EdestD2Ev@Base 3.6.1
+#MISSING: 3.6.1-6# _ZN5EdestD2Ev@Base 3.6.1
+ _ZN6X_draw10drawpointsEiP6XPoint@Base 3.6.1-6
+ _ZN6X_draw10drawstringEPKci@Base 3.6.1-6
+ _ZN6X_draw12drawsegmentsEiP8XSegment@Base 3.6.1-6
+ _ZN6X_draw7movepixEiiii@Base 3.6.1-6
+ _ZN6X_draw7setclipEiiii@Base 3.6.1-6
+ _ZN6X_draw9drawlinesEiP6XPoint@Base 3.6.1-6
+ _ZN6X_draw9textwidthEPKc@Base 3.6.1-6
+ _ZN6X_drawC1EP9_XDisplaymP4_XGCP8_XftDraw@Base 3.6.1-6
+ _ZN6X_drawC2EP9_XDisplaymP4_XGCP8_XftDraw@Base 3.6.1-6
+ _ZN7X_hints4sizeEii@Base 3.6.1-6
+ _ZN7X_hints5groupEm@Base 3.6.1-6
+ _ZN7X_hints5inputEi@Base 3.6.1-6
+ _ZN7X_hints5stateEi@Base 3.6.1-6
+ _ZN7X_hints7maxsizeEii@Base 3.6.1-6
+ _ZN7X_hints7minsizeEii@Base 3.6.1-6
+ _ZN7X_hints7sizeincEii@Base 3.6.1-6
+ _ZN7X_hints8positionEii@Base 3.6.1-6
+ _ZN7X_meter12handle_eventEP7_XEvent@Base 3.6.1-6
+ _ZN7X_meter6exposeEP12XExposeEvent@Base 3.6.1-6
+ _ZN7X_meter7set_refEf@Base 3.6.1-6
+ _ZN7X_meter7set_valEf@Base 3.6.1-6
+ _ZN7X_meter8plotsectEiiiiii@Base 3.6.1-6
+ _ZN7X_meter9plotmarksEiim@Base 3.6.1-6
+ _ZN7X_meterC2EP8X_windowP13X_meter_styleP13X_scale_styleiiii@Base 3.6.1-6
+ _ZN7X_meterD0Ev@Base 3.6.1-6
+ _ZN7X_meterD1Ev@Base 3.6.1-6
+ _ZN8H_threadD2Ev@Base 3.6.1-6
+ _ZN8ITC_ip1q13put_event_tryEjj@Base 3.6.1-6
+ _ZN8ITC_ip1q7ipflushEj@Base 3.6.1-6
+ _ZN8ITC_ip1q9put_eventEjP8ITC_mesg@Base 3.6.1-6
+ _ZN8ITC_ip1q9put_eventEjj@Base 3.6.1-6
+ _ZN8ITC_ip1qD0Ev@Base 3.6.1-6
+ _ZN8ITC_ip1qD1Ev@Base 3.6.1-6
+ _ZN8X_button12handle_eventEP7_XEvent@Base 3.6.1-6
+ _ZN8X_button6bpressEP12XButtonEvent@Base 3.6.1-6
+ _ZN8X_button6exposeEP12XExposeEvent@Base 3.6.1-6
+ _ZN8X_button6redrawEv@Base 3.6.1-6
+ _ZN8X_button7releaseEv@Base 3.6.1-6
+ _ZN8X_button8breleaseEP12XButtonEvent@Base 3.6.1-6
+ _ZN8X_button8set_statEi@Base 3.6.1-6
+ _ZN8X_buttonC1EP8X_windowP10X_callbackP14X_button_styleiii@Base 3.6.1-6
+ _ZN8X_buttonC2EP8X_windowP10X_callbackP14X_button_styleiii@Base 3.6.1-6
+ _ZN8X_buttonD0Ev@Base 3.6.1-6
+ _ZN8X_buttonD1Ev@Base 3.6.1-6
+ _ZN8X_buttonD2Ev@Base 3.6.1-6
+ _ZN8X_enumip12handle_eventEP7_XEvent@Base 3.6.1-6
+ _ZN8X_enumip4_xicE@Base 3.6.1-6
+ _ZN8X_enumip5cbkeyEi@Base 3.6.1-6
+ _ZN8X_enumip5spkeyEP9XKeyEvent@Base 3.6.1-6
+ _ZN8X_enumip6bpressEP12XButtonEvent@Base 3.6.1-6
+ _ZN8X_enumip6exposeEP12XExposeEvent@Base 3.6.1-6
+ _ZN8X_enumip6redrawEv@Base 3.6.1-6
+ _ZN8X_enumip6selectEv@Base 3.6.1-6
+ _ZN8X_enumip7set_indEi@Base 3.6.1-6
+ _ZN8X_enumip8keypressEP9XKeyEvent@Base 3.6.1-6
+ _ZN8X_enumip8remfocusEP17XFocusChangeEvent@Base 3.6.1-6
+ _ZN8X_enumip8setfocusEP17XFocusChangeEvent@Base 3.6.1-6
+ _ZN8X_enumip9_utf8markE@Base 3.6.1-6
+ _ZN8X_enumip9textwidthEii@Base 3.6.1-6
+ _ZN8X_enumipC1EP8X_windowP10X_callbackP14X_textln_styleiiiiP11X_enip_itemP8X_linkedS9_@Base 3.6.1-6
+ _ZN8X_enumipC2EP8X_windowP10X_callbackP14X_textln_styleiiiiP11X_enip_itemP8X_linkedS9_@Base 3.6.1-6
+ _ZN8X_enumipD0Ev@Base 3.6.1-6
+ _ZN8X_enumipD1Ev@Base 3.6.1-6
+ _ZN8X_enumipD2Ev@Base 3.6.1-6
+ _ZN8X_hmeter5pmarkEP4_XGCi@Base 3.6.1-6
+ _ZN8X_hmeter5psectEP4_XGCii@Base 3.6.1-6
+ _ZN8X_hmeterC1EP8X_windowP13X_meter_styleP13X_scale_styleiii@Base 3.6.1-6
+ _ZN8X_hmeterC2EP8X_windowP13X_meter_styleP13X_scale_styleiii@Base 3.6.1-6
+ _ZN8X_hmeterD0Ev@Base 3.6.1-6
+ _ZN8X_hmeterD1Ev@Base 3.6.1-6
+ _ZN8X_hscale12handle_eventEP7_XEvent@Base 3.6.1-6
+ _ZN8X_hscale6exposeEP12XExposeEvent@Base 3.6.1-6
+ _ZN8X_hscaleC1EP8X_windowP13X_scale_styleiiii@Base 3.6.1-6
+ _ZN8X_hscaleC2EP8X_windowP13X_scale_styleiiii@Base 3.6.1-6
+ _ZN8X_hscaleD0Ev@Base 3.6.1-6
+ _ZN8X_hscaleD1Ev@Base 3.6.1-6
+ _ZN8X_linkedD0Ev@Base 3.6.1-6
+ _ZN8X_linkedD1Ev@Base 3.6.1-6
+ _ZN8X_mclist12handle_eventEP7_XEvent@Base 3.6.1-6
+ _ZN8X_mclist4backEv@Base 3.6.1-6
+ _ZN8X_mclist4forwEv@Base 3.6.1-6
+ _ZN8X_mclist4itemEPKcii@Base 3.6.1-6
+ _ZN8X_mclist4moveEi@Base 3.6.1-6
+ _ZN8X_mclist4showEv@Base 3.6.1-6
+ _ZN8X_mclist4sortEv@Base 3.6.1-6
+ _ZN8X_mclist6bpressEP12XButtonEvent@Base 3.6.1-6
+ _ZN8X_mclist6exposeEP12XExposeEvent@Base 3.6.1-6
+ _ZN8X_mclist6resizeEii@Base 3.6.1-6
+ _ZN8X_mclist6updateEiiii@Base 3.6.1-6
+ _ZN8X_mclistC1EP8X_windowP10X_callbackP14X_mclist_styleiiiiii@Base 3.6.1-6
+ _ZN8X_mclistC2EP8X_windowP10X_callbackP14X_mclist_styleiiiiii@Base 3.6.1-6
+ _ZN8X_mclistD0Ev@Base 3.6.1-6
+ _ZN8X_mclistD1Ev@Base 3.6.1-6
+ _ZN8X_mclistD2Ev@Base 3.6.1-6
+ _ZN8X_resman4initEPiPPcS1_P16XrmOptionDescReci@Base 3.6.1-6
+ _ZN8X_resman6defoptE@Base 3.6.1-6
+ _ZN8X_resman8geometryEPKciiiRiS2_S2_S2_@Base 3.6.1-6
+ _ZN8X_resmanC1Ev@Base 3.6.1-6
+ _ZN8X_resmanC2Ev@Base 3.6.1-6
+ _ZN8X_resmanD1Ev@Base 3.6.1-6
+ _ZN8X_resmanD2Ev@Base 3.6.1-6
+ _ZN8X_scroll12handle_callbEiP8X_windowP7_XEvent@Base 3.6.1-6
+ _ZN8X_scroll12handle_eventEP7_XEvent@Base 3.6.1-6
+ _ZN8X_scroll4geomEffi@Base 3.6.1-6
+ _ZN8X_scroll4moveEf@Base 3.6.1-6
+ _ZN8X_scroll6bpressEP12XButtonEvent@Base 3.6.1-6
+ _ZN8X_scroll6exposeEP12XExposeEvent@Base 3.6.1-6
+ _ZN8X_scroll6redrawEv@Base 3.6.1-6
+ _ZN8X_scroll7bmotionEP12XMotionEvent@Base 3.6.1-6
+ _ZN8X_scroll8breleaseEP12XButtonEvent@Base 3.6.1-6
+ _ZN8X_scrollC1EP8X_windowP10X_callbackP14X_button_styleiiiii@Base 3.6.1-6
+ _ZN8X_scrollC2EP8X_windowP10X_callbackP14X_button_styleiiiii@Base 3.6.1-6
+ _ZN8X_scrollD0Ev@Base 3.6.1-6
+ _ZN8X_scrollD1Ev@Base 3.6.1-6
+ _ZN8X_scrollD2Ev@Base 3.6.1-6
+ _ZN8X_slider8breleaseEP12XButtonEvent@Base 3.6.1-6
+ _ZN8X_sliderC2EP8X_windowP10X_callbackP14X_slider_styleP13X_scale_styleiiiii@Base 3.6.1-6
+ _ZN8X_sliderD0Ev@Base 3.6.1-6
+ _ZN8X_sliderD1Ev@Base 3.6.1-6
+ _ZN8X_textip10checkcallbEv@Base 3.6.1-6
+ _ZN8X_textip10checkclearEv@Base 3.6.1-6
+ _ZN8X_textip12handle_eventEP7_XEvent@Base 3.6.1-6
+ _ZN8X_textip4_xicE@Base 3.6.1-6
+ _ZN8X_textip5cbkeyEiP9XKeyEvent@Base 3.6.1-6
+ _ZN8X_textip5go_ltEv@Base 3.6.1-6
+ _ZN8X_textip5go_rtEv@Base 3.6.1-6
+ _ZN8X_textip5pasteEP15XSelectionEvent@Base 3.6.1-6
+ _ZN8X_textip5spkeyEP9XKeyEvent@Base 3.6.1-6
+ _ZN8X_textip6bpressEP12XButtonEvent@Base 3.6.1-6
+ _ZN8X_textip6del_ltEv@Base 3.6.1-6
+ _ZN8X_textip6del_rtEv@Base 3.6.1-6
+ _ZN8X_textip6enableEv@Base 3.6.1-6
+ _ZN8X_textip6exposeEP12XExposeEvent@Base 3.6.1-6
+ _ZN8X_textip6go_eolEv@Base 3.6.1-6
+ _ZN8X_textip6go_solEv@Base 3.6.1-6
+ _ZN8X_textip6insertEiPKh@Base 3.6.1-6
+ _ZN8X_textip6redrawEv@Base 3.6.1-6
+ _ZN8X_textip6selectEv@Base 3.6.1-6
+ _ZN8X_textip6updateEb@Base 3.6.1-6
+ _ZN8X_textip7del_allEv@Base 3.6.1-6
+ _ZN8X_textip7del_eolEv@Base 3.6.1-6
+ _ZN8X_textip8keypressEP9XKeyEvent@Base 3.6.1-6
+ _ZN8X_textip8remfocusEP17XFocusChangeEvent@Base 3.6.1-6
+ _ZN8X_textip8set_textEPKc@Base 3.6.1-6
+ _ZN8X_textip8setfocusEP17XFocusChangeEvent@Base 3.6.1-6
+ _ZN8X_textip9_utf8markE@Base 3.6.1-6
+ _ZN8X_textip9findindexEi@Base 3.6.1-6
+ _ZN8X_textip9set_alignEi@Base 3.6.1-6
+ _ZN8X_textip9set_colorEmP9_XftColor@Base 3.6.1-6
+ _ZN8X_textip9test_utf8EiPKh@Base 3.6.1-6
+ _ZN8X_textip9textwidthEii@Base 3.6.1-6
+ _ZN8X_textip9xorcursorEv@Base 3.6.1-6
+ _ZN8X_textipC1EP8X_windowP10X_callbackP14X_textln_styleiiiiiP8X_linkedS7_@Base 3.6.1-6
+ _ZN8X_textipC2EP8X_windowP10X_callbackP14X_textln_styleiiiiiP8X_linkedS7_@Base 3.6.1-6
+ _ZN8X_textipD0Ev@Base 3.6.1-6
+ _ZN8X_textipD1Ev@Base 3.6.1-6
+ _ZN8X_textipD2Ev@Base 3.6.1-6
+ _ZN8X_textln12handle_eventEP7_XEvent@Base 3.6.1-6
+ _ZN8X_textln6exposeEP12XExposeEvent@Base 3.6.1-6
+ _ZN8X_textlnC1EP8X_windowP14X_textln_styleiiiiPKci@Base 3.6.1-6
+ _ZN8X_textlnC2EP8X_windowP14X_textln_styleiiiiPKci@Base 3.6.1-6
+ _ZN8X_textlnD0Ev@Base 3.6.1-6
+ _ZN8X_textlnD1Ev@Base 3.6.1-6
+ _ZN8X_textlnD2Ev@Base 3.6.1-6
+ _ZN8X_vmeter5pmarkEP4_XGCi@Base 3.6.1-6
+ _ZN8X_vmeter5psectEP4_XGCii@Base 3.6.1-6
+ _ZN8X_vmeterC1EP8X_windowP13X_meter_styleP13X_scale_styleiii@Base 3.6.1-6
+ _ZN8X_vmeterC2EP8X_windowP13X_meter_styleP13X_scale_styleiii@Base 3.6.1-6
+ _ZN8X_vmeterD0Ev@Base 3.6.1-6
+ _ZN8X_vmeterD1Ev@Base 3.6.1-6
+ _ZN8X_vscale12handle_eventEP7_XEvent@Base 3.6.1-6
+ _ZN8X_vscale6exposeEP12XExposeEvent@Base 3.6.1-6
+ _ZN8X_vscaleC1EP8X_windowP13X_scale_styleiiii@Base 3.6.1-6
+ _ZN8X_vscaleC2EP8X_windowP13X_scale_styleiiii@Base 3.6.1-6
+ _ZN8X_vscaleD0Ev@Base 3.6.1-6
+ _ZN8X_vscaleD1Ev@Base 3.6.1-6
+ _ZN8X_window11x_set_titleEPKc@Base 3.6.1-6
+ _ZN8X_window12handle_eventEP7_XEvent@Base 3.6.1-6
+ _ZN8X_window12x_add_eventsEm@Base 3.6.1-6
+ _ZN8X_window12x_rem_eventsEm@Base 3.6.1-6
+ _ZN8X_window16x_set_backgroundEm@Base 3.6.1-6
+ _ZN8X_window4findEm@Base 3.6.1-6
+ _ZN8X_window7x_applyEP7X_hints@Base 3.6.1-6
+ _ZN8X_windowC1EP9X_display@Base 3.6.1-6
+ _ZN8X_windowC1EPS_iiiimmi@Base 3.6.1-6
+ _ZN8X_windowC2EP9X_display@Base 3.6.1-6
+ _ZN8X_windowC2EPS_iiiimmi@Base 3.6.1-6
+ _ZN8X_windowD0Ev@Base 3.6.1-6
+ _ZN8X_windowD1Ev@Base 3.6.1-6
+ _ZN8X_windowD2Ev@Base 3.6.1-6
+ _ZN9X_display10alloc_fontEPKc@Base 3.6.1-6
+ _ZN9X_display11_imgdef1515E@Base 3.6.1-6
+ _ZN9X_display11alloc_colorEPKcm@Base 3.6.1-6
+ _ZN9X_display11alloc_colorEfff@Base 3.6.1-6
+ _ZN9X_display12free_xftfontEP8_XftFont@Base 3.6.1-6
+ _ZN9X_display13alloc_xftfontEPKc@Base 3.6.1-6
+ _ZN9X_display13free_xftcolorEP9_XftColor@Base 3.6.1-6
+ _ZN9X_display14alloc_xftcolorEPKcP9_XftColor@Base 3.6.1-6
+ _ZN9X_display14alloc_xftcolorEffff@Base 3.6.1-6
+ _ZN9X_display9image1515Ej@Base 3.6.1-6
+ _ZN9X_displayC1EPKc@Base 3.6.1-6
+ _ZN9X_displayC2EPKc@Base 3.6.1-6
+ _ZN9X_displayD1Ev@Base 3.6.1-6
+ _ZN9X_displayD2Ev@Base 3.6.1-6
+ _ZN9X_handler8thr_mainEv@Base 3.6.1-6
+ _ZN9X_handlerC1EP9X_displayP5Edesti@Base 3.6.1-6
+ _ZN9X_handlerC2EP9X_displayP5Edesti@Base 3.6.1-6
+ _ZN9X_handlerD0Ev@Base 3.6.1-6
+ _ZN9X_handlerD1Ev@Base 3.6.1-6
+ _ZN9X_handlerD2Ev@Base 3.6.1-6
+ _ZN9X_hslider12handle_eventEP7_XEvent@Base 3.6.1-6
+ _ZN9X_hslider5eraseEi@Base 3.6.1-6
+ _ZN9X_hslider6domoveEi@Base 3.6.1-6
+ _ZN9X_hslider6plinesEv@Base 3.6.1-6
+ _ZN9X_hslider6plknobEi@Base 3.6.1-6
+ _ZN9X_hslider7set_valEf@Base 3.6.1-6
+ _ZN9X_hslider9set_colorEmm@Base 3.6.1-6
+ _ZN9X_hsliderC1EP8X_windowP10X_callbackP14X_slider_styleP13X_scale_styleiiii@Base 3.6.1-6
+ _ZN9X_hsliderC2EP8X_windowP10X_callbackP14X_slider_styleP13X_scale_styleiiii@Base 3.6.1-6
+ _ZN9X_hsliderD0Ev@Base 3.6.1-6
+ _ZN9X_hsliderD1Ev@Base 3.6.1-6
+ _ZN9X_ibutton6redrawEv@Base 3.6.1-6
+ _ZN9X_ibuttonC1EP8X_windowP10X_callbackP14X_button_styleiiP7_XImagei@Base 3.6.1-6
+ _ZN9X_ibuttonC2EP8X_windowP10X_callbackP14X_button_styleiiP7_XImagei@Base 3.6.1-6
+ _ZN9X_ibuttonD0Ev@Base 3.6.1-6
+ _ZN9X_ibuttonD1Ev@Base 3.6.1-6
+ _ZN9X_ibuttonD2Ev@Base 3.6.1-6
+ _ZN9X_menuwin12handle_eventEP7_XEvent@Base 3.6.1-6
+ _ZN9X_menuwin4hideEv@Base 3.6.1-6
+ _ZN9X_menuwin4showEv@Base 3.6.1-6
+ _ZN9X_menuwin5enterEP14XCrossingEvent@Base 3.6.1-6
+ _ZN9X_menuwin5leaveEP14XCrossingEvent@Base 3.6.1-6
+ _ZN9X_menuwin6bpressEP12XButtonEvent@Base 3.6.1-6
+ _ZN9X_menuwin6brelseEP12XButtonEvent@Base 3.6.1-6
+ _ZN9X_menuwin6drawitEib@Base 3.6.1-6
+ _ZN9X_menuwin6exposeEP12XExposeEvent@Base 3.6.1-6
+ _ZN9X_menuwin6finditEii@Base 3.6.1-6
+ _ZN9X_menuwin6motionEP12XMotionEvent@Base 3.6.1-6
+ _ZN9X_menuwin6redrawEb@Base 3.6.1-6
+ _ZN9X_menuwin6selectEi@Base 3.6.1-6
+ _ZN9X_menuwin8clr_maskEj@Base 3.6.1-6
+ _ZN9X_menuwin8set_maskEj@Base 3.6.1-6
+ _ZN9X_menuwinC1EP8X_windowP10X_callbackP15X_menuwin_styleiiP14X_menuwin_item@Base 3.6.1-6
+ _ZN9X_menuwinC2EP8X_windowP10X_callbackP15X_menuwin_styleiiP14X_menuwin_item@Base 3.6.1-6
+ _ZN9X_menuwinD0Ev@Base 3.6.1-6
+ _ZN9X_menuwinD1Ev@Base 3.6.1-6
+ _ZN9X_menuwinD2Ev@Base 3.6.1-6
+ _ZN9X_pbutton8set_statEb@Base 3.6.1-6
+ _ZN9X_pbuttonC1EP8X_windowP10X_callbackP14X_button_styleiimmi@Base 3.6.1-6
+ _ZN9X_pbuttonC2EP8X_windowP10X_callbackP14X_button_styleiimmi@Base 3.6.1-6
+ _ZN9X_pbuttonD0Ev@Base 3.6.1-6
+ _ZN9X_pbuttonD1Ev@Base 3.6.1-6
+ _ZN9X_pbuttonD2Ev@Base 3.6.1-6
+ _ZN9X_rootwin12handle_eventEP7_XEvent@Base 3.6.1-6
+ _ZN9X_rootwin12handle_eventEv@Base 3.6.1-6
+ _ZN9X_rootwinC1EP9X_display@Base 3.6.1-6
+ _ZN9X_rootwinC2EP9X_display@Base 3.6.1-6
+ _ZN9X_rootwinD0Ev@Base 3.6.1-6
+ _ZN9X_rootwinD1Ev@Base 3.6.1-6
+ _ZN9X_rootwinD2Ev@Base 3.6.1-6
+ _ZN9X_tbutton6redrawEv@Base 3.6.1-6
+ _ZN9X_tbutton8set_textEPKcS1_@Base 3.6.1-6
+ _ZN9X_tbuttonC1EP8X_windowP10X_callbackP14X_button_styleiiPKcS7_i@Base 3.6.1-6
+ _ZN9X_tbuttonC2EP8X_windowP10X_callbackP14X_button_styleiiPKcS7_i@Base 3.6.1-6
+ _ZN9X_tbuttonD0Ev@Base 3.6.1-6
+ _ZN9X_tbuttonD1Ev@Base 3.6.1-6
+ _ZN9X_tbuttonD2Ev@Base 3.6.1-6
+ _ZN9X_vslider12handle_eventEP7_XEvent@Base 3.6.1-6
+ _ZN9X_vslider5eraseEi@Base 3.6.1-6
+ _ZN9X_vslider6domoveEi@Base 3.6.1-6
+ _ZN9X_vslider6plinesEv@Base 3.6.1-6
+ _ZN9X_vslider6plknobEi@Base 3.6.1-6
+ _ZN9X_vslider7set_valEf@Base 3.6.1-6
+ _ZN9X_vslider9set_colorEmm@Base 3.6.1-6
+ _ZN9X_vsliderC1EP8X_windowP10X_callbackP14X_slider_styleP13X_scale_styleiiii@Base 3.6.1-6
+ _ZN9X_vsliderC2EP8X_windowP10X_callbackP14X_slider_styleP13X_scale_styleiiii@Base 3.6.1-6
+ _ZN9X_vsliderD0Ev@Base 3.6.1-6
+ _ZN9X_vsliderD1Ev@Base 3.6.1-6
+ _ZNK8X_resman3getEPKcS1_@Base 3.6.1-6
+ _ZNK8X_resman4getbEPKci@Base 3.6.1-6
+ _ZNK8X_window12x_moveresizeEiiii@Base 3.6.1-6
+ _ZNK8X_window12x_set_attribEmP20XSetWindowAttributes@Base 3.6.1-6
+ _ZNK8X_window17x_set_bit_gravityEi@Base 3.6.1-6
+ _ZNK8X_window17x_set_win_gravityEi@Base 3.6.1-6
+ _ZNK8X_window6x_moveEii@Base 3.6.1-6
+ _ZNK8X_window8x_resizeEii@Base 3.6.1-6
+ _ZTI10X_callback@Base 3.6.1-6
+ _ZTI5Edest@Base 3.6.1-6
+ _ZTI5Esync@Base 3.6.1-6
+ _ZTI6Bmutex@Base 3.6.1-6
+ _ZTI7X_meter@Base 3.6.1-6
+ _ZTI8H_thread@Base 3.6.1-6
+ _ZTI8ITC_ip1q@Base 3.6.1-6
+ _ZTI8X_button@Base 3.6.1-6
+ _ZTI8X_enumip@Base 3.6.1-6
+ _ZTI8X_hmeter@Base 3.6.1-6
+ _ZTI8X_hscale@Base 3.6.1-6
+ _ZTI8X_linked@Base 3.6.1-6
+ _ZTI8X_mclist@Base 3.6.1-6
+ _ZTI8X_scroll@Base 3.6.1-6
+ _ZTI8X_slider@Base 3.6.1-6
+ _ZTI8X_textip@Base 3.6.1-6
+ _ZTI8X_textln@Base 3.6.1-6
+ _ZTI8X_vmeter@Base 3.6.1-6
+ _ZTI8X_vscale@Base 3.6.1-6
+ _ZTI8X_window@Base 3.6.1-6
+ _ZTI9X_handler@Base 3.6.1-6
+ _ZTI9X_hslider@Base 3.6.1-6
+ _ZTI9X_ibutton@Base 3.6.1-6
+ _ZTI9X_menuwin@Base 3.6.1-6
+ _ZTI9X_pbutton@Base 3.6.1-6
+ _ZTI9X_rootwin@Base 3.6.1-6
+ _ZTI9X_tbutton@Base 3.6.1-6
+ _ZTI9X_vslider@Base 3.6.1-6
+ _ZTS10X_callback@Base 3.6.1-6
+ _ZTS5Edest@Base 3.6.1-6
+ _ZTS5Esync@Base 3.6.1-6
+ _ZTS6Bmutex@Base 3.6.1-6
+ _ZTS7X_meter@Base 3.6.1-6
+ _ZTS8H_thread@Base 3.6.1-6
+ _ZTS8ITC_ip1q@Base 3.6.1-6
+ _ZTS8X_button@Base 3.6.1-6
+ _ZTS8X_enumip@Base 3.6.1-6
+ _ZTS8X_hmeter@Base 3.6.1-6
+ _ZTS8X_hscale@Base 3.6.1-6
+ _ZTS8X_linked@Base 3.6.1-6
+ _ZTS8X_mclist@Base 3.6.1-6
+ _ZTS8X_scroll@Base 3.6.1-6
+ _ZTS8X_slider@Base 3.6.1-6
+ _ZTS8X_textip@Base 3.6.1-6
+ _ZTS8X_textln@Base 3.6.1-6
+ _ZTS8X_vmeter@Base 3.6.1-6
+ _ZTS8X_vscale@Base 3.6.1-6
+ _ZTS8X_window@Base 3.6.1-6
+ _ZTS9X_handler@Base 3.6.1-6
+ _ZTS9X_hslider@Base 3.6.1-6
+ _ZTS9X_ibutton@Base 3.6.1-6
+ _ZTS9X_menuwin@Base 3.6.1-6
+ _ZTS9X_pbutton@Base 3.6.1-6
+ _ZTS9X_rootwin@Base 3.6.1-6
+ _ZTS9X_tbutton@Base 3.6.1-6
+ _ZTS9X_vslider@Base 3.6.1-6
+ _ZTV5Edest@Base 3.6.1-6
+ _ZTV7X_meter@Base 3.6.1-6
+ _ZTV8ITC_ip1q@Base 3.6.1-6
+ _ZTV8X_button@Base 3.6.1-6
+ _ZTV8X_enumip@Base 3.6.1-6
+ _ZTV8X_hmeter@Base 3.6.1-6
+ _ZTV8X_hscale@Base 3.6.1-6
+ _ZTV8X_linked@Base 3.6.1-6
+ _ZTV8X_mclist@Base 3.6.1-6
+ _ZTV8X_scroll@Base 3.6.1-6
+ _ZTV8X_slider@Base 3.6.1-6
+ _ZTV8X_textip@Base 3.6.1-6
+ _ZTV8X_textln@Base 3.6.1-6
+ _ZTV8X_vmeter@Base 3.6.1-6
+ _ZTV8X_vscale@Base 3.6.1-6
+ _ZTV8X_window@Base 3.6.1-6
+ _ZTV9X_handler@Base 3.6.1-6
+ _ZTV9X_hslider@Base 3.6.1-6
+ _ZTV9X_ibutton@Base 3.6.1-6
+ _ZTV9X_menuwin@Base 3.6.1-6
+ _ZTV9X_pbutton@Base 3.6.1-6
+ _ZTV9X_rootwin@Base 3.6.1-6
+ _ZTV9X_tbutton@Base 3.6.1-6
+ _ZTV9X_vslider@Base 3.6.1-6
+ _ZThn16_N9X_handlerD0Ev@Base 3.6.1-6
+ _ZThn16_N9X_handlerD1Ev@Base 3.6.1-6
+ _ZThn56_N8X_enumip6selectEv@Base 3.6.1-6
+ _ZThn56_N8X_enumipD0Ev@Base 3.6.1-6
+ _ZThn56_N8X_enumipD1Ev@Base 3.6.1-6
+ _ZThn56_N8X_scroll12handle_callbEiP8X_windowP7_XEvent@Base 3.6.1-6
+ _ZThn56_N8X_scrollD0Ev@Base 3.6.1-6
+ _ZThn56_N8X_scrollD1Ev@Base 3.6.1-6
+ _ZThn56_N8X_textip6selectEv@Base 3.6.1-6
+ _ZThn56_N8X_textipD0Ev@Base 3.6.1-6
+ _ZThn56_N8X_textipD1Ev@Base 3.6.1-6
+ compare@Base 3.6.1-6
+ x_handler_error@Base 3.6.1-6
dh_makeshlibs: dpkg-gensymbols -plibclxclient3 -Idebian/libclxclient3.symbols.amd64 -Pdebian/libclxclient3 -edebian/libclxclient3/usr/lib/x86_64-linux-gnu/libclxclient.so.3.6.1
 returned exit code 1
make: *** [binary-arch] Error 1
dpkg-buildpackage: error: fakeroot debian/rules binary-arch gave error exit status 2
────────────────────────────────────────────────────────────────────────────────
Build finished at 20130131-1912

Finished
────────

E: Build failure (dpkg-buildpackage died)

┌──────────────────────────────────────────────────────────────────────────────┐
│ Cleanup                                                                      │
└──────────────────────────────────────────────────────────────────────────────┘

Purging /«BUILDDIR»
Not cleaning session: cloned chroot in use

┌──────────────────────────────────────────────────────────────────────────────┐
│ Summary                                                                      │
└──────────────────────────────────────────────────────────────────────────────┘

Architecture: amd64
Build-Space: 2656
Build-Time: 9
Distribution: unstable
Fail-Stage: build
Install-Time: 14
Job: clxclient_3.6.1-6
Package: clxclient
Package-Time: 52
Source-Version: 3.6.1-6
Space: 2656
Status: attempted
Version: 3.6.1-6
────────────────────────────────────────────────────────────────────────────────
Finished at 20130131-1912
Build needed 00:00:52, 2656k disc space
DC-Status: Failed 52.892475s
