DC-Build-Header: doxymacs 1.8.0-6 / Mon Jan 28 05:49:42 +0000 2013
DC-Task: logfile:/tmp/doxymacs_1.8.0-6_unstable_clang.log version:1.8.0-6 chroot:unstable modes:binary-only:clang source:doxymacs architecture:any esttime:40
DC-Sbuild-call: su user -c 'sbuild -n --apt-update -d unstable -v  --chroot-setup-commands=/tmp/switch-to-clang doxymacs_1.8.0-6'
Could not create '/sbuild-nonexistent/logs': No such file or directory
Could not create '/sbuild-nonexistent/logs': No such file or directory
sbuild (Debian sbuild) 0.62.5 (13 Jul 2011) on ip-10-30-143-130.ec2.internal

╔══════════════════════════════════════════════════════════════════════════════╗
║ doxymacs 1.8.0-6 (amd64)                                   28 Jan 2013 05:49 ║
╚══════════════════════════════════════════════════════════════════════════════╝

Package: doxymacs
Version: 1.8.0-6
Source Version: 1.8.0-6
Distribution: unstable
Architecture: amd64

I: NOTICE: Log filtering will replace 'build/doxymacs-JPSbT9/doxymacs-1.8.0' with '«PKGBUILDDIR»'
I: NOTICE: Log filtering will replace 'build/doxymacs-JPSbT9' with '«BUILDDIR»'
I: NOTICE: Log filtering will replace 'var/lib/schroot/mount/unstable-amd64-sbuild-f9d18d56-a2a1-4681-a7f3-fbd357c600dc' with '«CHROOT»'

┌──────────────────────────────────────────────────────────────────────────────┐
│ Update chroot                                                                │
└──────────────────────────────────────────────────────────────────────────────┘

Ign http://localhost unstable InRelease
Get:1 http://localhost unstable Release.gpg [836 B]
Get:2 http://localhost unstable Release [227 kB]
Ign http://localhost unstable/main Sources/DiffIndex
Ign http://localhost unstable/main amd64 Packages/DiffIndex
Get:3 http://localhost unstable/main Translation-en/DiffIndex [7876 B]
Get:4 http://localhost unstable/main 2013-01-27-2011.16.pdiff [737 B]
Get:5 http://localhost unstable/main 2013-01-27-2011.16.pdiff [737 B]
Get:6 http://localhost unstable/main Sources [8236 kB]
Get:7 http://localhost unstable/main amd64 Packages [8284 kB]
Get:8 http://localhost unstable/main 2013-01-28-0212.01.pdiff [43 B]
Get:9 http://localhost unstable/main 2013-01-28-0212.01.pdiff [43 B]
Fetched 16.8 MB in 3s (5103 kB/s)
Reading package lists...
Reading package lists...
Building dependency tree...
Reading state information...
0 upgraded, 0 newly installed, 0 to remove and 0 not upgraded.

┌──────────────────────────────────────────────────────────────────────────────┐
│ Fetch source files                                                           │
└──────────────────────────────────────────────────────────────────────────────┘


Check APT
─────────

Checking available source versions...

Download source files with APT
──────────────────────────────

Reading package lists...
Building dependency tree...
Reading state information...
NOTICE: 'doxymacs' packaging is maintained in the 'Git' version control system at:
git://git.debian.org/git/collab-maint/doxymacs.git
Need to get 141 kB of source archives.
Get:1 http://localhost/debian/ unstable/main doxymacs 1.8.0-6 (dsc) [1107 B]
Get:2 http://localhost/debian/ unstable/main doxymacs 1.8.0-6 (tar) [136 kB]
Get:3 http://localhost/debian/ unstable/main doxymacs 1.8.0-6 (diff) [3326 B]
Fetched 141 kB in 0s (751 kB/s)
Download complete and in download only mode

Check arch
──────────


┌──────────────────────────────────────────────────────────────────────────────┐
│ Chroot Setup Commands                                                        │
└──────────────────────────────────────────────────────────────────────────────┘


/tmp/switch-to-clang
────────────────────

+ echo 'Entering customization script...'
Entering customization script...
+ echo 'Add experimental as repository'
Add experimental as repository
+ echo deb http://localhost:9999/debian experimental main
+ apt-get update
Ign http://localhost unstable InRelease
Ign http://localhost experimental InRelease
Hit http://localhost unstable Release.gpg
Get:1 http://localhost experimental Release.gpg [836 B]
Hit http://localhost unstable Release
Get:2 http://localhost experimental Release [161 kB]
Ign http://localhost unstable/main Sources/DiffIndex
Ign http://localhost unstable/main amd64 Packages/DiffIndex
Hit http://localhost unstable/main Translation-en/DiffIndex
Get:3 http://localhost experimental/main Translation-en [704 kB]
Get:4 http://localhost experimental/main amd64 Packages [1605 kB]
Hit http://localhost unstable/main Sources
Hit http://localhost unstable/main amd64 Packages
Fetched 2471 kB in 1s (1396 kB/s)
Reading package lists...
+ echo 'Install of clang'
Install of clang
+ apt-get update
Ign http://localhost unstable InRelease
Ign http://localhost experimental InRelease
Hit http://localhost unstable Release.gpg
Hit http://localhost experimental Release.gpg
Hit http://localhost unstable Release
Hit http://localhost experimental Release
Ign http://localhost unstable/main Sources/DiffIndex
Ign http://localhost unstable/main amd64 Packages/DiffIndex
Hit http://localhost unstable/main Translation-en/DiffIndex
Ign http://localhost experimental/main amd64 Packages/DiffIndex
Get:1 http://localhost experimental/main Translation-en/DiffIndex [7819 B]
Hit http://localhost unstable/main Sources
Hit http://localhost unstable/main amd64 Packages
Hit http://localhost experimental/main amd64 Packages
Fetched 7819 B in 1s (4152 B/s)
Reading package lists...
+ apt-get install --yes --no-install-recommends clang -t experimental
Reading package lists...
Building dependency tree...
Reading state information...
The following extra packages will be installed:
  clang-3.2 compiler-rt cpp-4.7 g++-4.7 gcc-4.7 gcc-4.7-base gcc-4.8-base
  libc-dev-bin libc6 libc6-dev libclang-common-dev libexpat1 libffi5
  libgcc-4.7-dev libgcc1 libgomp1 libitm1 libllvm3.2 libncurses5 libncursesw5
  libobjc-4.7-dev libobjc4 libpython2.7-minimal libpython2.7-stdlib
  libquadmath0 libsqlite3-0 libssl1.0.0 libstdc++6 libstdc++6-4.7-dev
  libtinfo5 mime-support python python-minimal python2.7 python2.7-minimal
Suggested packages:
  gcc-4.7-locales g++-4.7-multilib gcc-4.7-doc libstdc++6-4.7-dbg
  gcc-4.7-multilib libmudflap0-4.7-dev libgcc1-dbg libgomp1-dbg libitm1-dbg
  libquadmath0-dbg libmudflap0-dbg libcloog-ppl0 libppl-c2 libppl7
  binutils-gold glibc-doc libstdc++6-4.7-doc python-doc python-tk
  python2.7-doc binfmt-support
Recommended packages:
  llvm-3.2-dev manpages-dev file
The following NEW packages will be installed:
  clang clang-3.2 compiler-rt gcc-4.8-base libclang-common-dev libexpat1
  libffi5 libgcc-4.7-dev libllvm3.2 libncursesw5 libobjc-4.7-dev libobjc4
  libpython2.7-minimal libpython2.7-stdlib libsqlite3-0 libssl1.0.0
  mime-support python python-minimal python2.7 python2.7-minimal
The following packages will be upgraded:
  cpp-4.7 g++-4.7 gcc-4.7 gcc-4.7-base libc-dev-bin libc6 libc6-dev libgcc1
  libgomp1 libitm1 libncurses5 libquadmath0 libstdc++6 libstdc++6-4.7-dev
  libtinfo5
15 upgraded, 21 newly installed, 0 to remove and 24 not upgraded.
Need to get 56.7 MB of archives.
After this operation, 72.6 MB of additional disk space will be used.
Get:1 http://localhost/debian/ experimental/main gcc-4.8-base amd64 4.8-20130127-1 [147 kB]
Get:2 http://localhost/debian/ experimental/main libc6-dev amd64 2.16-0experimental1 [3086 kB]
Get:3 http://localhost/debian/ experimental/main libc-dev-bin amd64 2.16-0experimental1 [226 kB]
Get:4 http://localhost/debian/ experimental/main libc6 amd64 2.16-0experimental1 [4729 kB]
Get:5 http://localhost/debian/ experimental/main libgcc1 amd64 1:4.8-20130127-1 [43.7 kB]
Get:6 http://localhost/debian/ experimental/main libstdc++6 amd64 4.8-20130127-1 [335 kB]
Get:7 http://localhost/debian/ experimental/main libtinfo5 amd64 5.9+20130119-1 [294 kB]
Get:8 http://localhost/debian/ experimental/main libncurses5 amd64 5.9+20130119-1 [115 kB]
Get:9 http://localhost/debian/ experimental/main libncursesw5 amd64 5.9+20130119-1 [142 kB]
Get:10 http://localhost/debian/ unstable/main libssl1.0.0 amd64 1.0.1c-4 [1213 kB]
Get:11 http://localhost/debian/ unstable/main libsqlite3-0 amd64 3.7.15.2-1 [463 kB]
Get:12 http://localhost/debian/ experimental/main libexpat1 amd64 2.1.0-2 [138 kB]
Get:13 http://localhost/debian/ unstable/main libffi5 amd64 3.0.10-3 [24.8 kB]
Get:14 http://localhost/debian/ experimental/main libgomp1 amd64 4.8-20130127-1 [27.4 kB]
Get:15 http://localhost/debian/ experimental/main libitm1 amd64 4.8-20130127-1 [37.7 kB]
Get:16 http://localhost/debian/ unstable/main libllvm3.2 amd64 3.2-2 [7865 kB]
Get:17 http://localhost/debian/ experimental/main libobjc4 amd64 4.8-20130127-1 [163 kB]
Get:18 http://localhost/debian/ experimental/main libquadmath0 amd64 4.8-20130127-1 [139 kB]
Get:19 http://localhost/debian/ experimental/main libstdc++6-4.7-dev amd64 4.7.2-19 [1678 kB]
Get:20 http://localhost/debian/ experimental/main g++-4.7 amd64 4.7.2-19 [5877 kB]
Get:21 http://localhost/debian/ experimental/main gcc-4.7 amd64 4.7.2-19 [5831 kB]
Get:22 http://localhost/debian/ experimental/main cpp-4.7 amd64 4.7.2-19 [5416 kB]
Get:23 http://localhost/debian/ experimental/main libgcc-4.7-dev amd64 4.7.2-19 [2465 kB]
Get:24 http://localhost/debian/ experimental/main gcc-4.7-base amd64 4.7.2-19 [148 kB]
Get:25 http://localhost/debian/ experimental/main mime-support all 3.53~experimental2 [36.5 kB]
Get:26 http://localhost/debian/ experimental/main libpython2.7-minimal amd64 2.7.3-15 [531 kB]
Get:27 http://localhost/debian/ experimental/main python2.7-minimal amd64 2.7.3-15 [1220 kB]
Get:28 http://localhost/debian/ experimental/main libpython2.7-stdlib amd64 2.7.3-15 [2367 kB]
Get:29 http://localhost/debian/ experimental/main python2.7 amd64 2.7.3-15 [326 kB]
Get:30 http://localhost/debian/ experimental/main python-minimal amd64 2.7.3-10 [41.8 kB]
Get:31 http://localhost/debian/ experimental/main python amd64 2.7.3-10 [184 kB]
Get:32 http://localhost/debian/ experimental/main libobjc-4.7-dev amd64 4.7.2-19 [717 kB]
Get:33 http://localhost/debian/ experimental/main libclang-common-dev amd64 3.2-1~exp5 [303 kB]
Get:34 http://localhost/debian/ experimental/main compiler-rt amd64 3.2-1~exp5 [315 kB]
Get:35 http://localhost/debian/ experimental/main clang-3.2 amd64 3.2-1~exp5 [10.1 MB]
Get:36 http://localhost/debian/ experimental/main clang all 3.2-1~exp5 [9506 B]
debconf: delaying package configuration, since apt-utils is not installed
Fetched 56.7 MB in 1s (32.2 MB/s)
Selecting previously unselected package gcc-4.8-base:amd64.
(Reading database ... 13484 files and directories currently installed.)
Unpacking gcc-4.8-base:amd64 (from .../gcc-4.8-base_4.8-20130127-1_amd64.deb) ...
Setting up gcc-4.8-base:amd64 (4.8-20130127-1) ...
(Reading database ... 13491 files and directories currently installed.)
Preparing to replace libc6-dev:amd64 2.13-38 (using .../libc6-dev_2.16-0experimental1_amd64.deb) ...
Unpacking replacement libc6-dev:amd64 ...
Preparing to replace libc-dev-bin 2.13-38 (using .../libc-dev-bin_2.16-0experimental1_amd64.deb) ...
Unpacking replacement libc-dev-bin ...
Preparing to replace libc6:amd64 2.13-38 (using .../libc6_2.16-0experimental1_amd64.deb) ...
debconf: unable to initialize frontend: Dialog
debconf: (Dialog frontend will not work on a dumb terminal, an emacs shell buffer, or without a controlling terminal.)
debconf: falling back to frontend: Readline
debconf: unable to initialize frontend: Readline
debconf: (This frontend requires a controlling tty.)
debconf: falling back to frontend: Teletype
Checking for services that may need to be restarted...
Checking init scripts...
Unpacking replacement libc6:amd64 ...
Setting up libc6:amd64 (2.16-0experimental1) ...
debconf: unable to initialize frontend: Dialog
debconf: (Dialog frontend will not work on a dumb terminal, an emacs shell buffer, or without a controlling terminal.)
debconf: falling back to frontend: Readline
debconf: unable to initialize frontend: Readline
debconf: (This frontend requires a controlling tty.)
debconf: falling back to frontend: Teletype
Checking for services that may need to be restarted...
Checking init scripts...
Nothing to restart.
(Reading database ... 13509 files and directories currently installed.)
Preparing to replace libgcc1:amd64 1:4.7.2-5 (using .../libgcc1_1%3a4.8-20130127-1_amd64.deb) ...
Unpacking replacement libgcc1:amd64 ...
Setting up libgcc1:amd64 (1:4.8-20130127-1) ...
(Reading database ... 13509 files and directories currently installed.)
Preparing to replace libstdc++6:amd64 4.7.2-5 (using .../libstdc++6_4.8-20130127-1_amd64.deb) ...
Unpacking replacement libstdc++6:amd64 ...
Setting up libstdc++6:amd64 (4.8-20130127-1) ...
(Reading database ... 13509 files and directories currently installed.)
Preparing to replace libtinfo5:amd64 5.9-10 (using .../libtinfo5_5.9+20130119-1_amd64.deb) ...
Unpacking replacement libtinfo5:amd64 ...
Setting up libtinfo5:amd64 (5.9+20130119-1) ...
(Reading database ... 13509 files and directories currently installed.)
Preparing to replace libncurses5:amd64 5.9-10 (using .../libncurses5_5.9+20130119-1_amd64.deb) ...
Unpacking replacement libncurses5:amd64 ...
Setting up libncurses5:amd64 (5.9+20130119-1) ...
Selecting previously unselected package libncursesw5:amd64.
(Reading database ... 13509 files and directories currently installed.)
Unpacking libncursesw5:amd64 (from .../libncursesw5_5.9+20130119-1_amd64.deb) ...
Selecting previously unselected package libssl1.0.0:amd64.
Unpacking libssl1.0.0:amd64 (from .../libssl1.0.0_1.0.1c-4_amd64.deb) ...
Selecting previously unselected package libsqlite3-0:amd64.
Unpacking libsqlite3-0:amd64 (from .../libsqlite3-0_3.7.15.2-1_amd64.deb) ...
Selecting previously unselected package libexpat1:amd64.
Unpacking libexpat1:amd64 (from .../libexpat1_2.1.0-2_amd64.deb) ...
Selecting previously unselected package libffi5:amd64.
Unpacking libffi5:amd64 (from .../libffi5_3.0.10-3_amd64.deb) ...
Preparing to replace libgomp1:amd64 4.7.2-5 (using .../libgomp1_4.8-20130127-1_amd64.deb) ...
Unpacking replacement libgomp1:amd64 ...
Preparing to replace libitm1:amd64 4.7.2-5 (using .../libitm1_4.8-20130127-1_amd64.deb) ...
Unpacking replacement libitm1:amd64 ...
Selecting previously unselected package libllvm3.2:amd64.
Unpacking libllvm3.2:amd64 (from .../libllvm3.2_3.2-2_amd64.deb) ...
Selecting previously unselected package libobjc4:amd64.
Unpacking libobjc4:amd64 (from .../libobjc4_4.8-20130127-1_amd64.deb) ...
Preparing to replace libquadmath0:amd64 4.7.2-5 (using .../libquadmath0_4.8-20130127-1_amd64.deb) ...
Unpacking replacement libquadmath0:amd64 ...
Preparing to replace libstdc++6-4.7-dev 4.7.2-5 (using .../libstdc++6-4.7-dev_4.7.2-19_amd64.deb) ...
Unpacking replacement libstdc++6-4.7-dev:amd64 ...
Preparing to replace g++-4.7 4.7.2-5 (using .../g++-4.7_4.7.2-19_amd64.deb) ...
Unpacking replacement g++-4.7 ...
Preparing to replace gcc-4.7 4.7.2-5 (using .../gcc-4.7_4.7.2-19_amd64.deb) ...
Unpacking replacement gcc-4.7 ...
Preparing to replace cpp-4.7 4.7.2-5 (using .../cpp-4.7_4.7.2-19_amd64.deb) ...
Unpacking replacement cpp-4.7 ...
Selecting previously unselected package libgcc-4.7-dev:amd64.
Unpacking libgcc-4.7-dev:amd64 (from .../libgcc-4.7-dev_4.7.2-19_amd64.deb) ...
Preparing to replace gcc-4.7-base:amd64 4.7.2-5 (using .../gcc-4.7-base_4.7.2-19_amd64.deb) ...
Unpacking replacement gcc-4.7-base:amd64 ...
Selecting previously unselected package mime-support.
Unpacking mime-support (from .../mime-support_3.53~experimental2_all.deb) ...
Selecting previously unselected package libpython2.7-minimal:amd64.
Unpacking libpython2.7-minimal:amd64 (from .../libpython2.7-minimal_2.7.3-15_amd64.deb) ...
Selecting previously unselected package python2.7-minimal.
Unpacking python2.7-minimal (from .../python2.7-minimal_2.7.3-15_amd64.deb) ...
Selecting previously unselected package libpython2.7-stdlib:amd64.
Unpacking libpython2.7-stdlib:amd64 (from .../libpython2.7-stdlib_2.7.3-15_amd64.deb) ...
Selecting previously unselected package python2.7.
Unpacking python2.7 (from .../python2.7_2.7.3-15_amd64.deb) ...
Selecting previously unselected package python-minimal.
Unpacking python-minimal (from .../python-minimal_2.7.3-10_amd64.deb) ...
Selecting previously unselected package python.
Unpacking python (from .../python_2.7.3-10_amd64.deb) ...
Selecting previously unselected package libobjc-4.7-dev:amd64.
Unpacking libobjc-4.7-dev:amd64 (from .../libobjc-4.7-dev_4.7.2-19_amd64.deb) ...
Selecting previously unselected package libclang-common-dev.
Unpacking libclang-common-dev (from .../libclang-common-dev_3.2-1~exp5_amd64.deb) ...
Selecting previously unselected package compiler-rt.
Unpacking compiler-rt (from .../compiler-rt_3.2-1~exp5_amd64.deb) ...
Selecting previously unselected package clang-3.2.
Unpacking clang-3.2 (from .../clang-3.2_3.2-1~exp5_amd64.deb) ...
Selecting previously unselected package clang.
Unpacking clang (from .../clang_3.2-1~exp5_all.deb) ...
Setting up libc-dev-bin (2.16-0experimental1) ...
Setting up libc6-dev:amd64 (2.16-0experimental1) ...
Setting up libncursesw5:amd64 (5.9+20130119-1) ...
Setting up libssl1.0.0:amd64 (1.0.1c-4) ...
debconf: unable to initialize frontend: Dialog
debconf: (Dialog frontend will not work on a dumb terminal, an emacs shell buffer, or without a controlling terminal.)
debconf: falling back to frontend: Readline
debconf: unable to initialize frontend: Readline
debconf: (This frontend requires a controlling tty.)
debconf: falling back to frontend: Teletype
Setting up libsqlite3-0:amd64 (3.7.15.2-1) ...
Setting up libexpat1:amd64 (2.1.0-2) ...
Setting up libffi5:amd64 (3.0.10-3) ...
Setting up libgomp1:amd64 (4.8-20130127-1) ...
Setting up libitm1:amd64 (4.8-20130127-1) ...
Setting up libllvm3.2:amd64 (3.2-2) ...
Setting up libobjc4:amd64 (4.8-20130127-1) ...
Setting up libquadmath0:amd64 (4.8-20130127-1) ...
Setting up gcc-4.7-base:amd64 (4.7.2-19) ...
Setting up libgcc-4.7-dev:amd64 (4.7.2-19) ...
Setting up libstdc++6-4.7-dev:amd64 (4.7.2-19) ...
Setting up cpp-4.7 (4.7.2-19) ...
Setting up gcc-4.7 (4.7.2-19) ...
Setting up g++-4.7 (4.7.2-19) ...
Setting up mime-support (3.53~experimental2) ...
Setting up libpython2.7-minimal:amd64 (2.7.3-15) ...
Setting up python2.7-minimal (2.7.3-15) ...
Linking and byte-compiling packages for runtime python2.7...
Setting up libpython2.7-stdlib:amd64 (2.7.3-15) ...
Setting up python2.7 (2.7.3-15) ...
Setting up python-minimal (2.7.3-10) ...
Setting up python (2.7.3-10) ...
Setting up libobjc-4.7-dev:amd64 (4.7.2-19) ...
Setting up libclang-common-dev (3.2-1~exp5) ...
Setting up compiler-rt (3.2-1~exp5) ...
Setting up clang-3.2 (3.2-1~exp5) ...
Setting up clang (3.2-1~exp5) ...
+ echo 'Replace gcc, g++ & cpp by clang'
Replace gcc, g++ & cpp by clang
+ VERSIONS='4.6 4.7'
+ cd /usr/bin
+ for VERSION in '$VERSIONS'
+ rm g++-4.6 gcc-4.6 cpp-4.6
+ ln -s clang++ g++-4.6
+ ln -s clang gcc-4.6
+ ln -s clang cpp-4.6
+ for VERSION in '$VERSIONS'
+ rm g++-4.7 gcc-4.7 cpp-4.7
+ ln -s clang++ g++-4.7
+ ln -s clang gcc-4.7
+ ln -s clang cpp-4.7
+ cd -
/«BUILDDIR»
+ echo 'Block the installation of new gcc version'
Block the installation of new gcc version
+ echo 'gcc-4.6 hold'
+ dpkg --set-selections
+ dpkg --set-selections
+ echo 'cpp-4.6 hold'
+ echo 'g++-4.6 hold'
+ dpkg --set-selections
+ echo 'gcc-4.7 hold'
+ dpkg --set-selections
+ echo 'cpp-4.7 hold'
+ dpkg --set-selections
+ dpkg --set-selections
+ echo 'g++-4.7 hold'
+ echo 'Check if gcc, g++ & cpp are actually clang'
Check if gcc, g++ & cpp are actually clang
+ gcc --version
+ grep clang
+ cpp --version
+ grep clang
+ g++ --version
+ grep clang

I: Finished running '/tmp/switch-to-clang'.

Finished processing commands.
────────────────────────────────────────────────────────────────────────────────
Merged Build-Depends: build-essential, fakeroot
Filtered Build-Depends: build-essential, fakeroot
dpkg-deb: building package `sbuild-build-depends-core-dummy' in `/«BUILDDIR»/resolver-C9Pl7z/apt_archive/sbuild-build-depends-core-dummy.deb'.
OK
Reading package lists...

┌──────────────────────────────────────────────────────────────────────────────┐
│ Install core build dependencies (apt-based resolver)                         │
└──────────────────────────────────────────────────────────────────────────────┘

Installing build dependencies
Reading package lists...
Building dependency tree...
Reading state information...
The following NEW packages will be installed:
  sbuild-build-depends-core-dummy
debconf: delaying package configuration, since apt-utils is not installed
0 upgraded, 1 newly installed, 0 to remove and 0 not upgraded.
Need to get 0 B/708 B of archives.
After this operation, 0 B of additional disk space will be used.
Selecting previously unselected package sbuild-build-depends-core-dummy.
(Reading database ... 14674 files and directories currently installed.)
Unpacking sbuild-build-depends-core-dummy (from .../sbuild-build-depends-core-dummy.deb) ...
Setting up sbuild-build-depends-core-dummy (0.invalid.0) ...
Merged Build-Depends: base-files, base-passwd, bash, bsdutils, coreutils, dash, debianutils, diffutils, dpkg, e2fsprogs, findutils, grep, gzip, hostname, libc-bin, login, mount, ncurses-base, ncurses-bin, perl-base, sed, sysvinit, sysvinit-utils, tar, util-linux, libc6-dev | libc-dev, gcc (>= 4:4.4.3), g++ (>= 4:4.4.3), make, dpkg-dev (>= 1.13.5), debhelper (>> 7), emacs23 | emacsen, libxml2-dev
Filtered Build-Depends: base-files, base-passwd, bash, bsdutils, coreutils, dash, debianutils, diffutils, dpkg, e2fsprogs, findutils, grep, gzip, hostname, libc-bin, login, mount, ncurses-base, ncurses-bin, perl-base, sed, sysvinit, sysvinit-utils, tar, util-linux, libc6-dev, gcc (>= 4:4.4.3), g++ (>= 4:4.4.3), make, dpkg-dev (>= 1.13.5), debhelper (>> 7), emacs23, libxml2-dev
dpkg-deb: building package `sbuild-build-depends-doxymacs-dummy' in `/«BUILDDIR»/resolver-tFokkH/apt_archive/sbuild-build-depends-doxymacs-dummy.deb'.
OK
Reading package lists...

┌──────────────────────────────────────────────────────────────────────────────┐
│ Install doxymacs build dependencies (apt-based resolver)                     │
└──────────────────────────────────────────────────────────────────────────────┘

Installing build dependencies
Reading package lists...
Building dependency tree...
Reading state information...
The following extra packages will be installed:
  bsdmainutils debhelper emacs23 emacs23-bin-common emacs23-common
  emacsen-common file fontconfig fontconfig-config gconf-service gconf2-common
  gettext gettext-base groff-base html2text intltool-debian libasound2
  libasprintf-dev libasprintf0c2 libatk1.0-0 libatk1.0-data libavahi-client3
  libavahi-common-data libavahi-common3 libcairo2 libcroco3 libcups2
  libdatrie1 libdbus-1-3 libdbus-glib-1-2 libfontconfig1 libfreetype6
  libfribidi0 libgconf-2-4 libgcrypt11 libgd2-noxpm libgdk-pixbuf2.0-0
  libgdk-pixbuf2.0-common libgettextpo-dev libgettextpo0 libgif4 libglib2.0-0
  libgnutls26 libgpg-error0 libgssapi-krb5-2 libgtk2.0-0 libgtk2.0-common
  libice6 libjasper1 libjbig0 libjpeg8 libk5crypto3 libkeyutils1 libkrb5-3
  libkrb5support0 libldap-2.4-2 liblockfile-bin liblockfile1 libm17n-0
  libmagic1 libotf0 libp11-kit0 libpango1.0-0 libpcre3 libpipeline1
  libpixman-1-0 libpng12-0 librsvg2-2 libsasl2-2 libsm6 libtasn1-3
  libthai-data libthai0 libtiff4 libunistring0 libx11-6 libx11-data libxau6
  libxcb-render0 libxcb-shm0 libxcb1 libxcomposite1 libxcursor1 libxdamage1
  libxdmcp6 libxext6 libxfixes3 libxft2 libxi6 libxinerama1 libxml2
  libxml2-dev libxpm4 libxrandr2 libxrender1 libxt6 m17n-contrib m17n-db
  man-db po-debconf shared-mime-info ttf-dejavu-core x11-common
Suggested packages:
  wamerican wordlist whois vacation dh-make emacs23-common-non-dfsg emacs23-el
  gettext-doc groff libasound2-plugins cups-common rng-tools libgd-tools
  krb5-doc krb5-user librsvg2-common gvfs libjasper-runtime m17n-docs
  ttf-baekmuk ttf-arphic-gbsn00lp ttf-arphic-bsmi00lp ttf-arphic-gkai00mp
  ttf-arphic-bkai00mp librsvg2-bin gawk less www-browser libmail-box-perl
Recommended packages:
  curl wget lynx-cur autopoint dbus libglib2.0-data hicolor-icon-theme
  libgtk2.0-bin krb5-locales libsasl2-modules xml-core libmail-sendmail-perl
The following NEW packages will be installed:
  bsdmainutils debhelper emacs23 emacs23-bin-common emacs23-common
  emacsen-common file fontconfig fontconfig-config gconf-service gconf2-common
  gettext gettext-base groff-base html2text intltool-debian libasound2
  libasprintf-dev libasprintf0c2 libatk1.0-0 libatk1.0-data libavahi-client3
  libavahi-common-data libavahi-common3 libcairo2 libcroco3 libcups2
  libdatrie1 libdbus-1-3 libdbus-glib-1-2 libfontconfig1 libfreetype6
  libfribidi0 libgconf-2-4 libgcrypt11 libgd2-noxpm libgdk-pixbuf2.0-0
  libgdk-pixbuf2.0-common libgettextpo-dev libgettextpo0 libgif4 libglib2.0-0
  libgnutls26 libgpg-error0 libgssapi-krb5-2 libgtk2.0-0 libgtk2.0-common
  libice6 libjasper1 libjbig0 libjpeg8 libk5crypto3 libkeyutils1 libkrb5-3
  libkrb5support0 libldap-2.4-2 liblockfile-bin liblockfile1 libm17n-0
  libmagic1 libotf0 libp11-kit0 libpango1.0-0 libpcre3 libpipeline1
  libpixman-1-0 libpng12-0 librsvg2-2 libsasl2-2 libsm6 libtasn1-3
  libthai-data libthai0 libtiff4 libunistring0 libx11-6 libx11-data libxau6
  libxcb-render0 libxcb-shm0 libxcb1 libxcomposite1 libxcursor1 libxdamage1
  libxdmcp6 libxext6 libxfixes3 libxft2 libxi6 libxinerama1 libxml2
  libxml2-dev libxpm4 libxrandr2 libxrender1 libxt6 m17n-contrib m17n-db
  man-db po-debconf sbuild-build-depends-doxymacs-dummy shared-mime-info
  ttf-dejavu-core x11-common
0 upgraded, 104 newly installed, 0 to remove and 0 not upgraded.
Need to get 55.3 MB/55.3 MB of archives.
After this operation, 181 MB of additional disk space will be used.
Get:1 http://localhost/debian/ unstable/main libpipeline1 amd64 1.2.2-1 [39.9 kB]
Get:2 http://localhost/debian/ unstable/main groff-base amd64 1.22.1-2 [741 kB]
Get:3 http://localhost/debian/ unstable/main bsdmainutils amd64 9.0.4 [210 kB]
Get:4 http://localhost/debian/ unstable/main man-db amd64 2.6.3-3 [898 kB]
Get:5 http://localhost/debian/ unstable/main libasprintf0c2 amd64 0.18.1.1-10 [27.2 kB]
Get:6 http://localhost/debian/ unstable/main libgpg-error0 amd64 1.10-3.1 [77.9 kB]
Get:7 http://localhost/debian/ unstable/main libgcrypt11 amd64 1.5.0-3 [298 kB]
Get:8 http://localhost/debian/ unstable/main libp11-kit0 amd64 0.12-3 [52.8 kB]
Get:9 http://localhost/debian/ unstable/main libtasn1-3 amd64 2.13-2 [67.7 kB]
Get:10 http://localhost/debian/ unstable/main libgnutls26 amd64 2.12.20-3 [618 kB]
Get:11 http://localhost/debian/ unstable/main libkeyutils1 amd64 1.5.5-4 [8690 B]
Get:12 http://localhost/debian/ unstable/main libkrb5support0 amd64 1.10.1+dfsg-3 [49.2 kB]
Get:13 http://localhost/debian/ unstable/main libk5crypto3 amd64 1.10.1+dfsg-3 [112 kB]
Get:14 http://localhost/debian/ unstable/main libkrb5-3 amd64 1.10.1+dfsg-3 [394 kB]
Get:15 http://localhost/debian/ unstable/main libgssapi-krb5-2 amd64 1.10.1+dfsg-3 [148 kB]
Get:16 http://localhost/debian/ unstable/main libsasl2-2 amd64 2.1.25.dfsg1-6 [120 kB]
Get:17 http://localhost/debian/ unstable/main libldap-2.4-2 amd64 2.4.31-1 [243 kB]
Get:18 http://localhost/debian/ unstable/main liblockfile-bin amd64 1.09-5 [18.6 kB]
Get:19 http://localhost/debian/ unstable/main liblockfile1 amd64 1.09-5 [15.5 kB]
Get:20 http://localhost/debian/ unstable/main libmagic1 amd64 5.11-2 [202 kB]
Get:21 http://localhost/debian/ unstable/main libpcre3 amd64 1:8.31-2 [247 kB]
Get:22 http://localhost/debian/ unstable/main libxml2 amd64 2.8.0+dfsg1-7 [903 kB]
Get:23 http://localhost/debian/ unstable/main libasound2 amd64 1.0.25-4 [461 kB]
Get:24 http://localhost/debian/ unstable/main libglib2.0-0 amd64 2.33.12+really2.32.4-5 [1838 kB]
Get:25 http://localhost/debian/ unstable/main libatk1.0-data all 2.4.0-2 [240 kB]
Get:26 http://localhost/debian/ unstable/main libatk1.0-0 amd64 2.4.0-2 [95.1 kB]
Get:27 http://localhost/debian/ unstable/main libavahi-common-data amd64 0.6.31-1 [134 kB]
Get:28 http://localhost/debian/ unstable/main libavahi-common3 amd64 0.6.31-1 [54.3 kB]
Get:29 http://localhost/debian/ unstable/main libdbus-1-3 amd64 1.6.8-1 [173 kB]
Get:30 http://localhost/debian/ unstable/main libavahi-client3 amd64 0.6.31-1 [59.1 kB]
Get:31 http://localhost/debian/ unstable/main libfreetype6 amd64 2.4.9-1.1 [451 kB]
Get:32 http://localhost/debian/ unstable/main ttf-dejavu-core all 2.33-3 [1021 kB]
Get:33 http://localhost/debian/ unstable/main fontconfig-config all 2.9.0-7.1 [233 kB]
Get:34 http://localhost/debian/ unstable/main libfontconfig1 amd64 2.9.0-7.1 [300 kB]
Get:35 http://localhost/debian/ unstable/main libpixman-1-0 amd64 0.26.0-3 [427 kB]
Get:36 http://localhost/debian/ unstable/main libpng12-0 amd64 1.2.49-3 [190 kB]
Get:37 http://localhost/debian/ unstable/main libxau6 amd64 1:1.0.7-1 [18.8 kB]
Get:38 http://localhost/debian/ unstable/main libxdmcp6 amd64 1:1.1.1-1 [26.3 kB]
Get:39 http://localhost/debian/ unstable/main libxcb1 amd64 1.8.1-2 [50.1 kB]
Get:40 http://localhost/debian/ unstable/main libx11-data all 2:1.5.0-1 [189 kB]
Get:41 http://localhost/debian/ unstable/main libx11-6 amd64 2:1.5.0-1 [901 kB]
Get:42 http://localhost/debian/ unstable/main libxcb-render0 amd64 1.8.1-2 [18.5 kB]
Get:43 http://localhost/debian/ unstable/main libxcb-shm0 amd64 1.8.1-2 [10.3 kB]
Get:44 http://localhost/debian/ unstable/main libxrender1 amd64 1:0.9.7-1 [32.2 kB]
Get:45 http://localhost/debian/ unstable/main libcairo2 amd64 1.12.2-2.1 [912 kB]
Get:46 http://localhost/debian/ unstable/main libcroco3 amd64 0.6.6-2 [134 kB]
Get:47 http://localhost/debian/ unstable/main libcups2 amd64 1.5.3-2.14 [255 kB]
Get:48 http://localhost/debian/ unstable/main libdatrie1 amd64 0.2.5-3 [28.6 kB]
Get:49 http://localhost/debian/ unstable/main libdbus-glib-1-2 amd64 0.100-1 [202 kB]
Get:50 http://localhost/debian/ unstable/main libfribidi0 amd64 0.19.2-3 [36.8 kB]
Get:51 http://localhost/debian/ unstable/main gconf2-common all 3.2.5-1+build1 [1023 kB]
Get:52 http://localhost/debian/ unstable/main libgconf-2-4 amd64 3.2.5-1+build1 [419 kB]
Get:53 http://localhost/debian/ unstable/main libjpeg8 amd64 8d-1 [134 kB]
Get:54 http://localhost/debian/ unstable/main libgd2-noxpm amd64 2.0.36~rc1~dfsg-6.1 [229 kB]
Get:55 http://localhost/debian/ unstable/main libjasper1 amd64 1.900.1-14 [160 kB]
Get:56 http://localhost/debian/ unstable/main libjbig0 amd64 2.0-2 [32.2 kB]
Get:57 http://localhost/debian/ unstable/main libtiff4 amd64 3.9.6-11 [202 kB]
Get:58 http://localhost/debian/ unstable/main libgdk-pixbuf2.0-common all 2.26.1-1 [497 kB]
Get:59 http://localhost/debian/ unstable/main libgdk-pixbuf2.0-0 amd64 2.26.1-1 [207 kB]
Get:60 http://localhost/debian/ unstable/main libunistring0 amd64 0.9.3-5 [434 kB]
Get:61 http://localhost/debian/ unstable/main libgettextpo0 amd64 0.18.1.1-10 [145 kB]
Get:62 http://localhost/debian/ unstable/main libgtk2.0-common all 2.24.10-2 [3081 kB]
Get:63 http://localhost/debian/ unstable/main libthai-data all 0.1.18-2 [154 kB]
Get:64 http://localhost/debian/ unstable/main libthai0 amd64 0.1.18-2 [42.3 kB]
Get:65 http://localhost/debian/ unstable/main libxft2 amd64 2.3.1-1 [61.0 kB]
Get:66 http://localhost/debian/ unstable/main fontconfig amd64 2.9.0-7.1 [348 kB]
Get:67 http://localhost/debian/ unstable/main libpango1.0-0 amd64 1.30.0-1 [461 kB]
Get:68 http://localhost/debian/ unstable/main libxcomposite1 amd64 1:0.4.3-2 [16.6 kB]
Get:69 http://localhost/debian/ unstable/main libxfixes3 amd64 1:5.0-4 [21.5 kB]
Get:70 http://localhost/debian/ unstable/main libxcursor1 amd64 1:1.1.13-1 [26.9 kB]
Get:71 http://localhost/debian/ unstable/main libxdamage1 amd64 1:1.1.3-2 [14.3 kB]
Get:72 http://localhost/debian/ unstable/main libxext6 amd64 2:1.3.1-2 [55.3 kB]
Get:73 http://localhost/debian/ unstable/main libxi6 amd64 2:1.6.1-1 [75.0 kB]
Get:74 http://localhost/debian/ unstable/main libxinerama1 amd64 2:1.1.2-1 [16.8 kB]
Get:75 http://localhost/debian/ unstable/main libxrandr2 amd64 2:1.3.2-2 [33.5 kB]
Get:76 http://localhost/debian/ unstable/main shared-mime-info amd64 1.0-1+b1 [595 kB]
Get:77 http://localhost/debian/ unstable/main libgtk2.0-0 amd64 2.24.10-2 [2200 kB]
Get:78 http://localhost/debian/ unstable/main x11-common all 1:7.7+1 [278 kB]
Get:79 http://localhost/debian/ unstable/main libice6 amd64 2:1.0.8-2 [63.1 kB]
Get:80 http://localhost/debian/ unstable/main librsvg2-2 amd64 2.36.1-1 [254 kB]
Get:81 http://localhost/debian/ unstable/main libsm6 amd64 2:1.2.1-2 [34.2 kB]
Get:82 http://localhost/debian/ unstable/main libxpm4 amd64 1:3.5.10-1 [49.4 kB]
Get:83 http://localhost/debian/ unstable/main libxt6 amd64 1:1.1.3-1 [211 kB]
Get:84 http://localhost/debian/ unstable/main file amd64 5.11-2 [51.8 kB]
Get:85 http://localhost/debian/ unstable/main gettext-base amd64 0.18.1.1-10 [154 kB]
Get:86 http://localhost/debian/ unstable/main html2text amd64 1.3.2a-15 [103 kB]
Get:87 http://localhost/debian/ unstable/main libasprintf-dev amd64 0.18.1.1-10 [26.8 kB]
Get:88 http://localhost/debian/ unstable/main libgettextpo-dev amd64 0.18.1.1-10 [184 kB]
Get:89 http://localhost/debian/ unstable/main gettext amd64 0.18.1.1-10 [1815 kB]
Get:90 http://localhost/debian/ unstable/main intltool-debian all 0.35.0+20060710.1 [30.8 kB]
Get:91 http://localhost/debian/ unstable/main po-debconf all 1.0.16+nmu2 [224 kB]
Get:92 http://localhost/debian/ unstable/main debhelper all 9.20120909 [705 kB]
Get:93 http://localhost/debian/ unstable/main emacsen-common all 2.0.5 [20.9 kB]
Get:94 http://localhost/debian/ unstable/main emacs23-common all 23.4+1-4 [18.6 MB]
Get:95 http://localhost/debian/ unstable/main emacs23-bin-common amd64 23.4+1-4 [263 kB]
Get:96 http://localhost/debian/ unstable/main gconf-service amd64 3.2.5-1+build1 [408 kB]
Get:97 http://localhost/debian/ unstable/main libgif4 amd64 4.1.6-10 [42.7 kB]
Get:98 http://localhost/debian/ unstable/main libotf0 amd64 0.9.13-1 [59.2 kB]
Get:99 http://localhost/debian/ unstable/main m17n-db all 1.6.4-1 [1853 kB]
Get:100 http://localhost/debian/ unstable/main m17n-contrib all 1.1.14-1 [545 kB]
Get:101 http://localhost/debian/ unstable/main libm17n-0 amd64 1.6.4-1 [303 kB]
Get:102 http://localhost/debian/ unstable/main emacs23 amd64 23.4+1-4 [3432 kB]
Get:103 http://localhost/debian/ unstable/main libxml2-dev amd64 2.8.0+dfsg1-7 [899 kB]
debconf: delaying package configuration, since apt-utils is not installed
Fetched 55.3 MB in 6s (8139 kB/s)
Selecting previously unselected package libpipeline1:amd64.
(Reading database ... 14674 files and directories currently installed.)
Unpacking libpipeline1:amd64 (from .../libpipeline1_1.2.2-1_amd64.deb) ...
Selecting previously unselected package groff-base.
Unpacking groff-base (from .../groff-base_1.22.1-2_amd64.deb) ...
Selecting previously unselected package bsdmainutils.
Unpacking bsdmainutils (from .../bsdmainutils_9.0.4_amd64.deb) ...
Selecting previously unselected package man-db.
Unpacking man-db (from .../man-db_2.6.3-3_amd64.deb) ...
Selecting previously unselected package libasprintf0c2:amd64.
Unpacking libasprintf0c2:amd64 (from .../libasprintf0c2_0.18.1.1-10_amd64.deb) ...
Selecting previously unselected package libgpg-error0:amd64.
Unpacking libgpg-error0:amd64 (from .../libgpg-error0_1.10-3.1_amd64.deb) ...
Selecting previously unselected package libgcrypt11:amd64.
Unpacking libgcrypt11:amd64 (from .../libgcrypt11_1.5.0-3_amd64.deb) ...
Selecting previously unselected package libp11-kit0:amd64.
Unpacking libp11-kit0:amd64 (from .../libp11-kit0_0.12-3_amd64.deb) ...
Selecting previously unselected package libtasn1-3:amd64.
Unpacking libtasn1-3:amd64 (from .../libtasn1-3_2.13-2_amd64.deb) ...
Selecting previously unselected package libgnutls26:amd64.
Unpacking libgnutls26:amd64 (from .../libgnutls26_2.12.20-3_amd64.deb) ...
Selecting previously unselected package libkeyutils1:amd64.
Unpacking libkeyutils1:amd64 (from .../libkeyutils1_1.5.5-4_amd64.deb) ...
Selecting previously unselected package libkrb5support0:amd64.
Unpacking libkrb5support0:amd64 (from .../libkrb5support0_1.10.1+dfsg-3_amd64.deb) ...
Selecting previously unselected package libk5crypto3:amd64.
Unpacking libk5crypto3:amd64 (from .../libk5crypto3_1.10.1+dfsg-3_amd64.deb) ...
Selecting previously unselected package libkrb5-3:amd64.
Unpacking libkrb5-3:amd64 (from .../libkrb5-3_1.10.1+dfsg-3_amd64.deb) ...
Selecting previously unselected package libgssapi-krb5-2:amd64.
Unpacking libgssapi-krb5-2:amd64 (from .../libgssapi-krb5-2_1.10.1+dfsg-3_amd64.deb) ...
Selecting previously unselected package libsasl2-2:amd64.
Unpacking libsasl2-2:amd64 (from .../libsasl2-2_2.1.25.dfsg1-6_amd64.deb) ...
Selecting previously unselected package libldap-2.4-2:amd64.
Unpacking libldap-2.4-2:amd64 (from .../libldap-2.4-2_2.4.31-1_amd64.deb) ...
Selecting previously unselected package liblockfile-bin.
Unpacking liblockfile-bin (from .../liblockfile-bin_1.09-5_amd64.deb) ...
Selecting previously unselected package liblockfile1:amd64.
Unpacking liblockfile1:amd64 (from .../liblockfile1_1.09-5_amd64.deb) ...
Selecting previously unselected package libmagic1:amd64.
Unpacking libmagic1:amd64 (from .../libmagic1_5.11-2_amd64.deb) ...
Selecting previously unselected package libpcre3:amd64.
Unpacking libpcre3:amd64 (from .../libpcre3_1%3a8.31-2_amd64.deb) ...
Selecting previously unselected package libxml2:amd64.
Unpacking libxml2:amd64 (from .../libxml2_2.8.0+dfsg1-7_amd64.deb) ...
Selecting previously unselected package libasound2:amd64.
Unpacking libasound2:amd64 (from .../libasound2_1.0.25-4_amd64.deb) ...
Selecting previously unselected package libglib2.0-0:amd64.
Unpacking libglib2.0-0:amd64 (from .../libglib2.0-0_2.33.12+really2.32.4-5_amd64.deb) ...
Selecting previously unselected package libatk1.0-data.
Unpacking libatk1.0-data (from .../libatk1.0-data_2.4.0-2_all.deb) ...
Selecting previously unselected package libatk1.0-0:amd64.
Unpacking libatk1.0-0:amd64 (from .../libatk1.0-0_2.4.0-2_amd64.deb) ...
Selecting previously unselected package libavahi-common-data:amd64.
Unpacking libavahi-common-data:amd64 (from .../libavahi-common-data_0.6.31-1_amd64.deb) ...
Selecting previously unselected package libavahi-common3:amd64.
Unpacking libavahi-common3:amd64 (from .../libavahi-common3_0.6.31-1_amd64.deb) ...
Selecting previously unselected package libdbus-1-3:amd64.
Unpacking libdbus-1-3:amd64 (from .../libdbus-1-3_1.6.8-1_amd64.deb) ...
Selecting previously unselected package libavahi-client3:amd64.
Unpacking libavahi-client3:amd64 (from .../libavahi-client3_0.6.31-1_amd64.deb) ...
Selecting previously unselected package libfreetype6:amd64.
Unpacking libfreetype6:amd64 (from .../libfreetype6_2.4.9-1.1_amd64.deb) ...
Selecting previously unselected package ttf-dejavu-core.
Unpacking ttf-dejavu-core (from .../ttf-dejavu-core_2.33-3_all.deb) ...
Selecting previously unselected package fontconfig-config.
Unpacking fontconfig-config (from .../fontconfig-config_2.9.0-7.1_all.deb) ...
Selecting previously unselected package libfontconfig1:amd64.
Unpacking libfontconfig1:amd64 (from .../libfontconfig1_2.9.0-7.1_amd64.deb) ...
Selecting previously unselected package libpixman-1-0:amd64.
Unpacking libpixman-1-0:amd64 (from .../libpixman-1-0_0.26.0-3_amd64.deb) ...
Selecting previously unselected package libpng12-0:amd64.
Unpacking libpng12-0:amd64 (from .../libpng12-0_1.2.49-3_amd64.deb) ...
Selecting previously unselected package libxau6:amd64.
Unpacking libxau6:amd64 (from .../libxau6_1%3a1.0.7-1_amd64.deb) ...
Selecting previously unselected package libxdmcp6:amd64.
Unpacking libxdmcp6:amd64 (from .../libxdmcp6_1%3a1.1.1-1_amd64.deb) ...
Selecting previously unselected package libxcb1:amd64.
Unpacking libxcb1:amd64 (from .../libxcb1_1.8.1-2_amd64.deb) ...
Selecting previously unselected package libx11-data.
Unpacking libx11-data (from .../libx11-data_2%3a1.5.0-1_all.deb) ...
Selecting previously unselected package libx11-6:amd64.
Unpacking libx11-6:amd64 (from .../libx11-6_2%3a1.5.0-1_amd64.deb) ...
Selecting previously unselected package libxcb-render0:amd64.
Unpacking libxcb-render0:amd64 (from .../libxcb-render0_1.8.1-2_amd64.deb) ...
Selecting previously unselected package libxcb-shm0:amd64.
Unpacking libxcb-shm0:amd64 (from .../libxcb-shm0_1.8.1-2_amd64.deb) ...
Selecting previously unselected package libxrender1:amd64.
Unpacking libxrender1:amd64 (from .../libxrender1_1%3a0.9.7-1_amd64.deb) ...
Selecting previously unselected package libcairo2:amd64.
Unpacking libcairo2:amd64 (from .../libcairo2_1.12.2-2.1_amd64.deb) ...
Selecting previously unselected package libcroco3:amd64.
Unpacking libcroco3:amd64 (from .../libcroco3_0.6.6-2_amd64.deb) ...
Selecting previously unselected package libcups2:amd64.
Unpacking libcups2:amd64 (from .../libcups2_1.5.3-2.14_amd64.deb) ...
Selecting previously unselected package libdatrie1:amd64.
Unpacking libdatrie1:amd64 (from .../libdatrie1_0.2.5-3_amd64.deb) ...
Selecting previously unselected package libdbus-glib-1-2:amd64.
Unpacking libdbus-glib-1-2:amd64 (from .../libdbus-glib-1-2_0.100-1_amd64.deb) ...
Selecting previously unselected package libfribidi0:amd64.
Unpacking libfribidi0:amd64 (from .../libfribidi0_0.19.2-3_amd64.deb) ...
Selecting previously unselected package gconf2-common.
Unpacking gconf2-common (from .../gconf2-common_3.2.5-1+build1_all.deb) ...
Selecting previously unselected package libgconf-2-4:amd64.
Unpacking libgconf-2-4:amd64 (from .../libgconf-2-4_3.2.5-1+build1_amd64.deb) ...
Selecting previously unselected package libjpeg8:amd64.
Unpacking libjpeg8:amd64 (from .../libjpeg8_8d-1_amd64.deb) ...
Selecting previously unselected package libgd2-noxpm:amd64.
Unpacking libgd2-noxpm:amd64 (from .../libgd2-noxpm_2.0.36~rc1~dfsg-6.1_amd64.deb) ...
Selecting previously unselected package libjasper1:amd64.
Unpacking libjasper1:amd64 (from .../libjasper1_1.900.1-14_amd64.deb) ...
Selecting previously unselected package libjbig0:amd64.
Unpacking libjbig0:amd64 (from .../libjbig0_2.0-2_amd64.deb) ...
Selecting previously unselected package libtiff4:amd64.
Unpacking libtiff4:amd64 (from .../libtiff4_3.9.6-11_amd64.deb) ...
Selecting previously unselected package libgdk-pixbuf2.0-common.
Unpacking libgdk-pixbuf2.0-common (from .../libgdk-pixbuf2.0-common_2.26.1-1_all.deb) ...
Selecting previously unselected package libgdk-pixbuf2.0-0:amd64.
Unpacking libgdk-pixbuf2.0-0:amd64 (from .../libgdk-pixbuf2.0-0_2.26.1-1_amd64.deb) ...
Selecting previously unselected package libunistring0:amd64.
Unpacking libunistring0:amd64 (from .../libunistring0_0.9.3-5_amd64.deb) ...
Selecting previously unselected package libgettextpo0:amd64.
Unpacking libgettextpo0:amd64 (from .../libgettextpo0_0.18.1.1-10_amd64.deb) ...
Selecting previously unselected package libgtk2.0-common.
Unpacking libgtk2.0-common (from .../libgtk2.0-common_2.24.10-2_all.deb) ...
Selecting previously unselected package libthai-data.
Unpacking libthai-data (from .../libthai-data_0.1.18-2_all.deb) ...
Selecting previously unselected package libthai0:amd64.
Unpacking libthai0:amd64 (from .../libthai0_0.1.18-2_amd64.deb) ...
Selecting previously unselected package libxft2:amd64.
Unpacking libxft2:amd64 (from .../libxft2_2.3.1-1_amd64.deb) ...
Selecting previously unselected package fontconfig.
Unpacking fontconfig (from .../fontconfig_2.9.0-7.1_amd64.deb) ...
Selecting previously unselected package libpango1.0-0:amd64.
Unpacking libpango1.0-0:amd64 (from .../libpango1.0-0_1.30.0-1_amd64.deb) ...
Selecting previously unselected package libxcomposite1:amd64.
Unpacking libxcomposite1:amd64 (from .../libxcomposite1_1%3a0.4.3-2_amd64.deb) ...
Selecting previously unselected package libxfixes3:amd64.
Unpacking libxfixes3:amd64 (from .../libxfixes3_1%3a5.0-4_amd64.deb) ...
Selecting previously unselected package libxcursor1:amd64.
Unpacking libxcursor1:amd64 (from .../libxcursor1_1%3a1.1.13-1_amd64.deb) ...
Selecting previously unselected package libxdamage1:amd64.
Unpacking libxdamage1:amd64 (from .../libxdamage1_1%3a1.1.3-2_amd64.deb) ...
Selecting previously unselected package libxext6:amd64.
Unpacking libxext6:amd64 (from .../libxext6_2%3a1.3.1-2_amd64.deb) ...
Selecting previously unselected package libxi6:amd64.
Unpacking libxi6:amd64 (from .../libxi6_2%3a1.6.1-1_amd64.deb) ...
Selecting previously unselected package libxinerama1:amd64.
Unpacking libxinerama1:amd64 (from .../libxinerama1_2%3a1.1.2-1_amd64.deb) ...
Selecting previously unselected package libxrandr2:amd64.
Unpacking libxrandr2:amd64 (from .../libxrandr2_2%3a1.3.2-2_amd64.deb) ...
Selecting previously unselected package shared-mime-info.
Unpacking shared-mime-info (from .../shared-mime-info_1.0-1+b1_amd64.deb) ...
Selecting previously unselected package libgtk2.0-0:amd64.
Unpacking libgtk2.0-0:amd64 (from .../libgtk2.0-0_2.24.10-2_amd64.deb) ...
Selecting previously unselected package x11-common.
Unpacking x11-common (from .../x11-common_1%3a7.7+1_all.deb) ...
Selecting previously unselected package libice6:amd64.
Unpacking libice6:amd64 (from .../libice6_2%3a1.0.8-2_amd64.deb) ...
Selecting previously unselected package librsvg2-2:amd64.
Unpacking librsvg2-2:amd64 (from .../librsvg2-2_2.36.1-1_amd64.deb) ...
Selecting previously unselected package libsm6:amd64.
Unpacking libsm6:amd64 (from .../libsm6_2%3a1.2.1-2_amd64.deb) ...
Selecting previously unselected package libxpm4:amd64.
Unpacking libxpm4:amd64 (from .../libxpm4_1%3a3.5.10-1_amd64.deb) ...
Selecting previously unselected package libxt6:amd64.
Unpacking libxt6:amd64 (from .../libxt6_1%3a1.1.3-1_amd64.deb) ...
Selecting previously unselected package file.
Unpacking file (from .../archives/file_5.11-2_amd64.deb) ...
Selecting previously unselected package gettext-base.
Unpacking gettext-base (from .../gettext-base_0.18.1.1-10_amd64.deb) ...
Selecting previously unselected package html2text.
Unpacking html2text (from .../html2text_1.3.2a-15_amd64.deb) ...
Selecting previously unselected package libasprintf-dev:amd64.
Unpacking libasprintf-dev:amd64 (from .../libasprintf-dev_0.18.1.1-10_amd64.deb) ...
Selecting previously unselected package libgettextpo-dev:amd64.
Unpacking libgettextpo-dev:amd64 (from .../libgettextpo-dev_0.18.1.1-10_amd64.deb) ...
Selecting previously unselected package gettext.
Unpacking gettext (from .../gettext_0.18.1.1-10_amd64.deb) ...
Selecting previously unselected package intltool-debian.
Unpacking intltool-debian (from .../intltool-debian_0.35.0+20060710.1_all.deb) ...
Selecting previously unselected package po-debconf.
Unpacking po-debconf (from .../po-debconf_1.0.16+nmu2_all.deb) ...
Selecting previously unselected package debhelper.
Unpacking debhelper (from .../debhelper_9.20120909_all.deb) ...
Selecting previously unselected package emacsen-common.
Unpacking emacsen-common (from .../emacsen-common_2.0.5_all.deb) ...
Selecting previously unselected package emacs23-common.
Unpacking emacs23-common (from .../emacs23-common_23.4+1-4_all.deb) ...
Selecting previously unselected package emacs23-bin-common.
Unpacking emacs23-bin-common (from .../emacs23-bin-common_23.4+1-4_amd64.deb) ...
Selecting previously unselected package gconf-service.
Unpacking gconf-service (from .../gconf-service_3.2.5-1+build1_amd64.deb) ...
Selecting previously unselected package libgif4.
Unpacking libgif4 (from .../libgif4_4.1.6-10_amd64.deb) ...
Selecting previously unselected package libotf0.
Unpacking libotf0 (from .../libotf0_0.9.13-1_amd64.deb) ...
Selecting previously unselected package m17n-db.
Unpacking m17n-db (from .../m17n-db_1.6.4-1_all.deb) ...
Selecting previously unselected package m17n-contrib.
Unpacking m17n-contrib (from .../m17n-contrib_1.1.14-1_all.deb) ...
Selecting previously unselected package libm17n-0.
Unpacking libm17n-0 (from .../libm17n-0_1.6.4-1_amd64.deb) ...
Selecting previously unselected package emacs23.
Unpacking emacs23 (from .../emacs23_23.4+1-4_amd64.deb) ...
Selecting previously unselected package libxml2-dev:amd64.
Unpacking libxml2-dev:amd64 (from .../libxml2-dev_2.8.0+dfsg1-7_amd64.deb) ...
Selecting previously unselected package sbuild-build-depends-doxymacs-dummy.
Unpacking sbuild-build-depends-doxymacs-dummy (from .../sbuild-build-depends-doxymacs-dummy.deb) ...
Processing triggers for mime-support ...
Setting up libpipeline1:amd64 (1.2.2-1) ...
Setting up groff-base (1.22.1-2) ...
Setting up bsdmainutils (9.0.4) ...
update-alternatives: using /usr/bin/bsd-write to provide /usr/bin/write (write) in auto mode
update-alternatives: using /usr/bin/bsd-from to provide /usr/bin/from (from) in auto mode
Setting up man-db (2.6.3-3) ...
Building database of manual pages ...
Setting up libasprintf0c2:amd64 (0.18.1.1-10) ...
Setting up libgpg-error0:amd64 (1.10-3.1) ...
Setting up libgcrypt11:amd64 (1.5.0-3) ...
Setting up libp11-kit0:amd64 (0.12-3) ...
Setting up libtasn1-3:amd64 (2.13-2) ...
Setting up libgnutls26:amd64 (2.12.20-3) ...
Setting up libkeyutils1:amd64 (1.5.5-4) ...
Setting up libkrb5support0:amd64 (1.10.1+dfsg-3) ...
Setting up libk5crypto3:amd64 (1.10.1+dfsg-3) ...
Setting up libkrb5-3:amd64 (1.10.1+dfsg-3) ...
Setting up libgssapi-krb5-2:amd64 (1.10.1+dfsg-3) ...
Setting up libsasl2-2:amd64 (2.1.25.dfsg1-6) ...
Setting up libldap-2.4-2:amd64 (2.4.31-1) ...
Setting up liblockfile-bin (1.09-5) ...
Setting up liblockfile1:amd64 (1.09-5) ...
Setting up libmagic1:amd64 (5.11-2) ...
Setting up libpcre3:amd64 (1:8.31-2) ...
Setting up libxml2:amd64 (2.8.0+dfsg1-7) ...
Setting up libasound2:amd64 (1.0.25-4) ...
Setting up libglib2.0-0:amd64 (2.33.12+really2.32.4-5) ...
No schema files found: doing nothing.
Setting up libatk1.0-data (2.4.0-2) ...
Setting up libatk1.0-0:amd64 (2.4.0-2) ...
Setting up libavahi-common-data:amd64 (0.6.31-1) ...
Setting up libavahi-common3:amd64 (0.6.31-1) ...
Setting up libdbus-1-3:amd64 (1.6.8-1) ...
Setting up libavahi-client3:amd64 (0.6.31-1) ...
Setting up libfreetype6:amd64 (2.4.9-1.1) ...
Setting up ttf-dejavu-core (2.33-3) ...
Setting up fontconfig-config (2.9.0-7.1) ...
Setting up libfontconfig1:amd64 (2.9.0-7.1) ...
Setting up libpixman-1-0:amd64 (0.26.0-3) ...
Setting up libpng12-0:amd64 (1.2.49-3) ...
Setting up libxau6:amd64 (1:1.0.7-1) ...
Setting up libxdmcp6:amd64 (1:1.1.1-1) ...
Setting up libxcb1:amd64 (1.8.1-2) ...
Setting up libx11-data (2:1.5.0-1) ...
Setting up libx11-6:amd64 (2:1.5.0-1) ...
Setting up libxcb-render0:amd64 (1.8.1-2) ...
Setting up libxcb-shm0:amd64 (1.8.1-2) ...
Setting up libxrender1:amd64 (1:0.9.7-1) ...
Setting up libcairo2:amd64 (1.12.2-2.1) ...
Setting up libcroco3:amd64 (0.6.6-2) ...
Setting up libcups2:amd64 (1.5.3-2.14) ...
Setting up libdatrie1:amd64 (0.2.5-3) ...
Setting up libdbus-glib-1-2:amd64 (0.100-1) ...
Setting up libfribidi0:amd64 (0.19.2-3) ...
Setting up gconf2-common (3.2.5-1+build1) ...

Creating config file /etc/gconf/2/path with new version
Setting up libgconf-2-4:amd64 (3.2.5-1+build1) ...
Setting up libjpeg8:amd64 (8d-1) ...
Setting up libgd2-noxpm:amd64 (2.0.36~rc1~dfsg-6.1) ...
Setting up libjasper1:amd64 (1.900.1-14) ...
Setting up libjbig0:amd64 (2.0-2) ...
Setting up libtiff4:amd64 (3.9.6-11) ...
Setting up libgdk-pixbuf2.0-common (2.26.1-1) ...
Setting up libgdk-pixbuf2.0-0:amd64 (2.26.1-1) ...
Setting up libunistring0:amd64 (0.9.3-5) ...
Setting up libgettextpo0:amd64 (0.18.1.1-10) ...
Setting up libgtk2.0-common (2.24.10-2) ...
Setting up libthai-data (0.1.18-2) ...
Setting up libthai0:amd64 (0.1.18-2) ...
Setting up libxft2:amd64 (2.3.1-1) ...
Setting up fontconfig (2.9.0-7.1) ...
Regenerating fonts cache... done.
Setting up libpango1.0-0:amd64 (1.30.0-1) ...
Setting up libxcomposite1:amd64 (1:0.4.3-2) ...
Setting up libxfixes3:amd64 (1:5.0-4) ...
Setting up libxcursor1:amd64 (1:1.1.13-1) ...
Setting up libxdamage1:amd64 (1:1.1.3-2) ...
Setting up libxext6:amd64 (2:1.3.1-2) ...
Setting up libxi6:amd64 (2:1.6.1-1) ...
Setting up libxinerama1:amd64 (2:1.1.2-1) ...
Setting up libxrandr2:amd64 (2:1.3.2-2) ...
Setting up shared-mime-info (1.0-1+b1) ...
Setting up libgtk2.0-0:amd64 (2.24.10-2) ...
Setting up x11-common (1:7.7+1) ...
All runlevel operations denied by policy
invoke-rc.d: policy-rc.d denied execution of start.
Setting up libice6:amd64 (2:1.0.8-2) ...
Setting up librsvg2-2:amd64 (2.36.1-1) ...
Setting up libsm6:amd64 (2:1.2.1-2) ...
Setting up libxpm4:amd64 (1:3.5.10-1) ...
Setting up libxt6:amd64 (1:1.1.3-1) ...
Setting up file (5.11-2) ...
Setting up gettext-base (0.18.1.1-10) ...
Setting up html2text (1.3.2a-15) ...
Setting up libasprintf-dev:amd64 (0.18.1.1-10) ...
Setting up libgettextpo-dev:amd64 (0.18.1.1-10) ...
Setting up gettext (0.18.1.1-10) ...
Setting up intltool-debian (0.35.0+20060710.1) ...
Setting up po-debconf (1.0.16+nmu2) ...
Setting up debhelper (9.20120909) ...
Setting up emacsen-common (2.0.5) ...
Setting up emacs23-common (23.4+1-4) ...
Setting up emacs23-bin-common (23.4+1-4) ...
update-alternatives: using /usr/bin/b2m.emacs23 to provide /usr/bin/b2m (b2m) in auto mode
update-alternatives: using /usr/bin/ctags.emacs23 to provide /usr/bin/ctags (ctags) in auto mode
update-alternatives: using /usr/bin/ebrowse.emacs23 to provide /usr/bin/ebrowse (ebrowse) in auto mode
update-alternatives: using /usr/bin/emacsclient.emacs23 to provide /usr/bin/emacsclient (emacsclient) in auto mode
update-alternatives: using /usr/bin/etags.emacs23 to provide /usr/bin/etags (etags) in auto mode
update-alternatives: using /usr/bin/grep-changelog.emacs23 to provide /usr/bin/grep-changelog (grep-changelog) in auto mode
update-alternatives: using /usr/bin/rcs-checkin.emacs23 to provide /usr/bin/rcs-checkin (rcs-checkin) in auto mode
Setting up gconf-service (3.2.5-1+build1) ...
Setting up libgif4 (4.1.6-10) ...
Setting up libotf0 (0.9.13-1) ...
Setting up m17n-db (1.6.4-1) ...
Setting up m17n-contrib (1.1.14-1) ...
Setting up libm17n-0 (1.6.4-1) ...
Setting up emacs23 (23.4+1-4) ...
update-alternatives: using /usr/bin/emacs23-x to provide /usr/bin/emacs (emacs) in auto mode
Install emacsen-common for emacs23
emacsen-common: Handling install of emacsen flavor emacs23
Wrote /etc/emacs23/site-start.d/00debian-vars.elc
Wrote /usr/share/emacs23/site-lisp/debian-startup.elc
Setting up libxml2-dev:amd64 (2.8.0+dfsg1-7) ...
Setting up sbuild-build-depends-doxymacs-dummy (0.invalid.0) ...

┌──────────────────────────────────────────────────────────────────────────────┐
│ Build environment                                                            │
└──────────────────────────────────────────────────────────────────────────────┘

Kernel: Linux 2.6.32-5-xen-amd64 amd64 (x86_64)
Toolchain package versions: binutils_2.22-7.1 dpkg-dev_1.16.9 g++-4.6_4.6.3-15 g++-4.7_4.7.2-19 gcc-4.6_4.6.3-15 gcc-4.7_4.7.2-19 libc6-dev_2.16-0experimental1 libstdc++6_4.8-20130127-1 libstdc++6-4.6-dev_4.6.3-15 libstdc++6-4.7-dev_4.7.2-19 linux-libc-dev_3.2.35-2
Package versions: apt_0.9.7.7 base-files_7.1 base-passwd_3.5.26 bash_4.2+dfsg-0.1 binutils_2.22-7.1 bsdmainutils_9.0.4 bsdutils_1:2.20.1-5.3 build-essential_11.6 bzip2_1.0.6-4 clang_3.2-1~exp5 clang-3.2_3.2-1~exp5 compiler-rt_3.2-1~exp5 coreutils_8.20-3 cpp_4:4.7.2-1 cpp-4.6_4.6.3-15 cpp-4.7_4.7.2-19 dash_0.5.7-3 debconf_1.5.49 debconf-i18n_1.5.49 debfoster_2.7-1.2 debhelper_9.20120909 debian-archive-keyring_2012.4 debianutils_4.3.4 diffutils_1:3.2-7 dpkg_1.16.9 dpkg-dev_1.16.9 e2fslibs_1.42.5-1 e2fsprogs_1.42.5-1 emacs23_23.4+1-4 emacs23-bin-common_23.4+1-4 emacs23-common_23.4+1-4 emacsen-common_2.0.5 fakeroot_1.18.4-2 file_5.11-2 findutils_4.4.2-5 fontconfig_2.9.0-7.1 fontconfig-config_2.9.0-7.1 g++_4:4.7.2-1 g++-4.6_4.6.3-15 g++-4.7_4.7.2-19 gcc_4:4.7.2-1 gcc-4.4-base_4.4.7-3 gcc-4.5-base_4.5.4-1 gcc-4.6_4.6.3-15 gcc-4.6-base_4.6.3-15 gcc-4.7_4.7.2-19 gcc-4.7-base_4.7.2-19 gcc-4.8-base_4.8-20130127-1 gconf-service_3.2.5-1+build1 gconf2-common_3.2.5-1+build1 gettext_0.18.1.1-10 gettext-base_0.18.1.1-10 gnupg_1.4.12-7 gpgv_1.4.12-7 grep_2.14-1 groff-base_1.22.1-2 gzip_1.5-1.1 hostname_3.12 html2text_1.3.2a-15 initscripts_2.88dsf-39 insserv_1.14.0-5 intltool-debian_0.35.0+20060710.1 libacl1_2.2.51-8 libapt-pkg4.12_0.9.7.7 libasound2_1.0.25-4 libasprintf-dev_0.18.1.1-10 libasprintf0c2_0.18.1.1-10 libatk1.0-0_2.4.0-2 libatk1.0-data_2.4.0-2 libattr1_1:2.4.46-8 libavahi-client3_0.6.31-1 libavahi-common-data_0.6.31-1 libavahi-common3_0.6.31-1 libblkid1_2.20.1-5.3 libbz2-1.0_1.0.6-4 libc-bin_2.13-38 libc-dev-bin_2.16-0experimental1 libc6_2.16-0experimental1 libc6-dev_2.16-0experimental1 libcairo2_1.12.2-2.1 libclang-common-dev_3.2-1~exp5 libclass-isa-perl_0.36-5 libcomerr2_1.42.5-1 libcroco3_0.6.6-2 libcups2_1.5.3-2.14 libdatrie1_0.2.5-3 libdb5.1_5.1.29-5 libdbus-1-3_1.6.8-1 libdbus-glib-1-2_0.100-1 libdpkg-perl_1.16.9 libexpat1_2.1.0-2 libffi5_3.0.10-3 libfile-fcntllock-perl_0.14-2 libfontconfig1_2.9.0-7.1 libfreetype6_2.4.9-1.1 libfribidi0_0.19.2-3 libgc1c2_1:7.1-9.1 libgcc-4.7-dev_4.7.2-19 libgcc1_1:4.8-20130127-1 libgconf-2-4_3.2.5-1+build1 libgcrypt11_1.5.0-3 libgd2-noxpm_2.0.36~rc1~dfsg-6.1 libgdbm3_1.8.3-11 libgdk-pixbuf2.0-0_2.26.1-1 libgdk-pixbuf2.0-common_2.26.1-1 libgettextpo-dev_0.18.1.1-10 libgettextpo0_0.18.1.1-10 libgif4_4.1.6-10 libglib2.0-0_2.33.12+really2.32.4-5 libgmp10_2:5.0.5+dfsg-2 libgnutls26_2.12.20-3 libgomp1_4.8-20130127-1 libgpg-error0_1.10-3.1 libgpm2_1.20.4-6 libgssapi-krb5-2_1.10.1+dfsg-3 libgtk2.0-0_2.24.10-2 libgtk2.0-common_2.24.10-2 libice6_2:1.0.8-2 libitm1_4.8-20130127-1 libjasper1_1.900.1-14 libjbig0_2.0-2 libjpeg8_8d-1 libk5crypto3_1.10.1+dfsg-3 libkeyutils1_1.5.5-4 libkrb5-3_1.10.1+dfsg-3 libkrb5support0_1.10.1+dfsg-3 libldap-2.4-2_2.4.31-1 libllvm3.2_3.2-2 liblocale-gettext-perl_1.05-7+b1 liblockfile-bin_1.09-5 liblockfile1_1.09-5 liblzma5_5.1.1alpha+20120614-2 libm17n-0_1.6.4-1 libmagic1_5.11-2 libmount1_2.20.1-5.3 libmpc2_0.9-4 libmpfr4_3.1.0-5 libncurses5_5.9+20130119-1 libncursesw5_5.9+20130119-1 libobjc-4.7-dev_4.7.2-19 libobjc4_4.8-20130127-1 libotf0_0.9.13-1 libp11-kit0_0.12-3 libpam-modules_1.1.3-7.1 libpam-modules-bin_1.1.3-7.1 libpam-runtime_1.1.3-7.1 libpam0g_1.1.3-7.1 libpango1.0-0_1.30.0-1 libpcre3_1:8.31-2 libpipeline1_1.2.2-1 libpixman-1-0_0.26.0-3 libpng12-0_1.2.49-3 libpython2.7-minimal_2.7.3-15 libpython2.7-stdlib_2.7.3-15 libquadmath0_4.8-20130127-1 libreadline6_6.2+dfsg-0.1 librsvg2-2_2.36.1-1 libsasl2-2_2.1.25.dfsg1-6 libselinux1_2.1.9-5 libsemanage-common_2.1.6-6 libsemanage1_2.1.6-6 libsepol1_2.1.4-3 libslang2_2.2.4-15 libsm6_2:1.2.1-2 libsqlite3-0_3.7.15.2-1 libss2_1.42.5-1 libssl1.0.0_1.0.1c-4 libstdc++6_4.8-20130127-1 libstdc++6-4.6-dev_4.6.3-15 libstdc++6-4.7-dev_4.7.2-19 libswitch-perl_2.16-2 libtasn1-3_2.13-2 libtext-charwidth-perl_0.04-7+b1 libtext-iconv-perl_1.7-5 libtext-wrapi18n-perl_0.06-7 libthai-data_0.1.18-2 libthai0_0.1.18-2 libtiff4_3.9.6-11 libtimedate-perl_1.2000-1 libtinfo5_5.9+20130119-1 libunistring0_0.9.3-5 libusb-0.1-4_2:0.1.12-23+nmu1 libustr-1.0-1_1.0.4-3 libuuid1_2.20.1-5.3 libx11-6_2:1.5.0-1 libx11-data_2:1.5.0-1 libxau6_1:1.0.7-1 libxcb-render0_1.8.1-2 libxcb-shm0_1.8.1-2 libxcb1_1.8.1-2 libxcomposite1_1:0.4.3-2 libxcursor1_1:1.1.13-1 libxdamage1_1:1.1.3-2 libxdmcp6_1:1.1.1-1 libxext6_2:1.3.1-2 libxfixes3_1:5.0-4 libxft2_2.3.1-1 libxi6_2:1.6.1-1 libxinerama1_2:1.1.2-1 libxml2_2.8.0+dfsg1-7 libxml2-dev_2.8.0+dfsg1-7 libxpm4_1:3.5.10-1 libxrandr2_2:1.3.2-2 libxrender1_1:0.9.7-1 libxt6_1:1.1.3-1 linux-libc-dev_3.2.35-2 login_1:4.1.5.1-1 lsb-base_4.1+Debian9 m17n-contrib_1.1.14-1 m17n-db_1.6.4-1 make_3.81-8.2 man-db_2.6.3-3 mawk_1.3.3-17 mime-support_3.53~experimental2 mount_2.20.1-5.3 multiarch-support_2.13-38 ncurses-base_5.9-10 ncurses-bin_5.9-10 passwd_1:4.1.5.1-1 patch_2.6.1-3 perl_5.14.2-17 perl-base_5.14.2-17 perl-modules_5.14.2-17 po-debconf_1.0.16+nmu2 python_2.7.3-10 python-minimal_2.7.3-10 python2.7_2.7.3-15 python2.7-minimal_2.7.3-15 readline-common_6.2+dfsg-0.1 sbuild-build-depends-core-dummy_0.invalid.0 sbuild-build-depends-doxymacs-dummy_0.invalid.0 sed_4.2.1-10 sensible-utils_0.0.7 shared-mime-info_1.0-1+b1 sudo_1.8.5p2-1 sysv-rc_2.88dsf-39 sysvinit_2.88dsf-39 sysvinit-utils_2.88dsf-39 tar_1.26+dfsg-0.1 ttf-dejavu-core_2.33-3 tzdata_2012j-1 ucf_3.0025+nmu3 util-linux_2.20.1-5.3 vim_2:7.3.547-6 vim-common_2:7.3.547-6 vim-runtime_2:7.3.547-6 x11-common_1:7.7+1 xz-utils_5.1.1alpha+20120614-2 zlib1g_1:1.2.7.dfsg-13

┌──────────────────────────────────────────────────────────────────────────────┐
│ Build                                                                        │
└──────────────────────────────────────────────────────────────────────────────┘


Unpack source
─────────────

gpgv: keyblock resource `/sbuild-nonexistent/.gnupg/trustedkeys.gpg': file open error
gpgv: Signature made Mon Aug 10 21:27:20 2009 UTC using DSA key ID 49A5F855
gpgv: Can't check signature: public key not found
dpkg-source: warning: failed to verify signature on ./doxymacs_1.8.0-6.dsc
dpkg-source: info: extracting doxymacs in doxymacs-1.8.0
dpkg-source: info: unpacking doxymacs_1.8.0.orig.tar.gz
dpkg-source: info: applying doxymacs_1.8.0-6.diff.gz

Check disc space
────────────────

Sufficient free space for build

User Environment
────────────────

HOME=/sbuild-nonexistent
LOGNAME=user
PATH=/usr/local/sbin:/usr/local/bin:/usr/sbin:/usr/bin:/sbin:/bin:/usr/games
SCHROOT_CHROOT_NAME=unstable-amd64-sbuild
SCHROOT_COMMAND=env
SCHROOT_GID=1000
SCHROOT_GROUP=user
SCHROOT_SESSION_ID=unstable-amd64-sbuild-f9d18d56-a2a1-4681-a7f3-fbd357c600dc
SCHROOT_UID=1000
SCHROOT_USER=user
SHELL=/bin/sh
USER=user

dpkg-buildpackage
─────────────────

dpkg-buildpackage: source package doxymacs
dpkg-buildpackage: source version 1.8.0-6
dpkg-buildpackage: source changed by Otavio Salvador <otavio@ossystems.com.br>
 dpkg-source --before-build doxymacs-1.8.0
dpkg-buildpackage: host architecture amd64
 fakeroot debian/rules clean
dh clean
   dh_testdir
   dh_auto_clean
   dh_clean
 debian/rules build-arch
dh build-arch
   dh_testdir -a
   dh_auto_configure -a
checking for a BSD-compatible install... /usr/bin/install -c
checking whether build environment is sane... yes
checking for gawk... no
checking for mawk... mawk
checking whether make sets $(MAKE)... yes
checking for gcc... gcc
checking for C compiler default output file name... a.out
checking whether the C compiler works... yes
checking whether we are cross compiling... no
checking for suffix of executables... 
checking for suffix of object files... o
checking whether we are using the GNU C compiler... yes
checking whether gcc accepts -g... yes
checking for gcc option to accept ISO C89... none needed
checking for style of include used by make... GNU
checking dependency style of gcc... none
checking for a BSD-compatible install... /usr/bin/install -c
checking for emacs... emacs
checking where .elc files should go... ${datadir}/emacs/site-lisp
checking for xml2-config... /usr/bin/xml2-config
checking for libxml - version >= 2.6.13... yes (version 2.8.0)
checking how to run the C preprocessor... gcc -E
checking for grep that handles long lines and -e... /bin/grep
checking for egrep... /bin/grep -E
checking for ANSI C header files... yes
checking for an ANSI C-conforming const... yes
checking for strdup... yes
configure: creating ./config.status
config.status: creating Makefile
config.status: creating c/Makefile
config.status: creating lisp/Makefile
config.status: creating lisp/doxymacs.el
config.status: creating no-autoconf/Makefile
config.status: executing depfiles commands
   dh_auto_build -a
make[1]: Entering directory `/«PKGBUILDDIR»'
Making all in c
make[2]: Entering directory `/«PKGBUILDDIR»/c'
gcc -DPACKAGE_NAME=\"doxymacs\" -DPACKAGE_TARNAME=\"doxymacs\" -DPACKAGE_VERSION=\"1.8.0\" -DPACKAGE_STRING=\"doxymacs\ 1.8.0\" -DPACKAGE_BUGREPORT=\"http://sourceforge.net/projects/doxymacs\" -DPACKAGE=\"doxymacs\" -DVERSION=\"1.8.0\" -DSTDC_HEADERS=1 -DHAVE_STRDUP=1 -I. -I. -I/usr/include/libxml2   -Wall -Werror -fexpensive-optimizations -fomit-frame-pointer -g -O2 -c doxymacs_parser.c
clang: error: argument unused during compilation: '-fexpensive-optimizations'
make[2]: *** [doxymacs_parser.o] Error 1
make[2]: Leaving directory `/«PKGBUILDDIR»/c'
make[1]: *** [all-recursive] Error 1
dh_auto_build: make -j1 returned exit code 2
make[1]: Leaving directory `/«PKGBUILDDIR»'
make: *** [build-arch] Error 2
dpkg-buildpackage: error: debian/rules build-arch gave error exit status 2
────────────────────────────────────────────────────────────────────────────────
Build finished at 20130128-0550

Finished
────────

E: Build failure (dpkg-buildpackage died)

┌──────────────────────────────────────────────────────────────────────────────┐
│ Cleanup                                                                      │
└──────────────────────────────────────────────────────────────────────────────┘

Purging /«BUILDDIR»
Not cleaning session: cloned chroot in use

┌──────────────────────────────────────────────────────────────────────────────┐
│ Summary                                                                      │
└──────────────────────────────────────────────────────────────────────────────┘

Architecture: amd64
Build-Space: 764
Build-Time: 11
Distribution: unstable
Fail-Stage: build
Install-Time: 31
Job: doxymacs_1.8.0-6
Package: doxymacs
Package-Time: 74
Source-Version: 1.8.0-6
Space: 764
Status: attempted
Version: 1.8.0-6
────────────────────────────────────────────────────────────────────────────────
Finished at 20130128-0550
Build needed 00:01:14, 764k disc space
DC-Status: Failed 75.415321s
