DC-Build-Header: frog 0.12.15-3 / Thu Jan 31 18:49:20 +0000 2013
DC-Task: logfile:/tmp/frog_0.12.15-3_unstable_clang.log version:0.12.15-3 modes:binary-only:clang chroot:unstable source:frog esttime:135 architecture:any
DC-Sbuild-call: su user -c 'sbuild -n --apt-update -d unstable -v  --chroot-setup-commands=/tmp/switch-to-clang frog_0.12.15-3'
Could not create '/sbuild-nonexistent/logs': No such file or directory
Could not create '/sbuild-nonexistent/logs': No such file or directory
sbuild (Debian sbuild) 0.62.5 (13 Jul 2011) on ip-10-159-16-100.ec2.internal

╔══════════════════════════════════════════════════════════════════════════════╗
║ frog 0.12.15-3 (amd64)                                     31 Jan 2013 18:49 ║
╚══════════════════════════════════════════════════════════════════════════════╝

Package: frog
Version: 0.12.15-3
Source Version: 0.12.15-3
Distribution: unstable
Architecture: amd64

I: NOTICE: Log filtering will replace 'build/frog-_KaY8C/frog-0.12.15' with '«PKGBUILDDIR»'
I: NOTICE: Log filtering will replace 'build/frog-_KaY8C' with '«BUILDDIR»'
I: NOTICE: Log filtering will replace 'var/lib/schroot/mount/unstable-amd64-sbuild-9fb9ebd2-77c2-4580-9478-853a09efc961' with '«CHROOT»'

┌──────────────────────────────────────────────────────────────────────────────┐
│ Update chroot                                                                │
└──────────────────────────────────────────────────────────────────────────────┘

Ign http://localhost unstable InRelease
Get:1 http://localhost unstable Release.gpg [836 B]
Get:2 http://localhost unstable Release [227 kB]
Ign http://localhost unstable/main Sources/DiffIndex
Ign http://localhost unstable/main amd64 Packages/DiffIndex
Hit http://localhost unstable/main Translation-en/DiffIndex
Get:3 http://localhost unstable/main Sources [8236 kB]
Get:4 http://localhost unstable/main amd64 Packages [8279 kB]
Fetched 16.7 MB in 3s (5044 kB/s)
Reading package lists...
Reading package lists...
Building dependency tree...
Reading state information...
0 upgraded, 0 newly installed, 0 to remove and 0 not upgraded.

┌──────────────────────────────────────────────────────────────────────────────┐
│ Fetch source files                                                           │
└──────────────────────────────────────────────────────────────────────────────┘


Check APT
─────────

Checking available source versions...

Download source files with APT
──────────────────────────────

Reading package lists...
Building dependency tree...
Reading state information...
NOTICE: 'frog' packaging is maintained in the 'Svn' version control system at:
svn://svn.debian.org/svn/debian-science/packages/frog/trunk
Need to get 453 kB of source archives.
Get:1 http://localhost/debian/ unstable/main frog 0.12.15-3 (dsc) [1837 B]
Get:2 http://localhost/debian/ unstable/main frog 0.12.15-3 (tar) [445 kB]
Get:3 http://localhost/debian/ unstable/main frog 0.12.15-3 (diff) [5575 B]
Fetched 453 kB in 0s (1855 kB/s)
Download complete and in download only mode

Check arch
──────────


┌──────────────────────────────────────────────────────────────────────────────┐
│ Chroot Setup Commands                                                        │
└──────────────────────────────────────────────────────────────────────────────┘


/tmp/switch-to-clang
────────────────────

+ echo 'Entering customization script...'
Entering customization script...
+ echo 'Add an unstable version of clang as repository'
Add an unstable version of clang as repository
+ echo deb http://clang.ecranbleu.org/apt/debian unstable main
+ apt-get update
Ign http://localhost unstable InRelease
Hit http://localhost unstable Release.gpg
Hit http://localhost unstable Release
Ign http://clang.ecranbleu.org unstable InRelease
Ign http://localhost unstable/main Sources/DiffIndex
Ign http://clang.ecranbleu.org unstable Release.gpg
Get:1 http://clang.ecranbleu.org unstable Release [1616 B]
Ign http://localhost unstable/main amd64 Packages/DiffIndex
Hit http://localhost unstable/main Translation-en/DiffIndex
Hit http://localhost unstable/main Sources
Get:2 http://clang.ecranbleu.org unstable/main amd64 Packages [2354 B]
Hit http://localhost unstable/main amd64 Packages
Ign http://clang.ecranbleu.org unstable/main Translation-en
Fetched 3970 B in 1s (2696 B/s)
Reading package lists...
+ echo 'Install of clang'
Install of clang
+ apt-get update
Ign http://localhost unstable InRelease
Hit http://localhost unstable Release.gpg
Hit http://localhost unstable Release
Ign http://localhost unstable/main Sources/DiffIndex
Ign http://clang.ecranbleu.org unstable InRelease
Ign http://clang.ecranbleu.org unstable Release.gpg
Ign http://localhost unstable/main amd64 Packages/DiffIndex
Hit http://clang.ecranbleu.org unstable Release
Ign http://clang.ecranbleu.org unstable/main amd64 Packages/DiffIndex
Hit http://localhost unstable/main Translation-en/DiffIndex
Hit http://localhost unstable/main Sources
Hit http://localhost unstable/main amd64 Packages
Hit http://clang.ecranbleu.org unstable/main amd64 Packages
Ign http://clang.ecranbleu.org unstable/main Translation-en
Reading package lists...
+ apt-get install --yes --no-install-recommends --force-yes clang
Reading package lists...
Building dependency tree...
Reading state information...
The following extra packages will be installed:
  clang-3.2 compiler-rt libclang-common-dev libexpat1 libffi5 libllvm3.2
  libncursesw5 libsqlite3-0 libssl1.0.0 mime-support python python-minimal
  python2.7 python2.7-minimal
Suggested packages:
  python-doc python-tk python2.7-doc binfmt-support
Recommended packages:
  llvm-3.2-dev file
The following NEW packages will be installed:
  clang clang-3.2 compiler-rt libclang-common-dev libexpat1 libffi5 libllvm3.2
  libncursesw5 libsqlite3-0 libssl1.0.0 mime-support python python-minimal
  python2.7 python2.7-minimal
0 upgraded, 15 newly installed, 0 to remove and 0 not upgraded.
Need to get 25.3 MB of archives.
After this operation, 70.1 MB of additional disk space will be used.
WARNING: The following packages cannot be authenticated!
  libclang-common-dev compiler-rt clang-3.2 clang
Get:1 http://localhost/debian/ unstable/main libncursesw5 amd64 5.9-10 [141 kB]
Get:2 http://localhost/debian/ unstable/main libssl1.0.0 amd64 1.0.1c-4 [1213 kB]
Get:3 http://localhost/debian/ unstable/main libsqlite3-0 amd64 3.7.15.2-1 [463 kB]
Get:4 http://localhost/debian/ unstable/main libexpat1 amd64 2.1.0-1 [141 kB]
Get:5 http://localhost/debian/ unstable/main libffi5 amd64 3.0.10-3 [24.8 kB]
Get:6 http://localhost/debian/ unstable/main libllvm3.2 amd64 3.2-2 [7865 kB]
Get:7 http://clang.ecranbleu.org/apt/debian/ unstable/main libclang-common-dev amd64 3.2-2 [303 kB]
Get:8 http://localhost/debian/ unstable/main mime-support all 3.52-2 [35.2 kB]
Get:9 http://localhost/debian/ unstable/main python2.7-minimal amd64 2.7.3-6 [1783 kB]
Get:10 http://localhost/debian/ unstable/main python2.7 amd64 2.7.3-6 [2729 kB]
Get:11 http://localhost/debian/ unstable/main python-minimal all 2.7.3-3 [42.5 kB]
Get:12 http://localhost/debian/ unstable/main python all 2.7.3-3 [179 kB]
Get:13 http://clang.ecranbleu.org/apt/debian/ unstable/main compiler-rt amd64 3.2-2 [312 kB]
Get:14 http://clang.ecranbleu.org/apt/debian/ unstable/main clang-3.2 amd64 3.2-2 [10.0 MB]
Get:15 http://clang.ecranbleu.org/apt/debian/ unstable/main clang all 3.2-2 [9558 B]
debconf: delaying package configuration, since apt-utils is not installed
Fetched 25.3 MB in 7s (3563 kB/s)
Selecting previously unselected package libncursesw5:amd64.
(Reading database ... 13484 files and directories currently installed.)
Unpacking libncursesw5:amd64 (from .../libncursesw5_5.9-10_amd64.deb) ...
Selecting previously unselected package libssl1.0.0:amd64.
Unpacking libssl1.0.0:amd64 (from .../libssl1.0.0_1.0.1c-4_amd64.deb) ...
Selecting previously unselected package libsqlite3-0:amd64.
Unpacking libsqlite3-0:amd64 (from .../libsqlite3-0_3.7.15.2-1_amd64.deb) ...
Selecting previously unselected package libexpat1:amd64.
Unpacking libexpat1:amd64 (from .../libexpat1_2.1.0-1_amd64.deb) ...
Selecting previously unselected package libffi5:amd64.
Unpacking libffi5:amd64 (from .../libffi5_3.0.10-3_amd64.deb) ...
Selecting previously unselected package libllvm3.2:amd64.
Unpacking libllvm3.2:amd64 (from .../libllvm3.2_3.2-2_amd64.deb) ...
Selecting previously unselected package mime-support.
Unpacking mime-support (from .../mime-support_3.52-2_all.deb) ...
Selecting previously unselected package python2.7-minimal.
Unpacking python2.7-minimal (from .../python2.7-minimal_2.7.3-6_amd64.deb) ...
Selecting previously unselected package python2.7.
Unpacking python2.7 (from .../python2.7_2.7.3-6_amd64.deb) ...
Selecting previously unselected package python-minimal.
Unpacking python-minimal (from .../python-minimal_2.7.3-3_all.deb) ...
Selecting previously unselected package python.
Unpacking python (from .../python_2.7.3-3_all.deb) ...
Selecting previously unselected package libclang-common-dev.
Unpacking libclang-common-dev (from .../libclang-common-dev_3.2-2_amd64.deb) ...
Selecting previously unselected package compiler-rt.
Unpacking compiler-rt (from .../compiler-rt_3.2-2_amd64.deb) ...
Selecting previously unselected package clang-3.2.
Unpacking clang-3.2 (from .../clang-3.2_3.2-2_amd64.deb) ...
Selecting previously unselected package clang.
Unpacking clang (from .../archives/clang_3.2-2_all.deb) ...
Setting up libncursesw5:amd64 (5.9-10) ...
Setting up libssl1.0.0:amd64 (1.0.1c-4) ...
debconf: unable to initialize frontend: Dialog
debconf: (Dialog frontend will not work on a dumb terminal, an emacs shell buffer, or without a controlling terminal.)
debconf: falling back to frontend: Readline
debconf: unable to initialize frontend: Readline
debconf: (This frontend requires a controlling tty.)
debconf: falling back to frontend: Teletype
Setting up libsqlite3-0:amd64 (3.7.15.2-1) ...
Setting up libexpat1:amd64 (2.1.0-1) ...
Setting up libffi5:amd64 (3.0.10-3) ...
Setting up libllvm3.2:amd64 (3.2-2) ...
Setting up mime-support (3.52-2) ...
Setting up python2.7-minimal (2.7.3-6) ...
Linking and byte-compiling packages for runtime python2.7...
Setting up python2.7 (2.7.3-6) ...
Setting up python-minimal (2.7.3-3) ...
Setting up python (2.7.3-3) ...
Setting up libclang-common-dev (3.2-2) ...
Setting up compiler-rt (3.2-2) ...
Setting up clang-3.2 (3.2-2) ...
Setting up clang (3.2-2) ...
+ echo 'Replace gcc, g++ & cpp by clang'
Replace gcc, g++ & cpp by clang
+ VERSIONS='4.6 4.7'
+ cd /usr/bin
+ for VERSION in '$VERSIONS'
+ rm g++-4.6 gcc-4.6 cpp-4.6
+ ln -s clang++ g++-4.6
+ ln -s clang gcc-4.6
+ ln -s clang cpp-4.6
+ for VERSION in '$VERSIONS'
+ rm g++-4.7 gcc-4.7 cpp-4.7
+ ln -s clang++ g++-4.7
+ ln -s clang gcc-4.7
+ ln -s clang cpp-4.7
+ cd -
/«BUILDDIR»
+ echo 'Block the installation of new gcc version'
Block the installation of new gcc version
+ echo 'gcc-4.6 hold'
+ dpkg --set-selections
+ echo 'cpp-4.6 hold'
+ dpkg --set-selections
+ echo 'g++-4.6 hold'
+ dpkg --set-selections
+ echo 'gcc-4.7 hold'
+ dpkg --set-selections
+ echo 'cpp-4.7 hold'
+ dpkg --set-selections
+ echo 'g++-4.7 hold'
+ dpkg --set-selections
+ echo 'Check if gcc, g++ & cpp are actually clang'
Check if gcc, g++ & cpp are actually clang
+ gcc --version
+ grep clang
+ cpp --version
+ grep clang
+ g++ --version
+ grep clang

I: Finished running '/tmp/switch-to-clang'.

Finished processing commands.
────────────────────────────────────────────────────────────────────────────────
Merged Build-Depends: build-essential, fakeroot
Filtered Build-Depends: build-essential, fakeroot
dpkg-deb: building package `sbuild-build-depends-core-dummy' in `/«BUILDDIR»/resolver-2JWrWC/apt_archive/sbuild-build-depends-core-dummy.deb'.
OK
Reading package lists...

┌──────────────────────────────────────────────────────────────────────────────┐
│ Install core build dependencies (apt-based resolver)                         │
└──────────────────────────────────────────────────────────────────────────────┘

Installing build dependencies
Reading package lists...
Building dependency tree...
Reading state information...
The following NEW packages will be installed:
  sbuild-build-depends-core-dummy
debconf: delaying package configuration, since apt-utils is not installed
0 upgraded, 1 newly installed, 0 to remove and 0 not upgraded.
Need to get 0 B/710 B of archives.
After this operation, 0 B of additional disk space will be used.
Selecting previously unselected package sbuild-build-depends-core-dummy.
(Reading database ... 14662 files and directories currently installed.)
Unpacking sbuild-build-depends-core-dummy (from .../sbuild-build-depends-core-dummy.deb) ...
Setting up sbuild-build-depends-core-dummy (0.invalid.0) ...
Merged Build-Depends: base-files, base-passwd, bash, bsdutils, coreutils, dash, debianutils, diffutils, dpkg, e2fsprogs, findutils, grep, gzip, hostname, libc-bin, login, mount, ncurses-base, ncurses-bin, perl-base, sed, sysvinit, sysvinit-utils, tar, util-linux, libc6-dev | libc-dev, gcc (>= 4:4.4.3), g++ (>= 4:4.4.3), make, dpkg-dev (>= 1.13.5), cdbs, debhelper (>= 7), python-support, python-dev, pkg-config, libucto1-dev (>= 0.5.2), libtimbl3-dev (>= 6.4.2), libtimblserver2-dev (>= 1.4), libfolia1-dev (>= 0.9), libmbt0-dev (>= 3.2.8), libxml2-dev, libicu-dev, frogdata
Filtered Build-Depends: base-files, base-passwd, bash, bsdutils, coreutils, dash, debianutils, diffutils, dpkg, e2fsprogs, findutils, grep, gzip, hostname, libc-bin, login, mount, ncurses-base, ncurses-bin, perl-base, sed, sysvinit, sysvinit-utils, tar, util-linux, libc6-dev, gcc (>= 4:4.4.3), g++ (>= 4:4.4.3), make, dpkg-dev (>= 1.13.5), cdbs, debhelper (>= 7), python-support, python-dev, pkg-config, libucto1-dev (>= 0.5.2), libtimbl3-dev (>= 6.4.2), libtimblserver2-dev (>= 1.4), libfolia1-dev (>= 0.9), libmbt0-dev (>= 3.2.8), libxml2-dev, libicu-dev, frogdata
dpkg-deb: building package `sbuild-build-depends-frog-dummy' in `/«BUILDDIR»/resolver-Rti16w/apt_archive/sbuild-build-depends-frog-dummy.deb'.
OK
Reading package lists...

┌──────────────────────────────────────────────────────────────────────────────┐
│ Install frog build dependencies (apt-based resolver)                         │
└──────────────────────────────────────────────────────────────────────────────┘

Installing build dependencies
Reading package lists...
Building dependency tree...
Reading state information...
The following extra packages will be installed:
  bsdmainutils cdbs debhelper file frogdata gettext gettext-base groff-base
  html2text intltool-debian libasprintf-dev libasprintf0c2 libcroco3
  libexpat1-dev libfolia1 libfolia1-dev libgettextpo-dev libgettextpo0
  libglib2.0-0 libicu-dev libicu48 libmagic1 libmbt0 libmbt0-dev libpcre3
  libpipeline1 libpopt0 libpython2.7 libssl-dev libticcutils1 libtimbl3
  libtimbl3-dev libtimblserver2 libtimblserver2-dev libucto1 libucto1-dev
  libunistring0 libxml2 libxml2-dev man-db pkg-config po-debconf python-dev
  python-support python2.7-dev zlib1g-dev
Suggested packages:
  wamerican wordlist whois vacation devscripts dh-make gettext-doc groff
  icu-doc less www-browser libmail-box-perl
Recommended packages:
  autotools-dev curl wget lynx-cur autopoint libglib2.0-data shared-mime-info
  libssl-doc xml-core libmail-sendmail-perl
The following NEW packages will be installed:
  bsdmainutils cdbs debhelper file frogdata gettext gettext-base groff-base
  html2text intltool-debian libasprintf-dev libasprintf0c2 libcroco3
  libexpat1-dev libfolia1 libfolia1-dev libgettextpo-dev libgettextpo0
  libglib2.0-0 libicu-dev libicu48 libmagic1 libmbt0 libmbt0-dev libpcre3
  libpipeline1 libpopt0 libpython2.7 libssl-dev libticcutils1 libtimbl3
  libtimbl3-dev libtimblserver2 libtimblserver2-dev libucto1 libucto1-dev
  libunistring0 libxml2 libxml2-dev man-db pkg-config po-debconf python-dev
  python-support python2.7-dev sbuild-build-depends-frog-dummy zlib1g-dev
0 upgraded, 47 newly installed, 0 to remove and 0 not upgraded.
Need to get 68.5 MB/68.5 MB of archives.
After this operation, 235 MB of additional disk space will be used.
Get:1 http://localhost/debian/ unstable/main libpipeline1 amd64 1.2.2-1 [39.9 kB]
Get:2 http://localhost/debian/ unstable/main libpopt0 amd64 1.16-7 [56.4 kB]
Get:3 http://localhost/debian/ unstable/main groff-base amd64 1.22.1-2 [741 kB]
Get:4 http://localhost/debian/ unstable/main bsdmainutils amd64 9.0.4 [210 kB]
Get:5 http://localhost/debian/ unstable/main man-db amd64 2.6.3-3 [898 kB]
Get:6 http://localhost/debian/ unstable/main libasprintf0c2 amd64 0.18.1.1-10 [27.2 kB]
Get:7 http://localhost/debian/ unstable/main libmagic1 amd64 5.11-2 [202 kB]
Get:8 http://localhost/debian/ unstable/main libpcre3 amd64 1:8.31-2 [247 kB]
Get:9 http://localhost/debian/ unstable/main libxml2 amd64 2.8.0+dfsg1-7 [903 kB]
Get:10 http://localhost/debian/ unstable/main libglib2.0-0 amd64 2.33.12+really2.32.4-5 [1838 kB]
Get:11 http://localhost/debian/ unstable/main libcroco3 amd64 0.6.6-2 [134 kB]
Get:12 http://localhost/debian/ unstable/main libunistring0 amd64 0.9.3-5 [434 kB]
Get:13 http://localhost/debian/ unstable/main libgettextpo0 amd64 0.18.1.1-10 [145 kB]
Get:14 http://localhost/debian/ unstable/main libicu48 amd64 4.8.1.1-10 [4741 kB]
Get:15 http://localhost/debian/ unstable/main file amd64 5.11-2 [51.8 kB]
Get:16 http://localhost/debian/ unstable/main gettext-base amd64 0.18.1.1-10 [154 kB]
Get:17 http://localhost/debian/ unstable/main python-support all 1.0.15 [33.6 kB]
Get:18 http://localhost/debian/ unstable/main cdbs all 0.4.120 [80.4 kB]
Get:19 http://localhost/debian/ unstable/main html2text amd64 1.3.2a-15 [103 kB]
Get:20 http://localhost/debian/ unstable/main libasprintf-dev amd64 0.18.1.1-10 [26.8 kB]
Get:21 http://localhost/debian/ unstable/main libgettextpo-dev amd64 0.18.1.1-10 [184 kB]
Get:22 http://localhost/debian/ unstable/main gettext amd64 0.18.1.1-10 [1815 kB]
Get:23 http://localhost/debian/ unstable/main intltool-debian all 0.35.0+20060710.1 [30.8 kB]
Get:24 http://localhost/debian/ unstable/main po-debconf all 1.0.16+nmu2 [224 kB]
Get:25 http://localhost/debian/ unstable/main debhelper all 9.20120909 [705 kB]
Get:26 http://localhost/debian/ unstable/main libexpat1-dev amd64 2.1.0-1 [229 kB]
Get:27 http://localhost/debian/ unstable/main libicu-dev amd64 4.8.1.1-10 [5710 kB]
Get:28 http://localhost/debian/ unstable/main libpython2.7 amd64 2.7.3-6 [1208 kB]
Get:29 http://localhost/debian/ unstable/main zlib1g-dev amd64 1:1.2.7.dfsg-13 [215 kB]
Get:30 http://localhost/debian/ unstable/main libssl-dev amd64 1.0.1c-4 [1698 kB]
Get:31 http://localhost/debian/ unstable/main libticcutils1 amd64 0.3-1 [28.2 kB]
Get:32 http://localhost/debian/ unstable/main libtimbl3 amd64 6.4.3-1 [317 kB]
Get:33 http://localhost/debian/ unstable/main libtimbl3-dev amd64 6.4.3-1 [468 kB]
Get:34 http://localhost/debian/ unstable/main libxml2-dev amd64 2.8.0+dfsg1-7 [899 kB]
Get:35 http://localhost/debian/ unstable/main pkg-config amd64 0.26-1 [59.5 kB]
Get:36 http://localhost/debian/ unstable/main python2.7-dev amd64 2.7.3-6 [22.8 MB]
Get:37 http://localhost/debian/ unstable/main python-dev all 2.7.3-3 [916 B]
Get:38 http://localhost/debian/ unstable/main frogdata all 0.3-2 [19.9 MB]
Get:39 http://localhost/debian/ unstable/main libfolia1 amd64 0.9-2 [183 kB]
Get:40 http://localhost/debian/ unstable/main libfolia1-dev amd64 0.9-2 [221 kB]
Get:41 http://localhost/debian/ unstable/main libmbt0 amd64 3.2.9-2 [92.7 kB]
Get:42 http://localhost/debian/ unstable/main libmbt0-dev amd64 3.2.9-2 [113 kB]
Get:43 http://localhost/debian/ unstable/main libtimblserver2 amd64 1.6-2 [74.7 kB]
Get:44 http://localhost/debian/ unstable/main libtimblserver2-dev amd64 1.6-2 [97.6 kB]
Get:45 http://localhost/debian/ unstable/main libucto1 amd64 0.5.2-2 [88.4 kB]
Get:46 http://localhost/debian/ unstable/main libucto1-dev amd64 0.5.2-2 [97.7 kB]
debconf: delaying package configuration, since apt-utils is not installed
Fetched 68.5 MB in 3s (17.5 MB/s)
Selecting previously unselected package libpipeline1:amd64.
(Reading database ... 14662 files and directories currently installed.)
Unpacking libpipeline1:amd64 (from .../libpipeline1_1.2.2-1_amd64.deb) ...
Selecting previously unselected package libpopt0:amd64.
Unpacking libpopt0:amd64 (from .../libpopt0_1.16-7_amd64.deb) ...
Selecting previously unselected package groff-base.
Unpacking groff-base (from .../groff-base_1.22.1-2_amd64.deb) ...
Selecting previously unselected package bsdmainutils.
Unpacking bsdmainutils (from .../bsdmainutils_9.0.4_amd64.deb) ...
Selecting previously unselected package man-db.
Unpacking man-db (from .../man-db_2.6.3-3_amd64.deb) ...
Selecting previously unselected package libasprintf0c2:amd64.
Unpacking libasprintf0c2:amd64 (from .../libasprintf0c2_0.18.1.1-10_amd64.deb) ...
Selecting previously unselected package libmagic1:amd64.
Unpacking libmagic1:amd64 (from .../libmagic1_5.11-2_amd64.deb) ...
Selecting previously unselected package libpcre3:amd64.
Unpacking libpcre3:amd64 (from .../libpcre3_1%3a8.31-2_amd64.deb) ...
Selecting previously unselected package libxml2:amd64.
Unpacking libxml2:amd64 (from .../libxml2_2.8.0+dfsg1-7_amd64.deb) ...
Selecting previously unselected package libglib2.0-0:amd64.
Unpacking libglib2.0-0:amd64 (from .../libglib2.0-0_2.33.12+really2.32.4-5_amd64.deb) ...
Selecting previously unselected package libcroco3:amd64.
Unpacking libcroco3:amd64 (from .../libcroco3_0.6.6-2_amd64.deb) ...
Selecting previously unselected package libunistring0:amd64.
Unpacking libunistring0:amd64 (from .../libunistring0_0.9.3-5_amd64.deb) ...
Selecting previously unselected package libgettextpo0:amd64.
Unpacking libgettextpo0:amd64 (from .../libgettextpo0_0.18.1.1-10_amd64.deb) ...
Selecting previously unselected package libicu48:amd64.
Unpacking libicu48:amd64 (from .../libicu48_4.8.1.1-10_amd64.deb) ...
Selecting previously unselected package file.
Unpacking file (from .../archives/file_5.11-2_amd64.deb) ...
Selecting previously unselected package gettext-base.
Unpacking gettext-base (from .../gettext-base_0.18.1.1-10_amd64.deb) ...
Selecting previously unselected package python-support.
Unpacking python-support (from .../python-support_1.0.15_all.deb) ...
Selecting previously unselected package cdbs.
Unpacking cdbs (from .../archives/cdbs_0.4.120_all.deb) ...
Selecting previously unselected package html2text.
Unpacking html2text (from .../html2text_1.3.2a-15_amd64.deb) ...
Selecting previously unselected package libasprintf-dev:amd64.
Unpacking libasprintf-dev:amd64 (from .../libasprintf-dev_0.18.1.1-10_amd64.deb) ...
Selecting previously unselected package libgettextpo-dev:amd64.
Unpacking libgettextpo-dev:amd64 (from .../libgettextpo-dev_0.18.1.1-10_amd64.deb) ...
Selecting previously unselected package gettext.
Unpacking gettext (from .../gettext_0.18.1.1-10_amd64.deb) ...
Selecting previously unselected package intltool-debian.
Unpacking intltool-debian (from .../intltool-debian_0.35.0+20060710.1_all.deb) ...
Selecting previously unselected package po-debconf.
Unpacking po-debconf (from .../po-debconf_1.0.16+nmu2_all.deb) ...
Selecting previously unselected package debhelper.
Unpacking debhelper (from .../debhelper_9.20120909_all.deb) ...
Selecting previously unselected package libexpat1-dev.
Unpacking libexpat1-dev (from .../libexpat1-dev_2.1.0-1_amd64.deb) ...
Selecting previously unselected package libicu-dev.
Unpacking libicu-dev (from .../libicu-dev_4.8.1.1-10_amd64.deb) ...
Selecting previously unselected package libpython2.7.
Unpacking libpython2.7 (from .../libpython2.7_2.7.3-6_amd64.deb) ...
Selecting previously unselected package zlib1g-dev:amd64.
Unpacking zlib1g-dev:amd64 (from .../zlib1g-dev_1%3a1.2.7.dfsg-13_amd64.deb) ...
Selecting previously unselected package libssl-dev.
Unpacking libssl-dev (from .../libssl-dev_1.0.1c-4_amd64.deb) ...
Selecting previously unselected package libticcutils1.
Unpacking libticcutils1 (from .../libticcutils1_0.3-1_amd64.deb) ...
Selecting previously unselected package libtimbl3.
Unpacking libtimbl3 (from .../libtimbl3_6.4.3-1_amd64.deb) ...
Selecting previously unselected package libtimbl3-dev.
Unpacking libtimbl3-dev (from .../libtimbl3-dev_6.4.3-1_amd64.deb) ...
Selecting previously unselected package libxml2-dev:amd64.
Unpacking libxml2-dev:amd64 (from .../libxml2-dev_2.8.0+dfsg1-7_amd64.deb) ...
Selecting previously unselected package pkg-config.
Unpacking pkg-config (from .../pkg-config_0.26-1_amd64.deb) ...
Selecting previously unselected package python2.7-dev.
Unpacking python2.7-dev (from .../python2.7-dev_2.7.3-6_amd64.deb) ...
Selecting previously unselected package python-dev.
Unpacking python-dev (from .../python-dev_2.7.3-3_all.deb) ...
Selecting previously unselected package frogdata.
Unpacking frogdata (from .../frogdata_0.3-2_all.deb) ...
Selecting previously unselected package libfolia1.
Unpacking libfolia1 (from .../libfolia1_0.9-2_amd64.deb) ...
Selecting previously unselected package libfolia1-dev.
Unpacking libfolia1-dev (from .../libfolia1-dev_0.9-2_amd64.deb) ...
Selecting previously unselected package libmbt0.
Unpacking libmbt0 (from .../libmbt0_3.2.9-2_amd64.deb) ...
Selecting previously unselected package libmbt0-dev.
Unpacking libmbt0-dev (from .../libmbt0-dev_3.2.9-2_amd64.deb) ...
Selecting previously unselected package libtimblserver2.
Unpacking libtimblserver2 (from .../libtimblserver2_1.6-2_amd64.deb) ...
Selecting previously unselected package libtimblserver2-dev.
Unpacking libtimblserver2-dev (from .../libtimblserver2-dev_1.6-2_amd64.deb) ...
Selecting previously unselected package libucto1.
Unpacking libucto1 (from .../libucto1_0.5.2-2_amd64.deb) ...
Selecting previously unselected package libucto1-dev.
Unpacking libucto1-dev (from .../libucto1-dev_0.5.2-2_amd64.deb) ...
Selecting previously unselected package sbuild-build-depends-frog-dummy.
Unpacking sbuild-build-depends-frog-dummy (from .../sbuild-build-depends-frog-dummy.deb) ...
Processing triggers for mime-support ...
Setting up libpipeline1:amd64 (1.2.2-1) ...
Setting up libpopt0:amd64 (1.16-7) ...
Setting up groff-base (1.22.1-2) ...
Setting up bsdmainutils (9.0.4) ...
update-alternatives: using /usr/bin/bsd-write to provide /usr/bin/write (write) in auto mode
update-alternatives: using /usr/bin/bsd-from to provide /usr/bin/from (from) in auto mode
Setting up man-db (2.6.3-3) ...
Building database of manual pages ...
Setting up libasprintf0c2:amd64 (0.18.1.1-10) ...
Setting up libmagic1:amd64 (5.11-2) ...
Setting up libpcre3:amd64 (1:8.31-2) ...
Setting up libxml2:amd64 (2.8.0+dfsg1-7) ...
Setting up libglib2.0-0:amd64 (2.33.12+really2.32.4-5) ...
No schema files found: doing nothing.
Setting up libcroco3:amd64 (0.6.6-2) ...
Setting up libunistring0:amd64 (0.9.3-5) ...
Setting up libgettextpo0:amd64 (0.18.1.1-10) ...
Setting up libicu48:amd64 (4.8.1.1-10) ...
Setting up file (5.11-2) ...
Setting up gettext-base (0.18.1.1-10) ...
Setting up python-support (1.0.15) ...
Setting up cdbs (0.4.120) ...
Setting up html2text (1.3.2a-15) ...
Setting up libasprintf-dev:amd64 (0.18.1.1-10) ...
Setting up libgettextpo-dev:amd64 (0.18.1.1-10) ...
Setting up gettext (0.18.1.1-10) ...
Setting up intltool-debian (0.35.0+20060710.1) ...
Setting up po-debconf (1.0.16+nmu2) ...
Setting up debhelper (9.20120909) ...
Setting up libexpat1-dev (2.1.0-1) ...
Setting up libicu-dev (4.8.1.1-10) ...
Setting up libpython2.7 (2.7.3-6) ...
Setting up zlib1g-dev:amd64 (1:1.2.7.dfsg-13) ...
Setting up libssl-dev (1.0.1c-4) ...
Setting up libticcutils1 (0.3-1) ...
Setting up libtimbl3 (6.4.3-1) ...
Setting up libtimbl3-dev (6.4.3-1) ...
Setting up libxml2-dev:amd64 (2.8.0+dfsg1-7) ...
Setting up pkg-config (0.26-1) ...
Setting up python2.7-dev (2.7.3-6) ...
Setting up python-dev (2.7.3-3) ...
Setting up frogdata (0.3-2) ...
Setting up libfolia1 (0.9-2) ...
Setting up libfolia1-dev (0.9-2) ...
Setting up libmbt0 (3.2.9-2) ...
Setting up libmbt0-dev (3.2.9-2) ...
Setting up libtimblserver2 (1.6-2) ...
Setting up libtimblserver2-dev (1.6-2) ...
Setting up libucto1 (0.5.2-2) ...
Setting up libucto1-dev (0.5.2-2) ...
Setting up sbuild-build-depends-frog-dummy (0.invalid.0) ...

┌──────────────────────────────────────────────────────────────────────────────┐
│ Build environment                                                            │
└──────────────────────────────────────────────────────────────────────────────┘

Kernel: Linux 2.6.32-5-xen-amd64 amd64 (x86_64)
Toolchain package versions: binutils_2.22-7.1 dpkg-dev_1.16.9 g++-4.6_4.6.3-15 g++-4.7_4.7.2-5 gcc-4.6_4.6.3-15 gcc-4.7_4.7.2-5 libc6-dev_2.13-38 libstdc++6_4.7.2-5 libstdc++6-4.6-dev_4.6.3-15 libstdc++6-4.7-dev_4.7.2-5 linux-libc-dev_3.2.35-2
Package versions: apt_0.9.7.7 base-files_7.1 base-passwd_3.5.26 bash_4.2+dfsg-0.1 binutils_2.22-7.1 bsdmainutils_9.0.4 bsdutils_1:2.20.1-5.3 build-essential_11.6 bzip2_1.0.6-4 cdbs_0.4.120 clang_3.2-2 clang-3.2_3.2-2 compiler-rt_3.2-2 coreutils_8.20-3 cpp_4:4.7.2-1 cpp-4.6_4.6.3-15 cpp-4.7_4.7.2-5 dash_0.5.7-3 debconf_1.5.49 debconf-i18n_1.5.49 debfoster_2.7-1.2 debhelper_9.20120909 debian-archive-keyring_2012.4 debianutils_4.3.4 diffutils_1:3.2-7 dpkg_1.16.9 dpkg-dev_1.16.9 e2fslibs_1.42.5-1 e2fsprogs_1.42.5-1 fakeroot_1.18.4-2 file_5.11-2 findutils_4.4.2-5 frogdata_0.3-2 g++_4:4.7.2-1 g++-4.6_4.6.3-15 g++-4.7_4.7.2-5 gcc_4:4.7.2-1 gcc-4.4-base_4.4.7-3 gcc-4.5-base_4.5.4-1 gcc-4.6_4.6.3-15 gcc-4.6-base_4.6.3-15 gcc-4.7_4.7.2-5 gcc-4.7-base_4.7.2-5 gettext_0.18.1.1-10 gettext-base_0.18.1.1-10 gnupg_1.4.12-7 gpgv_1.4.12-7 grep_2.14-1 groff-base_1.22.1-2 gzip_1.5-1.1 hostname_3.12 html2text_1.3.2a-15 initscripts_2.88dsf-39 insserv_1.14.0-5 intltool-debian_0.35.0+20060710.1 libacl1_2.2.51-8 libapt-pkg4.12_0.9.7.7 libasprintf-dev_0.18.1.1-10 libasprintf0c2_0.18.1.1-10 libattr1_1:2.4.46-8 libblkid1_2.20.1-5.3 libbz2-1.0_1.0.6-4 libc-bin_2.13-38 libc-dev-bin_2.13-38 libc6_2.13-38 libc6-dev_2.13-38 libclang-common-dev_3.2-2 libclass-isa-perl_0.36-5 libcomerr2_1.42.5-1 libcroco3_0.6.6-2 libdb5.1_5.1.29-5 libdpkg-perl_1.16.9 libexpat1_2.1.0-1 libexpat1-dev_2.1.0-1 libffi5_3.0.10-3 libfile-fcntllock-perl_0.14-2 libfolia1_0.9-2 libfolia1-dev_0.9-2 libgc1c2_1:7.1-9.1 libgcc1_1:4.7.2-5 libgdbm3_1.8.3-11 libgettextpo-dev_0.18.1.1-10 libgettextpo0_0.18.1.1-10 libglib2.0-0_2.33.12+really2.32.4-5 libgmp10_2:5.0.5+dfsg-2 libgomp1_4.7.2-5 libgpm2_1.20.4-6 libicu-dev_4.8.1.1-10 libicu48_4.8.1.1-10 libitm1_4.7.2-5 libllvm3.2_3.2-2 liblocale-gettext-perl_1.05-7+b1 liblzma5_5.1.1alpha+20120614-2 libmagic1_5.11-2 libmbt0_3.2.9-2 libmbt0-dev_3.2.9-2 libmount1_2.20.1-5.3 libmpc2_0.9-4 libmpfr4_3.1.0-5 libncurses5_5.9-10 libncursesw5_5.9-10 libpam-modules_1.1.3-7.1 libpam-modules-bin_1.1.3-7.1 libpam-runtime_1.1.3-7.1 libpam0g_1.1.3-7.1 libpcre3_1:8.31-2 libpipeline1_1.2.2-1 libpopt0_1.16-7 libpython2.7_2.7.3-6 libquadmath0_4.7.2-5 libreadline6_6.2+dfsg-0.1 libselinux1_2.1.9-5 libsemanage-common_2.1.6-6 libsemanage1_2.1.6-6 libsepol1_2.1.4-3 libslang2_2.2.4-15 libsqlite3-0_3.7.15.2-1 libss2_1.42.5-1 libssl-dev_1.0.1c-4 libssl1.0.0_1.0.1c-4 libstdc++6_4.7.2-5 libstdc++6-4.6-dev_4.6.3-15 libstdc++6-4.7-dev_4.7.2-5 libswitch-perl_2.16-2 libtext-charwidth-perl_0.04-7+b1 libtext-iconv-perl_1.7-5 libtext-wrapi18n-perl_0.06-7 libticcutils1_0.3-1 libtimbl3_6.4.3-1 libtimbl3-dev_6.4.3-1 libtimblserver2_1.6-2 libtimblserver2-dev_1.6-2 libtimedate-perl_1.2000-1 libtinfo5_5.9-10 libucto1_0.5.2-2 libucto1-dev_0.5.2-2 libunistring0_0.9.3-5 libusb-0.1-4_2:0.1.12-23+nmu1 libustr-1.0-1_1.0.4-3 libuuid1_2.20.1-5.3 libxml2_2.8.0+dfsg1-7 libxml2-dev_2.8.0+dfsg1-7 linux-libc-dev_3.2.35-2 login_1:4.1.5.1-1 lsb-base_4.1+Debian9 make_3.81-8.2 man-db_2.6.3-3 mawk_1.3.3-17 mime-support_3.52-2 mount_2.20.1-5.3 multiarch-support_2.13-38 ncurses-base_5.9-10 ncurses-bin_5.9-10 passwd_1:4.1.5.1-1 patch_2.6.1-3 perl_5.14.2-17 perl-base_5.14.2-17 perl-modules_5.14.2-17 pkg-config_0.26-1 po-debconf_1.0.16+nmu2 python_2.7.3-3 python-dev_2.7.3-3 python-minimal_2.7.3-3 python-support_1.0.15 python2.7_2.7.3-6 python2.7-dev_2.7.3-6 python2.7-minimal_2.7.3-6 readline-common_6.2+dfsg-0.1 sbuild-build-depends-core-dummy_0.invalid.0 sbuild-build-depends-frog-dummy_0.invalid.0 sed_4.2.1-10 sensible-utils_0.0.7 sudo_1.8.5p2-1 sysv-rc_2.88dsf-39 sysvinit_2.88dsf-39 sysvinit-utils_2.88dsf-39 tar_1.26+dfsg-0.1 tzdata_2012j-1 ucf_3.0025+nmu3 util-linux_2.20.1-5.3 vim_2:7.3.547-6 vim-common_2:7.3.547-6 vim-runtime_2:7.3.547-6 xz-utils_5.1.1alpha+20120614-2 zlib1g_1:1.2.7.dfsg-13 zlib1g-dev_1:1.2.7.dfsg-13

┌──────────────────────────────────────────────────────────────────────────────┐
│ Build                                                                        │
└──────────────────────────────────────────────────────────────────────────────┘


Unpack source
─────────────

gpgv: keyblock resource `/sbuild-nonexistent/.gnupg/trustedkeys.gpg': file open error
gpgv: Signature made Sun Jul  1 18:07:13 2012 UTC using RSA key ID A5E6B0C8
gpgv: Can't check signature: public key not found
dpkg-source: warning: failed to verify signature on ./frog_0.12.15-3.dsc
dpkg-source: info: extracting frog in frog-0.12.15
dpkg-source: info: unpacking frog_0.12.15.orig.tar.gz
dpkg-source: info: unpacking frog_0.12.15-3.debian.tar.gz

Check disc space
────────────────

Sufficient free space for build

User Environment
────────────────

HOME=/sbuild-nonexistent
LOGNAME=user
PATH=/usr/local/sbin:/usr/local/bin:/usr/sbin:/usr/bin:/sbin:/bin:/usr/games
SCHROOT_CHROOT_NAME=unstable-amd64-sbuild
SCHROOT_COMMAND=env
SCHROOT_GID=1000
SCHROOT_GROUP=user
SCHROOT_SESSION_ID=unstable-amd64-sbuild-9fb9ebd2-77c2-4580-9478-853a09efc961
SCHROOT_UID=1000
SCHROOT_USER=user
SHELL=/bin/sh
USER=user

dpkg-buildpackage
─────────────────

dpkg-buildpackage: source package frog
dpkg-buildpackage: source version 0.12.15-3
dpkg-buildpackage: source changed by Joost van Baal-Ilić <joostvb@debian.org>
 dpkg-source --before-build frog-0.12.15
dpkg-buildpackage: host architecture amd64
 fakeroot debian/rules clean
test -x debian/rules
dh_testroot
rmdir ./build
rmdir: failed to remove './build': No such file or directory
make: [cleanbuilddir] Error 1 (ignored)
/usr/bin/make  -C ./build/2.6  -k distclean
make: *** ./build/2.6: No such file or directory.  Stop.
make: [makefile-clean/2.6] Error 2 (ignored)
rm -f debian/stamp-makefile-build/2.6 debian/stamp-makefile-install/2.6
rm -f debian/stamp-makefile-check/2.6
rmdir --ignore-fail-on-non-empty ./build/2.6
rmdir: failed to remove './build/2.6': No such file or directory
make: [makefile-clean/2.6] Error 1 (ignored)
rm -f debian/stamp-autotools/2.6
/usr/bin/make  -C ./build/2.7  -k distclean
make: *** ./build/2.7: No such file or directory.  Stop.
make: [makefile-clean/2.7] Error 2 (ignored)
rm -f debian/stamp-makefile-build/2.7 debian/stamp-makefile-install/2.7
rm -f debian/stamp-makefile-check/2.7
rmdir --ignore-fail-on-non-empty ./build/2.7
rmdir: failed to remove './build/2.7': No such file or directory
make: [makefile-clean/2.7] Error 1 (ignored)
rm -f debian/stamp-autotools/2.7
rmdir --ignore-fail-on-non-empty debian/stamp-makefile-build debian/stamp-makefile-install
rmdir: failed to remove 'debian/stamp-makefile-build': No such file or directory
rmdir: failed to remove 'debian/stamp-makefile-install': No such file or directory
make: [makefile-clean] Error 1 (ignored)
rmdir --ignore-fail-on-non-empty debian/stamp-autotools
rmdir: failed to remove 'debian/stamp-autotools': No such file or directory
make: [makefile-clean] Error 1 (ignored)
for i in ./config.guess ./config.sub  ; do \
		if test -e $i.cdbs-orig ; then \
			mv $i.cdbs-orig $i ; \
		fi ; \
	done
dh_clean 
rm -f debian/stamp-autotools-files
 debian/rules build-arch
test -x debian/rules
mkdir -p "./build"
mkdir -p debian/stamp-makefile-build debian/stamp-makefile-install
mkdir -p debian/stamp-autotools
if test -e /usr/share/misc/config.guess ; then \
		for i in ./config.guess ; do \
			if ! test -e $i.cdbs-orig ; then \
				mv $i $i.cdbs-orig ; \
				cp --remove-destination /usr/share/misc/config.guess $i ; \
			fi ; \
		done ; \
	fi
if test -e /usr/share/misc/config.sub ; then \
		for i in ./config.sub ; do \
			if ! test -e $i.cdbs-orig ; then \
				mv $i $i.cdbs-orig ; \
				cp --remove-destination /usr/share/misc/config.sub $i ; \
			fi ; \
		done ; \
	fi
touch debian/stamp-autotools-files
chmod a+x /«PKGBUILDDIR»/./configure
mkdir -p ./build/2.6
cd ./build/2.6 &&   CFLAGS="-g -O2 -fstack-protector --param=ssp-buffer-size=4 -Wformat -Werror=format-security -Wall" CXXFLAGS="-g -O2 -fstack-protector --param=ssp-buffer-size=4 -Wformat -Werror=format-security -Wall" CPPFLAGS="-D_FORTIFY_SOURCE=2" LDFLAGS="-Wl,-z,relro" PYTHON="python2.6" /«PKGBUILDDIR»/./configure --build=x86_64-linux-gnu  --prefix=/usr --includedir="\${prefix}/include" --mandir="\${prefix}/share/man" --infodir="\${prefix}/share/info" --sysconfdir=/etc --localstatedir=/var --libexecdir="\${prefix}/lib/frog"  --disable-maintainer-mode --disable-dependency-tracking --disable-silent-rules    
configure: WARNING: unrecognized options: --disable-maintainer-mode, --disable-silent-rules
checking for a BSD-compatible install... /usr/bin/install -c
checking whether build environment is sane... yes
checking for a thread-safe mkdir -p... /bin/mkdir -p
checking for gawk... no
checking for mawk... mawk
checking whether make sets $(MAKE)... yes
checking for g++... g++
checking whether the C++ compiler works... yes
checking for C++ compiler default output file name... a.out
checking for suffix of executables... 
checking whether we are cross compiling... no
checking for suffix of object files... o
checking whether we are using the GNU C++ compiler... yes
checking whether g++ accepts -g... yes
checking for style of include used by make... GNU
checking dependency style of g++... none
checking for ranlib... ranlib
checking build system type... x86_64-pc-linux-gnu
checking host system type... x86_64-pc-linux-gnu
checking how to print strings... printf
checking for gcc... gcc
checking whether we are using the GNU C compiler... yes
checking whether gcc accepts -g... yes
checking for gcc option to accept ISO C89... none needed
checking dependency style of gcc... none
checking for a sed that does not truncate output... /bin/sed
checking for grep that handles long lines and -e... /bin/grep
checking for egrep... /bin/grep -E
checking for fgrep... /bin/grep -F
checking for ld used by gcc... /usr/bin/ld
checking if the linker (/usr/bin/ld) is GNU ld... yes
checking for BSD- or MS-compatible name lister (nm)... /usr/bin/nm -B
checking the name lister (/usr/bin/nm -B) interface... BSD nm
checking whether ln -s works... yes
checking the maximum length of command line arguments... 3458764513820540925
checking whether the shell understands some XSI constructs... yes
checking whether the shell understands "+="... yes
checking how to convert x86_64-pc-linux-gnu file names to x86_64-pc-linux-gnu format... func_convert_file_noop
checking how to convert x86_64-pc-linux-gnu file names to toolchain format... func_convert_file_noop
checking for /usr/bin/ld option to reload object files... -r
checking for objdump... objdump
checking how to recognize dependent libraries... pass_all
checking for dlltool... no
checking how to associate runtime and link libraries... printf %s\n
checking for ar... ar
checking for archiver @FILE support... @
checking for strip... strip
checking for ranlib... (cached) ranlib
checking command to parse /usr/bin/nm -B output from gcc object... ok
checking for sysroot... no
checking for mt... no
checking if : is a manifest tool... no
checking how to run the C preprocessor... gcc -E
checking for ANSI C header files... yes
checking for sys/types.h... yes
checking for sys/stat.h... yes
checking for stdlib.h... yes
checking for string.h... yes
checking for memory.h... yes
checking for strings.h... yes
checking for inttypes.h... yes
checking for stdint.h... yes
checking for unistd.h... yes
checking for dlfcn.h... yes
checking for objdir... .libs
checking if gcc supports -fno-rtti -fno-exceptions... yes
checking for gcc option to produce PIC... -fPIC -DPIC
checking if gcc PIC flag -fPIC -DPIC works... yes
checking if gcc static flag -static works... yes
checking if gcc supports -c -o file.o... yes
checking if gcc supports -c -o file.o... (cached) yes
checking whether the gcc linker (/usr/bin/ld -m elf_x86_64) supports shared libraries... yes
checking whether -lc should be explicitly linked in... no
checking dynamic linker characteristics... GNU/Linux ld.so
checking how to hardcode library paths into programs... immediate
checking whether stripping libraries is possible... yes
checking if libtool supports shared libraries... yes
checking whether to build shared libraries... yes
checking whether to build static libraries... yes
checking how to run the C++ preprocessor... g++ -E
checking for ld used by g++... /usr/bin/ld -m elf_x86_64
checking if the linker (/usr/bin/ld -m elf_x86_64) is GNU ld... yes
checking whether the g++ linker (/usr/bin/ld -m elf_x86_64) supports shared libraries... yes
checking for g++ option to produce PIC... -fPIC -DPIC
checking if g++ PIC flag -fPIC -DPIC works... yes
checking if g++ static flag -static works... yes
checking if g++ supports -c -o file.o... yes
checking if g++ supports -c -o file.o... (cached) yes
checking whether the g++ linker (/usr/bin/ld -m elf_x86_64) supports shared libraries... yes
checking dynamic linker characteristics... (cached) GNU/Linux ld.so
checking how to hardcode library paths into programs... immediate
checking for stdbool.h that conforms to C99... yes
checking for _Bool... no
checking for dirent.h that defines DIR... yes
checking for library containing opendir... none required
checking for pid_t... yes
checking for size_t... yes
checking vfork.h usability... no
checking vfork.h presence... no
checking for vfork.h... no
checking for fork... yes
checking for vfork... yes
checking for working fork... yes
checking for working vfork... (cached) yes
checking for the pthreads library -lpthreads... no
checking whether pthreads work without any flags... no
checking whether pthreads work with -Kthread... no
checking whether pthreads work with -kthread... no
checking for the pthreads library -llthread... no
checking whether pthreads work with -pthread... yes
checking for joinable pthread attribute... PTHREAD_CREATE_JOINABLE
checking if more special flags are required for pthreads... no
configure: error: We need OpenMP, please use a recent compiler!
checking for OpenMP flag of C++ compiler... unknown
make: *** [debian/stamp-autotools/2.6] Error 1
dpkg-buildpackage: error: debian/rules build-arch gave error exit status 2
────────────────────────────────────────────────────────────────────────────────
Build finished at 20130131-1850

Finished
────────

E: Build failure (dpkg-buildpackage died)

┌──────────────────────────────────────────────────────────────────────────────┐
│ Cleanup                                                                      │
└──────────────────────────────────────────────────────────────────────────────┘

Purging /«BUILDDIR»
Not cleaning session: cloned chroot in use

┌──────────────────────────────────────────────────────────────────────────────┐
│ Summary                                                                      │
└──────────────────────────────────────────────────────────────────────────────┘

Architecture: amd64
Build-Space: 2172
Build-Time: 10
Distribution: unstable
Fail-Stage: build
Install-Time: 14
Job: frog_0.12.15-3
Package: frog
Package-Time: 52
Source-Version: 0.12.15-3
Space: 2172
Status: attempted
Version: 0.12.15-3
────────────────────────────────────────────────────────────────────────────────
Finished at 20130131-1850
Build needed 00:00:52, 2172k disc space
DC-Status: Failed 52.496937s
DC-Time-Estimation: 52.496937 versus expected 135 (r/m: 1.57157860467174 ; m: 52.496937)
