DC-Build-Header: obrowser 1.1.1+dfsg-1 / Sat Feb 02 03:28:34 +0000 2013
DC-Task: logfile:/tmp/obrowser_1.1.1+dfsg-1_unstable_clang.log version:1.1.1+dfsg-1 modes:binary-only:clang chroot:unstable source:obrowser esttime:78 architecture:any
DC-Sbuild-call: su user -c 'sbuild -n --apt-update -d unstable -v  --chroot-setup-commands=/tmp/switch-to-clang obrowser_1.1.1+dfsg-1'
Could not create '/sbuild-nonexistent/logs': No such file or directory
Could not create '/sbuild-nonexistent/logs': No such file or directory
sbuild (Debian sbuild) 0.62.5 (13 Jul 2011) on ip-10-30-142-22.ec2.internal

╔══════════════════════════════════════════════════════════════════════════════╗
║ obrowser 1.1.1+dfsg-1 (amd64)                              02 Feb 2013 03:28 ║
╚══════════════════════════════════════════════════════════════════════════════╝

Package: obrowser
Version: 1.1.1+dfsg-1
Source Version: 1.1.1+dfsg-1
Distribution: unstable
Architecture: amd64

I: NOTICE: Log filtering will replace 'build/obrowser-AsKbwW/obrowser-1.1.1+dfsg' with '«PKGBUILDDIR»'
I: NOTICE: Log filtering will replace 'build/obrowser-AsKbwW' with '«BUILDDIR»'
I: NOTICE: Log filtering will replace 'var/lib/schroot/mount/unstable-amd64-sbuild-741bfd63-8c7f-4200-adf6-71807d05c2ec' with '«CHROOT»'

┌──────────────────────────────────────────────────────────────────────────────┐
│ Update chroot                                                                │
└──────────────────────────────────────────────────────────────────────────────┘

Ign http://localhost unstable InRelease
Get:1 http://localhost unstable Release.gpg [836 B]
Get:2 http://localhost unstable Release [227 kB]
Ign http://localhost unstable/main Sources/DiffIndex
Ign http://localhost unstable/main amd64 Packages/DiffIndex
Get:3 http://localhost unstable/main Translation-en/DiffIndex [7876 B]
Get:4 http://localhost unstable/main 2013-02-01-2012.11.pdiff [40 B]
Get:5 http://localhost unstable/main 2013-02-01-2012.11.pdiff [40 B]
Get:6 http://localhost unstable/main Sources [8235 kB]
Get:7 http://localhost unstable/main amd64 Packages [8278 kB]
Fetched 16.7 MB in 3s (5410 kB/s)
Reading package lists...
Reading package lists...
Building dependency tree...
Reading state information...
0 upgraded, 0 newly installed, 0 to remove and 0 not upgraded.

┌──────────────────────────────────────────────────────────────────────────────┐
│ Fetch source files                                                           │
└──────────────────────────────────────────────────────────────────────────────┘


Check APT
─────────

Checking available source versions...

Download source files with APT
──────────────────────────────

Reading package lists...
Building dependency tree...
Reading state information...
NOTICE: 'obrowser' packaging is maintained in the 'Git' version control system at:
git://git.debian.org/git/pkg-ocaml-maint/packages/obrowser.git
Need to get 1360 kB of source archives.
Get:1 http://localhost/debian/ unstable/main obrowser 1.1.1+dfsg-1 (dsc) [2056 B]
Get:2 http://localhost/debian/ unstable/main obrowser 1.1.1+dfsg-1 (tar) [1353 kB]
Get:3 http://localhost/debian/ unstable/main obrowser 1.1.1+dfsg-1 (diff) [5322 B]
Fetched 1360 kB in 0s (4470 kB/s)
Download complete and in download only mode

Check arch
──────────


┌──────────────────────────────────────────────────────────────────────────────┐
│ Chroot Setup Commands                                                        │
└──────────────────────────────────────────────────────────────────────────────┘


/tmp/switch-to-clang
────────────────────

+ echo 'Entering customization script...'
Entering customization script...
+ echo 'Add an unstable version of clang as repository'
Add an unstable version of clang as repository
+ echo deb http://clang.ecranbleu.org/apt/debian unstable main
+ apt-get update
Ign http://localhost unstable InRelease
Hit http://localhost unstable Release.gpg
Hit http://localhost unstable Release
Ign http://clang.ecranbleu.org unstable InRelease
Ign http://localhost unstable/main Sources/DiffIndex
Ign http://clang.ecranbleu.org unstable Release.gpg
Ign http://localhost unstable/main amd64 Packages/DiffIndex
Get:1 http://clang.ecranbleu.org unstable Release [1616 B]
Hit http://localhost unstable/main Translation-en/DiffIndex
Hit http://localhost unstable/main Sources
Get:2 http://clang.ecranbleu.org unstable/main amd64 Packages [2354 B]
Hit http://localhost unstable/main amd64 Packages
Ign http://clang.ecranbleu.org unstable/main Translation-en
Fetched 3970 B in 1s (2766 B/s)
Reading package lists...
+ echo 'Install of clang'
Install of clang
+ apt-get update
Ign http://localhost unstable InRelease
Hit http://localhost unstable Release.gpg
Hit http://localhost unstable Release
Ign http://clang.ecranbleu.org unstable InRelease
Ign http://localhost unstable/main Sources/DiffIndex
Ign http://clang.ecranbleu.org unstable Release.gpg
Ign http://localhost unstable/main amd64 Packages/DiffIndex
Hit http://clang.ecranbleu.org unstable Release
Hit http://localhost unstable/main Translation-en/DiffIndex
Ign http://clang.ecranbleu.org unstable/main amd64 Packages/DiffIndex
Hit http://localhost unstable/main Sources
Hit http://localhost unstable/main amd64 Packages
Hit http://clang.ecranbleu.org unstable/main amd64 Packages
Ign http://clang.ecranbleu.org unstable/main Translation-en
Reading package lists...
+ apt-get install --yes --no-install-recommends --force-yes clang
Reading package lists...
Building dependency tree...
Reading state information...
The following extra packages will be installed:
  clang-3.2 compiler-rt libclang-common-dev libexpat1 libffi5 libllvm3.2
  libncursesw5 libsqlite3-0 libssl1.0.0 mime-support python python-minimal
  python2.7 python2.7-minimal
Suggested packages:
  python-doc python-tk python2.7-doc binfmt-support
Recommended packages:
  llvm-3.2-dev file
The following NEW packages will be installed:
  clang clang-3.2 compiler-rt libclang-common-dev libexpat1 libffi5 libllvm3.2
  libncursesw5 libsqlite3-0 libssl1.0.0 mime-support python python-minimal
  python2.7 python2.7-minimal
0 upgraded, 15 newly installed, 0 to remove and 0 not upgraded.
Need to get 25.3 MB of archives.
After this operation, 70.1 MB of additional disk space will be used.
WARNING: The following packages cannot be authenticated!
  libclang-common-dev compiler-rt clang-3.2 clang
Get:1 http://localhost/debian/ unstable/main libncursesw5 amd64 5.9-10 [141 kB]
Get:2 http://localhost/debian/ unstable/main libssl1.0.0 amd64 1.0.1c-4 [1213 kB]
Get:3 http://localhost/debian/ unstable/main libsqlite3-0 amd64 3.7.15.2-1 [463 kB]
Get:4 http://localhost/debian/ unstable/main libexpat1 amd64 2.1.0-1 [141 kB]
Get:5 http://localhost/debian/ unstable/main libffi5 amd64 3.0.10-3 [24.8 kB]
Get:6 http://localhost/debian/ unstable/main libllvm3.2 amd64 3.2-2 [7865 kB]
Get:7 http://clang.ecranbleu.org/apt/debian/ unstable/main libclang-common-dev amd64 3.2-2 [303 kB]
Get:8 http://localhost/debian/ unstable/main mime-support all 3.52-2 [35.2 kB]
Get:9 http://localhost/debian/ unstable/main python2.7-minimal amd64 2.7.3-6 [1783 kB]
Get:10 http://localhost/debian/ unstable/main python2.7 amd64 2.7.3-6 [2729 kB]
Get:11 http://localhost/debian/ unstable/main python-minimal all 2.7.3-3 [42.5 kB]
Get:12 http://localhost/debian/ unstable/main python all 2.7.3-3 [179 kB]
Get:13 http://clang.ecranbleu.org/apt/debian/ unstable/main compiler-rt amd64 3.2-2 [312 kB]
Get:14 http://clang.ecranbleu.org/apt/debian/ unstable/main clang-3.2 amd64 3.2-2 [10.0 MB]
Get:15 http://clang.ecranbleu.org/apt/debian/ unstable/main clang all 3.2-2 [9558 B]
debconf: delaying package configuration, since apt-utils is not installed
Fetched 25.3 MB in 3s (7751 kB/s)
Selecting previously unselected package libncursesw5:amd64.
(Reading database ... 13484 files and directories currently installed.)
Unpacking libncursesw5:amd64 (from .../libncursesw5_5.9-10_amd64.deb) ...
Selecting previously unselected package libssl1.0.0:amd64.
Unpacking libssl1.0.0:amd64 (from .../libssl1.0.0_1.0.1c-4_amd64.deb) ...
Selecting previously unselected package libsqlite3-0:amd64.
Unpacking libsqlite3-0:amd64 (from .../libsqlite3-0_3.7.15.2-1_amd64.deb) ...
Selecting previously unselected package libexpat1:amd64.
Unpacking libexpat1:amd64 (from .../libexpat1_2.1.0-1_amd64.deb) ...
Selecting previously unselected package libffi5:amd64.
Unpacking libffi5:amd64 (from .../libffi5_3.0.10-3_amd64.deb) ...
Selecting previously unselected package libllvm3.2:amd64.
Unpacking libllvm3.2:amd64 (from .../libllvm3.2_3.2-2_amd64.deb) ...
Selecting previously unselected package mime-support.
Unpacking mime-support (from .../mime-support_3.52-2_all.deb) ...
Selecting previously unselected package python2.7-minimal.
Unpacking python2.7-minimal (from .../python2.7-minimal_2.7.3-6_amd64.deb) ...
Selecting previously unselected package python2.7.
Unpacking python2.7 (from .../python2.7_2.7.3-6_amd64.deb) ...
Selecting previously unselected package python-minimal.
Unpacking python-minimal (from .../python-minimal_2.7.3-3_all.deb) ...
Selecting previously unselected package python.
Unpacking python (from .../python_2.7.3-3_all.deb) ...
Selecting previously unselected package libclang-common-dev.
Unpacking libclang-common-dev (from .../libclang-common-dev_3.2-2_amd64.deb) ...
Selecting previously unselected package compiler-rt.
Unpacking compiler-rt (from .../compiler-rt_3.2-2_amd64.deb) ...
Selecting previously unselected package clang-3.2.
Unpacking clang-3.2 (from .../clang-3.2_3.2-2_amd64.deb) ...
Selecting previously unselected package clang.
Unpacking clang (from .../archives/clang_3.2-2_all.deb) ...
Setting up libncursesw5:amd64 (5.9-10) ...
Setting up libssl1.0.0:amd64 (1.0.1c-4) ...
debconf: unable to initialize frontend: Dialog
debconf: (Dialog frontend will not work on a dumb terminal, an emacs shell buffer, or without a controlling terminal.)
debconf: falling back to frontend: Readline
debconf: unable to initialize frontend: Readline
debconf: (This frontend requires a controlling tty.)
debconf: falling back to frontend: Teletype
Setting up libsqlite3-0:amd64 (3.7.15.2-1) ...
Setting up libexpat1:amd64 (2.1.0-1) ...
Setting up libffi5:amd64 (3.0.10-3) ...
Setting up libllvm3.2:amd64 (3.2-2) ...
Setting up mime-support (3.52-2) ...
Setting up python2.7-minimal (2.7.3-6) ...
Linking and byte-compiling packages for runtime python2.7...
Setting up python2.7 (2.7.3-6) ...
Setting up python-minimal (2.7.3-3) ...
Setting up python (2.7.3-3) ...
Setting up libclang-common-dev (3.2-2) ...
Setting up compiler-rt (3.2-2) ...
Setting up clang-3.2 (3.2-2) ...
Setting up clang (3.2-2) ...
+ echo 'Replace gcc, g++ & cpp by clang'
Replace gcc, g++ & cpp by clang
+ VERSIONS='4.6 4.7'
+ cd /usr/bin
+ for VERSION in '$VERSIONS'
+ rm g++-4.6 gcc-4.6 cpp-4.6
+ ln -s clang++ g++-4.6
+ ln -s clang gcc-4.6
+ ln -s clang cpp-4.6
+ for VERSION in '$VERSIONS'
+ rm g++-4.7 gcc-4.7 cpp-4.7
+ ln -s clang++ g++-4.7
+ ln -s clang gcc-4.7
+ ln -s clang cpp-4.7
+ cd -
/«BUILDDIR»
+ echo 'Block the installation of new gcc version'
Block the installation of new gcc version
+ echo 'gcc-4.6 hold'
+ dpkg --set-selections
+ echo 'cpp-4.6 hold'
+ dpkg --set-selections
+ echo 'g++-4.6 hold'
+ dpkg --set-selections
+ echo 'gcc-4.7 hold'
+ dpkg --set-selections
+ echo 'cpp-4.7 hold'
+ dpkg --set-selections
+ echo 'g++-4.7 hold'
+ dpkg --set-selections
+ echo 'Check if gcc, g++ & cpp are actually clang'
Check if gcc, g++ & cpp are actually clang
+ gcc --version
+ grep clang
+ cpp --version
+ grep clang
+ g++ --version
+ grep clang

I: Finished running '/tmp/switch-to-clang'.

Finished processing commands.
────────────────────────────────────────────────────────────────────────────────
Merged Build-Depends: build-essential, fakeroot
Filtered Build-Depends: build-essential, fakeroot
dpkg-deb: building package `sbuild-build-depends-core-dummy' in `/«BUILDDIR»/resolver-DiYNNl/apt_archive/sbuild-build-depends-core-dummy.deb'.
OK
Reading package lists...

┌──────────────────────────────────────────────────────────────────────────────┐
│ Install core build dependencies (apt-based resolver)                         │
└──────────────────────────────────────────────────────────────────────────────┘

Installing build dependencies
Reading package lists...
Building dependency tree...
Reading state information...
The following NEW packages will be installed:
  sbuild-build-depends-core-dummy
debconf: delaying package configuration, since apt-utils is not installed
0 upgraded, 1 newly installed, 0 to remove and 0 not upgraded.
Need to get 0 B/710 B of archives.
After this operation, 0 B of additional disk space will be used.
Selecting previously unselected package sbuild-build-depends-core-dummy.
(Reading database ... 14662 files and directories currently installed.)
Unpacking sbuild-build-depends-core-dummy (from .../sbuild-build-depends-core-dummy.deb) ...
Setting up sbuild-build-depends-core-dummy (0.invalid.0) ...
Merged Build-Depends: base-files, base-passwd, bash, bsdutils, coreutils, dash, debianutils, diffutils, dpkg, e2fsprogs, findutils, grep, gzip, hostname, libc-bin, login, mount, ncurses-base, ncurses-bin, perl-base, sed, sysvinit, sysvinit-utils, tar, util-linux, libc6-dev | libc-dev, gcc (>= 4:4.4.3), g++ (>= 4:4.4.3), make, dpkg-dev (>= 1.13.5), debhelper (>= 7.1.0~), dh-ocaml (>= 0.9~), liblwt-ocaml-dev, ocaml-findlib, sharutils, ocaml-nox (>= 3.11.1-3~)
Filtered Build-Depends: base-files, base-passwd, bash, bsdutils, coreutils, dash, debianutils, diffutils, dpkg, e2fsprogs, findutils, grep, gzip, hostname, libc-bin, login, mount, ncurses-base, ncurses-bin, perl-base, sed, sysvinit, sysvinit-utils, tar, util-linux, libc6-dev, gcc (>= 4:4.4.3), g++ (>= 4:4.4.3), make, dpkg-dev (>= 1.13.5), debhelper (>= 7.1.0~), dh-ocaml (>= 0.9~), liblwt-ocaml-dev, ocaml-findlib, sharutils, ocaml-nox (>= 3.11.1-3~)
dpkg-deb: building package `sbuild-build-depends-obrowser-dummy' in `/«BUILDDIR»/resolver-bjLiXV/apt_archive/sbuild-build-depends-obrowser-dummy.deb'.
OK
Reading package lists...

┌──────────────────────────────────────────────────────────────────────────────┐
│ Install obrowser build dependencies (apt-based resolver)                     │
└──────────────────────────────────────────────────────────────────────────────┘

Installing build dependencies
Reading package lists...
Building dependency tree...
Reading state information...
The following extra packages will be installed:
  bsdmainutils camlp4 debhelper dh-ocaml file gettext gettext-base groff-base
  html2text intltool-debian libasprintf-dev libasprintf0c2 libcroco3 libev-dev
  libev4 libfindlib-ocaml libfindlib-ocaml-dev libgettextpo-dev libgettextpo0
  libglib2.0-0 liblwt-ocaml liblwt-ocaml-dev libmagic1 libncurses5-dev
  libpcre-ocaml libpcre-ocaml-dev libpcre3 libpcre3-dev libpcrecpp0
  libpipeline1 libreact-ocaml libreact-ocaml-dev libtext-ocaml
  libtext-ocaml-dev libtinfo-dev libunistring0 libxml2 man-db ocaml-base-nox
  ocaml-findlib ocaml-interp ocaml-nox po-debconf sharutils
Suggested packages:
  wamerican wordlist whois vacation dh-make git gettext-doc groff
  liblwt-ssl-ocaml-dev liblwt-glib-ocaml-dev ncurses-doc less www-browser
  ocaml-findlib-wizard libgdbm-dev tuareg-mode ocaml-mode libmail-box-perl
  bsd-mailx mailx
Recommended packages:
  curl wget lynx-cur autopoint libglib2.0-data shared-mime-info
  liblwt-ocaml-doc xml-core ledit readline-editor libmail-sendmail-perl
The following NEW packages will be installed:
  bsdmainutils camlp4 debhelper dh-ocaml file gettext gettext-base groff-base
  html2text intltool-debian libasprintf-dev libasprintf0c2 libcroco3 libev-dev
  libev4 libfindlib-ocaml libfindlib-ocaml-dev libgettextpo-dev libgettextpo0
  libglib2.0-0 liblwt-ocaml liblwt-ocaml-dev libmagic1 libncurses5-dev
  libpcre-ocaml libpcre-ocaml-dev libpcre3 libpcre3-dev libpcrecpp0
  libpipeline1 libreact-ocaml libreact-ocaml-dev libtext-ocaml
  libtext-ocaml-dev libtinfo-dev libunistring0 libxml2 man-db ocaml-base-nox
  ocaml-findlib ocaml-interp ocaml-nox po-debconf
  sbuild-build-depends-obrowser-dummy sharutils
0 upgraded, 45 newly installed, 0 to remove and 0 not upgraded.
Need to get 41.1 MB/41.1 MB of archives.
After this operation, 133 MB of additional disk space will be used.
Get:1 http://localhost/debian/ unstable/main libpipeline1 amd64 1.2.2-1 [39.9 kB]
Get:2 http://localhost/debian/ unstable/main groff-base amd64 1.22.1-2 [741 kB]
Get:3 http://localhost/debian/ unstable/main bsdmainutils amd64 9.0.4 [210 kB]
Get:4 http://localhost/debian/ unstable/main man-db amd64 2.6.3-3 [898 kB]
Get:5 http://localhost/debian/ unstable/main libasprintf0c2 amd64 0.18.1.1-10 [27.2 kB]
Get:6 http://localhost/debian/ unstable/main libmagic1 amd64 5.11-2 [202 kB]
Get:7 http://localhost/debian/ unstable/main libpcre3 amd64 1:8.31-2 [247 kB]
Get:8 http://localhost/debian/ unstable/main libxml2 amd64 2.8.0+dfsg1-7 [903 kB]
Get:9 http://localhost/debian/ unstable/main libglib2.0-0 amd64 2.33.12+really2.32.4-5 [1838 kB]
Get:10 http://localhost/debian/ unstable/main libcroco3 amd64 0.6.6-2 [134 kB]
Get:11 http://localhost/debian/ unstable/main libunistring0 amd64 0.9.3-5 [434 kB]
Get:12 http://localhost/debian/ unstable/main libgettextpo0 amd64 0.18.1.1-10 [145 kB]
Get:13 http://localhost/debian/ unstable/main libpcrecpp0 amd64 1:8.31-2 [128 kB]
Get:14 http://localhost/debian/ unstable/main file amd64 5.11-2 [51.8 kB]
Get:15 http://localhost/debian/ unstable/main gettext-base amd64 0.18.1.1-10 [154 kB]
Get:16 http://localhost/debian/ unstable/main ocaml-base-nox amd64 3.12.1-4 [663 kB]
Get:17 http://localhost/debian/ unstable/main libtinfo-dev amd64 5.9-10 [105 kB]
Get:18 http://localhost/debian/ unstable/main libncurses5-dev amd64 5.9-10 [223 kB]
Get:19 http://localhost/debian/ unstable/main ocaml-interp amd64 3.12.1-4 [317 kB]
Get:20 http://localhost/debian/ unstable/main ocaml-nox amd64 3.12.1-4 [7611 kB]
Get:21 http://localhost/debian/ unstable/main camlp4 amd64 3.12.1-4 [18.7 MB]
Get:22 http://localhost/debian/ unstable/main html2text amd64 1.3.2a-15 [103 kB]
Get:23 http://localhost/debian/ unstable/main libasprintf-dev amd64 0.18.1.1-10 [26.8 kB]
Get:24 http://localhost/debian/ unstable/main libgettextpo-dev amd64 0.18.1.1-10 [184 kB]
Get:25 http://localhost/debian/ unstable/main gettext amd64 0.18.1.1-10 [1815 kB]
Get:26 http://localhost/debian/ unstable/main intltool-debian all 0.35.0+20060710.1 [30.8 kB]
Get:27 http://localhost/debian/ unstable/main po-debconf all 1.0.16+nmu2 [224 kB]
Get:28 http://localhost/debian/ unstable/main debhelper all 9.20120909 [705 kB]
Get:29 http://localhost/debian/ unstable/main libfindlib-ocaml amd64 1.3.1-1 [109 kB]
Get:30 http://localhost/debian/ unstable/main libfindlib-ocaml-dev amd64 1.3.1-1 [142 kB]
Get:31 http://localhost/debian/ unstable/main libreact-ocaml amd64 0.9.3-1 [158 kB]
Get:32 http://localhost/debian/ unstable/main libpcre-ocaml amd64 6.2.5-1 [21.0 kB]
Get:33 http://localhost/debian/ unstable/main libtext-ocaml amd64 0.5-1+b2 [61.7 kB]
Get:34 http://localhost/debian/ unstable/main libev4 amd64 1:4.11-1 [39.5 kB]
Get:35 http://localhost/debian/ unstable/main liblwt-ocaml amd64 2.3.2-1+b3 [1136 kB]
Get:36 http://localhost/debian/ unstable/main libev-dev amd64 1:4.11-1 [131 kB]
Get:37 http://localhost/debian/ unstable/main libreact-ocaml-dev amd64 0.9.3-1 [124 kB]
Get:38 http://localhost/debian/ unstable/main libpcre3-dev amd64 1:8.31-2 [356 kB]
Get:39 http://localhost/debian/ unstable/main ocaml-findlib amd64 1.3.1-1 [271 kB]
Get:40 http://localhost/debian/ unstable/main libpcre-ocaml-dev amd64 6.2.5-1 [142 kB]
Get:41 http://localhost/debian/ unstable/main libtext-ocaml-dev amd64 0.5-1+b2 [374 kB]
Get:42 http://localhost/debian/ unstable/main liblwt-ocaml-dev amd64 2.3.2-1+b3 [900 kB]
Get:43 http://localhost/debian/ unstable/main sharutils amd64 1:4.11.1-1 [195 kB]
Get:44 http://localhost/debian/ unstable/main dh-ocaml all 1.0.7 [94.4 kB]
debconf: delaying package configuration, since apt-utils is not installed
Fetched 41.1 MB in 9s (4506 kB/s)
Selecting previously unselected package libpipeline1:amd64.
(Reading database ... 14662 files and directories currently installed.)
Unpacking libpipeline1:amd64 (from .../libpipeline1_1.2.2-1_amd64.deb) ...
Selecting previously unselected package groff-base.
Unpacking groff-base (from .../groff-base_1.22.1-2_amd64.deb) ...
Selecting previously unselected package bsdmainutils.
Unpacking bsdmainutils (from .../bsdmainutils_9.0.4_amd64.deb) ...
Selecting previously unselected package man-db.
Unpacking man-db (from .../man-db_2.6.3-3_amd64.deb) ...
Selecting previously unselected package libasprintf0c2:amd64.
Unpacking libasprintf0c2:amd64 (from .../libasprintf0c2_0.18.1.1-10_amd64.deb) ...
Selecting previously unselected package libmagic1:amd64.
Unpacking libmagic1:amd64 (from .../libmagic1_5.11-2_amd64.deb) ...
Selecting previously unselected package libpcre3:amd64.
Unpacking libpcre3:amd64 (from .../libpcre3_1%3a8.31-2_amd64.deb) ...
Selecting previously unselected package libxml2:amd64.
Unpacking libxml2:amd64 (from .../libxml2_2.8.0+dfsg1-7_amd64.deb) ...
Selecting previously unselected package libglib2.0-0:amd64.
Unpacking libglib2.0-0:amd64 (from .../libglib2.0-0_2.33.12+really2.32.4-5_amd64.deb) ...
Selecting previously unselected package libcroco3:amd64.
Unpacking libcroco3:amd64 (from .../libcroco3_0.6.6-2_amd64.deb) ...
Selecting previously unselected package libunistring0:amd64.
Unpacking libunistring0:amd64 (from .../libunistring0_0.9.3-5_amd64.deb) ...
Selecting previously unselected package libgettextpo0:amd64.
Unpacking libgettextpo0:amd64 (from .../libgettextpo0_0.18.1.1-10_amd64.deb) ...
Selecting previously unselected package libpcrecpp0:amd64.
Unpacking libpcrecpp0:amd64 (from .../libpcrecpp0_1%3a8.31-2_amd64.deb) ...
Selecting previously unselected package file.
Unpacking file (from .../archives/file_5.11-2_amd64.deb) ...
Selecting previously unselected package gettext-base.
Unpacking gettext-base (from .../gettext-base_0.18.1.1-10_amd64.deb) ...
Selecting previously unselected package ocaml-base-nox.
Unpacking ocaml-base-nox (from .../ocaml-base-nox_3.12.1-4_amd64.deb) ...
Selecting previously unselected package libtinfo-dev:amd64.
Unpacking libtinfo-dev:amd64 (from .../libtinfo-dev_5.9-10_amd64.deb) ...
Selecting previously unselected package libncurses5-dev.
Unpacking libncurses5-dev (from .../libncurses5-dev_5.9-10_amd64.deb) ...
Selecting previously unselected package ocaml-interp.
Unpacking ocaml-interp (from .../ocaml-interp_3.12.1-4_amd64.deb) ...
Selecting previously unselected package ocaml-nox.
Unpacking ocaml-nox (from .../ocaml-nox_3.12.1-4_amd64.deb) ...
Selecting previously unselected package camlp4.
Unpacking camlp4 (from .../camlp4_3.12.1-4_amd64.deb) ...
Selecting previously unselected package html2text.
Unpacking html2text (from .../html2text_1.3.2a-15_amd64.deb) ...
Selecting previously unselected package libasprintf-dev:amd64.
Unpacking libasprintf-dev:amd64 (from .../libasprintf-dev_0.18.1.1-10_amd64.deb) ...
Selecting previously unselected package libgettextpo-dev:amd64.
Unpacking libgettextpo-dev:amd64 (from .../libgettextpo-dev_0.18.1.1-10_amd64.deb) ...
Selecting previously unselected package gettext.
Unpacking gettext (from .../gettext_0.18.1.1-10_amd64.deb) ...
Selecting previously unselected package intltool-debian.
Unpacking intltool-debian (from .../intltool-debian_0.35.0+20060710.1_all.deb) ...
Selecting previously unselected package po-debconf.
Unpacking po-debconf (from .../po-debconf_1.0.16+nmu2_all.deb) ...
Selecting previously unselected package debhelper.
Unpacking debhelper (from .../debhelper_9.20120909_all.deb) ...
Selecting previously unselected package libfindlib-ocaml.
Unpacking libfindlib-ocaml (from .../libfindlib-ocaml_1.3.1-1_amd64.deb) ...
Selecting previously unselected package libfindlib-ocaml-dev.
Unpacking libfindlib-ocaml-dev (from .../libfindlib-ocaml-dev_1.3.1-1_amd64.deb) ...
Selecting previously unselected package libreact-ocaml.
Unpacking libreact-ocaml (from .../libreact-ocaml_0.9.3-1_amd64.deb) ...
Selecting previously unselected package libpcre-ocaml.
Unpacking libpcre-ocaml (from .../libpcre-ocaml_6.2.5-1_amd64.deb) ...
Selecting previously unselected package libtext-ocaml.
Unpacking libtext-ocaml (from .../libtext-ocaml_0.5-1+b2_amd64.deb) ...
Selecting previously unselected package libev4.
Unpacking libev4 (from .../libev4_1%3a4.11-1_amd64.deb) ...
Selecting previously unselected package liblwt-ocaml.
Unpacking liblwt-ocaml (from .../liblwt-ocaml_2.3.2-1+b3_amd64.deb) ...
Selecting previously unselected package libev-dev.
Unpacking libev-dev (from .../libev-dev_1%3a4.11-1_amd64.deb) ...
Selecting previously unselected package libreact-ocaml-dev.
Unpacking libreact-ocaml-dev (from .../libreact-ocaml-dev_0.9.3-1_amd64.deb) ...
Selecting previously unselected package libpcre3-dev:amd64.
Unpacking libpcre3-dev:amd64 (from .../libpcre3-dev_1%3a8.31-2_amd64.deb) ...
Selecting previously unselected package ocaml-findlib.
Unpacking ocaml-findlib (from .../ocaml-findlib_1.3.1-1_amd64.deb) ...
Selecting previously unselected package libpcre-ocaml-dev.
Unpacking libpcre-ocaml-dev (from .../libpcre-ocaml-dev_6.2.5-1_amd64.deb) ...
Selecting previously unselected package libtext-ocaml-dev.
Unpacking libtext-ocaml-dev (from .../libtext-ocaml-dev_0.5-1+b2_amd64.deb) ...
Selecting previously unselected package liblwt-ocaml-dev.
Unpacking liblwt-ocaml-dev (from .../liblwt-ocaml-dev_2.3.2-1+b3_amd64.deb) ...
Selecting previously unselected package sharutils.
Unpacking sharutils (from .../sharutils_1%3a4.11.1-1_amd64.deb) ...
Selecting previously unselected package dh-ocaml.
Unpacking dh-ocaml (from .../dh-ocaml_1.0.7_all.deb) ...
Selecting previously unselected package sbuild-build-depends-obrowser-dummy.
Unpacking sbuild-build-depends-obrowser-dummy (from .../sbuild-build-depends-obrowser-dummy.deb) ...
Processing triggers for mime-support ...
Setting up libpipeline1:amd64 (1.2.2-1) ...
Setting up groff-base (1.22.1-2) ...
Setting up bsdmainutils (9.0.4) ...
update-alternatives: using /usr/bin/bsd-write to provide /usr/bin/write (write) in auto mode
update-alternatives: using /usr/bin/bsd-from to provide /usr/bin/from (from) in auto mode
Setting up man-db (2.6.3-3) ...
Building database of manual pages ...
Setting up libasprintf0c2:amd64 (0.18.1.1-10) ...
Setting up libmagic1:amd64 (5.11-2) ...
Setting up libpcre3:amd64 (1:8.31-2) ...
Setting up libxml2:amd64 (2.8.0+dfsg1-7) ...
Setting up libglib2.0-0:amd64 (2.33.12+really2.32.4-5) ...
No schema files found: doing nothing.
Setting up libcroco3:amd64 (0.6.6-2) ...
Setting up libunistring0:amd64 (0.9.3-5) ...
Setting up libgettextpo0:amd64 (0.18.1.1-10) ...
Setting up libpcrecpp0:amd64 (1:8.31-2) ...
Setting up file (5.11-2) ...
Setting up gettext-base (0.18.1.1-10) ...
Setting up ocaml-base-nox (3.12.1-4) ...
Setting up libtinfo-dev:amd64 (5.9-10) ...
Setting up libncurses5-dev (5.9-10) ...
Setting up ocaml-interp (3.12.1-4) ...
Setting up ocaml-nox (3.12.1-4) ...
Setting up camlp4 (3.12.1-4) ...
Setting up html2text (1.3.2a-15) ...
Setting up libasprintf-dev:amd64 (0.18.1.1-10) ...
Setting up libgettextpo-dev:amd64 (0.18.1.1-10) ...
Setting up gettext (0.18.1.1-10) ...
Setting up intltool-debian (0.35.0+20060710.1) ...
Setting up po-debconf (1.0.16+nmu2) ...
Setting up debhelper (9.20120909) ...
Setting up libfindlib-ocaml (1.3.1-1) ...
Setting up libfindlib-ocaml-dev (1.3.1-1) ...
Setting up libreact-ocaml (0.9.3-1) ...
Setting up libpcre-ocaml (6.2.5-1) ...
Setting up libtext-ocaml (0.5-1+b2) ...
Setting up libev4 (1:4.11-1) ...
Setting up liblwt-ocaml (2.3.2-1+b3) ...
Setting up libev-dev (1:4.11-1) ...
Setting up libreact-ocaml-dev (0.9.3-1) ...
Setting up libpcre3-dev:amd64 (1:8.31-2) ...
Setting up ocaml-findlib (1.3.1-1) ...
Setting up libpcre-ocaml-dev (6.2.5-1) ...
Setting up libtext-ocaml-dev (0.5-1+b2) ...
Setting up liblwt-ocaml-dev (2.3.2-1+b3) ...
Setting up sharutils (1:4.11.1-1) ...
Setting up dh-ocaml (1.0.7) ...
Setting up sbuild-build-depends-obrowser-dummy (0.invalid.0) ...

┌──────────────────────────────────────────────────────────────────────────────┐
│ Build environment                                                            │
└──────────────────────────────────────────────────────────────────────────────┘

Kernel: Linux 2.6.32-5-xen-amd64 amd64 (x86_64)
Toolchain package versions: binutils_2.22-7.1 dpkg-dev_1.16.9 g++-4.6_4.6.3-15 g++-4.7_4.7.2-5 gcc-4.6_4.6.3-15 gcc-4.7_4.7.2-5 libc6-dev_2.13-38 libstdc++6_4.7.2-5 libstdc++6-4.6-dev_4.6.3-15 libstdc++6-4.7-dev_4.7.2-5 linux-libc-dev_3.2.35-2
Package versions: apt_0.9.7.7 base-files_7.1 base-passwd_3.5.26 bash_4.2+dfsg-0.1 binutils_2.22-7.1 bsdmainutils_9.0.4 bsdutils_1:2.20.1-5.3 build-essential_11.6 bzip2_1.0.6-4 camlp4_3.12.1-4 clang_3.2-2 clang-3.2_3.2-2 compiler-rt_3.2-2 coreutils_8.20-3 cpp_4:4.7.2-1 cpp-4.6_4.6.3-15 cpp-4.7_4.7.2-5 dash_0.5.7-3 debconf_1.5.49 debconf-i18n_1.5.49 debfoster_2.7-1.2 debhelper_9.20120909 debian-archive-keyring_2012.4 debianutils_4.3.4 dh-ocaml_1.0.7 diffutils_1:3.2-7 dpkg_1.16.9 dpkg-dev_1.16.9 e2fslibs_1.42.5-1 e2fsprogs_1.42.5-1 fakeroot_1.18.4-2 file_5.11-2 findutils_4.4.2-5 g++_4:4.7.2-1 g++-4.6_4.6.3-15 g++-4.7_4.7.2-5 gcc_4:4.7.2-1 gcc-4.4-base_4.4.7-3 gcc-4.5-base_4.5.4-1 gcc-4.6_4.6.3-15 gcc-4.6-base_4.6.3-15 gcc-4.7_4.7.2-5 gcc-4.7-base_4.7.2-5 gettext_0.18.1.1-10 gettext-base_0.18.1.1-10 gnupg_1.4.12-7 gpgv_1.4.12-7 grep_2.14-1 groff-base_1.22.1-2 gzip_1.5-1.1 hostname_3.12 html2text_1.3.2a-15 initscripts_2.88dsf-39 insserv_1.14.0-5 intltool-debian_0.35.0+20060710.1 libacl1_2.2.51-8 libapt-pkg4.12_0.9.7.7 libasprintf-dev_0.18.1.1-10 libasprintf0c2_0.18.1.1-10 libattr1_1:2.4.46-8 libblkid1_2.20.1-5.3 libbz2-1.0_1.0.6-4 libc-bin_2.13-38 libc-dev-bin_2.13-38 libc6_2.13-38 libc6-dev_2.13-38 libclang-common-dev_3.2-2 libclass-isa-perl_0.36-5 libcomerr2_1.42.5-1 libcroco3_0.6.6-2 libdb5.1_5.1.29-5 libdpkg-perl_1.16.9 libev-dev_1:4.11-1 libev4_1:4.11-1 libexpat1_2.1.0-1 libffi5_3.0.10-3 libfile-fcntllock-perl_0.14-2 libfindlib-ocaml_1.3.1-1 libfindlib-ocaml-dev_1.3.1-1 libgc1c2_1:7.1-9.1 libgcc1_1:4.7.2-5 libgdbm3_1.8.3-11 libgettextpo-dev_0.18.1.1-10 libgettextpo0_0.18.1.1-10 libglib2.0-0_2.33.12+really2.32.4-5 libgmp10_2:5.0.5+dfsg-2 libgomp1_4.7.2-5 libgpm2_1.20.4-6 libitm1_4.7.2-5 libllvm3.2_3.2-2 liblocale-gettext-perl_1.05-7+b1 liblwt-ocaml_2.3.2-1+b3 liblwt-ocaml-dev_2.3.2-1+b3 liblzma5_5.1.1alpha+20120614-2 libmagic1_5.11-2 libmount1_2.20.1-5.3 libmpc2_0.9-4 libmpfr4_3.1.0-5 libncurses5_5.9-10 libncurses5-dev_5.9-10 libncursesw5_5.9-10 libpam-modules_1.1.3-7.1 libpam-modules-bin_1.1.3-7.1 libpam-runtime_1.1.3-7.1 libpam0g_1.1.3-7.1 libpcre-ocaml_6.2.5-1 libpcre-ocaml-dev_6.2.5-1 libpcre3_1:8.31-2 libpcre3-dev_1:8.31-2 libpcrecpp0_1:8.31-2 libpipeline1_1.2.2-1 libquadmath0_4.7.2-5 libreact-ocaml_0.9.3-1 libreact-ocaml-dev_0.9.3-1 libreadline6_6.2+dfsg-0.1 libselinux1_2.1.9-5 libsemanage-common_2.1.6-6 libsemanage1_2.1.6-6 libsepol1_2.1.4-3 libslang2_2.2.4-15 libsqlite3-0_3.7.15.2-1 libss2_1.42.5-1 libssl1.0.0_1.0.1c-4 libstdc++6_4.7.2-5 libstdc++6-4.6-dev_4.6.3-15 libstdc++6-4.7-dev_4.7.2-5 libswitch-perl_2.16-2 libtext-charwidth-perl_0.04-7+b1 libtext-iconv-perl_1.7-5 libtext-ocaml_0.5-1+b2 libtext-ocaml-dev_0.5-1+b2 libtext-wrapi18n-perl_0.06-7 libtimedate-perl_1.2000-1 libtinfo-dev_5.9-10 libtinfo5_5.9-10 libunistring0_0.9.3-5 libusb-0.1-4_2:0.1.12-23+nmu1 libustr-1.0-1_1.0.4-3 libuuid1_2.20.1-5.3 libxml2_2.8.0+dfsg1-7 linux-libc-dev_3.2.35-2 login_1:4.1.5.1-1 lsb-base_4.1+Debian9 make_3.81-8.2 man-db_2.6.3-3 mawk_1.3.3-17 mime-support_3.52-2 mount_2.20.1-5.3 multiarch-support_2.13-38 ncurses-base_5.9-10 ncurses-bin_5.9-10 ocaml-base-nox_3.12.1-4 ocaml-findlib_1.3.1-1 ocaml-interp_3.12.1-4 ocaml-nox_3.12.1-4 passwd_1:4.1.5.1-1 patch_2.6.1-3 perl_5.14.2-17 perl-base_5.14.2-17 perl-modules_5.14.2-17 po-debconf_1.0.16+nmu2 python_2.7.3-3 python-minimal_2.7.3-3 python2.7_2.7.3-6 python2.7-minimal_2.7.3-6 readline-common_6.2+dfsg-0.1 sbuild-build-depends-core-dummy_0.invalid.0 sbuild-build-depends-obrowser-dummy_0.invalid.0 sed_4.2.1-10 sensible-utils_0.0.7 sharutils_1:4.11.1-1 sudo_1.8.5p2-1 sysv-rc_2.88dsf-39 sysvinit_2.88dsf-39 sysvinit-utils_2.88dsf-39 tar_1.26+dfsg-0.1 tzdata_2012j-1 ucf_3.0025+nmu3 util-linux_2.20.1-5.3 vim_2:7.3.547-6 vim-common_2:7.3.547-6 vim-runtime_2:7.3.547-6 xz-utils_5.1.1alpha+20120614-2 zlib1g_1:1.2.7.dfsg-13

┌──────────────────────────────────────────────────────────────────────────────┐
│ Build                                                                        │
└──────────────────────────────────────────────────────────────────────────────┘


Unpack source
─────────────

gpgv: keyblock resource `/sbuild-nonexistent/.gnupg/trustedkeys.gpg': file open error
gpgv: Signature made Fri Apr 22 21:37:30 2011 UTC using RSA key ID 49881AD3
gpgv: Can't check signature: public key not found
dpkg-source: warning: failed to verify signature on ./obrowser_1.1.1+dfsg-1.dsc
dpkg-source: info: extracting obrowser in obrowser-1.1.1+dfsg
dpkg-source: info: unpacking obrowser_1.1.1+dfsg.orig.tar.gz
dpkg-source: info: unpacking obrowser_1.1.1+dfsg-1.debian.tar.gz
dpkg-source: info: applying 0001-Install-interfaces-in-text-format.patch
dpkg-source: info: applying 0002-More-cleaning.patch
dpkg-source: info: applying 0003-Do-not-compile-the-scribble-server.patch

Check disc space
────────────────

Sufficient free space for build

User Environment
────────────────

HOME=/sbuild-nonexistent
LOGNAME=user
PATH=/usr/local/sbin:/usr/local/bin:/usr/sbin:/usr/bin:/sbin:/bin:/usr/games
SCHROOT_CHROOT_NAME=unstable-amd64-sbuild
SCHROOT_COMMAND=env
SCHROOT_GID=1000
SCHROOT_GROUP=user
SCHROOT_SESSION_ID=unstable-amd64-sbuild-741bfd63-8c7f-4200-adf6-71807d05c2ec
SCHROOT_UID=1000
SCHROOT_USER=user
SHELL=/bin/sh
USER=user

dpkg-buildpackage
─────────────────

dpkg-buildpackage: source package obrowser
dpkg-buildpackage: source version 1.1.1+dfsg-1
dpkg-buildpackage: source changed by Stéphane Glondu <glondu@debian.org>
 dpkg-source --before-build obrowser-1.1.1+dfsg
dpkg-buildpackage: host architecture amd64
 fakeroot debian/rules clean
dh --with ocaml clean
   dh_testdir
   dh_auto_clean
make[1]: Entering directory `/«BUILDDIR»/obrowser-1.1.1+dfsg'
[CLEAN]
make[2]: Entering directory `/«BUILDDIR»/obrowser-1.1.1+dfsg/rt/caml'
[CLEAN]
make[2]: Leaving directory `/«BUILDDIR»/obrowser-1.1.1+dfsg/rt/caml'
make[2]: Entering directory `/«BUILDDIR»/obrowser-1.1.1+dfsg/tutorial'
[CLEAN]
make[2]: Leaving directory `/«BUILDDIR»/obrowser-1.1.1+dfsg/tutorial'
make[2]: Entering directory `/«BUILDDIR»/obrowser-1.1.1+dfsg/lwt'
Makefile:37: .depend: No such file or directory
make[2]: Leaving directory `/«BUILDDIR»/obrowser-1.1.1+dfsg/lwt'
make[2]: Entering directory `/«BUILDDIR»/obrowser-1.1.1+dfsg/lwt'
[CLEAN]
make[2]: Leaving directory `/«BUILDDIR»/obrowser-1.1.1+dfsg/lwt'
make[2]: Entering directory `/«BUILDDIR»/obrowser-1.1.1+dfsg/examples/boulderdash'
[CLEAN]
make[2]: Leaving directory `/«BUILDDIR»/obrowser-1.1.1+dfsg/examples/boulderdash'
make[2]: Entering directory `/«BUILDDIR»/obrowser-1.1.1+dfsg/examples/frames'
[CLEAN]
make[2]: Leaving directory `/«BUILDDIR»/obrowser-1.1.1+dfsg/examples/frames'
make[2]: Entering directory `/«BUILDDIR»/obrowser-1.1.1+dfsg/examples/list'
[CLEAN]
make[2]: Leaving directory `/«BUILDDIR»/obrowser-1.1.1+dfsg/examples/list'
make[2]: Entering directory `/«BUILDDIR»/obrowser-1.1.1+dfsg/examples/lwt'
[CLEAN]
make[2]: Leaving directory `/«BUILDDIR»/obrowser-1.1.1+dfsg/examples/lwt'
make[2]: Entering directory `/«BUILDDIR»/obrowser-1.1.1+dfsg/examples/minesweeper'
[CLEAN]
make[2]: Leaving directory `/«BUILDDIR»/obrowser-1.1.1+dfsg/examples/minesweeper'
make[2]: Entering directory `/«BUILDDIR»/obrowser-1.1.1+dfsg/examples/minesweeper_graphics'
[CLEAN]
make[2]: Leaving directory `/«BUILDDIR»/obrowser-1.1.1+dfsg/examples/minesweeper_graphics'
make[2]: Entering directory `/«BUILDDIR»/obrowser-1.1.1+dfsg/examples/pretty_colours'
[CLEAN]
make[2]: Leaving directory `/«BUILDDIR»/obrowser-1.1.1+dfsg/examples/pretty_colours'
make[2]: Entering directory `/«BUILDDIR»/obrowser-1.1.1+dfsg/examples/regexp'
[CLEAN]
make[2]: Leaving directory `/«BUILDDIR»/obrowser-1.1.1+dfsg/examples/regexp'
make[2]: Entering directory `/«BUILDDIR»/obrowser-1.1.1+dfsg/examples/scribble'
[CLEAN]
make[2]: Leaving directory `/«BUILDDIR»/obrowser-1.1.1+dfsg/examples/scribble'
make[2]: Entering directory `/«BUILDDIR»/obrowser-1.1.1+dfsg/examples/test_suite'
[CLEAN]
make[2]: Leaving directory `/«BUILDDIR»/obrowser-1.1.1+dfsg/examples/test_suite'
make[2]: Entering directory `/«BUILDDIR»/obrowser-1.1.1+dfsg/examples/viewer'
[CLEAN]
make[2]: Leaving directory `/«BUILDDIR»/obrowser-1.1.1+dfsg/examples/viewer'
make[2]: Entering directory `/«BUILDDIR»/obrowser-1.1.1+dfsg/examples/wiki'
make[2]: Leaving directory `/«BUILDDIR»/obrowser-1.1.1+dfsg/examples/wiki'
make[2]: Entering directory `/«BUILDDIR»/obrowser-1.1.1+dfsg/axo'
[CLEAN]
make[2]: Leaving directory `/«BUILDDIR»/obrowser-1.1.1+dfsg/axo'
make[1]: Leaving directory `/«BUILDDIR»/obrowser-1.1.1+dfsg'
   dh_ocamlclean
   dh_clean
 debian/rules build-arch
dh --with ocaml build-arch
   dh_testdir -a
   dh_ocamlinit -a
   dh_auto_configure -a
   dh_auto_build -a
make[1]: Entering directory `/«BUILDDIR»/obrowser-1.1.1+dfsg'
touch .check_version
cd rt/caml && make
make[2]: Entering directory `/«BUILDDIR»/obrowser-1.1.1+dfsg/rt/caml'
[CAMLC] pervasives.cmi
[STUBS] arg.ml
[CAMLC] stubs.o
clang: warning: argument unused during compilation: '-fno-defer-pop'
[CAMLC] int32.cmi
[CAMLC] obj.cmi
[CAMLC] pervasives.cmo
[CAMLC] sys.cmi
[CAMLC] sys.cmo
[CAMLC] int32.cmo
[CAMLC] int64.cmi
[CAMLC] int64.cmo
[CAMLC] nativeint.cmi
[CAMLC] nativeint.cmo
[CAMLC] array.cmi
[CAMLC] array.cmo
[CAMLC] list.cmi
[CAMLC] list.cmo
[CAMLC] hashtbl.cmi
[CAMLC] hashtbl.cmo
[CAMLC] string.cmi
[CAMLC] marshal.cmi
[CAMLC] marshal.cmo
[CAMLC] obj.cmo
[CAMLC] camlinternalLazy.cmi
[CAMLC] lazy.cmi
[CAMLC] lazy.cmo
[CAMLC] char.cmi
[CAMLC] char.cmo
[CAMLC] string.cmo
[CAMLC] stringLabels.cmi
[CAMLC] listLabels.cmi
[CAMLC] arrayLabels.cmi
[CAMLC] stdLabels.cmi
[CAMLC] stdLabels.cmo
[CAMLC] arrayLabels.cmo
[CAMLC] listLabels.cmo
[CAMLC] stringLabels.cmo
[CAMLC] set.cmi
[CAMLC] set.cmo
[CAMLC] map.cmi
[CAMLC] map.cmo
[CAMLC] stack.cmi
[CAMLC] stack.cmo
[CAMLC] queue.cmi
[CAMLC] queue.cmo
[CAMLC] buffer.cmi
[CAMLC] buffer.cmo
[CAMLC] sort.cmi
[CAMLC] sort.cmo
[CAMLC] printf.cmi
[CAMLC] printf.cmo
[CAMLC] format.cmi
[CAMLC] format.cmo
[CAMLC] scanf.cmi
[CAMLC] scanf.cmo
[CAMLC] arg.cmi
[CAMLC] arg.cmo
[CAMLC] printexc.cmi
[CAMLC] printexc.cmo
[CAMLC] digest.cmi
[CAMLC] digest.cmo
[CAMLC] random.cmi
[CAMLC] random.cmo
[CAMLC] callback.cmi
[CAMLC] callback.cmo
[CAMLC] thread.cmi
[CAMLC] thread.cmo
[CAMLC] camlinternalLazy.cmo
[CAMLC] camlinternalOO.cmi
[CAMLC] camlinternalOO.cmo
[CAMLC] oo.cmi
[CAMLC] oo.cmo
[CAMLC] camlinternalMod.cmi
[CAMLC] camlinternalMod.cmo
[CAMLC] jSOO.cmo
[CAMLC] mutex.cmi
[CAMLC] mutex.cmo
[CAMLC] condition.cmi
[CAMLC] condition.cmo
[CAMLC] complex.cmi
[CAMLC] complex.cmo
[CAMLC] lexing.cmi
[CAMLC] parsing.cmi
[CAMLC] parsing.cmo
[CAMLC] lexing.cmo
[CAMLC] stream.cmi
[CAMLC] stream.cmo
[CAMLC] genlex.cmi
[CAMLC] genlex.cmo
[CAMLC] js.cmo
[CAMLC] graphics.cmi
[CAMLC] graphics.cmo
[CAMLC] regexp.cmo
[CAMLC] weak.cmi
[CAMLC] weak.cmo
[MKLIB] stdlib.cma
[CAMLC] std_exit.cmo
make[2]: Leaving directory `/«BUILDDIR»/obrowser-1.1.1+dfsg/rt/caml'
[CPP] vm.js
clang: error: no such file or directory: 'vm.js'
make[1]: *** [vm.js] Error 1
make[1]: Leaving directory `/«BUILDDIR»/obrowser-1.1.1+dfsg'
dh_auto_build: make -j1 returned exit code 2
make: *** [build-arch] Error 2
dpkg-buildpackage: error: debian/rules build-arch gave error exit status 2
────────────────────────────────────────────────────────────────────────────────
Build finished at 20130202-0329

Finished
────────

E: Build failure (dpkg-buildpackage died)

┌──────────────────────────────────────────────────────────────────────────────┐
│ Cleanup                                                                      │
└──────────────────────────────────────────────────────────────────────────────┘

Purging /«BUILDDIR»
Not cleaning session: cloned chroot in use

┌──────────────────────────────────────────────────────────────────────────────┐
│ Summary                                                                      │
└──────────────────────────────────────────────────────────────────────────────┘

Architecture: amd64
Build-Space: 4144
Build-Time: 7
Distribution: unstable
Fail-Stage: build
Install-Time: 19
Job: obrowser_1.1.1+dfsg-1
Package: obrowser
Package-Time: 52
Source-Version: 1.1.1+dfsg-1
Space: 4144
Status: attempted
Version: 1.1.1+dfsg-1
────────────────────────────────────────────────────────────────────────────────
Finished at 20130202-0329
Build needed 00:00:52, 4144k disc space
DC-Status: Failed 52.340618s
