DC-Build-Header: ssvnc 1.0.29-2 / Mon Jan 28 05:23:58 +0000 2013
DC-Task: logfile:/tmp/ssvnc_1.0.29-2_unstable_clang.log version:1.0.29-2 chroot:unstable modes:binary-only:clang source:ssvnc architecture:any esttime:66
DC-Sbuild-call: su user -c 'sbuild -n --apt-update -d unstable -v  --chroot-setup-commands=/tmp/switch-to-clang ssvnc_1.0.29-2'
Could not create '/sbuild-nonexistent/logs': No such file or directory
Could not create '/sbuild-nonexistent/logs': No such file or directory
sbuild (Debian sbuild) 0.62.5 (13 Jul 2011) on ip-10-30-144-176.ec2.internal

╔══════════════════════════════════════════════════════════════════════════════╗
║ ssvnc 1.0.29-2 (amd64)                                     28 Jan 2013 05:23 ║
╚══════════════════════════════════════════════════════════════════════════════╝

Package: ssvnc
Version: 1.0.29-2
Source Version: 1.0.29-2
Distribution: unstable
Architecture: amd64

I: NOTICE: Log filtering will replace 'build/ssvnc-sAoA5a/ssvnc-1.0.29' with '«PKGBUILDDIR»'
I: NOTICE: Log filtering will replace 'build/ssvnc-sAoA5a' with '«BUILDDIR»'
I: NOTICE: Log filtering will replace 'var/lib/schroot/mount/unstable-amd64-sbuild-530b2963-0bbf-40ea-83f2-d9e148984771' with '«CHROOT»'

┌──────────────────────────────────────────────────────────────────────────────┐
│ Update chroot                                                                │
└──────────────────────────────────────────────────────────────────────────────┘

Ign http://localhost unstable InRelease
Get:1 http://localhost unstable Release.gpg [836 B]
Get:2 http://localhost unstable Release [227 kB]
Ign http://localhost unstable/main Sources/DiffIndex
Ign http://localhost unstable/main amd64 Packages/DiffIndex
Get:3 http://localhost unstable/main Translation-en/DiffIndex [7876 B]
Get:4 http://localhost unstable/main 2013-01-27-2011.16.pdiff [737 B]
Get:5 http://localhost unstable/main 2013-01-27-2011.16.pdiff [737 B]
Get:6 http://localhost unstable/main Sources [8236 kB]
Get:7 http://localhost unstable/main amd64 Packages [8284 kB]
Get:8 http://localhost unstable/main 2013-01-28-0212.01.pdiff [43 B]
Get:9 http://localhost unstable/main 2013-01-28-0212.01.pdiff [43 B]
Fetched 16.8 MB in 3s (5291 kB/s)
Reading package lists...
Reading package lists...
Building dependency tree...
Reading state information...
0 upgraded, 0 newly installed, 0 to remove and 0 not upgraded.

┌──────────────────────────────────────────────────────────────────────────────┐
│ Fetch source files                                                           │
└──────────────────────────────────────────────────────────────────────────────┘


Check APT
─────────

Checking available source versions...

Download source files with APT
──────────────────────────────

Reading package lists...
Building dependency tree...
Reading state information...
Need to get 562 kB of source archives.
Get:1 http://localhost/debian/ unstable/main ssvnc 1.0.29-2 (dsc) [1221 B]
Get:2 http://localhost/debian/ unstable/main ssvnc 1.0.29-2 (tar) [553 kB]
Get:3 http://localhost/debian/ unstable/main ssvnc 1.0.29-2 (diff) [7567 B]
Fetched 562 kB in 0s (1150 kB/s)
Download complete and in download only mode

Check arch
──────────


┌──────────────────────────────────────────────────────────────────────────────┐
│ Chroot Setup Commands                                                        │
└──────────────────────────────────────────────────────────────────────────────┘


/tmp/switch-to-clang
────────────────────

+ echo 'Entering customization script...'
Entering customization script...
+ echo 'Add experimental as repository'
Add experimental as repository
+ echo deb http://localhost:9999/debian experimental main
+ apt-get update
Ign http://localhost unstable InRelease
Ign http://localhost experimental InRelease
Hit http://localhost unstable Release.gpg
Get:1 http://localhost experimental Release.gpg [836 B]
Hit http://localhost unstable Release
Get:2 http://localhost experimental Release [161 kB]
Ign http://localhost unstable/main Sources/DiffIndex
Ign http://localhost unstable/main amd64 Packages/DiffIndex
Hit http://localhost unstable/main Translation-en/DiffIndex
Get:3 http://localhost experimental/main Translation-en [704 kB]
Get:4 http://localhost experimental/main amd64 Packages [1605 kB]
Hit http://localhost unstable/main Sources
Hit http://localhost unstable/main amd64 Packages
Fetched 2471 kB in 1s (1394 kB/s)
Reading package lists...
+ echo 'Install of clang'
Install of clang
+ apt-get update
Ign http://localhost unstable InRelease
Ign http://localhost experimental InRelease
Hit http://localhost unstable Release.gpg
Hit http://localhost experimental Release.gpg
Hit http://localhost unstable Release
Hit http://localhost experimental Release
Ign http://localhost unstable/main Sources/DiffIndex
Ign http://localhost unstable/main amd64 Packages/DiffIndex
Hit http://localhost unstable/main Translation-en/DiffIndex
Ign http://localhost experimental/main amd64 Packages/DiffIndex
Get:1 http://localhost experimental/main Translation-en/DiffIndex [7819 B]
Hit http://localhost unstable/main Sources
Hit http://localhost unstable/main amd64 Packages
Hit http://localhost experimental/main amd64 Packages
Fetched 7819 B in 1s (4180 B/s)
Reading package lists...
+ apt-get install --yes --no-install-recommends clang -t experimental
Reading package lists...
Building dependency tree...
Reading state information...
The following extra packages will be installed:
  clang-3.2 compiler-rt cpp-4.7 g++-4.7 gcc-4.7 gcc-4.7-base gcc-4.8-base
  libc-dev-bin libc6 libc6-dev libclang-common-dev libexpat1 libffi5
  libgcc-4.7-dev libgcc1 libgomp1 libitm1 libllvm3.2 libncurses5 libncursesw5
  libobjc-4.7-dev libobjc4 libpython2.7-minimal libpython2.7-stdlib
  libquadmath0 libsqlite3-0 libssl1.0.0 libstdc++6 libstdc++6-4.7-dev
  libtinfo5 mime-support python python-minimal python2.7 python2.7-minimal
Suggested packages:
  gcc-4.7-locales g++-4.7-multilib gcc-4.7-doc libstdc++6-4.7-dbg
  gcc-4.7-multilib libmudflap0-4.7-dev libgcc1-dbg libgomp1-dbg libitm1-dbg
  libquadmath0-dbg libmudflap0-dbg libcloog-ppl0 libppl-c2 libppl7
  binutils-gold glibc-doc libstdc++6-4.7-doc python-doc python-tk
  python2.7-doc binfmt-support
Recommended packages:
  llvm-3.2-dev manpages-dev file
The following NEW packages will be installed:
  clang clang-3.2 compiler-rt gcc-4.8-base libclang-common-dev libexpat1
  libffi5 libgcc-4.7-dev libllvm3.2 libncursesw5 libobjc-4.7-dev libobjc4
  libpython2.7-minimal libpython2.7-stdlib libsqlite3-0 libssl1.0.0
  mime-support python python-minimal python2.7 python2.7-minimal
The following packages will be upgraded:
  cpp-4.7 g++-4.7 gcc-4.7 gcc-4.7-base libc-dev-bin libc6 libc6-dev libgcc1
  libgomp1 libitm1 libncurses5 libquadmath0 libstdc++6 libstdc++6-4.7-dev
  libtinfo5
15 upgraded, 21 newly installed, 0 to remove and 24 not upgraded.
Need to get 56.7 MB of archives.
After this operation, 72.6 MB of additional disk space will be used.
Get:1 http://localhost/debian/ experimental/main gcc-4.8-base amd64 4.8-20130127-1 [147 kB]
Get:2 http://localhost/debian/ experimental/main libc6-dev amd64 2.16-0experimental1 [3086 kB]
Get:3 http://localhost/debian/ experimental/main libc-dev-bin amd64 2.16-0experimental1 [226 kB]
Get:4 http://localhost/debian/ experimental/main libc6 amd64 2.16-0experimental1 [4729 kB]
Get:5 http://localhost/debian/ experimental/main libgcc1 amd64 1:4.8-20130127-1 [43.7 kB]
Get:6 http://localhost/debian/ experimental/main libstdc++6 amd64 4.8-20130127-1 [335 kB]
Get:7 http://localhost/debian/ experimental/main libtinfo5 amd64 5.9+20130119-1 [294 kB]
Get:8 http://localhost/debian/ experimental/main libncurses5 amd64 5.9+20130119-1 [115 kB]
Get:9 http://localhost/debian/ experimental/main libncursesw5 amd64 5.9+20130119-1 [142 kB]
Get:10 http://localhost/debian/ unstable/main libssl1.0.0 amd64 1.0.1c-4 [1213 kB]
Get:11 http://localhost/debian/ unstable/main libsqlite3-0 amd64 3.7.15.2-1 [463 kB]
Get:12 http://localhost/debian/ experimental/main libexpat1 amd64 2.1.0-2 [138 kB]
Get:13 http://localhost/debian/ unstable/main libffi5 amd64 3.0.10-3 [24.8 kB]
Get:14 http://localhost/debian/ experimental/main libgomp1 amd64 4.8-20130127-1 [27.4 kB]
Get:15 http://localhost/debian/ experimental/main libitm1 amd64 4.8-20130127-1 [37.7 kB]
Get:16 http://localhost/debian/ unstable/main libllvm3.2 amd64 3.2-2 [7865 kB]
Get:17 http://localhost/debian/ experimental/main libobjc4 amd64 4.8-20130127-1 [163 kB]
Get:18 http://localhost/debian/ experimental/main libquadmath0 amd64 4.8-20130127-1 [139 kB]
Get:19 http://localhost/debian/ experimental/main libstdc++6-4.7-dev amd64 4.7.2-19 [1678 kB]
Get:20 http://localhost/debian/ experimental/main g++-4.7 amd64 4.7.2-19 [5877 kB]
Get:21 http://localhost/debian/ experimental/main gcc-4.7 amd64 4.7.2-19 [5831 kB]
Get:22 http://localhost/debian/ experimental/main cpp-4.7 amd64 4.7.2-19 [5416 kB]
Get:23 http://localhost/debian/ experimental/main libgcc-4.7-dev amd64 4.7.2-19 [2465 kB]
Get:24 http://localhost/debian/ experimental/main gcc-4.7-base amd64 4.7.2-19 [148 kB]
Get:25 http://localhost/debian/ experimental/main mime-support all 3.53~experimental2 [36.5 kB]
Get:26 http://localhost/debian/ experimental/main libpython2.7-minimal amd64 2.7.3-15 [531 kB]
Get:27 http://localhost/debian/ experimental/main python2.7-minimal amd64 2.7.3-15 [1220 kB]
Get:28 http://localhost/debian/ experimental/main libpython2.7-stdlib amd64 2.7.3-15 [2367 kB]
Get:29 http://localhost/debian/ experimental/main python2.7 amd64 2.7.3-15 [326 kB]
Get:30 http://localhost/debian/ experimental/main python-minimal amd64 2.7.3-10 [41.8 kB]
Get:31 http://localhost/debian/ experimental/main python amd64 2.7.3-10 [184 kB]
Get:32 http://localhost/debian/ experimental/main libobjc-4.7-dev amd64 4.7.2-19 [717 kB]
Get:33 http://localhost/debian/ experimental/main libclang-common-dev amd64 3.2-1~exp5 [303 kB]
Get:34 http://localhost/debian/ experimental/main compiler-rt amd64 3.2-1~exp5 [315 kB]
Get:35 http://localhost/debian/ experimental/main clang-3.2 amd64 3.2-1~exp5 [10.1 MB]
Get:36 http://localhost/debian/ experimental/main clang all 3.2-1~exp5 [9506 B]
debconf: delaying package configuration, since apt-utils is not installed
Fetched 56.7 MB in 1s (38.1 MB/s)
Selecting previously unselected package gcc-4.8-base:amd64.
(Reading database ... 13484 files and directories currently installed.)
Unpacking gcc-4.8-base:amd64 (from .../gcc-4.8-base_4.8-20130127-1_amd64.deb) ...
Setting up gcc-4.8-base:amd64 (4.8-20130127-1) ...
(Reading database ... 13491 files and directories currently installed.)
Preparing to replace libc6-dev:amd64 2.13-38 (using .../libc6-dev_2.16-0experimental1_amd64.deb) ...
Unpacking replacement libc6-dev:amd64 ...
Preparing to replace libc-dev-bin 2.13-38 (using .../libc-dev-bin_2.16-0experimental1_amd64.deb) ...
Unpacking replacement libc-dev-bin ...
Preparing to replace libc6:amd64 2.13-38 (using .../libc6_2.16-0experimental1_amd64.deb) ...
debconf: unable to initialize frontend: Dialog
debconf: (Dialog frontend will not work on a dumb terminal, an emacs shell buffer, or without a controlling terminal.)
debconf: falling back to frontend: Readline
debconf: unable to initialize frontend: Readline
debconf: (This frontend requires a controlling tty.)
debconf: falling back to frontend: Teletype
Checking for services that may need to be restarted...
Checking init scripts...
Unpacking replacement libc6:amd64 ...
Setting up libc6:amd64 (2.16-0experimental1) ...
debconf: unable to initialize frontend: Dialog
debconf: (Dialog frontend will not work on a dumb terminal, an emacs shell buffer, or without a controlling terminal.)
debconf: falling back to frontend: Readline
debconf: unable to initialize frontend: Readline
debconf: (This frontend requires a controlling tty.)
debconf: falling back to frontend: Teletype
Checking for services that may need to be restarted...
Checking init scripts...
Nothing to restart.
(Reading database ... 13509 files and directories currently installed.)
Preparing to replace libgcc1:amd64 1:4.7.2-5 (using .../libgcc1_1%3a4.8-20130127-1_amd64.deb) ...
Unpacking replacement libgcc1:amd64 ...
Setting up libgcc1:amd64 (1:4.8-20130127-1) ...
(Reading database ... 13509 files and directories currently installed.)
Preparing to replace libstdc++6:amd64 4.7.2-5 (using .../libstdc++6_4.8-20130127-1_amd64.deb) ...
Unpacking replacement libstdc++6:amd64 ...
Setting up libstdc++6:amd64 (4.8-20130127-1) ...
(Reading database ... 13509 files and directories currently installed.)
Preparing to replace libtinfo5:amd64 5.9-10 (using .../libtinfo5_5.9+20130119-1_amd64.deb) ...
Unpacking replacement libtinfo5:amd64 ...
Setting up libtinfo5:amd64 (5.9+20130119-1) ...
(Reading database ... 13509 files and directories currently installed.)
Preparing to replace libncurses5:amd64 5.9-10 (using .../libncurses5_5.9+20130119-1_amd64.deb) ...
Unpacking replacement libncurses5:amd64 ...
Setting up libncurses5:amd64 (5.9+20130119-1) ...
Selecting previously unselected package libncursesw5:amd64.
(Reading database ... 13509 files and directories currently installed.)
Unpacking libncursesw5:amd64 (from .../libncursesw5_5.9+20130119-1_amd64.deb) ...
Selecting previously unselected package libssl1.0.0:amd64.
Unpacking libssl1.0.0:amd64 (from .../libssl1.0.0_1.0.1c-4_amd64.deb) ...
Selecting previously unselected package libsqlite3-0:amd64.
Unpacking libsqlite3-0:amd64 (from .../libsqlite3-0_3.7.15.2-1_amd64.deb) ...
Selecting previously unselected package libexpat1:amd64.
Unpacking libexpat1:amd64 (from .../libexpat1_2.1.0-2_amd64.deb) ...
Selecting previously unselected package libffi5:amd64.
Unpacking libffi5:amd64 (from .../libffi5_3.0.10-3_amd64.deb) ...
Preparing to replace libgomp1:amd64 4.7.2-5 (using .../libgomp1_4.8-20130127-1_amd64.deb) ...
Unpacking replacement libgomp1:amd64 ...
Preparing to replace libitm1:amd64 4.7.2-5 (using .../libitm1_4.8-20130127-1_amd64.deb) ...
Unpacking replacement libitm1:amd64 ...
Selecting previously unselected package libllvm3.2:amd64.
Unpacking libllvm3.2:amd64 (from .../libllvm3.2_3.2-2_amd64.deb) ...
Selecting previously unselected package libobjc4:amd64.
Unpacking libobjc4:amd64 (from .../libobjc4_4.8-20130127-1_amd64.deb) ...
Preparing to replace libquadmath0:amd64 4.7.2-5 (using .../libquadmath0_4.8-20130127-1_amd64.deb) ...
Unpacking replacement libquadmath0:amd64 ...
Preparing to replace libstdc++6-4.7-dev 4.7.2-5 (using .../libstdc++6-4.7-dev_4.7.2-19_amd64.deb) ...
Unpacking replacement libstdc++6-4.7-dev:amd64 ...
Preparing to replace g++-4.7 4.7.2-5 (using .../g++-4.7_4.7.2-19_amd64.deb) ...
Unpacking replacement g++-4.7 ...
Preparing to replace gcc-4.7 4.7.2-5 (using .../gcc-4.7_4.7.2-19_amd64.deb) ...
Unpacking replacement gcc-4.7 ...
Preparing to replace cpp-4.7 4.7.2-5 (using .../cpp-4.7_4.7.2-19_amd64.deb) ...
Unpacking replacement cpp-4.7 ...
Selecting previously unselected package libgcc-4.7-dev:amd64.
Unpacking libgcc-4.7-dev:amd64 (from .../libgcc-4.7-dev_4.7.2-19_amd64.deb) ...
Preparing to replace gcc-4.7-base:amd64 4.7.2-5 (using .../gcc-4.7-base_4.7.2-19_amd64.deb) ...
Unpacking replacement gcc-4.7-base:amd64 ...
Selecting previously unselected package mime-support.
Unpacking mime-support (from .../mime-support_3.53~experimental2_all.deb) ...
Selecting previously unselected package libpython2.7-minimal:amd64.
Unpacking libpython2.7-minimal:amd64 (from .../libpython2.7-minimal_2.7.3-15_amd64.deb) ...
Selecting previously unselected package python2.7-minimal.
Unpacking python2.7-minimal (from .../python2.7-minimal_2.7.3-15_amd64.deb) ...
Selecting previously unselected package libpython2.7-stdlib:amd64.
Unpacking libpython2.7-stdlib:amd64 (from .../libpython2.7-stdlib_2.7.3-15_amd64.deb) ...
Selecting previously unselected package python2.7.
Unpacking python2.7 (from .../python2.7_2.7.3-15_amd64.deb) ...
Selecting previously unselected package python-minimal.
Unpacking python-minimal (from .../python-minimal_2.7.3-10_amd64.deb) ...
Selecting previously unselected package python.
Unpacking python (from .../python_2.7.3-10_amd64.deb) ...
Selecting previously unselected package libobjc-4.7-dev:amd64.
Unpacking libobjc-4.7-dev:amd64 (from .../libobjc-4.7-dev_4.7.2-19_amd64.deb) ...
Selecting previously unselected package libclang-common-dev.
Unpacking libclang-common-dev (from .../libclang-common-dev_3.2-1~exp5_amd64.deb) ...
Selecting previously unselected package compiler-rt.
Unpacking compiler-rt (from .../compiler-rt_3.2-1~exp5_amd64.deb) ...
Selecting previously unselected package clang-3.2.
Unpacking clang-3.2 (from .../clang-3.2_3.2-1~exp5_amd64.deb) ...
Selecting previously unselected package clang.
Unpacking clang (from .../clang_3.2-1~exp5_all.deb) ...
Setting up libc-dev-bin (2.16-0experimental1) ...
Setting up libc6-dev:amd64 (2.16-0experimental1) ...
Setting up libncursesw5:amd64 (5.9+20130119-1) ...
Setting up libssl1.0.0:amd64 (1.0.1c-4) ...
debconf: unable to initialize frontend: Dialog
debconf: (Dialog frontend will not work on a dumb terminal, an emacs shell buffer, or without a controlling terminal.)
debconf: falling back to frontend: Readline
debconf: unable to initialize frontend: Readline
debconf: (This frontend requires a controlling tty.)
debconf: falling back to frontend: Teletype
Setting up libsqlite3-0:amd64 (3.7.15.2-1) ...
Setting up libexpat1:amd64 (2.1.0-2) ...
Setting up libffi5:amd64 (3.0.10-3) ...
Setting up libgomp1:amd64 (4.8-20130127-1) ...
Setting up libitm1:amd64 (4.8-20130127-1) ...
Setting up libllvm3.2:amd64 (3.2-2) ...
Setting up libobjc4:amd64 (4.8-20130127-1) ...
Setting up libquadmath0:amd64 (4.8-20130127-1) ...
Setting up gcc-4.7-base:amd64 (4.7.2-19) ...
Setting up libgcc-4.7-dev:amd64 (4.7.2-19) ...
Setting up libstdc++6-4.7-dev:amd64 (4.7.2-19) ...
Setting up cpp-4.7 (4.7.2-19) ...
Setting up gcc-4.7 (4.7.2-19) ...
Setting up g++-4.7 (4.7.2-19) ...
Setting up mime-support (3.53~experimental2) ...
Setting up libpython2.7-minimal:amd64 (2.7.3-15) ...
Setting up python2.7-minimal (2.7.3-15) ...
Linking and byte-compiling packages for runtime python2.7...
Setting up libpython2.7-stdlib:amd64 (2.7.3-15) ...
Setting up python2.7 (2.7.3-15) ...
Setting up python-minimal (2.7.3-10) ...
Setting up python (2.7.3-10) ...
Setting up libobjc-4.7-dev:amd64 (4.7.2-19) ...
Setting up libclang-common-dev (3.2-1~exp5) ...
Setting up compiler-rt (3.2-1~exp5) ...
Setting up clang-3.2 (3.2-1~exp5) ...
Setting up clang (3.2-1~exp5) ...
+ echo 'Replace gcc, g++ & cpp by clang'
Replace gcc, g++ & cpp by clang
+ VERSIONS='4.6 4.7'
+ cd /usr/bin
+ for VERSION in '$VERSIONS'
+ rm g++-4.6 gcc-4.6 cpp-4.6
+ ln -s clang++ g++-4.6
+ ln -s clang gcc-4.6
+ ln -s clang cpp-4.6
+ for VERSION in '$VERSIONS'
+ rm g++-4.7 gcc-4.7 cpp-4.7
+ ln -s clang++ g++-4.7
+ ln -s clang gcc-4.7
+ ln -s clang cpp-4.7
+ cd -
/«BUILDDIR»
+ echo 'Block the installation of new gcc version'
Block the installation of new gcc version
+ echo 'gcc-4.6 hold'
+ dpkg --set-selections
+ echo 'cpp-4.6 hold'
+ dpkg --set-selections
+ echo 'g++-4.6 hold'
+ dpkg --set-selections
+ echo 'gcc-4.7 hold'
+ dpkg --set-selections
+ echo 'cpp-4.7 hold'
+ dpkg --set-selections
+ echo 'g++-4.7 hold'
+ dpkg --set-selections
+ echo 'Check if gcc, g++ & cpp are actually clang'
Check if gcc, g++ & cpp are actually clang
+ gcc --version
+ grep clang
+ cpp --version
+ grep clang
+ g++ --version
+ grep clang

I: Finished running '/tmp/switch-to-clang'.

Finished processing commands.
────────────────────────────────────────────────────────────────────────────────
Merged Build-Depends: build-essential, fakeroot
Filtered Build-Depends: build-essential, fakeroot
dpkg-deb: building package `sbuild-build-depends-core-dummy' in `/«BUILDDIR»/resolver-Z1kdWp/apt_archive/sbuild-build-depends-core-dummy.deb'.
OK
Reading package lists...

┌──────────────────────────────────────────────────────────────────────────────┐
│ Install core build dependencies (apt-based resolver)                         │
└──────────────────────────────────────────────────────────────────────────────┘

Installing build dependencies
Reading package lists...
Building dependency tree...
Reading state information...
The following NEW packages will be installed:
  sbuild-build-depends-core-dummy
debconf: delaying package configuration, since apt-utils is not installed
0 upgraded, 1 newly installed, 0 to remove and 0 not upgraded.
Need to get 0 B/710 B of archives.
After this operation, 0 B of additional disk space will be used.
Selecting previously unselected package sbuild-build-depends-core-dummy.
(Reading database ... 14674 files and directories currently installed.)
Unpacking sbuild-build-depends-core-dummy (from .../sbuild-build-depends-core-dummy.deb) ...
Setting up sbuild-build-depends-core-dummy (0.invalid.0) ...
Merged Build-Depends: base-files, base-passwd, bash, bsdutils, coreutils, dash, debianutils, diffutils, dpkg, e2fsprogs, findutils, grep, gzip, hostname, libc-bin, login, mount, ncurses-base, ncurses-bin, perl-base, sed, sysvinit, sysvinit-utils, tar, util-linux, libc6-dev | libc-dev, gcc (>= 4:4.4.3), g++ (>= 4:4.4.3), make, dpkg-dev (>= 1.13.5), dpkg-dev (>= 1.15.7), debhelper (>= 7), xutils-dev, libxaw7-dev, libxmu-dev, libxext-dev, libxt-dev, libsm-dev, libice-dev, libjpeg-dev, zlib1g-dev | libz-dev, default-jdk, libssl-dev
Filtered Build-Depends: base-files, base-passwd, bash, bsdutils, coreutils, dash, debianutils, diffutils, dpkg, e2fsprogs, findutils, grep, gzip, hostname, libc-bin, login, mount, ncurses-base, ncurses-bin, perl-base, sed, sysvinit, sysvinit-utils, tar, util-linux, libc6-dev, gcc (>= 4:4.4.3), g++ (>= 4:4.4.3), make, dpkg-dev (>= 1.13.5), dpkg-dev (>= 1.15.7), debhelper (>= 7), xutils-dev, libxaw7-dev, libxmu-dev, libxext-dev, libxt-dev, libsm-dev, libice-dev, libjpeg-dev, zlib1g-dev, default-jdk, libssl-dev
dpkg-deb: building package `sbuild-build-depends-ssvnc-dummy' in `/«BUILDDIR»/resolver-BM5n95/apt_archive/sbuild-build-depends-ssvnc-dummy.deb'.
OK
Reading package lists...

┌──────────────────────────────────────────────────────────────────────────────┐
│ Install ssvnc build dependencies (apt-based resolver)                        │
└──────────────────────────────────────────────────────────────────────────────┘

Installing build dependencies
Reading package lists...
Building dependency tree...
Reading state information...
The following extra packages will be installed:
  bsdmainutils ca-certificates ca-certificates-java debhelper default-jdk
  default-jre default-jre-headless file fontconfig fontconfig-config gettext
  gettext-base groff-base html2text intltool-debian java-common libasound2
  libasprintf-dev libasprintf0c2 libasyncns0 libatk-wrapper-java
  libatk-wrapper-java-jni libatk1.0-0 libatk1.0-data libavahi-client3
  libavahi-common-data libavahi-common3 libcairo2 libcap2 libcroco3 libcups2
  libdatrie1 libdbus-1-3 libflac8 libfontconfig1 libfreetype6 libgcrypt11
  libgdk-pixbuf2.0-0 libgdk-pixbuf2.0-common libgettextpo-dev libgettextpo0
  libgif4 libglib2.0-0 libgnutls26 libgpg-error0 libgssapi-krb5-2 libgtk2.0-0
  libgtk2.0-common libice-dev libice6 libjasper1 libjbig0 libjpeg8
  libjpeg8-dev libjson0 libk5crypto3 libkeyutils1 libkrb5-3 libkrb5support0
  libmagic1 libnspr4 libnss3 libnss3-1d libogg0 libp11-kit0 libpango1.0-0
  libpcre3 libpcsclite1 libpipeline1 libpixman-1-0 libpng12-0
  libpthread-stubs0 libpthread-stubs0-dev libpulse0 libsm-dev libsm6
  libsndfile1 libssl-dev libtasn1-3 libthai-data libthai0 libtiff4
  libunistring0 libvorbis0a libvorbisenc2 libwrap0 libx11-6 libx11-data
  libx11-dev libx11-xcb1 libxau-dev libxau6 libxaw7 libxaw7-dev libxcb-render0
  libxcb-shm0 libxcb1 libxcb1-dev libxcomposite1 libxcursor1 libxdamage1
  libxdmcp-dev libxdmcp6 libxext-dev libxext6 libxfixes3 libxft2 libxi6
  libxinerama1 libxml2 libxmu-dev libxmu-headers libxmu6 libxpm-dev libxpm4
  libxrandr2 libxrender1 libxt-dev libxt6 libxtst6 man-db openjdk-6-jdk
  openjdk-6-jre openjdk-6-jre-headless openjdk-6-jre-lib openssl po-debconf
  shared-mime-info ttf-dejavu-core tzdata-java x11-common x11proto-core-dev
  x11proto-input-dev x11proto-kb-dev x11proto-xext-dev xorg-sgml-doctools
  xtrans-dev xutils-dev zlib1g-dev
Suggested packages:
  wamerican wordlist whois vacation dh-make gettext-doc groff equivs
  libasound2-plugins cups-common rng-tools krb5-doc krb5-user librsvg2-common
  gvfs libice-doc libjasper-runtime ttf-baekmuk ttf-arphic-gbsn00lp
  ttf-arphic-bsmi00lp ttf-arphic-gkai00mp ttf-arphic-bkai00mp pcscd pulseaudio
  libsm-doc libxaw-doc libxcb-doc libxext-doc libxt-doc less www-browser
  openjdk-6-demo openjdk-6-source visualvm icedtea-plugin libnss-mdns
  sun-java6-fonts fonts-ipafont-gothic fonts-ipafont-mincho ttf-wqy-microhei
  ttf-wqy-zenhei ttf-indic-fonts libmail-box-perl
Recommended packages:
  curl wget lynx-cur autopoint dbus libglib2.0-data hicolor-icon-theme
  libgtk2.0-bin krb5-locales libssl-doc tcpd libx11-doc xml-core
  ttf-dejavu-extra icedtea-netx icedtea-6-jre-cacao icedtea-6-jre-jamvm
  libmail-sendmail-perl
The following NEW packages will be installed:
  bsdmainutils ca-certificates ca-certificates-java debhelper default-jdk
  default-jre default-jre-headless file fontconfig fontconfig-config gettext
  gettext-base groff-base html2text intltool-debian java-common libasound2
  libasprintf-dev libasprintf0c2 libasyncns0 libatk-wrapper-java
  libatk-wrapper-java-jni libatk1.0-0 libatk1.0-data libavahi-client3
  libavahi-common-data libavahi-common3 libcairo2 libcap2 libcroco3 libcups2
  libdatrie1 libdbus-1-3 libflac8 libfontconfig1 libfreetype6 libgcrypt11
  libgdk-pixbuf2.0-0 libgdk-pixbuf2.0-common libgettextpo-dev libgettextpo0
  libgif4 libglib2.0-0 libgnutls26 libgpg-error0 libgssapi-krb5-2 libgtk2.0-0
  libgtk2.0-common libice-dev libice6 libjasper1 libjbig0 libjpeg8
  libjpeg8-dev libjson0 libk5crypto3 libkeyutils1 libkrb5-3 libkrb5support0
  libmagic1 libnspr4 libnss3 libnss3-1d libogg0 libp11-kit0 libpango1.0-0
  libpcre3 libpcsclite1 libpipeline1 libpixman-1-0 libpng12-0
  libpthread-stubs0 libpthread-stubs0-dev libpulse0 libsm-dev libsm6
  libsndfile1 libssl-dev libtasn1-3 libthai-data libthai0 libtiff4
  libunistring0 libvorbis0a libvorbisenc2 libwrap0 libx11-6 libx11-data
  libx11-dev libx11-xcb1 libxau-dev libxau6 libxaw7 libxaw7-dev libxcb-render0
  libxcb-shm0 libxcb1 libxcb1-dev libxcomposite1 libxcursor1 libxdamage1
  libxdmcp-dev libxdmcp6 libxext-dev libxext6 libxfixes3 libxft2 libxi6
  libxinerama1 libxml2 libxmu-dev libxmu-headers libxmu6 libxpm-dev libxpm4
  libxrandr2 libxrender1 libxt-dev libxt6 libxtst6 man-db openjdk-6-jdk
  openjdk-6-jre openjdk-6-jre-headless openjdk-6-jre-lib openssl po-debconf
  sbuild-build-depends-ssvnc-dummy shared-mime-info ttf-dejavu-core
  tzdata-java x11-common x11proto-core-dev x11proto-input-dev x11proto-kb-dev
  x11proto-xext-dev xorg-sgml-doctools xtrans-dev xutils-dev zlib1g-dev
0 upgraded, 140 newly installed, 0 to remove and 0 not upgraded.
Need to get 79.7 MB/79.7 MB of archives.
After this operation, 243 MB of additional disk space will be used.
Get:1 http://localhost/debian/ unstable/main libpipeline1 amd64 1.2.2-1 [39.9 kB]
Get:2 http://localhost/debian/ unstable/main groff-base amd64 1.22.1-2 [741 kB]
Get:3 http://localhost/debian/ unstable/main bsdmainutils amd64 9.0.4 [210 kB]
Get:4 http://localhost/debian/ unstable/main man-db amd64 2.6.3-3 [898 kB]
Get:5 http://localhost/debian/ unstable/main libasprintf0c2 amd64 0.18.1.1-10 [27.2 kB]
Get:6 http://localhost/debian/ unstable/main libcap2 amd64 1:2.22-1.2 [13.6 kB]
Get:7 http://localhost/debian/ unstable/main libgpg-error0 amd64 1.10-3.1 [77.9 kB]
Get:8 http://localhost/debian/ unstable/main libgcrypt11 amd64 1.5.0-3 [298 kB]
Get:9 http://localhost/debian/ unstable/main libp11-kit0 amd64 0.12-3 [52.8 kB]
Get:10 http://localhost/debian/ unstable/main libtasn1-3 amd64 2.13-2 [67.7 kB]
Get:11 http://localhost/debian/ unstable/main libgnutls26 amd64 2.12.20-3 [618 kB]
Get:12 http://localhost/debian/ unstable/main libkeyutils1 amd64 1.5.5-4 [8690 B]
Get:13 http://localhost/debian/ unstable/main libkrb5support0 amd64 1.10.1+dfsg-3 [49.2 kB]
Get:14 http://localhost/debian/ unstable/main libk5crypto3 amd64 1.10.1+dfsg-3 [112 kB]
Get:15 http://localhost/debian/ unstable/main libkrb5-3 amd64 1.10.1+dfsg-3 [394 kB]
Get:16 http://localhost/debian/ unstable/main libgssapi-krb5-2 amd64 1.10.1+dfsg-3 [148 kB]
Get:17 http://localhost/debian/ unstable/main libmagic1 amd64 5.11-2 [202 kB]
Get:18 http://localhost/debian/ unstable/main libpcre3 amd64 1:8.31-2 [247 kB]
Get:19 http://localhost/debian/ unstable/main libwrap0 amd64 7.6.q-24 [62.4 kB]
Get:20 http://localhost/debian/ unstable/main libxml2 amd64 2.8.0+dfsg1-7 [903 kB]
Get:21 http://localhost/debian/ unstable/main libasound2 amd64 1.0.25-4 [461 kB]
Get:22 http://localhost/debian/ unstable/main libasyncns0 amd64 0.8-4 [13.6 kB]
Get:23 http://localhost/debian/ unstable/main libglib2.0-0 amd64 2.33.12+really2.32.4-5 [1838 kB]
Get:24 http://localhost/debian/ unstable/main libatk1.0-data all 2.4.0-2 [240 kB]
Get:25 http://localhost/debian/ unstable/main libatk1.0-0 amd64 2.4.0-2 [95.1 kB]
Get:26 http://localhost/debian/ unstable/main libfreetype6 amd64 2.4.9-1.1 [451 kB]
Get:27 http://localhost/debian/ unstable/main ttf-dejavu-core all 2.33-3 [1021 kB]
Get:28 http://localhost/debian/ unstable/main fontconfig-config all 2.9.0-7.1 [233 kB]
Get:29 http://localhost/debian/ unstable/main libfontconfig1 amd64 2.9.0-7.1 [300 kB]
Get:30 http://localhost/debian/ unstable/main libpixman-1-0 amd64 0.26.0-3 [427 kB]
Get:31 http://localhost/debian/ unstable/main libpng12-0 amd64 1.2.49-3 [190 kB]
Get:32 http://localhost/debian/ unstable/main libxau6 amd64 1:1.0.7-1 [18.8 kB]
Get:33 http://localhost/debian/ unstable/main libxdmcp6 amd64 1:1.1.1-1 [26.3 kB]
Get:34 http://localhost/debian/ unstable/main libxcb1 amd64 1.8.1-2 [50.1 kB]
Get:35 http://localhost/debian/ unstable/main libx11-data all 2:1.5.0-1 [189 kB]
Get:36 http://localhost/debian/ unstable/main libx11-6 amd64 2:1.5.0-1 [901 kB]
Get:37 http://localhost/debian/ unstable/main libxcb-render0 amd64 1.8.1-2 [18.5 kB]
Get:38 http://localhost/debian/ unstable/main libxcb-shm0 amd64 1.8.1-2 [10.3 kB]
Get:39 http://localhost/debian/ unstable/main libxrender1 amd64 1:0.9.7-1 [32.2 kB]
Get:40 http://localhost/debian/ unstable/main libcairo2 amd64 1.12.2-2.1 [912 kB]
Get:41 http://localhost/debian/ unstable/main libjpeg8 amd64 8d-1 [134 kB]
Get:42 http://localhost/debian/ unstable/main libjasper1 amd64 1.900.1-14 [160 kB]
Get:43 http://localhost/debian/ unstable/main libjbig0 amd64 2.0-2 [32.2 kB]
Get:44 http://localhost/debian/ unstable/main libtiff4 amd64 3.9.6-11 [202 kB]
Get:45 http://localhost/debian/ unstable/main libgdk-pixbuf2.0-common all 2.26.1-1 [497 kB]
Get:46 http://localhost/debian/ unstable/main libgdk-pixbuf2.0-0 amd64 2.26.1-1 [207 kB]
Get:47 http://localhost/debian/ unstable/main libgtk2.0-common all 2.24.10-2 [3081 kB]
Get:48 http://localhost/debian/ unstable/main libavahi-common-data amd64 0.6.31-1 [134 kB]
Get:49 http://localhost/debian/ unstable/main libavahi-common3 amd64 0.6.31-1 [54.3 kB]
Get:50 http://localhost/debian/ unstable/main libdbus-1-3 amd64 1.6.8-1 [173 kB]
Get:51 http://localhost/debian/ unstable/main libavahi-client3 amd64 0.6.31-1 [59.1 kB]
Get:52 http://localhost/debian/ unstable/main libcups2 amd64 1.5.3-2.14 [255 kB]
Get:53 http://localhost/debian/ unstable/main libthai-data all 0.1.18-2 [154 kB]
Get:54 http://localhost/debian/ unstable/main libdatrie1 amd64 0.2.5-3 [28.6 kB]
Get:55 http://localhost/debian/ unstable/main libthai0 amd64 0.1.18-2 [42.3 kB]
Get:56 http://localhost/debian/ unstable/main libxft2 amd64 2.3.1-1 [61.0 kB]
Get:57 http://localhost/debian/ unstable/main fontconfig amd64 2.9.0-7.1 [348 kB]
Get:58 http://localhost/debian/ unstable/main libpango1.0-0 amd64 1.30.0-1 [461 kB]
Get:59 http://localhost/debian/ unstable/main libxcomposite1 amd64 1:0.4.3-2 [16.6 kB]
Get:60 http://localhost/debian/ unstable/main libxfixes3 amd64 1:5.0-4 [21.5 kB]
Get:61 http://localhost/debian/ unstable/main libxcursor1 amd64 1:1.1.13-1 [26.9 kB]
Get:62 http://localhost/debian/ unstable/main libxdamage1 amd64 1:1.1.3-2 [14.3 kB]
Get:63 http://localhost/debian/ unstable/main libxext6 amd64 2:1.3.1-2 [55.3 kB]
Get:64 http://localhost/debian/ unstable/main libxi6 amd64 2:1.6.1-1 [75.0 kB]
Get:65 http://localhost/debian/ unstable/main libxinerama1 amd64 2:1.1.2-1 [16.8 kB]
Get:66 http://localhost/debian/ unstable/main libxrandr2 amd64 2:1.3.2-2 [33.5 kB]
Get:67 http://localhost/debian/ unstable/main shared-mime-info amd64 1.0-1+b1 [595 kB]
Get:68 http://localhost/debian/ unstable/main libgtk2.0-0 amd64 2.24.10-2 [2200 kB]
Get:69 http://localhost/debian/ unstable/main libatk-wrapper-java all 0.30.4-2 [30.8 kB]
Get:70 http://localhost/debian/ unstable/main libatk-wrapper-java-jni amd64 0.30.4-2 [31.6 kB]
Get:71 http://localhost/debian/ unstable/main libcroco3 amd64 0.6.6-2 [134 kB]
Get:72 http://localhost/debian/ unstable/main libogg0 amd64 1.3.0-4 [20.6 kB]
Get:73 http://localhost/debian/ unstable/main libflac8 amd64 1.2.1-6 [154 kB]
Get:74 http://localhost/debian/ unstable/main libunistring0 amd64 0.9.3-5 [434 kB]
Get:75 http://localhost/debian/ unstable/main libgettextpo0 amd64 0.18.1.1-10 [145 kB]
Get:76 http://localhost/debian/ unstable/main x11-common all 1:7.7+1 [278 kB]
Get:77 http://localhost/debian/ unstable/main libice6 amd64 2:1.0.8-2 [63.1 kB]
Get:78 http://localhost/debian/ unstable/main libnspr4 amd64 2:4.9.4-2 [140 kB]
Get:79 http://localhost/debian/ unstable/main libnss3 amd64 2:3.14.1.with.ckbi.1.93-1 [1055 kB]
Get:80 http://localhost/debian/ unstable/main libpcsclite1 amd64 1.8.8-1 [57.6 kB]
Get:81 http://localhost/debian/ unstable/main libjson0 amd64 0.10-1.2 [24.2 kB]
Get:82 http://localhost/debian/ unstable/main libsm6 amd64 2:1.2.1-2 [34.2 kB]
Get:83 http://localhost/debian/ unstable/main libvorbis0a amd64 1.3.2-1.3 [109 kB]
Get:84 http://localhost/debian/ unstable/main libvorbisenc2 amd64 1.3.2-1.3 [143 kB]
Get:85 http://localhost/debian/ unstable/main libsndfile1 amd64 1.0.25-5 [240 kB]
Get:86 http://localhost/debian/ unstable/main libx11-xcb1 amd64 2:1.5.0-1 [139 kB]
Get:87 http://localhost/debian/ unstable/main libxtst6 amd64 2:1.2.1-1 [26.6 kB]
Get:88 http://localhost/debian/ unstable/main libpulse0 amd64 2.0-6 [231 kB]
Get:89 http://localhost/debian/ unstable/main libxt6 amd64 1:1.1.3-1 [211 kB]
Get:90 http://localhost/debian/ unstable/main libxmu6 amd64 2:1.1.1-1 [66.6 kB]
Get:91 http://localhost/debian/ unstable/main libxpm4 amd64 1:3.5.10-1 [49.4 kB]
Get:92 http://localhost/debian/ unstable/main libxaw7 amd64 2:1.0.10-2 [226 kB]
Get:93 http://localhost/debian/ unstable/main openjdk-6-jre-lib all 6b24-1.11.5-1 [6135 kB]
Get:94 http://localhost/debian/ unstable/main openssl amd64 1.0.1c-4 [698 kB]
Get:95 http://localhost/debian/ unstable/main ca-certificates all 20130119 [185 kB]
Get:96 http://localhost/debian/ unstable/main java-common all 0.47 [66.1 kB]
Get:97 http://localhost/debian/ unstable/main default-jre-headless amd64 1:1.6-47 [8112 B]
Get:98 http://localhost/debian/ unstable/main ca-certificates-java all 20121112+nmu1 [14.8 kB]
Get:99 http://localhost/debian/ unstable/main tzdata-java all 2012j-1 [150 kB]
Get:100 http://localhost/debian/ unstable/main libnss3-1d amd64 2:3.14.1.with.ckbi.1.93-1 [19.7 kB]
Get:101 http://localhost/debian/ unstable/main openjdk-6-jre-headless amd64 6b24-1.11.5-1 [25.4 MB]
Get:102 http://localhost/debian/ unstable/main file amd64 5.11-2 [51.8 kB]
Get:103 http://localhost/debian/ unstable/main gettext-base amd64 0.18.1.1-10 [154 kB]
Get:104 http://localhost/debian/ unstable/main html2text amd64 1.3.2a-15 [103 kB]
Get:105 http://localhost/debian/ unstable/main libasprintf-dev amd64 0.18.1.1-10 [26.8 kB]
Get:106 http://localhost/debian/ unstable/main libgettextpo-dev amd64 0.18.1.1-10 [184 kB]
Get:107 http://localhost/debian/ unstable/main gettext amd64 0.18.1.1-10 [1815 kB]
Get:108 http://localhost/debian/ unstable/main intltool-debian all 0.35.0+20060710.1 [30.8 kB]
Get:109 http://localhost/debian/ unstable/main po-debconf all 1.0.16+nmu2 [224 kB]
Get:110 http://localhost/debian/ unstable/main debhelper all 9.20120909 [705 kB]
Get:111 http://localhost/debian/ unstable/main libgif4 amd64 4.1.6-10 [42.7 kB]
Get:112 http://localhost/debian/ unstable/main openjdk-6-jre amd64 6b24-1.11.5-1 [238 kB]
Get:113 http://localhost/debian/ unstable/main default-jre amd64 1:1.6-47 [836 B]
Get:114 http://localhost/debian/ unstable/main openjdk-6-jdk amd64 6b24-1.11.5-1 [11.1 MB]
Get:115 http://localhost/debian/ unstable/main default-jdk amd64 1:1.6-47 [834 B]
Get:116 http://localhost/debian/ unstable/main xorg-sgml-doctools all 1:1.10-1 [24.1 kB]
Get:117 http://localhost/debian/ unstable/main x11proto-core-dev all 7.0.23-1 [774 kB]
Get:118 http://localhost/debian/ unstable/main libice-dev amd64 2:1.0.8-2 [74.1 kB]
Get:119 http://localhost/debian/ unstable/main libjpeg8-dev amd64 8d-1 [242 kB]
Get:120 http://localhost/debian/ unstable/main libpthread-stubs0 amd64 0.3-3 [3228 B]
Get:121 http://localhost/debian/ unstable/main libpthread-stubs0-dev amd64 0.3-3 [3998 B]
Get:122 http://localhost/debian/ unstable/main libsm-dev amd64 2:1.2.1-2 [37.0 kB]
Get:123 http://localhost/debian/ unstable/main zlib1g-dev amd64 1:1.2.7.dfsg-13 [215 kB]
Get:124 http://localhost/debian/ unstable/main libssl-dev amd64 1.0.1c-4 [1698 kB]
Get:125 http://localhost/debian/ unstable/main libxau-dev amd64 1:1.0.7-1 [21.7 kB]
Get:126 http://localhost/debian/ unstable/main libxdmcp-dev amd64 1:1.1.1-1 [42.3 kB]
Get:127 http://localhost/debian/ unstable/main x11proto-input-dev all 2.2-1 [172 kB]
Get:128 http://localhost/debian/ unstable/main x11proto-kb-dev all 1.0.6-2 [269 kB]
Get:129 http://localhost/debian/ unstable/main xtrans-dev all 1.2.7-1 [112 kB]
Get:130 http://localhost/debian/ unstable/main libxcb1-dev amd64 1.8.1-2 [88.1 kB]
Get:131 http://localhost/debian/ unstable/main libx11-dev amd64 2:1.5.0-1 [1037 kB]
Get:132 http://localhost/debian/ unstable/main x11proto-xext-dev all 7.2.1-1 [273 kB]
Get:133 http://localhost/debian/ unstable/main libxext-dev amd64 2:1.3.1-2 [115 kB]
Get:134 http://localhost/debian/ unstable/main libxt-dev amd64 1:1.1.3-1 [516 kB]
Get:135 http://localhost/debian/ unstable/main libxmu-headers all 2:1.1.1-1 [77.8 kB]
Get:136 http://localhost/debian/ unstable/main libxmu-dev amd64 2:1.1.1-1 [74.6 kB]
Get:137 http://localhost/debian/ unstable/main libxpm-dev amd64 1:3.5.10-1 [107 kB]
Get:138 http://localhost/debian/ unstable/main libxaw7-dev amd64 2:1.0.10-2 [323 kB]
Get:139 http://localhost/debian/ unstable/main xutils-dev amd64 1:7.7~1 [350 kB]
debconf: delaying package configuration, since apt-utils is not installed
Fetched 79.7 MB in 2s (30.3 MB/s)
Selecting previously unselected package libpipeline1:amd64.
(Reading database ... 14674 files and directories currently installed.)
Unpacking libpipeline1:amd64 (from .../libpipeline1_1.2.2-1_amd64.deb) ...
Selecting previously unselected package groff-base.
Unpacking groff-base (from .../groff-base_1.22.1-2_amd64.deb) ...
Selecting previously unselected package bsdmainutils.
Unpacking bsdmainutils (from .../bsdmainutils_9.0.4_amd64.deb) ...
Selecting previously unselected package man-db.
Unpacking man-db (from .../man-db_2.6.3-3_amd64.deb) ...
Selecting previously unselected package libasprintf0c2:amd64.
Unpacking libasprintf0c2:amd64 (from .../libasprintf0c2_0.18.1.1-10_amd64.deb) ...
Selecting previously unselected package libcap2:amd64.
Unpacking libcap2:amd64 (from .../libcap2_1%3a2.22-1.2_amd64.deb) ...
Selecting previously unselected package libgpg-error0:amd64.
Unpacking libgpg-error0:amd64 (from .../libgpg-error0_1.10-3.1_amd64.deb) ...
Selecting previously unselected package libgcrypt11:amd64.
Unpacking libgcrypt11:amd64 (from .../libgcrypt11_1.5.0-3_amd64.deb) ...
Selecting previously unselected package libp11-kit0:amd64.
Unpacking libp11-kit0:amd64 (from .../libp11-kit0_0.12-3_amd64.deb) ...
Selecting previously unselected package libtasn1-3:amd64.
Unpacking libtasn1-3:amd64 (from .../libtasn1-3_2.13-2_amd64.deb) ...
Selecting previously unselected package libgnutls26:amd64.
Unpacking libgnutls26:amd64 (from .../libgnutls26_2.12.20-3_amd64.deb) ...
Selecting previously unselected package libkeyutils1:amd64.
Unpacking libkeyutils1:amd64 (from .../libkeyutils1_1.5.5-4_amd64.deb) ...
Selecting previously unselected package libkrb5support0:amd64.
Unpacking libkrb5support0:amd64 (from .../libkrb5support0_1.10.1+dfsg-3_amd64.deb) ...
Selecting previously unselected package libk5crypto3:amd64.
Unpacking libk5crypto3:amd64 (from .../libk5crypto3_1.10.1+dfsg-3_amd64.deb) ...
Selecting previously unselected package libkrb5-3:amd64.
Unpacking libkrb5-3:amd64 (from .../libkrb5-3_1.10.1+dfsg-3_amd64.deb) ...
Selecting previously unselected package libgssapi-krb5-2:amd64.
Unpacking libgssapi-krb5-2:amd64 (from .../libgssapi-krb5-2_1.10.1+dfsg-3_amd64.deb) ...
Selecting previously unselected package libmagic1:amd64.
Unpacking libmagic1:amd64 (from .../libmagic1_5.11-2_amd64.deb) ...
Selecting previously unselected package libpcre3:amd64.
Unpacking libpcre3:amd64 (from .../libpcre3_1%3a8.31-2_amd64.deb) ...
Selecting previously unselected package libwrap0:amd64.
Unpacking libwrap0:amd64 (from .../libwrap0_7.6.q-24_amd64.deb) ...
Selecting previously unselected package libxml2:amd64.
Unpacking libxml2:amd64 (from .../libxml2_2.8.0+dfsg1-7_amd64.deb) ...
Selecting previously unselected package libasound2:amd64.
Unpacking libasound2:amd64 (from .../libasound2_1.0.25-4_amd64.deb) ...
Selecting previously unselected package libasyncns0:amd64.
Unpacking libasyncns0:amd64 (from .../libasyncns0_0.8-4_amd64.deb) ...
Selecting previously unselected package libglib2.0-0:amd64.
Unpacking libglib2.0-0:amd64 (from .../libglib2.0-0_2.33.12+really2.32.4-5_amd64.deb) ...
Selecting previously unselected package libatk1.0-data.
Unpacking libatk1.0-data (from .../libatk1.0-data_2.4.0-2_all.deb) ...
Selecting previously unselected package libatk1.0-0:amd64.
Unpacking libatk1.0-0:amd64 (from .../libatk1.0-0_2.4.0-2_amd64.deb) ...
Selecting previously unselected package libfreetype6:amd64.
Unpacking libfreetype6:amd64 (from .../libfreetype6_2.4.9-1.1_amd64.deb) ...
Selecting previously unselected package ttf-dejavu-core.
Unpacking ttf-dejavu-core (from .../ttf-dejavu-core_2.33-3_all.deb) ...
Selecting previously unselected package fontconfig-config.
Unpacking fontconfig-config (from .../fontconfig-config_2.9.0-7.1_all.deb) ...
Selecting previously unselected package libfontconfig1:amd64.
Unpacking libfontconfig1:amd64 (from .../libfontconfig1_2.9.0-7.1_amd64.deb) ...
Selecting previously unselected package libpixman-1-0:amd64.
Unpacking libpixman-1-0:amd64 (from .../libpixman-1-0_0.26.0-3_amd64.deb) ...
Selecting previously unselected package libpng12-0:amd64.
Unpacking libpng12-0:amd64 (from .../libpng12-0_1.2.49-3_amd64.deb) ...
Selecting previously unselected package libxau6:amd64.
Unpacking libxau6:amd64 (from .../libxau6_1%3a1.0.7-1_amd64.deb) ...
Selecting previously unselected package libxdmcp6:amd64.
Unpacking libxdmcp6:amd64 (from .../libxdmcp6_1%3a1.1.1-1_amd64.deb) ...
Selecting previously unselected package libxcb1:amd64.
Unpacking libxcb1:amd64 (from .../libxcb1_1.8.1-2_amd64.deb) ...
Selecting previously unselected package libx11-data.
Unpacking libx11-data (from .../libx11-data_2%3a1.5.0-1_all.deb) ...
Selecting previously unselected package libx11-6:amd64.
Unpacking libx11-6:amd64 (from .../libx11-6_2%3a1.5.0-1_amd64.deb) ...
Selecting previously unselected package libxcb-render0:amd64.
Unpacking libxcb-render0:amd64 (from .../libxcb-render0_1.8.1-2_amd64.deb) ...
Selecting previously unselected package libxcb-shm0:amd64.
Unpacking libxcb-shm0:amd64 (from .../libxcb-shm0_1.8.1-2_amd64.deb) ...
Selecting previously unselected package libxrender1:amd64.
Unpacking libxrender1:amd64 (from .../libxrender1_1%3a0.9.7-1_amd64.deb) ...
Selecting previously unselected package libcairo2:amd64.
Unpacking libcairo2:amd64 (from .../libcairo2_1.12.2-2.1_amd64.deb) ...
Selecting previously unselected package libjpeg8:amd64.
Unpacking libjpeg8:amd64 (from .../libjpeg8_8d-1_amd64.deb) ...
Selecting previously unselected package libjasper1:amd64.
Unpacking libjasper1:amd64 (from .../libjasper1_1.900.1-14_amd64.deb) ...
Selecting previously unselected package libjbig0:amd64.
Unpacking libjbig0:amd64 (from .../libjbig0_2.0-2_amd64.deb) ...
Selecting previously unselected package libtiff4:amd64.
Unpacking libtiff4:amd64 (from .../libtiff4_3.9.6-11_amd64.deb) ...
Selecting previously unselected package libgdk-pixbuf2.0-common.
Unpacking libgdk-pixbuf2.0-common (from .../libgdk-pixbuf2.0-common_2.26.1-1_all.deb) ...
Selecting previously unselected package libgdk-pixbuf2.0-0:amd64.
Unpacking libgdk-pixbuf2.0-0:amd64 (from .../libgdk-pixbuf2.0-0_2.26.1-1_amd64.deb) ...
Selecting previously unselected package libgtk2.0-common.
Unpacking libgtk2.0-common (from .../libgtk2.0-common_2.24.10-2_all.deb) ...
Selecting previously unselected package libavahi-common-data:amd64.
Unpacking libavahi-common-data:amd64 (from .../libavahi-common-data_0.6.31-1_amd64.deb) ...
Selecting previously unselected package libavahi-common3:amd64.
Unpacking libavahi-common3:amd64 (from .../libavahi-common3_0.6.31-1_amd64.deb) ...
Selecting previously unselected package libdbus-1-3:amd64.
Unpacking libdbus-1-3:amd64 (from .../libdbus-1-3_1.6.8-1_amd64.deb) ...
Selecting previously unselected package libavahi-client3:amd64.
Unpacking libavahi-client3:amd64 (from .../libavahi-client3_0.6.31-1_amd64.deb) ...
Selecting previously unselected package libcups2:amd64.
Unpacking libcups2:amd64 (from .../libcups2_1.5.3-2.14_amd64.deb) ...
Selecting previously unselected package libthai-data.
Unpacking libthai-data (from .../libthai-data_0.1.18-2_all.deb) ...
Selecting previously unselected package libdatrie1:amd64.
Unpacking libdatrie1:amd64 (from .../libdatrie1_0.2.5-3_amd64.deb) ...
Selecting previously unselected package libthai0:amd64.
Unpacking libthai0:amd64 (from .../libthai0_0.1.18-2_amd64.deb) ...
Selecting previously unselected package libxft2:amd64.
Unpacking libxft2:amd64 (from .../libxft2_2.3.1-1_amd64.deb) ...
Selecting previously unselected package fontconfig.
Unpacking fontconfig (from .../fontconfig_2.9.0-7.1_amd64.deb) ...
Selecting previously unselected package libpango1.0-0:amd64.
Unpacking libpango1.0-0:amd64 (from .../libpango1.0-0_1.30.0-1_amd64.deb) ...
Selecting previously unselected package libxcomposite1:amd64.
Unpacking libxcomposite1:amd64 (from .../libxcomposite1_1%3a0.4.3-2_amd64.deb) ...
Selecting previously unselected package libxfixes3:amd64.
Unpacking libxfixes3:amd64 (from .../libxfixes3_1%3a5.0-4_amd64.deb) ...
Selecting previously unselected package libxcursor1:amd64.
Unpacking libxcursor1:amd64 (from .../libxcursor1_1%3a1.1.13-1_amd64.deb) ...
Selecting previously unselected package libxdamage1:amd64.
Unpacking libxdamage1:amd64 (from .../libxdamage1_1%3a1.1.3-2_amd64.deb) ...
Selecting previously unselected package libxext6:amd64.
Unpacking libxext6:amd64 (from .../libxext6_2%3a1.3.1-2_amd64.deb) ...
Selecting previously unselected package libxi6:amd64.
Unpacking libxi6:amd64 (from .../libxi6_2%3a1.6.1-1_amd64.deb) ...
Selecting previously unselected package libxinerama1:amd64.
Unpacking libxinerama1:amd64 (from .../libxinerama1_2%3a1.1.2-1_amd64.deb) ...
Selecting previously unselected package libxrandr2:amd64.
Unpacking libxrandr2:amd64 (from .../libxrandr2_2%3a1.3.2-2_amd64.deb) ...
Selecting previously unselected package shared-mime-info.
Unpacking shared-mime-info (from .../shared-mime-info_1.0-1+b1_amd64.deb) ...
Selecting previously unselected package libgtk2.0-0:amd64.
Unpacking libgtk2.0-0:amd64 (from .../libgtk2.0-0_2.24.10-2_amd64.deb) ...
Selecting previously unselected package libatk-wrapper-java.
Unpacking libatk-wrapper-java (from .../libatk-wrapper-java_0.30.4-2_all.deb) ...
Selecting previously unselected package libatk-wrapper-java-jni:amd64.
Unpacking libatk-wrapper-java-jni:amd64 (from .../libatk-wrapper-java-jni_0.30.4-2_amd64.deb) ...
Selecting previously unselected package libcroco3:amd64.
Unpacking libcroco3:amd64 (from .../libcroco3_0.6.6-2_amd64.deb) ...
Selecting previously unselected package libogg0:amd64.
Unpacking libogg0:amd64 (from .../libogg0_1.3.0-4_amd64.deb) ...
Selecting previously unselected package libflac8:amd64.
Unpacking libflac8:amd64 (from .../libflac8_1.2.1-6_amd64.deb) ...
Selecting previously unselected package libunistring0:amd64.
Unpacking libunistring0:amd64 (from .../libunistring0_0.9.3-5_amd64.deb) ...
Selecting previously unselected package libgettextpo0:amd64.
Unpacking libgettextpo0:amd64 (from .../libgettextpo0_0.18.1.1-10_amd64.deb) ...
Selecting previously unselected package x11-common.
Unpacking x11-common (from .../x11-common_1%3a7.7+1_all.deb) ...
Selecting previously unselected package libice6:amd64.
Unpacking libice6:amd64 (from .../libice6_2%3a1.0.8-2_amd64.deb) ...
Selecting previously unselected package libnspr4:amd64.
Unpacking libnspr4:amd64 (from .../libnspr4_2%3a4.9.4-2_amd64.deb) ...
Selecting previously unselected package libnss3:amd64.
Unpacking libnss3:amd64 (from .../libnss3_2%3a3.14.1.with.ckbi.1.93-1_amd64.deb) ...
Selecting previously unselected package libpcsclite1:amd64.
Unpacking libpcsclite1:amd64 (from .../libpcsclite1_1.8.8-1_amd64.deb) ...
Selecting previously unselected package libjson0:amd64.
Unpacking libjson0:amd64 (from .../libjson0_0.10-1.2_amd64.deb) ...
Selecting previously unselected package libsm6:amd64.
Unpacking libsm6:amd64 (from .../libsm6_2%3a1.2.1-2_amd64.deb) ...
Selecting previously unselected package libvorbis0a:amd64.
Unpacking libvorbis0a:amd64 (from .../libvorbis0a_1.3.2-1.3_amd64.deb) ...
Selecting previously unselected package libvorbisenc2:amd64.
Unpacking libvorbisenc2:amd64 (from .../libvorbisenc2_1.3.2-1.3_amd64.deb) ...
Selecting previously unselected package libsndfile1:amd64.
Unpacking libsndfile1:amd64 (from .../libsndfile1_1.0.25-5_amd64.deb) ...
Selecting previously unselected package libx11-xcb1:amd64.
Unpacking libx11-xcb1:amd64 (from .../libx11-xcb1_2%3a1.5.0-1_amd64.deb) ...
Selecting previously unselected package libxtst6:amd64.
Unpacking libxtst6:amd64 (from .../libxtst6_2%3a1.2.1-1_amd64.deb) ...
Selecting previously unselected package libpulse0:amd64.
Unpacking libpulse0:amd64 (from .../libpulse0_2.0-6_amd64.deb) ...
Selecting previously unselected package libxt6:amd64.
Unpacking libxt6:amd64 (from .../libxt6_1%3a1.1.3-1_amd64.deb) ...
Selecting previously unselected package libxmu6:amd64.
Unpacking libxmu6:amd64 (from .../libxmu6_2%3a1.1.1-1_amd64.deb) ...
Selecting previously unselected package libxpm4:amd64.
Unpacking libxpm4:amd64 (from .../libxpm4_1%3a3.5.10-1_amd64.deb) ...
Selecting previously unselected package libxaw7:amd64.
Unpacking libxaw7:amd64 (from .../libxaw7_2%3a1.0.10-2_amd64.deb) ...
Selecting previously unselected package openjdk-6-jre-lib.
Unpacking openjdk-6-jre-lib (from .../openjdk-6-jre-lib_6b24-1.11.5-1_all.deb) ...
Selecting previously unselected package openssl.
Unpacking openssl (from .../openssl_1.0.1c-4_amd64.deb) ...
Selecting previously unselected package ca-certificates.
Unpacking ca-certificates (from .../ca-certificates_20130119_all.deb) ...
Selecting previously unselected package java-common.
Unpacking java-common (from .../java-common_0.47_all.deb) ...
Selecting previously unselected package default-jre-headless.
Unpacking default-jre-headless (from .../default-jre-headless_1%3a1.6-47_amd64.deb) ...
Selecting previously unselected package ca-certificates-java.
Unpacking ca-certificates-java (from .../ca-certificates-java_20121112+nmu1_all.deb) ...
Selecting previously unselected package tzdata-java.
Unpacking tzdata-java (from .../tzdata-java_2012j-1_all.deb) ...
Selecting previously unselected package libnss3-1d:amd64.
Unpacking libnss3-1d:amd64 (from .../libnss3-1d_2%3a3.14.1.with.ckbi.1.93-1_amd64.deb) ...
Selecting previously unselected package openjdk-6-jre-headless:amd64.
Unpacking openjdk-6-jre-headless:amd64 (from .../openjdk-6-jre-headless_6b24-1.11.5-1_amd64.deb) ...
Selecting previously unselected package file.
Unpacking file (from .../archives/file_5.11-2_amd64.deb) ...
Selecting previously unselected package gettext-base.
Unpacking gettext-base (from .../gettext-base_0.18.1.1-10_amd64.deb) ...
Selecting previously unselected package html2text.
Unpacking html2text (from .../html2text_1.3.2a-15_amd64.deb) ...
Selecting previously unselected package libasprintf-dev:amd64.
Unpacking libasprintf-dev:amd64 (from .../libasprintf-dev_0.18.1.1-10_amd64.deb) ...
Selecting previously unselected package libgettextpo-dev:amd64.
Unpacking libgettextpo-dev:amd64 (from .../libgettextpo-dev_0.18.1.1-10_amd64.deb) ...
Selecting previously unselected package gettext.
Unpacking gettext (from .../gettext_0.18.1.1-10_amd64.deb) ...
Selecting previously unselected package intltool-debian.
Unpacking intltool-debian (from .../intltool-debian_0.35.0+20060710.1_all.deb) ...
Selecting previously unselected package po-debconf.
Unpacking po-debconf (from .../po-debconf_1.0.16+nmu2_all.deb) ...
Selecting previously unselected package debhelper.
Unpacking debhelper (from .../debhelper_9.20120909_all.deb) ...
Selecting previously unselected package libgif4.
Unpacking libgif4 (from .../libgif4_4.1.6-10_amd64.deb) ...
Selecting previously unselected package openjdk-6-jre:amd64.
Unpacking openjdk-6-jre:amd64 (from .../openjdk-6-jre_6b24-1.11.5-1_amd64.deb) ...
Selecting previously unselected package default-jre.
Unpacking default-jre (from .../default-jre_1%3a1.6-47_amd64.deb) ...
Selecting previously unselected package openjdk-6-jdk:amd64.
Unpacking openjdk-6-jdk:amd64 (from .../openjdk-6-jdk_6b24-1.11.5-1_amd64.deb) ...
Selecting previously unselected package default-jdk.
Unpacking default-jdk (from .../default-jdk_1%3a1.6-47_amd64.deb) ...
Selecting previously unselected package xorg-sgml-doctools.
Unpacking xorg-sgml-doctools (from .../xorg-sgml-doctools_1%3a1.10-1_all.deb) ...
Selecting previously unselected package x11proto-core-dev.
Unpacking x11proto-core-dev (from .../x11proto-core-dev_7.0.23-1_all.deb) ...
Selecting previously unselected package libice-dev:amd64.
Unpacking libice-dev:amd64 (from .../libice-dev_2%3a1.0.8-2_amd64.deb) ...
Selecting previously unselected package libjpeg8-dev:amd64.
Unpacking libjpeg8-dev:amd64 (from .../libjpeg8-dev_8d-1_amd64.deb) ...
Selecting previously unselected package libpthread-stubs0:amd64.
Unpacking libpthread-stubs0:amd64 (from .../libpthread-stubs0_0.3-3_amd64.deb) ...
Selecting previously unselected package libpthread-stubs0-dev:amd64.
Unpacking libpthread-stubs0-dev:amd64 (from .../libpthread-stubs0-dev_0.3-3_amd64.deb) ...
Selecting previously unselected package libsm-dev:amd64.
Unpacking libsm-dev:amd64 (from .../libsm-dev_2%3a1.2.1-2_amd64.deb) ...
Selecting previously unselected package zlib1g-dev:amd64.
Unpacking zlib1g-dev:amd64 (from .../zlib1g-dev_1%3a1.2.7.dfsg-13_amd64.deb) ...
Selecting previously unselected package libssl-dev.
Unpacking libssl-dev (from .../libssl-dev_1.0.1c-4_amd64.deb) ...
Selecting previously unselected package libxau-dev:amd64.
Unpacking libxau-dev:amd64 (from .../libxau-dev_1%3a1.0.7-1_amd64.deb) ...
Selecting previously unselected package libxdmcp-dev:amd64.
Unpacking libxdmcp-dev:amd64 (from .../libxdmcp-dev_1%3a1.1.1-1_amd64.deb) ...
Selecting previously unselected package x11proto-input-dev.
Unpacking x11proto-input-dev (from .../x11proto-input-dev_2.2-1_all.deb) ...
Selecting previously unselected package x11proto-kb-dev.
Unpacking x11proto-kb-dev (from .../x11proto-kb-dev_1.0.6-2_all.deb) ...
Selecting previously unselected package xtrans-dev.
Unpacking xtrans-dev (from .../xtrans-dev_1.2.7-1_all.deb) ...
Selecting previously unselected package libxcb1-dev:amd64.
Unpacking libxcb1-dev:amd64 (from .../libxcb1-dev_1.8.1-2_amd64.deb) ...
Selecting previously unselected package libx11-dev:amd64.
Unpacking libx11-dev:amd64 (from .../libx11-dev_2%3a1.5.0-1_amd64.deb) ...
Selecting previously unselected package x11proto-xext-dev.
Unpacking x11proto-xext-dev (from .../x11proto-xext-dev_7.2.1-1_all.deb) ...
Selecting previously unselected package libxext-dev:amd64.
Unpacking libxext-dev:amd64 (from .../libxext-dev_2%3a1.3.1-2_amd64.deb) ...
Selecting previously unselected package libxt-dev:amd64.
Unpacking libxt-dev:amd64 (from .../libxt-dev_1%3a1.1.3-1_amd64.deb) ...
Selecting previously unselected package libxmu-headers.
Unpacking libxmu-headers (from .../libxmu-headers_2%3a1.1.1-1_all.deb) ...
Selecting previously unselected package libxmu-dev:amd64.
Unpacking libxmu-dev:amd64 (from .../libxmu-dev_2%3a1.1.1-1_amd64.deb) ...
Selecting previously unselected package libxpm-dev:amd64.
Unpacking libxpm-dev:amd64 (from .../libxpm-dev_1%3a3.5.10-1_amd64.deb) ...
Selecting previously unselected package libxaw7-dev:amd64.
Unpacking libxaw7-dev:amd64 (from .../libxaw7-dev_2%3a1.0.10-2_amd64.deb) ...
Selecting previously unselected package xutils-dev.
Unpacking xutils-dev (from .../xutils-dev_1%3a7.7~1_amd64.deb) ...
Selecting previously unselected package sbuild-build-depends-ssvnc-dummy.
Unpacking sbuild-build-depends-ssvnc-dummy (from .../sbuild-build-depends-ssvnc-dummy.deb) ...
Processing triggers for mime-support ...
Setting up libpipeline1:amd64 (1.2.2-1) ...
Setting up groff-base (1.22.1-2) ...
Setting up bsdmainutils (9.0.4) ...
update-alternatives: using /usr/bin/bsd-write to provide /usr/bin/write (write) in auto mode
update-alternatives: using /usr/bin/bsd-from to provide /usr/bin/from (from) in auto mode
Setting up man-db (2.6.3-3) ...
Building database of manual pages ...
Setting up libasprintf0c2:amd64 (0.18.1.1-10) ...
Setting up libcap2:amd64 (1:2.22-1.2) ...
Setting up libgpg-error0:amd64 (1.10-3.1) ...
Setting up libgcrypt11:amd64 (1.5.0-3) ...
Setting up libp11-kit0:amd64 (0.12-3) ...
Setting up libtasn1-3:amd64 (2.13-2) ...
Setting up libgnutls26:amd64 (2.12.20-3) ...
Setting up libkeyutils1:amd64 (1.5.5-4) ...
Setting up libkrb5support0:amd64 (1.10.1+dfsg-3) ...
Setting up libk5crypto3:amd64 (1.10.1+dfsg-3) ...
Setting up libkrb5-3:amd64 (1.10.1+dfsg-3) ...
Setting up libgssapi-krb5-2:amd64 (1.10.1+dfsg-3) ...
Setting up libmagic1:amd64 (5.11-2) ...
Setting up libpcre3:amd64 (1:8.31-2) ...
Setting up libwrap0:amd64 (7.6.q-24) ...
Setting up libxml2:amd64 (2.8.0+dfsg1-7) ...
Setting up libasound2:amd64 (1.0.25-4) ...
Setting up libasyncns0:amd64 (0.8-4) ...
Setting up libglib2.0-0:amd64 (2.33.12+really2.32.4-5) ...
No schema files found: doing nothing.
Setting up libatk1.0-data (2.4.0-2) ...
Setting up libatk1.0-0:amd64 (2.4.0-2) ...
Setting up libfreetype6:amd64 (2.4.9-1.1) ...
Setting up ttf-dejavu-core (2.33-3) ...
Setting up fontconfig-config (2.9.0-7.1) ...
Setting up libfontconfig1:amd64 (2.9.0-7.1) ...
Setting up libpixman-1-0:amd64 (0.26.0-3) ...
Setting up libpng12-0:amd64 (1.2.49-3) ...
Setting up libxau6:amd64 (1:1.0.7-1) ...
Setting up libxdmcp6:amd64 (1:1.1.1-1) ...
Setting up libxcb1:amd64 (1.8.1-2) ...
Setting up libx11-data (2:1.5.0-1) ...
Setting up libx11-6:amd64 (2:1.5.0-1) ...
Setting up libxcb-render0:amd64 (1.8.1-2) ...
Setting up libxcb-shm0:amd64 (1.8.1-2) ...
Setting up libxrender1:amd64 (1:0.9.7-1) ...
Setting up libcairo2:amd64 (1.12.2-2.1) ...
Setting up libjpeg8:amd64 (8d-1) ...
Setting up libjasper1:amd64 (1.900.1-14) ...
Setting up libjbig0:amd64 (2.0-2) ...
Setting up libtiff4:amd64 (3.9.6-11) ...
Setting up libgdk-pixbuf2.0-common (2.26.1-1) ...
Setting up libgdk-pixbuf2.0-0:amd64 (2.26.1-1) ...
Setting up libgtk2.0-common (2.24.10-2) ...
Setting up libavahi-common-data:amd64 (0.6.31-1) ...
Setting up libavahi-common3:amd64 (0.6.31-1) ...
Setting up libdbus-1-3:amd64 (1.6.8-1) ...
Setting up libavahi-client3:amd64 (0.6.31-1) ...
Setting up libcups2:amd64 (1.5.3-2.14) ...
Setting up libthai-data (0.1.18-2) ...
Setting up libdatrie1:amd64 (0.2.5-3) ...
Setting up libthai0:amd64 (0.1.18-2) ...
Setting up libxft2:amd64 (2.3.1-1) ...
Setting up fontconfig (2.9.0-7.1) ...
Regenerating fonts cache... done.
Setting up libpango1.0-0:amd64 (1.30.0-1) ...
Setting up libxcomposite1:amd64 (1:0.4.3-2) ...
Setting up libxfixes3:amd64 (1:5.0-4) ...
Setting up libxcursor1:amd64 (1:1.1.13-1) ...
Setting up libxdamage1:amd64 (1:1.1.3-2) ...
Setting up libxext6:amd64 (2:1.3.1-2) ...
Setting up libxi6:amd64 (2:1.6.1-1) ...
Setting up libxinerama1:amd64 (2:1.1.2-1) ...
Setting up libxrandr2:amd64 (2:1.3.2-2) ...
Setting up shared-mime-info (1.0-1+b1) ...
Setting up libgtk2.0-0:amd64 (2.24.10-2) ...
Setting up libatk-wrapper-java (0.30.4-2) ...
Setting up libatk-wrapper-java-jni:amd64 (0.30.4-2) ...
Setting up libcroco3:amd64 (0.6.6-2) ...
Setting up libogg0:amd64 (1.3.0-4) ...
Setting up libflac8:amd64 (1.2.1-6) ...
Setting up libunistring0:amd64 (0.9.3-5) ...
Setting up libgettextpo0:amd64 (0.18.1.1-10) ...
Setting up x11-common (1:7.7+1) ...
All runlevel operations denied by policy
invoke-rc.d: policy-rc.d denied execution of start.
Setting up libice6:amd64 (2:1.0.8-2) ...
Setting up libnspr4:amd64 (2:4.9.4-2) ...
Setting up libnss3:amd64 (2:3.14.1.with.ckbi.1.93-1) ...
Setting up libpcsclite1:amd64 (1.8.8-1) ...
Setting up libjson0:amd64 (0.10-1.2) ...
Setting up libsm6:amd64 (2:1.2.1-2) ...
Setting up libvorbis0a:amd64 (1.3.2-1.3) ...
Setting up libvorbisenc2:amd64 (1.3.2-1.3) ...
Setting up libsndfile1:amd64 (1.0.25-5) ...
Setting up libx11-xcb1:amd64 (2:1.5.0-1) ...
Setting up libxtst6:amd64 (2:1.2.1-1) ...
Setting up libpulse0:amd64 (2.0-6) ...
Setting up libxt6:amd64 (1:1.1.3-1) ...
Setting up libxmu6:amd64 (2:1.1.1-1) ...
Setting up libxpm4:amd64 (1:3.5.10-1) ...
Setting up libxaw7:amd64 (2:1.0.10-2) ...
Setting up openssl (1.0.1c-4) ...
Setting up ca-certificates (20130119) ...
Setting up java-common (0.47) ...
Setting up tzdata-java (2012j-1) ...
Setting up libnss3-1d:amd64 (2:3.14.1.with.ckbi.1.93-1) ...
Setting up file (5.11-2) ...
Setting up gettext-base (0.18.1.1-10) ...
Setting up html2text (1.3.2a-15) ...
Setting up libasprintf-dev:amd64 (0.18.1.1-10) ...
Setting up libgettextpo-dev:amd64 (0.18.1.1-10) ...
Setting up gettext (0.18.1.1-10) ...
Setting up intltool-debian (0.35.0+20060710.1) ...
Setting up po-debconf (1.0.16+nmu2) ...
Setting up debhelper (9.20120909) ...
Setting up libgif4 (4.1.6-10) ...
Setting up xorg-sgml-doctools (1:1.10-1) ...
Setting up x11proto-core-dev (7.0.23-1) ...
Setting up libice-dev:amd64 (2:1.0.8-2) ...
Setting up libjpeg8-dev:amd64 (8d-1) ...
Setting up libpthread-stubs0:amd64 (0.3-3) ...
Setting up libpthread-stubs0-dev:amd64 (0.3-3) ...
Setting up libsm-dev:amd64 (2:1.2.1-2) ...
Setting up zlib1g-dev:amd64 (1:1.2.7.dfsg-13) ...
Setting up libssl-dev (1.0.1c-4) ...
Setting up libxau-dev:amd64 (1:1.0.7-1) ...
Setting up libxdmcp-dev:amd64 (1:1.1.1-1) ...
Setting up x11proto-input-dev (2.2-1) ...
Setting up x11proto-kb-dev (1.0.6-2) ...
Setting up xtrans-dev (1.2.7-1) ...
Setting up libxcb1-dev:amd64 (1.8.1-2) ...
Setting up libx11-dev:amd64 (2:1.5.0-1) ...
Setting up x11proto-xext-dev (7.2.1-1) ...
Setting up libxext-dev:amd64 (2:1.3.1-2) ...
Setting up libxt-dev:amd64 (1:1.1.3-1) ...
Setting up libxmu-headers (2:1.1.1-1) ...
Setting up libxmu-dev:amd64 (2:1.1.1-1) ...
Setting up libxpm-dev:amd64 (1:3.5.10-1) ...
Setting up libxaw7-dev:amd64 (2:1.0.10-2) ...
Setting up xutils-dev (1:7.7~1) ...
Setting up openjdk-6-jre-headless:amd64 (6b24-1.11.5-1) ...
update-alternatives: using /usr/lib/jvm/java-6-openjdk-amd64/jre/bin/java to provide /usr/bin/java (java) in auto mode
update-alternatives: using /usr/lib/jvm/java-6-openjdk-amd64/jre/bin/keytool to provide /usr/bin/keytool (keytool) in auto mode
update-alternatives: using /usr/lib/jvm/java-6-openjdk-amd64/jre/bin/pack200 to provide /usr/bin/pack200 (pack200) in auto mode
update-alternatives: using /usr/lib/jvm/java-6-openjdk-amd64/jre/bin/rmid to provide /usr/bin/rmid (rmid) in auto mode
update-alternatives: using /usr/lib/jvm/java-6-openjdk-amd64/jre/bin/rmiregistry to provide /usr/bin/rmiregistry (rmiregistry) in auto mode
update-alternatives: using /usr/lib/jvm/java-6-openjdk-amd64/jre/bin/unpack200 to provide /usr/bin/unpack200 (unpack200) in auto mode
update-alternatives: using /usr/lib/jvm/java-6-openjdk-amd64/jre/bin/orbd to provide /usr/bin/orbd (orbd) in auto mode
update-alternatives: using /usr/lib/jvm/java-6-openjdk-amd64/jre/bin/servertool to provide /usr/bin/servertool (servertool) in auto mode
update-alternatives: using /usr/lib/jvm/java-6-openjdk-amd64/jre/bin/tnameserv to provide /usr/bin/tnameserv (tnameserv) in auto mode
update-alternatives: using /usr/lib/jvm/java-6-openjdk-amd64/jre/lib/jexec to provide /usr/bin/jexec (jexec) in auto mode
Setting up default-jre-headless (1:1.6-47) ...
Setting up openjdk-6-jre:amd64 (6b24-1.11.5-1) ...
update-alternatives: using /usr/lib/jvm/java-6-openjdk-amd64/jre/bin/policytool to provide /usr/bin/policytool (policytool) in auto mode
Setting up default-jre (1:1.6-47) ...
Setting up openjdk-6-jdk:amd64 (6b24-1.11.5-1) ...
update-alternatives: using /usr/lib/jvm/java-6-openjdk-amd64/bin/appletviewer to provide /usr/bin/appletviewer (appletviewer) in auto mode
update-alternatives: using /usr/lib/jvm/java-6-openjdk-amd64/bin/extcheck to provide /usr/bin/extcheck (extcheck) in auto mode
update-alternatives: using /usr/lib/jvm/java-6-openjdk-amd64/bin/idlj to provide /usr/bin/idlj (idlj) in auto mode
update-alternatives: using /usr/lib/jvm/java-6-openjdk-amd64/bin/jar to provide /usr/bin/jar (jar) in auto mode
update-alternatives: using /usr/lib/jvm/java-6-openjdk-amd64/bin/jarsigner to provide /usr/bin/jarsigner (jarsigner) in auto mode
update-alternatives: using /usr/lib/jvm/java-6-openjdk-amd64/bin/javac to provide /usr/bin/javac (javac) in auto mode
update-alternatives: using /usr/lib/jvm/java-6-openjdk-amd64/bin/javadoc to provide /usr/bin/javadoc (javadoc) in auto mode
update-alternatives: using /usr/lib/jvm/java-6-openjdk-amd64/bin/javah to provide /usr/bin/javah (javah) in auto mode
update-alternatives: using /usr/lib/jvm/java-6-openjdk-amd64/bin/javap to provide /usr/bin/javap (javap) in auto mode
update-alternatives: using /usr/lib/jvm/java-6-openjdk-amd64/bin/jconsole to provide /usr/bin/jconsole (jconsole) in auto mode
update-alternatives: using /usr/lib/jvm/java-6-openjdk-amd64/bin/jdb to provide /usr/bin/jdb (jdb) in auto mode
update-alternatives: using /usr/lib/jvm/java-6-openjdk-amd64/bin/jhat to provide /usr/bin/jhat (jhat) in auto mode
update-alternatives: using /usr/lib/jvm/java-6-openjdk-amd64/bin/jinfo to provide /usr/bin/jinfo (jinfo) in auto mode
update-alternatives: using /usr/lib/jvm/java-6-openjdk-amd64/bin/jmap to provide /usr/bin/jmap (jmap) in auto mode
update-alternatives: using /usr/lib/jvm/java-6-openjdk-amd64/bin/jps to provide /usr/bin/jps (jps) in auto mode
update-alternatives: using /usr/lib/jvm/java-6-openjdk-amd64/bin/jrunscript to provide /usr/bin/jrunscript (jrunscript) in auto mode
update-alternatives: using /usr/lib/jvm/java-6-openjdk-amd64/bin/jsadebugd to provide /usr/bin/jsadebugd (jsadebugd) in auto mode
update-alternatives: using /usr/lib/jvm/java-6-openjdk-amd64/bin/jstack to provide /usr/bin/jstack (jstack) in auto mode
update-alternatives: using /usr/lib/jvm/java-6-openjdk-amd64/bin/jstat to provide /usr/bin/jstat (jstat) in auto mode
update-alternatives: using /usr/lib/jvm/java-6-openjdk-amd64/bin/jstatd to provide /usr/bin/jstatd (jstatd) in auto mode
update-alternatives: using /usr/lib/jvm/java-6-openjdk-amd64/bin/native2ascii to provide /usr/bin/native2ascii (native2ascii) in auto mode
update-alternatives: using /usr/lib/jvm/java-6-openjdk-amd64/bin/rmic to provide /usr/bin/rmic (rmic) in auto mode
update-alternatives: using /usr/lib/jvm/java-6-openjdk-amd64/bin/schemagen to provide /usr/bin/schemagen (schemagen) in auto mode
update-alternatives: using /usr/lib/jvm/java-6-openjdk-amd64/bin/serialver to provide /usr/bin/serialver (serialver) in auto mode
update-alternatives: using /usr/lib/jvm/java-6-openjdk-amd64/bin/wsgen to provide /usr/bin/wsgen (wsgen) in auto mode
update-alternatives: using /usr/lib/jvm/java-6-openjdk-amd64/bin/wsimport to provide /usr/bin/wsimport (wsimport) in auto mode
update-alternatives: using /usr/lib/jvm/java-6-openjdk-amd64/bin/xjc to provide /usr/bin/xjc (xjc) in auto mode
Setting up default-jdk (1:1.6-47) ...
Setting up sbuild-build-depends-ssvnc-dummy (0.invalid.0) ...
Setting up ca-certificates-java (20121112+nmu1) ...
done.
Setting up openjdk-6-jre-lib (6b24-1.11.5-1) ...
Processing triggers for ca-certificates ...
Updating certificates in /etc/ssl/certs... 158 added, 0 removed; done.
Running hooks in /etc/ca-certificates/update.d....
Adding debian:cacert.org.pem
Adding debian:ca.pem
Adding debian:A-Trust-nQual-03.pem
Adding debian:ACEDICOM_Root.pem
Adding debian:AC_Raíz_Certicámara_S.A..pem
Adding debian:Actalis_Authentication_Root_CA.pem
Adding debian:AddTrust_External_Root.pem
Adding debian:AddTrust_Low-Value_Services_Root.pem
Adding debian:AddTrust_Public_Services_Root.pem
Adding debian:AddTrust_Qualified_Certificates_Root.pem
Adding debian:AffirmTrust_Commercial.pem
Adding debian:AffirmTrust_Networking.pem
Adding debian:AffirmTrust_Premium.pem
Adding debian:AffirmTrust_Premium_ECC.pem
Adding debian:America_Online_Root_Certification_Authority_1.pem
Adding debian:America_Online_Root_Certification_Authority_2.pem
Adding debian:ApplicationCA_-_Japanese_Government.pem
Adding debian:Autoridad_de_Certificacion_Firmaprofesional_CIF_A62634068.pem
Adding debian:Baltimore_CyberTrust_Root.pem
Adding debian:Buypass_Class_2_CA_1.pem
Adding debian:Buypass_Class_2_Root_CA.pem
Adding debian:Buypass_Class_3_CA_1.pem
Adding debian:Buypass_Class_3_Root_CA.pem
Adding debian:CA_Disig.pem
Adding debian:CNNIC_ROOT.pem
Adding debian:COMODO_Certification_Authority.pem
Adding debian:COMODO_ECC_Certification_Authority.pem
Adding debian:Camerfirma_Chambers_of_Commerce_Root.pem
Adding debian:Camerfirma_Global_Chambersign_Root.pem
Adding debian:Certigna.pem
Adding debian:Certinomis_-_Autorité_Racine.pem
Adding debian:Certplus_Class_2_Primary_CA.pem
Adding debian:Certum_Root_CA.pem
Adding debian:Certum_Trusted_Network_CA.pem
Adding debian:Chambers_of_Commerce_Root_-_2008.pem
Adding debian:ComSign_CA.pem
Adding debian:ComSign_Secured_CA.pem
Adding debian:Comodo_AAA_Services_root.pem
Adding debian:Comodo_Secure_Services_root.pem
Adding debian:Comodo_Trusted_Services_root.pem
Adding debian:Cybertrust_Global_Root.pem
Adding debian:DST_ACES_CA_X6.pem
Adding debian:DST_Root_CA_X3.pem
Adding debian:Deutsche_Telekom_Root_CA_2.pem
Adding debian:DigiCert_Assured_ID_Root_CA.pem
Adding debian:DigiCert_Global_Root_CA.pem
Adding debian:DigiCert_High_Assurance_EV_Root_CA.pem
Adding debian:Digital_Signature_Trust_Co._Global_CA_1.pem
Adding debian:Digital_Signature_Trust_Co._Global_CA_3.pem
Adding debian:E-Guven_Kok_Elektronik_Sertifika_Hizmet_Saglayicisi.pem
Adding debian:EBG_Elektronik_Sertifika_Hizmet_Sağlayıcısı.pem
Adding debian:EC-ACC.pem
Adding debian:EE_Certification_Centre_Root_CA.pem
Adding debian:Entrust.net_Premium_2048_Secure_Server_CA.pem
Adding debian:Entrust.net_Secure_Server_CA.pem
Adding debian:Entrust_Root_Certification_Authority.pem
Adding debian:Equifax_Secure_CA.pem
Adding debian:Equifax_Secure_Global_eBusiness_CA.pem
Adding debian:Equifax_Secure_eBusiness_CA_1.pem
Adding debian:Equifax_Secure_eBusiness_CA_2.pem
Adding debian:Firmaprofesional_Root_CA.pem
Adding debian:GTE_CyberTrust_Global_Root.pem
Adding debian:GeoTrust_Global_CA.pem
Adding debian:GeoTrust_Global_CA_2.pem
Adding debian:GeoTrust_Primary_Certification_Authority.pem
Adding debian:GeoTrust_Primary_Certification_Authority_-_G2.pem
Adding debian:GeoTrust_Primary_Certification_Authority_-_G3.pem
Adding debian:GeoTrust_Universal_CA.pem
Adding debian:GeoTrust_Universal_CA_2.pem
Adding debian:GlobalSign_Root_CA.pem
Adding debian:GlobalSign_Root_CA_-_R2.pem
Adding debian:GlobalSign_Root_CA_-_R3.pem
Adding debian:Global_Chambersign_Root_-_2008.pem
Adding debian:Go_Daddy_Class_2_CA.pem
Adding debian:Go_Daddy_Root_Certificate_Authority_-_G2.pem
Adding debian:Hellenic_Academic_and_Research_Institutions_RootCA_2011.pem
Adding debian:Hongkong_Post_Root_CA_1.pem
Adding debian:IGC_A.pem
Adding debian:Izenpe.com.pem
Adding debian:Juur-SK.pem
Adding debian:Microsec_e-Szigno_Root_CA.pem
Adding debian:Microsec_e-Szigno_Root_CA_2009.pem
Adding debian:NetLock_Arany_=Class_Gold=_Főtanúsítvány.pem
Adding debian:NetLock_Business_=Class_B=_Root.pem
Adding debian:NetLock_Express_=Class_C=_Root.pem
Adding debian:NetLock_Notary_=Class_A=_Root.pem
Adding debian:NetLock_Qualified_=Class_QA=_Root.pem
Adding debian:Network_Solutions_Certificate_Authority.pem
Adding debian:OISTE_WISeKey_Global_Root_GA_CA.pem
Adding debian:QuoVadis_Root_CA.pem
Adding debian:QuoVadis_Root_CA_2.pem
Adding debian:QuoVadis_Root_CA_3.pem
Adding debian:RSA_Root_Certificate_1.pem
Adding debian:RSA_Security_2048_v3.pem
Adding debian:Root_CA_Generalitat_Valenciana.pem
Adding debian:S-TRUST_Authentication_and_Encryption_Root_CA_2005_PN.pem
Adding debian:SecureSign_RootCA11.pem
Adding debian:SecureTrust_CA.pem
Adding debian:Secure_Global_CA.pem
Adding debian:Security_Communication_EV_RootCA1.pem
Adding debian:Security_Communication_RootCA2.pem
Adding debian:Security_Communication_Root_CA.pem
Adding debian:Sonera_Class_1_Root_CA.pem
Adding debian:Sonera_Class_2_Root_CA.pem
Adding debian:Staat_der_Nederlanden_Root_CA.pem
Adding debian:Staat_der_Nederlanden_Root_CA_-_G2.pem
Adding debian:Starfield_Class_2_CA.pem
Adding debian:Starfield_Root_Certificate_Authority_-_G2.pem
Adding debian:Starfield_Services_Root_Certificate_Authority_-_G2.pem
Adding debian:StartCom_Certification_Authority.pem
Adding debian:StartCom_Certification_Authority_G2.pem
Adding debian:SwissSign_Gold_CA_-_G2.pem
Adding debian:SwissSign_Platinum_CA_-_G2.pem
Adding debian:SwissSign_Silver_CA_-_G2.pem
Adding debian:Swisscom_Root_CA_1.pem
Adding debian:T-TeleSec_GlobalRoot_Class_3.pem
Adding debian:TC_TrustCenter_Class_2_CA_II.pem
Adding debian:TC_TrustCenter_Class_3_CA_II.pem
Adding debian:TC_TrustCenter_Universal_CA_I.pem
Adding debian:TC_TrustCenter_Universal_CA_III.pem
Adding debian:TDC_Internet_Root_CA.pem
Adding debian:TDC_OCES_Root_CA.pem
Adding debian:TURKTRUST_Certificate_Services_Provider_Root_1.pem
Adding debian:TURKTRUST_Certificate_Services_Provider_Root_2.pem
Adding debian:TWCA_Root_Certification_Authority.pem
Adding debian:Taiwan_GRCA.pem
Adding debian:Thawte_Premium_Server_CA.pem
Adding debian:Thawte_Server_CA.pem
Adding debian:Trustis_FPS_Root_CA.pem
Adding debian:TÜBİTAK_UEKAE_Kök_Sertifika_Hizmet_Sağlayıcısı_-_Sürüm_3.pem
Adding debian:UTN_DATACorp_SGC_Root_CA.pem
Adding debian:UTN_USERFirst_Email_Root_CA.pem
Adding debian:UTN_USERFirst_Hardware_Root_CA.pem
Adding debian:ValiCert_Class_1_VA.pem
Adding debian:ValiCert_Class_2_VA.pem
Adding debian:VeriSign_Class_3_Public_Primary_Certification_Authority_-_G4.pem
Adding debian:VeriSign_Class_3_Public_Primary_Certification_Authority_-_G5.pem
Adding debian:VeriSign_Universal_Root_Certification_Authority.pem
Adding debian:Verisign_Class_1_Public_Primary_Certification_Authority.pem
Adding debian:Verisign_Class_1_Public_Primary_Certification_Authority_-_G2.pem
Adding debian:Verisign_Class_1_Public_Primary_Certification_Authority_-_G3.pem
Adding debian:Verisign_Class_2_Public_Primary_Certification_Authority_-_G2.pem
Adding debian:Verisign_Class_2_Public_Primary_Certification_Authority_-_G3.pem
Adding debian:Verisign_Class_3_Public_Primary_Certification_Authority.pem
Adding debian:Verisign_Class_3_Public_Primary_Certification_Authority_-_G2.pem
Adding debian:Verisign_Class_3_Public_Primary_Certification_Authority_-_G3.pem
Adding debian:Verisign_Class_4_Public_Primary_Certification_Authority_-_G3.pem
Adding debian:Visa_eCommerce_Root.pem
Adding debian:WellsSecure_Public_Root_Certificate_Authority.pem
Adding debian:Wells_Fargo_Root_CA.pem
Adding debian:XRamp_Global_CA_Root.pem
Adding debian:certSIGN_ROOT_CA.pem
Adding debian:ePKI_Root_Certification_Authority.pem
Adding debian:thawte_Primary_Root_CA.pem
Adding debian:thawte_Primary_Root_CA_-_G2.pem
Adding debian:thawte_Primary_Root_CA_-_G3.pem
Adding debian:spi-ca-2003.pem
Adding debian:spi-cacert-2008.pem
done.
done.

┌──────────────────────────────────────────────────────────────────────────────┐
│ Build environment                                                            │
└──────────────────────────────────────────────────────────────────────────────┘

Kernel: Linux 2.6.32-5-xen-amd64 amd64 (x86_64)
Toolchain package versions: binutils_2.22-7.1 dpkg-dev_1.16.9 g++-4.6_4.6.3-15 g++-4.7_4.7.2-19 gcc-4.6_4.6.3-15 gcc-4.7_4.7.2-19 libc6-dev_2.16-0experimental1 libstdc++6_4.8-20130127-1 libstdc++6-4.6-dev_4.6.3-15 libstdc++6-4.7-dev_4.7.2-19 linux-libc-dev_3.2.35-2
Package versions: apt_0.9.7.7 base-files_7.1 base-passwd_3.5.26 bash_4.2+dfsg-0.1 binutils_2.22-7.1 bsdmainutils_9.0.4 bsdutils_1:2.20.1-5.3 build-essential_11.6 bzip2_1.0.6-4 ca-certificates_20130119 ca-certificates-java_20121112+nmu1 clang_3.2-1~exp5 clang-3.2_3.2-1~exp5 compiler-rt_3.2-1~exp5 coreutils_8.20-3 cpp_4:4.7.2-1 cpp-4.6_4.6.3-15 cpp-4.7_4.7.2-19 dash_0.5.7-3 debconf_1.5.49 debconf-i18n_1.5.49 debfoster_2.7-1.2 debhelper_9.20120909 debian-archive-keyring_2012.4 debianutils_4.3.4 default-jdk_1:1.6-47 default-jre_1:1.6-47 default-jre-headless_1:1.6-47 diffutils_1:3.2-7 dpkg_1.16.9 dpkg-dev_1.16.9 e2fslibs_1.42.5-1 e2fsprogs_1.42.5-1 fakeroot_1.18.4-2 file_5.11-2 findutils_4.4.2-5 fontconfig_2.9.0-7.1 fontconfig-config_2.9.0-7.1 g++_4:4.7.2-1 g++-4.6_4.6.3-15 g++-4.7_4.7.2-19 gcc_4:4.7.2-1 gcc-4.4-base_4.4.7-3 gcc-4.5-base_4.5.4-1 gcc-4.6_4.6.3-15 gcc-4.6-base_4.6.3-15 gcc-4.7_4.7.2-19 gcc-4.7-base_4.7.2-19 gcc-4.8-base_4.8-20130127-1 gettext_0.18.1.1-10 gettext-base_0.18.1.1-10 gnupg_1.4.12-7 gpgv_1.4.12-7 grep_2.14-1 groff-base_1.22.1-2 gzip_1.5-1.1 hostname_3.12 html2text_1.3.2a-15 initscripts_2.88dsf-39 insserv_1.14.0-5 intltool-debian_0.35.0+20060710.1 java-common_0.47 libacl1_2.2.51-8 libapt-pkg4.12_0.9.7.7 libasound2_1.0.25-4 libasprintf-dev_0.18.1.1-10 libasprintf0c2_0.18.1.1-10 libasyncns0_0.8-4 libatk-wrapper-java_0.30.4-2 libatk-wrapper-java-jni_0.30.4-2 libatk1.0-0_2.4.0-2 libatk1.0-data_2.4.0-2 libattr1_1:2.4.46-8 libavahi-client3_0.6.31-1 libavahi-common-data_0.6.31-1 libavahi-common3_0.6.31-1 libblkid1_2.20.1-5.3 libbz2-1.0_1.0.6-4 libc-bin_2.13-38 libc-dev-bin_2.16-0experimental1 libc6_2.16-0experimental1 libc6-dev_2.16-0experimental1 libcairo2_1.12.2-2.1 libcap2_1:2.22-1.2 libclang-common-dev_3.2-1~exp5 libclass-isa-perl_0.36-5 libcomerr2_1.42.5-1 libcroco3_0.6.6-2 libcups2_1.5.3-2.14 libdatrie1_0.2.5-3 libdb5.1_5.1.29-5 libdbus-1-3_1.6.8-1 libdpkg-perl_1.16.9 libexpat1_2.1.0-2 libffi5_3.0.10-3 libfile-fcntllock-perl_0.14-2 libflac8_1.2.1-6 libfontconfig1_2.9.0-7.1 libfreetype6_2.4.9-1.1 libgc1c2_1:7.1-9.1 libgcc-4.7-dev_4.7.2-19 libgcc1_1:4.8-20130127-1 libgcrypt11_1.5.0-3 libgdbm3_1.8.3-11 libgdk-pixbuf2.0-0_2.26.1-1 libgdk-pixbuf2.0-common_2.26.1-1 libgettextpo-dev_0.18.1.1-10 libgettextpo0_0.18.1.1-10 libgif4_4.1.6-10 libglib2.0-0_2.33.12+really2.32.4-5 libgmp10_2:5.0.5+dfsg-2 libgnutls26_2.12.20-3 libgomp1_4.8-20130127-1 libgpg-error0_1.10-3.1 libgpm2_1.20.4-6 libgssapi-krb5-2_1.10.1+dfsg-3 libgtk2.0-0_2.24.10-2 libgtk2.0-common_2.24.10-2 libice-dev_2:1.0.8-2 libice6_2:1.0.8-2 libitm1_4.8-20130127-1 libjasper1_1.900.1-14 libjbig0_2.0-2 libjpeg8_8d-1 libjpeg8-dev_8d-1 libjson0_0.10-1.2 libk5crypto3_1.10.1+dfsg-3 libkeyutils1_1.5.5-4 libkrb5-3_1.10.1+dfsg-3 libkrb5support0_1.10.1+dfsg-3 libllvm3.2_3.2-2 liblocale-gettext-perl_1.05-7+b1 liblzma5_5.1.1alpha+20120614-2 libmagic1_5.11-2 libmount1_2.20.1-5.3 libmpc2_0.9-4 libmpfr4_3.1.0-5 libncurses5_5.9+20130119-1 libncursesw5_5.9+20130119-1 libnspr4_2:4.9.4-2 libnss3_2:3.14.1.with.ckbi.1.93-1 libnss3-1d_2:3.14.1.with.ckbi.1.93-1 libobjc-4.7-dev_4.7.2-19 libobjc4_4.8-20130127-1 libogg0_1.3.0-4 libp11-kit0_0.12-3 libpam-modules_1.1.3-7.1 libpam-modules-bin_1.1.3-7.1 libpam-runtime_1.1.3-7.1 libpam0g_1.1.3-7.1 libpango1.0-0_1.30.0-1 libpcre3_1:8.31-2 libpcsclite1_1.8.8-1 libpipeline1_1.2.2-1 libpixman-1-0_0.26.0-3 libpng12-0_1.2.49-3 libpthread-stubs0_0.3-3 libpthread-stubs0-dev_0.3-3 libpulse0_2.0-6 libpython2.7-minimal_2.7.3-15 libpython2.7-stdlib_2.7.3-15 libquadmath0_4.8-20130127-1 libreadline6_6.2+dfsg-0.1 libselinux1_2.1.9-5 libsemanage-common_2.1.6-6 libsemanage1_2.1.6-6 libsepol1_2.1.4-3 libslang2_2.2.4-15 libsm-dev_2:1.2.1-2 libsm6_2:1.2.1-2 libsndfile1_1.0.25-5 libsqlite3-0_3.7.15.2-1 libss2_1.42.5-1 libssl-dev_1.0.1c-4 libssl1.0.0_1.0.1c-4 libstdc++6_4.8-20130127-1 libstdc++6-4.6-dev_4.6.3-15 libstdc++6-4.7-dev_4.7.2-19 libswitch-perl_2.16-2 libtasn1-3_2.13-2 libtext-charwidth-perl_0.04-7+b1 libtext-iconv-perl_1.7-5 libtext-wrapi18n-perl_0.06-7 libthai-data_0.1.18-2 libthai0_0.1.18-2 libtiff4_3.9.6-11 libtimedate-perl_1.2000-1 libtinfo5_5.9+20130119-1 libunistring0_0.9.3-5 libusb-0.1-4_2:0.1.12-23+nmu1 libustr-1.0-1_1.0.4-3 libuuid1_2.20.1-5.3 libvorbis0a_1.3.2-1.3 libvorbisenc2_1.3.2-1.3 libwrap0_7.6.q-24 libx11-6_2:1.5.0-1 libx11-data_2:1.5.0-1 libx11-dev_2:1.5.0-1 libx11-xcb1_2:1.5.0-1 libxau-dev_1:1.0.7-1 libxau6_1:1.0.7-1 libxaw7_2:1.0.10-2 libxaw7-dev_2:1.0.10-2 libxcb-render0_1.8.1-2 libxcb-shm0_1.8.1-2 libxcb1_1.8.1-2 libxcb1-dev_1.8.1-2 libxcomposite1_1:0.4.3-2 libxcursor1_1:1.1.13-1 libxdamage1_1:1.1.3-2 libxdmcp-dev_1:1.1.1-1 libxdmcp6_1:1.1.1-1 libxext-dev_2:1.3.1-2 libxext6_2:1.3.1-2 libxfixes3_1:5.0-4 libxft2_2.3.1-1 libxi6_2:1.6.1-1 libxinerama1_2:1.1.2-1 libxml2_2.8.0+dfsg1-7 libxmu-dev_2:1.1.1-1 libxmu-headers_2:1.1.1-1 libxmu6_2:1.1.1-1 libxpm-dev_1:3.5.10-1 libxpm4_1:3.5.10-1 libxrandr2_2:1.3.2-2 libxrender1_1:0.9.7-1 libxt-dev_1:1.1.3-1 libxt6_1:1.1.3-1 libxtst6_2:1.2.1-1 linux-libc-dev_3.2.35-2 login_1:4.1.5.1-1 lsb-base_4.1+Debian9 make_3.81-8.2 man-db_2.6.3-3 mawk_1.3.3-17 mime-support_3.53~experimental2 mount_2.20.1-5.3 multiarch-support_2.13-38 ncurses-base_5.9-10 ncurses-bin_5.9-10 openjdk-6-jdk_6b24-1.11.5-1 openjdk-6-jre_6b24-1.11.5-1 openjdk-6-jre-headless_6b24-1.11.5-1 openjdk-6-jre-lib_6b24-1.11.5-1 openssl_1.0.1c-4 passwd_1:4.1.5.1-1 patch_2.6.1-3 perl_5.14.2-17 perl-base_5.14.2-17 perl-modules_5.14.2-17 po-debconf_1.0.16+nmu2 python_2.7.3-10 python-minimal_2.7.3-10 python2.7_2.7.3-15 python2.7-minimal_2.7.3-15 readline-common_6.2+dfsg-0.1 sbuild-build-depends-core-dummy_0.invalid.0 sbuild-build-depends-ssvnc-dummy_0.invalid.0 sed_4.2.1-10 sensible-utils_0.0.7 shared-mime-info_1.0-1+b1 sudo_1.8.5p2-1 sysv-rc_2.88dsf-39 sysvinit_2.88dsf-39 sysvinit-utils_2.88dsf-39 tar_1.26+dfsg-0.1 ttf-dejavu-core_2.33-3 tzdata_2012j-1 tzdata-java_2012j-1 ucf_3.0025+nmu3 util-linux_2.20.1-5.3 vim_2:7.3.547-6 vim-common_2:7.3.547-6 vim-runtime_2:7.3.547-6 x11-common_1:7.7+1 x11proto-core-dev_7.0.23-1 x11proto-input-dev_2.2-1 x11proto-kb-dev_1.0.6-2 x11proto-xext-dev_7.2.1-1 xorg-sgml-doctools_1:1.10-1 xtrans-dev_1.2.7-1 xutils-dev_1:7.7~1 xz-utils_5.1.1alpha+20120614-2 zlib1g_1:1.2.7.dfsg-13 zlib1g-dev_1:1.2.7.dfsg-13

┌──────────────────────────────────────────────────────────────────────────────┐
│ Build                                                                        │
└──────────────────────────────────────────────────────────────────────────────┘


Unpack source
─────────────

gpgv: keyblock resource `/sbuild-nonexistent/.gnupg/trustedkeys.gpg': file open error
gpgv: Signature made Fri Nov 11 07:13:48 2011 UTC using DSA key ID 7D61E3E6
gpgv: Can't check signature: public key not found
dpkg-source: warning: failed to verify signature on ./ssvnc_1.0.29-2.dsc
dpkg-source: info: extracting ssvnc in ssvnc-1.0.29
dpkg-source: info: unpacking ssvnc_1.0.29.orig.tar.gz
dpkg-source: info: unpacking ssvnc_1.0.29-2.debian.tar.gz
dpkg-source: info: applying confusing_-h.patch
dpkg-source: info: applying ultraftp_path.patch
dpkg-source: info: applying buildflags.patch
dpkg-source: info: applying nostrip.patch
dpkg-source: info: applying format-security.patch

Check disc space
────────────────

Sufficient free space for build

User Environment
────────────────

HOME=/sbuild-nonexistent
LOGNAME=user
PATH=/usr/local/sbin:/usr/local/bin:/usr/sbin:/usr/bin:/sbin:/bin:/usr/games
SCHROOT_CHROOT_NAME=unstable-amd64-sbuild
SCHROOT_COMMAND=env
SCHROOT_GID=1000
SCHROOT_GROUP=user
SCHROOT_SESSION_ID=unstable-amd64-sbuild-530b2963-0bbf-40ea-83f2-d9e148984771
SCHROOT_UID=1000
SCHROOT_USER=user
SHELL=/bin/sh
USER=user

dpkg-buildpackage
─────────────────

dpkg-buildpackage: source package ssvnc
dpkg-buildpackage: source version 1.0.29-2
dpkg-buildpackage: source changed by Magnus Holmgren <holmgren@debian.org>
 dpkg-source --before-build ssvnc-1.0.29
dpkg-buildpackage: host architecture amd64
 fakeroot debian/rules clean
dh_testdir
/usr/bin/make config
make[1]: Entering directory `/«PKGBUILDDIR»'
sh -c 'type xmkmf'
xmkmf is /usr/bin/xmkmf
if [ "Xultraftp" != "X" ]; then sh -c 'type javac'; fi
javac is /usr/bin/javac
if [ "Xultraftp" != "X" ]; then sh -c 'type jar'; fi
jar is /usr/bin/jar

cd vnc_unixsrc/libvncauth; pwd; xmkmf
/«PKGBUILDDIR»/vnc_unixsrc/libvncauth
mv -f Makefile Makefile.bak
imake -DUseInstalled -I/usr/lib/X11/config
In file included from Imakefile.c:34:
In file included from /usr/lib/X11/config/Imake.tmpl:316:
/usr/lib/X11/config/Imake.rules:1674:27: warning: empty character constant [-Winvalid-pp-token]
        for flag in ${MAKEFLAGS} ''; do \                               @@\
                                 ^
In file included from Imakefile.c:34:
/usr/lib/X11/config/Imake.tmpl:2243:10: fatal error: ' X11 .rules' file not found
#include ProjectRulesFile
         ^
/usr/lib/X11/config/Imake.tmpl:2241:35: note: expanded from macro 'ProjectRulesFile'
# define ProjectRulesFile       Concat3(<,TopLevelProject,.rules>)
                                        ^
/usr/lib/X11/config/Imake.rules:256:23: note: expanded from macro 'Concat3'
#define Concat3(a,b,c)a/**/b/**/c
                      ^
1 warning and 1 error generated.
imake: Exit code 1.
  Stop.
make[1]: *** [config] Error 1
make[1]: Leaving directory `/«PKGBUILDDIR»'
make: *** [configure-stamp] Error 2
dpkg-buildpackage: error: fakeroot debian/rules clean gave error exit status 2
────────────────────────────────────────────────────────────────────────────────
Build finished at 20130128-0524

Finished
────────

E: Build failure (dpkg-buildpackage died)

┌──────────────────────────────────────────────────────────────────────────────┐
│ Cleanup                                                                      │
└──────────────────────────────────────────────────────────────────────────────┘

Purging /«BUILDDIR»
Not cleaning session: cloned chroot in use

┌──────────────────────────────────────────────────────────────────────────────┐
│ Summary                                                                      │
└──────────────────────────────────────────────────────────────────────────────┘

Architecture: amd64
Build-Space: 2672
Build-Time: 1
Distribution: unstable
Fail-Stage: build
Install-Time: 24
Job: ssvnc_1.0.29-2
Package: ssvnc
Package-Time: 53
Source-Version: 1.0.29-2
Space: 2672
Status: attempted
Version: 1.0.29-2
────────────────────────────────────────────────────────────────────────────────
Finished at 20130128-0524
Build needed 00:00:53, 2672k disc space
DC-Status: Failed 54.462753s
