DC-Build-Header: styx 1.8.0-1.1 / Mon Jan 28 04:31:17 +0000 2013
DC-Task: logfile:/tmp/styx_1.8.0-1.1_unstable_clang.log version:1.8.0-1.1 chroot:unstable modes:binary-only:clang source:styx architecture:any esttime:366
DC-Sbuild-call: su user -c 'sbuild -n --apt-update -d unstable -v  --chroot-setup-commands=/tmp/switch-to-clang styx_1.8.0-1.1'
Could not create '/sbuild-nonexistent/logs': No such file or directory
Could not create '/sbuild-nonexistent/logs': No such file or directory
sbuild (Debian sbuild) 0.62.5 (13 Jul 2011) on ip-10-159-0-199.ec2.internal

╔══════════════════════════════════════════════════════════════════════════════╗
║ styx 1.8.0-1.1 (amd64)                                     28 Jan 2013 04:31 ║
╚══════════════════════════════════════════════════════════════════════════════╝

Package: styx
Version: 1.8.0-1.1
Source Version: 1.8.0-1.1
Distribution: unstable
Architecture: amd64

I: NOTICE: Log filtering will replace 'build/styx-bYawQ1/styx-1.8.0' with '«PKGBUILDDIR»'
I: NOTICE: Log filtering will replace 'build/styx-bYawQ1' with '«BUILDDIR»'
I: NOTICE: Log filtering will replace 'var/lib/schroot/mount/unstable-amd64-sbuild-e1b6321c-a667-459d-aaef-230f71870293' with '«CHROOT»'

┌──────────────────────────────────────────────────────────────────────────────┐
│ Update chroot                                                                │
└──────────────────────────────────────────────────────────────────────────────┘

Ign http://localhost unstable InRelease
Get:1 http://localhost unstable Release.gpg [836 B]
Get:2 http://localhost unstable Release [227 kB]
Ign http://localhost unstable/main Sources/DiffIndex
Ign http://localhost unstable/main amd64 Packages/DiffIndex
Get:3 http://localhost unstable/main Translation-en/DiffIndex [7876 B]
Get:4 http://localhost unstable/main 2013-01-27-2011.16.pdiff [737 B]
Get:5 http://localhost unstable/main 2013-01-27-2011.16.pdiff [737 B]
Get:6 http://localhost unstable/main Sources [8236 kB]
Get:7 http://localhost unstable/main amd64 Packages [8284 kB]
Get:8 http://localhost unstable/main 2013-01-28-0212.01.pdiff [43 B]
Get:9 http://localhost unstable/main 2013-01-28-0212.01.pdiff [43 B]
Fetched 16.8 MB in 3s (4450 kB/s)
Reading package lists...
Reading package lists...
Building dependency tree...
Reading state information...
0 upgraded, 0 newly installed, 0 to remove and 0 not upgraded.

┌──────────────────────────────────────────────────────────────────────────────┐
│ Fetch source files                                                           │
└──────────────────────────────────────────────────────────────────────────────┘


Check APT
─────────

Checking available source versions...

Download source files with APT
──────────────────────────────

Reading package lists...
Building dependency tree...
Reading state information...
Need to get 5770 kB of source archives.
Get:1 http://localhost/debian/ unstable/main styx 1.8.0-1.1 (dsc) [1832 B]
Get:2 http://localhost/debian/ unstable/main styx 1.8.0-1.1 (tar) [5759 kB]
Get:3 http://localhost/debian/ unstable/main styx 1.8.0-1.1 (diff) [9233 B]
Fetched 5770 kB in 0s (9255 kB/s)
Download complete and in download only mode

Check arch
──────────


┌──────────────────────────────────────────────────────────────────────────────┐
│ Chroot Setup Commands                                                        │
└──────────────────────────────────────────────────────────────────────────────┘


/tmp/switch-to-clang
────────────────────

+ echo 'Entering customization script...'
Entering customization script...
+ echo 'Add experimental as repository'
Add experimental as repository
+ echo deb http://localhost:9999/debian experimental main
+ apt-get update
Ign http://localhost unstable InRelease
Ign http://localhost experimental InRelease
Hit http://localhost unstable Release.gpg
Get:1 http://localhost experimental Release.gpg [836 B]
Hit http://localhost unstable Release
Get:2 http://localhost experimental Release [161 kB]
Ign http://localhost unstable/main Sources/DiffIndex
Ign http://localhost unstable/main amd64 Packages/DiffIndex
Hit http://localhost unstable/main Translation-en/DiffIndex
Get:3 http://localhost experimental/main Translation-en [704 kB]
Get:4 http://localhost experimental/main amd64 Packages [1605 kB]
Hit http://localhost unstable/main Sources
Hit http://localhost unstable/main amd64 Packages
Fetched 2471 kB in 1s (1290 kB/s)
Reading package lists...
+ echo 'Install of clang'
Install of clang
+ apt-get update
Ign http://localhost unstable InRelease
Ign http://localhost experimental InRelease
Hit http://localhost unstable Release.gpg
Hit http://localhost experimental Release.gpg
Hit http://localhost unstable Release
Hit http://localhost experimental Release
Ign http://localhost unstable/main Sources/DiffIndex
Ign http://localhost unstable/main amd64 Packages/DiffIndex
Hit http://localhost unstable/main Translation-en/DiffIndex
Ign http://localhost experimental/main amd64 Packages/DiffIndex
Get:1 http://localhost experimental/main Translation-en/DiffIndex [7819 B]
Hit http://localhost unstable/main Sources
Hit http://localhost unstable/main amd64 Packages
Hit http://localhost experimental/main amd64 Packages
Fetched 7819 B in 2s (3863 B/s)
Reading package lists...
+ apt-get install --yes --no-install-recommends clang -t experimental
Reading package lists...
Building dependency tree...
Reading state information...
The following extra packages will be installed:
  clang-3.2 compiler-rt cpp-4.7 g++-4.7 gcc-4.7 gcc-4.7-base gcc-4.8-base
  libc-dev-bin libc6 libc6-dev libclang-common-dev libexpat1 libffi5
  libgcc-4.7-dev libgcc1 libgomp1 libitm1 libllvm3.2 libncurses5 libncursesw5
  libobjc-4.7-dev libobjc4 libpython2.7-minimal libpython2.7-stdlib
  libquadmath0 libsqlite3-0 libssl1.0.0 libstdc++6 libstdc++6-4.7-dev
  libtinfo5 mime-support python python-minimal python2.7 python2.7-minimal
Suggested packages:
  gcc-4.7-locales g++-4.7-multilib gcc-4.7-doc libstdc++6-4.7-dbg
  gcc-4.7-multilib libmudflap0-4.7-dev libgcc1-dbg libgomp1-dbg libitm1-dbg
  libquadmath0-dbg libmudflap0-dbg libcloog-ppl0 libppl-c2 libppl7
  binutils-gold glibc-doc libstdc++6-4.7-doc python-doc python-tk
  python2.7-doc binfmt-support
Recommended packages:
  llvm-3.2-dev manpages-dev file
The following NEW packages will be installed:
  clang clang-3.2 compiler-rt gcc-4.8-base libclang-common-dev libexpat1
  libffi5 libgcc-4.7-dev libllvm3.2 libncursesw5 libobjc-4.7-dev libobjc4
  libpython2.7-minimal libpython2.7-stdlib libsqlite3-0 libssl1.0.0
  mime-support python python-minimal python2.7 python2.7-minimal
The following packages will be upgraded:
  cpp-4.7 g++-4.7 gcc-4.7 gcc-4.7-base libc-dev-bin libc6 libc6-dev libgcc1
  libgomp1 libitm1 libncurses5 libquadmath0 libstdc++6 libstdc++6-4.7-dev
  libtinfo5
15 upgraded, 21 newly installed, 0 to remove and 24 not upgraded.
Need to get 56.7 MB of archives.
After this operation, 72.6 MB of additional disk space will be used.
Get:1 http://localhost/debian/ experimental/main gcc-4.8-base amd64 4.8-20130127-1 [147 kB]
Get:2 http://localhost/debian/ experimental/main libc6-dev amd64 2.16-0experimental1 [3086 kB]
Get:3 http://localhost/debian/ experimental/main libc-dev-bin amd64 2.16-0experimental1 [226 kB]
Get:4 http://localhost/debian/ experimental/main libc6 amd64 2.16-0experimental1 [4729 kB]
Get:5 http://localhost/debian/ experimental/main libgcc1 amd64 1:4.8-20130127-1 [43.7 kB]
Get:6 http://localhost/debian/ experimental/main libstdc++6 amd64 4.8-20130127-1 [335 kB]
Get:7 http://localhost/debian/ experimental/main libtinfo5 amd64 5.9+20130119-1 [294 kB]
Get:8 http://localhost/debian/ experimental/main libncurses5 amd64 5.9+20130119-1 [115 kB]
Get:9 http://localhost/debian/ experimental/main libncursesw5 amd64 5.9+20130119-1 [142 kB]
Get:10 http://localhost/debian/ unstable/main libssl1.0.0 amd64 1.0.1c-4 [1213 kB]
Get:11 http://localhost/debian/ unstable/main libsqlite3-0 amd64 3.7.15.2-1 [463 kB]
Get:12 http://localhost/debian/ experimental/main libexpat1 amd64 2.1.0-2 [138 kB]
Get:13 http://localhost/debian/ unstable/main libffi5 amd64 3.0.10-3 [24.8 kB]
Get:14 http://localhost/debian/ experimental/main libgomp1 amd64 4.8-20130127-1 [27.4 kB]
Get:15 http://localhost/debian/ experimental/main libitm1 amd64 4.8-20130127-1 [37.7 kB]
Get:16 http://localhost/debian/ unstable/main libllvm3.2 amd64 3.2-2 [7865 kB]
Get:17 http://localhost/debian/ experimental/main libobjc4 amd64 4.8-20130127-1 [163 kB]
Get:18 http://localhost/debian/ experimental/main libquadmath0 amd64 4.8-20130127-1 [139 kB]
Get:19 http://localhost/debian/ experimental/main libstdc++6-4.7-dev amd64 4.7.2-19 [1678 kB]
Get:20 http://localhost/debian/ experimental/main g++-4.7 amd64 4.7.2-19 [5877 kB]
Get:21 http://localhost/debian/ experimental/main gcc-4.7 amd64 4.7.2-19 [5831 kB]
Get:22 http://localhost/debian/ experimental/main cpp-4.7 amd64 4.7.2-19 [5416 kB]
Get:23 http://localhost/debian/ experimental/main libgcc-4.7-dev amd64 4.7.2-19 [2465 kB]
Get:24 http://localhost/debian/ experimental/main gcc-4.7-base amd64 4.7.2-19 [148 kB]
Get:25 http://localhost/debian/ experimental/main mime-support all 3.53~experimental2 [36.5 kB]
Get:26 http://localhost/debian/ experimental/main libpython2.7-minimal amd64 2.7.3-15 [531 kB]
Get:27 http://localhost/debian/ experimental/main python2.7-minimal amd64 2.7.3-15 [1220 kB]
Get:28 http://localhost/debian/ experimental/main libpython2.7-stdlib amd64 2.7.3-15 [2367 kB]
Get:29 http://localhost/debian/ experimental/main python2.7 amd64 2.7.3-15 [326 kB]
Get:30 http://localhost/debian/ experimental/main python-minimal amd64 2.7.3-10 [41.8 kB]
Get:31 http://localhost/debian/ experimental/main python amd64 2.7.3-10 [184 kB]
Get:32 http://localhost/debian/ experimental/main libobjc-4.7-dev amd64 4.7.2-19 [717 kB]
Get:33 http://localhost/debian/ experimental/main libclang-common-dev amd64 3.2-1~exp5 [303 kB]
Get:34 http://localhost/debian/ experimental/main compiler-rt amd64 3.2-1~exp5 [315 kB]
Get:35 http://localhost/debian/ experimental/main clang-3.2 amd64 3.2-1~exp5 [10.1 MB]
Get:36 http://localhost/debian/ experimental/main clang all 3.2-1~exp5 [9506 B]
debconf: delaying package configuration, since apt-utils is not installed
Fetched 56.7 MB in 1s (34.1 MB/s)
Selecting previously unselected package gcc-4.8-base:amd64.
(Reading database ... 13484 files and directories currently installed.)
Unpacking gcc-4.8-base:amd64 (from .../gcc-4.8-base_4.8-20130127-1_amd64.deb) ...
Setting up gcc-4.8-base:amd64 (4.8-20130127-1) ...
(Reading database ... 13491 files and directories currently installed.)
Preparing to replace libc6-dev:amd64 2.13-38 (using .../libc6-dev_2.16-0experimental1_amd64.deb) ...
Unpacking replacement libc6-dev:amd64 ...
Preparing to replace libc-dev-bin 2.13-38 (using .../libc-dev-bin_2.16-0experimental1_amd64.deb) ...
Unpacking replacement libc-dev-bin ...
Preparing to replace libc6:amd64 2.13-38 (using .../libc6_2.16-0experimental1_amd64.deb) ...
debconf: unable to initialize frontend: Dialog
debconf: (Dialog frontend will not work on a dumb terminal, an emacs shell buffer, or without a controlling terminal.)
debconf: falling back to frontend: Readline
debconf: unable to initialize frontend: Readline
debconf: (This frontend requires a controlling tty.)
debconf: falling back to frontend: Teletype
Checking for services that may need to be restarted...
Checking init scripts...
Unpacking replacement libc6:amd64 ...
Setting up libc6:amd64 (2.16-0experimental1) ...
debconf: unable to initialize frontend: Dialog
debconf: (Dialog frontend will not work on a dumb terminal, an emacs shell buffer, or without a controlling terminal.)
debconf: falling back to frontend: Readline
debconf: unable to initialize frontend: Readline
debconf: (This frontend requires a controlling tty.)
debconf: falling back to frontend: Teletype
Checking for services that may need to be restarted...
Checking init scripts...
Nothing to restart.
(Reading database ... 13509 files and directories currently installed.)
Preparing to replace libgcc1:amd64 1:4.7.2-5 (using .../libgcc1_1%3a4.8-20130127-1_amd64.deb) ...
Unpacking replacement libgcc1:amd64 ...
Setting up libgcc1:amd64 (1:4.8-20130127-1) ...
(Reading database ... 13509 files and directories currently installed.)
Preparing to replace libstdc++6:amd64 4.7.2-5 (using .../libstdc++6_4.8-20130127-1_amd64.deb) ...
Unpacking replacement libstdc++6:amd64 ...
Setting up libstdc++6:amd64 (4.8-20130127-1) ...
(Reading database ... 13509 files and directories currently installed.)
Preparing to replace libtinfo5:amd64 5.9-10 (using .../libtinfo5_5.9+20130119-1_amd64.deb) ...
Unpacking replacement libtinfo5:amd64 ...
Setting up libtinfo5:amd64 (5.9+20130119-1) ...
(Reading database ... 13509 files and directories currently installed.)
Preparing to replace libncurses5:amd64 5.9-10 (using .../libncurses5_5.9+20130119-1_amd64.deb) ...
Unpacking replacement libncurses5:amd64 ...
Setting up libncurses5:amd64 (5.9+20130119-1) ...
Selecting previously unselected package libncursesw5:amd64.
(Reading database ... 13509 files and directories currently installed.)
Unpacking libncursesw5:amd64 (from .../libncursesw5_5.9+20130119-1_amd64.deb) ...
Selecting previously unselected package libssl1.0.0:amd64.
Unpacking libssl1.0.0:amd64 (from .../libssl1.0.0_1.0.1c-4_amd64.deb) ...
Selecting previously unselected package libsqlite3-0:amd64.
Unpacking libsqlite3-0:amd64 (from .../libsqlite3-0_3.7.15.2-1_amd64.deb) ...
Selecting previously unselected package libexpat1:amd64.
Unpacking libexpat1:amd64 (from .../libexpat1_2.1.0-2_amd64.deb) ...
Selecting previously unselected package libffi5:amd64.
Unpacking libffi5:amd64 (from .../libffi5_3.0.10-3_amd64.deb) ...
Preparing to replace libgomp1:amd64 4.7.2-5 (using .../libgomp1_4.8-20130127-1_amd64.deb) ...
Unpacking replacement libgomp1:amd64 ...
Preparing to replace libitm1:amd64 4.7.2-5 (using .../libitm1_4.8-20130127-1_amd64.deb) ...
Unpacking replacement libitm1:amd64 ...
Selecting previously unselected package libllvm3.2:amd64.
Unpacking libllvm3.2:amd64 (from .../libllvm3.2_3.2-2_amd64.deb) ...
Selecting previously unselected package libobjc4:amd64.
Unpacking libobjc4:amd64 (from .../libobjc4_4.8-20130127-1_amd64.deb) ...
Preparing to replace libquadmath0:amd64 4.7.2-5 (using .../libquadmath0_4.8-20130127-1_amd64.deb) ...
Unpacking replacement libquadmath0:amd64 ...
Preparing to replace libstdc++6-4.7-dev 4.7.2-5 (using .../libstdc++6-4.7-dev_4.7.2-19_amd64.deb) ...
Unpacking replacement libstdc++6-4.7-dev:amd64 ...
Preparing to replace g++-4.7 4.7.2-5 (using .../g++-4.7_4.7.2-19_amd64.deb) ...
Unpacking replacement g++-4.7 ...
Preparing to replace gcc-4.7 4.7.2-5 (using .../gcc-4.7_4.7.2-19_amd64.deb) ...
Unpacking replacement gcc-4.7 ...
Preparing to replace cpp-4.7 4.7.2-5 (using .../cpp-4.7_4.7.2-19_amd64.deb) ...
Unpacking replacement cpp-4.7 ...
Selecting previously unselected package libgcc-4.7-dev:amd64.
Unpacking libgcc-4.7-dev:amd64 (from .../libgcc-4.7-dev_4.7.2-19_amd64.deb) ...
Preparing to replace gcc-4.7-base:amd64 4.7.2-5 (using .../gcc-4.7-base_4.7.2-19_amd64.deb) ...
Unpacking replacement gcc-4.7-base:amd64 ...
Selecting previously unselected package mime-support.
Unpacking mime-support (from .../mime-support_3.53~experimental2_all.deb) ...
Selecting previously unselected package libpython2.7-minimal:amd64.
Unpacking libpython2.7-minimal:amd64 (from .../libpython2.7-minimal_2.7.3-15_amd64.deb) ...
Selecting previously unselected package python2.7-minimal.
Unpacking python2.7-minimal (from .../python2.7-minimal_2.7.3-15_amd64.deb) ...
Selecting previously unselected package libpython2.7-stdlib:amd64.
Unpacking libpython2.7-stdlib:amd64 (from .../libpython2.7-stdlib_2.7.3-15_amd64.deb) ...
Selecting previously unselected package python2.7.
Unpacking python2.7 (from .../python2.7_2.7.3-15_amd64.deb) ...
Selecting previously unselected package python-minimal.
Unpacking python-minimal (from .../python-minimal_2.7.3-10_amd64.deb) ...
Selecting previously unselected package python.
Unpacking python (from .../python_2.7.3-10_amd64.deb) ...
Selecting previously unselected package libobjc-4.7-dev:amd64.
Unpacking libobjc-4.7-dev:amd64 (from .../libobjc-4.7-dev_4.7.2-19_amd64.deb) ...
Selecting previously unselected package libclang-common-dev.
Unpacking libclang-common-dev (from .../libclang-common-dev_3.2-1~exp5_amd64.deb) ...
Selecting previously unselected package compiler-rt.
Unpacking compiler-rt (from .../compiler-rt_3.2-1~exp5_amd64.deb) ...
Selecting previously unselected package clang-3.2.
Unpacking clang-3.2 (from .../clang-3.2_3.2-1~exp5_amd64.deb) ...
Selecting previously unselected package clang.
Unpacking clang (from .../clang_3.2-1~exp5_all.deb) ...
Setting up libc-dev-bin (2.16-0experimental1) ...
Setting up libc6-dev:amd64 (2.16-0experimental1) ...
Setting up libncursesw5:amd64 (5.9+20130119-1) ...
Setting up libssl1.0.0:amd64 (1.0.1c-4) ...
debconf: unable to initialize frontend: Dialog
debconf: (Dialog frontend will not work on a dumb terminal, an emacs shell buffer, or without a controlling terminal.)
debconf: falling back to frontend: Readline
debconf: unable to initialize frontend: Readline
debconf: (This frontend requires a controlling tty.)
debconf: falling back to frontend: Teletype
Setting up libsqlite3-0:amd64 (3.7.15.2-1) ...
Setting up libexpat1:amd64 (2.1.0-2) ...
Setting up libffi5:amd64 (3.0.10-3) ...
Setting up libgomp1:amd64 (4.8-20130127-1) ...
Setting up libitm1:amd64 (4.8-20130127-1) ...
Setting up libllvm3.2:amd64 (3.2-2) ...
Setting up libobjc4:amd64 (4.8-20130127-1) ...
Setting up libquadmath0:amd64 (4.8-20130127-1) ...
Setting up gcc-4.7-base:amd64 (4.7.2-19) ...
Setting up libgcc-4.7-dev:amd64 (4.7.2-19) ...
Setting up libstdc++6-4.7-dev:amd64 (4.7.2-19) ...
Setting up cpp-4.7 (4.7.2-19) ...
Setting up gcc-4.7 (4.7.2-19) ...
Setting up g++-4.7 (4.7.2-19) ...
Setting up mime-support (3.53~experimental2) ...
Setting up libpython2.7-minimal:amd64 (2.7.3-15) ...
Setting up python2.7-minimal (2.7.3-15) ...
Linking and byte-compiling packages for runtime python2.7...
Setting up libpython2.7-stdlib:amd64 (2.7.3-15) ...
Setting up python2.7 (2.7.3-15) ...
Setting up python-minimal (2.7.3-10) ...
Setting up python (2.7.3-10) ...
Setting up libobjc-4.7-dev:amd64 (4.7.2-19) ...
Setting up libclang-common-dev (3.2-1~exp5) ...
Setting up compiler-rt (3.2-1~exp5) ...
Setting up clang-3.2 (3.2-1~exp5) ...
Setting up clang (3.2-1~exp5) ...
+ echo 'Replace gcc, g++ & cpp by clang'
Replace gcc, g++ & cpp by clang
+ VERSIONS='4.6 4.7'
+ cd /usr/bin
+ for VERSION in '$VERSIONS'
+ rm g++-4.6 gcc-4.6 cpp-4.6
+ ln -s clang++ g++-4.6
+ ln -s clang gcc-4.6
+ ln -s clang cpp-4.6
+ for VERSION in '$VERSIONS'
+ rm g++-4.7 gcc-4.7 cpp-4.7
+ ln -s clang++ g++-4.7
+ ln -s clang gcc-4.7
+ ln -s clang cpp-4.7
+ cd -
/«BUILDDIR»
+ echo 'Block the installation of new gcc version'
Block the installation of new gcc version
+ echo 'gcc-4.6 hold'
+ dpkg --set-selections
+ echo 'cpp-4.6 hold'
+ dpkg --set-selections
+ echo 'g++-4.6 hold'
+ dpkg --set-selections
+ echo 'gcc-4.7 hold'
+ dpkg --set-selections
+ echo 'cpp-4.7 hold'
+ dpkg --set-selections
+ echo 'g++-4.7 hold'
+ dpkg --set-selections
+ echo 'Check if gcc, g++ & cpp are actually clang'
Check if gcc, g++ & cpp are actually clang
+ gcc --version
+ grep clang
+ cpp --version
+ grep clang
+ g++ --version
+ grep clang

I: Finished running '/tmp/switch-to-clang'.

Finished processing commands.
────────────────────────────────────────────────────────────────────────────────
Merged Build-Depends: build-essential, fakeroot
Filtered Build-Depends: build-essential, fakeroot
dpkg-deb: building package `sbuild-build-depends-core-dummy' in `/«BUILDDIR»/resolver-dTAjKh/apt_archive/sbuild-build-depends-core-dummy.deb'.
OK
Reading package lists...

┌──────────────────────────────────────────────────────────────────────────────┐
│ Install core build dependencies (apt-based resolver)                         │
└──────────────────────────────────────────────────────────────────────────────┘

Installing build dependencies
Reading package lists...
Building dependency tree...
Reading state information...
The following NEW packages will be installed:
  sbuild-build-depends-core-dummy
debconf: delaying package configuration, since apt-utils is not installed
0 upgraded, 1 newly installed, 0 to remove and 0 not upgraded.
Need to get 0 B/710 B of archives.
After this operation, 0 B of additional disk space will be used.
Selecting previously unselected package sbuild-build-depends-core-dummy.
(Reading database ... 14674 files and directories currently installed.)
Unpacking sbuild-build-depends-core-dummy (from .../sbuild-build-depends-core-dummy.deb) ...
Setting up sbuild-build-depends-core-dummy (0.invalid.0) ...
Merged Build-Depends: base-files, base-passwd, bash, bsdutils, coreutils, dash, debianutils, diffutils, dpkg, e2fsprogs, findutils, grep, gzip, hostname, libc-bin, login, mount, ncurses-base, ncurses-bin, perl-base, sed, sysvinit, sysvinit-utils, tar, util-linux, libc6-dev | libc-dev, gcc (>= 4:4.4.3), g++ (>= 4:4.4.3), make, dpkg-dev (>= 1.13.5), cdbs, autotools-dev, debhelper (>= 7), docbook-to-man, gawk
Filtered Build-Depends: base-files, base-passwd, bash, bsdutils, coreutils, dash, debianutils, diffutils, dpkg, e2fsprogs, findutils, grep, gzip, hostname, libc-bin, login, mount, ncurses-base, ncurses-bin, perl-base, sed, sysvinit, sysvinit-utils, tar, util-linux, libc6-dev, gcc (>= 4:4.4.3), g++ (>= 4:4.4.3), make, dpkg-dev (>= 1.13.5), cdbs, autotools-dev, debhelper (>= 7), docbook-to-man, gawk
dpkg-deb: building package `sbuild-build-depends-styx-dummy' in `/«BUILDDIR»/resolver-fFdRtO/apt_archive/sbuild-build-depends-styx-dummy.deb'.
OK
Reading package lists...

┌──────────────────────────────────────────────────────────────────────────────┐
│ Install styx build dependencies (apt-based resolver)                         │
└──────────────────────────────────────────────────────────────────────────────┘

Installing build dependencies
Reading package lists...
Building dependency tree...
Reading state information...
The following extra packages will be installed:
  autotools-dev bsdmainutils cdbs debhelper docbook docbook-to-man file gawk
  gettext gettext-base groff-base html2text intltool-debian libasprintf-dev
  libasprintf0c2 libcroco3 libgettextpo-dev libgettextpo0 libglib2.0-0
  libmagic1 libpcre3 libpipeline1 libsigsegv2 libsp1c2 libunistring0 libxml2
  man-db po-debconf sgml-base sgml-data sp xml-core
Suggested packages:
  wamerican wordlist whois vacation devscripts dh-make docbook-defguide
  docbook-dsssl docbook-xml psgml gawk-doc gettext-doc groff less www-browser
  libmail-box-perl sgml-base-doc perlsgml w3-recs opensp libxml2-utils
  doc-base
Recommended packages:
  curl wget lynx-cur autopoint libglib2.0-data shared-mime-info
  libmail-sendmail-perl
The following NEW packages will be installed:
  autotools-dev bsdmainutils cdbs debhelper docbook docbook-to-man file gawk
  gettext gettext-base groff-base html2text intltool-debian libasprintf-dev
  libasprintf0c2 libcroco3 libgettextpo-dev libgettextpo0 libglib2.0-0
  libmagic1 libpcre3 libpipeline1 libsigsegv2 libsp1c2 libunistring0 libxml2
  man-db po-debconf sbuild-build-depends-styx-dummy sgml-base sgml-data sp
  xml-core
0 upgraded, 33 newly installed, 0 to remove and 0 not upgraded.
Need to get 12.8 MB/12.8 MB of archives.
After this operation, 38.4 MB of additional disk space will be used.
Get:1 http://localhost/debian/ unstable/main libpipeline1 amd64 1.2.2-1 [39.9 kB]
Get:2 http://localhost/debian/ unstable/main groff-base amd64 1.22.1-2 [741 kB]
Get:3 http://localhost/debian/ unstable/main bsdmainutils amd64 9.0.4 [210 kB]
Get:4 http://localhost/debian/ unstable/main man-db amd64 2.6.3-3 [898 kB]
Get:5 http://localhost/debian/ unstable/main libasprintf0c2 amd64 0.18.1.1-10 [27.2 kB]
Get:6 http://localhost/debian/ unstable/main libmagic1 amd64 5.11-2 [202 kB]
Get:7 http://localhost/debian/ unstable/main libpcre3 amd64 1:8.31-2 [247 kB]
Get:8 http://localhost/debian/ unstable/main libxml2 amd64 2.8.0+dfsg1-7 [903 kB]
Get:9 http://localhost/debian/ unstable/main libglib2.0-0 amd64 2.33.12+really2.32.4-5 [1838 kB]
Get:10 http://localhost/debian/ unstable/main libcroco3 amd64 0.6.6-2 [134 kB]
Get:11 http://localhost/debian/ unstable/main libunistring0 amd64 0.9.3-5 [434 kB]
Get:12 http://localhost/debian/ unstable/main libgettextpo0 amd64 0.18.1.1-10 [145 kB]
Get:13 http://localhost/debian/ unstable/main sgml-base all 1.26+nmu4 [14.6 kB]
Get:14 http://localhost/debian/ unstable/main file amd64 5.11-2 [51.8 kB]
Get:15 http://localhost/debian/ unstable/main gettext-base amd64 0.18.1.1-10 [154 kB]
Get:16 http://localhost/debian/ unstable/main autotools-dev all 20120608.1 [73.0 kB]
Get:17 http://localhost/debian/ unstable/main cdbs all 0.4.120 [80.4 kB]
Get:18 http://localhost/debian/ unstable/main html2text amd64 1.3.2a-15 [103 kB]
Get:19 http://localhost/debian/ unstable/main libasprintf-dev amd64 0.18.1.1-10 [26.8 kB]
Get:20 http://localhost/debian/ unstable/main libgettextpo-dev amd64 0.18.1.1-10 [184 kB]
Get:21 http://localhost/debian/ unstable/main gettext amd64 0.18.1.1-10 [1815 kB]
Get:22 http://localhost/debian/ unstable/main intltool-debian all 0.35.0+20060710.1 [30.8 kB]
Get:23 http://localhost/debian/ unstable/main po-debconf all 1.0.16+nmu2 [224 kB]
Get:24 http://localhost/debian/ unstable/main debhelper all 9.20120909 [705 kB]
Get:25 http://localhost/debian/ unstable/main xml-core all 0.13+nmu2 [24.2 kB]
Get:26 http://localhost/debian/ unstable/main sgml-data all 2.0.8 [284 kB]
Get:27 http://localhost/debian/ unstable/main docbook all 4.5-5.1 [453 kB]
Get:28 http://localhost/debian/ unstable/main libsp1c2 amd64 1.3.4-1.2.1-47.1+b1 [1455 kB]
Get:29 http://localhost/debian/ unstable/main sp amd64 1.3.4-1.2.1-47.1+b1 [176 kB]
Get:30 http://localhost/debian/ unstable/main docbook-to-man amd64 1:2.0.0-31 [82.4 kB]
Get:31 http://localhost/debian/ unstable/main libsigsegv2 amd64 2.9-4 [28.9 kB]
Get:32 http://localhost/debian/ unstable/main gawk amd64 1:4.0.1+dfsg-2 [972 kB]
debconf: delaying package configuration, since apt-utils is not installed
Fetched 12.8 MB in 0s (21.5 MB/s)
Selecting previously unselected package libpipeline1:amd64.
(Reading database ... 14674 files and directories currently installed.)
Unpacking libpipeline1:amd64 (from .../libpipeline1_1.2.2-1_amd64.deb) ...
Selecting previously unselected package groff-base.
Unpacking groff-base (from .../groff-base_1.22.1-2_amd64.deb) ...
Selecting previously unselected package bsdmainutils.
Unpacking bsdmainutils (from .../bsdmainutils_9.0.4_amd64.deb) ...
Selecting previously unselected package man-db.
Unpacking man-db (from .../man-db_2.6.3-3_amd64.deb) ...
Selecting previously unselected package libasprintf0c2:amd64.
Unpacking libasprintf0c2:amd64 (from .../libasprintf0c2_0.18.1.1-10_amd64.deb) ...
Selecting previously unselected package libmagic1:amd64.
Unpacking libmagic1:amd64 (from .../libmagic1_5.11-2_amd64.deb) ...
Selecting previously unselected package libpcre3:amd64.
Unpacking libpcre3:amd64 (from .../libpcre3_1%3a8.31-2_amd64.deb) ...
Selecting previously unselected package libxml2:amd64.
Unpacking libxml2:amd64 (from .../libxml2_2.8.0+dfsg1-7_amd64.deb) ...
Selecting previously unselected package libglib2.0-0:amd64.
Unpacking libglib2.0-0:amd64 (from .../libglib2.0-0_2.33.12+really2.32.4-5_amd64.deb) ...
Selecting previously unselected package libcroco3:amd64.
Unpacking libcroco3:amd64 (from .../libcroco3_0.6.6-2_amd64.deb) ...
Selecting previously unselected package libunistring0:amd64.
Unpacking libunistring0:amd64 (from .../libunistring0_0.9.3-5_amd64.deb) ...
Selecting previously unselected package libgettextpo0:amd64.
Unpacking libgettextpo0:amd64 (from .../libgettextpo0_0.18.1.1-10_amd64.deb) ...
Selecting previously unselected package sgml-base.
Unpacking sgml-base (from .../sgml-base_1.26+nmu4_all.deb) ...
Selecting previously unselected package file.
Unpacking file (from .../archives/file_5.11-2_amd64.deb) ...
Selecting previously unselected package gettext-base.
Unpacking gettext-base (from .../gettext-base_0.18.1.1-10_amd64.deb) ...
Selecting previously unselected package autotools-dev.
Unpacking autotools-dev (from .../autotools-dev_20120608.1_all.deb) ...
Selecting previously unselected package cdbs.
Unpacking cdbs (from .../archives/cdbs_0.4.120_all.deb) ...
Selecting previously unselected package html2text.
Unpacking html2text (from .../html2text_1.3.2a-15_amd64.deb) ...
Selecting previously unselected package libasprintf-dev:amd64.
Unpacking libasprintf-dev:amd64 (from .../libasprintf-dev_0.18.1.1-10_amd64.deb) ...
Selecting previously unselected package libgettextpo-dev:amd64.
Unpacking libgettextpo-dev:amd64 (from .../libgettextpo-dev_0.18.1.1-10_amd64.deb) ...
Selecting previously unselected package gettext.
Unpacking gettext (from .../gettext_0.18.1.1-10_amd64.deb) ...
Selecting previously unselected package intltool-debian.
Unpacking intltool-debian (from .../intltool-debian_0.35.0+20060710.1_all.deb) ...
Selecting previously unselected package po-debconf.
Unpacking po-debconf (from .../po-debconf_1.0.16+nmu2_all.deb) ...
Selecting previously unselected package debhelper.
Unpacking debhelper (from .../debhelper_9.20120909_all.deb) ...
Selecting previously unselected package xml-core.
Unpacking xml-core (from .../xml-core_0.13+nmu2_all.deb) ...
Selecting previously unselected package sgml-data.
Unpacking sgml-data (from .../sgml-data_2.0.8_all.deb) ...
Selecting previously unselected package docbook.
Unpacking docbook (from .../docbook_4.5-5.1_all.deb) ...
Selecting previously unselected package libsp1c2.
Unpacking libsp1c2 (from .../libsp1c2_1.3.4-1.2.1-47.1+b1_amd64.deb) ...
Selecting previously unselected package sp.
Unpacking sp (from .../sp_1.3.4-1.2.1-47.1+b1_amd64.deb) ...
Selecting previously unselected package docbook-to-man.
Unpacking docbook-to-man (from .../docbook-to-man_1%3a2.0.0-31_amd64.deb) ...
Selecting previously unselected package libsigsegv2.
Unpacking libsigsegv2 (from .../libsigsegv2_2.9-4_amd64.deb) ...
Selecting previously unselected package gawk.
Unpacking gawk (from .../gawk_1%3a4.0.1+dfsg-2_amd64.deb) ...
Selecting previously unselected package sbuild-build-depends-styx-dummy.
Unpacking sbuild-build-depends-styx-dummy (from .../sbuild-build-depends-styx-dummy.deb) ...
Processing triggers for mime-support ...
Setting up libpipeline1:amd64 (1.2.2-1) ...
Setting up groff-base (1.22.1-2) ...
Setting up bsdmainutils (9.0.4) ...
update-alternatives: using /usr/bin/bsd-write to provide /usr/bin/write (write) in auto mode
update-alternatives: using /usr/bin/bsd-from to provide /usr/bin/from (from) in auto mode
Setting up man-db (2.6.3-3) ...
Building database of manual pages ...
Setting up libasprintf0c2:amd64 (0.18.1.1-10) ...
Setting up libmagic1:amd64 (5.11-2) ...
Setting up libpcre3:amd64 (1:8.31-2) ...
Setting up libxml2:amd64 (2.8.0+dfsg1-7) ...
Setting up libglib2.0-0:amd64 (2.33.12+really2.32.4-5) ...
No schema files found: doing nothing.
Setting up libcroco3:amd64 (0.6.6-2) ...
Setting up libunistring0:amd64 (0.9.3-5) ...
Setting up libgettextpo0:amd64 (0.18.1.1-10) ...
Setting up sgml-base (1.26+nmu4) ...
Setting up file (5.11-2) ...
Setting up gettext-base (0.18.1.1-10) ...
Setting up autotools-dev (20120608.1) ...
Setting up cdbs (0.4.120) ...
Setting up html2text (1.3.2a-15) ...
Setting up libasprintf-dev:amd64 (0.18.1.1-10) ...
Setting up libgettextpo-dev:amd64 (0.18.1.1-10) ...
Setting up gettext (0.18.1.1-10) ...
Setting up intltool-debian (0.35.0+20060710.1) ...
Setting up po-debconf (1.0.16+nmu2) ...
Setting up debhelper (9.20120909) ...
Setting up xml-core (0.13+nmu2) ...
Setting up libsp1c2 (1.3.4-1.2.1-47.1+b1) ...
Setting up sp (1.3.4-1.2.1-47.1+b1) ...
Setting up libsigsegv2 (2.9-4) ...
Setting up gawk (1:4.0.1+dfsg-2) ...
Processing triggers for sgml-base ...
Setting up sgml-data (2.0.8) ...
Processing triggers for sgml-base ...
Setting up docbook (4.5-5.1) ...
Processing triggers for sgml-base ...
Setting up docbook-to-man (1:2.0.0-31) ...
Setting up sbuild-build-depends-styx-dummy (0.invalid.0) ...

┌──────────────────────────────────────────────────────────────────────────────┐
│ Build environment                                                            │
└──────────────────────────────────────────────────────────────────────────────┘

Kernel: Linux 2.6.32-5-xen-amd64 amd64 (x86_64)
Toolchain package versions: binutils_2.22-7.1 dpkg-dev_1.16.9 g++-4.6_4.6.3-15 g++-4.7_4.7.2-19 gcc-4.6_4.6.3-15 gcc-4.7_4.7.2-19 libc6-dev_2.16-0experimental1 libstdc++6_4.8-20130127-1 libstdc++6-4.6-dev_4.6.3-15 libstdc++6-4.7-dev_4.7.2-19 linux-libc-dev_3.2.35-2
Package versions: apt_0.9.7.7 autotools-dev_20120608.1 base-files_7.1 base-passwd_3.5.26 bash_4.2+dfsg-0.1 binutils_2.22-7.1 bsdmainutils_9.0.4 bsdutils_1:2.20.1-5.3 build-essential_11.6 bzip2_1.0.6-4 cdbs_0.4.120 clang_3.2-1~exp5 clang-3.2_3.2-1~exp5 compiler-rt_3.2-1~exp5 coreutils_8.20-3 cpp_4:4.7.2-1 cpp-4.6_4.6.3-15 cpp-4.7_4.7.2-19 dash_0.5.7-3 debconf_1.5.49 debconf-i18n_1.5.49 debfoster_2.7-1.2 debhelper_9.20120909 debian-archive-keyring_2012.4 debianutils_4.3.4 diffutils_1:3.2-7 docbook_4.5-5.1 docbook-to-man_1:2.0.0-31 dpkg_1.16.9 dpkg-dev_1.16.9 e2fslibs_1.42.5-1 e2fsprogs_1.42.5-1 fakeroot_1.18.4-2 file_5.11-2 findutils_4.4.2-5 g++_4:4.7.2-1 g++-4.6_4.6.3-15 g++-4.7_4.7.2-19 gawk_1:4.0.1+dfsg-2 gcc_4:4.7.2-1 gcc-4.4-base_4.4.7-3 gcc-4.5-base_4.5.4-1 gcc-4.6_4.6.3-15 gcc-4.6-base_4.6.3-15 gcc-4.7_4.7.2-19 gcc-4.7-base_4.7.2-19 gcc-4.8-base_4.8-20130127-1 gettext_0.18.1.1-10 gettext-base_0.18.1.1-10 gnupg_1.4.12-7 gpgv_1.4.12-7 grep_2.14-1 groff-base_1.22.1-2 gzip_1.5-1.1 hostname_3.12 html2text_1.3.2a-15 initscripts_2.88dsf-39 insserv_1.14.0-5 intltool-debian_0.35.0+20060710.1 libacl1_2.2.51-8 libapt-pkg4.12_0.9.7.7 libasprintf-dev_0.18.1.1-10 libasprintf0c2_0.18.1.1-10 libattr1_1:2.4.46-8 libblkid1_2.20.1-5.3 libbz2-1.0_1.0.6-4 libc-bin_2.13-38 libc-dev-bin_2.16-0experimental1 libc6_2.16-0experimental1 libc6-dev_2.16-0experimental1 libclang-common-dev_3.2-1~exp5 libclass-isa-perl_0.36-5 libcomerr2_1.42.5-1 libcroco3_0.6.6-2 libdb5.1_5.1.29-5 libdpkg-perl_1.16.9 libexpat1_2.1.0-2 libffi5_3.0.10-3 libfile-fcntllock-perl_0.14-2 libgc1c2_1:7.1-9.1 libgcc-4.7-dev_4.7.2-19 libgcc1_1:4.8-20130127-1 libgdbm3_1.8.3-11 libgettextpo-dev_0.18.1.1-10 libgettextpo0_0.18.1.1-10 libglib2.0-0_2.33.12+really2.32.4-5 libgmp10_2:5.0.5+dfsg-2 libgomp1_4.8-20130127-1 libgpm2_1.20.4-6 libitm1_4.8-20130127-1 libllvm3.2_3.2-2 liblocale-gettext-perl_1.05-7+b1 liblzma5_5.1.1alpha+20120614-2 libmagic1_5.11-2 libmount1_2.20.1-5.3 libmpc2_0.9-4 libmpfr4_3.1.0-5 libncurses5_5.9+20130119-1 libncursesw5_5.9+20130119-1 libobjc-4.7-dev_4.7.2-19 libobjc4_4.8-20130127-1 libpam-modules_1.1.3-7.1 libpam-modules-bin_1.1.3-7.1 libpam-runtime_1.1.3-7.1 libpam0g_1.1.3-7.1 libpcre3_1:8.31-2 libpipeline1_1.2.2-1 libpython2.7-minimal_2.7.3-15 libpython2.7-stdlib_2.7.3-15 libquadmath0_4.8-20130127-1 libreadline6_6.2+dfsg-0.1 libselinux1_2.1.9-5 libsemanage-common_2.1.6-6 libsemanage1_2.1.6-6 libsepol1_2.1.4-3 libsigsegv2_2.9-4 libslang2_2.2.4-15 libsp1c2_1.3.4-1.2.1-47.1+b1 libsqlite3-0_3.7.15.2-1 libss2_1.42.5-1 libssl1.0.0_1.0.1c-4 libstdc++6_4.8-20130127-1 libstdc++6-4.6-dev_4.6.3-15 libstdc++6-4.7-dev_4.7.2-19 libswitch-perl_2.16-2 libtext-charwidth-perl_0.04-7+b1 libtext-iconv-perl_1.7-5 libtext-wrapi18n-perl_0.06-7 libtimedate-perl_1.2000-1 libtinfo5_5.9+20130119-1 libunistring0_0.9.3-5 libusb-0.1-4_2:0.1.12-23+nmu1 libustr-1.0-1_1.0.4-3 libuuid1_2.20.1-5.3 libxml2_2.8.0+dfsg1-7 linux-libc-dev_3.2.35-2 login_1:4.1.5.1-1 lsb-base_4.1+Debian9 make_3.81-8.2 man-db_2.6.3-3 mawk_1.3.3-17 mime-support_3.53~experimental2 mount_2.20.1-5.3 multiarch-support_2.13-38 ncurses-base_5.9-10 ncurses-bin_5.9-10 passwd_1:4.1.5.1-1 patch_2.6.1-3 perl_5.14.2-17 perl-base_5.14.2-17 perl-modules_5.14.2-17 po-debconf_1.0.16+nmu2 python_2.7.3-10 python-minimal_2.7.3-10 python2.7_2.7.3-15 python2.7-minimal_2.7.3-15 readline-common_6.2+dfsg-0.1 sbuild-build-depends-core-dummy_0.invalid.0 sbuild-build-depends-styx-dummy_0.invalid.0 sed_4.2.1-10 sensible-utils_0.0.7 sgml-base_1.26+nmu4 sgml-data_2.0.8 sp_1.3.4-1.2.1-47.1+b1 sudo_1.8.5p2-1 sysv-rc_2.88dsf-39 sysvinit_2.88dsf-39 sysvinit-utils_2.88dsf-39 tar_1.26+dfsg-0.1 tzdata_2012j-1 ucf_3.0025+nmu3 util-linux_2.20.1-5.3 vim_2:7.3.547-6 vim-common_2:7.3.547-6 vim-runtime_2:7.3.547-6 xml-core_0.13+nmu2 xz-utils_5.1.1alpha+20120614-2 zlib1g_1:1.2.7.dfsg-13

┌──────────────────────────────────────────────────────────────────────────────┐
│ Build                                                                        │
└──────────────────────────────────────────────────────────────────────────────┘


Unpack source
─────────────

gpgv: keyblock resource `/sbuild-nonexistent/.gnupg/trustedkeys.gpg': file open error
gpgv: Signature made Fri Dec 30 15:06:58 2011 UTC using RSA key ID 8649AA06
gpgv: Can't check signature: public key not found
dpkg-source: warning: failed to verify signature on ./styx_1.8.0-1.1.dsc
dpkg-source: info: extracting styx in styx-1.8.0
dpkg-source: info: unpacking styx_1.8.0.orig.tar.gz
dpkg-source: info: unpacking styx_1.8.0-1.1.debian.tar.gz
dpkg-source: info: applying Makefile.in.am.patch

Check disc space
────────────────

Sufficient free space for build

User Environment
────────────────

HOME=/sbuild-nonexistent
LOGNAME=user
PATH=/usr/local/sbin:/usr/local/bin:/usr/sbin:/usr/bin:/sbin:/bin:/usr/games
SCHROOT_CHROOT_NAME=unstable-amd64-sbuild
SCHROOT_COMMAND=env
SCHROOT_GID=1000
SCHROOT_GROUP=user
SCHROOT_SESSION_ID=unstable-amd64-sbuild-e1b6321c-a667-459d-aaef-230f71870293
SCHROOT_UID=1000
SCHROOT_USER=user
SHELL=/bin/sh
USER=user

dpkg-buildpackage
─────────────────

dpkg-buildpackage: source package styx
dpkg-buildpackage: source version 1.8.0-1.1
dpkg-buildpackage: source changed by gregor herrmann <gregoa@debian.org>
 dpkg-source --before-build styx-1.8.0
dpkg-buildpackage: host architecture amd64
 fakeroot debian/rules clean
test -x debian/rules
dh_testroot
rm -f debian/stamp-makefile-build debian/stamp-makefile-install
/usr/bin/make  -C .  -k distclean
make[1]: Entering directory `/«PKGBUILDDIR»'
 cd . && /bin/sh ./config.status Makefile depfiles
config.status: creating Makefile
config.status: executing depfiles commands
make[1]: Leaving directory `/«PKGBUILDDIR»'
make[1]: Entering directory `/«PKGBUILDDIR»'
Making distclean in libspe
make[2]: Entering directory `/«PKGBUILDDIR»/libspe'
rm -rf .libs _libs
rm -f *.lo
test -z "" || rm -f 
test . = "." || test -z "" || rm -f 
rm -f Makefile
make[2]: Leaving directory `/«PKGBUILDDIR»/libspe'
Making distclean in spexml
make[2]: Entering directory `/«PKGBUILDDIR»/spexml'
rm -f xxml
rm -rf .libs _libs
rm -f *.lo
test -z "xxml.in" || rm -f xxml.in
test . = "." || test -z "" || rm -f 
rm -f Makefile
make[2]: Leaving directory `/«PKGBUILDDIR»/spexml'
Making distclean in genxml
make[2]: Entering directory `/«PKGBUILDDIR»/genxml'
rm -rf .libs _libs
test -z "libpgmxml.a" || rm -f libpgmxml.a
test -z "libdxml.la" || rm -f libdxml.la
rm -f "./so_locations"
rm -f *.o
rm -f *.lo
rm -f *.tab.c
test -z "" || rm -f 
test . = "." || test -z "" || rm -f 
rm -f TAGS ID GTAGS GRTAGS GSYMS GPATH tags
rm -rf ./.deps
rm -f Makefile
make[2]: Leaving directory `/«PKGBUILDDIR»/genxml'
Making distclean in pgmxml
make[2]: Entering directory `/«PKGBUILDDIR»/pgmxml'
rm -rf .libs _libs
test -z "libpgmxml.a" || rm -f libpgmxml.a
rm -f *.o
rm -f *.lo
rm -f *.tab.c
test -z "" || rm -f 
test . = "." || test -z "" || rm -f 
rm -f TAGS ID GTAGS GRTAGS GSYMS GPATH tags
rm -rf ./.deps
rm -f Makefile
make[2]: Leaving directory `/«PKGBUILDDIR»/pgmxml'
Making distclean in incxml
make[2]: Entering directory `/«PKGBUILDDIR»/incxml'
rm -rf .libs _libs
rm -f *.lo
test -z "" || rm -f 
test . = "." || test -z "" || rm -f 
rm -f TAGS ID GTAGS GRTAGS GSYMS GPATH tags
rm -f Makefile
make[2]: Leaving directory `/«PKGBUILDDIR»/incxml'
Making distclean in libxml
make[2]: Entering directory `/«PKGBUILDDIR»/libxml'
rm -rf .libs _libs
test -z "libdxml.la" || rm -f libdxml.la
rm -f "./so_locations"
rm -f *.o
rm -f *.lo
rm -f *.tab.c
test -z "" || rm -f 
test . = "." || test -z "" || rm -f 
rm -f TAGS ID GTAGS GRTAGS GSYMS GPATH tags
rm -rf ./.deps
rm -f Makefile
make[2]: Leaving directory `/«PKGBUILDDIR»/libxml'
Making distclean in pat
make[2]: Entering directory `/«PKGBUILDDIR»/pat'
rm -rf .libs _libs
rm -f *.lo
test -z "" || rm -f 
test . = "." || test -z "" || rm -f 
rm -f Makefile
make[2]: Leaving directory `/«PKGBUILDDIR»/pat'
Making distclean in spe
make[2]: Entering directory `/«PKGBUILDDIR»/spe'
rm -f xsty
rm -rf .libs _libs
rm -f *.lo
test -z "xsty.in" || rm -f xsty.in
test . = "." || test -z "" || rm -f 
rm -f Makefile
make[2]: Leaving directory `/«PKGBUILDDIR»/spe'
Making distclean in examples
make[2]: Entering directory `/«PKGBUILDDIR»/examples'
Making distclean in example07
make[3]: Entering directory `/«PKGBUILDDIR»/examples/example07'
rm -rf .libs _libs
rm -f *.lo
test -z "mx" || rm -f mx
test . = "." || test -z "" || rm -f 
rm -f Makefile
make[3]: Leaving directory `/«PKGBUILDDIR»/examples/example07'
Making distclean in example06
make[3]: Entering directory `/«PKGBUILDDIR»/examples/example06'
rm -rf .libs _libs
rm -f *.lo
test -z "mx" || rm -f mx
test . = "." || test -z "" || rm -f 
rm -f Makefile
make[3]: Leaving directory `/«PKGBUILDDIR»/examples/example06'
Making distclean in example05
make[3]: Entering directory `/«PKGBUILDDIR»/examples/example05'
rm -rf .libs _libs
rm -f *.lo
test -z "mx" || rm -f mx
test . = "." || test -z "" || rm -f 
rm -f Makefile
make[3]: Leaving directory `/«PKGBUILDDIR»/examples/example05'
Making distclean in example04
make[3]: Entering directory `/«PKGBUILDDIR»/examples/example04'
rm -rf .libs _libs
rm -f *.lo
test -z "mx" || rm -f mx
test . = "." || test -z "" || rm -f 
rm -f Makefile
make[3]: Leaving directory `/«PKGBUILDDIR»/examples/example04'
Making distclean in example03
make[3]: Entering directory `/«PKGBUILDDIR»/examples/example03'
rm -rf .libs _libs
rm -f *.lo
test -z "mx" || rm -f mx
test . = "." || test -z "" || rm -f 
rm -f Makefile
make[3]: Leaving directory `/«PKGBUILDDIR»/examples/example03'
Making distclean in example02
make[3]: Entering directory `/«PKGBUILDDIR»/examples/example02'
rm -rf .libs _libs
rm -f *.lo
test -z "mx" || rm -f mx
test . = "." || test -z "" || rm -f 
rm -f Makefile
make[3]: Leaving directory `/«PKGBUILDDIR»/examples/example02'
Making distclean in example01
make[3]: Entering directory `/«PKGBUILDDIR»/examples/example01'
rm -rf .libs _libs
rm -f *.lo
test -z "mx" || rm -f mx
test . = "." || test -z "" || rm -f 
rm -f Makefile
make[3]: Leaving directory `/«PKGBUILDDIR»/examples/example01'
Making distclean in .
make[3]: Entering directory `/«PKGBUILDDIR»/examples'
rm -rf .libs _libs
rm -f *.lo
test -z "" || rm -f 
test . = "." || test -z "" || rm -f 
rm -f TAGS ID GTAGS GRTAGS GSYMS GPATH tags
make[3]: Leaving directory `/«PKGBUILDDIR»/examples'
rm -f Makefile
make[2]: Leaving directory `/«PKGBUILDDIR»/examples'
Making distclean in doc
make[2]: Entering directory `/«PKGBUILDDIR»/doc'
rm -rf .libs _libs
rm -f *.lo
test -z "" || rm -f 
test . = "." || test -z "" || rm -f 
rm -f Makefile
make[2]: Leaving directory `/«PKGBUILDDIR»/doc'
Making distclean in inc
make[2]: Entering directory `/«PKGBUILDDIR»/inc'
rm -rf .libs _libs
rm -f *.lo
test -z "" || rm -f 
test . = "." || test -z "" || rm -f 
rm -f TAGS ID GTAGS GRTAGS GSYMS GPATH tags
rm -f Makefile
make[2]: Leaving directory `/«PKGBUILDDIR»/inc'
Making distclean in pgm
make[2]: Entering directory `/«PKGBUILDDIR»/pgm'
rm -rf .libs _libs
test -z "libpgm.a" || rm -f libpgm.a
rm -f *.o
rm -f *.lo
rm -f *.tab.c
test -z "" || rm -f 
test . = "." || test -z "" || rm -f 
rm -f TAGS ID GTAGS GRTAGS GSYMS GPATH tags
rm -rf ./.deps
rm -f Makefile
make[2]: Leaving directory `/«PKGBUILDDIR»/pgm'
Making distclean in modstd
make[2]: Entering directory `/«PKGBUILDDIR»/modstd'
rm -rf .libs _libs
test -z "libdstyx.la" || rm -f libdstyx.la
rm -f "./so_locations"
rm -f *.o
rm -f *.lo
rm -f *.tab.c
test -z "" || rm -f 
test . = "." || test -z "" || rm -f 
rm -f TAGS ID GTAGS GRTAGS GSYMS GPATH tags
rm -rf ./.deps
rm -f Makefile
make[2]: Leaving directory `/«PKGBUILDDIR»/modstd'
Making distclean in modext
make[2]: Entering directory `/«PKGBUILDDIR»/modext'
rm -rf .libs _libs
rm -f *.lo
test -z "" || rm -f 
test . = "." || test -z "" || rm -f 
rm -f Makefile
make[2]: Leaving directory `/«PKGBUILDDIR»/modext'
Making distclean in libutil
make[2]: Entering directory `/«PKGBUILDDIR»/libutil'
rm -rf .libs _libs
test -z "libxstyx.la" || rm -f libxstyx.la
rm -f "./so_locations"
rm -f *.o
rm -f *.lo
rm -f *.tab.c
test -z "" || rm -f 
test . = "." || test -z "" || rm -f 
rm -f TAGS ID GTAGS GRTAGS GSYMS GPATH tags
rm -rf ./.deps
rm -f Makefile
make[2]: Leaving directory `/«PKGBUILDDIR»/libutil'
Making distclean in libstyx
make[2]: Entering directory `/«PKGBUILDDIR»/libstyx'
rm -rf .libs _libs
test -z "libxstyx.la" || rm -f libxstyx.la
rm -f "./so_locations"
rm -f *.o
rm -f *.lo
rm -f *.tab.c
test -z "" || rm -f 
test . = "." || test -z "" || rm -f 
rm -f TAGS ID GTAGS GRTAGS GSYMS GPATH tags
rm -rf ./.deps
rm -f Makefile
make[2]: Leaving directory `/«PKGBUILDDIR»/libstyx'
Making distclean in libbase
make[2]: Entering directory `/«PKGBUILDDIR»/libbase'
rm -rf .libs _libs
test -z "libdstyx.la" || rm -f libdstyx.la
rm -f "./so_locations"
rm -f *.o
rm -f *.lo
rm -f *.tab.c
test -z "" || rm -f 
test . = "." || test -z "" || rm -f 
rm -f TAGS ID GTAGS GRTAGS GSYMS GPATH tags
rm -rf ./.deps
rm -f Makefile
make[2]: Leaving directory `/«PKGBUILDDIR»/libbase'
Making distclean in gen
make[2]: Entering directory `/«PKGBUILDDIR»/gen'
rm -rf .libs _libs
test -z "libpgm.a" || rm -f libpgm.a
test -z "libxstyx.la" || rm -f libxstyx.la
rm -f "./so_locations"
rm -f *.o
rm -f *.lo
rm -f *.tab.c
test -z "" || rm -f 
test . = "." || test -z "" || rm -f 
rm -f TAGS ID GTAGS GRTAGS GSYMS GPATH tags
rm -rf ./.deps
rm -f Makefile
make[2]: Leaving directory `/«PKGBUILDDIR»/gen'
Making distclean in .
make[2]: Entering directory `/«PKGBUILDDIR»'
 rm -f styx stydoc stypp ctoh lim_test pim_test ptm_img xml_test lim2dot pim2dot
test -z "libdstyx.la libxstyx.la libdxml.la" || rm -f libdstyx.la libxstyx.la libdxml.la
rm -f "./so_locations"
rm -f "./so_locations"
rm -f "./so_locations"
rm -rf .libs _libs
test -z "libfoolam.la" || rm -f libfoolam.la
rm -f "./so_locations"
rm -f *.o
rm -f *.lo
rm -f *.tab.c
test -z "" || rm -f 
test . = "." || test -z "" || rm -f 
rm -f config.h stamp-h1
rm -f libtool config.lt
rm -f TAGS ID GTAGS GRTAGS GSYMS GPATH tags
make[2]: Leaving directory `/«PKGBUILDDIR»'
rm -f config.status config.cache config.log configure.lineno config.status.lineno
rm -rf ./.deps
rm -f Makefile
make[1]: Leaving directory `/«PKGBUILDDIR»'
rm -f debian/stamp-autotools
rmdir --ignore-fail-on-non-empty .
rmdir: failed to remove '.': Invalid argument
make: [makefile-clean] Error 1 (ignored)
for i in ./config.guess ./config.sub  ; do \
		if test -e $i.cdbs-orig ; then \
			mv $i.cdbs-orig $i ; \
		fi ; \
	done
dh_clean 
rm -f debian/stamp-autotools-files
rm -f debian/styx.1
rm -rf debian/styx-xml debian/styx-xml.tar.gz
 debian/rules build-arch
test -x debian/rules
mkdir -p "."
if test -e /usr/share/misc/config.guess ; then \
		for i in ./config.guess ; do \
			if ! test -e $i.cdbs-orig ; then \
				mv $i $i.cdbs-orig ; \
				cp --remove-destination /usr/share/misc/config.guess $i ; \
			fi ; \
		done ; \
	fi
if test -e /usr/share/misc/config.sub ; then \
		for i in ./config.sub ; do \
			if ! test -e $i.cdbs-orig ; then \
				mv $i $i.cdbs-orig ; \
				cp --remove-destination /usr/share/misc/config.sub $i ; \
			fi ; \
		done ; \
	fi
touch debian/stamp-autotools-files
chmod a+x /«PKGBUILDDIR»/./configure
mkdir -p .
cd . &&   CFLAGS="-g -O2 -fstack-protector --param=ssp-buffer-size=4 -Wformat -Werror=format-security -Wall" CXXFLAGS="-g -O2 -fstack-protector --param=ssp-buffer-size=4 -Wformat -Werror=format-security -Wall" CPPFLAGS="-D_FORTIFY_SOURCE=2" LDFLAGS="-Wl,-z,relro" /«PKGBUILDDIR»/./configure --build=x86_64-linux-gnu  --prefix=/usr --includedir=/usr/include/styx --mandir="\${prefix}/share/man" --infodir="\${prefix}/share/info" --sysconfdir=/etc --localstatedir=/var --libexecdir="\${prefix}/lib/styx" --srcdir=. --disable-maintainer-mode --disable-dependency-tracking --disable-silent-rules   --datadir=/usr/share/doc/styx-doc ac_cv_htmldir=/usr/share/doc/styx-doc/html ac_cv_sgmldir=/usr/share/doc/styx-doc/sgml 
configure: WARNING: unrecognized options: --disable-maintainer-mode, --disable-silent-rules
checking for a BSD-compatible install... /usr/bin/install -c
checking whether build environment is sane... yes
/«PKGBUILDDIR»/missing: Unknown `--run' option
Try `/«PKGBUILDDIR»/missing --help' for more information
configure: WARNING: `missing' script is too old or missing
checking for a thread-safe mkdir -p... /bin/mkdir -p
checking for gawk... gawk
checking whether make sets $(MAKE)... yes
checking for gawk... (cached) gawk
checking for gcc... gcc
checking whether the C compiler works... yes
checking for C compiler default output file name... a.out
checking for suffix of executables... 
checking whether we are cross compiling... no
checking for suffix of object files... o
checking whether we are using the GNU C compiler... yes
checking whether gcc accepts -g... yes
checking for gcc option to accept ISO C89... none needed
checking for style of include used by make... GNU
checking dependency style of gcc... none
checking for g++... g++
checking whether we are using the GNU C++ compiler... yes
checking whether g++ accepts -g... yes
checking dependency style of g++... none
checking how to run the C preprocessor... gcc -E
checking build system type... x86_64-pc-linux-gnu
checking host system type... x86_64-pc-linux-gnu
checking for a sed that does not truncate output... /bin/sed
checking for grep that handles long lines and -e... /bin/grep
checking for egrep... /bin/grep -E
checking for fgrep... /bin/grep -F
checking for ld used by gcc... /usr/bin/ld
checking if the linker (/usr/bin/ld) is GNU ld... yes
checking for BSD- or MS-compatible name lister (nm)... /usr/bin/nm -B
checking the name lister (/usr/bin/nm -B) interface... BSD nm
checking whether ln -s works... yes
checking the maximum length of command line arguments... 3458764513820540925
checking whether the shell understands some XSI constructs... yes
checking whether the shell understands "+="... yes
checking for /usr/bin/ld option to reload object files... -r
checking for objdump... objdump
checking how to recognize dependent libraries... pass_all
checking for ar... ar
checking for strip... strip
checking for ranlib... ranlib
checking command to parse /usr/bin/nm -B output from gcc object... ok
checking for ANSI C header files... yes
checking for sys/types.h... yes
checking for sys/stat.h... yes
checking for stdlib.h... yes
checking for string.h... yes
checking for memory.h... yes
checking for strings.h... yes
checking for inttypes.h... yes
checking for stdint.h... yes
checking for unistd.h... yes
checking for dlfcn.h... yes
checking whether we are using the GNU C++ compiler... (cached) yes
checking whether g++ accepts -g... (cached) yes
checking dependency style of g++... (cached) none
checking how to run the C++ preprocessor... g++ -E
checking for objdir... .libs
checking if gcc supports -fno-rtti -fno-exceptions... yes
checking for gcc option to produce PIC... -fPIC -DPIC
checking if gcc PIC flag -fPIC -DPIC works... yes
checking if gcc static flag -static works... yes
checking if gcc supports -c -o file.o... yes
checking if gcc supports -c -o file.o... (cached) yes
checking whether the gcc linker (/usr/bin/ld -m elf_x86_64) supports shared libraries... yes
checking whether -lc should be explicitly linked in... no
checking dynamic linker characteristics... GNU/Linux ld.so
checking how to hardcode library paths into programs... immediate
checking whether stripping libraries is possible... yes
checking if libtool supports shared libraries... yes
checking whether to build shared libraries... yes
checking whether to build static libraries... yes
checking for ld used by g++... /usr/bin/ld -m elf_x86_64
checking if the linker (/usr/bin/ld -m elf_x86_64) is GNU ld... yes
checking whether the g++ linker (/usr/bin/ld -m elf_x86_64) supports shared libraries... yes
checking for g++ option to produce PIC... -fPIC -DPIC
checking if g++ PIC flag -fPIC -DPIC works... yes
checking if g++ static flag -static works... yes
checking if g++ supports -c -o file.o... yes
checking if g++ supports -c -o file.o... (cached) yes
checking whether the g++ linker (/usr/bin/ld -m elf_x86_64) supports shared libraries... yes
checking dynamic linker characteristics... GNU/Linux ld.so
checking how to hardcode library paths into programs... immediate
checking whether ln -s works... yes
checking whether make sets $(MAKE)... (cached) yes
checking for sed... /bin/sed
checking for dlopen in -ldl... yes
checking for sem_init in -lrt... yes
checking for an ANSI C-conforming const... yes
checking for size_t... yes
checking whether struct tm is in sys/time.h or time.h... time.h
checking net/errno.h usability... no
checking net/errno.h presence... no
checking for net/errno.h... no
checking sys/errno.h usability... yes
checking sys/errno.h presence... yes
checking for sys/errno.h... yes
checking errno.h usability... yes
checking errno.h presence... yes
checking for errno.h... yes
checking sys/fcntl.h usability... yes
checking sys/fcntl.h presence... yes
checking for sys/fcntl.h... yes
checking fcntl.h usability... yes
checking fcntl.h presence... yes
checking for fcntl.h... yes
checking for sys/stat.h... (cached) yes
checking stat.h usability... no
checking stat.h presence... no
checking for stat.h... no
checking sys/time.h usability... yes
checking sys/time.h presence... yes
checking for sys/time.h... yes
checking time.h usability... yes
checking time.h presence... yes
checking for time.h... yes
checking for sys/types.h... (cached) yes
checking types.h usability... no
checking types.h presence... no
checking for types.h... no
checking sys/unistd.h usability... yes
checking sys/unistd.h presence... yes
checking for sys/unistd.h... yes
checking for unistd.h... (cached) yes
checking ctype.h usability... yes
checking ctype.h presence... yes
checking for ctype.h... yes
checking wchar.h usability... yes
checking wchar.h presence... yes
checking for wchar.h... yes
checking wctype.h usability... yes
checking wctype.h presence... yes
checking for wctype.h... yes
checking iconv.h usability... yes
checking iconv.h presence... yes
checking for iconv.h... yes
checking semaphore.h usability... yes
checking semaphore.h presence... yes
checking for semaphore.h... yes
checking malloc.h usability... yes
checking malloc.h presence... yes
checking for malloc.h... yes
checking for memory.h... (cached) yes
checking stdio.h usability... yes
checking stdio.h presence... yes
checking for stdio.h... yes
checking for stdlib.h... (cached) yes
checking for string.h... (cached) yes
checking for strings.h... (cached) yes
checking libc.h usability... no
checking libc.h presence... no
checking for libc.h... no
checking for dlfcn.h... (cached) yes
checking for dirent.h that defines DIR... yes
checking for library containing opendir... none required
checking dir.h usability... no
checking dir.h presence... no
checking for dir.h... no
checking direct.h usability... no
checking direct.h presence... no
checking for direct.h... no
checking for ANSI C header files... (cached) yes
checking whether time.h and sys/time.h may both be included... yes
checking whether stat file-mode macros are broken... no
checking for vprintf... yes
checking for _doprnt... no
checking for getcwd... yes
checking for strcspn... yes
checking for strdup... yes
checking for strerror... yes
checking for strstr... yes
checking for strchr... yes
checking for strrchr... yes
checking for index... yes
checking for rindex... yes
checking for memcpy... yes
checking for memcmp... yes
checking for vsnprintf... yes
checking for dlerror... yes
checking where to install HTML documents... (cached) /usr/share/doc/styx-doc/html
checking where to install SGML documents... (cached) /usr/share/doc/styx-doc/sgml
checking where to install examples... $(datadir)/examples
configure: creating ./config.status
config.status: creating Makefile
config.status: creating gen/Makefile
config.status: creating genxml/Makefile
config.status: creating libbase/Makefile
config.status: creating libstyx/Makefile
config.status: creating libutil/Makefile
config.status: creating libxml/Makefile
config.status: creating modstd/Makefile
config.status: creating modext/Makefile
config.status: creating pgm/Makefile
config.status: creating pgmxml/Makefile
config.status: creating inc/Makefile
config.status: creating incxml/Makefile
config.status: creating doc/Makefile
config.status: creating examples/Makefile
config.status: creating examples/example01/Makefile
config.status: creating examples/example01/mx
config.status: creating examples/example02/Makefile
config.status: creating examples/example02/mx
config.status: creating examples/example03/Makefile
config.status: creating examples/example03/mx
config.status: creating examples/example04/Makefile
config.status: creating examples/example04/mx
config.status: creating examples/example05/Makefile
config.status: creating examples/example05/mx
config.status: creating examples/example06/Makefile
config.status: creating examples/example06/mx
config.status: creating examples/example07/Makefile
config.status: creating examples/example07/mx
config.status: creating spe/Makefile
config.status: creating spe/xsty.in
config.status: creating spexml/Makefile
config.status: creating spexml/xxml.in
config.status: creating pat/Makefile
config.status: creating libspe/Makefile
config.status: creating config.h
config.status: executing depfiles commands
config.status: executing libtool commands
configure: WARNING: unrecognized options: --disable-maintainer-mode, --disable-silent-rules
touch debian/stamp-autotools
/usr/bin/make  -C .  
make[1]: Entering directory `/«PKGBUILDDIR»'
/usr/bin/make  all-recursive
make[2]: Entering directory `/«PKGBUILDDIR»'
Making all in gen
make[3]: Entering directory `/«PKGBUILDDIR»/gen'
gcc -DHAVE_CONFIG_H -I. -I.. -I../modstd -I../libutil -I../libbase -I../pgm -I../modext -I../inc  -D_FORTIFY_SOURCE=2  -funsigned-char -g -O2 -fstack-protector --param=ssp-buffer-size=4 -Wformat -Werror=format-security -Wall -c ctoh_cim.c
gcc -DHAVE_CONFIG_H -I. -I.. -I../modstd -I../libutil -I../libbase -I../pgm -I../modext -I../inc  -D_FORTIFY_SOURCE=2  -funsigned-char -g -O2 -fstack-protector --param=ssp-buffer-size=4 -Wformat -Werror=format-security -Wall -c ccnv_lim.c
gcc -DHAVE_CONFIG_H -I. -I.. -I../modstd -I../libutil -I../libbase -I../pgm -I../modext -I../inc  -D_FORTIFY_SOURCE=2  -funsigned-char -g -O2 -fstack-protector --param=ssp-buffer-size=4 -Wformat -Werror=format-security -Wall -c lim__cim.c
gcc -DHAVE_CONFIG_H -I. -I.. -I../modstd -I../libutil -I../libbase -I../pgm -I../modext -I../inc  -D_FORTIFY_SOURCE=2  -funsigned-char -g -O2 -fstack-protector --param=ssp-buffer-size=4 -Wformat -Werror=format-security -Wall -c styx_cim.c
gcc -DHAVE_CONFIG_H -I. -I.. -I../modstd -I../libutil -I../libbase -I../pgm -I../modext -I../inc  -D_FORTIFY_SOURCE=2  -funsigned-char -g -O2 -fstack-protector --param=ssp-buffer-size=4 -Wformat -Werror=format-security -Wall -c pim__cim.c
gcc -DHAVE_CONFIG_H -I. -I.. -I../modstd -I../libutil -I../libbase -I../pgm -I../modext -I../inc  -D_FORTIFY_SOURCE=2  -funsigned-char -g -O2 -fstack-protector --param=ssp-buffer-size=4 -Wformat -Werror=format-security -Wall -c styp_cim.c
gcc -DHAVE_CONFIG_H -I. -I.. -I../modstd -I../libutil -I../libbase -I../pgm -I../modext -I../inc  -D_FORTIFY_SOURCE=2  -funsigned-char -g -O2 -fstack-protector --param=ssp-buffer-size=4 -Wformat -Werror=format-security -Wall -c styd_cim.c
gcc -DHAVE_CONFIG_H -I. -I.. -I../modstd -I../libutil -I../libbase -I../pgm -I../modext -I../inc  -D_FORTIFY_SOURCE=2  -funsigned-char -g -O2 -fstack-protector --param=ssp-buffer-size=4 -Wformat -Werror=format-security -Wall -c ptm__cim.c
gcc -DHAVE_CONFIG_H -I. -I.. -I../modstd -I../libutil -I../libbase -I../pgm -I../modext -I../inc  -D_FORTIFY_SOURCE=2  -funsigned-char -g -O2 -fstack-protector --param=ssp-buffer-size=4 -Wformat -Werror=format-security -Wall -c lim2dot_cim.c
gcc -DHAVE_CONFIG_H -I. -I.. -I../modstd -I../libutil -I../libbase -I../pgm -I../modext -I../inc  -D_FORTIFY_SOURCE=2  -funsigned-char -g -O2 -fstack-protector --param=ssp-buffer-size=4 -Wformat -Werror=format-security -Wall -c pim2dot_cim.c
rm -f libpgm.a
ar cru libpgm.a ctoh_cim.o ccnv_lim.o lim__cim.o styx_cim.o pim__cim.o styp_cim.o styd_cim.o ptm__cim.o lim2dot_cim.o pim2dot_cim.o 
ranlib libpgm.a
/bin/bash ../libtool --tag=CC   --mode=compile gcc -DHAVE_CONFIG_H -I. -I.. -I../modstd -I../libutil -I../libbase -I../pgm -I../modext -I../inc  -D_FORTIFY_SOURCE=2  -funsigned-char -g -O2 -fstack-protector --param=ssp-buffer-size=4 -Wformat -Werror=format-security -Wall -c -o cmd_int.lo cmd_int.c
libtool: compile:  gcc -DHAVE_CONFIG_H -I. -I.. -I../modstd -I../libutil -I../libbase -I../pgm -I../modext -I../inc -D_FORTIFY_SOURCE=2 -funsigned-char -g -O2 -fstack-protector --param=ssp-buffer-size=4 -Wformat -Werror=format-security -Wall -c cmd_int.c  -fPIC -DPIC -o .libs/cmd_int.o
libtool: compile:  gcc -DHAVE_CONFIG_H -I. -I.. -I../modstd -I../libutil -I../libbase -I../pgm -I../modext -I../inc -D_FORTIFY_SOURCE=2 -funsigned-char -g -O2 -fstack-protector --param=ssp-buffer-size=4 -Wformat -Werror=format-security -Wall -c cmd_int.c -o cmd_int.o >/dev/null 2>&1
/bin/bash ../libtool --tag=CC   --mode=compile gcc -DHAVE_CONFIG_H -I. -I.. -I../modstd -I../libutil -I../libbase -I../pgm -I../modext -I../inc  -D_FORTIFY_SOURCE=2  -funsigned-char -g -O2 -fstack-protector --param=ssp-buffer-size=4 -Wformat -Werror=format-security -Wall -c -o hpat_int.lo hpat_int.c
libtool: compile:  gcc -DHAVE_CONFIG_H -I. -I.. -I../modstd -I../libutil -I../libbase -I../pgm -I../modext -I../inc -D_FORTIFY_SOURCE=2 -funsigned-char -g -O2 -fstack-protector --param=ssp-buffer-size=4 -Wformat -Werror=format-security -Wall -c hpat_int.c  -fPIC -DPIC -o .libs/hpat_int.o
libtool: compile:  gcc -DHAVE_CONFIG_H -I. -I.. -I../modstd -I../libutil -I../libbase -I../pgm -I../modext -I../inc -D_FORTIFY_SOURCE=2 -funsigned-char -g -O2 -fstack-protector --param=ssp-buffer-size=4 -Wformat -Werror=format-security -Wall -c hpat_int.c -o hpat_int.o >/dev/null 2>&1
/bin/bash ../libtool --tag=CC   --mode=compile gcc -DHAVE_CONFIG_H -I. -I.. -I../modstd -I../libutil -I../libbase -I../pgm -I../modext -I../inc  -D_FORTIFY_SOURCE=2  -funsigned-char -g -O2 -fstack-protector --param=ssp-buffer-size=4 -Wformat -Werror=format-security -Wall -c -o cmd_lim.lo cmd_lim.c
libtool: compile:  gcc -DHAVE_CONFIG_H -I. -I.. -I../modstd -I../libutil -I../libbase -I../pgm -I../modext -I../inc -D_FORTIFY_SOURCE=2 -funsigned-char -g -O2 -fstack-protector --param=ssp-buffer-size=4 -Wformat -Werror=format-security -Wall -c cmd_lim.c  -fPIC -DPIC -o .libs/cmd_lim.o
libtool: compile:  gcc -DHAVE_CONFIG_H -I. -I.. -I../modstd -I../libutil -I../libbase -I../pgm -I../modext -I../inc -D_FORTIFY_SOURCE=2 -funsigned-char -g -O2 -fstack-protector --param=ssp-buffer-size=4 -Wformat -Werror=format-security -Wall -c cmd_lim.c -o cmd_lim.o >/dev/null 2>&1
/bin/bash ../libtool --tag=CC   --mode=compile gcc -DHAVE_CONFIG_H -I. -I.. -I../modstd -I../libutil -I../libbase -I../pgm -I../modext -I../inc  -D_FORTIFY_SOURCE=2  -funsigned-char -g -O2 -fstack-protector --param=ssp-buffer-size=4 -Wformat -Werror=format-security -Wall -c -o rexp_lim.lo rexp_lim.c
libtool: compile:  gcc -DHAVE_CONFIG_H -I. -I.. -I../modstd -I../libutil -I../libbase -I../pgm -I../modext -I../inc -D_FORTIFY_SOURCE=2 -funsigned-char -g -O2 -fstack-protector --param=ssp-buffer-size=4 -Wformat -Werror=format-security -Wall -c rexp_lim.c  -fPIC -DPIC -o .libs/rexp_lim.o
libtool: compile:  gcc -DHAVE_CONFIG_H -I. -I.. -I../modstd -I../libutil -I../libbase -I../pgm -I../modext -I../inc -D_FORTIFY_SOURCE=2 -funsigned-char -g -O2 -fstack-protector --param=ssp-buffer-size=4 -Wformat -Werror=format-security -Wall -c rexp_lim.c -o rexp_lim.o >/dev/null 2>&1
/bin/bash ../libtool --tag=CC   --mode=compile gcc -DHAVE_CONFIG_H -I. -I.. -I../modstd -I../libutil -I../libbase -I../pgm -I../modext -I../inc  -D_FORTIFY_SOURCE=2  -funsigned-char -g -O2 -fstack-protector --param=ssp-buffer-size=4 -Wformat -Werror=format-security -Wall -c -o styx_lim.lo styx_lim.c
libtool: compile:  gcc -DHAVE_CONFIG_H -I. -I.. -I../modstd -I../libutil -I../libbase -I../pgm -I../modext -I../inc -D_FORTIFY_SOURCE=2 -funsigned-char -g -O2 -fstack-protector --param=ssp-buffer-size=4 -Wformat -Werror=format-security -Wall -c styx_lim.c  -fPIC -DPIC -o .libs/styx_lim.o
libtool: compile:  gcc -DHAVE_CONFIG_H -I. -I.. -I../modstd -I../libutil -I../libbase -I../pgm -I../modext -I../inc -D_FORTIFY_SOURCE=2 -funsigned-char -g -O2 -fstack-protector --param=ssp-buffer-size=4 -Wformat -Werror=format-security -Wall -c styx_lim.c -o styx_lim.o >/dev/null 2>&1
/bin/bash ../libtool --tag=CC   --mode=compile gcc -DHAVE_CONFIG_H -I. -I.. -I../modstd -I../libutil -I../libbase -I../pgm -I../modext -I../inc  -D_FORTIFY_SOURCE=2  -funsigned-char -g -O2 -fstack-protector --param=ssp-buffer-size=4 -Wformat -Werror=format-security -Wall -c -o cmd_pim.lo cmd_pim.c
libtool: compile:  gcc -DHAVE_CONFIG_H -I. -I.. -I../modstd -I../libutil -I../libbase -I../pgm -I../modext -I../inc -D_FORTIFY_SOURCE=2 -funsigned-char -g -O2 -fstack-protector --param=ssp-buffer-size=4 -Wformat -Werror=format-security -Wall -c cmd_pim.c  -fPIC -DPIC -o .libs/cmd_pim.o
libtool: compile:  gcc -DHAVE_CONFIG_H -I. -I.. -I../modstd -I../libutil -I../libbase -I../pgm -I../modext -I../inc -D_FORTIFY_SOURCE=2 -funsigned-char -g -O2 -fstack-protector --param=ssp-buffer-size=4 -Wformat -Werror=format-security -Wall -c cmd_pim.c -o cmd_pim.o >/dev/null 2>&1
/bin/bash ../libtool --tag=CC   --mode=compile gcc -DHAVE_CONFIG_H -I. -I.. -I../modstd -I../libutil -I../libbase -I../pgm -I../modext -I../inc  -D_FORTIFY_SOURCE=2  -funsigned-char -g -O2 -fstack-protector --param=ssp-buffer-size=4 -Wformat -Werror=format-security -Wall -c -o hpat_lim.lo hpat_lim.c
libtool: compile:  gcc -DHAVE_CONFIG_H -I. -I.. -I../modstd -I../libutil -I../libbase -I../pgm -I../modext -I../inc -D_FORTIFY_SOURCE=2 -funsigned-char -g -O2 -fstack-protector --param=ssp-buffer-size=4 -Wformat -Werror=format-security -Wall -c hpat_lim.c  -fPIC -DPIC -o .libs/hpat_lim.o
libtool: compile:  gcc -DHAVE_CONFIG_H -I. -I.. -I../modstd -I../libutil -I../libbase -I../pgm -I../modext -I../inc -D_FORTIFY_SOURCE=2 -funsigned-char -g -O2 -fstack-protector --param=ssp-buffer-size=4 -Wformat -Werror=format-security -Wall -c hpat_lim.c -o hpat_lim.o >/dev/null 2>&1
/bin/bash ../libtool --tag=CC   --mode=compile gcc -DHAVE_CONFIG_H -I. -I.. -I../modstd -I../libutil -I../libbase -I../pgm -I../modext -I../inc  -D_FORTIFY_SOURCE=2  -funsigned-char -g -O2 -fstack-protector --param=ssp-buffer-size=4 -Wformat -Werror=format-security -Wall -c -o hpat_pim.lo hpat_pim.c
libtool: compile:  gcc -DHAVE_CONFIG_H -I. -I.. -I../modstd -I../libutil -I../libbase -I../pgm -I../modext -I../inc -D_FORTIFY_SOURCE=2 -funsigned-char -g -O2 -fstack-protector --param=ssp-buffer-size=4 -Wformat -Werror=format-security -Wall -c hpat_pim.c  -fPIC -DPIC -o .libs/hpat_pim.o
libtool: compile:  gcc -DHAVE_CONFIG_H -I. -I.. -I../modstd -I../libutil -I../libbase -I../pgm -I../modext -I../inc -D_FORTIFY_SOURCE=2 -funsigned-char -g -O2 -fstack-protector --param=ssp-buffer-size=4 -Wformat -Werror=format-security -Wall -c hpat_pim.c -o hpat_pim.o >/dev/null 2>&1
/bin/bash ../libtool --tag=CC   --mode=compile gcc -DHAVE_CONFIG_H -I. -I.. -I../modstd -I../libutil -I../libbase -I../pgm -I../modext -I../inc  -D_FORTIFY_SOURCE=2  -funsigned-char -g -O2 -fstack-protector --param=ssp-buffer-size=4 -Wformat -Werror=format-security -Wall -c -o styx_pim.lo styx_pim.c
libtool: compile:  gcc -DHAVE_CONFIG_H -I. -I.. -I../modstd -I../libutil -I../libbase -I../pgm -I../modext -I../inc -D_FORTIFY_SOURCE=2 -funsigned-char -g -O2 -fstack-protector --param=ssp-buffer-size=4 -Wformat -Werror=format-security -Wall -c styx_pim.c  -fPIC -DPIC -o .libs/styx_pim.o
libtool: compile:  gcc -DHAVE_CONFIG_H -I. -I.. -I../modstd -I../libutil -I../libbase -I../pgm -I../modext -I../inc -D_FORTIFY_SOURCE=2 -funsigned-char -g -O2 -fstack-protector --param=ssp-buffer-size=4 -Wformat -Werror=format-security -Wall -c styx_pim.c -o styx_pim.o >/dev/null 2>&1
/bin/bash ../libtool --tag=CC   --mode=compile gcc -DHAVE_CONFIG_H -I. -I.. -I../modstd -I../libutil -I../libbase -I../pgm -I../modext -I../inc  -D_FORTIFY_SOURCE=2  -funsigned-char -g -O2 -fstack-protector --param=ssp-buffer-size=4 -Wformat -Werror=format-security -Wall -c -o styx_int.lo styx_int.c
libtool: compile:  gcc -DHAVE_CONFIG_H -I. -I.. -I../modstd -I../libutil -I../libbase -I../pgm -I../modext -I../inc -D_FORTIFY_SOURCE=2 -funsigned-char -g -O2 -fstack-protector --param=ssp-buffer-size=4 -Wformat -Werror=format-security -Wall -c styx_int.c  -fPIC -DPIC -o .libs/styx_int.o
libtool: compile:  gcc -DHAVE_CONFIG_H -I. -I.. -I../modstd -I../libutil -I../libbase -I../pgm -I../modext -I../inc -D_FORTIFY_SOURCE=2 -funsigned-char -g -O2 -fstack-protector --param=ssp-buffer-size=4 -Wformat -Werror=format-security -Wall -c styx_int.c -o styx_int.o >/dev/null 2>&1
/bin/bash ../libtool --tag=CC   --mode=link gcc  -funsigned-char -g -O2 -fstack-protector --param=ssp-buffer-size=4 -Wformat -Werror=format-security -Wall  -Wl,-z,relro -o libxstyx.la  cmd_int.lo hpat_int.lo cmd_lim.lo rexp_lim.lo styx_lim.lo cmd_pim.lo hpat_lim.lo hpat_pim.lo styx_pim.lo styx_int.lo  -lrt -ldl 
libtool: link: ar cru .libs/libxstyx.a .libs/cmd_int.o .libs/hpat_int.o .libs/cmd_lim.o .libs/rexp_lim.o .libs/styx_lim.o .libs/cmd_pim.o .libs/hpat_lim.o .libs/hpat_pim.o .libs/styx_pim.o .libs/styx_int.o 
libtool: link: ranlib .libs/libxstyx.a
libtool: link: ( cd ".libs" && rm -f "libxstyx.la" && ln -s "../libxstyx.la" "libxstyx.la" )
make[3]: Leaving directory `/«PKGBUILDDIR»/gen'
Making all in libbase
make[3]: Entering directory `/«PKGBUILDDIR»/libbase'
/bin/bash ../libtool --tag=CC   --mode=compile gcc -DHAVE_CONFIG_H -I. -I.. -I../modstd -I../libutil -I../libbase -I../pgm -I../modext -I../inc  -D_FORTIFY_SOURCE=2  -funsigned-char -g -O2 -fstack-protector --param=ssp-buffer-size=4 -Wformat -Werror=format-security -Wall -c -o symbols.lo symbols.c
libtool: compile:  gcc -DHAVE_CONFIG_H -I. -I.. -I../modstd -I../libutil -I../libbase -I../pgm -I../modext -I../inc -D_FORTIFY_SOURCE=2 -funsigned-char -g -O2 -fstack-protector --param=ssp-buffer-size=4 -Wformat -Werror=format-security -Wall -c symbols.c  -fPIC -DPIC -o .libs/symbols.o
libtool: compile:  gcc -DHAVE_CONFIG_H -I. -I.. -I../modstd -I../libutil -I../libbase -I../pgm -I../modext -I../inc -D_FORTIFY_SOURCE=2 -funsigned-char -g -O2 -fstack-protector --param=ssp-buffer-size=4 -Wformat -Werror=format-security -Wall -c symbols.c -o symbols.o >/dev/null 2>&1
/bin/bash ../libtool --tag=CC   --mode=compile gcc -DHAVE_CONFIG_H -I. -I.. -I../modstd -I../libutil -I../libbase -I../pgm -I../modext -I../inc  -D_FORTIFY_SOURCE=2  -funsigned-char -g -O2 -fstack-protector --param=ssp-buffer-size=4 -Wformat -Werror=format-security -Wall -c -o gstream.lo gstream.c
libtool: compile:  gcc -DHAVE_CONFIG_H -I. -I.. -I../modstd -I../libutil -I../libbase -I../pgm -I../modext -I../inc -D_FORTIFY_SOURCE=2 -funsigned-char -g -O2 -fstack-protector --param=ssp-buffer-size=4 -Wformat -Werror=format-security -Wall -c gstream.c  -fPIC -DPIC -o .libs/gstream.o
gstream.c:952:34: warning: comparison of unsigned expression >= 0 is always true [-Wtautological-compare]
  if( s != (c_string)NULL && len >= 0 )
                             ~~~ ^  ~
gstream.c:985:64: warning: comparison of unsigned expression >= 0 is always true [-Wtautological-compare]
  if( gstream != (GStream_T)NULL && s != (c_string)NULL && len >= 0 )
                                                           ~~~ ^  ~
gstream.c:1007:64: warning: comparison of unsigned expression >= 0 is always true [-Wtautological-compare]
  if( gstream != (GStream_T)NULL && s != (c_string)NULL && len >= 0 )
                                                           ~~~ ^  ~
3 warnings generated.
libtool: compile:  gcc -DHAVE_CONFIG_H -I. -I.. -I../modstd -I../libutil -I../libbase -I../pgm -I../modext -I../inc -D_FORTIFY_SOURCE=2 -funsigned-char -g -O2 -fstack-protector --param=ssp-buffer-size=4 -Wformat -Werror=format-security -Wall -c gstream.c -o gstream.o >/dev/null 2>&1
/bin/bash ../libtool --tag=CC   --mode=compile gcc -DHAVE_CONFIG_H -I. -I.. -I../modstd -I../libutil -I../libbase -I../pgm -I../modext -I../inc  -D_FORTIFY_SOURCE=2  -funsigned-char -g -O2 -fstack-protector --param=ssp-buffer-size=4 -Wformat -Werror=format-security -Wall -c -o scn_pre.lo scn_pre.c
libtool: compile:  gcc -DHAVE_CONFIG_H -I. -I.. -I../modstd -I../libutil -I../libbase -I../pgm -I../modext -I../inc -D_FORTIFY_SOURCE=2 -funsigned-char -g -O2 -fstack-protector --param=ssp-buffer-size=4 -Wformat -Werror=format-security -Wall -c scn_pre.c  -fPIC -DPIC -o .libs/scn_pre.o
libtool: compile:  gcc -DHAVE_CONFIG_H -I. -I.. -I../modstd -I../libutil -I../libbase -I../pgm -I../modext -I../inc -D_FORTIFY_SOURCE=2 -funsigned-char -g -O2 -fstack-protector --param=ssp-buffer-size=4 -Wformat -Werror=format-security -Wall -c scn_pre.c -o scn_pre.o >/dev/null 2>&1
/bin/bash ../libtool --tag=CC   --mode=compile gcc -DHAVE_CONFIG_H -I. -I.. -I../modstd -I../libutil -I../libbase -I../pgm -I../modext -I../inc  -D_FORTIFY_SOURCE=2  -funsigned-char -g -O2 -fstack-protector --param=ssp-buffer-size=4 -Wformat -Werror=format-security -Wall -c -o ctx_app.lo ctx_app.c
libtool: compile:  gcc -DHAVE_CONFIG_H -I. -I.. -I../modstd -I../libutil -I../libbase -I../pgm -I../modext -I../inc -D_FORTIFY_SOURCE=2 -funsigned-char -g -O2 -fstack-protector --param=ssp-buffer-size=4 -Wformat -Werror=format-security -Wall -c ctx_app.c  -fPIC -DPIC -o .libs/ctx_app.o
libtool: compile:  gcc -DHAVE_CONFIG_H -I. -I.. -I../modstd -I../libutil -I../libbase -I../pgm -I../modext -I../inc -D_FORTIFY_SOURCE=2 -funsigned-char -g -O2 -fstack-protector --param=ssp-buffer-size=4 -Wformat -Werror=format-security -Wall -c ctx_app.c -o ctx_app.o >/dev/null 2>&1
/bin/bash ../libtool --tag=CC   --mode=compile gcc -DHAVE_CONFIG_H -I. -I.. -I../modstd -I../libutil -I../libbase -I../pgm -I../modext -I../inc  -D_FORTIFY_SOURCE=2  -funsigned-char -g -O2 -fstack-protector --param=ssp-buffer-size=4 -Wformat -Werror=format-security -Wall -c -o prim.lo prim.c
libtool: compile:  gcc -DHAVE_CONFIG_H -I. -I.. -I../modstd -I../libutil -I../libbase -I../pgm -I../modext -I../inc -D_FORTIFY_SOURCE=2 -funsigned-char -g -O2 -fstack-protector --param=ssp-buffer-size=4 -Wformat -Werror=format-security -Wall -c prim.c  -fPIC -DPIC -o .libs/prim.o
libtool: compile:  gcc -DHAVE_CONFIG_H -I. -I.. -I../modstd -I../libutil -I../libbase -I../pgm -I../modext -I../inc -D_FORTIFY_SOURCE=2 -funsigned-char -g -O2 -fstack-protector --param=ssp-buffer-size=4 -Wformat -Werror=format-security -Wall -c prim.c -o prim.o >/dev/null 2>&1
/bin/bash ../libtool --tag=CC   --mode=compile gcc -DHAVE_CONFIG_H -I. -I.. -I../modstd -I../libutil -I../libbase -I../pgm -I../modext -I../inc  -D_FORTIFY_SOURCE=2  -funsigned-char -g -O2 -fstack-protector --param=ssp-buffer-size=4 -Wformat -Werror=format-security -Wall -c -o prs_abs.lo prs_abs.c
libtool: compile:  gcc -DHAVE_CONFIG_H -I. -I.. -I../modstd -I../libutil -I../libbase -I../pgm -I../modext -I../inc -D_FORTIFY_SOURCE=2 -funsigned-char -g -O2 -fstack-protector --param=ssp-buffer-size=4 -Wformat -Werror=format-security -Wall -c prs_abs.c  -fPIC -DPIC -o .libs/prs_abs.o
libtool: compile:  gcc -DHAVE_CONFIG_H -I. -I.. -I../modstd -I../libutil -I../libbase -I../pgm -I../modext -I../inc -D_FORTIFY_SOURCE=2 -funsigned-char -g -O2 -fstack-protector --param=ssp-buffer-size=4 -Wformat -Werror=format-security -Wall -c prs_abs.c -o prs_abs.o >/dev/null 2>&1
/bin/bash ../libtool --tag=CC   --mode=compile gcc -DHAVE_CONFIG_H -I. -I.. -I../modstd -I../libutil -I../libbase -I../pgm -I../modext -I../inc  -D_FORTIFY_SOURCE=2  -funsigned-char -g -O2 -fstack-protector --param=ssp-buffer-size=4 -Wformat -Werror=format-security -Wall -c -o glo_tab.lo glo_tab.c
libtool: compile:  gcc -DHAVE_CONFIG_H -I. -I.. -I../modstd -I../libutil -I../libbase -I../pgm -I../modext -I../inc -D_FORTIFY_SOURCE=2 -funsigned-char -g -O2 -fstack-protector --param=ssp-buffer-size=4 -Wformat -Werror=format-security -Wall -c glo_tab.c  -fPIC -DPIC -o .libs/glo_tab.o
libtool: compile:  gcc -DHAVE_CONFIG_H -I. -I.. -I../modstd -I../libutil -I../libbase -I../pgm -I../modext -I../inc -D_FORTIFY_SOURCE=2 -funsigned-char -g -O2 -fstack-protector --param=ssp-buffer-size=4 -Wformat -Werror=format-security -Wall -c glo_tab.c -o glo_tab.o >/dev/null 2>&1
/bin/bash ../libtool --tag=CC   --mode=compile gcc -DHAVE_CONFIG_H -I. -I.. -I../modstd -I../libutil -I../libbase -I../pgm -I../modext -I../inc  -D_FORTIFY_SOURCE=2  -funsigned-char -g -O2 -fstack-protector --param=ssp-buffer-size=4 -Wformat -Werror=format-security -Wall -c -o binset.lo binset.c
libtool: compile:  gcc -DHAVE_CONFIG_H -I. -I.. -I../modstd -I../libutil -I../libbase -I../pgm -I../modext -I../inc -D_FORTIFY_SOURCE=2 -funsigned-char -g -O2 -fstack-protector --param=ssp-buffer-size=4 -Wformat -Werror=format-security -Wall -c binset.c  -fPIC -DPIC -o .libs/binset.o
libtool: compile:  gcc -DHAVE_CONFIG_H -I. -I.. -I../modstd -I../libutil -I../libbase -I../pgm -I../modext -I../inc -D_FORTIFY_SOURCE=2 -funsigned-char -g -O2 -fstack-protector --param=ssp-buffer-size=4 -Wformat -Werror=format-security -Wall -c binset.c -o binset.o >/dev/null 2>&1
/bin/bash ../libtool --tag=CC   --mode=compile gcc -DHAVE_CONFIG_H -I. -I.. -I../modstd -I../libutil -I../libbase -I../pgm -I../modext -I../inc  -D_FORTIFY_SOURCE=2  -funsigned-char -g -O2 -fstack-protector --param=ssp-buffer-size=4 -Wformat -Werror=format-security -Wall -c -o binimg.lo binimg.c
libtool: compile:  gcc -DHAVE_CONFIG_H -I. -I.. -I../modstd -I../libutil -I../libbase -I../pgm -I../modext -I../inc -D_FORTIFY_SOURCE=2 -funsigned-char -g -O2 -fstack-protector --param=ssp-buffer-size=4 -Wformat -Werror=format-security -Wall -c binimg.c  -fPIC -DPIC -o .libs/binimg.o
binimg.c:1439:5: warning: ignoring return value of function declared with warn_unused_result attribute [-Wunused-result]
    fread(buf,HugeBufferLen,1,img->f);
    ^~~~~ ~~~~~~~~~~~~~~~~~~~~~~~~~~
binimg.c:1445:5: warning: ignoring return value of function declared with warn_unused_result attribute [-Wunused-result]
    fread(buf,(size_t)iln,1,img->f);
    ^~~~~ ~~~~~~~~~~~~~~~~~~~~~~~~
binimg.c:216:13: warning: unused function 'checkEOF' [-Wunused-function]
static void checkEOF(BinImg_T img)
            ^
3 warnings generated.
libtool: compile:  gcc -DHAVE_CONFIG_H -I. -I.. -I../modstd -I../libutil -I../libbase -I../pgm -I../modext -I../inc -D_FORTIFY_SOURCE=2 -funsigned-char -g -O2 -fstack-protector --param=ssp-buffer-size=4 -Wformat -Werror=format-security -Wall -c binimg.c -o binimg.o >/dev/null 2>&1
/bin/bash ../libtool --tag=CC   --mode=compile gcc -DHAVE_CONFIG_H -I. -I.. -I../modstd -I../libutil -I../libbase -I../pgm -I../modext -I../inc  -D_FORTIFY_SOURCE=2  -funsigned-char -g -O2 -fstack-protector --param=ssp-buffer-size=4 -Wformat -Werror=format-security -Wall -c -o cfg_dfn.lo cfg_dfn.c
libtool: compile:  gcc -DHAVE_CONFIG_H -I. -I.. -I../modstd -I../libutil -I../libbase -I../pgm -I../modext -I../inc -D_FORTIFY_SOURCE=2 -funsigned-char -g -O2 -fstack-protector --param=ssp-buffer-size=4 -Wformat -Werror=format-security -Wall -c cfg_dfn.c  -fPIC -DPIC -o .libs/cfg_dfn.o
libtool: compile:  gcc -DHAVE_CONFIG_H -I. -I.. -I../modstd -I../libutil -I../libbase -I../pgm -I../modext -I../inc -D_FORTIFY_SOURCE=2 -funsigned-char -g -O2 -fstack-protector --param=ssp-buffer-size=4 -Wformat -Werror=format-security -Wall -c cfg_dfn.c -o cfg_dfn.o >/dev/null 2>&1
/bin/bash ../libtool --tag=CC   --mode=compile gcc -DHAVE_CONFIG_H -I. -I.. -I../modstd -I../libutil -I../libbase -I../pgm -I../modext -I../inc  -D_FORTIFY_SOURCE=2  -funsigned-char -g -O2 -fstack-protector --param=ssp-buffer-size=4 -Wformat -Werror=format-security -Wall -c -o scn_io.lo scn_io.c
libtool: compile:  gcc -DHAVE_CONFIG_H -I. -I.. -I../modstd -I../libutil -I../libbase -I../pgm -I../modext -I../inc -D_FORTIFY_SOURCE=2 -funsigned-char -g -O2 -fstack-protector --param=ssp-buffer-size=4 -Wformat -Werror=format-security -Wall -c scn_io.c  -fPIC -DPIC -o .libs/scn_io.o
libtool: compile:  gcc -DHAVE_CONFIG_H -I. -I.. -I../modstd -I../libutil -I../libbase -I../pgm -I../modext -I../inc -D_FORTIFY_SOURCE=2 -funsigned-char -g -O2 -fstack-protector --param=ssp-buffer-size=4 -Wformat -Werror=format-security -Wall -c scn_io.c -o scn_io.o >/dev/null 2>&1
/bin/bash ../libtool --tag=CC   --mode=compile gcc -DHAVE_CONFIG_H -I. -I.. -I../modstd -I../libutil -I../libbase -I../pgm -I../modext -I../inc  -D_FORTIFY_SOURCE=2  -funsigned-char -g -O2 -fstack-protector --param=ssp-buffer-size=4 -Wformat -Werror=format-security -Wall -c -o prs_io.lo prs_io.c
libtool: compile:  gcc -DHAVE_CONFIG_H -I. -I.. -I../modstd -I../libutil -I../libbase -I../pgm -I../modext -I../inc -D_FORTIFY_SOURCE=2 -funsigned-char -g -O2 -fstack-protector --param=ssp-buffer-size=4 -Wformat -Werror=format-security -Wall -c prs_io.c  -fPIC -DPIC -o .libs/prs_io.o
libtool: compile:  gcc -DHAVE_CONFIG_H -I. -I.. -I../modstd -I../libutil -I../libbase -I../pgm -I../modext -I../inc -D_FORTIFY_SOURCE=2 -funsigned-char -g -O2 -fstack-protector --param=ssp-buffer-size=4 -Wformat -Werror=format-security -Wall -c prs_io.c -o prs_io.o >/dev/null 2>&1
/bin/bash ../libtool --tag=CC   --mode=compile gcc -DHAVE_CONFIG_H -I. -I.. -I../modstd -I../libutil -I../libbase -I../pgm -I../modext -I../inc  -D_FORTIFY_SOURCE=2  -funsigned-char -g -O2 -fstack-protector --param=ssp-buffer-size=4 -Wformat -Werror=format-security -Wall -c -o cfg_abs.lo cfg_abs.c
libtool: compile:  gcc -DHAVE_CONFIG_H -I. -I.. -I../modstd -I../libutil -I../libbase -I../pgm -I../modext -I../inc -D_FORTIFY_SOURCE=2 -funsigned-char -g -O2 -fstack-protector --param=ssp-buffer-size=4 -Wformat -Werror=format-security -Wall -c cfg_abs.c  -fPIC -DPIC -o .libs/cfg_abs.o
libtool: compile:  gcc -DHAVE_CONFIG_H -I. -I.. -I../modstd -I../libutil -I../libbase -I../pgm -I../modext -I../inc -D_FORTIFY_SOURCE=2 -funsigned-char -g -O2 -fstack-protector --param=ssp-buffer-size=4 -Wformat -Werror=format-security -Wall -c cfg_abs.c -o cfg_abs.o >/dev/null 2>&1
/bin/bash ../libtool --tag=CC   --mode=compile gcc -DHAVE_CONFIG_H -I. -I.. -I../modstd -I../libutil -I../libbase -I../pgm -I../modext -I../inc  -D_FORTIFY_SOURCE=2  -funsigned-char -g -O2 -fstack-protector --param=ssp-buffer-size=4 -Wformat -Werror=format-security -Wall -c -o ptm_pp.lo ptm_pp.c
libtool: compile:  gcc -DHAVE_CONFIG_H -I. -I.. -I../modstd -I../libutil -I../libbase -I../pgm -I../modext -I../inc -D_FORTIFY_SOURCE=2 -funsigned-char -g -O2 -fstack-protector --param=ssp-buffer-size=4 -Wformat -Werror=format-security -Wall -c ptm_pp.c  -fPIC -DPIC -o .libs/ptm_pp.o
libtool: compile:  gcc -DHAVE_CONFIG_H -I. -I.. -I../modstd -I../libutil -I../libbase -I../pgm -I../modext -I../inc -D_FORTIFY_SOURCE=2 -funsigned-char -g -O2 -fstack-protector --param=ssp-buffer-size=4 -Wformat -Werror=format-security -Wall -c ptm_pp.c -o ptm_pp.o >/dev/null 2>&1
/bin/bash ../libtool --tag=CC   --mode=compile gcc -DHAVE_CONFIG_H -I. -I.. -I../modstd -I../libutil -I../libbase -I../pgm -I../modext -I../inc  -D_FORTIFY_SOURCE=2  -funsigned-char -g -O2 -fstack-protector --param=ssp-buffer-size=4 -Wformat -Werror=format-security -Wall -c -o line_scn.lo line_scn.c
libtool: compile:  gcc -DHAVE_CONFIG_H -I. -I.. -I../modstd -I../libutil -I../libbase -I../pgm -I../modext -I../inc -D_FORTIFY_SOURCE=2 -funsigned-char -g -O2 -fstack-protector --param=ssp-buffer-size=4 -Wformat -Werror=format-security -Wall -c line_scn.c  -fPIC -DPIC -o .libs/line_scn.o
libtool: compile:  gcc -DHAVE_CONFIG_H -I. -I.. -I../modstd -I../libutil -I../libbase -I../pgm -I../modext -I../inc -D_FORTIFY_SOURCE=2 -funsigned-char -g -O2 -fstack-protector --param=ssp-buffer-size=4 -Wformat -Werror=format-security -Wall -c line_scn.c -o line_scn.o >/dev/null 2>&1
/bin/bash ../libtool --tag=CC   --mode=compile gcc -DHAVE_CONFIG_H -I. -I.. -I../modstd -I../libutil -I../libbase -I../pgm -I../modext -I../inc  -D_FORTIFY_SOURCE=2  -funsigned-char -g -O2 -fstack-protector --param=ssp-buffer-size=4 -Wformat -Werror=format-security -Wall -c -o ptm.lo ptm.c
libtool: compile:  gcc -DHAVE_CONFIG_H -I. -I.. -I../modstd -I../libutil -I../libbase -I../pgm -I../modext -I../inc -D_FORTIFY_SOURCE=2 -funsigned-char -g -O2 -fstack-protector --param=ssp-buffer-size=4 -Wformat -Werror=format-security -Wall -c ptm.c  -fPIC -DPIC -o .libs/ptm.o
libtool: compile:  gcc -DHAVE_CONFIG_H -I. -I.. -I../modstd -I../libutil -I../libbase -I../pgm -I../modext -I../inc -D_FORTIFY_SOURCE=2 -funsigned-char -g -O2 -fstack-protector --param=ssp-buffer-size=4 -Wformat -Werror=format-security -Wall -c ptm.c -o ptm.o >/dev/null 2>&1
/bin/bash ../libtool --tag=CC   --mode=compile gcc -DHAVE_CONFIG_H -I. -I.. -I../modstd -I../libutil -I../libbase -I../pgm -I../modext -I../inc  -D_FORTIFY_SOURCE=2  -funsigned-char -g -O2 -fstack-protector --param=ssp-buffer-size=4 -Wformat -Werror=format-security -Wall -c -o otab.lo otab.c
libtool: compile:  gcc -DHAVE_CONFIG_H -I. -I.. -I../modstd -I../libutil -I../libbase -I../pgm -I../modext -I../inc -D_FORTIFY_SOURCE=2 -funsigned-char -g -O2 -fstack-protector --param=ssp-buffer-size=4 -Wformat -Werror=format-security -Wall -c otab.c  -fPIC -DPIC -o .libs/otab.o
libtool: compile:  gcc -DHAVE_CONFIG_H -I. -I.. -I../modstd -I../libutil -I../libbase -I../pgm -I../modext -I../inc -D_FORTIFY_SOURCE=2 -funsigned-char -g -O2 -fstack-protector --param=ssp-buffer-size=4 -Wformat -Werror=format-security -Wall -c otab.c -o otab.o >/dev/null 2>&1
/bin/bash ../libtool --tag=CC   --mode=compile gcc -DHAVE_CONFIG_H -I. -I.. -I../modstd -I../libutil -I../libbase -I../pgm -I../modext -I../inc  -D_FORTIFY_SOURCE=2  -funsigned-char -g -O2 -fstack-protector --param=ssp-buffer-size=4 -Wformat -Werror=format-security -Wall -c -o hset.lo hset.c
libtool: compile:  gcc -DHAVE_CONFIG_H -I. -I.. -I../modstd -I../libutil -I../libbase -I../pgm -I../modext -I../inc -D_FORTIFY_SOURCE=2 -funsigned-char -g -O2 -fstack-protector --param=ssp-buffer-size=4 -Wformat -Werror=format-security -Wall -c hset.c  -fPIC -DPIC -o .libs/hset.o
libtool: compile:  gcc -DHAVE_CONFIG_H -I. -I.. -I../modstd -I../libutil -I../libbase -I../pgm -I../modext -I../inc -D_FORTIFY_SOURCE=2 -funsigned-char -g -O2 -fstack-protector --param=ssp-buffer-size=4 -Wformat -Werror=format-security -Wall -c hset.c -o hset.o >/dev/null 2>&1
/bin/bash ../libtool --tag=CC   --mode=compile gcc -DHAVE_CONFIG_H -I. -I.. -I../modstd -I../libutil -I../libbase -I../pgm -I../modext -I../inc  -D_FORTIFY_SOURCE=2  -funsigned-char -g -O2 -fstack-protector --param=ssp-buffer-size=4 -Wformat -Werror=format-security -Wall -c -o literal.lo literal.c
libtool: compile:  gcc -DHAVE_CONFIG_H -I. -I.. -I../modstd -I../libutil -I../libbase -I../pgm -I../modext -I../inc -D_FORTIFY_SOURCE=2 -funsigned-char -g -O2 -fstack-protector --param=ssp-buffer-size=4 -Wformat -Werror=format-security -Wall -c literal.c  -fPIC -DPIC -o .libs/literal.o
libtool: compile:  gcc -DHAVE_CONFIG_H -I. -I.. -I../modstd -I../libutil -I../libbase -I../pgm -I../modext -I../inc -D_FORTIFY_SOURCE=2 -funsigned-char -g -O2 -fstack-protector --param=ssp-buffer-size=4 -Wformat -Werror=format-security -Wall -c literal.c -o literal.o >/dev/null 2>&1
/bin/bash ../libtool --tag=CC   --mode=compile gcc -DHAVE_CONFIG_H -I. -I.. -I../modstd -I../libutil -I../libbase -I../pgm -I../modext -I../inc  -D_FORTIFY_SOURCE=2  -funsigned-char -g -O2 -fstack-protector --param=ssp-buffer-size=4 -Wformat -Werror=format-security -Wall -c -o scn_abs.lo scn_abs.c
libtool: compile:  gcc -DHAVE_CONFIG_H -I. -I.. -I../modstd -I../libutil -I../libbase -I../pgm -I../modext -I../inc -D_FORTIFY_SOURCE=2 -funsigned-char -g -O2 -fstack-protector --param=ssp-buffer-size=4 -Wformat -Werror=format-security -Wall -c scn_abs.c  -fPIC -DPIC -o .libs/scn_abs.o
libtool: compile:  gcc -DHAVE_CONFIG_H -I. -I.. -I../modstd -I../libutil -I../libbase -I../pgm -I../modext -I../inc -D_FORTIFY_SOURCE=2 -funsigned-char -g -O2 -fstack-protector --param=ssp-buffer-size=4 -Wformat -Werror=format-security -Wall -c scn_abs.c -o scn_abs.o >/dev/null 2>&1
/bin/bash ../libtool --tag=CC   --mode=compile gcc -DHAVE_CONFIG_H -I. -I.. -I../modstd -I../libutil -I../libbase -I../pgm -I../modext -I../inc  -D_FORTIFY_SOURCE=2  -funsigned-char -g -O2 -fstack-protector --param=ssp-buffer-size=4 -Wformat -Werror=format-security -Wall -c -o hmap.lo hmap.c
libtool: compile:  gcc -DHAVE_CONFIG_H -I. -I.. -I../modstd -I../libutil -I../libbase -I../pgm -I../modext -I../inc -D_FORTIFY_SOURCE=2 -funsigned-char -g -O2 -fstack-protector --param=ssp-buffer-size=4 -Wformat -Werror=format-security -Wall -c hmap.c  -fPIC -DPIC -o .libs/hmap.o
libtool: compile:  gcc -DHAVE_CONFIG_H -I. -I.. -I../modstd -I../libutil -I../libbase -I../pgm -I../modext -I../inc -D_FORTIFY_SOURCE=2 -funsigned-char -g -O2 -fstack-protector --param=ssp-buffer-size=4 -Wformat -Werror=format-security -Wall -c hmap.c -o hmap.o >/dev/null 2>&1
/bin/bash ../libtool --tag=CC   --mode=compile gcc -DHAVE_CONFIG_H -I. -I.. -I../modstd -I../libutil -I../libbase -I../pgm -I../modext -I../inc  -D_FORTIFY_SOURCE=2  -funsigned-char -g -O2 -fstack-protector --param=ssp-buffer-size=4 -Wformat -Werror=format-security -Wall -c -o sysbase0.lo sysbase0.c
libtool: compile:  gcc -DHAVE_CONFIG_H -I. -I.. -I../modstd -I../libutil -I../libbase -I../pgm -I../modext -I../inc -D_FORTIFY_SOURCE=2 -funsigned-char -g -O2 -fstack-protector --param=ssp-buffer-size=4 -Wformat -Werror=format-security -Wall -c sysbase0.c  -fPIC -DPIC -o .libs/sysbase0.o
libtool: compile:  gcc -DHAVE_CONFIG_H -I. -I.. -I../modstd -I../libutil -I../libbase -I../pgm -I../modext -I../inc -D_FORTIFY_SOURCE=2 -funsigned-char -g -O2 -fstack-protector --param=ssp-buffer-size=4 -Wformat -Werror=format-security -Wall -c sysbase0.c -o sysbase0.o >/dev/null 2>&1
/bin/bash ../libtool --tag=CC   --mode=compile gcc -DHAVE_CONFIG_H -I. -I.. -I../modstd -I../libutil -I../libbase -I../pgm -I../modext -I../inc  -D_FORTIFY_SOURCE=2  -funsigned-char -g -O2 -fstack-protector --param=ssp-buffer-size=4 -Wformat -Werror=format-security -Wall -c -o sysbase1.lo sysbase1.c
libtool: compile:  gcc -DHAVE_CONFIG_H -I. -I.. -I../modstd -I../libutil -I../libbase -I../pgm -I../modext -I../inc -D_FORTIFY_SOURCE=2 -funsigned-char -g -O2 -fstack-protector --param=ssp-buffer-size=4 -Wformat -Werror=format-security -Wall -c sysbase1.c  -fPIC -DPIC -o .libs/sysbase1.o
sysbase1.c:524:50: error: invalid token at start of a preprocessor expression
#if !defined( MSDOS ) && defined ( __GNUC__ ) && #cpu (i386)
                                                 ^
1 error generated.
make[3]: *** [sysbase1.lo] Error 1
make[3]: Leaving directory `/«PKGBUILDDIR»/libbase'
make[2]: *** [all-recursive] Error 1
make[2]: Leaving directory `/«PKGBUILDDIR»'
make[1]: *** [all] Error 2
make: *** [debian/stamp-makefile-build] Error 2
dpkg-buildpackage: error: debian/rules build-arch gave error exit status 2
make[1]: Leaving directory `/«PKGBUILDDIR»'
────────────────────────────────────────────────────────────────────────────────
Build finished at 20130128-0432

Finished
────────

E: Build failure (dpkg-buildpackage died)

┌──────────────────────────────────────────────────────────────────────────────┐
│ Cleanup                                                                      │
└──────────────────────────────────────────────────────────────────────────────┘

Purging /«BUILDDIR»
Not cleaning session: cloned chroot in use

┌──────────────────────────────────────────────────────────────────────────────┐
│ Summary                                                                      │
└──────────────────────────────────────────────────────────────────────────────┘

Architecture: amd64
Build-Space: 30272
Build-Time: 31
Distribution: unstable
Fail-Stage: build
Install-Time: 8
Job: styx_1.8.0-1.1
Package: styx
Package-Time: 70
Source-Version: 1.8.0-1.1
Space: 30272
Status: attempted
Version: 1.8.0-1.1
────────────────────────────────────────────────────────────────────────────────
Finished at 20130128-0432
Build needed 00:01:10, 30272k disc space
DC-Status: Failed 70.909214s
DC-Time-Estimation: 70.909214 versus expected 366 (r/m: 4.16152950165263 ; m: 70.909214)
