DC-Build-Header: uswsusp 1.0+20110509-3 / Mon Jan 28 05:28:42 +0000 2013
DC-Task: logfile:/tmp/uswsusp_1.0+20110509-3_unstable_clang.log version:1.0+20110509-3 chroot:unstable modes:binary-only:clang source:uswsusp architecture:any esttime:60
DC-Sbuild-call: su user -c 'sbuild -n --apt-update -d unstable -v  --chroot-setup-commands=/tmp/switch-to-clang uswsusp_1.0+20110509-3'
Could not create '/sbuild-nonexistent/logs': No such file or directory
Could not create '/sbuild-nonexistent/logs': No such file or directory
sbuild (Debian sbuild) 0.62.5 (13 Jul 2011) on ip-10-31-130-158.ec2.internal

╔══════════════════════════════════════════════════════════════════════════════╗
║ uswsusp 1.0+20110509-3 (amd64)                             28 Jan 2013 05:28 ║
╚══════════════════════════════════════════════════════════════════════════════╝

Package: uswsusp
Version: 1.0+20110509-3
Source Version: 1.0+20110509-3
Distribution: unstable
Architecture: amd64

I: NOTICE: Log filtering will replace 'build/uswsusp-xns6k3/uswsusp-1.0+20110509' with '«PKGBUILDDIR»'
I: NOTICE: Log filtering will replace 'build/uswsusp-xns6k3' with '«BUILDDIR»'
I: NOTICE: Log filtering will replace 'var/lib/schroot/mount/unstable-amd64-sbuild-7c688a76-6221-4dc7-9392-6e46a2572fdd' with '«CHROOT»'

┌──────────────────────────────────────────────────────────────────────────────┐
│ Update chroot                                                                │
└──────────────────────────────────────────────────────────────────────────────┘

Ign http://localhost unstable InRelease
Get:1 http://localhost unstable Release.gpg [836 B]
Get:2 http://localhost unstable Release [227 kB]
Ign http://localhost unstable/main Sources/DiffIndex
Ign http://localhost unstable/main amd64 Packages/DiffIndex
Get:3 http://localhost unstable/main Translation-en/DiffIndex [7876 B]
Get:4 http://localhost unstable/main 2013-01-27-2011.16.pdiff [737 B]
Get:5 http://localhost unstable/main 2013-01-27-2011.16.pdiff [737 B]
Get:6 http://localhost unstable/main Sources [8236 kB]
Get:7 http://localhost unstable/main amd64 Packages [8284 kB]
Get:8 http://localhost unstable/main 2013-01-28-0212.01.pdiff [43 B]
Get:9 http://localhost unstable/main 2013-01-28-0212.01.pdiff [43 B]
Fetched 16.8 MB in 3s (4718 kB/s)
Reading package lists...
Reading package lists...
Building dependency tree...
Reading state information...
0 upgraded, 0 newly installed, 0 to remove and 0 not upgraded.

┌──────────────────────────────────────────────────────────────────────────────┐
│ Fetch source files                                                           │
└──────────────────────────────────────────────────────────────────────────────┘


Check APT
─────────

Checking available source versions...

Download source files with APT
──────────────────────────────

Reading package lists...
Building dependency tree...
Reading state information...
Need to get 444 kB of source archives.
Get:1 http://localhost/debian/ unstable/main uswsusp 1.0+20110509-3 (dsc) [2000 B]
Get:2 http://localhost/debian/ unstable/main uswsusp 1.0+20110509-3 (tar) [347 kB]
Get:3 http://localhost/debian/ unstable/main uswsusp 1.0+20110509-3 (diff) [95.1 kB]
Fetched 444 kB in 0s (1830 kB/s)
Download complete and in download only mode

Check arch
──────────


┌──────────────────────────────────────────────────────────────────────────────┐
│ Chroot Setup Commands                                                        │
└──────────────────────────────────────────────────────────────────────────────┘


/tmp/switch-to-clang
────────────────────

+ echo 'Entering customization script...'
Entering customization script...
+ echo 'Add experimental as repository'
Add experimental as repository
+ echo deb http://localhost:9999/debian experimental main
+ apt-get update
Ign http://localhost unstable InRelease
Ign http://localhost experimental InRelease
Hit http://localhost unstable Release.gpg
Get:1 http://localhost experimental Release.gpg [836 B]
Hit http://localhost unstable Release
Get:2 http://localhost experimental Release [161 kB]
Ign http://localhost unstable/main Sources/DiffIndex
Ign http://localhost unstable/main amd64 Packages/DiffIndex
Hit http://localhost unstable/main Translation-en/DiffIndex
Get:3 http://localhost experimental/main Translation-en [704 kB]
Get:4 http://localhost experimental/main amd64 Packages [1605 kB]
Hit http://localhost unstable/main Sources
Hit http://localhost unstable/main amd64 Packages
Fetched 2471 kB in 1s (1322 kB/s)
Reading package lists...
+ echo 'Install of clang'
Install of clang
+ apt-get update
Ign http://localhost unstable InRelease
Ign http://localhost experimental InRelease
Hit http://localhost unstable Release.gpg
Hit http://localhost experimental Release.gpg
Hit http://localhost unstable Release
Hit http://localhost experimental Release
Ign http://localhost unstable/main Sources/DiffIndex
Ign http://localhost unstable/main amd64 Packages/DiffIndex
Hit http://localhost unstable/main Translation-en/DiffIndex
Ign http://localhost experimental/main amd64 Packages/DiffIndex
Get:1 http://localhost experimental/main Translation-en/DiffIndex [7819 B]
Hit http://localhost unstable/main Sources
Hit http://localhost unstable/main amd64 Packages
Hit http://localhost experimental/main amd64 Packages
Fetched 7819 B in 1s (3938 B/s)
Reading package lists...
+ apt-get install --yes --no-install-recommends clang -t experimental
Reading package lists...
Building dependency tree...
Reading state information...
The following extra packages will be installed:
  clang-3.2 compiler-rt cpp-4.7 g++-4.7 gcc-4.7 gcc-4.7-base gcc-4.8-base
  libc-dev-bin libc6 libc6-dev libclang-common-dev libexpat1 libffi5
  libgcc-4.7-dev libgcc1 libgomp1 libitm1 libllvm3.2 libncurses5 libncursesw5
  libobjc-4.7-dev libobjc4 libpython2.7-minimal libpython2.7-stdlib
  libquadmath0 libsqlite3-0 libssl1.0.0 libstdc++6 libstdc++6-4.7-dev
  libtinfo5 mime-support python python-minimal python2.7 python2.7-minimal
Suggested packages:
  gcc-4.7-locales g++-4.7-multilib gcc-4.7-doc libstdc++6-4.7-dbg
  gcc-4.7-multilib libmudflap0-4.7-dev libgcc1-dbg libgomp1-dbg libitm1-dbg
  libquadmath0-dbg libmudflap0-dbg libcloog-ppl0 libppl-c2 libppl7
  binutils-gold glibc-doc libstdc++6-4.7-doc python-doc python-tk
  python2.7-doc binfmt-support
Recommended packages:
  llvm-3.2-dev manpages-dev file
The following NEW packages will be installed:
  clang clang-3.2 compiler-rt gcc-4.8-base libclang-common-dev libexpat1
  libffi5 libgcc-4.7-dev libllvm3.2 libncursesw5 libobjc-4.7-dev libobjc4
  libpython2.7-minimal libpython2.7-stdlib libsqlite3-0 libssl1.0.0
  mime-support python python-minimal python2.7 python2.7-minimal
The following packages will be upgraded:
  cpp-4.7 g++-4.7 gcc-4.7 gcc-4.7-base libc-dev-bin libc6 libc6-dev libgcc1
  libgomp1 libitm1 libncurses5 libquadmath0 libstdc++6 libstdc++6-4.7-dev
  libtinfo5
15 upgraded, 21 newly installed, 0 to remove and 24 not upgraded.
Need to get 56.7 MB of archives.
After this operation, 72.6 MB of additional disk space will be used.
Get:1 http://localhost/debian/ experimental/main gcc-4.8-base amd64 4.8-20130127-1 [147 kB]
Get:2 http://localhost/debian/ experimental/main libc6-dev amd64 2.16-0experimental1 [3086 kB]
Get:3 http://localhost/debian/ experimental/main libc-dev-bin amd64 2.16-0experimental1 [226 kB]
Get:4 http://localhost/debian/ experimental/main libc6 amd64 2.16-0experimental1 [4729 kB]
Get:5 http://localhost/debian/ experimental/main libgcc1 amd64 1:4.8-20130127-1 [43.7 kB]
Get:6 http://localhost/debian/ experimental/main libstdc++6 amd64 4.8-20130127-1 [335 kB]
Get:7 http://localhost/debian/ experimental/main libtinfo5 amd64 5.9+20130119-1 [294 kB]
Get:8 http://localhost/debian/ experimental/main libncurses5 amd64 5.9+20130119-1 [115 kB]
Get:9 http://localhost/debian/ experimental/main libncursesw5 amd64 5.9+20130119-1 [142 kB]
Get:10 http://localhost/debian/ unstable/main libssl1.0.0 amd64 1.0.1c-4 [1213 kB]
Get:11 http://localhost/debian/ unstable/main libsqlite3-0 amd64 3.7.15.2-1 [463 kB]
Get:12 http://localhost/debian/ experimental/main libexpat1 amd64 2.1.0-2 [138 kB]
Get:13 http://localhost/debian/ unstable/main libffi5 amd64 3.0.10-3 [24.8 kB]
Get:14 http://localhost/debian/ experimental/main libgomp1 amd64 4.8-20130127-1 [27.4 kB]
Get:15 http://localhost/debian/ experimental/main libitm1 amd64 4.8-20130127-1 [37.7 kB]
Get:16 http://localhost/debian/ unstable/main libllvm3.2 amd64 3.2-2 [7865 kB]
Get:17 http://localhost/debian/ experimental/main libobjc4 amd64 4.8-20130127-1 [163 kB]
Get:18 http://localhost/debian/ experimental/main libquadmath0 amd64 4.8-20130127-1 [139 kB]
Get:19 http://localhost/debian/ experimental/main libstdc++6-4.7-dev amd64 4.7.2-19 [1678 kB]
Get:20 http://localhost/debian/ experimental/main g++-4.7 amd64 4.7.2-19 [5877 kB]
Get:21 http://localhost/debian/ experimental/main gcc-4.7 amd64 4.7.2-19 [5831 kB]
Get:22 http://localhost/debian/ experimental/main cpp-4.7 amd64 4.7.2-19 [5416 kB]
Get:23 http://localhost/debian/ experimental/main libgcc-4.7-dev amd64 4.7.2-19 [2465 kB]
Get:24 http://localhost/debian/ experimental/main gcc-4.7-base amd64 4.7.2-19 [148 kB]
Get:25 http://localhost/debian/ experimental/main mime-support all 3.53~experimental2 [36.5 kB]
Get:26 http://localhost/debian/ experimental/main libpython2.7-minimal amd64 2.7.3-15 [531 kB]
Get:27 http://localhost/debian/ experimental/main python2.7-minimal amd64 2.7.3-15 [1220 kB]
Get:28 http://localhost/debian/ experimental/main libpython2.7-stdlib amd64 2.7.3-15 [2367 kB]
Get:29 http://localhost/debian/ experimental/main python2.7 amd64 2.7.3-15 [326 kB]
Get:30 http://localhost/debian/ experimental/main python-minimal amd64 2.7.3-10 [41.8 kB]
Get:31 http://localhost/debian/ experimental/main python amd64 2.7.3-10 [184 kB]
Get:32 http://localhost/debian/ experimental/main libobjc-4.7-dev amd64 4.7.2-19 [717 kB]
Get:33 http://localhost/debian/ experimental/main libclang-common-dev amd64 3.2-1~exp5 [303 kB]
Get:34 http://localhost/debian/ experimental/main compiler-rt amd64 3.2-1~exp5 [315 kB]
Get:35 http://localhost/debian/ experimental/main clang-3.2 amd64 3.2-1~exp5 [10.1 MB]
Get:36 http://localhost/debian/ experimental/main clang all 3.2-1~exp5 [9506 B]
debconf: delaying package configuration, since apt-utils is not installed
Fetched 56.7 MB in 1s (35.1 MB/s)
Selecting previously unselected package gcc-4.8-base:amd64.
(Reading database ... 13484 files and directories currently installed.)
Unpacking gcc-4.8-base:amd64 (from .../gcc-4.8-base_4.8-20130127-1_amd64.deb) ...
Setting up gcc-4.8-base:amd64 (4.8-20130127-1) ...
(Reading database ... 13491 files and directories currently installed.)
Preparing to replace libc6-dev:amd64 2.13-38 (using .../libc6-dev_2.16-0experimental1_amd64.deb) ...
Unpacking replacement libc6-dev:amd64 ...
Preparing to replace libc-dev-bin 2.13-38 (using .../libc-dev-bin_2.16-0experimental1_amd64.deb) ...
Unpacking replacement libc-dev-bin ...
Preparing to replace libc6:amd64 2.13-38 (using .../libc6_2.16-0experimental1_amd64.deb) ...
debconf: unable to initialize frontend: Dialog
debconf: (Dialog frontend will not work on a dumb terminal, an emacs shell buffer, or without a controlling terminal.)
debconf: falling back to frontend: Readline
debconf: unable to initialize frontend: Readline
debconf: (This frontend requires a controlling tty.)
debconf: falling back to frontend: Teletype
Checking for services that may need to be restarted...
Checking init scripts...
Unpacking replacement libc6:amd64 ...
Setting up libc6:amd64 (2.16-0experimental1) ...
debconf: unable to initialize frontend: Dialog
debconf: (Dialog frontend will not work on a dumb terminal, an emacs shell buffer, or without a controlling terminal.)
debconf: falling back to frontend: Readline
debconf: unable to initialize frontend: Readline
debconf: (This frontend requires a controlling tty.)
debconf: falling back to frontend: Teletype
Checking for services that may need to be restarted...
Checking init scripts...
Nothing to restart.
(Reading database ... 13509 files and directories currently installed.)
Preparing to replace libgcc1:amd64 1:4.7.2-5 (using .../libgcc1_1%3a4.8-20130127-1_amd64.deb) ...
Unpacking replacement libgcc1:amd64 ...
Setting up libgcc1:amd64 (1:4.8-20130127-1) ...
(Reading database ... 13509 files and directories currently installed.)
Preparing to replace libstdc++6:amd64 4.7.2-5 (using .../libstdc++6_4.8-20130127-1_amd64.deb) ...
Unpacking replacement libstdc++6:amd64 ...
Setting up libstdc++6:amd64 (4.8-20130127-1) ...
(Reading database ... 13509 files and directories currently installed.)
Preparing to replace libtinfo5:amd64 5.9-10 (using .../libtinfo5_5.9+20130119-1_amd64.deb) ...
Unpacking replacement libtinfo5:amd64 ...
Setting up libtinfo5:amd64 (5.9+20130119-1) ...
(Reading database ... 13509 files and directories currently installed.)
Preparing to replace libncurses5:amd64 5.9-10 (using .../libncurses5_5.9+20130119-1_amd64.deb) ...
Unpacking replacement libncurses5:amd64 ...
Setting up libncurses5:amd64 (5.9+20130119-1) ...
Selecting previously unselected package libncursesw5:amd64.
(Reading database ... 13509 files and directories currently installed.)
Unpacking libncursesw5:amd64 (from .../libncursesw5_5.9+20130119-1_amd64.deb) ...
Selecting previously unselected package libssl1.0.0:amd64.
Unpacking libssl1.0.0:amd64 (from .../libssl1.0.0_1.0.1c-4_amd64.deb) ...
Selecting previously unselected package libsqlite3-0:amd64.
Unpacking libsqlite3-0:amd64 (from .../libsqlite3-0_3.7.15.2-1_amd64.deb) ...
Selecting previously unselected package libexpat1:amd64.
Unpacking libexpat1:amd64 (from .../libexpat1_2.1.0-2_amd64.deb) ...
Selecting previously unselected package libffi5:amd64.
Unpacking libffi5:amd64 (from .../libffi5_3.0.10-3_amd64.deb) ...
Preparing to replace libgomp1:amd64 4.7.2-5 (using .../libgomp1_4.8-20130127-1_amd64.deb) ...
Unpacking replacement libgomp1:amd64 ...
Preparing to replace libitm1:amd64 4.7.2-5 (using .../libitm1_4.8-20130127-1_amd64.deb) ...
Unpacking replacement libitm1:amd64 ...
Selecting previously unselected package libllvm3.2:amd64.
Unpacking libllvm3.2:amd64 (from .../libllvm3.2_3.2-2_amd64.deb) ...
Selecting previously unselected package libobjc4:amd64.
Unpacking libobjc4:amd64 (from .../libobjc4_4.8-20130127-1_amd64.deb) ...
Preparing to replace libquadmath0:amd64 4.7.2-5 (using .../libquadmath0_4.8-20130127-1_amd64.deb) ...
Unpacking replacement libquadmath0:amd64 ...
Preparing to replace libstdc++6-4.7-dev 4.7.2-5 (using .../libstdc++6-4.7-dev_4.7.2-19_amd64.deb) ...
Unpacking replacement libstdc++6-4.7-dev:amd64 ...
Preparing to replace g++-4.7 4.7.2-5 (using .../g++-4.7_4.7.2-19_amd64.deb) ...
Unpacking replacement g++-4.7 ...
Preparing to replace gcc-4.7 4.7.2-5 (using .../gcc-4.7_4.7.2-19_amd64.deb) ...
Unpacking replacement gcc-4.7 ...
Preparing to replace cpp-4.7 4.7.2-5 (using .../cpp-4.7_4.7.2-19_amd64.deb) ...
Unpacking replacement cpp-4.7 ...
Selecting previously unselected package libgcc-4.7-dev:amd64.
Unpacking libgcc-4.7-dev:amd64 (from .../libgcc-4.7-dev_4.7.2-19_amd64.deb) ...
Preparing to replace gcc-4.7-base:amd64 4.7.2-5 (using .../gcc-4.7-base_4.7.2-19_amd64.deb) ...
Unpacking replacement gcc-4.7-base:amd64 ...
Selecting previously unselected package mime-support.
Unpacking mime-support (from .../mime-support_3.53~experimental2_all.deb) ...
Selecting previously unselected package libpython2.7-minimal:amd64.
Unpacking libpython2.7-minimal:amd64 (from .../libpython2.7-minimal_2.7.3-15_amd64.deb) ...
Selecting previously unselected package python2.7-minimal.
Unpacking python2.7-minimal (from .../python2.7-minimal_2.7.3-15_amd64.deb) ...
Selecting previously unselected package libpython2.7-stdlib:amd64.
Unpacking libpython2.7-stdlib:amd64 (from .../libpython2.7-stdlib_2.7.3-15_amd64.deb) ...
Selecting previously unselected package python2.7.
Unpacking python2.7 (from .../python2.7_2.7.3-15_amd64.deb) ...
Selecting previously unselected package python-minimal.
Unpacking python-minimal (from .../python-minimal_2.7.3-10_amd64.deb) ...
Selecting previously unselected package python.
Unpacking python (from .../python_2.7.3-10_amd64.deb) ...
Selecting previously unselected package libobjc-4.7-dev:amd64.
Unpacking libobjc-4.7-dev:amd64 (from .../libobjc-4.7-dev_4.7.2-19_amd64.deb) ...
Selecting previously unselected package libclang-common-dev.
Unpacking libclang-common-dev (from .../libclang-common-dev_3.2-1~exp5_amd64.deb) ...
Selecting previously unselected package compiler-rt.
Unpacking compiler-rt (from .../compiler-rt_3.2-1~exp5_amd64.deb) ...
Selecting previously unselected package clang-3.2.
Unpacking clang-3.2 (from .../clang-3.2_3.2-1~exp5_amd64.deb) ...
Selecting previously unselected package clang.
Unpacking clang (from .../clang_3.2-1~exp5_all.deb) ...
Setting up libc-dev-bin (2.16-0experimental1) ...
Setting up libc6-dev:amd64 (2.16-0experimental1) ...
Setting up libncursesw5:amd64 (5.9+20130119-1) ...
Setting up libssl1.0.0:amd64 (1.0.1c-4) ...
debconf: unable to initialize frontend: Dialog
debconf: (Dialog frontend will not work on a dumb terminal, an emacs shell buffer, or without a controlling terminal.)
debconf: falling back to frontend: Readline
debconf: unable to initialize frontend: Readline
debconf: (This frontend requires a controlling tty.)
debconf: falling back to frontend: Teletype
Setting up libsqlite3-0:amd64 (3.7.15.2-1) ...
Setting up libexpat1:amd64 (2.1.0-2) ...
Setting up libffi5:amd64 (3.0.10-3) ...
Setting up libgomp1:amd64 (4.8-20130127-1) ...
Setting up libitm1:amd64 (4.8-20130127-1) ...
Setting up libllvm3.2:amd64 (3.2-2) ...
Setting up libobjc4:amd64 (4.8-20130127-1) ...
Setting up libquadmath0:amd64 (4.8-20130127-1) ...
Setting up gcc-4.7-base:amd64 (4.7.2-19) ...
Setting up libgcc-4.7-dev:amd64 (4.7.2-19) ...
Setting up libstdc++6-4.7-dev:amd64 (4.7.2-19) ...
Setting up cpp-4.7 (4.7.2-19) ...
Setting up gcc-4.7 (4.7.2-19) ...
Setting up g++-4.7 (4.7.2-19) ...
Setting up mime-support (3.53~experimental2) ...
Setting up libpython2.7-minimal:amd64 (2.7.3-15) ...
Setting up python2.7-minimal (2.7.3-15) ...
Linking and byte-compiling packages for runtime python2.7...
Setting up libpython2.7-stdlib:amd64 (2.7.3-15) ...
Setting up python2.7 (2.7.3-15) ...
Setting up python-minimal (2.7.3-10) ...
Setting up python (2.7.3-10) ...
Setting up libobjc-4.7-dev:amd64 (4.7.2-19) ...
Setting up libclang-common-dev (3.2-1~exp5) ...
Setting up compiler-rt (3.2-1~exp5) ...
Setting up clang-3.2 (3.2-1~exp5) ...
Setting up clang (3.2-1~exp5) ...
+ echo 'Replace gcc, g++ & cpp by clang'
Replace gcc, g++ & cpp by clang
+ VERSIONS='4.6 4.7'
+ cd /usr/bin
+ for VERSION in '$VERSIONS'
+ rm g++-4.6 gcc-4.6 cpp-4.6
+ ln -s clang++ g++-4.6
+ ln -s clang gcc-4.6
+ ln -s clang cpp-4.6
+ for VERSION in '$VERSIONS'
+ rm g++-4.7 gcc-4.7 cpp-4.7
+ ln -s clang++ g++-4.7
+ ln -s clang gcc-4.7
+ ln -s clang cpp-4.7
+ cd -
/«BUILDDIR»
+ echo 'Block the installation of new gcc version'
Block the installation of new gcc version
+ echo 'gcc-4.6 hold'
+ dpkg --set-selections
+ echo 'cpp-4.6 hold'
+ dpkg --set-selections
+ echo 'g++-4.6 hold'
+ dpkg --set-selections
+ echo 'gcc-4.7 hold'
+ dpkg --set-selections
+ echo 'cpp-4.7 hold'
+ dpkg --set-selections
+ echo 'g++-4.7 hold'
+ dpkg --set-selections
+ echo 'Check if gcc, g++ & cpp are actually clang'
Check if gcc, g++ & cpp are actually clang
+ gcc --version
+ grep clang
+ cpp --version
+ grep clang
+ g++ --version
+ grep clang

I: Finished running '/tmp/switch-to-clang'.

Finished processing commands.
────────────────────────────────────────────────────────────────────────────────
Merged Build-Depends: build-essential, fakeroot
Filtered Build-Depends: build-essential, fakeroot
dpkg-deb: building package `sbuild-build-depends-core-dummy' in `/«BUILDDIR»/resolver-I7lzeC/apt_archive/sbuild-build-depends-core-dummy.deb'.
OK
Reading package lists...

┌──────────────────────────────────────────────────────────────────────────────┐
│ Install core build dependencies (apt-based resolver)                         │
└──────────────────────────────────────────────────────────────────────────────┘

Installing build dependencies
Reading package lists...
Building dependency tree...
Reading state information...
The following NEW packages will be installed:
  sbuild-build-depends-core-dummy
debconf: delaying package configuration, since apt-utils is not installed
0 upgraded, 1 newly installed, 0 to remove and 0 not upgraded.
Need to get 0 B/710 B of archives.
After this operation, 0 B of additional disk space will be used.
Selecting previously unselected package sbuild-build-depends-core-dummy.
(Reading database ... 14674 files and directories currently installed.)
Unpacking sbuild-build-depends-core-dummy (from .../sbuild-build-depends-core-dummy.deb) ...
Setting up sbuild-build-depends-core-dummy (0.invalid.0) ...
Merged Build-Depends: base-files, base-passwd, bash, bsdutils, coreutils, dash, debianutils, diffutils, dpkg, e2fsprogs, findutils, grep, gzip, hostname, libc-bin, login, mount, ncurses-base, ncurses-bin, perl-base, sed, sysvinit, sysvinit-utils, tar, util-linux, libc6-dev | libc-dev, gcc (>= 4:4.4.3), g++ (>= 4:4.4.3), make, dpkg-dev (>= 1.13.5), debhelper (>= 7.0.50~), autotools-dev, libpci-dev, docbook-xsl, docbook-xml, xsltproc, po-debconf, zlib1g-dev, libx86-dev, pkg-config, liblzo2-dev, libgcrypt11-dev, docbook2x
Filtered Build-Depends: base-files, base-passwd, bash, bsdutils, coreutils, dash, debianutils, diffutils, dpkg, e2fsprogs, findutils, grep, gzip, hostname, libc-bin, login, mount, ncurses-base, ncurses-bin, perl-base, sed, sysvinit, sysvinit-utils, tar, util-linux, libc6-dev, gcc (>= 4:4.4.3), g++ (>= 4:4.4.3), make, dpkg-dev (>= 1.13.5), debhelper (>= 7.0.50~), autotools-dev, libpci-dev, docbook-xsl, docbook-xml, xsltproc, po-debconf, zlib1g-dev, libx86-dev, pkg-config, liblzo2-dev, libgcrypt11-dev, docbook2x
dpkg-deb: building package `sbuild-build-depends-uswsusp-dummy' in `/«BUILDDIR»/resolver-3fKBZt/apt_archive/sbuild-build-depends-uswsusp-dummy.deb'.
OK
Reading package lists...

┌──────────────────────────────────────────────────────────────────────────────┐
│ Install uswsusp build dependencies (apt-based resolver)                      │
└──────────────────────────────────────────────────────────────────────────────┘

Installing build dependencies
Reading package lists...
Building dependency tree...
Reading state information...
The following extra packages will be installed:
  autotools-dev bsdmainutils ca-certificates debhelper docbook-xml docbook-xsl
  docbook2x file gettext gettext-base groff-base html2text intltool-debian
  libasprintf-dev libasprintf0c2 libcroco3 libencode-locale-perl
  libfile-listing-perl libgcrypt11 libgcrypt11-dev libgettextpo-dev
  libgettextpo0 libglib2.0-0 libgpg-error-dev libgpg-error0
  libhtml-parser-perl libhtml-tagset-perl libhtml-tree-perl
  libhttp-cookies-perl libhttp-date-perl libhttp-message-perl
  libhttp-negotiate-perl libio-socket-ssl-perl liblwp-mediatypes-perl
  liblwp-protocol-https-perl liblzo2-2 liblzo2-dev libmagic1 libnet-http-perl
  libnet-ssleay-perl libosp5 libpci-dev libpci3 libpcre3 libpipeline1 libpopt0
  libunistring0 liburi-perl libwww-perl libwww-robotrules-perl libx86-1
  libx86-dev libxml-namespacesupport-perl libxml-parser-perl
  libxml-sax-base-perl libxml-sax-expat-perl libxml-sax-perl libxml2
  libxslt1.1 man-db netbase opensp openssl pkg-config po-debconf sgml-base
  sgml-data texinfo xml-core xsltproc zlib1g-dev
Suggested packages:
  wamerican wordlist whois vacation dh-make docbook docbook-dsssl
  docbook-defguide docbook-xsl-doc-html docbook-xsl-doc-pdf
  docbook-xsl-doc-text docbook-xsl-doc libsaxon-java libxalan2-java
  libxslthl-java docbook-xsl-saxon fop xalan dbtoepub gettext-doc groff
  rng-tools libgcrypt11-doc libdata-dump-perl libcrypt-ssleay-perl
  libauthen-ntlm-perl less www-browser doc-base libmail-box-perl sgml-base-doc
  perlsgml w3-recs libxml2-utils texlive-base texlive-latex-base
  texlive-generic-recommended texinfo-doc-nonfree
Recommended packages:
  curl wget lynx-cur autopoint libglib2.0-data shared-mime-info
  libhtml-format-perl libio-socket-ip-perl libio-socket-inet6-perl
  libhtml-form-perl libhttp-daemon-perl libmailtools-perl ifupdown
  libmail-sendmail-perl
The following NEW packages will be installed:
  autotools-dev bsdmainutils ca-certificates debhelper docbook-xml docbook-xsl
  docbook2x file gettext gettext-base groff-base html2text intltool-debian
  libasprintf-dev libasprintf0c2 libcroco3 libencode-locale-perl
  libfile-listing-perl libgcrypt11 libgcrypt11-dev libgettextpo-dev
  libgettextpo0 libglib2.0-0 libgpg-error-dev libgpg-error0
  libhtml-parser-perl libhtml-tagset-perl libhtml-tree-perl
  libhttp-cookies-perl libhttp-date-perl libhttp-message-perl
  libhttp-negotiate-perl libio-socket-ssl-perl liblwp-mediatypes-perl
  liblwp-protocol-https-perl liblzo2-2 liblzo2-dev libmagic1 libnet-http-perl
  libnet-ssleay-perl libosp5 libpci-dev libpci3 libpcre3 libpipeline1 libpopt0
  libunistring0 liburi-perl libwww-perl libwww-robotrules-perl libx86-1
  libx86-dev libxml-namespacesupport-perl libxml-parser-perl
  libxml-sax-base-perl libxml-sax-expat-perl libxml-sax-perl libxml2
  libxslt1.1 man-db netbase opensp openssl pkg-config po-debconf
  sbuild-build-depends-uswsusp-dummy sgml-base sgml-data texinfo xml-core
  xsltproc zlib1g-dev
0 upgraded, 72 newly installed, 0 to remove and 0 not upgraded.
Need to get 19.2 MB/19.2 MB of archives.
After this operation, 61.5 MB of additional disk space will be used.
Get:1 http://localhost/debian/ unstable/main libpipeline1 amd64 1.2.2-1 [39.9 kB]
Get:2 http://localhost/debian/ unstable/main libpopt0 amd64 1.16-7 [56.4 kB]
Get:3 http://localhost/debian/ unstable/main groff-base amd64 1.22.1-2 [741 kB]
Get:4 http://localhost/debian/ unstable/main bsdmainutils amd64 9.0.4 [210 kB]
Get:5 http://localhost/debian/ unstable/main man-db amd64 2.6.3-3 [898 kB]
Get:6 http://localhost/debian/ unstable/main libasprintf0c2 amd64 0.18.1.1-10 [27.2 kB]
Get:7 http://localhost/debian/ unstable/main libgpg-error0 amd64 1.10-3.1 [77.9 kB]
Get:8 http://localhost/debian/ unstable/main libgcrypt11 amd64 1.5.0-3 [298 kB]
Get:9 http://localhost/debian/ unstable/main libmagic1 amd64 5.11-2 [202 kB]
Get:10 http://localhost/debian/ unstable/main libpci3 amd64 1:3.1.9-6 [58.4 kB]
Get:11 http://localhost/debian/ unstable/main libpcre3 amd64 1:8.31-2 [247 kB]
Get:12 http://localhost/debian/ unstable/main libxml2 amd64 2.8.0+dfsg1-7 [903 kB]
Get:13 http://localhost/debian/ unstable/main sgml-base all 1.26+nmu4 [14.6 kB]
Get:14 http://localhost/debian/ unstable/main xml-core all 0.13+nmu2 [24.2 kB]
Get:15 http://localhost/debian/ unstable/main sgml-data all 2.0.8 [284 kB]
Get:16 http://localhost/debian/ unstable/main docbook-xml all 4.5-7.1 [345 kB]
Get:17 http://localhost/debian/ unstable/main libglib2.0-0 amd64 2.33.12+really2.32.4-5 [1838 kB]
Get:18 http://localhost/debian/ unstable/main libcroco3 amd64 0.6.6-2 [134 kB]
Get:19 http://localhost/debian/ unstable/main libunistring0 amd64 0.9.3-5 [434 kB]
Get:20 http://localhost/debian/ unstable/main libgettextpo0 amd64 0.18.1.1-10 [145 kB]
Get:21 http://localhost/debian/ unstable/main liblzo2-2 amd64 2.06-1 [57.7 kB]
Get:22 http://localhost/debian/ unstable/main libx86-1 amd64 1.1+ds1-10 [85.8 kB]
Get:23 http://localhost/debian/ unstable/main libxslt1.1 amd64 1.1.26-14 [253 kB]
Get:24 http://localhost/debian/ unstable/main netbase all 5.0 [20.1 kB]
Get:25 http://localhost/debian/ unstable/main file amd64 5.11-2 [51.8 kB]
Get:26 http://localhost/debian/ unstable/main gettext-base amd64 0.18.1.1-10 [154 kB]
Get:27 http://localhost/debian/ unstable/main texinfo amd64 4.13a.dfsg.1-10 [983 kB]
Get:28 http://localhost/debian/ unstable/main autotools-dev all 20120608.1 [73.0 kB]
Get:29 http://localhost/debian/ unstable/main openssl amd64 1.0.1c-4 [698 kB]
Get:30 http://localhost/debian/ unstable/main ca-certificates all 20130119 [185 kB]
Get:31 http://localhost/debian/ unstable/main html2text amd64 1.3.2a-15 [103 kB]
Get:32 http://localhost/debian/ unstable/main libasprintf-dev amd64 0.18.1.1-10 [26.8 kB]
Get:33 http://localhost/debian/ unstable/main libgettextpo-dev amd64 0.18.1.1-10 [184 kB]
Get:34 http://localhost/debian/ unstable/main gettext amd64 0.18.1.1-10 [1815 kB]
Get:35 http://localhost/debian/ unstable/main intltool-debian all 0.35.0+20060710.1 [30.8 kB]
Get:36 http://localhost/debian/ unstable/main po-debconf all 1.0.16+nmu2 [224 kB]
Get:37 http://localhost/debian/ unstable/main debhelper all 9.20120909 [705 kB]
Get:38 http://localhost/debian/ unstable/main docbook-xsl all 1.76.1+dfsg-1 [1643 kB]
Get:39 http://localhost/debian/ unstable/main libxml-namespacesupport-perl all 1.09-3 [15.3 kB]
Get:40 http://localhost/debian/ unstable/main liburi-perl all 1.60-1 [100 kB]
Get:41 http://localhost/debian/ unstable/main libencode-locale-perl all 1.03-1 [13.6 kB]
Get:42 http://localhost/debian/ unstable/main libhttp-date-perl all 6.02-1 [10.7 kB]
Get:43 http://localhost/debian/ unstable/main libfile-listing-perl all 6.04-1 [10.3 kB]
Get:44 http://localhost/debian/ unstable/main libhtml-tagset-perl all 3.20-2 [13.5 kB]
Get:45 http://localhost/debian/ unstable/main libhtml-parser-perl amd64 3.69-2 [114 kB]
Get:46 http://localhost/debian/ unstable/main libhtml-tree-perl all 5.02-1 [225 kB]
Get:47 http://localhost/debian/ unstable/main liblwp-mediatypes-perl all 6.02-1 [22.1 kB]
Get:48 http://localhost/debian/ unstable/main libhttp-message-perl all 6.03-1 [78.5 kB]
Get:49 http://localhost/debian/ unstable/main libhttp-cookies-perl all 6.00-2 [23.5 kB]
Get:50 http://localhost/debian/ unstable/main libhttp-negotiate-perl all 6.00-2 [13.6 kB]
Get:51 http://localhost/debian/ unstable/main libnet-ssleay-perl amd64 1.48-1+b1 [335 kB]
Get:52 http://localhost/debian/ unstable/main libio-socket-ssl-perl all 1.76-2 [68.0 kB]
Get:53 http://localhost/debian/ unstable/main libnet-http-perl all 6.03-2 [24.3 kB]
Get:54 http://localhost/debian/ unstable/main liblwp-protocol-https-perl all 6.03-1 [7580 B]
Get:55 http://localhost/debian/ unstable/main libwww-robotrules-perl all 6.01-1 [14.3 kB]
Get:56 http://localhost/debian/ unstable/main libwww-perl all 6.04-1 [203 kB]
Get:57 http://localhost/debian/ unstable/main libxml-parser-perl amd64 2.41-1+b1 [278 kB]
Get:58 http://localhost/debian/ unstable/main libxml-sax-base-perl all 1.07-1 [23.1 kB]
Get:59 http://localhost/debian/ unstable/main libxml-sax-perl all 0.99+dfsg-2 [68.3 kB]
Get:60 http://localhost/debian/ unstable/main libxml-sax-expat-perl all 0.40-2 [12.9 kB]
Get:61 http://localhost/debian/ unstable/main libosp5 amd64 1.5.2-10 [1199 kB]
Get:62 http://localhost/debian/ unstable/main opensp amd64 1.5.2-10 [514 kB]
Get:63 http://localhost/debian/ unstable/main xsltproc amd64 1.1.26-14 [117 kB]
Get:64 http://localhost/debian/ unstable/main docbook2x amd64 0.8.8-8 [355 kB]
Get:65 http://localhost/debian/ unstable/main libgpg-error-dev amd64 1.10-3.1 [43.0 kB]
Get:66 http://localhost/debian/ unstable/main libgcrypt11-dev amd64 1.5.0-3 [402 kB]
Get:67 http://localhost/debian/ unstable/main liblzo2-dev amd64 2.06-1 [148 kB]
Get:68 http://localhost/debian/ unstable/main zlib1g-dev amd64 1:1.2.7.dfsg-13 [215 kB]
Get:69 http://localhost/debian/ unstable/main libpci-dev amd64 1:3.1.9-6 [78.7 kB]
Get:70 http://localhost/debian/ unstable/main libx86-dev amd64 1.1+ds1-10 [97.4 kB]
Get:71 http://localhost/debian/ unstable/main pkg-config amd64 0.26-1 [59.5 kB]
debconf: delaying package configuration, since apt-utils is not installed
Fetched 19.2 MB in 1s (13.2 MB/s)
Selecting previously unselected package libpipeline1:amd64.
(Reading database ... 14674 files and directories currently installed.)
Unpacking libpipeline1:amd64 (from .../libpipeline1_1.2.2-1_amd64.deb) ...
Selecting previously unselected package libpopt0:amd64.
Unpacking libpopt0:amd64 (from .../libpopt0_1.16-7_amd64.deb) ...
Selecting previously unselected package groff-base.
Unpacking groff-base (from .../groff-base_1.22.1-2_amd64.deb) ...
Selecting previously unselected package bsdmainutils.
Unpacking bsdmainutils (from .../bsdmainutils_9.0.4_amd64.deb) ...
Selecting previously unselected package man-db.
Unpacking man-db (from .../man-db_2.6.3-3_amd64.deb) ...
Selecting previously unselected package libasprintf0c2:amd64.
Unpacking libasprintf0c2:amd64 (from .../libasprintf0c2_0.18.1.1-10_amd64.deb) ...
Selecting previously unselected package libgpg-error0:amd64.
Unpacking libgpg-error0:amd64 (from .../libgpg-error0_1.10-3.1_amd64.deb) ...
Selecting previously unselected package libgcrypt11:amd64.
Unpacking libgcrypt11:amd64 (from .../libgcrypt11_1.5.0-3_amd64.deb) ...
Selecting previously unselected package libmagic1:amd64.
Unpacking libmagic1:amd64 (from .../libmagic1_5.11-2_amd64.deb) ...
Selecting previously unselected package libpci3:amd64.
Unpacking libpci3:amd64 (from .../libpci3_1%3a3.1.9-6_amd64.deb) ...
Selecting previously unselected package libpcre3:amd64.
Unpacking libpcre3:amd64 (from .../libpcre3_1%3a8.31-2_amd64.deb) ...
Selecting previously unselected package libxml2:amd64.
Unpacking libxml2:amd64 (from .../libxml2_2.8.0+dfsg1-7_amd64.deb) ...
Selecting previously unselected package sgml-base.
Unpacking sgml-base (from .../sgml-base_1.26+nmu4_all.deb) ...
Selecting previously unselected package xml-core.
Unpacking xml-core (from .../xml-core_0.13+nmu2_all.deb) ...
Selecting previously unselected package sgml-data.
Unpacking sgml-data (from .../sgml-data_2.0.8_all.deb) ...
Processing triggers for mime-support ...
Setting up sgml-base (1.26+nmu4) ...
Setting up xml-core (0.13+nmu2) ...
Processing triggers for sgml-base ...
Selecting previously unselected package docbook-xml.
(Reading database ... 15554 files and directories currently installed.)
Unpacking docbook-xml (from .../docbook-xml_4.5-7.1_all.deb) ...
Selecting previously unselected package libglib2.0-0:amd64.
Unpacking libglib2.0-0:amd64 (from .../libglib2.0-0_2.33.12+really2.32.4-5_amd64.deb) ...
Selecting previously unselected package libcroco3:amd64.
Unpacking libcroco3:amd64 (from .../libcroco3_0.6.6-2_amd64.deb) ...
Selecting previously unselected package libunistring0:amd64.
Unpacking libunistring0:amd64 (from .../libunistring0_0.9.3-5_amd64.deb) ...
Selecting previously unselected package libgettextpo0:amd64.
Unpacking libgettextpo0:amd64 (from .../libgettextpo0_0.18.1.1-10_amd64.deb) ...
Selecting previously unselected package liblzo2-2:amd64.
Unpacking liblzo2-2:amd64 (from .../liblzo2-2_2.06-1_amd64.deb) ...
Selecting previously unselected package libx86-1:amd64.
Unpacking libx86-1:amd64 (from .../libx86-1_1.1+ds1-10_amd64.deb) ...
Selecting previously unselected package libxslt1.1:amd64.
Unpacking libxslt1.1:amd64 (from .../libxslt1.1_1.1.26-14_amd64.deb) ...
Selecting previously unselected package netbase.
Unpacking netbase (from .../archives/netbase_5.0_all.deb) ...
Selecting previously unselected package file.
Unpacking file (from .../archives/file_5.11-2_amd64.deb) ...
Selecting previously unselected package gettext-base.
Unpacking gettext-base (from .../gettext-base_0.18.1.1-10_amd64.deb) ...
Selecting previously unselected package texinfo.
Unpacking texinfo (from .../texinfo_4.13a.dfsg.1-10_amd64.deb) ...
Selecting previously unselected package autotools-dev.
Unpacking autotools-dev (from .../autotools-dev_20120608.1_all.deb) ...
Selecting previously unselected package openssl.
Unpacking openssl (from .../openssl_1.0.1c-4_amd64.deb) ...
Selecting previously unselected package ca-certificates.
Unpacking ca-certificates (from .../ca-certificates_20130119_all.deb) ...
Selecting previously unselected package html2text.
Unpacking html2text (from .../html2text_1.3.2a-15_amd64.deb) ...
Selecting previously unselected package libasprintf-dev:amd64.
Unpacking libasprintf-dev:amd64 (from .../libasprintf-dev_0.18.1.1-10_amd64.deb) ...
Selecting previously unselected package libgettextpo-dev:amd64.
Unpacking libgettextpo-dev:amd64 (from .../libgettextpo-dev_0.18.1.1-10_amd64.deb) ...
Selecting previously unselected package gettext.
Unpacking gettext (from .../gettext_0.18.1.1-10_amd64.deb) ...
Selecting previously unselected package intltool-debian.
Unpacking intltool-debian (from .../intltool-debian_0.35.0+20060710.1_all.deb) ...
Selecting previously unselected package po-debconf.
Unpacking po-debconf (from .../po-debconf_1.0.16+nmu2_all.deb) ...
Selecting previously unselected package debhelper.
Unpacking debhelper (from .../debhelper_9.20120909_all.deb) ...
Selecting previously unselected package docbook-xsl.
Unpacking docbook-xsl (from .../docbook-xsl_1.76.1+dfsg-1_all.deb) ...
Selecting previously unselected package libxml-namespacesupport-perl.
Unpacking libxml-namespacesupport-perl (from .../libxml-namespacesupport-perl_1.09-3_all.deb) ...
Selecting previously unselected package liburi-perl.
Unpacking liburi-perl (from .../liburi-perl_1.60-1_all.deb) ...
Selecting previously unselected package libencode-locale-perl.
Unpacking libencode-locale-perl (from .../libencode-locale-perl_1.03-1_all.deb) ...
Selecting previously unselected package libhttp-date-perl.
Unpacking libhttp-date-perl (from .../libhttp-date-perl_6.02-1_all.deb) ...
Selecting previously unselected package libfile-listing-perl.
Unpacking libfile-listing-perl (from .../libfile-listing-perl_6.04-1_all.deb) ...
Selecting previously unselected package libhtml-tagset-perl.
Unpacking libhtml-tagset-perl (from .../libhtml-tagset-perl_3.20-2_all.deb) ...
Selecting previously unselected package libhtml-parser-perl.
Unpacking libhtml-parser-perl (from .../libhtml-parser-perl_3.69-2_amd64.deb) ...
Selecting previously unselected package libhtml-tree-perl.
Unpacking libhtml-tree-perl (from .../libhtml-tree-perl_5.02-1_all.deb) ...
Selecting previously unselected package liblwp-mediatypes-perl.
Unpacking liblwp-mediatypes-perl (from .../liblwp-mediatypes-perl_6.02-1_all.deb) ...
Selecting previously unselected package libhttp-message-perl.
Unpacking libhttp-message-perl (from .../libhttp-message-perl_6.03-1_all.deb) ...
Selecting previously unselected package libhttp-cookies-perl.
Unpacking libhttp-cookies-perl (from .../libhttp-cookies-perl_6.00-2_all.deb) ...
Selecting previously unselected package libhttp-negotiate-perl.
Unpacking libhttp-negotiate-perl (from .../libhttp-negotiate-perl_6.00-2_all.deb) ...
Selecting previously unselected package libnet-ssleay-perl.
Unpacking libnet-ssleay-perl (from .../libnet-ssleay-perl_1.48-1+b1_amd64.deb) ...
Selecting previously unselected package libio-socket-ssl-perl.
Unpacking libio-socket-ssl-perl (from .../libio-socket-ssl-perl_1.76-2_all.deb) ...
Selecting previously unselected package libnet-http-perl.
Unpacking libnet-http-perl (from .../libnet-http-perl_6.03-2_all.deb) ...
Selecting previously unselected package liblwp-protocol-https-perl.
Unpacking liblwp-protocol-https-perl (from .../liblwp-protocol-https-perl_6.03-1_all.deb) ...
Selecting previously unselected package libwww-robotrules-perl.
Unpacking libwww-robotrules-perl (from .../libwww-robotrules-perl_6.01-1_all.deb) ...
Selecting previously unselected package libwww-perl.
Unpacking libwww-perl (from .../libwww-perl_6.04-1_all.deb) ...
Selecting previously unselected package libxml-parser-perl.
Unpacking libxml-parser-perl (from .../libxml-parser-perl_2.41-1+b1_amd64.deb) ...
Selecting previously unselected package libxml-sax-base-perl.
Unpacking libxml-sax-base-perl (from .../libxml-sax-base-perl_1.07-1_all.deb) ...
Selecting previously unselected package libxml-sax-perl.
Unpacking libxml-sax-perl (from .../libxml-sax-perl_0.99+dfsg-2_all.deb) ...
Selecting previously unselected package libxml-sax-expat-perl.
Unpacking libxml-sax-expat-perl (from .../libxml-sax-expat-perl_0.40-2_all.deb) ...
Selecting previously unselected package libosp5.
Unpacking libosp5 (from .../libosp5_1.5.2-10_amd64.deb) ...
Selecting previously unselected package opensp.
Unpacking opensp (from .../opensp_1.5.2-10_amd64.deb) ...
Selecting previously unselected package xsltproc.
Unpacking xsltproc (from .../xsltproc_1.1.26-14_amd64.deb) ...
Selecting previously unselected package docbook2x.
Unpacking docbook2x (from .../docbook2x_0.8.8-8_amd64.deb) ...
Selecting previously unselected package libgpg-error-dev.
Unpacking libgpg-error-dev (from .../libgpg-error-dev_1.10-3.1_amd64.deb) ...
Selecting previously unselected package libgcrypt11-dev.
Unpacking libgcrypt11-dev (from .../libgcrypt11-dev_1.5.0-3_amd64.deb) ...
Selecting previously unselected package liblzo2-dev.
Unpacking liblzo2-dev (from .../liblzo2-dev_2.06-1_amd64.deb) ...
Selecting previously unselected package zlib1g-dev:amd64.
Unpacking zlib1g-dev:amd64 (from .../zlib1g-dev_1%3a1.2.7.dfsg-13_amd64.deb) ...
Selecting previously unselected package libpci-dev.
Unpacking libpci-dev (from .../libpci-dev_1%3a3.1.9-6_amd64.deb) ...
Selecting previously unselected package libx86-dev.
Unpacking libx86-dev (from .../libx86-dev_1.1+ds1-10_amd64.deb) ...
Selecting previously unselected package pkg-config.
Unpacking pkg-config (from .../pkg-config_0.26-1_amd64.deb) ...
Selecting previously unselected package sbuild-build-depends-uswsusp-dummy.
Unpacking sbuild-build-depends-uswsusp-dummy (from .../sbuild-build-depends-uswsusp-dummy.deb) ...
Processing triggers for sgml-base ...
Processing triggers for mime-support ...
Setting up libpipeline1:amd64 (1.2.2-1) ...
Setting up libpopt0:amd64 (1.16-7) ...
Setting up groff-base (1.22.1-2) ...
Setting up bsdmainutils (9.0.4) ...
update-alternatives: using /usr/bin/bsd-write to provide /usr/bin/write (write) in auto mode
update-alternatives: using /usr/bin/bsd-from to provide /usr/bin/from (from) in auto mode
Setting up man-db (2.6.3-3) ...
Building database of manual pages ...
Setting up libasprintf0c2:amd64 (0.18.1.1-10) ...
Setting up libgpg-error0:amd64 (1.10-3.1) ...
Setting up libgcrypt11:amd64 (1.5.0-3) ...
Setting up libmagic1:amd64 (5.11-2) ...
Setting up libpci3:amd64 (1:3.1.9-6) ...
Setting up libpcre3:amd64 (1:8.31-2) ...
Setting up libxml2:amd64 (2.8.0+dfsg1-7) ...
Setting up sgml-data (2.0.8) ...
Setting up libglib2.0-0:amd64 (2.33.12+really2.32.4-5) ...
No schema files found: doing nothing.
Setting up libcroco3:amd64 (0.6.6-2) ...
Setting up libunistring0:amd64 (0.9.3-5) ...
Setting up libgettextpo0:amd64 (0.18.1.1-10) ...
Setting up liblzo2-2:amd64 (2.06-1) ...
Setting up libx86-1:amd64 (1.1+ds1-10) ...
Setting up libxslt1.1:amd64 (1.1.26-14) ...
Setting up netbase (5.0) ...
Setting up file (5.11-2) ...
Setting up gettext-base (0.18.1.1-10) ...
Setting up texinfo (4.13a.dfsg.1-10) ...
Setting up autotools-dev (20120608.1) ...
Setting up openssl (1.0.1c-4) ...
Setting up ca-certificates (20130119) ...
Setting up html2text (1.3.2a-15) ...
Setting up libasprintf-dev:amd64 (0.18.1.1-10) ...
Setting up libgettextpo-dev:amd64 (0.18.1.1-10) ...
Setting up gettext (0.18.1.1-10) ...
Setting up intltool-debian (0.35.0+20060710.1) ...
Setting up po-debconf (1.0.16+nmu2) ...
Setting up debhelper (9.20120909) ...
Setting up docbook-xsl (1.76.1+dfsg-1) ...
Setting up libxml-namespacesupport-perl (1.09-3) ...
Setting up liburi-perl (1.60-1) ...
Setting up libencode-locale-perl (1.03-1) ...
Setting up libhttp-date-perl (6.02-1) ...
Setting up libfile-listing-perl (6.04-1) ...
Setting up libhtml-tagset-perl (3.20-2) ...
Setting up libhtml-parser-perl (3.69-2) ...
Setting up libhtml-tree-perl (5.02-1) ...
Setting up liblwp-mediatypes-perl (6.02-1) ...
Setting up libhttp-message-perl (6.03-1) ...
Setting up libhttp-cookies-perl (6.00-2) ...
Setting up libhttp-negotiate-perl (6.00-2) ...
Setting up libnet-ssleay-perl (1.48-1+b1) ...
Setting up libio-socket-ssl-perl (1.76-2) ...
Setting up libnet-http-perl (6.03-2) ...
Setting up libwww-robotrules-perl (6.01-1) ...
Setting up libxml-sax-base-perl (1.07-1) ...
Setting up libxml-sax-perl (0.99+dfsg-2) ...
update-perl-sax-parsers: Registering Perl SAX parser XML::SAX::PurePerl with priority 10...
update-perl-sax-parsers: Updating overall Perl SAX parser modules info file...

Creating config file /etc/perl/XML/SAX/ParserDetails.ini with new version
Setting up libosp5 (1.5.2-10) ...
Setting up opensp (1.5.2-10) ...
Setting up xsltproc (1.1.26-14) ...
Setting up libgpg-error-dev (1.10-3.1) ...
Setting up libgcrypt11-dev (1.5.0-3) ...
Setting up liblzo2-dev (2.06-1) ...
Setting up zlib1g-dev:amd64 (1:1.2.7.dfsg-13) ...
Setting up libpci-dev (1:3.1.9-6) ...
Setting up libx86-dev (1.1+ds1-10) ...
Setting up pkg-config (0.26-1) ...
Processing triggers for sgml-base ...
Setting up docbook-xml (4.5-7.1) ...
Processing triggers for sgml-base ...
Setting up liblwp-protocol-https-perl (6.03-1) ...
Setting up libwww-perl (6.04-1) ...
Setting up libxml-parser-perl (2.41-1+b1) ...
Setting up libxml-sax-expat-perl (0.40-2) ...
update-perl-sax-parsers: Registering Perl SAX parser XML::SAX::Expat with priority 50...
update-perl-sax-parsers: Updating overall Perl SAX parser modules info file...
Replacing config file /etc/perl/XML/SAX/ParserDetails.ini with new version
Setting up docbook2x (0.8.8-8) ...
install-info: warning: maintainer scripts should not call install-info anymore,
install-info: warning: this is handled now by a dpkg trigger provided by the
install-info: warning: install-info package; package docbook2x should be updated.
install-info: warning: maintainer scripts should not call install-info anymore,
install-info: warning: this is handled now by a dpkg trigger provided by the
install-info: warning: install-info package; package docbook2x should be updated.
install-info: warning: maintainer scripts should not call install-info anymore,
install-info: warning: this is handled now by a dpkg trigger provided by the
install-info: warning: install-info package; package docbook2x should be updated.
Setting up sbuild-build-depends-uswsusp-dummy (0.invalid.0) ...
Processing triggers for ca-certificates ...
Updating certificates in /etc/ssl/certs... 158 added, 0 removed; done.
Running hooks in /etc/ca-certificates/update.d....done.

┌──────────────────────────────────────────────────────────────────────────────┐
│ Build environment                                                            │
└──────────────────────────────────────────────────────────────────────────────┘

Kernel: Linux 2.6.32-5-xen-amd64 amd64 (x86_64)
Toolchain package versions: binutils_2.22-7.1 dpkg-dev_1.16.9 g++-4.6_4.6.3-15 g++-4.7_4.7.2-19 gcc-4.6_4.6.3-15 gcc-4.7_4.7.2-19 libc6-dev_2.16-0experimental1 libstdc++6_4.8-20130127-1 libstdc++6-4.6-dev_4.6.3-15 libstdc++6-4.7-dev_4.7.2-19 linux-libc-dev_3.2.35-2
Package versions: apt_0.9.7.7 autotools-dev_20120608.1 base-files_7.1 base-passwd_3.5.26 bash_4.2+dfsg-0.1 binutils_2.22-7.1 bsdmainutils_9.0.4 bsdutils_1:2.20.1-5.3 build-essential_11.6 bzip2_1.0.6-4 ca-certificates_20130119 clang_3.2-1~exp5 clang-3.2_3.2-1~exp5 compiler-rt_3.2-1~exp5 coreutils_8.20-3 cpp_4:4.7.2-1 cpp-4.6_4.6.3-15 cpp-4.7_4.7.2-19 dash_0.5.7-3 debconf_1.5.49 debconf-i18n_1.5.49 debfoster_2.7-1.2 debhelper_9.20120909 debian-archive-keyring_2012.4 debianutils_4.3.4 diffutils_1:3.2-7 docbook-xml_4.5-7.1 docbook-xsl_1.76.1+dfsg-1 docbook2x_0.8.8-8 dpkg_1.16.9 dpkg-dev_1.16.9 e2fslibs_1.42.5-1 e2fsprogs_1.42.5-1 fakeroot_1.18.4-2 file_5.11-2 findutils_4.4.2-5 g++_4:4.7.2-1 g++-4.6_4.6.3-15 g++-4.7_4.7.2-19 gcc_4:4.7.2-1 gcc-4.4-base_4.4.7-3 gcc-4.5-base_4.5.4-1 gcc-4.6_4.6.3-15 gcc-4.6-base_4.6.3-15 gcc-4.7_4.7.2-19 gcc-4.7-base_4.7.2-19 gcc-4.8-base_4.8-20130127-1 gettext_0.18.1.1-10 gettext-base_0.18.1.1-10 gnupg_1.4.12-7 gpgv_1.4.12-7 grep_2.14-1 groff-base_1.22.1-2 gzip_1.5-1.1 hostname_3.12 html2text_1.3.2a-15 initscripts_2.88dsf-39 insserv_1.14.0-5 intltool-debian_0.35.0+20060710.1 libacl1_2.2.51-8 libapt-pkg4.12_0.9.7.7 libasprintf-dev_0.18.1.1-10 libasprintf0c2_0.18.1.1-10 libattr1_1:2.4.46-8 libblkid1_2.20.1-5.3 libbz2-1.0_1.0.6-4 libc-bin_2.13-38 libc-dev-bin_2.16-0experimental1 libc6_2.16-0experimental1 libc6-dev_2.16-0experimental1 libclang-common-dev_3.2-1~exp5 libclass-isa-perl_0.36-5 libcomerr2_1.42.5-1 libcroco3_0.6.6-2 libdb5.1_5.1.29-5 libdpkg-perl_1.16.9 libencode-locale-perl_1.03-1 libexpat1_2.1.0-2 libffi5_3.0.10-3 libfile-fcntllock-perl_0.14-2 libfile-listing-perl_6.04-1 libgc1c2_1:7.1-9.1 libgcc-4.7-dev_4.7.2-19 libgcc1_1:4.8-20130127-1 libgcrypt11_1.5.0-3 libgcrypt11-dev_1.5.0-3 libgdbm3_1.8.3-11 libgettextpo-dev_0.18.1.1-10 libgettextpo0_0.18.1.1-10 libglib2.0-0_2.33.12+really2.32.4-5 libgmp10_2:5.0.5+dfsg-2 libgomp1_4.8-20130127-1 libgpg-error-dev_1.10-3.1 libgpg-error0_1.10-3.1 libgpm2_1.20.4-6 libhtml-parser-perl_3.69-2 libhtml-tagset-perl_3.20-2 libhtml-tree-perl_5.02-1 libhttp-cookies-perl_6.00-2 libhttp-date-perl_6.02-1 libhttp-message-perl_6.03-1 libhttp-negotiate-perl_6.00-2 libio-socket-ssl-perl_1.76-2 libitm1_4.8-20130127-1 libllvm3.2_3.2-2 liblocale-gettext-perl_1.05-7+b1 liblwp-mediatypes-perl_6.02-1 liblwp-protocol-https-perl_6.03-1 liblzma5_5.1.1alpha+20120614-2 liblzo2-2_2.06-1 liblzo2-dev_2.06-1 libmagic1_5.11-2 libmount1_2.20.1-5.3 libmpc2_0.9-4 libmpfr4_3.1.0-5 libncurses5_5.9+20130119-1 libncursesw5_5.9+20130119-1 libnet-http-perl_6.03-2 libnet-ssleay-perl_1.48-1+b1 libobjc-4.7-dev_4.7.2-19 libobjc4_4.8-20130127-1 libosp5_1.5.2-10 libpam-modules_1.1.3-7.1 libpam-modules-bin_1.1.3-7.1 libpam-runtime_1.1.3-7.1 libpam0g_1.1.3-7.1 libpci-dev_1:3.1.9-6 libpci3_1:3.1.9-6 libpcre3_1:8.31-2 libpipeline1_1.2.2-1 libpopt0_1.16-7 libpython2.7-minimal_2.7.3-15 libpython2.7-stdlib_2.7.3-15 libquadmath0_4.8-20130127-1 libreadline6_6.2+dfsg-0.1 libselinux1_2.1.9-5 libsemanage-common_2.1.6-6 libsemanage1_2.1.6-6 libsepol1_2.1.4-3 libslang2_2.2.4-15 libsqlite3-0_3.7.15.2-1 libss2_1.42.5-1 libssl1.0.0_1.0.1c-4 libstdc++6_4.8-20130127-1 libstdc++6-4.6-dev_4.6.3-15 libstdc++6-4.7-dev_4.7.2-19 libswitch-perl_2.16-2 libtext-charwidth-perl_0.04-7+b1 libtext-iconv-perl_1.7-5 libtext-wrapi18n-perl_0.06-7 libtimedate-perl_1.2000-1 libtinfo5_5.9+20130119-1 libunistring0_0.9.3-5 liburi-perl_1.60-1 libusb-0.1-4_2:0.1.12-23+nmu1 libustr-1.0-1_1.0.4-3 libuuid1_2.20.1-5.3 libwww-perl_6.04-1 libwww-robotrules-perl_6.01-1 libx86-1_1.1+ds1-10 libx86-dev_1.1+ds1-10 libxml-namespacesupport-perl_1.09-3 libxml-parser-perl_2.41-1+b1 libxml-sax-base-perl_1.07-1 libxml-sax-expat-perl_0.40-2 libxml-sax-perl_0.99+dfsg-2 libxml2_2.8.0+dfsg1-7 libxslt1.1_1.1.26-14 linux-libc-dev_3.2.35-2 login_1:4.1.5.1-1 lsb-base_4.1+Debian9 make_3.81-8.2 man-db_2.6.3-3 mawk_1.3.3-17 mime-support_3.53~experimental2 mount_2.20.1-5.3 multiarch-support_2.13-38 ncurses-base_5.9-10 ncurses-bin_5.9-10 netbase_5.0 opensp_1.5.2-10 openssl_1.0.1c-4 passwd_1:4.1.5.1-1 patch_2.6.1-3 perl_5.14.2-17 perl-base_5.14.2-17 perl-modules_5.14.2-17 pkg-config_0.26-1 po-debconf_1.0.16+nmu2 python_2.7.3-10 python-minimal_2.7.3-10 python2.7_2.7.3-15 python2.7-minimal_2.7.3-15 readline-common_6.2+dfsg-0.1 sbuild-build-depends-core-dummy_0.invalid.0 sbuild-build-depends-uswsusp-dummy_0.invalid.0 sed_4.2.1-10 sensible-utils_0.0.7 sgml-base_1.26+nmu4 sgml-data_2.0.8 sudo_1.8.5p2-1 sysv-rc_2.88dsf-39 sysvinit_2.88dsf-39 sysvinit-utils_2.88dsf-39 tar_1.26+dfsg-0.1 texinfo_4.13a.dfsg.1-10 tzdata_2012j-1 ucf_3.0025+nmu3 util-linux_2.20.1-5.3 vim_2:7.3.547-6 vim-common_2:7.3.547-6 vim-runtime_2:7.3.547-6 xml-core_0.13+nmu2 xsltproc_1.1.26-14 xz-utils_5.1.1alpha+20120614-2 zlib1g_1:1.2.7.dfsg-13 zlib1g-dev_1:1.2.7.dfsg-13

┌──────────────────────────────────────────────────────────────────────────────┐
│ Build                                                                        │
└──────────────────────────────────────────────────────────────────────────────┘


Unpack source
─────────────

gpgv: keyblock resource `/sbuild-nonexistent/.gnupg/trustedkeys.gpg': file open error
gpgv: Signature made Sun Sep 23 12:18:40 2012 UTC using RSA key ID FDFE09F2
gpgv: Can't check signature: public key not found
dpkg-source: warning: failed to verify signature on ./uswsusp_1.0+20110509-3.dsc
dpkg-source: info: extracting uswsusp in uswsusp-1.0+20110509
dpkg-source: info: unpacking uswsusp_1.0+20110509.orig.tar.bz2
dpkg-source: info: unpacking uswsusp_1.0+20110509-3.debian.tar.bz2
dpkg-source: info: applying 01_uswsusp_rename.patch
dpkg-source: info: applying 02_s2ram_no_vt_switch.patch
dpkg-source: info: applying 03_s2ram_ppc_force.patch
dpkg-source: info: applying 04_debian_paths.patch

Check disc space
────────────────

Sufficient free space for build

User Environment
────────────────

HOME=/sbuild-nonexistent
LOGNAME=user
PATH=/usr/local/sbin:/usr/local/bin:/usr/sbin:/usr/bin:/sbin:/bin:/usr/games
SCHROOT_CHROOT_NAME=unstable-amd64-sbuild
SCHROOT_COMMAND=env
SCHROOT_GID=1000
SCHROOT_GROUP=user
SCHROOT_SESSION_ID=unstable-amd64-sbuild-7c688a76-6221-4dc7-9392-6e46a2572fdd
SCHROOT_UID=1000
SCHROOT_USER=user
SHELL=/bin/sh
USER=user

dpkg-buildpackage
─────────────────

dpkg-buildpackage: source package uswsusp
dpkg-buildpackage: source version 1.0+20110509-3
dpkg-buildpackage: source changed by Rodolfo García Peñas (kix) <kix@kix.es>
 dpkg-source --before-build uswsusp-1.0+20110509
dpkg-buildpackage: host architecture amd64
dpkg-source: info: using options from uswsusp-1.0+20110509/debian/source/options: --compression=bzip2 --compression-level=9
 fakeroot debian/rules clean
dh clean
   dh_testdir
   dh_auto_clean
   debian/rules override_dh_clean
make[1]: Entering directory `/«BUILDDIR»/uswsusp-1.0+20110509'
dh_clean
rm -f config.sub config.guess
make[1]: Leaving directory `/«BUILDDIR»/uswsusp-1.0+20110509'
 debian/rules build-arch
dh build-arch
   dh_testdir -a
   debian/rules override_dh_auto_configure
make[1]: Entering directory `/«BUILDDIR»/uswsusp-1.0+20110509'
dh_testdir
cp -f /usr/share/misc/config.sub config.sub
cp -f /usr/share/misc/config.guess config.guess
dh_auto_configure -- --host=x86_64-linux-gnu \
		--build=x86_64-linux-gnu \
		-prefix=/usr \
		--sysconfdir=/etc \
		--localstatedir=/var \
		--mandir=\${prefix}/share/man \
		--infodir=\${prefix}/share/info \
		--docdir=\${prefix}/share/doc/uswsusp \
		--with-initramfsdir=/usr/lib/uswsusp \
		--disable-resume-static \
		--disable-create-device \
		--enable-compress \
		--enable-encrypt \
		CFLAGS="-Wall -g -O2" SPLASHY_LIBS="-L/lib -lgcc_s"
configure: WARNING: unrecognized options: --disable-maintainer-mode
checking for a BSD-compatible install... /usr/bin/install -c
checking whether build environment is sane... yes
checking for a thread-safe mkdir -p... /bin/mkdir -p
checking for gawk... no
checking for mawk... mawk
checking whether make sets $(MAKE)... yes
checking build system type... x86_64-pc-linux-gnu
checking host system type... x86_64-pc-linux-gnu
checking for x86_64-linux-gnu-gcc... x86_64-linux-gnu-gcc
checking whether the C compiler works... yes
checking for C compiler default output file name... a.out
checking for suffix of executables... 
checking whether we are cross compiling... no
checking for suffix of object files... o
checking whether we are using the GNU C compiler... yes
checking whether x86_64-linux-gnu-gcc accepts -g... yes
checking for x86_64-linux-gnu-gcc option to accept ISO C89... none needed
checking for style of include used by make... GNU
checking dependency style of x86_64-linux-gnu-gcc... none
checking for a sed that does not truncate output... /bin/sed
checking for grep that handles long lines and -e... /bin/grep
checking for egrep... /bin/grep -E
checking for fgrep... /bin/grep -F
checking for ld used by x86_64-linux-gnu-gcc... /usr/bin/ld
checking if the linker (/usr/bin/ld) is GNU ld... yes
checking for BSD- or MS-compatible name lister (nm)... /usr/bin/nm -B
checking the name lister (/usr/bin/nm -B) interface... BSD nm
checking whether ln -s works... yes
checking the maximum length of command line arguments... 3458764513820540925
checking whether the shell understands some XSI constructs... yes
checking whether the shell understands "+="... yes
checking for /usr/bin/ld option to reload object files... -r
checking for x86_64-linux-gnu-objdump... no
checking for objdump... objdump
checking how to recognize dependent libraries... pass_all
checking for x86_64-linux-gnu-ar... no
checking for ar... ar
checking for x86_64-linux-gnu-strip... no
checking for strip... strip
checking for x86_64-linux-gnu-ranlib... no
checking for ranlib... ranlib
checking command to parse /usr/bin/nm -B output from x86_64-linux-gnu-gcc object... ok
checking how to run the C preprocessor... x86_64-linux-gnu-gcc -E
checking for ANSI C header files... yes
checking for sys/types.h... yes
checking for sys/stat.h... yes
checking for stdlib.h... yes
checking for string.h... yes
checking for memory.h... yes
checking for strings.h... yes
checking for inttypes.h... yes
checking for stdint.h... yes
checking for unistd.h... yes
checking for dlfcn.h... yes
checking for objdir... .libs
checking if x86_64-linux-gnu-gcc supports -fno-rtti -fno-exceptions... yes
checking for x86_64-linux-gnu-gcc option to produce PIC... -fPIC -DPIC
checking if x86_64-linux-gnu-gcc PIC flag -fPIC -DPIC works... yes
checking if x86_64-linux-gnu-gcc static flag -static works... yes
checking if x86_64-linux-gnu-gcc supports -c -o file.o... yes
checking if x86_64-linux-gnu-gcc supports -c -o file.o... (cached) yes
checking whether the x86_64-linux-gnu-gcc linker (/usr/bin/ld -m elf_x86_64) supports shared libraries... yes
checking whether -lc should be explicitly linked in... no
checking dynamic linker characteristics... GNU/Linux ld.so
checking how to hardcode library paths into programs... immediate
checking whether stripping libraries is possible... yes
checking if libtool supports shared libraries... yes
checking whether to build shared libraries... yes
checking whether to build static libraries... yes
checking for x86_64-linux-gnu-pkg-config... no
checking for pkg-config... /usr/bin/pkg-config
checking pkg-config is at least version 0.9.0... yes
checking for m4... no
checking for perl... perl
checking for special C compiler options needed for large files... no
checking for _FILE_OFFSET_BITS value needed for large files... no
checking for LIBPCI... yes
checking for LRMI_common_init in -lx86... yes
checking for lzo1x_1_compress in -llzo2... yes
checking for libgcrypt... found
checking for ANSI C header files... (cached) yes
checking for inttypes.h... (cached) yes
checking for stdint.h... (cached) yes
configure: creating ./config.status
config.status: creating Makefile
config.status: creating doc/Makefile
config.status: creating scripts/Makefile
config.status: creating scripts/suse-10.1/Makefile
config.status: creating config.h
config.status: executing depfiles commands
config.status: executing libtool commands
configure: WARNING: unrecognized options: --disable-maintainer-mode
make[1]: Leaving directory `/«BUILDDIR»/uswsusp-1.0+20110509'
   debian/rules override_dh_auto_build
make[1]: Entering directory `/«BUILDDIR»/uswsusp-1.0+20110509'
xsltproc -''-nonet -o debian/ \
	--param make.year.ranges 1 \
	--param make.single.year.ranges 1 \
	--param man.charmap.use.subset 0 \
	/usr/share/sgml/docbook/stylesheet/xsl/nwalsh/manpages/docbook.xsl \
	debian/s2disk.8.xml debian/s2ram.8.xml \
	debian/swap-offset.8.xml debian/suspend-keygen.8.xml \
	debian/uswsusp.conf.5.xml
Note: Writing s2disk.8
Note: Writing s2ram.8
Note: Writing swap-offset.8
Note: Writing suspend-keygen.8
Note: Writing uswsusp.conf.5
dh_auto_build
make[2]: Entering directory `/«BUILDDIR»/uswsusp-1.0+20110509'
make  all-recursive
make[3]: Entering directory `/«BUILDDIR»/uswsusp-1.0+20110509'
Making all in doc
make[4]: Entering directory `/«BUILDDIR»/uswsusp-1.0+20110509/doc'
make[4]: Nothing to be done for `all'.
make[4]: Leaving directory `/«BUILDDIR»/uswsusp-1.0+20110509/doc'
Making all in scripts
make[4]: Entering directory `/«BUILDDIR»/uswsusp-1.0+20110509/scripts'
Making all in suse-10.1
make[5]: Entering directory `/«BUILDDIR»/uswsusp-1.0+20110509/scripts/suse-10.1'
make[5]: Nothing to be done for `all'.
make[5]: Leaving directory `/«BUILDDIR»/uswsusp-1.0+20110509/scripts/suse-10.1'
make[5]: Entering directory `/«BUILDDIR»/uswsusp-1.0+20110509/scripts'
make[5]: Nothing to be done for `all-am'.
make[5]: Leaving directory `/«BUILDDIR»/uswsusp-1.0+20110509/scripts'
make[4]: Leaving directory `/«BUILDDIR»/uswsusp-1.0+20110509/scripts'
make[4]: Entering directory `/«BUILDDIR»/uswsusp-1.0+20110509'
x86_64-linux-gnu-gcc -DHAVE_CONFIG_H -I.    -DS2RAM -D_LARGEFILE64_SOURCE       -Wall -g -O2 -c vt.c
x86_64-linux-gnu-gcc -DHAVE_CONFIG_H -I.    -DS2RAM -D_LARGEFILE64_SOURCE       -Wall -g -O2 -c config_parser.c
x86_64-linux-gnu-gcc -DHAVE_CONFIG_H -I.    -DS2RAM -D_LARGEFILE64_SOURCE       -Wall -g -O2 -c md5.c
x86_64-linux-gnu-gcc -DHAVE_CONFIG_H -I.    -DS2RAM -D_LARGEFILE64_SOURCE       -Wall -g -O2 -c encrypt.c
x86_64-linux-gnu-gcc -DHAVE_CONFIG_H -I.    -DS2RAM -D_LARGEFILE64_SOURCE       -Wall -g -O2 -c loglevel.c
x86_64-linux-gnu-gcc -DHAVE_CONFIG_H -I.    -DS2RAM -D_LARGEFILE64_SOURCE       -Wall -g -O2 -c splash.c
splash.c:56:9: warning: format string is not a string literal (potentially insecure) [-Wformat-security]
        printf(prompt);
               ^~~~~~
1 warning generated.
x86_64-linux-gnu-gcc -DHAVE_CONFIG_H -I.    -DS2RAM -D_LARGEFILE64_SOURCE       -Wall -g -O2 -c splashy_funcs.c
x86_64-linux-gnu-gcc -DHAVE_CONFIG_H -I.    -DS2RAM -D_LARGEFILE64_SOURCE       -Wall -g -O2 -c fbsplash_funcs.c
x86_64-linux-gnu-gcc -DHAVE_CONFIG_H -I.    -DS2RAM -D_LARGEFILE64_SOURCE       -Wall -g -O2 -c bootsplash.c
bootsplash.c:121:9: warning: format string is not a string literal (potentially insecure) [-Wformat-security]
        printf(prompt);
               ^~~~~~
1 warning generated.
x86_64-linux-gnu-gcc -DHAVE_CONFIG_H -I.    -DS2RAM -D_LARGEFILE64_SOURCE       -Wall -g -O2 -c memalloc.c
x86_64-linux-gnu-gcc -DHAVE_CONFIG_H -I.    -DS2RAM -D_LARGEFILE64_SOURCE       -Wall -g -O2 -c load.c
load.c:393:2: warning: 'gcry_ac_handle_t' is deprecated [-Wdeprecated-declarations]
        gcry_ac_handle_t rsa_hd;
        ^
/usr/include/gcrypt.h:1307:32: note: 'gcry_ac_handle_t' declared here
typedef struct gcry_ac_handle *gcry_ac_handle_t _GCRY_ATTR_INTERNAL;
                               ^
load.c:394:2: warning: 'gcry_ac_data_t' is deprecated [-Wdeprecated-declarations]
        gcry_ac_data_t rsa_data_set, key_set;
        ^
/usr/include/gcrypt.h:1295:30: note: 'gcry_ac_data_t' declared here
typedef struct gcry_ac_data *gcry_ac_data_t _GCRY_ATTR_INTERNAL;
                             ^
load.c:395:2: warning: 'gcry_ac_key_t' is deprecated [-Wdeprecated-declarations]
        gcry_ac_key_t rsa_priv;
        ^
/usr/include/gcrypt.h:1299:29: note: 'gcry_ac_key_t' declared here
typedef struct gcry_ac_key *gcry_ac_key_t _GCRY_ATTR_INTERNAL;
                            ^
load.c:405:8: warning: 'gcry_ac_open' is deprecated [-Wdeprecated-declarations]
        ret = gcry_ac_open(&rsa_hd, GCRY_AC_RSA, 0);
              ^
/usr/include/gcrypt.h:1482:14: note: 'gcry_ac_open' declared here
gcry_error_t gcry_ac_open (gcry_ac_handle_t *handle,
             ^
load.c:420:11: warning: passing 'unsigned char *' to parameter of type 'char *' converts between pointers to integer types with different sign [-Wpointer-sign]
                strncpy(ivec_buf, password, PK_CIPHER_BLOCK);
                        ^~~~~~~~
/usr/include/x86_64-linux-gnu/bits/string2.h:760:52: note: expanded from macro 'strncpy'
#  define strncpy(dest, src, n) __builtin_strncpy (dest, src, n)
                                                   ^
load.c:457:9: warning: 'gcry_ac_data_new' is deprecated [-Wdeprecated-declarations]
                ret = gcry_ac_data_new(&rsa_data_set);
                      ^
/usr/include/gcrypt.h:1407:14: note: 'gcry_ac_data_new' declared here
gcry_error_t gcry_ac_data_new (gcry_ac_data_t *data)
             ^
load.c:474:9: warning: 'gcry_ac_data_set' is deprecated [-Wdeprecated-declarations]
                ret = gcry_ac_data_set(rsa_data_set, GCRY_AC_FLAG_COPY,
                      ^
/usr/include/gcrypt.h:1433:14: note: 'gcry_ac_data_set' declared here
gcry_error_t gcry_ac_data_set (gcry_ac_data_t data, unsigned int flags,
             ^
load.c:483:9: warning: 'gcry_ac_key_init' is deprecated [-Wdeprecated-declarations]
                ret = gcry_ac_key_init(&rsa_priv, rsa_hd,
                      ^
/usr/include/gcrypt.h:1491:14: note: 'gcry_ac_key_init' declared here
gcry_error_t gcry_ac_key_init (gcry_ac_key_t *key, gcry_ac_handle_t handle,
             ^
load.c:488:8: warning: 'gcry_ac_data_new' is deprecated [-Wdeprecated-declarations]
        ret = gcry_ac_data_new(&key_set);
              ^
/usr/include/gcrypt.h:1407:14: note: 'gcry_ac_data_new' declared here
gcry_error_t gcry_ac_data_new (gcry_ac_data_t *data)
             ^
load.c:494:8: warning: 'gcry_ac_data_set' is deprecated [-Wdeprecated-declarations]
        ret = gcry_ac_data_set(key_set, GCRY_AC_FLAG_COPY, "a", mpi);
              ^
/usr/include/gcrypt.h:1433:14: note: 'gcry_ac_data_set' declared here
gcry_error_t gcry_ac_data_set (gcry_ac_data_t data, unsigned int flags,
             ^
load.c:499:8: warning: 'gcry_ac_data_decrypt' is deprecated [-Wdeprecated-declarations]
        ret = gcry_ac_data_decrypt(rsa_hd, 0, rsa_priv, &mpi, key_set);
              ^
/usr/include/gcrypt.h:1569:14: note: 'gcry_ac_data_decrypt' declared here
gcry_error_t gcry_ac_data_decrypt (gcry_ac_handle_t handle,
             ^
load.c:516:2: warning: 'gcry_ac_data_destroy' is deprecated [-Wdeprecated-declarations]
        gcry_ac_data_destroy(key_set);
        ^
/usr/include/gcrypt.h:1411:6: note: 'gcry_ac_data_destroy' declared here
void gcry_ac_data_destroy (gcry_ac_data_t data)
     ^
load.c:519:2: warning: 'gcry_ac_key_destroy' is deprecated [-Wdeprecated-declarations]
        gcry_ac_key_destroy(rsa_priv);
        ^
/usr/include/gcrypt.h:1531:6: note: 'gcry_ac_key_destroy' declared here
void gcry_ac_key_destroy (gcry_ac_key_t key)
     ^
load.c:522:2: warning: 'gcry_ac_data_destroy' is deprecated [-Wdeprecated-declarations]
        gcry_ac_data_destroy(rsa_data_set);
        ^
/usr/include/gcrypt.h:1411:6: note: 'gcry_ac_data_destroy' declared here
void gcry_ac_data_destroy (gcry_ac_data_t data)
     ^
load.c:533:2: warning: 'gcry_ac_close' is deprecated [-Wdeprecated-declarations]
        gcry_ac_close(rsa_hd);
        ^
/usr/include/gcrypt.h:1487:6: note: 'gcry_ac_close' declared here
void gcry_ac_close (gcry_ac_handle_t handle)
     ^
load.c:550:15: warning: variable 'error' is used uninitialized whenever 'for' loop exits because its condition is false [-Wsometimes-uninitialized]
                for (j = 0; j < CIPHER_BLOCK; j++)
                            ^~~~~~~~~~~~~~~~
load.c:553:7: note: uninitialized use occurs here
        if (!error)
             ^~~~~
load.c:550:15: note: remove the condition if it is always true
                for (j = 0; j < CIPHER_BLOCK; j++)
                            ^~~~~~~~~~~~~~~~
load.c:541:11: note: initialize the variable 'error' to silence this warning
        int error;
                 ^
                  = 0
16 warnings generated.
perl wlcsv2c.pl whitelist.csv whitelist.c
x86_64-linux-gnu-gcc -DHAVE_CONFIG_H -I.    -DS2RAM -D_LARGEFILE64_SOURCE       -Wall -g -O2 -c whitelist.c
x86_64-linux-gnu-gcc -DHAVE_CONFIG_H -I.    -DS2RAM -D_LARGEFILE64_SOURCE       -Wall -g -O2 -c s2ram.c
x86_64-linux-gnu-gcc -DHAVE_CONFIG_H -I.    -DS2RAM -D_LARGEFILE64_SOURCE       -Wall -g -O2 -c s2ram-x86.c
x86_64-linux-gnu-gcc -DHAVE_CONFIG_H -I.    -DS2RAM -D_LARGEFILE64_SOURCE       -Wall -g -O2 -c dmidecode.c
x86_64-linux-gnu-gcc -DHAVE_CONFIG_H -I.    -DS2RAM -D_LARGEFILE64_SOURCE       -Wall -g -O2 -c radeontool.c
x86_64-linux-gnu-gcc -DHAVE_CONFIG_H -I.    -DS2RAM -D_LARGEFILE64_SOURCE       -Wall -g -O2 -c -o vbetool.o `test -f 'vbetool/vbetool.c' || echo './'`vbetool/vbetool.c
vbetool/vbetool.c:324:4: warning: format specifies type 'unsigned int' but the argument has type 'size_t' (aka 'unsigned long') [-Wformat]
                        LRMI_base_addr());
                        ^~~~~~~~~~~~~~~~
1 warning generated.
rm -f libsuspend-common.a
ar cru libsuspend-common.a vt.o config_parser.o md5.o encrypt.o loglevel.o splash.o splashy_funcs.o fbsplash_funcs.o bootsplash.o memalloc.o load.o whitelist.o s2ram.o s2ram-x86.o dmidecode.o radeontool.o vbetool.o  
ranlib libsuspend-common.a
x86_64-linux-gnu-gcc -DHAVE_CONFIG_H -I.    -DS2RAM -D_LARGEFILE64_SOURCE       -D_GNU_SOURCE -Wall -g -O2 -c -o resume-resume.o `test -f 'resume.c' || echo './'`resume.c
/bin/bash ./libtool --tag=CC   --mode=link x86_64-linux-gnu-gcc -DS2RAM -D_LARGEFILE64_SOURCE       -D_GNU_SOURCE -Wall -g -O2   -o resume resume-resume.o libsuspend-common.a -llzo2 -L/lib/x86_64-linux-gnu -lgcrypt    
libtool: link: x86_64-linux-gnu-gcc -DS2RAM -D_LARGEFILE64_SOURCE -D_GNU_SOURCE -Wall -g -O2 -o resume resume-resume.o  libsuspend-common.a -llzo2 -L/lib/x86_64-linux-gnu -lgcrypt
resume-resume.o: In function `main':
/«BUILDDIR»/uswsusp-1.0+20110509/resume.c:468: undefined reference to `open_printk'
/«BUILDDIR»/uswsusp-1.0+20110509/resume.c:469: undefined reference to `get_kernel_console_loglevel'
/«BUILDDIR»/uswsusp-1.0+20110509/resume.c:470: undefined reference to `set_kernel_console_loglevel'
/«BUILDDIR»/uswsusp-1.0+20110509/resume.c:562: undefined reference to `set_kernel_console_loglevel'
/«BUILDDIR»/uswsusp-1.0+20110509/resume.c:564: undefined reference to `close_printk'
libsuspend-common.a(splash.o): In function `splash_prepare':
/«BUILDDIR»/uswsusp-1.0+20110509/splash.c:212: undefined reference to `bootsplash_progress'
clang: error: linker command failed with exit code 1 (use -v to see invocation)
make[4]: *** [resume] Error 1
make[4]: Leaving directory `/«BUILDDIR»/uswsusp-1.0+20110509'
make[3]: *** [all-recursive] Error 1
make[3]: Leaving directory `/«BUILDDIR»/uswsusp-1.0+20110509'
make[2]: *** [all] Error 2
dh_auto_build: make -j1 returned exit code 2
make[2]: Leaving directory `/«BUILDDIR»/uswsusp-1.0+20110509'
make[1]: *** [override_dh_auto_build] Error 2
make[1]: Leaving directory `/«BUILDDIR»/uswsusp-1.0+20110509'
make: *** [build-arch] Error 2
dpkg-buildpackage: error: debian/rules build-arch gave error exit status 2
────────────────────────────────────────────────────────────────────────────────
Build finished at 20130128-0529

Finished
────────

E: Build failure (dpkg-buildpackage died)

┌──────────────────────────────────────────────────────────────────────────────┐
│ Cleanup                                                                      │
└──────────────────────────────────────────────────────────────────────────────┘

Purging /«BUILDDIR»
Not cleaning session: cloned chroot in use

┌──────────────────────────────────────────────────────────────────────────────┐
│ Summary                                                                      │
└──────────────────────────────────────────────────────────────────────────────┘

Architecture: amd64
Build-Space: 4548
Build-Time: 12
Distribution: unstable
Fail-Stage: build
Install-Time: 18
Job: uswsusp_1.0+20110509-3
Package: uswsusp
Package-Time: 60
Source-Version: 1.0+20110509-3
Space: 4548
Status: attempted
Version: 1.0+20110509-3
────────────────────────────────────────────────────────────────────────────────
Finished at 20130128-0529
Build needed 00:01:00, 4548k disc space
DC-Status: Failed 60.434977s
