DC-Build-Header: rcov 1.0-2 / Mon Jul 09 20:32:56 +0000 2012
DC-Task: logfile:/tmp/rcov_1.0-2_unstable_clang.log version:1.0-2 modes:clang chroot:unstable source:rcov esttime:32 architecture:any
DC-Sbuild-call: su user -c 'sbuild -n -A -s --force-orig-source --apt-update -d unstable -v  --chroot-setup-commands=/tmp/switch-to-clang rcov_1.0-2'
sbuild (Debian sbuild) 0.62.5 (13 Jul 2011) on ip-10-28-15-41.ec2.internal

╔══════════════════════════════════════════════════════════════════════════════╗
║ rcov 1.0-2 (amd64)                                         09 Jul 2012 20:32 ║
╚══════════════════════════════════════════════════════════════════════════════╝

Package: rcov
Version: 1.0-2
Source Version: 1.0-2
Distribution: unstable
Architecture: amd64

I: NOTICE: Log filtering will replace 'build/rcov-WRtmdn/rcov-1.0' with '«PKGBUILDDIR»'
I: NOTICE: Log filtering will replace 'build/rcov-WRtmdn' with '«BUILDDIR»'
I: NOTICE: Log filtering will replace 'var/lib/schroot/mount/unstable-amd64-sbuild-afaaf6e3-d3b8-4d62-995e-6c208df5b91b' with '«CHROOT»'

┌──────────────────────────────────────────────────────────────────────────────┐
│ Update chroot                                                                │
└──────────────────────────────────────────────────────────────────────────────┘

Ign http://localhost unstable InRelease
Hit http://localhost unstable Release.gpg
Hit http://localhost unstable Release
Ign http://localhost unstable/main Sources/DiffIndex
Ign http://localhost unstable/main amd64 Packages/DiffIndex
Hit http://localhost unstable/main Translation-en/DiffIndex
Hit http://localhost unstable/main Sources
Hit http://localhost unstable/main amd64 Packages
Reading package lists...
Reading package lists...
Building dependency tree...
Reading state information...
0 upgraded, 0 newly installed, 0 to remove and 0 not upgraded.

┌──────────────────────────────────────────────────────────────────────────────┐
│ Fetch source files                                                           │
└──────────────────────────────────────────────────────────────────────────────┘


Check APT
─────────

Checking available source versions...

Download source files with APT
──────────────────────────────

Reading package lists...
Building dependency tree...
Reading state information...
NOTICE: 'rcov' packaging is maintained in the 'Git' version control system at:
git://git.debian.org/pkg-ruby-extras/rcov.git
Need to get 134 kB of source archives.
Get:1 http://localhost/debian/ unstable/main rcov 1.0-2 (dsc) [1363 B]
Get:2 http://localhost/debian/ unstable/main rcov 1.0-2 (tar) [82.2 kB]
Get:3 http://localhost/debian/ unstable/main rcov 1.0-2 (diff) [50.4 kB]
Fetched 134 kB in 0s (412 kB/s)
Download complete and in download only mode

Check arch
──────────


┌──────────────────────────────────────────────────────────────────────────────┐
│ Chroot Setup Commands                                                        │
└──────────────────────────────────────────────────────────────────────────────┘


/tmp/switch-to-clang
────────────────────

+ echo 'Entering customization script...'
Entering customization script...
+ apt-get update
Ign http://localhost unstable InRelease
Hit http://localhost unstable Release.gpg
Hit http://localhost unstable Release
Ign http://localhost unstable/main Sources/DiffIndex
Ign http://localhost unstable/main amd64 Packages/DiffIndex
Hit http://localhost unstable/main Translation-en/DiffIndex
Hit http://localhost unstable/main Sources
Hit http://localhost unstable/main amd64 Packages
Reading package lists...
+ echo 'Install of clang'
Install of clang
+ apt-get update
Ign http://localhost unstable InRelease
Hit http://localhost unstable Release.gpg
Hit http://localhost unstable Release
Ign http://localhost unstable/main Sources/DiffIndex
Ign http://localhost unstable/main amd64 Packages/DiffIndex
Hit http://localhost unstable/main Translation-en/DiffIndex
Hit http://localhost unstable/main Sources
Hit http://localhost unstable/main amd64 Packages
Reading package lists...
+ apt-get install --yes --no-install-recommends clang -t unstable
Reading package lists...
Building dependency tree...
Reading state information...
The following extra packages will be installed:
  libclang-common-dev libffi5 libllvm3.1
Recommended packages:
  llvm-3.1-dev python
The following NEW packages will be installed:
  clang libclang-common-dev libffi5 libllvm3.1
0 upgraded, 4 newly installed, 0 to remove and 0 not upgraded.
Need to get 13.1 MB of archives.
After this operation, 35.6 MB of additional disk space will be used.
Get:1 http://localhost/debian/ unstable/main libffi5 amd64 3.0.10-3 [24.8 kB]
Get:2 http://localhost/debian/ unstable/main libllvm3.1 amd64 3.1-2 [7275 kB]
Get:3 http://localhost/debian/ unstable/main libclang-common-dev amd64 3.1-8 [84.3 kB]
Get:4 http://localhost/debian/ unstable/main clang amd64 3.1-8 [5755 kB]
debconf: delaying package configuration, since apt-utils is not installed
Fetched 13.1 MB in 0s (15.6 MB/s)
Selecting previously unselected package libffi5:amd64.
(Reading database ... 11729 files and directories currently installed.)
Unpacking libffi5:amd64 (from .../libffi5_3.0.10-3_amd64.deb) ...
Selecting previously unselected package libllvm3.1:amd64.
Unpacking libllvm3.1:amd64 (from .../libllvm3.1_3.1-2_amd64.deb) ...
Selecting previously unselected package libclang-common-dev.
Unpacking libclang-common-dev (from .../libclang-common-dev_3.1-8_amd64.deb) ...
Selecting previously unselected package clang.
Unpacking clang (from .../archives/clang_3.1-8_amd64.deb) ...
Setting up libffi5:amd64 (3.0.10-3) ...
Setting up libllvm3.1:amd64 (3.1-2) ...
Setting up libclang-common-dev (3.1-8) ...
Setting up clang (3.1-8) ...
+ echo 'Replace gcc, g++ & cpp by clang'
Replace gcc, g++ & cpp by clang
+ VERSION=4.7
+ cd /usr/bin
+ rm g++-4.7 gcc-4.7 cpp-4.7
+ ln -s clang++ g++-4.7
+ ln -s clang gcc-4.7
+ ln -s clang cpp-4.7
+ cd -
/«BUILDDIR»
+ echo 'Block the installation of new gcc version'
Block the installation of new gcc version
+ dpkg --set-selections
+ echo 'gcc-4.6 hold'
+ dpkg --set-selections
+ echo 'cpp-4.6 hold'
+ dpkg --set-selections
+ echo 'g++-4.6 hold'
+ dpkg --set-selections
+ echo 'gcc-4.7 hold'
+ dpkg --set-selections
+ echo 'cpp-4.7 hold'
+ dpkg --set-selections
+ echo 'g++-4.7 hold'
+ echo 'Check if gcc, g++ & cpp are actually clang'
Check if gcc, g++ & cpp are actually clang
+ grep clang
+ gcc --version

I: Finished running '/tmp/switch-to-clang'.

Finished processing commands.
────────────────────────────────────────────────────────────────────────────────
Merged Build-Depends: build-essential, fakeroot
Filtered Build-Depends: build-essential, fakeroot
dpkg-deb: building package `sbuild-build-depends-core-dummy' in `/«BUILDDIR»/resolver-z7QVlh/apt_archive/sbuild-build-depends-core-dummy.deb'.
OK
Reading package lists...

┌──────────────────────────────────────────────────────────────────────────────┐
│ Install core build dependencies (apt-based resolver)                         │
└──────────────────────────────────────────────────────────────────────────────┘

Installing build dependencies
Reading package lists...
Building dependency tree...
Reading state information...
The following NEW packages will be installed:
  sbuild-build-depends-core-dummy
debconf: delaying package configuration, since apt-utils is not installed
0 upgraded, 1 newly installed, 0 to remove and 0 not upgraded.
Need to get 0 B/708 B of archives.
After this operation, 0 B of additional disk space will be used.
Selecting previously unselected package sbuild-build-depends-core-dummy.
(Reading database ... 11809 files and directories currently installed.)
Unpacking sbuild-build-depends-core-dummy (from .../sbuild-build-depends-core-dummy.deb) ...
Setting up sbuild-build-depends-core-dummy (0.invalid.0) ...
Merged Build-Depends: base-files, base-passwd, bash, coreutils, dash, debianutils, diffutils, dpkg, e2fsprogs, findutils, grep, gzip, hostname, ncurses-base, ncurses-bin, perl-base, sed, login, sysvinit-utils, sysvinit, tar, bsdutils, mount, util-linux, libc6-dev | libc-dev, gcc (>= 4:4.4.3), g++ (>= 4:4.4.3), make, dpkg-dev (>= 1.13.5), debhelper (>= 7.0.50~), gem2deb (>= 0.3.0~), ruby-test-unit
Filtered Build-Depends: base-files, base-passwd, bash, coreutils, dash, debianutils, diffutils, dpkg, e2fsprogs, findutils, grep, gzip, hostname, ncurses-base, ncurses-bin, perl-base, sed, login, sysvinit-utils, sysvinit, tar, bsdutils, mount, util-linux, libc6-dev, gcc (>= 4:4.4.3), g++ (>= 4:4.4.3), make, dpkg-dev (>= 1.13.5), debhelper (>= 7.0.50~), gem2deb (>= 0.3.0~), ruby-test-unit
dpkg-deb: building package `sbuild-build-depends-rcov-dummy' in `/«BUILDDIR»/resolver-bKG4S9/apt_archive/sbuild-build-depends-rcov-dummy.deb'.
OK
Reading package lists...

┌──────────────────────────────────────────────────────────────────────────────┐
│ Install rcov build dependencies (apt-based resolver)                         │
└──────────────────────────────────────────────────────────────────────────────┘

Installing build dependencies
Reading package lists...
Building dependency tree...
Reading state information...
The following extra packages will be installed:
  bsdmainutils debhelper devscripts file gem2deb gettext gettext-base
  groff-base html2text intltool-debian libasprintf0c2 libcroco3 libexpat1
  libgettextpo0 libglib2.0-0 libmagic1 libncursesw5 libpcre3 libpipeline1
  libreadline5 libruby1.8 libruby1.9.1 libsqlite3-0 libssl1.0.0 libunistring0
  libxml2 libyaml-0-2 man-db mime-support po-debconf python python-minimal
  python2.7 python2.7-minimal ruby ruby-test-unit ruby1.8 ruby1.8-dev
  ruby1.9.1 ruby1.9.1-dev rubygems
Suggested packages:
  wamerican wordlist whois vacation dh-make bsd-mailx mailx cvs-buildpackage
  devscripts-el gnuplot libauthen-sasl-perl libfile-desktopentry-perl
  libnet-smtp-ssl-perl libterm-size-perl libyaml-syck-perl mutt ssh-client
  svn-buildpackage w3m gettext-doc groff less www-browser libmail-box-perl
  python-doc python-tk python2.7-doc binfmt-support ri ruby-dev
  ruby1.8-examples ri1.8 ruby-switch ruby1.9.1-examples ri1.9.1 graphviz
Recommended packages:
  at curl wget dctrl-tools dput dupload libdistro-info-perl libjson-perl
  libparse-debcontrol-perl liburi-perl libwww-perl lintian patchutils
  python-debian python-magic strace unzip wdiff debian-keyring equivs
  libcrypt-ssleay-perl libsoap-lite-perl autopoint libglib2.0-data
  shared-mime-info libgpm2 xml-core libmail-sendmail-perl
The following NEW packages will be installed:
  bsdmainutils debhelper devscripts file gem2deb gettext gettext-base
  groff-base html2text intltool-debian libasprintf0c2 libcroco3 libexpat1
  libgettextpo0 libglib2.0-0 libmagic1 libncursesw5 libpcre3 libpipeline1
  libreadline5 libruby1.8 libruby1.9.1 libsqlite3-0 libssl1.0.0 libunistring0
  libxml2 libyaml-0-2 man-db mime-support po-debconf python python-minimal
  python2.7 python2.7-minimal ruby ruby-test-unit ruby1.8 ruby1.8-dev
  ruby1.9.1 ruby1.9.1-dev rubygems sbuild-build-depends-rcov-dummy
0 upgraded, 42 newly installed, 0 to remove and 0 not upgraded.
Need to get 27.5 MB/27.5 MB of archives.
After this operation, 78.1 MB of additional disk space will be used.
Get:1 http://localhost/debian/ unstable/main libncursesw5 amd64 5.9-10 [141 kB]
Get:2 http://localhost/debian/ unstable/main libpipeline1 amd64 1.2.1-1 [39.2 kB]
Get:3 http://localhost/debian/ unstable/main libssl1.0.0 amd64 1.0.1c-3 [1211 kB]
Get:4 http://localhost/debian/ unstable/main libasprintf0c2 amd64 0.18.1.1-9 [26.8 kB]
Get:5 http://localhost/debian/ unstable/main libmagic1 amd64 5.11-2 [202 kB]
Get:6 http://localhost/debian/ unstable/main libpcre3 amd64 1:8.30-5 [242 kB]
Get:7 http://localhost/debian/ unstable/main libsqlite3-0 amd64 3.7.13-1 [455 kB]
Get:8 http://localhost/debian/ unstable/main libxml2 amd64 2.8.0+dfsg1-4 [903 kB]
Get:9 http://localhost/debian/ unstable/main libglib2.0-0 amd64 2.32.3-1 [2081 kB]
Get:10 http://localhost/debian/ unstable/main libcroco3 amd64 0.6.5-1 [151 kB]
Get:11 http://localhost/debian/ unstable/main libexpat1 amd64 2.1.0-1 [141 kB]
Get:12 http://localhost/debian/ unstable/main libunistring0 amd64 0.9.3-5 [434 kB]
Get:13 http://localhost/debian/ unstable/main libgettextpo0 amd64 0.18.1.1-9 [145 kB]
Get:14 http://localhost/debian/ unstable/main libreadline5 amd64 5.2-11 [150 kB]
Get:15 http://localhost/debian/ unstable/main libyaml-0-2 amd64 0.1.4-2 [56.5 kB]
Get:16 http://localhost/debian/ unstable/main bsdmainutils amd64 9.0.3 [209 kB]
Get:17 http://localhost/debian/ unstable/main groff-base amd64 1.21-9 [1153 kB]
Get:18 http://localhost/debian/ unstable/main man-db amd64 2.6.2-1 [1061 kB]
Get:19 http://localhost/debian/ unstable/main file amd64 5.11-2 [51.8 kB]
Get:20 http://localhost/debian/ unstable/main gettext-base amd64 0.18.1.1-9 [154 kB]
Get:21 http://localhost/debian/ unstable/main mime-support all 3.52-1 [35.5 kB]
Get:22 http://localhost/debian/ unstable/main python2.7-minimal amd64 2.7.3-1 [1770 kB]
Get:23 http://localhost/debian/ unstable/main python2.7 amd64 2.7.3-1 [2726 kB]
Get:24 http://localhost/debian/ unstable/main python-minimal all 2.7.3-1 [42.1 kB]
Get:25 http://localhost/debian/ unstable/main python all 2.7.3-1 [179 kB]
Get:26 http://localhost/debian/ unstable/main html2text amd64 1.3.2a-15 [103 kB]
Get:27 http://localhost/debian/ unstable/main gettext amd64 0.18.1.1-9 [1975 kB]
Get:28 http://localhost/debian/ unstable/main intltool-debian all 0.35.0+20060710.1 [30.8 kB]
Get:29 http://localhost/debian/ unstable/main po-debconf all 1.0.16+nmu2 [224 kB]
Get:30 http://localhost/debian/ unstable/main debhelper all 9.20120608 [700 kB]
Get:31 http://localhost/debian/ unstable/main devscripts amd64 2.12.0 [706 kB]
Get:32 http://localhost/debian/ unstable/main libruby1.9.1 amd64 1.9.3.194-1 [4414 kB]
Get:33 http://localhost/debian/ unstable/main ruby1.9.1 amd64 1.9.3.194-1 [207 kB]
Get:34 http://localhost/debian/ unstable/main ruby all 4.9 [6350 B]
Get:35 http://localhost/debian/ unstable/main libruby1.8 amd64 1.8.7.358-4 [2090 kB]
Get:36 http://localhost/debian/ unstable/main ruby1.8 amd64 1.8.7.358-4 [320 kB]
Get:37 http://localhost/debian/ unstable/main rubygems all 1.8.24-1 [597 kB]
Get:38 http://localhost/debian/ unstable/main ruby1.8-dev amd64 1.8.7.358-4 [911 kB]
Get:39 http://localhost/debian/ unstable/main ruby1.9.1-dev amd64 1.9.3.194-1 [1383 kB]
Get:40 http://localhost/debian/ unstable/main gem2deb all 0.3.0 [43.5 kB]
Get:41 http://localhost/debian/ unstable/main ruby-test-unit all 2.5.0-2 [61.1 kB]
debconf: delaying package configuration, since apt-utils is not installed
Fetched 27.5 MB in 2s (9787 kB/s)
Selecting previously unselected package libncursesw5:amd64.
(Reading database ... 11809 files and directories currently installed.)
Unpacking libncursesw5:amd64 (from .../libncursesw5_5.9-10_amd64.deb) ...
Selecting previously unselected package libpipeline1:amd64.
Unpacking libpipeline1:amd64 (from .../libpipeline1_1.2.1-1_amd64.deb) ...
Selecting previously unselected package libssl1.0.0:amd64.
Unpacking libssl1.0.0:amd64 (from .../libssl1.0.0_1.0.1c-3_amd64.deb) ...
Selecting previously unselected package libasprintf0c2:amd64.
Unpacking libasprintf0c2:amd64 (from .../libasprintf0c2_0.18.1.1-9_amd64.deb) ...
Selecting previously unselected package libmagic1:amd64.
Unpacking libmagic1:amd64 (from .../libmagic1_5.11-2_amd64.deb) ...
Selecting previously unselected package libpcre3:amd64.
Unpacking libpcre3:amd64 (from .../libpcre3_1%3a8.30-5_amd64.deb) ...
Selecting previously unselected package libsqlite3-0:amd64.
Unpacking libsqlite3-0:amd64 (from .../libsqlite3-0_3.7.13-1_amd64.deb) ...
Selecting previously unselected package libxml2:amd64.
Unpacking libxml2:amd64 (from .../libxml2_2.8.0+dfsg1-4_amd64.deb) ...
Selecting previously unselected package libglib2.0-0:amd64.
Unpacking libglib2.0-0:amd64 (from .../libglib2.0-0_2.32.3-1_amd64.deb) ...
Selecting previously unselected package libcroco3:amd64.
Unpacking libcroco3:amd64 (from .../libcroco3_0.6.5-1_amd64.deb) ...
Selecting previously unselected package libexpat1:amd64.
Unpacking libexpat1:amd64 (from .../libexpat1_2.1.0-1_amd64.deb) ...
Selecting previously unselected package libunistring0:amd64.
Unpacking libunistring0:amd64 (from .../libunistring0_0.9.3-5_amd64.deb) ...
Selecting previously unselected package libgettextpo0:amd64.
Unpacking libgettextpo0:amd64 (from .../libgettextpo0_0.18.1.1-9_amd64.deb) ...
Selecting previously unselected package libreadline5:amd64.
Unpacking libreadline5:amd64 (from .../libreadline5_5.2-11_amd64.deb) ...
Selecting previously unselected package libyaml-0-2:amd64.
Unpacking libyaml-0-2:amd64 (from .../libyaml-0-2_0.1.4-2_amd64.deb) ...
Selecting previously unselected package bsdmainutils.
Unpacking bsdmainutils (from .../bsdmainutils_9.0.3_amd64.deb) ...
Selecting previously unselected package groff-base.
Unpacking groff-base (from .../groff-base_1.21-9_amd64.deb) ...
Selecting previously unselected package man-db.
Unpacking man-db (from .../man-db_2.6.2-1_amd64.deb) ...
Selecting previously unselected package file.
Unpacking file (from .../archives/file_5.11-2_amd64.deb) ...
Selecting previously unselected package gettext-base.
Unpacking gettext-base (from .../gettext-base_0.18.1.1-9_amd64.deb) ...
Selecting previously unselected package mime-support.
Unpacking mime-support (from .../mime-support_3.52-1_all.deb) ...
Selecting previously unselected package python2.7-minimal.
Unpacking python2.7-minimal (from .../python2.7-minimal_2.7.3-1_amd64.deb) ...
Selecting previously unselected package python2.7.
Unpacking python2.7 (from .../python2.7_2.7.3-1_amd64.deb) ...
Selecting previously unselected package python-minimal.
Unpacking python-minimal (from .../python-minimal_2.7.3-1_all.deb) ...
Selecting previously unselected package python.
Unpacking python (from .../python_2.7.3-1_all.deb) ...
Selecting previously unselected package html2text.
Unpacking html2text (from .../html2text_1.3.2a-15_amd64.deb) ...
Selecting previously unselected package gettext.
Unpacking gettext (from .../gettext_0.18.1.1-9_amd64.deb) ...
Selecting previously unselected package intltool-debian.
Unpacking intltool-debian (from .../intltool-debian_0.35.0+20060710.1_all.deb) ...
Selecting previously unselected package po-debconf.
Unpacking po-debconf (from .../po-debconf_1.0.16+nmu2_all.deb) ...
Selecting previously unselected package debhelper.
Unpacking debhelper (from .../debhelper_9.20120608_all.deb) ...
Selecting previously unselected package devscripts.
Unpacking devscripts (from .../devscripts_2.12.0_amd64.deb) ...
Selecting previously unselected package libruby1.9.1.
Unpacking libruby1.9.1 (from .../libruby1.9.1_1.9.3.194-1_amd64.deb) ...
Selecting previously unselected package ruby1.9.1.
Unpacking ruby1.9.1 (from .../ruby1.9.1_1.9.3.194-1_amd64.deb) ...
Selecting previously unselected package ruby.
Unpacking ruby (from .../apt/archives/ruby_4.9_all.deb) ...
Selecting previously unselected package libruby1.8.
Unpacking libruby1.8 (from .../libruby1.8_1.8.7.358-4_amd64.deb) ...
Selecting previously unselected package ruby1.8.
Unpacking ruby1.8 (from .../ruby1.8_1.8.7.358-4_amd64.deb) ...
Selecting previously unselected package rubygems.
Unpacking rubygems (from .../rubygems_1.8.24-1_all.deb) ...
Selecting previously unselected package ruby1.8-dev.
Unpacking ruby1.8-dev (from .../ruby1.8-dev_1.8.7.358-4_amd64.deb) ...
Selecting previously unselected package ruby1.9.1-dev.
Unpacking ruby1.9.1-dev (from .../ruby1.9.1-dev_1.9.3.194-1_amd64.deb) ...
Selecting previously unselected package gem2deb.
Unpacking gem2deb (from .../archives/gem2deb_0.3.0_all.deb) ...
Selecting previously unselected package ruby-test-unit.
Unpacking ruby-test-unit (from .../ruby-test-unit_2.5.0-2_all.deb) ...
Selecting previously unselected package sbuild-build-depends-rcov-dummy.
Unpacking sbuild-build-depends-rcov-dummy (from .../sbuild-build-depends-rcov-dummy.deb) ...
Setting up libncursesw5:amd64 (5.9-10) ...
Setting up libpipeline1:amd64 (1.2.1-1) ...
Setting up libssl1.0.0:amd64 (1.0.1c-3) ...
Setting up libasprintf0c2:amd64 (0.18.1.1-9) ...
Setting up libmagic1:amd64 (5.11-2) ...
Setting up libpcre3:amd64 (1:8.30-5) ...
Setting up libsqlite3-0:amd64 (3.7.13-1) ...
Setting up libxml2:amd64 (2.8.0+dfsg1-4) ...
Setting up libglib2.0-0:amd64 (2.32.3-1) ...
No schema files found: doing nothing.
Setting up libcroco3:amd64 (0.6.5-1) ...
Setting up libexpat1:amd64 (2.1.0-1) ...
Setting up libunistring0:amd64 (0.9.3-5) ...
Setting up libgettextpo0:amd64 (0.18.1.1-9) ...
Setting up libreadline5:amd64 (5.2-11) ...
Setting up libyaml-0-2:amd64 (0.1.4-2) ...
Setting up bsdmainutils (9.0.3) ...
update-alternatives: using /usr/bin/bsd-write to provide /usr/bin/write (write) in auto mode
update-alternatives: using /usr/bin/bsd-from to provide /usr/bin/from (from) in auto mode
Setting up groff-base (1.21-9) ...
Setting up man-db (2.6.2-1) ...
Building database of manual pages ...
Setting up file (5.11-2) ...
Setting up gettext-base (0.18.1.1-9) ...
Setting up mime-support (3.52-1) ...
update-alternatives: using /usr/bin/see to provide /usr/bin/view (view) in auto mode
Setting up python2.7-minimal (2.7.3-1) ...
Setting up python2.7 (2.7.3-1) ...
Setting up python-minimal (2.7.3-1) ...
Setting up python (2.7.3-1) ...
Setting up html2text (1.3.2a-15) ...
Setting up gettext (0.18.1.1-9) ...
Setting up intltool-debian (0.35.0+20060710.1) ...
Setting up po-debconf (1.0.16+nmu2) ...
Setting up debhelper (9.20120608) ...
Setting up devscripts (2.12.0) ...
Setting up libruby1.9.1 (1.9.3.194-1) ...
Setting up ruby1.9.1 (1.9.3.194-1) ...
update-alternatives: using /usr/bin/gem1.9.1 to provide /usr/bin/gem (gem) in auto mode
update-alternatives: using /usr/bin/ruby1.9.1 to provide /usr/bin/ruby (ruby) in auto mode
Setting up ruby (4.9) ...
Setting up libruby1.8 (1.8.7.358-4) ...
Setting up ruby1.8 (1.8.7.358-4) ...
Setting up rubygems (1.8.24-1) ...
Setting up ruby1.8-dev (1.8.7.358-4) ...
Setting up ruby1.9.1-dev (1.9.3.194-1) ...
Setting up gem2deb (0.3.0) ...
Setting up ruby-test-unit (2.5.0-2) ...
Setting up sbuild-build-depends-rcov-dummy (0.invalid.0) ...

┌──────────────────────────────────────────────────────────────────────────────┐
│ Build environment                                                            │
└──────────────────────────────────────────────────────────────────────────────┘

Kernel: Linux 2.6.32-5-xen-amd64 amd64 (x86_64)
Toolchain package versions: binutils_2.22-7 dpkg-dev_1.16.7 g++-4.6_4.6.3-8 g++-4.7_4.7.1-3 gcc-4.6_4.6.3-8 gcc-4.7_4.7.1-3 libc6-dev_2.13-34 libstdc++6_4.7.1-3 libstdc++6-4.6-dev_4.6.3-8 libstdc++6-4.7-dev_4.7.1-3 linux-libc-dev_3.2.21-3
Package versions: apt_0.9.7.1 base-files_6.11 base-passwd_3.5.26 bash_4.2-3 binutils_2.22-7 bsdmainutils_9.0.3 bsdutils_1:2.20.1-5.1 build-essential_11.5 bzip2_1.0.6-3 clang_3.1-8 coreutils_8.13-3.2 cpp_4:4.7.1-1 cpp-4.6_4.6.3-8 cpp-4.7_4.7.1-3 dash_0.5.7-3 debconf_1.5.45 debconf-i18n_1.5.45 debfoster_2.7-1.1 debhelper_9.20120608 debian-archive-keyring_2012.4 debianutils_4.3.2 devscripts_2.12.0 diffutils_1:3.2-6 dpkg_1.16.7 dpkg-dev_1.16.7 e2fslibs_1.42.4-3 e2fsprogs_1.42.4-3 fakeroot_1.18.4-2 file_5.11-2 findutils_4.4.2-4 g++_4:4.7.1-1 g++-4.6_4.6.3-8 g++-4.7_4.7.1-3 gcc_4:4.7.1-1 gcc-4.4-base_4.4.7-1 gcc-4.5-base_4.5.4-1 gcc-4.6_4.6.3-8 gcc-4.6-base_4.6.3-8 gcc-4.7_4.7.1-3 gcc-4.7-base_4.7.1-3 gem2deb_0.3.0 gettext_0.18.1.1-9 gettext-base_0.18.1.1-9 gnupg_1.4.12-4+b1 gpgv_1.4.12-4+b1 grep_2.12-2 groff-base_1.21-9 gzip_1.5-1.1 hostname_3.11 html2text_1.3.2a-15 initscripts_2.88dsf-28 insserv_1.14.0-4 intltool-debian_0.35.0+20060710.1 libacl1_2.2.51-8 libapt-pkg4.12_0.9.7.1 libasprintf0c2_0.18.1.1-9 libattr1_1:2.4.46-8 libblkid1_2.20.1-5.1 libbz2-1.0_1.0.6-3 libc-bin_2.13-34 libc-dev-bin_2.13-34 libc6_2.13-34 libc6-dev_2.13-34 libclang-common-dev_3.1-8 libclass-isa-perl_0.36-3 libcomerr2_1.42.4-3 libcroco3_0.6.5-1 libdb5.1_5.1.29-5 libdpkg-perl_1.16.7 libexpat1_2.1.0-1 libffi5_3.0.10-3 libfile-fcntllock-perl_0.14-2 libgc1c2_1:7.1-8 libgcc1_1:4.7.1-3 libgdbm3_1.8.3-11 libgettextpo0_0.18.1.1-9 libglib2.0-0_2.32.3-1 libgmp10_2:5.0.5+dfsg-2 libgomp1_4.7.1-3 libitm1_4.7.1-3 libllvm3.1_3.1-2 liblocale-gettext-perl_1.05-7+b1 liblzma5_5.1.1alpha+20120614-1 libmagic1_5.11-2 libmount1_2.20.1-5.1 libmpc2_0.9-4 libmpfr4_3.1.0-5 libncurses5_5.9-10 libncursesw5_5.9-10 libpam-modules_1.1.3-7.1 libpam-modules-bin_1.1.3-7.1 libpam-runtime_1.1.3-7.1 libpam0g_1.1.3-7.1 libpcre3_1:8.30-5 libpipeline1_1.2.1-1 libquadmath0_4.7.1-3 libreadline5_5.2-11 libreadline6_6.2-8 libruby1.8_1.8.7.358-4 libruby1.9.1_1.9.3.194-1 libselinux1_2.1.9-5 libsemanage-common_2.1.6-6 libsemanage1_2.1.6-6 libsepol1_2.1.4-3 libslang2_2.2.4-15 libsqlite3-0_3.7.13-1 libss2_1.42.4-3 libssl1.0.0_1.0.1c-3 libstdc++6_4.7.1-3 libstdc++6-4.6-dev_4.6.3-8 libstdc++6-4.7-dev_4.7.1-3 libswitch-perl_2.16-2 libtext-charwidth-perl_0.04-7+b1 libtext-iconv-perl_1.7-5 libtext-wrapi18n-perl_0.06-7 libtimedate-perl_1.2000-1 libtinfo5_5.9-10 libunistring0_0.9.3-5 libusb-0.1-4_2:0.1.12-23 libustr-1.0-1_1.0.4-3 libuuid1_2.20.1-5.1 libxml2_2.8.0+dfsg1-4 libyaml-0-2_0.1.4-2 linux-libc-dev_3.2.21-3 login_1:4.1.5.1-1 lsb-base_4.1+Debian7 make_3.81-8.2 man-db_2.6.2-1 mawk_1.3.3-17 mime-support_3.52-1 mount_2.20.1-5.1 multiarch-support_2.13-34 ncurses-base_5.9-10 ncurses-bin_5.9-10 passwd_1:4.1.5.1-1 patch_2.6.1-3 perl_5.14.2-12 perl-base_5.14.2-12 perl-modules_5.14.2-12 po-debconf_1.0.16+nmu2 python_2.7.3-1 python-minimal_2.7.3-1 python2.7_2.7.3-1 python2.7-minimal_2.7.3-1 readline-common_6.2-8 ruby_4.9 ruby-test-unit_2.5.0-2 ruby1.8_1.8.7.358-4 ruby1.8-dev_1.8.7.358-4 ruby1.9.1_1.9.3.194-1 ruby1.9.1-dev_1.9.3.194-1 rubygems_1.8.24-1 sbuild-build-depends-core-dummy_0.invalid.0 sbuild-build-depends-rcov-dummy_0.invalid.0 sed_4.2.1-10 sensible-utils_0.0.7 sysv-rc_2.88dsf-28 sysvinit_2.88dsf-28 sysvinit-utils_2.88dsf-28 tar_1.26-4 tzdata_2012c-1 ucf_3.0025+nmu3 util-linux_2.20.1-5.1 xz-utils_5.1.1alpha+20120614-1 zlib1g_1:1.2.7.dfsg-13

┌──────────────────────────────────────────────────────────────────────────────┐
│ Build                                                                        │
└──────────────────────────────────────────────────────────────────────────────┘


Unpack source
─────────────

gpgv: keyblock resource `/sbuild-nonexistent/.gnupg/trustedkeys.gpg': file open error
gpgv: Signature made Sun Jun 24 19:34:32 2012 UTC using DSA key ID 50064181
gpgv: Can't check signature: public key not found
dpkg-source: warning: failed to verify signature on ./rcov_1.0-2.dsc
dpkg-source: info: extracting rcov in rcov-1.0
dpkg-source: info: unpacking rcov_1.0.orig.tar.gz
dpkg-source: info: unpacking rcov_1.0-2.debian.tar.gz
dpkg-source: info: applying fix_ruby_call_in_tests.patch

Check disc space
────────────────

Sufficient free space for build

User Environment
────────────────

HOME=/sbuild-nonexistent
LOGNAME=root
PATH=/usr/local/sbin:/usr/local/bin:/usr/sbin:/usr/bin:/sbin:/bin:/usr/bin/X11
SCHROOT_CHROOT_NAME=unstable-amd64-sbuild
SCHROOT_COMMAND=env
SCHROOT_GID=0
SCHROOT_GROUP=root
SCHROOT_SESSION_ID=unstable-amd64-sbuild-afaaf6e3-d3b8-4d62-995e-6c208df5b91b
SCHROOT_UID=0
SCHROOT_USER=root
SHELL=/bin/sh
USER=root

dpkg-buildpackage
─────────────────

dpkg-buildpackage: warning: using a gain-root-command while being root
dpkg-buildpackage: source package rcov
dpkg-buildpackage: source version 1.0-2
dpkg-buildpackage: source changed by Paul van Tilburg <paulvt@debian.org>
 dpkg-source --before-build rcov-1.0
dpkg-buildpackage: host architecture amd64
 fakeroot debian/rules clean
dh clean --buildsystem=ruby --with ruby
   dh_testdir -O--buildsystem=ruby
   debian/rules override_dh_auto_clean
make[1]: Entering directory `/«PKGBUILDDIR»'
dh_auto_clean
/usr/lib/ruby/vendor_ruby/gem2deb.rb:17: warning: setting Encoding.default_external
  Entering dh_ruby --clean
  Leaving dh_ruby --clean
rmdir test/actual_coverage
rmdir: failed to remove `test/actual_coverage': No such file or directory
make[1]: [override_dh_auto_clean] Error 1 (ignored)
make[1]: Leaving directory `/«PKGBUILDDIR»'
   dh_clean -O--buildsystem=ruby
 dpkg-source -b rcov-1.0
dpkg-source: info: using source format `3.0 (quilt)'
dpkg-source: info: building rcov using existing ./rcov_1.0.orig.tar.gz
dpkg-source: info: building rcov in rcov_1.0-2.debian.tar.gz
dpkg-source: info: building rcov in rcov_1.0-2.dsc
 debian/rules build
dh build --buildsystem=ruby --with ruby
   dh_testdir -O--buildsystem=ruby
   dh_auto_configure -O--buildsystem=ruby
/usr/lib/ruby/vendor_ruby/gem2deb.rb:17: warning: setting Encoding.default_external
   dh_auto_build -O--buildsystem=ruby
/usr/lib/ruby/vendor_ruby/gem2deb.rb:17: warning: setting Encoding.default_external
   debian/rules override_dh_auto_test
make[1]: Entering directory `/«PKGBUILDDIR»'
dh_auto_test
/usr/lib/ruby/vendor_ruby/gem2deb.rb:17: warning: setting Encoding.default_external
mkdir test/actual_coverage
make[1]: Leaving directory `/«PKGBUILDDIR»'
 fakeroot debian/rules binary
dh binary --buildsystem=ruby --with ruby
   dh_testroot -O--buildsystem=ruby
   dh_prep -O--buildsystem=ruby
   dh_installdirs -O--buildsystem=ruby
   debian/rules override_dh_auto_install
make[1]: Entering directory `/«PKGBUILDDIR»'
dh_auto_install
/usr/lib/ruby/vendor_ruby/gem2deb.rb:17: warning: setting Encoding.default_external
  Entering dh_ruby --install
install -d /«PKGBUILDDIR»/debian/rcov/usr/bin
install -D -m755 bin/rcov /«PKGBUILDDIR»/debian/rcov/usr/bin/rcov
install -d /«PKGBUILDDIR»/debian/rcov/usr/lib/ruby/vendor_ruby
install -D -m644 lib/rcov.rb /«PKGBUILDDIR»/debian/rcov/usr/lib/ruby/vendor_ruby/rcov.rb
install -D -m644 lib/rcov/call_site_analyzer.rb /«PKGBUILDDIR»/debian/rcov/usr/lib/ruby/vendor_ruby/rcov/call_site_analyzer.rb
install -D -m644 lib/rcov/code_coverage_analyzer.rb /«PKGBUILDDIR»/debian/rcov/usr/lib/ruby/vendor_ruby/rcov/code_coverage_analyzer.rb
install -D -m644 lib/rcov/coverage_info.rb /«PKGBUILDDIR»/debian/rcov/usr/lib/ruby/vendor_ruby/rcov/coverage_info.rb
install -D -m644 lib/rcov/differential_analyzer.rb /«PKGBUILDDIR»/debian/rcov/usr/lib/ruby/vendor_ruby/rcov/differential_analyzer.rb
install -D -m644 lib/rcov/file_statistics.rb /«PKGBUILDDIR»/debian/rcov/usr/lib/ruby/vendor_ruby/rcov/file_statistics.rb
install -D -m644 lib/rcov/formatters.rb /«PKGBUILDDIR»/debian/rcov/usr/lib/ruby/vendor_ruby/rcov/formatters.rb
install -D -m644 lib/rcov/formatters/base_formatter.rb /«PKGBUILDDIR»/debian/rcov/usr/lib/ruby/vendor_ruby/rcov/formatters/base_formatter.rb
install -D -m644 lib/rcov/formatters/failure_report.rb /«PKGBUILDDIR»/debian/rcov/usr/lib/ruby/vendor_ruby/rcov/formatters/failure_report.rb
install -D -m644 lib/rcov/formatters/full_text_report.rb /«PKGBUILDDIR»/debian/rcov/usr/lib/ruby/vendor_ruby/rcov/formatters/full_text_report.rb
install -D -m644 lib/rcov/formatters/html_coverage.rb /«PKGBUILDDIR»/debian/rcov/usr/lib/ruby/vendor_ruby/rcov/formatters/html_coverage.rb
install -D -m644 lib/rcov/formatters/html_erb_template.rb /«PKGBUILDDIR»/debian/rcov/usr/lib/ruby/vendor_ruby/rcov/formatters/html_erb_template.rb
install -D -m644 lib/rcov/formatters/html_profiling.rb /«PKGBUILDDIR»/debian/rcov/usr/lib/ruby/vendor_ruby/rcov/formatters/html_profiling.rb
install -D -m644 lib/rcov/formatters/ruby_annotation.rb /«PKGBUILDDIR»/debian/rcov/usr/lib/ruby/vendor_ruby/rcov/formatters/ruby_annotation.rb
install -D -m644 lib/rcov/formatters/text_coverage_diff.rb /«PKGBUILDDIR»/debian/rcov/usr/lib/ruby/vendor_ruby/rcov/formatters/text_coverage_diff.rb
install -D -m644 lib/rcov/formatters/text_report.rb /«PKGBUILDDIR»/debian/rcov/usr/lib/ruby/vendor_ruby/rcov/formatters/text_report.rb
install -D -m644 lib/rcov/formatters/text_summary.rb /«PKGBUILDDIR»/debian/rcov/usr/lib/ruby/vendor_ruby/rcov/formatters/text_summary.rb
install -D -m644 lib/rcov/lowlevel.rb /«PKGBUILDDIR»/debian/rcov/usr/lib/ruby/vendor_ruby/rcov/lowlevel.rb
install -D -m644 lib/rcov/rcovtask.rb /«PKGBUILDDIR»/debian/rcov/usr/lib/ruby/vendor_ruby/rcov/rcovtask.rb
install -D -m644 lib/rcov/templates/detail.html.erb /«PKGBUILDDIR»/debian/rcov/usr/lib/ruby/vendor_ruby/rcov/templates/detail.html.erb
install -D -m644 lib/rcov/templates/index.html.erb /«PKGBUILDDIR»/debian/rcov/usr/lib/ruby/vendor_ruby/rcov/templates/index.html.erb
install -D -m644 lib/rcov/templates/jquery-1.3.2.min.js /«PKGBUILDDIR»/debian/rcov/usr/lib/ruby/vendor_ruby/rcov/templates/jquery-1.3.2.min.js
install -D -m644 lib/rcov/templates/jquery.tablesorter.min.js /«PKGBUILDDIR»/debian/rcov/usr/lib/ruby/vendor_ruby/rcov/templates/jquery.tablesorter.min.js
install -D -m644 lib/rcov/templates/print.css /«PKGBUILDDIR»/debian/rcov/usr/lib/ruby/vendor_ruby/rcov/templates/print.css
install -D -m644 lib/rcov/templates/rcov.js /«PKGBUILDDIR»/debian/rcov/usr/lib/ruby/vendor_ruby/rcov/templates/rcov.js
install -D -m644 lib/rcov/templates/screen.css /«PKGBUILDDIR»/debian/rcov/usr/lib/ruby/vendor_ruby/rcov/templates/screen.css
install -D -m644 lib/rcov/version.rb /«PKGBUILDDIR»/debian/rcov/usr/lib/ruby/vendor_ruby/rcov/version.rb
Building extension for ruby1.8 ...
/usr/bin/ruby1.8 -I/usr/lib/ruby/vendor_ruby /usr/lib/ruby/vendor_ruby/gem2deb/extension_builder.rb rcov
/usr/bin/ruby1.8 extconf.rb
creating Makefile
make
make[2]: Entering directory `/«PKGBUILDDIR»/ext/rcovrt'
gcc-4.6  -I. -I/usr/lib/ruby/1.8/x86_64-linux -I/usr/lib/ruby/1.8/x86_64-linux -I1.8/ -D_FORTIFY_SOURCE=2   -fPIC -g -O2 -fstack-protector --param=ssp-buffer-size=4 -Wformat -Werror=format-security -Wall -fno-strict-aliasing -g -g -O2  -fPIC   -c 1.8/callsite.c
1.8/callsite.c:16:8: warning: type defaults to 'int' in declaration of 'caller_stack_len' [-Wimplicit-int]
1.8/callsite.c: In function 'record_method_def_site':
1.8/callsite.c:51:9: warning: unused variable 'hash' [-Wunused-variable]
1.8/callsite.c: In function 'Init_rcov_callsite':
1.8/callsite.c:177:6: warning: unused variable 'id_script_lines__' [-Wunused-variable]
gcc-4.6  -I. -I/usr/lib/ruby/1.8/x86_64-linux -I/usr/lib/ruby/1.8/x86_64-linux -I1.8/ -D_FORTIFY_SOURCE=2   -fPIC -g -O2 -fstack-protector --param=ssp-buffer-size=4 -Wformat -Werror=format-security -Wall -fno-strict-aliasing -g -g -O2  -fPIC   -c 1.8/rcovrt.c
1.8/rcovrt.c: In function 'Init_rcovrt':
1.8/rcovrt.c:277:3: warning: implicit declaration of function 'Init_rcov_callsite' [-Wimplicit-function-declaration]
gcc-4.6  -shared -o rcovrt.so callsite.o rcovrt.o -L. -L/usr/lib -L. -Wl,-z,relro -rdynamic -Wl,-export-dynamic    -lruby1.8  -lpthread -lrt -ldl -lcrypt -lm   -lc
make[2]: Leaving directory `/«PKGBUILDDIR»/ext/rcovrt'
make install
make[2]: Entering directory `/«PKGBUILDDIR»/ext/rcovrt'
mkdir -p /«PKGBUILDDIR»/debian/rcov/usr/lib/ruby/vendor_ruby/1.8/x86_64-linux
/usr/bin/install -c -m 0755 rcovrt.so /«PKGBUILDDIR»/debian/rcov/usr/lib/ruby/vendor_ruby/1.8/x86_64-linux
make[2]: Leaving directory `/«PKGBUILDDIR»/ext/rcovrt'
Rewriting shebang line of /«PKGBUILDDIR»/debian/rcov/usr/bin/rcov
/usr/bin/ruby1.8 -I/usr/lib/ruby/vendor_ruby /usr/lib/ruby/vendor_ruby/gem2deb/test_runner.rb
Loaded suite -e
Started
.............................................

Finished in 1.911699 seconds.

45 tests, 449 assertions, 0 failures, 0 errors, 0 pendings, 0 omissions, 0 notifications
100% passed

23.54 tests/s, 234.87 assertions/s
  Leaving dh_ruby --install
rm debian/rcov/usr/lib/ruby/vendor_ruby/rcov/templates/jquery*.min.js
make[1]: Leaving directory `/«PKGBUILDDIR»'
   dh_install -O--buildsystem=ruby
   dh_installdocs -O--buildsystem=ruby
   dh_installchangelogs -O--buildsystem=ruby
   dh_installexamples -O--buildsystem=ruby
   dh_installman -O--buildsystem=ruby
   dh_installcatalogs -O--buildsystem=ruby
   dh_installcron -O--buildsystem=ruby
   dh_installdebconf -O--buildsystem=ruby
   dh_installemacsen -O--buildsystem=ruby
   dh_installifupdown -O--buildsystem=ruby
   dh_installinfo -O--buildsystem=ruby
   dh_installinit -O--buildsystem=ruby
   dh_installmenu -O--buildsystem=ruby
   dh_installmime -O--buildsystem=ruby
   dh_installmodules -O--buildsystem=ruby
   dh_installlogcheck -O--buildsystem=ruby
   dh_installlogrotate -O--buildsystem=ruby
   dh_installpam -O--buildsystem=ruby
   dh_installppp -O--buildsystem=ruby
   dh_installudev -O--buildsystem=ruby
   dh_installwm -O--buildsystem=ruby
   dh_installxfonts -O--buildsystem=ruby
   dh_installgsettings -O--buildsystem=ruby
   dh_bugfiles -O--buildsystem=ruby
   dh_ucf -O--buildsystem=ruby
   dh_lintian -O--buildsystem=ruby
   dh_gconf -O--buildsystem=ruby
   dh_icons -O--buildsystem=ruby
   dh_perl -O--buildsystem=ruby
   dh_usrlocal -O--buildsystem=ruby
   dh_link -O--buildsystem=ruby
   dh_compress -X.rb -O--buildsystem=ruby
   dh_fixperms -O--buildsystem=ruby
   dh_strip -O--buildsystem=ruby
   dh_makeshlibs -O--buildsystem=ruby
   dh_shlibdeps -O--buildsystem=ruby
dpkg-shlibdeps: warning: package could avoid a useless dependency if debian/rcov/usr/lib/ruby/vendor_ruby/1.8/x86_64-linux/rcovrt.so was not linked against libdl.so.2 (it uses none of the library's symbols)
dpkg-shlibdeps: warning: package could avoid a useless dependency if debian/rcov/usr/lib/ruby/vendor_ruby/1.8/x86_64-linux/rcovrt.so was not linked against libm.so.6 (it uses none of the library's symbols)
dpkg-shlibdeps: warning: package could avoid a useless dependency if debian/rcov/usr/lib/ruby/vendor_ruby/1.8/x86_64-linux/rcovrt.so was not linked against librt.so.1 (it uses none of the library's symbols)
dpkg-shlibdeps: warning: package could avoid a useless dependency if debian/rcov/usr/lib/ruby/vendor_ruby/1.8/x86_64-linux/rcovrt.so was not linked against libcrypt.so.1 (it uses none of the library's symbols)
dpkg-shlibdeps: warning: package could avoid a useless dependency if debian/rcov/usr/lib/ruby/vendor_ruby/1.8/x86_64-linux/rcovrt.so was not linked against libpthread.so.0 (it uses none of the library's symbols)
   dh_ruby_fixdepends -O--buildsystem=ruby
/usr/lib/ruby/vendor_ruby/gem2deb.rb:17: warning: setting Encoding.default_external
   dh_installdeb -O--buildsystem=ruby
   dh_gencontrol -O--buildsystem=ruby
   dh_md5sums -O--buildsystem=ruby
   dh_builddeb -O--buildsystem=ruby
dpkg-deb: warning: 'debian/rcov/DEBIAN/control' contains user-defined field 'Ruby-Versions'
dpkg-deb: warning: ignoring 1 warning about the control file(s)

dpkg-deb: building package `rcov' in `../rcov_1.0-2_amd64.deb'.
 dpkg-genchanges -sa >../rcov_1.0-2_amd64.changes
dpkg-genchanges: including full source code in upload
 dpkg-source --after-build rcov-1.0
dpkg-buildpackage: full upload (original source is included)
────────────────────────────────────────────────────────────────────────────────
Build finished at 20120709-2034

Finished
────────

I: Built successfully

┌──────────────────────────────────────────────────────────────────────────────┐
│ Changes                                                                      │
└──────────────────────────────────────────────────────────────────────────────┘


rcov_1.0-2_amd64.changes:
─────────────────────────

Format: 1.8
Date: Sun, 24 Jun 2012 21:32:32 +0200
Source: rcov
Binary: rcov
Architecture: source amd64
Version: 1.0-2
Distribution: unstable
Urgency: low
Maintainer: Debian Ruby Extras Maintainers <pkg-ruby-extras-maintainers@lists.alioth.debian.org>
Changed-By: Paul van Tilburg <paulvt@debian.org>
Description: 
 rcov       - Code coverage analysis tool for Ruby
Closes: 670829
Changes: 
 rcov (1.0-2) unstable; urgency=low
 .
   * debian/control:
     - Bumped build-depend on gem2deb to 3.0.0.
   * debian/patches: added fix_ruby_call_in_tests.patch to make the tests call
     the correct ruby binary.
   * debian/rules
     - Ensure that the directory test/actual_coverage is created
       (closes: #670829).
   * debian/source/local-options: set "unapply-patches"
Checksums-Sha1: 
 50735f40d82a9e9412c3c8b1dfc8231cc2085571 1117 rcov_1.0-2.dsc
 6a03bb93fd0da742a3bb669346e1f8fc316aa0f9 82165 rcov_1.0.orig.tar.gz
 cb60627672ec87ef16acc995464391ea840c4126 50315 rcov_1.0-2.debian.tar.gz
 2092bcb96d567b84fb303802d3173cc65b4f6f5d 55376 rcov_1.0-2_amd64.deb
Checksums-Sha256: 
 f60f7c56bc36799648da7531ff6e3538259ca91d0b15c4abadad085ec82e223e 1117 rcov_1.0-2.dsc
 468c903cf12178366490dfd9af6134c23660854fea28267e98ba6a0e56f40057 82165 rcov_1.0.orig.tar.gz
 778b5e4580a7b85f4938ceac25a3b0246ba0eeddf08c0721210b46c116defbc0 50315 rcov_1.0-2.debian.tar.gz
 a0e20401ab4387a7babc77c4d81d0ba83efe328610f7394eb520793d6443d405 55376 rcov_1.0-2_amd64.deb
Files: 
 ef3467b4fa93de845e2a9e81ebaadc00 1117 ruby optional rcov_1.0-2.dsc
 89c3450972c11077b37857fc32ddac2b 82165 ruby optional rcov_1.0.orig.tar.gz
 1cc2d5fda6634cf5f133abe9ad39d30a 50315 ruby optional rcov_1.0-2.debian.tar.gz
 670269ca043ccc205f1589b0fc918020 55376 ruby optional rcov_1.0-2_amd64.deb

┌──────────────────────────────────────────────────────────────────────────────┐
│ Package contents                                                             │
└──────────────────────────────────────────────────────────────────────────────┘


rcov_1.0-2_amd64.deb
────────────────────

 new debian package, version 2.0.
 size 55376 bytes: control archive= 2187 bytes.
    1142 bytes,    25 lines      control              
    3324 bytes,    41 lines      md5sums              
 Package: rcov
 Version: 1.0-2
 Architecture: amd64
 Maintainer: Debian Ruby Extras Maintainers <pkg-ruby-extras-maintainers@lists.alioth.debian.org>
 Installed-Size: 149
 Depends: libc6 (>= 2.2.5), libruby1.8 (>= 1.8.7.357-1), ruby1.8, libjs-jquery, libjs-jquery-tablesorter
 Section: ruby
 Priority: optional
 Homepage: http://github.com/relevance/rcov
 Description: Code coverage analysis tool for Ruby
  rcov is a code coverage tool for Ruby.  It is commonly used for viewing
  overall test unit coverage of target code.  This version improves on the
  original RCov tool by Mauricio Fernandez by providing a number of REXML
  Dependency fixes which were causing a significant number of RCov bugs.
  .
  Features include:
    * fast execution: 20-300 times faster than previous tools
    * multiple analysis modes: standard, bogo-profile, intentional testing,
      dependency analysis, and more
    * differential code coverage detection
    * accurate coverage information via code linkage inference
    * cross-referenced XHTML and several kinds of text reports
    * support for easy automation with Rake
    * colorblind-friendliness
 Ruby-Versions: ruby1.8

drwxr-xr-x root/root         0 2012-07-09 20:34 ./
drwxr-xr-x root/root         0 2012-07-09 20:34 ./usr/
drwxr-xr-x root/root         0 2012-07-09 20:34 ./usr/share/
drwxr-xr-x root/root         0 2012-07-09 20:34 ./usr/share/man/
drwxr-xr-x root/root         0 2012-07-09 20:34 ./usr/share/man/man1/
-rw-r--r-- root/root      2190 2012-07-09 20:34 ./usr/share/man/man1/rcov.1.gz
drwxr-xr-x root/root         0 2012-07-09 20:34 ./usr/share/doc/
drwxr-xr-x root/root         0 2012-07-09 20:34 ./usr/share/doc/rcov/
-rw-r--r-- root/root      1629 2012-03-09 21:24 ./usr/share/doc/rcov/BLURB.gz
-rw-r--r-- root/root      2319 2012-03-09 21:24 ./usr/share/doc/rcov/README.markdown.gz
-rw-r--r-- root/root      2098 2012-06-24 19:32 ./usr/share/doc/rcov/changelog.Debian.gz
drwxr-xr-x root/root         0 2012-07-09 20:34 ./usr/share/doc/rcov/examples/
-rw-r--r-- root/root       405 2012-03-09 21:24 ./usr/share/doc/rcov/examples/Rakefile
-rw-r--r-- root/root      6019 2012-06-24 15:39 ./usr/share/doc/rcov/copyright
-rw-r--r-- root/root       246 2012-06-24 15:39 ./usr/share/doc/rcov/README.Debian
-rw-r--r-- root/root      1478 2012-03-09 21:24 ./usr/share/doc/rcov/readme_for_vim.markdown
-rw-r--r-- root/root      2184 2012-03-09 21:24 ./usr/share/doc/rcov/readme_for_rake.markdown
-rw-r--r-- root/root      2202 2012-03-09 21:24 ./usr/share/doc/rcov/readme_for_emacs.markdown
-rw-r--r-- root/root      1439 2012-03-09 21:24 ./usr/share/doc/rcov/readme_for_api.markdown
drwxr-xr-x root/root         0 2012-07-09 20:34 ./usr/share/emacs/
drwxr-xr-x root/root         0 2012-07-09 20:34 ./usr/share/emacs/site-lisp/
-rw-r--r-- root/root      5062 2012-03-09 21:24 ./usr/share/emacs/site-lisp/rcov.el
drwxr-xr-x root/root         0 2012-07-09 20:34 ./usr/share/vim/
drwxr-xr-x root/root         0 2012-07-09 20:34 ./usr/share/vim/addons/
drwxr-xr-x root/root         0 2012-07-09 20:34 ./usr/share/vim/addons/compiler/
-rw-r--r-- root/root       914 2012-03-09 21:24 ./usr/share/vim/addons/compiler/rcov.vim
drwxr-xr-x root/root         0 2012-07-09 20:34 ./usr/share/rubygems-integration/
drwxr-xr-x root/root         0 2012-07-09 20:34 ./usr/share/rubygems-integration/1.8/
drwxr-xr-x root/root         0 2012-07-09 20:34 ./usr/share/rubygems-integration/1.8/specifications/
-rw-r--r-- root/root      2151 2012-07-09 20:34 ./usr/share/rubygems-integration/1.8/specifications/rcov-1.0.0.gemspec
drwxr-xr-x root/root         0 2012-07-09 20:34 ./usr/lib/
drwxr-xr-x root/root         0 2012-07-09 20:34 ./usr/lib/ruby/
drwxr-xr-x root/root         0 2012-07-09 20:34 ./usr/lib/ruby/vendor_ruby/
drwxr-xr-x root/root         0 2012-07-09 20:34 ./usr/lib/ruby/vendor_ruby/1.8/
drwxr-xr-x root/root         0 2012-07-09 20:34 ./usr/lib/ruby/vendor_ruby/1.8/x86_64-linux/
-rw-r--r-- root/root     14480 2012-07-09 20:34 ./usr/lib/ruby/vendor_ruby/1.8/x86_64-linux/rcovrt.so
drwxr-xr-x root/root         0 2012-07-09 20:34 ./usr/lib/ruby/vendor_ruby/rcov/
-rw-r--r-- root/root       141 2012-07-09 20:34 ./usr/lib/ruby/vendor_ruby/rcov/version.rb
drwxr-xr-x root/root         0 2012-07-09 20:34 ./usr/lib/ruby/vendor_ruby/rcov/templates/
-rw-r--r-- root/root      4460 2012-07-09 20:34 ./usr/lib/ruby/vendor_ruby/rcov/templates/screen.css
-rw-r--r-- root/root      1122 2012-07-09 20:34 ./usr/lib/ruby/vendor_ruby/rcov/templates/rcov.js
-rw-r--r-- root/root       145 2012-07-09 20:34 ./usr/lib/ruby/vendor_ruby/rcov/templates/print.css
-rw-r--r-- root/root      4450 2012-07-09 20:34 ./usr/lib/ruby/vendor_ruby/rcov/templates/index.html.erb
-rw-r--r-- root/root      3023 2012-07-09 20:34 ./usr/lib/ruby/vendor_ruby/rcov/templates/detail.html.erb
-rw-r--r-- root/root      4638 2012-07-09 20:34 ./usr/lib/ruby/vendor_ruby/rcov/rcovtask.rb
-rw-r--r-- root/root      4511 2012-07-09 20:34 ./usr/lib/ruby/vendor_ruby/rcov/lowlevel.rb
drwxr-xr-x root/root         0 2012-07-09 20:34 ./usr/lib/ruby/vendor_ruby/rcov/formatters/
-rw-r--r-- root/root       248 2012-07-09 20:34 ./usr/lib/ruby/vendor_ruby/rcov/formatters/text_summary.rb
-rw-r--r-- root/root       863 2012-07-09 20:34 ./usr/lib/ruby/vendor_ruby/rcov/formatters/text_report.rb
-rw-r--r-- root/root      5950 2012-07-09 20:34 ./usr/lib/ruby/vendor_ruby/rcov/formatters/text_coverage_diff.rb
-rw-r--r-- root/root      3557 2012-07-09 20:34 ./usr/lib/ruby/vendor_ruby/rcov/formatters/ruby_annotation.rb
-rw-r--r-- root/root      1258 2012-07-09 20:34 ./usr/lib/ruby/vendor_ruby/rcov/formatters/html_profiling.rb
-rw-r--r-- root/root      1841 2012-07-09 20:34 ./usr/lib/ruby/vendor_ruby/rcov/formatters/html_erb_template.rb
-rw-r--r-- root/root      7670 2012-07-09 20:34 ./usr/lib/ruby/vendor_ruby/rcov/formatters/html_coverage.rb
-rw-r--r-- root/root      1418 2012-07-09 20:34 ./usr/lib/ruby/vendor_ruby/rcov/formatters/full_text_report.rb
-rw-r--r-- root/root       457 2012-07-09 20:34 ./usr/lib/ruby/vendor_ruby/rcov/formatters/failure_report.rb
-rw-r--r-- root/root      5918 2012-07-09 20:34 ./usr/lib/ruby/vendor_ruby/rcov/formatters/base_formatter.rb
-rw-r--r-- root/root       374 2012-07-09 20:34 ./usr/lib/ruby/vendor_ruby/rcov/formatters.rb
-rw-r--r-- root/root     12412 2012-07-09 20:34 ./usr/lib/ruby/vendor_ruby/rcov/file_statistics.rb
-rw-r--r-- root/root      3491 2012-07-09 20:34 ./usr/lib/ruby/vendor_ruby/rcov/differential_analyzer.rb
-rw-r--r-- root/root      1105 2012-07-09 20:34 ./usr/lib/ruby/vendor_ruby/rcov/coverage_info.rb
-rw-r--r-- root/root      9760 2012-07-09 20:34 ./usr/lib/ruby/vendor_ruby/rcov/code_coverage_analyzer.rb
-rw-r--r-- root/root      7466 2012-07-09 20:34 ./usr/lib/ruby/vendor_ruby/rcov/call_site_analyzer.rb
-rw-r--r-- root/root      1018 2012-07-09 20:34 ./usr/lib/ruby/vendor_ruby/rcov.rb
drwxr-xr-x root/root         0 2012-07-09 20:34 ./usr/bin/
-rwxr-xr-x root/root     17429 2012-07-09 20:34 ./usr/bin/rcov
lrwxrwxrwx root/root         0 2012-07-09 20:34 ./usr/lib/ruby/vendor_ruby/rcov/templates/jquery-1.3.2.min.js -> ../../../../../share/javascript/jquery/jquery.min.js
lrwxrwxrwx root/root         0 2012-07-09 20:34 ./usr/lib/ruby/vendor_ruby/rcov/templates/jquery.tablesorter.min.js -> ../../../../../share/javascript/jquery-tablesorter/jquery.tablesorter.min.js


┌──────────────────────────────────────────────────────────────────────────────┐
│ Post Build                                                                   │
└──────────────────────────────────────────────────────────────────────────────┘


┌──────────────────────────────────────────────────────────────────────────────┐
│ Cleanup                                                                      │
└──────────────────────────────────────────────────────────────────────────────┘

Purging /«BUILDDIR»
Not cleaning session: cloned chroot in use

┌──────────────────────────────────────────────────────────────────────────────┐
│ Summary                                                                      │
└──────────────────────────────────────────────────────────────────────────────┘

Architecture: amd64
Build-Space: 1468
Build-Time: 19
Distribution: unstable
Install-Time: 24
Job: rcov_1.0-2
Package: rcov
Package-Time: 80
Source-Version: 1.0-2
Space: 1468
Status: successful
Version: 1.0-2
────────────────────────────────────────────────────────────────────────────────
Finished at 20120709-2034
Build needed 00:01:20, 1468k disc space
DC-Status: OK 82.294373s
DC-Time-Estimation: 82.294373 versus expected 32 (r/m: 1.57169915625 ; m: 32.0)
