DC-Build-Header: brickos 0.9.0.dfsg-6 / 2013-07-17 18:20:22 +0000
DC-Task: source:brickos version:0.9.0.dfsg-6 architecture:any chroot:unstable esttime:55 logfile:/tmp/brickos_0.9.0.dfsg-6_unstable_clang.log modes:binary-only:clang
DC-Sbuild-call: su user -c 'sbuild -n --apt-update -d unstable -v  --chroot-setup-commands=/tmp/switch-to-clang --append-to-version "clang1" --maintainer "Lucas Nussbaum <lucas@debian.org>" --uploader "Lucas Nussbaum <lucas@debian.org>" brickos_0.9.0.dfsg-6'
sbuild (Debian sbuild) 0.63.2 (18 Aug 2012) on ip-10-232-71-159.ec2.internal

╔══════════════════════════════════════════════════════════════════════════════╗
║ brickos 0.9.0.dfsg-6clang1 (amd64)                         17 Jul 2013 18:20 ║
╚══════════════════════════════════════════════════════════════════════════════╝

Package: brickos
Version: 0.9.0.dfsg-6clang1
Source Version: 0.9.0.dfsg-6
Distribution: unstable
Machine Architecture: amd64
Host Architecture: amd64
Build Architecture: amd64

I: NOTICE: Log filtering will replace 'build/brickos-1T_RMy/brickos-0.9.0.dfsg' with '«PKGBUILDDIR»'
I: NOTICE: Log filtering will replace 'build/brickos-1T_RMy' with '«BUILDDIR»'
I: NOTICE: Log filtering will replace 'var/lib/schroot/mount/unstable-amd64-sbuild-deab9b55-143e-4032-9c3d-27556719e275' with '«CHROOT»'

┌──────────────────────────────────────────────────────────────────────────────┐
│ Update chroot                                                                │
└──────────────────────────────────────────────────────────────────────────────┘

Get:1 http://localhost:9999 unstable InRelease [204 kB]
Get:2 http://localhost:9999 unstable/main Sources/DiffIndex [7876 B]
Get:3 http://localhost:9999 unstable/main amd64 Packages/DiffIndex [7876 B]
Get:4 http://localhost:9999 unstable/main Translation-en/DiffIndex [7876 B]
Get:5 http://localhost:9999 unstable/main 2013-07-13-2032.15.pdiff [23.1 kB]
Get:6 http://localhost:9999 unstable/main amd64 2013-07-13-2032.15.pdiff [16.9 kB]
Get:7 http://localhost:9999 unstable/main 2013-07-13-2032.15.pdiff [23.1 kB]
Get:8 http://localhost:9999 unstable/main 2013-07-13-2032.15.pdiff [1809 B]
Get:9 http://localhost:9999 unstable/main amd64 2013-07-13-2032.15.pdiff [16.9 kB]
Get:10 http://localhost:9999 unstable/main 2013-07-14-0231.07.pdiff [12.9 kB]
Get:11 http://localhost:9999 unstable/main 2013-07-13-2032.15.pdiff [1809 B]
Get:12 http://localhost:9999 unstable/main amd64 2013-07-14-0231.07.pdiff [14.9 kB]
Get:13 http://localhost:9999 unstable/main 2013-07-14-0231.07.pdiff [12.9 kB]
Get:14 http://localhost:9999 unstable/main 2013-07-14-0231.07.pdiff [1384 B]
Get:15 http://localhost:9999 unstable/main amd64 2013-07-14-0231.07.pdiff [14.9 kB]
Get:16 http://localhost:9999 unstable/main 2013-07-14-0832.16.pdiff [4670 B]
Get:17 http://localhost:9999 unstable/main 2013-07-14-0231.07.pdiff [1384 B]
Get:18 http://localhost:9999 unstable/main amd64 2013-07-14-0832.16.pdiff [1624 B]
Get:19 http://localhost:9999 unstable/main 2013-07-14-0832.16.pdiff [4670 B]
Get:20 http://localhost:9999 unstable/main 2013-07-14-0832.16.pdiff [337 B]
Get:21 http://localhost:9999 unstable/main amd64 2013-07-14-0832.16.pdiff [1624 B]
Get:22 http://localhost:9999 unstable/main 2013-07-14-1431.18.pdiff [11.4 kB]
Get:23 http://localhost:9999 unstable/main 2013-07-14-0832.16.pdiff [337 B]
Get:24 http://localhost:9999 unstable/main amd64 2013-07-14-1431.18.pdiff [8223 B]
Get:25 http://localhost:9999 unstable/main 2013-07-14-1431.18.pdiff [11.4 kB]
Get:26 http://localhost:9999 unstable/main 2013-07-14-1431.18.pdiff [887 B]
Get:27 http://localhost:9999 unstable/main amd64 2013-07-14-1431.18.pdiff [8223 B]
Get:28 http://localhost:9999 unstable/main 2013-07-14-2031.21.pdiff [9038 B]
Get:29 http://localhost:9999 unstable/main 2013-07-14-1431.18.pdiff [887 B]
Get:30 http://localhost:9999 unstable/main amd64 2013-07-14-2031.21.pdiff [9955 B]
Get:31 http://localhost:9999 unstable/main 2013-07-14-2031.21.pdiff [9038 B]
Get:32 http://localhost:9999 unstable/main 2013-07-14-2031.21.pdiff [2736 B]
Get:33 http://localhost:9999 unstable/main amd64 2013-07-14-2031.21.pdiff [9955 B]
Get:34 http://localhost:9999 unstable/main 2013-07-15-0229.01.pdiff [9715 B]
Get:35 http://localhost:9999 unstable/main 2013-07-14-2031.21.pdiff [2736 B]
Get:36 http://localhost:9999 unstable/main amd64 2013-07-15-0229.01.pdiff [12.7 kB]
Get:37 http://localhost:9999 unstable/main 2013-07-15-0229.01.pdiff [9715 B]
Get:38 http://localhost:9999 unstable/main 2013-07-15-0229.01.pdiff [2239 B]
Get:39 http://localhost:9999 unstable/main amd64 2013-07-15-0229.01.pdiff [12.7 kB]
Get:40 http://localhost:9999 unstable/main 2013-07-15-0830.19.pdiff [3273 B]
Get:41 http://localhost:9999 unstable/main 2013-07-15-0229.01.pdiff [2239 B]
Get:42 http://localhost:9999 unstable/main amd64 2013-07-15-0830.19.pdiff [3964 B]
Get:43 http://localhost:9999 unstable/main 2013-07-15-0830.19.pdiff [3273 B]
Get:44 http://localhost:9999 unstable/main 2013-07-15-0830.19.pdiff [1357 B]
Get:45 http://localhost:9999 unstable/main amd64 2013-07-15-0830.19.pdiff [3964 B]
Get:46 http://localhost:9999 unstable/main 2013-07-15-1432.36.pdiff [5326 B]
Get:47 http://localhost:9999 unstable/main 2013-07-15-0830.19.pdiff [1357 B]
Get:48 http://localhost:9999 unstable/main amd64 2013-07-15-1432.36.pdiff [9809 B]
Get:49 http://localhost:9999 unstable/main 2013-07-15-1432.36.pdiff [5326 B]
Get:50 http://localhost:9999 unstable/main 2013-07-15-1432.36.pdiff [322 B]
Get:51 http://localhost:9999 unstable/main amd64 2013-07-15-1432.36.pdiff [9809 B]
Get:52 http://localhost:9999 unstable/main 2013-07-15-2031.50.pdiff [12.2 kB]
Get:53 http://localhost:9999 unstable/main 2013-07-15-1432.36.pdiff [322 B]
Get:54 http://localhost:9999 unstable/main amd64 2013-07-15-2031.50.pdiff [24.4 kB]
Get:55 http://localhost:9999 unstable/main 2013-07-15-2031.50.pdiff [12.2 kB]
Get:56 http://localhost:9999 unstable/main 2013-07-15-2031.50.pdiff [537 B]
Get:57 http://localhost:9999 unstable/main amd64 2013-07-15-2031.50.pdiff [24.4 kB]
Get:58 http://localhost:9999 unstable/main 2013-07-16-0233.12.pdiff [14.8 kB]
Get:59 http://localhost:9999 unstable/main 2013-07-15-2031.50.pdiff [537 B]
Get:60 http://localhost:9999 unstable/main amd64 2013-07-16-0233.12.pdiff [49.5 kB]
Get:61 http://localhost:9999 unstable/main 2013-07-16-0233.12.pdiff [14.8 kB]
Get:62 http://localhost:9999 unstable/main 2013-07-16-0233.12.pdiff [3247 B]
Get:63 http://localhost:9999 unstable/main amd64 2013-07-16-0233.12.pdiff [49.5 kB]
Get:64 http://localhost:9999 unstable/main 2013-07-16-0834.41.pdiff [7447 B]
Get:65 http://localhost:9999 unstable/main 2013-07-16-0233.12.pdiff [3247 B]
Get:66 http://localhost:9999 unstable/main amd64 2013-07-16-0834.41.pdiff [4493 B]
Get:67 http://localhost:9999 unstable/main 2013-07-16-0834.41.pdiff [7447 B]
Get:68 http://localhost:9999 unstable/main 2013-07-16-0834.41.pdiff [5852 B]
Get:69 http://localhost:9999 unstable/main amd64 2013-07-16-0834.41.pdiff [4493 B]
Get:70 http://localhost:9999 unstable/main 2013-07-16-1433.54.pdiff [21.2 kB]
Get:71 http://localhost:9999 unstable/main 2013-07-16-0834.41.pdiff [5852 B]
Get:72 http://localhost:9999 unstable/main amd64 2013-07-16-1433.54.pdiff [19.3 kB]
Get:73 http://localhost:9999 unstable/main 2013-07-16-1433.54.pdiff [21.2 kB]
Get:74 http://localhost:9999 unstable/main 2013-07-16-1433.54.pdiff [1941 B]
Get:75 http://localhost:9999 unstable/main amd64 2013-07-16-1433.54.pdiff [19.3 kB]
Get:76 http://localhost:9999 unstable/main 2013-07-16-2046.09.pdiff [19.4 kB]
Get:77 http://localhost:9999 unstable/main 2013-07-16-1433.54.pdiff [1941 B]
Get:78 http://localhost:9999 unstable/main amd64 2013-07-16-2046.09.pdiff [18.4 kB]
Get:79 http://localhost:9999 unstable/main 2013-07-16-2046.09.pdiff [19.4 kB]
Get:80 http://localhost:9999 unstable/main 2013-07-16-2046.09.pdiff [465 B]
Get:81 http://localhost:9999 unstable/main amd64 2013-07-16-2046.09.pdiff [18.4 kB]
Get:82 http://localhost:9999 unstable/main 2013-07-17-0233.52.pdiff [6503 B]
Get:83 http://localhost:9999 unstable/main 2013-07-16-2046.09.pdiff [465 B]
Get:84 http://localhost:9999 unstable/main amd64 2013-07-17-0233.52.pdiff [10.9 kB]
Get:85 http://localhost:9999 unstable/main 2013-07-17-0233.52.pdiff [6503 B]
Get:86 http://localhost:9999 unstable/main 2013-07-17-0233.52.pdiff [2433 B]
Get:87 http://localhost:9999 unstable/main amd64 2013-07-17-0233.52.pdiff [10.9 kB]
Get:88 http://localhost:9999 unstable/main 2013-07-17-0833.19.pdiff [6945 B]
Get:89 http://localhost:9999 unstable/main 2013-07-17-0233.52.pdiff [2433 B]
Get:90 http://localhost:9999 unstable/main amd64 2013-07-17-0833.19.pdiff [7401 B]
Get:91 http://localhost:9999 unstable/main 2013-07-17-0833.19.pdiff [6945 B]
Get:92 http://localhost:9999 unstable/main 2013-07-17-0833.19.pdiff [1349 B]
Get:93 http://localhost:9999 unstable/main amd64 2013-07-17-0833.19.pdiff [7401 B]
Get:94 http://localhost:9999 unstable/main 2013-07-17-1433.06.pdiff [6373 B]
Get:95 http://localhost:9999 unstable/main 2013-07-17-0833.19.pdiff [1349 B]
Get:96 http://localhost:9999 unstable/main amd64 2013-07-17-1433.06.pdiff [16.6 kB]
Get:97 http://localhost:9999 unstable/main 2013-07-17-1433.06.pdiff [6373 B]
Get:98 http://localhost:9999 unstable/main 2013-07-17-1433.06.pdiff [629 B]
Get:99 http://localhost:9999 unstable/main amd64 2013-07-17-1433.06.pdiff [16.6 kB]
Get:100 http://localhost:9999 unstable/main 2013-07-17-1433.06.pdiff [629 B]
Fetched 659 kB in 59s (11.1 kB/s)
Reading package lists...
Reading package lists...
Building dependency tree...
Reading state information...
The following packages will be upgraded:
  apt cpp-4.7 gcc-4.7 gcc-4.7-base initscripts libapt-pkg4.12 libgcc-4.7-dev
  linux-libc-dev sysv-rc sysvinit sysvinit-utils
11 upgraded, 0 newly installed, 0 to remove and 0 not upgraded.
Need to get 17.3 MB of archives.
After this operation, 45.1 kB of additional disk space will be used.
Get:1 http://localhost:9999/debian/ unstable/main sysvinit amd64 2.88dsf-43 [134 kB]
Get:2 http://localhost:9999/debian/ unstable/main libapt-pkg4.12 amd64 0.9.9.2 [928 kB]
Get:3 http://localhost:9999/debian/ unstable/main apt amd64 0.9.9.2 [1327 kB]
Get:4 http://localhost:9999/debian/ unstable/main sysv-rc all 2.88dsf-43 [80.5 kB]
Get:5 http://localhost:9999/debian/ unstable/main sysvinit-utils amd64 2.88dsf-43 [103 kB]
Get:6 http://localhost:9999/debian/ unstable/main initscripts amd64 2.88dsf-43 [87.2 kB]
Get:7 http://localhost:9999/debian/ unstable/main gcc-4.7 amd64 4.7.3-6 [5819 kB]
Get:8 http://localhost:9999/debian/ unstable/main cpp-4.7 amd64 4.7.3-6 [5385 kB]
Get:9 http://localhost:9999/debian/ unstable/main libgcc-4.7-dev amd64 4.7.3-6 [2465 kB]
Get:10 http://localhost:9999/debian/ unstable/main gcc-4.7-base amd64 4.7.3-6 [149 kB]
Get:11 http://localhost:9999/debian/ unstable/main linux-libc-dev amd64 3.10.1-1 [869 kB]
debconf: delaying package configuration, since apt-utils is not installed
Fetched 17.3 MB in 0s (25.2 MB/s)
(Reading database ... 13844 files and directories currently installed.)
Preparing to replace sysvinit 2.88dsf-41 (using .../sysvinit_2.88dsf-43_amd64.deb) ...
Unpacking replacement sysvinit ...
Setting up sysvinit (2.88dsf-43) ...
Not restarting sysvinit
(Reading database ... 13844 files and directories currently installed.)
Preparing to replace libapt-pkg4.12:amd64 0.9.9.1 (using .../libapt-pkg4.12_0.9.9.2_amd64.deb) ...
Unpacking replacement libapt-pkg4.12:amd64 ...
Setting up libapt-pkg4.12:amd64 (0.9.9.2) ...
Processing triggers for libc-bin ...
(Reading database ... 13844 files and directories currently installed.)
Preparing to replace apt 0.9.9.1 (using .../archives/apt_0.9.9.2_amd64.deb) ...
Unpacking replacement apt ...
Setting up apt (0.9.9.2) ...
gpg: key B98321F9: "Squeeze Stable Release Key <debian-release@lists.debian.org>" not changed
gpg: key 473041FA: "Debian Archive Automatic Signing Key (6.0/squeeze) <ftpmaster@debian.org>" not changed
gpg: key 65FFB764: "Wheezy Stable Release Key <debian-release@lists.debian.org>" not changed
gpg: key 46925553: "Debian Archive Automatic Signing Key (7.0/wheezy) <ftpmaster@debian.org>" not changed
gpg: Total number processed: 4
gpg:              unchanged: 4
(Reading database ... 13844 files and directories currently installed.)
Preparing to replace sysv-rc 2.88dsf-41 (using .../sysv-rc_2.88dsf-43_all.deb) ...
Unpacking replacement sysv-rc ...
Preparing to replace sysvinit-utils 2.88dsf-41 (using .../sysvinit-utils_2.88dsf-43_amd64.deb) ...
Unpacking replacement sysvinit-utils ...
Setting up sysvinit-utils (2.88dsf-43) ...
Setting up sysv-rc (2.88dsf-43) ...
(Reading database ... 13844 files and directories currently installed.)
Preparing to replace initscripts 2.88dsf-41 (using .../initscripts_2.88dsf-43_amd64.deb) ...
Removing unmodified and obsolete conffile /etc/init.d/mtab.sh ...
Unpacking replacement initscripts ...
Setting up initscripts (2.88dsf-43) ...
Installing new version of config file /etc/init.d/bootmisc.sh ...
Installing new version of config file /etc/init.d/checkfs.sh ...
Installing new version of config file /etc/init.d/checkroot.sh ...
Installing new version of config file /etc/init.d/checkroot-bootclean.sh ...
Installing new version of config file /etc/init.d/mountdevsubfs.sh ...
Installing new version of config file /etc/init.d/mountkernfs.sh ...
Installing new version of config file /etc/init.d/rmnologin ...
Installing new version of config file /etc/network/if-up.d/mountnfs ...
(Reading database ... 13843 files and directories currently installed.)
Preparing to replace gcc-4.7 4.7.3-5 (using .../gcc-4.7_4.7.3-6_amd64.deb) ...
Unpacking replacement gcc-4.7 ...
Preparing to replace cpp-4.7 4.7.3-5 (using .../cpp-4.7_4.7.3-6_amd64.deb) ...
Unpacking replacement cpp-4.7 ...
Preparing to replace libgcc-4.7-dev:amd64 4.7.3-5 (using .../libgcc-4.7-dev_4.7.3-6_amd64.deb) ...
Unpacking replacement libgcc-4.7-dev:amd64 ...
Preparing to replace gcc-4.7-base:amd64 4.7.3-5 (using .../gcc-4.7-base_4.7.3-6_amd64.deb) ...
Unpacking replacement gcc-4.7-base:amd64 ...
Preparing to replace linux-libc-dev:amd64 3.9.8-1 (using .../linux-libc-dev_3.10.1-1_amd64.deb) ...
Unpacking replacement linux-libc-dev:amd64 ...
Setting up gcc-4.7-base:amd64 (4.7.3-6) ...
Setting up cpp-4.7 (4.7.3-6) ...
Setting up libgcc-4.7-dev:amd64 (4.7.3-6) ...
Setting up gcc-4.7 (4.7.3-6) ...
Setting up linux-libc-dev:amd64 (3.10.1-1) ...

┌──────────────────────────────────────────────────────────────────────────────┐
│ Fetch source files                                                           │
└──────────────────────────────────────────────────────────────────────────────┘


Check APT
─────────

Checking available source versions...

Download source files with APT
──────────────────────────────

Reading package lists...
Building dependency tree...
Reading state information...
Need to get 275 kB of source archives.
Get:1 http://localhost:9999/debian/ unstable/main brickos 0.9.0.dfsg-6 (dsc) [727 B]
Get:2 http://localhost:9999/debian/ unstable/main brickos 0.9.0.dfsg-6 (tar) [258 kB]
Get:3 http://localhost:9999/debian/ unstable/main brickos 0.9.0.dfsg-6 (diff) [16.2 kB]
Fetched 275 kB in 0s (2576 kB/s)
Download complete and in download only mode

Check arch
──────────


┌──────────────────────────────────────────────────────────────────────────────┐
│ Chroot Setup Commands                                                        │
└──────────────────────────────────────────────────────────────────────────────┘


/tmp/switch-to-clang
────────────────────

+ echo 'Entering customization script...'
Entering customization script...
+ echo 'Install of clang'
Install of clang
+ apt-get update
Hit http://localhost:9999 unstable InRelease
Hit http://localhost:9999 unstable/main Sources/DiffIndex
Hit http://localhost:9999 unstable/main amd64 Packages/DiffIndex
Hit http://localhost:9999 unstable/main Translation-en/DiffIndex
Reading package lists...
+ apt-get install --yes --no-install-recommends --force-yes clang-3.3
Reading package lists...
Building dependency tree...
Reading state information...
The following extra packages will be installed:
  libclang-common-3.3-dev libclang1-3.3 libffi6 libllvm3.3 libobjc-4.7-dev
  libobjc4 libstdc++6-4.7-dev
Suggested packages:
  libstdc++6-4.7-doc
Recommended packages:
  llvm-3.3-dev python
The following NEW packages will be installed:
  clang-3.3 libclang-common-3.3-dev libclang1-3.3 libffi6 libllvm3.3
  libobjc-4.7-dev libobjc4 libstdc++6-4.7-dev
0 upgraded, 8 newly installed, 0 to remove and 0 not upgraded.
Need to get 27.2 MB of archives.
After this operation, 80.8 MB of additional disk space will be used.
Get:1 http://localhost:9999/debian/ unstable/main libffi6 amd64 3.0.13-4 [21.6 kB]
Get:2 http://localhost:9999/debian/ unstable/main libllvm3.3 amd64 1:3.3-3 [8575 kB]
Get:3 http://localhost:9999/debian/ unstable/main libobjc4 amd64 4.8.1-6 [160 kB]
Get:4 http://localhost:9999/debian/ unstable/main libstdc++6-4.7-dev amd64 4.7.3-6 [1694 kB]
Get:5 http://localhost:9999/debian/ unstable/main libobjc-4.7-dev amd64 4.7.3-6 [719 kB]
Get:6 http://localhost:9999/debian/ unstable/main libclang-common-3.3-dev amd64 1:3.3-3 [574 kB]
Get:7 http://localhost:9999/debian/ unstable/main libclang1-3.3 amd64 1:3.3-3 [4579 kB]
Get:8 http://localhost:9999/debian/ unstable/main clang-3.3 amd64 1:3.3-3 [10.9 MB]
debconf: delaying package configuration, since apt-utils is not installed
Fetched 27.2 MB in 1s (25.8 MB/s)
Selecting previously unselected package libffi6:amd64.
(Reading database ... 13846 files and directories currently installed.)
Unpacking libffi6:amd64 (from .../libffi6_3.0.13-4_amd64.deb) ...
Selecting previously unselected package libllvm3.3:amd64.
Unpacking libllvm3.3:amd64 (from .../libllvm3.3_1%3a3.3-3_amd64.deb) ...
Selecting previously unselected package libobjc4:amd64.
Unpacking libobjc4:amd64 (from .../libobjc4_4.8.1-6_amd64.deb) ...
Selecting previously unselected package libstdc++6-4.7-dev:amd64.
Unpacking libstdc++6-4.7-dev:amd64 (from .../libstdc++6-4.7-dev_4.7.3-6_amd64.deb) ...
Selecting previously unselected package libobjc-4.7-dev:amd64.
Unpacking libobjc-4.7-dev:amd64 (from .../libobjc-4.7-dev_4.7.3-6_amd64.deb) ...
Selecting previously unselected package libclang-common-3.3-dev.
Unpacking libclang-common-3.3-dev (from .../libclang-common-3.3-dev_1%3a3.3-3_amd64.deb) ...
Selecting previously unselected package libclang1-3.3.
Unpacking libclang1-3.3 (from .../libclang1-3.3_1%3a3.3-3_amd64.deb) ...
Selecting previously unselected package clang-3.3.
Unpacking clang-3.3 (from .../clang-3.3_1%3a3.3-3_amd64.deb) ...
Setting up libffi6:amd64 (3.0.13-4) ...
Setting up libllvm3.3:amd64 (1:3.3-3) ...
Setting up libobjc4:amd64 (4.8.1-6) ...
Setting up libstdc++6-4.7-dev:amd64 (4.7.3-6) ...
Setting up libobjc-4.7-dev:amd64 (4.7.3-6) ...
Setting up libclang-common-3.3-dev (1:3.3-3) ...
Setting up libclang1-3.3 (1:3.3-3) ...
Setting up clang-3.3 (1:3.3-3) ...
Processing triggers for libc-bin ...
+ echo 'Replace gcc, g++ & cpp by clang'
Replace gcc, g++ & cpp by clang
+ VERSIONS='4.6 4.7 4.8'
+ cd /usr/bin
+ for VERSION in '$VERSIONS'
+ rm -f g++-4.6 gcc-4.6 cpp-4.6
+ ln -s clang++ g++-4.6
+ ln -s clang gcc-4.6
+ ln -s clang cpp-4.6
+ for VERSION in '$VERSIONS'
+ rm -f g++-4.7 gcc-4.7 cpp-4.7
+ ln -s clang++ g++-4.7
+ ln -s clang gcc-4.7
+ ln -s clang cpp-4.7
+ for VERSION in '$VERSIONS'
+ rm -f g++-4.8 gcc-4.8 cpp-4.8
+ ln -s clang++ g++-4.8
+ ln -s clang gcc-4.8
+ ln -s clang cpp-4.8
+ cd -
/«BUILDDIR»
+ echo 'Block the installation of new gcc version'
Block the installation of new gcc version
+ dpkg --set-selections
+ echo 'gcc-4.6 hold'
+ dpkg --set-selections
+ echo 'cpp-4.6 hold'
+ dpkg --set-selections
+ echo 'g++-4.6 hold'
+ dpkg --set-selections
+ echo 'gcc-4.7 hold'
+ dpkg --set-selections
+ echo 'cpp-4.7 hold'
+ dpkg --set-selections
+ echo 'g++-4.7 hold'
+ dpkg --set-selections
+ echo 'gcc-4.8 hold'
+ dpkg --set-selections
+ echo 'cpp-4.8 hold'
+ dpkg --set-selections
+ echo 'g++-4.8 hold'
+ echo 'Check if gcc, g++ & cpp are actually clang'
Check if gcc, g++ & cpp are actually clang
+ grep clang
+ gcc --version
+ grep clang
+ cpp --version
+ grep clang
+ g++ --version

I: Finished running '/tmp/switch-to-clang'.

Finished processing commands.
────────────────────────────────────────────────────────────────────────────────
Merged Build-Depends: build-essential, fakeroot
Filtered Build-Depends: build-essential, fakeroot
dpkg-deb: building package `sbuild-build-depends-core-dummy' in `/«BUILDDIR»/resolver-2gGLWz/apt_archive/sbuild-build-depends-core-dummy.deb'.
OK
Reading package lists...

┌──────────────────────────────────────────────────────────────────────────────┐
│ Install core build dependencies (apt-based resolver)                         │
└──────────────────────────────────────────────────────────────────────────────┘

Installing build dependencies
Reading package lists...
Building dependency tree...
Reading state information...
The following NEW packages will be installed:
  sbuild-build-depends-core-dummy
debconf: delaying package configuration, since apt-utils is not installed
0 upgraded, 1 newly installed, 0 to remove and 0 not upgraded.
Need to get 0 B/710 B of archives.
After this operation, 0 B of additional disk space will be used.
Selecting previously unselected package sbuild-build-depends-core-dummy.
(Reading database ... 14701 files and directories currently installed.)
Unpacking sbuild-build-depends-core-dummy (from .../sbuild-build-depends-core-dummy.deb) ...
Setting up sbuild-build-depends-core-dummy (0.invalid.0) ...
Merged Build-Depends: base-files, base-passwd, bash, bsdutils, coreutils, dash, debianutils, diffutils, dpkg, e2fsprogs, findutils, grep, gzip, hostname, libc-bin, login, mount, ncurses-base, ncurses-bin, perl-base, sed, sysvinit, sysvinit-utils, tar, util-linux, libc6-dev | libc-dev, gcc (>= 4:4.4.3), g++ (>= 4:4.4.3), make, dpkg-dev (>= 1.13.5), binutils-h8300-hms (>= 2.16.1), debhelper (>> 4.0.0), doxygen, dpatch, gcc-h8300-hms (>= 1:3.4.6), sgmltools-lite
Filtered Build-Depends: base-files, base-passwd, bash, bsdutils, coreutils, dash, debianutils, diffutils, dpkg, e2fsprogs, findutils, grep, gzip, hostname, libc-bin, login, mount, ncurses-base, ncurses-bin, perl-base, sed, sysvinit, sysvinit-utils, tar, util-linux, libc6-dev, gcc (>= 4:4.4.3), g++ (>= 4:4.4.3), make, dpkg-dev (>= 1.13.5), binutils-h8300-hms (>= 2.16.1), debhelper (>> 4.0.0), doxygen, dpatch, gcc-h8300-hms (>= 1:3.4.6), sgmltools-lite
dpkg-deb: building package `sbuild-build-depends-brickos-dummy' in `/«BUILDDIR»/resolver-jPGcet/apt_archive/sbuild-build-depends-brickos-dummy.deb'.
OK
Reading package lists...

┌──────────────────────────────────────────────────────────────────────────────┐
│ Install brickos build dependencies (apt-based resolver)                      │
└──────────────────────────────────────────────────────────────────────────────┘

Installing build dependencies
Reading package lists...
Building dependency tree...
Reading state information...
The following extra packages will be installed:
  binutils-h8300-hms bsdmainutils debhelper docbook docbook-dsssl doxygen
  dpatch file gcc-h8300-hms gettext gettext-base groff-base intltool-debian
  libasprintf0c2 libcroco3 libexpat1 libglib2.0-0 libmagic1 libncursesw5
  libosp5 libostyle1c2 libpipeline1 libpython-stdlib libpython2.7-minimal
  libpython2.7-stdlib libsqlite3-0 libssl1.0.0 libunistring0 libxml2 man-db
  mime-support openjade po-debconf python python-minimal python2.7
  python2.7-minimal sgml-base sgml-data sgmltools-lite xml-core
Suggested packages:
  binutils-doc wamerican wordlist whois vacation dh-make docbook-defguide
  docbook-xml psgml jadetex docbook-dsssl-doc doxygen-doc doxygen-gui graphviz
  curl gcc-doc gettext-doc groff less www-browser doc-base libmail-box-perl
  python-doc python-tk python2.7-doc binfmt-support sgml-base-doc perlsgml
  w3-recs opensp libxml2-utils lynx linuxdoc-tools
Recommended packages:
  doxygen-latex patchutils autopoint libasprintf-dev libgettextpo-dev
  libglib2.0-data shared-mime-info libmail-sendmail-perl w3m w3mmee
The following NEW packages will be installed:
  binutils-h8300-hms bsdmainutils debhelper docbook docbook-dsssl doxygen
  dpatch file gcc-h8300-hms gettext gettext-base groff-base intltool-debian
  libasprintf0c2 libcroco3 libexpat1 libglib2.0-0 libmagic1 libncursesw5
  libosp5 libostyle1c2 libpipeline1 libpython-stdlib libpython2.7-minimal
  libpython2.7-stdlib libsqlite3-0 libssl1.0.0 libunistring0 libxml2 man-db
  mime-support openjade po-debconf python python-minimal python2.7
  python2.7-minimal sbuild-build-depends-brickos-dummy sgml-base sgml-data
  sgmltools-lite xml-core
0 upgraded, 42 newly installed, 0 to remove and 0 not upgraded.
Need to get 28.1 MB/28.1 MB of archives.
After this operation, 82.9 MB of additional disk space will be used.
Get:1 http://localhost:9999/debian/ unstable/main libncursesw5 amd64 5.9+20130608-1 [141 kB]
Get:2 http://localhost:9999/debian/ unstable/main libpipeline1 amd64 1.2.4-1 [41.0 kB]
Get:3 http://localhost:9999/debian/ unstable/main libssl1.0.0 amd64 1.0.1e-3 [1242 kB]
Get:4 http://localhost:9999/debian/ unstable/main groff-base amd64 1.22.2-3 [747 kB]
Get:5 http://localhost:9999/debian/ unstable/main bsdmainutils amd64 9.0.5 [211 kB]
Get:6 http://localhost:9999/debian/ unstable/main man-db amd64 2.6.5-2 [976 kB]
Get:7 http://localhost:9999/debian/ unstable/main libasprintf0c2 amd64 0.18.3-1 [29.6 kB]
Get:8 http://localhost:9999/debian/ unstable/main libmagic1 amd64 1:5.14-2 [216 kB]
Get:9 http://localhost:9999/debian/ unstable/main libsqlite3-0 amd64 3.7.17-1 [478 kB]
Get:10 http://localhost:9999/debian/ unstable/main libxml2 amd64 2.9.1+dfsg1-2 [911 kB]
Get:11 http://localhost:9999/debian/ unstable/main libglib2.0-0 amd64 2.36.3-3 [2048 kB]
Get:12 http://localhost:9999/debian/ unstable/main libcroco3 amd64 0.6.8-2 [133 kB]
Get:13 http://localhost:9999/debian/ unstable/main libexpat1 amd64 2.1.0-4 [138 kB]
Get:14 http://localhost:9999/debian/ unstable/main libunistring0 amd64 0.9.3-5 [434 kB]
Get:15 http://localhost:9999/debian/ unstable/main libpython2.7-minimal amd64 2.7.5-6 [520 kB]
Get:16 http://localhost:9999/debian/ unstable/main python2.7-minimal amd64 2.7.5-6 [1552 kB]
Get:17 http://localhost:9999/debian/ unstable/main sgml-base all 1.26+nmu4 [14.6 kB]
Get:18 http://localhost:9999/debian/ unstable/main file amd64 1:5.14-2 [54.0 kB]
Get:19 http://localhost:9999/debian/ unstable/main gettext-base amd64 0.18.3-1 [161 kB]
Get:20 http://localhost:9999/debian/ unstable/main mime-support all 3.54 [36.4 kB]
Get:21 http://localhost:9999/debian/ unstable/main libpython2.7-stdlib amd64 2.7.5-6 [2482 kB]
Get:22 http://localhost:9999/debian/ unstable/main python2.7 amd64 2.7.5-6 [229 kB]
Get:23 http://localhost:9999/debian/ unstable/main python-minimal amd64 2.7.5-2 [42.7 kB]
Get:24 http://localhost:9999/debian/ unstable/main libpython-stdlib amd64 2.7.5-2 [19.6 kB]
Get:25 http://localhost:9999/debian/ unstable/main python amd64 2.7.5-2 [186 kB]
Get:26 http://localhost:9999/debian/ unstable/main gettext amd64 0.18.3-1 [1898 kB]
Get:27 http://localhost:9999/debian/ unstable/main intltool-debian all 0.35.0+20060710.1 [30.8 kB]
Get:28 http://localhost:9999/debian/ unstable/main po-debconf all 1.0.16+nmu2 [224 kB]
Get:29 http://localhost:9999/debian/ unstable/main debhelper all 9.20130630 [710 kB]
Get:30 http://localhost:9999/debian/ unstable/main xml-core all 0.13+nmu2 [24.2 kB]
Get:31 http://localhost:9999/debian/ unstable/main sgml-data all 2.0.9-1 [281 kB]
Get:32 http://localhost:9999/debian/ unstable/main docbook all 4.5-5.1 [453 kB]
Get:33 http://localhost:9999/debian/ unstable/main libosp5 amd64 1.5.2-10 [1199 kB]
Get:34 http://localhost:9999/debian/ unstable/main libostyle1c2 amd64 1.4devel1-20.1+b1 [888 kB]
Get:35 http://localhost:9999/debian/ unstable/main openjade amd64 1.4devel1-20.1+b1 [344 kB]
Get:36 http://localhost:9999/debian/ unstable/main docbook-dsssl all 1.79-7 [374 kB]
Get:37 http://localhost:9999/debian/ unstable/main doxygen amd64 1.8.4-1 [2740 kB]
Get:38 http://localhost:9999/debian/ unstable/main dpatch all 2.0.35 [95.2 kB]
Get:39 http://localhost:9999/debian/ unstable/main sgmltools-lite all 3.0.3.0.cvs.20010909-17 [35.7 kB]
Get:40 http://localhost:9999/debian/ unstable/main binutils-h8300-hms amd64 2.16.1-9 [2261 kB]
Get:41 http://localhost:9999/debian/ unstable/main gcc-h8300-hms amd64 1:3.4.6+dfsg2-1 [3513 kB]
debconf: delaying package configuration, since apt-utils is not installed
Fetched 28.1 MB in 1s (21.6 MB/s)
Selecting previously unselected package libncursesw5:amd64.
(Reading database ... 14701 files and directories currently installed.)
Unpacking libncursesw5:amd64 (from .../libncursesw5_5.9+20130608-1_amd64.deb) ...
Selecting previously unselected package libpipeline1:amd64.
Unpacking libpipeline1:amd64 (from .../libpipeline1_1.2.4-1_amd64.deb) ...
Selecting previously unselected package libssl1.0.0:amd64.
Unpacking libssl1.0.0:amd64 (from .../libssl1.0.0_1.0.1e-3_amd64.deb) ...
Selecting previously unselected package groff-base.
Unpacking groff-base (from .../groff-base_1.22.2-3_amd64.deb) ...
Selecting previously unselected package bsdmainutils.
Unpacking bsdmainutils (from .../bsdmainutils_9.0.5_amd64.deb) ...
Selecting previously unselected package man-db.
Unpacking man-db (from .../man-db_2.6.5-2_amd64.deb) ...
Selecting previously unselected package libasprintf0c2:amd64.
Unpacking libasprintf0c2:amd64 (from .../libasprintf0c2_0.18.3-1_amd64.deb) ...
Selecting previously unselected package libmagic1:amd64.
Unpacking libmagic1:amd64 (from .../libmagic1_1%3a5.14-2_amd64.deb) ...
Selecting previously unselected package libsqlite3-0:amd64.
Unpacking libsqlite3-0:amd64 (from .../libsqlite3-0_3.7.17-1_amd64.deb) ...
Selecting previously unselected package libxml2:amd64.
Unpacking libxml2:amd64 (from .../libxml2_2.9.1+dfsg1-2_amd64.deb) ...
Selecting previously unselected package libglib2.0-0:amd64.
Unpacking libglib2.0-0:amd64 (from .../libglib2.0-0_2.36.3-3_amd64.deb) ...
Selecting previously unselected package libcroco3:amd64.
Unpacking libcroco3:amd64 (from .../libcroco3_0.6.8-2_amd64.deb) ...
Selecting previously unselected package libexpat1:amd64.
Unpacking libexpat1:amd64 (from .../libexpat1_2.1.0-4_amd64.deb) ...
Selecting previously unselected package libunistring0:amd64.
Unpacking libunistring0:amd64 (from .../libunistring0_0.9.3-5_amd64.deb) ...
Selecting previously unselected package libpython2.7-minimal.
Unpacking libpython2.7-minimal (from .../libpython2.7-minimal_2.7.5-6_amd64.deb) ...
Selecting previously unselected package python2.7-minimal.
Unpacking python2.7-minimal (from .../python2.7-minimal_2.7.5-6_amd64.deb) ...
Selecting previously unselected package sgml-base.
Unpacking sgml-base (from .../sgml-base_1.26+nmu4_all.deb) ...
Selecting previously unselected package file.
Unpacking file (from .../file_1%3a5.14-2_amd64.deb) ...
Selecting previously unselected package gettext-base.
Unpacking gettext-base (from .../gettext-base_0.18.3-1_amd64.deb) ...
Selecting previously unselected package mime-support.
Unpacking mime-support (from .../mime-support_3.54_all.deb) ...
Selecting previously unselected package libpython2.7-stdlib.
Unpacking libpython2.7-stdlib (from .../libpython2.7-stdlib_2.7.5-6_amd64.deb) ...
Selecting previously unselected package python2.7.
Unpacking python2.7 (from .../python2.7_2.7.5-6_amd64.deb) ...
Selecting previously unselected package python-minimal.
Unpacking python-minimal (from .../python-minimal_2.7.5-2_amd64.deb) ...
Selecting previously unselected package libpython-stdlib:amd64.
Unpacking libpython-stdlib:amd64 (from .../libpython-stdlib_2.7.5-2_amd64.deb) ...
Selecting previously unselected package python.
Unpacking python (from .../python_2.7.5-2_amd64.deb) ...
Selecting previously unselected package gettext.
Unpacking gettext (from .../gettext_0.18.3-1_amd64.deb) ...
Selecting previously unselected package intltool-debian.
Unpacking intltool-debian (from .../intltool-debian_0.35.0+20060710.1_all.deb) ...
Selecting previously unselected package po-debconf.
Unpacking po-debconf (from .../po-debconf_1.0.16+nmu2_all.deb) ...
Selecting previously unselected package debhelper.
Unpacking debhelper (from .../debhelper_9.20130630_all.deb) ...
Selecting previously unselected package xml-core.
Unpacking xml-core (from .../xml-core_0.13+nmu2_all.deb) ...
Selecting previously unselected package sgml-data.
Unpacking sgml-data (from .../sgml-data_2.0.9-1_all.deb) ...
Selecting previously unselected package docbook.
Unpacking docbook (from .../docbook_4.5-5.1_all.deb) ...
Selecting previously unselected package libosp5.
Unpacking libosp5 (from .../libosp5_1.5.2-10_amd64.deb) ...
Selecting previously unselected package libostyle1c2.
Unpacking libostyle1c2 (from .../libostyle1c2_1.4devel1-20.1+b1_amd64.deb) ...
Selecting previously unselected package openjade.
Unpacking openjade (from .../openjade_1.4devel1-20.1+b1_amd64.deb) ...
Selecting previously unselected package docbook-dsssl.
Unpacking docbook-dsssl (from .../docbook-dsssl_1.79-7_all.deb) ...
Selecting previously unselected package doxygen.
Unpacking doxygen (from .../doxygen_1.8.4-1_amd64.deb) ...
Selecting previously unselected package dpatch.
Unpacking dpatch (from .../archives/dpatch_2.0.35_all.deb) ...
Selecting previously unselected package sgmltools-lite.
Unpacking sgmltools-lite (from .../sgmltools-lite_3.0.3.0.cvs.20010909-17_all.deb) ...
Selecting previously unselected package binutils-h8300-hms.
Unpacking binutils-h8300-hms (from .../binutils-h8300-hms_2.16.1-9_amd64.deb) ...
Selecting previously unselected package gcc-h8300-hms.
Unpacking gcc-h8300-hms (from .../gcc-h8300-hms_1%3a3.4.6+dfsg2-1_amd64.deb) ...
Selecting previously unselected package sbuild-build-depends-brickos-dummy.
Unpacking sbuild-build-depends-brickos-dummy (from .../sbuild-build-depends-brickos-dummy.deb) ...
Setting up libncursesw5:amd64 (5.9+20130608-1) ...
Setting up libpipeline1:amd64 (1.2.4-1) ...
Setting up libssl1.0.0:amd64 (1.0.1e-3) ...
Setting up groff-base (1.22.2-3) ...
Setting up bsdmainutils (9.0.5) ...
update-alternatives: using /usr/bin/bsd-write to provide /usr/bin/write (write) in auto mode
update-alternatives: using /usr/bin/bsd-from to provide /usr/bin/from (from) in auto mode
Setting up man-db (2.6.5-2) ...
Not building database; man-db/auto-update is not 'true'.
Setting up libasprintf0c2:amd64 (0.18.3-1) ...
Setting up libmagic1:amd64 (1:5.14-2) ...
Setting up libsqlite3-0:amd64 (3.7.17-1) ...
Setting up libxml2:amd64 (2.9.1+dfsg1-2) ...
Setting up libglib2.0-0:amd64 (2.36.3-3) ...
No schema files found: doing nothing.
Setting up libcroco3:amd64 (0.6.8-2) ...
Setting up libexpat1:amd64 (2.1.0-4) ...
Setting up libunistring0:amd64 (0.9.3-5) ...
Setting up libpython2.7-minimal (2.7.5-6) ...
Setting up python2.7-minimal (2.7.5-6) ...
Setting up sgml-base (1.26+nmu4) ...
Setting up file (1:5.14-2) ...
Setting up gettext-base (0.18.3-1) ...
Setting up mime-support (3.54) ...
Setting up libpython2.7-stdlib (2.7.5-6) ...
Setting up python2.7 (2.7.5-6) ...
Setting up python-minimal (2.7.5-2) ...
Setting up libpython-stdlib:amd64 (2.7.5-2) ...
Setting up python (2.7.5-2) ...
Setting up gettext (0.18.3-1) ...
Setting up intltool-debian (0.35.0+20060710.1) ...
Setting up po-debconf (1.0.16+nmu2) ...
Setting up debhelper (9.20130630) ...
Setting up xml-core (0.13+nmu2) ...
Setting up libosp5 (1.5.2-10) ...
Setting up libostyle1c2 (1.4devel1-20.1+b1) ...
Setting up openjade (1.4devel1-20.1+b1) ...
Setting up doxygen (1.8.4-1) ...
Setting up dpatch (2.0.35) ...
Setting up binutils-h8300-hms (2.16.1-9) ...
Setting up gcc-h8300-hms (1:3.4.6+dfsg2-1) ...
Processing triggers for sgml-base ...
Setting up sgml-data (2.0.9-1) ...
Processing triggers for sgml-base ...
Setting up docbook (4.5-5.1) ...
Processing triggers for sgml-base ...
Setting up docbook-dsssl (1.79-7) ...
Processing triggers for sgml-base ...
Setting up sgmltools-lite (3.0.3.0.cvs.20010909-17) ...
Setting up sbuild-build-depends-brickos-dummy (0.invalid.0) ...
Processing triggers for libc-bin ...

┌──────────────────────────────────────────────────────────────────────────────┐
│ Build environment                                                            │
└──────────────────────────────────────────────────────────────────────────────┘

Kernel: Linux 2.6.32-5-xen-amd64 amd64 (x86_64)
Toolchain package versions: binutils_2.23.52.20130620-1 dpkg-dev_1.16.10 g++-4.6_4.6.4-4 g++-4.8_4.8.1-6 gcc-4.6_4.6.4-4 gcc-4.7_4.7.3-6 gcc-4.8_4.8.1-6 libc6-dev_2.17-7 libstdc++-4.8-dev_4.8.1-6 libstdc++6_4.8.1-6 libstdc++6-4.6-dev_4.6.4-4 libstdc++6-4.7-dev_4.7.3-6 linux-libc-dev_3.10.1-1
Package versions: apt_0.9.9.2 base-files_7.2 base-passwd_3.5.26 bash_4.2+dfsg-1 binutils_2.23.52.20130620-1 binutils-h8300-hms_2.16.1-9 bsdmainutils_9.0.5 bsdutils_1:2.20.1-5.5 build-essential_11.6 bzip2_1.0.6-4 clang-3.3_1:3.3-3 coreutils_8.20-3 cpp_4:4.8.1-2 cpp-4.6_4.6.4-4 cpp-4.7_4.7.3-6 cpp-4.8_4.8.1-6 dash_0.5.7-3 debconf_1.5.50 debconf-i18n_1.5.50 debfoster_2.7-1.2 debhelper_9.20130630 debian-archive-keyring_2012.4 debianutils_4.3.4 diffutils_1:3.2-8 docbook_4.5-5.1 docbook-dsssl_1.79-7 doxygen_1.8.4-1 dpatch_2.0.35 dpkg_1.16.10 dpkg-dev_1.16.10 e2fslibs_1.42.8-1 e2fsprogs_1.42.8-1 fakeroot_1.19-2 file_1:5.14-2 findutils_4.4.2-6 g++_4:4.8.1-2 g++-4.6_4.6.4-4 g++-4.8_4.8.1-6 gcc_4:4.8.1-2 gcc-4.4-base_4.4.7-4 gcc-4.5-base_4.5.4-1 gcc-4.6_4.6.4-4 gcc-4.6-base_4.6.4-4 gcc-4.7_4.7.3-6 gcc-4.7-base_4.7.3-6 gcc-4.8_4.8.1-6 gcc-4.8-base_4.8.1-6 gcc-h8300-hms_1:3.4.6+dfsg2-1 gettext_0.18.3-1 gettext-base_0.18.3-1 gnupg_1.4.12-7 gpgv_1.4.12-7 grep_2.14-2 groff-base_1.22.2-3 gzip_1.6-1 hostname_3.13 initscripts_2.88dsf-43 insserv_1.14.0-5 intltool-debian_0.35.0+20060710.1 libacl1_2.2.52-1 libapt-pkg4.12_0.9.9.2 libasan0_4.8.1-6 libasprintf0c2_0.18.3-1 libatomic1_4.8.1-6 libattr1_1:2.4.47-1 libblkid1_2.20.1-5.5 libbz2-1.0_1.0.6-4 libc-bin_2.17-7 libc-dev-bin_2.17-7 libc6_2.17-7 libc6-dev_2.17-7 libcap2_1:2.22-1.2 libclang-common-3.3-dev_1:3.3-3 libclang1-3.3_1:3.3-3 libclass-isa-perl_0.36-5 libcloog-isl4_0.18.0-2 libcloog-ppl1_0.16.1-3 libcomerr2_1.42.8-1 libcroco3_0.6.8-2 libdb5.1_5.1.29-6 libdpkg-perl_1.16.10 libexpat1_2.1.0-4 libffi6_3.0.13-4 libfile-fcntllock-perl_0.14-2 libgc1c2_1:7.2d-5 libgcc-4.7-dev_4.7.3-6 libgcc-4.8-dev_4.8.1-6 libgcc1_1:4.8.1-6 libgdbm3_1.8.3-12 libglib2.0-0_2.36.3-3 libgmp10_2:5.1.2+dfsg-2 libgmpxx4ldbl_2:5.1.2+dfsg-2 libgomp1_4.8.1-6 libgpm2_1.20.4-6.1 libisl10_0.11.2-1 libitm1_4.8.1-6 libllvm3.3_1:3.3-3 liblocale-gettext-perl_1.05-7+b1 liblzma5_5.1.1alpha+20120614-2 libmagic1_1:5.14-2 libmount1_2.20.1-5.5 libmpc2_0.9-4 libmpc3_1.0.1-1 libmpfr4_3.1.1-1 libncurses5_5.9+20130608-1 libncursesw5_5.9+20130608-1 libobjc-4.7-dev_4.7.3-6 libobjc4_4.8.1-6 libosp5_1.5.2-10 libostyle1c2_1.4devel1-20.1+b1 libpam-modules_1.1.3-9 libpam-modules-bin_1.1.3-9 libpam-runtime_1.1.3-9 libpam0g_1.1.3-9 libpcre3_1:8.31-2 libpipeline1_1.2.4-1 libppl-c4_1:1.0-7 libppl12_1:1.0-7 libpython-stdlib_2.7.5-2 libpython2.7-minimal_2.7.5-6 libpython2.7-stdlib_2.7.5-6 libquadmath0_4.8.1-6 libreadline6_6.2+dfsg-0.1 libselinux1_2.1.13-2 libsemanage-common_2.1.10-2 libsemanage1_2.1.10-2 libsepol1_2.1.9-2 libslang2_2.2.4-15 libsqlite3-0_3.7.17-1 libss2_1.42.8-1 libssl1.0.0_1.0.1e-3 libstdc++-4.8-dev_4.8.1-6 libstdc++6_4.8.1-6 libstdc++6-4.6-dev_4.6.4-4 libstdc++6-4.7-dev_4.7.3-6 libswitch-perl_2.16-2 libtext-charwidth-perl_0.04-7+b1 libtext-iconv-perl_1.7-5 libtext-wrapi18n-perl_0.06-7 libtimedate-perl_1.2000-1 libtinfo5_5.9+20130608-1 libtsan0_4.8.1-6 libunistring0_0.9.3-5 libusb-0.1-4_2:0.1.12-23.2 libustr-1.0-1_1.0.4-3 libuuid1_2.20.1-5.5 libxml2_2.9.1+dfsg1-2 linux-libc-dev_3.10.1-1 login_1:4.1.5.1-1 lsb-base_4.1+Debian12 make_3.81-8.2 man-db_2.6.5-2 mawk_1.3.3-17 mime-support_3.54 mount_2.20.1-5.5 multiarch-support_2.17-7 ncurses-base_5.9+20130608-1 ncurses-bin_5.9+20130608-1 openjade_1.4devel1-20.1+b1 passwd_1:4.1.5.1-1 patch_2.7.1-3 perl_5.14.2-21 perl-base_5.14.2-21 perl-modules_5.14.2-21 po-debconf_1.0.16+nmu2 python_2.7.5-2 python-minimal_2.7.5-2 python2.7_2.7.5-6 python2.7-minimal_2.7.5-6 readline-common_6.2+dfsg-0.1 sbuild-build-depends-brickos-dummy_0.invalid.0 sbuild-build-depends-core-dummy_0.invalid.0 sed_4.2.2-1 sensible-utils_0.0.9 sgml-base_1.26+nmu4 sgml-data_2.0.9-1 sgmltools-lite_3.0.3.0.cvs.20010909-17 sudo_1.8.5p2-1+nmu1 sysv-rc_2.88dsf-43 sysvinit_2.88dsf-43 sysvinit-utils_2.88dsf-43 tar_1.26+dfsg-6 tzdata_2013c-2 ucf_3.0027+nmu1 util-linux_2.20.1-5.5 vim_2:7.3.923-3 vim-common_2:7.3.923-3 vim-runtime_2:7.3.923-3 xml-core_0.13+nmu2 xz-utils_5.1.1alpha+20120614-2 zlib1g_1:1.2.8.dfsg-1

┌──────────────────────────────────────────────────────────────────────────────┐
│ Build                                                                        │
└──────────────────────────────────────────────────────────────────────────────┘


Unpack source
─────────────

gpgv: keyblock resource `/sbuild-nonexistent/.gnupg/trustedkeys.gpg': file open error
gpgv: Signature made Fri Jan 25 08:16:36 2008 UTC using DSA key ID 76D52AC4
gpgv: Can't check signature: public key not found
dpkg-source: warning: failed to verify signature on ./brickos_0.9.0.dfsg-6.dsc
dpkg-source: info: extracting brickos in brickos-0.9.0.dfsg
dpkg-source: info: unpacking brickos_0.9.0.dfsg.orig.tar.gz
dpkg-source: info: applying brickos_0.9.0.dfsg-6.diff.gz

Check disc space
────────────────

Sufficient free space for build

Hack binNMU version
───────────────────

Created changelog entry for binNMU version 0.9.0.dfsg-6clang1

User Environment
────────────────

HOME=/sbuild-nonexistent
LOGNAME=user
PATH=/usr/local/sbin:/usr/local/bin:/usr/sbin:/usr/bin:/sbin:/bin:/usr/games
SCHROOT_ALIAS_NAME=unstable-amd64-sbuild
SCHROOT_CHROOT_NAME=unstable-amd64-sbuild
SCHROOT_COMMAND=env
SCHROOT_GID=1000
SCHROOT_GROUP=user
SCHROOT_SESSION_ID=unstable-amd64-sbuild-deab9b55-143e-4032-9c3d-27556719e275
SCHROOT_UID=1000
SCHROOT_USER=user
SHELL=/bin/sh
USER=user

dpkg-buildpackage
─────────────────

dpkg-buildpackage: source package brickos
dpkg-buildpackage: source version 0.9.0.dfsg-6clang1
 dpkg-source --before-build brickos-0.9.0.dfsg
dpkg-buildpackage: host architecture amd64
 fakeroot debian/rules clean
dpatch  deapply-all  
002_kfreebsd not applied to ./ .
001_gcc3.3 not applied to ./ .
000_build_env not applied to ./ .
rm -rf patch-stamp patch-stampT debian/patched
dh_testdir
dh_testroot
rm -f build-arch-stamp build-indep-stamp 
rm -rf debian/patched
#  Clean up after the build process.
[ ! -e Makefile ] || /usr/bin/make realclean
make[1]: Entering directory `/«PKGBUILDDIR»'
make[2]: Entering directory `/«PKGBUILDDIR»/util'
make[3]: Entering directory `/«PKGBUILDDIR»/util/dll-src'
rm -f *.o *~ *.bak 
rm -f ../dll ../makelx ../genlds ../fixdeps 
make[3]: Leaving directory `/«PKGBUILDDIR»/util/dll-src'
make[3]: Entering directory `/«PKGBUILDDIR»/util/firmdl'
rm -f *.o *~ *.bak
rm -f fastdl.h ../firmdl3 mkimg 
make[3]: Leaving directory `/«PKGBUILDDIR»/util/firmdl'
make[3]: Entering directory `/«PKGBUILDDIR»/util/dll-src'
rm -f *.o *~ *.bak 
make[3]: Leaving directory `/«PKGBUILDDIR»/util/dll-src'
make[3]: Entering directory `/«PKGBUILDDIR»/util/firmdl'
rm -f *.o *~ *.bak
make[3]: Leaving directory `/«PKGBUILDDIR»/util/firmdl'
rm -f fontdesign
make[2]: Leaving directory `/«PKGBUILDDIR»/util'
make[2]: Entering directory `/«PKGBUILDDIR»/lib'
make[3]: Entering directory `/«PKGBUILDDIR»/lib/c'
rm -f *.o *.map *.coff *.srec *.dis* *~ *.bak *.tgz *.s 
rm -f libc.a ../libc.a .depend
make[3]: Leaving directory `/«PKGBUILDDIR»/lib/c'
make[3]: Entering directory `/«PKGBUILDDIR»/lib/mint'
rm -f *.o *.map *.coff *.srec *.dis* *~ *.bak *.tgz *.s 
rm -f libmint.a ../libmint.a .depend
make[3]: Leaving directory `/«PKGBUILDDIR»/lib/mint'
make[3]: Entering directory `/«PKGBUILDDIR»/lib/float'
rm -f *.o *.map *.coff *.srec *.dis* *~ *.bak *.tgz 
rm -f libfloat.a ../libfloat.a .depend
make[3]: Leaving directory `/«PKGBUILDDIR»/lib/float'
make[3]: Entering directory `/«PKGBUILDDIR»/lib/c++'
rm -f *.o *.map *.coff *.srec *.dis* *~ *.bak *.tgz *.s
rm -f libc++.a ../libc++.a .depend
make[3]: Leaving directory `/«PKGBUILDDIR»/lib/c++'
make[2]: Leaving directory `/«PKGBUILDDIR»/lib'
make[2]: Entering directory `/«PKGBUILDDIR»/boot'
rm -rf .depend* *.o *.dis *~ *.bak *.tgz *.s tags *.dcoff *.dmap *.dsrec *.dis2
rm -f  *.srec *.map *.coff *.lds install-stamp
make[2]: Leaving directory `/«PKGBUILDDIR»/boot'
make[2]: Entering directory `/«PKGBUILDDIR»/demo'
/usr/bin/make -C c++ realclean
make[3]: Entering directory `/«PKGBUILDDIR»/demo/c++'
rm -f *.o *.dis *.dis2 *~ *.bak *.tgz *.s *.ds1 *.ds2 *.dmap *.dcoff
rm -f *.srec *.map *.coff
rm -f *.lx .depend tags TAGS
make[3]: Leaving directory `/«PKGBUILDDIR»/demo/c++'
/usr/bin/make -C c++ clean
make[3]: Entering directory `/«PKGBUILDDIR»/demo/c++'
rm -f *.o *.dis *.dis2 *~ *.bak *.tgz *.s *.ds1 *.ds2 *.dmap *.dcoff
rm -f *.srec *.map *.coff
make[3]: Leaving directory `/«PKGBUILDDIR»/demo/c++'
rm -f *.o *.dis *.dis2 *~ *.bak *.tgz *.s *.ds1 *.ds2 *.dmap *.dcoff 
rm -f *.srec *.map *.coff
rm -f *.lx .depend tags TAGS
make[2]: Leaving directory `/«PKGBUILDDIR»/demo'
make[2]: Entering directory `/«PKGBUILDDIR»/doc'
rm -rf INSTALL-cygwin
rm -f INSTALL-cygwin.html
make[2]: Leaving directory `/«PKGBUILDDIR»/doc'
make[2]: Entering directory `/«PKGBUILDDIR»/util'
make[3]: Entering directory `/«PKGBUILDDIR»/util/dll-src'
rm -f *.o *~ *.bak 
make[3]: Leaving directory `/«PKGBUILDDIR»/util/dll-src'
make[3]: Entering directory `/«PKGBUILDDIR»/util/firmdl'
rm -f *.o *~ *.bak
make[3]: Leaving directory `/«PKGBUILDDIR»/util/firmdl'
make[2]: Leaving directory `/«PKGBUILDDIR»/util'
make[2]: Entering directory `/«PKGBUILDDIR»/lib'
make[3]: Entering directory `/«PKGBUILDDIR»/lib/c'
rm -f *.o *.map *.coff *.srec *.dis* *~ *.bak *.tgz *.s 
make[3]: Leaving directory `/«PKGBUILDDIR»/lib/c'
make[3]: Entering directory `/«PKGBUILDDIR»/lib/mint'
rm -f *.o *.map *.coff *.srec *.dis* *~ *.bak *.tgz *.s 
make[3]: Leaving directory `/«PKGBUILDDIR»/lib/mint'
make[3]: Entering directory `/«PKGBUILDDIR»/lib/float'
rm -f *.o *.map *.coff *.srec *.dis* *~ *.bak *.tgz 
make[3]: Leaving directory `/«PKGBUILDDIR»/lib/float'
make[3]: Entering directory `/«PKGBUILDDIR»/lib/c++'
rm -f *.o *.map *.coff *.srec *.dis* *~ *.bak *.tgz *.s
make[3]: Leaving directory `/«PKGBUILDDIR»/lib/c++'
make[2]: Leaving directory `/«PKGBUILDDIR»/lib'
make[2]: Entering directory `/«PKGBUILDDIR»/boot'
rm -f ../Makefile.user.dist ../Makefile.common.dist ../demo/Makefile.dist ../demo/c++/Makefile.dist config.h.dist
rm -f *.srec *.o *.lds *.dis *.coff *.map *.dis2
make[2]: Leaving directory `/«PKGBUILDDIR»/boot'
make[2]: Entering directory `/«PKGBUILDDIR»/demo'
/usr/bin/make -C c++ clean
make[3]: Entering directory `/«PKGBUILDDIR»/demo/c++'
rm -f *.o *.dis *.dis2 *~ *.bak *.tgz *.s *.ds1 *.ds2 *.dmap *.dcoff
rm -f *.srec *.map *.coff
make[3]: Leaving directory `/«PKGBUILDDIR»/demo/c++'
rm -f *.o *.dis *.dis2 *~ *.bak *.tgz *.s *.ds1 *.ds2 *.dmap *.dcoff 
rm -f *.srec *.map *.coff
make[2]: Leaving directory `/«PKGBUILDDIR»/demo'
make[2]: Entering directory `/«PKGBUILDDIR»/doc'
make[2]: Leaving directory `/«PKGBUILDDIR»/doc'
rm -f tags TAGS *.bak
rm -rf doc/html-c doc/rtf-c
rm -f -- Doxyfile-c.log Doxyfile-c.rpt .Doxyfile-c-doneflag *.out
rm -rf doc/html-c++ doc/rtf-c++
rm -f -- Doxyfile-c++.log Doxyfile-c++.rpt .Doxyfile-c++-doneflag *.out
rm -rf doc/html-kern doc/rtf-kern
rm -f -- Doxyfile-kern.log Doxyfile-kern.rpt .Doxyfile-kern-doneflag *.out
make[1]: Leaving directory `/«PKGBUILDDIR»'
dh_clean
dh_clean: Compatibility levels before 5 are deprecated (level 4 in use)
 debian/rules build-arch
test -d debian/patched || install -d debian/patched
dpatch  apply-all  
applying patch 000_build_env to ./ ... ok.
applying patch 001_gcc3.3 to ./ ... ok.
applying patch 002_kfreebsd to ./ ... ok.
dpatch  cat-all  >>patch-stampT
mv -f patch-stampT patch-stamp
dh_testdir
#  Configure the package. NOTE: this is non-standard configure script!!
./configure

Welcome to the brickOS Makefile configurator.
Attempting to find the Hitachi gcc compiler. (This may take some time.)

 - Toolprefix = /usr/bin/h8300-hms-
 - Found Linux/Unix system

dh_testdir
#  Compile/build the package.
/usr/bin/make prefix=/usr 
make[1]: Entering directory `/«PKGBUILDDIR»'
make[2]: Entering directory `/«PKGBUILDDIR»/util'
cc -o fontdesign fontdesign.c -O2 -Wall -O2 -Wall
make[3]: Entering directory `/«PKGBUILDDIR»/util/dll-src'
cc -o loader.o -c loader.c -O2 -Wall -O2 -Wall -I. -I/«PKGBUILDDIR»/include/lnp
loader.c:472:18: warning: format string is not a string literal (potentially insecure) [-Wformat-security]
        fprintf(stderr, usage_string);
                        ^~~~~~~~~~~~
loader.c:480:20: warning: passing 'char *' to parameter of type 'const unsigned char *' converts between pointers to integer types with different sign [-Wpointer-sign]
    if(lx_read(&lx,filename)) {
                   ^~~~~~~~
./lx.h:51:43: note: passing argument to parameter 'filename' here
int lx_read(lx_t *lx,const unsigned char *filename);
                                          ^
loader.c:487:21: warning: assigning to 'char *' from 'unsigned char [259]' converts between pointers to integer types with different sign [-Wpointer-sign]
  if (buffer[0]) tty=buffer;
                    ^~~~~~~
3 warnings generated.
cc -o rcxtty.o -c rcxtty.c -O2 -Wall -O2 -Wall -I. -I/«PKGBUILDDIR»/include/lnp
cc -o keepalive.o -c keepalive.c -O2 -Wall -O2 -Wall -I. -I/«PKGBUILDDIR»/include/lnp
cc -o lnp.o -c /«PKGBUILDDIR»/kernel/lnp.c -O2 -Wall -O2 -Wall -I. -I/«PKGBUILDDIR»/include/lnp
/«PKGBUILDDIR»/kernel/lnp.c:184:40: warning: passing 'char *' to parameter of type 'unsigned char *' converts between pointers to integer types with different sign [-Wpointer-sign]
  unsigned char c = lnp_checksum_copy( buffer_ptr+2, data, length);
                                       ^~~~~~~~~~~~
/«PKGBUILDDIR»/kernel/lnp.c:135:49: note: passing argument to parameter 'dest' here
unsigned char lnp_checksum_copy( unsigned char *dest,
                                                ^
/«PKGBUILDDIR»/kernel/lnp.c:206:40: warning: passing 'char *' to parameter of type 'unsigned char *' converts between pointers to integer types with different sign [-Wpointer-sign]
  unsigned char c = lnp_checksum_copy( buffer_ptr+4, data, length );
                                       ^~~~~~~~~~~~
/«PKGBUILDDIR»/kernel/lnp.c:135:49: note: passing argument to parameter 'dest' here
unsigned char lnp_checksum_copy( unsigned char *dest,
                                                ^
/«PKGBUILDDIR»/kernel/lnp.c:472:5: error: redefinition of a 'extern inline' function 'lnp_integrity_active' is not supported in C99 mode
int lnp_integrity_active(void) {
    ^
/«PKGBUILDDIR»/include/lnp/sys/lnp.h:140:19: note: previous definition is here
extern inline int lnp_integrity_active(void) {
                  ^
/«PKGBUILDDIR»/kernel/lnp.c:489:6: error: redefinition of a 'extern inline' function 'lnp_timeout_set' is not supported in C99 mode
void lnp_timeout_set(unsigned short timeout) {
     ^
/«PKGBUILDDIR»/include/lnp/sys/lnp.h:155:20: note: previous definition is here
extern inline void lnp_timeout_set(unsigned short timeout) {
                   ^
2 warnings and 2 errors generated.
make[3]: *** [lnp.o] Error 1
make[3]: Leaving directory `/«PKGBUILDDIR»/util/dll-src'
make[2]: *** [all] Error 2
make[1]: *** [all] Error 2
make: *** [build-arch-stamp] Error 2
dpkg-buildpackage: error: debian/rules build-arch gave error exit status 2
make[2]: Leaving directory `/«PKGBUILDDIR»/util'
make[1]: Leaving directory `/«PKGBUILDDIR»'
────────────────────────────────────────────────────────────────────────────────
Build finished at 20130717-1822

Finished
────────

E: Build failure (dpkg-buildpackage died)

┌──────────────────────────────────────────────────────────────────────────────┐
│ Cleanup                                                                      │
└──────────────────────────────────────────────────────────────────────────────┘

Purging /«BUILDDIR»
Not cleaning session: cloned chroot in use

┌──────────────────────────────────────────────────────────────────────────────┐
│ Summary                                                                      │
└──────────────────────────────────────────────────────────────────────────────┘

Build Architecture: amd64
Build-Space: 1604
Build-Time: 2
Distribution: unstable
Fail-Stage: build
Host Architecture: amd64
Install-Time: 15
Job: brickos_0.9.0.dfsg-6
Machine Architecture: amd64
Package: brickos
Package-Time: 100
Source-Version: 0.9.0.dfsg-6
Space: 1604
Status: attempted
Version: 0.9.0.dfsg-6clang1
────────────────────────────────────────────────────────────────────────────────
Finished at 20130717-1822
Build needed 00:01:40, 1604k disc space
DC-Status: Failed 100.556702461s
