DC-Build-Header: coinor-flopc++ 1.0.6-3.1 / 2013-07-17 04:48:17 +0000
DC-Task: source:coinor-flopc++ version:1.0.6-3.1 architecture:any chroot:unstable esttime:106 logfile:/tmp/coinor-flopc++_1.0.6-3.1_unstable_clang.log modes:binary-only:clang
DC-Sbuild-call: su user -c 'sbuild -n --apt-update -d unstable -v  --chroot-setup-commands=/tmp/switch-to-clang --append-to-version "clang1" --maintainer "Lucas Nussbaum <lucas@debian.org>" --uploader "Lucas Nussbaum <lucas@debian.org>" coinor-flopc++_1.0.6-3.1'
sbuild (Debian sbuild) 0.63.2 (18 Aug 2012) on ip-10-232-49-236.ec2.internal

╔══════════════════════════════════════════════════════════════════════════════╗
║ coinor-flopc++ 1.0.6-3.1clang1 (amd64)                     17 Jul 2013 04:48 ║
╚══════════════════════════════════════════════════════════════════════════════╝

Package: coinor-flopc++
Version: 1.0.6-3.1clang1
Source Version: 1.0.6-3.1
Distribution: unstable
Machine Architecture: amd64
Host Architecture: amd64
Build Architecture: amd64

I: NOTICE: Log filtering will replace 'build/coinor-flopc++-DL_kcm/coinor-flopc++-1.0.6' with '«PKGBUILDDIR»'
I: NOTICE: Log filtering will replace 'build/coinor-flopc++-DL_kcm' with '«BUILDDIR»'
I: NOTICE: Log filtering will replace 'var/lib/schroot/mount/unstable-amd64-sbuild-7ea04e64-77bd-4862-8c17-49c584545afc' with '«CHROOT»'

┌──────────────────────────────────────────────────────────────────────────────┐
│ Update chroot                                                                │
└──────────────────────────────────────────────────────────────────────────────┘

Get:1 http://localhost:9999 unstable InRelease [204 kB]
Get:2 http://localhost:9999 unstable/main Sources/DiffIndex [7876 B]
Get:3 http://localhost:9999 unstable/main amd64 Packages/DiffIndex [7876 B]
Get:4 http://localhost:9999 unstable/main Translation-en/DiffIndex [7876 B]
Get:5 http://localhost:9999 unstable/main 2013-07-13-2032.15.pdiff [23.1 kB]
Get:6 http://localhost:9999 unstable/main amd64 2013-07-13-2032.15.pdiff [16.9 kB]
Get:7 http://localhost:9999 unstable/main 2013-07-13-2032.15.pdiff [23.1 kB]
Get:8 http://localhost:9999 unstable/main 2013-07-13-2032.15.pdiff [1809 B]
Get:9 http://localhost:9999 unstable/main amd64 2013-07-13-2032.15.pdiff [16.9 kB]
Get:10 http://localhost:9999 unstable/main 2013-07-14-0231.07.pdiff [12.9 kB]
Get:11 http://localhost:9999 unstable/main 2013-07-13-2032.15.pdiff [1809 B]
Get:12 http://localhost:9999 unstable/main amd64 2013-07-14-0231.07.pdiff [14.9 kB]
Get:13 http://localhost:9999 unstable/main 2013-07-14-0231.07.pdiff [12.9 kB]
Get:14 http://localhost:9999 unstable/main 2013-07-14-0231.07.pdiff [1384 B]
Get:15 http://localhost:9999 unstable/main amd64 2013-07-14-0231.07.pdiff [14.9 kB]
Get:16 http://localhost:9999 unstable/main 2013-07-14-0832.16.pdiff [4670 B]
Get:17 http://localhost:9999 unstable/main 2013-07-14-0231.07.pdiff [1384 B]
Get:18 http://localhost:9999 unstable/main amd64 2013-07-14-0832.16.pdiff [1624 B]
Get:19 http://localhost:9999 unstable/main 2013-07-14-0832.16.pdiff [4670 B]
Get:20 http://localhost:9999 unstable/main 2013-07-14-0832.16.pdiff [337 B]
Get:21 http://localhost:9999 unstable/main amd64 2013-07-14-0832.16.pdiff [1624 B]
Get:22 http://localhost:9999 unstable/main 2013-07-14-1431.18.pdiff [11.4 kB]
Get:23 http://localhost:9999 unstable/main 2013-07-14-0832.16.pdiff [337 B]
Get:24 http://localhost:9999 unstable/main amd64 2013-07-14-1431.18.pdiff [8223 B]
Get:25 http://localhost:9999 unstable/main 2013-07-14-1431.18.pdiff [11.4 kB]
Get:26 http://localhost:9999 unstable/main 2013-07-14-1431.18.pdiff [887 B]
Get:27 http://localhost:9999 unstable/main amd64 2013-07-14-1431.18.pdiff [8223 B]
Get:28 http://localhost:9999 unstable/main 2013-07-14-2031.21.pdiff [9038 B]
Get:29 http://localhost:9999 unstable/main 2013-07-14-1431.18.pdiff [887 B]
Get:30 http://localhost:9999 unstable/main amd64 2013-07-14-2031.21.pdiff [9955 B]
Get:31 http://localhost:9999 unstable/main 2013-07-14-2031.21.pdiff [9038 B]
Get:32 http://localhost:9999 unstable/main 2013-07-14-2031.21.pdiff [2736 B]
Get:33 http://localhost:9999 unstable/main amd64 2013-07-14-2031.21.pdiff [9955 B]
Get:34 http://localhost:9999 unstable/main 2013-07-15-0229.01.pdiff [9715 B]
Get:35 http://localhost:9999 unstable/main 2013-07-14-2031.21.pdiff [2736 B]
Get:36 http://localhost:9999 unstable/main amd64 2013-07-15-0229.01.pdiff [12.7 kB]
Get:37 http://localhost:9999 unstable/main 2013-07-15-0229.01.pdiff [9715 B]
Get:38 http://localhost:9999 unstable/main 2013-07-15-0229.01.pdiff [2239 B]
Get:39 http://localhost:9999 unstable/main amd64 2013-07-15-0229.01.pdiff [12.7 kB]
Get:40 http://localhost:9999 unstable/main 2013-07-15-0830.19.pdiff [3273 B]
Get:41 http://localhost:9999 unstable/main 2013-07-15-0229.01.pdiff [2239 B]
Get:42 http://localhost:9999 unstable/main amd64 2013-07-15-0830.19.pdiff [3964 B]
Get:43 http://localhost:9999 unstable/main 2013-07-15-0830.19.pdiff [3273 B]
Get:44 http://localhost:9999 unstable/main 2013-07-15-0830.19.pdiff [1357 B]
Get:45 http://localhost:9999 unstable/main amd64 2013-07-15-0830.19.pdiff [3964 B]
Get:46 http://localhost:9999 unstable/main 2013-07-15-1432.36.pdiff [5326 B]
Get:47 http://localhost:9999 unstable/main 2013-07-15-0830.19.pdiff [1357 B]
Get:48 http://localhost:9999 unstable/main amd64 2013-07-15-1432.36.pdiff [9809 B]
Get:49 http://localhost:9999 unstable/main 2013-07-15-1432.36.pdiff [5326 B]
Get:50 http://localhost:9999 unstable/main 2013-07-15-1432.36.pdiff [322 B]
Get:51 http://localhost:9999 unstable/main amd64 2013-07-15-1432.36.pdiff [9809 B]
Get:52 http://localhost:9999 unstable/main 2013-07-15-2031.50.pdiff [12.2 kB]
Get:53 http://localhost:9999 unstable/main 2013-07-15-1432.36.pdiff [322 B]
Get:54 http://localhost:9999 unstable/main amd64 2013-07-15-2031.50.pdiff [24.4 kB]
Get:55 http://localhost:9999 unstable/main 2013-07-15-2031.50.pdiff [12.2 kB]
Get:56 http://localhost:9999 unstable/main 2013-07-15-2031.50.pdiff [537 B]
Get:57 http://localhost:9999 unstable/main amd64 2013-07-15-2031.50.pdiff [24.4 kB]
Get:58 http://localhost:9999 unstable/main 2013-07-16-0233.12.pdiff [14.8 kB]
Get:59 http://localhost:9999 unstable/main 2013-07-15-2031.50.pdiff [537 B]
Get:60 http://localhost:9999 unstable/main amd64 2013-07-16-0233.12.pdiff [49.5 kB]
Get:61 http://localhost:9999 unstable/main 2013-07-16-0233.12.pdiff [14.8 kB]
Get:62 http://localhost:9999 unstable/main 2013-07-16-0233.12.pdiff [3247 B]
Get:63 http://localhost:9999 unstable/main amd64 2013-07-16-0233.12.pdiff [49.5 kB]
Get:64 http://localhost:9999 unstable/main 2013-07-16-0834.41.pdiff [7447 B]
Get:65 http://localhost:9999 unstable/main 2013-07-16-0233.12.pdiff [3247 B]
Get:66 http://localhost:9999 unstable/main amd64 2013-07-16-0834.41.pdiff [4493 B]
Get:67 http://localhost:9999 unstable/main 2013-07-16-0834.41.pdiff [7447 B]
Get:68 http://localhost:9999 unstable/main 2013-07-16-0834.41.pdiff [5852 B]
Get:69 http://localhost:9999 unstable/main amd64 2013-07-16-0834.41.pdiff [4493 B]
Get:70 http://localhost:9999 unstable/main 2013-07-16-1433.54.pdiff [21.2 kB]
Get:71 http://localhost:9999 unstable/main 2013-07-16-0834.41.pdiff [5852 B]
Get:72 http://localhost:9999 unstable/main amd64 2013-07-16-1433.54.pdiff [19.3 kB]
Get:73 http://localhost:9999 unstable/main 2013-07-16-1433.54.pdiff [21.2 kB]
Get:74 http://localhost:9999 unstable/main 2013-07-16-1433.54.pdiff [1941 B]
Get:75 http://localhost:9999 unstable/main amd64 2013-07-16-1433.54.pdiff [19.3 kB]
Get:76 http://localhost:9999 unstable/main 2013-07-16-2046.09.pdiff [19.4 kB]
Get:77 http://localhost:9999 unstable/main 2013-07-16-1433.54.pdiff [1941 B]
Get:78 http://localhost:9999 unstable/main amd64 2013-07-16-2046.09.pdiff [18.4 kB]
Get:79 http://localhost:9999 unstable/main 2013-07-16-2046.09.pdiff [19.4 kB]
Get:80 http://localhost:9999 unstable/main 2013-07-16-2046.09.pdiff [465 B]
Get:81 http://localhost:9999 unstable/main amd64 2013-07-16-2046.09.pdiff [18.4 kB]
Get:82 http://localhost:9999 unstable/main 2013-07-16-2046.09.pdiff [465 B]
Fetched 600 kB in 48s (12.3 kB/s)
Reading package lists...
Reading package lists...
Building dependency tree...
Reading state information...
The following packages will be upgraded:
  cpp-4.7 gcc-4.7 gcc-4.7-base initscripts libgcc-4.7-dev sysv-rc sysvinit
  sysvinit-utils
8 upgraded, 0 newly installed, 0 to remove and 0 not upgraded.
Need to get 14.2 MB of archives.
After this operation, 18.4 kB disk space will be freed.
Get:1 http://localhost:9999/debian/ unstable/main sysvinit amd64 2.88dsf-42 [134 kB]
Get:2 http://localhost:9999/debian/ unstable/main sysv-rc all 2.88dsf-42 [80.4 kB]
Get:3 http://localhost:9999/debian/ unstable/main sysvinit-utils amd64 2.88dsf-42 [103 kB]
Get:4 http://localhost:9999/debian/ unstable/main initscripts amd64 2.88dsf-42 [87.1 kB]
Get:5 http://localhost:9999/debian/ unstable/main gcc-4.7 amd64 4.7.3-6 [5819 kB]
Get:6 http://localhost:9999/debian/ unstable/main cpp-4.7 amd64 4.7.3-6 [5385 kB]
Get:7 http://localhost:9999/debian/ unstable/main libgcc-4.7-dev amd64 4.7.3-6 [2465 kB]
Get:8 http://localhost:9999/debian/ unstable/main gcc-4.7-base amd64 4.7.3-6 [149 kB]
debconf: delaying package configuration, since apt-utils is not installed
Fetched 14.2 MB in 0s (23.4 MB/s)
(Reading database ... 13844 files and directories currently installed.)
Preparing to replace sysvinit 2.88dsf-41 (using .../sysvinit_2.88dsf-42_amd64.deb) ...
Unpacking replacement sysvinit ...
Setting up sysvinit (2.88dsf-42) ...
Not restarting sysvinit
(Reading database ... 13844 files and directories currently installed.)
Preparing to replace sysv-rc 2.88dsf-41 (using .../sysv-rc_2.88dsf-42_all.deb) ...
Unpacking replacement sysv-rc ...
Preparing to replace sysvinit-utils 2.88dsf-41 (using .../sysvinit-utils_2.88dsf-42_amd64.deb) ...
Unpacking replacement sysvinit-utils ...
Setting up sysvinit-utils (2.88dsf-42) ...
Setting up sysv-rc (2.88dsf-42) ...
(Reading database ... 13844 files and directories currently installed.)
Preparing to replace initscripts 2.88dsf-41 (using .../initscripts_2.88dsf-42_amd64.deb) ...
Removing unmodified and obsolete conffile /etc/init.d/mtab.sh ...
Unpacking replacement initscripts ...
Setting up initscripts (2.88dsf-42) ...
Installing new version of config file /etc/init.d/bootmisc.sh ...
Installing new version of config file /etc/init.d/checkfs.sh ...
Installing new version of config file /etc/init.d/checkroot.sh ...
Installing new version of config file /etc/init.d/checkroot-bootclean.sh ...
Installing new version of config file /etc/init.d/mountdevsubfs.sh ...
Installing new version of config file /etc/init.d/mountkernfs.sh ...
Installing new version of config file /etc/init.d/rmnologin ...
Installing new version of config file /etc/network/if-up.d/mountnfs ...
(Reading database ... 13843 files and directories currently installed.)
Preparing to replace gcc-4.7 4.7.3-5 (using .../gcc-4.7_4.7.3-6_amd64.deb) ...
Unpacking replacement gcc-4.7 ...
Preparing to replace cpp-4.7 4.7.3-5 (using .../cpp-4.7_4.7.3-6_amd64.deb) ...
Unpacking replacement cpp-4.7 ...
Preparing to replace libgcc-4.7-dev:amd64 4.7.3-5 (using .../libgcc-4.7-dev_4.7.3-6_amd64.deb) ...
Unpacking replacement libgcc-4.7-dev:amd64 ...
Preparing to replace gcc-4.7-base:amd64 4.7.3-5 (using .../gcc-4.7-base_4.7.3-6_amd64.deb) ...
Unpacking replacement gcc-4.7-base:amd64 ...
Setting up gcc-4.7-base:amd64 (4.7.3-6) ...
Setting up cpp-4.7 (4.7.3-6) ...
Setting up libgcc-4.7-dev:amd64 (4.7.3-6) ...
Setting up gcc-4.7 (4.7.3-6) ...

┌──────────────────────────────────────────────────────────────────────────────┐
│ Fetch source files                                                           │
└──────────────────────────────────────────────────────────────────────────────┘


Check APT
─────────

Checking available source versions...

Download source files with APT
──────────────────────────────

Reading package lists...
Building dependency tree...
Reading state information...
NOTICE: 'coinor-flopc++' packaging is maintained in the 'Svn' version control system at:
http://bollin.googlecode.com/svn/coinor-clp/trunk/
Need to get 613 kB of source archives.
Get:1 http://localhost:9999/debian/ unstable/main coinor-flopc++ 1.0.6-3.1 (dsc) [1347 B]
Get:2 http://localhost:9999/debian/ unstable/main coinor-flopc++ 1.0.6-3.1 (tar) [605 kB]
Get:3 http://localhost:9999/debian/ unstable/main coinor-flopc++ 1.0.6-3.1 (diff) [6480 B]
Fetched 613 kB in 0s (2246 kB/s)
Download complete and in download only mode

Check arch
──────────


┌──────────────────────────────────────────────────────────────────────────────┐
│ Chroot Setup Commands                                                        │
└──────────────────────────────────────────────────────────────────────────────┘


/tmp/switch-to-clang
────────────────────

+ echo 'Entering customization script...'
Entering customization script...
+ echo 'Install of clang'
Install of clang
+ apt-get update
Hit http://localhost:9999 unstable InRelease
Hit http://localhost:9999 unstable/main Sources/DiffIndex
Hit http://localhost:9999 unstable/main amd64 Packages/DiffIndex
Hit http://localhost:9999 unstable/main Translation-en/DiffIndex
Reading package lists...
+ apt-get install --yes --no-install-recommends --force-yes clang-3.3
Reading package lists...
Building dependency tree...
Reading state information...
The following extra packages will be installed:
  libclang-common-3.3-dev libclang1-3.3 libffi6 libllvm3.3 libobjc-4.7-dev
  libobjc4 libstdc++6-4.7-dev
Suggested packages:
  libstdc++6-4.7-doc
Recommended packages:
  llvm-3.3-dev python
The following NEW packages will be installed:
  clang-3.3 libclang-common-3.3-dev libclang1-3.3 libffi6 libllvm3.3
  libobjc-4.7-dev libobjc4 libstdc++6-4.7-dev
0 upgraded, 8 newly installed, 0 to remove and 0 not upgraded.
Need to get 27.2 MB of archives.
After this operation, 80.8 MB of additional disk space will be used.
Get:1 http://localhost:9999/debian/ unstable/main libffi6 amd64 3.0.13-4 [21.6 kB]
Get:2 http://localhost:9999/debian/ unstable/main libllvm3.3 amd64 1:3.3-3 [8575 kB]
Get:3 http://localhost:9999/debian/ unstable/main libobjc4 amd64 4.8.1-6 [160 kB]
Get:4 http://localhost:9999/debian/ unstable/main libstdc++6-4.7-dev amd64 4.7.3-6 [1694 kB]
Get:5 http://localhost:9999/debian/ unstable/main libobjc-4.7-dev amd64 4.7.3-6 [719 kB]
Get:6 http://localhost:9999/debian/ unstable/main libclang-common-3.3-dev amd64 1:3.3-3 [574 kB]
Get:7 http://localhost:9999/debian/ unstable/main libclang1-3.3 amd64 1:3.3-3 [4579 kB]
Get:8 http://localhost:9999/debian/ unstable/main clang-3.3 amd64 1:3.3-3 [10.9 MB]
debconf: delaying package configuration, since apt-utils is not installed
Fetched 27.2 MB in 1s (25.6 MB/s)
Selecting previously unselected package libffi6:amd64.
(Reading database ... 13843 files and directories currently installed.)
Unpacking libffi6:amd64 (from .../libffi6_3.0.13-4_amd64.deb) ...
Selecting previously unselected package libllvm3.3:amd64.
Unpacking libllvm3.3:amd64 (from .../libllvm3.3_1%3a3.3-3_amd64.deb) ...
Selecting previously unselected package libobjc4:amd64.
Unpacking libobjc4:amd64 (from .../libobjc4_4.8.1-6_amd64.deb) ...
Selecting previously unselected package libstdc++6-4.7-dev:amd64.
Unpacking libstdc++6-4.7-dev:amd64 (from .../libstdc++6-4.7-dev_4.7.3-6_amd64.deb) ...
Selecting previously unselected package libobjc-4.7-dev:amd64.
Unpacking libobjc-4.7-dev:amd64 (from .../libobjc-4.7-dev_4.7.3-6_amd64.deb) ...
Selecting previously unselected package libclang-common-3.3-dev.
Unpacking libclang-common-3.3-dev (from .../libclang-common-3.3-dev_1%3a3.3-3_amd64.deb) ...
Selecting previously unselected package libclang1-3.3.
Unpacking libclang1-3.3 (from .../libclang1-3.3_1%3a3.3-3_amd64.deb) ...
Selecting previously unselected package clang-3.3.
Unpacking clang-3.3 (from .../clang-3.3_1%3a3.3-3_amd64.deb) ...
Setting up libffi6:amd64 (3.0.13-4) ...
Setting up libllvm3.3:amd64 (1:3.3-3) ...
Setting up libobjc4:amd64 (4.8.1-6) ...
Setting up libstdc++6-4.7-dev:amd64 (4.7.3-6) ...
Setting up libobjc-4.7-dev:amd64 (4.7.3-6) ...
Setting up libclang-common-3.3-dev (1:3.3-3) ...
Setting up libclang1-3.3 (1:3.3-3) ...
Setting up clang-3.3 (1:3.3-3) ...
Processing triggers for libc-bin ...
+ echo 'Replace gcc, g++ & cpp by clang'
Replace gcc, g++ & cpp by clang
+ VERSIONS='4.6 4.7 4.8'
+ cd /usr/bin
+ for VERSION in '$VERSIONS'
+ rm -f g++-4.6 gcc-4.6 cpp-4.6
+ ln -s clang++ g++-4.6
+ ln -s clang gcc-4.6
+ ln -s clang cpp-4.6
+ for VERSION in '$VERSIONS'
+ rm -f g++-4.7 gcc-4.7 cpp-4.7
+ ln -s clang++ g++-4.7
+ ln -s clang gcc-4.7
+ ln -s clang cpp-4.7
+ for VERSION in '$VERSIONS'
+ rm -f g++-4.8 gcc-4.8 cpp-4.8
+ ln -s clang++ g++-4.8
+ ln -s clang gcc-4.8
+ ln -s clang cpp-4.8
+ cd -
/build/coinor-flopc++-DL_kcm
+ echo 'Block the installation of new gcc version'
Block the installation of new gcc version
+ dpkg --set-selections
+ echo 'gcc-4.6 hold'
+ dpkg --set-selections
+ echo 'cpp-4.6 hold'
+ dpkg --set-selections
+ echo 'g++-4.6 hold'
+ dpkg --set-selections
+ echo 'gcc-4.7 hold'
+ dpkg --set-selections
+ echo 'cpp-4.7 hold'
+ dpkg --set-selections
+ echo 'g++-4.7 hold'
+ dpkg --set-selections
+ echo 'gcc-4.8 hold'
+ dpkg --set-selections
+ echo 'cpp-4.8 hold'
+ dpkg --set-selections
+ echo 'g++-4.8 hold'
+ echo 'Check if gcc, g++ & cpp are actually clang'
Check if gcc, g++ & cpp are actually clang
+ grep clang
+ gcc --version
+ grep clang
+ cpp --version
+ grep clang
+ g++ --version

I: Finished running '/tmp/switch-to-clang'.

Finished processing commands.
────────────────────────────────────────────────────────────────────────────────
Merged Build-Depends: build-essential, fakeroot
Filtered Build-Depends: build-essential, fakeroot
dpkg-deb: building package `sbuild-build-depends-core-dummy' in `/build/coinor-flopc++-DL_kcm/resolver-Wizzg3/apt_archive/sbuild-build-depends-core-dummy.deb'.
OK
Reading package lists...

┌──────────────────────────────────────────────────────────────────────────────┐
│ Install core build dependencies (apt-based resolver)                         │
└──────────────────────────────────────────────────────────────────────────────┘

Installing build dependencies
Reading package lists...
Building dependency tree...
Reading state information...
The following NEW packages will be installed:
  sbuild-build-depends-core-dummy
debconf: delaying package configuration, since apt-utils is not installed
0 upgraded, 1 newly installed, 0 to remove and 0 not upgraded.
Need to get 0 B/710 B of archives.
After this operation, 0 B of additional disk space will be used.
Selecting previously unselected package sbuild-build-depends-core-dummy.
(Reading database ... 14698 files and directories currently installed.)
Unpacking sbuild-build-depends-core-dummy (from .../sbuild-build-depends-core-dummy.deb) ...
Setting up sbuild-build-depends-core-dummy (0.invalid.0) ...
Merged Build-Depends: base-files, base-passwd, bash, bsdutils, coreutils, dash, debianutils, diffutils, dpkg, e2fsprogs, findutils, grep, gzip, hostname, libc-bin, login, mount, ncurses-base, ncurses-bin, perl-base, sed, sysvinit, sysvinit-utils, tar, util-linux, libc6-dev | libc-dev, gcc (>= 4:4.4.3), g++ (>= 4:4.4.3), make, dpkg-dev (>= 1.13.5), cdbs, debhelper (>= 5), doxygen, graphviz, coinor-libcoinutils-dev (>= 2.6.0-2), coinor-libosi-dev (>= 0.102.1)
Filtered Build-Depends: base-files, base-passwd, bash, bsdutils, coreutils, dash, debianutils, diffutils, dpkg, e2fsprogs, findutils, grep, gzip, hostname, libc-bin, login, mount, ncurses-base, ncurses-bin, perl-base, sed, sysvinit, sysvinit-utils, tar, util-linux, libc6-dev, gcc (>= 4:4.4.3), g++ (>= 4:4.4.3), make, dpkg-dev (>= 1.13.5), cdbs, debhelper (>= 5), doxygen, graphviz, coinor-libcoinutils-dev (>= 2.6.0-2), coinor-libosi-dev (>= 0.102.1)
dpkg-deb: building package `sbuild-build-depends-coinor-flopc++-dummy' in `/build/coinor-flopc++-DL_kcm/resolver-3F_iFa/apt_archive/sbuild-build-depends-coinor-flopc++-dummy.deb'.
OK
Reading package lists...

┌──────────────────────────────────────────────────────────────────────────────┐
│ Install coinor-flopc++ build dependencies (apt-based resolver)               │
└──────────────────────────────────────────────────────────────────────────────┘

Installing build dependencies
Reading package lists...
Building dependency tree...
Reading state information...
The following extra packages will be installed:
  bsdmainutils cdbs coinor-libclp0 coinor-libcoinutils-dev
  coinor-libcoinutils0 coinor-libdylp0 coinor-libosi-dev coinor-libosi0
  coinor-libvol0 debhelper doxygen file fontconfig fontconfig-config
  fonts-dejavu-core gettext gettext-base graphviz groff-base intltool-debian
  libasprintf0c2 libatlas3-base libatlas3gf-base libcairo2 libcdt4 libcgraph5
  libcroco3 libdatrie1 libdrm2 libegl1-mesa libexpat1 libfontconfig1
  libfreetype6 libgbm1 libgd3 libgfortran3 libgl1-mesa-glx libglapi-mesa
  libglib2.0-0 libgraph4 libgraphite2-3 libgvc5 libgvpr1 libharfbuzz0a libice6
  libjbig0 libjpeg8 libllvm3.2 libltdl7 libmagic1 libpango-1.0-0
  libpangocairo-1.0-0 libpangoft2-1.0-0 libpathplan4 libpipeline1
  libpixman-1-0 libpng12-0 libsm6 libthai-data libthai0 libtiff4 libudev0
  libunistring0 libvpx1 libwayland-client0 libwayland-server0 libx11-6
  libx11-data libx11-xcb1 libxau6 libxaw7 libxcb-dri2-0 libxcb-glx0
  libxcb-render0 libxcb-shape0 libxcb-shm0 libxcb-xfixes0 libxcb1 libxdamage1
  libxdmcp6 libxdot4 libxext6 libxfixes3 libxml2 libxmu6 libxpm4 libxrender1
  libxt6 libxxf86vm1 man-db po-debconf ttf-dejavu-core x11-common
Suggested packages:
  wamerican wordlist whois vacation devscripts dh-make doxygen-doc doxygen-gui
  gettext-doc gsfonts graphviz-doc groff liblapack3 libgd-tools ttf-baekmuk
  ttf-arphic-gbsn00lp ttf-arphic-bsmi00lp ttf-arphic-gkai00mp
  ttf-arphic-bkai00mp less www-browser libmail-box-perl
Recommended packages:
  autotools-dev doxygen-latex curl wget lynx-cur autopoint libasprintf-dev
  libgettextpo-dev ttf-liberation libegl1-mesa-drivers libgl1-mesa-dri
  libglib2.0-data shared-mime-info xml-core libmail-sendmail-perl
The following NEW packages will be installed:
  bsdmainutils cdbs coinor-libclp0 coinor-libcoinutils-dev
  coinor-libcoinutils0 coinor-libdylp0 coinor-libosi-dev coinor-libosi0
  coinor-libvol0 debhelper doxygen file fontconfig fontconfig-config
  fonts-dejavu-core gettext gettext-base graphviz groff-base intltool-debian
  libasprintf0c2 libatlas3-base libatlas3gf-base libcairo2 libcdt4 libcgraph5
  libcroco3 libdatrie1 libdrm2 libegl1-mesa libexpat1 libfontconfig1
  libfreetype6 libgbm1 libgd3 libgfortran3 libgl1-mesa-glx libglapi-mesa
  libglib2.0-0 libgraph4 libgraphite2-3 libgvc5 libgvpr1 libharfbuzz0a libice6
  libjbig0 libjpeg8 libllvm3.2 libltdl7 libmagic1 libpango-1.0-0
  libpangocairo-1.0-0 libpangoft2-1.0-0 libpathplan4 libpipeline1
  libpixman-1-0 libpng12-0 libsm6 libthai-data libthai0 libtiff4 libudev0
  libunistring0 libvpx1 libwayland-client0 libwayland-server0 libx11-6
  libx11-data libx11-xcb1 libxau6 libxaw7 libxcb-dri2-0 libxcb-glx0
  libxcb-render0 libxcb-shape0 libxcb-shm0 libxcb-xfixes0 libxcb1 libxdamage1
  libxdmcp6 libxdot4 libxext6 libxfixes3 libxml2 libxmu6 libxpm4 libxrender1
  libxt6 libxxf86vm1 man-db po-debconf
  sbuild-build-depends-coinor-flopc++-dummy ttf-dejavu-core x11-common
0 upgraded, 94 newly installed, 0 to remove and 0 not upgraded.
Need to get 43.1 MB/43.1 MB of archives.
After this operation, 116 MB of additional disk space will be used.
Get:1 http://localhost:9999/debian/ unstable/main libpipeline1 amd64 1.2.4-1 [41.0 kB]
Get:2 http://localhost:9999/debian/ unstable/main libudev0 amd64 175-7.2 [126 kB]
Get:3 http://localhost:9999/debian/ unstable/main groff-base amd64 1.22.2-3 [747 kB]
Get:4 http://localhost:9999/debian/ unstable/main bsdmainutils amd64 9.0.5 [211 kB]
Get:5 http://localhost:9999/debian/ unstable/main man-db amd64 2.6.5-2 [976 kB]
Get:6 http://localhost:9999/debian/ unstable/main libasprintf0c2 amd64 0.18.3-1 [29.6 kB]
Get:7 http://localhost:9999/debian/ unstable/main libmagic1 amd64 1:5.14-2 [216 kB]
Get:8 http://localhost:9999/debian/ unstable/main libxml2 amd64 2.9.1+dfsg1-2 [911 kB]
Get:9 http://localhost:9999/debian/ unstable/main libdrm2 amd64 2.4.45-3 [468 kB]
Get:10 http://localhost:9999/debian/ unstable/main libglapi-mesa amd64 9.1.4-1 [49.2 kB]
Get:11 http://localhost:9999/debian/ unstable/main libllvm3.2 amd64 1:3.2repack-10 [8040 kB]
Get:12 http://localhost:9999/debian/ unstable/main libxau6 amd64 1:1.0.8-1 [20.7 kB]
Get:13 http://localhost:9999/debian/ unstable/main libxdmcp6 amd64 1:1.1.1-1 [26.3 kB]
Get:14 http://localhost:9999/debian/ unstable/main libxcb1 amd64 1.9.1-3 [50.3 kB]
Get:15 http://localhost:9999/debian/ unstable/main libxcb-dri2-0 amd64 1.9.1-3 [12.9 kB]
Get:16 http://localhost:9999/debian/ unstable/main libgbm1 amd64 9.1.4-1 [469 kB]
Get:17 http://localhost:9999/debian/ unstable/main libwayland-client0 amd64 1.1.0-2 [23.0 kB]
Get:18 http://localhost:9999/debian/ unstable/main libwayland-server0 amd64 1.1.0-2 [33.0 kB]
Get:19 http://localhost:9999/debian/ unstable/main libx11-data all 2:1.6.0-1 [191 kB]
Get:20 http://localhost:9999/debian/ unstable/main libx11-6 amd64 2:1.6.0-1 [919 kB]
Get:21 http://localhost:9999/debian/ unstable/main libx11-xcb1 amd64 2:1.6.0-1 [153 kB]
Get:22 http://localhost:9999/debian/ unstable/main libxcb-render0 amd64 1.9.1-3 [19.0 kB]
Get:23 http://localhost:9999/debian/ unstable/main libxcb-shape0 amd64 1.9.1-3 [11.5 kB]
Get:24 http://localhost:9999/debian/ unstable/main libxcb-xfixes0 amd64 1.9.1-3 [14.9 kB]
Get:25 http://localhost:9999/debian/ unstable/main libegl1-mesa amd64 9.1.4-1 [83.7 kB]
Get:26 http://localhost:9999/debian/ unstable/main libexpat1 amd64 2.1.0-4 [138 kB]
Get:27 http://localhost:9999/debian/ unstable/main libfreetype6 amd64 2.4.9-1.1 [451 kB]
Get:28 http://localhost:9999/debian/ unstable/main fonts-dejavu-core all 2.33+svn2514-3 [1042 kB]
Get:29 http://localhost:9999/debian/ unstable/main ttf-dejavu-core all 2.33+svn2514-3 [29.8 kB]
Get:30 http://localhost:9999/debian/ unstable/main fontconfig-config all 2.10.2-2 [251 kB]
Get:31 http://localhost:9999/debian/ unstable/main libfontconfig1 amd64 2.10.2-2 [319 kB]
Get:32 http://localhost:9999/debian/ unstable/main libxcb-glx0 amd64 1.9.1-3 [32.5 kB]
Get:33 http://localhost:9999/debian/ unstable/main libxfixes3 amd64 1:5.0.1-1 [22.5 kB]
Get:34 http://localhost:9999/debian/ unstable/main libxdamage1 amd64 1:1.1.4-1 [15.1 kB]
Get:35 http://localhost:9999/debian/ unstable/main libxext6 amd64 2:1.3.2-1 [56.5 kB]
Get:36 http://localhost:9999/debian/ unstable/main libxxf86vm1 amd64 1:1.1.2-1+deb7u1 [19.5 kB]
Get:37 http://localhost:9999/debian/ unstable/main libgl1-mesa-glx amd64 9.1.4-1 [133 kB]
Get:38 http://localhost:9999/debian/ unstable/main libpixman-1-0 amd64 0.26.0-4 [427 kB]
Get:39 http://localhost:9999/debian/ unstable/main libpng12-0 amd64 1.2.49-4 [190 kB]
Get:40 http://localhost:9999/debian/ unstable/main libxcb-shm0 amd64 1.9.1-3 [10.8 kB]
Get:41 http://localhost:9999/debian/ unstable/main libxrender1 amd64 1:0.9.8-1 [33.5 kB]
Get:42 http://localhost:9999/debian/ unstable/main libcairo2 amd64 1.12.14-5 [1044 kB]
Get:43 http://localhost:9999/debian/ unstable/main libglib2.0-0 amd64 2.36.3-3 [2048 kB]
Get:44 http://localhost:9999/debian/ unstable/main libcroco3 amd64 0.6.8-2 [133 kB]
Get:45 http://localhost:9999/debian/ unstable/main libdatrie1 amd64 0.2.6-2 [30.2 kB]
Get:46 http://localhost:9999/debian/ unstable/main libjpeg8 amd64 8d-1 [134 kB]
Get:47 http://localhost:9999/debian/ unstable/main libjbig0 amd64 2.0-2 [32.2 kB]
Get:48 http://localhost:9999/debian/ unstable/main libtiff4 amd64 3.9.7-1 [205 kB]
Get:49 http://localhost:9999/debian/ unstable/main libvpx1 amd64 1.2.0-2 [298 kB]
Get:50 http://localhost:9999/debian/ unstable/main libxpm4 amd64 1:3.5.10-1 [49.4 kB]
Get:51 http://localhost:9999/debian/ unstable/main libgd3 amd64 2.1.0-2 [171 kB]
Get:52 http://localhost:9999/debian/ unstable/main libgfortran3 amd64 4.8.1-6 [345 kB]
Get:53 http://localhost:9999/debian/ unstable/main libgraphite2-3 amd64 1.2.3-1 [61.3 kB]
Get:54 http://localhost:9999/debian/ unstable/main libharfbuzz0a amd64 0.9.18-3 [412 kB]
Get:55 http://localhost:9999/debian/ unstable/main x11-common all 1:7.7+3 [284 kB]
Get:56 http://localhost:9999/debian/ unstable/main libice6 amd64 2:1.0.8-2 [63.1 kB]
Get:57 http://localhost:9999/debian/ unstable/main libltdl7 amd64 2.4.2-1.3 [352 kB]
Get:58 http://localhost:9999/debian/ unstable/main libthai-data all 0.1.19-2 [156 kB]
Get:59 http://localhost:9999/debian/ unstable/main libthai0 amd64 0.1.19-2 [43.1 kB]
Get:60 http://localhost:9999/debian/ unstable/main fontconfig amd64 2.10.2-2 [375 kB]
Get:61 http://localhost:9999/debian/ unstable/main libpango-1.0-0 amd64 1.32.5-5+b1 [263 kB]
Get:62 http://localhost:9999/debian/ unstable/main libpangoft2-1.0-0 amd64 1.32.5-5+b1 [187 kB]
Get:63 http://localhost:9999/debian/ unstable/main libpangocairo-1.0-0 amd64 1.32.5-5+b1 [174 kB]
Get:64 http://localhost:9999/debian/ unstable/main libsm6 amd64 2:1.2.1-2 [34.2 kB]
Get:65 http://localhost:9999/debian/ unstable/main libunistring0 amd64 0.9.3-5 [434 kB]
Get:66 http://localhost:9999/debian/ unstable/main libxt6 amd64 1:1.1.3-1+deb7u1 [212 kB]
Get:67 http://localhost:9999/debian/ unstable/main libxmu6 amd64 2:1.1.1-1 [66.6 kB]
Get:68 http://localhost:9999/debian/ unstable/main libxaw7 amd64 2:1.0.11-1 [228 kB]
Get:69 http://localhost:9999/debian/ unstable/main file amd64 1:5.14-2 [54.0 kB]
Get:70 http://localhost:9999/debian/ unstable/main gettext-base amd64 0.18.3-1 [161 kB]
Get:71 http://localhost:9999/debian/ unstable/main cdbs all 0.4.122 [81.4 kB]
Get:72 http://localhost:9999/debian/ unstable/main gettext amd64 0.18.3-1 [1898 kB]
Get:73 http://localhost:9999/debian/ unstable/main intltool-debian all 0.35.0+20060710.1 [30.8 kB]
Get:74 http://localhost:9999/debian/ unstable/main po-debconf all 1.0.16+nmu2 [224 kB]
Get:75 http://localhost:9999/debian/ unstable/main debhelper all 9.20130630 [710 kB]
Get:76 http://localhost:9999/debian/ unstable/main doxygen amd64 1.8.4-1 [2740 kB]
Get:77 http://localhost:9999/debian/ unstable/main libcdt4 amd64 2.26.3-15 [59.4 kB]
Get:78 http://localhost:9999/debian/ unstable/main libcgraph5 amd64 2.26.3-15 [86.5 kB]
Get:79 http://localhost:9999/debian/ unstable/main libgraph4 amd64 2.26.3-15 [73.4 kB]
Get:80 http://localhost:9999/debian/ unstable/main libpathplan4 amd64 2.26.3-15 [64.6 kB]
Get:81 http://localhost:9999/debian/ unstable/main libxdot4 amd64 2.26.3-15 [54.0 kB]
Get:82 http://localhost:9999/debian/ unstable/main libgvc5 amd64 2.26.3-15 [537 kB]
Get:83 http://localhost:9999/debian/ unstable/main libgvpr1 amd64 2.26.3-15 [243 kB]
Get:84 http://localhost:9999/debian/ unstable/main graphviz amd64 2.26.3-15 [370 kB]
Get:85 http://localhost:9999/debian/ unstable/main libatlas3-base amd64 3.8.4-9.1 [7355 kB]
Get:86 http://localhost:9999/debian/ unstable/main libatlas3gf-base all 3.8.4-9.1 [34.2 kB]
Get:87 http://localhost:9999/debian/ unstable/main coinor-libcoinutils0 amd64 2.6.4-3 [570 kB]
Get:88 http://localhost:9999/debian/ unstable/main coinor-libclp0 amd64 1.12.0-2.1 [874 kB]
Get:89 http://localhost:9999/debian/ unstable/main coinor-libcoinutils-dev amd64 2.6.4-3 [900 kB]
Get:90 http://localhost:9999/debian/ unstable/main coinor-libdylp0 amd64 1.6.0-1.1 [230 kB]
Get:91 http://localhost:9999/debian/ unstable/main coinor-libvol0 amd64 1.1.7-1 [17.8 kB]
Get:92 http://localhost:9999/debian/ unstable/main coinor-libosi0 amd64 0.103.0-1 [378 kB]
Get:93 http://localhost:9999/debian/ unstable/main coinor-libosi-dev amd64 0.103.0-1 [500 kB]
debconf: delaying package configuration, since apt-utils is not installed
Fetched 43.1 MB in 2s (14.6 MB/s)
Selecting previously unselected package libpipeline1:amd64.
(Reading database ... 14698 files and directories currently installed.)
Unpacking libpipeline1:amd64 (from .../libpipeline1_1.2.4-1_amd64.deb) ...
Selecting previously unselected package libudev0:amd64.
Unpacking libudev0:amd64 (from .../libudev0_175-7.2_amd64.deb) ...
Selecting previously unselected package groff-base.
Unpacking groff-base (from .../groff-base_1.22.2-3_amd64.deb) ...
Selecting previously unselected package bsdmainutils.
Unpacking bsdmainutils (from .../bsdmainutils_9.0.5_amd64.deb) ...
Selecting previously unselected package man-db.
Unpacking man-db (from .../man-db_2.6.5-2_amd64.deb) ...
Selecting previously unselected package libasprintf0c2:amd64.
Unpacking libasprintf0c2:amd64 (from .../libasprintf0c2_0.18.3-1_amd64.deb) ...
Selecting previously unselected package libmagic1:amd64.
Unpacking libmagic1:amd64 (from .../libmagic1_1%3a5.14-2_amd64.deb) ...
Selecting previously unselected package libxml2:amd64.
Unpacking libxml2:amd64 (from .../libxml2_2.9.1+dfsg1-2_amd64.deb) ...
Selecting previously unselected package libdrm2:amd64.
Unpacking libdrm2:amd64 (from .../libdrm2_2.4.45-3_amd64.deb) ...
Selecting previously unselected package libglapi-mesa:amd64.
Unpacking libglapi-mesa:amd64 (from .../libglapi-mesa_9.1.4-1_amd64.deb) ...
Selecting previously unselected package libllvm3.2:amd64.
Unpacking libllvm3.2:amd64 (from .../libllvm3.2_1%3a3.2repack-10_amd64.deb) ...
Selecting previously unselected package libxau6:amd64.
Unpacking libxau6:amd64 (from .../libxau6_1%3a1.0.8-1_amd64.deb) ...
Selecting previously unselected package libxdmcp6:amd64.
Unpacking libxdmcp6:amd64 (from .../libxdmcp6_1%3a1.1.1-1_amd64.deb) ...
Selecting previously unselected package libxcb1:amd64.
Unpacking libxcb1:amd64 (from .../libxcb1_1.9.1-3_amd64.deb) ...
Selecting previously unselected package libxcb-dri2-0:amd64.
Unpacking libxcb-dri2-0:amd64 (from .../libxcb-dri2-0_1.9.1-3_amd64.deb) ...
Selecting previously unselected package libgbm1:amd64.
Unpacking libgbm1:amd64 (from .../libgbm1_9.1.4-1_amd64.deb) ...
Selecting previously unselected package libwayland-client0:amd64.
Unpacking libwayland-client0:amd64 (from .../libwayland-client0_1.1.0-2_amd64.deb) ...
Selecting previously unselected package libwayland-server0:amd64.
Unpacking libwayland-server0:amd64 (from .../libwayland-server0_1.1.0-2_amd64.deb) ...
Selecting previously unselected package libx11-data.
Unpacking libx11-data (from .../libx11-data_2%3a1.6.0-1_all.deb) ...
Selecting previously unselected package libx11-6:amd64.
Unpacking libx11-6:amd64 (from .../libx11-6_2%3a1.6.0-1_amd64.deb) ...
Selecting previously unselected package libx11-xcb1:amd64.
Unpacking libx11-xcb1:amd64 (from .../libx11-xcb1_2%3a1.6.0-1_amd64.deb) ...
Selecting previously unselected package libxcb-render0:amd64.
Unpacking libxcb-render0:amd64 (from .../libxcb-render0_1.9.1-3_amd64.deb) ...
Selecting previously unselected package libxcb-shape0:amd64.
Unpacking libxcb-shape0:amd64 (from .../libxcb-shape0_1.9.1-3_amd64.deb) ...
Selecting previously unselected package libxcb-xfixes0:amd64.
Unpacking libxcb-xfixes0:amd64 (from .../libxcb-xfixes0_1.9.1-3_amd64.deb) ...
Selecting previously unselected package libegl1-mesa:amd64.
Unpacking libegl1-mesa:amd64 (from .../libegl1-mesa_9.1.4-1_amd64.deb) ...
Selecting previously unselected package libexpat1:amd64.
Unpacking libexpat1:amd64 (from .../libexpat1_2.1.0-4_amd64.deb) ...
Selecting previously unselected package libfreetype6:amd64.
Unpacking libfreetype6:amd64 (from .../libfreetype6_2.4.9-1.1_amd64.deb) ...
Selecting previously unselected package fonts-dejavu-core.
Unpacking fonts-dejavu-core (from .../fonts-dejavu-core_2.33+svn2514-3_all.deb) ...
Selecting previously unselected package ttf-dejavu-core.
Unpacking ttf-dejavu-core (from .../ttf-dejavu-core_2.33+svn2514-3_all.deb) ...
Selecting previously unselected package fontconfig-config.
Unpacking fontconfig-config (from .../fontconfig-config_2.10.2-2_all.deb) ...
Selecting previously unselected package libfontconfig1:amd64.
Unpacking libfontconfig1:amd64 (from .../libfontconfig1_2.10.2-2_amd64.deb) ...
Selecting previously unselected package libxcb-glx0:amd64.
Unpacking libxcb-glx0:amd64 (from .../libxcb-glx0_1.9.1-3_amd64.deb) ...
Selecting previously unselected package libxfixes3:amd64.
Unpacking libxfixes3:amd64 (from .../libxfixes3_1%3a5.0.1-1_amd64.deb) ...
Selecting previously unselected package libxdamage1:amd64.
Unpacking libxdamage1:amd64 (from .../libxdamage1_1%3a1.1.4-1_amd64.deb) ...
Selecting previously unselected package libxext6:amd64.
Unpacking libxext6:amd64 (from .../libxext6_2%3a1.3.2-1_amd64.deb) ...
Selecting previously unselected package libxxf86vm1:amd64.
Unpacking libxxf86vm1:amd64 (from .../libxxf86vm1_1%3a1.1.2-1+deb7u1_amd64.deb) ...
Selecting previously unselected package libgl1-mesa-glx:amd64.
Unpacking libgl1-mesa-glx:amd64 (from .../libgl1-mesa-glx_9.1.4-1_amd64.deb) ...
Selecting previously unselected package libpixman-1-0:amd64.
Unpacking libpixman-1-0:amd64 (from .../libpixman-1-0_0.26.0-4_amd64.deb) ...
Selecting previously unselected package libpng12-0:amd64.
Unpacking libpng12-0:amd64 (from .../libpng12-0_1.2.49-4_amd64.deb) ...
Selecting previously unselected package libxcb-shm0:amd64.
Unpacking libxcb-shm0:amd64 (from .../libxcb-shm0_1.9.1-3_amd64.deb) ...
Selecting previously unselected package libxrender1:amd64.
Unpacking libxrender1:amd64 (from .../libxrender1_1%3a0.9.8-1_amd64.deb) ...
Selecting previously unselected package libcairo2:amd64.
Unpacking libcairo2:amd64 (from .../libcairo2_1.12.14-5_amd64.deb) ...
Selecting previously unselected package libglib2.0-0:amd64.
Unpacking libglib2.0-0:amd64 (from .../libglib2.0-0_2.36.3-3_amd64.deb) ...
Selecting previously unselected package libcroco3:amd64.
Unpacking libcroco3:amd64 (from .../libcroco3_0.6.8-2_amd64.deb) ...
Selecting previously unselected package libdatrie1:amd64.
Unpacking libdatrie1:amd64 (from .../libdatrie1_0.2.6-2_amd64.deb) ...
Selecting previously unselected package libjpeg8:amd64.
Unpacking libjpeg8:amd64 (from .../libjpeg8_8d-1_amd64.deb) ...
Selecting previously unselected package libjbig0:amd64.
Unpacking libjbig0:amd64 (from .../libjbig0_2.0-2_amd64.deb) ...
Selecting previously unselected package libtiff4:amd64.
Unpacking libtiff4:amd64 (from .../libtiff4_3.9.7-1_amd64.deb) ...
Selecting previously unselected package libvpx1:amd64.
Unpacking libvpx1:amd64 (from .../libvpx1_1.2.0-2_amd64.deb) ...
Selecting previously unselected package libxpm4:amd64.
Unpacking libxpm4:amd64 (from .../libxpm4_1%3a3.5.10-1_amd64.deb) ...
Selecting previously unselected package libgd3:amd64.
Unpacking libgd3:amd64 (from .../libgd3_2.1.0-2_amd64.deb) ...
Selecting previously unselected package libgfortran3:amd64.
Unpacking libgfortran3:amd64 (from .../libgfortran3_4.8.1-6_amd64.deb) ...
Selecting previously unselected package libgraphite2-3:amd64.
Unpacking libgraphite2-3:amd64 (from .../libgraphite2-3_1.2.3-1_amd64.deb) ...
Selecting previously unselected package libharfbuzz0a:amd64.
Unpacking libharfbuzz0a:amd64 (from .../libharfbuzz0a_0.9.18-3_amd64.deb) ...
Selecting previously unselected package x11-common.
Unpacking x11-common (from .../x11-common_1%3a7.7+3_all.deb) ...
Selecting previously unselected package libice6:amd64.
Unpacking libice6:amd64 (from .../libice6_2%3a1.0.8-2_amd64.deb) ...
Selecting previously unselected package libltdl7:amd64.
Unpacking libltdl7:amd64 (from .../libltdl7_2.4.2-1.3_amd64.deb) ...
Selecting previously unselected package libthai-data.
Unpacking libthai-data (from .../libthai-data_0.1.19-2_all.deb) ...
Selecting previously unselected package libthai0:amd64.
Unpacking libthai0:amd64 (from .../libthai0_0.1.19-2_amd64.deb) ...
Selecting previously unselected package fontconfig.
Unpacking fontconfig (from .../fontconfig_2.10.2-2_amd64.deb) ...
Selecting previously unselected package libpango-1.0-0:amd64.
Unpacking libpango-1.0-0:amd64 (from .../libpango-1.0-0_1.32.5-5+b1_amd64.deb) ...
Selecting previously unselected package libpangoft2-1.0-0:amd64.
Unpacking libpangoft2-1.0-0:amd64 (from .../libpangoft2-1.0-0_1.32.5-5+b1_amd64.deb) ...
Selecting previously unselected package libpangocairo-1.0-0:amd64.
Unpacking libpangocairo-1.0-0:amd64 (from .../libpangocairo-1.0-0_1.32.5-5+b1_amd64.deb) ...
Selecting previously unselected package libsm6:amd64.
Unpacking libsm6:amd64 (from .../libsm6_2%3a1.2.1-2_amd64.deb) ...
Selecting previously unselected package libunistring0:amd64.
Unpacking libunistring0:amd64 (from .../libunistring0_0.9.3-5_amd64.deb) ...
Selecting previously unselected package libxt6:amd64.
Unpacking libxt6:amd64 (from .../libxt6_1%3a1.1.3-1+deb7u1_amd64.deb) ...
Selecting previously unselected package libxmu6:amd64.
Unpacking libxmu6:amd64 (from .../libxmu6_2%3a1.1.1-1_amd64.deb) ...
Selecting previously unselected package libxaw7:amd64.
Unpacking libxaw7:amd64 (from .../libxaw7_2%3a1.0.11-1_amd64.deb) ...
Selecting previously unselected package file.
Unpacking file (from .../file_1%3a5.14-2_amd64.deb) ...
Selecting previously unselected package gettext-base.
Unpacking gettext-base (from .../gettext-base_0.18.3-1_amd64.deb) ...
Selecting previously unselected package cdbs.
Unpacking cdbs (from .../archives/cdbs_0.4.122_all.deb) ...
Selecting previously unselected package gettext.
Unpacking gettext (from .../gettext_0.18.3-1_amd64.deb) ...
Selecting previously unselected package intltool-debian.
Unpacking intltool-debian (from .../intltool-debian_0.35.0+20060710.1_all.deb) ...
Selecting previously unselected package po-debconf.
Unpacking po-debconf (from .../po-debconf_1.0.16+nmu2_all.deb) ...
Selecting previously unselected package debhelper.
Unpacking debhelper (from .../debhelper_9.20130630_all.deb) ...
Selecting previously unselected package doxygen.
Unpacking doxygen (from .../doxygen_1.8.4-1_amd64.deb) ...
Selecting previously unselected package libcdt4.
Unpacking libcdt4 (from .../libcdt4_2.26.3-15_amd64.deb) ...
Selecting previously unselected package libcgraph5.
Unpacking libcgraph5 (from .../libcgraph5_2.26.3-15_amd64.deb) ...
Selecting previously unselected package libgraph4.
Unpacking libgraph4 (from .../libgraph4_2.26.3-15_amd64.deb) ...
Selecting previously unselected package libpathplan4.
Unpacking libpathplan4 (from .../libpathplan4_2.26.3-15_amd64.deb) ...
Selecting previously unselected package libxdot4.
Unpacking libxdot4 (from .../libxdot4_2.26.3-15_amd64.deb) ...
Selecting previously unselected package libgvc5.
Unpacking libgvc5 (from .../libgvc5_2.26.3-15_amd64.deb) ...
Selecting previously unselected package libgvpr1.
Unpacking libgvpr1 (from .../libgvpr1_2.26.3-15_amd64.deb) ...
Selecting previously unselected package graphviz.
Unpacking graphviz (from .../graphviz_2.26.3-15_amd64.deb) ...
Selecting previously unselected package libatlas3-base.
Unpacking libatlas3-base (from .../libatlas3-base_3.8.4-9.1_amd64.deb) ...
Selecting previously unselected package libatlas3gf-base.
Unpacking libatlas3gf-base (from .../libatlas3gf-base_3.8.4-9.1_all.deb) ...
Selecting previously unselected package coinor-libcoinutils0.
Unpacking coinor-libcoinutils0 (from .../coinor-libcoinutils0_2.6.4-3_amd64.deb) ...
Selecting previously unselected package coinor-libclp0.
Unpacking coinor-libclp0 (from .../coinor-libclp0_1.12.0-2.1_amd64.deb) ...
Selecting previously unselected package coinor-libcoinutils-dev.
Unpacking coinor-libcoinutils-dev (from .../coinor-libcoinutils-dev_2.6.4-3_amd64.deb) ...
Selecting previously unselected package coinor-libdylp0.
Unpacking coinor-libdylp0 (from .../coinor-libdylp0_1.6.0-1.1_amd64.deb) ...
Selecting previously unselected package coinor-libvol0.
Unpacking coinor-libvol0 (from .../coinor-libvol0_1.1.7-1_amd64.deb) ...
Selecting previously unselected package coinor-libosi0.
Unpacking coinor-libosi0 (from .../coinor-libosi0_0.103.0-1_amd64.deb) ...
Selecting previously unselected package coinor-libosi-dev.
Unpacking coinor-libosi-dev (from .../coinor-libosi-dev_0.103.0-1_amd64.deb) ...
Selecting previously unselected package sbuild-build-depends-coinor-flopc++-dummy.
Unpacking sbuild-build-depends-coinor-flopc++-dummy (from .../sbuild-build-depends-coinor-flopc++-dummy.deb) ...
Setting up libpipeline1:amd64 (1.2.4-1) ...
Setting up libudev0:amd64 (175-7.2) ...
Setting up groff-base (1.22.2-3) ...
Setting up bsdmainutils (9.0.5) ...
update-alternatives: using /usr/bin/bsd-write to provide /usr/bin/write (write) in auto mode
update-alternatives: using /usr/bin/bsd-from to provide /usr/bin/from (from) in auto mode
Setting up man-db (2.6.5-2) ...
Not building database; man-db/auto-update is not 'true'.
Setting up libasprintf0c2:amd64 (0.18.3-1) ...
Setting up libmagic1:amd64 (1:5.14-2) ...
Setting up libxml2:amd64 (2.9.1+dfsg1-2) ...
Setting up libdrm2:amd64 (2.4.45-3) ...
Setting up libglapi-mesa:amd64 (9.1.4-1) ...
Setting up libllvm3.2:amd64 (1:3.2repack-10) ...
Setting up libxau6:amd64 (1:1.0.8-1) ...
Setting up libxdmcp6:amd64 (1:1.1.1-1) ...
Setting up libxcb1:amd64 (1.9.1-3) ...
Setting up libxcb-dri2-0:amd64 (1.9.1-3) ...
Setting up libgbm1:amd64 (9.1.4-1) ...
Setting up libwayland-client0:amd64 (1.1.0-2) ...
Setting up libwayland-server0:amd64 (1.1.0-2) ...
Setting up libx11-data (2:1.6.0-1) ...
Setting up libx11-6:amd64 (2:1.6.0-1) ...
Setting up libx11-xcb1:amd64 (2:1.6.0-1) ...
Setting up libxcb-render0:amd64 (1.9.1-3) ...
Setting up libxcb-shape0:amd64 (1.9.1-3) ...
Setting up libxcb-xfixes0:amd64 (1.9.1-3) ...
Setting up libegl1-mesa:amd64 (9.1.4-1) ...
Setting up libexpat1:amd64 (2.1.0-4) ...
Setting up libfreetype6:amd64 (2.4.9-1.1) ...
Setting up fonts-dejavu-core (2.33+svn2514-3) ...
Setting up ttf-dejavu-core (2.33+svn2514-3) ...
Setting up fontconfig-config (2.10.2-2) ...
Setting up libfontconfig1:amd64 (2.10.2-2) ...
Setting up libxcb-glx0:amd64 (1.9.1-3) ...
Setting up libxfixes3:amd64 (1:5.0.1-1) ...
Setting up libxdamage1:amd64 (1:1.1.4-1) ...
Setting up libxext6:amd64 (2:1.3.2-1) ...
Setting up libxxf86vm1:amd64 (1:1.1.2-1+deb7u1) ...
Setting up libgl1-mesa-glx:amd64 (9.1.4-1) ...
Setting up libpixman-1-0:amd64 (0.26.0-4) ...
Setting up libpng12-0:amd64 (1.2.49-4) ...
Setting up libxcb-shm0:amd64 (1.9.1-3) ...
Setting up libxrender1:amd64 (1:0.9.8-1) ...
Setting up libcairo2:amd64 (1.12.14-5) ...
Setting up libglib2.0-0:amd64 (2.36.3-3) ...
No schema files found: doing nothing.
Setting up libcroco3:amd64 (0.6.8-2) ...
Setting up libdatrie1:amd64 (0.2.6-2) ...
Setting up libjpeg8:amd64 (8d-1) ...
Setting up libjbig0:amd64 (2.0-2) ...
Setting up libtiff4:amd64 (3.9.7-1) ...
Setting up libvpx1:amd64 (1.2.0-2) ...
Setting up libxpm4:amd64 (1:3.5.10-1) ...
Setting up libgd3:amd64 (2.1.0-2) ...
Setting up libgfortran3:amd64 (4.8.1-6) ...
Setting up libgraphite2-3:amd64 (1.2.3-1) ...
Setting up libharfbuzz0a:amd64 (0.9.18-3) ...
Setting up x11-common (1:7.7+3) ...
update-rc.d: warning: start and stop actions are no longer supported; falling back to defaults
All runlevel operations denied by policy
invoke-rc.d: policy-rc.d denied execution of start.
Setting up libice6:amd64 (2:1.0.8-2) ...
Setting up libltdl7:amd64 (2.4.2-1.3) ...
Setting up libthai-data (0.1.19-2) ...
Setting up libthai0:amd64 (0.1.19-2) ...
Setting up fontconfig (2.10.2-2) ...
Regenerating fonts cache... done.
Setting up libpango-1.0-0:amd64 (1.32.5-5+b1) ...
Setting up libpangoft2-1.0-0:amd64 (1.32.5-5+b1) ...
Setting up libpangocairo-1.0-0:amd64 (1.32.5-5+b1) ...
Setting up libsm6:amd64 (2:1.2.1-2) ...
Setting up libunistring0:amd64 (0.9.3-5) ...
Setting up libxt6:amd64 (1:1.1.3-1+deb7u1) ...
Setting up libxmu6:amd64 (2:1.1.1-1) ...
Setting up libxaw7:amd64 (2:1.0.11-1) ...
Setting up file (1:5.14-2) ...
Setting up gettext-base (0.18.3-1) ...
Setting up cdbs (0.4.122) ...
Setting up gettext (0.18.3-1) ...
Setting up intltool-debian (0.35.0+20060710.1) ...
Setting up po-debconf (1.0.16+nmu2) ...
Setting up debhelper (9.20130630) ...
Setting up doxygen (1.8.4-1) ...
Setting up libcdt4 (2.26.3-15) ...
Setting up libcgraph5 (2.26.3-15) ...
Setting up libgraph4 (2.26.3-15) ...
Setting up libpathplan4 (2.26.3-15) ...
Setting up libxdot4 (2.26.3-15) ...
Setting up libgvc5 (2.26.3-15) ...
Setting up libgvpr1 (2.26.3-15) ...
Setting up graphviz (2.26.3-15) ...
Setting up libatlas3-base (3.8.4-9.1) ...
update-alternatives: using /usr/lib/atlas-base/atlas/libblas.so.3 to provide /usr/lib/libblas.so.3 (libblas.so.3) in auto mode
update-alternatives: using /usr/lib/atlas-base/atlas/liblapack.so.3 to provide /usr/lib/liblapack.so.3 (liblapack.so.3) in auto mode
Setting up libatlas3gf-base (3.8.4-9.1) ...
Setting up coinor-libcoinutils0 (2.6.4-3) ...
Setting up coinor-libclp0 (1.12.0-2.1) ...
Setting up coinor-libcoinutils-dev (2.6.4-3) ...
Setting up coinor-libdylp0 (1.6.0-1.1) ...
Setting up coinor-libvol0 (1.1.7-1) ...
Setting up coinor-libosi0 (0.103.0-1) ...
Setting up coinor-libosi-dev (0.103.0-1) ...
Setting up sbuild-build-depends-coinor-flopc++-dummy (0.invalid.0) ...
Processing triggers for libc-bin ...

┌──────────────────────────────────────────────────────────────────────────────┐
│ Build environment                                                            │
└──────────────────────────────────────────────────────────────────────────────┘

Kernel: Linux 2.6.32-5-xen-amd64 amd64 (x86_64)
Toolchain package versions: binutils_2.23.52.20130620-1 dpkg-dev_1.16.10 g++-4.6_4.6.4-4 g++-4.8_4.8.1-6 gcc-4.6_4.6.4-4 gcc-4.7_4.7.3-6 gcc-4.8_4.8.1-6 libc6-dev_2.17-7 libstdc++-4.8-dev_4.8.1-6 libstdc++6_4.8.1-6 libstdc++6-4.6-dev_4.6.4-4 libstdc++6-4.7-dev_4.7.3-6 linux-libc-dev_3.9.8-1
Package versions: apt_0.9.9.1 base-files_7.2 base-passwd_3.5.26 bash_4.2+dfsg-1 binutils_2.23.52.20130620-1 bsdmainutils_9.0.5 bsdutils_1:2.20.1-5.5 build-essential_11.6 bzip2_1.0.6-4 cdbs_0.4.122 clang-3.3_1:3.3-3 coinor-libclp0_1.12.0-2.1 coinor-libcoinutils-dev_2.6.4-3 coinor-libcoinutils0_2.6.4-3 coinor-libdylp0_1.6.0-1.1 coinor-libosi-dev_0.103.0-1 coinor-libosi0_0.103.0-1 coinor-libvol0_1.1.7-1 coreutils_8.20-3 cpp_4:4.8.1-2 cpp-4.6_4.6.4-4 cpp-4.7_4.7.3-6 cpp-4.8_4.8.1-6 dash_0.5.7-3 debconf_1.5.50 debconf-i18n_1.5.50 debfoster_2.7-1.2 debhelper_9.20130630 debian-archive-keyring_2012.4 debianutils_4.3.4 diffutils_1:3.2-8 doxygen_1.8.4-1 dpkg_1.16.10 dpkg-dev_1.16.10 e2fslibs_1.42.8-1 e2fsprogs_1.42.8-1 fakeroot_1.19-2 file_1:5.14-2 findutils_4.4.2-6 fontconfig_2.10.2-2 fontconfig-config_2.10.2-2 fonts-dejavu-core_2.33+svn2514-3 g++_4:4.8.1-2 g++-4.6_4.6.4-4 g++-4.8_4.8.1-6 gcc_4:4.8.1-2 gcc-4.4-base_4.4.7-4 gcc-4.5-base_4.5.4-1 gcc-4.6_4.6.4-4 gcc-4.6-base_4.6.4-4 gcc-4.7_4.7.3-6 gcc-4.7-base_4.7.3-6 gcc-4.8_4.8.1-6 gcc-4.8-base_4.8.1-6 gettext_0.18.3-1 gettext-base_0.18.3-1 gnupg_1.4.12-7 gpgv_1.4.12-7 graphviz_2.26.3-15 grep_2.14-2 groff-base_1.22.2-3 gzip_1.6-1 hostname_3.13 initscripts_2.88dsf-42 insserv_1.14.0-5 intltool-debian_0.35.0+20060710.1 libacl1_2.2.52-1 libapt-pkg4.12_0.9.9.1 libasan0_4.8.1-6 libasprintf0c2_0.18.3-1 libatlas3-base_3.8.4-9.1 libatlas3gf-base_3.8.4-9.1 libatomic1_4.8.1-6 libattr1_1:2.4.47-1 libblkid1_2.20.1-5.5 libbz2-1.0_1.0.6-4 libc-bin_2.17-7 libc-dev-bin_2.17-7 libc6_2.17-7 libc6-dev_2.17-7 libcairo2_1.12.14-5 libcap2_1:2.22-1.2 libcdt4_2.26.3-15 libcgraph5_2.26.3-15 libclang-common-3.3-dev_1:3.3-3 libclang1-3.3_1:3.3-3 libclass-isa-perl_0.36-5 libcloog-isl4_0.18.0-2 libcloog-ppl1_0.16.1-3 libcomerr2_1.42.8-1 libcroco3_0.6.8-2 libdatrie1_0.2.6-2 libdb5.1_5.1.29-6 libdpkg-perl_1.16.10 libdrm2_2.4.45-3 libegl1-mesa_9.1.4-1 libexpat1_2.1.0-4 libffi6_3.0.13-4 libfile-fcntllock-perl_0.14-2 libfontconfig1_2.10.2-2 libfreetype6_2.4.9-1.1 libgbm1_9.1.4-1 libgc1c2_1:7.2d-5 libgcc-4.7-dev_4.7.3-6 libgcc-4.8-dev_4.8.1-6 libgcc1_1:4.8.1-6 libgd3_2.1.0-2 libgdbm3_1.8.3-12 libgfortran3_4.8.1-6 libgl1-mesa-glx_9.1.4-1 libglapi-mesa_9.1.4-1 libglib2.0-0_2.36.3-3 libgmp10_2:5.1.2+dfsg-2 libgmpxx4ldbl_2:5.1.2+dfsg-2 libgomp1_4.8.1-6 libgpm2_1.20.4-6.1 libgraph4_2.26.3-15 libgraphite2-3_1.2.3-1 libgvc5_2.26.3-15 libgvpr1_2.26.3-15 libharfbuzz0a_0.9.18-3 libice6_2:1.0.8-2 libisl10_0.11.2-1 libitm1_4.8.1-6 libjbig0_2.0-2 libjpeg8_8d-1 libllvm3.2_1:3.2repack-10 libllvm3.3_1:3.3-3 liblocale-gettext-perl_1.05-7+b1 libltdl7_2.4.2-1.3 liblzma5_5.1.1alpha+20120614-2 libmagic1_1:5.14-2 libmount1_2.20.1-5.5 libmpc2_0.9-4 libmpc3_1.0.1-1 libmpfr4_3.1.1-1 libncurses5_5.9+20130608-1 libobjc-4.7-dev_4.7.3-6 libobjc4_4.8.1-6 libpam-modules_1.1.3-9 libpam-modules-bin_1.1.3-9 libpam-runtime_1.1.3-9 libpam0g_1.1.3-9 libpango-1.0-0_1.32.5-5+b1 libpangocairo-1.0-0_1.32.5-5+b1 libpangoft2-1.0-0_1.32.5-5+b1 libpathplan4_2.26.3-15 libpcre3_1:8.31-2 libpipeline1_1.2.4-1 libpixman-1-0_0.26.0-4 libpng12-0_1.2.49-4 libppl-c4_1:1.0-7 libppl12_1:1.0-7 libquadmath0_4.8.1-6 libreadline6_6.2+dfsg-0.1 libselinux1_2.1.13-2 libsemanage-common_2.1.10-2 libsemanage1_2.1.10-2 libsepol1_2.1.9-2 libslang2_2.2.4-15 libsm6_2:1.2.1-2 libss2_1.42.8-1 libstdc++-4.8-dev_4.8.1-6 libstdc++6_4.8.1-6 libstdc++6-4.6-dev_4.6.4-4 libstdc++6-4.7-dev_4.7.3-6 libswitch-perl_2.16-2 libtext-charwidth-perl_0.04-7+b1 libtext-iconv-perl_1.7-5 libtext-wrapi18n-perl_0.06-7 libthai-data_0.1.19-2 libthai0_0.1.19-2 libtiff4_3.9.7-1 libtimedate-perl_1.2000-1 libtinfo5_5.9+20130608-1 libtsan0_4.8.1-6 libudev0_175-7.2 libunistring0_0.9.3-5 libusb-0.1-4_2:0.1.12-23.2 libustr-1.0-1_1.0.4-3 libuuid1_2.20.1-5.5 libvpx1_1.2.0-2 libwayland-client0_1.1.0-2 libwayland-server0_1.1.0-2 libx11-6_2:1.6.0-1 libx11-data_2:1.6.0-1 libx11-xcb1_2:1.6.0-1 libxau6_1:1.0.8-1 libxaw7_2:1.0.11-1 libxcb-dri2-0_1.9.1-3 libxcb-glx0_1.9.1-3 libxcb-render0_1.9.1-3 libxcb-shape0_1.9.1-3 libxcb-shm0_1.9.1-3 libxcb-xfixes0_1.9.1-3 libxcb1_1.9.1-3 libxdamage1_1:1.1.4-1 libxdmcp6_1:1.1.1-1 libxdot4_2.26.3-15 libxext6_2:1.3.2-1 libxfixes3_1:5.0.1-1 libxml2_2.9.1+dfsg1-2 libxmu6_2:1.1.1-1 libxpm4_1:3.5.10-1 libxrender1_1:0.9.8-1 libxt6_1:1.1.3-1+deb7u1 libxxf86vm1_1:1.1.2-1+deb7u1 linux-libc-dev_3.9.8-1 login_1:4.1.5.1-1 lsb-base_4.1+Debian12 make_3.81-8.2 man-db_2.6.5-2 mawk_1.3.3-17 mount_2.20.1-5.5 multiarch-support_2.17-7 ncurses-base_5.9+20130608-1 ncurses-bin_5.9+20130608-1 passwd_1:4.1.5.1-1 patch_2.7.1-3 perl_5.14.2-21 perl-base_5.14.2-21 perl-modules_5.14.2-21 po-debconf_1.0.16+nmu2 readline-common_6.2+dfsg-0.1 sbuild-build-depends-coinor-flopc++-dummy_0.invalid.0 sbuild-build-depends-core-dummy_0.invalid.0 sed_4.2.2-1 sensible-utils_0.0.9 sudo_1.8.5p2-1+nmu1 sysv-rc_2.88dsf-42 sysvinit_2.88dsf-42 sysvinit-utils_2.88dsf-42 tar_1.26+dfsg-6 ttf-dejavu-core_2.33+svn2514-3 tzdata_2013c-2 ucf_3.0027+nmu1 util-linux_2.20.1-5.5 vim_2:7.3.923-3 vim-common_2:7.3.923-3 vim-runtime_2:7.3.923-3 x11-common_1:7.7+3 xz-utils_5.1.1alpha+20120614-2 zlib1g_1:1.2.8.dfsg-1

┌──────────────────────────────────────────────────────────────────────────────┐
│ Build                                                                        │
└──────────────────────────────────────────────────────────────────────────────┘


Unpack source
─────────────

gpgv: keyblock resource `/sbuild-nonexistent/.gnupg/trustedkeys.gpg': file open error
gpgv: Signature made Tue Jun 28 21:47:30 2011 UTC using DSA key ID 9B7C328D
gpgv: Can't check signature: public key not found
dpkg-source: warning: failed to verify signature on ./coinor-flopc++_1.0.6-3.1.dsc
dpkg-source: info: extracting coinor-flopc++ in coinor-flopc++-1.0.6
dpkg-source: info: unpacking coinor-flopc++_1.0.6.orig.tar.gz
dpkg-source: info: applying coinor-flopc++_1.0.6-3.1.diff.gz

Check disc space
────────────────

Sufficient free space for build

Hack binNMU version
───────────────────

Created changelog entry for binNMU version 1.0.6-3.1clang1

User Environment
────────────────

HOME=/sbuild-nonexistent
LOGNAME=user
PATH=/usr/local/sbin:/usr/local/bin:/usr/sbin:/usr/bin:/sbin:/bin:/usr/games
SCHROOT_ALIAS_NAME=unstable-amd64-sbuild
SCHROOT_CHROOT_NAME=unstable-amd64-sbuild
SCHROOT_COMMAND=env
SCHROOT_GID=1000
SCHROOT_GROUP=user
SCHROOT_SESSION_ID=unstable-amd64-sbuild-7ea04e64-77bd-4862-8c17-49c584545afc
SCHROOT_UID=1000
SCHROOT_USER=user
SHELL=/bin/sh
USER=user

dpkg-buildpackage
─────────────────

dpkg-buildpackage: source package coinor-flopc++
dpkg-buildpackage: source version 1.0.6-3.1clang1
 dpkg-source --before-build coinor-flopc++-1.0.6
dpkg-buildpackage: host architecture amd64
 fakeroot debian/rules clean
test -x debian/rules
rm -f debian/stamp-makefile-build debian/stamp-makefile-install
/usr/bin/make  -C .  -k distclean
make[1]: Entering directory `/build/coinor-flopc++-DL_kcm/coinor-flopc++-1.0.6'
make[1]: *** No rule to make target `distclean'.
make[1]: Leaving directory `/build/coinor-flopc++-DL_kcm/coinor-flopc++-1.0.6'
make: [makefile-clean] Error 2 (ignored)
rm -f debian/stamp-autotools
rmdir --ignore-fail-on-non-empty .
rmdir: failed to remove '.': Invalid argument
make: [makefile-clean] Error 1 (ignored)
for i in ./config.guess ./BuildTools/config.guess ./config.sub ./BuildTools/config.sub  ; do \
		if test -e $i.cdbs-orig ; then \
			mv $i.cdbs-orig $i ; \
		fi ; \
	done
dh_clean 
rm -f debian/stamp-autotools-files
rm -f -r debian/stamp-* doxydoc/html
 debian/rules build-arch
test -x debian/rules
mkdir -p "."
/usr/share/cdbs/1/rules/buildcore.mk:109: WARNING:  DEB_DH_STRIP_ARGS is a deprecated variable
if test -e /usr/share/misc/config.guess ; then \
		for i in ./config.guess ./BuildTools/config.guess ; do \
			if ! test -e $i.cdbs-orig ; then \
				mv $i $i.cdbs-orig ; \
				cp --remove-destination /usr/share/misc/config.guess $i ; \
			fi ; \
		done ; \
	fi
if test -e /usr/share/misc/config.sub ; then \
		for i in ./config.sub ./BuildTools/config.sub ; do \
			if ! test -e $i.cdbs-orig ; then \
				mv $i $i.cdbs-orig ; \
				cp --remove-destination /usr/share/misc/config.sub $i ; \
			fi ; \
		done ; \
	fi
touch debian/stamp-autotools-files
chmod a+x /build/coinor-flopc++-DL_kcm/coinor-flopc++-1.0.6/./configure
mkdir -p .
cd . &&   CFLAGS="-g -O2 -fstack-protector --param=ssp-buffer-size=4 -Wformat -Werror=format-security -Wall" CXXFLAGS="-g -O2 -fstack-protector --param=ssp-buffer-size=4 -Wformat -Werror=format-security -Wall" CPPFLAGS="-D_FORTIFY_SOURCE=2" LDFLAGS="-Wl,-z,relro -lCoinUtils -lOsi" /build/coinor-flopc++-DL_kcm/coinor-flopc++-1.0.6/./configure --build=x86_64-linux-gnu  --prefix=/usr --includedir="\${prefix}/include" --mandir="\${prefix}/share/man" --infodir="\${prefix}/share/info" --sysconfdir=/etc --localstatedir=/var --libexecdir="\${prefix}/lib/coinor-flopc++" --srcdir=. --disable-maintainer-mode --disable-dependency-tracking --disable-silent-rules   --enable-static CPPFLAGS=-I/usr/include/coin 
checking for egrep... grep -E
checking for a BSD-compatible install... /usr/bin/install -c
checking whether build environment is sane... yes
checking for gawk... no
checking for mawk... mawk
checking whether make sets $(MAKE)... yes
checking whether to enable maintainer-specific portions of Makefiles... no
checking whether code for third party package ASL is available... no
checking whether directory CoinUtils is available... no
checking whether directory Clp is available... no
checking whether directory Osi is available... no
checking whether directory Cgl is available... no
checking whether directory Cbc is available... no
checking whether directory FlopCpp is available... yes
checking whether ln -s works... yes
checking which command should be used to link input files... ln -s
configure: creating ./config.status
config.status: creating Makefile
configure: configuring in FlopCpp
configure: running /bin/bash './configure' --prefix=/usr  '--build=x86_64-linux-gnu' '--prefix=/usr' '--includedir=${prefix}/include' '--mandir=${prefix}/share/man' '--infodir=${prefix}/share/info' '--sysconfdir=/etc' '--localstatedir=/var' '--libexecdir=${prefix}/lib/coinor-flopc++' '--srcdir=.' '--disable-maintainer-mode' '--disable-dependency-tracking' '--disable-silent-rules' '--enable-static' 'CPPFLAGS=-I/usr/include/coin' 'build_alias=x86_64-linux-gnu' --cache-file=/dev/null --srcdir=.
checking build system type... x86_64-pc-linux-gnu
checking whether we want to compile in debug mode... no
checking for xlc... no
checking for gcc... gcc
checking for C compiler default output file name... a.out
checking whether the C compiler works... yes
checking whether we are cross compiling... no
checking for suffix of executables... 
checking for suffix of object files... o
checking whether we are using the GNU C compiler... yes
checking whether gcc accepts -g... yes
checking for gcc option to accept ANSI C... none needed
configure: C compiler options are: -g -O2 -fstack-protector --param=ssp-buffer-size=4 -Wformat -Werror=format-security -Wall  
checking for xlC_r... no
checking for aCC... no
checking for CC... no
checking for g++... g++
checking whether we are using the GNU C++ compiler... yes
checking whether g++ accepts -g... yes
checking whether C++ compiler g++ works... yes
configure: C++ compiler options are: -g -O2 -fstack-protector --param=ssp-buffer-size=4 -Wformat -Werror=format-security -Wall  
checking for egrep... grep -E
checking for a BSD-compatible install... /usr/bin/install -c
checking whether build environment is sane... yes
checking for gawk... no
checking for mawk... mawk
checking whether make sets $(MAKE)... yes
checking for style of include used by make... GNU
checking dependency style of gcc... none
checking dependency style of g++... none
checking whether to enable maintainer-specific portions of Makefiles... no
checking host system type... x86_64-pc-linux-gnu
checking for a sed that does not truncate output... /bin/sed
checking for ld used by gcc... /usr/bin/ld
checking if the linker (/usr/bin/ld) is GNU ld... yes
checking for /usr/bin/ld option to reload object files... -r
checking for BSD-compatible nm... /usr/bin/nm -B
checking whether ln -s works... yes
checking how to recognise dependent libraries... pass_all
checking how to run the C preprocessor... gcc -E
checking for ANSI C header files... yes
checking for sys/types.h... yes
checking for sys/stat.h... yes
checking for stdlib.h... yes
checking for string.h... yes
checking for memory.h... yes
checking for strings.h... yes
checking for inttypes.h... yes
checking for stdint.h... yes
checking for unistd.h... yes
checking dlfcn.h usability... yes
checking dlfcn.h presence... yes
checking for dlfcn.h... yes
checking how to run the C++ preprocessor... g++ -E
checking for g77... no
checking for f77... no
checking for xlf... no
checking for frt... no
checking for pgf77... no
checking for fort77... no
checking for fl32... no
checking for af77... no
checking for f90... no
checking for xlf90... no
checking for pgf90... no
checking for epcf90... no
checking for f95... no
checking for fort... no
checking for xlf95... no
checking for ifc... no
checking for efc... no
checking for pgf95... no
checking for lf95... no
checking for gfortran... no
checking whether we are using the GNU Fortran 77 compiler... no
checking whether  accepts -g... no
checking the maximum length of command line arguments... 32768
checking command to parse /usr/bin/nm -B output from gcc object... ok
checking for objdir... .libs
checking for ar... ar
checking for ranlib... ranlib
checking for strip... strip
checking if gcc supports -fno-rtti -fno-exceptions... yes
checking for gcc option to produce PIC... -fPIC
checking if gcc PIC flag -fPIC works... yes
checking if gcc static flag -static works... yes
checking if gcc supports -c -o file.o... yes
checking whether the gcc linker (/usr/bin/ld -m elf_x86_64) supports shared libraries... yes
checking whether -lc should be explicitly linked in... no
checking dynamic linker characteristics... GNU/Linux ld.so
checking how to hardcode library paths into programs... immediate
checking whether stripping libraries is possible... yes
checking if libtool supports shared libraries... yes
checking whether to build shared libraries... yes
checking whether to build static libraries... yes
configure: creating libtool
appending configuration tag "CXX" to libtool
checking for ld used by g++... /usr/bin/ld -m elf_x86_64
checking if the linker (/usr/bin/ld -m elf_x86_64) is GNU ld... yes
checking whether the g++ linker (/usr/bin/ld -m elf_x86_64) supports shared libraries... yes
checking for g++ option to produce PIC... -fPIC
checking if g++ PIC flag -fPIC works... yes
checking if g++ static flag -static works... yes
checking if g++ supports -c -o file.o... yes
checking whether the g++ linker (/usr/bin/ld -m elf_x86_64) supports shared libraries... yes
checking dynamic linker characteristics... GNU/Linux ld.so
checking how to hardcode library paths into programs... immediate
appending configuration tag "F77" to libtool
configure: Build is "x86_64-pc-linux-gnu".
checking for COIN project FlopCPP... .
checking for COIN project Cbc... ../Cbc
checking for COIN project Cgl... ../Cgl
checking for COIN project Clp... ../Clp
checking for COIN project CoinUtils... ../CoinUtils
checking for COIN project DyLP... unavailable
checking for COIN project Osi... ../Osi
checking for COIN project Sym... unavailable
checking for CBC default solver... clp
checking if user provides library for Cplex... no
checking if user provides library for FortMP... no
checking if user provides library for Mosek... no
checking if user provides library for Osl... no
checking if user provides library for Soplex... no
checking if user provides library for Xpress... no
checking if user provides library for Glpk... no
checking whether this is a VPATH configuration... no
checking which command should be used to link input files... ln -s
configure: creating ./config.status
config.status: creating Makefile
config.status: creating examples/Makefile
config.status: creating src/Makefile
config.status: creating test/Makefile
config.status: creating flopcpp_addlibs.txt
config.status: creating inc/config_flopcpp.h
config.status: executing depfiles commands
configure: Configuration of FlopCpp successful
configure: Main configuration of FlopCpp successful
touch debian/stamp-autotools
/usr/bin/make  -C .  
make[1]: Entering directory `/build/coinor-flopc++-DL_kcm/coinor-flopc++-1.0.6'
Making all in FlopCpp
make[2]: Entering directory `/build/coinor-flopc++-DL_kcm/coinor-flopc++-1.0.6/FlopCpp'
Making all in src
make[3]: Entering directory `/build/coinor-flopc++-DL_kcm/coinor-flopc++-1.0.6/FlopCpp/src'
/bin/bash ../libtool --tag=CXX --mode=compile g++ -DHAVE_CONFIG_H -I. -I`echo .` -I../inc  -I`echo /build/coinor-flopc++-DL_kcm/coinor-flopc++-1.0.6/Cgl/src` -I`echo /build/coinor-flopc++-DL_kcm/coinor-flopc++-1.0.6/Cgl/src/CglClique` -I`echo /build/coinor-flopc++-DL_kcm/coinor-flopc++-1.0.6/Cgl/src/CglDuplicateRow` -I`echo /build/coinor-flopc++-DL_kcm/coinor-flopc++-1.0.6/Cgl/src/CglFlowCover` -I`echo /build/coinor-flopc++-DL_kcm/coinor-flopc++-1.0.6/Cgl/src/CglGomory` -I`echo /build/coinor-flopc++-DL_kcm/coinor-flopc++-1.0.6/Cgl/src/CglKnapsackCover` -I`echo /build/coinor-flopc++-DL_kcm/coinor-flopc++-1.0.6/Cgl/src/CglMixedIntegerRounding` -I`echo /build/coinor-flopc++-DL_kcm/coinor-flopc++-1.0.6/Cgl/src/CglMixedIntegerRounding2` -I`echo /build/coinor-flopc++-DL_kcm/coinor-flopc++-1.0.6/Cgl/src/CglOddHole` -I`echo /build/coinor-flopc++-DL_kcm/coinor-flopc++-1.0.6/Cgl/src/CglPreProcess` -I`echo /build/coinor-flopc++-DL_kcm/coinor-flopc++-1.0.6/Cgl/src/CglProbing` -I`echo /build/coinor-flopc++-DL_kcm/coinor-flopc++-1.0.6/Cgl/src/CglRedSplit` -I`echo /build/coinor-flopc++-DL_kcm/coinor-flopc++-1.0.6/Cgl/src/CglTwomir` -I`echo /build/coinor-flopc++-DL_kcm/coinor-flopc++-1.0.6/CoinUtils/src` -I`echo /build/coinor-flopc++-DL_kcm/coinor-flopc++-1.0.6/FlopCpp/../CoinUtils/inc` -I`echo /build/coinor-flopc++-DL_kcm/coinor-flopc++-1.0.6/Osi/src` -I`echo /build/coinor-flopc++-DL_kcm/coinor-flopc++-1.0.6/FlopCpp/../Osi/inc` -DCOIN_NO_CLP_MESSAGE -DUSE_FLOPCPPCONFIG -I/usr/include/coin  -g -O2 -fstack-protector --param=ssp-buffer-size=4 -Wformat -Werror=format-security -Wall   -c -o MP_boolean.lo MP_boolean.cpp
mkdir .libs
 g++ -DHAVE_CONFIG_H -I. -I. -I../inc -I/build/coinor-flopc++-DL_kcm/coinor-flopc++-1.0.6/Cgl/src -I/build/coinor-flopc++-DL_kcm/coinor-flopc++-1.0.6/Cgl/src/CglClique -I/build/coinor-flopc++-DL_kcm/coinor-flopc++-1.0.6/Cgl/src/CglDuplicateRow -I/build/coinor-flopc++-DL_kcm/coinor-flopc++-1.0.6/Cgl/src/CglFlowCover -I/build/coinor-flopc++-DL_kcm/coinor-flopc++-1.0.6/Cgl/src/CglGomory -I/build/coinor-flopc++-DL_kcm/coinor-flopc++-1.0.6/Cgl/src/CglKnapsackCover -I/build/coinor-flopc++-DL_kcm/coinor-flopc++-1.0.6/Cgl/src/CglMixedIntegerRounding -I/build/coinor-flopc++-DL_kcm/coinor-flopc++-1.0.6/Cgl/src/CglMixedIntegerRounding2 -I/build/coinor-flopc++-DL_kcm/coinor-flopc++-1.0.6/Cgl/src/CglOddHole -I/build/coinor-flopc++-DL_kcm/coinor-flopc++-1.0.6/Cgl/src/CglPreProcess -I/build/coinor-flopc++-DL_kcm/coinor-flopc++-1.0.6/Cgl/src/CglProbing -I/build/coinor-flopc++-DL_kcm/coinor-flopc++-1.0.6/Cgl/src/CglRedSplit -I/build/coinor-flopc++-DL_kcm/coinor-flopc++-1.0.6/Cgl/src/CglTwomir -I/build/coinor-flopc++-DL_kcm/coinor-flopc++-1.0.6/CoinUtils/src -I/build/coinor-flopc++-DL_kcm/coinor-flopc++-1.0.6/FlopCpp/../CoinUtils/inc -I/build/coinor-flopc++-DL_kcm/coinor-flopc++-1.0.6/Osi/src -I/build/coinor-flopc++-DL_kcm/coinor-flopc++-1.0.6/FlopCpp/../Osi/inc -DCOIN_NO_CLP_MESSAGE -DUSE_FLOPCPPCONFIG -I/usr/include/coin -g -O2 -fstack-protector --param=ssp-buffer-size=4 -Wformat -Werror=format-security -Wall -c MP_boolean.cpp  -fPIC -DPIC -o .libs/MP_boolean.o
In file included from MP_boolean.cpp:11:
./MP_domain.hpp:180:18: error: return type of virtual function 'getSet' is not covariant with the return type of the function it overrides ('flopc::MP_set_base' is incomplete)
    MP_set_base* getSet() const {
                 ^
./MP_domain.hpp:19:9: note: forward declaration of 'flopc::MP_set_base'
  class MP_set_base;
        ^
In file included from MP_boolean.cpp:12:
./MP_set.hpp:208:14: error: no matching conversion for functional-style cast from 'const flopc::SUBSETREF' to 'flopc::MP_domain'
      return MP_domain(s);
             ^~~~~~~~~~~
./MP_domain.hpp:61:9: note: candidate constructor (the implicit copy constructor) not viable: cannot convert argument of incomplete type 'const flopc::SUBSETREF' to 'const flopc::MP_domain'
  class MP_domain : public Handle<MP_domain_base*> {
        ^
./MP_domain.hpp:75:5: note: candidate constructor not viable: cannot convert argument of incomplete type 'const flopc::SUBSETREF' to 'flopc::MP_domain_base *'
    MP_domain(MP_domain_base* r);
    ^
./MP_domain.hpp:70:5: note: candidate constructor not viable: requires 0 arguments, but 1 was provided
    MP_domain();
    ^
2 errors generated.
make[3]: *** [MP_boolean.lo] Error 1
make[3]: Leaving directory `/build/coinor-flopc++-DL_kcm/coinor-flopc++-1.0.6/FlopCpp/src'
make[2]: *** [all-recursive] Error 1
make[1]: *** [all-recursive] Error 1
make: *** [debian/stamp-makefile-build] Error 2
dpkg-buildpackage: error: debian/rules build-arch gave error exit status 2
make[2]: Leaving directory `/build/coinor-flopc++-DL_kcm/coinor-flopc++-1.0.6/FlopCpp'
make[1]: Leaving directory `/build/coinor-flopc++-DL_kcm/coinor-flopc++-1.0.6'
────────────────────────────────────────────────────────────────────────────────
Build finished at 20130717-0450

Finished
────────

E: Build failure (dpkg-buildpackage died)

┌──────────────────────────────────────────────────────────────────────────────┐
│ Cleanup                                                                      │
└──────────────────────────────────────────────────────────────────────────────┘

Purging /build/coinor-flopc++-DL_kcm
Not cleaning session: cloned chroot in use

┌──────────────────────────────────────────────────────────────────────────────┐
│ Summary                                                                      │
└──────────────────────────────────────────────────────────────────────────────┘

Build Architecture: amd64
Build-Space: 4192
Build-Time: 21
Distribution: unstable
Fail-Stage: build
Host Architecture: amd64
Install-Time: 19
Job: coinor-flopc++_1.0.6-3.1
Machine Architecture: amd64
Package: coinor-flopc++
Package-Time: 112
Source-Version: 1.0.6-3.1
Space: 4192
Status: attempted
Version: 1.0.6-3.1clang1
────────────────────────────────────────────────────────────────────────────────
Finished at 20130717-0450
Build needed 00:01:52, 4192k disc space
DC-Status: Failed 112.568778691s
