DC-Build-Header: hwinfo 16.0-2.2 / 2013-07-17 01:38:07 +0000
DC-Task: source:hwinfo version:16.0-2.2 architecture:any chroot:unstable esttime:170 logfile:/tmp/hwinfo_16.0-2.2_unstable_clang.log modes:binary-only:clang
DC-Sbuild-call: su user -c 'sbuild -n --apt-update -d unstable -v  --chroot-setup-commands=/tmp/switch-to-clang --append-to-version "clang1" --maintainer "Lucas Nussbaum <lucas@debian.org>" --uploader "Lucas Nussbaum <lucas@debian.org>" hwinfo_16.0-2.2'
sbuild (Debian sbuild) 0.63.2 (18 Aug 2012) on ip-10-157-43-188.ec2.internal

╔══════════════════════════════════════════════════════════════════════════════╗
║ hwinfo 16.0-2.2clang1 (amd64)                              17 Jul 2013 01:38 ║
╚══════════════════════════════════════════════════════════════════════════════╝

Package: hwinfo
Version: 16.0-2.2clang1
Source Version: 16.0-2.2
Distribution: unstable
Machine Architecture: amd64
Host Architecture: amd64
Build Architecture: amd64

I: NOTICE: Log filtering will replace 'build/hwinfo-zlsSHE/hwinfo-16.0' with '«PKGBUILDDIR»'
I: NOTICE: Log filtering will replace 'build/hwinfo-zlsSHE' with '«BUILDDIR»'
I: NOTICE: Log filtering will replace 'var/lib/schroot/mount/unstable-amd64-sbuild-4a2631f0-f9f2-43aa-9639-d3f18a8ea177' with '«CHROOT»'

┌──────────────────────────────────────────────────────────────────────────────┐
│ Update chroot                                                                │
└──────────────────────────────────────────────────────────────────────────────┘

Get:1 http://localhost:9999 unstable InRelease [204 kB]
Get:2 http://localhost:9999 unstable/main Sources/DiffIndex [7876 B]
Get:3 http://localhost:9999 unstable/main amd64 Packages/DiffIndex [7876 B]
Get:4 http://localhost:9999 unstable/main Translation-en/DiffIndex [7876 B]
Get:5 http://localhost:9999 unstable/main 2013-07-13-2032.15.pdiff [23.1 kB]
Get:6 http://localhost:9999 unstable/main amd64 2013-07-13-2032.15.pdiff [16.9 kB]
Get:7 http://localhost:9999 unstable/main 2013-07-13-2032.15.pdiff [23.1 kB]
Get:8 http://localhost:9999 unstable/main 2013-07-13-2032.15.pdiff [1809 B]
Get:9 http://localhost:9999 unstable/main amd64 2013-07-13-2032.15.pdiff [16.9 kB]
Get:10 http://localhost:9999 unstable/main 2013-07-14-0231.07.pdiff [12.9 kB]
Get:11 http://localhost:9999 unstable/main 2013-07-13-2032.15.pdiff [1809 B]
Get:12 http://localhost:9999 unstable/main amd64 2013-07-14-0231.07.pdiff [14.9 kB]
Get:13 http://localhost:9999 unstable/main 2013-07-14-0231.07.pdiff [12.9 kB]
Get:14 http://localhost:9999 unstable/main 2013-07-14-0231.07.pdiff [1384 B]
Get:15 http://localhost:9999 unstable/main amd64 2013-07-14-0231.07.pdiff [14.9 kB]
Get:16 http://localhost:9999 unstable/main 2013-07-14-0832.16.pdiff [4670 B]
Get:17 http://localhost:9999 unstable/main 2013-07-14-0231.07.pdiff [1384 B]
Get:18 http://localhost:9999 unstable/main amd64 2013-07-14-0832.16.pdiff [1624 B]
Get:19 http://localhost:9999 unstable/main 2013-07-14-0832.16.pdiff [4670 B]
Get:20 http://localhost:9999 unstable/main 2013-07-14-0832.16.pdiff [337 B]
Get:21 http://localhost:9999 unstable/main amd64 2013-07-14-0832.16.pdiff [1624 B]
Get:22 http://localhost:9999 unstable/main 2013-07-14-1431.18.pdiff [11.4 kB]
Get:23 http://localhost:9999 unstable/main 2013-07-14-0832.16.pdiff [337 B]
Get:24 http://localhost:9999 unstable/main amd64 2013-07-14-1431.18.pdiff [8223 B]
Get:25 http://localhost:9999 unstable/main 2013-07-14-1431.18.pdiff [11.4 kB]
Get:26 http://localhost:9999 unstable/main 2013-07-14-1431.18.pdiff [887 B]
Get:27 http://localhost:9999 unstable/main amd64 2013-07-14-1431.18.pdiff [8223 B]
Get:28 http://localhost:9999 unstable/main 2013-07-14-2031.21.pdiff [9038 B]
Get:29 http://localhost:9999 unstable/main 2013-07-14-1431.18.pdiff [887 B]
Get:30 http://localhost:9999 unstable/main amd64 2013-07-14-2031.21.pdiff [9955 B]
Get:31 http://localhost:9999 unstable/main 2013-07-14-2031.21.pdiff [9038 B]
Get:32 http://localhost:9999 unstable/main 2013-07-14-2031.21.pdiff [2736 B]
Get:33 http://localhost:9999 unstable/main amd64 2013-07-14-2031.21.pdiff [9955 B]
Get:34 http://localhost:9999 unstable/main 2013-07-15-0229.01.pdiff [9715 B]
Get:35 http://localhost:9999 unstable/main 2013-07-14-2031.21.pdiff [2736 B]
Get:36 http://localhost:9999 unstable/main amd64 2013-07-15-0229.01.pdiff [12.7 kB]
Get:37 http://localhost:9999 unstable/main 2013-07-15-0229.01.pdiff [9715 B]
Get:38 http://localhost:9999 unstable/main 2013-07-15-0229.01.pdiff [2239 B]
Get:39 http://localhost:9999 unstable/main amd64 2013-07-15-0229.01.pdiff [12.7 kB]
Get:40 http://localhost:9999 unstable/main 2013-07-15-0830.19.pdiff [3273 B]
Get:41 http://localhost:9999 unstable/main 2013-07-15-0229.01.pdiff [2239 B]
Get:42 http://localhost:9999 unstable/main amd64 2013-07-15-0830.19.pdiff [3964 B]
Get:43 http://localhost:9999 unstable/main 2013-07-15-0830.19.pdiff [3273 B]
Get:44 http://localhost:9999 unstable/main 2013-07-15-0830.19.pdiff [1357 B]
Get:45 http://localhost:9999 unstable/main amd64 2013-07-15-0830.19.pdiff [3964 B]
Get:46 http://localhost:9999 unstable/main 2013-07-15-1432.36.pdiff [5326 B]
Get:47 http://localhost:9999 unstable/main 2013-07-15-0830.19.pdiff [1357 B]
Get:48 http://localhost:9999 unstable/main amd64 2013-07-15-1432.36.pdiff [9809 B]
Get:49 http://localhost:9999 unstable/main 2013-07-15-1432.36.pdiff [5326 B]
Get:50 http://localhost:9999 unstable/main 2013-07-15-1432.36.pdiff [322 B]
Get:51 http://localhost:9999 unstable/main amd64 2013-07-15-1432.36.pdiff [9809 B]
Get:52 http://localhost:9999 unstable/main 2013-07-15-2031.50.pdiff [12.2 kB]
Get:53 http://localhost:9999 unstable/main 2013-07-15-1432.36.pdiff [322 B]
Get:54 http://localhost:9999 unstable/main amd64 2013-07-15-2031.50.pdiff [24.4 kB]
Get:55 http://localhost:9999 unstable/main 2013-07-15-2031.50.pdiff [12.2 kB]
Get:56 http://localhost:9999 unstable/main 2013-07-15-2031.50.pdiff [537 B]
Get:57 http://localhost:9999 unstable/main amd64 2013-07-15-2031.50.pdiff [24.4 kB]
Get:58 http://localhost:9999 unstable/main 2013-07-16-0233.12.pdiff [14.8 kB]
Get:59 http://localhost:9999 unstable/main 2013-07-15-2031.50.pdiff [537 B]
Get:60 http://localhost:9999 unstable/main amd64 2013-07-16-0233.12.pdiff [49.5 kB]
Get:61 http://localhost:9999 unstable/main 2013-07-16-0233.12.pdiff [14.8 kB]
Get:62 http://localhost:9999 unstable/main 2013-07-16-0233.12.pdiff [3247 B]
Get:63 http://localhost:9999 unstable/main amd64 2013-07-16-0233.12.pdiff [49.5 kB]
Get:64 http://localhost:9999 unstable/main 2013-07-16-0834.41.pdiff [7447 B]
Get:65 http://localhost:9999 unstable/main 2013-07-16-0233.12.pdiff [3247 B]
Get:66 http://localhost:9999 unstable/main amd64 2013-07-16-0834.41.pdiff [4493 B]
Get:67 http://localhost:9999 unstable/main 2013-07-16-0834.41.pdiff [7447 B]
Get:68 http://localhost:9999 unstable/main 2013-07-16-0834.41.pdiff [5852 B]
Get:69 http://localhost:9999 unstable/main amd64 2013-07-16-0834.41.pdiff [4493 B]
Get:70 http://localhost:9999 unstable/main 2013-07-16-1433.54.pdiff [21.2 kB]
Get:71 http://localhost:9999 unstable/main 2013-07-16-0834.41.pdiff [5852 B]
Get:72 http://localhost:9999 unstable/main amd64 2013-07-16-1433.54.pdiff [19.3 kB]
Get:73 http://localhost:9999 unstable/main 2013-07-16-1433.54.pdiff [21.2 kB]
Get:74 http://localhost:9999 unstable/main 2013-07-16-1433.54.pdiff [1941 B]
Get:75 http://localhost:9999 unstable/main amd64 2013-07-16-1433.54.pdiff [19.3 kB]
Get:76 http://localhost:9999 unstable/main 2013-07-16-2046.09.pdiff [19.4 kB]
Get:77 http://localhost:9999 unstable/main 2013-07-16-1433.54.pdiff [1941 B]
Get:78 http://localhost:9999 unstable/main amd64 2013-07-16-2046.09.pdiff [18.4 kB]
Get:79 http://localhost:9999 unstable/main 2013-07-16-2046.09.pdiff [19.4 kB]
Get:80 http://localhost:9999 unstable/main 2013-07-16-2046.09.pdiff [465 B]
Get:81 http://localhost:9999 unstable/main amd64 2013-07-16-2046.09.pdiff [18.4 kB]
Get:82 http://localhost:9999 unstable/main 2013-07-16-2046.09.pdiff [465 B]
Fetched 600 kB in 48s (12.3 kB/s)
Reading package lists...
Reading package lists...
Building dependency tree...
Reading state information...
The following packages will be upgraded:
  cpp-4.7 gcc-4.7 gcc-4.7-base initscripts libgcc-4.7-dev sysv-rc sysvinit
  sysvinit-utils
8 upgraded, 0 newly installed, 0 to remove and 0 not upgraded.
Need to get 14.2 MB of archives.
After this operation, 18.4 kB disk space will be freed.
Get:1 http://localhost:9999/debian/ unstable/main sysvinit amd64 2.88dsf-42 [134 kB]
Get:2 http://localhost:9999/debian/ unstable/main sysv-rc all 2.88dsf-42 [80.4 kB]
Get:3 http://localhost:9999/debian/ unstable/main sysvinit-utils amd64 2.88dsf-42 [103 kB]
Get:4 http://localhost:9999/debian/ unstable/main initscripts amd64 2.88dsf-42 [87.1 kB]
Get:5 http://localhost:9999/debian/ unstable/main gcc-4.7 amd64 4.7.3-6 [5819 kB]
Get:6 http://localhost:9999/debian/ unstable/main cpp-4.7 amd64 4.7.3-6 [5385 kB]
Get:7 http://localhost:9999/debian/ unstable/main libgcc-4.7-dev amd64 4.7.3-6 [2465 kB]
Get:8 http://localhost:9999/debian/ unstable/main gcc-4.7-base amd64 4.7.3-6 [149 kB]
debconf: delaying package configuration, since apt-utils is not installed
Fetched 14.2 MB in 0s (25.2 MB/s)
(Reading database ... 13844 files and directories currently installed.)
Preparing to replace sysvinit 2.88dsf-41 (using .../sysvinit_2.88dsf-42_amd64.deb) ...
Unpacking replacement sysvinit ...
Setting up sysvinit (2.88dsf-42) ...
Not restarting sysvinit
(Reading database ... 13844 files and directories currently installed.)
Preparing to replace sysv-rc 2.88dsf-41 (using .../sysv-rc_2.88dsf-42_all.deb) ...
Unpacking replacement sysv-rc ...
Preparing to replace sysvinit-utils 2.88dsf-41 (using .../sysvinit-utils_2.88dsf-42_amd64.deb) ...
Unpacking replacement sysvinit-utils ...
Setting up sysvinit-utils (2.88dsf-42) ...
Setting up sysv-rc (2.88dsf-42) ...
(Reading database ... 13844 files and directories currently installed.)
Preparing to replace initscripts 2.88dsf-41 (using .../initscripts_2.88dsf-42_amd64.deb) ...
Removing unmodified and obsolete conffile /etc/init.d/mtab.sh ...
Unpacking replacement initscripts ...
Setting up initscripts (2.88dsf-42) ...
Installing new version of config file /etc/init.d/bootmisc.sh ...
Installing new version of config file /etc/init.d/checkfs.sh ...
Installing new version of config file /etc/init.d/checkroot.sh ...
Installing new version of config file /etc/init.d/checkroot-bootclean.sh ...
Installing new version of config file /etc/init.d/mountdevsubfs.sh ...
Installing new version of config file /etc/init.d/mountkernfs.sh ...
Installing new version of config file /etc/init.d/rmnologin ...
Installing new version of config file /etc/network/if-up.d/mountnfs ...
(Reading database ... 13843 files and directories currently installed.)
Preparing to replace gcc-4.7 4.7.3-5 (using .../gcc-4.7_4.7.3-6_amd64.deb) ...
Unpacking replacement gcc-4.7 ...
Preparing to replace cpp-4.7 4.7.3-5 (using .../cpp-4.7_4.7.3-6_amd64.deb) ...
Unpacking replacement cpp-4.7 ...
Preparing to replace libgcc-4.7-dev:amd64 4.7.3-5 (using .../libgcc-4.7-dev_4.7.3-6_amd64.deb) ...
Unpacking replacement libgcc-4.7-dev:amd64 ...
Preparing to replace gcc-4.7-base:amd64 4.7.3-5 (using .../gcc-4.7-base_4.7.3-6_amd64.deb) ...
Unpacking replacement gcc-4.7-base:amd64 ...
Setting up gcc-4.7-base:amd64 (4.7.3-6) ...
Setting up cpp-4.7 (4.7.3-6) ...
Setting up libgcc-4.7-dev:amd64 (4.7.3-6) ...
Setting up gcc-4.7 (4.7.3-6) ...

┌──────────────────────────────────────────────────────────────────────────────┐
│ Fetch source files                                                           │
└──────────────────────────────────────────────────────────────────────────────┘


Check APT
─────────

Checking available source versions...

Download source files with APT
──────────────────────────────

Reading package lists...
Building dependency tree...
Reading state information...
Need to get 871 kB of source archives.
Get:1 http://localhost:9999/debian/ unstable/main hwinfo 16.0-2.2 (dsc) [1197 B]
Get:2 http://localhost:9999/debian/ unstable/main hwinfo 16.0-2.2 (tar) [859 kB]
Get:3 http://localhost:9999/debian/ unstable/main hwinfo 16.0-2.2 (diff) [11.2 kB]
Fetched 871 kB in 0s (2497 kB/s)
Download complete and in download only mode

Check arch
──────────


┌──────────────────────────────────────────────────────────────────────────────┐
│ Chroot Setup Commands                                                        │
└──────────────────────────────────────────────────────────────────────────────┘


/tmp/switch-to-clang
────────────────────

+ echo 'Entering customization script...'
Entering customization script...
+ echo 'Install of clang'
Install of clang
+ apt-get update
Hit http://localhost:9999 unstable InRelease
Hit http://localhost:9999 unstable/main Sources/DiffIndex
Hit http://localhost:9999 unstable/main amd64 Packages/DiffIndex
Hit http://localhost:9999 unstable/main Translation-en/DiffIndex
Reading package lists...
+ apt-get install --yes --no-install-recommends --force-yes clang-3.3
Reading package lists...
Building dependency tree...
Reading state information...
The following extra packages will be installed:
  libclang-common-3.3-dev libclang1-3.3 libffi6 libllvm3.3 libobjc-4.7-dev
  libobjc4 libstdc++6-4.7-dev
Suggested packages:
  libstdc++6-4.7-doc
Recommended packages:
  llvm-3.3-dev python
The following NEW packages will be installed:
  clang-3.3 libclang-common-3.3-dev libclang1-3.3 libffi6 libllvm3.3
  libobjc-4.7-dev libobjc4 libstdc++6-4.7-dev
0 upgraded, 8 newly installed, 0 to remove and 0 not upgraded.
Need to get 27.2 MB of archives.
After this operation, 80.8 MB of additional disk space will be used.
Get:1 http://localhost:9999/debian/ unstable/main libffi6 amd64 3.0.13-4 [21.6 kB]
Get:2 http://localhost:9999/debian/ unstable/main libllvm3.3 amd64 1:3.3-3 [8575 kB]
Get:3 http://localhost:9999/debian/ unstable/main libobjc4 amd64 4.8.1-6 [160 kB]
Get:4 http://localhost:9999/debian/ unstable/main libstdc++6-4.7-dev amd64 4.7.3-6 [1694 kB]
Get:5 http://localhost:9999/debian/ unstable/main libobjc-4.7-dev amd64 4.7.3-6 [719 kB]
Get:6 http://localhost:9999/debian/ unstable/main libclang-common-3.3-dev amd64 1:3.3-3 [574 kB]
Get:7 http://localhost:9999/debian/ unstable/main libclang1-3.3 amd64 1:3.3-3 [4579 kB]
Get:8 http://localhost:9999/debian/ unstable/main clang-3.3 amd64 1:3.3-3 [10.9 MB]
debconf: delaying package configuration, since apt-utils is not installed
Fetched 27.2 MB in 1s (25.6 MB/s)
Selecting previously unselected package libffi6:amd64.
(Reading database ... 13843 files and directories currently installed.)
Unpacking libffi6:amd64 (from .../libffi6_3.0.13-4_amd64.deb) ...
Selecting previously unselected package libllvm3.3:amd64.
Unpacking libllvm3.3:amd64 (from .../libllvm3.3_1%3a3.3-3_amd64.deb) ...
Selecting previously unselected package libobjc4:amd64.
Unpacking libobjc4:amd64 (from .../libobjc4_4.8.1-6_amd64.deb) ...
Selecting previously unselected package libstdc++6-4.7-dev:amd64.
Unpacking libstdc++6-4.7-dev:amd64 (from .../libstdc++6-4.7-dev_4.7.3-6_amd64.deb) ...
Selecting previously unselected package libobjc-4.7-dev:amd64.
Unpacking libobjc-4.7-dev:amd64 (from .../libobjc-4.7-dev_4.7.3-6_amd64.deb) ...
Selecting previously unselected package libclang-common-3.3-dev.
Unpacking libclang-common-3.3-dev (from .../libclang-common-3.3-dev_1%3a3.3-3_amd64.deb) ...
Selecting previously unselected package libclang1-3.3.
Unpacking libclang1-3.3 (from .../libclang1-3.3_1%3a3.3-3_amd64.deb) ...
Selecting previously unselected package clang-3.3.
Unpacking clang-3.3 (from .../clang-3.3_1%3a3.3-3_amd64.deb) ...
Setting up libffi6:amd64 (3.0.13-4) ...
Setting up libllvm3.3:amd64 (1:3.3-3) ...
Setting up libobjc4:amd64 (4.8.1-6) ...
Setting up libstdc++6-4.7-dev:amd64 (4.7.3-6) ...
Setting up libobjc-4.7-dev:amd64 (4.7.3-6) ...
Setting up libclang-common-3.3-dev (1:3.3-3) ...
Setting up libclang1-3.3 (1:3.3-3) ...
Setting up clang-3.3 (1:3.3-3) ...
Processing triggers for libc-bin ...
+ echo 'Replace gcc, g++ & cpp by clang'
Replace gcc, g++ & cpp by clang
+ VERSIONS='4.6 4.7 4.8'
+ cd /usr/bin
+ for VERSION in '$VERSIONS'
+ rm -f g++-4.6 gcc-4.6 cpp-4.6
+ ln -s clang++ g++-4.6
+ ln -s clang gcc-4.6
+ ln -s clang cpp-4.6
+ for VERSION in '$VERSIONS'
+ rm -f g++-4.7 gcc-4.7 cpp-4.7
+ ln -s clang++ g++-4.7
+ ln -s clang gcc-4.7
+ ln -s clang cpp-4.7
+ for VERSION in '$VERSIONS'
+ rm -f g++-4.8 gcc-4.8 cpp-4.8
+ ln -s clang++ g++-4.8
+ ln -s clang gcc-4.8
+ ln -s clang cpp-4.8
+ cd -
/«BUILDDIR»
+ echo 'Block the installation of new gcc version'
Block the installation of new gcc version
+ dpkg --set-selections
+ echo 'gcc-4.6 hold'
+ dpkg --set-selections
+ echo 'cpp-4.6 hold'
+ dpkg --set-selections
+ echo 'g++-4.6 hold'
+ dpkg --set-selections
+ echo 'gcc-4.7 hold'
+ dpkg --set-selections
+ echo 'cpp-4.7 hold'
+ dpkg --set-selections
+ echo 'g++-4.7 hold'
+ dpkg --set-selections
+ echo 'gcc-4.8 hold'
+ dpkg --set-selections
+ echo 'cpp-4.8 hold'
+ dpkg --set-selections
+ echo 'g++-4.8 hold'
+ echo 'Check if gcc, g++ & cpp are actually clang'
Check if gcc, g++ & cpp are actually clang
+ grep clang
+ gcc --version
+ grep clang
+ cpp --version
+ grep clang
+ g++ --version

I: Finished running '/tmp/switch-to-clang'.

Finished processing commands.
────────────────────────────────────────────────────────────────────────────────
Merged Build-Depends: build-essential, fakeroot
Filtered Build-Depends: build-essential, fakeroot
dpkg-deb: building package `sbuild-build-depends-core-dummy' in `/«BUILDDIR»/resolver-2sz4J8/apt_archive/sbuild-build-depends-core-dummy.deb'.
OK
Reading package lists...

┌──────────────────────────────────────────────────────────────────────────────┐
│ Install core build dependencies (apt-based resolver)                         │
└──────────────────────────────────────────────────────────────────────────────┘

Installing build dependencies
Reading package lists...
Building dependency tree...
Reading state information...
The following NEW packages will be installed:
  sbuild-build-depends-core-dummy
debconf: delaying package configuration, since apt-utils is not installed
0 upgraded, 1 newly installed, 0 to remove and 0 not upgraded.
Need to get 0 B/710 B of archives.
After this operation, 0 B of additional disk space will be used.
Selecting previously unselected package sbuild-build-depends-core-dummy.
(Reading database ... 14698 files and directories currently installed.)
Unpacking sbuild-build-depends-core-dummy (from .../sbuild-build-depends-core-dummy.deb) ...
Setting up sbuild-build-depends-core-dummy (0.invalid.0) ...
Merged Build-Depends: base-files, base-passwd, bash, bsdutils, coreutils, dash, debianutils, diffutils, dpkg, e2fsprogs, findutils, grep, gzip, hostname, libc-bin, login, mount, ncurses-base, ncurses-bin, perl-base, sed, sysvinit, sysvinit-utils, tar, util-linux, libc6-dev | libc-dev, gcc (>= 4:4.4.3), g++ (>= 4:4.4.3), make, dpkg-dev (>= 1.13.5), debhelper (>= 7.2.11), quilt, perl, flex, libdbus-1-dev, libhal-dev, linux-kernel-headers, doxygen, pkg-config
Filtered Build-Depends: base-files, base-passwd, bash, bsdutils, coreutils, dash, debianutils, diffutils, dpkg, e2fsprogs, findutils, grep, gzip, hostname, libc-bin, login, mount, ncurses-base, ncurses-bin, perl-base, sed, sysvinit, sysvinit-utils, tar, util-linux, libc6-dev, gcc (>= 4:4.4.3), g++ (>= 4:4.4.3), make, dpkg-dev (>= 1.13.5), debhelper (>= 7.2.11), quilt, perl, flex, libdbus-1-dev, libhal-dev, linux-kernel-headers, doxygen, pkg-config
dpkg-deb: building package `sbuild-build-depends-hwinfo-dummy' in `/«BUILDDIR»/resolver-LYURBp/apt_archive/sbuild-build-depends-hwinfo-dummy.deb'.
OK
Reading package lists...

┌──────────────────────────────────────────────────────────────────────────────┐
│ Install hwinfo build dependencies (apt-based resolver)                       │
└──────────────────────────────────────────────────────────────────────────────┘

Installing build dependencies
Reading package lists...
Building dependency tree...
Reading state information...
The following extra packages will be installed:
  bsdmainutils debhelper diffstat doxygen file flex gettext gettext-base
  groff-base intltool-debian libasprintf0c2 libcroco3 libdbus-1-3
  libdbus-1-dev libglib2.0-0 libhal-dev libhal1 libmagic1 libpipeline1
  libpopt0 libsigsegv2 libunistring0 libxml2 m4 man-db pkg-config po-debconf
  quilt
Suggested packages:
  wamerican wordlist whois vacation dh-make doxygen-doc doxygen-gui graphviz
  bison gettext-doc groff hal-doc less www-browser libmail-box-perl procmail
  default-mta mail-transport-agent
Recommended packages:
  doxygen-latex curl wget lynx-cur autopoint libasprintf-dev libgettextpo-dev
  dbus libglib2.0-data shared-mime-info xml-core libmail-sendmail-perl
The following NEW packages will be installed:
  bsdmainutils debhelper diffstat doxygen file flex gettext gettext-base
  groff-base intltool-debian libasprintf0c2 libcroco3 libdbus-1-3
  libdbus-1-dev libglib2.0-0 libhal-dev libhal1 libmagic1 libpipeline1
  libpopt0 libsigsegv2 libunistring0 libxml2 m4 man-db pkg-config po-debconf
  quilt sbuild-build-depends-hwinfo-dummy
0 upgraded, 29 newly installed, 0 to remove and 0 not upgraded.
Need to get 13.3 MB/13.3 MB of archives.
After this operation, 37.1 MB of additional disk space will be used.
Get:1 http://localhost:9999/debian/ unstable/main libpipeline1 amd64 1.2.4-1 [41.0 kB]
Get:2 http://localhost:9999/debian/ unstable/main libpopt0 amd64 1.16-7 [56.4 kB]
Get:3 http://localhost:9999/debian/ unstable/main groff-base amd64 1.22.2-3 [747 kB]
Get:4 http://localhost:9999/debian/ unstable/main bsdmainutils amd64 9.0.5 [211 kB]
Get:5 http://localhost:9999/debian/ unstable/main man-db amd64 2.6.5-2 [976 kB]
Get:6 http://localhost:9999/debian/ unstable/main libasprintf0c2 amd64 0.18.3-1 [29.6 kB]
Get:7 http://localhost:9999/debian/ unstable/main libmagic1 amd64 1:5.14-2 [216 kB]
Get:8 http://localhost:9999/debian/ unstable/main libxml2 amd64 2.9.1+dfsg1-2 [911 kB]
Get:9 http://localhost:9999/debian/ unstable/main libsigsegv2 amd64 2.10-2 [29.8 kB]
Get:10 http://localhost:9999/debian/ unstable/main m4 amd64 1.4.16-5 [260 kB]
Get:11 http://localhost:9999/debian/ unstable/main flex amd64 2.5.35-10.1 [332 kB]
Get:12 http://localhost:9999/debian/ unstable/main libglib2.0-0 amd64 2.36.3-3 [2048 kB]
Get:13 http://localhost:9999/debian/ unstable/main libcroco3 amd64 0.6.8-2 [133 kB]
Get:14 http://localhost:9999/debian/ unstable/main libdbus-1-3 amd64 1.6.12-1 [172 kB]
Get:15 http://localhost:9999/debian/ unstable/main libunistring0 amd64 0.9.3-5 [434 kB]
Get:16 http://localhost:9999/debian/ unstable/main file amd64 1:5.14-2 [54.0 kB]
Get:17 http://localhost:9999/debian/ unstable/main gettext-base amd64 0.18.3-1 [161 kB]
Get:18 http://localhost:9999/debian/ unstable/main gettext amd64 0.18.3-1 [1898 kB]
Get:19 http://localhost:9999/debian/ unstable/main intltool-debian all 0.35.0+20060710.1 [30.8 kB]
Get:20 http://localhost:9999/debian/ unstable/main po-debconf all 1.0.16+nmu2 [224 kB]
Get:21 http://localhost:9999/debian/ unstable/main debhelper all 9.20130630 [710 kB]
Get:22 http://localhost:9999/debian/ unstable/main diffstat amd64 1.55-3 [30.0 kB]
Get:23 http://localhost:9999/debian/ unstable/main doxygen amd64 1.8.4-1 [2740 kB]
Get:24 http://localhost:9999/debian/ unstable/main pkg-config amd64 0.26-1 [59.5 kB]
Get:25 http://localhost:9999/debian/ unstable/main libdbus-1-dev amd64 1.6.12-1 [247 kB]
Get:26 http://localhost:9999/debian/ unstable/main libhal1 amd64 0.5.14-8 [101 kB]
Get:27 http://localhost:9999/debian/ unstable/main libhal-dev amd64 0.5.14-8 [105 kB]
Get:28 http://localhost:9999/debian/ unstable/main quilt all 0.60-8 [381 kB]
debconf: delaying package configuration, since apt-utils is not installed
Fetched 13.3 MB in 0s (17.3 MB/s)
Selecting previously unselected package libpipeline1:amd64.
(Reading database ... 14698 files and directories currently installed.)
Unpacking libpipeline1:amd64 (from .../libpipeline1_1.2.4-1_amd64.deb) ...
Selecting previously unselected package libpopt0:amd64.
Unpacking libpopt0:amd64 (from .../libpopt0_1.16-7_amd64.deb) ...
Selecting previously unselected package groff-base.
Unpacking groff-base (from .../groff-base_1.22.2-3_amd64.deb) ...
Selecting previously unselected package bsdmainutils.
Unpacking bsdmainutils (from .../bsdmainutils_9.0.5_amd64.deb) ...
Selecting previously unselected package man-db.
Unpacking man-db (from .../man-db_2.6.5-2_amd64.deb) ...
Selecting previously unselected package libasprintf0c2:amd64.
Unpacking libasprintf0c2:amd64 (from .../libasprintf0c2_0.18.3-1_amd64.deb) ...
Selecting previously unselected package libmagic1:amd64.
Unpacking libmagic1:amd64 (from .../libmagic1_1%3a5.14-2_amd64.deb) ...
Selecting previously unselected package libxml2:amd64.
Unpacking libxml2:amd64 (from .../libxml2_2.9.1+dfsg1-2_amd64.deb) ...
Selecting previously unselected package libsigsegv2:amd64.
Unpacking libsigsegv2:amd64 (from .../libsigsegv2_2.10-2_amd64.deb) ...
Selecting previously unselected package m4.
Unpacking m4 (from .../archives/m4_1.4.16-5_amd64.deb) ...
Selecting previously unselected package flex.
Unpacking flex (from .../flex_2.5.35-10.1_amd64.deb) ...
Selecting previously unselected package libglib2.0-0:amd64.
Unpacking libglib2.0-0:amd64 (from .../libglib2.0-0_2.36.3-3_amd64.deb) ...
Selecting previously unselected package libcroco3:amd64.
Unpacking libcroco3:amd64 (from .../libcroco3_0.6.8-2_amd64.deb) ...
Selecting previously unselected package libdbus-1-3:amd64.
Unpacking libdbus-1-3:amd64 (from .../libdbus-1-3_1.6.12-1_amd64.deb) ...
Selecting previously unselected package libunistring0:amd64.
Unpacking libunistring0:amd64 (from .../libunistring0_0.9.3-5_amd64.deb) ...
Selecting previously unselected package file.
Unpacking file (from .../file_1%3a5.14-2_amd64.deb) ...
Selecting previously unselected package gettext-base.
Unpacking gettext-base (from .../gettext-base_0.18.3-1_amd64.deb) ...
Selecting previously unselected package gettext.
Unpacking gettext (from .../gettext_0.18.3-1_amd64.deb) ...
Selecting previously unselected package intltool-debian.
Unpacking intltool-debian (from .../intltool-debian_0.35.0+20060710.1_all.deb) ...
Selecting previously unselected package po-debconf.
Unpacking po-debconf (from .../po-debconf_1.0.16+nmu2_all.deb) ...
Selecting previously unselected package debhelper.
Unpacking debhelper (from .../debhelper_9.20130630_all.deb) ...
Selecting previously unselected package diffstat.
Unpacking diffstat (from .../diffstat_1.55-3_amd64.deb) ...
Selecting previously unselected package doxygen.
Unpacking doxygen (from .../doxygen_1.8.4-1_amd64.deb) ...
Selecting previously unselected package pkg-config.
Unpacking pkg-config (from .../pkg-config_0.26-1_amd64.deb) ...
Selecting previously unselected package libdbus-1-dev:amd64.
Unpacking libdbus-1-dev:amd64 (from .../libdbus-1-dev_1.6.12-1_amd64.deb) ...
Selecting previously unselected package libhal1.
Unpacking libhal1 (from .../libhal1_0.5.14-8_amd64.deb) ...
Selecting previously unselected package libhal-dev.
Unpacking libhal-dev (from .../libhal-dev_0.5.14-8_amd64.deb) ...
Selecting previously unselected package quilt.
Unpacking quilt (from .../archives/quilt_0.60-8_all.deb) ...
Selecting previously unselected package sbuild-build-depends-hwinfo-dummy.
Unpacking sbuild-build-depends-hwinfo-dummy (from .../sbuild-build-depends-hwinfo-dummy.deb) ...
Setting up libpipeline1:amd64 (1.2.4-1) ...
Setting up libpopt0:amd64 (1.16-7) ...
Setting up groff-base (1.22.2-3) ...
Setting up bsdmainutils (9.0.5) ...
update-alternatives: using /usr/bin/bsd-write to provide /usr/bin/write (write) in auto mode
update-alternatives: using /usr/bin/bsd-from to provide /usr/bin/from (from) in auto mode
Setting up man-db (2.6.5-2) ...
Not building database; man-db/auto-update is not 'true'.
Setting up libasprintf0c2:amd64 (0.18.3-1) ...
Setting up libmagic1:amd64 (1:5.14-2) ...
Setting up libxml2:amd64 (2.9.1+dfsg1-2) ...
Setting up libsigsegv2:amd64 (2.10-2) ...
Setting up m4 (1.4.16-5) ...
Setting up flex (2.5.35-10.1) ...
Setting up libglib2.0-0:amd64 (2.36.3-3) ...
No schema files found: doing nothing.
Setting up libcroco3:amd64 (0.6.8-2) ...
Setting up libdbus-1-3:amd64 (1.6.12-1) ...
Setting up libunistring0:amd64 (0.9.3-5) ...
Setting up file (1:5.14-2) ...
Setting up gettext-base (0.18.3-1) ...
Setting up gettext (0.18.3-1) ...
Setting up intltool-debian (0.35.0+20060710.1) ...
Setting up po-debconf (1.0.16+nmu2) ...
Setting up debhelper (9.20130630) ...
Setting up diffstat (1.55-3) ...
Setting up doxygen (1.8.4-1) ...
Setting up pkg-config (0.26-1) ...
Setting up libdbus-1-dev:amd64 (1.6.12-1) ...
Setting up libhal1 (0.5.14-8) ...
Setting up libhal-dev (0.5.14-8) ...
Setting up quilt (0.60-8) ...
Setting up sbuild-build-depends-hwinfo-dummy (0.invalid.0) ...
Processing triggers for libc-bin ...

┌──────────────────────────────────────────────────────────────────────────────┐
│ Build environment                                                            │
└──────────────────────────────────────────────────────────────────────────────┘

Kernel: Linux 2.6.32-5-xen-amd64 amd64 (x86_64)
Toolchain package versions: binutils_2.23.52.20130620-1 dpkg-dev_1.16.10 g++-4.6_4.6.4-4 g++-4.8_4.8.1-6 gcc-4.6_4.6.4-4 gcc-4.7_4.7.3-6 gcc-4.8_4.8.1-6 libc6-dev_2.17-7 libstdc++-4.8-dev_4.8.1-6 libstdc++6_4.8.1-6 libstdc++6-4.6-dev_4.6.4-4 libstdc++6-4.7-dev_4.7.3-6 linux-libc-dev_3.9.8-1
Package versions: apt_0.9.9.1 base-files_7.2 base-passwd_3.5.26 bash_4.2+dfsg-1 binutils_2.23.52.20130620-1 bsdmainutils_9.0.5 bsdutils_1:2.20.1-5.5 build-essential_11.6 bzip2_1.0.6-4 clang-3.3_1:3.3-3 coreutils_8.20-3 cpp_4:4.8.1-2 cpp-4.6_4.6.4-4 cpp-4.7_4.7.3-6 cpp-4.8_4.8.1-6 dash_0.5.7-3 debconf_1.5.50 debconf-i18n_1.5.50 debfoster_2.7-1.2 debhelper_9.20130630 debian-archive-keyring_2012.4 debianutils_4.3.4 diffstat_1.55-3 diffutils_1:3.2-8 doxygen_1.8.4-1 dpkg_1.16.10 dpkg-dev_1.16.10 e2fslibs_1.42.8-1 e2fsprogs_1.42.8-1 fakeroot_1.19-2 file_1:5.14-2 findutils_4.4.2-6 flex_2.5.35-10.1 g++_4:4.8.1-2 g++-4.6_4.6.4-4 g++-4.8_4.8.1-6 gcc_4:4.8.1-2 gcc-4.4-base_4.4.7-4 gcc-4.5-base_4.5.4-1 gcc-4.6_4.6.4-4 gcc-4.6-base_4.6.4-4 gcc-4.7_4.7.3-6 gcc-4.7-base_4.7.3-6 gcc-4.8_4.8.1-6 gcc-4.8-base_4.8.1-6 gettext_0.18.3-1 gettext-base_0.18.3-1 gnupg_1.4.12-7 gpgv_1.4.12-7 grep_2.14-2 groff-base_1.22.2-3 gzip_1.6-1 hostname_3.13 initscripts_2.88dsf-42 insserv_1.14.0-5 intltool-debian_0.35.0+20060710.1 libacl1_2.2.52-1 libapt-pkg4.12_0.9.9.1 libasan0_4.8.1-6 libasprintf0c2_0.18.3-1 libatomic1_4.8.1-6 libattr1_1:2.4.47-1 libblkid1_2.20.1-5.5 libbz2-1.0_1.0.6-4 libc-bin_2.17-7 libc-dev-bin_2.17-7 libc6_2.17-7 libc6-dev_2.17-7 libcap2_1:2.22-1.2 libclang-common-3.3-dev_1:3.3-3 libclang1-3.3_1:3.3-3 libclass-isa-perl_0.36-5 libcloog-isl4_0.18.0-2 libcloog-ppl1_0.16.1-3 libcomerr2_1.42.8-1 libcroco3_0.6.8-2 libdb5.1_5.1.29-6 libdbus-1-3_1.6.12-1 libdbus-1-dev_1.6.12-1 libdpkg-perl_1.16.10 libffi6_3.0.13-4 libfile-fcntllock-perl_0.14-2 libgc1c2_1:7.2d-5 libgcc-4.7-dev_4.7.3-6 libgcc-4.8-dev_4.8.1-6 libgcc1_1:4.8.1-6 libgdbm3_1.8.3-12 libglib2.0-0_2.36.3-3 libgmp10_2:5.1.2+dfsg-2 libgmpxx4ldbl_2:5.1.2+dfsg-2 libgomp1_4.8.1-6 libgpm2_1.20.4-6.1 libhal-dev_0.5.14-8 libhal1_0.5.14-8 libisl10_0.11.2-1 libitm1_4.8.1-6 libllvm3.3_1:3.3-3 liblocale-gettext-perl_1.05-7+b1 liblzma5_5.1.1alpha+20120614-2 libmagic1_1:5.14-2 libmount1_2.20.1-5.5 libmpc2_0.9-4 libmpc3_1.0.1-1 libmpfr4_3.1.1-1 libncurses5_5.9+20130608-1 libobjc-4.7-dev_4.7.3-6 libobjc4_4.8.1-6 libpam-modules_1.1.3-9 libpam-modules-bin_1.1.3-9 libpam-runtime_1.1.3-9 libpam0g_1.1.3-9 libpcre3_1:8.31-2 libpipeline1_1.2.4-1 libpopt0_1.16-7 libppl-c4_1:1.0-7 libppl12_1:1.0-7 libquadmath0_4.8.1-6 libreadline6_6.2+dfsg-0.1 libselinux1_2.1.13-2 libsemanage-common_2.1.10-2 libsemanage1_2.1.10-2 libsepol1_2.1.9-2 libsigsegv2_2.10-2 libslang2_2.2.4-15 libss2_1.42.8-1 libstdc++-4.8-dev_4.8.1-6 libstdc++6_4.8.1-6 libstdc++6-4.6-dev_4.6.4-4 libstdc++6-4.7-dev_4.7.3-6 libswitch-perl_2.16-2 libtext-charwidth-perl_0.04-7+b1 libtext-iconv-perl_1.7-5 libtext-wrapi18n-perl_0.06-7 libtimedate-perl_1.2000-1 libtinfo5_5.9+20130608-1 libtsan0_4.8.1-6 libunistring0_0.9.3-5 libusb-0.1-4_2:0.1.12-23.2 libustr-1.0-1_1.0.4-3 libuuid1_2.20.1-5.5 libxml2_2.9.1+dfsg1-2 linux-libc-dev_3.9.8-1 login_1:4.1.5.1-1 lsb-base_4.1+Debian12 m4_1.4.16-5 make_3.81-8.2 man-db_2.6.5-2 mawk_1.3.3-17 mount_2.20.1-5.5 multiarch-support_2.17-7 ncurses-base_5.9+20130608-1 ncurses-bin_5.9+20130608-1 passwd_1:4.1.5.1-1 patch_2.7.1-3 perl_5.14.2-21 perl-base_5.14.2-21 perl-modules_5.14.2-21 pkg-config_0.26-1 po-debconf_1.0.16+nmu2 quilt_0.60-8 readline-common_6.2+dfsg-0.1 sbuild-build-depends-core-dummy_0.invalid.0 sbuild-build-depends-hwinfo-dummy_0.invalid.0 sed_4.2.2-1 sensible-utils_0.0.9 sudo_1.8.5p2-1+nmu1 sysv-rc_2.88dsf-42 sysvinit_2.88dsf-42 sysvinit-utils_2.88dsf-42 tar_1.26+dfsg-6 tzdata_2013c-2 ucf_3.0027+nmu1 util-linux_2.20.1-5.5 vim_2:7.3.923-3 vim-common_2:7.3.923-3 vim-runtime_2:7.3.923-3 xz-utils_5.1.1alpha+20120614-2 zlib1g_1:1.2.8.dfsg-1

┌──────────────────────────────────────────────────────────────────────────────┐
│ Build                                                                        │
└──────────────────────────────────────────────────────────────────────────────┘


Unpack source
─────────────

gpgv: keyblock resource `/sbuild-nonexistent/.gnupg/trustedkeys.gpg': file open error
gpgv: Signature made Mon Jan 16 11:03:54 2012 UTC using DSA key ID 37E272E8
gpgv: Can't check signature: public key not found
dpkg-source: warning: failed to verify signature on ./hwinfo_16.0-2.2.dsc
dpkg-source: info: extracting hwinfo in hwinfo-16.0
dpkg-source: info: unpacking hwinfo_16.0.orig.tar.gz
dpkg-source: info: applying hwinfo_16.0-2.2.diff.gz

Check disc space
────────────────

Sufficient free space for build

Hack binNMU version
───────────────────

Created changelog entry for binNMU version 16.0-2.2clang1

User Environment
────────────────

HOME=/sbuild-nonexistent
LOGNAME=user
PATH=/usr/local/sbin:/usr/local/bin:/usr/sbin:/usr/bin:/sbin:/bin:/usr/games
SCHROOT_ALIAS_NAME=unstable-amd64-sbuild
SCHROOT_CHROOT_NAME=unstable-amd64-sbuild
SCHROOT_COMMAND=env
SCHROOT_GID=1000
SCHROOT_GROUP=user
SCHROOT_SESSION_ID=unstable-amd64-sbuild-4a2631f0-f9f2-43aa-9639-d3f18a8ea177
SCHROOT_UID=1000
SCHROOT_USER=user
SHELL=/bin/sh
USER=user

dpkg-buildpackage
─────────────────

dpkg-buildpackage: source package hwinfo
dpkg-buildpackage: source version 16.0-2.2clang1
 dpkg-source --before-build hwinfo-16.0
dpkg-buildpackage: host architecture amd64
 fakeroot debian/rules clean
dh_testdir
dh_testroot
rm -f build-arch-stamp build-indep-stamp patch-stamp
[ ! -f Makefile ] || /usr/bin/make distclean
make[1]: Entering directory `/«PKGBUILDDIR»'
make[2]: Entering directory `/«PKGBUILDDIR»/src'
make[3]: Entering directory `/«PKGBUILDDIR»/src/hd'
make[3]: Leaving directory `/«PKGBUILDDIR»/src/hd'
make[3]: Entering directory `/«PKGBUILDDIR»/src/isdn'
make[4]: Entering directory `/«PKGBUILDDIR»/src/isdn/cdb'
make[4]: Leaving directory `/«PKGBUILDDIR»/src/isdn/cdb'
make[3]: Leaving directory `/«PKGBUILDDIR»/src/isdn'
make[3]: Entering directory `/«PKGBUILDDIR»/src/ids'
make[3]: Leaving directory `/«PKGBUILDDIR»/src/ids'
make[3]: Entering directory `/«PKGBUILDDIR»/src/x86emu'
make[3]: Leaving directory `/«PKGBUILDDIR»/src/x86emu'
make[3]: Entering directory `/«PKGBUILDDIR»/src/int10'
make[3]: Leaving directory `/«PKGBUILDDIR»/src/int10'
make[2]: Leaving directory `/«PKGBUILDDIR»/src'
make[1]: Leaving directory `/«PKGBUILDDIR»'
quilt pop -a
No patch removed
make: [clean] Error 2 (ignored)
rm -rf .pc
dh_clean 
 debian/rules build-arch
dh_testdir
quilt push -a || test $? = 2
Applying patch hwinfo.8-strip_suse
patching file doc/hwinfo.8

Applying patch new_archs
patching file src/hd/hd.c

Applying patch sparc_kioc
patching file src/hd/kbd.c
Hunk #2 succeeded at 258 (offset 6 lines).

Applying patch serial_struct
patching file src/hd/kbd.c

Applying patch kbd.c-tiocgdev_undefined
patching file src/hd/kbd.c
Hunk #1 succeeded at 121 with fuzz 2.

Applying patch cpu.c-alpha_bogo
patching file src/hd/cpu.c

Applying patch fix-ftbfs
patching file src/int10/i10_v86.c

Applying patch sh_support.patch
patching file src/hd/hd.c

Applying patch dbus_pkg_config.patch
patching file src/hd/Makefile

Applying patch as-needed.patch
patching file src/Makefile

Applying patch fix_segfault_in_hd_is_xen_on_amd64
patching file src/hd/hd.c
Hunk #1 succeeded at 3257 (offset 12 lines).

Now at patch fix_segfault_in_hd_is_xen_on_amd64
touch patch-stamp
/usr/bin/make
make[1]: Entering directory `/«PKGBUILDDIR»'
make[1]: Leaving directory `/«PKGBUILDDIR»'
make[1]: Entering directory `/«PKGBUILDDIR»'
make[2]: Entering directory `/«PKGBUILDDIR»/src'
make[3]: Entering directory `/«PKGBUILDDIR»/src/hd'
make[3]: Leaving directory `/«PKGBUILDDIR»/src/hd'
make[3]: Entering directory `/«PKGBUILDDIR»/src/hd'
gcc -c -O2 -Wall -Wno-pointer-sign -pipe -g -fPIC  -I../../src/hd -I/usr/include/dbus-1.0 -I/usr/lib/x86_64-linux-gnu/dbus-1.0/include   bios.c
gcc -c -O2 -Wall -Wno-pointer-sign -pipe -g -fPIC  -I../../src/hd -I/usr/include/dbus-1.0 -I/usr/lib/x86_64-linux-gnu/dbus-1.0/include   block.c
gcc -c -O2 -Wall -Wno-pointer-sign -pipe -g -fPIC  -I../../src/hd -I/usr/include/dbus-1.0 -I/usr/lib/x86_64-linux-gnu/dbus-1.0/include   braille.c
gcc -c -O2 -Wall -Wno-pointer-sign -pipe -g -fPIC  -I../../src/hd -I/usr/include/dbus-1.0 -I/usr/lib/x86_64-linux-gnu/dbus-1.0/include   cpu.c
cpu.c:245:64: warning: if statement has empty body [-Wempty-body]
    if(sscanf(sl->str, "model name : %79[^\n]", model_id) == 1);
                                                               ^
cpu.c:245:64: note: put the semicolon on a separate line to silence this warning
cpu.c:246:64: warning: if statement has empty body [-Wempty-body]
    if(sscanf(sl->str, "vendor_id : %79[^\n]", vendor_id) == 1);
                                                               ^
cpu.c:246:64: note: put the semicolon on a separate line to silence this warning
cpu.c:247:60: warning: if statement has empty body [-Wempty-body]
    if(sscanf(sl->str, "flags : %255[^\n]", features) == 1);
                                                           ^
cpu.c:247:60: note: put the semicolon on a separate line to silence this warning
cpu.c:248:54: warning: if statement has empty body [-Wempty-body]
    if(sscanf(sl->str, "bogomips : %lg", &bogo) == 1);
                                                     ^
cpu.c:248:54: note: put the semicolon on a separate line to silence this warning
cpu.c:249:51: warning: if statement has empty body [-Wempty-body]
    if(sscanf(sl->str, "cpu MHz : %u", &mhz) == 1);
                                                  ^
cpu.c:249:51: note: put the semicolon on a separate line to silence this warning
cpu.c:250:59: warning: if statement has empty body [-Wempty-body]
    if(sscanf(sl->str, "cache size : %u KB", &cache) == 1);
                                                          ^
cpu.c:250:59: note: put the semicolon on a separate line to silence this warning
cpu.c:252:57: warning: if statement has empty body [-Wempty-body]
    if(sscanf(sl->str, "cpu family : %u", &family) == 1);
                                                        ^
cpu.c:252:57: note: put the semicolon on a separate line to silence this warning
cpu.c:253:51: warning: if statement has empty body [-Wempty-body]
    if(sscanf(sl->str, "model : %u", &model) == 1);
                                                  ^
cpu.c:253:51: note: put the semicolon on a separate line to silence this warning
cpu.c:254:57: warning: if statement has empty body [-Wempty-body]
    if(sscanf(sl->str, "stepping : %u", &stepping) == 1);
                                                        ^
cpu.c:254:57: note: put the semicolon on a separate line to silence this warning
9 warnings generated.
gcc -c -O2 -Wall -Wno-pointer-sign -pipe -g -fPIC  -I../../src/hd -I/usr/include/dbus-1.0 -I/usr/lib/x86_64-linux-gnu/dbus-1.0/include   edd.c
gcc -c -O2 -Wall -Wno-pointer-sign -pipe -g -fPIC  -I../../src/hd -I/usr/include/dbus-1.0 -I/usr/lib/x86_64-linux-gnu/dbus-1.0/include   fb.c
gcc -c -O2 -Wall -Wno-pointer-sign -pipe -g -fPIC  -I../../src/hd -I/usr/include/dbus-1.0 -I/usr/lib/x86_64-linux-gnu/dbus-1.0/include   floppy.c
gcc -c -O2 -Wall -Wno-pointer-sign -pipe -g -fPIC  -I../../src/hd -I/usr/include/dbus-1.0 -I/usr/lib/x86_64-linux-gnu/dbus-1.0/include   hal.c
gcc -c -O2 -Wall -Wno-pointer-sign -pipe -g -fPIC  -I../../src/hd -I/usr/include/dbus-1.0 -I/usr/lib/x86_64-linux-gnu/dbus-1.0/include   hd.c
hd.c:450:17: warning: comparison of constant 4294967295 with expression of type 'enum probe_feature' is always false [-Wtautological-constant-out-of-range-compare]
  if(pr->parent == -1u) {
     ~~~~~~~~~~ ^  ~~~
hd.c:453:29: warning: comparison of constant 4294967295 with expression of type 'enum probe_feature' is always true [-Wtautological-constant-out-of-range-compare]
      if(pr_flags[i].parent != -1u && (pr_flags[i].mask & mask))
         ~~~~~~~~~~~~~~~~~~ ^  ~~~
hd.c:490:17: warning: comparison of constant 4294967295 with expression of type 'enum probe_feature' is always false [-Wtautological-constant-out-of-range-compare]
  if(pr->parent == -1u) {
     ~~~~~~~~~~ ^  ~~~
hd.c:493:29: warning: comparison of constant 4294967295 with expression of type 'enum probe_feature' is always true [-Wtautological-constant-out-of-range-compare]
      if(pr_flags[i].parent != -1u && (pr_flags[i].mask & mask))
         ~~~~~~~~~~~~~~~~~~ ^  ~~~
hd.c:522:17: warning: comparison of constant 4294967295 with expression of type 'enum probe_feature' is always false [-Wtautological-constant-out-of-range-compare]
  if(pr->parent == -1u) {
     ~~~~~~~~~~ ^  ~~~
hd.c:525:29: warning: comparison of constant 4294967295 with expression of type 'enum probe_feature' is always true [-Wtautological-constant-out-of-range-compare]
      if(pr_flags[i].parent != -1u && (pr_flags[i].mask & mask))
         ~~~~~~~~~~~~~~~~~~ ^  ~~~
hd.c:545:14: warning: comparison of unsigned enum expression < 0 is always false [-Wtautological-compare]
  if(feature < 0 || feature >= pr_default) return 0;
     ~~~~~~~ ^ ~
hd.c:1471:30: warning: 'memset' call operates on objects of type 'scsi_t' (aka 'struct scsi_s') while the size is based on a different type 'scsi_t *' (aka 'struct scsi_s *') [-Wsizeof-pointer-memaccess]
      memset(scsi, 0, sizeof scsi);
             ~~~~            ^~~~
hd.c:1471:30: note: did you mean to dereference the argument to 'sizeof' (and multiply it by the number of elements)?
      memset(scsi, 0, sizeof scsi);
                             ^~~~
8 warnings generated.
gcc -c -O2 -Wall -Wno-pointer-sign -pipe -g -fPIC  -I../../src/hd -I/usr/include/dbus-1.0 -I/usr/lib/x86_64-linux-gnu/dbus-1.0/include   hddb.c
gcc -c -O2 -Wall -Wno-pointer-sign -pipe -g -fPIC  -I../../src/hd -I/usr/include/dbus-1.0 -I/usr/lib/x86_64-linux-gnu/dbus-1.0/include   hdp.c
hdp.c:671:35: warning: comparison of constant 4 with expression of type 'enum geo_types' is always true [-Wtautological-constant-out-of-range-compare]
        s = res->disk_geo.geotype < sizeof geo_type_str / sizeof *geo_type_str ?
            ~~~~~~~~~~~~~~~~~~~~~ ^ ~~~~~~~~~~~~~~~~~~~~~~~~~~~~~~~~~~~~~~~~~~
1 warning generated.
gcc -c -O2 -Wall -Wno-pointer-sign -pipe -g -fPIC  -I../../src/hd -I/usr/include/dbus-1.0 -I/usr/lib/x86_64-linux-gnu/dbus-1.0/include   input.c
input.c:65:28: warning: use of GNU old-style field designator extension [-Wgnu-designator]
  hd_dev_num_t dev_num = { type: 'c', range: 1 };
                           ^~~~~
                           .type = 
input.c:65:39: warning: use of GNU old-style field designator extension [-Wgnu-designator]
  hd_dev_num_t dev_num = { type: 'c', range: 1 };
                                      ^~~~~~
                                      .range = 
2 warnings generated.
gcc -c -O2 -Wall -Wno-pointer-sign -pipe -g -fPIC  -I../../src/hd -I/usr/include/dbus-1.0 -I/usr/lib/x86_64-linux-gnu/dbus-1.0/include   int.c
int.c:806:28: warning: use of GNU old-style field designator extension [-Wgnu-designator]
  hd_dev_num_t dev_num = { type: 'c', range: 1 };
                           ^~~~~
                           .type = 
int.c:806:39: warning: use of GNU old-style field designator extension [-Wgnu-designator]
  hd_dev_num_t dev_num = { type: 'c', range: 1 };
                                      ^~~~~~
                                      .range = 
2 warnings generated.
gcc -c -O2 -Wall -Wno-pointer-sign -pipe -g -fPIC  -I../../src/hd -I/usr/include/dbus-1.0 -I/usr/lib/x86_64-linux-gnu/dbus-1.0/include   isa.c
gcc -c -O2 -Wall -Wno-pointer-sign -pipe -g -fPIC  -I../../src/hd -I/usr/include/dbus-1.0 -I/usr/lib/x86_64-linux-gnu/dbus-1.0/include   isapnp.c
gcc -c -O2 -Wall -Wno-pointer-sign -pipe -g -fPIC  -I../../src/hd -I/usr/include/dbus-1.0 -I/usr/lib/x86_64-linux-gnu/dbus-1.0/include   isdn.c
gcc -c -O2 -Wall -Wno-pointer-sign -pipe -g -fPIC  -I../../src/hd -I/usr/include/dbus-1.0 -I/usr/lib/x86_64-linux-gnu/dbus-1.0/include   kbd.c
kbd.c:92:12: warning: unused variable 'tty_major' [-Wunused-variable]
  unsigned tty_major = 0, tty_minor = 0;
           ^
kbd.c:92:27: warning: unused variable 'tty_minor' [-Wunused-variable]
  unsigned tty_major = 0, tty_minor = 0;
                          ^
2 warnings generated.
gcc -c -O2 -Wall -Wno-pointer-sign -pipe -g -fPIC  -I../../src/hd -I/usr/include/dbus-1.0 -I/usr/lib/x86_64-linux-gnu/dbus-1.0/include   klog.c
gcc -c -O2 -Wall -Wno-pointer-sign -pipe -g -fPIC  -I../../src/hd -I/usr/include/dbus-1.0 -I/usr/lib/x86_64-linux-gnu/dbus-1.0/include   manual.c
gcc -c -O2 -Wall -Wno-pointer-sign -pipe -g -fPIC  -I../../src/hd -I/usr/include/dbus-1.0 -I/usr/lib/x86_64-linux-gnu/dbus-1.0/include   memory.c
gcc -c -O2 -Wall -Wno-pointer-sign -pipe -g -fPIC  -I../../src/hd -I/usr/include/dbus-1.0 -I/usr/lib/x86_64-linux-gnu/dbus-1.0/include   misc.c
gcc -c -O2 -Wall -Wno-pointer-sign -pipe -g -fPIC  -I../../src/hd -I/usr/include/dbus-1.0 -I/usr/lib/x86_64-linux-gnu/dbus-1.0/include   modem.c
gcc -c -O2 -Wall -Wno-pointer-sign -pipe -g -fPIC  -I../../src/hd -I/usr/include/dbus-1.0 -I/usr/lib/x86_64-linux-gnu/dbus-1.0/include   monitor.c
gcc -c -O2 -Wall -Wno-pointer-sign -pipe -g -fPIC  -I../../src/hd -I/usr/include/dbus-1.0 -I/usr/lib/x86_64-linux-gnu/dbus-1.0/include   mouse.c
gcc -c -O2 -Wall -Wno-pointer-sign -pipe -g -fPIC  -I../../src/hd -I/usr/include/dbus-1.0 -I/usr/lib/x86_64-linux-gnu/dbus-1.0/include   net.c
net.c:418:38: warning: use of GNU old-style field designator extension [-Wgnu-designator]
  struct ethtool_drvinfo drvinfo = { cmd:ETHTOOL_GDRVINFO };
                                     ^~~~
                                     .cmd = 
net.c:451:39: warning: use of GNU old-style field designator extension [-Wgnu-designator]
  struct ethtool_value linkstatus = { cmd:ETHTOOL_GLINK };
                                      ^~~~
                                      .cmd = 
2 warnings generated.
gcc -c -O2 -Wall -Wno-pointer-sign -pipe -g -fPIC  -I../../src/hd -I/usr/include/dbus-1.0 -I/usr/lib/x86_64-linux-gnu/dbus-1.0/include   parallel.c
gcc -c -O2 -Wall -Wno-pointer-sign -pipe -g -fPIC  -I../../src/hd -I/usr/include/dbus-1.0 -I/usr/lib/x86_64-linux-gnu/dbus-1.0/include   pci.c
gcc -c -O2 -Wall -Wno-pointer-sign -pipe -g -fPIC  -I../../src/hd -I/usr/include/dbus-1.0 -I/usr/lib/x86_64-linux-gnu/dbus-1.0/include   pcmcia.c
gcc -c -O2 -Wall -Wno-pointer-sign -pipe -g -fPIC  -I../../src/hd -I/usr/include/dbus-1.0 -I/usr/lib/x86_64-linux-gnu/dbus-1.0/include   pppoe.c
gcc -c -O2 -Wall -Wno-pointer-sign -pipe -g -fPIC  -I../../src/hd -I/usr/include/dbus-1.0 -I/usr/lib/x86_64-linux-gnu/dbus-1.0/include   prom.c
gcc -c -O2 -Wall -Wno-pointer-sign -pipe -g -fPIC  -I../../src/hd -I/usr/include/dbus-1.0 -I/usr/lib/x86_64-linux-gnu/dbus-1.0/include   s390.c
gcc -c -O2 -Wall -Wno-pointer-sign -pipe -g -fPIC  -I../../src/hd -I/usr/include/dbus-1.0 -I/usr/lib/x86_64-linux-gnu/dbus-1.0/include   sbus.c
gcc -c -O2 -Wall -Wno-pointer-sign -pipe -g -fPIC  -I../../src/hd -I/usr/include/dbus-1.0 -I/usr/lib/x86_64-linux-gnu/dbus-1.0/include   serial.c
gcc -c -O2 -Wall -Wno-pointer-sign -pipe -g -fPIC  -I../../src/hd -I/usr/include/dbus-1.0 -I/usr/lib/x86_64-linux-gnu/dbus-1.0/include   smbios.c
gcc -c -O2 -Wall -Wno-pointer-sign -pipe -g -fPIC  -I../../src/hd -I/usr/include/dbus-1.0 -I/usr/lib/x86_64-linux-gnu/dbus-1.0/include   sys.c
gcc -c -O2 -Wall -Wno-pointer-sign -pipe -g -fPIC  -I../../src/hd -I/usr/include/dbus-1.0 -I/usr/lib/x86_64-linux-gnu/dbus-1.0/include   usb.c
gcc -c -O2 -Wall -Wno-pointer-sign -pipe -g -fPIC  -I../../src/hd -I/usr/include/dbus-1.0 -I/usr/lib/x86_64-linux-gnu/dbus-1.0/include   wlan.c
ar r ../../src/libhd.a bios.o block.o braille.o cpu.o edd.o fb.o floppy.o hal.o hd.o hddb.o hdp.o input.o int.o isa.o isapnp.o isdn.o kbd.o klog.o manual.o memory.o misc.o modem.o monitor.o mouse.o net.o parallel.o pci.o pcmcia.o pppoe.o prom.o s390.o sbus.o serial.o smbios.o sys.o usb.o wlan.o
ar: creating ../../src/libhd.a
make[3]: Leaving directory `/«PKGBUILDDIR»/src/hd'
make[3]: Entering directory `/«PKGBUILDDIR»/src/isdn'
make[3]: Leaving directory `/«PKGBUILDDIR»/src/isdn'
make[3]: Entering directory `/«PKGBUILDDIR»/src/isdn'
make[4]: Entering directory `/«PKGBUILDDIR»/src/isdn/cdb'
make[4]: Leaving directory `/«PKGBUILDDIR»/src/isdn/cdb'
make[4]: Entering directory `/«PKGBUILDDIR»/src/isdn/cdb'
lex isdn_cdb.lex
gcc -c -O2 -Wall -Wno-pointer-sign -pipe -g -fPIC  -I../../../src/hd mk_isdnhwdb.c
In file included from mk_isdnhwdb.c:6:
lex.yy.c:1437:17: warning: unused function 'yyunput' [-Wunused-function]
    static void yyunput (int c, register char * yy_bp )
                ^
lex.yy.c:1478:16: warning: 'static' function 'input' declared in header file should be declared 'static inline' [-Wunneeded-internal-declaration]
    static int input  (void)
               ^
2 warnings generated.
gcc -c -O2 -Wall -Wno-pointer-sign -pipe -g -fPIC  -I../../../src/hd cdb_read.c
gcc -Lsrc  mk_isdnhwdb.o cdb_read.o   -o mk_isdnhwdb
gcc -c -O2 -Wall -Wno-pointer-sign -pipe -g -fPIC  -I../../../src/hd isdn_cdb.c
In file included from isdn_cdb.c:6:
lex.yy.c:1437:17: warning: unused function 'yyunput' [-Wunused-function]
    static void yyunput (int c, register char * yy_bp )
                ^
lex.yy.c:1478:16: warning: 'static' function 'input' declared in header file should be declared 'static inline' [-Wunneeded-internal-declaration]
    static int input  (void)
               ^
2 warnings generated.
gcc -Lsrc  isdn_cdb.o cdb_read.o   -o isdn_cdb
if [ -f ISDN.x86_64.txt ]; then \
		ln -s ISDN.x86_64.txt ISDN.CDB.txt; \
	else \
		ln -s ISDN.ppc.txt ISDN.CDB.txt; \
	fi
rm -f isdn_cdb.h
./isdn_cdb ISDN.CDB.txt isdn_cdb.h
description(enter:now): under development
del_vario: 20 FRITZ!X seriell
new_entry:not_supported FRITZ!X seriell
info(FRITZ!Card PCMCIA): This card has multiple drivers, some functions are only available on the binonly driver
description(FRITZ!Card PCMCIA): OpenSource without Fax G3
del_vario: 42 Teledat USB 2a/b
new_entry:not_supported Teledat USB 2a/b
del_vario: 58 Microlink ISDN USB
new_entry:not_supported Microlink ISDN USB
info(FRITZ!Card USB v2.0): This card is supported with binonly drivers from the manufacturer
description(FRITZ!Card USB v2.0): binary only CAPI with FAX G3
info(FRITZ!Card DSL v2.0): card is supported with binary only drivers from the manufacturer
description(FRITZ!Card DSL v2.0): binary only CAPI with FAX G3 and DSL
info(FRITZ!Card DSL SL USB): DSL only card with binonly drivers from the manufacturer
description(FRITZ!Card DSL SL USB): binary only CAPI
info(FRITZ!Card DSL SL): DSL only card with binonly driver from the manufacturer
description(FRITZ!Card DSL SL): DSL only card with CAPI2.0
used cards(97/300)
used varios(101/1200)
used vendors(29/300)
used name_str(5096/76800)
rm -f  ISDN.CDB.hwdb
./mk_isdnhwdb ISDN.CDB.txt ISDN.CDB.hwdb
description(enter:now): under development
del_vario: 20 FRITZ!X seriell
new_entry:not_supported FRITZ!X seriell
info(FRITZ!Card PCMCIA): This card has multiple drivers, some functions are only available on the binonly driver
description(FRITZ!Card PCMCIA): OpenSource without Fax G3
del_vario: 42 Teledat USB 2a/b
new_entry:not_supported Teledat USB 2a/b
del_vario: 58 Microlink ISDN USB
new_entry:not_supported Microlink ISDN USB
info(FRITZ!Card USB v2.0): This card is supported with binonly drivers from the manufacturer
description(FRITZ!Card USB v2.0): binary only CAPI with FAX G3
info(FRITZ!Card DSL v2.0): card is supported with binary only drivers from the manufacturer
description(FRITZ!Card DSL v2.0): binary only CAPI with FAX G3 and DSL
info(FRITZ!Card DSL SL USB): DSL only card with binonly drivers from the manufacturer
description(FRITZ!Card DSL SL USB): binary only CAPI
info(FRITZ!Card DSL SL): DSL only card with binonly driver from the manufacturer
description(FRITZ!Card DSL SL): DSL only card with CAPI2.0
used cards(97/300)
used varios(101/1200)
used vendors(29/300)
used name_str(5096/76800)
make[4]: Leaving directory `/«PKGBUILDDIR»/src/isdn/cdb'
gcc -c -O2 -Wall -Wno-pointer-sign -pipe -g -fPIC  -I../../src/hd cdbisdn.c
gcc -c -O2 -Wall -Wno-pointer-sign -pipe -g -fPIC  -I../../src/hd isa_probe.c
ar r ../../src/libhd.a cdbisdn.o isa_probe.o
make[3]: Leaving directory `/«PKGBUILDDIR»/src/isdn'
make[3]: Entering directory `/«PKGBUILDDIR»/src/ids'
gcc -O2 -Wall -Wno-pointer-sign -pipe -g -fPIC  -I../../src/hd check_hd.c -o check_hd
check_hd.c:245:3: warning: use of GNU old-style field designator extension [-Wgnu-designator]
  logfile: "hd.log",
  ^~~~~~~~
  .logfile = 
check_hd.c:246:3: warning: use of GNU old-style field designator extension [-Wgnu-designator]
  outfile: "hd.ids"
  ^~~~~~~~
  .outfile = 
2 warnings generated.
./check_hd --check --sort --cfile hd_ids.h src/bus src/class src/extra src/special src/scanner src/network src/usb src/usb2 src/isapnp src/monitor src/camera src/tv src/dvb src/chipcard src/modem src/pcmcia src/s390 src/x11.amd64 src/pci src/storage src/sound src/mouse src/braille
data written to "hd.ids"
log written to "hd.log"
statistics:
  1049 inconsistencies fixed
  16 errors, 16 resolved
  24609 items in
  18662 items out
./check_hd --mini --cfile hd_ids_tiny.h --log=hd_tiny.log --out=hd_tiny.ids hd.ids
data written to "hd_tiny.ids"
log written to "hd_tiny.log"
statistics:
  0 inconsistencies
  0 errors
  18662 items in
  300 items out
make[3]: Leaving directory `/«PKGBUILDDIR»/src/ids'
make[3]: Entering directory `/«PKGBUILDDIR»/src/ids'
gcc -c -O2 -Wall -Wno-pointer-sign -pipe -g -fPIC  -I../../src/hd hd_ids.c
ar r ../../src/libhd.a hd_ids.o
make[3]: Leaving directory `/«PKGBUILDDIR»/src/ids'
make[3]: Entering directory `/«PKGBUILDDIR»/src/x86emu'
gcc -c -O2 -Wall -Wno-pointer-sign -pipe -g -fPIC  -I../src/hd -D__DRIVER__ -DFORCE_POST -D_CEXPORT= -DNO_LONG_LONG -I. -Ix86emu -Iinclude debug.c
gcc -c -O2 -Wall -Wno-pointer-sign -pipe -g -fPIC  -I../src/hd -D__DRIVER__ -DFORCE_POST -D_CEXPORT= -DNO_LONG_LONG -I. -Ix86emu -Iinclude decode.c
gcc -c -O2 -Wall -Wno-pointer-sign -pipe -g -fPIC  -I../src/hd -D__DRIVER__ -DFORCE_POST -D_CEXPORT= -DNO_LONG_LONG -I. -Ix86emu -Iinclude fpu.c
gcc -c -O2 -Wall -Wno-pointer-sign -pipe -g -fPIC  -I../src/hd -D__DRIVER__ -DFORCE_POST -D_CEXPORT= -DNO_LONG_LONG -I. -Ix86emu -Iinclude ops.c
gcc -c -O2 -Wall -Wno-pointer-sign -pipe -g -fPIC  -I../src/hd -D__DRIVER__ -DFORCE_POST -D_CEXPORT= -DNO_LONG_LONG -I. -Ix86emu -Iinclude ops2.c
gcc -c -O2 -Wall -Wno-pointer-sign -pipe -g -fPIC  -I../src/hd -D__DRIVER__ -DFORCE_POST -D_CEXPORT= -DNO_LONG_LONG -I. -Ix86emu -Iinclude prim_ops.c
gcc -c -O2 -Wall -Wno-pointer-sign -pipe -g -fPIC  -I../src/hd -D__DRIVER__ -DFORCE_POST -D_CEXPORT= -DNO_LONG_LONG -I. -Ix86emu -Iinclude sys.c
a - x86emu_debug.o
a - x86emu_decode.o
a - x86emu_fpu.o
a - x86emu_ops.o
a - x86emu_ops2.o
a - x86emu_prim_ops.o
a - x86emu_sys.o
make[3]: Leaving directory `/«PKGBUILDDIR»/src/x86emu'
make[3]: Entering directory `/«PKGBUILDDIR»/src/int10'
make[3]: Leaving directory `/«PKGBUILDDIR»/src/int10'
make[3]: Entering directory `/«PKGBUILDDIR»/src/int10'
gcc -c -O2 -Wall -Wno-pointer-sign -pipe -g -fPIC  -I../../src/hd emu_vm86.c
In file included from emu_vm86.c:12:
./AsmMacros.h:366:24: error: invalid operand in inline asm: 'in${0:B} ($1)'
  __asm__ __volatile__("in%B0 (%1)" :
                       ^
./AsmMacros.h:366:24: error: unknown use of instruction mnemonic without a size suffix
<inline asm>:1:2: note: instantiated into assembly here
        in (%dx)
        ^
In file included from emu_vm86.c:12:
./AsmMacros.h:377:24: error: invalid operand in inline asm: 'in${0:W} ($1)'
  __asm__ __volatile__("in%W0 (%1)" :
                       ^
./AsmMacros.h:377:24: error: unknown use of instruction mnemonic without a size suffix
<inline asm>:1:2: note: instantiated into assembly here
        in (%dx)
        ^
In file included from emu_vm86.c:12:
./AsmMacros.h:388:24: error: invalid operand in inline asm: 'in${0:L} ($1)'
  __asm__ __volatile__("in%L0 (%1)" :
                       ^
./AsmMacros.h:388:24: error: unknown use of instruction mnemonic without a size suffix
<inline asm>:1:2: note: instantiated into assembly here
        in (%dx)
        ^
In file included from emu_vm86.c:12:
./AsmMacros.h:342:24: error: invalid operand in inline asm: 'out${0:B} ($1)'
  __asm__ __volatile__("out%B0 (%1)" : :"a" (val), "d" (port));
                       ^
./AsmMacros.h:342:24: error: unknown use of instruction mnemonic without a size suffix
<inline asm>:1:2: note: instantiated into assembly here
        out (%dx)
        ^
In file included from emu_vm86.c:12:
./AsmMacros.h:350:24: error: invalid operand in inline asm: 'out${0:W} ($1)'
  __asm__ __volatile__("out%W0 (%1)" : :"a" (val), "d" (port));
                       ^
./AsmMacros.h:350:24: error: unknown use of instruction mnemonic without a size suffix
<inline asm>:1:2: note: instantiated into assembly here
        out (%dx)
        ^
In file included from emu_vm86.c:12:
./AsmMacros.h:358:24: error: invalid operand in inline asm: 'out${0:L} ($1)'
  __asm__ __volatile__("out%L0 (%1)" : :"a" (val), "d" (port));
                       ^
./AsmMacros.h:358:24: error: unknown use of instruction mnemonic without a size suffix
<inline asm>:1:2: note: instantiated into assembly here
        out (%dx)
        ^
In file included from emu_vm86.c:12:
./AsmMacros.h:366:24: error: invalid operand in inline asm: 'in${0:B} ($1)'
  __asm__ __volatile__("in%B0 (%1)" :
                       ^
./AsmMacros.h:366:24: error: unknown use of instruction mnemonic without a size suffix
<inline asm>:1:2: note: instantiated into assembly here
        in (%dx)
        ^
In file included from emu_vm86.c:12:
./AsmMacros.h:377:24: error: invalid operand in inline asm: 'in${0:W} ($1)'
  __asm__ __volatile__("in%W0 (%1)" :
                       ^
./AsmMacros.h:377:24: error: unknown use of instruction mnemonic without a size suffix
<inline asm>:1:2: note: instantiated into assembly here
        in (%dx)
        ^
In file included from emu_vm86.c:12:
./AsmMacros.h:388:24: error: invalid operand in inline asm: 'in${0:L} ($1)'
  __asm__ __volatile__("in%L0 (%1)" :
                       ^
./AsmMacros.h:388:24: error: unknown use of instruction mnemonic without a size suffix
<inline asm>:1:2: note: instantiated into assembly here
        in (%dx)
        ^
In file included from emu_vm86.c:12:
./AsmMacros.h:342:24: error: invalid operand in inline asm: 'out${0:B} ($1)'
  __asm__ __volatile__("out%B0 (%1)" : :"a" (val), "d" (port));
                       ^
fatal error: too many errors emitted, stopping now [-ferror-limit=]
20 errors generated.
make[3]: *** [emu_vm86.o] Error 1
make[3]: Leaving directory `/«PKGBUILDDIR»/src/int10'
make[2]: *** [subdirs] Error 2
make[1]: *** [subdirs] Error 2
make: *** [build-arch-stamp] Error 2
dpkg-buildpackage: error: debian/rules build-arch gave error exit status 2
make[2]: Leaving directory `/«PKGBUILDDIR»/src'
make[1]: Leaving directory `/«PKGBUILDDIR»'
────────────────────────────────────────────────────────────────────────────────
Build finished at 20130717-0141

Finished
────────

E: Build failure (dpkg-buildpackage died)

┌──────────────────────────────────────────────────────────────────────────────┐
│ Cleanup                                                                      │
└──────────────────────────────────────────────────────────────────────────────┘

Purging /«BUILDDIR»
Not cleaning session: cloned chroot in use

┌──────────────────────────────────────────────────────────────────────────────┐
│ Summary                                                                      │
└──────────────────────────────────────────────────────────────────────────────┘

Build Architecture: amd64
Build-Space: 26656
Build-Time: 134
Distribution: unstable
Fail-Stage: build
Host Architecture: amd64
Install-Time: 10
Job: hwinfo_16.0-2.2
Machine Architecture: amd64
Package: hwinfo
Package-Time: 215
Source-Version: 16.0-2.2
Space: 26656
Status: attempted
Version: 16.0-2.2clang1
────────────────────────────────────────────────────────────────────────────────
Finished at 20130717-0141
Build needed 00:03:35, 26656k disc space
DC-Status: Failed 215.501537637s
