DC-Build-Header: libgmpada 0.0.20121109-2 / 2013-07-14 10:34:56 +0000
DC-Task: source:libgmpada version:0.0.20121109-2 architecture:any chroot:unstable esttime:91 logfile:/tmp/libgmpada_0.0.20121109-2_unstable_clang.log modes:binary-only:clang
DC-Sbuild-call: su user -c 'sbuild -n --apt-update -d unstable -v  --chroot-setup-commands=/tmp/switch-to-clang --append-to-version "clang1" --maintainer "Lucas Nussbaum <lucas@debian.org>" --uploader "Lucas Nussbaum <lucas@debian.org>" libgmpada_0.0.20121109-2'
sbuild (Debian sbuild) 0.63.2 (18 Aug 2012) on ip-10-170-35-82.ec2.internal

╔══════════════════════════════════════════════════════════════════════════════╗
║ libgmpada 0.0.20121109-2clang1 (amd64)                     14 Jul 2013 10:34 ║
╚══════════════════════════════════════════════════════════════════════════════╝

Package: libgmpada
Version: 0.0.20121109-2clang1
Source Version: 0.0.20121109-2
Distribution: unstable
Machine Architecture: amd64
Host Architecture: amd64
Build Architecture: amd64

I: NOTICE: Log filtering will replace 'build/libgmpada-PhAjLN/libgmpada-0.0.20121109' with '«PKGBUILDDIR»'
I: NOTICE: Log filtering will replace 'build/libgmpada-PhAjLN' with '«BUILDDIR»'
I: NOTICE: Log filtering will replace 'var/lib/schroot/mount/unstable-amd64-sbuild-2f7def98-a6c2-4c59-98f3-d84936c30fed' with '«CHROOT»'

┌──────────────────────────────────────────────────────────────────────────────┐
│ Update chroot                                                                │
└──────────────────────────────────────────────────────────────────────────────┘

Get:1 http://localhost:9999 unstable InRelease [204 kB]
Get:2 http://localhost:9999 unstable/main Sources/DiffIndex [7876 B]
Get:3 http://localhost:9999 unstable/main amd64 Packages/DiffIndex [7876 B]
Get:4 http://localhost:9999 unstable/main Translation-en/DiffIndex [7876 B]
Get:5 http://localhost:9999 unstable/main 2013-07-13-2032.15.pdiff [23.1 kB]
Get:6 http://localhost:9999 unstable/main amd64 2013-07-13-2032.15.pdiff [16.9 kB]
Get:7 http://localhost:9999 unstable/main 2013-07-13-2032.15.pdiff [23.1 kB]
Get:8 http://localhost:9999 unstable/main 2013-07-13-2032.15.pdiff [1809 B]
Get:9 http://localhost:9999 unstable/main amd64 2013-07-13-2032.15.pdiff [16.9 kB]
Get:10 http://localhost:9999 unstable/main 2013-07-14-0231.07.pdiff [12.9 kB]
Get:11 http://localhost:9999 unstable/main 2013-07-13-2032.15.pdiff [1809 B]
Get:12 http://localhost:9999 unstable/main amd64 2013-07-14-0231.07.pdiff [14.9 kB]
Get:13 http://localhost:9999 unstable/main 2013-07-14-0231.07.pdiff [12.9 kB]
Get:14 http://localhost:9999 unstable/main 2013-07-14-0231.07.pdiff [1384 B]
Get:15 http://localhost:9999 unstable/main amd64 2013-07-14-0231.07.pdiff [14.9 kB]
Get:16 http://localhost:9999 unstable/main 2013-07-14-0832.16.pdiff [4670 B]
Get:17 http://localhost:9999 unstable/main 2013-07-14-0231.07.pdiff [1384 B]
Get:18 http://localhost:9999 unstable/main amd64 2013-07-14-0832.16.pdiff [1624 B]
Get:19 http://localhost:9999 unstable/main 2013-07-14-0832.16.pdiff [4670 B]
Get:20 http://localhost:9999 unstable/main 2013-07-14-0832.16.pdiff [337 B]
Get:21 http://localhost:9999 unstable/main amd64 2013-07-14-0832.16.pdiff [1624 B]
Get:22 http://localhost:9999 unstable/main 2013-07-14-0832.16.pdiff [337 B]
Fetched 306 kB in 39s (7710 B/s)
Reading package lists...
Reading package lists...
Building dependency tree...
Reading state information...
0 upgraded, 0 newly installed, 0 to remove and 0 not upgraded.

┌──────────────────────────────────────────────────────────────────────────────┐
│ Fetch source files                                                           │
└──────────────────────────────────────────────────────────────────────────────┘


Check APT
─────────

Checking available source versions...

Download source files with APT
──────────────────────────────

Reading package lists...
Building dependency tree...
Reading state information...
NOTICE: 'libgmpada' packaging is maintained in the 'Mtn' version control system at:
www.ada-france.org org.debian.libgmpada
Need to get 60.4 kB of source archives.
Get:1 http://localhost:9999/debian/ unstable/main libgmpada 0.0.20121109-2 (dsc) [2123 B]
Get:2 http://localhost:9999/debian/ unstable/main libgmpada 0.0.20121109-2 (tar) [52.5 kB]
Get:3 http://localhost:9999/debian/ unstable/main libgmpada 0.0.20121109-2 (diff) [5742 B]
Fetched 60.4 kB in 0s (115 kB/s)
Download complete and in download only mode

Check arch
──────────


┌──────────────────────────────────────────────────────────────────────────────┐
│ Chroot Setup Commands                                                        │
└──────────────────────────────────────────────────────────────────────────────┘


/tmp/switch-to-clang
────────────────────

+ echo 'Entering customization script...'
Entering customization script...
+ echo 'Install of clang'
Install of clang
+ apt-get update
Hit http://localhost:9999 unstable InRelease
Hit http://localhost:9999 unstable/main Sources/DiffIndex
Hit http://localhost:9999 unstable/main amd64 Packages/DiffIndex
Hit http://localhost:9999 unstable/main Translation-en/DiffIndex
Reading package lists...
+ apt-get install --yes --no-install-recommends --force-yes clang-3.3
Reading package lists...
Building dependency tree...
Reading state information...
The following extra packages will be installed:
  libclang-common-3.3-dev libclang1-3.3 libffi6 libllvm3.3 libobjc-4.7-dev
  libobjc4 libstdc++6-4.7-dev
Suggested packages:
  libstdc++6-4.7-doc
Recommended packages:
  llvm-3.3-dev python
The following NEW packages will be installed:
  clang-3.3 libclang-common-3.3-dev libclang1-3.3 libffi6 libllvm3.3
  libobjc-4.7-dev libobjc4 libstdc++6-4.7-dev
0 upgraded, 8 newly installed, 0 to remove and 0 not upgraded.
Need to get 27.2 MB of archives.
After this operation, 80.8 MB of additional disk space will be used.
Get:1 http://localhost:9999/debian/ unstable/main libffi6 amd64 3.0.13-4 [21.6 kB]
Get:2 http://localhost:9999/debian/ unstable/main libllvm3.3 amd64 1:3.3-3 [8575 kB]
Get:3 http://localhost:9999/debian/ unstable/main libobjc4 amd64 4.8.1-6 [160 kB]
Get:4 http://localhost:9999/debian/ unstable/main libstdc++6-4.7-dev amd64 4.7.3-5 [1695 kB]
Get:5 http://localhost:9999/debian/ unstable/main libobjc-4.7-dev amd64 4.7.3-5 [719 kB]
Get:6 http://localhost:9999/debian/ unstable/main libclang-common-3.3-dev amd64 1:3.3-3 [574 kB]
Get:7 http://localhost:9999/debian/ unstable/main libclang1-3.3 amd64 1:3.3-3 [4579 kB]
Get:8 http://localhost:9999/debian/ unstable/main clang-3.3 amd64 1:3.3-3 [10.9 MB]
debconf: delaying package configuration, since apt-utils is not installed
Fetched 27.2 MB in 3s (8702 kB/s)
Selecting previously unselected package libffi6:amd64.
(Reading database ... 13844 files and directories currently installed.)
Unpacking libffi6:amd64 (from .../libffi6_3.0.13-4_amd64.deb) ...
Selecting previously unselected package libllvm3.3:amd64.
Unpacking libllvm3.3:amd64 (from .../libllvm3.3_1%3a3.3-3_amd64.deb) ...
Selecting previously unselected package libobjc4:amd64.
Unpacking libobjc4:amd64 (from .../libobjc4_4.8.1-6_amd64.deb) ...
Selecting previously unselected package libstdc++6-4.7-dev:amd64.
Unpacking libstdc++6-4.7-dev:amd64 (from .../libstdc++6-4.7-dev_4.7.3-5_amd64.deb) ...
Selecting previously unselected package libobjc-4.7-dev:amd64.
Unpacking libobjc-4.7-dev:amd64 (from .../libobjc-4.7-dev_4.7.3-5_amd64.deb) ...
Selecting previously unselected package libclang-common-3.3-dev.
Unpacking libclang-common-3.3-dev (from .../libclang-common-3.3-dev_1%3a3.3-3_amd64.deb) ...
Selecting previously unselected package libclang1-3.3.
Unpacking libclang1-3.3 (from .../libclang1-3.3_1%3a3.3-3_amd64.deb) ...
Selecting previously unselected package clang-3.3.
Unpacking clang-3.3 (from .../clang-3.3_1%3a3.3-3_amd64.deb) ...
Setting up libffi6:amd64 (3.0.13-4) ...
Setting up libllvm3.3:amd64 (1:3.3-3) ...
Setting up libobjc4:amd64 (4.8.1-6) ...
Setting up libstdc++6-4.7-dev:amd64 (4.7.3-5) ...
Setting up libobjc-4.7-dev:amd64 (4.7.3-5) ...
Setting up libclang-common-3.3-dev (1:3.3-3) ...
Setting up libclang1-3.3 (1:3.3-3) ...
Setting up clang-3.3 (1:3.3-3) ...
Processing triggers for libc-bin ...
+ echo 'Replace gcc, g++ & cpp by clang'
Replace gcc, g++ & cpp by clang
+ VERSIONS='4.6 4.7 4.8'
+ cd /usr/bin
+ for VERSION in '$VERSIONS'
+ rm -f g++-4.6 gcc-4.6 cpp-4.6
+ ln -s clang++ g++-4.6
+ ln -s clang gcc-4.6
+ ln -s clang cpp-4.6
+ for VERSION in '$VERSIONS'
+ rm -f g++-4.7 gcc-4.7 cpp-4.7
+ ln -s clang++ g++-4.7
+ ln -s clang gcc-4.7
+ ln -s clang cpp-4.7
+ for VERSION in '$VERSIONS'
+ rm -f g++-4.8 gcc-4.8 cpp-4.8
+ ln -s clang++ g++-4.8
+ ln -s clang gcc-4.8
+ ln -s clang cpp-4.8
+ cd -
/«BUILDDIR»
+ echo 'Block the installation of new gcc version'
Block the installation of new gcc version
+ dpkg --set-selections
+ echo 'gcc-4.6 hold'
+ dpkg --set-selections
+ echo 'cpp-4.6 hold'
+ dpkg --set-selections
+ echo 'g++-4.6 hold'
+ dpkg --set-selections
+ echo 'gcc-4.7 hold'
+ dpkg --set-selections
+ echo 'cpp-4.7 hold'
+ dpkg --set-selections
+ echo 'g++-4.7 hold'
+ dpkg --set-selections
+ echo 'gcc-4.8 hold'
+ dpkg --set-selections
+ echo 'cpp-4.8 hold'
+ dpkg --set-selections
+ echo 'g++-4.8 hold'
+ echo 'Check if gcc, g++ & cpp are actually clang'
Check if gcc, g++ & cpp are actually clang
+ gcc --version
+ grep clang
+ grep clang
+ cpp --version
+ grep clang
+ g++ --version

I: Finished running '/tmp/switch-to-clang'.

Finished processing commands.
────────────────────────────────────────────────────────────────────────────────
Merged Build-Depends: build-essential, fakeroot
Filtered Build-Depends: build-essential, fakeroot
dpkg-deb: building package `sbuild-build-depends-core-dummy' in `/«BUILDDIR»/resolver-vJkBfG/apt_archive/sbuild-build-depends-core-dummy.deb'.
OK
Reading package lists...

┌──────────────────────────────────────────────────────────────────────────────┐
│ Install core build dependencies (apt-based resolver)                         │
└──────────────────────────────────────────────────────────────────────────────┘

Installing build dependencies
Reading package lists...
Building dependency tree...
Reading state information...
The following NEW packages will be installed:
  sbuild-build-depends-core-dummy
debconf: delaying package configuration, since apt-utils is not installed
0 upgraded, 1 newly installed, 0 to remove and 0 not upgraded.
Need to get 0 B/708 B of archives.
After this operation, 0 B of additional disk space will be used.
Selecting previously unselected package sbuild-build-depends-core-dummy.
(Reading database ... 14699 files and directories currently installed.)
Unpacking sbuild-build-depends-core-dummy (from .../sbuild-build-depends-core-dummy.deb) ...
Setting up sbuild-build-depends-core-dummy (0.invalid.0) ...
Merged Build-Depends: base-files, base-passwd, bash, bsdutils, coreutils, dash, debianutils, diffutils, dpkg, e2fsprogs, findutils, grep, gzip, hostname, libc-bin, login, mount, ncurses-base, ncurses-bin, perl-base, sed, sysvinit, sysvinit-utils, tar, util-linux, libc6-dev | libc-dev, gcc (>= 4:4.4.3), g++ (>= 4:4.4.3), make, dpkg-dev (>= 1.13.5), dpkg-dev (>= 1.16.1), debhelper (>= 9), gnat, gnat-4.6 (>= 4.6.4), dh-ada-library (>= 5), libgmp-dev, libmpfr-dev
Filtered Build-Depends: base-files, base-passwd, bash, bsdutils, coreutils, dash, debianutils, diffutils, dpkg, e2fsprogs, findutils, grep, gzip, hostname, libc-bin, login, mount, ncurses-base, ncurses-bin, perl-base, sed, sysvinit, sysvinit-utils, tar, util-linux, libc6-dev, gcc (>= 4:4.4.3), g++ (>= 4:4.4.3), make, dpkg-dev (>= 1.13.5), dpkg-dev (>= 1.16.1), debhelper (>= 9), gnat, gnat-4.6 (>= 4.6.4), dh-ada-library (>= 5), libgmp-dev, libmpfr-dev
dpkg-deb: building package `sbuild-build-depends-libgmpada-dummy' in `/«BUILDDIR»/resolver-265MOy/apt_archive/sbuild-build-depends-libgmpada-dummy.deb'.
OK
Reading package lists...

┌──────────────────────────────────────────────────────────────────────────────┐
│ Install libgmpada build dependencies (apt-based resolver)                    │
└──────────────────────────────────────────────────────────────────────────────┘

Installing build dependencies
Reading package lists...
Building dependency tree...
Reading state information...
The following extra packages will be installed:
  bsdmainutils debhelper dh-ada-library file gettext gettext-base gnat
  gnat-4.6 gnat-4.6-base gprbuild groff-base intltool-debian libasprintf0c2
  libcroco3 libglib2.0-0 libgmp-dev libgnat-4.6 libgnatprj4.6 libgnatvsn4.6
  libmagic1 libmpfr-dev libpipeline1 libunistring0 libxml2 libxmlada4.1 man-db
  po-debconf
Suggested packages:
  wamerican wordlist whois vacation dh-make gettext-doc gnat-4.6-doc
  ada-reference-manual-html ada-reference-manual-info ada-reference-manual-pdf
  ada-reference-manual-text gnat-4.6-sjlj ada-compiler gfortran-4.6
  gprbuild-doc groff libgmp10-doc libmpfr-doc less www-browser
  libmail-box-perl
Recommended packages:
  curl wget lynx-cur autopoint libasprintf-dev libgettextpo-dev
  ada-reference-manual gnat-gps libglib2.0-data shared-mime-info xml-core
  libmail-sendmail-perl
The following NEW packages will be installed:
  bsdmainutils debhelper dh-ada-library file gettext gettext-base gnat
  gnat-4.6 gnat-4.6-base gprbuild groff-base intltool-debian libasprintf0c2
  libcroco3 libglib2.0-0 libgmp-dev libgnat-4.6 libgnatprj4.6 libgnatvsn4.6
  libmagic1 libmpfr-dev libpipeline1 libunistring0 libxml2 libxmlada4.1 man-db
  po-debconf sbuild-build-depends-libgmpada-dummy
0 upgraded, 28 newly installed, 0 to remove and 0 not upgraded.
Need to get 28.5 MB/28.5 MB of archives.
After this operation, 85.8 MB of additional disk space will be used.
Get:1 http://localhost:9999/debian/ unstable/main libpipeline1 amd64 1.2.4-1 [41.0 kB]
Get:2 http://localhost:9999/debian/ unstable/main groff-base amd64 1.22.2-3 [747 kB]
Get:3 http://localhost:9999/debian/ unstable/main bsdmainutils amd64 9.0.5 [211 kB]
Get:4 http://localhost:9999/debian/ unstable/main man-db amd64 2.6.5-2 [976 kB]
Get:5 http://localhost:9999/debian/ unstable/main libasprintf0c2 amd64 0.18.2.1-1 [28.9 kB]
Get:6 http://localhost:9999/debian/ unstable/main libmagic1 amd64 1:5.14-2 [216 kB]
Get:7 http://localhost:9999/debian/ unstable/main libxml2 amd64 2.9.1+dfsg1-2 [911 kB]
Get:8 http://localhost:9999/debian/ unstable/main gnat-4.6-base amd64 4.6.4-1 [153 kB]
Get:9 http://localhost:9999/debian/ unstable/main libgnat-4.6 amd64 4.6.4-1 [1189 kB]
Get:10 http://localhost:9999/debian/ unstable/main libgnatvsn4.6 amd64 4.6.4-1 [350 kB]
Get:11 http://localhost:9999/debian/ unstable/main libgnatprj4.6 amd64 4.6.4-1 [608 kB]
Get:12 http://localhost:9999/debian/ unstable/main gnat-4.6 amd64 4.6.4-1 [11.6 MB]
Get:13 http://localhost:9999/debian/ unstable/main libglib2.0-0 amd64 2.36.3-3 [2048 kB]
Get:14 http://localhost:9999/debian/ unstable/main libcroco3 amd64 0.6.8-2 [133 kB]
Get:15 http://localhost:9999/debian/ unstable/main libunistring0 amd64 0.9.3-5 [434 kB]
Get:16 http://localhost:9999/debian/ unstable/main libxmlada4.1 amd64 4.1-2 [798 kB]
Get:17 http://localhost:9999/debian/ unstable/main file amd64 1:5.14-2 [54.0 kB]
Get:18 http://localhost:9999/debian/ unstable/main gettext-base amd64 0.18.2.1-1 [156 kB]
Get:19 http://localhost:9999/debian/ unstable/main gettext amd64 0.18.2.1-1 [2019 kB]
Get:20 http://localhost:9999/debian/ unstable/main intltool-debian all 0.35.0+20060710.1 [30.8 kB]
Get:21 http://localhost:9999/debian/ unstable/main po-debconf all 1.0.16+nmu2 [224 kB]
Get:22 http://localhost:9999/debian/ unstable/main debhelper all 9.20130630 [710 kB]
Get:23 http://localhost:9999/debian/ unstable/main gprbuild amd64 2011-3 [3414 kB]
Get:24 http://localhost:9999/debian/ unstable/main dh-ada-library amd64 5.1 [136 kB]
Get:25 http://localhost:9999/debian/ unstable/main gnat amd64 4.6 [2338 B]
Get:26 http://localhost:9999/debian/ unstable/main libgmp-dev amd64 2:5.1.2+dfsg-2 [664 kB]
Get:27 http://localhost:9999/debian/ unstable/main libmpfr-dev amd64 3.1.1-1 [609 kB]
debconf: delaying package configuration, since apt-utils is not installed
Fetched 28.5 MB in 5s (5292 kB/s)
Selecting previously unselected package libpipeline1:amd64.
(Reading database ... 14699 files and directories currently installed.)
Unpacking libpipeline1:amd64 (from .../libpipeline1_1.2.4-1_amd64.deb) ...
Selecting previously unselected package groff-base.
Unpacking groff-base (from .../groff-base_1.22.2-3_amd64.deb) ...
Selecting previously unselected package bsdmainutils.
Unpacking bsdmainutils (from .../bsdmainutils_9.0.5_amd64.deb) ...
Selecting previously unselected package man-db.
Unpacking man-db (from .../man-db_2.6.5-2_amd64.deb) ...
Selecting previously unselected package libasprintf0c2:amd64.
Unpacking libasprintf0c2:amd64 (from .../libasprintf0c2_0.18.2.1-1_amd64.deb) ...
Selecting previously unselected package libmagic1:amd64.
Unpacking libmagic1:amd64 (from .../libmagic1_1%3a5.14-2_amd64.deb) ...
Selecting previously unselected package libxml2:amd64.
Unpacking libxml2:amd64 (from .../libxml2_2.9.1+dfsg1-2_amd64.deb) ...
Selecting previously unselected package gnat-4.6-base.
Unpacking gnat-4.6-base (from .../gnat-4.6-base_4.6.4-1_amd64.deb) ...
Selecting previously unselected package libgnat-4.6:amd64.
Unpacking libgnat-4.6:amd64 (from .../libgnat-4.6_4.6.4-1_amd64.deb) ...
Selecting previously unselected package libgnatvsn4.6:amd64.
Unpacking libgnatvsn4.6:amd64 (from .../libgnatvsn4.6_4.6.4-1_amd64.deb) ...
Selecting previously unselected package libgnatprj4.6:amd64.
Unpacking libgnatprj4.6:amd64 (from .../libgnatprj4.6_4.6.4-1_amd64.deb) ...
Selecting previously unselected package gnat-4.6.
Unpacking gnat-4.6 (from .../gnat-4.6_4.6.4-1_amd64.deb) ...
Selecting previously unselected package libglib2.0-0:amd64.
Unpacking libglib2.0-0:amd64 (from .../libglib2.0-0_2.36.3-3_amd64.deb) ...
Selecting previously unselected package libcroco3:amd64.
Unpacking libcroco3:amd64 (from .../libcroco3_0.6.8-2_amd64.deb) ...
Selecting previously unselected package libunistring0:amd64.
Unpacking libunistring0:amd64 (from .../libunistring0_0.9.3-5_amd64.deb) ...
Selecting previously unselected package libxmlada4.1:amd64.
Unpacking libxmlada4.1:amd64 (from .../libxmlada4.1_4.1-2_amd64.deb) ...
Selecting previously unselected package file.
Unpacking file (from .../file_1%3a5.14-2_amd64.deb) ...
Selecting previously unselected package gettext-base.
Unpacking gettext-base (from .../gettext-base_0.18.2.1-1_amd64.deb) ...
Selecting previously unselected package gettext.
Unpacking gettext (from .../gettext_0.18.2.1-1_amd64.deb) ...
Selecting previously unselected package intltool-debian.
Unpacking intltool-debian (from .../intltool-debian_0.35.0+20060710.1_all.deb) ...
Selecting previously unselected package po-debconf.
Unpacking po-debconf (from .../po-debconf_1.0.16+nmu2_all.deb) ...
Selecting previously unselected package debhelper.
Unpacking debhelper (from .../debhelper_9.20130630_all.deb) ...
Selecting previously unselected package gprbuild.
Unpacking gprbuild (from .../gprbuild_2011-3_amd64.deb) ...
Selecting previously unselected package dh-ada-library.
Unpacking dh-ada-library (from .../dh-ada-library_5.1_amd64.deb) ...
Selecting previously unselected package gnat.
Unpacking gnat (from .../archives/gnat_4.6_amd64.deb) ...
Selecting previously unselected package libgmp-dev:amd64.
Unpacking libgmp-dev:amd64 (from .../libgmp-dev_2%3a5.1.2+dfsg-2_amd64.deb) ...
Selecting previously unselected package libmpfr-dev:amd64.
Unpacking libmpfr-dev:amd64 (from .../libmpfr-dev_3.1.1-1_amd64.deb) ...
Selecting previously unselected package sbuild-build-depends-libgmpada-dummy.
Unpacking sbuild-build-depends-libgmpada-dummy (from .../sbuild-build-depends-libgmpada-dummy.deb) ...
Setting up libpipeline1:amd64 (1.2.4-1) ...
Setting up groff-base (1.22.2-3) ...
Setting up bsdmainutils (9.0.5) ...
update-alternatives: using /usr/bin/bsd-write to provide /usr/bin/write (write) in auto mode
update-alternatives: using /usr/bin/bsd-from to provide /usr/bin/from (from) in auto mode
Setting up man-db (2.6.5-2) ...
Not building database; man-db/auto-update is not 'true'.
Setting up libasprintf0c2:amd64 (0.18.2.1-1) ...
Setting up libmagic1:amd64 (1:5.14-2) ...
Setting up libxml2:amd64 (2.9.1+dfsg1-2) ...
Setting up gnat-4.6-base (4.6.4-1) ...
Setting up libgnat-4.6:amd64 (4.6.4-1) ...
Setting up libgnatvsn4.6:amd64 (4.6.4-1) ...
Setting up libgnatprj4.6:amd64 (4.6.4-1) ...
Setting up gnat-4.6 (4.6.4-1) ...
Setting up libglib2.0-0:amd64 (2.36.3-3) ...
No schema files found: doing nothing.
Setting up libcroco3:amd64 (0.6.8-2) ...
Setting up libunistring0:amd64 (0.9.3-5) ...
Setting up libxmlada4.1:amd64 (4.1-2) ...
Setting up file (1:5.14-2) ...
Setting up gettext-base (0.18.2.1-1) ...
Setting up gettext (0.18.2.1-1) ...
Setting up intltool-debian (0.35.0+20060710.1) ...
Setting up po-debconf (1.0.16+nmu2) ...
Setting up debhelper (9.20130630) ...
Setting up gprbuild (2011-3) ...
Setting up dh-ada-library (5.1) ...
Setting up gnat (4.6) ...
Setting up libgmp-dev:amd64 (2:5.1.2+dfsg-2) ...
Setting up libmpfr-dev:amd64 (3.1.1-1) ...
Setting up sbuild-build-depends-libgmpada-dummy (0.invalid.0) ...
Processing triggers for libc-bin ...

┌──────────────────────────────────────────────────────────────────────────────┐
│ Build environment                                                            │
└──────────────────────────────────────────────────────────────────────────────┘

Kernel: Linux 2.6.32-5-xen-amd64 amd64 (x86_64)
Toolchain package versions: binutils_2.23.52.20130620-1 dpkg-dev_1.16.10 g++-4.6_4.6.4-4 g++-4.8_4.8.1-6 gcc-4.6_4.6.4-4 gcc-4.7_4.7.3-5 gcc-4.8_4.8.1-6 libc6-dev_2.17-7 libstdc++-4.8-dev_4.8.1-6 libstdc++6_4.8.1-6 libstdc++6-4.6-dev_4.6.4-4 libstdc++6-4.7-dev_4.7.3-5 linux-libc-dev_3.9.8-1
Package versions: apt_0.9.9.1 base-files_7.2 base-passwd_3.5.26 bash_4.2+dfsg-1 binutils_2.23.52.20130620-1 bsdmainutils_9.0.5 bsdutils_1:2.20.1-5.5 build-essential_11.6 bzip2_1.0.6-4 clang-3.3_1:3.3-3 coreutils_8.20-3 cpp_4:4.8.1-2 cpp-4.6_4.6.4-4 cpp-4.7_4.7.3-5 cpp-4.8_4.8.1-6 dash_0.5.7-3 debconf_1.5.50 debconf-i18n_1.5.50 debfoster_2.7-1.2 debhelper_9.20130630 debian-archive-keyring_2012.4 debianutils_4.3.4 dh-ada-library_5.1 diffutils_1:3.2-8 dpkg_1.16.10 dpkg-dev_1.16.10 e2fslibs_1.42.8-1 e2fsprogs_1.42.8-1 fakeroot_1.19-2 file_1:5.14-2 findutils_4.4.2-6 g++_4:4.8.1-2 g++-4.6_4.6.4-4 g++-4.8_4.8.1-6 gcc_4:4.8.1-2 gcc-4.4-base_4.4.7-4 gcc-4.5-base_4.5.4-1 gcc-4.6_4.6.4-4 gcc-4.6-base_4.6.4-4 gcc-4.7_4.7.3-5 gcc-4.7-base_4.7.3-5 gcc-4.8_4.8.1-6 gcc-4.8-base_4.8.1-6 gettext_0.18.2.1-1 gettext-base_0.18.2.1-1 gnat_4.6 gnat-4.6_4.6.4-1 gnat-4.6-base_4.6.4-1 gnupg_1.4.12-7 gpgv_1.4.12-7 gprbuild_2011-3 grep_2.14-2 groff-base_1.22.2-3 gzip_1.6-1 hostname_3.13 initscripts_2.88dsf-41 insserv_1.14.0-5 intltool-debian_0.35.0+20060710.1 libacl1_2.2.52-1 libapt-pkg4.12_0.9.9.1 libasan0_4.8.1-6 libasprintf0c2_0.18.2.1-1 libatomic1_4.8.1-6 libattr1_1:2.4.47-1 libblkid1_2.20.1-5.5 libbz2-1.0_1.0.6-4 libc-bin_2.17-7 libc-dev-bin_2.17-7 libc6_2.17-7 libc6-dev_2.17-7 libcap2_1:2.22-1.2 libclang-common-3.3-dev_1:3.3-3 libclang1-3.3_1:3.3-3 libclass-isa-perl_0.36-5 libcloog-isl4_0.18.0-2 libcloog-ppl1_0.16.1-3 libcomerr2_1.42.8-1 libcroco3_0.6.8-2 libdb5.1_5.1.29-6 libdpkg-perl_1.16.10 libffi6_3.0.13-4 libfile-fcntllock-perl_0.14-2 libgc1c2_1:7.2d-5 libgcc-4.7-dev_4.7.3-5 libgcc-4.8-dev_4.8.1-6 libgcc1_1:4.8.1-6 libgdbm3_1.8.3-12 libglib2.0-0_2.36.3-3 libgmp-dev_2:5.1.2+dfsg-2 libgmp10_2:5.1.2+dfsg-2 libgmpxx4ldbl_2:5.1.2+dfsg-2 libgnat-4.6_4.6.4-1 libgnatprj4.6_4.6.4-1 libgnatvsn4.6_4.6.4-1 libgomp1_4.8.1-6 libgpm2_1.20.4-6.1 libisl10_0.11.2-1 libitm1_4.8.1-6 libllvm3.3_1:3.3-3 liblocale-gettext-perl_1.05-7+b1 liblzma5_5.1.1alpha+20120614-2 libmagic1_1:5.14-2 libmount1_2.20.1-5.5 libmpc2_0.9-4 libmpc3_1.0.1-1 libmpfr-dev_3.1.1-1 libmpfr4_3.1.1-1 libncurses5_5.9+20130608-1 libobjc-4.7-dev_4.7.3-5 libobjc4_4.8.1-6 libpam-modules_1.1.3-9 libpam-modules-bin_1.1.3-9 libpam-runtime_1.1.3-9 libpam0g_1.1.3-9 libpcre3_1:8.31-2 libpipeline1_1.2.4-1 libppl-c4_1:1.0-7 libppl12_1:1.0-7 libquadmath0_4.8.1-6 libreadline6_6.2+dfsg-0.1 libselinux1_2.1.13-2 libsemanage-common_2.1.10-2 libsemanage1_2.1.10-2 libsepol1_2.1.9-2 libslang2_2.2.4-15 libss2_1.42.8-1 libstdc++-4.8-dev_4.8.1-6 libstdc++6_4.8.1-6 libstdc++6-4.6-dev_4.6.4-4 libstdc++6-4.7-dev_4.7.3-5 libswitch-perl_2.16-2 libtext-charwidth-perl_0.04-7+b1 libtext-iconv-perl_1.7-5 libtext-wrapi18n-perl_0.06-7 libtimedate-perl_1.2000-1 libtinfo5_5.9+20130608-1 libtsan0_4.8.1-6 libunistring0_0.9.3-5 libusb-0.1-4_2:0.1.12-23.2 libustr-1.0-1_1.0.4-3 libuuid1_2.20.1-5.5 libxml2_2.9.1+dfsg1-2 libxmlada4.1_4.1-2 linux-libc-dev_3.9.8-1 login_1:4.1.5.1-1 lsb-base_4.1+Debian12 make_3.81-8.2 man-db_2.6.5-2 mawk_1.3.3-17 mount_2.20.1-5.5 multiarch-support_2.17-7 ncurses-base_5.9+20130608-1 ncurses-bin_5.9+20130608-1 passwd_1:4.1.5.1-1 patch_2.7.1-3 perl_5.14.2-21 perl-base_5.14.2-21 perl-modules_5.14.2-21 po-debconf_1.0.16+nmu2 readline-common_6.2+dfsg-0.1 sbuild-build-depends-core-dummy_0.invalid.0 sbuild-build-depends-libgmpada-dummy_0.invalid.0 sed_4.2.2-1 sensible-utils_0.0.9 sudo_1.8.5p2-1+nmu1 sysv-rc_2.88dsf-41 sysvinit_2.88dsf-41 sysvinit-utils_2.88dsf-41 tar_1.26+dfsg-6 tzdata_2013c-2 ucf_3.0027+nmu1 util-linux_2.20.1-5.5 vim_2:7.3.923-3 vim-common_2:7.3.923-3 vim-runtime_2:7.3.923-3 xz-utils_5.1.1alpha+20120614-2 zlib1g_1:1.2.8.dfsg-1

┌──────────────────────────────────────────────────────────────────────────────┐
│ Build                                                                        │
└──────────────────────────────────────────────────────────────────────────────┘


Unpack source
─────────────

gpgv: keyblock resource `/sbuild-nonexistent/.gnupg/trustedkeys.gpg': file open error
gpgv: Signature made Thu May 16 08:20:24 2013 UTC using RSA key ID 490DFC8D
gpgv: Can't check signature: public key not found
dpkg-source: warning: failed to verify signature on ./libgmpada_0.0.20121109-2.dsc
dpkg-source: info: extracting libgmpada in libgmpada-0.0.20121109
dpkg-source: info: unpacking libgmpada_0.0.20121109.orig.tar.bz2
dpkg-source: info: unpacking libgmpada_0.0.20121109-2.debian.tar.gz

Check disc space
────────────────

Sufficient free space for build

Hack binNMU version
───────────────────

Created changelog entry for binNMU version 0.0.20121109-2clang1

User Environment
────────────────

HOME=/sbuild-nonexistent
LOGNAME=user
PATH=/usr/local/sbin:/usr/local/bin:/usr/sbin:/usr/bin:/sbin:/bin:/usr/games
SCHROOT_ALIAS_NAME=unstable-amd64-sbuild
SCHROOT_CHROOT_NAME=unstable-amd64-sbuild
SCHROOT_COMMAND=env
SCHROOT_GID=1000
SCHROOT_GROUP=user
SCHROOT_SESSION_ID=unstable-amd64-sbuild-2f7def98-a6c2-4c59-98f3-d84936c30fed
SCHROOT_UID=1000
SCHROOT_USER=user
SHELL=/bin/sh
USER=user

dpkg-buildpackage
─────────────────

dpkg-buildpackage: source package libgmpada
dpkg-buildpackage: source version 0.0.20121109-2clang1
 dpkg-source --before-build libgmpada-0.0.20121109
dpkg-buildpackage: host architecture amd64
 fakeroot debian/rules clean
dh clean --with ada-library
   dh_testdir
   dh_auto_clean
make[1]: Entering directory `/«PKGBUILDDIR»'
rm -f build-obj-dynamic/* build-obj-static/* build-lib-dynamic/* build-lib-static/*
rm -f src/gmp-constants.ads generate_constants
find -name "*~" -delete
sed gmpada.gpr.sed \
	  -e 's/ADAFLAGS/-O2", "-gnatn/'  -e 's/CFLAGS/-g", "-O2", "-fstack-protector", "--param=ssp-buffer-size=4", "-Wformat", "-Werror=format-security/'  -e 's/CPPFLAGS/-D_FORTIFY_SOURCE=2/'  -e 's/LDFLAGS/-Wl,-z,relro/'  -e 's/LDLIBS/-lgmp", "-lmpfr/'  -e 's/SOVERSION/2/' \
	 > gmpada.gpr
gnatclean -q -Pdemo/demo.gpr -XKIND=static
rm -f gmpada.gpr
make[1]: Leaving directory `/«PKGBUILDDIR»'
   dh_clean
 debian/rules build-arch
dh build-arch --with ada-library
   dh_testdir -a
   dh_auto_configure -a
   debian/rules override_dh_auto_build
make[1]: Entering directory `/«PKGBUILDDIR»'
dh_auto_build -- ADAFLAGS="-g -O2 -fstack-protector --param=ssp-buffer-size=4 -gnatn" CFLAGS="-g -O2 -fstack-protector --param=ssp-buffer-size=4 -Wformat -Werror=format-security" CPPFLAGS="-D_FORTIFY_SOURCE=2" LDFLAGS="-Wl,-z,relro -Wl,--as-needed -Wl,-z,defs" SOVERSION="2" \
          GNATMAKE_OPTIONS="-R -j1 -v"
make[2]: Entering directory `/«PKGBUILDDIR»'
gnatgcc -g -O2 -fstack-protector --param=ssp-buffer-size=4 -Wformat -Werror=format-security -D_FORTIFY_SOURCE=2 -Wl,-z,relro -Wl,--as-needed -Wl,-z,defs  generate_constants.c  -lgmp -lmpfr -o generate_constants
./generate_constants > src/gmp-constants.ads
gnatgcc -c -D_FORTIFY_SOURCE=2 -g -O2 -fstack-protector --param=ssp-buffer-size=4 -Wformat -Werror=format-security src/gmp_macros.c -o build-obj-dynamic/gmp_macros.o -fPIC
sed gmpada.gpr.sed \
	  -e 's/ADAFLAGS/-g", "-O2", "-fstack-protector", "--param=ssp-buffer-size=4", "-gnatn/'  -e 's/CFLAGS/-g", "-O2", "-fstack-protector", "--param=ssp-buffer-size=4", "-Wformat", "-Werror=format-security/'  -e 's/CPPFLAGS/-D_FORTIFY_SOURCE=2/'  -e 's/LDFLAGS/-Wl,-z,relro", "-Wl,--as-needed", "-Wl,-z,defs/'  -e 's/LDLIBS/-lgmp", "-lmpfr/'  -e 's/SOVERSION/2/' \
	 > gmpada.gpr
gnatmake -Pgmpada.gpr -R -j1 -v -XKIND=dynamic

Parsing project file "gmpada.gpr".
Processing_Naming_Scheme for project "gmpada"
 53 lines: No errors

Parsing of project file "gmpada.gpr" is finished.
Adding source directory "/«PKGBUILDDIR»/src/".
Adding object directory "/«PKGBUILDDIR»/build-obj-dynamic/".
Adding "gnu_multiple_precision-big_integers.adb" to the queue
Adding "gnu_multiple_precision-big_integers.adb" as if on the command line
Adding "gnu_multiple_precision-generic_text_io.adb" to the queue
Adding "gnu_multiple_precision-big_rationals.adb" to the queue
Adding "gnu_multiple_precision.adb" to the queue
Adding "gnu_multiple_precision-big_floats.adb" to the queue
Adding "gmp-binding.adb" to the queue
Adding "gmp.ads" to the queue
Adding "gnu_multiple_precision-random_numbers.adb" to the queue
Adding "gnu_multiple_precision-wide_wide_text_io.ads" to the queue
Adding "gnu_multiple_precision-wide_text_io.ads" to the queue
Adding "gmp-constants.ads" to the queue
Adding "gnu_multiple_precision-aux.adb" to the queue
Adding "gnu_multiple_precision-text_io.ads" to the queue

GNATMAKE 4.6
Copyright (C) 1995-2010, Free Software Foundation, Inc.
Changing to object directory of "Gmpada": "/«PKGBUILDDIR»/build-obj-dynamic/"
Main source file: "gnu_multiple_precision-big_integers.adb".
Library file does not exist for project "gmpada"
Created configuration file "/«PKGBUILDDIR»/build-obj-dynamic/GNAT-TEMP-000001.TMP"
  "gnu_multiple_precision-big_integers.ali" being checked ...
  -> "gnu_multiple_precision-big_integers.ali" missing.
gcc-4.6 -c -fPIC -g -O2 -fstack-protector --param=ssp-buffer-size=4 -gnatn -I- -gnatA /«PKGBUILDDIR»/src/gnu_multiple_precision-big_integers.adb
print() on closed filehandle $PLOG at /usr/share/perl5/Sbuild/Base.pm line 90.
DC-Status: Failed 7200.806423208s
DC-Time-Estimation: 7200.806423208 versus expected 91 (r/m: 78.12974091437363 ; m: 91.0)
