DC-Build-Header: libomxfbdevsink 0.1-2 / 2013-07-18 15:56:56 +0000
DC-Task: source:libomxfbdevsink version:0.1-2 architecture:any chroot:unstable esttime:40 logfile:/tmp/libomxfbdevsink_0.1-2_unstable_clang.log modes:binary-only:clang
DC-Sbuild-call: su user -c 'sbuild -n --apt-update -d unstable -v  --chroot-setup-commands=/tmp/switch-to-clang --append-to-version "clang1" --maintainer "Lucas Nussbaum <lucas@debian.org>" --uploader "Lucas Nussbaum <lucas@debian.org>" libomxfbdevsink_0.1-2'
sbuild (Debian sbuild) 0.63.2 (18 Aug 2012) on ip-10-235-1-254.ec2.internal

╔══════════════════════════════════════════════════════════════════════════════╗
║ libomxfbdevsink 0.1-2clang1 (amd64)                        18 Jul 2013 15:56 ║
╚══════════════════════════════════════════════════════════════════════════════╝

Package: libomxfbdevsink
Version: 0.1-2clang1
Source Version: 0.1-2
Distribution: unstable
Machine Architecture: amd64
Host Architecture: amd64
Build Architecture: amd64

I: NOTICE: Log filtering will replace 'build/libomxfbdevsink-g7zySI/libomxfbdevsink-0.1' with '«PKGBUILDDIR»'
I: NOTICE: Log filtering will replace 'build/libomxfbdevsink-g7zySI' with '«BUILDDIR»'
I: NOTICE: Log filtering will replace 'var/lib/schroot/mount/unstable-amd64-sbuild-af06ca46-5c9c-4a70-b0f4-f8f7ceaded70' with '«CHROOT»'

┌──────────────────────────────────────────────────────────────────────────────┐
│ Update chroot                                                                │
└──────────────────────────────────────────────────────────────────────────────┘

Get:1 http://localhost:9999 unstable InRelease [204 kB]
Get:2 http://localhost:9999 unstable/main Sources/DiffIndex [7876 B]
Get:3 http://localhost:9999 unstable/main amd64 Packages/DiffIndex [7876 B]
Get:4 http://localhost:9999 unstable/main Translation-en/DiffIndex [7876 B]
Get:5 http://localhost:9999 unstable/main 2013-07-13-2032.15.pdiff [23.1 kB]
Get:6 http://localhost:9999 unstable/main amd64 2013-07-13-2032.15.pdiff [16.9 kB]
Get:7 http://localhost:9999 unstable/main 2013-07-13-2032.15.pdiff [23.1 kB]
Get:8 http://localhost:9999 unstable/main 2013-07-13-2032.15.pdiff [1809 B]
Get:9 http://localhost:9999 unstable/main amd64 2013-07-13-2032.15.pdiff [16.9 kB]
Get:10 http://localhost:9999 unstable/main 2013-07-14-0231.07.pdiff [12.9 kB]
Get:11 http://localhost:9999 unstable/main 2013-07-13-2032.15.pdiff [1809 B]
Get:12 http://localhost:9999 unstable/main amd64 2013-07-14-0231.07.pdiff [14.9 kB]
Get:13 http://localhost:9999 unstable/main 2013-07-14-0231.07.pdiff [12.9 kB]
Get:14 http://localhost:9999 unstable/main 2013-07-14-0231.07.pdiff [1384 B]
Get:15 http://localhost:9999 unstable/main amd64 2013-07-14-0231.07.pdiff [14.9 kB]
Get:16 http://localhost:9999 unstable/main 2013-07-14-0832.16.pdiff [4670 B]
Get:17 http://localhost:9999 unstable/main 2013-07-14-0231.07.pdiff [1384 B]
Get:18 http://localhost:9999 unstable/main amd64 2013-07-14-0832.16.pdiff [1624 B]
Get:19 http://localhost:9999 unstable/main 2013-07-14-0832.16.pdiff [4670 B]
Get:20 http://localhost:9999 unstable/main 2013-07-14-0832.16.pdiff [337 B]
Get:21 http://localhost:9999 unstable/main amd64 2013-07-14-0832.16.pdiff [1624 B]
Get:22 http://localhost:9999 unstable/main 2013-07-14-1431.18.pdiff [11.4 kB]
Get:23 http://localhost:9999 unstable/main 2013-07-14-0832.16.pdiff [337 B]
Get:24 http://localhost:9999 unstable/main amd64 2013-07-14-1431.18.pdiff [8223 B]
Get:25 http://localhost:9999 unstable/main 2013-07-14-1431.18.pdiff [11.4 kB]
Get:26 http://localhost:9999 unstable/main 2013-07-14-1431.18.pdiff [887 B]
Get:27 http://localhost:9999 unstable/main amd64 2013-07-14-1431.18.pdiff [8223 B]
Get:28 http://localhost:9999 unstable/main 2013-07-14-2031.21.pdiff [9038 B]
Get:29 http://localhost:9999 unstable/main 2013-07-14-1431.18.pdiff [887 B]
Get:30 http://localhost:9999 unstable/main amd64 2013-07-14-2031.21.pdiff [9955 B]
Get:31 http://localhost:9999 unstable/main 2013-07-14-2031.21.pdiff [9038 B]
Get:32 http://localhost:9999 unstable/main 2013-07-14-2031.21.pdiff [2736 B]
Get:33 http://localhost:9999 unstable/main amd64 2013-07-14-2031.21.pdiff [9955 B]
Get:34 http://localhost:9999 unstable/main 2013-07-15-0229.01.pdiff [9715 B]
Get:35 http://localhost:9999 unstable/main 2013-07-14-2031.21.pdiff [2736 B]
Get:36 http://localhost:9999 unstable/main amd64 2013-07-15-0229.01.pdiff [12.7 kB]
Get:37 http://localhost:9999 unstable/main 2013-07-15-0229.01.pdiff [9715 B]
Get:38 http://localhost:9999 unstable/main 2013-07-15-0229.01.pdiff [2239 B]
Get:39 http://localhost:9999 unstable/main amd64 2013-07-15-0229.01.pdiff [12.7 kB]
Get:40 http://localhost:9999 unstable/main 2013-07-15-0830.19.pdiff [3273 B]
Get:41 http://localhost:9999 unstable/main 2013-07-15-0229.01.pdiff [2239 B]
Get:42 http://localhost:9999 unstable/main amd64 2013-07-15-0830.19.pdiff [3964 B]
Get:43 http://localhost:9999 unstable/main 2013-07-15-0830.19.pdiff [3273 B]
Get:44 http://localhost:9999 unstable/main 2013-07-15-0830.19.pdiff [1357 B]
Get:45 http://localhost:9999 unstable/main amd64 2013-07-15-0830.19.pdiff [3964 B]
Get:46 http://localhost:9999 unstable/main 2013-07-15-1432.36.pdiff [5326 B]
Get:47 http://localhost:9999 unstable/main 2013-07-15-0830.19.pdiff [1357 B]
Get:48 http://localhost:9999 unstable/main amd64 2013-07-15-1432.36.pdiff [9809 B]
Get:49 http://localhost:9999 unstable/main 2013-07-15-1432.36.pdiff [5326 B]
Get:50 http://localhost:9999 unstable/main 2013-07-15-1432.36.pdiff [322 B]
Get:51 http://localhost:9999 unstable/main amd64 2013-07-15-1432.36.pdiff [9809 B]
Get:52 http://localhost:9999 unstable/main 2013-07-15-2031.50.pdiff [12.2 kB]
Get:53 http://localhost:9999 unstable/main 2013-07-15-1432.36.pdiff [322 B]
Get:54 http://localhost:9999 unstable/main amd64 2013-07-15-2031.50.pdiff [24.4 kB]
Get:55 http://localhost:9999 unstable/main 2013-07-15-2031.50.pdiff [12.2 kB]
Get:56 http://localhost:9999 unstable/main 2013-07-15-2031.50.pdiff [537 B]
Get:57 http://localhost:9999 unstable/main amd64 2013-07-15-2031.50.pdiff [24.4 kB]
Get:58 http://localhost:9999 unstable/main 2013-07-16-0233.12.pdiff [14.8 kB]
Get:59 http://localhost:9999 unstable/main 2013-07-15-2031.50.pdiff [537 B]
Get:60 http://localhost:9999 unstable/main amd64 2013-07-16-0233.12.pdiff [49.5 kB]
Get:61 http://localhost:9999 unstable/main 2013-07-16-0233.12.pdiff [14.8 kB]
Get:62 http://localhost:9999 unstable/main 2013-07-16-0233.12.pdiff [3247 B]
Get:63 http://localhost:9999 unstable/main amd64 2013-07-16-0233.12.pdiff [49.5 kB]
Get:64 http://localhost:9999 unstable/main 2013-07-16-0834.41.pdiff [7447 B]
Get:65 http://localhost:9999 unstable/main 2013-07-16-0233.12.pdiff [3247 B]
Get:66 http://localhost:9999 unstable/main amd64 2013-07-16-0834.41.pdiff [4493 B]
Get:67 http://localhost:9999 unstable/main 2013-07-16-0834.41.pdiff [7447 B]
Get:68 http://localhost:9999 unstable/main 2013-07-16-0834.41.pdiff [5852 B]
Get:69 http://localhost:9999 unstable/main amd64 2013-07-16-0834.41.pdiff [4493 B]
Get:70 http://localhost:9999 unstable/main 2013-07-16-1433.54.pdiff [21.2 kB]
Get:71 http://localhost:9999 unstable/main 2013-07-16-0834.41.pdiff [5852 B]
Get:72 http://localhost:9999 unstable/main amd64 2013-07-16-1433.54.pdiff [19.3 kB]
Get:73 http://localhost:9999 unstable/main 2013-07-16-1433.54.pdiff [21.2 kB]
Get:74 http://localhost:9999 unstable/main 2013-07-16-1433.54.pdiff [1941 B]
Get:75 http://localhost:9999 unstable/main amd64 2013-07-16-1433.54.pdiff [19.3 kB]
Get:76 http://localhost:9999 unstable/main 2013-07-16-2046.09.pdiff [19.4 kB]
Get:77 http://localhost:9999 unstable/main 2013-07-16-1433.54.pdiff [1941 B]
Get:78 http://localhost:9999 unstable/main amd64 2013-07-16-2046.09.pdiff [18.4 kB]
Get:79 http://localhost:9999 unstable/main 2013-07-16-2046.09.pdiff [19.4 kB]
Get:80 http://localhost:9999 unstable/main 2013-07-16-2046.09.pdiff [465 B]
Get:81 http://localhost:9999 unstable/main amd64 2013-07-16-2046.09.pdiff [18.4 kB]
Get:82 http://localhost:9999 unstable/main 2013-07-17-0233.52.pdiff [6503 B]
Get:83 http://localhost:9999 unstable/main 2013-07-16-2046.09.pdiff [465 B]
Get:84 http://localhost:9999 unstable/main amd64 2013-07-17-0233.52.pdiff [10.9 kB]
Get:85 http://localhost:9999 unstable/main 2013-07-17-0233.52.pdiff [6503 B]
Get:86 http://localhost:9999 unstable/main 2013-07-17-0233.52.pdiff [2433 B]
Get:87 http://localhost:9999 unstable/main amd64 2013-07-17-0233.52.pdiff [10.9 kB]
Get:88 http://localhost:9999 unstable/main 2013-07-17-0833.19.pdiff [6945 B]
Get:89 http://localhost:9999 unstable/main 2013-07-17-0233.52.pdiff [2433 B]
Get:90 http://localhost:9999 unstable/main amd64 2013-07-17-0833.19.pdiff [7401 B]
Get:91 http://localhost:9999 unstable/main 2013-07-17-0833.19.pdiff [6945 B]
Get:92 http://localhost:9999 unstable/main 2013-07-17-0833.19.pdiff [1349 B]
Get:93 http://localhost:9999 unstable/main amd64 2013-07-17-0833.19.pdiff [7401 B]
Get:94 http://localhost:9999 unstable/main 2013-07-17-1433.06.pdiff [6373 B]
Get:95 http://localhost:9999 unstable/main 2013-07-17-0833.19.pdiff [1349 B]
Get:96 http://localhost:9999 unstable/main amd64 2013-07-17-1433.06.pdiff [16.6 kB]
Get:97 http://localhost:9999 unstable/main 2013-07-17-1433.06.pdiff [6373 B]
Get:98 http://localhost:9999 unstable/main 2013-07-17-1433.06.pdiff [629 B]
Get:99 http://localhost:9999 unstable/main amd64 2013-07-17-1433.06.pdiff [16.6 kB]
Get:100 http://localhost:9999 unstable/main 2013-07-17-2032.34.pdiff [12.2 kB]
Get:101 http://localhost:9999 unstable/main 2013-07-17-1433.06.pdiff [629 B]
Get:102 http://localhost:9999 unstable/main amd64 2013-07-17-2032.34.pdiff [16.8 kB]
Get:103 http://localhost:9999 unstable/main 2013-07-17-2032.34.pdiff [12.2 kB]
Get:104 http://localhost:9999 unstable/main 2013-07-17-2032.34.pdiff [1150 B]
Get:105 http://localhost:9999 unstable/main amd64 2013-07-17-2032.34.pdiff [16.8 kB]
Get:106 http://localhost:9999 unstable/main 2013-07-18-0230.02.pdiff [5227 B]
Get:107 http://localhost:9999 unstable/main 2013-07-17-2032.34.pdiff [1150 B]
Get:108 http://localhost:9999 unstable/main amd64 2013-07-18-0230.02.pdiff [4895 B]
Get:109 http://localhost:9999 unstable/main 2013-07-18-0230.02.pdiff [5227 B]
Get:110 http://localhost:9999 unstable/main 2013-07-18-0230.02.pdiff [1970 B]
Get:111 http://localhost:9999 unstable/main amd64 2013-07-18-0230.02.pdiff [4895 B]
Get:112 http://localhost:9999 unstable/main 2013-07-18-0832.03.pdiff [8561 B]
Get:113 http://localhost:9999 unstable/main 2013-07-18-0230.02.pdiff [1970 B]
Get:114 http://localhost:9999 unstable/main amd64 2013-07-18-0832.03.pdiff [19.2 kB]
Get:115 http://localhost:9999 unstable/main 2013-07-18-0832.03.pdiff [8561 B]
Get:116 http://localhost:9999 unstable/main 2013-07-18-0832.03.pdiff [443 B]
Get:117 http://localhost:9999 unstable/main amd64 2013-07-18-0832.03.pdiff [19.2 kB]
Get:118 http://localhost:9999 unstable/main 2013-07-18-0832.03.pdiff [443 B]
Fetched 729 kB in 1min 9s (10.5 kB/s)
Reading package lists...
Reading package lists...
Building dependency tree...
Reading state information...
The following packages will be upgraded:
  apt cpp-4.7 cpp-4.8 g++-4.8 gcc-4.7 gcc-4.7-base gcc-4.8 gcc-4.8-base
  initscripts libapt-pkg4.12 libasan0 libatomic1 libgcc-4.7-dev libgcc-4.8-dev
  libgcc1 libgomp1 libitm1 libquadmath0 libstdc++-4.8-dev libstdc++6 libtsan0
  linux-libc-dev sysv-rc sysvinit sysvinit-utils
25 upgraded, 0 newly installed, 0 to remove and 0 not upgraded.
Need to get 44.5 MB of archives.
After this operation, 47.1 kB of additional disk space will be used.
Get:1 http://localhost:9999/debian/ unstable/main sysvinit amd64 2.88dsf-43 [134 kB]
Get:2 http://localhost:9999/debian/ unstable/main libitm1 amd64 4.8.1-7 [37.4 kB]
Get:3 http://localhost:9999/debian/ unstable/main libgomp1 amd64 4.8.1-7 [26.8 kB]
Get:4 http://localhost:9999/debian/ unstable/main libasan0 amd64 4.8.1-7 [75.6 kB]
Get:5 http://localhost:9999/debian/ unstable/main gcc-4.8-base amd64 4.8.1-7 [150 kB]
Get:6 http://localhost:9999/debian/ unstable/main libgcc1 amd64 1:4.8.1-7 [43.3 kB]
Get:7 http://localhost:9999/debian/ unstable/main libatomic1 amd64 4.8.1-7 [10.0 kB]
Get:8 http://localhost:9999/debian/ unstable/main libtsan0 amd64 4.8.1-7 [117 kB]
Get:9 http://localhost:9999/debian/ unstable/main libquadmath0 amd64 4.8.1-7 [138 kB]
Get:10 http://localhost:9999/debian/ unstable/main cpp-4.8 amd64 4.8.1-7 [5811 kB]
Get:11 http://localhost:9999/debian/ unstable/main libstdc++-4.8-dev amd64 4.8.1-7 [1744 kB]
Get:12 http://localhost:9999/debian/ unstable/main g++-4.8 amd64 4.8.1-7 [9490 kB]
Get:13 http://localhost:9999/debian/ unstable/main gcc-4.8 amd64 4.8.1-7 [6349 kB]
Get:14 http://localhost:9999/debian/ unstable/main libgcc-4.8-dev amd64 4.8.1-7 [2791 kB]
Get:15 http://localhost:9999/debian/ unstable/main libstdc++6 amd64 4.8.1-7 [325 kB]
Get:16 http://localhost:9999/debian/ unstable/main libapt-pkg4.12 amd64 0.9.9.2 [928 kB]
Get:17 http://localhost:9999/debian/ unstable/main apt amd64 0.9.9.2 [1327 kB]
Get:18 http://localhost:9999/debian/ unstable/main sysv-rc all 2.88dsf-43 [80.5 kB]
Get:19 http://localhost:9999/debian/ unstable/main sysvinit-utils amd64 2.88dsf-43 [103 kB]
Get:20 http://localhost:9999/debian/ unstable/main initscripts amd64 2.88dsf-43 [87.2 kB]
Get:21 http://localhost:9999/debian/ unstable/main gcc-4.7 amd64 4.7.3-6 [5819 kB]
Get:22 http://localhost:9999/debian/ unstable/main cpp-4.7 amd64 4.7.3-6 [5385 kB]
Get:23 http://localhost:9999/debian/ unstable/main libgcc-4.7-dev amd64 4.7.3-6 [2465 kB]
Get:24 http://localhost:9999/debian/ unstable/main gcc-4.7-base amd64 4.7.3-6 [149 kB]
Get:25 http://localhost:9999/debian/ unstable/main linux-libc-dev amd64 3.10.1-1 [869 kB]
debconf: delaying package configuration, since apt-utils is not installed
Fetched 44.5 MB in 1s (24.1 MB/s)
(Reading database ... 13844 files and directories currently installed.)
Preparing to replace sysvinit 2.88dsf-41 (using .../sysvinit_2.88dsf-43_amd64.deb) ...
Unpacking replacement sysvinit ...
Setting up sysvinit (2.88dsf-43) ...
Not restarting sysvinit
(Reading database ... 13844 files and directories currently installed.)
Preparing to replace libitm1:amd64 4.8.1-6 (using .../libitm1_4.8.1-7_amd64.deb) ...
Unpacking replacement libitm1:amd64 ...
Preparing to replace libgomp1:amd64 4.8.1-6 (using .../libgomp1_4.8.1-7_amd64.deb) ...
Unpacking replacement libgomp1:amd64 ...
Preparing to replace libasan0:amd64 4.8.1-6 (using .../libasan0_4.8.1-7_amd64.deb) ...
Unpacking replacement libasan0:amd64 ...
Preparing to replace gcc-4.8-base:amd64 4.8.1-6 (using .../gcc-4.8-base_4.8.1-7_amd64.deb) ...
Unpacking replacement gcc-4.8-base:amd64 ...
Setting up gcc-4.8-base:amd64 (4.8.1-7) ...
(Reading database ... 13844 files and directories currently installed.)
Preparing to replace libgcc1:amd64 1:4.8.1-6 (using .../libgcc1_1%3a4.8.1-7_amd64.deb) ...
Unpacking replacement libgcc1:amd64 ...
Setting up libgcc1:amd64 (1:4.8.1-7) ...
Processing triggers for libc-bin ...
(Reading database ... 13844 files and directories currently installed.)
Preparing to replace libatomic1:amd64 4.8.1-6 (using .../libatomic1_4.8.1-7_amd64.deb) ...
Unpacking replacement libatomic1:amd64 ...
Preparing to replace libtsan0:amd64 4.8.1-6 (using .../libtsan0_4.8.1-7_amd64.deb) ...
Unpacking replacement libtsan0:amd64 ...
Preparing to replace libquadmath0:amd64 4.8.1-6 (using .../libquadmath0_4.8.1-7_amd64.deb) ...
Unpacking replacement libquadmath0:amd64 ...
Preparing to replace cpp-4.8 4.8.1-6 (using .../cpp-4.8_4.8.1-7_amd64.deb) ...
Unpacking replacement cpp-4.8 ...
Preparing to replace libstdc++-4.8-dev:amd64 4.8.1-6 (using .../libstdc++-4.8-dev_4.8.1-7_amd64.deb) ...
Unpacking replacement libstdc++-4.8-dev:amd64 ...
Preparing to replace g++-4.8 4.8.1-6 (using .../g++-4.8_4.8.1-7_amd64.deb) ...
Unpacking replacement g++-4.8 ...
Preparing to replace gcc-4.8 4.8.1-6 (using .../gcc-4.8_4.8.1-7_amd64.deb) ...
Unpacking replacement gcc-4.8 ...
Preparing to replace libgcc-4.8-dev:amd64 4.8.1-6 (using .../libgcc-4.8-dev_4.8.1-7_amd64.deb) ...
Unpacking replacement libgcc-4.8-dev:amd64 ...
Preparing to replace libstdc++6:amd64 4.8.1-6 (using .../libstdc++6_4.8.1-7_amd64.deb) ...
Unpacking replacement libstdc++6:amd64 ...
Setting up libstdc++6:amd64 (4.8.1-7) ...
Processing triggers for libc-bin ...
(Reading database ... 13844 files and directories currently installed.)
Preparing to replace libapt-pkg4.12:amd64 0.9.9.1 (using .../libapt-pkg4.12_0.9.9.2_amd64.deb) ...
Unpacking replacement libapt-pkg4.12:amd64 ...
Setting up libapt-pkg4.12:amd64 (0.9.9.2) ...
Processing triggers for libc-bin ...
(Reading database ... 13844 files and directories currently installed.)
Preparing to replace apt 0.9.9.1 (using .../archives/apt_0.9.9.2_amd64.deb) ...
Unpacking replacement apt ...
Setting up apt (0.9.9.2) ...
gpg: key B98321F9: "Squeeze Stable Release Key <debian-release@lists.debian.org>" not changed
gpg: key 473041FA: "Debian Archive Automatic Signing Key (6.0/squeeze) <ftpmaster@debian.org>" not changed
gpg: key 65FFB764: "Wheezy Stable Release Key <debian-release@lists.debian.org>" not changed
gpg: key 46925553: "Debian Archive Automatic Signing Key (7.0/wheezy) <ftpmaster@debian.org>" not changed
gpg: Total number processed: 4
gpg:              unchanged: 4
(Reading database ... 13844 files and directories currently installed.)
Preparing to replace sysv-rc 2.88dsf-41 (using .../sysv-rc_2.88dsf-43_all.deb) ...
Unpacking replacement sysv-rc ...
Preparing to replace sysvinit-utils 2.88dsf-41 (using .../sysvinit-utils_2.88dsf-43_amd64.deb) ...
Unpacking replacement sysvinit-utils ...
Setting up sysvinit-utils (2.88dsf-43) ...
Setting up sysv-rc (2.88dsf-43) ...
(Reading database ... 13844 files and directories currently installed.)
Preparing to replace initscripts 2.88dsf-41 (using .../initscripts_2.88dsf-43_amd64.deb) ...
Removing unmodified and obsolete conffile /etc/init.d/mtab.sh ...
Unpacking replacement initscripts ...
Setting up initscripts (2.88dsf-43) ...
Installing new version of config file /etc/init.d/bootmisc.sh ...
Installing new version of config file /etc/init.d/checkfs.sh ...
Installing new version of config file /etc/init.d/checkroot.sh ...
Installing new version of config file /etc/init.d/checkroot-bootclean.sh ...
Installing new version of config file /etc/init.d/mountdevsubfs.sh ...
Installing new version of config file /etc/init.d/mountkernfs.sh ...
Installing new version of config file /etc/init.d/rmnologin ...
Installing new version of config file /etc/network/if-up.d/mountnfs ...
(Reading database ... 13843 files and directories currently installed.)
Preparing to replace gcc-4.7 4.7.3-5 (using .../gcc-4.7_4.7.3-6_amd64.deb) ...
Unpacking replacement gcc-4.7 ...
Preparing to replace cpp-4.7 4.7.3-5 (using .../cpp-4.7_4.7.3-6_amd64.deb) ...
Unpacking replacement cpp-4.7 ...
Preparing to replace libgcc-4.7-dev:amd64 4.7.3-5 (using .../libgcc-4.7-dev_4.7.3-6_amd64.deb) ...
Unpacking replacement libgcc-4.7-dev:amd64 ...
Preparing to replace gcc-4.7-base:amd64 4.7.3-5 (using .../gcc-4.7-base_4.7.3-6_amd64.deb) ...
Unpacking replacement gcc-4.7-base:amd64 ...
Preparing to replace linux-libc-dev:amd64 3.9.8-1 (using .../linux-libc-dev_3.10.1-1_amd64.deb) ...
Unpacking replacement linux-libc-dev:amd64 ...
Setting up libitm1:amd64 (4.8.1-7) ...
Setting up libgomp1:amd64 (4.8.1-7) ...
Setting up libasan0:amd64 (4.8.1-7) ...
Setting up libatomic1:amd64 (4.8.1-7) ...
Setting up libtsan0:amd64 (4.8.1-7) ...
Setting up libquadmath0:amd64 (4.8.1-7) ...
Setting up cpp-4.8 (4.8.1-7) ...
Setting up libgcc-4.8-dev:amd64 (4.8.1-7) ...
Setting up libstdc++-4.8-dev:amd64 (4.8.1-7) ...
Setting up gcc-4.8 (4.8.1-7) ...
Setting up g++-4.8 (4.8.1-7) ...
Setting up gcc-4.7-base:amd64 (4.7.3-6) ...
Setting up cpp-4.7 (4.7.3-6) ...
Setting up libgcc-4.7-dev:amd64 (4.7.3-6) ...
Setting up gcc-4.7 (4.7.3-6) ...
Setting up linux-libc-dev:amd64 (3.10.1-1) ...
Processing triggers for libc-bin ...

┌──────────────────────────────────────────────────────────────────────────────┐
│ Fetch source files                                                           │
└──────────────────────────────────────────────────────────────────────────────┘


Check APT
─────────

Checking available source versions...

Download source files with APT
──────────────────────────────

Reading package lists...
Building dependency tree...
Reading state information...
Need to get 317 kB of source archives.
Get:1 http://localhost:9999/debian/ unstable/main libomxfbdevsink 0.1-2 (dsc) [1789 B]
Get:2 http://localhost:9999/debian/ unstable/main libomxfbdevsink 0.1-2 (tar) [312 kB]
Get:3 http://localhost:9999/debian/ unstable/main libomxfbdevsink 0.1-2 (diff) [2801 B]
Fetched 317 kB in 0s (1299 kB/s)
Download complete and in download only mode

Check arch
──────────


┌──────────────────────────────────────────────────────────────────────────────┐
│ Chroot Setup Commands                                                        │
└──────────────────────────────────────────────────────────────────────────────┘


/tmp/switch-to-clang
────────────────────

+ echo 'Entering customization script...'
Entering customization script...
+ echo 'Install of clang'
Install of clang
+ apt-get update
Hit http://localhost:9999 unstable InRelease
Hit http://localhost:9999 unstable/main Sources/DiffIndex
Hit http://localhost:9999 unstable/main amd64 Packages/DiffIndex
Hit http://localhost:9999 unstable/main Translation-en/DiffIndex
Reading package lists...
+ apt-get install --yes --no-install-recommends --force-yes clang-3.3
Reading package lists...
Building dependency tree...
Reading state information...
The following extra packages will be installed:
  libclang-common-3.3-dev libclang1-3.3 libffi6 libllvm3.3 libobjc-4.7-dev
  libobjc4 libstdc++6-4.7-dev
Suggested packages:
  libstdc++6-4.7-doc
Recommended packages:
  llvm-3.3-dev python
The following NEW packages will be installed:
  clang-3.3 libclang-common-3.3-dev libclang1-3.3 libffi6 libllvm3.3
  libobjc-4.7-dev libobjc4 libstdc++6-4.7-dev
0 upgraded, 8 newly installed, 0 to remove and 0 not upgraded.
Need to get 27.2 MB of archives.
After this operation, 80.8 MB of additional disk space will be used.
Get:1 http://localhost:9999/debian/ unstable/main libffi6 amd64 3.0.13-4 [21.6 kB]
Get:2 http://localhost:9999/debian/ unstable/main libllvm3.3 amd64 1:3.3-3 [8575 kB]
Get:3 http://localhost:9999/debian/ unstable/main libobjc4 amd64 4.8.1-7 [160 kB]
Get:4 http://localhost:9999/debian/ unstable/main libstdc++6-4.7-dev amd64 4.7.3-6 [1694 kB]
Get:5 http://localhost:9999/debian/ unstable/main libobjc-4.7-dev amd64 4.7.3-6 [719 kB]
Get:6 http://localhost:9999/debian/ unstable/main libclang-common-3.3-dev amd64 1:3.3-3 [574 kB]
Get:7 http://localhost:9999/debian/ unstable/main libclang1-3.3 amd64 1:3.3-3 [4579 kB]
Get:8 http://localhost:9999/debian/ unstable/main clang-3.3 amd64 1:3.3-3 [10.9 MB]
debconf: delaying package configuration, since apt-utils is not installed
Fetched 27.2 MB in 1s (25.8 MB/s)
Selecting previously unselected package libffi6:amd64.
(Reading database ... 13846 files and directories currently installed.)
Unpacking libffi6:amd64 (from .../libffi6_3.0.13-4_amd64.deb) ...
Selecting previously unselected package libllvm3.3:amd64.
Unpacking libllvm3.3:amd64 (from .../libllvm3.3_1%3a3.3-3_amd64.deb) ...
Selecting previously unselected package libobjc4:amd64.
Unpacking libobjc4:amd64 (from .../libobjc4_4.8.1-7_amd64.deb) ...
Selecting previously unselected package libstdc++6-4.7-dev:amd64.
Unpacking libstdc++6-4.7-dev:amd64 (from .../libstdc++6-4.7-dev_4.7.3-6_amd64.deb) ...
Selecting previously unselected package libobjc-4.7-dev:amd64.
Unpacking libobjc-4.7-dev:amd64 (from .../libobjc-4.7-dev_4.7.3-6_amd64.deb) ...
Selecting previously unselected package libclang-common-3.3-dev.
Unpacking libclang-common-3.3-dev (from .../libclang-common-3.3-dev_1%3a3.3-3_amd64.deb) ...
Selecting previously unselected package libclang1-3.3.
Unpacking libclang1-3.3 (from .../libclang1-3.3_1%3a3.3-3_amd64.deb) ...
Selecting previously unselected package clang-3.3.
Unpacking clang-3.3 (from .../clang-3.3_1%3a3.3-3_amd64.deb) ...
Setting up libffi6:amd64 (3.0.13-4) ...
Setting up libllvm3.3:amd64 (1:3.3-3) ...
Setting up libobjc4:amd64 (4.8.1-7) ...
Setting up libstdc++6-4.7-dev:amd64 (4.7.3-6) ...
Setting up libobjc-4.7-dev:amd64 (4.7.3-6) ...
Setting up libclang-common-3.3-dev (1:3.3-3) ...
Setting up libclang1-3.3 (1:3.3-3) ...
Setting up clang-3.3 (1:3.3-3) ...
Processing triggers for libc-bin ...
+ echo 'Replace gcc, g++ & cpp by clang'
Replace gcc, g++ & cpp by clang
+ VERSIONS='4.6 4.7 4.8'
+ cd /usr/bin
+ for VERSION in '$VERSIONS'
+ rm -f g++-4.6 gcc-4.6 cpp-4.6
+ ln -s clang++ g++-4.6
+ ln -s clang gcc-4.6
+ ln -s clang cpp-4.6
+ for VERSION in '$VERSIONS'
+ rm -f g++-4.7 gcc-4.7 cpp-4.7
+ ln -s clang++ g++-4.7
+ ln -s clang gcc-4.7
+ ln -s clang cpp-4.7
+ for VERSION in '$VERSIONS'
+ rm -f g++-4.8 gcc-4.8 cpp-4.8
+ ln -s clang++ g++-4.8
+ ln -s clang gcc-4.8
+ ln -s clang cpp-4.8
+ cd -
/«BUILDDIR»
+ echo 'Block the installation of new gcc version'
Block the installation of new gcc version
+ dpkg --set-selections
+ echo 'gcc-4.6 hold'
+ dpkg --set-selections
+ echo 'cpp-4.6 hold'
+ dpkg --set-selections
+ echo 'g++-4.6 hold'
+ dpkg --set-selections
+ echo 'gcc-4.7 hold'
+ dpkg --set-selections
+ echo 'cpp-4.7 hold'
+ dpkg --set-selections
+ echo 'g++-4.7 hold'
+ dpkg --set-selections
+ echo 'gcc-4.8 hold'
+ dpkg --set-selections
+ echo 'cpp-4.8 hold'
+ dpkg --set-selections
+ echo 'g++-4.8 hold'
+ echo 'Check if gcc, g++ & cpp are actually clang'
Check if gcc, g++ & cpp are actually clang
+ grep clang
+ gcc --version
+ grep clang
+ cpp --version
+ grep clang
+ g++ --version

I: Finished running '/tmp/switch-to-clang'.

Finished processing commands.
────────────────────────────────────────────────────────────────────────────────
Merged Build-Depends: build-essential, fakeroot
Filtered Build-Depends: build-essential, fakeroot
dpkg-deb: building package `sbuild-build-depends-core-dummy' in `/«BUILDDIR»/resolver-778jY7/apt_archive/sbuild-build-depends-core-dummy.deb'.
OK
Reading package lists...

┌──────────────────────────────────────────────────────────────────────────────┐
│ Install core build dependencies (apt-based resolver)                         │
└──────────────────────────────────────────────────────────────────────────────┘

Installing build dependencies
Reading package lists...
Building dependency tree...
Reading state information...
The following NEW packages will be installed:
  sbuild-build-depends-core-dummy
debconf: delaying package configuration, since apt-utils is not installed
0 upgraded, 1 newly installed, 0 to remove and 0 not upgraded.
Need to get 0 B/706 B of archives.
After this operation, 0 B of additional disk space will be used.
Selecting previously unselected package sbuild-build-depends-core-dummy.
(Reading database ... 14701 files and directories currently installed.)
Unpacking sbuild-build-depends-core-dummy (from .../sbuild-build-depends-core-dummy.deb) ...
Setting up sbuild-build-depends-core-dummy (0.invalid.0) ...
Merged Build-Depends: base-files, base-passwd, bash, bsdutils, coreutils, dash, debianutils, diffutils, dpkg, e2fsprogs, findutils, grep, gzip, hostname, libc-bin, login, mount, ncurses-base, ncurses-bin, perl-base, sed, sysvinit, sysvinit-utils, tar, util-linux, libc6-dev | libc-dev, gcc (>= 4:4.4.3), g++ (>= 4:4.4.3), make, dpkg-dev (>= 1.13.5), debhelper (>= 7.0.50~), autotools-dev, libomxil-bellagio-dev, pkg-config
Filtered Build-Depends: base-files, base-passwd, bash, bsdutils, coreutils, dash, debianutils, diffutils, dpkg, e2fsprogs, findutils, grep, gzip, hostname, libc-bin, login, mount, ncurses-base, ncurses-bin, perl-base, sed, sysvinit, sysvinit-utils, tar, util-linux, libc6-dev, gcc (>= 4:4.4.3), g++ (>= 4:4.4.3), make, dpkg-dev (>= 1.13.5), debhelper (>= 7.0.50~), autotools-dev, libomxil-bellagio-dev, pkg-config
dpkg-deb: building package `sbuild-build-depends-libomxfbdevsink-dummy' in `/«BUILDDIR»/resolver-KgtsRW/apt_archive/sbuild-build-depends-libomxfbdevsink-dummy.deb'.
OK
Reading package lists...

┌──────────────────────────────────────────────────────────────────────────────┐
│ Install libomxfbdevsink build dependencies (apt-based resolver)              │
└──────────────────────────────────────────────────────────────────────────────┘

Installing build dependencies
Reading package lists...
Building dependency tree...
Reading state information...
The following extra packages will be installed:
  autotools-dev bsdmainutils debhelper file gettext gettext-base groff-base
  intltool-debian libasprintf0c2 libcroco3 libglib2.0-0 libmagic1
  libomxil-bellagio-dev libomxil-bellagio0 libpipeline1 libpopt0 libunistring0
  libxml2 man-db pkg-config po-debconf
Suggested packages:
  wamerican wordlist whois vacation dh-make gettext-doc groff
  libomxil-bellagio-doc libomxil-bellagio0-components-base less www-browser
  libmail-box-perl
Recommended packages:
  curl wget lynx-cur autopoint libasprintf-dev libgettextpo-dev
  libglib2.0-data shared-mime-info xml-core libmail-sendmail-perl
The following NEW packages will be installed:
  autotools-dev bsdmainutils debhelper file gettext gettext-base groff-base
  intltool-debian libasprintf0c2 libcroco3 libglib2.0-0 libmagic1
  libomxil-bellagio-dev libomxil-bellagio0 libpipeline1 libpopt0 libunistring0
  libxml2 man-db pkg-config po-debconf
  sbuild-build-depends-libomxfbdevsink-dummy
0 upgraded, 22 newly installed, 0 to remove and 0 not upgraded.
Need to get 9195 kB/9196 kB of archives.
After this operation, 26.2 MB of additional disk space will be used.
Get:1 http://localhost:9999/debian/ unstable/main libpipeline1 amd64 1.2.4-1 [41.0 kB]
Get:2 http://localhost:9999/debian/ unstable/main libpopt0 amd64 1.16-7 [56.4 kB]
Get:3 http://localhost:9999/debian/ unstable/main groff-base amd64 1.22.2-3 [747 kB]
Get:4 http://localhost:9999/debian/ unstable/main bsdmainutils amd64 9.0.5 [211 kB]
Get:5 http://localhost:9999/debian/ unstable/main man-db amd64 2.6.5-2 [976 kB]
Get:6 http://localhost:9999/debian/ unstable/main libasprintf0c2 amd64 0.18.3-1 [29.6 kB]
Get:7 http://localhost:9999/debian/ unstable/main libmagic1 amd64 1:5.14-2 [216 kB]
Get:8 http://localhost:9999/debian/ unstable/main libxml2 amd64 2.9.1+dfsg1-2 [911 kB]
Get:9 http://localhost:9999/debian/ unstable/main libglib2.0-0 amd64 2.36.3-3 [2048 kB]
Get:10 http://localhost:9999/debian/ unstable/main libcroco3 amd64 0.6.8-2 [133 kB]
Get:11 http://localhost:9999/debian/ unstable/main libunistring0 amd64 0.9.3-5 [434 kB]
Get:12 http://localhost:9999/debian/ unstable/main file amd64 1:5.14-2 [54.0 kB]
Get:13 http://localhost:9999/debian/ unstable/main gettext-base amd64 0.18.3-1 [161 kB]
Get:14 http://localhost:9999/debian/ unstable/main autotools-dev all 20130515.1 [73.0 kB]
Get:15 http://localhost:9999/debian/ unstable/main gettext amd64 0.18.3-1 [1898 kB]
Get:16 http://localhost:9999/debian/ unstable/main intltool-debian all 0.35.0+20060710.1 [30.8 kB]
Get:17 http://localhost:9999/debian/ unstable/main po-debconf all 1.0.16+nmu2 [224 kB]
Get:18 http://localhost:9999/debian/ unstable/main debhelper all 9.20130630 [710 kB]
Get:19 http://localhost:9999/debian/ unstable/main libomxil-bellagio0 amd64 0.9.3-1+b1 [51.2 kB]
Get:20 http://localhost:9999/debian/ unstable/main libomxil-bellagio-dev amd64 0.9.3-1+b1 [129 kB]
Get:21 http://localhost:9999/debian/ unstable/main pkg-config amd64 0.26-1 [59.5 kB]
debconf: delaying package configuration, since apt-utils is not installed
Fetched 9195 kB in 0s (20.3 MB/s)
Selecting previously unselected package libpipeline1:amd64.
(Reading database ... 14701 files and directories currently installed.)
Unpacking libpipeline1:amd64 (from .../libpipeline1_1.2.4-1_amd64.deb) ...
Selecting previously unselected package libpopt0:amd64.
Unpacking libpopt0:amd64 (from .../libpopt0_1.16-7_amd64.deb) ...
Selecting previously unselected package groff-base.
Unpacking groff-base (from .../groff-base_1.22.2-3_amd64.deb) ...
Selecting previously unselected package bsdmainutils.
Unpacking bsdmainutils (from .../bsdmainutils_9.0.5_amd64.deb) ...
Selecting previously unselected package man-db.
Unpacking man-db (from .../man-db_2.6.5-2_amd64.deb) ...
Selecting previously unselected package libasprintf0c2:amd64.
Unpacking libasprintf0c2:amd64 (from .../libasprintf0c2_0.18.3-1_amd64.deb) ...
Selecting previously unselected package libmagic1:amd64.
Unpacking libmagic1:amd64 (from .../libmagic1_1%3a5.14-2_amd64.deb) ...
Selecting previously unselected package libxml2:amd64.
Unpacking libxml2:amd64 (from .../libxml2_2.9.1+dfsg1-2_amd64.deb) ...
Selecting previously unselected package libglib2.0-0:amd64.
Unpacking libglib2.0-0:amd64 (from .../libglib2.0-0_2.36.3-3_amd64.deb) ...
Selecting previously unselected package libcroco3:amd64.
Unpacking libcroco3:amd64 (from .../libcroco3_0.6.8-2_amd64.deb) ...
Selecting previously unselected package libunistring0:amd64.
Unpacking libunistring0:amd64 (from .../libunistring0_0.9.3-5_amd64.deb) ...
Selecting previously unselected package file.
Unpacking file (from .../file_1%3a5.14-2_amd64.deb) ...
Selecting previously unselected package gettext-base.
Unpacking gettext-base (from .../gettext-base_0.18.3-1_amd64.deb) ...
Selecting previously unselected package autotools-dev.
Unpacking autotools-dev (from .../autotools-dev_20130515.1_all.deb) ...
Selecting previously unselected package gettext.
Unpacking gettext (from .../gettext_0.18.3-1_amd64.deb) ...
Selecting previously unselected package intltool-debian.
Unpacking intltool-debian (from .../intltool-debian_0.35.0+20060710.1_all.deb) ...
Selecting previously unselected package po-debconf.
Unpacking po-debconf (from .../po-debconf_1.0.16+nmu2_all.deb) ...
Selecting previously unselected package debhelper.
Unpacking debhelper (from .../debhelper_9.20130630_all.deb) ...
Selecting previously unselected package libomxil-bellagio0.
Unpacking libomxil-bellagio0 (from .../libomxil-bellagio0_0.9.3-1+b1_amd64.deb) ...
Selecting previously unselected package libomxil-bellagio-dev.
Unpacking libomxil-bellagio-dev (from .../libomxil-bellagio-dev_0.9.3-1+b1_amd64.deb) ...
Selecting previously unselected package pkg-config.
Unpacking pkg-config (from .../pkg-config_0.26-1_amd64.deb) ...
Selecting previously unselected package sbuild-build-depends-libomxfbdevsink-dummy.
Unpacking sbuild-build-depends-libomxfbdevsink-dummy (from .../sbuild-build-depends-libomxfbdevsink-dummy.deb) ...
Setting up libpipeline1:amd64 (1.2.4-1) ...
Setting up libpopt0:amd64 (1.16-7) ...
Setting up groff-base (1.22.2-3) ...
Setting up bsdmainutils (9.0.5) ...
update-alternatives: using /usr/bin/bsd-write to provide /usr/bin/write (write) in auto mode
update-alternatives: using /usr/bin/bsd-from to provide /usr/bin/from (from) in auto mode
Setting up man-db (2.6.5-2) ...
Not building database; man-db/auto-update is not 'true'.
Setting up libasprintf0c2:amd64 (0.18.3-1) ...
Setting up libmagic1:amd64 (1:5.14-2) ...
Setting up libxml2:amd64 (2.9.1+dfsg1-2) ...
Setting up libglib2.0-0:amd64 (2.36.3-3) ...
No schema files found: doing nothing.
Setting up libcroco3:amd64 (0.6.8-2) ...
Setting up libunistring0:amd64 (0.9.3-5) ...
Setting up file (1:5.14-2) ...
Setting up gettext-base (0.18.3-1) ...
Setting up autotools-dev (20130515.1) ...
Setting up gettext (0.18.3-1) ...
Setting up intltool-debian (0.35.0+20060710.1) ...
Setting up po-debconf (1.0.16+nmu2) ...
Setting up debhelper (9.20130630) ...
Setting up libomxil-bellagio0 (0.9.3-1+b1) ...
Setting up libomxil-bellagio-dev (0.9.3-1+b1) ...
Setting up pkg-config (0.26-1) ...
Setting up sbuild-build-depends-libomxfbdevsink-dummy (0.invalid.0) ...
Processing triggers for libc-bin ...

┌──────────────────────────────────────────────────────────────────────────────┐
│ Build environment                                                            │
└──────────────────────────────────────────────────────────────────────────────┘

Kernel: Linux 2.6.32-5-xen-amd64 amd64 (x86_64)
Toolchain package versions: binutils_2.23.52.20130620-1 dpkg-dev_1.16.10 g++-4.6_4.6.4-4 g++-4.8_4.8.1-7 gcc-4.6_4.6.4-4 gcc-4.7_4.7.3-6 gcc-4.8_4.8.1-7 libc6-dev_2.17-7 libstdc++-4.8-dev_4.8.1-7 libstdc++6_4.8.1-7 libstdc++6-4.6-dev_4.6.4-4 libstdc++6-4.7-dev_4.7.3-6 linux-libc-dev_3.10.1-1
Package versions: apt_0.9.9.2 autotools-dev_20130515.1 base-files_7.2 base-passwd_3.5.26 bash_4.2+dfsg-1 binutils_2.23.52.20130620-1 bsdmainutils_9.0.5 bsdutils_1:2.20.1-5.5 build-essential_11.6 bzip2_1.0.6-4 clang-3.3_1:3.3-3 coreutils_8.20-3 cpp_4:4.8.1-2 cpp-4.6_4.6.4-4 cpp-4.7_4.7.3-6 cpp-4.8_4.8.1-7 dash_0.5.7-3 debconf_1.5.50 debconf-i18n_1.5.50 debfoster_2.7-1.2 debhelper_9.20130630 debian-archive-keyring_2012.4 debianutils_4.3.4 diffutils_1:3.2-8 dpkg_1.16.10 dpkg-dev_1.16.10 e2fslibs_1.42.8-1 e2fsprogs_1.42.8-1 fakeroot_1.19-2 file_1:5.14-2 findutils_4.4.2-6 g++_4:4.8.1-2 g++-4.6_4.6.4-4 g++-4.8_4.8.1-7 gcc_4:4.8.1-2 gcc-4.4-base_4.4.7-4 gcc-4.5-base_4.5.4-1 gcc-4.6_4.6.4-4 gcc-4.6-base_4.6.4-4 gcc-4.7_4.7.3-6 gcc-4.7-base_4.7.3-6 gcc-4.8_4.8.1-7 gcc-4.8-base_4.8.1-7 gettext_0.18.3-1 gettext-base_0.18.3-1 gnupg_1.4.12-7 gpgv_1.4.12-7 grep_2.14-2 groff-base_1.22.2-3 gzip_1.6-1 hostname_3.13 initscripts_2.88dsf-43 insserv_1.14.0-5 intltool-debian_0.35.0+20060710.1 libacl1_2.2.52-1 libapt-pkg4.12_0.9.9.2 libasan0_4.8.1-7 libasprintf0c2_0.18.3-1 libatomic1_4.8.1-7 libattr1_1:2.4.47-1 libblkid1_2.20.1-5.5 libbz2-1.0_1.0.6-4 libc-bin_2.17-7 libc-dev-bin_2.17-7 libc6_2.17-7 libc6-dev_2.17-7 libcap2_1:2.22-1.2 libclang-common-3.3-dev_1:3.3-3 libclang1-3.3_1:3.3-3 libclass-isa-perl_0.36-5 libcloog-isl4_0.18.0-2 libcloog-ppl1_0.16.1-3 libcomerr2_1.42.8-1 libcroco3_0.6.8-2 libdb5.1_5.1.29-6 libdpkg-perl_1.16.10 libffi6_3.0.13-4 libfile-fcntllock-perl_0.14-2 libgc1c2_1:7.2d-5 libgcc-4.7-dev_4.7.3-6 libgcc-4.8-dev_4.8.1-7 libgcc1_1:4.8.1-7 libgdbm3_1.8.3-12 libglib2.0-0_2.36.3-3 libgmp10_2:5.1.2+dfsg-2 libgmpxx4ldbl_2:5.1.2+dfsg-2 libgomp1_4.8.1-7 libgpm2_1.20.4-6.1 libisl10_0.11.2-1 libitm1_4.8.1-7 libllvm3.3_1:3.3-3 liblocale-gettext-perl_1.05-7+b1 liblzma5_5.1.1alpha+20120614-2 libmagic1_1:5.14-2 libmount1_2.20.1-5.5 libmpc2_0.9-4 libmpc3_1.0.1-1 libmpfr4_3.1.1-1 libncurses5_5.9+20130608-1 libobjc-4.7-dev_4.7.3-6 libobjc4_4.8.1-7 libomxil-bellagio-dev_0.9.3-1+b1 libomxil-bellagio0_0.9.3-1+b1 libpam-modules_1.1.3-9 libpam-modules-bin_1.1.3-9 libpam-runtime_1.1.3-9 libpam0g_1.1.3-9 libpcre3_1:8.31-2 libpipeline1_1.2.4-1 libpopt0_1.16-7 libppl-c4_1:1.0-7 libppl12_1:1.0-7 libquadmath0_4.8.1-7 libreadline6_6.2+dfsg-0.1 libselinux1_2.1.13-2 libsemanage-common_2.1.10-2 libsemanage1_2.1.10-2 libsepol1_2.1.9-2 libslang2_2.2.4-15 libss2_1.42.8-1 libstdc++-4.8-dev_4.8.1-7 libstdc++6_4.8.1-7 libstdc++6-4.6-dev_4.6.4-4 libstdc++6-4.7-dev_4.7.3-6 libswitch-perl_2.16-2 libtext-charwidth-perl_0.04-7+b1 libtext-iconv-perl_1.7-5 libtext-wrapi18n-perl_0.06-7 libtimedate-perl_1.2000-1 libtinfo5_5.9+20130608-1 libtsan0_4.8.1-7 libunistring0_0.9.3-5 libusb-0.1-4_2:0.1.12-23.2 libustr-1.0-1_1.0.4-3 libuuid1_2.20.1-5.5 libxml2_2.9.1+dfsg1-2 linux-libc-dev_3.10.1-1 login_1:4.1.5.1-1 lsb-base_4.1+Debian12 make_3.81-8.2 man-db_2.6.5-2 mawk_1.3.3-17 mount_2.20.1-5.5 multiarch-support_2.17-7 ncurses-base_5.9+20130608-1 ncurses-bin_5.9+20130608-1 passwd_1:4.1.5.1-1 patch_2.7.1-3 perl_5.14.2-21 perl-base_5.14.2-21 perl-modules_5.14.2-21 pkg-config_0.26-1 po-debconf_1.0.16+nmu2 readline-common_6.2+dfsg-0.1 sbuild-build-depends-core-dummy_0.invalid.0 sbuild-build-depends-libomxfbdevsink-dummy_0.invalid.0 sed_4.2.2-1 sensible-utils_0.0.9 sudo_1.8.5p2-1+nmu1 sysv-rc_2.88dsf-43 sysvinit_2.88dsf-43 sysvinit-utils_2.88dsf-43 tar_1.26+dfsg-6 tzdata_2013c-2 ucf_3.0027+nmu1 util-linux_2.20.1-5.5 vim_2:7.3.923-3 vim-common_2:7.3.923-3 vim-runtime_2:7.3.923-3 xz-utils_5.1.1alpha+20120614-2 zlib1g_1:1.2.8.dfsg-1

┌──────────────────────────────────────────────────────────────────────────────┐
│ Build                                                                        │
└──────────────────────────────────────────────────────────────────────────────┘


Unpack source
─────────────

gpgv: keyblock resource `/sbuild-nonexistent/.gnupg/trustedkeys.gpg': file open error
gpgv: Signature made Thu Jul 28 14:36:49 2011 UTC using RSA key ID D0428836
gpgv: Can't check signature: public key not found
dpkg-source: warning: failed to verify signature on ./libomxfbdevsink_0.1-2.dsc
dpkg-source: info: extracting libomxfbdevsink in libomxfbdevsink-0.1
dpkg-source: info: unpacking libomxfbdevsink_0.1.orig.tar.gz
dpkg-source: info: unpacking libomxfbdevsink_0.1-2.debian.tar.gz
dpkg-source: info: applying 01_fix_64bit_FTBFS.patch

Check disc space
────────────────

Sufficient free space for build

Hack binNMU version
───────────────────

Created changelog entry for binNMU version 0.1-2clang1

User Environment
────────────────

HOME=/sbuild-nonexistent
LOGNAME=user
PATH=/usr/local/sbin:/usr/local/bin:/usr/sbin:/usr/bin:/sbin:/bin:/usr/games
SCHROOT_ALIAS_NAME=unstable-amd64-sbuild
SCHROOT_CHROOT_NAME=unstable-amd64-sbuild
SCHROOT_COMMAND=env
SCHROOT_GID=1000
SCHROOT_GROUP=user
SCHROOT_SESSION_ID=unstable-amd64-sbuild-af06ca46-5c9c-4a70-b0f4-f8f7ceaded70
SCHROOT_UID=1000
SCHROOT_USER=user
SHELL=/bin/sh
USER=user

dpkg-buildpackage
─────────────────

dpkg-buildpackage: source package libomxfbdevsink
dpkg-buildpackage: source version 0.1-2clang1
 dpkg-source --before-build libomxfbdevsink-0.1
dpkg-buildpackage: host architecture amd64
 fakeroot debian/rules clean
dh clean 
   dh_testdir
   dh_auto_clean
   dh_clean
 debian/rules build-arch
dh build-arch 
   dh_testdir -a
   debian/rules override_dh_auto_configure
make[1]: Entering directory `/«PKGBUILDDIR»'
dh_auto_configure -- --libdir=/usr/lib/libomxil-bellagio0 CFLAGS=" -Wno-error=unused-but-set-variable"
configure: WARNING: unrecognized options: --disable-maintainer-mode
checking for a BSD-compatible install... /usr/bin/install -c
checking whether build environment is sane... yes
checking for a thread-safe mkdir -p... /bin/mkdir -p
checking for gawk... no
checking for mawk... mawk
checking whether make sets $(MAKE)... yes
checking how to create a ustar tar archive... gnutar
checking for pkg-config... /usr/bin/pkg-config
checking pkg-config is at least version 0.9.0... yes
checking for OMXIL... yes
checking for gcc... gcc
checking for C compiler default output file name... 
configure: error: in `/«PKGBUILDDIR»':
configure: error: C compiler cannot create executables
See `config.log' for more details.
==> config.log <==
This file contains any messages produced by compilers while
running configure, to aid debugging if configure makes a mistake.

It was created by OpenMAX Frame Buffervideo sink configure 0.1, which was
generated by GNU Autoconf 2.63.  Invocation command line was

  $ ./configure --build=x86_64-linux-gnu --prefix=/usr --includedir=${prefix}/include --mandir=${prefix}/share/man --infodir=${prefix}/share/info --sysconfdir=/etc --localstatedir=/var --libexecdir=${prefix}/lib/libomxfbdevsink --disable-maintainer-mode --disable-dependency-tracking --libdir=/usr/lib/libomxil-bellagio0 CFLAGS= -Wno-error=unused-but-set-variable

## --------- ##
## Platform. ##
## --------- ##

hostname = ip-10-235-1-254
uname -m = x86_64
uname -r = 2.6.32-5-xen-amd64
uname -s = Linux
uname -v = #1 SMP Sun Sep 23 13:49:30 UTC 2012

/usr/bin/uname -p = unknown
/bin/uname -X     = unknown

/bin/arch              = unknown
/usr/bin/arch -k       = unknown
/usr/convex/getsysinfo = unknown
/usr/bin/hostinfo      = unknown
/bin/machine           = unknown
/usr/bin/oslevel       = unknown
/bin/universe          = unknown

PATH: /usr/local/sbin
PATH: /usr/local/bin
PATH: /usr/sbin
PATH: /usr/bin
PATH: /sbin
PATH: /bin
PATH: /usr/games


## ----------- ##
## Core tests. ##
## ----------- ##

configure:2080: checking for a BSD-compatible install
configure:2148: result: /usr/bin/install -c
configure:2159: checking whether build environment is sane
configure:2202: result: yes
configure:2227: checking for a thread-safe mkdir -p
configure:2266: result: /bin/mkdir -p
configure:2279: checking for gawk
configure:2309: result: no
configure:2279: checking for mawk
configure:2295: found /usr/bin/mawk
configure:2306: result: mawk
configure:2317: checking whether make sets $(MAKE)
configure:2339: result: yes
configure:2518: checking how to create a ustar tar archive
configure:2531: tar --version
tar (GNU tar) 1.26
Copyright (C) 2011 Free Software Foundation, Inc.
License GPLv3+: GNU GPL version 3 or later <http://gnu.org/licenses/gpl.html>.
This is free software: you are free to change and redistribute it.
There is NO WARRANTY, to the extent permitted by law.

Written by John Gilmore and Jay Fenlason.
configure:2534: $? = 0
configure:2574: tardir=conftest.dir && eval tar --format=ustar -chf - "$tardir" >conftest.tar
configure:2577: $? = 0
configure:2581: tar -xf - <conftest.tar
configure:2584: $? = 0
configure:2597: result: gnutar
configure:2657: checking for pkg-config
configure:2675: found /usr/bin/pkg-config
configure:2687: result: /usr/bin/pkg-config
configure:2712: checking pkg-config is at least version 0.9.0
configure:2715: result: yes
configure:2726: checking for OMXIL
configure:2734: $PKG_CONFIG --exists --print-errors "libomxil-bellagio >= 0.9 "
configure:2737: $? = 0
configure:2752: $PKG_CONFIG --exists --print-errors "libomxil-bellagio >= 0.9 "
configure:2755: $? = 0
configure:2833: result: yes
configure:2927: checking for gcc
configure:2943: found /usr/bin/gcc
configure:2954: result: gcc
configure:3186: checking for C compiler version
configure:3194: gcc --version >&5
Debian clang version 3.3-3 (branches/release_33) (based on LLVM 3.3)
Target: x86_64-pc-linux-gnu
Thread model: posix
configure:3198: $? = 0
configure:3205: gcc -v >&5
Debian clang version 3.3-3 (branches/release_33) (based on LLVM 3.3)
Target: x86_64-pc-linux-gnu
Thread model: posix
configure:3209: $? = 0
configure:3216: gcc -V >&5
clang: error: argument to '-V' is missing (expected 1 value)
clang: error: no input files
configure:3220: $? = 1
configure:3243: checking for C compiler default output file name
configure:3265: gcc  -Wno-error=unused-but-set-variable -Werror   conftest.c  >&5
error: unknown warning option '-Werror=unused-but-set-variable'; did you mean '-Werror=unused-variable'? [-Werror,-Wunknown-warning-option]
configure:3269: $? = 1
configure:3307: result: 
configure: failed program was:
| /* confdefs.h.  */
| #define PACKAGE_NAME "OpenMAX Frame Buffervideo sink"
| #define PACKAGE_TARNAME "libomxfbdevsink"
| #define PACKAGE_VERSION "0.1"
| #define PACKAGE_STRING "OpenMAX Frame Buffervideo sink 0.1"
| #define PACKAGE_BUGREPORT ""
| #define PACKAGE "libomxfbdevsink"
| #define VERSION "0.1"
| /* end confdefs.h.  */
| 
| int
| main ()
| {
| 
|   ;
|   return 0;
| }
configure:3313: error: in `/«PKGBUILDDIR»':
configure:3316: error: C compiler cannot create executables
See `config.log' for more details.

## ---------------- ##
## Cache variables. ##
## ---------------- ##

ac_cv_env_CC_set=
ac_cv_env_CC_value=
ac_cv_env_CFLAGS_set=set
ac_cv_env_CFLAGS_value=' -Wno-error=unused-but-set-variable'
ac_cv_env_CPPFLAGS_set=
ac_cv_env_CPPFLAGS_value=
ac_cv_env_CPP_set=
ac_cv_env_CPP_value=
ac_cv_env_LDFLAGS_set=
ac_cv_env_LDFLAGS_value=
ac_cv_env_LIBS_set=
ac_cv_env_LIBS_value=
ac_cv_env_OMXIL_CFLAGS_set=
ac_cv_env_OMXIL_CFLAGS_value=
ac_cv_env_OMXIL_LIBS_set=
ac_cv_env_OMXIL_LIBS_value=
ac_cv_env_PKG_CONFIG_set=
ac_cv_env_PKG_CONFIG_value=
ac_cv_env_build_alias_set=set
ac_cv_env_build_alias_value=x86_64-linux-gnu
ac_cv_env_host_alias_set=
ac_cv_env_host_alias_value=
ac_cv_env_target_alias_set=
ac_cv_env_target_alias_value=
ac_cv_path_ac_pt_PKG_CONFIG=/usr/bin/pkg-config
ac_cv_path_install='/usr/bin/install -c'
ac_cv_path_mkdir=/bin/mkdir
ac_cv_prog_AWK=mawk
ac_cv_prog_ac_ct_CC=gcc
ac_cv_prog_make_make_set=yes
am_cv_prog_tar_ustar=gnutar
pkg_cv_OMXIL_CFLAGS='-I/usr/include/bellagio  '
pkg_cv_OMXIL_LIBS='-lomxil-bellagio  '

## ----------------- ##
## Output variables. ##
## ----------------- ##

ACLOCAL='${SHELL} /«PKGBUILDDIR»/missing --run aclocal-1.10'
AMDEPBACKSLASH=''
AMDEP_FALSE=''
AMDEP_TRUE=''
AMTAR='${SHELL} /«PKGBUILDDIR»/missing --run tar'
AR=''
AUTOCONF='${SHELL} /«PKGBUILDDIR»/missing --run autoconf'
AUTOHEADER='${SHELL} /«PKGBUILDDIR»/missing --run autoheader'
AUTOMAKE='${SHELL} /«PKGBUILDDIR»/missing --run automake-1.10'
AWK='mawk'
CC='gcc'
CCDEPMODE=''
CFLAGS=' -Wno-error=unused-but-set-variable -Werror'
CPP=''
CPPFLAGS=''
CYGPATH_W='echo'
DEFS=''
DEPDIR=''
DSYMUTIL=''
DUMPBIN=''
ECHO_C=''
ECHO_N='-n'
ECHO_T=''
EGREP=''
EXEEXT=''
FGREP=''
GREP=''
INSTALL_DATA='${INSTALL} -m 644'
INSTALL_PROGRAM='${INSTALL}'
INSTALL_SCRIPT='${INSTALL}'
INSTALL_STRIP_PROGRAM='$(install_sh) -c -s'
LD=''
LDFLAGS=''
LIBOBJS=''
LIBS=''
LIBTOOL=''
LIPO=''
LN_S=''
LTLIBOBJS=''
MAKEINFO='${SHELL} /«PKGBUILDDIR»/missing --run makeinfo'
MKDIR_P='/bin/mkdir -p'
NM=''
NMEDIT=''
OBJDUMP=''
OBJEXT=''
OMXIL_CFLAGS='-I/usr/include/bellagio  '
OMXIL_LIBS='-lomxil-bellagio  '
OTOOL64=''
OTOOL=''
PACKAGE='libomxfbdevsink'
PACKAGE_BUGREPORT=''
PACKAGE_NAME='OpenMAX Frame Buffervideo sink'
PACKAGE_STRING='OpenMAX Frame Buffervideo sink 0.1'
PACKAGE_TARNAME='libomxfbdevsink'
PACKAGE_VERSION='0.1'
PATH_SEPARATOR=':'
PKG_CONFIG='/usr/bin/pkg-config'
PLUGIN_LDFLAGS=''
PTHREAD_CC=''
PTHREAD_CFLAGS=''
PTHREAD_LIBS=''
RANLIB=''
SED=''
SET_MAKE=''
SHARED_VERSION_INFO='0:0:0'
SHELL='/bin/bash'
STRIP=''
VERSION='0.1'
WITH_FBDEVSINK_FALSE=''
WITH_FBDEVSINK_TRUE=''
ac_ct_CC='gcc'
ac_ct_DUMPBIN=''
acx_pthread_config=''
am__fastdepCC_FALSE=''
am__fastdepCC_TRUE=''
am__include=''
am__isrc=''
am__leading_dot='.'
am__quote=''
am__tar='tar --format=ustar -chf - "$$tardir"'
am__untar='tar -xf -'
bindir='${exec_prefix}/bin'
build='x86_64-linux-gnu'
build_alias='x86_64-linux-gnu'
build_cpu=''
build_os=''
build_vendor=''
datadir='${datarootdir}'
datarootdir='${prefix}/share'
docdir='${datarootdir}/doc/${PACKAGE_TARNAME}'
dvidir='${docdir}'
exec_prefix='NONE'
host=''
host_alias=''
host_cpu=''
host_os=''
host_vendor=''
htmldir='${docdir}'
includedir='${prefix}/include'
infodir='${prefix}/share/info'
install_sh='$(SHELL) /«PKGBUILDDIR»/install-sh'
libdir='/usr/lib/libomxil-bellagio0'
libexecdir='${prefix}/lib/libomxfbdevsink'
localedir='${datarootdir}/locale'
localstatedir='/var'
lt_ECHO='echo'
mandir='${prefix}/share/man'
mkdir_p='/bin/mkdir -p'
dh_auto_configure: ./configure --build=x86_64-linux-gnu --prefix=/usr --includedir=${prefix}/include --mandir=${prefix}/share/man --infodir=${prefix}/share/info --sysconfdir=/etc --localstatedir=/var --libexecdir=${prefix}/lib/libomxfbdevsink --disable-maintainer-mode --disable-dependency-tracking --libdir=/usr/lib/libomxil-bellagio0 CFLAGS= -Wno-error=unused-but-set-variable returned exit code 77
make[1]: *** [override_dh_auto_configure] Error 25
make: *** [build-arch] Error 2
dpkg-buildpackage: error: debian/rules build-arch gave error exit status 2
oldincludedir='/usr/include'
pdfdir='${docdir}'
prefix='/usr'
program_transform_name='s,x,x,'
psdir='${docdir}'
sbindir='${exec_prefix}/sbin'
sharedstatedir='${prefix}/com'
sysconfdir='/etc'
target_alias=''

## ----------- ##
## confdefs.h. ##
## ----------- ##

#define PACKAGE_NAME "OpenMAX Frame Buffervideo sink"
#define PACKAGE_TARNAME "libomxfbdevsink"
#define PACKAGE_VERSION "0.1"
#define PACKAGE_STRING "OpenMAX Frame Buffervideo sink 0.1"
#define PACKAGE_BUGREPORT ""
#define PACKAGE "libomxfbdevsink"
#define VERSION "0.1"

configure: exit 77
make[1]: Leaving directory `/«PKGBUILDDIR»'
────────────────────────────────────────────────────────────────────────────────
Build finished at 20130718-1558

Finished
────────

E: Build failure (dpkg-buildpackage died)

┌──────────────────────────────────────────────────────────────────────────────┐
│ Cleanup                                                                      │
└──────────────────────────────────────────────────────────────────────────────┘

Purging /«BUILDDIR»
Not cleaning session: cloned chroot in use

┌──────────────────────────────────────────────────────────────────────────────┐
│ Summary                                                                      │
└──────────────────────────────────────────────────────────────────────────────┘

Build Architecture: amd64
Build-Space: 1524
Build-Time: 3
Distribution: unstable
Fail-Stage: build
Host Architecture: amd64
Install-Time: 8
Job: libomxfbdevsink_0.1-2
Machine Architecture: amd64
Package: libomxfbdevsink
Package-Time: 108
Source-Version: 0.1-2
Space: 1524
Status: attempted
Version: 0.1-2clang1
────────────────────────────────────────────────────────────────────────────────
Finished at 20130718-1558
Build needed 00:01:48, 1524k disc space
DC-Status: Failed 109.15407885s
DC-Time-Estimation: 109.15407885 versus expected 40 (r/m: 1.7288519712500001 ; m: 40.0)
