DC-Build-Header: libpqxx3 3.1-1.1 / 2013-07-17 06:53:26 +0000
DC-Task: source:libpqxx3 version:3.1-1.1 architecture:any chroot:unstable esttime:87 logfile:/tmp/libpqxx3_3.1-1.1_unstable_clang.log modes:binary-only:clang
DC-Sbuild-call: su user -c 'sbuild -n --apt-update -d unstable -v  --chroot-setup-commands=/tmp/switch-to-clang --append-to-version "clang1" --maintainer "Lucas Nussbaum <lucas@debian.org>" --uploader "Lucas Nussbaum <lucas@debian.org>" libpqxx3_3.1-1.1'
sbuild (Debian sbuild) 0.63.2 (18 Aug 2012) on ip-10-235-5-15.ec2.internal

╔══════════════════════════════════════════════════════════════════════════════╗
║ libpqxx3 3.1-1.1clang1 (amd64)                             17 Jul 2013 06:53 ║
╚══════════════════════════════════════════════════════════════════════════════╝

Package: libpqxx3
Version: 3.1-1.1clang1
Source Version: 3.1-1.1
Distribution: unstable
Machine Architecture: amd64
Host Architecture: amd64
Build Architecture: amd64

I: NOTICE: Log filtering will replace 'build/libpqxx3-AyCb2A/libpqxx3-3.1' with '«PKGBUILDDIR»'
I: NOTICE: Log filtering will replace 'build/libpqxx3-AyCb2A' with '«BUILDDIR»'
I: NOTICE: Log filtering will replace 'var/lib/schroot/mount/unstable-amd64-sbuild-1d61f0e0-178f-4834-8704-f4b7bfd6fbca' with '«CHROOT»'

┌──────────────────────────────────────────────────────────────────────────────┐
│ Update chroot                                                                │
└──────────────────────────────────────────────────────────────────────────────┘

Get:1 http://localhost:9999 unstable InRelease [204 kB]
Get:2 http://localhost:9999 unstable/main Sources/DiffIndex [7876 B]
Get:3 http://localhost:9999 unstable/main amd64 Packages/DiffIndex [7876 B]
Get:4 http://localhost:9999 unstable/main Translation-en/DiffIndex [7876 B]
Get:5 http://localhost:9999 unstable/main 2013-07-13-2032.15.pdiff [23.1 kB]
Get:6 http://localhost:9999 unstable/main amd64 2013-07-13-2032.15.pdiff [16.9 kB]
Get:7 http://localhost:9999 unstable/main 2013-07-13-2032.15.pdiff [23.1 kB]
Get:8 http://localhost:9999 unstable/main 2013-07-13-2032.15.pdiff [1809 B]
Get:9 http://localhost:9999 unstable/main amd64 2013-07-13-2032.15.pdiff [16.9 kB]
Get:10 http://localhost:9999 unstable/main 2013-07-14-0231.07.pdiff [12.9 kB]
Get:11 http://localhost:9999 unstable/main 2013-07-13-2032.15.pdiff [1809 B]
Get:12 http://localhost:9999 unstable/main amd64 2013-07-14-0231.07.pdiff [14.9 kB]
Get:13 http://localhost:9999 unstable/main 2013-07-14-0231.07.pdiff [12.9 kB]
Get:14 http://localhost:9999 unstable/main 2013-07-14-0231.07.pdiff [1384 B]
Get:15 http://localhost:9999 unstable/main amd64 2013-07-14-0231.07.pdiff [14.9 kB]
Get:16 http://localhost:9999 unstable/main 2013-07-14-0832.16.pdiff [4670 B]
Get:17 http://localhost:9999 unstable/main 2013-07-14-0231.07.pdiff [1384 B]
Get:18 http://localhost:9999 unstable/main amd64 2013-07-14-0832.16.pdiff [1624 B]
Get:19 http://localhost:9999 unstable/main 2013-07-14-0832.16.pdiff [4670 B]
Get:20 http://localhost:9999 unstable/main 2013-07-14-0832.16.pdiff [337 B]
Get:21 http://localhost:9999 unstable/main amd64 2013-07-14-0832.16.pdiff [1624 B]
Get:22 http://localhost:9999 unstable/main 2013-07-14-1431.18.pdiff [11.4 kB]
Get:23 http://localhost:9999 unstable/main 2013-07-14-0832.16.pdiff [337 B]
Get:24 http://localhost:9999 unstable/main amd64 2013-07-14-1431.18.pdiff [8223 B]
Get:25 http://localhost:9999 unstable/main 2013-07-14-1431.18.pdiff [11.4 kB]
Get:26 http://localhost:9999 unstable/main 2013-07-14-1431.18.pdiff [887 B]
Get:27 http://localhost:9999 unstable/main amd64 2013-07-14-1431.18.pdiff [8223 B]
Get:28 http://localhost:9999 unstable/main 2013-07-14-2031.21.pdiff [9038 B]
Get:29 http://localhost:9999 unstable/main 2013-07-14-1431.18.pdiff [887 B]
Get:30 http://localhost:9999 unstable/main amd64 2013-07-14-2031.21.pdiff [9955 B]
Get:31 http://localhost:9999 unstable/main 2013-07-14-2031.21.pdiff [9038 B]
Get:32 http://localhost:9999 unstable/main 2013-07-14-2031.21.pdiff [2736 B]
Get:33 http://localhost:9999 unstable/main amd64 2013-07-14-2031.21.pdiff [9955 B]
Get:34 http://localhost:9999 unstable/main 2013-07-15-0229.01.pdiff [9715 B]
Get:35 http://localhost:9999 unstable/main 2013-07-14-2031.21.pdiff [2736 B]
Get:36 http://localhost:9999 unstable/main amd64 2013-07-15-0229.01.pdiff [12.7 kB]
Get:37 http://localhost:9999 unstable/main 2013-07-15-0229.01.pdiff [9715 B]
Get:38 http://localhost:9999 unstable/main 2013-07-15-0229.01.pdiff [2239 B]
Get:39 http://localhost:9999 unstable/main amd64 2013-07-15-0229.01.pdiff [12.7 kB]
Get:40 http://localhost:9999 unstable/main 2013-07-15-0830.19.pdiff [3273 B]
Get:41 http://localhost:9999 unstable/main 2013-07-15-0229.01.pdiff [2239 B]
Get:42 http://localhost:9999 unstable/main amd64 2013-07-15-0830.19.pdiff [3964 B]
Get:43 http://localhost:9999 unstable/main 2013-07-15-0830.19.pdiff [3273 B]
Get:44 http://localhost:9999 unstable/main 2013-07-15-0830.19.pdiff [1357 B]
Get:45 http://localhost:9999 unstable/main amd64 2013-07-15-0830.19.pdiff [3964 B]
Get:46 http://localhost:9999 unstable/main 2013-07-15-1432.36.pdiff [5326 B]
Get:47 http://localhost:9999 unstable/main 2013-07-15-0830.19.pdiff [1357 B]
Get:48 http://localhost:9999 unstable/main amd64 2013-07-15-1432.36.pdiff [9809 B]
Get:49 http://localhost:9999 unstable/main 2013-07-15-1432.36.pdiff [5326 B]
Get:50 http://localhost:9999 unstable/main 2013-07-15-1432.36.pdiff [322 B]
Get:51 http://localhost:9999 unstable/main amd64 2013-07-15-1432.36.pdiff [9809 B]
Get:52 http://localhost:9999 unstable/main 2013-07-15-2031.50.pdiff [12.2 kB]
Get:53 http://localhost:9999 unstable/main 2013-07-15-1432.36.pdiff [322 B]
Get:54 http://localhost:9999 unstable/main amd64 2013-07-15-2031.50.pdiff [24.4 kB]
Get:55 http://localhost:9999 unstable/main 2013-07-15-2031.50.pdiff [12.2 kB]
Get:56 http://localhost:9999 unstable/main 2013-07-15-2031.50.pdiff [537 B]
Get:57 http://localhost:9999 unstable/main amd64 2013-07-15-2031.50.pdiff [24.4 kB]
Get:58 http://localhost:9999 unstable/main 2013-07-16-0233.12.pdiff [14.8 kB]
Get:59 http://localhost:9999 unstable/main 2013-07-15-2031.50.pdiff [537 B]
Get:60 http://localhost:9999 unstable/main amd64 2013-07-16-0233.12.pdiff [49.5 kB]
Get:61 http://localhost:9999 unstable/main 2013-07-16-0233.12.pdiff [14.8 kB]
Get:62 http://localhost:9999 unstable/main 2013-07-16-0233.12.pdiff [3247 B]
Get:63 http://localhost:9999 unstable/main amd64 2013-07-16-0233.12.pdiff [49.5 kB]
Get:64 http://localhost:9999 unstable/main 2013-07-16-0834.41.pdiff [7447 B]
Get:65 http://localhost:9999 unstable/main 2013-07-16-0233.12.pdiff [3247 B]
Get:66 http://localhost:9999 unstable/main amd64 2013-07-16-0834.41.pdiff [4493 B]
Get:67 http://localhost:9999 unstable/main 2013-07-16-0834.41.pdiff [7447 B]
Get:68 http://localhost:9999 unstable/main 2013-07-16-0834.41.pdiff [5852 B]
Get:69 http://localhost:9999 unstable/main amd64 2013-07-16-0834.41.pdiff [4493 B]
Get:70 http://localhost:9999 unstable/main 2013-07-16-1433.54.pdiff [21.2 kB]
Get:71 http://localhost:9999 unstable/main 2013-07-16-0834.41.pdiff [5852 B]
Get:72 http://localhost:9999 unstable/main amd64 2013-07-16-1433.54.pdiff [19.3 kB]
Get:73 http://localhost:9999 unstable/main 2013-07-16-1433.54.pdiff [21.2 kB]
Get:74 http://localhost:9999 unstable/main 2013-07-16-1433.54.pdiff [1941 B]
Get:75 http://localhost:9999 unstable/main amd64 2013-07-16-1433.54.pdiff [19.3 kB]
Get:76 http://localhost:9999 unstable/main 2013-07-16-2046.09.pdiff [19.4 kB]
Get:77 http://localhost:9999 unstable/main 2013-07-16-1433.54.pdiff [1941 B]
Get:78 http://localhost:9999 unstable/main amd64 2013-07-16-2046.09.pdiff [18.4 kB]
Get:79 http://localhost:9999 unstable/main 2013-07-16-2046.09.pdiff [19.4 kB]
Get:80 http://localhost:9999 unstable/main 2013-07-16-2046.09.pdiff [465 B]
Get:81 http://localhost:9999 unstable/main amd64 2013-07-16-2046.09.pdiff [18.4 kB]
Get:82 http://localhost:9999 unstable/main 2013-07-17-0233.52.pdiff [6503 B]
Get:83 http://localhost:9999 unstable/main 2013-07-16-2046.09.pdiff [465 B]
Get:84 http://localhost:9999 unstable/main amd64 2013-07-17-0233.52.pdiff [10.9 kB]
Get:85 http://localhost:9999 unstable/main 2013-07-17-0233.52.pdiff [6503 B]
Get:86 http://localhost:9999 unstable/main 2013-07-17-0233.52.pdiff [2433 B]
Get:87 http://localhost:9999 unstable/main amd64 2013-07-17-0233.52.pdiff [10.9 kB]
Get:88 http://localhost:9999 unstable/main 2013-07-17-0233.52.pdiff [2433 B]
Fetched 620 kB in 53s (11.6 kB/s)
Reading package lists...
Reading package lists...
Building dependency tree...
Reading state information...
The following packages will be upgraded:
  cpp-4.7 gcc-4.7 gcc-4.7-base initscripts libgcc-4.7-dev linux-libc-dev
  sysv-rc sysvinit sysvinit-utils
9 upgraded, 0 newly installed, 0 to remove and 0 not upgraded.
Need to get 15.1 MB of archives.
After this operation, 43.0 kB of additional disk space will be used.
Get:1 http://localhost:9999/debian/ unstable/main sysvinit amd64 2.88dsf-43 [134 kB]
Get:2 http://localhost:9999/debian/ unstable/main sysv-rc all 2.88dsf-43 [80.5 kB]
Get:3 http://localhost:9999/debian/ unstable/main sysvinit-utils amd64 2.88dsf-43 [103 kB]
Get:4 http://localhost:9999/debian/ unstable/main initscripts amd64 2.88dsf-43 [87.2 kB]
Get:5 http://localhost:9999/debian/ unstable/main gcc-4.7 amd64 4.7.3-6 [5819 kB]
Get:6 http://localhost:9999/debian/ unstable/main cpp-4.7 amd64 4.7.3-6 [5385 kB]
Get:7 http://localhost:9999/debian/ unstable/main libgcc-4.7-dev amd64 4.7.3-6 [2465 kB]
Get:8 http://localhost:9999/debian/ unstable/main gcc-4.7-base amd64 4.7.3-6 [149 kB]
Get:9 http://localhost:9999/debian/ unstable/main linux-libc-dev amd64 3.10.1-1 [869 kB]
debconf: delaying package configuration, since apt-utils is not installed
Fetched 15.1 MB in 0s (24.3 MB/s)
(Reading database ... 13844 files and directories currently installed.)
Preparing to replace sysvinit 2.88dsf-41 (using .../sysvinit_2.88dsf-43_amd64.deb) ...
Unpacking replacement sysvinit ...
Setting up sysvinit (2.88dsf-43) ...
Not restarting sysvinit
(Reading database ... 13844 files and directories currently installed.)
Preparing to replace sysv-rc 2.88dsf-41 (using .../sysv-rc_2.88dsf-43_all.deb) ...
Unpacking replacement sysv-rc ...
Preparing to replace sysvinit-utils 2.88dsf-41 (using .../sysvinit-utils_2.88dsf-43_amd64.deb) ...
Unpacking replacement sysvinit-utils ...
Setting up sysvinit-utils (2.88dsf-43) ...
Setting up sysv-rc (2.88dsf-43) ...
(Reading database ... 13844 files and directories currently installed.)
Preparing to replace initscripts 2.88dsf-41 (using .../initscripts_2.88dsf-43_amd64.deb) ...
Removing unmodified and obsolete conffile /etc/init.d/mtab.sh ...
Unpacking replacement initscripts ...
Setting up initscripts (2.88dsf-43) ...
Installing new version of config file /etc/init.d/bootmisc.sh ...
Installing new version of config file /etc/init.d/checkfs.sh ...
Installing new version of config file /etc/init.d/checkroot.sh ...
Installing new version of config file /etc/init.d/checkroot-bootclean.sh ...
Installing new version of config file /etc/init.d/mountdevsubfs.sh ...
Installing new version of config file /etc/init.d/mountkernfs.sh ...
Installing new version of config file /etc/init.d/rmnologin ...
Installing new version of config file /etc/network/if-up.d/mountnfs ...
(Reading database ... 13843 files and directories currently installed.)
Preparing to replace gcc-4.7 4.7.3-5 (using .../gcc-4.7_4.7.3-6_amd64.deb) ...
Unpacking replacement gcc-4.7 ...
Preparing to replace cpp-4.7 4.7.3-5 (using .../cpp-4.7_4.7.3-6_amd64.deb) ...
Unpacking replacement cpp-4.7 ...
Preparing to replace libgcc-4.7-dev:amd64 4.7.3-5 (using .../libgcc-4.7-dev_4.7.3-6_amd64.deb) ...
Unpacking replacement libgcc-4.7-dev:amd64 ...
Preparing to replace gcc-4.7-base:amd64 4.7.3-5 (using .../gcc-4.7-base_4.7.3-6_amd64.deb) ...
Unpacking replacement gcc-4.7-base:amd64 ...
Preparing to replace linux-libc-dev:amd64 3.9.8-1 (using .../linux-libc-dev_3.10.1-1_amd64.deb) ...
Unpacking replacement linux-libc-dev:amd64 ...
Setting up gcc-4.7-base:amd64 (4.7.3-6) ...
Setting up cpp-4.7 (4.7.3-6) ...
Setting up libgcc-4.7-dev:amd64 (4.7.3-6) ...
Setting up gcc-4.7 (4.7.3-6) ...
Setting up linux-libc-dev:amd64 (3.10.1-1) ...

┌──────────────────────────────────────────────────────────────────────────────┐
│ Fetch source files                                                           │
└──────────────────────────────────────────────────────────────────────────────┘


Check APT
─────────

Checking available source versions...

Download source files with APT
──────────────────────────────

Reading package lists...
Building dependency tree...
Reading state information...
NOTICE: 'libpqxx3' packaging is maintained in the 'Git' version control system at:
git://git.debian.org/git/collab-maint/libpqxx.git
Need to get 1777 kB of source archives.
Get:1 http://localhost:9999/debian/ unstable/main libpqxx3 3.1-1.1 (dsc) [1383 B]
Get:2 http://localhost:9999/debian/ unstable/main libpqxx3 3.1-1.1 (tar) [1764 kB]
Get:3 http://localhost:9999/debian/ unstable/main libpqxx3 3.1-1.1 (diff) [12.0 kB]
Fetched 1777 kB in 0s (5352 kB/s)
Download complete and in download only mode

Check arch
──────────


┌──────────────────────────────────────────────────────────────────────────────┐
│ Chroot Setup Commands                                                        │
└──────────────────────────────────────────────────────────────────────────────┘


/tmp/switch-to-clang
────────────────────

+ echo 'Entering customization script...'
Entering customization script...
+ echo 'Install of clang'
Install of clang
+ apt-get update
Hit http://localhost:9999 unstable InRelease
Hit http://localhost:9999 unstable/main Sources/DiffIndex
Hit http://localhost:9999 unstable/main amd64 Packages/DiffIndex
Hit http://localhost:9999 unstable/main Translation-en/DiffIndex
Reading package lists...
+ apt-get install --yes --no-install-recommends --force-yes clang-3.3
Reading package lists...
Building dependency tree...
Reading state information...
The following extra packages will be installed:
  libclang-common-3.3-dev libclang1-3.3 libffi6 libllvm3.3 libobjc-4.7-dev
  libobjc4 libstdc++6-4.7-dev
Suggested packages:
  libstdc++6-4.7-doc
Recommended packages:
  llvm-3.3-dev python
The following NEW packages will be installed:
  clang-3.3 libclang-common-3.3-dev libclang1-3.3 libffi6 libllvm3.3
  libobjc-4.7-dev libobjc4 libstdc++6-4.7-dev
0 upgraded, 8 newly installed, 0 to remove and 0 not upgraded.
Need to get 27.2 MB of archives.
After this operation, 80.8 MB of additional disk space will be used.
Get:1 http://localhost:9999/debian/ unstable/main libffi6 amd64 3.0.13-4 [21.6 kB]
Get:2 http://localhost:9999/debian/ unstable/main libllvm3.3 amd64 1:3.3-3 [8575 kB]
Get:3 http://localhost:9999/debian/ unstable/main libobjc4 amd64 4.8.1-6 [160 kB]
Get:4 http://localhost:9999/debian/ unstable/main libstdc++6-4.7-dev amd64 4.7.3-6 [1694 kB]
Get:5 http://localhost:9999/debian/ unstable/main libobjc-4.7-dev amd64 4.7.3-6 [719 kB]
Get:6 http://localhost:9999/debian/ unstable/main libclang-common-3.3-dev amd64 1:3.3-3 [574 kB]
Get:7 http://localhost:9999/debian/ unstable/main libclang1-3.3 amd64 1:3.3-3 [4579 kB]
Get:8 http://localhost:9999/debian/ unstable/main clang-3.3 amd64 1:3.3-3 [10.9 MB]
debconf: delaying package configuration, since apt-utils is not installed
Fetched 27.2 MB in 1s (25.0 MB/s)
Selecting previously unselected package libffi6:amd64.
(Reading database ... 13846 files and directories currently installed.)
Unpacking libffi6:amd64 (from .../libffi6_3.0.13-4_amd64.deb) ...
Selecting previously unselected package libllvm3.3:amd64.
Unpacking libllvm3.3:amd64 (from .../libllvm3.3_1%3a3.3-3_amd64.deb) ...
Selecting previously unselected package libobjc4:amd64.
Unpacking libobjc4:amd64 (from .../libobjc4_4.8.1-6_amd64.deb) ...
Selecting previously unselected package libstdc++6-4.7-dev:amd64.
Unpacking libstdc++6-4.7-dev:amd64 (from .../libstdc++6-4.7-dev_4.7.3-6_amd64.deb) ...
Selecting previously unselected package libobjc-4.7-dev:amd64.
Unpacking libobjc-4.7-dev:amd64 (from .../libobjc-4.7-dev_4.7.3-6_amd64.deb) ...
Selecting previously unselected package libclang-common-3.3-dev.
Unpacking libclang-common-3.3-dev (from .../libclang-common-3.3-dev_1%3a3.3-3_amd64.deb) ...
Selecting previously unselected package libclang1-3.3.
Unpacking libclang1-3.3 (from .../libclang1-3.3_1%3a3.3-3_amd64.deb) ...
Selecting previously unselected package clang-3.3.
Unpacking clang-3.3 (from .../clang-3.3_1%3a3.3-3_amd64.deb) ...
Setting up libffi6:amd64 (3.0.13-4) ...
Setting up libllvm3.3:amd64 (1:3.3-3) ...
Setting up libobjc4:amd64 (4.8.1-6) ...
Setting up libstdc++6-4.7-dev:amd64 (4.7.3-6) ...
Setting up libobjc-4.7-dev:amd64 (4.7.3-6) ...
Setting up libclang-common-3.3-dev (1:3.3-3) ...
Setting up libclang1-3.3 (1:3.3-3) ...
Setting up clang-3.3 (1:3.3-3) ...
Processing triggers for libc-bin ...
+ echo 'Replace gcc, g++ & cpp by clang'
Replace gcc, g++ & cpp by clang
+ VERSIONS='4.6 4.7 4.8'
+ cd /usr/bin
+ for VERSION in '$VERSIONS'
+ rm -f g++-4.6 gcc-4.6 cpp-4.6
+ ln -s clang++ g++-4.6
+ ln -s clang gcc-4.6
+ ln -s clang cpp-4.6
+ for VERSION in '$VERSIONS'
+ rm -f g++-4.7 gcc-4.7 cpp-4.7
+ ln -s clang++ g++-4.7
+ ln -s clang gcc-4.7
+ ln -s clang cpp-4.7
+ for VERSION in '$VERSIONS'
+ rm -f g++-4.8 gcc-4.8 cpp-4.8
+ ln -s clang++ g++-4.8
+ ln -s clang gcc-4.8
+ ln -s clang cpp-4.8
+ cd -
/«BUILDDIR»
+ echo 'Block the installation of new gcc version'
Block the installation of new gcc version
+ dpkg --set-selections
+ echo 'gcc-4.6 hold'
+ dpkg --set-selections
+ echo 'cpp-4.6 hold'
+ dpkg --set-selections
+ echo 'g++-4.6 hold'
+ dpkg --set-selections
+ echo 'gcc-4.7 hold'
+ dpkg --set-selections
+ echo 'cpp-4.7 hold'
+ dpkg --set-selections
+ echo 'g++-4.7 hold'
+ dpkg --set-selections
+ echo 'gcc-4.8 hold'
+ dpkg --set-selections
+ echo 'cpp-4.8 hold'
+ dpkg --set-selections
+ echo 'g++-4.8 hold'
+ echo 'Check if gcc, g++ & cpp are actually clang'
Check if gcc, g++ & cpp are actually clang
+ grep clang
+ gcc --version
+ grep clang
+ cpp --version
+ grep clang
+ g++ --version

I: Finished running '/tmp/switch-to-clang'.

Finished processing commands.
────────────────────────────────────────────────────────────────────────────────
Merged Build-Depends: build-essential, fakeroot
Filtered Build-Depends: build-essential, fakeroot
dpkg-deb: building package `sbuild-build-depends-core-dummy' in `/«BUILDDIR»/resolver-I0VrRr/apt_archive/sbuild-build-depends-core-dummy.deb'.
OK
Reading package lists...

┌──────────────────────────────────────────────────────────────────────────────┐
│ Install core build dependencies (apt-based resolver)                         │
└──────────────────────────────────────────────────────────────────────────────┘

Installing build dependencies
Reading package lists...
Building dependency tree...
Reading state information...
The following NEW packages will be installed:
  sbuild-build-depends-core-dummy
debconf: delaying package configuration, since apt-utils is not installed
0 upgraded, 1 newly installed, 0 to remove and 0 not upgraded.
Need to get 0 B/712 B of archives.
After this operation, 0 B of additional disk space will be used.
Selecting previously unselected package sbuild-build-depends-core-dummy.
(Reading database ... 14701 files and directories currently installed.)
Unpacking sbuild-build-depends-core-dummy (from .../sbuild-build-depends-core-dummy.deb) ...
Setting up sbuild-build-depends-core-dummy (0.invalid.0) ...
Merged Build-Depends: base-files, base-passwd, bash, bsdutils, coreutils, dash, debianutils, diffutils, dpkg, e2fsprogs, findutils, grep, gzip, hostname, libc-bin, login, mount, ncurses-base, ncurses-bin, perl-base, sed, sysvinit, sysvinit-utils, tar, util-linux, libc6-dev | libc-dev, gcc (>= 4:4.4.3), g++ (>= 4:4.4.3), make, dpkg-dev (>= 1.13.5), debhelper (>> 8.0.0), libpq-dev (>= 8.0.3), chrpath, libtool
Filtered Build-Depends: base-files, base-passwd, bash, bsdutils, coreutils, dash, debianutils, diffutils, dpkg, e2fsprogs, findutils, grep, gzip, hostname, libc-bin, login, mount, ncurses-base, ncurses-bin, perl-base, sed, sysvinit, sysvinit-utils, tar, util-linux, libc6-dev, gcc (>= 4:4.4.3), g++ (>= 4:4.4.3), make, dpkg-dev (>= 1.13.5), debhelper (>> 8.0.0), libpq-dev (>= 8.0.3), chrpath, libtool
dpkg-deb: building package `sbuild-build-depends-libpqxx3-dummy' in `/«BUILDDIR»/resolver-kVwViF/apt_archive/sbuild-build-depends-libpqxx3-dummy.deb'.
OK
Reading package lists...

┌──────────────────────────────────────────────────────────────────────────────┐
│ Install libpqxx3 build dependencies (apt-based resolver)                     │
└──────────────────────────────────────────────────────────────────────────────┘

Installing build dependencies
Reading package lists...
Building dependency tree...
Reading state information...
The following extra packages will be installed:
  autotools-dev bsdmainutils chrpath comerr-dev debhelper file gettext
  gettext-base groff-base intltool-debian krb5-multidev libasprintf0c2
  libcroco3 libgcrypt11 libglib2.0-0 libgnutls26 libgpg-error0
  libgssapi-krb5-2 libgssrpc4 libk5crypto3 libkadm5clnt-mit8 libkadm5srv-mit8
  libkdb5-6 libkeyutils1 libkrb5-3 libkrb5-dev libkrb5support0 libldap-2.4-2
  libmagic1 libp11-kit0 libpipeline1 libpq-dev libpq5 libsasl2-2
  libsasl2-modules libssl-dev libssl1.0.0 libtasn1-3 libtool libunistring0
  libxml2 man-db po-debconf zlib1g-dev
Suggested packages:
  wamerican wordlist whois vacation doc-base dh-make gettext-doc groff
  krb5-doc rng-tools krb5-user postgresql-doc-9.1 libsasl2-modules-otp
  libsasl2-modules-ldap libsasl2-modules-sql libsasl2-modules-gssapi-mit
  libsasl2-modules-gssapi-heimdal libtool-doc autoconf automaken gfortran
  fortran95-compiler gcj less www-browser libmail-box-perl
Recommended packages:
  curl wget lynx-cur autopoint libasprintf-dev libgettextpo-dev
  libglib2.0-data shared-mime-info krb5-locales libssl-doc libltdl-dev
  xml-core libmail-sendmail-perl
The following NEW packages will be installed:
  autotools-dev bsdmainutils chrpath comerr-dev debhelper file gettext
  gettext-base groff-base intltool-debian krb5-multidev libasprintf0c2
  libcroco3 libgcrypt11 libglib2.0-0 libgnutls26 libgpg-error0
  libgssapi-krb5-2 libgssrpc4 libk5crypto3 libkadm5clnt-mit8 libkadm5srv-mit8
  libkdb5-6 libkeyutils1 libkrb5-3 libkrb5-dev libkrb5support0 libldap-2.4-2
  libmagic1 libp11-kit0 libpipeline1 libpq-dev libpq5 libsasl2-2
  libsasl2-modules libssl-dev libssl1.0.0 libtasn1-3 libtool libunistring0
  libxml2 man-db po-debconf sbuild-build-depends-libpqxx3-dummy zlib1g-dev
0 upgraded, 45 newly installed, 0 to remove and 0 not upgraded.
Need to get 16.8 MB/16.8 MB of archives.
After this operation, 45.8 MB of additional disk space will be used.
Get:1 http://localhost:9999/debian/ unstable/main libpipeline1 amd64 1.2.4-1 [41.0 kB]
Get:2 http://localhost:9999/debian/ unstable/main libssl1.0.0 amd64 1.0.1e-3 [1242 kB]
Get:3 http://localhost:9999/debian/ unstable/main groff-base amd64 1.22.2-3 [747 kB]
Get:4 http://localhost:9999/debian/ unstable/main bsdmainutils amd64 9.0.5 [211 kB]
Get:5 http://localhost:9999/debian/ unstable/main man-db amd64 2.6.5-2 [976 kB]
Get:6 http://localhost:9999/debian/ unstable/main libasprintf0c2 amd64 0.18.3-1 [29.6 kB]
Get:7 http://localhost:9999/debian/ unstable/main libgpg-error0 amd64 1.10-3.1 [77.9 kB]
Get:8 http://localhost:9999/debian/ unstable/main libgcrypt11 amd64 1.5.2-3 [296 kB]
Get:9 http://localhost:9999/debian/ unstable/main libp11-kit0 amd64 0.18.4-1 [115 kB]
Get:10 http://localhost:9999/debian/ unstable/main libtasn1-3 amd64 2.14-3 [68.5 kB]
Get:11 http://localhost:9999/debian/ unstable/main libgnutls26 amd64 2.12.23-5 [617 kB]
Get:12 http://localhost:9999/debian/ unstable/main libkeyutils1 amd64 1.5.5-7 [8808 B]
Get:13 http://localhost:9999/debian/ unstable/main libkrb5support0 amd64 1.10.1+dfsg-6.1 [49.3 kB]
Get:14 http://localhost:9999/debian/ unstable/main libk5crypto3 amd64 1.10.1+dfsg-6.1 [112 kB]
Get:15 http://localhost:9999/debian/ unstable/main libkrb5-3 amd64 1.10.1+dfsg-6.1 [392 kB]
Get:16 http://localhost:9999/debian/ unstable/main libgssapi-krb5-2 amd64 1.10.1+dfsg-6.1 [147 kB]
Get:17 http://localhost:9999/debian/ unstable/main libgssrpc4 amd64 1.10.1+dfsg-6.1 [86.8 kB]
Get:18 http://localhost:9999/debian/ unstable/main libkadm5clnt-mit8 amd64 1.10.1+dfsg-6.1 [67.1 kB]
Get:19 http://localhost:9999/debian/ unstable/main libkdb5-6 amd64 1.10.1+dfsg-6.1 [66.1 kB]
Get:20 http://localhost:9999/debian/ unstable/main libkadm5srv-mit8 amd64 1.10.1+dfsg-6.1 [83.3 kB]
Get:21 http://localhost:9999/debian/ unstable/main libsasl2-modules amd64 2.1.25.dfsg1-13 [123 kB]
Get:22 http://localhost:9999/debian/ unstable/main libsasl2-2 amd64 2.1.25.dfsg1-13 [109 kB]
Get:23 http://localhost:9999/debian/ unstable/main libldap-2.4-2 amd64 2.4.31-1+nmu2 [243 kB]
Get:24 http://localhost:9999/debian/ unstable/main libmagic1 amd64 1:5.14-2 [216 kB]
Get:25 http://localhost:9999/debian/ unstable/main libxml2 amd64 2.9.1+dfsg1-2 [911 kB]
Get:26 http://localhost:9999/debian/ unstable/main libglib2.0-0 amd64 2.36.3-3 [2048 kB]
Get:27 http://localhost:9999/debian/ unstable/main libcroco3 amd64 0.6.8-2 [133 kB]
Get:28 http://localhost:9999/debian/ unstable/main libunistring0 amd64 0.9.3-5 [434 kB]
Get:29 http://localhost:9999/debian/ unstable/main file amd64 1:5.14-2 [54.0 kB]
Get:30 http://localhost:9999/debian/ unstable/main gettext-base amd64 0.18.3-1 [161 kB]
Get:31 http://localhost:9999/debian/ unstable/main autotools-dev all 20130515.1 [73.0 kB]
Get:32 http://localhost:9999/debian/ unstable/main chrpath amd64 0.14-2 [17.1 kB]
Get:33 http://localhost:9999/debian/ unstable/main gettext amd64 0.18.3-1 [1898 kB]
Get:34 http://localhost:9999/debian/ unstable/main intltool-debian all 0.35.0+20060710.1 [30.8 kB]
Get:35 http://localhost:9999/debian/ unstable/main po-debconf all 1.0.16+nmu2 [224 kB]
Get:36 http://localhost:9999/debian/ unstable/main debhelper all 9.20130630 [710 kB]
Get:37 http://localhost:9999/debian/ unstable/main comerr-dev amd64 2.1-1.42.8-1 [42.8 kB]
Get:38 http://localhost:9999/debian/ unstable/main krb5-multidev amd64 1.10.1+dfsg-6.1 [155 kB]
Get:39 http://localhost:9999/debian/ unstable/main libpq5 amd64 9.1.9-2+b1 [527 kB]
Get:40 http://localhost:9999/debian/ unstable/main zlib1g-dev amd64 1:1.2.8.dfsg-1 [217 kB]
Get:41 http://localhost:9999/debian/ unstable/main libssl-dev amd64 1.0.1e-3 [1749 kB]
Get:42 http://localhost:9999/debian/ unstable/main libkrb5-dev amd64 1.10.1+dfsg-6.1 [39.8 kB]
Get:43 http://localhost:9999/debian/ unstable/main libpq-dev amd64 9.1.9-2+b1 [583 kB]
Get:44 http://localhost:9999/debian/ unstable/main libtool amd64 2.4.2-1.3 [619 kB]
debconf: delaying package configuration, since apt-utils is not installed
Fetched 16.8 MB in 0s (19.4 MB/s)
Selecting previously unselected package libpipeline1:amd64.
(Reading database ... 14701 files and directories currently installed.)
Unpacking libpipeline1:amd64 (from .../libpipeline1_1.2.4-1_amd64.deb) ...
Selecting previously unselected package libssl1.0.0:amd64.
Unpacking libssl1.0.0:amd64 (from .../libssl1.0.0_1.0.1e-3_amd64.deb) ...
Selecting previously unselected package groff-base.
Unpacking groff-base (from .../groff-base_1.22.2-3_amd64.deb) ...
Selecting previously unselected package bsdmainutils.
Unpacking bsdmainutils (from .../bsdmainutils_9.0.5_amd64.deb) ...
Selecting previously unselected package man-db.
Unpacking man-db (from .../man-db_2.6.5-2_amd64.deb) ...
Selecting previously unselected package libasprintf0c2:amd64.
Unpacking libasprintf0c2:amd64 (from .../libasprintf0c2_0.18.3-1_amd64.deb) ...
Selecting previously unselected package libgpg-error0:amd64.
Unpacking libgpg-error0:amd64 (from .../libgpg-error0_1.10-3.1_amd64.deb) ...
Selecting previously unselected package libgcrypt11:amd64.
Unpacking libgcrypt11:amd64 (from .../libgcrypt11_1.5.2-3_amd64.deb) ...
Selecting previously unselected package libp11-kit0:amd64.
Unpacking libp11-kit0:amd64 (from .../libp11-kit0_0.18.4-1_amd64.deb) ...
Selecting previously unselected package libtasn1-3:amd64.
Unpacking libtasn1-3:amd64 (from .../libtasn1-3_2.14-3_amd64.deb) ...
Selecting previously unselected package libgnutls26:amd64.
Unpacking libgnutls26:amd64 (from .../libgnutls26_2.12.23-5_amd64.deb) ...
Selecting previously unselected package libkeyutils1:amd64.
Unpacking libkeyutils1:amd64 (from .../libkeyutils1_1.5.5-7_amd64.deb) ...
Selecting previously unselected package libkrb5support0:amd64.
Unpacking libkrb5support0:amd64 (from .../libkrb5support0_1.10.1+dfsg-6.1_amd64.deb) ...
Selecting previously unselected package libk5crypto3:amd64.
Unpacking libk5crypto3:amd64 (from .../libk5crypto3_1.10.1+dfsg-6.1_amd64.deb) ...
Selecting previously unselected package libkrb5-3:amd64.
Unpacking libkrb5-3:amd64 (from .../libkrb5-3_1.10.1+dfsg-6.1_amd64.deb) ...
Selecting previously unselected package libgssapi-krb5-2:amd64.
Unpacking libgssapi-krb5-2:amd64 (from .../libgssapi-krb5-2_1.10.1+dfsg-6.1_amd64.deb) ...
Selecting previously unselected package libgssrpc4:amd64.
Unpacking libgssrpc4:amd64 (from .../libgssrpc4_1.10.1+dfsg-6.1_amd64.deb) ...
Selecting previously unselected package libkadm5clnt-mit8:amd64.
Unpacking libkadm5clnt-mit8:amd64 (from .../libkadm5clnt-mit8_1.10.1+dfsg-6.1_amd64.deb) ...
Selecting previously unselected package libkdb5-6:amd64.
Unpacking libkdb5-6:amd64 (from .../libkdb5-6_1.10.1+dfsg-6.1_amd64.deb) ...
Selecting previously unselected package libkadm5srv-mit8:amd64.
Unpacking libkadm5srv-mit8:amd64 (from .../libkadm5srv-mit8_1.10.1+dfsg-6.1_amd64.deb) ...
Selecting previously unselected package libsasl2-modules:amd64.
Unpacking libsasl2-modules:amd64 (from .../libsasl2-modules_2.1.25.dfsg1-13_amd64.deb) ...
Selecting previously unselected package libsasl2-2:amd64.
Unpacking libsasl2-2:amd64 (from .../libsasl2-2_2.1.25.dfsg1-13_amd64.deb) ...
Selecting previously unselected package libldap-2.4-2:amd64.
Unpacking libldap-2.4-2:amd64 (from .../libldap-2.4-2_2.4.31-1+nmu2_amd64.deb) ...
Selecting previously unselected package libmagic1:amd64.
Unpacking libmagic1:amd64 (from .../libmagic1_1%3a5.14-2_amd64.deb) ...
Selecting previously unselected package libxml2:amd64.
Unpacking libxml2:amd64 (from .../libxml2_2.9.1+dfsg1-2_amd64.deb) ...
Selecting previously unselected package libglib2.0-0:amd64.
Unpacking libglib2.0-0:amd64 (from .../libglib2.0-0_2.36.3-3_amd64.deb) ...
Selecting previously unselected package libcroco3:amd64.
Unpacking libcroco3:amd64 (from .../libcroco3_0.6.8-2_amd64.deb) ...
Selecting previously unselected package libunistring0:amd64.
Unpacking libunistring0:amd64 (from .../libunistring0_0.9.3-5_amd64.deb) ...
Selecting previously unselected package file.
Unpacking file (from .../file_1%3a5.14-2_amd64.deb) ...
Selecting previously unselected package gettext-base.
Unpacking gettext-base (from .../gettext-base_0.18.3-1_amd64.deb) ...
Selecting previously unselected package autotools-dev.
Unpacking autotools-dev (from .../autotools-dev_20130515.1_all.deb) ...
Selecting previously unselected package chrpath.
Unpacking chrpath (from .../chrpath_0.14-2_amd64.deb) ...
Selecting previously unselected package gettext.
Unpacking gettext (from .../gettext_0.18.3-1_amd64.deb) ...
Selecting previously unselected package intltool-debian.
Unpacking intltool-debian (from .../intltool-debian_0.35.0+20060710.1_all.deb) ...
Selecting previously unselected package po-debconf.
Unpacking po-debconf (from .../po-debconf_1.0.16+nmu2_all.deb) ...
Selecting previously unselected package debhelper.
Unpacking debhelper (from .../debhelper_9.20130630_all.deb) ...
Selecting previously unselected package comerr-dev.
Unpacking comerr-dev (from .../comerr-dev_2.1-1.42.8-1_amd64.deb) ...
Selecting previously unselected package krb5-multidev.
Unpacking krb5-multidev (from .../krb5-multidev_1.10.1+dfsg-6.1_amd64.deb) ...
Selecting previously unselected package libpq5.
Unpacking libpq5 (from .../libpq5_9.1.9-2+b1_amd64.deb) ...
Selecting previously unselected package zlib1g-dev:amd64.
Unpacking zlib1g-dev:amd64 (from .../zlib1g-dev_1%3a1.2.8.dfsg-1_amd64.deb) ...
Selecting previously unselected package libssl-dev:amd64.
Unpacking libssl-dev:amd64 (from .../libssl-dev_1.0.1e-3_amd64.deb) ...
Selecting previously unselected package libkrb5-dev.
Unpacking libkrb5-dev (from .../libkrb5-dev_1.10.1+dfsg-6.1_amd64.deb) ...
Selecting previously unselected package libpq-dev.
Unpacking libpq-dev (from .../libpq-dev_9.1.9-2+b1_amd64.deb) ...
Selecting previously unselected package libtool.
Unpacking libtool (from .../libtool_2.4.2-1.3_amd64.deb) ...
Selecting previously unselected package sbuild-build-depends-libpqxx3-dummy.
Unpacking sbuild-build-depends-libpqxx3-dummy (from .../sbuild-build-depends-libpqxx3-dummy.deb) ...
Setting up libpipeline1:amd64 (1.2.4-1) ...
Setting up libssl1.0.0:amd64 (1.0.1e-3) ...
Setting up groff-base (1.22.2-3) ...
Setting up bsdmainutils (9.0.5) ...
update-alternatives: using /usr/bin/bsd-write to provide /usr/bin/write (write) in auto mode
update-alternatives: using /usr/bin/bsd-from to provide /usr/bin/from (from) in auto mode
Setting up man-db (2.6.5-2) ...
Not building database; man-db/auto-update is not 'true'.
Setting up libasprintf0c2:amd64 (0.18.3-1) ...
Setting up libgpg-error0:amd64 (1.10-3.1) ...
Setting up libgcrypt11:amd64 (1.5.2-3) ...
Setting up libp11-kit0:amd64 (0.18.4-1) ...
Setting up libtasn1-3:amd64 (2.14-3) ...
Setting up libgnutls26:amd64 (2.12.23-5) ...
Setting up libkeyutils1:amd64 (1.5.5-7) ...
Setting up libkrb5support0:amd64 (1.10.1+dfsg-6.1) ...
Setting up libk5crypto3:amd64 (1.10.1+dfsg-6.1) ...
Setting up libkrb5-3:amd64 (1.10.1+dfsg-6.1) ...
Setting up libgssapi-krb5-2:amd64 (1.10.1+dfsg-6.1) ...
Setting up libgssrpc4:amd64 (1.10.1+dfsg-6.1) ...
Setting up libkadm5clnt-mit8:amd64 (1.10.1+dfsg-6.1) ...
Setting up libkdb5-6:amd64 (1.10.1+dfsg-6.1) ...
Setting up libkadm5srv-mit8:amd64 (1.10.1+dfsg-6.1) ...
Setting up libsasl2-modules:amd64 (2.1.25.dfsg1-13) ...
Setting up libsasl2-2:amd64 (2.1.25.dfsg1-13) ...
Setting up libldap-2.4-2:amd64 (2.4.31-1+nmu2) ...
Setting up libmagic1:amd64 (1:5.14-2) ...
Setting up libxml2:amd64 (2.9.1+dfsg1-2) ...
Setting up libglib2.0-0:amd64 (2.36.3-3) ...
No schema files found: doing nothing.
Setting up libcroco3:amd64 (0.6.8-2) ...
Setting up libunistring0:amd64 (0.9.3-5) ...
Setting up file (1:5.14-2) ...
Setting up gettext-base (0.18.3-1) ...
Setting up autotools-dev (20130515.1) ...
Setting up chrpath (0.14-2) ...
Setting up gettext (0.18.3-1) ...
Setting up intltool-debian (0.35.0+20060710.1) ...
Setting up po-debconf (1.0.16+nmu2) ...
Setting up debhelper (9.20130630) ...
Setting up comerr-dev (2.1-1.42.8-1) ...
Setting up krb5-multidev (1.10.1+dfsg-6.1) ...
Setting up libpq5 (9.1.9-2+b1) ...
Setting up zlib1g-dev:amd64 (1:1.2.8.dfsg-1) ...
Setting up libssl-dev:amd64 (1.0.1e-3) ...
Setting up libkrb5-dev (1.10.1+dfsg-6.1) ...
Setting up libpq-dev (9.1.9-2+b1) ...
Setting up libtool (2.4.2-1.3) ...
Setting up sbuild-build-depends-libpqxx3-dummy (0.invalid.0) ...
Processing triggers for libc-bin ...

┌──────────────────────────────────────────────────────────────────────────────┐
│ Build environment                                                            │
└──────────────────────────────────────────────────────────────────────────────┘

Kernel: Linux 2.6.32-5-xen-amd64 amd64 (x86_64)
Toolchain package versions: binutils_2.23.52.20130620-1 dpkg-dev_1.16.10 g++-4.6_4.6.4-4 g++-4.8_4.8.1-6 gcc-4.6_4.6.4-4 gcc-4.7_4.7.3-6 gcc-4.8_4.8.1-6 libc6-dev_2.17-7 libstdc++-4.8-dev_4.8.1-6 libstdc++6_4.8.1-6 libstdc++6-4.6-dev_4.6.4-4 libstdc++6-4.7-dev_4.7.3-6 linux-libc-dev_3.10.1-1
Package versions: apt_0.9.9.1 autotools-dev_20130515.1 base-files_7.2 base-passwd_3.5.26 bash_4.2+dfsg-1 binutils_2.23.52.20130620-1 bsdmainutils_9.0.5 bsdutils_1:2.20.1-5.5 build-essential_11.6 bzip2_1.0.6-4 chrpath_0.14-2 clang-3.3_1:3.3-3 comerr-dev_2.1-1.42.8-1 coreutils_8.20-3 cpp_4:4.8.1-2 cpp-4.6_4.6.4-4 cpp-4.7_4.7.3-6 cpp-4.8_4.8.1-6 dash_0.5.7-3 debconf_1.5.50 debconf-i18n_1.5.50 debfoster_2.7-1.2 debhelper_9.20130630 debian-archive-keyring_2012.4 debianutils_4.3.4 diffutils_1:3.2-8 dpkg_1.16.10 dpkg-dev_1.16.10 e2fslibs_1.42.8-1 e2fsprogs_1.42.8-1 fakeroot_1.19-2 file_1:5.14-2 findutils_4.4.2-6 g++_4:4.8.1-2 g++-4.6_4.6.4-4 g++-4.8_4.8.1-6 gcc_4:4.8.1-2 gcc-4.4-base_4.4.7-4 gcc-4.5-base_4.5.4-1 gcc-4.6_4.6.4-4 gcc-4.6-base_4.6.4-4 gcc-4.7_4.7.3-6 gcc-4.7-base_4.7.3-6 gcc-4.8_4.8.1-6 gcc-4.8-base_4.8.1-6 gettext_0.18.3-1 gettext-base_0.18.3-1 gnupg_1.4.12-7 gpgv_1.4.12-7 grep_2.14-2 groff-base_1.22.2-3 gzip_1.6-1 hostname_3.13 initscripts_2.88dsf-43 insserv_1.14.0-5 intltool-debian_0.35.0+20060710.1 krb5-multidev_1.10.1+dfsg-6.1 libacl1_2.2.52-1 libapt-pkg4.12_0.9.9.1 libasan0_4.8.1-6 libasprintf0c2_0.18.3-1 libatomic1_4.8.1-6 libattr1_1:2.4.47-1 libblkid1_2.20.1-5.5 libbz2-1.0_1.0.6-4 libc-bin_2.17-7 libc-dev-bin_2.17-7 libc6_2.17-7 libc6-dev_2.17-7 libcap2_1:2.22-1.2 libclang-common-3.3-dev_1:3.3-3 libclang1-3.3_1:3.3-3 libclass-isa-perl_0.36-5 libcloog-isl4_0.18.0-2 libcloog-ppl1_0.16.1-3 libcomerr2_1.42.8-1 libcroco3_0.6.8-2 libdb5.1_5.1.29-6 libdpkg-perl_1.16.10 libffi6_3.0.13-4 libfile-fcntllock-perl_0.14-2 libgc1c2_1:7.2d-5 libgcc-4.7-dev_4.7.3-6 libgcc-4.8-dev_4.8.1-6 libgcc1_1:4.8.1-6 libgcrypt11_1.5.2-3 libgdbm3_1.8.3-12 libglib2.0-0_2.36.3-3 libgmp10_2:5.1.2+dfsg-2 libgmpxx4ldbl_2:5.1.2+dfsg-2 libgnutls26_2.12.23-5 libgomp1_4.8.1-6 libgpg-error0_1.10-3.1 libgpm2_1.20.4-6.1 libgssapi-krb5-2_1.10.1+dfsg-6.1 libgssrpc4_1.10.1+dfsg-6.1 libisl10_0.11.2-1 libitm1_4.8.1-6 libk5crypto3_1.10.1+dfsg-6.1 libkadm5clnt-mit8_1.10.1+dfsg-6.1 libkadm5srv-mit8_1.10.1+dfsg-6.1 libkdb5-6_1.10.1+dfsg-6.1 libkeyutils1_1.5.5-7 libkrb5-3_1.10.1+dfsg-6.1 libkrb5-dev_1.10.1+dfsg-6.1 libkrb5support0_1.10.1+dfsg-6.1 libldap-2.4-2_2.4.31-1+nmu2 libllvm3.3_1:3.3-3 liblocale-gettext-perl_1.05-7+b1 liblzma5_5.1.1alpha+20120614-2 libmagic1_1:5.14-2 libmount1_2.20.1-5.5 libmpc2_0.9-4 libmpc3_1.0.1-1 libmpfr4_3.1.1-1 libncurses5_5.9+20130608-1 libobjc-4.7-dev_4.7.3-6 libobjc4_4.8.1-6 libp11-kit0_0.18.4-1 libpam-modules_1.1.3-9 libpam-modules-bin_1.1.3-9 libpam-runtime_1.1.3-9 libpam0g_1.1.3-9 libpcre3_1:8.31-2 libpipeline1_1.2.4-1 libppl-c4_1:1.0-7 libppl12_1:1.0-7 libpq-dev_9.1.9-2+b1 libpq5_9.1.9-2+b1 libquadmath0_4.8.1-6 libreadline6_6.2+dfsg-0.1 libsasl2-2_2.1.25.dfsg1-13 libsasl2-modules_2.1.25.dfsg1-13 libselinux1_2.1.13-2 libsemanage-common_2.1.10-2 libsemanage1_2.1.10-2 libsepol1_2.1.9-2 libslang2_2.2.4-15 libss2_1.42.8-1 libssl-dev_1.0.1e-3 libssl1.0.0_1.0.1e-3 libstdc++-4.8-dev_4.8.1-6 libstdc++6_4.8.1-6 libstdc++6-4.6-dev_4.6.4-4 libstdc++6-4.7-dev_4.7.3-6 libswitch-perl_2.16-2 libtasn1-3_2.14-3 libtext-charwidth-perl_0.04-7+b1 libtext-iconv-perl_1.7-5 libtext-wrapi18n-perl_0.06-7 libtimedate-perl_1.2000-1 libtinfo5_5.9+20130608-1 libtool_2.4.2-1.3 libtsan0_4.8.1-6 libunistring0_0.9.3-5 libusb-0.1-4_2:0.1.12-23.2 libustr-1.0-1_1.0.4-3 libuuid1_2.20.1-5.5 libxml2_2.9.1+dfsg1-2 linux-libc-dev_3.10.1-1 login_1:4.1.5.1-1 lsb-base_4.1+Debian12 make_3.81-8.2 man-db_2.6.5-2 mawk_1.3.3-17 mount_2.20.1-5.5 multiarch-support_2.17-7 ncurses-base_5.9+20130608-1 ncurses-bin_5.9+20130608-1 passwd_1:4.1.5.1-1 patch_2.7.1-3 perl_5.14.2-21 perl-base_5.14.2-21 perl-modules_5.14.2-21 po-debconf_1.0.16+nmu2 readline-common_6.2+dfsg-0.1 sbuild-build-depends-core-dummy_0.invalid.0 sbuild-build-depends-libpqxx3-dummy_0.invalid.0 sed_4.2.2-1 sensible-utils_0.0.9 sudo_1.8.5p2-1+nmu1 sysv-rc_2.88dsf-43 sysvinit_2.88dsf-43 sysvinit-utils_2.88dsf-43 tar_1.26+dfsg-6 tzdata_2013c-2 ucf_3.0027+nmu1 util-linux_2.20.1-5.5 vim_2:7.3.923-3 vim-common_2:7.3.923-3 vim-runtime_2:7.3.923-3 xz-utils_5.1.1alpha+20120614-2 zlib1g_1:1.2.8.dfsg-1 zlib1g-dev_1:1.2.8.dfsg-1

┌──────────────────────────────────────────────────────────────────────────────┐
│ Build                                                                        │
└──────────────────────────────────────────────────────────────────────────────┘


Unpack source
─────────────

gpgv: keyblock resource `/sbuild-nonexistent/.gnupg/trustedkeys.gpg': file open error
gpgv: Signature made Tue May 29 08:59:49 2012 UTC using DSA key ID 0F932C9C
gpgv: Can't check signature: public key not found
dpkg-source: warning: failed to verify signature on ./libpqxx3_3.1-1.1.dsc
dpkg-source: info: extracting libpqxx3 in libpqxx3-3.1
dpkg-source: info: unpacking libpqxx3_3.1.orig.tar.gz
dpkg-source: info: unpacking libpqxx3_3.1-1.1.debian.tar.gz
dpkg-source: info: applying 100-fix-g++4.6-compilation.patch

Check disc space
────────────────

Sufficient free space for build

Hack binNMU version
───────────────────

Created changelog entry for binNMU version 3.1-1.1clang1

User Environment
────────────────

HOME=/sbuild-nonexistent
LOGNAME=user
PATH=/usr/local/sbin:/usr/local/bin:/usr/sbin:/usr/bin:/sbin:/bin:/usr/games
SCHROOT_ALIAS_NAME=unstable-amd64-sbuild
SCHROOT_CHROOT_NAME=unstable-amd64-sbuild
SCHROOT_COMMAND=env
SCHROOT_GID=1000
SCHROOT_GROUP=user
SCHROOT_SESSION_ID=unstable-amd64-sbuild-1d61f0e0-178f-4834-8704-f4b7bfd6fbca
SCHROOT_UID=1000
SCHROOT_USER=user
SHELL=/bin/sh
USER=user

dpkg-buildpackage
─────────────────

dpkg-buildpackage: source package libpqxx3
dpkg-buildpackage: source version 3.1-1.1clang1
 dpkg-source --before-build libpqxx3-3.1
dpkg-buildpackage: host architecture amd64
 fakeroot debian/rules clean
dh clean
   dh_testdir
   dh_auto_clean
   dh_clean
 debian/rules build-arch
dh build-arch
   dh_testdir -a
   debian/rules override_dh_auto_configure
make[1]: Entering directory `/«PKGBUILDDIR»'
dh_auto_configure -- --host=x86_64-linux-gnu --build=x86_64-linux-gnu --prefix=/usr --mandir=\${prefix}/share/man --infodir=\${prefix}/share/info --enable-shared --disable-static CXXFLAGS="-g -O2 -fstack-protector --param=ssp-buffer-size=4 -Wformat -Werror=format-security -fpermissive"
checking for a BSD-compatible install... /usr/bin/install -c
checking whether build environment is sane... yes
checking for a thread-safe mkdir -p... /bin/mkdir -p
checking for gawk... no
checking for mawk... mawk
checking whether make sets $(MAKE)... yes
checking for x86_64-linux-gnu-g++... x86_64-linux-gnu-g++
checking for C++ compiler default output file name... a.out
checking whether the C++ compiler works... yes
checking whether we are cross compiling... no
checking for suffix of executables... 
checking for suffix of object files... o
checking whether we are using the GNU C++ compiler... yes
checking whether x86_64-linux-gnu-g++ accepts -g... yes
checking for style of include used by make... GNU
checking dependency style of x86_64-linux-gnu-g++... none
checking for x86_64-linux-gnu-gcc... x86_64-linux-gnu-gcc
checking whether we are using the GNU C compiler... yes
checking whether x86_64-linux-gnu-gcc accepts -g... yes
checking for x86_64-linux-gnu-gcc option to accept ISO C89... none needed
checking dependency style of x86_64-linux-gnu-gcc... none
checking build system type... x86_64-pc-linux-gnu
checking host system type... x86_64-pc-linux-gnu
checking for a sed that does not truncate output... /bin/sed
checking for grep that handles long lines and -e... /bin/grep
checking for egrep... /bin/grep -E
checking for fgrep... /bin/grep -F
checking for ld used by x86_64-linux-gnu-gcc... /usr/bin/ld
checking if the linker (/usr/bin/ld) is GNU ld... yes
checking for BSD- or MS-compatible name lister (nm)... /usr/bin/nm -B
checking the name lister (/usr/bin/nm -B) interface... BSD nm
checking whether ln -s works... yes
checking the maximum length of command line arguments... 3458764513820540925
checking whether the shell understands some XSI constructs... yes
checking whether the shell understands "+="... yes
checking for /usr/bin/ld option to reload object files... -r
checking for x86_64-linux-gnu-objdump... no
checking for objdump... objdump
checking how to recognize dependent libraries... pass_all
checking for x86_64-linux-gnu-ar... no
checking for ar... ar
checking for x86_64-linux-gnu-strip... no
checking for strip... strip
checking for x86_64-linux-gnu-ranlib... no
checking for ranlib... ranlib
checking command to parse /usr/bin/nm -B output from x86_64-linux-gnu-gcc object... ok
checking how to run the C preprocessor... x86_64-linux-gnu-gcc -E
checking for ANSI C header files... yes
checking for sys/types.h... yes
checking for sys/stat.h... yes
checking for stdlib.h... yes
checking for string.h... yes
checking for memory.h... yes
checking for strings.h... yes
checking for inttypes.h... yes
checking for stdint.h... yes
checking for unistd.h... yes
checking for dlfcn.h... yes
checking whether we are using the GNU C++ compiler... (cached) yes
checking whether x86_64-linux-gnu-g++ accepts -g... (cached) yes
checking dependency style of x86_64-linux-gnu-g++... (cached) none
checking how to run the C++ preprocessor... x86_64-linux-gnu-g++ -E
checking for objdir... .libs
checking if x86_64-linux-gnu-gcc supports -fno-rtti -fno-exceptions... yes
checking for x86_64-linux-gnu-gcc option to produce PIC... -fPIC -DPIC
checking if x86_64-linux-gnu-gcc PIC flag -fPIC -DPIC works... yes
checking if x86_64-linux-gnu-gcc static flag -static works... yes
checking if x86_64-linux-gnu-gcc supports -c -o file.o... yes
checking if x86_64-linux-gnu-gcc supports -c -o file.o... (cached) yes
checking whether the x86_64-linux-gnu-gcc linker (/usr/bin/ld -m elf_x86_64) supports shared libraries... yes
checking whether -lc should be explicitly linked in... no
checking dynamic linker characteristics... GNU/Linux ld.so
checking how to hardcode library paths into programs... immediate
checking whether stripping libraries is possible... yes
checking if libtool supports shared libraries... yes
checking whether to build shared libraries... yes
checking whether to build static libraries... no
checking for ld used by x86_64-linux-gnu-g++... /usr/bin/ld -m elf_x86_64
checking if the linker (/usr/bin/ld -m elf_x86_64) is GNU ld... yes
checking whether the x86_64-linux-gnu-g++ linker (/usr/bin/ld -m elf_x86_64) supports shared libraries... yes
checking for x86_64-linux-gnu-g++ option to produce PIC... -fPIC -DPIC
checking if x86_64-linux-gnu-g++ PIC flag -fPIC -DPIC works... yes
checking if x86_64-linux-gnu-g++ static flag -static works... yes
checking if x86_64-linux-gnu-g++ supports -c -o file.o... yes
checking if x86_64-linux-gnu-g++ supports -c -o file.o... (cached) yes
checking whether the x86_64-linux-gnu-g++ linker (/usr/bin/ld -m elf_x86_64) supports shared libraries... yes
checking dynamic linker characteristics... GNU/Linux ld.so
checking how to hardcode library paths into programs... immediate
checking whether make sets $(MAKE)... (cached) yes
checking for mkdir... /bin/mkdir
checking for doxygen... no
checking for dot... NO
checking for xmlto... no
checking for pkg-config... no
checking whether to enable maintainer-specific portions of Makefiles... no
checking maintainer mode... no
checking g++ visibility attribute... no
checking g++ deprecation attribute... yes
checking name of standard library namespace (normally "std")... ::std
checking boost/smart_ptr.hpp usability... no
checking boost/smart_ptr.hpp presence... no
checking for boost/smart_ptr.hpp... no
checking whether TR1 headers live in tr1 directory... yes
checking namespace of TR1 extension to the C++ standard... std::tr1
checking ios usability... yes
checking ios presence... yes
checking for ios... yes
checking streambuf usability... yes
checking streambuf presence... yes
checking for streambuf... yes
checking locale usability... yes
checking locale presence... yes
checking for locale... yes
checking locale function and stringstream::imbue... yes
checking char_traits template... yes
checking "warning" preprocessor directive... yes
checking "message" preprocessor pragma... yes
checking for pg_config... /usr/bin/pg_config
configure: using PostgreSQL headers at /usr/include/postgresql
configure: using PostgreSQL libraries at /usr/lib
checking for ANSI C header files... (cached) yes
checking ability to compile programs using the standard C library... yes
checking for library containing select... none required
checking /usr/include/postgresql/libpq-fe.h usability... yes
checking /usr/include/postgresql/libpq-fe.h presence... yes
checking for /usr/include/postgresql/libpq-fe.h... yes
checking for ability to compile source files using libpq... yes
checking for main in -lpq... yes
checking for PQexec in -lpq... yes
checking for correct C++ linkage of basic libpq functions... yes
checking that type of libpq's Oid is as expected... yes
checking lo_tell()... yes
checking for strerror_r... yes
checking for strnlen... yes
checking for strlcpy... no
checking for long long... yes
checking for long double... yes
checking for working <sys/select.h>... yes
checking for poll()... yes
checking for working fd_set... yes
checking if select() accepts NULL fdsets... yes
checking sleep()... yes
checking PQisthreadsafe()... yes
checking PQserverVersion()... yes
checking PQprotocolVersion()... yes
checking PQescapeString()... yes
checking PQescapeStringConn()... yes
checking PQescapeBytea()... yes
checking PQescapeByteaConn()... yes
checking PQunescapeBytea()... yes
checking PQfreemem()... yes
checking PQfreeNotify()... yes
checking PQftable()... yes
checking PQftablecol()... yes
checking for new COPY functions... yes
checking PQprepare()... yes
checking PQexecPrepared()... yes
checking PQexecParams()... yes
checking PQresultErrorField()... yes
checking PQencryptPassword()... yes
checking PQclientEncoding()... yes
checking PQmblen()... yes
checking PQdescribePortal()... yes
checking PQcancel()... yes
checking limits usability... yes
checking limits presence... yes
checking for limits... yes
checking for C99 isnan()... no
checking for std::numeric_limits<>::quiet_NaN()... yes
checking for C NAN macro... yes
checking for C99 nan() family... yes
checking for C99 isinf()... no
checking whether std::string has a clear() function... yes
checking for standard distance()... yes
checking if count_if() works as expected... yes
checking whether <iterator> defines a usable iterator template... yes
checking for reverse_iterator template... yes
checking for tr1::shared_ptr... yes
checking whether overloaded using-declarations work... yes
checking whether make sets $(MAKE)... (cached) yes
configure: creating ./config.status
config.status: creating Makefile
config.status: creating config/Makefile
config.status: creating debian/Makefile
config.status: creating doc/Makefile
config.status: creating doc/Doxyfile
config.status: creating src/Makefile
config.status: creating test/Makefile
config.status: creating test/unit/Makefile
config.status: creating tools/Makefile
config.status: creating win32/Makefile
config.status: creating include/Makefile
config.status: creating include/pqxx/Makefile
config.status: creating libpqxx.pc
config.status: creating pqxx-config
config.status: creating libpqxx.spec
config.status: creating include/pqxx/config.h
config.status: executing depfiles commands
config.status: executing libtool commands
config.status: executing configitems commands
Checking for usable grep -F or equivalent... grep-F
Generating include/pqxx/config-internal-autotools.h: ok
Generating include/pqxx/config-internal-compiler.h: ok
Generating include/pqxx/config-internal-libpq.h: ok
Generating include/pqxx/config-public-autotools.h: no items--skipping
Generating include/pqxx/config-public-compiler.h: ok
Generating include/pqxx/config-public-libpq.h: no items--skipping
make[1]: Leaving directory `/«PKGBUILDDIR»'
   dh_auto_build -a
make[1]: Entering directory `/«PKGBUILDDIR»'
Making all in include
make[2]: Entering directory `/«PKGBUILDDIR»/include'
Making all in pqxx
make[3]: Entering directory `/«PKGBUILDDIR»/include/pqxx'
make  all-am
make[4]: Entering directory `/«PKGBUILDDIR»/include/pqxx'
make[4]: Leaving directory `/«PKGBUILDDIR»/include/pqxx'
make[3]: Leaving directory `/«PKGBUILDDIR»/include/pqxx'
make[3]: Entering directory `/«PKGBUILDDIR»/include'
make[3]: Nothing to be done for `all-am'.
make[3]: Leaving directory `/«PKGBUILDDIR»/include'
make[2]: Leaving directory `/«PKGBUILDDIR»/include'
Making all in src
make[2]: Entering directory `/«PKGBUILDDIR»/src'
/bin/bash ../libtool --tag=CXX   --mode=compile x86_64-linux-gnu-g++ -DHAVE_CONFIG_H  -I../include -I../include -I/usr/include/postgresql    -g -O2 -fstack-protector --param=ssp-buffer-size=4 -Wformat -Werror=format-security -fpermissive -c -o binarystring.lo binarystring.cxx
libtool: compile:  x86_64-linux-gnu-g++ -DHAVE_CONFIG_H -I../include -I../include -I/usr/include/postgresql -g -O2 -fstack-protector --param=ssp-buffer-size=4 -Wformat -Werror=format-security -fpermissive -c binarystring.cxx  -fPIC -DPIC -o .libs/binarystring.o
clang: warning: argument unused during compilation: '-fpermissive'
/bin/bash ../libtool --tag=CXX   --mode=compile x86_64-linux-gnu-g++ -DHAVE_CONFIG_H  -I../include -I../include -I/usr/include/postgresql    -g -O2 -fstack-protector --param=ssp-buffer-size=4 -Wformat -Werror=format-security -fpermissive -c -o connection_base.lo connection_base.cxx
libtool: compile:  x86_64-linux-gnu-g++ -DHAVE_CONFIG_H -I../include -I../include -I/usr/include/postgresql -g -O2 -fstack-protector --param=ssp-buffer-size=4 -Wformat -Werror=format-security -fpermissive -c connection_base.cxx  -fPIC -DPIC -o .libs/connection_base.o
clang: warning: argument unused during compilation: '-fpermissive'
In file included from connection_base.cxx:46:
In file included from ../include/pqxx/binarystring:18:
In file included from ../include/pqxx/binarystring.hxx:26:
In file included from ../include/pqxx/result:19:
In file included from ../include/pqxx/result.hxx:31:
In file included from ../include/pqxx/except:19:
In file included from ../include/pqxx/except.hxx:27:
In file included from ../include/pqxx/util:18:
../include/pqxx/util.hxx:412:14: error: call to function 'to_string' that is neither visible in the template definition nor found by argument-dependent lookup
    result = to_string(access(begin));
             ^
connection_base.cxx:1015:5: note: in instantiation of function template specialization 'pqxx::separated_list<__gnu_cxx::__normal_iterator<pqxx::prepare::internal::prepared_def::param *, std::vector<pqxx::prepare::internal::prepared_def::param, std::allocator<pqxx::prepare::internal::prepared_def::param> > >, pqxx::prepare::internal::get_sqltype>' requested here
        << separated_list(",",
           ^
../include/pqxx/strconv.hxx:235:43: note: 'to_string' should be declared prior to the call site
template<typename T> inline PGSTD::string to_string(const T &Obj)
                                          ^
In file included from connection_base.cxx:46:
In file included from ../include/pqxx/binarystring:18:
In file included from ../include/pqxx/binarystring.hxx:26:
In file included from ../include/pqxx/result:19:
In file included from ../include/pqxx/result.hxx:31:
In file included from ../include/pqxx/except:19:
In file included from ../include/pqxx/except.hxx:27:
In file included from ../include/pqxx/util:18:
../include/pqxx/util.hxx:416:17: error: call to function 'to_string' that is neither visible in the template definition nor found by argument-dependent lookup
      result += to_string(access(begin));
                ^
../include/pqxx/strconv.hxx:235:43: note: 'to_string' should be declared prior to the call site
template<typename T> inline PGSTD::string to_string(const T &Obj)
                                          ^
2 errors generated.
make[2]: *** [connection_base.lo] Error 1
make[2]: Leaving directory `/«PKGBUILDDIR»/src'
make[1]: *** [all-recursive] Error 1
dh_auto_build: make -j1 returned exit code 2
make[1]: Leaving directory `/«PKGBUILDDIR»'
make: *** [build-arch] Error 2
dpkg-buildpackage: error: debian/rules build-arch gave error exit status 2
────────────────────────────────────────────────────────────────────────────────
Build finished at 20130717-0655

Finished
────────

E: Build failure (dpkg-buildpackage died)

┌──────────────────────────────────────────────────────────────────────────────┐
│ Cleanup                                                                      │
└──────────────────────────────────────────────────────────────────────────────┘

Purging /«BUILDDIR»
Not cleaning session: cloned chroot in use

┌──────────────────────────────────────────────────────────────────────────────┐
│ Summary                                                                      │
└──────────────────────────────────────────────────────────────────────────────┘

Build Architecture: amd64
Build-Space: 12028
Build-Time: 21
Distribution: unstable
Fail-Stage: build
Host Architecture: amd64
Install-Time: 11
Job: libpqxx3_3.1-1.1
Machine Architecture: amd64
Package: libpqxx3
Package-Time: 109
Source-Version: 3.1-1.1
Space: 12028
Status: attempted
Version: 3.1-1.1clang1
────────────────────────────────────────────────────────────────────────────────
Finished at 20130717-0655
Build needed 00:01:49, 12028k disc space
DC-Status: Failed 109.71106187s
