DC-Build-Header: libstoragemgmt 0.0.20-1 / 2013-07-15 14:34:34 +0000
DC-Task: source:libstoragemgmt version:0.0.20-1 architecture:any chroot:unstable esttime: logfile:/tmp/libstoragemgmt_0.0.20-1_unstable_clang.log modes:binary-only:clang
DC-Sbuild-call: su user -c 'sbuild -n --apt-update -d unstable -v  --chroot-setup-commands=/tmp/switch-to-clang --append-to-version "clang1" --maintainer "Lucas Nussbaum <lucas@debian.org>" --uploader "Lucas Nussbaum <lucas@debian.org>" libstoragemgmt_0.0.20-1'
sbuild (Debian sbuild) 0.63.2 (18 Aug 2012) on ip-10-232-32-134.ec2.internal

╔══════════════════════════════════════════════════════════════════════════════╗
║ libstoragemgmt 0.0.20-1clang1 (amd64)                      15 Jul 2013 14:34 ║
╚══════════════════════════════════════════════════════════════════════════════╝

Package: libstoragemgmt
Version: 0.0.20-1clang1
Source Version: 0.0.20-1
Distribution: unstable
Machine Architecture: amd64
Host Architecture: amd64
Build Architecture: amd64

I: NOTICE: Log filtering will replace 'build/libstoragemgmt-nzozuc/libstoragemgmt-0.0.20' with '«PKGBUILDDIR»'
I: NOTICE: Log filtering will replace 'build/libstoragemgmt-nzozuc' with '«BUILDDIR»'
I: NOTICE: Log filtering will replace 'var/lib/schroot/mount/unstable-amd64-sbuild-d575515b-0283-404d-8e21-fcfd87caf967' with '«CHROOT»'

┌──────────────────────────────────────────────────────────────────────────────┐
│ Update chroot                                                                │
└──────────────────────────────────────────────────────────────────────────────┘

Get:1 http://localhost:9999 unstable InRelease [204 kB]
Get:2 http://localhost:9999 unstable/main Sources/DiffIndex [7876 B]
Get:3 http://localhost:9999 unstable/main amd64 Packages/DiffIndex [7876 B]
Get:4 http://localhost:9999 unstable/main Translation-en/DiffIndex [7876 B]
Get:5 http://localhost:9999 unstable/main 2013-07-13-2032.15.pdiff [23.1 kB]
Get:6 http://localhost:9999 unstable/main amd64 2013-07-13-2032.15.pdiff [16.9 kB]
Get:7 http://localhost:9999 unstable/main 2013-07-13-2032.15.pdiff [23.1 kB]
Get:8 http://localhost:9999 unstable/main 2013-07-13-2032.15.pdiff [1809 B]
Get:9 http://localhost:9999 unstable/main amd64 2013-07-13-2032.15.pdiff [16.9 kB]
Get:10 http://localhost:9999 unstable/main 2013-07-14-0231.07.pdiff [12.9 kB]
Get:11 http://localhost:9999 unstable/main 2013-07-13-2032.15.pdiff [1809 B]
Get:12 http://localhost:9999 unstable/main amd64 2013-07-14-0231.07.pdiff [14.9 kB]
Get:13 http://localhost:9999 unstable/main 2013-07-14-0231.07.pdiff [12.9 kB]
Get:14 http://localhost:9999 unstable/main 2013-07-14-0231.07.pdiff [1384 B]
Get:15 http://localhost:9999 unstable/main amd64 2013-07-14-0231.07.pdiff [14.9 kB]
Get:16 http://localhost:9999 unstable/main 2013-07-14-0832.16.pdiff [4670 B]
Get:17 http://localhost:9999 unstable/main 2013-07-14-0231.07.pdiff [1384 B]
Get:18 http://localhost:9999 unstable/main amd64 2013-07-14-0832.16.pdiff [1624 B]
Get:19 http://localhost:9999 unstable/main 2013-07-14-0832.16.pdiff [4670 B]
Get:20 http://localhost:9999 unstable/main 2013-07-14-0832.16.pdiff [337 B]
Get:21 http://localhost:9999 unstable/main amd64 2013-07-14-0832.16.pdiff [1624 B]
Get:22 http://localhost:9999 unstable/main 2013-07-14-1431.18.pdiff [11.4 kB]
Get:23 http://localhost:9999 unstable/main 2013-07-14-0832.16.pdiff [337 B]
Get:24 http://localhost:9999 unstable/main amd64 2013-07-14-1431.18.pdiff [8223 B]
Get:25 http://localhost:9999 unstable/main 2013-07-14-1431.18.pdiff [11.4 kB]
Get:26 http://localhost:9999 unstable/main 2013-07-14-1431.18.pdiff [887 B]
Get:27 http://localhost:9999 unstable/main amd64 2013-07-14-1431.18.pdiff [8223 B]
Get:28 http://localhost:9999 unstable/main 2013-07-14-2031.21.pdiff [9038 B]
Get:29 http://localhost:9999 unstable/main 2013-07-14-1431.18.pdiff [887 B]
Get:30 http://localhost:9999 unstable/main amd64 2013-07-14-2031.21.pdiff [9955 B]
Get:31 http://localhost:9999 unstable/main 2013-07-14-2031.21.pdiff [9038 B]
Get:32 http://localhost:9999 unstable/main 2013-07-14-2031.21.pdiff [2736 B]
Get:33 http://localhost:9999 unstable/main amd64 2013-07-14-2031.21.pdiff [9955 B]
Get:34 http://localhost:9999 unstable/main 2013-07-15-0229.01.pdiff [9715 B]
Get:35 http://localhost:9999 unstable/main 2013-07-14-2031.21.pdiff [2736 B]
Get:36 http://localhost:9999 unstable/main amd64 2013-07-15-0229.01.pdiff [12.7 kB]
Get:37 http://localhost:9999 unstable/main 2013-07-15-0229.01.pdiff [9715 B]
Get:38 http://localhost:9999 unstable/main 2013-07-15-0229.01.pdiff [2239 B]
Get:39 http://localhost:9999 unstable/main amd64 2013-07-15-0229.01.pdiff [12.7 kB]
Get:40 http://localhost:9999 unstable/main 2013-07-15-0830.19.pdiff [3273 B]
Get:41 http://localhost:9999 unstable/main 2013-07-15-0229.01.pdiff [2239 B]
Get:42 http://localhost:9999 unstable/main amd64 2013-07-15-0830.19.pdiff [3964 B]
Get:43 http://localhost:9999 unstable/main 2013-07-15-0830.19.pdiff [3273 B]
Get:44 http://localhost:9999 unstable/main 2013-07-15-0830.19.pdiff [1357 B]
Get:45 http://localhost:9999 unstable/main amd64 2013-07-15-0830.19.pdiff [3964 B]
Get:46 http://localhost:9999 unstable/main 2013-07-15-0830.19.pdiff [1357 B]
Fetched 381 kB in 27s (14.0 kB/s)
Reading package lists...
Reading package lists...
Building dependency tree...
Reading state information...
The following packages will be upgraded:
  initscripts sysv-rc sysvinit sysvinit-utils
4 upgraded, 0 newly installed, 0 to remove and 0 not upgraded.
Need to get 405 kB of archives.
After this operation, 20.5 kB disk space will be freed.
Get:1 http://localhost:9999/debian/ unstable/main sysvinit amd64 2.88dsf-42 [134 kB]
Get:2 http://localhost:9999/debian/ unstable/main sysv-rc all 2.88dsf-42 [80.4 kB]
Get:3 http://localhost:9999/debian/ unstable/main sysvinit-utils amd64 2.88dsf-42 [103 kB]
Get:4 http://localhost:9999/debian/ unstable/main initscripts amd64 2.88dsf-42 [87.1 kB]
debconf: delaying package configuration, since apt-utils is not installed
Fetched 405 kB in 0s (5516 kB/s)
(Reading database ... 13844 files and directories currently installed.)
Preparing to replace sysvinit 2.88dsf-41 (using .../sysvinit_2.88dsf-42_amd64.deb) ...
Unpacking replacement sysvinit ...
Setting up sysvinit (2.88dsf-42) ...
Not restarting sysvinit
(Reading database ... 13844 files and directories currently installed.)
Preparing to replace sysv-rc 2.88dsf-41 (using .../sysv-rc_2.88dsf-42_all.deb) ...
Unpacking replacement sysv-rc ...
Preparing to replace sysvinit-utils 2.88dsf-41 (using .../sysvinit-utils_2.88dsf-42_amd64.deb) ...
Unpacking replacement sysvinit-utils ...
Setting up sysvinit-utils (2.88dsf-42) ...
Setting up sysv-rc (2.88dsf-42) ...
(Reading database ... 13844 files and directories currently installed.)
Preparing to replace initscripts 2.88dsf-41 (using .../initscripts_2.88dsf-42_amd64.deb) ...
Removing unmodified and obsolete conffile /etc/init.d/mtab.sh ...
Unpacking replacement initscripts ...
Setting up initscripts (2.88dsf-42) ...
Installing new version of config file /etc/init.d/bootmisc.sh ...
Installing new version of config file /etc/init.d/checkfs.sh ...
Installing new version of config file /etc/init.d/checkroot.sh ...
Installing new version of config file /etc/init.d/checkroot-bootclean.sh ...
Installing new version of config file /etc/init.d/mountdevsubfs.sh ...
Installing new version of config file /etc/init.d/mountkernfs.sh ...
Installing new version of config file /etc/init.d/rmnologin ...
Installing new version of config file /etc/network/if-up.d/mountnfs ...

┌──────────────────────────────────────────────────────────────────────────────┐
│ Fetch source files                                                           │
└──────────────────────────────────────────────────────────────────────────────┘


Check APT
─────────

Checking available source versions...

Download source files with APT
──────────────────────────────

Reading package lists...
Building dependency tree...
Reading state information...
NOTICE: 'libstoragemgmt' packaging is maintained in the 'Git' version control system at:
git://anonscm.debian.org/collab-maint/libstoragemgmt.git
Need to get 611 kB of source archives.
Get:1 http://localhost:9999/debian/ unstable/main libstoragemgmt 0.0.20-1 (dsc) [2353 B]
Get:2 http://localhost:9999/debian/ unstable/main libstoragemgmt 0.0.20-1 (tar) [603 kB]
Get:3 http://localhost:9999/debian/ unstable/main libstoragemgmt 0.0.20-1 (diff) [5227 B]
Fetched 611 kB in 0s (1454 kB/s)
Download complete and in download only mode

Check arch
──────────


┌──────────────────────────────────────────────────────────────────────────────┐
│ Chroot Setup Commands                                                        │
└──────────────────────────────────────────────────────────────────────────────┘


/tmp/switch-to-clang
────────────────────

+ echo 'Entering customization script...'
Entering customization script...
+ echo 'Install of clang'
Install of clang
+ apt-get update
Hit http://localhost:9999 unstable InRelease
Hit http://localhost:9999 unstable/main Sources/DiffIndex
Hit http://localhost:9999 unstable/main amd64 Packages/DiffIndex
Hit http://localhost:9999 unstable/main Translation-en/DiffIndex
Reading package lists...
+ apt-get install --yes --no-install-recommends --force-yes clang-3.3
Reading package lists...
Building dependency tree...
Reading state information...
The following extra packages will be installed:
  libclang-common-3.3-dev libclang1-3.3 libffi6 libllvm3.3 libobjc-4.7-dev
  libobjc4 libstdc++6-4.7-dev
Suggested packages:
  libstdc++6-4.7-doc
Recommended packages:
  llvm-3.3-dev python
The following NEW packages will be installed:
  clang-3.3 libclang-common-3.3-dev libclang1-3.3 libffi6 libllvm3.3
  libobjc-4.7-dev libobjc4 libstdc++6-4.7-dev
0 upgraded, 8 newly installed, 0 to remove and 0 not upgraded.
Need to get 27.2 MB of archives.
After this operation, 80.8 MB of additional disk space will be used.
Get:1 http://localhost:9999/debian/ unstable/main libffi6 amd64 3.0.13-4 [21.6 kB]
Get:2 http://localhost:9999/debian/ unstable/main libllvm3.3 amd64 1:3.3-3 [8575 kB]
Get:3 http://localhost:9999/debian/ unstable/main libobjc4 amd64 4.8.1-6 [160 kB]
Get:4 http://localhost:9999/debian/ unstable/main libstdc++6-4.7-dev amd64 4.7.3-5 [1695 kB]
Get:5 http://localhost:9999/debian/ unstable/main libobjc-4.7-dev amd64 4.7.3-5 [719 kB]
Get:6 http://localhost:9999/debian/ unstable/main libclang-common-3.3-dev amd64 1:3.3-3 [574 kB]
Get:7 http://localhost:9999/debian/ unstable/main libclang1-3.3 amd64 1:3.3-3 [4579 kB]
Get:8 http://localhost:9999/debian/ unstable/main clang-3.3 amd64 1:3.3-3 [10.9 MB]
debconf: delaying package configuration, since apt-utils is not installed
Fetched 27.2 MB in 1s (25.7 MB/s)
Selecting previously unselected package libffi6:amd64.
(Reading database ... 13843 files and directories currently installed.)
Unpacking libffi6:amd64 (from .../libffi6_3.0.13-4_amd64.deb) ...
Selecting previously unselected package libllvm3.3:amd64.
Unpacking libllvm3.3:amd64 (from .../libllvm3.3_1%3a3.3-3_amd64.deb) ...
Selecting previously unselected package libobjc4:amd64.
Unpacking libobjc4:amd64 (from .../libobjc4_4.8.1-6_amd64.deb) ...
Selecting previously unselected package libstdc++6-4.7-dev:amd64.
Unpacking libstdc++6-4.7-dev:amd64 (from .../libstdc++6-4.7-dev_4.7.3-5_amd64.deb) ...
Selecting previously unselected package libobjc-4.7-dev:amd64.
Unpacking libobjc-4.7-dev:amd64 (from .../libobjc-4.7-dev_4.7.3-5_amd64.deb) ...
Selecting previously unselected package libclang-common-3.3-dev.
Unpacking libclang-common-3.3-dev (from .../libclang-common-3.3-dev_1%3a3.3-3_amd64.deb) ...
Selecting previously unselected package libclang1-3.3.
Unpacking libclang1-3.3 (from .../libclang1-3.3_1%3a3.3-3_amd64.deb) ...
Selecting previously unselected package clang-3.3.
Unpacking clang-3.3 (from .../clang-3.3_1%3a3.3-3_amd64.deb) ...
Setting up libffi6:amd64 (3.0.13-4) ...
Setting up libllvm3.3:amd64 (1:3.3-3) ...
Setting up libobjc4:amd64 (4.8.1-6) ...
Setting up libstdc++6-4.7-dev:amd64 (4.7.3-5) ...
Setting up libobjc-4.7-dev:amd64 (4.7.3-5) ...
Setting up libclang-common-3.3-dev (1:3.3-3) ...
Setting up libclang1-3.3 (1:3.3-3) ...
Setting up clang-3.3 (1:3.3-3) ...
Processing triggers for libc-bin ...
+ echo 'Replace gcc, g++ & cpp by clang'
Replace gcc, g++ & cpp by clang
+ VERSIONS='4.6 4.7 4.8'
+ cd /usr/bin
+ for VERSION in '$VERSIONS'
+ rm -f g++-4.6 gcc-4.6 cpp-4.6
+ ln -s clang++ g++-4.6
+ ln -s clang gcc-4.6
+ ln -s clang cpp-4.6
+ for VERSION in '$VERSIONS'
+ rm -f g++-4.7 gcc-4.7 cpp-4.7
+ ln -s clang++ g++-4.7
+ ln -s clang gcc-4.7
+ ln -s clang cpp-4.7
+ for VERSION in '$VERSIONS'
+ rm -f g++-4.8 gcc-4.8 cpp-4.8
+ ln -s clang++ g++-4.8
+ ln -s clang gcc-4.8
+ ln -s clang cpp-4.8
+ cd -
/«BUILDDIR»
+ echo 'Block the installation of new gcc version'
Block the installation of new gcc version
+ dpkg --set-selections
+ echo 'gcc-4.6 hold'
+ dpkg --set-selections
+ echo 'cpp-4.6 hold'
+ dpkg --set-selections
+ echo 'g++-4.6 hold'
+ dpkg --set-selections
+ echo 'gcc-4.7 hold'
+ dpkg --set-selections
+ echo 'cpp-4.7 hold'
+ dpkg --set-selections
+ echo 'g++-4.7 hold'
+ dpkg --set-selections
+ echo 'gcc-4.8 hold'
+ dpkg --set-selections
+ echo 'cpp-4.8 hold'
+ dpkg --set-selections
+ echo 'g++-4.8 hold'
+ echo 'Check if gcc, g++ & cpp are actually clang'
Check if gcc, g++ & cpp are actually clang
+ grep clang
+ gcc --version
+ grep clang
+ cpp --version
+ grep clang
+ g++ --version

I: Finished running '/tmp/switch-to-clang'.

Finished processing commands.
────────────────────────────────────────────────────────────────────────────────
Merged Build-Depends: build-essential, fakeroot
Filtered Build-Depends: build-essential, fakeroot
dpkg-deb: building package `sbuild-build-depends-core-dummy' in `/«BUILDDIR»/resolver-mmwj4I/apt_archive/sbuild-build-depends-core-dummy.deb'.
OK
Reading package lists...

┌──────────────────────────────────────────────────────────────────────────────┐
│ Install core build dependencies (apt-based resolver)                         │
└──────────────────────────────────────────────────────────────────────────────┘

Installing build dependencies
Reading package lists...
Building dependency tree...
Reading state information...
The following NEW packages will be installed:
  sbuild-build-depends-core-dummy
debconf: delaying package configuration, since apt-utils is not installed
0 upgraded, 1 newly installed, 0 to remove and 0 not upgraded.
Need to get 0 B/710 B of archives.
After this operation, 0 B of additional disk space will be used.
Selecting previously unselected package sbuild-build-depends-core-dummy.
(Reading database ... 14698 files and directories currently installed.)
Unpacking sbuild-build-depends-core-dummy (from .../sbuild-build-depends-core-dummy.deb) ...
Setting up sbuild-build-depends-core-dummy (0.invalid.0) ...
Merged Build-Depends: base-files, base-passwd, bash, bsdutils, coreutils, dash, debianutils, diffutils, dpkg, e2fsprogs, findutils, grep, gzip, hostname, libc-bin, login, mount, ncurses-base, ncurses-bin, perl-base, sed, sysvinit, sysvinit-utils, tar, util-linux, libc6-dev | libc-dev, gcc (>= 4:4.4.3), g++ (>= 4:4.4.3), make, dpkg-dev (>= 1.13.5), debhelper (>= 8.0.0), libyajl-dev, autoconf, automake, libtool, libxml2-dev, pkg-config, check, python (>= 2.6.6-3~), python-pywbem, libglib2.0-dev (>= 2.22.5), python-m2crypto, dpkg-dev (>= 1.16.1~)
Filtered Build-Depends: base-files, base-passwd, bash, bsdutils, coreutils, dash, debianutils, diffutils, dpkg, e2fsprogs, findutils, grep, gzip, hostname, libc-bin, login, mount, ncurses-base, ncurses-bin, perl-base, sed, sysvinit, sysvinit-utils, tar, util-linux, libc6-dev, gcc (>= 4:4.4.3), g++ (>= 4:4.4.3), make, dpkg-dev (>= 1.13.5), debhelper (>= 8.0.0), libyajl-dev, autoconf, automake, libtool, libxml2-dev, pkg-config, check, python (>= 2.6.6-3~), python-pywbem, libglib2.0-dev (>= 2.22.5), python-m2crypto, dpkg-dev (>= 1.16.1~)
dpkg-deb: building package `sbuild-build-depends-libstoragemgmt-dummy' in `/«BUILDDIR»/resolver-FbgAtJ/apt_archive/sbuild-build-depends-libstoragemgmt-dummy.deb'.
OK
Reading package lists...

┌──────────────────────────────────────────────────────────────────────────────┐
│ Install libstoragemgmt build dependencies (apt-based resolver)               │
└──────────────────────────────────────────────────────────────────────────────┘

Installing build dependencies
Reading package lists...
Building dependency tree...
Reading state information...
The following extra packages will be installed:
  autoconf automake autotools-dev bsdmainutils check debhelper file gettext
  gettext-base groff-base intltool-debian libasprintf0c2 libcroco3 libelfg0
  libexpat1 libglib2.0-0 libglib2.0-bin libglib2.0-data libglib2.0-dev
  libmagic1 libncursesw5 libpcre3-dev libpcrecpp0 libpipeline1 libpopt0
  libpython-stdlib libpython2.7-minimal libpython2.7-stdlib libsigsegv2
  libsqlite3-0 libssl1.0.0 libtool libunistring0 libxml2 libxml2-dev
  libyajl-dev libyajl2 m4 man-db mime-support pkg-config po-debconf python
  python-m2crypto python-minimal python-ply python-pywbem python-support
  python2.7 python2.7-minimal zlib1g-dev
Suggested packages:
  autoconf2.13 autoconf-archive gnu-standards autoconf-doc wamerican wordlist
  whois vacation dh-make gettext-doc groff libglib2.0-doc libtool-doc
  automaken gfortran fortran95-compiler gcj less www-browser libmail-box-perl
  python-doc python-tk python-ply-doc python-pkg-resources python2.7-doc
  binfmt-support
Recommended packages:
  curl wget lynx-cur autopoint libasprintf-dev libgettextpo-dev
  shared-mime-info libltdl-dev xml-core libmail-sendmail-perl
  python-twisted-web python-twisted-core
The following NEW packages will be installed:
  autoconf automake autotools-dev bsdmainutils check debhelper file gettext
  gettext-base groff-base intltool-debian libasprintf0c2 libcroco3 libelfg0
  libexpat1 libglib2.0-0 libglib2.0-bin libglib2.0-data libglib2.0-dev
  libmagic1 libncursesw5 libpcre3-dev libpcrecpp0 libpipeline1 libpopt0
  libpython-stdlib libpython2.7-minimal libpython2.7-stdlib libsigsegv2
  libsqlite3-0 libssl1.0.0 libtool libunistring0 libxml2 libxml2-dev
  libyajl-dev libyajl2 m4 man-db mime-support pkg-config po-debconf python
  python-m2crypto python-minimal python-ply python-pywbem python-support
  python2.7 python2.7-minimal sbuild-build-depends-libstoragemgmt-dummy
  zlib1g-dev
0 upgraded, 52 newly installed, 0 to remove and 0 not upgraded.
Need to get 25.9 MB/25.9 MB of archives.
After this operation, 77.3 MB of additional disk space will be used.
Get:1 http://localhost:9999/debian/ unstable/main libncursesw5 amd64 5.9+20130608-1 [141 kB]
Get:2 http://localhost:9999/debian/ unstable/main libpipeline1 amd64 1.2.4-1 [41.0 kB]
Get:3 http://localhost:9999/debian/ unstable/main libpopt0 amd64 1.16-7 [56.4 kB]
Get:4 http://localhost:9999/debian/ unstable/main libssl1.0.0 amd64 1.0.1e-3 [1242 kB]
Get:5 http://localhost:9999/debian/ unstable/main groff-base amd64 1.22.2-3 [747 kB]
Get:6 http://localhost:9999/debian/ unstable/main bsdmainutils amd64 9.0.5 [211 kB]
Get:7 http://localhost:9999/debian/ unstable/main man-db amd64 2.6.5-2 [976 kB]
Get:8 http://localhost:9999/debian/ unstable/main libasprintf0c2 amd64 0.18.2.1-1 [28.9 kB]
Get:9 http://localhost:9999/debian/ unstable/main libmagic1 amd64 1:5.14-2 [216 kB]
Get:10 http://localhost:9999/debian/ unstable/main libsqlite3-0 amd64 3.7.17-1 [478 kB]
Get:11 http://localhost:9999/debian/ unstable/main libxml2 amd64 2.9.1+dfsg1-2 [911 kB]
Get:12 http://localhost:9999/debian/ unstable/main libglib2.0-0 amd64 2.36.3-3 [2048 kB]
Get:13 http://localhost:9999/debian/ unstable/main libcroco3 amd64 0.6.8-2 [133 kB]
Get:14 http://localhost:9999/debian/ unstable/main libexpat1 amd64 2.1.0-4 [138 kB]
Get:15 http://localhost:9999/debian/ unstable/main libpcrecpp0 amd64 1:8.31-2 [128 kB]
Get:16 http://localhost:9999/debian/ unstable/main libsigsegv2 amd64 2.10-2 [29.8 kB]
Get:17 http://localhost:9999/debian/ unstable/main libunistring0 amd64 0.9.3-5 [434 kB]
Get:18 http://localhost:9999/debian/ unstable/main libpython2.7-minimal amd64 2.7.5-6 [520 kB]
Get:19 http://localhost:9999/debian/ unstable/main python2.7-minimal amd64 2.7.5-6 [1552 kB]
Get:20 http://localhost:9999/debian/ unstable/main libyajl2 amd64 2.0.4-4 [25.1 kB]
Get:21 http://localhost:9999/debian/ unstable/main file amd64 1:5.14-2 [54.0 kB]
Get:22 http://localhost:9999/debian/ unstable/main gettext-base amd64 0.18.2.1-1 [156 kB]
Get:23 http://localhost:9999/debian/ unstable/main m4 amd64 1.4.16-5 [260 kB]
Get:24 http://localhost:9999/debian/ unstable/main mime-support all 3.54 [36.4 kB]
Get:25 http://localhost:9999/debian/ unstable/main libpython2.7-stdlib amd64 2.7.5-6 [2482 kB]
Get:26 http://localhost:9999/debian/ unstable/main python2.7 amd64 2.7.5-6 [229 kB]
Get:27 http://localhost:9999/debian/ unstable/main python-minimal amd64 2.7.5-2 [42.7 kB]
Get:28 http://localhost:9999/debian/ unstable/main libpython-stdlib amd64 2.7.5-2 [19.6 kB]
Get:29 http://localhost:9999/debian/ unstable/main python amd64 2.7.5-2 [186 kB]
Get:30 http://localhost:9999/debian/ unstable/main python-support all 1.0.15 [33.6 kB]
Get:31 http://localhost:9999/debian/ unstable/main autoconf all 2.69-1 [589 kB]
Get:32 http://localhost:9999/debian/ unstable/main autotools-dev all 20130515.1 [73.0 kB]
Get:33 http://localhost:9999/debian/ unstable/main automake all 1:1.13.3-1 [758 kB]
Get:34 http://localhost:9999/debian/ unstable/main check amd64 0.9.10-4 [146 kB]
Get:35 http://localhost:9999/debian/ unstable/main gettext amd64 0.18.2.1-1 [2019 kB]
Get:36 http://localhost:9999/debian/ unstable/main intltool-debian all 0.35.0+20060710.1 [30.8 kB]
Get:37 http://localhost:9999/debian/ unstable/main po-debconf all 1.0.16+nmu2 [224 kB]
Get:38 http://localhost:9999/debian/ unstable/main debhelper all 9.20130630 [710 kB]
Get:39 http://localhost:9999/debian/ unstable/main libelfg0 amd64 0.8.13-3 [60.2 kB]
Get:40 http://localhost:9999/debian/ unstable/main libglib2.0-data all 2.36.3-3 [1847 kB]
Get:41 http://localhost:9999/debian/ unstable/main libglib2.0-bin amd64 2.36.3-3 [1057 kB]
Get:42 http://localhost:9999/debian/ unstable/main libpcre3-dev amd64 1:8.31-2 [356 kB]
Get:43 http://localhost:9999/debian/ unstable/main pkg-config amd64 0.26-1 [59.5 kB]
Get:44 http://localhost:9999/debian/ unstable/main zlib1g-dev amd64 1:1.2.8.dfsg-1 [217 kB]
Get:45 http://localhost:9999/debian/ unstable/main libglib2.0-dev amd64 2.36.3-3 [2283 kB]
Get:46 http://localhost:9999/debian/ unstable/main libtool amd64 2.4.2-1.3 [619 kB]
Get:47 http://localhost:9999/debian/ unstable/main libxml2-dev amd64 2.9.1+dfsg1-2 [915 kB]
Get:48 http://localhost:9999/debian/ unstable/main python-m2crypto amd64 0.21.1-3 [200 kB]
Get:49 http://localhost:9999/debian/ unstable/main python-ply all 3.4-3 [71.6 kB]
Get:50 http://localhost:9999/debian/ unstable/main libyajl-dev amd64 2.0.4-4 [35.0 kB]
Get:51 http://localhost:9999/debian/ unstable/main python-pywbem all 0.7.0-4 [107 kB]
debconf: delaying package configuration, since apt-utils is not installed
Fetched 25.9 MB in 1s (16.2 MB/s)
Selecting previously unselected package libncursesw5:amd64.
(Reading database ... 14698 files and directories currently installed.)
Unpacking libncursesw5:amd64 (from .../libncursesw5_5.9+20130608-1_amd64.deb) ...
Selecting previously unselected package libpipeline1:amd64.
Unpacking libpipeline1:amd64 (from .../libpipeline1_1.2.4-1_amd64.deb) ...
Selecting previously unselected package libpopt0:amd64.
Unpacking libpopt0:amd64 (from .../libpopt0_1.16-7_amd64.deb) ...
Selecting previously unselected package libssl1.0.0:amd64.
Unpacking libssl1.0.0:amd64 (from .../libssl1.0.0_1.0.1e-3_amd64.deb) ...
Selecting previously unselected package groff-base.
Unpacking groff-base (from .../groff-base_1.22.2-3_amd64.deb) ...
Selecting previously unselected package bsdmainutils.
Unpacking bsdmainutils (from .../bsdmainutils_9.0.5_amd64.deb) ...
Selecting previously unselected package man-db.
Unpacking man-db (from .../man-db_2.6.5-2_amd64.deb) ...
Selecting previously unselected package libasprintf0c2:amd64.
Unpacking libasprintf0c2:amd64 (from .../libasprintf0c2_0.18.2.1-1_amd64.deb) ...
Selecting previously unselected package libmagic1:amd64.
Unpacking libmagic1:amd64 (from .../libmagic1_1%3a5.14-2_amd64.deb) ...
Selecting previously unselected package libsqlite3-0:amd64.
Unpacking libsqlite3-0:amd64 (from .../libsqlite3-0_3.7.17-1_amd64.deb) ...
Selecting previously unselected package libxml2:amd64.
Unpacking libxml2:amd64 (from .../libxml2_2.9.1+dfsg1-2_amd64.deb) ...
Selecting previously unselected package libglib2.0-0:amd64.
Unpacking libglib2.0-0:amd64 (from .../libglib2.0-0_2.36.3-3_amd64.deb) ...
Selecting previously unselected package libcroco3:amd64.
Unpacking libcroco3:amd64 (from .../libcroco3_0.6.8-2_amd64.deb) ...
Selecting previously unselected package libexpat1:amd64.
Unpacking libexpat1:amd64 (from .../libexpat1_2.1.0-4_amd64.deb) ...
Selecting previously unselected package libpcrecpp0:amd64.
Unpacking libpcrecpp0:amd64 (from .../libpcrecpp0_1%3a8.31-2_amd64.deb) ...
Selecting previously unselected package libsigsegv2:amd64.
Unpacking libsigsegv2:amd64 (from .../libsigsegv2_2.10-2_amd64.deb) ...
Selecting previously unselected package libunistring0:amd64.
Unpacking libunistring0:amd64 (from .../libunistring0_0.9.3-5_amd64.deb) ...
Selecting previously unselected package libpython2.7-minimal.
Unpacking libpython2.7-minimal (from .../libpython2.7-minimal_2.7.5-6_amd64.deb) ...
Selecting previously unselected package python2.7-minimal.
Unpacking python2.7-minimal (from .../python2.7-minimal_2.7.5-6_amd64.deb) ...
Selecting previously unselected package libyajl2:amd64.
Unpacking libyajl2:amd64 (from .../libyajl2_2.0.4-4_amd64.deb) ...
Selecting previously unselected package file.
Unpacking file (from .../file_1%3a5.14-2_amd64.deb) ...
Selecting previously unselected package gettext-base.
Unpacking gettext-base (from .../gettext-base_0.18.2.1-1_amd64.deb) ...
Selecting previously unselected package m4.
Unpacking m4 (from .../archives/m4_1.4.16-5_amd64.deb) ...
Selecting previously unselected package mime-support.
Unpacking mime-support (from .../mime-support_3.54_all.deb) ...
Selecting previously unselected package libpython2.7-stdlib.
Unpacking libpython2.7-stdlib (from .../libpython2.7-stdlib_2.7.5-6_amd64.deb) ...
Selecting previously unselected package python2.7.
Unpacking python2.7 (from .../python2.7_2.7.5-6_amd64.deb) ...
Selecting previously unselected package python-minimal.
Unpacking python-minimal (from .../python-minimal_2.7.5-2_amd64.deb) ...
Selecting previously unselected package libpython-stdlib:amd64.
Unpacking libpython-stdlib:amd64 (from .../libpython-stdlib_2.7.5-2_amd64.deb) ...
Selecting previously unselected package python.
Unpacking python (from .../python_2.7.5-2_amd64.deb) ...
Selecting previously unselected package python-support.
Unpacking python-support (from .../python-support_1.0.15_all.deb) ...
Selecting previously unselected package autoconf.
Unpacking autoconf (from .../autoconf_2.69-1_all.deb) ...
Selecting previously unselected package autotools-dev.
Unpacking autotools-dev (from .../autotools-dev_20130515.1_all.deb) ...
Selecting previously unselected package automake.
Unpacking automake (from .../automake_1%3a1.13.3-1_all.deb) ...
Selecting previously unselected package check:amd64.
Unpacking check:amd64 (from .../check_0.9.10-4_amd64.deb) ...
Selecting previously unselected package gettext.
Unpacking gettext (from .../gettext_0.18.2.1-1_amd64.deb) ...
Selecting previously unselected package intltool-debian.
Unpacking intltool-debian (from .../intltool-debian_0.35.0+20060710.1_all.deb) ...
Selecting previously unselected package po-debconf.
Unpacking po-debconf (from .../po-debconf_1.0.16+nmu2_all.deb) ...
Selecting previously unselected package debhelper.
Unpacking debhelper (from .../debhelper_9.20130630_all.deb) ...
Selecting previously unselected package libelfg0.
Unpacking libelfg0 (from .../libelfg0_0.8.13-3_amd64.deb) ...
Selecting previously unselected package libglib2.0-data.
Unpacking libglib2.0-data (from .../libglib2.0-data_2.36.3-3_all.deb) ...
Selecting previously unselected package libglib2.0-bin.
Unpacking libglib2.0-bin (from .../libglib2.0-bin_2.36.3-3_amd64.deb) ...
Selecting previously unselected package libpcre3-dev:amd64.
Unpacking libpcre3-dev:amd64 (from .../libpcre3-dev_1%3a8.31-2_amd64.deb) ...
Selecting previously unselected package pkg-config.
Unpacking pkg-config (from .../pkg-config_0.26-1_amd64.deb) ...
Selecting previously unselected package zlib1g-dev:amd64.
Unpacking zlib1g-dev:amd64 (from .../zlib1g-dev_1%3a1.2.8.dfsg-1_amd64.deb) ...
Selecting previously unselected package libglib2.0-dev.
Unpacking libglib2.0-dev (from .../libglib2.0-dev_2.36.3-3_amd64.deb) ...
Selecting previously unselected package libtool.
Unpacking libtool (from .../libtool_2.4.2-1.3_amd64.deb) ...
Selecting previously unselected package libxml2-dev:amd64.
Unpacking libxml2-dev:amd64 (from .../libxml2-dev_2.9.1+dfsg1-2_amd64.deb) ...
Selecting previously unselected package python-m2crypto.
Unpacking python-m2crypto (from .../python-m2crypto_0.21.1-3_amd64.deb) ...
Selecting previously unselected package python-ply.
Unpacking python-ply (from .../python-ply_3.4-3_all.deb) ...
Selecting previously unselected package libyajl-dev.
Unpacking libyajl-dev (from .../libyajl-dev_2.0.4-4_amd64.deb) ...
Selecting previously unselected package python-pywbem.
Unpacking python-pywbem (from .../python-pywbem_0.7.0-4_all.deb) ...
Selecting previously unselected package sbuild-build-depends-libstoragemgmt-dummy.
Unpacking sbuild-build-depends-libstoragemgmt-dummy (from .../sbuild-build-depends-libstoragemgmt-dummy.deb) ...
Setting up libncursesw5:amd64 (5.9+20130608-1) ...
Setting up libpipeline1:amd64 (1.2.4-1) ...
Setting up libpopt0:amd64 (1.16-7) ...
Setting up libssl1.0.0:amd64 (1.0.1e-3) ...
Setting up groff-base (1.22.2-3) ...
Setting up bsdmainutils (9.0.5) ...
update-alternatives: using /usr/bin/bsd-write to provide /usr/bin/write (write) in auto mode
update-alternatives: using /usr/bin/bsd-from to provide /usr/bin/from (from) in auto mode
Setting up man-db (2.6.5-2) ...
Not building database; man-db/auto-update is not 'true'.
Setting up libasprintf0c2:amd64 (0.18.2.1-1) ...
Setting up libmagic1:amd64 (1:5.14-2) ...
Setting up libsqlite3-0:amd64 (3.7.17-1) ...
Setting up libxml2:amd64 (2.9.1+dfsg1-2) ...
Setting up libglib2.0-0:amd64 (2.36.3-3) ...
No schema files found: doing nothing.
Setting up libcroco3:amd64 (0.6.8-2) ...
Setting up libexpat1:amd64 (2.1.0-4) ...
Setting up libpcrecpp0:amd64 (1:8.31-2) ...
Setting up libsigsegv2:amd64 (2.10-2) ...
Setting up libunistring0:amd64 (0.9.3-5) ...
Setting up libpython2.7-minimal (2.7.5-6) ...
Setting up python2.7-minimal (2.7.5-6) ...
Setting up libyajl2:amd64 (2.0.4-4) ...
Setting up file (1:5.14-2) ...
Setting up gettext-base (0.18.2.1-1) ...
Setting up m4 (1.4.16-5) ...
Setting up mime-support (3.54) ...
Setting up libpython2.7-stdlib (2.7.5-6) ...
Setting up python2.7 (2.7.5-6) ...
Setting up python-minimal (2.7.5-2) ...
Setting up libpython-stdlib:amd64 (2.7.5-2) ...
Setting up python (2.7.5-2) ...
Setting up python-support (1.0.15) ...
Setting up autoconf (2.69-1) ...
Setting up autotools-dev (20130515.1) ...
Setting up automake (1:1.13.3-1) ...
update-alternatives: using /usr/bin/automake-1.13 to provide /usr/bin/automake (automake) in auto mode
Setting up check:amd64 (0.9.10-4) ...
Setting up gettext (0.18.2.1-1) ...
Setting up intltool-debian (0.35.0+20060710.1) ...
Setting up po-debconf (1.0.16+nmu2) ...
Setting up debhelper (9.20130630) ...
Setting up libelfg0 (0.8.13-3) ...
Setting up libglib2.0-data (2.36.3-3) ...
Setting up libglib2.0-bin (2.36.3-3) ...
Setting up libpcre3-dev:amd64 (1:8.31-2) ...
Setting up pkg-config (0.26-1) ...
Setting up zlib1g-dev:amd64 (1:1.2.8.dfsg-1) ...
Setting up libglib2.0-dev (2.36.3-3) ...
Setting up libtool (2.4.2-1.3) ...
Setting up libxml2-dev:amd64 (2.9.1+dfsg1-2) ...
Setting up python-m2crypto (0.21.1-3) ...
Setting up python-ply (3.4-3) ...
Setting up libyajl-dev (2.0.4-4) ...
Setting up python-pywbem (0.7.0-4) ...
Setting up sbuild-build-depends-libstoragemgmt-dummy (0.invalid.0) ...
Processing triggers for libc-bin ...
Processing triggers for python-support ...

┌──────────────────────────────────────────────────────────────────────────────┐
│ Build environment                                                            │
└──────────────────────────────────────────────────────────────────────────────┘

Kernel: Linux 2.6.32-5-xen-amd64 amd64 (x86_64)
Toolchain package versions: binutils_2.23.52.20130620-1 dpkg-dev_1.16.10 g++-4.6_4.6.4-4 g++-4.8_4.8.1-6 gcc-4.6_4.6.4-4 gcc-4.7_4.7.3-5 gcc-4.8_4.8.1-6 libc6-dev_2.17-7 libstdc++-4.8-dev_4.8.1-6 libstdc++6_4.8.1-6 libstdc++6-4.6-dev_4.6.4-4 libstdc++6-4.7-dev_4.7.3-5 linux-libc-dev_3.9.8-1
Package versions: apt_0.9.9.1 autoconf_2.69-1 automake_1:1.13.3-1 autotools-dev_20130515.1 base-files_7.2 base-passwd_3.5.26 bash_4.2+dfsg-1 binutils_2.23.52.20130620-1 bsdmainutils_9.0.5 bsdutils_1:2.20.1-5.5 build-essential_11.6 bzip2_1.0.6-4 check_0.9.10-4 clang-3.3_1:3.3-3 coreutils_8.20-3 cpp_4:4.8.1-2 cpp-4.6_4.6.4-4 cpp-4.7_4.7.3-5 cpp-4.8_4.8.1-6 dash_0.5.7-3 debconf_1.5.50 debconf-i18n_1.5.50 debfoster_2.7-1.2 debhelper_9.20130630 debian-archive-keyring_2012.4 debianutils_4.3.4 diffutils_1:3.2-8 dpkg_1.16.10 dpkg-dev_1.16.10 e2fslibs_1.42.8-1 e2fsprogs_1.42.8-1 fakeroot_1.19-2 file_1:5.14-2 findutils_4.4.2-6 g++_4:4.8.1-2 g++-4.6_4.6.4-4 g++-4.8_4.8.1-6 gcc_4:4.8.1-2 gcc-4.4-base_4.4.7-4 gcc-4.5-base_4.5.4-1 gcc-4.6_4.6.4-4 gcc-4.6-base_4.6.4-4 gcc-4.7_4.7.3-5 gcc-4.7-base_4.7.3-5 gcc-4.8_4.8.1-6 gcc-4.8-base_4.8.1-6 gettext_0.18.2.1-1 gettext-base_0.18.2.1-1 gnupg_1.4.12-7 gpgv_1.4.12-7 grep_2.14-2 groff-base_1.22.2-3 gzip_1.6-1 hostname_3.13 initscripts_2.88dsf-42 insserv_1.14.0-5 intltool-debian_0.35.0+20060710.1 libacl1_2.2.52-1 libapt-pkg4.12_0.9.9.1 libasan0_4.8.1-6 libasprintf0c2_0.18.2.1-1 libatomic1_4.8.1-6 libattr1_1:2.4.47-1 libblkid1_2.20.1-5.5 libbz2-1.0_1.0.6-4 libc-bin_2.17-7 libc-dev-bin_2.17-7 libc6_2.17-7 libc6-dev_2.17-7 libcap2_1:2.22-1.2 libclang-common-3.3-dev_1:3.3-3 libclang1-3.3_1:3.3-3 libclass-isa-perl_0.36-5 libcloog-isl4_0.18.0-2 libcloog-ppl1_0.16.1-3 libcomerr2_1.42.8-1 libcroco3_0.6.8-2 libdb5.1_5.1.29-6 libdpkg-perl_1.16.10 libelfg0_0.8.13-3 libexpat1_2.1.0-4 libffi6_3.0.13-4 libfile-fcntllock-perl_0.14-2 libgc1c2_1:7.2d-5 libgcc-4.7-dev_4.7.3-5 libgcc-4.8-dev_4.8.1-6 libgcc1_1:4.8.1-6 libgdbm3_1.8.3-12 libglib2.0-0_2.36.3-3 libglib2.0-bin_2.36.3-3 libglib2.0-data_2.36.3-3 libglib2.0-dev_2.36.3-3 libgmp10_2:5.1.2+dfsg-2 libgmpxx4ldbl_2:5.1.2+dfsg-2 libgomp1_4.8.1-6 libgpm2_1.20.4-6.1 libisl10_0.11.2-1 libitm1_4.8.1-6 libllvm3.3_1:3.3-3 liblocale-gettext-perl_1.05-7+b1 liblzma5_5.1.1alpha+20120614-2 libmagic1_1:5.14-2 libmount1_2.20.1-5.5 libmpc2_0.9-4 libmpc3_1.0.1-1 libmpfr4_3.1.1-1 libncurses5_5.9+20130608-1 libncursesw5_5.9+20130608-1 libobjc-4.7-dev_4.7.3-5 libobjc4_4.8.1-6 libpam-modules_1.1.3-9 libpam-modules-bin_1.1.3-9 libpam-runtime_1.1.3-9 libpam0g_1.1.3-9 libpcre3_1:8.31-2 libpcre3-dev_1:8.31-2 libpcrecpp0_1:8.31-2 libpipeline1_1.2.4-1 libpopt0_1.16-7 libppl-c4_1:1.0-7 libppl12_1:1.0-7 libpython-stdlib_2.7.5-2 libpython2.7-minimal_2.7.5-6 libpython2.7-stdlib_2.7.5-6 libquadmath0_4.8.1-6 libreadline6_6.2+dfsg-0.1 libselinux1_2.1.13-2 libsemanage-common_2.1.10-2 libsemanage1_2.1.10-2 libsepol1_2.1.9-2 libsigsegv2_2.10-2 libslang2_2.2.4-15 libsqlite3-0_3.7.17-1 libss2_1.42.8-1 libssl1.0.0_1.0.1e-3 libstdc++-4.8-dev_4.8.1-6 libstdc++6_4.8.1-6 libstdc++6-4.6-dev_4.6.4-4 libstdc++6-4.7-dev_4.7.3-5 libswitch-perl_2.16-2 libtext-charwidth-perl_0.04-7+b1 libtext-iconv-perl_1.7-5 libtext-wrapi18n-perl_0.06-7 libtimedate-perl_1.2000-1 libtinfo5_5.9+20130608-1 libtool_2.4.2-1.3 libtsan0_4.8.1-6 libunistring0_0.9.3-5 libusb-0.1-4_2:0.1.12-23.2 libustr-1.0-1_1.0.4-3 libuuid1_2.20.1-5.5 libxml2_2.9.1+dfsg1-2 libxml2-dev_2.9.1+dfsg1-2 libyajl-dev_2.0.4-4 libyajl2_2.0.4-4 linux-libc-dev_3.9.8-1 login_1:4.1.5.1-1 lsb-base_4.1+Debian12 m4_1.4.16-5 make_3.81-8.2 man-db_2.6.5-2 mawk_1.3.3-17 mime-support_3.54 mount_2.20.1-5.5 multiarch-support_2.17-7 ncurses-base_5.9+20130608-1 ncurses-bin_5.9+20130608-1 passwd_1:4.1.5.1-1 patch_2.7.1-3 perl_5.14.2-21 perl-base_5.14.2-21 perl-modules_5.14.2-21 pkg-config_0.26-1 po-debconf_1.0.16+nmu2 python_2.7.5-2 python-m2crypto_0.21.1-3 python-minimal_2.7.5-2 python-ply_3.4-3 python-pywbem_0.7.0-4 python-support_1.0.15 python2.7_2.7.5-6 python2.7-minimal_2.7.5-6 readline-common_6.2+dfsg-0.1 sbuild-build-depends-core-dummy_0.invalid.0 sbuild-build-depends-libstoragemgmt-dummy_0.invalid.0 sed_4.2.2-1 sensible-utils_0.0.9 sudo_1.8.5p2-1+nmu1 sysv-rc_2.88dsf-42 sysvinit_2.88dsf-42 sysvinit-utils_2.88dsf-42 tar_1.26+dfsg-6 tzdata_2013c-2 ucf_3.0027+nmu1 util-linux_2.20.1-5.5 vim_2:7.3.923-3 vim-common_2:7.3.923-3 vim-runtime_2:7.3.923-3 xz-utils_5.1.1alpha+20120614-2 zlib1g_1:1.2.8.dfsg-1 zlib1g-dev_1:1.2.8.dfsg-1

┌──────────────────────────────────────────────────────────────────────────────┐
│ Build                                                                        │
└──────────────────────────────────────────────────────────────────────────────┘


Unpack source
─────────────

gpgv: keyblock resource `/sbuild-nonexistent/.gnupg/trustedkeys.gpg': file open error
gpgv: Signature made Tue Jun 25 20:46:42 2013 UTC using RSA key ID F2E17569
gpgv: Can't check signature: public key not found
dpkg-source: warning: failed to verify signature on ./libstoragemgmt_0.0.20-1.dsc
dpkg-source: info: extracting libstoragemgmt in libstoragemgmt-0.0.20
dpkg-source: info: unpacking libstoragemgmt_0.0.20.orig.tar.gz
dpkg-source: info: unpacking libstoragemgmt_0.0.20-1.debian.tar.gz
dpkg-source: info: applying fix-build-lsm-tests.patch

Check disc space
────────────────

Sufficient free space for build

Hack binNMU version
───────────────────

Created changelog entry for binNMU version 0.0.20-1clang1

User Environment
────────────────

HOME=/sbuild-nonexistent
LOGNAME=user
PATH=/usr/local/sbin:/usr/local/bin:/usr/sbin:/usr/bin:/sbin:/bin:/usr/games
SCHROOT_ALIAS_NAME=unstable-amd64-sbuild
SCHROOT_CHROOT_NAME=unstable-amd64-sbuild
SCHROOT_COMMAND=env
SCHROOT_GID=1000
SCHROOT_GROUP=user
SCHROOT_SESSION_ID=unstable-amd64-sbuild-d575515b-0283-404d-8e21-fcfd87caf967
SCHROOT_UID=1000
SCHROOT_USER=user
SHELL=/bin/sh
USER=user

dpkg-buildpackage
─────────────────

dpkg-buildpackage: source package libstoragemgmt
dpkg-buildpackage: source version 0.0.20-1clang1
 dpkg-source --before-build libstoragemgmt-0.0.20
dpkg-buildpackage: host architecture amd64
 fakeroot debian/rules clean
dh clean --with python2
   dh_testdir
   dh_auto_clean
   dh_clean
 debian/rules build-arch
dh build-arch --with python2
   dh_testdir -a
   debian/rules override_dh_auto_configure
make[1]: Entering directory `/«PKGBUILDDIR»'
autoreconf -i
configure.ac:46: warning: AC_LANG_CONFTEST: no AC_LANG_SOURCE call detected in body
../../lib/autoconf/lang.m4:193: AC_LANG_CONFTEST is expanded from...
../../lib/autoconf/general.m4:2661: _AC_LINK_IFELSE is expanded from...
../../lib/autoconf/general.m4:2678: AC_LINK_IFELSE is expanded from...
m4/libtool.m4:1022: _LT_SYS_MODULE_PATH_AIX is expanded from...
m4/libtool.m4:4161: _LT_LINKER_SHLIBS is expanded from...
m4/libtool.m4:5236: _LT_LANG_C_CONFIG is expanded from...
m4/libtool.m4:138: _LT_SETUP is expanded from...
m4/libtool.m4:67: LT_INIT is expanded from...
m4/libtool.m4:103: AM_PROG_LIBTOOL is expanded from...
configure.ac:46: the top level
configure.ac:46: warning: AC_LANG_CONFTEST: no AC_LANG_SOURCE call detected in body
../../lib/autoconf/lang.m4:193: AC_LANG_CONFTEST is expanded from...
../../lib/autoconf/general.m4:2661: _AC_LINK_IFELSE is expanded from...
../../lib/autoconf/general.m4:2678: AC_LINK_IFELSE is expanded from...
m4/libtool.m4:4161: _LT_LINKER_SHLIBS is expanded from...
m4/libtool.m4:5236: _LT_LANG_C_CONFIG is expanded from...
m4/libtool.m4:138: _LT_SETUP is expanded from...
m4/libtool.m4:67: LT_INIT is expanded from...
m4/libtool.m4:103: AM_PROG_LIBTOOL is expanded from...
configure.ac:46: the top level
configure.ac:46: warning: AC_LANG_CONFTEST: no AC_LANG_SOURCE call detected in body
../../lib/autoconf/lang.m4:193: AC_LANG_CONFTEST is expanded from...
../../lib/autoconf/general.m4:2661: _AC_LINK_IFELSE is expanded from...
../../lib/autoconf/general.m4:2678: AC_LINK_IFELSE is expanded from...
m4/libtool.m4:1022: _LT_SYS_MODULE_PATH_AIX is expanded from...
m4/libtool.m4:5343: _LT_LANG_CXX_CONFIG is expanded from...
m4/libtool.m4:785: _LT_LANG is expanded from...
m4/libtool.m4:768: LT_LANG is expanded from...
m4/libtool.m4:796: _LT_LANG_DEFAULT_CONFIG is expanded from...
m4/libtool.m4:138: _LT_SETUP is expanded from...
m4/libtool.m4:67: LT_INIT is expanded from...
m4/libtool.m4:103: AM_PROG_LIBTOOL is expanded from...
configure.ac:46: the top level
configure.ac:46: warning: AC_LANG_CONFTEST: no AC_LANG_SOURCE call detected in body
../../lib/autoconf/lang.m4:193: AC_LANG_CONFTEST is expanded from...
../../lib/autoconf/general.m4:2661: _AC_LINK_IFELSE is expanded from...
../../lib/autoconf/general.m4:2678: AC_LINK_IFELSE is expanded from...
m4/libtool.m4:1022: _LT_SYS_MODULE_PATH_AIX is expanded from...
m4/libtool.m4:4161: _LT_LINKER_SHLIBS is expanded from...
m4/libtool.m4:5236: _LT_LANG_C_CONFIG is expanded from...
m4/libtool.m4:138: _LT_SETUP is expanded from...
m4/libtool.m4:67: LT_INIT is expanded from...
m4/libtool.m4:103: AM_PROG_LIBTOOL is expanded from...
configure.ac:46: the top level
configure.ac:46: warning: AC_LANG_CONFTEST: no AC_LANG_SOURCE call detected in body
../../lib/autoconf/lang.m4:193: AC_LANG_CONFTEST is expanded from...
../../lib/autoconf/general.m4:2661: _AC_LINK_IFELSE is expanded from...
../../lib/autoconf/general.m4:2678: AC_LINK_IFELSE is expanded from...
m4/libtool.m4:4161: _LT_LINKER_SHLIBS is expanded from...
m4/libtool.m4:5236: _LT_LANG_C_CONFIG is expanded from...
m4/libtool.m4:138: _LT_SETUP is expanded from...
m4/libtool.m4:67: LT_INIT is expanded from...
m4/libtool.m4:103: AM_PROG_LIBTOOL is expanded from...
configure.ac:46: the top level
configure.ac:46: warning: AC_LANG_CONFTEST: no AC_LANG_SOURCE call detected in body
../../lib/autoconf/lang.m4:193: AC_LANG_CONFTEST is expanded from...
../../lib/autoconf/general.m4:2661: _AC_LINK_IFELSE is expanded from...
../../lib/autoconf/general.m4:2678: AC_LINK_IFELSE is expanded from...
m4/libtool.m4:1022: _LT_SYS_MODULE_PATH_AIX is expanded from...
m4/libtool.m4:5343: _LT_LANG_CXX_CONFIG is expanded from...
m4/libtool.m4:785: _LT_LANG is expanded from...
m4/libtool.m4:768: LT_LANG is expanded from...
m4/libtool.m4:796: _LT_LANG_DEFAULT_CONFIG is expanded from...
m4/libtool.m4:138: _LT_SETUP is expanded from...
m4/libtool.m4:67: LT_INIT is expanded from...
m4/libtool.m4:103: AM_PROG_LIBTOOL is expanded from...
configure.ac:46: the top level
configure.ac:46: warning: AC_LANG_CONFTEST: no AC_LANG_SOURCE call detected in body
../../lib/autoconf/lang.m4:193: AC_LANG_CONFTEST is expanded from...
../../lib/autoconf/general.m4:2661: _AC_LINK_IFELSE is expanded from...
../../lib/autoconf/general.m4:2678: AC_LINK_IFELSE is expanded from...
m4/libtool.m4:1022: _LT_SYS_MODULE_PATH_AIX is expanded from...
m4/libtool.m4:4161: _LT_LINKER_SHLIBS is expanded from...
m4/libtool.m4:5236: _LT_LANG_C_CONFIG is expanded from...
m4/libtool.m4:138: _LT_SETUP is expanded from...
m4/libtool.m4:67: LT_INIT is expanded from...
m4/libtool.m4:103: AM_PROG_LIBTOOL is expanded from...
configure.ac:46: the top level
configure.ac:46: warning: AC_LANG_CONFTEST: no AC_LANG_SOURCE call detected in body
../../lib/autoconf/lang.m4:193: AC_LANG_CONFTEST is expanded from...
../../lib/autoconf/general.m4:2661: _AC_LINK_IFELSE is expanded from...
../../lib/autoconf/general.m4:2678: AC_LINK_IFELSE is expanded from...
m4/libtool.m4:4161: _LT_LINKER_SHLIBS is expanded from...
m4/libtool.m4:5236: _LT_LANG_C_CONFIG is expanded from...
m4/libtool.m4:138: _LT_SETUP is expanded from...
m4/libtool.m4:67: LT_INIT is expanded from...
m4/libtool.m4:103: AM_PROG_LIBTOOL is expanded from...
configure.ac:46: the top level
configure.ac:46: warning: AC_LANG_CONFTEST: no AC_LANG_SOURCE call detected in body
../../lib/autoconf/lang.m4:193: AC_LANG_CONFTEST is expanded from...
../../lib/autoconf/general.m4:2661: _AC_LINK_IFELSE is expanded from...
../../lib/autoconf/general.m4:2678: AC_LINK_IFELSE is expanded from...
m4/libtool.m4:1022: _LT_SYS_MODULE_PATH_AIX is expanded from...
m4/libtool.m4:5343: _LT_LANG_CXX_CONFIG is expanded from...
m4/libtool.m4:785: _LT_LANG is expanded from...
m4/libtool.m4:768: LT_LANG is expanded from...
m4/libtool.m4:796: _LT_LANG_DEFAULT_CONFIG is expanded from...
m4/libtool.m4:138: _LT_SETUP is expanded from...
m4/libtool.m4:67: LT_INIT is expanded from...
m4/libtool.m4:103: AM_PROG_LIBTOOL is expanded from...
configure.ac:46: the top level
libtoolize: putting auxiliary files in AC_CONFIG_AUX_DIR, `build-aux'.
libtoolize: copying file `build-aux/ltmain.sh'
libtoolize: putting macros in AC_CONFIG_MACRO_DIR, `m4'.
libtoolize: copying file `m4/libtool.m4'
libtoolize: copying file `m4/ltoptions.m4'
libtoolize: copying file `m4/ltversion.m4'
libtoolize: copying file `m4/lt~obsolete.m4'
plugin/Makefile.am:1: warning: 'INCLUDES' is the old name for 'AM_CPPFLAGS' (or '*_CPPFLAGS')
src/Makefile.am:1: warning: 'INCLUDES' is the old name for 'AM_CPPFLAGS' (or '*_CPPFLAGS')
test/Makefile.am:1: warning: 'INCLUDES' is the old name for 'AM_CPPFLAGS' (or '*_CPPFLAGS')
parallel-tests: installing 'build-aux/test-driver'
tools/lsmcli/Makefile.am:1: warning: 'INCLUDES' is the old name for 'AM_CPPFLAGS' (or '*_CPPFLAGS')
./configure --disable-smis-cpp --prefix=/usr
configure: WARNING: unrecognized options: --disable-smis-cpp
checking for a BSD-compatible install... /usr/bin/install -c
checking whether build environment is sane... yes
/«PKGBUILDDIR»/build-aux/missing: Unknown `--is-lightweight' option
Try `/«PKGBUILDDIR»/build-aux/missing --help' for more information
configure: WARNING: 'missing' script is too old or missing
checking for a thread-safe mkdir -p... /bin/mkdir -p
checking for gawk... no
checking for mawk... mawk
checking whether make sets $(MAKE)... yes
checking whether make supports nested variables... yes
checking whether to enable maintainer-specific portions of Makefiles... yes
checking whether make supports nested variables... (cached) yes
checking for pkg-config... /usr/bin/pkg-config
checking pkg-config is at least version 0.9.0... yes
checking build system type... x86_64-unknown-linux-gnu
checking host system type... x86_64-unknown-linux-gnu
checking for gcc... gcc
checking whether the C compiler works... yes
checking for C compiler default output file name... a.out
checking for suffix of executables... 
checking whether we are cross compiling... no
checking for suffix of object files... o
checking whether we are using the GNU C compiler... yes
checking whether gcc accepts -g... yes
checking for gcc option to accept ISO C89... none needed
checking for style of include used by make... GNU
checking dependency style of gcc... gcc3
checking for g++... g++
checking whether we are using the GNU C++ compiler... yes
checking whether g++ accepts -g... yes
checking dependency style of g++... gcc3
checking for gawk... (cached) mawk
checking whether ln -s works... yes
checking whether make sets $(MAKE)... (cached) yes
checking how to run the C preprocessor... gcc -E
checking for gcc... (cached) gcc
checking whether we are using the GNU C compiler... (cached) yes
checking whether gcc accepts -g... (cached) yes
checking for gcc option to accept ISO C89... (cached) none needed
checking dependency style of gcc... (cached) gcc3
checking how to print strings... printf
checking for a sed that does not truncate output... /bin/sed
checking for grep that handles long lines and -e... /bin/grep
checking for egrep... /bin/grep -E
checking for fgrep... /bin/grep -F
checking for ld used by gcc... /usr/bin/ld
checking if the linker (/usr/bin/ld) is GNU ld... yes
checking for BSD- or MS-compatible name lister (nm)... /usr/bin/nm -B
checking the name lister (/usr/bin/nm -B) interface... BSD nm
checking the maximum length of command line arguments... 3458764513820540925
checking whether the shell understands some XSI constructs... yes
checking whether the shell understands "+="... yes
checking how to convert x86_64-unknown-linux-gnu file names to x86_64-unknown-linux-gnu format... func_convert_file_noop
checking how to convert x86_64-unknown-linux-gnu file names to toolchain format... func_convert_file_noop
checking for /usr/bin/ld option to reload object files... -r
checking for objdump... objdump
checking how to recognize dependent libraries... pass_all
checking for dlltool... no
checking how to associate runtime and link libraries... printf %s\n
checking for ar... ar
checking for archiver @FILE support... @
checking for strip... strip
checking for ranlib... ranlib
checking command to parse /usr/bin/nm -B output from gcc object... ok
checking for sysroot... no
checking for mt... no
checking if : is a manifest tool... no
checking for ANSI C header files... yes
checking for sys/types.h... yes
checking for sys/stat.h... yes
checking for stdlib.h... yes
checking for string.h... yes
checking for memory.h... yes
checking for strings.h... yes
checking for inttypes.h... yes
checking for stdint.h... yes
checking for unistd.h... yes
checking for dlfcn.h... yes
checking for objdir... .libs
checking if gcc supports -fno-rtti -fno-exceptions... yes
checking for gcc option to produce PIC... -fPIC -DPIC
checking if gcc PIC flag -fPIC -DPIC works... yes
checking if gcc static flag -static works... no
checking if gcc supports -c -o file.o... yes
checking if gcc supports -c -o file.o... (cached) yes
checking whether the gcc linker (/usr/bin/ld -m elf_x86_64) supports shared libraries... yes
checking whether -lc should be explicitly linked in... no
checking dynamic linker characteristics... GNU/Linux ld.so
checking how to hardcode library paths into programs... immediate
checking whether stripping libraries is possible... yes
checking if libtool supports shared libraries... yes
checking whether to build shared libraries... yes
checking whether to build static libraries... yes
checking how to run the C++ preprocessor... g++ -E
checking for ld used by g++... /usr/bin/ld -m elf_x86_64
checking if the linker (/usr/bin/ld -m elf_x86_64) is GNU ld... yes
checking whether the g++ linker (/usr/bin/ld -m elf_x86_64) supports shared libraries... yes
checking for g++ option to produce PIC... -fPIC -DPIC
checking if g++ PIC flag -fPIC -DPIC works... yes
checking if g++ static flag -static works... no
checking if g++ supports -c -o file.o... yes
checking if g++ supports -c -o file.o... (cached) yes
checking whether the g++ linker (/usr/bin/ld -m elf_x86_64) supports shared libraries... yes
checking dynamic linker characteristics... (cached) GNU/Linux ld.so
checking how to hardcode library paths into programs... immediate
checking whether gcc and cc understand -c and -o together... yes
checking for ld used by gcc... (cached) /usr/bin/ld
checking if the linker (/usr/bin/ld) is GNU ld... (cached) yes
checking for stdint.h... (cached) yes
checking for stdlib.h... (cached) yes
checking for string.h... (cached) yes
checking sys/socket.h usability... yes
checking sys/socket.h presence... yes
checking for sys/socket.h... yes
checking syslog.h usability... yes
checking syslog.h presence... yes
checking for syslog.h... yes
checking for unistd.h... (cached) yes
checking for stdbool.h that conforms to C99... yes
checking for _Bool... yes
checking for int32_t... yes
checking for int64_t... yes
checking for size_t... yes
checking for ssize_t... yes
checking for uint32_t... yes
checking for uint64_t... yes
checking for uint8_t... yes
checking for error_at_line... yes
checking for stdlib.h... (cached) yes
checking for GNU libc compatible malloc... yes
checking for stdlib.h... (cached) yes
checking for GNU libc compatible realloc... yes
checking for getpass... yes
checking for memset... yes
checking for socket... yes
checking for strchr... yes
checking for strdup... yes
checking for strtol... yes
checking for strtoul... yes
checking for dlfcn.h... (cached) yes
checking yajl/yajl_gen.h usability... yes
checking yajl/yajl_gen.h presence... yes
checking for yajl/yajl_gen.h... yes
checking yajl/yajl_parse.h usability... yes
checking yajl/yajl_parse.h presence... yes
checking for yajl/yajl_parse.h... yes
checking yajl/yajl_version.h usability... yes
checking yajl/yajl_version.h presence... yes
checking for yajl/yajl_version.h... yes
checking for yajl_parse in -lyajl... yes
checking for LIBXML... yes
checking for LIBGLIB... yes
checking for LIBCHECK... yes
checking for a Python interpreter with version >= 2.6... python
checking for python... /usr/bin/python
checking for python version... 2.7
checking for python platform... linux2
checking for python script directory... ${prefix}/lib/python2.7/dist-packages
checking for python extension module directory... ${exec_prefix}/lib/python2.7/dist-packages
checking python module: pywbem... yes
checking python module: M2Crypto... yes
checking for pkg-config... (cached) /usr/bin/pkg-config
checking pkg-config is at least version 0.9.0... yes
checking that generated files are newer than configure... done
configure: creating ./config.status
config.status: creating libstoragemgmt.pc
config.status: creating libstoragemgmt.spec
config.status: creating Makefile
config.status: creating src/Makefile
config.status: creating plugin/Makefile
config.status: creating doc/Makefile
config.status: creating doc/man/lsmcli.1
config.status: creating doc/man/lsmd.1
config.status: creating doc/doxygen.conf
config.status: creating tools/Makefile
config.status: creating tools/lsmcli/Makefile
config.status: creating include/Makefile
config.status: creating include/libstoragemgmt/Makefile
config.status: creating include/libstoragemgmt/libstoragemgmt_version.h
config.status: creating lsm/Makefile
config.status: creating lsm/lsm/version.py
config.status: creating tools/lsmclipy/Makefile
config.status: creating packaging/Makefile
config.status: creating packaging/daemon/Makefile
config.status: creating doc/man/Makefile
config.status: creating test/Makefile
config.status: creating config.h
config.status: executing depfiles commands
config.status: executing libtool commands
configure: WARNING: unrecognized options: --disable-smis-cpp
make[1]: Leaving directory `/«PKGBUILDDIR»'
   dh_auto_build -a
make[1]: Entering directory `/«PKGBUILDDIR»'
make  all-recursive
make[2]: Entering directory `/«PKGBUILDDIR»'
Making all in src
make[3]: Entering directory `/«PKGBUILDDIR»/src'
  CXX      lsm_mgmt.lo
  CXX      lsm_datatypes.lo
  CXX      lsm_convert.lo
  CXX      lsm_ipc.lo
  CXX      lsm_plugin_ipc.lo
  CXXLD    libstoragemgmt.la
  CC       lsm_daemon.o
  CCLD     lsmd
make[3]: Leaving directory `/«PKGBUILDDIR»/src'
Making all in plugin
make[3]: Entering directory `/«PKGBUILDDIR»/plugin'
  CC       simc_lsmplugin.o
  CCLD     simc_lsmplugin
make[3]: Leaving directory `/«PKGBUILDDIR»/plugin'
Making all in doc
make[3]: Entering directory `/«PKGBUILDDIR»/doc'
Making all in man
make[4]: Entering directory `/«PKGBUILDDIR»/doc/man'
make[4]: Nothing to be done for `all'.
make[4]: Leaving directory `/«PKGBUILDDIR»/doc/man'
make[4]: Entering directory `/«PKGBUILDDIR»/doc'
make[4]: Nothing to be done for `all-am'.
make[4]: Leaving directory `/«PKGBUILDDIR»/doc'
make[3]: Leaving directory `/«PKGBUILDDIR»/doc'
Making all in include
make[3]: Entering directory `/«PKGBUILDDIR»/include'
Making all in libstoragemgmt
make[4]: Entering directory `/«PKGBUILDDIR»/include/libstoragemgmt'
make[4]: Nothing to be done for `all'.
make[4]: Leaving directory `/«PKGBUILDDIR»/include/libstoragemgmt'
make[4]: Entering directory `/«PKGBUILDDIR»/include'
make[4]: Nothing to be done for `all-am'.
make[4]: Leaving directory `/«PKGBUILDDIR»/include'
make[3]: Leaving directory `/«PKGBUILDDIR»/include'
Making all in tools
make[3]: Entering directory `/«PKGBUILDDIR»/tools'
Making all in lsmcli
make[4]: Entering directory `/«PKGBUILDDIR»/tools/lsmcli'
  CXX      lsmcli.o
  CXX      arguments.o
  CXX      lsmcli_func.o
lsmcli_func.cpp:182:42: warning: format specifies type 'int' but the argument has type 'const char *' [-Wformat]
            printf(format, "ID", "Name", "Type");
                   ~~~~~~                ^~~~~~
lsmcli_func.cpp:174:38: note: format string is defined here
    const char format[] = "%-40s%-16s%-5d\n";
                                     ^~~~
                                     %-5s
1 warning generated.
  CXXLD    lsmcli
make[4]: Leaving directory `/«PKGBUILDDIR»/tools/lsmcli'
Making all in lsmclipy
make[4]: Entering directory `/«PKGBUILDDIR»/tools/lsmclipy'
make[4]: Nothing to be done for `all'.
make[4]: Leaving directory `/«PKGBUILDDIR»/tools/lsmclipy'
make[4]: Entering directory `/«PKGBUILDDIR»/tools'
make[4]: Nothing to be done for `all-am'.
make[4]: Leaving directory `/«PKGBUILDDIR»/tools'
make[3]: Leaving directory `/«PKGBUILDDIR»/tools'
Making all in lsm
make[3]: Entering directory `/«PKGBUILDDIR»/lsm'
make[3]: Nothing to be done for `all'.
make[3]: Leaving directory `/«PKGBUILDDIR»/lsm'
Making all in packaging
make[3]: Entering directory `/«PKGBUILDDIR»/packaging'
Making all in daemon
make[4]: Entering directory `/«PKGBUILDDIR»/packaging/daemon'
make[4]: Nothing to be done for `all'.
make[4]: Leaving directory `/«PKGBUILDDIR»/packaging/daemon'
make[4]: Entering directory `/«PKGBUILDDIR»/packaging'
make[4]: Nothing to be done for `all-am'.
make[4]: Leaving directory `/«PKGBUILDDIR»/packaging'
make[3]: Leaving directory `/«PKGBUILDDIR»/packaging'
Making all in test
make[3]: Entering directory `/«PKGBUILDDIR»/test'
make[3]: Nothing to be done for `all'.
make[3]: Leaving directory `/«PKGBUILDDIR»/test'
make[3]: Entering directory `/«PKGBUILDDIR»'
make[3]: Leaving directory `/«PKGBUILDDIR»'
make[2]: Leaving directory `/«PKGBUILDDIR»'
make[1]: Leaving directory `/«PKGBUILDDIR»'
   dh_auto_test -a
make[1]: Entering directory `/«PKGBUILDDIR»'
Making check in src
make[2]: Entering directory `/«PKGBUILDDIR»/src'
make[2]: Nothing to be done for `check'.
make[2]: Leaving directory `/«PKGBUILDDIR»/src'
Making check in plugin
make[2]: Entering directory `/«PKGBUILDDIR»/plugin'
make[2]: Nothing to be done for `check'.
make[2]: Leaving directory `/«PKGBUILDDIR»/plugin'
Making check in doc
make[2]: Entering directory `/«PKGBUILDDIR»/doc'
Making check in man
make[3]: Entering directory `/«PKGBUILDDIR»/doc/man'
make[3]: Nothing to be done for `check'.
make[3]: Leaving directory `/«PKGBUILDDIR»/doc/man'
make[3]: Entering directory `/«PKGBUILDDIR»/doc'
make[3]: Nothing to be done for `check-am'.
make[3]: Leaving directory `/«PKGBUILDDIR»/doc'
make[2]: Leaving directory `/«PKGBUILDDIR»/doc'
Making check in include
make[2]: Entering directory `/«PKGBUILDDIR»/include'
Making check in libstoragemgmt
make[3]: Entering directory `/«PKGBUILDDIR»/include/libstoragemgmt'
make[3]: Nothing to be done for `check'.
make[3]: Leaving directory `/«PKGBUILDDIR»/include/libstoragemgmt'
make[3]: Entering directory `/«PKGBUILDDIR»/include'
make[3]: Nothing to be done for `check-am'.
make[3]: Leaving directory `/«PKGBUILDDIR»/include'
make[2]: Leaving directory `/«PKGBUILDDIR»/include'
Making check in tools
make[2]: Entering directory `/«PKGBUILDDIR»/tools'
Making check in lsmcli
make[3]: Entering directory `/«PKGBUILDDIR»/tools/lsmcli'
make[3]: Nothing to be done for `check'.
make[3]: Leaving directory `/«PKGBUILDDIR»/tools/lsmcli'
Making check in lsmclipy
make[3]: Entering directory `/«PKGBUILDDIR»/tools/lsmclipy'
make[3]: Nothing to be done for `check'.
make[3]: Leaving directory `/«PKGBUILDDIR»/tools/lsmclipy'
make[3]: Entering directory `/«PKGBUILDDIR»/tools'
make[3]: Nothing to be done for `check-am'.
make[3]: Leaving directory `/«PKGBUILDDIR»/tools'
make[2]: Leaving directory `/«PKGBUILDDIR»/tools'
Making check in lsm
make[2]: Entering directory `/«PKGBUILDDIR»/lsm'
make[2]: Nothing to be done for `check'.
make[2]: Leaving directory `/«PKGBUILDDIR»/lsm'
Making check in packaging
make[2]: Entering directory `/«PKGBUILDDIR»/packaging'
Making check in daemon
make[3]: Entering directory `/«PKGBUILDDIR»/packaging/daemon'
make[3]: Nothing to be done for `check'.
make[3]: Leaving directory `/«PKGBUILDDIR»/packaging/daemon'
make[3]: Entering directory `/«PKGBUILDDIR»/packaging'
make[3]: Nothing to be done for `check-am'.
make[3]: Leaving directory `/«PKGBUILDDIR»/packaging'
make[2]: Leaving directory `/«PKGBUILDDIR»/packaging'
Making check in test
make[2]: Entering directory `/«PKGBUILDDIR»/test'
make  tester
make[3]: Entering directory `/«PKGBUILDDIR»/test'
  CC       tester-tester.o
  CCLD     tester
make[3]: Leaving directory `/«PKGBUILDDIR»/test'
make  check-TESTS
make[3]: Entering directory `/«PKGBUILDDIR»/test'
make[4]: Entering directory `/«PKGBUILDDIR»/test'
make: *** [build-arch] Terminated
make[1]: *** [check-recursive] Terminated
make[4]: *** Deleting file `runtests.sh.log'
make[4]: *** wait: No child processes.  Stop.
make[4]: *** Waiting for unfinished jobs....
make[4]: *** wait: No child processes.  Stop.
Terminated
make[3]: *** wait: No child processes.  Stop.
make[3]: *** Waiting for unfinished jobs....
make[3]: *** wait: No child processes.  Stop.
make[2]: *** [check-am] Error 2
E: Caught signal ‘Terminated’: terminating immediately
Build killed with signal TERM after 60 minutes of inactivity
────────────────────────────────────────────────────────────────────────────────
Build finished at 20130715-1536

Finished
────────

E: Build failure (dpkg-buildpackage died)

┌──────────────────────────────────────────────────────────────────────────────┐
│ Cleanup                                                                      │
└──────────────────────────────────────────────────────────────────────────────┘

Purging /«BUILDDIR»
Not cleaning session: cloned chroot in use

┌──────────────────────────────────────────────────────────────────────────────┐
│ Summary                                                                      │
└──────────────────────────────────────────────────────────────────────────────┘

Build Architecture: amd64
Build-Space: 26396
Build-Time: 3666
Distribution: unstable
Fail-Stage: build
Host Architecture: amd64
Install-Time: 15
Job: libstoragemgmt_0.0.20-1
Machine Architecture: amd64
Package: libstoragemgmt
Package-Time: 3731
Source-Version: 0.0.20-1
Space: 26396
Status: attempted
Version: 0.0.20-1clang1
────────────────────────────────────────────────────────────────────────────────
Finished at 20130715-1536
Build needed 01:02:11, 26396k disc space
DC-Status: Failed 3736.835431034s
DC-Time-Estimation: 3736.835431034 versus expected 1 (r/m: 3735.835431034 ; m: 1.0)
