DC-Build-Header: mp3fs 0.31-28-g7b30a54-1 / 2013-07-17 19:03:45 +0000
DC-Task: source:mp3fs version:0.31-28-g7b30a54-1 architecture:any chroot:unstable esttime:54 logfile:/tmp/mp3fs_0.31-28-g7b30a54-1_unstable_clang.log modes:binary-only:clang
DC-Sbuild-call: su user -c 'sbuild -n --apt-update -d unstable -v  --chroot-setup-commands=/tmp/switch-to-clang --append-to-version "clang1" --maintainer "Lucas Nussbaum <lucas@debian.org>" --uploader "Lucas Nussbaum <lucas@debian.org>" mp3fs_0.31-28-g7b30a54-1'
sbuild (Debian sbuild) 0.63.2 (18 Aug 2012) on ip-10-232-71-159.ec2.internal

╔══════════════════════════════════════════════════════════════════════════════╗
║ mp3fs 0.31-28-g7b30a54-1clang1 (amd64)                     17 Jul 2013 19:03 ║
╚══════════════════════════════════════════════════════════════════════════════╝

Package: mp3fs
Version: 0.31-28-g7b30a54-1clang1
Source Version: 0.31-28-g7b30a54-1
Distribution: unstable
Machine Architecture: amd64
Host Architecture: amd64
Build Architecture: amd64

I: NOTICE: Log filtering will replace 'build/mp3fs-prVvl_/mp3fs-0.31-28-g7b30a54' with '«PKGBUILDDIR»'
I: NOTICE: Log filtering will replace 'build/mp3fs-prVvl_' with '«BUILDDIR»'
I: NOTICE: Log filtering will replace 'var/lib/schroot/mount/unstable-amd64-sbuild-87cea500-9555-4830-bb25-2fa6b2ce901a' with '«CHROOT»'

┌──────────────────────────────────────────────────────────────────────────────┐
│ Update chroot                                                                │
└──────────────────────────────────────────────────────────────────────────────┘

Get:1 http://localhost:9999 unstable InRelease [204 kB]
Get:2 http://localhost:9999 unstable/main Sources/DiffIndex [7876 B]
Get:3 http://localhost:9999 unstable/main amd64 Packages/DiffIndex [7876 B]
Get:4 http://localhost:9999 unstable/main Translation-en/DiffIndex [7876 B]
Get:5 http://localhost:9999 unstable/main 2013-07-13-2032.15.pdiff [23.1 kB]
Get:6 http://localhost:9999 unstable/main amd64 2013-07-13-2032.15.pdiff [16.9 kB]
Get:7 http://localhost:9999 unstable/main 2013-07-13-2032.15.pdiff [23.1 kB]
Get:8 http://localhost:9999 unstable/main 2013-07-13-2032.15.pdiff [1809 B]
Get:9 http://localhost:9999 unstable/main amd64 2013-07-13-2032.15.pdiff [16.9 kB]
Get:10 http://localhost:9999 unstable/main 2013-07-14-0231.07.pdiff [12.9 kB]
Get:11 http://localhost:9999 unstable/main 2013-07-13-2032.15.pdiff [1809 B]
Get:12 http://localhost:9999 unstable/main amd64 2013-07-14-0231.07.pdiff [14.9 kB]
Get:13 http://localhost:9999 unstable/main 2013-07-14-0231.07.pdiff [12.9 kB]
Get:14 http://localhost:9999 unstable/main 2013-07-14-0231.07.pdiff [1384 B]
Get:15 http://localhost:9999 unstable/main amd64 2013-07-14-0231.07.pdiff [14.9 kB]
Get:16 http://localhost:9999 unstable/main 2013-07-14-0832.16.pdiff [4670 B]
Get:17 http://localhost:9999 unstable/main 2013-07-14-0231.07.pdiff [1384 B]
Get:18 http://localhost:9999 unstable/main amd64 2013-07-14-0832.16.pdiff [1624 B]
Get:19 http://localhost:9999 unstable/main 2013-07-14-0832.16.pdiff [4670 B]
Get:20 http://localhost:9999 unstable/main 2013-07-14-0832.16.pdiff [337 B]
Get:21 http://localhost:9999 unstable/main amd64 2013-07-14-0832.16.pdiff [1624 B]
Get:22 http://localhost:9999 unstable/main 2013-07-14-1431.18.pdiff [11.4 kB]
Get:23 http://localhost:9999 unstable/main 2013-07-14-0832.16.pdiff [337 B]
Get:24 http://localhost:9999 unstable/main amd64 2013-07-14-1431.18.pdiff [8223 B]
Get:25 http://localhost:9999 unstable/main 2013-07-14-1431.18.pdiff [11.4 kB]
Get:26 http://localhost:9999 unstable/main 2013-07-14-1431.18.pdiff [887 B]
Get:27 http://localhost:9999 unstable/main amd64 2013-07-14-1431.18.pdiff [8223 B]
Get:28 http://localhost:9999 unstable/main 2013-07-14-2031.21.pdiff [9038 B]
Get:29 http://localhost:9999 unstable/main 2013-07-14-1431.18.pdiff [887 B]
Get:30 http://localhost:9999 unstable/main amd64 2013-07-14-2031.21.pdiff [9955 B]
Get:31 http://localhost:9999 unstable/main 2013-07-14-2031.21.pdiff [9038 B]
Get:32 http://localhost:9999 unstable/main 2013-07-14-2031.21.pdiff [2736 B]
Get:33 http://localhost:9999 unstable/main amd64 2013-07-14-2031.21.pdiff [9955 B]
Get:34 http://localhost:9999 unstable/main 2013-07-15-0229.01.pdiff [9715 B]
Get:35 http://localhost:9999 unstable/main 2013-07-14-2031.21.pdiff [2736 B]
Get:36 http://localhost:9999 unstable/main amd64 2013-07-15-0229.01.pdiff [12.7 kB]
Get:37 http://localhost:9999 unstable/main 2013-07-15-0229.01.pdiff [9715 B]
Get:38 http://localhost:9999 unstable/main 2013-07-15-0229.01.pdiff [2239 B]
Get:39 http://localhost:9999 unstable/main amd64 2013-07-15-0229.01.pdiff [12.7 kB]
Get:40 http://localhost:9999 unstable/main 2013-07-15-0830.19.pdiff [3273 B]
Get:41 http://localhost:9999 unstable/main 2013-07-15-0229.01.pdiff [2239 B]
Get:42 http://localhost:9999 unstable/main amd64 2013-07-15-0830.19.pdiff [3964 B]
Get:43 http://localhost:9999 unstable/main 2013-07-15-0830.19.pdiff [3273 B]
Get:44 http://localhost:9999 unstable/main 2013-07-15-0830.19.pdiff [1357 B]
Get:45 http://localhost:9999 unstable/main amd64 2013-07-15-0830.19.pdiff [3964 B]
Get:46 http://localhost:9999 unstable/main 2013-07-15-1432.36.pdiff [5326 B]
Get:47 http://localhost:9999 unstable/main 2013-07-15-0830.19.pdiff [1357 B]
Get:48 http://localhost:9999 unstable/main amd64 2013-07-15-1432.36.pdiff [9809 B]
Get:49 http://localhost:9999 unstable/main 2013-07-15-1432.36.pdiff [5326 B]
Get:50 http://localhost:9999 unstable/main 2013-07-15-1432.36.pdiff [322 B]
Get:51 http://localhost:9999 unstable/main amd64 2013-07-15-1432.36.pdiff [9809 B]
Get:52 http://localhost:9999 unstable/main 2013-07-15-2031.50.pdiff [12.2 kB]
Get:53 http://localhost:9999 unstable/main 2013-07-15-1432.36.pdiff [322 B]
Get:54 http://localhost:9999 unstable/main amd64 2013-07-15-2031.50.pdiff [24.4 kB]
Get:55 http://localhost:9999 unstable/main 2013-07-15-2031.50.pdiff [12.2 kB]
Get:56 http://localhost:9999 unstable/main 2013-07-15-2031.50.pdiff [537 B]
Get:57 http://localhost:9999 unstable/main amd64 2013-07-15-2031.50.pdiff [24.4 kB]
Get:58 http://localhost:9999 unstable/main 2013-07-16-0233.12.pdiff [14.8 kB]
Get:59 http://localhost:9999 unstable/main 2013-07-15-2031.50.pdiff [537 B]
Get:60 http://localhost:9999 unstable/main amd64 2013-07-16-0233.12.pdiff [49.5 kB]
Get:61 http://localhost:9999 unstable/main 2013-07-16-0233.12.pdiff [14.8 kB]
Get:62 http://localhost:9999 unstable/main 2013-07-16-0233.12.pdiff [3247 B]
Get:63 http://localhost:9999 unstable/main amd64 2013-07-16-0233.12.pdiff [49.5 kB]
Get:64 http://localhost:9999 unstable/main 2013-07-16-0834.41.pdiff [7447 B]
Get:65 http://localhost:9999 unstable/main 2013-07-16-0233.12.pdiff [3247 B]
Get:66 http://localhost:9999 unstable/main amd64 2013-07-16-0834.41.pdiff [4493 B]
Get:67 http://localhost:9999 unstable/main 2013-07-16-0834.41.pdiff [7447 B]
Get:68 http://localhost:9999 unstable/main 2013-07-16-0834.41.pdiff [5852 B]
Get:69 http://localhost:9999 unstable/main amd64 2013-07-16-0834.41.pdiff [4493 B]
Get:70 http://localhost:9999 unstable/main 2013-07-16-1433.54.pdiff [21.2 kB]
Get:71 http://localhost:9999 unstable/main 2013-07-16-0834.41.pdiff [5852 B]
Get:72 http://localhost:9999 unstable/main amd64 2013-07-16-1433.54.pdiff [19.3 kB]
Get:73 http://localhost:9999 unstable/main 2013-07-16-1433.54.pdiff [21.2 kB]
Get:74 http://localhost:9999 unstable/main 2013-07-16-1433.54.pdiff [1941 B]
Get:75 http://localhost:9999 unstable/main amd64 2013-07-16-1433.54.pdiff [19.3 kB]
Get:76 http://localhost:9999 unstable/main 2013-07-16-2046.09.pdiff [19.4 kB]
Get:77 http://localhost:9999 unstable/main 2013-07-16-1433.54.pdiff [1941 B]
Get:78 http://localhost:9999 unstable/main amd64 2013-07-16-2046.09.pdiff [18.4 kB]
Get:79 http://localhost:9999 unstable/main 2013-07-16-2046.09.pdiff [19.4 kB]
Get:80 http://localhost:9999 unstable/main 2013-07-16-2046.09.pdiff [465 B]
Get:81 http://localhost:9999 unstable/main amd64 2013-07-16-2046.09.pdiff [18.4 kB]
Get:82 http://localhost:9999 unstable/main 2013-07-17-0233.52.pdiff [6503 B]
Get:83 http://localhost:9999 unstable/main 2013-07-16-2046.09.pdiff [465 B]
Get:84 http://localhost:9999 unstable/main amd64 2013-07-17-0233.52.pdiff [10.9 kB]
Get:85 http://localhost:9999 unstable/main 2013-07-17-0233.52.pdiff [6503 B]
Get:86 http://localhost:9999 unstable/main 2013-07-17-0233.52.pdiff [2433 B]
Get:87 http://localhost:9999 unstable/main amd64 2013-07-17-0233.52.pdiff [10.9 kB]
Get:88 http://localhost:9999 unstable/main 2013-07-17-0833.19.pdiff [6945 B]
Get:89 http://localhost:9999 unstable/main 2013-07-17-0233.52.pdiff [2433 B]
Get:90 http://localhost:9999 unstable/main amd64 2013-07-17-0833.19.pdiff [7401 B]
Get:91 http://localhost:9999 unstable/main 2013-07-17-0833.19.pdiff [6945 B]
Get:92 http://localhost:9999 unstable/main 2013-07-17-0833.19.pdiff [1349 B]
Get:93 http://localhost:9999 unstable/main amd64 2013-07-17-0833.19.pdiff [7401 B]
Get:94 http://localhost:9999 unstable/main 2013-07-17-1433.06.pdiff [6373 B]
Get:95 http://localhost:9999 unstable/main 2013-07-17-0833.19.pdiff [1349 B]
Get:96 http://localhost:9999 unstable/main amd64 2013-07-17-1433.06.pdiff [16.6 kB]
Get:97 http://localhost:9999 unstable/main 2013-07-17-1433.06.pdiff [6373 B]
Get:98 http://localhost:9999 unstable/main 2013-07-17-1433.06.pdiff [629 B]
Get:99 http://localhost:9999 unstable/main amd64 2013-07-17-1433.06.pdiff [16.6 kB]
Get:100 http://localhost:9999 unstable/main 2013-07-17-1433.06.pdiff [629 B]
Fetched 659 kB in 1min 1s (10.8 kB/s)
Reading package lists...
Reading package lists...
Building dependency tree...
Reading state information...
The following packages will be upgraded:
  apt cpp-4.7 gcc-4.7 gcc-4.7-base initscripts libapt-pkg4.12 libgcc-4.7-dev
  linux-libc-dev sysv-rc sysvinit sysvinit-utils
11 upgraded, 0 newly installed, 0 to remove and 0 not upgraded.
Need to get 17.3 MB of archives.
After this operation, 45.1 kB of additional disk space will be used.
Get:1 http://localhost:9999/debian/ unstable/main sysvinit amd64 2.88dsf-43 [134 kB]
Get:2 http://localhost:9999/debian/ unstable/main libapt-pkg4.12 amd64 0.9.9.2 [928 kB]
Get:3 http://localhost:9999/debian/ unstable/main apt amd64 0.9.9.2 [1327 kB]
Get:4 http://localhost:9999/debian/ unstable/main sysv-rc all 2.88dsf-43 [80.5 kB]
Get:5 http://localhost:9999/debian/ unstable/main sysvinit-utils amd64 2.88dsf-43 [103 kB]
Get:6 http://localhost:9999/debian/ unstable/main initscripts amd64 2.88dsf-43 [87.2 kB]
Get:7 http://localhost:9999/debian/ unstable/main gcc-4.7 amd64 4.7.3-6 [5819 kB]
Get:8 http://localhost:9999/debian/ unstable/main cpp-4.7 amd64 4.7.3-6 [5385 kB]
Get:9 http://localhost:9999/debian/ unstable/main libgcc-4.7-dev amd64 4.7.3-6 [2465 kB]
Get:10 http://localhost:9999/debian/ unstable/main gcc-4.7-base amd64 4.7.3-6 [149 kB]
Get:11 http://localhost:9999/debian/ unstable/main linux-libc-dev amd64 3.10.1-1 [869 kB]
debconf: delaying package configuration, since apt-utils is not installed
Fetched 17.3 MB in 0s (24.7 MB/s)
(Reading database ... 13844 files and directories currently installed.)
Preparing to replace sysvinit 2.88dsf-41 (using .../sysvinit_2.88dsf-43_amd64.deb) ...
Unpacking replacement sysvinit ...
Setting up sysvinit (2.88dsf-43) ...
Not restarting sysvinit
(Reading database ... 13844 files and directories currently installed.)
Preparing to replace libapt-pkg4.12:amd64 0.9.9.1 (using .../libapt-pkg4.12_0.9.9.2_amd64.deb) ...
Unpacking replacement libapt-pkg4.12:amd64 ...
Setting up libapt-pkg4.12:amd64 (0.9.9.2) ...
Processing triggers for libc-bin ...
(Reading database ... 13844 files and directories currently installed.)
Preparing to replace apt 0.9.9.1 (using .../archives/apt_0.9.9.2_amd64.deb) ...
Unpacking replacement apt ...
Setting up apt (0.9.9.2) ...
gpg: key B98321F9: "Squeeze Stable Release Key <debian-release@lists.debian.org>" not changed
gpg: key 473041FA: "Debian Archive Automatic Signing Key (6.0/squeeze) <ftpmaster@debian.org>" not changed
gpg: key 65FFB764: "Wheezy Stable Release Key <debian-release@lists.debian.org>" not changed
gpg: key 46925553: "Debian Archive Automatic Signing Key (7.0/wheezy) <ftpmaster@debian.org>" not changed
gpg: Total number processed: 4
gpg:              unchanged: 4
(Reading database ... 13844 files and directories currently installed.)
Preparing to replace sysv-rc 2.88dsf-41 (using .../sysv-rc_2.88dsf-43_all.deb) ...
Unpacking replacement sysv-rc ...
Preparing to replace sysvinit-utils 2.88dsf-41 (using .../sysvinit-utils_2.88dsf-43_amd64.deb) ...
Unpacking replacement sysvinit-utils ...
Setting up sysvinit-utils (2.88dsf-43) ...
Setting up sysv-rc (2.88dsf-43) ...
(Reading database ... 13844 files and directories currently installed.)
Preparing to replace initscripts 2.88dsf-41 (using .../initscripts_2.88dsf-43_amd64.deb) ...
Removing unmodified and obsolete conffile /etc/init.d/mtab.sh ...
Unpacking replacement initscripts ...
Setting up initscripts (2.88dsf-43) ...
Installing new version of config file /etc/init.d/bootmisc.sh ...
Installing new version of config file /etc/init.d/checkfs.sh ...
Installing new version of config file /etc/init.d/checkroot.sh ...
Installing new version of config file /etc/init.d/checkroot-bootclean.sh ...
Installing new version of config file /etc/init.d/mountdevsubfs.sh ...
Installing new version of config file /etc/init.d/mountkernfs.sh ...
Installing new version of config file /etc/init.d/rmnologin ...
Installing new version of config file /etc/network/if-up.d/mountnfs ...
(Reading database ... 13843 files and directories currently installed.)
Preparing to replace gcc-4.7 4.7.3-5 (using .../gcc-4.7_4.7.3-6_amd64.deb) ...
Unpacking replacement gcc-4.7 ...
Preparing to replace cpp-4.7 4.7.3-5 (using .../cpp-4.7_4.7.3-6_amd64.deb) ...
Unpacking replacement cpp-4.7 ...
Preparing to replace libgcc-4.7-dev:amd64 4.7.3-5 (using .../libgcc-4.7-dev_4.7.3-6_amd64.deb) ...
Unpacking replacement libgcc-4.7-dev:amd64 ...
Preparing to replace gcc-4.7-base:amd64 4.7.3-5 (using .../gcc-4.7-base_4.7.3-6_amd64.deb) ...
Unpacking replacement gcc-4.7-base:amd64 ...
Preparing to replace linux-libc-dev:amd64 3.9.8-1 (using .../linux-libc-dev_3.10.1-1_amd64.deb) ...
Unpacking replacement linux-libc-dev:amd64 ...
Setting up gcc-4.7-base:amd64 (4.7.3-6) ...
Setting up cpp-4.7 (4.7.3-6) ...
Setting up libgcc-4.7-dev:amd64 (4.7.3-6) ...
Setting up gcc-4.7 (4.7.3-6) ...
Setting up linux-libc-dev:amd64 (3.10.1-1) ...

┌──────────────────────────────────────────────────────────────────────────────┐
│ Fetch source files                                                           │
└──────────────────────────────────────────────────────────────────────────────┘


Check APT
─────────

Checking available source versions...

Download source files with APT
──────────────────────────────

Reading package lists...
Building dependency tree...
Reading state information...
NOTICE: 'mp3fs' packaging is maintained in the 'Git' version control system at:
git://anonscm.debian.org/pkg-multimedia/mp3fs.git
Need to get 239 kB of source archives.
Get:1 http://localhost:9999/debian/ unstable/main mp3fs 0.31-28-g7b30a54-1 (dsc) [2099 B]
Get:2 http://localhost:9999/debian/ unstable/main mp3fs 0.31-28-g7b30a54-1 (tar) [235 kB]
Get:3 http://localhost:9999/debian/ unstable/main mp3fs 0.31-28-g7b30a54-1 (diff) [2176 B]
Fetched 239 kB in 0s (3706 kB/s)
Download complete and in download only mode

Check arch
──────────


┌──────────────────────────────────────────────────────────────────────────────┐
│ Chroot Setup Commands                                                        │
└──────────────────────────────────────────────────────────────────────────────┘


/tmp/switch-to-clang
────────────────────

+ echo 'Entering customization script...'
Entering customization script...
+ echo 'Install of clang'
Install of clang
+ apt-get update
Hit http://localhost:9999 unstable InRelease
Hit http://localhost:9999 unstable/main Sources/DiffIndex
Hit http://localhost:9999 unstable/main amd64 Packages/DiffIndex
Hit http://localhost:9999 unstable/main Translation-en/DiffIndex
Reading package lists...
+ apt-get install --yes --no-install-recommends --force-yes clang-3.3
Reading package lists...
Building dependency tree...
Reading state information...
The following extra packages will be installed:
  libclang-common-3.3-dev libclang1-3.3 libffi6 libllvm3.3 libobjc-4.7-dev
  libobjc4 libstdc++6-4.7-dev
Suggested packages:
  libstdc++6-4.7-doc
Recommended packages:
  llvm-3.3-dev python
The following NEW packages will be installed:
  clang-3.3 libclang-common-3.3-dev libclang1-3.3 libffi6 libllvm3.3
  libobjc-4.7-dev libobjc4 libstdc++6-4.7-dev
0 upgraded, 8 newly installed, 0 to remove and 0 not upgraded.
Need to get 27.2 MB of archives.
After this operation, 80.8 MB of additional disk space will be used.
Get:1 http://localhost:9999/debian/ unstable/main libffi6 amd64 3.0.13-4 [21.6 kB]
Get:2 http://localhost:9999/debian/ unstable/main libllvm3.3 amd64 1:3.3-3 [8575 kB]
Get:3 http://localhost:9999/debian/ unstable/main libobjc4 amd64 4.8.1-6 [160 kB]
Get:4 http://localhost:9999/debian/ unstable/main libstdc++6-4.7-dev amd64 4.7.3-6 [1694 kB]
Get:5 http://localhost:9999/debian/ unstable/main libobjc-4.7-dev amd64 4.7.3-6 [719 kB]
Get:6 http://localhost:9999/debian/ unstable/main libclang-common-3.3-dev amd64 1:3.3-3 [574 kB]
Get:7 http://localhost:9999/debian/ unstable/main libclang1-3.3 amd64 1:3.3-3 [4579 kB]
Get:8 http://localhost:9999/debian/ unstable/main clang-3.3 amd64 1:3.3-3 [10.9 MB]
debconf: delaying package configuration, since apt-utils is not installed
Fetched 27.2 MB in 1s (25.4 MB/s)
Selecting previously unselected package libffi6:amd64.
(Reading database ... 13846 files and directories currently installed.)
Unpacking libffi6:amd64 (from .../libffi6_3.0.13-4_amd64.deb) ...
Selecting previously unselected package libllvm3.3:amd64.
Unpacking libllvm3.3:amd64 (from .../libllvm3.3_1%3a3.3-3_amd64.deb) ...
Selecting previously unselected package libobjc4:amd64.
Unpacking libobjc4:amd64 (from .../libobjc4_4.8.1-6_amd64.deb) ...
Selecting previously unselected package libstdc++6-4.7-dev:amd64.
Unpacking libstdc++6-4.7-dev:amd64 (from .../libstdc++6-4.7-dev_4.7.3-6_amd64.deb) ...
Selecting previously unselected package libobjc-4.7-dev:amd64.
Unpacking libobjc-4.7-dev:amd64 (from .../libobjc-4.7-dev_4.7.3-6_amd64.deb) ...
Selecting previously unselected package libclang-common-3.3-dev.
Unpacking libclang-common-3.3-dev (from .../libclang-common-3.3-dev_1%3a3.3-3_amd64.deb) ...
Selecting previously unselected package libclang1-3.3.
Unpacking libclang1-3.3 (from .../libclang1-3.3_1%3a3.3-3_amd64.deb) ...
Selecting previously unselected package clang-3.3.
Unpacking clang-3.3 (from .../clang-3.3_1%3a3.3-3_amd64.deb) ...
Setting up libffi6:amd64 (3.0.13-4) ...
Setting up libllvm3.3:amd64 (1:3.3-3) ...
Setting up libobjc4:amd64 (4.8.1-6) ...
Setting up libstdc++6-4.7-dev:amd64 (4.7.3-6) ...
Setting up libobjc-4.7-dev:amd64 (4.7.3-6) ...
Setting up libclang-common-3.3-dev (1:3.3-3) ...
Setting up libclang1-3.3 (1:3.3-3) ...
Setting up clang-3.3 (1:3.3-3) ...
Processing triggers for libc-bin ...
+ echo 'Replace gcc, g++ & cpp by clang'
Replace gcc, g++ & cpp by clang
+ VERSIONS='4.6 4.7 4.8'
+ cd /usr/bin
+ for VERSION in '$VERSIONS'
+ rm -f g++-4.6 gcc-4.6 cpp-4.6
+ ln -s clang++ g++-4.6
+ ln -s clang gcc-4.6
+ ln -s clang cpp-4.6
+ for VERSION in '$VERSIONS'
+ rm -f g++-4.7 gcc-4.7 cpp-4.7
+ ln -s clang++ g++-4.7
+ ln -s clang gcc-4.7
+ ln -s clang cpp-4.7
+ for VERSION in '$VERSIONS'
+ rm -f g++-4.8 gcc-4.8 cpp-4.8
+ ln -s clang++ g++-4.8
+ ln -s clang gcc-4.8
+ ln -s clang cpp-4.8
+ cd -
/«BUILDDIR»
+ echo 'Block the installation of new gcc version'
Block the installation of new gcc version
+ dpkg --set-selections
+ echo 'gcc-4.6 hold'
+ dpkg --set-selections
+ echo 'cpp-4.6 hold'
+ dpkg --set-selections
+ echo 'g++-4.6 hold'
+ dpkg --set-selections
+ echo 'gcc-4.7 hold'
+ dpkg --set-selections
+ echo 'cpp-4.7 hold'
+ dpkg --set-selections
+ echo 'g++-4.7 hold'
+ dpkg --set-selections
+ echo 'gcc-4.8 hold'
+ dpkg --set-selections
+ echo 'cpp-4.8 hold'
+ dpkg --set-selections
+ echo 'g++-4.8 hold'
+ echo 'Check if gcc, g++ & cpp are actually clang'
Check if gcc, g++ & cpp are actually clang
+ grep clang
+ gcc --version
+ grep clang
+ cpp --version
+ grep clang
+ g++ --version

I: Finished running '/tmp/switch-to-clang'.

Finished processing commands.
────────────────────────────────────────────────────────────────────────────────
Merged Build-Depends: build-essential, fakeroot
Filtered Build-Depends: build-essential, fakeroot
dpkg-deb: building package `sbuild-build-depends-core-dummy' in `/«BUILDDIR»/resolver-kxaX4e/apt_archive/sbuild-build-depends-core-dummy.deb'.
OK
Reading package lists...

┌──────────────────────────────────────────────────────────────────────────────┐
│ Install core build dependencies (apt-based resolver)                         │
└──────────────────────────────────────────────────────────────────────────────┘

Installing build dependencies
Reading package lists...
Building dependency tree...
Reading state information...
The following NEW packages will be installed:
  sbuild-build-depends-core-dummy
debconf: delaying package configuration, since apt-utils is not installed
0 upgraded, 1 newly installed, 0 to remove and 0 not upgraded.
Need to get 0 B/710 B of archives.
After this operation, 0 B of additional disk space will be used.
Selecting previously unselected package sbuild-build-depends-core-dummy.
(Reading database ... 14701 files and directories currently installed.)
Unpacking sbuild-build-depends-core-dummy (from .../sbuild-build-depends-core-dummy.deb) ...
Setting up sbuild-build-depends-core-dummy (0.invalid.0) ...
Merged Build-Depends: base-files, base-passwd, bash, bsdutils, coreutils, dash, debianutils, diffutils, dpkg, e2fsprogs, findutils, grep, gzip, hostname, libc-bin, login, mount, ncurses-base, ncurses-bin, perl-base, sed, sysvinit, sysvinit-utils, tar, util-linux, libc6-dev | libc-dev, gcc (>= 4:4.4.3), g++ (>= 4:4.4.3), make, dpkg-dev (>= 1.13.5), asciidoc, automake, debhelper (>= 7.0.50~), dh-autoreconf, libflac-dev, libfuse-dev, libid3tag0-dev, libmp3lame-dev, libtool, xmlto
Filtered Build-Depends: base-files, base-passwd, bash, bsdutils, coreutils, dash, debianutils, diffutils, dpkg, e2fsprogs, findutils, grep, gzip, hostname, libc-bin, login, mount, ncurses-base, ncurses-bin, perl-base, sed, sysvinit, sysvinit-utils, tar, util-linux, libc6-dev, gcc (>= 4:4.4.3), g++ (>= 4:4.4.3), make, dpkg-dev (>= 1.13.5), asciidoc, automake, debhelper (>= 7.0.50~), dh-autoreconf, libflac-dev, libfuse-dev, libid3tag0-dev, libmp3lame-dev, libtool, xmlto
dpkg-deb: building package `sbuild-build-depends-mp3fs-dummy' in `/«BUILDDIR»/resolver-n9fK0B/apt_archive/sbuild-build-depends-mp3fs-dummy.deb'.
OK
Reading package lists...

┌──────────────────────────────────────────────────────────────────────────────┐
│ Install mp3fs build dependencies (apt-based resolver)                        │
└──────────────────────────────────────────────────────────────────────────────┘

Installing build dependencies
Reading package lists...
Building dependency tree...
Reading state information...
The following extra packages will be installed:
  asciidoc autoconf automake autopoint autotools-dev bsdmainutils debhelper
  dh-autoreconf docbook-xml docbook-xsl file gettext gettext-base groff-base
  intltool-debian libasprintf0c2 libcroco3 libexpat1 libflac-dev libflac8
  libfuse-dev libfuse2 libgcrypt11 libglib2.0-0 libgpg-error0 libid3tag0
  libid3tag0-dev libmagic1 libmp3lame-dev libmp3lame0 libncursesw5 libogg-dev
  libogg0 libpcre3-dev libpcrecpp0 libpipeline1 libpopt0 libpython-stdlib
  libpython2.7-minimal libpython2.7-stdlib libselinux1-dev libsepol1-dev
  libsigsegv2 libsqlite3-0 libssl1.0.0 libtool libunistring0 libxml2
  libxml2-utils libxslt1.1 m4 man-db mime-support pkg-config po-debconf python
  python-minimal python2.7 python2.7-minimal sgml-base sgml-data xml-core
  xmlto xsltproc zlib1g-dev
Suggested packages:
  vim-addon-manager source-highlight autoconf2.13 autoconf-archive
  gnu-standards autoconf-doc wamerican wordlist whois vacation dh-make docbook
  docbook-dsssl docbook-defguide dbtoepub docbook-xsl-doc-html
  docbook-xsl-doc-pdf docbook-xsl-doc-text docbook-xsl-doc docbook-xsl-saxon
  fop libsaxon-java libxalan2-java libxslthl-java xalan gettext-doc groff fuse
  rng-tools libtool-doc automaken gfortran fortran95-compiler gcj less
  www-browser libmail-box-perl python-doc python-tk python2.7-doc
  binfmt-support sgml-base-doc perlsgml w3-recs opensp xmltex
Recommended packages:
  docbook-utils dblatex curl wget lynx-cur libasprintf-dev libgettextpo-dev
  libglib2.0-data shared-mime-info libltdl-dev libmail-sendmail-perl
  libpaper-utils zip
The following NEW packages will be installed:
  asciidoc autoconf automake autopoint autotools-dev bsdmainutils debhelper
  dh-autoreconf docbook-xml docbook-xsl file gettext gettext-base groff-base
  intltool-debian libasprintf0c2 libcroco3 libexpat1 libflac-dev libflac8
  libfuse-dev libfuse2 libgcrypt11 libglib2.0-0 libgpg-error0 libid3tag0
  libid3tag0-dev libmagic1 libmp3lame-dev libmp3lame0 libncursesw5 libogg-dev
  libogg0 libpcre3-dev libpcrecpp0 libpipeline1 libpopt0 libpython-stdlib
  libpython2.7-minimal libpython2.7-stdlib libselinux1-dev libsepol1-dev
  libsigsegv2 libsqlite3-0 libssl1.0.0 libtool libunistring0 libxml2
  libxml2-utils libxslt1.1 m4 man-db mime-support pkg-config po-debconf python
  python-minimal python2.7 python2.7-minimal sbuild-build-depends-mp3fs-dummy
  sgml-base sgml-data xml-core xmlto xsltproc zlib1g-dev
0 upgraded, 66 newly installed, 0 to remove and 0 not upgraded.
Need to get 26.9 MB/26.9 MB of archives.
After this operation, 82.3 MB of additional disk space will be used.
Get:1 http://localhost:9999/debian/ unstable/main libncursesw5 amd64 5.9+20130608-1 [141 kB]
Get:2 http://localhost:9999/debian/ unstable/main libpipeline1 amd64 1.2.4-1 [41.0 kB]
Get:3 http://localhost:9999/debian/ unstable/main libpopt0 amd64 1.16-7 [56.4 kB]
Get:4 http://localhost:9999/debian/ unstable/main libssl1.0.0 amd64 1.0.1e-3 [1242 kB]
Get:5 http://localhost:9999/debian/ unstable/main groff-base amd64 1.22.2-3 [747 kB]
Get:6 http://localhost:9999/debian/ unstable/main bsdmainutils amd64 9.0.5 [211 kB]
Get:7 http://localhost:9999/debian/ unstable/main man-db amd64 2.6.5-2 [976 kB]
Get:8 http://localhost:9999/debian/ unstable/main libasprintf0c2 amd64 0.18.3-1 [29.6 kB]
Get:9 http://localhost:9999/debian/ unstable/main libgpg-error0 amd64 1.10-3.1 [77.9 kB]
Get:10 http://localhost:9999/debian/ unstable/main libgcrypt11 amd64 1.5.2-3 [296 kB]
Get:11 http://localhost:9999/debian/ unstable/main libmagic1 amd64 1:5.14-2 [216 kB]
Get:12 http://localhost:9999/debian/ unstable/main libsqlite3-0 amd64 3.7.17-1 [478 kB]
Get:13 http://localhost:9999/debian/ unstable/main libxml2 amd64 2.9.1+dfsg1-2 [911 kB]
Get:14 http://localhost:9999/debian/ unstable/main libglib2.0-0 amd64 2.36.3-3 [2048 kB]
Get:15 http://localhost:9999/debian/ unstable/main libcroco3 amd64 0.6.8-2 [133 kB]
Get:16 http://localhost:9999/debian/ unstable/main libexpat1 amd64 2.1.0-4 [138 kB]
Get:17 http://localhost:9999/debian/ unstable/main libogg0 amd64 1.3.1-1 [20.7 kB]
Get:18 http://localhost:9999/debian/ unstable/main libflac8 amd64 1.3.0-1 [102 kB]
Get:19 http://localhost:9999/debian/ unstable/main libfuse2 amd64 2.9.2-4 [130 kB]
Get:20 http://localhost:9999/debian/ unstable/main libmp3lame0 amd64 3.99.5+repack1-3 [404 kB]
Get:21 http://localhost:9999/debian/ unstable/main libpcrecpp0 amd64 1:8.31-2 [128 kB]
Get:22 http://localhost:9999/debian/ unstable/main libsigsegv2 amd64 2.10-2 [29.8 kB]
Get:23 http://localhost:9999/debian/ unstable/main libunistring0 amd64 0.9.3-5 [434 kB]
Get:24 http://localhost:9999/debian/ unstable/main libxslt1.1 amd64 1.1.26-14.1 [254 kB]
Get:25 http://localhost:9999/debian/ unstable/main libpython2.7-minimal amd64 2.7.5-6 [520 kB]
Get:26 http://localhost:9999/debian/ unstable/main python2.7-minimal amd64 2.7.5-6 [1552 kB]
Get:27 http://localhost:9999/debian/ unstable/main sgml-base all 1.26+nmu4 [14.6 kB]
Get:28 http://localhost:9999/debian/ unstable/main file amd64 1:5.14-2 [54.0 kB]
Get:29 http://localhost:9999/debian/ unstable/main gettext-base amd64 0.18.3-1 [161 kB]
Get:30 http://localhost:9999/debian/ unstable/main m4 amd64 1.4.16-5 [260 kB]
Get:31 http://localhost:9999/debian/ unstable/main mime-support all 3.54 [36.4 kB]
Get:32 http://localhost:9999/debian/ unstable/main libpython2.7-stdlib amd64 2.7.5-6 [2482 kB]
Get:33 http://localhost:9999/debian/ unstable/main python2.7 amd64 2.7.5-6 [229 kB]
Get:34 http://localhost:9999/debian/ unstable/main python-minimal amd64 2.7.5-2 [42.7 kB]
Get:35 http://localhost:9999/debian/ unstable/main libpython-stdlib amd64 2.7.5-2 [19.6 kB]
Get:36 http://localhost:9999/debian/ unstable/main python amd64 2.7.5-2 [186 kB]
Get:37 http://localhost:9999/debian/ unstable/main asciidoc all 8.6.7-1 [1422 kB]
Get:38 http://localhost:9999/debian/ unstable/main autoconf all 2.69-1 [589 kB]
Get:39 http://localhost:9999/debian/ unstable/main autotools-dev all 20130515.1 [73.0 kB]
Get:40 http://localhost:9999/debian/ unstable/main automake all 1:1.13.3-1 [758 kB]
Get:41 http://localhost:9999/debian/ unstable/main autopoint all 0.18.3-1 [393 kB]
Get:42 http://localhost:9999/debian/ unstable/main gettext amd64 0.18.3-1 [1898 kB]
Get:43 http://localhost:9999/debian/ unstable/main intltool-debian all 0.35.0+20060710.1 [30.8 kB]
Get:44 http://localhost:9999/debian/ unstable/main po-debconf all 1.0.16+nmu2 [224 kB]
Get:45 http://localhost:9999/debian/ unstable/main debhelper all 9.20130630 [710 kB]
Get:46 http://localhost:9999/debian/ unstable/main libtool amd64 2.4.2-1.3 [619 kB]
Get:47 http://localhost:9999/debian/ unstable/main dh-autoreconf all 9 [15.5 kB]
Get:48 http://localhost:9999/debian/ unstable/main xml-core all 0.13+nmu2 [24.2 kB]
Get:49 http://localhost:9999/debian/ unstable/main sgml-data all 2.0.9-1 [281 kB]
Get:50 http://localhost:9999/debian/ unstable/main docbook-xml all 4.5-7.2 [347 kB]
Get:51 http://localhost:9999/debian/ unstable/main docbook-xsl all 1.78.1+dfsg-1 [2339 kB]
Get:52 http://localhost:9999/debian/ unstable/main libogg-dev amd64 1.3.1-1 [211 kB]
Get:53 http://localhost:9999/debian/ unstable/main libflac-dev amd64 1.3.0-1 [178 kB]
Get:54 http://localhost:9999/debian/ unstable/main libsepol1-dev amd64 2.1.9-2 [204 kB]
Get:55 http://localhost:9999/debian/ unstable/main libpcre3-dev amd64 1:8.31-2 [356 kB]
Get:56 http://localhost:9999/debian/ unstable/main libselinux1-dev amd64 2.1.13-2 [183 kB]
Get:57 http://localhost:9999/debian/ unstable/main libfuse-dev amd64 2.9.2-4 [146 kB]
Get:58 http://localhost:9999/debian/ unstable/main libid3tag0 amd64 0.15.1b-10 [40.4 kB]
Get:59 http://localhost:9999/debian/ unstable/main pkg-config amd64 0.26-1 [59.5 kB]
Get:60 http://localhost:9999/debian/ unstable/main zlib1g-dev amd64 1:1.2.8.dfsg-1 [217 kB]
Get:61 http://localhost:9999/debian/ unstable/main libid3tag0-dev amd64 0.15.1b-10 [47.0 kB]
Get:62 http://localhost:9999/debian/ unstable/main libmp3lame-dev amd64 3.99.5+repack1-3 [440 kB]
Get:63 http://localhost:9999/debian/ unstable/main libxml2-utils amd64 2.9.1+dfsg1-2 [96.4 kB]
Get:64 http://localhost:9999/debian/ unstable/main xsltproc amd64 1.1.26-14.1 [118 kB]
Get:65 http://localhost:9999/debian/ unstable/main xmlto amd64 0.0.25-2 [36.5 kB]
debconf: delaying package configuration, since apt-utils is not installed
Fetched 26.9 MB in 1s (21.2 MB/s)
Selecting previously unselected package libncursesw5:amd64.
(Reading database ... 14701 files and directories currently installed.)
Unpacking libncursesw5:amd64 (from .../libncursesw5_5.9+20130608-1_amd64.deb) ...
Selecting previously unselected package libpipeline1:amd64.
Unpacking libpipeline1:amd64 (from .../libpipeline1_1.2.4-1_amd64.deb) ...
Selecting previously unselected package libpopt0:amd64.
Unpacking libpopt0:amd64 (from .../libpopt0_1.16-7_amd64.deb) ...
Selecting previously unselected package libssl1.0.0:amd64.
Unpacking libssl1.0.0:amd64 (from .../libssl1.0.0_1.0.1e-3_amd64.deb) ...
Selecting previously unselected package groff-base.
Unpacking groff-base (from .../groff-base_1.22.2-3_amd64.deb) ...
Selecting previously unselected package bsdmainutils.
Unpacking bsdmainutils (from .../bsdmainutils_9.0.5_amd64.deb) ...
Selecting previously unselected package man-db.
Unpacking man-db (from .../man-db_2.6.5-2_amd64.deb) ...
Selecting previously unselected package libasprintf0c2:amd64.
Unpacking libasprintf0c2:amd64 (from .../libasprintf0c2_0.18.3-1_amd64.deb) ...
Selecting previously unselected package libgpg-error0:amd64.
Unpacking libgpg-error0:amd64 (from .../libgpg-error0_1.10-3.1_amd64.deb) ...
Selecting previously unselected package libgcrypt11:amd64.
Unpacking libgcrypt11:amd64 (from .../libgcrypt11_1.5.2-3_amd64.deb) ...
Selecting previously unselected package libmagic1:amd64.
Unpacking libmagic1:amd64 (from .../libmagic1_1%3a5.14-2_amd64.deb) ...
Selecting previously unselected package libsqlite3-0:amd64.
Unpacking libsqlite3-0:amd64 (from .../libsqlite3-0_3.7.17-1_amd64.deb) ...
Selecting previously unselected package libxml2:amd64.
Unpacking libxml2:amd64 (from .../libxml2_2.9.1+dfsg1-2_amd64.deb) ...
Selecting previously unselected package libglib2.0-0:amd64.
Unpacking libglib2.0-0:amd64 (from .../libglib2.0-0_2.36.3-3_amd64.deb) ...
Selecting previously unselected package libcroco3:amd64.
Unpacking libcroco3:amd64 (from .../libcroco3_0.6.8-2_amd64.deb) ...
Selecting previously unselected package libexpat1:amd64.
Unpacking libexpat1:amd64 (from .../libexpat1_2.1.0-4_amd64.deb) ...
Selecting previously unselected package libogg0:amd64.
Unpacking libogg0:amd64 (from .../libogg0_1.3.1-1_amd64.deb) ...
Selecting previously unselected package libflac8:amd64.
Unpacking libflac8:amd64 (from .../libflac8_1.3.0-1_amd64.deb) ...
Selecting previously unselected package libfuse2:amd64.
Unpacking libfuse2:amd64 (from .../libfuse2_2.9.2-4_amd64.deb) ...
Selecting previously unselected package libmp3lame0:amd64.
Unpacking libmp3lame0:amd64 (from .../libmp3lame0_3.99.5+repack1-3_amd64.deb) ...
Selecting previously unselected package libpcrecpp0:amd64.
Unpacking libpcrecpp0:amd64 (from .../libpcrecpp0_1%3a8.31-2_amd64.deb) ...
Selecting previously unselected package libsigsegv2:amd64.
Unpacking libsigsegv2:amd64 (from .../libsigsegv2_2.10-2_amd64.deb) ...
Selecting previously unselected package libunistring0:amd64.
Unpacking libunistring0:amd64 (from .../libunistring0_0.9.3-5_amd64.deb) ...
Selecting previously unselected package libxslt1.1:amd64.
Unpacking libxslt1.1:amd64 (from .../libxslt1.1_1.1.26-14.1_amd64.deb) ...
Selecting previously unselected package libpython2.7-minimal.
Unpacking libpython2.7-minimal (from .../libpython2.7-minimal_2.7.5-6_amd64.deb) ...
Selecting previously unselected package python2.7-minimal.
Unpacking python2.7-minimal (from .../python2.7-minimal_2.7.5-6_amd64.deb) ...
Selecting previously unselected package sgml-base.
Unpacking sgml-base (from .../sgml-base_1.26+nmu4_all.deb) ...
Selecting previously unselected package file.
Unpacking file (from .../file_1%3a5.14-2_amd64.deb) ...
Selecting previously unselected package gettext-base.
Unpacking gettext-base (from .../gettext-base_0.18.3-1_amd64.deb) ...
Selecting previously unselected package m4.
Unpacking m4 (from .../archives/m4_1.4.16-5_amd64.deb) ...
Selecting previously unselected package mime-support.
Unpacking mime-support (from .../mime-support_3.54_all.deb) ...
Selecting previously unselected package libpython2.7-stdlib.
Unpacking libpython2.7-stdlib (from .../libpython2.7-stdlib_2.7.5-6_amd64.deb) ...
Selecting previously unselected package python2.7.
Unpacking python2.7 (from .../python2.7_2.7.5-6_amd64.deb) ...
Selecting previously unselected package python-minimal.
Unpacking python-minimal (from .../python-minimal_2.7.5-2_amd64.deb) ...
Selecting previously unselected package libpython-stdlib:amd64.
Unpacking libpython-stdlib:amd64 (from .../libpython-stdlib_2.7.5-2_amd64.deb) ...
Selecting previously unselected package python.
Unpacking python (from .../python_2.7.5-2_amd64.deb) ...
Selecting previously unselected package asciidoc.
Unpacking asciidoc (from .../asciidoc_8.6.7-1_all.deb) ...
Selecting previously unselected package autoconf.
Unpacking autoconf (from .../autoconf_2.69-1_all.deb) ...
Selecting previously unselected package autotools-dev.
Unpacking autotools-dev (from .../autotools-dev_20130515.1_all.deb) ...
Selecting previously unselected package automake.
Unpacking automake (from .../automake_1%3a1.13.3-1_all.deb) ...
Selecting previously unselected package autopoint.
Unpacking autopoint (from .../autopoint_0.18.3-1_all.deb) ...
Selecting previously unselected package gettext.
Unpacking gettext (from .../gettext_0.18.3-1_amd64.deb) ...
Selecting previously unselected package intltool-debian.
Unpacking intltool-debian (from .../intltool-debian_0.35.0+20060710.1_all.deb) ...
Selecting previously unselected package po-debconf.
Unpacking po-debconf (from .../po-debconf_1.0.16+nmu2_all.deb) ...
Selecting previously unselected package debhelper.
Unpacking debhelper (from .../debhelper_9.20130630_all.deb) ...
Selecting previously unselected package libtool.
Unpacking libtool (from .../libtool_2.4.2-1.3_amd64.deb) ...
Selecting previously unselected package dh-autoreconf.
Unpacking dh-autoreconf (from .../dh-autoreconf_9_all.deb) ...
Selecting previously unselected package xml-core.
Unpacking xml-core (from .../xml-core_0.13+nmu2_all.deb) ...
Selecting previously unselected package sgml-data.
Unpacking sgml-data (from .../sgml-data_2.0.9-1_all.deb) ...
Selecting previously unselected package docbook-xml.
Unpacking docbook-xml (from .../docbook-xml_4.5-7.2_all.deb) ...
Selecting previously unselected package docbook-xsl.
Unpacking docbook-xsl (from .../docbook-xsl_1.78.1+dfsg-1_all.deb) ...
Selecting previously unselected package libogg-dev:amd64.
Unpacking libogg-dev:amd64 (from .../libogg-dev_1.3.1-1_amd64.deb) ...
Selecting previously unselected package libflac-dev:amd64.
Unpacking libflac-dev:amd64 (from .../libflac-dev_1.3.0-1_amd64.deb) ...
Selecting previously unselected package libsepol1-dev.
Unpacking libsepol1-dev (from .../libsepol1-dev_2.1.9-2_amd64.deb) ...
Selecting previously unselected package libpcre3-dev:amd64.
Unpacking libpcre3-dev:amd64 (from .../libpcre3-dev_1%3a8.31-2_amd64.deb) ...
Selecting previously unselected package libselinux1-dev.
Unpacking libselinux1-dev (from .../libselinux1-dev_2.1.13-2_amd64.deb) ...
Selecting previously unselected package libfuse-dev.
Unpacking libfuse-dev (from .../libfuse-dev_2.9.2-4_amd64.deb) ...
Selecting previously unselected package libid3tag0.
Unpacking libid3tag0 (from .../libid3tag0_0.15.1b-10_amd64.deb) ...
Selecting previously unselected package pkg-config.
Unpacking pkg-config (from .../pkg-config_0.26-1_amd64.deb) ...
Selecting previously unselected package zlib1g-dev:amd64.
Unpacking zlib1g-dev:amd64 (from .../zlib1g-dev_1%3a1.2.8.dfsg-1_amd64.deb) ...
Selecting previously unselected package libid3tag0-dev.
Unpacking libid3tag0-dev (from .../libid3tag0-dev_0.15.1b-10_amd64.deb) ...
Selecting previously unselected package libmp3lame-dev:amd64.
Unpacking libmp3lame-dev:amd64 (from .../libmp3lame-dev_3.99.5+repack1-3_amd64.deb) ...
Selecting previously unselected package libxml2-utils.
Unpacking libxml2-utils (from .../libxml2-utils_2.9.1+dfsg1-2_amd64.deb) ...
Selecting previously unselected package xsltproc.
Unpacking xsltproc (from .../xsltproc_1.1.26-14.1_amd64.deb) ...
Selecting previously unselected package xmlto.
Unpacking xmlto (from .../xmlto_0.0.25-2_amd64.deb) ...
Selecting previously unselected package sbuild-build-depends-mp3fs-dummy.
Unpacking sbuild-build-depends-mp3fs-dummy (from .../sbuild-build-depends-mp3fs-dummy.deb) ...
Setting up libncursesw5:amd64 (5.9+20130608-1) ...
Setting up libpipeline1:amd64 (1.2.4-1) ...
Setting up libpopt0:amd64 (1.16-7) ...
Setting up libssl1.0.0:amd64 (1.0.1e-3) ...
Setting up groff-base (1.22.2-3) ...
Setting up bsdmainutils (9.0.5) ...
update-alternatives: using /usr/bin/bsd-write to provide /usr/bin/write (write) in auto mode
update-alternatives: using /usr/bin/bsd-from to provide /usr/bin/from (from) in auto mode
Setting up man-db (2.6.5-2) ...
Not building database; man-db/auto-update is not 'true'.
Setting up libasprintf0c2:amd64 (0.18.3-1) ...
Setting up libgpg-error0:amd64 (1.10-3.1) ...
Setting up libgcrypt11:amd64 (1.5.2-3) ...
Setting up libmagic1:amd64 (1:5.14-2) ...
Setting up libsqlite3-0:amd64 (3.7.17-1) ...
Setting up libxml2:amd64 (2.9.1+dfsg1-2) ...
Setting up libglib2.0-0:amd64 (2.36.3-3) ...
No schema files found: doing nothing.
Setting up libcroco3:amd64 (0.6.8-2) ...
Setting up libexpat1:amd64 (2.1.0-4) ...
Setting up libogg0:amd64 (1.3.1-1) ...
Setting up libflac8:amd64 (1.3.0-1) ...
Setting up libfuse2:amd64 (2.9.2-4) ...
Setting up libmp3lame0:amd64 (3.99.5+repack1-3) ...
Setting up libpcrecpp0:amd64 (1:8.31-2) ...
Setting up libsigsegv2:amd64 (2.10-2) ...
Setting up libunistring0:amd64 (0.9.3-5) ...
Setting up libxslt1.1:amd64 (1.1.26-14.1) ...
Setting up libpython2.7-minimal (2.7.5-6) ...
Setting up python2.7-minimal (2.7.5-6) ...
Setting up sgml-base (1.26+nmu4) ...
Setting up file (1:5.14-2) ...
Setting up gettext-base (0.18.3-1) ...
Setting up m4 (1.4.16-5) ...
Setting up mime-support (3.54) ...
Setting up libpython2.7-stdlib (2.7.5-6) ...
Setting up python2.7 (2.7.5-6) ...
Setting up python-minimal (2.7.5-2) ...
Setting up libpython-stdlib:amd64 (2.7.5-2) ...
Setting up python (2.7.5-2) ...
Setting up asciidoc (8.6.7-1) ...
Setting up autoconf (2.69-1) ...
Setting up autotools-dev (20130515.1) ...
Setting up automake (1:1.13.3-1) ...
update-alternatives: using /usr/bin/automake-1.13 to provide /usr/bin/automake (automake) in auto mode
Setting up autopoint (0.18.3-1) ...
Setting up gettext (0.18.3-1) ...
Setting up intltool-debian (0.35.0+20060710.1) ...
Setting up po-debconf (1.0.16+nmu2) ...
Setting up debhelper (9.20130630) ...
Setting up libtool (2.4.2-1.3) ...
Setting up dh-autoreconf (9) ...
Setting up xml-core (0.13+nmu2) ...
Setting up libogg-dev:amd64 (1.3.1-1) ...
Setting up libflac-dev:amd64 (1.3.0-1) ...
Setting up libsepol1-dev (2.1.9-2) ...
Setting up libpcre3-dev:amd64 (1:8.31-2) ...
Setting up libselinux1-dev (2.1.13-2) ...
Setting up libfuse-dev (2.9.2-4) ...
Setting up libid3tag0 (0.15.1b-10) ...
Setting up pkg-config (0.26-1) ...
Setting up zlib1g-dev:amd64 (1:1.2.8.dfsg-1) ...
Setting up libid3tag0-dev (0.15.1b-10) ...
Setting up libmp3lame-dev:amd64 (3.99.5+repack1-3) ...
Setting up libxml2-utils (2.9.1+dfsg1-2) ...
Setting up xsltproc (1.1.26-14.1) ...
Processing triggers for sgml-base ...
Setting up sgml-data (2.0.9-1) ...
Setting up docbook-xsl (1.78.1+dfsg-1) ...
Processing triggers for sgml-base ...
Setting up docbook-xml (4.5-7.2) ...
Processing triggers for sgml-base ...
Setting up xmlto (0.0.25-2) ...
Setting up sbuild-build-depends-mp3fs-dummy (0.invalid.0) ...
Processing triggers for libc-bin ...

┌──────────────────────────────────────────────────────────────────────────────┐
│ Build environment                                                            │
└──────────────────────────────────────────────────────────────────────────────┘

Kernel: Linux 2.6.32-5-xen-amd64 amd64 (x86_64)
Toolchain package versions: binutils_2.23.52.20130620-1 dpkg-dev_1.16.10 g++-4.6_4.6.4-4 g++-4.8_4.8.1-6 gcc-4.6_4.6.4-4 gcc-4.7_4.7.3-6 gcc-4.8_4.8.1-6 libc6-dev_2.17-7 libstdc++-4.8-dev_4.8.1-6 libstdc++6_4.8.1-6 libstdc++6-4.6-dev_4.6.4-4 libstdc++6-4.7-dev_4.7.3-6 linux-libc-dev_3.10.1-1
Package versions: apt_0.9.9.2 asciidoc_8.6.7-1 autoconf_2.69-1 automake_1:1.13.3-1 autopoint_0.18.3-1 autotools-dev_20130515.1 base-files_7.2 base-passwd_3.5.26 bash_4.2+dfsg-1 binutils_2.23.52.20130620-1 bsdmainutils_9.0.5 bsdutils_1:2.20.1-5.5 build-essential_11.6 bzip2_1.0.6-4 clang-3.3_1:3.3-3 coreutils_8.20-3 cpp_4:4.8.1-2 cpp-4.6_4.6.4-4 cpp-4.7_4.7.3-6 cpp-4.8_4.8.1-6 dash_0.5.7-3 debconf_1.5.50 debconf-i18n_1.5.50 debfoster_2.7-1.2 debhelper_9.20130630 debian-archive-keyring_2012.4 debianutils_4.3.4 dh-autoreconf_9 diffutils_1:3.2-8 docbook-xml_4.5-7.2 docbook-xsl_1.78.1+dfsg-1 dpkg_1.16.10 dpkg-dev_1.16.10 e2fslibs_1.42.8-1 e2fsprogs_1.42.8-1 fakeroot_1.19-2 file_1:5.14-2 findutils_4.4.2-6 g++_4:4.8.1-2 g++-4.6_4.6.4-4 g++-4.8_4.8.1-6 gcc_4:4.8.1-2 gcc-4.4-base_4.4.7-4 gcc-4.5-base_4.5.4-1 gcc-4.6_4.6.4-4 gcc-4.6-base_4.6.4-4 gcc-4.7_4.7.3-6 gcc-4.7-base_4.7.3-6 gcc-4.8_4.8.1-6 gcc-4.8-base_4.8.1-6 gettext_0.18.3-1 gettext-base_0.18.3-1 gnupg_1.4.12-7 gpgv_1.4.12-7 grep_2.14-2 groff-base_1.22.2-3 gzip_1.6-1 hostname_3.13 initscripts_2.88dsf-43 insserv_1.14.0-5 intltool-debian_0.35.0+20060710.1 libacl1_2.2.52-1 libapt-pkg4.12_0.9.9.2 libasan0_4.8.1-6 libasprintf0c2_0.18.3-1 libatomic1_4.8.1-6 libattr1_1:2.4.47-1 libblkid1_2.20.1-5.5 libbz2-1.0_1.0.6-4 libc-bin_2.17-7 libc-dev-bin_2.17-7 libc6_2.17-7 libc6-dev_2.17-7 libcap2_1:2.22-1.2 libclang-common-3.3-dev_1:3.3-3 libclang1-3.3_1:3.3-3 libclass-isa-perl_0.36-5 libcloog-isl4_0.18.0-2 libcloog-ppl1_0.16.1-3 libcomerr2_1.42.8-1 libcroco3_0.6.8-2 libdb5.1_5.1.29-6 libdpkg-perl_1.16.10 libexpat1_2.1.0-4 libffi6_3.0.13-4 libfile-fcntllock-perl_0.14-2 libflac-dev_1.3.0-1 libflac8_1.3.0-1 libfuse-dev_2.9.2-4 libfuse2_2.9.2-4 libgc1c2_1:7.2d-5 libgcc-4.7-dev_4.7.3-6 libgcc-4.8-dev_4.8.1-6 libgcc1_1:4.8.1-6 libgcrypt11_1.5.2-3 libgdbm3_1.8.3-12 libglib2.0-0_2.36.3-3 libgmp10_2:5.1.2+dfsg-2 libgmpxx4ldbl_2:5.1.2+dfsg-2 libgomp1_4.8.1-6 libgpg-error0_1.10-3.1 libgpm2_1.20.4-6.1 libid3tag0_0.15.1b-10 libid3tag0-dev_0.15.1b-10 libisl10_0.11.2-1 libitm1_4.8.1-6 libllvm3.3_1:3.3-3 liblocale-gettext-perl_1.05-7+b1 liblzma5_5.1.1alpha+20120614-2 libmagic1_1:5.14-2 libmount1_2.20.1-5.5 libmp3lame-dev_3.99.5+repack1-3 libmp3lame0_3.99.5+repack1-3 libmpc2_0.9-4 libmpc3_1.0.1-1 libmpfr4_3.1.1-1 libncurses5_5.9+20130608-1 libncursesw5_5.9+20130608-1 libobjc-4.7-dev_4.7.3-6 libobjc4_4.8.1-6 libogg-dev_1.3.1-1 libogg0_1.3.1-1 libpam-modules_1.1.3-9 libpam-modules-bin_1.1.3-9 libpam-runtime_1.1.3-9 libpam0g_1.1.3-9 libpcre3_1:8.31-2 libpcre3-dev_1:8.31-2 libpcrecpp0_1:8.31-2 libpipeline1_1.2.4-1 libpopt0_1.16-7 libppl-c4_1:1.0-7 libppl12_1:1.0-7 libpython-stdlib_2.7.5-2 libpython2.7-minimal_2.7.5-6 libpython2.7-stdlib_2.7.5-6 libquadmath0_4.8.1-6 libreadline6_6.2+dfsg-0.1 libselinux1_2.1.13-2 libselinux1-dev_2.1.13-2 libsemanage-common_2.1.10-2 libsemanage1_2.1.10-2 libsepol1_2.1.9-2 libsepol1-dev_2.1.9-2 libsigsegv2_2.10-2 libslang2_2.2.4-15 libsqlite3-0_3.7.17-1 libss2_1.42.8-1 libssl1.0.0_1.0.1e-3 libstdc++-4.8-dev_4.8.1-6 libstdc++6_4.8.1-6 libstdc++6-4.6-dev_4.6.4-4 libstdc++6-4.7-dev_4.7.3-6 libswitch-perl_2.16-2 libtext-charwidth-perl_0.04-7+b1 libtext-iconv-perl_1.7-5 libtext-wrapi18n-perl_0.06-7 libtimedate-perl_1.2000-1 libtinfo5_5.9+20130608-1 libtool_2.4.2-1.3 libtsan0_4.8.1-6 libunistring0_0.9.3-5 libusb-0.1-4_2:0.1.12-23.2 libustr-1.0-1_1.0.4-3 libuuid1_2.20.1-5.5 libxml2_2.9.1+dfsg1-2 libxml2-utils_2.9.1+dfsg1-2 libxslt1.1_1.1.26-14.1 linux-libc-dev_3.10.1-1 login_1:4.1.5.1-1 lsb-base_4.1+Debian12 m4_1.4.16-5 make_3.81-8.2 man-db_2.6.5-2 mawk_1.3.3-17 mime-support_3.54 mount_2.20.1-5.5 multiarch-support_2.17-7 ncurses-base_5.9+20130608-1 ncurses-bin_5.9+20130608-1 passwd_1:4.1.5.1-1 patch_2.7.1-3 perl_5.14.2-21 perl-base_5.14.2-21 perl-modules_5.14.2-21 pkg-config_0.26-1 po-debconf_1.0.16+nmu2 python_2.7.5-2 python-minimal_2.7.5-2 python2.7_2.7.5-6 python2.7-minimal_2.7.5-6 readline-common_6.2+dfsg-0.1 sbuild-build-depends-core-dummy_0.invalid.0 sbuild-build-depends-mp3fs-dummy_0.invalid.0 sed_4.2.2-1 sensible-utils_0.0.9 sgml-base_1.26+nmu4 sgml-data_2.0.9-1 sudo_1.8.5p2-1+nmu1 sysv-rc_2.88dsf-43 sysvinit_2.88dsf-43 sysvinit-utils_2.88dsf-43 tar_1.26+dfsg-6 tzdata_2013c-2 ucf_3.0027+nmu1 util-linux_2.20.1-5.5 vim_2:7.3.923-3 vim-common_2:7.3.923-3 vim-runtime_2:7.3.923-3 xml-core_0.13+nmu2 xmlto_0.0.25-2 xsltproc_1.1.26-14.1 xz-utils_5.1.1alpha+20120614-2 zlib1g_1:1.2.8.dfsg-1 zlib1g-dev_1:1.2.8.dfsg-1

┌──────────────────────────────────────────────────────────────────────────────┐
│ Build                                                                        │
└──────────────────────────────────────────────────────────────────────────────┘


Unpack source
─────────────

gpgv: keyblock resource `/sbuild-nonexistent/.gnupg/trustedkeys.gpg': file open error
gpgv: Signature made Wed Jun 13 18:57:13 2012 UTC using RSA key ID 311D765A
gpgv: Can't check signature: public key not found
dpkg-source: warning: failed to verify signature on ./mp3fs_0.31-28-g7b30a54-1.dsc
dpkg-source: info: extracting mp3fs in mp3fs-0.31-28-g7b30a54
dpkg-source: info: unpacking mp3fs_0.31-28-g7b30a54.orig.tar.bz2
dpkg-source: info: unpacking mp3fs_0.31-28-g7b30a54-1.debian.tar.gz

Check disc space
────────────────

Sufficient free space for build

Hack binNMU version
───────────────────

Created changelog entry for binNMU version 0.31-28-g7b30a54-1clang1

User Environment
────────────────

HOME=/sbuild-nonexistent
LOGNAME=user
PATH=/usr/local/sbin:/usr/local/bin:/usr/sbin:/usr/bin:/sbin:/bin:/usr/games
SCHROOT_ALIAS_NAME=unstable-amd64-sbuild
SCHROOT_CHROOT_NAME=unstable-amd64-sbuild
SCHROOT_COMMAND=env
SCHROOT_GID=1000
SCHROOT_GROUP=user
SCHROOT_SESSION_ID=unstable-amd64-sbuild-87cea500-9555-4830-bb25-2fa6b2ce901a
SCHROOT_UID=1000
SCHROOT_USER=user
SHELL=/bin/sh
USER=user

dpkg-buildpackage
─────────────────

dpkg-buildpackage: source package mp3fs
dpkg-buildpackage: source version 0.31-28-g7b30a54-1clang1
 dpkg-source --before-build mp3fs-0.31-28-g7b30a54
dpkg-buildpackage: host architecture amd64
 fakeroot debian/rules clean
dh clean --with autoreconf
   dh_testdir
   dh_auto_clean
   dh_autoreconf_clean
   dh_clean
 debian/rules build-arch
dh build-arch --with autoreconf
   dh_testdir -a
   dh_autoreconf -a
configure.ac:7: installing 'config/install-sh'
configure.ac:7: installing 'config/missing'
src/Makefile.am: installing 'config/depcomp'
parallel-tests: installing 'config/test-driver'
   dh_auto_configure -a
configure: WARNING: unrecognized options: --disable-maintainer-mode
checking for a BSD-compatible install... /usr/bin/install -c
checking whether build environment is sane... yes
checking for a thread-safe mkdir -p... /bin/mkdir -p
checking for gawk... no
checking for mawk... mawk
checking whether make sets $(MAKE)... yes
checking whether make supports nested variables... yes
checking whether make supports nested variables... (cached) yes
checking for gcc... gcc
checking whether the C compiler works... yes
checking for C compiler default output file name... a.out
checking for suffix of executables... 
checking whether we are cross compiling... no
checking for suffix of object files... o
checking whether we are using the GNU C compiler... yes
checking whether gcc accepts -g... yes
checking for gcc option to accept ISO C89... none needed
checking for style of include used by make... GNU
checking dependency style of gcc... none
checking for lame_init in -lmp3lame... yes
checking how to run the C preprocessor... gcc -E
checking for grep that handles long lines and -e... /bin/grep
checking for egrep... /bin/grep -E
checking for ANSI C header files... yes
checking for sys/types.h... yes
checking for sys/stat.h... yes
checking for stdlib.h... yes
checking for string.h... yes
checking for memory.h... yes
checking for strings.h... yes
checking for inttypes.h... yes
checking for stdint.h... yes
checking for unistd.h... yes
checking lame/lame.h usability... yes
checking lame/lame.h presence... yes
checking for lame/lame.h... yes
checking for pkg-config... /usr/bin/pkg-config
checking pkg-config is at least version 0.9.0... yes
checking for fuse... yes
checking for id3tag... yes
checking for flac... yes
checking for special C compiler options needed for large files... no
checking for _FILE_OFFSET_BITS value needed for large files... no
checking that generated files are newer than configure... done
configure: creating ./config.status
config.status: creating Makefile
config.status: creating src/Makefile
config.status: creating test/Makefile
config.status: executing depfiles commands
configure: WARNING: unrecognized options: --disable-maintainer-mode
   dh_auto_build -a
make[1]: Entering directory `/«PKGBUILDDIR»'
Making all in src
make[2]: Entering directory `/«PKGBUILDDIR»/src'
  CC       mp3fs.o
  CC       fuseops.o
  CC       transcode.o
transcode.c:252:38: error: expected ')'
            snprintf(tmpstr, 10, "%" PRIu64,
                                     ^
/usr/include/x86_64-linux-gnu/bits/stdio2.h:70:8: note: expanded from macro 'snprintf'
                            __VA_ARGS__)
                            ^
transcode.c:252:13: note: to match this '('
            snprintf(tmpstr, 10, "%" PRIu64,
            ^
/usr/include/x86_64-linux-gnu/bits/stdio2.h:69:28: note: expanded from macro 'snprintf'
  __builtin___snprintf_chk (str, len, __USE_FORTIFY_LEVEL - 1, __bos (str), \
                           ^
1 error generated.
make[2]: *** [transcode.o] Error 1
make[2]: Leaving directory `/«PKGBUILDDIR»/src'
make[1]: *** [all-recursive] Error 1
dh_auto_build: make -j1 returned exit code 2
make[1]: Leaving directory `/«PKGBUILDDIR»'
make: *** [build-arch] Error 2
dpkg-buildpackage: error: debian/rules build-arch gave error exit status 2
────────────────────────────────────────────────────────────────────────────────
Build finished at 20130717-1905

Finished
────────

E: Build failure (dpkg-buildpackage died)

┌──────────────────────────────────────────────────────────────────────────────┐
│ Cleanup                                                                      │
└──────────────────────────────────────────────────────────────────────────────┘

Purging /«BUILDDIR»
Not cleaning session: cloned chroot in use

┌──────────────────────────────────────────────────────────────────────────────┐
│ Summary                                                                      │
└──────────────────────────────────────────────────────────────────────────────┘

Build Architecture: amd64
Build-Space: 1436
Build-Time: 11
Distribution: unstable
Fail-Stage: build
Host Architecture: amd64
Install-Time: 18
Job: mp3fs_0.31-28-g7b30a54-1
Machine Architecture: amd64
Package: mp3fs
Package-Time: 114
Source-Version: 0.31-28-g7b30a54-1
Space: 1436
Status: attempted
Version: 0.31-28-g7b30a54-1clang1
────────────────────────────────────────────────────────────────────────────────
Finished at 20130717-1905
Build needed 00:01:54, 1436k disc space
DC-Status: Failed 115.106952137s
DC-Time-Estimation: 115.106952137 versus expected 54 (r/m: 1.1316102247592592 ; m: 54.0)
