DC-Build-Header: nwipe 0.14-1 / 2013-07-19 05:48:45 +0000
DC-Task: source:nwipe version:0.14-1 architecture:any chroot:unstable esttime:36 logfile:/tmp/nwipe_0.14-1_unstable_clang.log modes:binary-only:clang
DC-Sbuild-call: su user -c 'sbuild -n --apt-update -d unstable -v  --chroot-setup-commands=/tmp/switch-to-clang --append-to-version "clang1" --maintainer "Lucas Nussbaum <lucas@debian.org>" --uploader "Lucas Nussbaum <lucas@debian.org>" nwipe_0.14-1'
sbuild (Debian sbuild) 0.63.2 (18 Aug 2012) on ip-10-235-1-254.ec2.internal

╔══════════════════════════════════════════════════════════════════════════════╗
║ nwipe 0.14-1clang1 (amd64)                                 19 Jul 2013 05:48 ║
╚══════════════════════════════════════════════════════════════════════════════╝

Package: nwipe
Version: 0.14-1clang1
Source Version: 0.14-1
Distribution: unstable
Machine Architecture: amd64
Host Architecture: amd64
Build Architecture: amd64

I: NOTICE: Log filtering will replace 'build/nwipe-HtftGW/nwipe-0.14' with '«PKGBUILDDIR»'
I: NOTICE: Log filtering will replace 'build/nwipe-HtftGW' with '«BUILDDIR»'
I: NOTICE: Log filtering will replace 'var/lib/schroot/mount/unstable-amd64-sbuild-46ba5362-4115-46f5-9e10-e978ac605ff5' with '«CHROOT»'

┌──────────────────────────────────────────────────────────────────────────────┐
│ Update chroot                                                                │
└──────────────────────────────────────────────────────────────────────────────┘

Get:1 http://localhost:9999 unstable InRelease [204 kB]
Get:2 http://localhost:9999 unstable/main Sources/DiffIndex [7876 B]
Get:3 http://localhost:9999 unstable/main amd64 Packages/DiffIndex [7876 B]
Get:4 http://localhost:9999 unstable/main Translation-en/DiffIndex [7876 B]
Get:5 http://localhost:9999 unstable/main 2013-07-13-2032.15.pdiff [23.1 kB]
Get:6 http://localhost:9999 unstable/main amd64 2013-07-13-2032.15.pdiff [16.9 kB]
Get:7 http://localhost:9999 unstable/main 2013-07-13-2032.15.pdiff [23.1 kB]
Get:8 http://localhost:9999 unstable/main 2013-07-13-2032.15.pdiff [1809 B]
Get:9 http://localhost:9999 unstable/main amd64 2013-07-13-2032.15.pdiff [16.9 kB]
Get:10 http://localhost:9999 unstable/main 2013-07-14-0231.07.pdiff [12.9 kB]
Get:11 http://localhost:9999 unstable/main 2013-07-13-2032.15.pdiff [1809 B]
Get:12 http://localhost:9999 unstable/main amd64 2013-07-14-0231.07.pdiff [14.9 kB]
Get:13 http://localhost:9999 unstable/main 2013-07-14-0231.07.pdiff [12.9 kB]
Get:14 http://localhost:9999 unstable/main 2013-07-14-0231.07.pdiff [1384 B]
Get:15 http://localhost:9999 unstable/main amd64 2013-07-14-0231.07.pdiff [14.9 kB]
Get:16 http://localhost:9999 unstable/main 2013-07-14-0832.16.pdiff [4670 B]
Get:17 http://localhost:9999 unstable/main 2013-07-14-0231.07.pdiff [1384 B]
Get:18 http://localhost:9999 unstable/main amd64 2013-07-14-0832.16.pdiff [1624 B]
Get:19 http://localhost:9999 unstable/main 2013-07-14-0832.16.pdiff [4670 B]
Get:20 http://localhost:9999 unstable/main 2013-07-14-0832.16.pdiff [337 B]
Get:21 http://localhost:9999 unstable/main amd64 2013-07-14-0832.16.pdiff [1624 B]
Get:22 http://localhost:9999 unstable/main 2013-07-14-1431.18.pdiff [11.4 kB]
Get:23 http://localhost:9999 unstable/main 2013-07-14-0832.16.pdiff [337 B]
Get:24 http://localhost:9999 unstable/main amd64 2013-07-14-1431.18.pdiff [8223 B]
Get:25 http://localhost:9999 unstable/main 2013-07-14-1431.18.pdiff [11.4 kB]
Get:26 http://localhost:9999 unstable/main 2013-07-14-1431.18.pdiff [887 B]
Get:27 http://localhost:9999 unstable/main amd64 2013-07-14-1431.18.pdiff [8223 B]
Get:28 http://localhost:9999 unstable/main 2013-07-14-2031.21.pdiff [9038 B]
Get:29 http://localhost:9999 unstable/main 2013-07-14-1431.18.pdiff [887 B]
Get:30 http://localhost:9999 unstable/main amd64 2013-07-14-2031.21.pdiff [9955 B]
Get:31 http://localhost:9999 unstable/main 2013-07-14-2031.21.pdiff [9038 B]
Get:32 http://localhost:9999 unstable/main 2013-07-14-2031.21.pdiff [2736 B]
Get:33 http://localhost:9999 unstable/main amd64 2013-07-14-2031.21.pdiff [9955 B]
Get:34 http://localhost:9999 unstable/main 2013-07-15-0229.01.pdiff [9715 B]
Get:35 http://localhost:9999 unstable/main 2013-07-14-2031.21.pdiff [2736 B]
Get:36 http://localhost:9999 unstable/main amd64 2013-07-15-0229.01.pdiff [12.7 kB]
Get:37 http://localhost:9999 unstable/main 2013-07-15-0229.01.pdiff [9715 B]
Get:38 http://localhost:9999 unstable/main 2013-07-15-0229.01.pdiff [2239 B]
Get:39 http://localhost:9999 unstable/main amd64 2013-07-15-0229.01.pdiff [12.7 kB]
Get:40 http://localhost:9999 unstable/main 2013-07-15-0830.19.pdiff [3273 B]
Get:41 http://localhost:9999 unstable/main 2013-07-15-0229.01.pdiff [2239 B]
Get:42 http://localhost:9999 unstable/main amd64 2013-07-15-0830.19.pdiff [3964 B]
Get:43 http://localhost:9999 unstable/main 2013-07-15-0830.19.pdiff [3273 B]
Get:44 http://localhost:9999 unstable/main 2013-07-15-0830.19.pdiff [1357 B]
Get:45 http://localhost:9999 unstable/main amd64 2013-07-15-0830.19.pdiff [3964 B]
Get:46 http://localhost:9999 unstable/main 2013-07-15-1432.36.pdiff [5326 B]
Get:47 http://localhost:9999 unstable/main 2013-07-15-0830.19.pdiff [1357 B]
Get:48 http://localhost:9999 unstable/main amd64 2013-07-15-1432.36.pdiff [9809 B]
Get:49 http://localhost:9999 unstable/main 2013-07-15-1432.36.pdiff [5326 B]
Get:50 http://localhost:9999 unstable/main 2013-07-15-1432.36.pdiff [322 B]
Get:51 http://localhost:9999 unstable/main amd64 2013-07-15-1432.36.pdiff [9809 B]
Get:52 http://localhost:9999 unstable/main 2013-07-15-2031.50.pdiff [12.2 kB]
Get:53 http://localhost:9999 unstable/main 2013-07-15-1432.36.pdiff [322 B]
Get:54 http://localhost:9999 unstable/main amd64 2013-07-15-2031.50.pdiff [24.4 kB]
Get:55 http://localhost:9999 unstable/main 2013-07-15-2031.50.pdiff [12.2 kB]
Get:56 http://localhost:9999 unstable/main 2013-07-15-2031.50.pdiff [537 B]
Get:57 http://localhost:9999 unstable/main amd64 2013-07-15-2031.50.pdiff [24.4 kB]
Get:58 http://localhost:9999 unstable/main 2013-07-16-0233.12.pdiff [14.8 kB]
Get:59 http://localhost:9999 unstable/main 2013-07-15-2031.50.pdiff [537 B]
Get:60 http://localhost:9999 unstable/main amd64 2013-07-16-0233.12.pdiff [49.5 kB]
Get:61 http://localhost:9999 unstable/main 2013-07-16-0233.12.pdiff [14.8 kB]
Get:62 http://localhost:9999 unstable/main 2013-07-16-0233.12.pdiff [3247 B]
Get:63 http://localhost:9999 unstable/main amd64 2013-07-16-0233.12.pdiff [49.5 kB]
Get:64 http://localhost:9999 unstable/main 2013-07-16-0834.41.pdiff [7447 B]
Get:65 http://localhost:9999 unstable/main 2013-07-16-0233.12.pdiff [3247 B]
Get:66 http://localhost:9999 unstable/main amd64 2013-07-16-0834.41.pdiff [4493 B]
Get:67 http://localhost:9999 unstable/main 2013-07-16-0834.41.pdiff [7447 B]
Get:68 http://localhost:9999 unstable/main 2013-07-16-0834.41.pdiff [5852 B]
Get:69 http://localhost:9999 unstable/main amd64 2013-07-16-0834.41.pdiff [4493 B]
Get:70 http://localhost:9999 unstable/main 2013-07-16-1433.54.pdiff [21.2 kB]
Get:71 http://localhost:9999 unstable/main 2013-07-16-0834.41.pdiff [5852 B]
Get:72 http://localhost:9999 unstable/main amd64 2013-07-16-1433.54.pdiff [19.3 kB]
Get:73 http://localhost:9999 unstable/main 2013-07-16-1433.54.pdiff [21.2 kB]
Get:74 http://localhost:9999 unstable/main 2013-07-16-1433.54.pdiff [1941 B]
Get:75 http://localhost:9999 unstable/main amd64 2013-07-16-1433.54.pdiff [19.3 kB]
Get:76 http://localhost:9999 unstable/main 2013-07-16-2046.09.pdiff [19.4 kB]
Get:77 http://localhost:9999 unstable/main 2013-07-16-1433.54.pdiff [1941 B]
Get:78 http://localhost:9999 unstable/main amd64 2013-07-16-2046.09.pdiff [18.4 kB]
Get:79 http://localhost:9999 unstable/main 2013-07-16-2046.09.pdiff [19.4 kB]
Get:80 http://localhost:9999 unstable/main 2013-07-16-2046.09.pdiff [465 B]
Get:81 http://localhost:9999 unstable/main amd64 2013-07-16-2046.09.pdiff [18.4 kB]
Get:82 http://localhost:9999 unstable/main 2013-07-17-0233.52.pdiff [6503 B]
Get:83 http://localhost:9999 unstable/main 2013-07-16-2046.09.pdiff [465 B]
Get:84 http://localhost:9999 unstable/main amd64 2013-07-17-0233.52.pdiff [10.9 kB]
Get:85 http://localhost:9999 unstable/main 2013-07-17-0233.52.pdiff [6503 B]
Get:86 http://localhost:9999 unstable/main 2013-07-17-0233.52.pdiff [2433 B]
Get:87 http://localhost:9999 unstable/main amd64 2013-07-17-0233.52.pdiff [10.9 kB]
Get:88 http://localhost:9999 unstable/main 2013-07-17-0833.19.pdiff [6945 B]
Get:89 http://localhost:9999 unstable/main 2013-07-17-0233.52.pdiff [2433 B]
Get:90 http://localhost:9999 unstable/main amd64 2013-07-17-0833.19.pdiff [7401 B]
Get:91 http://localhost:9999 unstable/main 2013-07-17-0833.19.pdiff [6945 B]
Get:92 http://localhost:9999 unstable/main 2013-07-17-0833.19.pdiff [1349 B]
Get:93 http://localhost:9999 unstable/main amd64 2013-07-17-0833.19.pdiff [7401 B]
Get:94 http://localhost:9999 unstable/main 2013-07-17-1433.06.pdiff [6373 B]
Get:95 http://localhost:9999 unstable/main 2013-07-17-0833.19.pdiff [1349 B]
Get:96 http://localhost:9999 unstable/main amd64 2013-07-17-1433.06.pdiff [16.6 kB]
Get:97 http://localhost:9999 unstable/main 2013-07-17-1433.06.pdiff [6373 B]
Get:98 http://localhost:9999 unstable/main 2013-07-17-1433.06.pdiff [629 B]
Get:99 http://localhost:9999 unstable/main amd64 2013-07-17-1433.06.pdiff [16.6 kB]
Get:100 http://localhost:9999 unstable/main 2013-07-17-2032.34.pdiff [12.2 kB]
Get:101 http://localhost:9999 unstable/main 2013-07-17-1433.06.pdiff [629 B]
Get:102 http://localhost:9999 unstable/main amd64 2013-07-17-2032.34.pdiff [16.8 kB]
Get:103 http://localhost:9999 unstable/main 2013-07-17-2032.34.pdiff [12.2 kB]
Get:104 http://localhost:9999 unstable/main 2013-07-17-2032.34.pdiff [1150 B]
Get:105 http://localhost:9999 unstable/main amd64 2013-07-17-2032.34.pdiff [16.8 kB]
Get:106 http://localhost:9999 unstable/main 2013-07-18-0230.02.pdiff [5227 B]
Get:107 http://localhost:9999 unstable/main 2013-07-17-2032.34.pdiff [1150 B]
Get:108 http://localhost:9999 unstable/main amd64 2013-07-18-0230.02.pdiff [4895 B]
Get:109 http://localhost:9999 unstable/main 2013-07-18-0230.02.pdiff [5227 B]
Get:110 http://localhost:9999 unstable/main 2013-07-18-0230.02.pdiff [1970 B]
Get:111 http://localhost:9999 unstable/main amd64 2013-07-18-0230.02.pdiff [4895 B]
Get:112 http://localhost:9999 unstable/main 2013-07-18-0832.03.pdiff [8561 B]
Get:113 http://localhost:9999 unstable/main 2013-07-18-0230.02.pdiff [1970 B]
Get:114 http://localhost:9999 unstable/main amd64 2013-07-18-0832.03.pdiff [19.2 kB]
Get:115 http://localhost:9999 unstable/main 2013-07-18-0832.03.pdiff [8561 B]
Get:116 http://localhost:9999 unstable/main 2013-07-18-0832.03.pdiff [443 B]
Get:117 http://localhost:9999 unstable/main amd64 2013-07-18-0832.03.pdiff [19.2 kB]
Get:118 http://localhost:9999 unstable/main 2013-07-18-1430.41.pdiff [9942 B]
Get:119 http://localhost:9999 unstable/main 2013-07-18-0832.03.pdiff [443 B]
Get:120 http://localhost:9999 unstable/main amd64 2013-07-18-1430.41.pdiff [13.9 kB]
Get:121 http://localhost:9999 unstable/main 2013-07-18-1430.41.pdiff [9942 B]
Get:122 http://localhost:9999 unstable/main 2013-07-18-1430.41.pdiff [206 B]
Get:123 http://localhost:9999 unstable/main amd64 2013-07-18-1430.41.pdiff [13.9 kB]
Get:124 http://localhost:9999 unstable/main 2013-07-18-2031.52.pdiff [9059 B]
Get:125 http://localhost:9999 unstable/main 2013-07-18-1430.41.pdiff [206 B]
Get:126 http://localhost:9999 unstable/main amd64 2013-07-18-2031.52.pdiff [9288 B]
Get:127 http://localhost:9999 unstable/main 2013-07-18-2031.52.pdiff [9059 B]
Get:128 http://localhost:9999 unstable/main 2013-07-18-2031.52.pdiff [2219 B]
Get:129 http://localhost:9999 unstable/main amd64 2013-07-18-2031.52.pdiff [9288 B]
Get:130 http://localhost:9999 unstable/main 2013-07-19-0235.27.pdiff [4798 B]
Get:131 http://localhost:9999 unstable/main 2013-07-18-2031.52.pdiff [2219 B]
Get:132 http://localhost:9999 unstable/main amd64 2013-07-19-0235.27.pdiff [4683 B]
Get:133 http://localhost:9999 unstable/main 2013-07-19-0235.27.pdiff [4798 B]
Get:134 http://localhost:9999 unstable/main 2013-07-19-0235.27.pdiff [155 B]
Get:135 http://localhost:9999 unstable/main amd64 2013-07-19-0235.27.pdiff [4683 B]
Get:136 http://localhost:9999 unstable/main 2013-07-19-0235.27.pdiff [155 B]
Fetched 784 kB in 1min 20s (9762 B/s)
Reading package lists...
Reading package lists...
Building dependency tree...
Reading state information...
The following packages will be upgraded:
  apt cpp-4.7 cpp-4.8 g++-4.8 gcc-4.7 gcc-4.7-base gcc-4.8 gcc-4.8-base
  initscripts libapt-pkg4.12 libasan0 libatomic1 libgcc-4.7-dev libgcc-4.8-dev
  libgcc1 libgomp1 libitm1 libquadmath0 libstdc++-4.8-dev libstdc++6 libtsan0
  linux-libc-dev sysv-rc sysvinit sysvinit-utils
25 upgraded, 0 newly installed, 0 to remove and 0 not upgraded.
Need to get 44.5 MB of archives.
After this operation, 47.1 kB of additional disk space will be used.
Get:1 http://localhost:9999/debian/ unstable/main sysvinit amd64 2.88dsf-43 [134 kB]
Get:2 http://localhost:9999/debian/ unstable/main libitm1 amd64 4.8.1-7 [37.4 kB]
Get:3 http://localhost:9999/debian/ unstable/main libgomp1 amd64 4.8.1-7 [26.8 kB]
Get:4 http://localhost:9999/debian/ unstable/main libasan0 amd64 4.8.1-7 [75.6 kB]
Get:5 http://localhost:9999/debian/ unstable/main gcc-4.8-base amd64 4.8.1-7 [150 kB]
Get:6 http://localhost:9999/debian/ unstable/main libgcc1 amd64 1:4.8.1-7 [43.3 kB]
Get:7 http://localhost:9999/debian/ unstable/main libatomic1 amd64 4.8.1-7 [10.0 kB]
Get:8 http://localhost:9999/debian/ unstable/main libtsan0 amd64 4.8.1-7 [117 kB]
Get:9 http://localhost:9999/debian/ unstable/main libquadmath0 amd64 4.8.1-7 [138 kB]
Get:10 http://localhost:9999/debian/ unstable/main cpp-4.8 amd64 4.8.1-7 [5811 kB]
Get:11 http://localhost:9999/debian/ unstable/main libstdc++-4.8-dev amd64 4.8.1-7 [1744 kB]
Get:12 http://localhost:9999/debian/ unstable/main g++-4.8 amd64 4.8.1-7 [9490 kB]
Get:13 http://localhost:9999/debian/ unstable/main gcc-4.8 amd64 4.8.1-7 [6349 kB]
Get:14 http://localhost:9999/debian/ unstable/main libgcc-4.8-dev amd64 4.8.1-7 [2791 kB]
Get:15 http://localhost:9999/debian/ unstable/main libstdc++6 amd64 4.8.1-7 [325 kB]
Get:16 http://localhost:9999/debian/ unstable/main libapt-pkg4.12 amd64 0.9.9.2 [928 kB]
Get:17 http://localhost:9999/debian/ unstable/main apt amd64 0.9.9.2 [1327 kB]
Get:18 http://localhost:9999/debian/ unstable/main sysv-rc all 2.88dsf-43 [80.5 kB]
Get:19 http://localhost:9999/debian/ unstable/main sysvinit-utils amd64 2.88dsf-43 [103 kB]
Get:20 http://localhost:9999/debian/ unstable/main initscripts amd64 2.88dsf-43 [87.2 kB]
Get:21 http://localhost:9999/debian/ unstable/main gcc-4.7 amd64 4.7.3-6 [5819 kB]
Get:22 http://localhost:9999/debian/ unstable/main cpp-4.7 amd64 4.7.3-6 [5385 kB]
Get:23 http://localhost:9999/debian/ unstable/main libgcc-4.7-dev amd64 4.7.3-6 [2465 kB]
Get:24 http://localhost:9999/debian/ unstable/main gcc-4.7-base amd64 4.7.3-6 [149 kB]
Get:25 http://localhost:9999/debian/ unstable/main linux-libc-dev amd64 3.10.1-1 [869 kB]
debconf: delaying package configuration, since apt-utils is not installed
Fetched 44.5 MB in 1s (24.7 MB/s)
(Reading database ... 13844 files and directories currently installed.)
Preparing to replace sysvinit 2.88dsf-41 (using .../sysvinit_2.88dsf-43_amd64.deb) ...
Unpacking replacement sysvinit ...
Setting up sysvinit (2.88dsf-43) ...
Not restarting sysvinit
(Reading database ... 13844 files and directories currently installed.)
Preparing to replace libitm1:amd64 4.8.1-6 (using .../libitm1_4.8.1-7_amd64.deb) ...
Unpacking replacement libitm1:amd64 ...
Preparing to replace libgomp1:amd64 4.8.1-6 (using .../libgomp1_4.8.1-7_amd64.deb) ...
Unpacking replacement libgomp1:amd64 ...
Preparing to replace libasan0:amd64 4.8.1-6 (using .../libasan0_4.8.1-7_amd64.deb) ...
Unpacking replacement libasan0:amd64 ...
Preparing to replace gcc-4.8-base:amd64 4.8.1-6 (using .../gcc-4.8-base_4.8.1-7_amd64.deb) ...
Unpacking replacement gcc-4.8-base:amd64 ...
Setting up gcc-4.8-base:amd64 (4.8.1-7) ...
(Reading database ... 13844 files and directories currently installed.)
Preparing to replace libgcc1:amd64 1:4.8.1-6 (using .../libgcc1_1%3a4.8.1-7_amd64.deb) ...
Unpacking replacement libgcc1:amd64 ...
Setting up libgcc1:amd64 (1:4.8.1-7) ...
Processing triggers for libc-bin ...
(Reading database ... 13844 files and directories currently installed.)
Preparing to replace libatomic1:amd64 4.8.1-6 (using .../libatomic1_4.8.1-7_amd64.deb) ...
Unpacking replacement libatomic1:amd64 ...
Preparing to replace libtsan0:amd64 4.8.1-6 (using .../libtsan0_4.8.1-7_amd64.deb) ...
Unpacking replacement libtsan0:amd64 ...
Preparing to replace libquadmath0:amd64 4.8.1-6 (using .../libquadmath0_4.8.1-7_amd64.deb) ...
Unpacking replacement libquadmath0:amd64 ...
Preparing to replace cpp-4.8 4.8.1-6 (using .../cpp-4.8_4.8.1-7_amd64.deb) ...
Unpacking replacement cpp-4.8 ...
Preparing to replace libstdc++-4.8-dev:amd64 4.8.1-6 (using .../libstdc++-4.8-dev_4.8.1-7_amd64.deb) ...
Unpacking replacement libstdc++-4.8-dev:amd64 ...
Preparing to replace g++-4.8 4.8.1-6 (using .../g++-4.8_4.8.1-7_amd64.deb) ...
Unpacking replacement g++-4.8 ...
Preparing to replace gcc-4.8 4.8.1-6 (using .../gcc-4.8_4.8.1-7_amd64.deb) ...
Unpacking replacement gcc-4.8 ...
Preparing to replace libgcc-4.8-dev:amd64 4.8.1-6 (using .../libgcc-4.8-dev_4.8.1-7_amd64.deb) ...
Unpacking replacement libgcc-4.8-dev:amd64 ...
Preparing to replace libstdc++6:amd64 4.8.1-6 (using .../libstdc++6_4.8.1-7_amd64.deb) ...
Unpacking replacement libstdc++6:amd64 ...
Setting up libstdc++6:amd64 (4.8.1-7) ...
Processing triggers for libc-bin ...
(Reading database ... 13844 files and directories currently installed.)
Preparing to replace libapt-pkg4.12:amd64 0.9.9.1 (using .../libapt-pkg4.12_0.9.9.2_amd64.deb) ...
Unpacking replacement libapt-pkg4.12:amd64 ...
Setting up libapt-pkg4.12:amd64 (0.9.9.2) ...
Processing triggers for libc-bin ...
(Reading database ... 13844 files and directories currently installed.)
Preparing to replace apt 0.9.9.1 (using .../archives/apt_0.9.9.2_amd64.deb) ...
Unpacking replacement apt ...
Setting up apt (0.9.9.2) ...
gpg: key B98321F9: "Squeeze Stable Release Key <debian-release@lists.debian.org>" not changed
gpg: key 473041FA: "Debian Archive Automatic Signing Key (6.0/squeeze) <ftpmaster@debian.org>" not changed
gpg: key 65FFB764: "Wheezy Stable Release Key <debian-release@lists.debian.org>" not changed
gpg: key 46925553: "Debian Archive Automatic Signing Key (7.0/wheezy) <ftpmaster@debian.org>" not changed
gpg: Total number processed: 4
gpg:              unchanged: 4
(Reading database ... 13844 files and directories currently installed.)
Preparing to replace sysv-rc 2.88dsf-41 (using .../sysv-rc_2.88dsf-43_all.deb) ...
Unpacking replacement sysv-rc ...
Preparing to replace sysvinit-utils 2.88dsf-41 (using .../sysvinit-utils_2.88dsf-43_amd64.deb) ...
Unpacking replacement sysvinit-utils ...
Setting up sysvinit-utils (2.88dsf-43) ...
Setting up sysv-rc (2.88dsf-43) ...
(Reading database ... 13844 files and directories currently installed.)
Preparing to replace initscripts 2.88dsf-41 (using .../initscripts_2.88dsf-43_amd64.deb) ...
Removing unmodified and obsolete conffile /etc/init.d/mtab.sh ...
Unpacking replacement initscripts ...
Setting up initscripts (2.88dsf-43) ...
Installing new version of config file /etc/init.d/bootmisc.sh ...
Installing new version of config file /etc/init.d/checkfs.sh ...
Installing new version of config file /etc/init.d/checkroot.sh ...
Installing new version of config file /etc/init.d/checkroot-bootclean.sh ...
Installing new version of config file /etc/init.d/mountdevsubfs.sh ...
Installing new version of config file /etc/init.d/mountkernfs.sh ...
Installing new version of config file /etc/init.d/rmnologin ...
Installing new version of config file /etc/network/if-up.d/mountnfs ...
(Reading database ... 13843 files and directories currently installed.)
Preparing to replace gcc-4.7 4.7.3-5 (using .../gcc-4.7_4.7.3-6_amd64.deb) ...
Unpacking replacement gcc-4.7 ...
Preparing to replace cpp-4.7 4.7.3-5 (using .../cpp-4.7_4.7.3-6_amd64.deb) ...
Unpacking replacement cpp-4.7 ...
Preparing to replace libgcc-4.7-dev:amd64 4.7.3-5 (using .../libgcc-4.7-dev_4.7.3-6_amd64.deb) ...
Unpacking replacement libgcc-4.7-dev:amd64 ...
Preparing to replace gcc-4.7-base:amd64 4.7.3-5 (using .../gcc-4.7-base_4.7.3-6_amd64.deb) ...
Unpacking replacement gcc-4.7-base:amd64 ...
Preparing to replace linux-libc-dev:amd64 3.9.8-1 (using .../linux-libc-dev_3.10.1-1_amd64.deb) ...
Unpacking replacement linux-libc-dev:amd64 ...
Setting up libitm1:amd64 (4.8.1-7) ...
Setting up libgomp1:amd64 (4.8.1-7) ...
Setting up libasan0:amd64 (4.8.1-7) ...
Setting up libatomic1:amd64 (4.8.1-7) ...
Setting up libtsan0:amd64 (4.8.1-7) ...
Setting up libquadmath0:amd64 (4.8.1-7) ...
Setting up cpp-4.8 (4.8.1-7) ...
Setting up libgcc-4.8-dev:amd64 (4.8.1-7) ...
Setting up libstdc++-4.8-dev:amd64 (4.8.1-7) ...
Setting up gcc-4.8 (4.8.1-7) ...
Setting up g++-4.8 (4.8.1-7) ...
Setting up gcc-4.7-base:amd64 (4.7.3-6) ...
Setting up cpp-4.7 (4.7.3-6) ...
Setting up libgcc-4.7-dev:amd64 (4.7.3-6) ...
Setting up gcc-4.7 (4.7.3-6) ...
Setting up linux-libc-dev:amd64 (3.10.1-1) ...
Processing triggers for libc-bin ...

┌──────────────────────────────────────────────────────────────────────────────┐
│ Fetch source files                                                           │
└──────────────────────────────────────────────────────────────────────────────┘


Check APT
─────────

Checking available source versions...

Download source files with APT
──────────────────────────────

Reading package lists...
Building dependency tree...
Reading state information...
Need to get 155 kB of source archives.
Get:1 http://localhost:9999/debian/ unstable/main nwipe 0.14-1 (dsc) [1403 B]
Get:2 http://localhost:9999/debian/ unstable/main nwipe 0.14-1 (tar) [151 kB]
Get:3 http://localhost:9999/debian/ unstable/main nwipe 0.14-1 (diff) [3367 B]
Fetched 155 kB in 0s (608 kB/s)
Download complete and in download only mode

Check arch
──────────


┌──────────────────────────────────────────────────────────────────────────────┐
│ Chroot Setup Commands                                                        │
└──────────────────────────────────────────────────────────────────────────────┘


/tmp/switch-to-clang
────────────────────

+ echo 'Entering customization script...'
Entering customization script...
+ echo 'Install of clang'
Install of clang
+ apt-get update
Hit http://localhost:9999 unstable InRelease
Hit http://localhost:9999 unstable/main Sources/DiffIndex
Hit http://localhost:9999 unstable/main amd64 Packages/DiffIndex
Hit http://localhost:9999 unstable/main Translation-en/DiffIndex
Reading package lists...
+ apt-get install --yes --no-install-recommends --force-yes clang-3.3
Reading package lists...
Building dependency tree...
Reading state information...
The following extra packages will be installed:
  libclang-common-3.3-dev libclang1-3.3 libffi6 libllvm3.3 libobjc-4.7-dev
  libobjc4 libstdc++6-4.7-dev
Suggested packages:
  libstdc++6-4.7-doc
Recommended packages:
  llvm-3.3-dev python
The following NEW packages will be installed:
  clang-3.3 libclang-common-3.3-dev libclang1-3.3 libffi6 libllvm3.3
  libobjc-4.7-dev libobjc4 libstdc++6-4.7-dev
0 upgraded, 8 newly installed, 0 to remove and 0 not upgraded.
Need to get 27.2 MB of archives.
After this operation, 80.8 MB of additional disk space will be used.
Get:1 http://localhost:9999/debian/ unstable/main libffi6 amd64 3.0.13-4 [21.6 kB]
Get:2 http://localhost:9999/debian/ unstable/main libllvm3.3 amd64 1:3.3-3 [8575 kB]
Get:3 http://localhost:9999/debian/ unstable/main libobjc4 amd64 4.8.1-7 [160 kB]
Get:4 http://localhost:9999/debian/ unstable/main libstdc++6-4.7-dev amd64 4.7.3-6 [1694 kB]
Get:5 http://localhost:9999/debian/ unstable/main libobjc-4.7-dev amd64 4.7.3-6 [719 kB]
Get:6 http://localhost:9999/debian/ unstable/main libclang-common-3.3-dev amd64 1:3.3-3 [574 kB]
Get:7 http://localhost:9999/debian/ unstable/main libclang1-3.3 amd64 1:3.3-3 [4579 kB]
Get:8 http://localhost:9999/debian/ unstable/main clang-3.3 amd64 1:3.3-3 [10.9 MB]
debconf: delaying package configuration, since apt-utils is not installed
Fetched 27.2 MB in 1s (25.9 MB/s)
Selecting previously unselected package libffi6:amd64.
(Reading database ... 13846 files and directories currently installed.)
Unpacking libffi6:amd64 (from .../libffi6_3.0.13-4_amd64.deb) ...
Selecting previously unselected package libllvm3.3:amd64.
Unpacking libllvm3.3:amd64 (from .../libllvm3.3_1%3a3.3-3_amd64.deb) ...
Selecting previously unselected package libobjc4:amd64.
Unpacking libobjc4:amd64 (from .../libobjc4_4.8.1-7_amd64.deb) ...
Selecting previously unselected package libstdc++6-4.7-dev:amd64.
Unpacking libstdc++6-4.7-dev:amd64 (from .../libstdc++6-4.7-dev_4.7.3-6_amd64.deb) ...
Selecting previously unselected package libobjc-4.7-dev:amd64.
Unpacking libobjc-4.7-dev:amd64 (from .../libobjc-4.7-dev_4.7.3-6_amd64.deb) ...
Selecting previously unselected package libclang-common-3.3-dev.
Unpacking libclang-common-3.3-dev (from .../libclang-common-3.3-dev_1%3a3.3-3_amd64.deb) ...
Selecting previously unselected package libclang1-3.3.
Unpacking libclang1-3.3 (from .../libclang1-3.3_1%3a3.3-3_amd64.deb) ...
Selecting previously unselected package clang-3.3.
Unpacking clang-3.3 (from .../clang-3.3_1%3a3.3-3_amd64.deb) ...
Setting up libffi6:amd64 (3.0.13-4) ...
Setting up libllvm3.3:amd64 (1:3.3-3) ...
Setting up libobjc4:amd64 (4.8.1-7) ...
Setting up libstdc++6-4.7-dev:amd64 (4.7.3-6) ...
Setting up libobjc-4.7-dev:amd64 (4.7.3-6) ...
Setting up libclang-common-3.3-dev (1:3.3-3) ...
Setting up libclang1-3.3 (1:3.3-3) ...
Setting up clang-3.3 (1:3.3-3) ...
Processing triggers for libc-bin ...
+ echo 'Replace gcc, g++ & cpp by clang'
Replace gcc, g++ & cpp by clang
+ VERSIONS='4.6 4.7 4.8'
+ cd /usr/bin
+ for VERSION in '$VERSIONS'
+ rm -f g++-4.6 gcc-4.6 cpp-4.6
+ ln -s clang++ g++-4.6
+ ln -s clang gcc-4.6
+ ln -s clang cpp-4.6
+ for VERSION in '$VERSIONS'
+ rm -f g++-4.7 gcc-4.7 cpp-4.7
+ ln -s clang++ g++-4.7
+ ln -s clang gcc-4.7
+ ln -s clang cpp-4.7
+ for VERSION in '$VERSIONS'
+ rm -f g++-4.8 gcc-4.8 cpp-4.8
+ ln -s clang++ g++-4.8
+ ln -s clang gcc-4.8
+ ln -s clang cpp-4.8
+ cd -
/«BUILDDIR»
+ echo 'Block the installation of new gcc version'
Block the installation of new gcc version
+ dpkg --set-selections
+ echo 'gcc-4.6 hold'
+ dpkg --set-selections
+ echo 'cpp-4.6 hold'
+ dpkg --set-selections
+ echo 'g++-4.6 hold'
+ dpkg --set-selections
+ echo 'gcc-4.7 hold'
+ dpkg --set-selections
+ echo 'cpp-4.7 hold'
+ dpkg --set-selections
+ echo 'g++-4.7 hold'
+ dpkg --set-selections
+ echo 'gcc-4.8 hold'
+ dpkg --set-selections
+ echo 'cpp-4.8 hold'
+ dpkg --set-selections
+ echo 'g++-4.8 hold'
+ echo 'Check if gcc, g++ & cpp are actually clang'
Check if gcc, g++ & cpp are actually clang
+ grep clang
+ gcc --version
+ grep clang
+ cpp --version
+ grep clang
+ g++ --version

I: Finished running '/tmp/switch-to-clang'.

Finished processing commands.
────────────────────────────────────────────────────────────────────────────────
Merged Build-Depends: build-essential, fakeroot
Filtered Build-Depends: build-essential, fakeroot
dpkg-deb: building package `sbuild-build-depends-core-dummy' in `/«BUILDDIR»/resolver-vO2YYr/apt_archive/sbuild-build-depends-core-dummy.deb'.
OK
Reading package lists...

┌──────────────────────────────────────────────────────────────────────────────┐
│ Install core build dependencies (apt-based resolver)                         │
└──────────────────────────────────────────────────────────────────────────────┘

Installing build dependencies
Reading package lists...
Building dependency tree...
Reading state information...
The following NEW packages will be installed:
  sbuild-build-depends-core-dummy
debconf: delaying package configuration, since apt-utils is not installed
0 upgraded, 1 newly installed, 0 to remove and 0 not upgraded.
Need to get 0 B/708 B of archives.
After this operation, 0 B of additional disk space will be used.
Selecting previously unselected package sbuild-build-depends-core-dummy.
(Reading database ... 14701 files and directories currently installed.)
Unpacking sbuild-build-depends-core-dummy (from .../sbuild-build-depends-core-dummy.deb) ...
Setting up sbuild-build-depends-core-dummy (0.invalid.0) ...
Merged Build-Depends: base-files, base-passwd, bash, bsdutils, coreutils, dash, debianutils, diffutils, dpkg, e2fsprogs, findutils, grep, gzip, hostname, libc-bin, login, mount, ncurses-base, ncurses-bin, perl-base, sed, sysvinit, sysvinit-utils, tar, util-linux, libc6-dev | libc-dev, gcc (>= 4:4.4.3), g++ (>= 4:4.4.3), make, dpkg-dev (>= 1.13.5), debhelper (>= 9), autotools-dev, libparted0-dev, libncurses5-dev, dpkg-dev (>= 1.16.1~)
Filtered Build-Depends: base-files, base-passwd, bash, bsdutils, coreutils, dash, debianutils, diffutils, dpkg, e2fsprogs, findutils, grep, gzip, hostname, libc-bin, login, mount, ncurses-base, ncurses-bin, perl-base, sed, sysvinit, sysvinit-utils, tar, util-linux, libc6-dev, gcc (>= 4:4.4.3), g++ (>= 4:4.4.3), make, dpkg-dev (>= 1.13.5), debhelper (>= 9), autotools-dev, libparted0-dev, libncurses5-dev, dpkg-dev (>= 1.16.1~)
dpkg-deb: building package `sbuild-build-depends-nwipe-dummy' in `/«BUILDDIR»/resolver-_8gx2b/apt_archive/sbuild-build-depends-nwipe-dummy.deb'.
OK
Reading package lists...

┌──────────────────────────────────────────────────────────────────────────────┐
│ Install nwipe build dependencies (apt-based resolver)                        │
└──────────────────────────────────────────────────────────────────────────────┘

Installing build dependencies
Reading package lists...
Building dependency tree...
Reading state information...
The following extra packages will be installed:
  autotools-dev bsdmainutils debhelper dmsetup file gettext gettext-base
  groff-base intltool-debian libasprintf0c2 libblkid-dev libcroco3
  libdevmapper-dev libdevmapper-event1.02.1 libdevmapper1.02.1 libglib2.0-0
  libmagic1 libncurses5-dev libparted0-dev libparted0debian1 libpcre3-dev
  libpcrecpp0 libpipeline1 libselinux1-dev libsepol1-dev libtinfo-dev libudev0
  libunistring0 libxml2 man-db po-debconf uuid-dev
Suggested packages:
  wamerican wordlist whois vacation dh-make gettext-doc groff ncurses-doc
  parted parted-doc libparted0-i18n less www-browser libmail-box-perl
Recommended packages:
  curl wget lynx-cur autopoint libasprintf-dev libgettextpo-dev
  libglib2.0-data shared-mime-info xml-core libmail-sendmail-perl
The following NEW packages will be installed:
  autotools-dev bsdmainutils debhelper dmsetup file gettext gettext-base
  groff-base intltool-debian libasprintf0c2 libblkid-dev libcroco3
  libdevmapper-dev libdevmapper-event1.02.1 libdevmapper1.02.1 libglib2.0-0
  libmagic1 libncurses5-dev libparted0-dev libparted0debian1 libpcre3-dev
  libpcrecpp0 libpipeline1 libselinux1-dev libsepol1-dev libtinfo-dev libudev0
  libunistring0 libxml2 man-db po-debconf sbuild-build-depends-nwipe-dummy
  uuid-dev
0 upgraded, 33 newly installed, 0 to remove and 0 not upgraded.
Need to get 11.5 MB/11.5 MB of archives.
After this operation, 31.7 MB of additional disk space will be used.
Get:1 http://localhost:9999/debian/ unstable/main libpipeline1 amd64 1.2.4-1 [41.0 kB]
Get:2 http://localhost:9999/debian/ unstable/main libudev0 amd64 175-7.2 [126 kB]
Get:3 http://localhost:9999/debian/ unstable/main groff-base amd64 1.22.2-3 [747 kB]
Get:4 http://localhost:9999/debian/ unstable/main bsdmainutils amd64 9.0.5 [211 kB]
Get:5 http://localhost:9999/debian/ unstable/main man-db amd64 2.6.5-2 [976 kB]
Get:6 http://localhost:9999/debian/ unstable/main libasprintf0c2 amd64 0.18.3-1 [29.6 kB]
Get:7 http://localhost:9999/debian/ unstable/main libmagic1 amd64 1:5.14-2 [216 kB]
Get:8 http://localhost:9999/debian/ unstable/main libxml2 amd64 2.9.1+dfsg1-2 [911 kB]
Get:9 http://localhost:9999/debian/ unstable/main libglib2.0-0 amd64 2.36.3-3 [2048 kB]
Get:10 http://localhost:9999/debian/ unstable/main libcroco3 amd64 0.6.8-2 [133 kB]
Get:11 http://localhost:9999/debian/ unstable/main dmsetup amd64 2:1.02.77-4 [69.1 kB]
Get:12 http://localhost:9999/debian/ unstable/main libdevmapper1.02.1 amd64 2:1.02.77-4 [133 kB]
Get:13 http://localhost:9999/debian/ unstable/main libdevmapper-event1.02.1 amd64 2:1.02.77-4 [33.6 kB]
Get:14 http://localhost:9999/debian/ unstable/main libparted0debian1 amd64 2.3-13 [348 kB]
Get:15 http://localhost:9999/debian/ unstable/main libpcrecpp0 amd64 1:8.31-2 [128 kB]
Get:16 http://localhost:9999/debian/ unstable/main libunistring0 amd64 0.9.3-5 [434 kB]
Get:17 http://localhost:9999/debian/ unstable/main file amd64 1:5.14-2 [54.0 kB]
Get:18 http://localhost:9999/debian/ unstable/main gettext-base amd64 0.18.3-1 [161 kB]
Get:19 http://localhost:9999/debian/ unstable/main autotools-dev all 20130515.1 [73.0 kB]
Get:20 http://localhost:9999/debian/ unstable/main gettext amd64 0.18.3-1 [1898 kB]
Get:21 http://localhost:9999/debian/ unstable/main intltool-debian all 0.35.0+20060710.1 [30.8 kB]
Get:22 http://localhost:9999/debian/ unstable/main po-debconf all 1.0.16+nmu2 [224 kB]
Get:23 http://localhost:9999/debian/ unstable/main debhelper all 9.20130630 [710 kB]
Get:24 http://localhost:9999/debian/ unstable/main libsepol1-dev amd64 2.1.9-2 [204 kB]
Get:25 http://localhost:9999/debian/ unstable/main libpcre3-dev amd64 1:8.31-2 [356 kB]
Get:26 http://localhost:9999/debian/ unstable/main libselinux1-dev amd64 2.1.13-2 [183 kB]
Get:27 http://localhost:9999/debian/ unstable/main libdevmapper-dev amd64 2:1.02.77-4 [45.4 kB]
Get:28 http://localhost:9999/debian/ unstable/main libtinfo-dev amd64 5.9+20130608-1 [108 kB]
Get:29 http://localhost:9999/debian/ unstable/main libncurses5-dev amd64 5.9+20130608-1 [222 kB]
Get:30 http://localhost:9999/debian/ unstable/main uuid-dev amd64 2.20.1-5.5 [72.7 kB]
Get:31 http://localhost:9999/debian/ unstable/main libblkid-dev amd64 2.20.1-5.5 [152 kB]
Get:32 http://localhost:9999/debian/ unstable/main libparted0-dev amd64 2.3-13 [428 kB]
debconf: delaying package configuration, since apt-utils is not installed
Fetched 11.5 MB in 0s (14.4 MB/s)
Selecting previously unselected package libpipeline1:amd64.
(Reading database ... 14701 files and directories currently installed.)
Unpacking libpipeline1:amd64 (from .../libpipeline1_1.2.4-1_amd64.deb) ...
Selecting previously unselected package libudev0:amd64.
Unpacking libudev0:amd64 (from .../libudev0_175-7.2_amd64.deb) ...
Selecting previously unselected package groff-base.
Unpacking groff-base (from .../groff-base_1.22.2-3_amd64.deb) ...
Selecting previously unselected package bsdmainutils.
Unpacking bsdmainutils (from .../bsdmainutils_9.0.5_amd64.deb) ...
Selecting previously unselected package man-db.
Unpacking man-db (from .../man-db_2.6.5-2_amd64.deb) ...
Selecting previously unselected package libasprintf0c2:amd64.
Unpacking libasprintf0c2:amd64 (from .../libasprintf0c2_0.18.3-1_amd64.deb) ...
Selecting previously unselected package libmagic1:amd64.
Unpacking libmagic1:amd64 (from .../libmagic1_1%3a5.14-2_amd64.deb) ...
Selecting previously unselected package libxml2:amd64.
Unpacking libxml2:amd64 (from .../libxml2_2.9.1+dfsg1-2_amd64.deb) ...
Selecting previously unselected package libglib2.0-0:amd64.
Unpacking libglib2.0-0:amd64 (from .../libglib2.0-0_2.36.3-3_amd64.deb) ...
Selecting previously unselected package libcroco3:amd64.
Unpacking libcroco3:amd64 (from .../libcroco3_0.6.8-2_amd64.deb) ...
Selecting previously unselected package dmsetup.
Unpacking dmsetup (from .../dmsetup_2%3a1.02.77-4_amd64.deb) ...
Selecting previously unselected package libdevmapper1.02.1:amd64.
Unpacking libdevmapper1.02.1:amd64 (from .../libdevmapper1.02.1_2%3a1.02.77-4_amd64.deb) ...
Selecting previously unselected package libdevmapper-event1.02.1:amd64.
Unpacking libdevmapper-event1.02.1:amd64 (from .../libdevmapper-event1.02.1_2%3a1.02.77-4_amd64.deb) ...
Selecting previously unselected package libparted0debian1:amd64.
Unpacking libparted0debian1:amd64 (from .../libparted0debian1_2.3-13_amd64.deb) ...
Selecting previously unselected package libpcrecpp0:amd64.
Unpacking libpcrecpp0:amd64 (from .../libpcrecpp0_1%3a8.31-2_amd64.deb) ...
Selecting previously unselected package libunistring0:amd64.
Unpacking libunistring0:amd64 (from .../libunistring0_0.9.3-5_amd64.deb) ...
Selecting previously unselected package file.
Unpacking file (from .../file_1%3a5.14-2_amd64.deb) ...
Selecting previously unselected package gettext-base.
Unpacking gettext-base (from .../gettext-base_0.18.3-1_amd64.deb) ...
Selecting previously unselected package autotools-dev.
Unpacking autotools-dev (from .../autotools-dev_20130515.1_all.deb) ...
Selecting previously unselected package gettext.
Unpacking gettext (from .../gettext_0.18.3-1_amd64.deb) ...
Selecting previously unselected package intltool-debian.
Unpacking intltool-debian (from .../intltool-debian_0.35.0+20060710.1_all.deb) ...
Selecting previously unselected package po-debconf.
Unpacking po-debconf (from .../po-debconf_1.0.16+nmu2_all.deb) ...
Selecting previously unselected package debhelper.
Unpacking debhelper (from .../debhelper_9.20130630_all.deb) ...
Selecting previously unselected package libsepol1-dev.
Unpacking libsepol1-dev (from .../libsepol1-dev_2.1.9-2_amd64.deb) ...
Selecting previously unselected package libpcre3-dev:amd64.
Unpacking libpcre3-dev:amd64 (from .../libpcre3-dev_1%3a8.31-2_amd64.deb) ...
Selecting previously unselected package libselinux1-dev.
Unpacking libselinux1-dev (from .../libselinux1-dev_2.1.13-2_amd64.deb) ...
Selecting previously unselected package libdevmapper-dev.
Unpacking libdevmapper-dev (from .../libdevmapper-dev_2%3a1.02.77-4_amd64.deb) ...
Selecting previously unselected package libtinfo-dev:amd64.
Unpacking libtinfo-dev:amd64 (from .../libtinfo-dev_5.9+20130608-1_amd64.deb) ...
Selecting previously unselected package libncurses5-dev:amd64.
Unpacking libncurses5-dev:amd64 (from .../libncurses5-dev_5.9+20130608-1_amd64.deb) ...
Selecting previously unselected package uuid-dev.
Unpacking uuid-dev (from .../uuid-dev_2.20.1-5.5_amd64.deb) ...
Selecting previously unselected package libblkid-dev.
Unpacking libblkid-dev (from .../libblkid-dev_2.20.1-5.5_amd64.deb) ...
Selecting previously unselected package libparted0-dev.
Unpacking libparted0-dev (from .../libparted0-dev_2.3-13_amd64.deb) ...
Selecting previously unselected package sbuild-build-depends-nwipe-dummy.
Unpacking sbuild-build-depends-nwipe-dummy (from .../sbuild-build-depends-nwipe-dummy.deb) ...
Setting up libpipeline1:amd64 (1.2.4-1) ...
Setting up libudev0:amd64 (175-7.2) ...
Setting up groff-base (1.22.2-3) ...
Setting up bsdmainutils (9.0.5) ...
update-alternatives: using /usr/bin/bsd-write to provide /usr/bin/write (write) in auto mode
update-alternatives: using /usr/bin/bsd-from to provide /usr/bin/from (from) in auto mode
Setting up man-db (2.6.5-2) ...
Not building database; man-db/auto-update is not 'true'.
Setting up libasprintf0c2:amd64 (0.18.3-1) ...
Setting up libmagic1:amd64 (1:5.14-2) ...
Setting up libxml2:amd64 (2.9.1+dfsg1-2) ...
Setting up libglib2.0-0:amd64 (2.36.3-3) ...
No schema files found: doing nothing.
Setting up libcroco3:amd64 (0.6.8-2) ...
Setting up libpcrecpp0:amd64 (1:8.31-2) ...
Setting up libunistring0:amd64 (0.9.3-5) ...
Setting up file (1:5.14-2) ...
Setting up gettext-base (0.18.3-1) ...
Setting up autotools-dev (20130515.1) ...
Setting up gettext (0.18.3-1) ...
Setting up intltool-debian (0.35.0+20060710.1) ...
Setting up po-debconf (1.0.16+nmu2) ...
Setting up debhelper (9.20130630) ...
Setting up libsepol1-dev (2.1.9-2) ...
Setting up libpcre3-dev:amd64 (1:8.31-2) ...
Setting up libselinux1-dev (2.1.13-2) ...
Setting up libtinfo-dev:amd64 (5.9+20130608-1) ...
Setting up libncurses5-dev:amd64 (5.9+20130608-1) ...
Setting up uuid-dev (2.20.1-5.5) ...
Setting up libblkid-dev (2.20.1-5.5) ...
Setting up libdevmapper1.02.1:amd64 (2:1.02.77-4) ...
Setting up libdevmapper-event1.02.1:amd64 (2:1.02.77-4) ...
Setting up libparted0debian1:amd64 (2.3-13) ...
Setting up libdevmapper-dev (2:1.02.77-4) ...
Setting up libparted0-dev (2.3-13) ...
Setting up sbuild-build-depends-nwipe-dummy (0.invalid.0) ...
Setting up dmsetup (2:1.02.77-4) ...
Processing triggers for libc-bin ...

┌──────────────────────────────────────────────────────────────────────────────┐
│ Build environment                                                            │
└──────────────────────────────────────────────────────────────────────────────┘

Kernel: Linux 2.6.32-5-xen-amd64 amd64 (x86_64)
Toolchain package versions: binutils_2.23.52.20130620-1 dpkg-dev_1.16.10 g++-4.6_4.6.4-4 g++-4.8_4.8.1-7 gcc-4.6_4.6.4-4 gcc-4.7_4.7.3-6 gcc-4.8_4.8.1-7 libc6-dev_2.17-7 libstdc++-4.8-dev_4.8.1-7 libstdc++6_4.8.1-7 libstdc++6-4.6-dev_4.6.4-4 libstdc++6-4.7-dev_4.7.3-6 linux-libc-dev_3.10.1-1
Package versions: apt_0.9.9.2 autotools-dev_20130515.1 base-files_7.2 base-passwd_3.5.26 bash_4.2+dfsg-1 binutils_2.23.52.20130620-1 bsdmainutils_9.0.5 bsdutils_1:2.20.1-5.5 build-essential_11.6 bzip2_1.0.6-4 clang-3.3_1:3.3-3 coreutils_8.20-3 cpp_4:4.8.1-2 cpp-4.6_4.6.4-4 cpp-4.7_4.7.3-6 cpp-4.8_4.8.1-7 dash_0.5.7-3 debconf_1.5.50 debconf-i18n_1.5.50 debfoster_2.7-1.2 debhelper_9.20130630 debian-archive-keyring_2012.4 debianutils_4.3.4 diffutils_1:3.2-8 dmsetup_2:1.02.77-4 dpkg_1.16.10 dpkg-dev_1.16.10 e2fslibs_1.42.8-1 e2fsprogs_1.42.8-1 fakeroot_1.19-2 file_1:5.14-2 findutils_4.4.2-6 g++_4:4.8.1-2 g++-4.6_4.6.4-4 g++-4.8_4.8.1-7 gcc_4:4.8.1-2 gcc-4.4-base_4.4.7-4 gcc-4.5-base_4.5.4-1 gcc-4.6_4.6.4-4 gcc-4.6-base_4.6.4-4 gcc-4.7_4.7.3-6 gcc-4.7-base_4.7.3-6 gcc-4.8_4.8.1-7 gcc-4.8-base_4.8.1-7 gettext_0.18.3-1 gettext-base_0.18.3-1 gnupg_1.4.12-7 gpgv_1.4.12-7 grep_2.14-2 groff-base_1.22.2-3 gzip_1.6-1 hostname_3.13 initscripts_2.88dsf-43 insserv_1.14.0-5 intltool-debian_0.35.0+20060710.1 libacl1_2.2.52-1 libapt-pkg4.12_0.9.9.2 libasan0_4.8.1-7 libasprintf0c2_0.18.3-1 libatomic1_4.8.1-7 libattr1_1:2.4.47-1 libblkid-dev_2.20.1-5.5 libblkid1_2.20.1-5.5 libbz2-1.0_1.0.6-4 libc-bin_2.17-7 libc-dev-bin_2.17-7 libc6_2.17-7 libc6-dev_2.17-7 libcap2_1:2.22-1.2 libclang-common-3.3-dev_1:3.3-3 libclang1-3.3_1:3.3-3 libclass-isa-perl_0.36-5 libcloog-isl4_0.18.0-2 libcloog-ppl1_0.16.1-3 libcomerr2_1.42.8-1 libcroco3_0.6.8-2 libdb5.1_5.1.29-6 libdevmapper-dev_2:1.02.77-4 libdevmapper-event1.02.1_2:1.02.77-4 libdevmapper1.02.1_2:1.02.77-4 libdpkg-perl_1.16.10 libffi6_3.0.13-4 libfile-fcntllock-perl_0.14-2 libgc1c2_1:7.2d-5 libgcc-4.7-dev_4.7.3-6 libgcc-4.8-dev_4.8.1-7 libgcc1_1:4.8.1-7 libgdbm3_1.8.3-12 libglib2.0-0_2.36.3-3 libgmp10_2:5.1.2+dfsg-2 libgmpxx4ldbl_2:5.1.2+dfsg-2 libgomp1_4.8.1-7 libgpm2_1.20.4-6.1 libisl10_0.11.2-1 libitm1_4.8.1-7 libllvm3.3_1:3.3-3 liblocale-gettext-perl_1.05-7+b1 liblzma5_5.1.1alpha+20120614-2 libmagic1_1:5.14-2 libmount1_2.20.1-5.5 libmpc2_0.9-4 libmpc3_1.0.1-1 libmpfr4_3.1.1-1 libncurses5_5.9+20130608-1 libncurses5-dev_5.9+20130608-1 libobjc-4.7-dev_4.7.3-6 libobjc4_4.8.1-7 libpam-modules_1.1.3-9 libpam-modules-bin_1.1.3-9 libpam-runtime_1.1.3-9 libpam0g_1.1.3-9 libparted0-dev_2.3-13 libparted0debian1_2.3-13 libpcre3_1:8.31-2 libpcre3-dev_1:8.31-2 libpcrecpp0_1:8.31-2 libpipeline1_1.2.4-1 libppl-c4_1:1.0-7 libppl12_1:1.0-7 libquadmath0_4.8.1-7 libreadline6_6.2+dfsg-0.1 libselinux1_2.1.13-2 libselinux1-dev_2.1.13-2 libsemanage-common_2.1.10-2 libsemanage1_2.1.10-2 libsepol1_2.1.9-2 libsepol1-dev_2.1.9-2 libslang2_2.2.4-15 libss2_1.42.8-1 libstdc++-4.8-dev_4.8.1-7 libstdc++6_4.8.1-7 libstdc++6-4.6-dev_4.6.4-4 libstdc++6-4.7-dev_4.7.3-6 libswitch-perl_2.16-2 libtext-charwidth-perl_0.04-7+b1 libtext-iconv-perl_1.7-5 libtext-wrapi18n-perl_0.06-7 libtimedate-perl_1.2000-1 libtinfo-dev_5.9+20130608-1 libtinfo5_5.9+20130608-1 libtsan0_4.8.1-7 libudev0_175-7.2 libunistring0_0.9.3-5 libusb-0.1-4_2:0.1.12-23.2 libustr-1.0-1_1.0.4-3 libuuid1_2.20.1-5.5 libxml2_2.9.1+dfsg1-2 linux-libc-dev_3.10.1-1 login_1:4.1.5.1-1 lsb-base_4.1+Debian12 make_3.81-8.2 man-db_2.6.5-2 mawk_1.3.3-17 mount_2.20.1-5.5 multiarch-support_2.17-7 ncurses-base_5.9+20130608-1 ncurses-bin_5.9+20130608-1 passwd_1:4.1.5.1-1 patch_2.7.1-3 perl_5.14.2-21 perl-base_5.14.2-21 perl-modules_5.14.2-21 po-debconf_1.0.16+nmu2 readline-common_6.2+dfsg-0.1 sbuild-build-depends-core-dummy_0.invalid.0 sbuild-build-depends-nwipe-dummy_0.invalid.0 sed_4.2.2-1 sensible-utils_0.0.9 sudo_1.8.5p2-1+nmu1 sysv-rc_2.88dsf-43 sysvinit_2.88dsf-43 sysvinit-utils_2.88dsf-43 tar_1.26+dfsg-6 tzdata_2013c-2 ucf_3.0027+nmu1 util-linux_2.20.1-5.5 uuid-dev_2.20.1-5.5 vim_2:7.3.923-3 vim-common_2:7.3.923-3 vim-runtime_2:7.3.923-3 xz-utils_5.1.1alpha+20120614-2 zlib1g_1:1.2.8.dfsg-1

┌──────────────────────────────────────────────────────────────────────────────┐
│ Build                                                                        │
└──────────────────────────────────────────────────────────────────────────────┘


Unpack source
─────────────

gpgv: keyblock resource `/sbuild-nonexistent/.gnupg/trustedkeys.gpg': file open error
gpgv: Signature made Tue Apr 16 20:11:58 2013 UTC using RSA key ID 401DAC04
gpgv: Can't check signature: public key not found
dpkg-source: warning: failed to verify signature on ./nwipe_0.14-1.dsc
dpkg-source: info: extracting nwipe in nwipe-0.14
dpkg-source: info: unpacking nwipe_0.14.orig.tar.gz
dpkg-source: info: unpacking nwipe_0.14-1.debian.tar.gz

Check disc space
────────────────

Sufficient free space for build

Hack binNMU version
───────────────────

Created changelog entry for binNMU version 0.14-1clang1

User Environment
────────────────

HOME=/sbuild-nonexistent
LOGNAME=user
PATH=/usr/local/sbin:/usr/local/bin:/usr/sbin:/usr/bin:/sbin:/bin:/usr/games
SCHROOT_ALIAS_NAME=unstable-amd64-sbuild
SCHROOT_CHROOT_NAME=unstable-amd64-sbuild
SCHROOT_COMMAND=env
SCHROOT_GID=1000
SCHROOT_GROUP=user
SCHROOT_SESSION_ID=unstable-amd64-sbuild-46ba5362-4115-46f5-9e10-e978ac605ff5
SCHROOT_UID=1000
SCHROOT_USER=user
SHELL=/bin/sh
USER=user

dpkg-buildpackage
─────────────────

dpkg-buildpackage: source package nwipe
dpkg-buildpackage: source version 0.14-1clang1
 dpkg-source --before-build nwipe-0.14
dpkg-buildpackage: host architecture amd64
dpkg-source: info: using options from nwipe-0.14/debian/source/options: --extend-diff-ignore=(^|/)(Makefile\.in|aclocal\.m4|depcomp|configure|install-sh|src/Makefile\.in|missing|man/Makefile\.in)$
 fakeroot debian/rules clean
dh clean
   dh_testdir
   dh_auto_clean
   dh_clean
 debian/rules build-arch
dh build-arch
   dh_testdir -a
   debian/rules override_dh_auto_configure
make[1]: Entering directory `/«PKGBUILDDIR»'
dh_auto_configure -- --bindir=/usr/sbin
configure: WARNING: unrecognized options: --disable-maintainer-mode
checking for a BSD-compatible install... /usr/bin/install -c
checking whether build environment is sane... yes
checking for a thread-safe mkdir -p... /bin/mkdir -p
checking for gawk... no
checking for mawk... mawk
checking whether make sets $(MAKE)... yes
configure: creating ./config.status
config.status: creating Makefile
config.status: creating src/Makefile
config.status: creating man/Makefile
configure: WARNING: unrecognized options: --disable-maintainer-mode
checking for gcc... gcc
checking whether the C compiler works... yes
checking for C compiler default output file name... a.out
checking for suffix of executables... 
checking whether we are cross compiling... no
checking for suffix of object files... o
checking whether we are using the GNU C compiler... yes
checking whether gcc accepts -g... yes
checking for gcc option to accept ISO C89... none needed
checking for style of include used by make... GNU
checking dependency style of gcc... none
checking for pkg-config... no
checking for PANEL... no
checking for main in -lpanel... yes
checking how to run the C preprocessor... gcc -E
checking for grep that handles long lines and -e... /bin/grep
checking for egrep... /bin/grep -E
checking for ANSI C header files... yes
checking for sys/types.h... yes
checking for sys/stat.h... yes
checking for stdlib.h... yes
checking for string.h... yes
checking for memory.h... yes
checking for strings.h... yes
checking for inttypes.h... yes
checking for stdint.h... yes
checking for unistd.h... yes
checking for NCURSES... no
checking for delscreen in -lncurses... yes
checking ncurses.h usability... yes
checking ncurses.h presence... yes
checking for ncurses.h... yes
checking for ped_device_probe_all in -lparted... yes
checking for main in -lpthread... yes
checking fcntl.h usability... yes
checking fcntl.h presence... yes
checking for fcntl.h... yes
checking for inttypes.h... (cached) yes
checking netinet/in.h usability... yes
checking netinet/in.h presence... yes
checking for netinet/in.h... yes
checking stddef.h usability... yes
checking stddef.h presence... yes
checking for stddef.h... yes
checking for stdint.h... (cached) yes
checking for stdlib.h... (cached) yes
checking for string.h... (cached) yes
checking sys/file.h usability... yes
checking sys/file.h presence... yes
checking for sys/file.h... yes
checking sys/ioctl.h usability... yes
checking sys/ioctl.h presence... yes
checking for sys/ioctl.h... yes
checking for unistd.h... (cached) yes
checking for size_t... yes
checking for struct stat.st_blksize... yes
checking for stdlib.h... (cached) yes
checking for GNU libc compatible malloc... yes
checking for fdatasync... yes
checking for memset... yes
checking for regcomp... yes
checking for strdup... yes
checking for strerror... yes
configure: creating ./config.status
config.status: creating Makefile
config.status: creating src/Makefile
config.status: creating man/Makefile
config.status: creating config.h
config.status: executing depfiles commands
configure: WARNING: unrecognized options: --disable-maintainer-mode
make[1]: Leaving directory `/«PKGBUILDDIR»'
   dh_auto_build -a
make[1]: Entering directory `/«PKGBUILDDIR»'
(CDPATH="${ZSH_VERSION+.}:" && cd . && /bin/bash /«PKGBUILDDIR»/missing --run autoheader)
/«PKGBUILDDIR»/missing: line 52: autoheader: command not found
WARNING: `autoheader' is missing on your system.  You should only need it if
         you modified `acconfig.h' or `configure.ac'.  You might want
         to install the `Autoconf' and `GNU m4' packages.  Grab them
         from any GNU archive site.
rm -f stamp-h1
touch config.h.in
cd . && /bin/bash ./config.status config.h
config.status: creating config.h
config.status: config.h is unchanged
make  all-recursive
make[2]: Entering directory `/«PKGBUILDDIR»'
Making all in src
make[3]: Entering directory `/«PKGBUILDDIR»/src'
gcc -DHAVE_CONFIG_H -I. -I..   -D_FORTIFY_SOURCE=2  -g -O2 -fPIE -fstack-protector --param=ssp-buffer-size=4 -Wformat -Werror=format-security -c isaac_rand.c
gcc -DHAVE_CONFIG_H -I. -I..   -D_FORTIFY_SOURCE=2  -g -O2 -fPIE -fstack-protector --param=ssp-buffer-size=4 -Wformat -Werror=format-security -c nwipe.c
gcc -DHAVE_CONFIG_H -I. -I..   -D_FORTIFY_SOURCE=2  -g -O2 -fPIE -fstack-protector --param=ssp-buffer-size=4 -Wformat -Werror=format-security -c gui.c
gui.c:2047:1: warning: control reaches end of non-void function [-Wreturn-type]
} /* nwipe_gui_status */
^
1 warning generated.
gcc -DHAVE_CONFIG_H -I. -I..   -D_FORTIFY_SOURCE=2  -g -O2 -fPIE -fstack-protector --param=ssp-buffer-size=4 -Wformat -Werror=format-security -c pass.c
gcc -DHAVE_CONFIG_H -I. -I..   -D_FORTIFY_SOURCE=2  -g -O2 -fPIE -fstack-protector --param=ssp-buffer-size=4 -Wformat -Werror=format-security -c device.c
gcc -DHAVE_CONFIG_H -I. -I..   -D_FORTIFY_SOURCE=2  -g -O2 -fPIE -fstack-protector --param=ssp-buffer-size=4 -Wformat -Werror=format-security -c mt19937ar-cok.c
gcc -DHAVE_CONFIG_H -I. -I..   -D_FORTIFY_SOURCE=2  -g -O2 -fPIE -fstack-protector --param=ssp-buffer-size=4 -Wformat -Werror=format-security -c logging.c
gcc -DHAVE_CONFIG_H -I. -I..   -D_FORTIFY_SOURCE=2  -g -O2 -fPIE -fstack-protector --param=ssp-buffer-size=4 -Wformat -Werror=format-security -c method.c
method.c:114:1: warning: control reaches end of non-void function [-Wreturn-type]
} /* nwipe_zero */
^
method.c:159:32: error: non-void function 'nwipe_dod522022m' should return a value [-Wreturn-type]
                if( r < 0 ) { c->result = r; return; }
                                             ^
method.c:160:33: error: non-void function 'nwipe_dod522022m' should return a value [-Wreturn-type]
                else        { c->result = -1; return; }
                                              ^
method.c:218:32: error: non-void function 'nwipe_dodshort' should return a value [-Wreturn-type]
                if( r < 0 ) { c->result = r; return; }
                                             ^
method.c:219:33: error: non-void function 'nwipe_dodshort' should return a value [-Wreturn-type]
                else        { c->result = -1; return; }
                                              ^
method.c:315:32: error: non-void function 'nwipe_gutmann' should return a value [-Wreturn-type]
                if( r < 0 ) { c->result = r; return; }
                                             ^
method.c:316:33: error: non-void function 'nwipe_gutmann' should return a value [-Wreturn-type]
                else        { c->result = -1; return; }
                                              ^
method.c:409:3: error: non-void function 'nwipe_ops2' should return a value [-Wreturn-type]
                return;
                ^
method.c:420:3: error: non-void function 'nwipe_ops2' should return a value [-Wreturn-type]
                return;
                ^
method.c:435:3: error: non-void function 'nwipe_ops2' should return a value [-Wreturn-type]
                return;
                ^
method.c:449:32: error: non-void function 'nwipe_ops2' should return a value [-Wreturn-type]
                if( r < 0 ) { c->result = r; return; }
                                             ^
method.c:450:33: error: non-void function 'nwipe_ops2' should return a value [-Wreturn-type]
                else        { c->result = -1; return; }
                                              ^
1 warning and 11 errors generated.
make[3]: *** [method.o] Error 1
make[3]: Leaving directory `/«PKGBUILDDIR»/src'
make[2]: *** [all-recursive] Error 1
make[1]: *** [all] Error 2
dh_auto_build: make -j1 returned exit code 2
make[2]: Leaving directory `/«PKGBUILDDIR»'
make[1]: Leaving directory `/«PKGBUILDDIR»'
make: *** [build-arch] Error 2
dpkg-buildpackage: error: debian/rules build-arch gave error exit status 2
────────────────────────────────────────────────────────────────────────────────
Build finished at 20130719-0550

Finished
────────

E: Build failure (dpkg-buildpackage died)

┌──────────────────────────────────────────────────────────────────────────────┐
│ Cleanup                                                                      │
└──────────────────────────────────────────────────────────────────────────────┘

Purging /«BUILDDIR»
Not cleaning session: cloned chroot in use

┌──────────────────────────────────────────────────────────────────────────────┐
│ Summary                                                                      │
└──────────────────────────────────────────────────────────────────────────────┘

Build Architecture: amd64
Build-Space: 1184
Build-Time: 10
Distribution: unstable
Fail-Stage: build
Host Architecture: amd64
Install-Time: 10
Job: nwipe_0.14-1
Machine Architecture: amd64
Package: nwipe
Package-Time: 126
Source-Version: 0.14-1
Space: 1184
Status: attempted
Version: 0.14-1clang1
────────────────────────────────────────────────────────────────────────────────
Finished at 20130719-0550
Build needed 00:02:06, 1184k disc space
DC-Status: Failed 126.646899975s
DC-Time-Estimation: 126.646899975 versus expected 36 (r/m: 2.5179694437499998 ; m: 36.0)
