DC-Build-Header: postgresql-9.1 9.1.9-2 / 2013-07-15 19:24:31 +0000
DC-Task: source:postgresql-9.1 version:9.1.9-2 architecture:any chroot:unstable esttime:841 logfile:/tmp/postgresql-9.1_9.1.9-2_unstable_clang.log modes:binary-only:clang
DC-Sbuild-call: su user -c 'sbuild -n --apt-update -d unstable -v  --chroot-setup-commands=/tmp/switch-to-clang --append-to-version "clang1" --maintainer "Lucas Nussbaum <lucas@debian.org>" --uploader "Lucas Nussbaum <lucas@debian.org>" postgresql-9.1_9.1.9-2'
sbuild (Debian sbuild) 0.63.2 (18 Aug 2012) on ip-10-170-94-172.ec2.internal

╔══════════════════════════════════════════════════════════════════════════════╗
║ postgresql-9.1 9.1.9-2clang1 (amd64)                       15 Jul 2013 19:24 ║
╚══════════════════════════════════════════════════════════════════════════════╝

Package: postgresql-9.1
Version: 9.1.9-2clang1
Source Version: 9.1.9-2
Distribution: unstable
Machine Architecture: amd64
Host Architecture: amd64
Build Architecture: amd64

I: NOTICE: Log filtering will replace 'build/postgresql-9.1-qfCzll/postgresql-9.1-9.1.9' with '«PKGBUILDDIR»'
I: NOTICE: Log filtering will replace 'build/postgresql-9.1-qfCzll' with '«BUILDDIR»'
I: NOTICE: Log filtering will replace 'var/lib/schroot/mount/unstable-amd64-sbuild-ac0a7ba8-8004-4e69-853b-eda285290ebf' with '«CHROOT»'

┌──────────────────────────────────────────────────────────────────────────────┐
│ Update chroot                                                                │
└──────────────────────────────────────────────────────────────────────────────┘

Get:1 http://localhost:9999 unstable InRelease [204 kB]
Get:2 http://localhost:9999 unstable/main Sources/DiffIndex [7876 B]
Get:3 http://localhost:9999 unstable/main amd64 Packages/DiffIndex [7876 B]
Get:4 http://localhost:9999 unstable/main Translation-en/DiffIndex [7876 B]
Get:5 http://localhost:9999 unstable/main 2013-07-13-2032.15.pdiff [23.1 kB]
Get:6 http://localhost:9999 unstable/main amd64 2013-07-13-2032.15.pdiff [16.9 kB]
Get:7 http://localhost:9999 unstable/main 2013-07-13-2032.15.pdiff [23.1 kB]
Get:8 http://localhost:9999 unstable/main 2013-07-13-2032.15.pdiff [1809 B]
Get:9 http://localhost:9999 unstable/main amd64 2013-07-13-2032.15.pdiff [16.9 kB]
Get:10 http://localhost:9999 unstable/main 2013-07-14-0231.07.pdiff [12.9 kB]
Get:11 http://localhost:9999 unstable/main 2013-07-13-2032.15.pdiff [1809 B]
Get:12 http://localhost:9999 unstable/main amd64 2013-07-14-0231.07.pdiff [14.9 kB]
Get:13 http://localhost:9999 unstable/main 2013-07-14-0231.07.pdiff [12.9 kB]
Get:14 http://localhost:9999 unstable/main 2013-07-14-0231.07.pdiff [1384 B]
Get:15 http://localhost:9999 unstable/main amd64 2013-07-14-0231.07.pdiff [14.9 kB]
Get:16 http://localhost:9999 unstable/main 2013-07-14-0832.16.pdiff [4670 B]
Get:17 http://localhost:9999 unstable/main 2013-07-14-0231.07.pdiff [1384 B]
Get:18 http://localhost:9999 unstable/main amd64 2013-07-14-0832.16.pdiff [1624 B]
Get:19 http://localhost:9999 unstable/main 2013-07-14-0832.16.pdiff [4670 B]
Get:20 http://localhost:9999 unstable/main 2013-07-14-0832.16.pdiff [337 B]
Get:21 http://localhost:9999 unstable/main amd64 2013-07-14-0832.16.pdiff [1624 B]
Get:22 http://localhost:9999 unstable/main 2013-07-14-1431.18.pdiff [11.4 kB]
Get:23 http://localhost:9999 unstable/main 2013-07-14-0832.16.pdiff [337 B]
Get:24 http://localhost:9999 unstable/main amd64 2013-07-14-1431.18.pdiff [8223 B]
Get:25 http://localhost:9999 unstable/main 2013-07-14-1431.18.pdiff [11.4 kB]
Get:26 http://localhost:9999 unstable/main 2013-07-14-1431.18.pdiff [887 B]
Get:27 http://localhost:9999 unstable/main amd64 2013-07-14-1431.18.pdiff [8223 B]
Get:28 http://localhost:9999 unstable/main 2013-07-14-2031.21.pdiff [9038 B]
Get:29 http://localhost:9999 unstable/main 2013-07-14-1431.18.pdiff [887 B]
Get:30 http://localhost:9999 unstable/main amd64 2013-07-14-2031.21.pdiff [9955 B]
Get:31 http://localhost:9999 unstable/main 2013-07-14-2031.21.pdiff [9038 B]
Get:32 http://localhost:9999 unstable/main 2013-07-14-2031.21.pdiff [2736 B]
Get:33 http://localhost:9999 unstable/main amd64 2013-07-14-2031.21.pdiff [9955 B]
Get:34 http://localhost:9999 unstable/main 2013-07-15-0229.01.pdiff [9715 B]
Get:35 http://localhost:9999 unstable/main 2013-07-14-2031.21.pdiff [2736 B]
Get:36 http://localhost:9999 unstable/main amd64 2013-07-15-0229.01.pdiff [12.7 kB]
Get:37 http://localhost:9999 unstable/main 2013-07-15-0229.01.pdiff [9715 B]
Get:38 http://localhost:9999 unstable/main 2013-07-15-0229.01.pdiff [2239 B]
Get:39 http://localhost:9999 unstable/main amd64 2013-07-15-0229.01.pdiff [12.7 kB]
Get:40 http://localhost:9999 unstable/main 2013-07-15-0830.19.pdiff [3273 B]
Get:41 http://localhost:9999 unstable/main 2013-07-15-0229.01.pdiff [2239 B]
Get:42 http://localhost:9999 unstable/main amd64 2013-07-15-0830.19.pdiff [3964 B]
Get:43 http://localhost:9999 unstable/main 2013-07-15-0830.19.pdiff [3273 B]
Get:44 http://localhost:9999 unstable/main 2013-07-15-0830.19.pdiff [1357 B]
Get:45 http://localhost:9999 unstable/main amd64 2013-07-15-0830.19.pdiff [3964 B]
Get:46 http://localhost:9999 unstable/main 2013-07-15-1432.36.pdiff [5326 B]
Get:47 http://localhost:9999 unstable/main 2013-07-15-0830.19.pdiff [1357 B]
Get:48 http://localhost:9999 unstable/main amd64 2013-07-15-1432.36.pdiff [9809 B]
Get:49 http://localhost:9999 unstable/main 2013-07-15-1432.36.pdiff [5326 B]
Get:50 http://localhost:9999 unstable/main 2013-07-15-1432.36.pdiff [322 B]
Get:51 http://localhost:9999 unstable/main amd64 2013-07-15-1432.36.pdiff [9809 B]
Get:52 http://localhost:9999 unstable/main 2013-07-15-1432.36.pdiff [322 B]
Fetched 397 kB in 30s (12.8 kB/s)
Reading package lists...
Reading package lists...
Building dependency tree...
Reading state information...
The following packages will be upgraded:
  initscripts sysv-rc sysvinit sysvinit-utils
4 upgraded, 0 newly installed, 0 to remove and 0 not upgraded.
Need to get 405 kB of archives.
After this operation, 20.5 kB disk space will be freed.
Get:1 http://localhost:9999/debian/ unstable/main sysvinit amd64 2.88dsf-42 [134 kB]
Get:2 http://localhost:9999/debian/ unstable/main sysv-rc all 2.88dsf-42 [80.4 kB]
Get:3 http://localhost:9999/debian/ unstable/main sysvinit-utils amd64 2.88dsf-42 [103 kB]
Get:4 http://localhost:9999/debian/ unstable/main initscripts amd64 2.88dsf-42 [87.1 kB]
debconf: delaying package configuration, since apt-utils is not installed
Fetched 405 kB in 0s (11.4 MB/s)
(Reading database ... 13844 files and directories currently installed.)
Preparing to replace sysvinit 2.88dsf-41 (using .../sysvinit_2.88dsf-42_amd64.deb) ...
Unpacking replacement sysvinit ...
Setting up sysvinit (2.88dsf-42) ...
Not restarting sysvinit
(Reading database ... 13844 files and directories currently installed.)
Preparing to replace sysv-rc 2.88dsf-41 (using .../sysv-rc_2.88dsf-42_all.deb) ...
Unpacking replacement sysv-rc ...
Preparing to replace sysvinit-utils 2.88dsf-41 (using .../sysvinit-utils_2.88dsf-42_amd64.deb) ...
Unpacking replacement sysvinit-utils ...
Setting up sysvinit-utils (2.88dsf-42) ...
Setting up sysv-rc (2.88dsf-42) ...
(Reading database ... 13844 files and directories currently installed.)
Preparing to replace initscripts 2.88dsf-41 (using .../initscripts_2.88dsf-42_amd64.deb) ...
Removing unmodified and obsolete conffile /etc/init.d/mtab.sh ...
Unpacking replacement initscripts ...
Setting up initscripts (2.88dsf-42) ...
Installing new version of config file /etc/init.d/bootmisc.sh ...
Installing new version of config file /etc/init.d/checkfs.sh ...
Installing new version of config file /etc/init.d/checkroot.sh ...
Installing new version of config file /etc/init.d/checkroot-bootclean.sh ...
Installing new version of config file /etc/init.d/mountdevsubfs.sh ...
Installing new version of config file /etc/init.d/mountkernfs.sh ...
Installing new version of config file /etc/init.d/rmnologin ...
Installing new version of config file /etc/network/if-up.d/mountnfs ...

┌──────────────────────────────────────────────────────────────────────────────┐
│ Fetch source files                                                           │
└──────────────────────────────────────────────────────────────────────────────┘


Check APT
─────────

Checking available source versions...

Download source files with APT
──────────────────────────────

Reading package lists...
Building dependency tree...
Reading state information...
NOTICE: 'postgresql-9.1' packaging is maintained in the 'Bzr' version control system at:
http://bzr.debian.org/bzr/pkg-postgresql/postgresql-9.1/trunk/
Please use:
bzr branch http://bzr.debian.org/bzr/pkg-postgresql/postgresql-9.1/trunk/
to retrieve the latest (possibly unreleased) updates to the package.
Need to get 15.9 MB of source archives.
Get:1 http://localhost:9999/debian/ unstable/main postgresql-9.1 9.1.9-2 (dsc) [2679 B]
Get:2 http://localhost:9999/debian/ unstable/main postgresql-9.1 9.1.9-2 (tar) [15.8 MB]
Get:3 http://localhost:9999/debian/ unstable/main postgresql-9.1 9.1.9-2 (diff) [36.8 kB]
Fetched 15.9 MB in 1s (15.5 MB/s)
Download complete and in download only mode

Check arch
──────────


┌──────────────────────────────────────────────────────────────────────────────┐
│ Chroot Setup Commands                                                        │
└──────────────────────────────────────────────────────────────────────────────┘


/tmp/switch-to-clang
────────────────────

+ echo 'Entering customization script...'
Entering customization script...
+ echo 'Install of clang'
Install of clang
+ apt-get update
Hit http://localhost:9999 unstable InRelease
Hit http://localhost:9999 unstable/main Sources/DiffIndex
Hit http://localhost:9999 unstable/main amd64 Packages/DiffIndex
Hit http://localhost:9999 unstable/main Translation-en/DiffIndex
Reading package lists...
+ apt-get install --yes --no-install-recommends --force-yes clang-3.3
Reading package lists...
Building dependency tree...
Reading state information...
The following extra packages will be installed:
  libclang-common-3.3-dev libclang1-3.3 libffi6 libllvm3.3 libobjc-4.7-dev
  libobjc4 libstdc++6-4.7-dev
Suggested packages:
  libstdc++6-4.7-doc
Recommended packages:
  llvm-3.3-dev python
The following NEW packages will be installed:
  clang-3.3 libclang-common-3.3-dev libclang1-3.3 libffi6 libllvm3.3
  libobjc-4.7-dev libobjc4 libstdc++6-4.7-dev
0 upgraded, 8 newly installed, 0 to remove and 0 not upgraded.
Need to get 27.2 MB of archives.
After this operation, 80.8 MB of additional disk space will be used.
Get:1 http://localhost:9999/debian/ unstable/main libffi6 amd64 3.0.13-4 [21.6 kB]
Get:2 http://localhost:9999/debian/ unstable/main libllvm3.3 amd64 1:3.3-3 [8575 kB]
Get:3 http://localhost:9999/debian/ unstable/main libobjc4 amd64 4.8.1-6 [160 kB]
Get:4 http://localhost:9999/debian/ unstable/main libstdc++6-4.7-dev amd64 4.7.3-5 [1695 kB]
Get:5 http://localhost:9999/debian/ unstable/main libobjc-4.7-dev amd64 4.7.3-5 [719 kB]
Get:6 http://localhost:9999/debian/ unstable/main libclang-common-3.3-dev amd64 1:3.3-3 [574 kB]
Get:7 http://localhost:9999/debian/ unstable/main libclang1-3.3 amd64 1:3.3-3 [4579 kB]
Get:8 http://localhost:9999/debian/ unstable/main clang-3.3 amd64 1:3.3-3 [10.9 MB]
debconf: delaying package configuration, since apt-utils is not installed
Fetched 27.2 MB in 1s (25.5 MB/s)
Selecting previously unselected package libffi6:amd64.
(Reading database ... 13843 files and directories currently installed.)
Unpacking libffi6:amd64 (from .../libffi6_3.0.13-4_amd64.deb) ...
Selecting previously unselected package libllvm3.3:amd64.
Unpacking libllvm3.3:amd64 (from .../libllvm3.3_1%3a3.3-3_amd64.deb) ...
Selecting previously unselected package libobjc4:amd64.
Unpacking libobjc4:amd64 (from .../libobjc4_4.8.1-6_amd64.deb) ...
Selecting previously unselected package libstdc++6-4.7-dev:amd64.
Unpacking libstdc++6-4.7-dev:amd64 (from .../libstdc++6-4.7-dev_4.7.3-5_amd64.deb) ...
Selecting previously unselected package libobjc-4.7-dev:amd64.
Unpacking libobjc-4.7-dev:amd64 (from .../libobjc-4.7-dev_4.7.3-5_amd64.deb) ...
Selecting previously unselected package libclang-common-3.3-dev.
Unpacking libclang-common-3.3-dev (from .../libclang-common-3.3-dev_1%3a3.3-3_amd64.deb) ...
Selecting previously unselected package libclang1-3.3.
Unpacking libclang1-3.3 (from .../libclang1-3.3_1%3a3.3-3_amd64.deb) ...
Selecting previously unselected package clang-3.3.
Unpacking clang-3.3 (from .../clang-3.3_1%3a3.3-3_amd64.deb) ...
Setting up libffi6:amd64 (3.0.13-4) ...
Setting up libllvm3.3:amd64 (1:3.3-3) ...
Setting up libobjc4:amd64 (4.8.1-6) ...
Setting up libstdc++6-4.7-dev:amd64 (4.7.3-5) ...
Setting up libobjc-4.7-dev:amd64 (4.7.3-5) ...
Setting up libclang-common-3.3-dev (1:3.3-3) ...
Setting up libclang1-3.3 (1:3.3-3) ...
Setting up clang-3.3 (1:3.3-3) ...
Processing triggers for libc-bin ...
+ echo 'Replace gcc, g++ & cpp by clang'
Replace gcc, g++ & cpp by clang
+ VERSIONS='4.6 4.7 4.8'
+ cd /usr/bin
+ for VERSION in '$VERSIONS'
+ rm -f g++-4.6 gcc-4.6 cpp-4.6
+ ln -s clang++ g++-4.6
+ ln -s clang gcc-4.6
+ ln -s clang cpp-4.6
+ for VERSION in '$VERSIONS'
+ rm -f g++-4.7 gcc-4.7 cpp-4.7
+ ln -s clang++ g++-4.7
+ ln -s clang gcc-4.7
+ ln -s clang cpp-4.7
+ for VERSION in '$VERSIONS'
+ rm -f g++-4.8 gcc-4.8 cpp-4.8
+ ln -s clang++ g++-4.8
+ ln -s clang gcc-4.8
+ ln -s clang cpp-4.8
+ cd -
/«BUILDDIR»
+ echo 'Block the installation of new gcc version'
Block the installation of new gcc version
+ dpkg --set-selections
+ echo 'gcc-4.6 hold'
+ dpkg --set-selections
+ echo 'cpp-4.6 hold'
+ dpkg --set-selections
+ echo 'g++-4.6 hold'
+ dpkg --set-selections
+ echo 'gcc-4.7 hold'
+ dpkg --set-selections
+ echo 'cpp-4.7 hold'
+ dpkg --set-selections
+ echo 'g++-4.7 hold'
+ dpkg --set-selections
+ echo 'gcc-4.8 hold'
+ dpkg --set-selections
+ echo 'cpp-4.8 hold'
+ dpkg --set-selections
+ echo 'g++-4.8 hold'
+ echo 'Check if gcc, g++ & cpp are actually clang'
Check if gcc, g++ & cpp are actually clang
+ grep clang
+ gcc --version
+ grep clang
+ cpp --version
+ grep clang
+ g++ --version

I: Finished running '/tmp/switch-to-clang'.

Finished processing commands.
────────────────────────────────────────────────────────────────────────────────
Merged Build-Depends: build-essential, fakeroot
Filtered Build-Depends: build-essential, fakeroot
dpkg-deb: building package `sbuild-build-depends-core-dummy' in `/«BUILDDIR»/resolver-GDrfpk/apt_archive/sbuild-build-depends-core-dummy.deb'.
OK
Reading package lists...

┌──────────────────────────────────────────────────────────────────────────────┐
│ Install core build dependencies (apt-based resolver)                         │
└──────────────────────────────────────────────────────────────────────────────┘

Installing build dependencies
Reading package lists...
Building dependency tree...
Reading state information...
The following NEW packages will be installed:
  sbuild-build-depends-core-dummy
debconf: delaying package configuration, since apt-utils is not installed
0 upgraded, 1 newly installed, 0 to remove and 0 not upgraded.
Need to get 0 B/712 B of archives.
After this operation, 0 B of additional disk space will be used.
Selecting previously unselected package sbuild-build-depends-core-dummy.
(Reading database ... 14698 files and directories currently installed.)
Unpacking sbuild-build-depends-core-dummy (from .../sbuild-build-depends-core-dummy.deb) ...
Setting up sbuild-build-depends-core-dummy (0.invalid.0) ...
Merged Build-Depends: base-files, base-passwd, bash, bsdutils, coreutils, dash, debianutils, diffutils, dpkg, e2fsprogs, findutils, grep, gzip, hostname, libc-bin, login, mount, ncurses-base, ncurses-bin, perl-base, sed, sysvinit, sysvinit-utils, tar, util-linux, libc6-dev | libc-dev, gcc (>= 4:4.4.3), g++ (>= 4:4.4.3), make, dpkg-dev (>= 1.13.5), debhelper (>= 8~), dpkg-dev (>= 1.16.1~) | hardening-wrapper, perl (>= 5.8), libperl-dev, tcl8.5-dev, libedit-dev, libssl-dev, zlib1g-dev | libz-dev, libpam0g-dev | libpam-dev, libxml2-dev, libkrb5-dev, libldap2-dev, libxslt1-dev, libossp-uuid-dev, python-dev, python3-dev, bison, flex, openjade, docbook-dsssl, docbook-xsl, docbook, opensp, xsltproc, gettext
Filtered Build-Depends: base-files, base-passwd, bash, bsdutils, coreutils, dash, debianutils, diffutils, dpkg, e2fsprogs, findutils, grep, gzip, hostname, libc-bin, login, mount, ncurses-base, ncurses-bin, perl-base, sed, sysvinit, sysvinit-utils, tar, util-linux, libc6-dev, gcc (>= 4:4.4.3), g++ (>= 4:4.4.3), make, dpkg-dev (>= 1.13.5), debhelper (>= 8~), dpkg-dev (>= 1.16.1~), perl (>= 5.8), libperl-dev, tcl8.5-dev, libedit-dev, libssl-dev, zlib1g-dev, libpam0g-dev, libxml2-dev, libkrb5-dev, libldap2-dev, libxslt1-dev, libossp-uuid-dev, python-dev, python3-dev, bison, flex, openjade, docbook-dsssl, docbook-xsl, docbook, opensp, xsltproc, gettext
dpkg-deb: building package `sbuild-build-depends-postgresql-9.1-dummy' in `/«BUILDDIR»/resolver-UFvwxl/apt_archive/sbuild-build-depends-postgresql-9.1-dummy.deb'.
OK
Reading package lists...

┌──────────────────────────────────────────────────────────────────────────────┐
│ Install postgresql-9.1 build dependencies (apt-based resolver)               │
└──────────────────────────────────────────────────────────────────────────────┘

Installing build dependencies
Reading package lists...
Building dependency tree...
Reading state information...
The following extra packages will be installed:
  bison bsdmainutils comerr-dev debhelper docbook docbook-dsssl docbook-xsl
  file flex gettext gettext-base groff-base intltool-debian krb5-multidev
  libasprintf0c2 libbison-dev libbsd-dev libbsd0 libcroco3 libedit-dev
  libedit2 libexpat1 libexpat1-dev libgcrypt11 libglib2.0-0 libgnutls26
  libgpg-error0 libgssapi-krb5-2 libgssrpc4 libk5crypto3 libkadm5clnt-mit8
  libkadm5srv-mit8 libkdb5-6 libkeyutils1 libkrb5-3 libkrb5-dev
  libkrb5support0 libldap-2.4-2 libldap2-dev libmagic1 libncursesw5 libosp5
  libossp-uuid-dev libossp-uuid16 libostyle1c2 libp11-kit0 libpam0g-dev
  libperl-dev libperl5.14 libpipeline1 libpython-dev libpython-stdlib
  libpython2.7 libpython2.7-dev libpython2.7-minimal libpython2.7-stdlib
  libpython3.3 libpython3.3-dev libpython3.3-minimal libpython3.3-stdlib
  libsasl2-2 libsasl2-modules libsigsegv2 libsqlite3-0 libssl-dev libssl1.0.0
  libtasn1-3 libtinfo-dev libunistring0 libxml2 libxml2-dev libxslt1-dev
  libxslt1.1 m4 man-db mime-support openjade opensp po-debconf python
  python-dev python-minimal python2.7 python2.7-dev python2.7-minimal python3
  python3-dev python3-minimal python3.3 python3.3-dev python3.3-minimal
  sgml-base sgml-data tcl8.5 tcl8.5-dev xml-core xsltproc zlib1g-dev
Suggested packages:
  bison-doc wamerican wordlist whois vacation doc-base dh-make
  docbook-defguide docbook-xml psgml jadetex docbook-dsssl-doc dbtoepub
  docbook-xsl-doc-html docbook-xsl-doc-pdf docbook-xsl-doc-text
  docbook-xsl-doc docbook-xsl-saxon fop libsaxon-java libxalan2-java
  libxslthl-java xalan gettext-doc groff krb5-doc rng-tools krb5-user uuid
  libsasl2-modules-otp libsasl2-modules-ldap libsasl2-modules-sql
  libsasl2-modules-gssapi-mit libsasl2-modules-gssapi-heimdal pkg-config less
  www-browser libmail-box-perl python-doc python-tk python2.7-doc
  binfmt-support python3-doc python3-tk python3.3-doc sgml-base-doc perlsgml
  w3-recs libxml2-utils tcl-tclreadline tcl8.5-doc
Recommended packages:
  curl wget lynx-cur autopoint libasprintf-dev libgettextpo-dev
  libglib2.0-data shared-mime-info krb5-locales libssl-doc
  libmail-sendmail-perl
The following NEW packages will be installed:
  bison bsdmainutils comerr-dev debhelper docbook docbook-dsssl docbook-xsl
  file flex gettext gettext-base groff-base intltool-debian krb5-multidev
  libasprintf0c2 libbison-dev libbsd-dev libbsd0 libcroco3 libedit-dev
  libedit2 libexpat1 libexpat1-dev libgcrypt11 libglib2.0-0 libgnutls26
  libgpg-error0 libgssapi-krb5-2 libgssrpc4 libk5crypto3 libkadm5clnt-mit8
  libkadm5srv-mit8 libkdb5-6 libkeyutils1 libkrb5-3 libkrb5-dev
  libkrb5support0 libldap-2.4-2 libldap2-dev libmagic1 libncursesw5 libosp5
  libossp-uuid-dev libossp-uuid16 libostyle1c2 libp11-kit0 libpam0g-dev
  libperl-dev libperl5.14 libpipeline1 libpython-dev libpython-stdlib
  libpython2.7 libpython2.7-dev libpython2.7-minimal libpython2.7-stdlib
  libpython3.3 libpython3.3-dev libpython3.3-minimal libpython3.3-stdlib
  libsasl2-2 libsasl2-modules libsigsegv2 libsqlite3-0 libssl-dev libssl1.0.0
  libtasn1-3 libtinfo-dev libunistring0 libxml2 libxml2-dev libxslt1-dev
  libxslt1.1 m4 man-db mime-support openjade opensp po-debconf python
  python-dev python-minimal python2.7 python2.7-dev python2.7-minimal python3
  python3-dev python3-minimal python3.3 python3.3-dev python3.3-minimal
  sbuild-build-depends-postgresql-9.1-dummy sgml-base sgml-data tcl8.5
  tcl8.5-dev xml-core xsltproc zlib1g-dev
0 upgraded, 99 newly installed, 0 to remove and 0 not upgraded.
Need to get 98.7 MB/98.7 MB of archives.
After this operation, 222 MB of additional disk space will be used.
Get:1 http://localhost:9999/debian/ unstable/main libncursesw5 amd64 5.9+20130608-1 [141 kB]
Get:2 http://localhost:9999/debian/ unstable/main libpipeline1 amd64 1.2.4-1 [41.0 kB]
Get:3 http://localhost:9999/debian/ unstable/main libssl1.0.0 amd64 1.0.1e-3 [1242 kB]
Get:4 http://localhost:9999/debian/ unstable/main groff-base amd64 1.22.2-3 [747 kB]
Get:5 http://localhost:9999/debian/ unstable/main bsdmainutils amd64 9.0.5 [211 kB]
Get:6 http://localhost:9999/debian/ unstable/main man-db amd64 2.6.5-2 [976 kB]
Get:7 http://localhost:9999/debian/ unstable/main libasprintf0c2 amd64 0.18.2.1-1 [28.9 kB]
Get:8 http://localhost:9999/debian/ unstable/main libbsd0 amd64 0.6.0-1 [67.4 kB]
Get:9 http://localhost:9999/debian/ unstable/main libedit2 amd64 2.11-20080614-6 [73.3 kB]
Get:10 http://localhost:9999/debian/ unstable/main libgpg-error0 amd64 1.10-3.1 [77.9 kB]
Get:11 http://localhost:9999/debian/ unstable/main libgcrypt11 amd64 1.5.2-3 [296 kB]
Get:12 http://localhost:9999/debian/ unstable/main libp11-kit0 amd64 0.18.4-1 [115 kB]
Get:13 http://localhost:9999/debian/ unstable/main libtasn1-3 amd64 2.14-3 [68.5 kB]
Get:14 http://localhost:9999/debian/ unstable/main libgnutls26 amd64 2.12.23-5 [617 kB]
Get:15 http://localhost:9999/debian/ unstable/main libkeyutils1 amd64 1.5.5-7 [8808 B]
Get:16 http://localhost:9999/debian/ unstable/main libkrb5support0 amd64 1.10.1+dfsg-6.1 [49.3 kB]
Get:17 http://localhost:9999/debian/ unstable/main libk5crypto3 amd64 1.10.1+dfsg-6.1 [112 kB]
Get:18 http://localhost:9999/debian/ unstable/main libkrb5-3 amd64 1.10.1+dfsg-6.1 [392 kB]
Get:19 http://localhost:9999/debian/ unstable/main libgssapi-krb5-2 amd64 1.10.1+dfsg-6.1 [147 kB]
Get:20 http://localhost:9999/debian/ unstable/main libgssrpc4 amd64 1.10.1+dfsg-6.1 [86.8 kB]
Get:21 http://localhost:9999/debian/ unstable/main libkadm5clnt-mit8 amd64 1.10.1+dfsg-6.1 [67.1 kB]
Get:22 http://localhost:9999/debian/ unstable/main libkdb5-6 amd64 1.10.1+dfsg-6.1 [66.1 kB]
Get:23 http://localhost:9999/debian/ unstable/main libkadm5srv-mit8 amd64 1.10.1+dfsg-6.1 [83.3 kB]
Get:24 http://localhost:9999/debian/ unstable/main libsasl2-modules amd64 2.1.25.dfsg1-13 [123 kB]
Get:25 http://localhost:9999/debian/ unstable/main libsasl2-2 amd64 2.1.25.dfsg1-13 [109 kB]
Get:26 http://localhost:9999/debian/ unstable/main libldap-2.4-2 amd64 2.4.31-1+nmu2 [243 kB]
Get:27 http://localhost:9999/debian/ unstable/main libmagic1 amd64 1:5.14-2 [216 kB]
Get:28 http://localhost:9999/debian/ unstable/main libsqlite3-0 amd64 3.7.17-1 [478 kB]
Get:29 http://localhost:9999/debian/ unstable/main libxml2 amd64 2.9.1+dfsg1-2 [911 kB]
Get:30 http://localhost:9999/debian/ unstable/main libsigsegv2 amd64 2.10-2 [29.8 kB]
Get:31 http://localhost:9999/debian/ unstable/main m4 amd64 1.4.16-5 [260 kB]
Get:32 http://localhost:9999/debian/ unstable/main flex amd64 2.5.35-10.1 [332 kB]
Get:33 http://localhost:9999/debian/ unstable/main libglib2.0-0 amd64 2.36.3-3 [2048 kB]
Get:34 http://localhost:9999/debian/ unstable/main libcroco3 amd64 0.6.8-2 [133 kB]
Get:35 http://localhost:9999/debian/ unstable/main libexpat1 amd64 2.1.0-4 [138 kB]
Get:36 http://localhost:9999/debian/ unstable/main libpython2.7-minimal amd64 2.7.5-6 [520 kB]
Get:37 http://localhost:9999/debian/ unstable/main mime-support all 3.54 [36.4 kB]
Get:38 http://localhost:9999/debian/ unstable/main libpython2.7-stdlib amd64 2.7.5-6 [2482 kB]
Get:39 http://localhost:9999/debian/ unstable/main libpython2.7 amd64 2.7.5-6 [1361 kB]
Get:40 http://localhost:9999/debian/ unstable/main libexpat1-dev amd64 2.1.0-4 [223 kB]
Get:41 http://localhost:9999/debian/ unstable/main libpython2.7-dev amd64 2.7.5-6 [23.5 MB]
Get:42 http://localhost:9999/debian/ unstable/main libpython3.3-minimal amd64 3.3.2-4 [606 kB]
Get:43 http://localhost:9999/debian/ unstable/main libpython3.3-stdlib amd64 3.3.2-4 [2731 kB]
Get:44 http://localhost:9999/debian/ unstable/main libpython3.3 amd64 3.3.2-4 [1646 kB]
Get:45 http://localhost:9999/debian/ unstable/main libpython3.3-dev amd64 3.3.2-4 [27.4 MB]
Get:46 http://localhost:9999/debian/ unstable/main libunistring0 amd64 0.9.3-5 [434 kB]
Get:47 http://localhost:9999/debian/ unstable/main libxslt1.1 amd64 1.1.26-14.1 [254 kB]
Get:48 http://localhost:9999/debian/ unstable/main python2.7-minimal amd64 2.7.5-6 [1552 kB]
Get:49 http://localhost:9999/debian/ unstable/main python3.3-minimal amd64 3.3.2-4 [1794 kB]
Get:50 http://localhost:9999/debian/ unstable/main sgml-base all 1.26+nmu4 [14.6 kB]
Get:51 http://localhost:9999/debian/ unstable/main file amd64 1:5.14-2 [54.0 kB]
Get:52 http://localhost:9999/debian/ unstable/main gettext-base amd64 0.18.2.1-1 [156 kB]
Get:53 http://localhost:9999/debian/ unstable/main python2.7 amd64 2.7.5-6 [229 kB]
Get:54 http://localhost:9999/debian/ unstable/main python-minimal amd64 2.7.5-2 [42.7 kB]
Get:55 http://localhost:9999/debian/ unstable/main libpython-stdlib amd64 2.7.5-2 [19.6 kB]
Get:56 http://localhost:9999/debian/ unstable/main python amd64 2.7.5-2 [186 kB]
Get:57 http://localhost:9999/debian/ unstable/main libbison-dev amd64 2:2.7.1.dfsg-1 [346 kB]
Get:58 http://localhost:9999/debian/ unstable/main bison amd64 2:2.7.1.dfsg-1 [789 kB]
Get:59 http://localhost:9999/debian/ unstable/main gettext amd64 0.18.2.1-1 [2019 kB]
Get:60 http://localhost:9999/debian/ unstable/main intltool-debian all 0.35.0+20060710.1 [30.8 kB]
Get:61 http://localhost:9999/debian/ unstable/main po-debconf all 1.0.16+nmu2 [224 kB]
Get:62 http://localhost:9999/debian/ unstable/main debhelper all 9.20130630 [710 kB]
Get:63 http://localhost:9999/debian/ unstable/main xml-core all 0.13+nmu2 [24.2 kB]
Get:64 http://localhost:9999/debian/ unstable/main sgml-data all 2.0.9-1 [281 kB]
Get:65 http://localhost:9999/debian/ unstable/main docbook all 4.5-5.1 [453 kB]
Get:66 http://localhost:9999/debian/ unstable/main libosp5 amd64 1.5.2-10 [1199 kB]
Get:67 http://localhost:9999/debian/ unstable/main libostyle1c2 amd64 1.4devel1-20.1+b1 [888 kB]
Get:68 http://localhost:9999/debian/ unstable/main openjade amd64 1.4devel1-20.1+b1 [344 kB]
Get:69 http://localhost:9999/debian/ unstable/main docbook-dsssl all 1.79-7 [374 kB]
Get:70 http://localhost:9999/debian/ unstable/main docbook-xsl all 1.78.1+dfsg-1 [2339 kB]
Get:71 http://localhost:9999/debian/ unstable/main comerr-dev amd64 2.1-1.42.8-1 [42.8 kB]
Get:72 http://localhost:9999/debian/ unstable/main krb5-multidev amd64 1.10.1+dfsg-6.1 [155 kB]
Get:73 http://localhost:9999/debian/ unstable/main libbsd-dev amd64 0.6.0-1 [157 kB]
Get:74 http://localhost:9999/debian/ unstable/main libtinfo-dev amd64 5.9+20130608-1 [108 kB]
Get:75 http://localhost:9999/debian/ unstable/main libedit-dev amd64 2.11-20080614-6 [86.1 kB]
Get:76 http://localhost:9999/debian/ unstable/main libossp-uuid16 amd64 1.6.2-1.3 [58.8 kB]
Get:77 http://localhost:9999/debian/ unstable/main libossp-uuid-dev amd64 1.6.2-1.3 [79.6 kB]
Get:78 http://localhost:9999/debian/ unstable/main libpam0g-dev amd64 1.1.3-9 [192 kB]
Get:79 http://localhost:9999/debian/ unstable/main libperl5.14 amd64 5.14.2-21 [1174 B]
Get:80 http://localhost:9999/debian/ unstable/main libperl-dev amd64 5.14.2-21 [3321 kB]
Get:81 http://localhost:9999/debian/ unstable/main libpython-dev amd64 2.7.5-2 [19.6 kB]
Get:82 http://localhost:9999/debian/ unstable/main zlib1g-dev amd64 1:1.2.8.dfsg-1 [217 kB]
Get:83 http://localhost:9999/debian/ unstable/main libssl-dev amd64 1.0.1e-3 [1749 kB]
Get:84 http://localhost:9999/debian/ unstable/main libxml2-dev amd64 2.9.1+dfsg1-2 [915 kB]
Get:85 http://localhost:9999/debian/ unstable/main libxslt1-dev amd64 1.1.26-14.1 [681 kB]
Get:86 http://localhost:9999/debian/ unstable/main opensp amd64 1.5.2-10 [514 kB]
Get:87 http://localhost:9999/debian/ unstable/main python2.7-dev amd64 2.7.5-6 [288 kB]
Get:88 http://localhost:9999/debian/ unstable/main python-dev amd64 2.7.5-2 [1068 B]
Get:89 http://localhost:9999/debian/ unstable/main python3.3 amd64 3.3.2-4 [150 kB]
Get:90 http://localhost:9999/debian/ unstable/main python3-minimal all 3.3.2-1 [21.1 kB]
Get:91 http://localhost:9999/debian/ unstable/main python3 all 3.3.2-1 [45.8 kB]
Get:92 http://localhost:9999/debian/ unstable/main python3.3-dev amd64 3.3.2-4 [393 kB]
Get:93 http://localhost:9999/debian/ unstable/main python3-dev all 3.3.2-1 [1062 B]
Get:94 http://localhost:9999/debian/ unstable/main tcl8.5 amd64 8.5.14-2 [1639 kB]
Get:95 http://localhost:9999/debian/ unstable/main tcl8.5-dev amd64 8.5.14-2 [1097 kB]
Get:96 http://localhost:9999/debian/ unstable/main xsltproc amd64 1.1.26-14.1 [118 kB]
Get:97 http://localhost:9999/debian/ unstable/main libkrb5-dev amd64 1.10.1+dfsg-6.1 [39.8 kB]
Get:98 http://localhost:9999/debian/ unstable/main libldap2-dev amd64 2.4.31-1+nmu2 [569 kB]
debconf: delaying package configuration, since apt-utils is not installed
Fetched 98.7 MB in 5s (16.8 MB/s)
Selecting previously unselected package libncursesw5:amd64.
(Reading database ... 14698 files and directories currently installed.)
Unpacking libncursesw5:amd64 (from .../libncursesw5_5.9+20130608-1_amd64.deb) ...
Selecting previously unselected package libpipeline1:amd64.
Unpacking libpipeline1:amd64 (from .../libpipeline1_1.2.4-1_amd64.deb) ...
Selecting previously unselected package libssl1.0.0:amd64.
Unpacking libssl1.0.0:amd64 (from .../libssl1.0.0_1.0.1e-3_amd64.deb) ...
Selecting previously unselected package groff-base.
Unpacking groff-base (from .../groff-base_1.22.2-3_amd64.deb) ...
Selecting previously unselected package bsdmainutils.
Unpacking bsdmainutils (from .../bsdmainutils_9.0.5_amd64.deb) ...
Selecting previously unselected package man-db.
Unpacking man-db (from .../man-db_2.6.5-2_amd64.deb) ...
Selecting previously unselected package libasprintf0c2:amd64.
Unpacking libasprintf0c2:amd64 (from .../libasprintf0c2_0.18.2.1-1_amd64.deb) ...
Selecting previously unselected package libbsd0:amd64.
Unpacking libbsd0:amd64 (from .../libbsd0_0.6.0-1_amd64.deb) ...
Selecting previously unselected package libedit2:amd64.
Unpacking libedit2:amd64 (from .../libedit2_2.11-20080614-6_amd64.deb) ...
Selecting previously unselected package libgpg-error0:amd64.
Unpacking libgpg-error0:amd64 (from .../libgpg-error0_1.10-3.1_amd64.deb) ...
Selecting previously unselected package libgcrypt11:amd64.
Unpacking libgcrypt11:amd64 (from .../libgcrypt11_1.5.2-3_amd64.deb) ...
Selecting previously unselected package libp11-kit0:amd64.
Unpacking libp11-kit0:amd64 (from .../libp11-kit0_0.18.4-1_amd64.deb) ...
Selecting previously unselected package libtasn1-3:amd64.
Unpacking libtasn1-3:amd64 (from .../libtasn1-3_2.14-3_amd64.deb) ...
Selecting previously unselected package libgnutls26:amd64.
Unpacking libgnutls26:amd64 (from .../libgnutls26_2.12.23-5_amd64.deb) ...
Selecting previously unselected package libkeyutils1:amd64.
Unpacking libkeyutils1:amd64 (from .../libkeyutils1_1.5.5-7_amd64.deb) ...
Selecting previously unselected package libkrb5support0:amd64.
Unpacking libkrb5support0:amd64 (from .../libkrb5support0_1.10.1+dfsg-6.1_amd64.deb) ...
Selecting previously unselected package libk5crypto3:amd64.
Unpacking libk5crypto3:amd64 (from .../libk5crypto3_1.10.1+dfsg-6.1_amd64.deb) ...
Selecting previously unselected package libkrb5-3:amd64.
Unpacking libkrb5-3:amd64 (from .../libkrb5-3_1.10.1+dfsg-6.1_amd64.deb) ...
Selecting previously unselected package libgssapi-krb5-2:amd64.
Unpacking libgssapi-krb5-2:amd64 (from .../libgssapi-krb5-2_1.10.1+dfsg-6.1_amd64.deb) ...
Selecting previously unselected package libgssrpc4:amd64.
Unpacking libgssrpc4:amd64 (from .../libgssrpc4_1.10.1+dfsg-6.1_amd64.deb) ...
Selecting previously unselected package libkadm5clnt-mit8:amd64.
Unpacking libkadm5clnt-mit8:amd64 (from .../libkadm5clnt-mit8_1.10.1+dfsg-6.1_amd64.deb) ...
Selecting previously unselected package libkdb5-6:amd64.
Unpacking libkdb5-6:amd64 (from .../libkdb5-6_1.10.1+dfsg-6.1_amd64.deb) ...
Selecting previously unselected package libkadm5srv-mit8:amd64.
Unpacking libkadm5srv-mit8:amd64 (from .../libkadm5srv-mit8_1.10.1+dfsg-6.1_amd64.deb) ...
Selecting previously unselected package libsasl2-modules:amd64.
Unpacking libsasl2-modules:amd64 (from .../libsasl2-modules_2.1.25.dfsg1-13_amd64.deb) ...
Selecting previously unselected package libsasl2-2:amd64.
Unpacking libsasl2-2:amd64 (from .../libsasl2-2_2.1.25.dfsg1-13_amd64.deb) ...
Selecting previously unselected package libldap-2.4-2:amd64.
Unpacking libldap-2.4-2:amd64 (from .../libldap-2.4-2_2.4.31-1+nmu2_amd64.deb) ...
Selecting previously unselected package libmagic1:amd64.
Unpacking libmagic1:amd64 (from .../libmagic1_1%3a5.14-2_amd64.deb) ...
Selecting previously unselected package libsqlite3-0:amd64.
Unpacking libsqlite3-0:amd64 (from .../libsqlite3-0_3.7.17-1_amd64.deb) ...
Selecting previously unselected package libxml2:amd64.
Unpacking libxml2:amd64 (from .../libxml2_2.9.1+dfsg1-2_amd64.deb) ...
Selecting previously unselected package libsigsegv2:amd64.
Unpacking libsigsegv2:amd64 (from .../libsigsegv2_2.10-2_amd64.deb) ...
Selecting previously unselected package m4.
Unpacking m4 (from .../archives/m4_1.4.16-5_amd64.deb) ...
Selecting previously unselected package flex.
Unpacking flex (from .../flex_2.5.35-10.1_amd64.deb) ...
Selecting previously unselected package libglib2.0-0:amd64.
Unpacking libglib2.0-0:amd64 (from .../libglib2.0-0_2.36.3-3_amd64.deb) ...
Selecting previously unselected package libcroco3:amd64.
Unpacking libcroco3:amd64 (from .../libcroco3_0.6.8-2_amd64.deb) ...
Selecting previously unselected package libexpat1:amd64.
Unpacking libexpat1:amd64 (from .../libexpat1_2.1.0-4_amd64.deb) ...
Selecting previously unselected package libpython2.7-minimal.
Unpacking libpython2.7-minimal (from .../libpython2.7-minimal_2.7.5-6_amd64.deb) ...
Selecting previously unselected package mime-support.
Unpacking mime-support (from .../mime-support_3.54_all.deb) ...
Selecting previously unselected package libpython2.7-stdlib.
Unpacking libpython2.7-stdlib (from .../libpython2.7-stdlib_2.7.5-6_amd64.deb) ...
Selecting previously unselected package libpython2.7.
Unpacking libpython2.7 (from .../libpython2.7_2.7.5-6_amd64.deb) ...
Selecting previously unselected package libexpat1-dev:amd64.
Unpacking libexpat1-dev:amd64 (from .../libexpat1-dev_2.1.0-4_amd64.deb) ...
Selecting previously unselected package libpython2.7-dev.
Unpacking libpython2.7-dev (from .../libpython2.7-dev_2.7.5-6_amd64.deb) ...
Selecting previously unselected package libpython3.3-minimal.
Unpacking libpython3.3-minimal (from .../libpython3.3-minimal_3.3.2-4_amd64.deb) ...
Selecting previously unselected package libpython3.3-stdlib.
Unpacking libpython3.3-stdlib (from .../libpython3.3-stdlib_3.3.2-4_amd64.deb) ...
Selecting previously unselected package libpython3.3.
Unpacking libpython3.3 (from .../libpython3.3_3.3.2-4_amd64.deb) ...
Selecting previously unselected package libpython3.3-dev.
Unpacking libpython3.3-dev (from .../libpython3.3-dev_3.3.2-4_amd64.deb) ...
Selecting previously unselected package libunistring0:amd64.
Unpacking libunistring0:amd64 (from .../libunistring0_0.9.3-5_amd64.deb) ...
Selecting previously unselected package libxslt1.1:amd64.
Unpacking libxslt1.1:amd64 (from .../libxslt1.1_1.1.26-14.1_amd64.deb) ...
Selecting previously unselected package python2.7-minimal.
Unpacking python2.7-minimal (from .../python2.7-minimal_2.7.5-6_amd64.deb) ...
Selecting previously unselected package python3.3-minimal.
Unpacking python3.3-minimal (from .../python3.3-minimal_3.3.2-4_amd64.deb) ...
Selecting previously unselected package sgml-base.
Unpacking sgml-base (from .../sgml-base_1.26+nmu4_all.deb) ...
Selecting previously unselected package file.
Unpacking file (from .../file_1%3a5.14-2_amd64.deb) ...
Selecting previously unselected package gettext-base.
Unpacking gettext-base (from .../gettext-base_0.18.2.1-1_amd64.deb) ...
Selecting previously unselected package python2.7.
Unpacking python2.7 (from .../python2.7_2.7.5-6_amd64.deb) ...
Selecting previously unselected package python-minimal.
Unpacking python-minimal (from .../python-minimal_2.7.5-2_amd64.deb) ...
Selecting previously unselected package libpython-stdlib:amd64.
Unpacking libpython-stdlib:amd64 (from .../libpython-stdlib_2.7.5-2_amd64.deb) ...
Selecting previously unselected package python.
Unpacking python (from .../python_2.7.5-2_amd64.deb) ...
Selecting previously unselected package libbison-dev:amd64.
Unpacking libbison-dev:amd64 (from .../libbison-dev_2%3a2.7.1.dfsg-1_amd64.deb) ...
Selecting previously unselected package bison.
Unpacking bison (from .../bison_2%3a2.7.1.dfsg-1_amd64.deb) ...
Selecting previously unselected package gettext.
Unpacking gettext (from .../gettext_0.18.2.1-1_amd64.deb) ...
Selecting previously unselected package intltool-debian.
Unpacking intltool-debian (from .../intltool-debian_0.35.0+20060710.1_all.deb) ...
Selecting previously unselected package po-debconf.
Unpacking po-debconf (from .../po-debconf_1.0.16+nmu2_all.deb) ...
Selecting previously unselected package debhelper.
Unpacking debhelper (from .../debhelper_9.20130630_all.deb) ...
Selecting previously unselected package xml-core.
Unpacking xml-core (from .../xml-core_0.13+nmu2_all.deb) ...
Selecting previously unselected package sgml-data.
Unpacking sgml-data (from .../sgml-data_2.0.9-1_all.deb) ...
Selecting previously unselected package docbook.
Unpacking docbook (from .../docbook_4.5-5.1_all.deb) ...
Selecting previously unselected package libosp5.
Unpacking libosp5 (from .../libosp5_1.5.2-10_amd64.deb) ...
Selecting previously unselected package libostyle1c2.
Unpacking libostyle1c2 (from .../libostyle1c2_1.4devel1-20.1+b1_amd64.deb) ...
Selecting previously unselected package openjade.
Unpacking openjade (from .../openjade_1.4devel1-20.1+b1_amd64.deb) ...
Selecting previously unselected package docbook-dsssl.
Unpacking docbook-dsssl (from .../docbook-dsssl_1.79-7_all.deb) ...
Selecting previously unselected package docbook-xsl.
Unpacking docbook-xsl (from .../docbook-xsl_1.78.1+dfsg-1_all.deb) ...
Selecting previously unselected package comerr-dev.
Unpacking comerr-dev (from .../comerr-dev_2.1-1.42.8-1_amd64.deb) ...
Selecting previously unselected package krb5-multidev.
Unpacking krb5-multidev (from .../krb5-multidev_1.10.1+dfsg-6.1_amd64.deb) ...
Selecting previously unselected package libbsd-dev.
Unpacking libbsd-dev (from .../libbsd-dev_0.6.0-1_amd64.deb) ...
Selecting previously unselected package libtinfo-dev:amd64.
Unpacking libtinfo-dev:amd64 (from .../libtinfo-dev_5.9+20130608-1_amd64.deb) ...
Selecting previously unselected package libedit-dev:amd64.
Unpacking libedit-dev:amd64 (from .../libedit-dev_2.11-20080614-6_amd64.deb) ...
Selecting previously unselected package libossp-uuid16.
Unpacking libossp-uuid16 (from .../libossp-uuid16_1.6.2-1.3_amd64.deb) ...
Selecting previously unselected package libossp-uuid-dev.
Unpacking libossp-uuid-dev (from .../libossp-uuid-dev_1.6.2-1.3_amd64.deb) ...
Selecting previously unselected package libpam0g-dev:amd64.
Unpacking libpam0g-dev:amd64 (from .../libpam0g-dev_1.1.3-9_amd64.deb) ...
Selecting previously unselected package libperl5.14.
Unpacking libperl5.14 (from .../libperl5.14_5.14.2-21_amd64.deb) ...
Selecting previously unselected package libperl-dev.
Unpacking libperl-dev (from .../libperl-dev_5.14.2-21_amd64.deb) ...
Selecting previously unselected package libpython-dev:amd64.
Unpacking libpython-dev:amd64 (from .../libpython-dev_2.7.5-2_amd64.deb) ...
Selecting previously unselected package zlib1g-dev:amd64.
Unpacking zlib1g-dev:amd64 (from .../zlib1g-dev_1%3a1.2.8.dfsg-1_amd64.deb) ...
Selecting previously unselected package libssl-dev:amd64.
Unpacking libssl-dev:amd64 (from .../libssl-dev_1.0.1e-3_amd64.deb) ...
Selecting previously unselected package libxml2-dev:amd64.
Unpacking libxml2-dev:amd64 (from .../libxml2-dev_2.9.1+dfsg1-2_amd64.deb) ...
Selecting previously unselected package libxslt1-dev.
Unpacking libxslt1-dev (from .../libxslt1-dev_1.1.26-14.1_amd64.deb) ...
Selecting previously unselected package opensp.
Unpacking opensp (from .../opensp_1.5.2-10_amd64.deb) ...
Selecting previously unselected package python2.7-dev.
Unpacking python2.7-dev (from .../python2.7-dev_2.7.5-6_amd64.deb) ...
Selecting previously unselected package python-dev.
Unpacking python-dev (from .../python-dev_2.7.5-2_amd64.deb) ...
Selecting previously unselected package python3.3.
Unpacking python3.3 (from .../python3.3_3.3.2-4_amd64.deb) ...
Selecting previously unselected package python3-minimal.
Unpacking python3-minimal (from .../python3-minimal_3.3.2-1_all.deb) ...
Selecting previously unselected package python3.
Unpacking python3 (from .../python3_3.3.2-1_all.deb) ...
Selecting previously unselected package python3.3-dev.
Unpacking python3.3-dev (from .../python3.3-dev_3.3.2-4_amd64.deb) ...
Selecting previously unselected package python3-dev.
Unpacking python3-dev (from .../python3-dev_3.3.2-1_all.deb) ...
Selecting previously unselected package tcl8.5.
Unpacking tcl8.5 (from .../tcl8.5_8.5.14-2_amd64.deb) ...
Selecting previously unselected package tcl8.5-dev.
Unpacking tcl8.5-dev (from .../tcl8.5-dev_8.5.14-2_amd64.deb) ...
Selecting previously unselected package xsltproc.
Unpacking xsltproc (from .../xsltproc_1.1.26-14.1_amd64.deb) ...
Selecting previously unselected package libkrb5-dev.
Unpacking libkrb5-dev (from .../libkrb5-dev_1.10.1+dfsg-6.1_amd64.deb) ...
Selecting previously unselected package libldap2-dev:amd64.
Unpacking libldap2-dev:amd64 (from .../libldap2-dev_2.4.31-1+nmu2_amd64.deb) ...
Selecting previously unselected package sbuild-build-depends-postgresql-9.1-dummy.
Unpacking sbuild-build-depends-postgresql-9.1-dummy (from .../sbuild-build-depends-postgresql-9.1-dummy.deb) ...
Setting up libncursesw5:amd64 (5.9+20130608-1) ...
Setting up libpipeline1:amd64 (1.2.4-1) ...
Setting up libssl1.0.0:amd64 (1.0.1e-3) ...
Setting up groff-base (1.22.2-3) ...
Setting up bsdmainutils (9.0.5) ...
update-alternatives: using /usr/bin/bsd-write to provide /usr/bin/write (write) in auto mode
update-alternatives: using /usr/bin/bsd-from to provide /usr/bin/from (from) in auto mode
Setting up man-db (2.6.5-2) ...
Not building database; man-db/auto-update is not 'true'.
Setting up libasprintf0c2:amd64 (0.18.2.1-1) ...
Setting up libbsd0:amd64 (0.6.0-1) ...
Setting up libedit2:amd64 (2.11-20080614-6) ...
Setting up libgpg-error0:amd64 (1.10-3.1) ...
Setting up libgcrypt11:amd64 (1.5.2-3) ...
Setting up libp11-kit0:amd64 (0.18.4-1) ...
Setting up libtasn1-3:amd64 (2.14-3) ...
Setting up libgnutls26:amd64 (2.12.23-5) ...
Setting up libkeyutils1:amd64 (1.5.5-7) ...
Setting up libkrb5support0:amd64 (1.10.1+dfsg-6.1) ...
Setting up libk5crypto3:amd64 (1.10.1+dfsg-6.1) ...
Setting up libkrb5-3:amd64 (1.10.1+dfsg-6.1) ...
Setting up libgssapi-krb5-2:amd64 (1.10.1+dfsg-6.1) ...
Setting up libgssrpc4:amd64 (1.10.1+dfsg-6.1) ...
Setting up libkadm5clnt-mit8:amd64 (1.10.1+dfsg-6.1) ...
Setting up libkdb5-6:amd64 (1.10.1+dfsg-6.1) ...
Setting up libkadm5srv-mit8:amd64 (1.10.1+dfsg-6.1) ...
Setting up libsasl2-modules:amd64 (2.1.25.dfsg1-13) ...
Setting up libsasl2-2:amd64 (2.1.25.dfsg1-13) ...
Setting up libldap-2.4-2:amd64 (2.4.31-1+nmu2) ...
Setting up libmagic1:amd64 (1:5.14-2) ...
Setting up libsqlite3-0:amd64 (3.7.17-1) ...
Setting up libxml2:amd64 (2.9.1+dfsg1-2) ...
Setting up libsigsegv2:amd64 (2.10-2) ...
Setting up m4 (1.4.16-5) ...
Setting up flex (2.5.35-10.1) ...
Setting up libglib2.0-0:amd64 (2.36.3-3) ...
No schema files found: doing nothing.
Setting up libcroco3:amd64 (0.6.8-2) ...
Setting up libexpat1:amd64 (2.1.0-4) ...
Setting up libpython2.7-minimal (2.7.5-6) ...
Setting up mime-support (3.54) ...
Setting up libpython2.7-stdlib (2.7.5-6) ...
Setting up libpython2.7 (2.7.5-6) ...
Setting up libexpat1-dev:amd64 (2.1.0-4) ...
Setting up libpython2.7-dev (2.7.5-6) ...
Setting up libpython3.3-minimal (3.3.2-4) ...
Setting up libpython3.3-stdlib (3.3.2-4) ...
Setting up libpython3.3 (3.3.2-4) ...
Setting up libpython3.3-dev (3.3.2-4) ...
Setting up libunistring0:amd64 (0.9.3-5) ...
Setting up libxslt1.1:amd64 (1.1.26-14.1) ...
Setting up python2.7-minimal (2.7.5-6) ...
Setting up python3.3-minimal (3.3.2-4) ...
Setting up sgml-base (1.26+nmu4) ...
Setting up file (1:5.14-2) ...
Setting up gettext-base (0.18.2.1-1) ...
Setting up python2.7 (2.7.5-6) ...
Setting up python-minimal (2.7.5-2) ...
Setting up libpython-stdlib:amd64 (2.7.5-2) ...
Setting up python (2.7.5-2) ...
Setting up libbison-dev:amd64 (2:2.7.1.dfsg-1) ...
Setting up bison (2:2.7.1.dfsg-1) ...
update-alternatives: using /usr/bin/bison.yacc to provide /usr/bin/yacc (yacc) in auto mode
Setting up gettext (0.18.2.1-1) ...
Setting up intltool-debian (0.35.0+20060710.1) ...
Setting up po-debconf (1.0.16+nmu2) ...
Setting up debhelper (9.20130630) ...
Setting up xml-core (0.13+nmu2) ...
Setting up libosp5 (1.5.2-10) ...
Setting up libostyle1c2 (1.4devel1-20.1+b1) ...
Setting up openjade (1.4devel1-20.1+b1) ...
Setting up comerr-dev (2.1-1.42.8-1) ...
Setting up krb5-multidev (1.10.1+dfsg-6.1) ...
Setting up libbsd-dev (0.6.0-1) ...
Setting up libtinfo-dev:amd64 (5.9+20130608-1) ...
Setting up libedit-dev:amd64 (2.11-20080614-6) ...
Setting up libossp-uuid16 (1.6.2-1.3) ...
Setting up libossp-uuid-dev (1.6.2-1.3) ...
Setting up libpam0g-dev:amd64 (1.1.3-9) ...
Setting up libperl5.14 (5.14.2-21) ...
Setting up libperl-dev (5.14.2-21) ...
Setting up libpython-dev:amd64 (2.7.5-2) ...
Setting up zlib1g-dev:amd64 (1:1.2.8.dfsg-1) ...
Setting up libssl-dev:amd64 (1.0.1e-3) ...
Setting up libxml2-dev:amd64 (2.9.1+dfsg1-2) ...
Setting up libxslt1-dev (1.1.26-14.1) ...
Setting up opensp (1.5.2-10) ...
Setting up python2.7-dev (2.7.5-6) ...
Setting up python-dev (2.7.5-2) ...
Setting up python3.3 (3.3.2-4) ...
Setting up python3-minimal (3.3.2-1) ...
Setting up python3 (3.3.2-1) ...
Setting up python3.3-dev (3.3.2-4) ...
Setting up python3-dev (3.3.2-1) ...
Setting up tcl8.5 (8.5.14-2) ...
update-alternatives: using /usr/bin/tclsh8.5 to provide /usr/bin/tclsh (tclsh) in auto mode
Setting up tcl8.5-dev (8.5.14-2) ...
Setting up xsltproc (1.1.26-14.1) ...
Setting up libkrb5-dev (1.10.1+dfsg-6.1) ...
Setting up libldap2-dev:amd64 (2.4.31-1+nmu2) ...
Processing triggers for sgml-base ...
Setting up docbook-xsl (1.78.1+dfsg-1) ...
Setting up sgml-data (2.0.9-1) ...
Processing triggers for sgml-base ...
Setting up docbook (4.5-5.1) ...
Processing triggers for sgml-base ...
Setting up docbook-dsssl (1.79-7) ...
Processing triggers for sgml-base ...
Setting up sbuild-build-depends-postgresql-9.1-dummy (0.invalid.0) ...
Processing triggers for libc-bin ...

┌──────────────────────────────────────────────────────────────────────────────┐
│ Build environment                                                            │
└──────────────────────────────────────────────────────────────────────────────┘

Kernel: Linux 2.6.32-5-xen-amd64 amd64 (x86_64)
Toolchain package versions: binutils_2.23.52.20130620-1 dpkg-dev_1.16.10 g++-4.6_4.6.4-4 g++-4.8_4.8.1-6 gcc-4.6_4.6.4-4 gcc-4.7_4.7.3-5 gcc-4.8_4.8.1-6 libc6-dev_2.17-7 libstdc++-4.8-dev_4.8.1-6 libstdc++6_4.8.1-6 libstdc++6-4.6-dev_4.6.4-4 libstdc++6-4.7-dev_4.7.3-5 linux-libc-dev_3.9.8-1
Package versions: apt_0.9.9.1 base-files_7.2 base-passwd_3.5.26 bash_4.2+dfsg-1 binutils_2.23.52.20130620-1 bison_2:2.7.1.dfsg-1 bsdmainutils_9.0.5 bsdutils_1:2.20.1-5.5 build-essential_11.6 bzip2_1.0.6-4 clang-3.3_1:3.3-3 comerr-dev_2.1-1.42.8-1 coreutils_8.20-3 cpp_4:4.8.1-2 cpp-4.6_4.6.4-4 cpp-4.7_4.7.3-5 cpp-4.8_4.8.1-6 dash_0.5.7-3 debconf_1.5.50 debconf-i18n_1.5.50 debfoster_2.7-1.2 debhelper_9.20130630 debian-archive-keyring_2012.4 debianutils_4.3.4 diffutils_1:3.2-8 docbook_4.5-5.1 docbook-dsssl_1.79-7 docbook-xsl_1.78.1+dfsg-1 dpkg_1.16.10 dpkg-dev_1.16.10 e2fslibs_1.42.8-1 e2fsprogs_1.42.8-1 fakeroot_1.19-2 file_1:5.14-2 findutils_4.4.2-6 flex_2.5.35-10.1 g++_4:4.8.1-2 g++-4.6_4.6.4-4 g++-4.8_4.8.1-6 gcc_4:4.8.1-2 gcc-4.4-base_4.4.7-4 gcc-4.5-base_4.5.4-1 gcc-4.6_4.6.4-4 gcc-4.6-base_4.6.4-4 gcc-4.7_4.7.3-5 gcc-4.7-base_4.7.3-5 gcc-4.8_4.8.1-6 gcc-4.8-base_4.8.1-6 gettext_0.18.2.1-1 gettext-base_0.18.2.1-1 gnupg_1.4.12-7 gpgv_1.4.12-7 grep_2.14-2 groff-base_1.22.2-3 gzip_1.6-1 hostname_3.13 initscripts_2.88dsf-42 insserv_1.14.0-5 intltool-debian_0.35.0+20060710.1 krb5-multidev_1.10.1+dfsg-6.1 libacl1_2.2.52-1 libapt-pkg4.12_0.9.9.1 libasan0_4.8.1-6 libasprintf0c2_0.18.2.1-1 libatomic1_4.8.1-6 libattr1_1:2.4.47-1 libbison-dev_2:2.7.1.dfsg-1 libblkid1_2.20.1-5.5 libbsd-dev_0.6.0-1 libbsd0_0.6.0-1 libbz2-1.0_1.0.6-4 libc-bin_2.17-7 libc-dev-bin_2.17-7 libc6_2.17-7 libc6-dev_2.17-7 libcap2_1:2.22-1.2 libclang-common-3.3-dev_1:3.3-3 libclang1-3.3_1:3.3-3 libclass-isa-perl_0.36-5 libcloog-isl4_0.18.0-2 libcloog-ppl1_0.16.1-3 libcomerr2_1.42.8-1 libcroco3_0.6.8-2 libdb5.1_5.1.29-6 libdpkg-perl_1.16.10 libedit-dev_2.11-20080614-6 libedit2_2.11-20080614-6 libexpat1_2.1.0-4 libexpat1-dev_2.1.0-4 libffi6_3.0.13-4 libfile-fcntllock-perl_0.14-2 libgc1c2_1:7.2d-5 libgcc-4.7-dev_4.7.3-5 libgcc-4.8-dev_4.8.1-6 libgcc1_1:4.8.1-6 libgcrypt11_1.5.2-3 libgdbm3_1.8.3-12 libglib2.0-0_2.36.3-3 libgmp10_2:5.1.2+dfsg-2 libgmpxx4ldbl_2:5.1.2+dfsg-2 libgnutls26_2.12.23-5 libgomp1_4.8.1-6 libgpg-error0_1.10-3.1 libgpm2_1.20.4-6.1 libgssapi-krb5-2_1.10.1+dfsg-6.1 libgssrpc4_1.10.1+dfsg-6.1 libisl10_0.11.2-1 libitm1_4.8.1-6 libk5crypto3_1.10.1+dfsg-6.1 libkadm5clnt-mit8_1.10.1+dfsg-6.1 libkadm5srv-mit8_1.10.1+dfsg-6.1 libkdb5-6_1.10.1+dfsg-6.1 libkeyutils1_1.5.5-7 libkrb5-3_1.10.1+dfsg-6.1 libkrb5-dev_1.10.1+dfsg-6.1 libkrb5support0_1.10.1+dfsg-6.1 libldap-2.4-2_2.4.31-1+nmu2 libldap2-dev_2.4.31-1+nmu2 libllvm3.3_1:3.3-3 liblocale-gettext-perl_1.05-7+b1 liblzma5_5.1.1alpha+20120614-2 libmagic1_1:5.14-2 libmount1_2.20.1-5.5 libmpc2_0.9-4 libmpc3_1.0.1-1 libmpfr4_3.1.1-1 libncurses5_5.9+20130608-1 libncursesw5_5.9+20130608-1 libobjc-4.7-dev_4.7.3-5 libobjc4_4.8.1-6 libosp5_1.5.2-10 libossp-uuid-dev_1.6.2-1.3 libossp-uuid16_1.6.2-1.3 libostyle1c2_1.4devel1-20.1+b1 libp11-kit0_0.18.4-1 libpam-modules_1.1.3-9 libpam-modules-bin_1.1.3-9 libpam-runtime_1.1.3-9 libpam0g_1.1.3-9 libpam0g-dev_1.1.3-9 libpcre3_1:8.31-2 libperl-dev_5.14.2-21 libperl5.14_5.14.2-21 libpipeline1_1.2.4-1 libppl-c4_1:1.0-7 libppl12_1:1.0-7 libpython-dev_2.7.5-2 libpython-stdlib_2.7.5-2 libpython2.7_2.7.5-6 libpython2.7-dev_2.7.5-6 libpython2.7-minimal_2.7.5-6 libpython2.7-stdlib_2.7.5-6 libpython3.3_3.3.2-4 libpython3.3-dev_3.3.2-4 libpython3.3-minimal_3.3.2-4 libpython3.3-stdlib_3.3.2-4 libquadmath0_4.8.1-6 libreadline6_6.2+dfsg-0.1 libsasl2-2_2.1.25.dfsg1-13 libsasl2-modules_2.1.25.dfsg1-13 libselinux1_2.1.13-2 libsemanage-common_2.1.10-2 libsemanage1_2.1.10-2 libsepol1_2.1.9-2 libsigsegv2_2.10-2 libslang2_2.2.4-15 libsqlite3-0_3.7.17-1 libss2_1.42.8-1 libssl-dev_1.0.1e-3 libssl1.0.0_1.0.1e-3 libstdc++-4.8-dev_4.8.1-6 libstdc++6_4.8.1-6 libstdc++6-4.6-dev_4.6.4-4 libstdc++6-4.7-dev_4.7.3-5 libswitch-perl_2.16-2 libtasn1-3_2.14-3 libtext-charwidth-perl_0.04-7+b1 libtext-iconv-perl_1.7-5 libtext-wrapi18n-perl_0.06-7 libtimedate-perl_1.2000-1 libtinfo-dev_5.9+20130608-1 libtinfo5_5.9+20130608-1 libtsan0_4.8.1-6 libunistring0_0.9.3-5 libusb-0.1-4_2:0.1.12-23.2 libustr-1.0-1_1.0.4-3 libuuid1_2.20.1-5.5 libxml2_2.9.1+dfsg1-2 libxml2-dev_2.9.1+dfsg1-2 libxslt1-dev_1.1.26-14.1 libxslt1.1_1.1.26-14.1 linux-libc-dev_3.9.8-1 login_1:4.1.5.1-1 lsb-base_4.1+Debian12 m4_1.4.16-5 make_3.81-8.2 man-db_2.6.5-2 mawk_1.3.3-17 mime-support_3.54 mount_2.20.1-5.5 multiarch-support_2.17-7 ncurses-base_5.9+20130608-1 ncurses-bin_5.9+20130608-1 openjade_1.4devel1-20.1+b1 opensp_1.5.2-10 passwd_1:4.1.5.1-1 patch_2.7.1-3 perl_5.14.2-21 perl-base_5.14.2-21 perl-modules_5.14.2-21 po-debconf_1.0.16+nmu2 python_2.7.5-2 python-dev_2.7.5-2 python-minimal_2.7.5-2 python2.7_2.7.5-6 python2.7-dev_2.7.5-6 python2.7-minimal_2.7.5-6 python3_3.3.2-1 python3-dev_3.3.2-1 python3-minimal_3.3.2-1 python3.3_3.3.2-4 python3.3-dev_3.3.2-4 python3.3-minimal_3.3.2-4 readline-common_6.2+dfsg-0.1 sbuild-build-depends-core-dummy_0.invalid.0 sbuild-build-depends-postgresql-9.1-dummy_0.invalid.0 sed_4.2.2-1 sensible-utils_0.0.9 sgml-base_1.26+nmu4 sgml-data_2.0.9-1 sudo_1.8.5p2-1+nmu1 sysv-rc_2.88dsf-42 sysvinit_2.88dsf-42 sysvinit-utils_2.88dsf-42 tar_1.26+dfsg-6 tcl8.5_8.5.14-2 tcl8.5-dev_8.5.14-2 tzdata_2013c-2 ucf_3.0027+nmu1 util-linux_2.20.1-5.5 vim_2:7.3.923-3 vim-common_2:7.3.923-3 vim-runtime_2:7.3.923-3 xml-core_0.13+nmu2 xsltproc_1.1.26-14.1 xz-utils_5.1.1alpha+20120614-2 zlib1g_1:1.2.8.dfsg-1 zlib1g-dev_1:1.2.8.dfsg-1

┌──────────────────────────────────────────────────────────────────────────────┐
│ Build                                                                        │
└──────────────────────────────────────────────────────────────────────────────┘


Unpack source
─────────────

gpgv: keyblock resource `/sbuild-nonexistent/.gnupg/trustedkeys.gpg': file open error
gpgv: Signature made Wed Jun 19 08:59:15 2013 UTC using DSA key ID A2D7D292
gpgv: Can't check signature: public key not found
dpkg-source: warning: failed to verify signature on ./postgresql-9.1_9.1.9-2.dsc
dpkg-source: info: extracting postgresql-9.1 in postgresql-9.1-9.1.9
dpkg-source: info: unpacking postgresql-9.1_9.1.9.orig.tar.bz2
dpkg-source: info: unpacking postgresql-9.1_9.1.9-2.debian.tar.gz
dpkg-source: info: applying 02-relax-sslkey-permscheck.patch
dpkg-source: info: applying 03-python-includedirs.patch
dpkg-source: info: applying 50-per-version-dirs.patch
dpkg-source: info: applying 51-default-sockets-in-var.patch
dpkg-source: info: applying 52-tutorial-README.patch
dpkg-source: info: applying 53-pg_service.conf_directory_doc.patch
dpkg-source: info: applying 54-debian-alternatives-for-external-tools.patch

Check disc space
────────────────

Sufficient free space for build

Hack binNMU version
───────────────────

Created changelog entry for binNMU version 9.1.9-2clang1

User Environment
────────────────

HOME=/sbuild-nonexistent
LOGNAME=user
PATH=/usr/local/sbin:/usr/local/bin:/usr/sbin:/usr/bin:/sbin:/bin:/usr/games
SCHROOT_ALIAS_NAME=unstable-amd64-sbuild
SCHROOT_CHROOT_NAME=unstable-amd64-sbuild
SCHROOT_COMMAND=env
SCHROOT_GID=1000
SCHROOT_GROUP=user
SCHROOT_SESSION_ID=unstable-amd64-sbuild-ac0a7ba8-8004-4e69-853b-eda285290ebf
SCHROOT_UID=1000
SCHROOT_USER=user
SHELL=/bin/sh
USER=user

dpkg-buildpackage
─────────────────

dpkg-buildpackage: source package postgresql-9.1
dpkg-buildpackage: source version 9.1.9-2clang1
 dpkg-source --before-build postgresql-9.1-9.1.9
dpkg-buildpackage: host architecture amd64
dpkg-source: info: using options from postgresql-9.1-9.1.9/debian/source/options: --extend-diff-ignore=src/test/regress/sql/.+\.sql --extend-diff-ignore=\.bzr-builddeb/default\.conf
 fakeroot debian/rules clean
dh clean
   dh_testdir
   debian/rules override_dh_auto_clean
make[1]: Entering directory `/«PKGBUILDDIR»'
rm -rf build* stamp
make[1]: Leaving directory `/«PKGBUILDDIR»'
   dh_clean
 debian/rules build-arch
dh build-arch
   dh_testdir -a
   debian/rules override_dh_auto_configure
make[1]: Entering directory `/«PKGBUILDDIR»'
mkdir -p stamp build
cd build && ../configure \
           --with-tcl \
           --with-perl \
           --with-python \
           --with-pam \
           --with-krb5 \
           --with-gssapi \
           --with-openssl \
           --with-libxml \
           --with-libxslt \
           --with-ldap \
           --with-tclconfig=/usr/lib/tcl8.5 \
           --with-tkconfig=/usr/lib/tk8.5 \
           --with-includes=/usr/include/tcl8.5 \
           PYTHON=/usr/bin/python \
           --mandir=/usr/share/postgresql/9.1/man --docdir=/usr/share/doc/postgresql-doc-9.1 --sysconfdir=/etc/postgresql-common --datarootdir=/usr/share/ --datadir=/usr/share/postgresql/9.1 --bindir=/usr/lib/postgresql/9.1/bin --libdir=/usr/lib/ --libexecdir=/usr/lib/postgresql/ --includedir=/usr/include/postgresql/ --enable-nls --enable-integer-datetimes --enable-thread-safety --enable-debug --disable-rpath --with-ossp-uuid --with-gnu-ld --with-pgport=5432 --with-system-tzdata=/usr/share/zoneinfo CFLAGS='-g -O2 -fstack-protector --param=ssp-buffer-size=4 -Wformat -Werror=format-security -fPIC -pie' CPPFLAGS='-D_FORTIFY_SOURCE=2 -DLINUX_OOM_ADJ=0' LDFLAGS='-Wl,-z,relro -Wl,-z,now -Wl,--as-needed'
configure: WARNING: unrecognized options: --with-tkconfig
checking build system type... x86_64-unknown-linux-gnu
checking host system type... x86_64-unknown-linux-gnu
checking which template to use... linux
checking whether to build with 64-bit integer date/time support... yes
checking whether NLS is wanted... yes
checking for default port number... 5432
checking for block size... 8kB
checking for segment size... 1GB
checking for WAL block size... 8kB
checking for WAL segment size... 16MB
checking for gcc... gcc
checking for C compiler default output file name... a.out
checking whether the C compiler works... yes
checking whether we are cross compiling... no
checking for suffix of executables... 
checking for suffix of object files... o
checking whether we are using the GNU C compiler... yes
checking whether gcc accepts -g... yes
checking for gcc option to accept ISO C89... none needed
checking whether gcc supports -Wdeclaration-after-statement... no
checking whether gcc supports -Wendif-labels... no
checking whether gcc supports -Wformat-security... no
checking whether gcc supports -fno-strict-aliasing... no
checking whether gcc supports -fwrapv... no
checking whether gcc supports -fexcess-precision=standard... no
checking whether the C compiler still works... yes
checking how to run the C preprocessor... gcc -E
checking allow thread-safe client libraries... yes
checking whether to build with Tcl... yes
checking whether to build Perl modules... yes
checking whether to build Python modules... yes
checking whether to build with GSSAPI support... yes
checking whether to build with Kerberos 5 support... yes
checking whether to build with PAM support... yes
checking whether to build with LDAP support... yes
checking whether to build with Bonjour support... no
checking whether to build with OpenSSL support... yes
checking whether to build with SELinux support... no
checking for xml2-config... xml2-config
checking for grep that handles long lines and -e... /bin/grep
checking for egrep... /bin/grep -E
checking for ld used by GCC... /usr/bin/ld
checking if the linker (/usr/bin/ld) is GNU ld... yes
checking for ranlib... ranlib
checking for strip... strip
checking whether it is possible to strip libraries... yes
checking for ar... ar
checking for tar... /bin/tar
checking whether ln -s works... yes
checking for gawk... no
checking for mawk... mawk
checking for a thread-safe mkdir -p... /bin/mkdir -p
checking for bison... /usr/bin/bison
configure: using bison (GNU Bison) 2.7.12-4996
checking for flex... /usr/bin/flex
configure: using flex 2.5.35
checking for perl... /usr/bin/perl
configure: using perl 5.14.2
checking for Perl archlibexp... /usr/lib/perl/5.14
checking for Perl privlibexp... /usr/share/perl/5.14
checking for Perl useshrplib... true
checking for flags to link embedded Perl...   -fstack-protector -L/usr/local/lib  -L/usr/lib/perl/5.14/CORE -lperl -ldl -lm -lpthread -lc -lcrypt
checking for python... /usr/bin/python
checking for Python distutils module... yes
checking Python configuration directory... /usr/lib/python2.7/config-x86_64-linux-gnu
checking how to link an embedded Python application... -L/usr/lib -lpython2.7 -lpthread -ldl  -lutil -lm
checking whether Python is compiled with thread support... yes
checking for main in -lm... yes
checking for library containing setproctitle... no
checking for library containing dlopen... -ldl
checking for library containing socket... none required
checking for library containing shl_load... no
checking for library containing getopt_long... none required
checking for library containing crypt... -lcrypt
checking for library containing fdatasync... none required
checking for library containing gethostbyname_r... none required
checking for library containing shmget... none required
checking for library containing readline... -ledit
checking for inflate in -lz... yes
checking for library containing gss_init_sec_context... -lgssapi_krb5
checking for library containing com_err... -lcom_err
checking for library containing krb5_sendauth... -lkrb5
checking for CRYPTO_new_ex_data in -lcrypto... yes
checking for SSL_library_init in -lssl... yes
checking for pam_start in -lpam... yes
checking for xmlSaveToBuffer in -lxml2... yes
checking for xsltCleanupGlobals in -lxslt... yes
checking for uuid_export in -lossp-uuid... yes
checking for ANSI C header files... yes
checking for sys/types.h... yes
checking for sys/stat.h... yes
checking for stdlib.h... yes
checking for string.h... yes
checking for memory.h... yes
checking for strings.h... yes
checking for inttypes.h... yes
checking for stdint.h... yes
checking for unistd.h... yes
checking crypt.h usability... yes
checking crypt.h presence... yes
checking for crypt.h... yes
checking dld.h usability... no
checking dld.h presence... no
checking for dld.h... no
checking fp_class.h usability... no
checking fp_class.h presence... no
checking for fp_class.h... no
checking getopt.h usability... yes
checking getopt.h presence... yes
checking for getopt.h... yes
checking ieeefp.h usability... no
checking ieeefp.h presence... no
checking for ieeefp.h... no
checking ifaddrs.h usability... yes
checking ifaddrs.h presence... yes
checking for ifaddrs.h... yes
checking langinfo.h usability... yes
checking langinfo.h presence... yes
checking for langinfo.h... yes
checking poll.h usability... yes
checking poll.h presence... yes
checking for poll.h... yes
checking pwd.h usability... yes
checking pwd.h presence... yes
checking for pwd.h... yes
checking sys/ioctl.h usability... yes
checking sys/ioctl.h presence... yes
checking for sys/ioctl.h... yes
checking sys/ipc.h usability... yes
checking sys/ipc.h presence... yes
checking for sys/ipc.h... yes
checking sys/poll.h usability... yes
checking sys/poll.h presence... yes
checking for sys/poll.h... yes
checking sys/pstat.h usability... no
checking sys/pstat.h presence... no
checking for sys/pstat.h... no
checking sys/resource.h usability... yes
checking sys/resource.h presence... yes
checking for sys/resource.h... yes
checking sys/select.h usability... yes
checking sys/select.h presence... yes
checking for sys/select.h... yes
checking sys/sem.h usability... yes
checking sys/sem.h presence... yes
checking for sys/sem.h... yes
checking sys/shm.h usability... yes
checking sys/shm.h presence... yes
checking for sys/shm.h... yes
checking sys/socket.h usability... yes
checking sys/socket.h presence... yes
checking for sys/socket.h... yes
checking sys/sockio.h usability... no
checking sys/sockio.h presence... no
checking for sys/sockio.h... no
checking sys/tas.h usability... no
checking sys/tas.h presence... no
checking for sys/tas.h... no
checking sys/time.h usability... yes
checking sys/time.h presence... yes
checking for sys/time.h... yes
checking sys/ucred.h usability... no
checking sys/ucred.h presence... no
checking for sys/ucred.h... no
checking sys/un.h usability... yes
checking sys/un.h presence... yes
checking for sys/un.h... yes
checking termios.h usability... yes
checking termios.h presence... yes
checking for termios.h... yes
checking ucred.h usability... no
checking ucred.h presence... no
checking for ucred.h... no
checking utime.h usability... yes
checking utime.h presence... yes
checking for utime.h... yes
checking wchar.h usability... yes
checking wchar.h presence... yes
checking for wchar.h... yes
checking wctype.h usability... yes
checking wctype.h presence... yes
checking for wctype.h... yes
checking kernel/OS.h usability... no
checking kernel/OS.h presence... no
checking for kernel/OS.h... no
checking kernel/image.h usability... no
checking kernel/image.h presence... no
checking for kernel/image.h... no
checking SupportDefs.h usability... no
checking SupportDefs.h presence... no
checking for SupportDefs.h... no
checking for net/if.h... yes
checking netinet/in.h usability... yes
checking netinet/in.h presence... yes
checking for netinet/in.h... yes
checking for netinet/tcp.h... yes
checking editline/readline.h usability... yes
checking editline/readline.h presence... yes
checking for editline/readline.h... yes
checking editline/history.h usability... yes
checking editline/history.h presence... yes
checking for editline/history.h... yes
checking zlib.h usability... yes
checking zlib.h presence... yes
checking for zlib.h... yes
checking gssapi/gssapi.h usability... yes
checking gssapi/gssapi.h presence... yes
checking for gssapi/gssapi.h... yes
checking krb5.h usability... yes
checking krb5.h presence... yes
checking for krb5.h... yes
checking openssl/ssl.h usability... yes
checking openssl/ssl.h presence... yes
checking for openssl/ssl.h... yes
checking openssl/err.h usability... yes
checking openssl/err.h presence... yes
checking for openssl/err.h... yes
checking for ERR_set_mark... yes
checking security/pam_appl.h usability... yes
checking security/pam_appl.h presence... yes
checking for security/pam_appl.h... yes
checking libxml/parser.h usability... yes
checking libxml/parser.h presence... yes
checking for libxml/parser.h... yes
checking libxslt/xslt.h usability... yes
checking libxslt/xslt.h presence... yes
checking for libxslt/xslt.h... yes
checking ldap.h usability... yes
checking ldap.h presence... yes
checking for ldap.h... yes
checking ossp/uuid.h usability... yes
checking ossp/uuid.h presence... yes
checking for ossp/uuid.h... yes
checking whether byte ordering is bigendian... no
checking for an ANSI C-conforming const... yes
checking for inline... inline
checking for quiet inline (no complaint if unreferenced)... yes
checking for preprocessor stringizing operator... yes
checking for signed types... yes
checking for working volatile... yes
checking for __func__... yes
checking whether struct tm is in sys/time.h or time.h... time.h
checking for struct tm.tm_zone... yes
checking for tzname... yes
checking for union semun... no
checking for struct sockaddr_un... yes
checking for struct sockaddr_storage... yes
checking for struct sockaddr_storage.ss_family... yes
checking for struct sockaddr_storage.__ss_family... no
checking for struct sockaddr_storage.ss_len... no
checking for struct sockaddr_storage.__ss_len... no
checking for struct sockaddr.sa_len... no
checking for struct addrinfo... yes
checking for intptr_t... yes
checking for uintptr_t... yes
checking for long long int... yes
checking for locale_t... yes
checking for struct cmsgcred... no
checking for struct option... yes
checking for z_streamp... yes
checking for krb5_ticket.enc_part2... yes
checking for krb5_error.text.data... yes
checking for krb5_free_unparsed_name... yes
checking for special C compiler options needed for large files... no
checking for _FILE_OFFSET_BITS value needed for large files... no
checking size of off_t... 8
checking for int timezone... yes
checking types of arguments for accept()... int, int, struct sockaddr *, socklen_t *
checking whether gettimeofday takes only one argument... no
checking for cbrt... yes
checking for dlopen... yes
checking for fcvt... yes
checking for fdatasync... yes
checking for getifaddrs... yes
checking for getpeerucred... no
checking for getrlimit... yes
checking for mbstowcs_l... no
checking for memmove... yes
checking for poll... yes
checking for pstat... no
checking for readlink... yes
checking for scandir... yes
checking for setproctitle... no
checking for setsid... yes
checking for sigprocmask... yes
checking for symlink... yes
checking for sysconf... yes
checking for towlower... yes
checking for utime... yes
checking for utimes... yes
checking for waitpid... yes
checking for wcstombs... yes
checking for wcstombs_l... no
checking for fseeko... yes
checking for _LARGEFILE_SOURCE value needed for large files... no
checking for posix_fadvise... yes
checking whether posix_fadvise is declared... yes
checking whether fdatasync is declared... yes
checking whether strlcat is declared... no
checking whether strlcpy is declared... no
checking whether F_FULLFSYNC is declared... no
checking for struct sockaddr_in6... yes
checking for PS_STRINGS... no
checking for snprintf... yes
checking for vsnprintf... yes
checking whether snprintf is declared... yes
checking whether vsnprintf is declared... yes
checking for isinf... yes
checking for crypt... yes
checking for erand48... yes
checking for getopt... yes
checking for getrusage... yes
checking for inet_aton... yes
checking for random... yes
checking for rint... yes
checking for srandom... yes
checking for strdup... yes
checking for strerror... yes
checking for strlcat... no
checking for strlcpy... no
checking for strtol... yes
checking for strtoul... yes
checking for unsetenv... yes
checking for getpeereid... no
checking for getaddrinfo... yes
checking for getopt_long... yes
checking for sigsetjmp... yes
checking whether sys_siglist is declared... yes
checking for syslog... yes
checking syslog.h usability... yes
checking syslog.h presence... yes
checking for syslog.h... yes
checking for opterr... yes
checking for optreset... no
checking for strtoll... yes
checking for strtoull... yes
checking for atexit... yes
checking for builtin locking functions... yes
checking for rl_completion_append_character... no
checking for rl_completion_matches... yes
checking for rl_filename_completion_function... yes
checking for append_history... no
checking for history_truncate_file... no
checking for the pthreads library -lpthreads... no
checking whether pthreads work without any flags... no
checking whether pthreads work with -Kthread... no
checking whether pthreads work with -kthread... no
checking for the pthreads library -llthread... no
checking whether pthreads work with -pthread... no
checking whether pthreads work with -pthreads... no
checking whether pthreads work with -mthreads... no
checking for the pthreads library -lpthread... no
checking whether pthreads work with --thread-safe... no
checking whether pthreads work with -mt... no
checking for pthread-config... no
checking for the pthreads library -lpthreadGC2... no
checking pthread.h usability... yes
checking pthread.h presence... yes
checking for pthread.h... yes
checking for strerror_r... yes
checking for getpwuid_r... yes
checking for gethostbyname_r... yes
checking whether getpwuid_r takes a fifth argument... yes
checking whether strerror_r returns int... no
checking for ldap_bind in -lldap... yes
checking for ldap_simple_bind in -lldap_r... yes
checking test program... ok
checking whether printf supports argument control... yes
checking whether long int is 64 bits... yes
checking size of void *... 8
checking size of size_t... 8
checking size of long... 8
checking whether to build with float4 passed by value... yes
checking whether to build with float8 passed by value... yes
checking alignment of short... 2
checking alignment of int... 4
checking alignment of long... 8
checking alignment of double... 8
checking for int8... no
checking for uint8... no
checking for int64... no
checking for uint64... no
checking for sig_atomic_t... yes
checking for POSIX signal interface... yes
checking for working memcmp... yes
checking for library containing bind_textdomain_codeset... none required
checking libintl.h usability... yes
checking libintl.h presence... yes
checking for libintl.h... yes
checking for msgfmt... msgfmt
checking for msgmerge... msgmerge
checking for xgettext... xgettext
checking for tclsh... /usr/bin/tclsh
checking for tclConfig.sh... /usr/lib/tcl8.5/tclConfig.sh
checking tcl.h usability... yes
checking tcl.h presence... yes
checking for tcl.h... yes
checking Python.h usability... yes
checking Python.h presence... yes
checking for Python.h... yes
checking for onsgmls... onsgmls
checking for openjade... openjade
checking for DocBook V4.2... yes
checking for DocBook stylesheets... /usr/share/sgml/docbook/stylesheet/dsssl/modular
checking for collateindex.pl... /usr/bin/collateindex.pl
checking for xsltproc... xsltproc
checking for osx... osx
configure: error: thread test program failed
This platform is not thread-safe.  Check the file 'config.log' or compile
and run src/test/thread/thread_test for the exact reason.
Use --disable-thread-safety to disable thread safety.
checking thread safety of required library functions... no
make[1]: *** [stamp/configure-build] Error 1
make[1]: Leaving directory `/«PKGBUILDDIR»'
make: *** [build-arch] Error 2
dpkg-buildpackage: error: debian/rules build-arch gave error exit status 2
────────────────────────────────────────────────────────────────────────────────
Build finished at 20130715-1926

Finished
────────

E: Build failure (dpkg-buildpackage died)

┌──────────────────────────────────────────────────────────────────────────────┐
│ Cleanup                                                                      │
└──────────────────────────────────────────────────────────────────────────────┘

Purging /«BUILDDIR»
Not cleaning session: cloned chroot in use

┌──────────────────────────────────────────────────────────────────────────────┐
│ Summary                                                                      │
└──────────────────────────────────────────────────────────────────────────────┘

Build Architecture: amd64
Build-Space: 111128
Build-Time: 42
Distribution: unstable
Fail-Stage: build
Host Architecture: amd64
Install-Time: 27
Job: postgresql-9.1_9.1.9-2
Machine Architecture: amd64
Package: postgresql-9.1
Package-Time: 129
Source-Version: 9.1.9-2
Space: 111128
Status: attempted
Version: 9.1.9-2clang1
────────────────────────────────────────────────────────────────────────────────
Finished at 20130715-1926
Build needed 00:02:09, 111128k disc space
DC-Status: Failed 130.140880372s
DC-Time-Estimation: 130.140880372 versus expected 841 (r/m: 5.462227684306817 ; m: 130.140880372)
