DC-Build-Header: sobby 0.4.8-1 / 2013-07-17 12:47:57 +0000
DC-Task: source:sobby version:0.4.8-1 architecture:any chroot:unstable esttime:63 logfile:/tmp/sobby_0.4.8-1_unstable_clang.log modes:binary-only:clang
DC-Sbuild-call: su user -c 'sbuild -n --apt-update -d unstable -v  --chroot-setup-commands=/tmp/switch-to-clang --append-to-version "clang1" --maintainer "Lucas Nussbaum <lucas@debian.org>" --uploader "Lucas Nussbaum <lucas@debian.org>" sobby_0.4.8-1'
sbuild (Debian sbuild) 0.63.2 (18 Aug 2012) on ip-10-235-5-4.ec2.internal

╔══════════════════════════════════════════════════════════════════════════════╗
║ sobby 0.4.8-1clang1 (amd64)                                17 Jul 2013 12:47 ║
╚══════════════════════════════════════════════════════════════════════════════╝

Package: sobby
Version: 0.4.8-1clang1
Source Version: 0.4.8-1
Distribution: unstable
Machine Architecture: amd64
Host Architecture: amd64
Build Architecture: amd64

I: NOTICE: Log filtering will replace 'build/sobby-_jbY0k/sobby-0.4.8' with '«PKGBUILDDIR»'
I: NOTICE: Log filtering will replace 'build/sobby-_jbY0k' with '«BUILDDIR»'
I: NOTICE: Log filtering will replace 'var/lib/schroot/mount/unstable-amd64-sbuild-11341474-eb61-43eb-ad92-7b94531e08c5' with '«CHROOT»'

┌──────────────────────────────────────────────────────────────────────────────┐
│ Update chroot                                                                │
└──────────────────────────────────────────────────────────────────────────────┘

Get:1 http://localhost:9999 unstable InRelease [204 kB]
Get:2 http://localhost:9999 unstable/main Sources/DiffIndex [7876 B]
Get:3 http://localhost:9999 unstable/main amd64 Packages/DiffIndex [7876 B]
Get:4 http://localhost:9999 unstable/main Translation-en/DiffIndex [7876 B]
Get:5 http://localhost:9999 unstable/main 2013-07-13-2032.15.pdiff [23.1 kB]
Get:6 http://localhost:9999 unstable/main amd64 2013-07-13-2032.15.pdiff [16.9 kB]
Get:7 http://localhost:9999 unstable/main 2013-07-13-2032.15.pdiff [23.1 kB]
Get:8 http://localhost:9999 unstable/main 2013-07-13-2032.15.pdiff [1809 B]
Get:9 http://localhost:9999 unstable/main amd64 2013-07-13-2032.15.pdiff [16.9 kB]
Get:10 http://localhost:9999 unstable/main 2013-07-14-0231.07.pdiff [12.9 kB]
Get:11 http://localhost:9999 unstable/main 2013-07-13-2032.15.pdiff [1809 B]
Get:12 http://localhost:9999 unstable/main amd64 2013-07-14-0231.07.pdiff [14.9 kB]
Get:13 http://localhost:9999 unstable/main 2013-07-14-0231.07.pdiff [12.9 kB]
Get:14 http://localhost:9999 unstable/main 2013-07-14-0231.07.pdiff [1384 B]
Get:15 http://localhost:9999 unstable/main amd64 2013-07-14-0231.07.pdiff [14.9 kB]
Get:16 http://localhost:9999 unstable/main 2013-07-14-0832.16.pdiff [4670 B]
Get:17 http://localhost:9999 unstable/main 2013-07-14-0231.07.pdiff [1384 B]
Get:18 http://localhost:9999 unstable/main amd64 2013-07-14-0832.16.pdiff [1624 B]
Get:19 http://localhost:9999 unstable/main 2013-07-14-0832.16.pdiff [4670 B]
Get:20 http://localhost:9999 unstable/main 2013-07-14-0832.16.pdiff [337 B]
Get:21 http://localhost:9999 unstable/main amd64 2013-07-14-0832.16.pdiff [1624 B]
Get:22 http://localhost:9999 unstable/main 2013-07-14-1431.18.pdiff [11.4 kB]
Get:23 http://localhost:9999 unstable/main 2013-07-14-0832.16.pdiff [337 B]
Get:24 http://localhost:9999 unstable/main amd64 2013-07-14-1431.18.pdiff [8223 B]
Get:25 http://localhost:9999 unstable/main 2013-07-14-1431.18.pdiff [11.4 kB]
Get:26 http://localhost:9999 unstable/main 2013-07-14-1431.18.pdiff [887 B]
Get:27 http://localhost:9999 unstable/main amd64 2013-07-14-1431.18.pdiff [8223 B]
Get:28 http://localhost:9999 unstable/main 2013-07-14-2031.21.pdiff [9038 B]
Get:29 http://localhost:9999 unstable/main 2013-07-14-1431.18.pdiff [887 B]
Get:30 http://localhost:9999 unstable/main amd64 2013-07-14-2031.21.pdiff [9955 B]
Get:31 http://localhost:9999 unstable/main 2013-07-14-2031.21.pdiff [9038 B]
Get:32 http://localhost:9999 unstable/main 2013-07-14-2031.21.pdiff [2736 B]
Get:33 http://localhost:9999 unstable/main amd64 2013-07-14-2031.21.pdiff [9955 B]
Get:34 http://localhost:9999 unstable/main 2013-07-15-0229.01.pdiff [9715 B]
Get:35 http://localhost:9999 unstable/main 2013-07-14-2031.21.pdiff [2736 B]
Get:36 http://localhost:9999 unstable/main amd64 2013-07-15-0229.01.pdiff [12.7 kB]
Get:37 http://localhost:9999 unstable/main 2013-07-15-0229.01.pdiff [9715 B]
Get:38 http://localhost:9999 unstable/main 2013-07-15-0229.01.pdiff [2239 B]
Get:39 http://localhost:9999 unstable/main amd64 2013-07-15-0229.01.pdiff [12.7 kB]
Get:40 http://localhost:9999 unstable/main 2013-07-15-0830.19.pdiff [3273 B]
Get:41 http://localhost:9999 unstable/main 2013-07-15-0229.01.pdiff [2239 B]
Get:42 http://localhost:9999 unstable/main amd64 2013-07-15-0830.19.pdiff [3964 B]
Get:43 http://localhost:9999 unstable/main 2013-07-15-0830.19.pdiff [3273 B]
Get:44 http://localhost:9999 unstable/main 2013-07-15-0830.19.pdiff [1357 B]
Get:45 http://localhost:9999 unstable/main amd64 2013-07-15-0830.19.pdiff [3964 B]
Get:46 http://localhost:9999 unstable/main 2013-07-15-1432.36.pdiff [5326 B]
Get:47 http://localhost:9999 unstable/main 2013-07-15-0830.19.pdiff [1357 B]
Get:48 http://localhost:9999 unstable/main amd64 2013-07-15-1432.36.pdiff [9809 B]
Get:49 http://localhost:9999 unstable/main 2013-07-15-1432.36.pdiff [5326 B]
Get:50 http://localhost:9999 unstable/main 2013-07-15-1432.36.pdiff [322 B]
Get:51 http://localhost:9999 unstable/main amd64 2013-07-15-1432.36.pdiff [9809 B]
Get:52 http://localhost:9999 unstable/main 2013-07-15-2031.50.pdiff [12.2 kB]
Get:53 http://localhost:9999 unstable/main 2013-07-15-1432.36.pdiff [322 B]
Get:54 http://localhost:9999 unstable/main amd64 2013-07-15-2031.50.pdiff [24.4 kB]
Get:55 http://localhost:9999 unstable/main 2013-07-15-2031.50.pdiff [12.2 kB]
Get:56 http://localhost:9999 unstable/main 2013-07-15-2031.50.pdiff [537 B]
Get:57 http://localhost:9999 unstable/main amd64 2013-07-15-2031.50.pdiff [24.4 kB]
Get:58 http://localhost:9999 unstable/main 2013-07-16-0233.12.pdiff [14.8 kB]
Get:59 http://localhost:9999 unstable/main 2013-07-15-2031.50.pdiff [537 B]
Get:60 http://localhost:9999 unstable/main amd64 2013-07-16-0233.12.pdiff [49.5 kB]
Get:61 http://localhost:9999 unstable/main 2013-07-16-0233.12.pdiff [14.8 kB]
Get:62 http://localhost:9999 unstable/main 2013-07-16-0233.12.pdiff [3247 B]
Get:63 http://localhost:9999 unstable/main amd64 2013-07-16-0233.12.pdiff [49.5 kB]
Get:64 http://localhost:9999 unstable/main 2013-07-16-0834.41.pdiff [7447 B]
Get:65 http://localhost:9999 unstable/main 2013-07-16-0233.12.pdiff [3247 B]
Get:66 http://localhost:9999 unstable/main amd64 2013-07-16-0834.41.pdiff [4493 B]
Get:67 http://localhost:9999 unstable/main 2013-07-16-0834.41.pdiff [7447 B]
Get:68 http://localhost:9999 unstable/main 2013-07-16-0834.41.pdiff [5852 B]
Get:69 http://localhost:9999 unstable/main amd64 2013-07-16-0834.41.pdiff [4493 B]
Get:70 http://localhost:9999 unstable/main 2013-07-16-1433.54.pdiff [21.2 kB]
Get:71 http://localhost:9999 unstable/main 2013-07-16-0834.41.pdiff [5852 B]
Get:72 http://localhost:9999 unstable/main amd64 2013-07-16-1433.54.pdiff [19.3 kB]
Get:73 http://localhost:9999 unstable/main 2013-07-16-1433.54.pdiff [21.2 kB]
Get:74 http://localhost:9999 unstable/main 2013-07-16-1433.54.pdiff [1941 B]
Get:75 http://localhost:9999 unstable/main amd64 2013-07-16-1433.54.pdiff [19.3 kB]
Get:76 http://localhost:9999 unstable/main 2013-07-16-2046.09.pdiff [19.4 kB]
Get:77 http://localhost:9999 unstable/main 2013-07-16-1433.54.pdiff [1941 B]
Get:78 http://localhost:9999 unstable/main amd64 2013-07-16-2046.09.pdiff [18.4 kB]
Get:79 http://localhost:9999 unstable/main 2013-07-16-2046.09.pdiff [19.4 kB]
Get:80 http://localhost:9999 unstable/main 2013-07-16-2046.09.pdiff [465 B]
Get:81 http://localhost:9999 unstable/main amd64 2013-07-16-2046.09.pdiff [18.4 kB]
Get:82 http://localhost:9999 unstable/main 2013-07-17-0233.52.pdiff [6503 B]
Get:83 http://localhost:9999 unstable/main 2013-07-16-2046.09.pdiff [465 B]
Get:84 http://localhost:9999 unstable/main amd64 2013-07-17-0233.52.pdiff [10.9 kB]
Get:85 http://localhost:9999 unstable/main 2013-07-17-0233.52.pdiff [6503 B]
Get:86 http://localhost:9999 unstable/main 2013-07-17-0233.52.pdiff [2433 B]
Get:87 http://localhost:9999 unstable/main amd64 2013-07-17-0233.52.pdiff [10.9 kB]
Get:88 http://localhost:9999 unstable/main 2013-07-17-0833.19.pdiff [6945 B]
Get:89 http://localhost:9999 unstable/main 2013-07-17-0233.52.pdiff [2433 B]
Get:90 http://localhost:9999 unstable/main amd64 2013-07-17-0833.19.pdiff [7401 B]
Get:91 http://localhost:9999 unstable/main 2013-07-17-0833.19.pdiff [6945 B]
Get:92 http://localhost:9999 unstable/main 2013-07-17-0833.19.pdiff [1349 B]
Get:93 http://localhost:9999 unstable/main amd64 2013-07-17-0833.19.pdiff [7401 B]
Get:94 http://localhost:9999 unstable/main 2013-07-17-0833.19.pdiff [1349 B]
Fetched 635 kB in 55s (11.4 kB/s)
Reading package lists...
Reading package lists...
Building dependency tree...
Reading state information...
The following packages will be upgraded:
  cpp-4.7 gcc-4.7 gcc-4.7-base initscripts libgcc-4.7-dev linux-libc-dev
  sysv-rc sysvinit sysvinit-utils
9 upgraded, 0 newly installed, 0 to remove and 0 not upgraded.
Need to get 15.1 MB of archives.
After this operation, 43.0 kB of additional disk space will be used.
Get:1 http://localhost:9999/debian/ unstable/main sysvinit amd64 2.88dsf-43 [134 kB]
Get:2 http://localhost:9999/debian/ unstable/main sysv-rc all 2.88dsf-43 [80.5 kB]
Get:3 http://localhost:9999/debian/ unstable/main sysvinit-utils amd64 2.88dsf-43 [103 kB]
Get:4 http://localhost:9999/debian/ unstable/main initscripts amd64 2.88dsf-43 [87.2 kB]
Get:5 http://localhost:9999/debian/ unstable/main gcc-4.7 amd64 4.7.3-6 [5819 kB]
Get:6 http://localhost:9999/debian/ unstable/main cpp-4.7 amd64 4.7.3-6 [5385 kB]
Get:7 http://localhost:9999/debian/ unstable/main libgcc-4.7-dev amd64 4.7.3-6 [2465 kB]
Get:8 http://localhost:9999/debian/ unstable/main gcc-4.7-base amd64 4.7.3-6 [149 kB]
Get:9 http://localhost:9999/debian/ unstable/main linux-libc-dev amd64 3.10.1-1 [869 kB]
debconf: delaying package configuration, since apt-utils is not installed
Fetched 15.1 MB in 0s (25.4 MB/s)
(Reading database ... 13844 files and directories currently installed.)
Preparing to replace sysvinit 2.88dsf-41 (using .../sysvinit_2.88dsf-43_amd64.deb) ...
Unpacking replacement sysvinit ...
Setting up sysvinit (2.88dsf-43) ...
Not restarting sysvinit
(Reading database ... 13844 files and directories currently installed.)
Preparing to replace sysv-rc 2.88dsf-41 (using .../sysv-rc_2.88dsf-43_all.deb) ...
Unpacking replacement sysv-rc ...
Preparing to replace sysvinit-utils 2.88dsf-41 (using .../sysvinit-utils_2.88dsf-43_amd64.deb) ...
Unpacking replacement sysvinit-utils ...
Setting up sysvinit-utils (2.88dsf-43) ...
Setting up sysv-rc (2.88dsf-43) ...
(Reading database ... 13844 files and directories currently installed.)
Preparing to replace initscripts 2.88dsf-41 (using .../initscripts_2.88dsf-43_amd64.deb) ...
Removing unmodified and obsolete conffile /etc/init.d/mtab.sh ...
Unpacking replacement initscripts ...
Setting up initscripts (2.88dsf-43) ...
Installing new version of config file /etc/init.d/bootmisc.sh ...
Installing new version of config file /etc/init.d/checkfs.sh ...
Installing new version of config file /etc/init.d/checkroot.sh ...
Installing new version of config file /etc/init.d/checkroot-bootclean.sh ...
Installing new version of config file /etc/init.d/mountdevsubfs.sh ...
Installing new version of config file /etc/init.d/mountkernfs.sh ...
Installing new version of config file /etc/init.d/rmnologin ...
Installing new version of config file /etc/network/if-up.d/mountnfs ...
(Reading database ... 13843 files and directories currently installed.)
Preparing to replace gcc-4.7 4.7.3-5 (using .../gcc-4.7_4.7.3-6_amd64.deb) ...
Unpacking replacement gcc-4.7 ...
Preparing to replace cpp-4.7 4.7.3-5 (using .../cpp-4.7_4.7.3-6_amd64.deb) ...
Unpacking replacement cpp-4.7 ...
Preparing to replace libgcc-4.7-dev:amd64 4.7.3-5 (using .../libgcc-4.7-dev_4.7.3-6_amd64.deb) ...
Unpacking replacement libgcc-4.7-dev:amd64 ...
Preparing to replace gcc-4.7-base:amd64 4.7.3-5 (using .../gcc-4.7-base_4.7.3-6_amd64.deb) ...
Unpacking replacement gcc-4.7-base:amd64 ...
Preparing to replace linux-libc-dev:amd64 3.9.8-1 (using .../linux-libc-dev_3.10.1-1_amd64.deb) ...
Unpacking replacement linux-libc-dev:amd64 ...
Setting up gcc-4.7-base:amd64 (4.7.3-6) ...
Setting up cpp-4.7 (4.7.3-6) ...
Setting up libgcc-4.7-dev:amd64 (4.7.3-6) ...
Setting up gcc-4.7 (4.7.3-6) ...
Setting up linux-libc-dev:amd64 (3.10.1-1) ...

┌──────────────────────────────────────────────────────────────────────────────┐
│ Fetch source files                                                           │
└──────────────────────────────────────────────────────────────────────────────┘


Check APT
─────────

Checking available source versions...

Download source files with APT
──────────────────────────────

Reading package lists...
Building dependency tree...
Reading state information...
Need to get 140 kB of source archives.
Get:1 http://localhost:9999/debian/ unstable/main sobby 0.4.8-1 (dsc) [1113 B]
Get:2 http://localhost:9999/debian/ unstable/main sobby 0.4.8-1 (tar) [135 kB]
Get:3 http://localhost:9999/debian/ unstable/main sobby 0.4.8-1 (diff) [4468 B]
Fetched 140 kB in 0s (596 kB/s)
Download complete and in download only mode

Check arch
──────────


┌──────────────────────────────────────────────────────────────────────────────┐
│ Chroot Setup Commands                                                        │
└──────────────────────────────────────────────────────────────────────────────┘


/tmp/switch-to-clang
────────────────────

+ echo 'Entering customization script...'
Entering customization script...
+ echo 'Install of clang'
Install of clang
+ apt-get update
Hit http://localhost:9999 unstable InRelease
Hit http://localhost:9999 unstable/main Sources/DiffIndex
Hit http://localhost:9999 unstable/main amd64 Packages/DiffIndex
Hit http://localhost:9999 unstable/main Translation-en/DiffIndex
Reading package lists...
+ apt-get install --yes --no-install-recommends --force-yes clang-3.3
Reading package lists...
Building dependency tree...
Reading state information...
The following extra packages will be installed:
  libclang-common-3.3-dev libclang1-3.3 libffi6 libllvm3.3 libobjc-4.7-dev
  libobjc4 libstdc++6-4.7-dev
Suggested packages:
  libstdc++6-4.7-doc
Recommended packages:
  llvm-3.3-dev python
The following NEW packages will be installed:
  clang-3.3 libclang-common-3.3-dev libclang1-3.3 libffi6 libllvm3.3
  libobjc-4.7-dev libobjc4 libstdc++6-4.7-dev
0 upgraded, 8 newly installed, 0 to remove and 0 not upgraded.
Need to get 27.2 MB of archives.
After this operation, 80.8 MB of additional disk space will be used.
Get:1 http://localhost:9999/debian/ unstable/main libffi6 amd64 3.0.13-4 [21.6 kB]
Get:2 http://localhost:9999/debian/ unstable/main libllvm3.3 amd64 1:3.3-3 [8575 kB]
Get:3 http://localhost:9999/debian/ unstable/main libobjc4 amd64 4.8.1-6 [160 kB]
Get:4 http://localhost:9999/debian/ unstable/main libstdc++6-4.7-dev amd64 4.7.3-6 [1694 kB]
Get:5 http://localhost:9999/debian/ unstable/main libobjc-4.7-dev amd64 4.7.3-6 [719 kB]
Get:6 http://localhost:9999/debian/ unstable/main libclang-common-3.3-dev amd64 1:3.3-3 [574 kB]
Get:7 http://localhost:9999/debian/ unstable/main libclang1-3.3 amd64 1:3.3-3 [4579 kB]
Get:8 http://localhost:9999/debian/ unstable/main clang-3.3 amd64 1:3.3-3 [10.9 MB]
debconf: delaying package configuration, since apt-utils is not installed
Fetched 27.2 MB in 1s (25.7 MB/s)
Selecting previously unselected package libffi6:amd64.
(Reading database ... 13846 files and directories currently installed.)
Unpacking libffi6:amd64 (from .../libffi6_3.0.13-4_amd64.deb) ...
Selecting previously unselected package libllvm3.3:amd64.
Unpacking libllvm3.3:amd64 (from .../libllvm3.3_1%3a3.3-3_amd64.deb) ...
Selecting previously unselected package libobjc4:amd64.
Unpacking libobjc4:amd64 (from .../libobjc4_4.8.1-6_amd64.deb) ...
Selecting previously unselected package libstdc++6-4.7-dev:amd64.
Unpacking libstdc++6-4.7-dev:amd64 (from .../libstdc++6-4.7-dev_4.7.3-6_amd64.deb) ...
Selecting previously unselected package libobjc-4.7-dev:amd64.
Unpacking libobjc-4.7-dev:amd64 (from .../libobjc-4.7-dev_4.7.3-6_amd64.deb) ...
Selecting previously unselected package libclang-common-3.3-dev.
Unpacking libclang-common-3.3-dev (from .../libclang-common-3.3-dev_1%3a3.3-3_amd64.deb) ...
Selecting previously unselected package libclang1-3.3.
Unpacking libclang1-3.3 (from .../libclang1-3.3_1%3a3.3-3_amd64.deb) ...
Selecting previously unselected package clang-3.3.
Unpacking clang-3.3 (from .../clang-3.3_1%3a3.3-3_amd64.deb) ...
Setting up libffi6:amd64 (3.0.13-4) ...
Setting up libllvm3.3:amd64 (1:3.3-3) ...
Setting up libobjc4:amd64 (4.8.1-6) ...
Setting up libstdc++6-4.7-dev:amd64 (4.7.3-6) ...
Setting up libobjc-4.7-dev:amd64 (4.7.3-6) ...
Setting up libclang-common-3.3-dev (1:3.3-3) ...
Setting up libclang1-3.3 (1:3.3-3) ...
Setting up clang-3.3 (1:3.3-3) ...
Processing triggers for libc-bin ...
+ echo 'Replace gcc, g++ & cpp by clang'
Replace gcc, g++ & cpp by clang
+ VERSIONS='4.6 4.7 4.8'
+ cd /usr/bin
+ for VERSION in '$VERSIONS'
+ rm -f g++-4.6 gcc-4.6 cpp-4.6
+ ln -s clang++ g++-4.6
+ ln -s clang gcc-4.6
+ ln -s clang cpp-4.6
+ for VERSION in '$VERSIONS'
+ rm -f g++-4.7 gcc-4.7 cpp-4.7
+ ln -s clang++ g++-4.7
+ ln -s clang gcc-4.7
+ ln -s clang cpp-4.7
+ for VERSION in '$VERSIONS'
+ rm -f g++-4.8 gcc-4.8 cpp-4.8
+ ln -s clang++ g++-4.8
+ ln -s clang gcc-4.8
+ ln -s clang cpp-4.8
+ cd -
/«BUILDDIR»
+ echo 'Block the installation of new gcc version'
Block the installation of new gcc version
+ dpkg --set-selections
+ echo 'gcc-4.6 hold'
+ dpkg --set-selections
+ echo 'cpp-4.6 hold'
+ dpkg --set-selections
+ echo 'g++-4.6 hold'
+ dpkg --set-selections
+ echo 'gcc-4.7 hold'
+ dpkg --set-selections
+ echo 'cpp-4.7 hold'
+ dpkg --set-selections
+ echo 'g++-4.7 hold'
+ dpkg --set-selections
+ echo 'gcc-4.8 hold'
+ dpkg --set-selections
+ echo 'cpp-4.8 hold'
+ dpkg --set-selections
+ echo 'g++-4.8 hold'
+ echo 'Check if gcc, g++ & cpp are actually clang'
Check if gcc, g++ & cpp are actually clang
+ grep clang
+ gcc --version
+ grep clang
+ cpp --version
+ grep clang
+ g++ --version

I: Finished running '/tmp/switch-to-clang'.

Finished processing commands.
────────────────────────────────────────────────────────────────────────────────
Merged Build-Depends: build-essential, fakeroot
Filtered Build-Depends: build-essential, fakeroot
dpkg-deb: building package `sbuild-build-depends-core-dummy' in `/«BUILDDIR»/resolver-MXtsiq/apt_archive/sbuild-build-depends-core-dummy.deb'.
OK
Reading package lists...

┌──────────────────────────────────────────────────────────────────────────────┐
│ Install core build dependencies (apt-based resolver)                         │
└──────────────────────────────────────────────────────────────────────────────┘

Installing build dependencies
Reading package lists...
Building dependency tree...
Reading state information...
The following NEW packages will be installed:
  sbuild-build-depends-core-dummy
debconf: delaying package configuration, since apt-utils is not installed
0 upgraded, 1 newly installed, 0 to remove and 0 not upgraded.
Need to get 0 B/710 B of archives.
After this operation, 0 B of additional disk space will be used.
Selecting previously unselected package sbuild-build-depends-core-dummy.
(Reading database ... 14701 files and directories currently installed.)
Unpacking sbuild-build-depends-core-dummy (from .../sbuild-build-depends-core-dummy.deb) ...
Setting up sbuild-build-depends-core-dummy (0.invalid.0) ...
Merged Build-Depends: base-files, base-passwd, bash, bsdutils, coreutils, dash, debianutils, diffutils, dpkg, e2fsprogs, findutils, grep, gzip, hostname, libc-bin, login, mount, ncurses-base, ncurses-bin, perl-base, sed, sysvinit, sysvinit-utils, tar, util-linux, libc6-dev | libc-dev, gcc (>= 4:4.4.3), g++ (>= 4:4.4.3), make, dpkg-dev (>= 1.13.5), debhelper (>= 5), autotools-dev, pkg-config, libnet6-1.3-dev (>= 1:1.3.12), libobby-0.4-dev (>= 0.4.6), libglibmm-2.4-dev (>= 2.6.0), libxml++2.6-dev (>= 2.6.1-2.2)
Filtered Build-Depends: base-files, base-passwd, bash, bsdutils, coreutils, dash, debianutils, diffutils, dpkg, e2fsprogs, findutils, grep, gzip, hostname, libc-bin, login, mount, ncurses-base, ncurses-bin, perl-base, sed, sysvinit, sysvinit-utils, tar, util-linux, libc6-dev, gcc (>= 4:4.4.3), g++ (>= 4:4.4.3), make, dpkg-dev (>= 1.13.5), debhelper (>= 5), autotools-dev, pkg-config, libnet6-1.3-dev (>= 1:1.3.12), libobby-0.4-dev (>= 0.4.6), libglibmm-2.4-dev (>= 2.6.0), libxml++2.6-dev (>= 2.6.1-2.2)
dpkg-deb: building package `sbuild-build-depends-sobby-dummy' in `/«BUILDDIR»/resolver-3IaDS1/apt_archive/sbuild-build-depends-sobby-dummy.deb'.
OK
Reading package lists...

┌──────────────────────────────────────────────────────────────────────────────┐
│ Install sobby build dependencies (apt-based resolver)                        │
└──────────────────────────────────────────────────────────────────────────────┘

Installing build dependencies
Reading package lists...
Building dependency tree...
Reading state information...
The following extra packages will be installed:
  autotools-dev bsdmainutils debhelper file gettext gettext-base groff-base
  intltool-debian libasprintf0c2 libavahi-client-dev libavahi-client3
  libavahi-common-data libavahi-common-dev libavahi-common3 libcroco3
  libdbus-1-3 libdbus-1-dev libelfg0 libgcrypt11 libgcrypt11-dev libglib2.0-0
  libglib2.0-bin libglib2.0-data libglib2.0-dev libglibmm-2.4-1c2a
  libglibmm-2.4-dev libgnutls-dev libgnutls-openssl27 libgnutls26
  libgnutlsxx27 libgpg-error-dev libgpg-error0 libmagic1 libnet6-1.3-0
  libnet6-1.3-dev libobby-0.4-1 libobby-0.4-dev libp11-kit-dev libp11-kit0
  libpcre3-dev libpcrecpp0 libpipeline1 libpopt0 libsigc++-2.0-0c2a
  libsigc++-2.0-dev libtasn1-3 libtasn1-3-dev libunistring0 libxml++2.6-2
  libxml++2.6-dev libxml2 libxml2-dev man-db pkg-config po-debconf zlib1g-dev
Suggested packages:
  wamerican wordlist whois vacation dh-make gettext-doc groff rng-tools
  libgcrypt11-doc libglib2.0-doc libglibmm-2.4-doc libgtkmm-3.0-dev
  gnutls26-doc libsigc++-2.0-doc libxml++2.6-doc less www-browser
  libmail-box-perl
Recommended packages:
  curl wget lynx-cur autopoint libasprintf-dev libgettextpo-dev dbus
  shared-mime-info python xml-core libmail-sendmail-perl
The following NEW packages will be installed:
  autotools-dev bsdmainutils debhelper file gettext gettext-base groff-base
  intltool-debian libasprintf0c2 libavahi-client-dev libavahi-client3
  libavahi-common-data libavahi-common-dev libavahi-common3 libcroco3
  libdbus-1-3 libdbus-1-dev libelfg0 libgcrypt11 libgcrypt11-dev libglib2.0-0
  libglib2.0-bin libglib2.0-data libglib2.0-dev libglibmm-2.4-1c2a
  libglibmm-2.4-dev libgnutls-dev libgnutls-openssl27 libgnutls26
  libgnutlsxx27 libgpg-error-dev libgpg-error0 libmagic1 libnet6-1.3-0
  libnet6-1.3-dev libobby-0.4-1 libobby-0.4-dev libp11-kit-dev libp11-kit0
  libpcre3-dev libpcrecpp0 libpipeline1 libpopt0 libsigc++-2.0-0c2a
  libsigc++-2.0-dev libtasn1-3 libtasn1-3-dev libunistring0 libxml++2.6-2
  libxml++2.6-dev libxml2 libxml2-dev man-db pkg-config po-debconf
  sbuild-build-depends-sobby-dummy zlib1g-dev
0 upgraded, 57 newly installed, 0 to remove and 0 not upgraded.
Need to get 22.4 MB/22.4 MB of archives.
After this operation, 72.9 MB of additional disk space will be used.
Get:1 http://localhost:9999/debian/ unstable/main libpipeline1 amd64 1.2.4-1 [41.0 kB]
Get:2 http://localhost:9999/debian/ unstable/main libpopt0 amd64 1.16-7 [56.4 kB]
Get:3 http://localhost:9999/debian/ unstable/main libsigc++-2.0-0c2a amd64 2.2.10-0.2 [42.5 kB]
Get:4 http://localhost:9999/debian/ unstable/main groff-base amd64 1.22.2-3 [747 kB]
Get:5 http://localhost:9999/debian/ unstable/main bsdmainutils amd64 9.0.5 [211 kB]
Get:6 http://localhost:9999/debian/ unstable/main man-db amd64 2.6.5-2 [976 kB]
Get:7 http://localhost:9999/debian/ unstable/main libasprintf0c2 amd64 0.18.3-1 [29.6 kB]
Get:8 http://localhost:9999/debian/ unstable/main libgpg-error0 amd64 1.10-3.1 [77.9 kB]
Get:9 http://localhost:9999/debian/ unstable/main libgcrypt11 amd64 1.5.2-3 [296 kB]
Get:10 http://localhost:9999/debian/ unstable/main libp11-kit0 amd64 0.18.4-1 [115 kB]
Get:11 http://localhost:9999/debian/ unstable/main libtasn1-3 amd64 2.14-3 [68.5 kB]
Get:12 http://localhost:9999/debian/ unstable/main libgnutls26 amd64 2.12.23-5 [617 kB]
Get:13 http://localhost:9999/debian/ unstable/main libgnutls-openssl27 amd64 2.12.23-5 [221 kB]
Get:14 http://localhost:9999/debian/ unstable/main libmagic1 amd64 1:5.14-2 [216 kB]
Get:15 http://localhost:9999/debian/ unstable/main libxml2 amd64 2.9.1+dfsg1-2 [911 kB]
Get:16 http://localhost:9999/debian/ unstable/main libavahi-common-data amd64 0.6.31-2 [135 kB]
Get:17 http://localhost:9999/debian/ unstable/main libavahi-common3 amd64 0.6.31-2 [54.6 kB]
Get:18 http://localhost:9999/debian/ unstable/main libdbus-1-3 amd64 1.6.12-1 [172 kB]
Get:19 http://localhost:9999/debian/ unstable/main libavahi-client3 amd64 0.6.31-2 [59.5 kB]
Get:20 http://localhost:9999/debian/ unstable/main libglib2.0-0 amd64 2.36.3-3 [2048 kB]
Get:21 http://localhost:9999/debian/ unstable/main libcroco3 amd64 0.6.8-2 [133 kB]
Get:22 http://localhost:9999/debian/ unstable/main libglibmm-2.4-1c2a amd64 2.36.2-1 [522 kB]
Get:23 http://localhost:9999/debian/ unstable/main libpcrecpp0 amd64 1:8.31-2 [128 kB]
Get:24 http://localhost:9999/debian/ unstable/main libunistring0 amd64 0.9.3-5 [434 kB]
Get:25 http://localhost:9999/debian/ unstable/main libgnutlsxx27 amd64 2.12.23-5 [222 kB]
Get:26 http://localhost:9999/debian/ unstable/main file amd64 1:5.14-2 [54.0 kB]
Get:27 http://localhost:9999/debian/ unstable/main gettext-base amd64 0.18.3-1 [161 kB]
Get:28 http://localhost:9999/debian/ unstable/main autotools-dev all 20130515.1 [73.0 kB]
Get:29 http://localhost:9999/debian/ unstable/main gettext amd64 0.18.3-1 [1898 kB]
Get:30 http://localhost:9999/debian/ unstable/main intltool-debian all 0.35.0+20060710.1 [30.8 kB]
Get:31 http://localhost:9999/debian/ unstable/main po-debconf all 1.0.16+nmu2 [224 kB]
Get:32 http://localhost:9999/debian/ unstable/main debhelper all 9.20130630 [710 kB]
Get:33 http://localhost:9999/debian/ unstable/main libavahi-common-dev amd64 0.6.31-2 [73.1 kB]
Get:34 http://localhost:9999/debian/ unstable/main pkg-config amd64 0.26-1 [59.5 kB]
Get:35 http://localhost:9999/debian/ unstable/main libdbus-1-dev amd64 1.6.12-1 [247 kB]
Get:36 http://localhost:9999/debian/ unstable/main libavahi-client-dev amd64 0.6.31-2 [67.4 kB]
Get:37 http://localhost:9999/debian/ unstable/main libelfg0 amd64 0.8.13-3 [60.2 kB]
Get:38 http://localhost:9999/debian/ unstable/main libgpg-error-dev amd64 1.10-3.1 [43.0 kB]
Get:39 http://localhost:9999/debian/ unstable/main libgcrypt11-dev amd64 1.5.2-3 [396 kB]
Get:40 http://localhost:9999/debian/ unstable/main libglib2.0-data all 2.36.3-3 [1847 kB]
Get:41 http://localhost:9999/debian/ unstable/main libglib2.0-bin amd64 2.36.3-3 [1057 kB]
Get:42 http://localhost:9999/debian/ unstable/main libpcre3-dev amd64 1:8.31-2 [356 kB]
Get:43 http://localhost:9999/debian/ unstable/main zlib1g-dev amd64 1:1.2.8.dfsg-1 [217 kB]
Get:44 http://localhost:9999/debian/ unstable/main libglib2.0-dev amd64 2.36.3-3 [2283 kB]
Get:45 http://localhost:9999/debian/ unstable/main libsigc++-2.0-dev amd64 2.2.10-0.2 [114 kB]
Get:46 http://localhost:9999/debian/ unstable/main libglibmm-2.4-dev amd64 2.36.2-1 [859 kB]
Get:47 http://localhost:9999/debian/ unstable/main libtasn1-3-dev amd64 2.14-3 [417 kB]
Get:48 http://localhost:9999/debian/ unstable/main libp11-kit-dev amd64 0.18.4-1 [122 kB]
Get:49 http://localhost:9999/debian/ unstable/main libgnutls-dev amd64 2.12.23-5 [749 kB]
Get:50 http://localhost:9999/debian/ unstable/main libnet6-1.3-0 amd64 1:1.3.14-1 [89.7 kB]
Get:51 http://localhost:9999/debian/ unstable/main libnet6-1.3-dev amd64 1:1.3.14-1 [102 kB]
Get:52 http://localhost:9999/debian/ unstable/main libobby-0.4-1 amd64 0.4.8-1 [126 kB]
Get:53 http://localhost:9999/debian/ unstable/main libobby-0.4-dev amd64 0.4.8-1 [248 kB]
Get:54 http://localhost:9999/debian/ unstable/main libxml++2.6-2 amd64 2.36.0-2 [107 kB]
Get:55 http://localhost:9999/debian/ unstable/main libxml2-dev amd64 2.9.1+dfsg1-2 [915 kB]
Get:56 http://localhost:9999/debian/ unstable/main libxml++2.6-dev amd64 2.36.0-2 [144 kB]
debconf: delaying package configuration, since apt-utils is not installed
Fetched 22.4 MB in 1s (14.8 MB/s)
Selecting previously unselected package libpipeline1:amd64.
(Reading database ... 14701 files and directories currently installed.)
Unpacking libpipeline1:amd64 (from .../libpipeline1_1.2.4-1_amd64.deb) ...
Selecting previously unselected package libpopt0:amd64.
Unpacking libpopt0:amd64 (from .../libpopt0_1.16-7_amd64.deb) ...
Selecting previously unselected package libsigc++-2.0-0c2a:amd64.
Unpacking libsigc++-2.0-0c2a:amd64 (from .../libsigc++-2.0-0c2a_2.2.10-0.2_amd64.deb) ...
Selecting previously unselected package groff-base.
Unpacking groff-base (from .../groff-base_1.22.2-3_amd64.deb) ...
Selecting previously unselected package bsdmainutils.
Unpacking bsdmainutils (from .../bsdmainutils_9.0.5_amd64.deb) ...
Selecting previously unselected package man-db.
Unpacking man-db (from .../man-db_2.6.5-2_amd64.deb) ...
Selecting previously unselected package libasprintf0c2:amd64.
Unpacking libasprintf0c2:amd64 (from .../libasprintf0c2_0.18.3-1_amd64.deb) ...
Selecting previously unselected package libgpg-error0:amd64.
Unpacking libgpg-error0:amd64 (from .../libgpg-error0_1.10-3.1_amd64.deb) ...
Selecting previously unselected package libgcrypt11:amd64.
Unpacking libgcrypt11:amd64 (from .../libgcrypt11_1.5.2-3_amd64.deb) ...
Selecting previously unselected package libp11-kit0:amd64.
Unpacking libp11-kit0:amd64 (from .../libp11-kit0_0.18.4-1_amd64.deb) ...
Selecting previously unselected package libtasn1-3:amd64.
Unpacking libtasn1-3:amd64 (from .../libtasn1-3_2.14-3_amd64.deb) ...
Selecting previously unselected package libgnutls26:amd64.
Unpacking libgnutls26:amd64 (from .../libgnutls26_2.12.23-5_amd64.deb) ...
Selecting previously unselected package libgnutls-openssl27:amd64.
Unpacking libgnutls-openssl27:amd64 (from .../libgnutls-openssl27_2.12.23-5_amd64.deb) ...
Selecting previously unselected package libmagic1:amd64.
Unpacking libmagic1:amd64 (from .../libmagic1_1%3a5.14-2_amd64.deb) ...
Selecting previously unselected package libxml2:amd64.
Unpacking libxml2:amd64 (from .../libxml2_2.9.1+dfsg1-2_amd64.deb) ...
Selecting previously unselected package libavahi-common-data:amd64.
Unpacking libavahi-common-data:amd64 (from .../libavahi-common-data_0.6.31-2_amd64.deb) ...
Selecting previously unselected package libavahi-common3:amd64.
Unpacking libavahi-common3:amd64 (from .../libavahi-common3_0.6.31-2_amd64.deb) ...
Selecting previously unselected package libdbus-1-3:amd64.
Unpacking libdbus-1-3:amd64 (from .../libdbus-1-3_1.6.12-1_amd64.deb) ...
Selecting previously unselected package libavahi-client3:amd64.
Unpacking libavahi-client3:amd64 (from .../libavahi-client3_0.6.31-2_amd64.deb) ...
Selecting previously unselected package libglib2.0-0:amd64.
Unpacking libglib2.0-0:amd64 (from .../libglib2.0-0_2.36.3-3_amd64.deb) ...
Selecting previously unselected package libcroco3:amd64.
Unpacking libcroco3:amd64 (from .../libcroco3_0.6.8-2_amd64.deb) ...
Selecting previously unselected package libglibmm-2.4-1c2a:amd64.
Unpacking libglibmm-2.4-1c2a:amd64 (from .../libglibmm-2.4-1c2a_2.36.2-1_amd64.deb) ...
Selecting previously unselected package libpcrecpp0:amd64.
Unpacking libpcrecpp0:amd64 (from .../libpcrecpp0_1%3a8.31-2_amd64.deb) ...
Selecting previously unselected package libunistring0:amd64.
Unpacking libunistring0:amd64 (from .../libunistring0_0.9.3-5_amd64.deb) ...
Selecting previously unselected package libgnutlsxx27:amd64.
Unpacking libgnutlsxx27:amd64 (from .../libgnutlsxx27_2.12.23-5_amd64.deb) ...
Selecting previously unselected package file.
Unpacking file (from .../file_1%3a5.14-2_amd64.deb) ...
Selecting previously unselected package gettext-base.
Unpacking gettext-base (from .../gettext-base_0.18.3-1_amd64.deb) ...
Selecting previously unselected package autotools-dev.
Unpacking autotools-dev (from .../autotools-dev_20130515.1_all.deb) ...
Selecting previously unselected package gettext.
Unpacking gettext (from .../gettext_0.18.3-1_amd64.deb) ...
Selecting previously unselected package intltool-debian.
Unpacking intltool-debian (from .../intltool-debian_0.35.0+20060710.1_all.deb) ...
Selecting previously unselected package po-debconf.
Unpacking po-debconf (from .../po-debconf_1.0.16+nmu2_all.deb) ...
Selecting previously unselected package debhelper.
Unpacking debhelper (from .../debhelper_9.20130630_all.deb) ...
Selecting previously unselected package libavahi-common-dev.
Unpacking libavahi-common-dev (from .../libavahi-common-dev_0.6.31-2_amd64.deb) ...
Selecting previously unselected package pkg-config.
Unpacking pkg-config (from .../pkg-config_0.26-1_amd64.deb) ...
Selecting previously unselected package libdbus-1-dev:amd64.
Unpacking libdbus-1-dev:amd64 (from .../libdbus-1-dev_1.6.12-1_amd64.deb) ...
Selecting previously unselected package libavahi-client-dev.
Unpacking libavahi-client-dev (from .../libavahi-client-dev_0.6.31-2_amd64.deb) ...
Selecting previously unselected package libelfg0.
Unpacking libelfg0 (from .../libelfg0_0.8.13-3_amd64.deb) ...
Selecting previously unselected package libgpg-error-dev.
Unpacking libgpg-error-dev (from .../libgpg-error-dev_1.10-3.1_amd64.deb) ...
Selecting previously unselected package libgcrypt11-dev.
Unpacking libgcrypt11-dev (from .../libgcrypt11-dev_1.5.2-3_amd64.deb) ...
Selecting previously unselected package libglib2.0-data.
Unpacking libglib2.0-data (from .../libglib2.0-data_2.36.3-3_all.deb) ...
Selecting previously unselected package libglib2.0-bin.
Unpacking libglib2.0-bin (from .../libglib2.0-bin_2.36.3-3_amd64.deb) ...
Selecting previously unselected package libpcre3-dev:amd64.
Unpacking libpcre3-dev:amd64 (from .../libpcre3-dev_1%3a8.31-2_amd64.deb) ...
Selecting previously unselected package zlib1g-dev:amd64.
Unpacking zlib1g-dev:amd64 (from .../zlib1g-dev_1%3a1.2.8.dfsg-1_amd64.deb) ...
Selecting previously unselected package libglib2.0-dev.
Unpacking libglib2.0-dev (from .../libglib2.0-dev_2.36.3-3_amd64.deb) ...
Selecting previously unselected package libsigc++-2.0-dev:amd64.
Unpacking libsigc++-2.0-dev:amd64 (from .../libsigc++-2.0-dev_2.2.10-0.2_amd64.deb) ...
Selecting previously unselected package libglibmm-2.4-dev:amd64.
Unpacking libglibmm-2.4-dev:amd64 (from .../libglibmm-2.4-dev_2.36.2-1_amd64.deb) ...
Selecting previously unselected package libtasn1-3-dev.
Unpacking libtasn1-3-dev (from .../libtasn1-3-dev_2.14-3_amd64.deb) ...
Selecting previously unselected package libp11-kit-dev.
Unpacking libp11-kit-dev (from .../libp11-kit-dev_0.18.4-1_amd64.deb) ...
Selecting previously unselected package libgnutls-dev.
Unpacking libgnutls-dev (from .../libgnutls-dev_2.12.23-5_amd64.deb) ...
Selecting previously unselected package libnet6-1.3-0.
Unpacking libnet6-1.3-0 (from .../libnet6-1.3-0_1%3a1.3.14-1_amd64.deb) ...
Selecting previously unselected package libnet6-1.3-dev.
Unpacking libnet6-1.3-dev (from .../libnet6-1.3-dev_1%3a1.3.14-1_amd64.deb) ...
Selecting previously unselected package libobby-0.4-1.
Unpacking libobby-0.4-1 (from .../libobby-0.4-1_0.4.8-1_amd64.deb) ...
Selecting previously unselected package libobby-0.4-dev.
Unpacking libobby-0.4-dev (from .../libobby-0.4-dev_0.4.8-1_amd64.deb) ...
Selecting previously unselected package libxml++2.6-2.
Unpacking libxml++2.6-2 (from .../libxml++2.6-2_2.36.0-2_amd64.deb) ...
Selecting previously unselected package libxml2-dev:amd64.
Unpacking libxml2-dev:amd64 (from .../libxml2-dev_2.9.1+dfsg1-2_amd64.deb) ...
Selecting previously unselected package libxml++2.6-dev.
Unpacking libxml++2.6-dev (from .../libxml++2.6-dev_2.36.0-2_amd64.deb) ...
Selecting previously unselected package sbuild-build-depends-sobby-dummy.
Unpacking sbuild-build-depends-sobby-dummy (from .../sbuild-build-depends-sobby-dummy.deb) ...
Setting up libpipeline1:amd64 (1.2.4-1) ...
Setting up libpopt0:amd64 (1.16-7) ...
Setting up libsigc++-2.0-0c2a:amd64 (2.2.10-0.2) ...
Setting up groff-base (1.22.2-3) ...
Setting up bsdmainutils (9.0.5) ...
update-alternatives: using /usr/bin/bsd-write to provide /usr/bin/write (write) in auto mode
update-alternatives: using /usr/bin/bsd-from to provide /usr/bin/from (from) in auto mode
Setting up man-db (2.6.5-2) ...
Not building database; man-db/auto-update is not 'true'.
Setting up libasprintf0c2:amd64 (0.18.3-1) ...
Setting up libgpg-error0:amd64 (1.10-3.1) ...
Setting up libgcrypt11:amd64 (1.5.2-3) ...
Setting up libp11-kit0:amd64 (0.18.4-1) ...
Setting up libtasn1-3:amd64 (2.14-3) ...
Setting up libgnutls26:amd64 (2.12.23-5) ...
Setting up libgnutls-openssl27:amd64 (2.12.23-5) ...
Setting up libmagic1:amd64 (1:5.14-2) ...
Setting up libxml2:amd64 (2.9.1+dfsg1-2) ...
Setting up libavahi-common-data:amd64 (0.6.31-2) ...
Setting up libavahi-common3:amd64 (0.6.31-2) ...
Setting up libdbus-1-3:amd64 (1.6.12-1) ...
Setting up libavahi-client3:amd64 (0.6.31-2) ...
Setting up libglib2.0-0:amd64 (2.36.3-3) ...
No schema files found: doing nothing.
Setting up libcroco3:amd64 (0.6.8-2) ...
Setting up libglibmm-2.4-1c2a:amd64 (2.36.2-1) ...
Setting up libpcrecpp0:amd64 (1:8.31-2) ...
Setting up libunistring0:amd64 (0.9.3-5) ...
Setting up libgnutlsxx27:amd64 (2.12.23-5) ...
Setting up file (1:5.14-2) ...
Setting up gettext-base (0.18.3-1) ...
Setting up autotools-dev (20130515.1) ...
Setting up gettext (0.18.3-1) ...
Setting up intltool-debian (0.35.0+20060710.1) ...
Setting up po-debconf (1.0.16+nmu2) ...
Setting up debhelper (9.20130630) ...
Setting up libavahi-common-dev (0.6.31-2) ...
Setting up pkg-config (0.26-1) ...
Setting up libdbus-1-dev:amd64 (1.6.12-1) ...
Setting up libavahi-client-dev (0.6.31-2) ...
Setting up libelfg0 (0.8.13-3) ...
Setting up libgpg-error-dev (1.10-3.1) ...
Setting up libgcrypt11-dev (1.5.2-3) ...
Setting up libglib2.0-data (2.36.3-3) ...
Setting up libglib2.0-bin (2.36.3-3) ...
Setting up libpcre3-dev:amd64 (1:8.31-2) ...
Setting up zlib1g-dev:amd64 (1:1.2.8.dfsg-1) ...
Setting up libglib2.0-dev (2.36.3-3) ...
Setting up libsigc++-2.0-dev:amd64 (2.2.10-0.2) ...
Setting up libglibmm-2.4-dev:amd64 (2.36.2-1) ...
Setting up libtasn1-3-dev (2.14-3) ...
Setting up libp11-kit-dev (0.18.4-1) ...
Setting up libgnutls-dev (2.12.23-5) ...
Setting up libnet6-1.3-0 (1:1.3.14-1) ...
Setting up libnet6-1.3-dev (1:1.3.14-1) ...
Setting up libobby-0.4-1 (0.4.8-1) ...
Setting up libobby-0.4-dev (0.4.8-1) ...
Setting up libxml++2.6-2 (2.36.0-2) ...
Setting up libxml2-dev:amd64 (2.9.1+dfsg1-2) ...
Setting up libxml++2.6-dev (2.36.0-2) ...
Setting up sbuild-build-depends-sobby-dummy (0.invalid.0) ...
Processing triggers for libc-bin ...

┌──────────────────────────────────────────────────────────────────────────────┐
│ Build environment                                                            │
└──────────────────────────────────────────────────────────────────────────────┘

Kernel: Linux 2.6.32-5-xen-amd64 amd64 (x86_64)
Toolchain package versions: binutils_2.23.52.20130620-1 dpkg-dev_1.16.10 g++-4.6_4.6.4-4 g++-4.8_4.8.1-6 gcc-4.6_4.6.4-4 gcc-4.7_4.7.3-6 gcc-4.8_4.8.1-6 libc6-dev_2.17-7 libstdc++-4.8-dev_4.8.1-6 libstdc++6_4.8.1-6 libstdc++6-4.6-dev_4.6.4-4 libstdc++6-4.7-dev_4.7.3-6 linux-libc-dev_3.10.1-1
Package versions: apt_0.9.9.1 autotools-dev_20130515.1 base-files_7.2 base-passwd_3.5.26 bash_4.2+dfsg-1 binutils_2.23.52.20130620-1 bsdmainutils_9.0.5 bsdutils_1:2.20.1-5.5 build-essential_11.6 bzip2_1.0.6-4 clang-3.3_1:3.3-3 coreutils_8.20-3 cpp_4:4.8.1-2 cpp-4.6_4.6.4-4 cpp-4.7_4.7.3-6 cpp-4.8_4.8.1-6 dash_0.5.7-3 debconf_1.5.50 debconf-i18n_1.5.50 debfoster_2.7-1.2 debhelper_9.20130630 debian-archive-keyring_2012.4 debianutils_4.3.4 diffutils_1:3.2-8 dpkg_1.16.10 dpkg-dev_1.16.10 e2fslibs_1.42.8-1 e2fsprogs_1.42.8-1 fakeroot_1.19-2 file_1:5.14-2 findutils_4.4.2-6 g++_4:4.8.1-2 g++-4.6_4.6.4-4 g++-4.8_4.8.1-6 gcc_4:4.8.1-2 gcc-4.4-base_4.4.7-4 gcc-4.5-base_4.5.4-1 gcc-4.6_4.6.4-4 gcc-4.6-base_4.6.4-4 gcc-4.7_4.7.3-6 gcc-4.7-base_4.7.3-6 gcc-4.8_4.8.1-6 gcc-4.8-base_4.8.1-6 gettext_0.18.3-1 gettext-base_0.18.3-1 gnupg_1.4.12-7 gpgv_1.4.12-7 grep_2.14-2 groff-base_1.22.2-3 gzip_1.6-1 hostname_3.13 initscripts_2.88dsf-43 insserv_1.14.0-5 intltool-debian_0.35.0+20060710.1 libacl1_2.2.52-1 libapt-pkg4.12_0.9.9.1 libasan0_4.8.1-6 libasprintf0c2_0.18.3-1 libatomic1_4.8.1-6 libattr1_1:2.4.47-1 libavahi-client-dev_0.6.31-2 libavahi-client3_0.6.31-2 libavahi-common-data_0.6.31-2 libavahi-common-dev_0.6.31-2 libavahi-common3_0.6.31-2 libblkid1_2.20.1-5.5 libbz2-1.0_1.0.6-4 libc-bin_2.17-7 libc-dev-bin_2.17-7 libc6_2.17-7 libc6-dev_2.17-7 libcap2_1:2.22-1.2 libclang-common-3.3-dev_1:3.3-3 libclang1-3.3_1:3.3-3 libclass-isa-perl_0.36-5 libcloog-isl4_0.18.0-2 libcloog-ppl1_0.16.1-3 libcomerr2_1.42.8-1 libcroco3_0.6.8-2 libdb5.1_5.1.29-6 libdbus-1-3_1.6.12-1 libdbus-1-dev_1.6.12-1 libdpkg-perl_1.16.10 libelfg0_0.8.13-3 libffi6_3.0.13-4 libfile-fcntllock-perl_0.14-2 libgc1c2_1:7.2d-5 libgcc-4.7-dev_4.7.3-6 libgcc-4.8-dev_4.8.1-6 libgcc1_1:4.8.1-6 libgcrypt11_1.5.2-3 libgcrypt11-dev_1.5.2-3 libgdbm3_1.8.3-12 libglib2.0-0_2.36.3-3 libglib2.0-bin_2.36.3-3 libglib2.0-data_2.36.3-3 libglib2.0-dev_2.36.3-3 libglibmm-2.4-1c2a_2.36.2-1 libglibmm-2.4-dev_2.36.2-1 libgmp10_2:5.1.2+dfsg-2 libgmpxx4ldbl_2:5.1.2+dfsg-2 libgnutls-dev_2.12.23-5 libgnutls-openssl27_2.12.23-5 libgnutls26_2.12.23-5 libgnutlsxx27_2.12.23-5 libgomp1_4.8.1-6 libgpg-error-dev_1.10-3.1 libgpg-error0_1.10-3.1 libgpm2_1.20.4-6.1 libisl10_0.11.2-1 libitm1_4.8.1-6 libllvm3.3_1:3.3-3 liblocale-gettext-perl_1.05-7+b1 liblzma5_5.1.1alpha+20120614-2 libmagic1_1:5.14-2 libmount1_2.20.1-5.5 libmpc2_0.9-4 libmpc3_1.0.1-1 libmpfr4_3.1.1-1 libncurses5_5.9+20130608-1 libnet6-1.3-0_1:1.3.14-1 libnet6-1.3-dev_1:1.3.14-1 libobby-0.4-1_0.4.8-1 libobby-0.4-dev_0.4.8-1 libobjc-4.7-dev_4.7.3-6 libobjc4_4.8.1-6 libp11-kit-dev_0.18.4-1 libp11-kit0_0.18.4-1 libpam-modules_1.1.3-9 libpam-modules-bin_1.1.3-9 libpam-runtime_1.1.3-9 libpam0g_1.1.3-9 libpcre3_1:8.31-2 libpcre3-dev_1:8.31-2 libpcrecpp0_1:8.31-2 libpipeline1_1.2.4-1 libpopt0_1.16-7 libppl-c4_1:1.0-7 libppl12_1:1.0-7 libquadmath0_4.8.1-6 libreadline6_6.2+dfsg-0.1 libselinux1_2.1.13-2 libsemanage-common_2.1.10-2 libsemanage1_2.1.10-2 libsepol1_2.1.9-2 libsigc++-2.0-0c2a_2.2.10-0.2 libsigc++-2.0-dev_2.2.10-0.2 libslang2_2.2.4-15 libss2_1.42.8-1 libstdc++-4.8-dev_4.8.1-6 libstdc++6_4.8.1-6 libstdc++6-4.6-dev_4.6.4-4 libstdc++6-4.7-dev_4.7.3-6 libswitch-perl_2.16-2 libtasn1-3_2.14-3 libtasn1-3-dev_2.14-3 libtext-charwidth-perl_0.04-7+b1 libtext-iconv-perl_1.7-5 libtext-wrapi18n-perl_0.06-7 libtimedate-perl_1.2000-1 libtinfo5_5.9+20130608-1 libtsan0_4.8.1-6 libunistring0_0.9.3-5 libusb-0.1-4_2:0.1.12-23.2 libustr-1.0-1_1.0.4-3 libuuid1_2.20.1-5.5 libxml++2.6-2_2.36.0-2 libxml++2.6-dev_2.36.0-2 libxml2_2.9.1+dfsg1-2 libxml2-dev_2.9.1+dfsg1-2 linux-libc-dev_3.10.1-1 login_1:4.1.5.1-1 lsb-base_4.1+Debian12 make_3.81-8.2 man-db_2.6.5-2 mawk_1.3.3-17 mount_2.20.1-5.5 multiarch-support_2.17-7 ncurses-base_5.9+20130608-1 ncurses-bin_5.9+20130608-1 passwd_1:4.1.5.1-1 patch_2.7.1-3 perl_5.14.2-21 perl-base_5.14.2-21 perl-modules_5.14.2-21 pkg-config_0.26-1 po-debconf_1.0.16+nmu2 readline-common_6.2+dfsg-0.1 sbuild-build-depends-core-dummy_0.invalid.0 sbuild-build-depends-sobby-dummy_0.invalid.0 sed_4.2.2-1 sensible-utils_0.0.9 sudo_1.8.5p2-1+nmu1 sysv-rc_2.88dsf-43 sysvinit_2.88dsf-43 sysvinit-utils_2.88dsf-43 tar_1.26+dfsg-6 tzdata_2013c-2 ucf_3.0027+nmu1 util-linux_2.20.1-5.5 vim_2:7.3.923-3 vim-common_2:7.3.923-3 vim-runtime_2:7.3.923-3 xz-utils_5.1.1alpha+20120614-2 zlib1g_1:1.2.8.dfsg-1 zlib1g-dev_1:1.2.8.dfsg-1

┌──────────────────────────────────────────────────────────────────────────────┐
│ Build                                                                        │
└──────────────────────────────────────────────────────────────────────────────┘


Unpack source
─────────────

gpgv: keyblock resource `/sbuild-nonexistent/.gnupg/trustedkeys.gpg': file open error
gpgv: Signature made Sun Feb 19 15:11:48 2012 UTC using DSA key ID B2CFCDD8
gpgv: Can't check signature: public key not found
dpkg-source: warning: failed to verify signature on ./sobby_0.4.8-1.dsc
dpkg-source: info: extracting sobby in sobby-0.4.8
dpkg-source: info: unpacking sobby_0.4.8.orig.tar.gz
dpkg-source: info: applying sobby_0.4.8-1.diff.gz

Check disc space
────────────────

Sufficient free space for build

Hack binNMU version
───────────────────

Created changelog entry for binNMU version 0.4.8-1clang1

User Environment
────────────────

HOME=/sbuild-nonexistent
LOGNAME=user
PATH=/usr/local/sbin:/usr/local/bin:/usr/sbin:/usr/bin:/sbin:/bin:/usr/games
SCHROOT_ALIAS_NAME=unstable-amd64-sbuild
SCHROOT_CHROOT_NAME=unstable-amd64-sbuild
SCHROOT_COMMAND=env
SCHROOT_GID=1000
SCHROOT_GROUP=user
SCHROOT_SESSION_ID=unstable-amd64-sbuild-11341474-eb61-43eb-ad92-7b94531e08c5
SCHROOT_UID=1000
SCHROOT_USER=user
SHELL=/bin/sh
USER=user

dpkg-buildpackage
─────────────────

dpkg-buildpackage: source package sobby
dpkg-buildpackage: source version 0.4.8-1clang1
 dpkg-source --before-build sobby-0.4.8
dpkg-buildpackage: host architecture amd64
 fakeroot debian/rules clean
dh_testdir
dh_testroot
rm -f build-stamp 
[ ! -f Makefile ] || /usr/bin/make distclean
cp -f /usr/share/misc/config.sub config.sub
cp -f /usr/share/misc/config.guess config.guess
dh_clean 
dpkg-buildpackage: warning: debian/rules must be updated to support the 'build-arch' and 'build-indep' targets (at least 'build-arch' seems to be missing)
 debian/rules build
dh_testdir
cp -f /usr/share/misc/config.sub config.sub
cp -f /usr/share/misc/config.guess config.guess
CFLAGS="-Wall -g -O2" ./configure --host=x86_64-linux-gnu \
		--build=x86_64-linux-gnu --prefix=/usr \
		--mandir=\${prefix}/share/man \
		--infodir=\${prefix}/share/info \
		--disable-zeroconf
checking for a BSD-compatible install... /usr/bin/install -c
checking whether build environment is sane... yes
checking for a thread-safe mkdir -p... /bin/mkdir -p
checking for gawk... no
checking for mawk... mawk
checking whether make sets $(MAKE)... yes
checking whether to enable maintainer-specific portions of Makefiles... no
checking build system type... x86_64-pc-linux-gnu
checking host system type... x86_64-pc-linux-gnu
checking for x86_64-linux-gnu-g++... x86_64-linux-gnu-g++
checking whether the C++ compiler works... yes
checking for C++ compiler default output file name... a.out
checking for suffix of executables... 
checking whether we are cross compiling... no
checking for suffix of object files... o
checking whether we are using the GNU C++ compiler... yes
checking whether x86_64-linux-gnu-g++ accepts -g... yes
checking for style of include used by make... GNU
checking dependency style of x86_64-linux-gnu-g++... gcc3
checking for x86_64-linux-gnu-gcc... x86_64-linux-gnu-gcc
checking whether we are using the GNU C compiler... yes
checking whether x86_64-linux-gnu-gcc accepts -g... yes
checking for x86_64-linux-gnu-gcc option to accept ISO C89... none needed
checking dependency style of x86_64-linux-gnu-gcc... gcc3
checking how to run the C preprocessor... x86_64-linux-gnu-gcc -E
checking whether ln -s works... yes
checking whether make sets $(MAKE)... (cached) yes
checking whether to enable WIN32 specific flags... no
checking for x86_64-linux-gnu-pkg-config... no
checking for pkg-config... /usr/bin/pkg-config
checking pkg-config is at least version 0.9.0... yes
checking for sobby... yes
checking for obby_has_zeroconf in -lobby... yes
checking for obby_has_avahi in -lobby... yes
configure: creating ./config.status
config.status: creating Makefile
config.status: creating inc/features.hpp
config.status: executing depfiles commands
dh_testdir
/usr/bin/make
make[1]: Entering directory `/«PKGBUILDDIR»'
x86_64-linux-gnu-g++ -DHAVE_CONFIG_H -I. -I./inc  -D_REENTRANT -I/usr/include/sigc++-2.0 -I/usr/lib/x86_64-linux-gnu/sigc++-2.0/include -I/usr/include/glibmm-2.4 -I/usr/lib/x86_64-linux-gnu/glibmm-2.4/include -I/usr/include/glib-2.0 -I/usr/lib/x86_64-linux-gnu/glib-2.0/include -I/usr/include/libxml2 -I/usr/include/libxml++-2.6 -I/usr/lib/libxml++-2.6/include   -I../inc/    -g -O2 -MT sobby-gselector.o -MD -MP -MF .deps/sobby-gselector.Tpo -c -o sobby-gselector.o `test -f 'src/gselector.cpp' || echo './'`src/gselector.cpp
mv -f .deps/sobby-gselector.Tpo .deps/sobby-gselector.Po
x86_64-linux-gnu-g++ -DHAVE_CONFIG_H -I. -I./inc  -D_REENTRANT -I/usr/include/sigc++-2.0 -I/usr/lib/x86_64-linux-gnu/sigc++-2.0/include -I/usr/include/glibmm-2.4 -I/usr/lib/x86_64-linux-gnu/glibmm-2.4/include -I/usr/include/glib-2.0 -I/usr/lib/x86_64-linux-gnu/glib-2.0/include -I/usr/include/libxml2 -I/usr/include/libxml++-2.6 -I/usr/lib/libxml++-2.6/include   -I../inc/    -g -O2 -MT sobby-config.o -MD -MP -MF .deps/sobby-config.Tpo -c -o sobby-config.o `test -f 'src/config.cpp' || echo './'`src/config.cpp
In file included from src/config.cpp:37:
./inc/config.hpp:441:7: error: explicit specialization of 'serialise::default_context_to<Glib::ustring>' after instantiation
class default_context_to<Glib::ustring>: public context_base_to<Glib::ustring>
      ^~~~~~~~~~~~~~~~~~~~~~~~~~~~~~~~~
./inc/config.hpp:82:5: note: implicit instantiation first required here
                                serialise::default_context_to<DataType>()
                                ^
src/config.cpp:340:18: error: unknown type name 'data_type'
        to_string(const data_type& from) const
                        ^
src/config.cpp:340:2: error: template specialization requires 'template<>'
        to_string(const data_type& from) const
        ^
In file included from src/config.cpp:37:
./inc/config.hpp:313:64: error: no viable conversion from 'serialise::default_context_to<ustring>' to 'const serialise::context_base_to<ustring>'
                   const serialise::context_base_to<DataType>& ctx):
                                                               ^
./inc/config.hpp:336:2: note: in instantiation of default function argument expression for 'ValueEntry<Glib::ustring>' required here
        ValueEntry(elem.get_name(), elem.get_child_text()->get_content() )
        ^
src/config.cpp:154:28: note: in instantiation of member function 'Sobby::Config::TypedValueEntry<Glib::ustring>::TypedValueEntry' requested here
                        ValueEntry* entry = new TypedValueEntry<Glib::ustring>(
                                                ^
/usr/include/net6/serialise.hpp:60:7: note: candidate constructor (the implicit copy constructor) not viable: no known conversion from 'serialise::default_context_to<ustring>' to 'const serialise::context_base_to<Glib::ustring> &' for 1st argument
class context_base_to
      ^
./inc/config.hpp:313:64: note: passing argument to parameter 'ctx' here
                   const serialise::context_base_to<DataType>& ctx):
                                                               ^
4 errors generated.
make[1]: *** [sobby-config.o] Error 1
make[1]: Leaving directory `/«PKGBUILDDIR»'
make: *** [build-stamp] Error 2
dpkg-buildpackage: error: debian/rules build gave error exit status 2
────────────────────────────────────────────────────────────────────────────────
Build finished at 20130717-1249

Finished
────────

E: Build failure (dpkg-buildpackage died)

┌──────────────────────────────────────────────────────────────────────────────┐
│ Cleanup                                                                      │
└──────────────────────────────────────────────────────────────────────────────┘

Purging /«BUILDDIR»
Not cleaning session: cloned chroot in use

┌──────────────────────────────────────────────────────────────────────────────┐
│ Summary                                                                      │
└──────────────────────────────────────────────────────────────────────────────┘

Build Architecture: amd64
Build-Space: 1204
Build-Time: 6
Distribution: unstable
Fail-Stage: build
Host Architecture: amd64
Install-Time: 12
Job: sobby_0.4.8-1
Machine Architecture: amd64
Package: sobby
Package-Time: 97
Source-Version: 0.4.8-1
Space: 1204
Status: attempted
Version: 0.4.8-1clang1
────────────────────────────────────────────────────────────────────────────────
Finished at 20130717-1249
Build needed 00:01:37, 1204k disc space
DC-Status: Failed 98.668463654s
