DC-Build-Header: steghide 0.5.1-9 / 2013-07-17 06:55:03 +0000
DC-Task: source:steghide version:0.5.1-9 architecture:any chroot:unstable esttime:87 logfile:/tmp/steghide_0.5.1-9_unstable_clang.log modes:binary-only:clang
DC-Sbuild-call: su user -c 'sbuild -n --apt-update -d unstable -v  --chroot-setup-commands=/tmp/switch-to-clang --append-to-version "clang1" --maintainer "Lucas Nussbaum <lucas@debian.org>" --uploader "Lucas Nussbaum <lucas@debian.org>" steghide_0.5.1-9'
sbuild (Debian sbuild) 0.63.2 (18 Aug 2012) on ip-10-232-71-159.ec2.internal

╔══════════════════════════════════════════════════════════════════════════════╗
║ steghide 0.5.1-9clang1 (amd64)                             17 Jul 2013 06:55 ║
╚══════════════════════════════════════════════════════════════════════════════╝

Package: steghide
Version: 0.5.1-9clang1
Source Version: 0.5.1-9
Distribution: unstable
Machine Architecture: amd64
Host Architecture: amd64
Build Architecture: amd64

I: NOTICE: Log filtering will replace 'build/steghide-hf6fUu/steghide-0.5.1' with '«PKGBUILDDIR»'
I: NOTICE: Log filtering will replace 'build/steghide-hf6fUu' with '«BUILDDIR»'
I: NOTICE: Log filtering will replace 'var/lib/schroot/mount/unstable-amd64-sbuild-8b4fa03a-f81c-4a2d-89a4-36a1f6749363' with '«CHROOT»'

┌──────────────────────────────────────────────────────────────────────────────┐
│ Update chroot                                                                │
└──────────────────────────────────────────────────────────────────────────────┘

Get:1 http://localhost:9999 unstable InRelease [204 kB]
Get:2 http://localhost:9999 unstable/main Sources/DiffIndex [7876 B]
Get:3 http://localhost:9999 unstable/main amd64 Packages/DiffIndex [7876 B]
Get:4 http://localhost:9999 unstable/main Translation-en/DiffIndex [7876 B]
Get:5 http://localhost:9999 unstable/main 2013-07-13-2032.15.pdiff [23.1 kB]
Get:6 http://localhost:9999 unstable/main amd64 2013-07-13-2032.15.pdiff [16.9 kB]
Get:7 http://localhost:9999 unstable/main 2013-07-13-2032.15.pdiff [23.1 kB]
Get:8 http://localhost:9999 unstable/main 2013-07-13-2032.15.pdiff [1809 B]
Get:9 http://localhost:9999 unstable/main amd64 2013-07-13-2032.15.pdiff [16.9 kB]
Get:10 http://localhost:9999 unstable/main 2013-07-14-0231.07.pdiff [12.9 kB]
Get:11 http://localhost:9999 unstable/main 2013-07-13-2032.15.pdiff [1809 B]
Get:12 http://localhost:9999 unstable/main amd64 2013-07-14-0231.07.pdiff [14.9 kB]
Get:13 http://localhost:9999 unstable/main 2013-07-14-0231.07.pdiff [12.9 kB]
Get:14 http://localhost:9999 unstable/main 2013-07-14-0231.07.pdiff [1384 B]
Get:15 http://localhost:9999 unstable/main amd64 2013-07-14-0231.07.pdiff [14.9 kB]
Get:16 http://localhost:9999 unstable/main 2013-07-14-0832.16.pdiff [4670 B]
Get:17 http://localhost:9999 unstable/main 2013-07-14-0231.07.pdiff [1384 B]
Get:18 http://localhost:9999 unstable/main amd64 2013-07-14-0832.16.pdiff [1624 B]
Get:19 http://localhost:9999 unstable/main 2013-07-14-0832.16.pdiff [4670 B]
Get:20 http://localhost:9999 unstable/main 2013-07-14-0832.16.pdiff [337 B]
Get:21 http://localhost:9999 unstable/main amd64 2013-07-14-0832.16.pdiff [1624 B]
Get:22 http://localhost:9999 unstable/main 2013-07-14-1431.18.pdiff [11.4 kB]
Get:23 http://localhost:9999 unstable/main 2013-07-14-0832.16.pdiff [337 B]
Get:24 http://localhost:9999 unstable/main amd64 2013-07-14-1431.18.pdiff [8223 B]
Get:25 http://localhost:9999 unstable/main 2013-07-14-1431.18.pdiff [11.4 kB]
Get:26 http://localhost:9999 unstable/main 2013-07-14-1431.18.pdiff [887 B]
Get:27 http://localhost:9999 unstable/main amd64 2013-07-14-1431.18.pdiff [8223 B]
Get:28 http://localhost:9999 unstable/main 2013-07-14-2031.21.pdiff [9038 B]
Get:29 http://localhost:9999 unstable/main 2013-07-14-1431.18.pdiff [887 B]
Get:30 http://localhost:9999 unstable/main amd64 2013-07-14-2031.21.pdiff [9955 B]
Get:31 http://localhost:9999 unstable/main 2013-07-14-2031.21.pdiff [9038 B]
Get:32 http://localhost:9999 unstable/main 2013-07-14-2031.21.pdiff [2736 B]
Get:33 http://localhost:9999 unstable/main amd64 2013-07-14-2031.21.pdiff [9955 B]
Get:34 http://localhost:9999 unstable/main 2013-07-15-0229.01.pdiff [9715 B]
Get:35 http://localhost:9999 unstable/main 2013-07-14-2031.21.pdiff [2736 B]
Get:36 http://localhost:9999 unstable/main amd64 2013-07-15-0229.01.pdiff [12.7 kB]
Get:37 http://localhost:9999 unstable/main 2013-07-15-0229.01.pdiff [9715 B]
Get:38 http://localhost:9999 unstable/main 2013-07-15-0229.01.pdiff [2239 B]
Get:39 http://localhost:9999 unstable/main amd64 2013-07-15-0229.01.pdiff [12.7 kB]
Get:40 http://localhost:9999 unstable/main 2013-07-15-0830.19.pdiff [3273 B]
Get:41 http://localhost:9999 unstable/main 2013-07-15-0229.01.pdiff [2239 B]
Get:42 http://localhost:9999 unstable/main amd64 2013-07-15-0830.19.pdiff [3964 B]
Get:43 http://localhost:9999 unstable/main 2013-07-15-0830.19.pdiff [3273 B]
Get:44 http://localhost:9999 unstable/main 2013-07-15-0830.19.pdiff [1357 B]
Get:45 http://localhost:9999 unstable/main amd64 2013-07-15-0830.19.pdiff [3964 B]
Get:46 http://localhost:9999 unstable/main 2013-07-15-1432.36.pdiff [5326 B]
Get:47 http://localhost:9999 unstable/main 2013-07-15-0830.19.pdiff [1357 B]
Get:48 http://localhost:9999 unstable/main amd64 2013-07-15-1432.36.pdiff [9809 B]
Get:49 http://localhost:9999 unstable/main 2013-07-15-1432.36.pdiff [5326 B]
Get:50 http://localhost:9999 unstable/main 2013-07-15-1432.36.pdiff [322 B]
Get:51 http://localhost:9999 unstable/main amd64 2013-07-15-1432.36.pdiff [9809 B]
Get:52 http://localhost:9999 unstable/main 2013-07-15-2031.50.pdiff [12.2 kB]
Get:53 http://localhost:9999 unstable/main 2013-07-15-1432.36.pdiff [322 B]
Get:54 http://localhost:9999 unstable/main amd64 2013-07-15-2031.50.pdiff [24.4 kB]
Get:55 http://localhost:9999 unstable/main 2013-07-15-2031.50.pdiff [12.2 kB]
Get:56 http://localhost:9999 unstable/main 2013-07-15-2031.50.pdiff [537 B]
Get:57 http://localhost:9999 unstable/main amd64 2013-07-15-2031.50.pdiff [24.4 kB]
Get:58 http://localhost:9999 unstable/main 2013-07-16-0233.12.pdiff [14.8 kB]
Get:59 http://localhost:9999 unstable/main 2013-07-15-2031.50.pdiff [537 B]
Get:60 http://localhost:9999 unstable/main amd64 2013-07-16-0233.12.pdiff [49.5 kB]
Get:61 http://localhost:9999 unstable/main 2013-07-16-0233.12.pdiff [14.8 kB]
Get:62 http://localhost:9999 unstable/main 2013-07-16-0233.12.pdiff [3247 B]
Get:63 http://localhost:9999 unstable/main amd64 2013-07-16-0233.12.pdiff [49.5 kB]
Get:64 http://localhost:9999 unstable/main 2013-07-16-0834.41.pdiff [7447 B]
Get:65 http://localhost:9999 unstable/main 2013-07-16-0233.12.pdiff [3247 B]
Get:66 http://localhost:9999 unstable/main amd64 2013-07-16-0834.41.pdiff [4493 B]
Get:67 http://localhost:9999 unstable/main 2013-07-16-0834.41.pdiff [7447 B]
Get:68 http://localhost:9999 unstable/main 2013-07-16-0834.41.pdiff [5852 B]
Get:69 http://localhost:9999 unstable/main amd64 2013-07-16-0834.41.pdiff [4493 B]
Get:70 http://localhost:9999 unstable/main 2013-07-16-1433.54.pdiff [21.2 kB]
Get:71 http://localhost:9999 unstable/main 2013-07-16-0834.41.pdiff [5852 B]
Get:72 http://localhost:9999 unstable/main amd64 2013-07-16-1433.54.pdiff [19.3 kB]
Get:73 http://localhost:9999 unstable/main 2013-07-16-1433.54.pdiff [21.2 kB]
Get:74 http://localhost:9999 unstable/main 2013-07-16-1433.54.pdiff [1941 B]
Get:75 http://localhost:9999 unstable/main amd64 2013-07-16-1433.54.pdiff [19.3 kB]
Get:76 http://localhost:9999 unstable/main 2013-07-16-2046.09.pdiff [19.4 kB]
Get:77 http://localhost:9999 unstable/main 2013-07-16-1433.54.pdiff [1941 B]
Get:78 http://localhost:9999 unstable/main amd64 2013-07-16-2046.09.pdiff [18.4 kB]
Get:79 http://localhost:9999 unstable/main 2013-07-16-2046.09.pdiff [19.4 kB]
Get:80 http://localhost:9999 unstable/main 2013-07-16-2046.09.pdiff [465 B]
Get:81 http://localhost:9999 unstable/main amd64 2013-07-16-2046.09.pdiff [18.4 kB]
Get:82 http://localhost:9999 unstable/main 2013-07-17-0233.52.pdiff [6503 B]
Get:83 http://localhost:9999 unstable/main 2013-07-16-2046.09.pdiff [465 B]
Get:84 http://localhost:9999 unstable/main amd64 2013-07-17-0233.52.pdiff [10.9 kB]
Get:85 http://localhost:9999 unstable/main 2013-07-17-0233.52.pdiff [6503 B]
Get:86 http://localhost:9999 unstable/main 2013-07-17-0233.52.pdiff [2433 B]
Get:87 http://localhost:9999 unstable/main amd64 2013-07-17-0233.52.pdiff [10.9 kB]
Get:88 http://localhost:9999 unstable/main 2013-07-17-0233.52.pdiff [2433 B]
Fetched 620 kB in 52s (11.9 kB/s)
Reading package lists...
Reading package lists...
Building dependency tree...
Reading state information...
The following packages will be upgraded:
  cpp-4.7 gcc-4.7 gcc-4.7-base initscripts libgcc-4.7-dev linux-libc-dev
  sysv-rc sysvinit sysvinit-utils
9 upgraded, 0 newly installed, 0 to remove and 0 not upgraded.
Need to get 15.1 MB of archives.
After this operation, 43.0 kB of additional disk space will be used.
Get:1 http://localhost:9999/debian/ unstable/main sysvinit amd64 2.88dsf-43 [134 kB]
Get:2 http://localhost:9999/debian/ unstable/main sysv-rc all 2.88dsf-43 [80.5 kB]
Get:3 http://localhost:9999/debian/ unstable/main sysvinit-utils amd64 2.88dsf-43 [103 kB]
Get:4 http://localhost:9999/debian/ unstable/main initscripts amd64 2.88dsf-43 [87.2 kB]
Get:5 http://localhost:9999/debian/ unstable/main gcc-4.7 amd64 4.7.3-6 [5819 kB]
Get:6 http://localhost:9999/debian/ unstable/main cpp-4.7 amd64 4.7.3-6 [5385 kB]
Get:7 http://localhost:9999/debian/ unstable/main libgcc-4.7-dev amd64 4.7.3-6 [2465 kB]
Get:8 http://localhost:9999/debian/ unstable/main gcc-4.7-base amd64 4.7.3-6 [149 kB]
Get:9 http://localhost:9999/debian/ unstable/main linux-libc-dev amd64 3.10.1-1 [869 kB]
debconf: delaying package configuration, since apt-utils is not installed
Fetched 15.1 MB in 0s (24.4 MB/s)
(Reading database ... 13844 files and directories currently installed.)
Preparing to replace sysvinit 2.88dsf-41 (using .../sysvinit_2.88dsf-43_amd64.deb) ...
Unpacking replacement sysvinit ...
Setting up sysvinit (2.88dsf-43) ...
Not restarting sysvinit
(Reading database ... 13844 files and directories currently installed.)
Preparing to replace sysv-rc 2.88dsf-41 (using .../sysv-rc_2.88dsf-43_all.deb) ...
Unpacking replacement sysv-rc ...
Preparing to replace sysvinit-utils 2.88dsf-41 (using .../sysvinit-utils_2.88dsf-43_amd64.deb) ...
Unpacking replacement sysvinit-utils ...
Setting up sysvinit-utils (2.88dsf-43) ...
Setting up sysv-rc (2.88dsf-43) ...
(Reading database ... 13844 files and directories currently installed.)
Preparing to replace initscripts 2.88dsf-41 (using .../initscripts_2.88dsf-43_amd64.deb) ...
Removing unmodified and obsolete conffile /etc/init.d/mtab.sh ...
Unpacking replacement initscripts ...
Setting up initscripts (2.88dsf-43) ...
Installing new version of config file /etc/init.d/bootmisc.sh ...
Installing new version of config file /etc/init.d/checkfs.sh ...
Installing new version of config file /etc/init.d/checkroot.sh ...
Installing new version of config file /etc/init.d/checkroot-bootclean.sh ...
Installing new version of config file /etc/init.d/mountdevsubfs.sh ...
Installing new version of config file /etc/init.d/mountkernfs.sh ...
Installing new version of config file /etc/init.d/rmnologin ...
Installing new version of config file /etc/network/if-up.d/mountnfs ...
(Reading database ... 13843 files and directories currently installed.)
Preparing to replace gcc-4.7 4.7.3-5 (using .../gcc-4.7_4.7.3-6_amd64.deb) ...
Unpacking replacement gcc-4.7 ...
Preparing to replace cpp-4.7 4.7.3-5 (using .../cpp-4.7_4.7.3-6_amd64.deb) ...
Unpacking replacement cpp-4.7 ...
Preparing to replace libgcc-4.7-dev:amd64 4.7.3-5 (using .../libgcc-4.7-dev_4.7.3-6_amd64.deb) ...
Unpacking replacement libgcc-4.7-dev:amd64 ...
Preparing to replace gcc-4.7-base:amd64 4.7.3-5 (using .../gcc-4.7-base_4.7.3-6_amd64.deb) ...
Unpacking replacement gcc-4.7-base:amd64 ...
Preparing to replace linux-libc-dev:amd64 3.9.8-1 (using .../linux-libc-dev_3.10.1-1_amd64.deb) ...
Unpacking replacement linux-libc-dev:amd64 ...
Setting up gcc-4.7-base:amd64 (4.7.3-6) ...
Setting up cpp-4.7 (4.7.3-6) ...
Setting up libgcc-4.7-dev:amd64 (4.7.3-6) ...
Setting up gcc-4.7 (4.7.3-6) ...
Setting up linux-libc-dev:amd64 (3.10.1-1) ...

┌──────────────────────────────────────────────────────────────────────────────┐
│ Fetch source files                                                           │
└──────────────────────────────────────────────────────────────────────────────┘


Check APT
─────────

Checking available source versions...

Download source files with APT
──────────────────────────────

Reading package lists...
Building dependency tree...
Reading state information...
Need to get 567 kB of source archives.
Get:1 http://localhost:9999/debian/ unstable/main steghide 0.5.1-9 (dsc) [627 B]
Get:2 http://localhost:9999/debian/ unstable/main steghide 0.5.1-9 (tar) [476 kB]
Get:3 http://localhost:9999/debian/ unstable/main steghide 0.5.1-9 (diff) [90.7 kB]
Fetched 567 kB in 0s (2135 kB/s)
Download complete and in download only mode

Check arch
──────────


┌──────────────────────────────────────────────────────────────────────────────┐
│ Chroot Setup Commands                                                        │
└──────────────────────────────────────────────────────────────────────────────┘


/tmp/switch-to-clang
────────────────────

+ echo 'Entering customization script...'
Entering customization script...
+ echo 'Install of clang'
Install of clang
+ apt-get update
Hit http://localhost:9999 unstable InRelease
Hit http://localhost:9999 unstable/main Sources/DiffIndex
Hit http://localhost:9999 unstable/main amd64 Packages/DiffIndex
Hit http://localhost:9999 unstable/main Translation-en/DiffIndex
Reading package lists...
+ apt-get install --yes --no-install-recommends --force-yes clang-3.3
Reading package lists...
Building dependency tree...
Reading state information...
The following extra packages will be installed:
  libclang-common-3.3-dev libclang1-3.3 libffi6 libllvm3.3 libobjc-4.7-dev
  libobjc4 libstdc++6-4.7-dev
Suggested packages:
  libstdc++6-4.7-doc
Recommended packages:
  llvm-3.3-dev python
The following NEW packages will be installed:
  clang-3.3 libclang-common-3.3-dev libclang1-3.3 libffi6 libllvm3.3
  libobjc-4.7-dev libobjc4 libstdc++6-4.7-dev
0 upgraded, 8 newly installed, 0 to remove and 0 not upgraded.
Need to get 27.2 MB of archives.
After this operation, 80.8 MB of additional disk space will be used.
Get:1 http://localhost:9999/debian/ unstable/main libffi6 amd64 3.0.13-4 [21.6 kB]
Get:2 http://localhost:9999/debian/ unstable/main libllvm3.3 amd64 1:3.3-3 [8575 kB]
Get:3 http://localhost:9999/debian/ unstable/main libobjc4 amd64 4.8.1-6 [160 kB]
Get:4 http://localhost:9999/debian/ unstable/main libstdc++6-4.7-dev amd64 4.7.3-6 [1694 kB]
Get:5 http://localhost:9999/debian/ unstable/main libobjc-4.7-dev amd64 4.7.3-6 [719 kB]
Get:6 http://localhost:9999/debian/ unstable/main libclang-common-3.3-dev amd64 1:3.3-3 [574 kB]
Get:7 http://localhost:9999/debian/ unstable/main libclang1-3.3 amd64 1:3.3-3 [4579 kB]
Get:8 http://localhost:9999/debian/ unstable/main clang-3.3 amd64 1:3.3-3 [10.9 MB]
debconf: delaying package configuration, since apt-utils is not installed
Fetched 27.2 MB in 1s (25.5 MB/s)
Selecting previously unselected package libffi6:amd64.
(Reading database ... 13846 files and directories currently installed.)
Unpacking libffi6:amd64 (from .../libffi6_3.0.13-4_amd64.deb) ...
Selecting previously unselected package libllvm3.3:amd64.
Unpacking libllvm3.3:amd64 (from .../libllvm3.3_1%3a3.3-3_amd64.deb) ...
Selecting previously unselected package libobjc4:amd64.
Unpacking libobjc4:amd64 (from .../libobjc4_4.8.1-6_amd64.deb) ...
Selecting previously unselected package libstdc++6-4.7-dev:amd64.
Unpacking libstdc++6-4.7-dev:amd64 (from .../libstdc++6-4.7-dev_4.7.3-6_amd64.deb) ...
Selecting previously unselected package libobjc-4.7-dev:amd64.
Unpacking libobjc-4.7-dev:amd64 (from .../libobjc-4.7-dev_4.7.3-6_amd64.deb) ...
Selecting previously unselected package libclang-common-3.3-dev.
Unpacking libclang-common-3.3-dev (from .../libclang-common-3.3-dev_1%3a3.3-3_amd64.deb) ...
Selecting previously unselected package libclang1-3.3.
Unpacking libclang1-3.3 (from .../libclang1-3.3_1%3a3.3-3_amd64.deb) ...
Selecting previously unselected package clang-3.3.
Unpacking clang-3.3 (from .../clang-3.3_1%3a3.3-3_amd64.deb) ...
Setting up libffi6:amd64 (3.0.13-4) ...
Setting up libllvm3.3:amd64 (1:3.3-3) ...
Setting up libobjc4:amd64 (4.8.1-6) ...
Setting up libstdc++6-4.7-dev:amd64 (4.7.3-6) ...
Setting up libobjc-4.7-dev:amd64 (4.7.3-6) ...
Setting up libclang-common-3.3-dev (1:3.3-3) ...
Setting up libclang1-3.3 (1:3.3-3) ...
Setting up clang-3.3 (1:3.3-3) ...
Processing triggers for libc-bin ...
+ echo 'Replace gcc, g++ & cpp by clang'
Replace gcc, g++ & cpp by clang
+ VERSIONS='4.6 4.7 4.8'
+ cd /usr/bin
+ for VERSION in '$VERSIONS'
+ rm -f g++-4.6 gcc-4.6 cpp-4.6
+ ln -s clang++ g++-4.6
+ ln -s clang gcc-4.6
+ ln -s clang cpp-4.6
+ for VERSION in '$VERSIONS'
+ rm -f g++-4.7 gcc-4.7 cpp-4.7
+ ln -s clang++ g++-4.7
+ ln -s clang gcc-4.7
+ ln -s clang cpp-4.7
+ for VERSION in '$VERSIONS'
+ rm -f g++-4.8 gcc-4.8 cpp-4.8
+ ln -s clang++ g++-4.8
+ ln -s clang gcc-4.8
+ ln -s clang cpp-4.8
+ cd -
/«BUILDDIR»
+ echo 'Block the installation of new gcc version'
Block the installation of new gcc version
+ dpkg --set-selections
+ echo 'gcc-4.6 hold'
+ dpkg --set-selections
+ echo 'cpp-4.6 hold'
+ dpkg --set-selections
+ echo 'g++-4.6 hold'
+ dpkg --set-selections
+ echo 'gcc-4.7 hold'
+ dpkg --set-selections
+ echo 'cpp-4.7 hold'
+ dpkg --set-selections
+ echo 'g++-4.7 hold'
+ dpkg --set-selections
+ echo 'gcc-4.8 hold'
+ dpkg --set-selections
+ echo 'cpp-4.8 hold'
+ dpkg --set-selections
+ echo 'g++-4.8 hold'
+ echo 'Check if gcc, g++ & cpp are actually clang'
Check if gcc, g++ & cpp are actually clang
+ grep clang
+ gcc --version
+ grep clang
+ cpp --version
+ grep clang
+ g++ --version

I: Finished running '/tmp/switch-to-clang'.

Finished processing commands.
────────────────────────────────────────────────────────────────────────────────
Merged Build-Depends: build-essential, fakeroot
Filtered Build-Depends: build-essential, fakeroot
dpkg-deb: building package `sbuild-build-depends-core-dummy' in `/«BUILDDIR»/resolver-xJTT_X/apt_archive/sbuild-build-depends-core-dummy.deb'.
OK
Reading package lists...

┌──────────────────────────────────────────────────────────────────────────────┐
│ Install core build dependencies (apt-based resolver)                         │
└──────────────────────────────────────────────────────────────────────────────┘

Installing build dependencies
Reading package lists...
Building dependency tree...
Reading state information...
The following NEW packages will be installed:
  sbuild-build-depends-core-dummy
debconf: delaying package configuration, since apt-utils is not installed
0 upgraded, 1 newly installed, 0 to remove and 0 not upgraded.
Need to get 0 B/710 B of archives.
After this operation, 0 B of additional disk space will be used.
Selecting previously unselected package sbuild-build-depends-core-dummy.
(Reading database ... 14701 files and directories currently installed.)
Unpacking sbuild-build-depends-core-dummy (from .../sbuild-build-depends-core-dummy.deb) ...
Setting up sbuild-build-depends-core-dummy (0.invalid.0) ...
Merged Build-Depends: base-files, base-passwd, bash, bsdutils, coreutils, dash, debianutils, diffutils, dpkg, e2fsprogs, findutils, grep, gzip, hostname, libc-bin, login, mount, ncurses-base, ncurses-bin, perl-base, sed, sysvinit, sysvinit-utils, tar, util-linux, libc6-dev | libc-dev, gcc (>= 4:4.4.3), g++ (>= 4:4.4.3), make, dpkg-dev (>= 1.13.5), debhelper (>= 4.0.0), libmcrypt-dev, libmhash-dev, zlib1g-dev, libtool, libjpeg-dev
Filtered Build-Depends: base-files, base-passwd, bash, bsdutils, coreutils, dash, debianutils, diffutils, dpkg, e2fsprogs, findutils, grep, gzip, hostname, libc-bin, login, mount, ncurses-base, ncurses-bin, perl-base, sed, sysvinit, sysvinit-utils, tar, util-linux, libc6-dev, gcc (>= 4:4.4.3), g++ (>= 4:4.4.3), make, dpkg-dev (>= 1.13.5), debhelper (>= 4.0.0), libmcrypt-dev, libmhash-dev, zlib1g-dev, libtool, libjpeg-dev
dpkg-deb: building package `sbuild-build-depends-steghide-dummy' in `/«BUILDDIR»/resolver-ZELfNE/apt_archive/sbuild-build-depends-steghide-dummy.deb'.
OK
Reading package lists...

┌──────────────────────────────────────────────────────────────────────────────┐
│ Install steghide build dependencies (apt-based resolver)                     │
└──────────────────────────────────────────────────────────────────────────────┘

Installing build dependencies
Reading package lists...
Building dependency tree...
Reading state information...
The following extra packages will be installed:
  autotools-dev bsdmainutils debhelper file gettext gettext-base groff-base
  intltool-debian libasprintf0c2 libcroco3 libglib2.0-0 libjpeg8 libjpeg8-dev
  libmagic1 libmcrypt-dev libmcrypt4 libmhash-dev libmhash2 libpipeline1
  libtool libunistring0 libxml2 man-db po-debconf zlib1g-dev
Suggested packages:
  wamerican wordlist whois vacation dh-make gettext-doc groff mcrypt
  libtool-doc autoconf automaken gfortran fortran95-compiler gcj less
  www-browser libmail-box-perl
Recommended packages:
  curl wget lynx-cur autopoint libasprintf-dev libgettextpo-dev
  libglib2.0-data shared-mime-info libltdl-dev xml-core libmail-sendmail-perl
The following NEW packages will be installed:
  autotools-dev bsdmainutils debhelper file gettext gettext-base groff-base
  intltool-debian libasprintf0c2 libcroco3 libglib2.0-0 libjpeg8 libjpeg8-dev
  libmagic1 libmcrypt-dev libmcrypt4 libmhash-dev libmhash2 libpipeline1
  libtool libunistring0 libxml2 man-db po-debconf
  sbuild-build-depends-steghide-dummy zlib1g-dev
0 upgraded, 26 newly installed, 0 to remove and 0 not upgraded.
Need to get 10.5 MB/10.5 MB of archives.
After this operation, 28.9 MB of additional disk space will be used.
Get:1 http://localhost:9999/debian/ unstable/main libpipeline1 amd64 1.2.4-1 [41.0 kB]
Get:2 http://localhost:9999/debian/ unstable/main groff-base amd64 1.22.2-3 [747 kB]
Get:3 http://localhost:9999/debian/ unstable/main bsdmainutils amd64 9.0.5 [211 kB]
Get:4 http://localhost:9999/debian/ unstable/main man-db amd64 2.6.5-2 [976 kB]
Get:5 http://localhost:9999/debian/ unstable/main libasprintf0c2 amd64 0.18.3-1 [29.6 kB]
Get:6 http://localhost:9999/debian/ unstable/main libmagic1 amd64 1:5.14-2 [216 kB]
Get:7 http://localhost:9999/debian/ unstable/main libxml2 amd64 2.9.1+dfsg1-2 [911 kB]
Get:8 http://localhost:9999/debian/ unstable/main libglib2.0-0 amd64 2.36.3-3 [2048 kB]
Get:9 http://localhost:9999/debian/ unstable/main libcroco3 amd64 0.6.8-2 [133 kB]
Get:10 http://localhost:9999/debian/ unstable/main libjpeg8 amd64 8d-1 [134 kB]
Get:11 http://localhost:9999/debian/ unstable/main libmhash2 amd64 0.9.9.9-2 [106 kB]
Get:12 http://localhost:9999/debian/ unstable/main libunistring0 amd64 0.9.3-5 [434 kB]
Get:13 http://localhost:9999/debian/ unstable/main file amd64 1:5.14-2 [54.0 kB]
Get:14 http://localhost:9999/debian/ unstable/main gettext-base amd64 0.18.3-1 [161 kB]
Get:15 http://localhost:9999/debian/ unstable/main autotools-dev all 20130515.1 [73.0 kB]
Get:16 http://localhost:9999/debian/ unstable/main gettext amd64 0.18.3-1 [1898 kB]
Get:17 http://localhost:9999/debian/ unstable/main intltool-debian all 0.35.0+20060710.1 [30.8 kB]
Get:18 http://localhost:9999/debian/ unstable/main po-debconf all 1.0.16+nmu2 [224 kB]
Get:19 http://localhost:9999/debian/ unstable/main debhelper all 9.20130630 [710 kB]
Get:20 http://localhost:9999/debian/ unstable/main libjpeg8-dev amd64 8d-1 [242 kB]
Get:21 http://localhost:9999/debian/ unstable/main libmcrypt4 amd64 2.5.8-3.1 [83.2 kB]
Get:22 http://localhost:9999/debian/ unstable/main libmcrypt-dev amd64 2.5.8-3.1 [125 kB]
Get:23 http://localhost:9999/debian/ unstable/main libmhash-dev amd64 0.9.9.9-2 [123 kB]
Get:24 http://localhost:9999/debian/ unstable/main libtool amd64 2.4.2-1.3 [619 kB]
Get:25 http://localhost:9999/debian/ unstable/main zlib1g-dev amd64 1:1.2.8.dfsg-1 [217 kB]
debconf: delaying package configuration, since apt-utils is not installed
Fetched 10.5 MB in 0s (17.3 MB/s)
Selecting previously unselected package libpipeline1:amd64.
(Reading database ... 14701 files and directories currently installed.)
Unpacking libpipeline1:amd64 (from .../libpipeline1_1.2.4-1_amd64.deb) ...
Selecting previously unselected package groff-base.
Unpacking groff-base (from .../groff-base_1.22.2-3_amd64.deb) ...
Selecting previously unselected package bsdmainutils.
Unpacking bsdmainutils (from .../bsdmainutils_9.0.5_amd64.deb) ...
Selecting previously unselected package man-db.
Unpacking man-db (from .../man-db_2.6.5-2_amd64.deb) ...
Selecting previously unselected package libasprintf0c2:amd64.
Unpacking libasprintf0c2:amd64 (from .../libasprintf0c2_0.18.3-1_amd64.deb) ...
Selecting previously unselected package libmagic1:amd64.
Unpacking libmagic1:amd64 (from .../libmagic1_1%3a5.14-2_amd64.deb) ...
Selecting previously unselected package libxml2:amd64.
Unpacking libxml2:amd64 (from .../libxml2_2.9.1+dfsg1-2_amd64.deb) ...
Selecting previously unselected package libglib2.0-0:amd64.
Unpacking libglib2.0-0:amd64 (from .../libglib2.0-0_2.36.3-3_amd64.deb) ...
Selecting previously unselected package libcroco3:amd64.
Unpacking libcroco3:amd64 (from .../libcroco3_0.6.8-2_amd64.deb) ...
Selecting previously unselected package libjpeg8:amd64.
Unpacking libjpeg8:amd64 (from .../libjpeg8_8d-1_amd64.deb) ...
Selecting previously unselected package libmhash2.
Unpacking libmhash2 (from .../libmhash2_0.9.9.9-2_amd64.deb) ...
Selecting previously unselected package libunistring0:amd64.
Unpacking libunistring0:amd64 (from .../libunistring0_0.9.3-5_amd64.deb) ...
Selecting previously unselected package file.
Unpacking file (from .../file_1%3a5.14-2_amd64.deb) ...
Selecting previously unselected package gettext-base.
Unpacking gettext-base (from .../gettext-base_0.18.3-1_amd64.deb) ...
Selecting previously unselected package autotools-dev.
Unpacking autotools-dev (from .../autotools-dev_20130515.1_all.deb) ...
Selecting previously unselected package gettext.
Unpacking gettext (from .../gettext_0.18.3-1_amd64.deb) ...
Selecting previously unselected package intltool-debian.
Unpacking intltool-debian (from .../intltool-debian_0.35.0+20060710.1_all.deb) ...
Selecting previously unselected package po-debconf.
Unpacking po-debconf (from .../po-debconf_1.0.16+nmu2_all.deb) ...
Selecting previously unselected package debhelper.
Unpacking debhelper (from .../debhelper_9.20130630_all.deb) ...
Selecting previously unselected package libjpeg8-dev:amd64.
Unpacking libjpeg8-dev:amd64 (from .../libjpeg8-dev_8d-1_amd64.deb) ...
Selecting previously unselected package libmcrypt4.
Unpacking libmcrypt4 (from .../libmcrypt4_2.5.8-3.1_amd64.deb) ...
Selecting previously unselected package libmcrypt-dev.
Unpacking libmcrypt-dev (from .../libmcrypt-dev_2.5.8-3.1_amd64.deb) ...
Selecting previously unselected package libmhash-dev.
Unpacking libmhash-dev (from .../libmhash-dev_0.9.9.9-2_amd64.deb) ...
Selecting previously unselected package libtool.
Unpacking libtool (from .../libtool_2.4.2-1.3_amd64.deb) ...
Selecting previously unselected package zlib1g-dev:amd64.
Unpacking zlib1g-dev:amd64 (from .../zlib1g-dev_1%3a1.2.8.dfsg-1_amd64.deb) ...
Selecting previously unselected package sbuild-build-depends-steghide-dummy.
Unpacking sbuild-build-depends-steghide-dummy (from .../sbuild-build-depends-steghide-dummy.deb) ...
Setting up libpipeline1:amd64 (1.2.4-1) ...
Setting up groff-base (1.22.2-3) ...
Setting up bsdmainutils (9.0.5) ...
update-alternatives: using /usr/bin/bsd-write to provide /usr/bin/write (write) in auto mode
update-alternatives: using /usr/bin/bsd-from to provide /usr/bin/from (from) in auto mode
Setting up man-db (2.6.5-2) ...
Not building database; man-db/auto-update is not 'true'.
Setting up libasprintf0c2:amd64 (0.18.3-1) ...
Setting up libmagic1:amd64 (1:5.14-2) ...
Setting up libxml2:amd64 (2.9.1+dfsg1-2) ...
Setting up libglib2.0-0:amd64 (2.36.3-3) ...
No schema files found: doing nothing.
Setting up libcroco3:amd64 (0.6.8-2) ...
Setting up libjpeg8:amd64 (8d-1) ...
Setting up libmhash2 (0.9.9.9-2) ...
Setting up libunistring0:amd64 (0.9.3-5) ...
Setting up file (1:5.14-2) ...
Setting up gettext-base (0.18.3-1) ...
Setting up autotools-dev (20130515.1) ...
Setting up gettext (0.18.3-1) ...
Setting up intltool-debian (0.35.0+20060710.1) ...
Setting up po-debconf (1.0.16+nmu2) ...
Setting up debhelper (9.20130630) ...
Setting up libjpeg8-dev:amd64 (8d-1) ...
Setting up libmcrypt4 (2.5.8-3.1) ...
Setting up libmcrypt-dev (2.5.8-3.1) ...
Setting up libmhash-dev (0.9.9.9-2) ...
Setting up libtool (2.4.2-1.3) ...
Setting up zlib1g-dev:amd64 (1:1.2.8.dfsg-1) ...
Setting up sbuild-build-depends-steghide-dummy (0.invalid.0) ...
Processing triggers for libc-bin ...

┌──────────────────────────────────────────────────────────────────────────────┐
│ Build environment                                                            │
└──────────────────────────────────────────────────────────────────────────────┘

Kernel: Linux 2.6.32-5-xen-amd64 amd64 (x86_64)
Toolchain package versions: binutils_2.23.52.20130620-1 dpkg-dev_1.16.10 g++-4.6_4.6.4-4 g++-4.8_4.8.1-6 gcc-4.6_4.6.4-4 gcc-4.7_4.7.3-6 gcc-4.8_4.8.1-6 libc6-dev_2.17-7 libstdc++-4.8-dev_4.8.1-6 libstdc++6_4.8.1-6 libstdc++6-4.6-dev_4.6.4-4 libstdc++6-4.7-dev_4.7.3-6 linux-libc-dev_3.10.1-1
Package versions: apt_0.9.9.1 autotools-dev_20130515.1 base-files_7.2 base-passwd_3.5.26 bash_4.2+dfsg-1 binutils_2.23.52.20130620-1 bsdmainutils_9.0.5 bsdutils_1:2.20.1-5.5 build-essential_11.6 bzip2_1.0.6-4 clang-3.3_1:3.3-3 coreutils_8.20-3 cpp_4:4.8.1-2 cpp-4.6_4.6.4-4 cpp-4.7_4.7.3-6 cpp-4.8_4.8.1-6 dash_0.5.7-3 debconf_1.5.50 debconf-i18n_1.5.50 debfoster_2.7-1.2 debhelper_9.20130630 debian-archive-keyring_2012.4 debianutils_4.3.4 diffutils_1:3.2-8 dpkg_1.16.10 dpkg-dev_1.16.10 e2fslibs_1.42.8-1 e2fsprogs_1.42.8-1 fakeroot_1.19-2 file_1:5.14-2 findutils_4.4.2-6 g++_4:4.8.1-2 g++-4.6_4.6.4-4 g++-4.8_4.8.1-6 gcc_4:4.8.1-2 gcc-4.4-base_4.4.7-4 gcc-4.5-base_4.5.4-1 gcc-4.6_4.6.4-4 gcc-4.6-base_4.6.4-4 gcc-4.7_4.7.3-6 gcc-4.7-base_4.7.3-6 gcc-4.8_4.8.1-6 gcc-4.8-base_4.8.1-6 gettext_0.18.3-1 gettext-base_0.18.3-1 gnupg_1.4.12-7 gpgv_1.4.12-7 grep_2.14-2 groff-base_1.22.2-3 gzip_1.6-1 hostname_3.13 initscripts_2.88dsf-43 insserv_1.14.0-5 intltool-debian_0.35.0+20060710.1 libacl1_2.2.52-1 libapt-pkg4.12_0.9.9.1 libasan0_4.8.1-6 libasprintf0c2_0.18.3-1 libatomic1_4.8.1-6 libattr1_1:2.4.47-1 libblkid1_2.20.1-5.5 libbz2-1.0_1.0.6-4 libc-bin_2.17-7 libc-dev-bin_2.17-7 libc6_2.17-7 libc6-dev_2.17-7 libcap2_1:2.22-1.2 libclang-common-3.3-dev_1:3.3-3 libclang1-3.3_1:3.3-3 libclass-isa-perl_0.36-5 libcloog-isl4_0.18.0-2 libcloog-ppl1_0.16.1-3 libcomerr2_1.42.8-1 libcroco3_0.6.8-2 libdb5.1_5.1.29-6 libdpkg-perl_1.16.10 libffi6_3.0.13-4 libfile-fcntllock-perl_0.14-2 libgc1c2_1:7.2d-5 libgcc-4.7-dev_4.7.3-6 libgcc-4.8-dev_4.8.1-6 libgcc1_1:4.8.1-6 libgdbm3_1.8.3-12 libglib2.0-0_2.36.3-3 libgmp10_2:5.1.2+dfsg-2 libgmpxx4ldbl_2:5.1.2+dfsg-2 libgomp1_4.8.1-6 libgpm2_1.20.4-6.1 libisl10_0.11.2-1 libitm1_4.8.1-6 libjpeg8_8d-1 libjpeg8-dev_8d-1 libllvm3.3_1:3.3-3 liblocale-gettext-perl_1.05-7+b1 liblzma5_5.1.1alpha+20120614-2 libmagic1_1:5.14-2 libmcrypt-dev_2.5.8-3.1 libmcrypt4_2.5.8-3.1 libmhash-dev_0.9.9.9-2 libmhash2_0.9.9.9-2 libmount1_2.20.1-5.5 libmpc2_0.9-4 libmpc3_1.0.1-1 libmpfr4_3.1.1-1 libncurses5_5.9+20130608-1 libobjc-4.7-dev_4.7.3-6 libobjc4_4.8.1-6 libpam-modules_1.1.3-9 libpam-modules-bin_1.1.3-9 libpam-runtime_1.1.3-9 libpam0g_1.1.3-9 libpcre3_1:8.31-2 libpipeline1_1.2.4-1 libppl-c4_1:1.0-7 libppl12_1:1.0-7 libquadmath0_4.8.1-6 libreadline6_6.2+dfsg-0.1 libselinux1_2.1.13-2 libsemanage-common_2.1.10-2 libsemanage1_2.1.10-2 libsepol1_2.1.9-2 libslang2_2.2.4-15 libss2_1.42.8-1 libstdc++-4.8-dev_4.8.1-6 libstdc++6_4.8.1-6 libstdc++6-4.6-dev_4.6.4-4 libstdc++6-4.7-dev_4.7.3-6 libswitch-perl_2.16-2 libtext-charwidth-perl_0.04-7+b1 libtext-iconv-perl_1.7-5 libtext-wrapi18n-perl_0.06-7 libtimedate-perl_1.2000-1 libtinfo5_5.9+20130608-1 libtool_2.4.2-1.3 libtsan0_4.8.1-6 libunistring0_0.9.3-5 libusb-0.1-4_2:0.1.12-23.2 libustr-1.0-1_1.0.4-3 libuuid1_2.20.1-5.5 libxml2_2.9.1+dfsg1-2 linux-libc-dev_3.10.1-1 login_1:4.1.5.1-1 lsb-base_4.1+Debian12 make_3.81-8.2 man-db_2.6.5-2 mawk_1.3.3-17 mount_2.20.1-5.5 multiarch-support_2.17-7 ncurses-base_5.9+20130608-1 ncurses-bin_5.9+20130608-1 passwd_1:4.1.5.1-1 patch_2.7.1-3 perl_5.14.2-21 perl-base_5.14.2-21 perl-modules_5.14.2-21 po-debconf_1.0.16+nmu2 readline-common_6.2+dfsg-0.1 sbuild-build-depends-core-dummy_0.invalid.0 sbuild-build-depends-steghide-dummy_0.invalid.0 sed_4.2.2-1 sensible-utils_0.0.9 sudo_1.8.5p2-1+nmu1 sysv-rc_2.88dsf-43 sysvinit_2.88dsf-43 sysvinit-utils_2.88dsf-43 tar_1.26+dfsg-6 tzdata_2013c-2 ucf_3.0027+nmu1 util-linux_2.20.1-5.5 vim_2:7.3.923-3 vim-common_2:7.3.923-3 vim-runtime_2:7.3.923-3 xz-utils_5.1.1alpha+20120614-2 zlib1g_1:1.2.8.dfsg-1 zlib1g-dev_1:1.2.8.dfsg-1

┌──────────────────────────────────────────────────────────────────────────────┐
│ Build                                                                        │
└──────────────────────────────────────────────────────────────────────────────┘


Unpack source
─────────────

gpgv: keyblock resource `/sbuild-nonexistent/.gnupg/trustedkeys.gpg': file open error
gpgv: Signature made Mon Mar 17 06:45:54 2008 UTC using DSA key ID 0FE53DD9
gpgv: Can't check signature: public key not found
dpkg-source: warning: failed to verify signature on ./steghide_0.5.1-9.dsc
dpkg-source: info: extracting steghide in steghide-0.5.1
dpkg-source: info: unpacking steghide_0.5.1.orig.tar.gz
dpkg-source: info: applying steghide_0.5.1-9.diff.gz
dpkg-source: info: upstream files that have been modified: 
 steghide-0.5.1/Makefile
 steghide-0.5.1/Makefile.in
 steghide-0.5.1/config.guess
 steghide-0.5.1/config.h
 steghide-0.5.1/config.sub
 steghide-0.5.1/doc/Makefile
 steghide-0.5.1/doc/Makefile.in
 steghide-0.5.1/intl/Makefile
 steghide-0.5.1/m4/Makefile
 steghide-0.5.1/po/Makefile
 steghide-0.5.1/po/Makefile.in
 steghide-0.5.1/po/POTFILES
 steghide-0.5.1/po/de.po
 steghide-0.5.1/src/.deps/Arg.Po
 steghide-0.5.1/src/.deps/Arguments.Po
 steghide-0.5.1/src/.deps/AssertionFailed.Po
 steghide-0.5.1/src/.deps/AuFile.Po
 steghide-0.5.1/src/.deps/AuSampleValues.Po
 steghide-0.5.1/src/.deps/BFSAPHeuristic.Po
 steghide-0.5.1/src/.deps/BinaryIO.Po
 steghide-0.5.1/src/.deps/BitString.Po
 steghide-0.5.1/src/.deps/BmpFile.Po
 steghide-0.5.1/src/.deps/BmpPaletteSampleValue.Po
 steghide-0.5.1/src/.deps/BmpRGBSampleValue.Po
 steghide-0.5.1/src/.deps/BmpSampleValue.Po
 steghide-0.5.1/src/.deps/CvrStgFile.Po
 steghide-0.5.1/src/.deps/DFSAPHeuristic.Po
 steghide-0.5.1/src/.deps/DMDConstructionHeuristic.Po
 steghide-0.5.1/src/.deps/Edge.Po
 steghide-0.5.1/src/.deps/EdgeIterator.Po
 steghide-0.5.1/src/.deps/EmbData.Po
 steghide-0.5.1/src/.deps/Embedder.Po
 steghide-0.5.1/src/.deps/EncryptionAlgorithm.Po
 steghide-0.5.1/src/.deps/EncryptionMode.Po
 steghide-0.5.1/src/.deps/Extractor.Po
 steghide-0.5.1/src/.deps/Graph.Po
 steghide-0.5.1/src/.deps/JpegFile.Po
 steghide-0.5.1/src/.deps/JpegSampleValue.Po
 steghide-0.5.1/src/.deps/MCryptPP.Po
 steghide-0.5.1/src/.deps/MHashKeyGen.Po
 steghide-0.5.1/src/.deps/MHashPP.Po
 steghide-0.5.1/src/.deps/Matching.Po
 steghide-0.5.1/src/.deps/MatchingAlgorithm.Po
 steghide-0.5.1/src/.deps/ProgressOutput.Po
 steghide-0.5.1/src/.deps/PseudoRandomSource.Po
 steghide-0.5.1/src/.deps/RGBTriple.Po
 steghide-0.5.1/src/.deps/RandomSource.Po
 steghide-0.5.1/src/.deps/SMDConstructionHeuristic.Po
 steghide-0.5.1/src/.deps/SampleValue.Po
 steghide-0.5.1/src/.deps/SampleValueAdjacencyList.Po
 steghide-0.5.1/src/.deps/Selector.Po
 steghide-0.5.1/src/.deps/Session.Po
 steghide-0.5.1/src/.deps/SteghideError.Po
 steghide-0.5.1/src/.deps/Terminal.Po
 steghide-0.5.1/src/.deps/Utils.Po
 steghide-0.5.1/src/.deps/Vertex.Po
 steghide-0.5.1/src/.deps/WKSConstructionHeuristic.Po
 steghide-0.5.1/src/.deps/WavChunk.Po
 steghide-0.5.1/src/.deps/WavChunkHeader.Po
 steghide-0.5.1/src/.deps/WavChunkUnused.Po
 steghide-0.5.1/src/.deps/WavFile.Po
 steghide-0.5.1/src/.deps/WavFormatChunk.Po
 steghide-0.5.1/src/.deps/WavPCMSampleValue.Po
 steghide-0.5.1/src/.deps/error.Po
 steghide-0.5.1/src/.deps/main.Po
 steghide-0.5.1/src/.deps/msg.Po
 steghide-0.5.1/src/Arguments.cc
 steghide-0.5.1/src/Arguments.h
 steghide-0.5.1/src/AuData.h
 steghide-0.5.1/src/AuSampleValues.cc
 steghide-0.5.1/src/EmbData.cc
 steghide-0.5.1/src/Graph.cc
 steghide-0.5.1/src/MHashPP.cc
 steghide-0.5.1/src/Makefile
 steghide-0.5.1/src/Makefile.in
 steghide-0.5.1/src/ProgressOutput.cc
 steghide-0.5.1/src/ProgressOutput.h
 steghide-0.5.1/src/wrapper_hash_map.h
 steghide-0.5.1/src/wrapper_hash_set.h
 steghide-0.5.1/stamp-h1
 steghide-0.5.1/steghide.doxygen
 steghide-0.5.1/steghide.spec
 steghide-0.5.1/tests/.deps/AUtilsTest.Po
 steghide-0.5.1/tests/.deps/AuFileTest.Po
 steghide-0.5.1/tests/.deps/AudioSampleValueTest.Po
 steghide-0.5.1/tests/.deps/BFSAPHeuristicTest.Po
 steghide-0.5.1/tests/.deps/BitStringTest.Po
 steghide-0.5.1/tests/.deps/BmpFileTest.Po
 steghide-0.5.1/tests/.deps/BmpOS2FileTest.Po
 steghide-0.5.1/tests/.deps/BmpPaletteSampleValueTest.Po
 steghide-0.5.1/tests/.deps/BmpRGBSampleValueTest.Po
 steghide-0.5.1/tests/.deps/BmpWinFileTest.Po
 steghide-0.5.1/tests/.deps/CvrStgFileTest.Po
 steghide-0.5.1/tests/.deps/DFSAPHeuristicTest.Po
 steghide-0.5.1/tests/.deps/DummyFile.Po
 steghide-0.5.1/tests/.deps/DummySampleValue.Po
 steghide-0.5.1/tests/.deps/EdgeIteratorTest.Po
 steghide-0.5.1/tests/.deps/EmbDataTest.Po
 steghide-0.5.1/tests/.deps/GraphTest.Po
 steghide-0.5.1/tests/.deps/JpegFileTest.Po
 steghide-0.5.1/tests/.deps/JpegSampleValueTest.Po
 steghide-0.5.1/tests/.deps/MCryptPPTest.Po
 steghide-0.5.1/tests/.deps/MHashKeyGenTest.Po
 steghide-0.5.1/tests/.deps/MHashPPTest.Po
 steghide-0.5.1/tests/.deps/MatchingTest.Po
 steghide-0.5.1/tests/.deps/SampleValueAdjacencyListTest.Po
 steghide-0.5.1/tests/.deps/SampleValueTest.Po
 steghide-0.5.1/tests/.deps/SelectorTest.Po
 steghide-0.5.1/tests/.deps/TestSuite.Po
 steghide-0.5.1/tests/.deps/UnitTest.Po
 steghide-0.5.1/tests/.deps/WKSConstructionHeuristicTest.Po
 steghide-0.5.1/tests/.deps/WavFileTest.Po
 steghide-0.5.1/tests/.deps/WavPCMSampleValueTest.Po
 steghide-0.5.1/tests/.deps/main.Po
 steghide-0.5.1/tests/Makefile
 steghide-0.5.1/tests/data/Makefile

Check disc space
────────────────

Sufficient free space for build

Hack binNMU version
───────────────────

Created changelog entry for binNMU version 0.5.1-9clang1

User Environment
────────────────

HOME=/sbuild-nonexistent
LOGNAME=user
PATH=/usr/local/sbin:/usr/local/bin:/usr/sbin:/usr/bin:/sbin:/bin:/usr/games
SCHROOT_ALIAS_NAME=unstable-amd64-sbuild
SCHROOT_CHROOT_NAME=unstable-amd64-sbuild
SCHROOT_COMMAND=env
SCHROOT_GID=1000
SCHROOT_GROUP=user
SCHROOT_SESSION_ID=unstable-amd64-sbuild-8b4fa03a-f81c-4a2d-89a4-36a1f6749363
SCHROOT_UID=1000
SCHROOT_USER=user
SHELL=/bin/sh
USER=user

dpkg-buildpackage
─────────────────

dpkg-buildpackage: source package steghide
dpkg-buildpackage: source version 0.5.1-9clang1
 dpkg-source --before-build steghide-0.5.1
dpkg-buildpackage: host architecture amd64
 fakeroot debian/rules clean
dh_testdir
dh_testroot
rm -f build-stamp configure-stamp
rm config.status config.cache config.log
rm: cannot remove 'config.status': No such file or directory
rm: cannot remove 'config.cache': No such file or directory
rm: cannot remove 'config.log': No such file or directory
make: [clean] Error 1 (ignored)
/usr/bin/make distclean
make[1]: Entering directory `/«PKGBUILDDIR»'
/bin/sh ./config.status --recheck
/bin/sh: 0: Can't open ./config.status
make[1]: *** [config.status] Error 127
make[1]: Leaving directory `/«PKGBUILDDIR»'
make: [clean] Error 2 (ignored)
/usr/bin/make clean
make[1]: Entering directory `/«PKGBUILDDIR»'
/bin/sh ./config.status --recheck
/bin/sh: 0: Can't open ./config.status
make[1]: *** [config.status] Error 127
make[1]: Leaving directory `/«PKGBUILDDIR»'
make: [clean] Error 2 (ignored)
rm po/*.gmo
rm: cannot remove 'po/*.gmo': No such file or directory
make: [clean] Error 1 (ignored)
rm src/*.o src/steghide
rm: cannot remove 'src/*.o': No such file or directory
rm: cannot remove 'src/steghide': No such file or directory
make: [clean] Error 1 (ignored)
dh_clean
dh_clean: No compatibility level specified in debian/compat
dh_clean: This package will soon FTBFS; time to fix it!
dh_clean: Compatibility levels before 5 are deprecated (level 4 in use)
dpkg-buildpackage: warning: debian/rules must be updated to support the 'build-arch' and 'build-indep' targets (at least 'build-arch' seems to be missing)
 debian/rules build
dh_testdir
./configure --prefix=/usr --mandir=\${prefix}/share/man --infodir=\${prefix}/share/info
checking build system type... x86_64-unknown-linux-gnu
checking host system type... x86_64-unknown-linux-gnu
checking target system type... x86_64-unknown-linux-gnu
checking for a BSD-compatible install... /usr/bin/install -c
checking whether build environment is sane... yes
checking for gawk... no
checking for mawk... mawk
checking whether make sets $(MAKE)... yes
checking for g++... g++
checking for C++ compiler default output... a.out
checking whether the C++ compiler works... yes
checking whether we are cross compiling... no
checking for suffix of executables... 
checking for suffix of object files... o
checking whether we are using the GNU C++ compiler... yes
checking whether g++ accepts -g... yes
checking for style of include used by make... GNU
checking dependency style of g++... gcc3
checking for a BSD-compatible install... /usr/bin/install -c
checking for gawk... (cached) mawk
checking whether ln -s works... yes
checking for gcc... gcc
checking whether we are using the GNU C compiler... yes
checking whether gcc accepts -g... yes
checking for gcc option to accept ANSI C... none needed
checking dependency style of gcc... gcc3
checking for strchr... yes
checking for msgfmt... /usr/bin/msgfmt
checking for gmsgfmt... /usr/bin/msgfmt
checking for xgettext... /usr/bin/xgettext
checking for msgmerge... /usr/bin/msgmerge
checking for ranlib... ranlib
checking for strerror in -lcposix... no
checking how to run the C preprocessor... gcc -E
checking for egrep... grep -E
checking for ANSI C header files... yes
checking for an ANSI C-conforming const... yes
checking for inline... inline
checking for sys/types.h... yes
checking for sys/stat.h... yes
checking for stdlib.h... yes
checking for string.h... yes
checking for memory.h... yes
checking for strings.h... yes
checking for inttypes.h... yes
checking for stdint.h... yes
checking for unistd.h... yes
checking for off_t... yes
checking for size_t... yes
checking for working alloca.h... yes
checking for alloca... yes
checking for stdlib.h... (cached) yes
checking for unistd.h... (cached) yes
checking for getpagesize... yes
checking for working mmap... yes
checking whether we are using the GNU C Library 2.1 or newer... yes
checking whether integer division by zero raises SIGFPE... yes
checking for inttypes.h... yes
checking for stdint.h... yes
checking for unsigned long long... yes
checking for inttypes.h... yes
checking whether the inttypes.h PRIxNN macros are broken... no
checking for ld used by GCC... /usr/bin/ld
checking if the linker (/usr/bin/ld) is GNU ld... yes
checking for shared library run path origin... done
checking argz.h usability... yes
checking argz.h presence... yes
checking for argz.h... yes
checking limits.h usability... yes
checking limits.h presence... yes
checking for limits.h... yes
checking locale.h usability... yes
checking locale.h presence... yes
checking for locale.h... yes
checking nl_types.h usability... yes
checking nl_types.h presence... yes
checking for nl_types.h... yes
checking malloc.h usability... yes
checking malloc.h presence... yes
checking for malloc.h... yes
checking stddef.h usability... yes
checking stddef.h presence... yes
checking for stddef.h... yes
checking for stdlib.h... (cached) yes
checking for string.h... (cached) yes
checking for unistd.h... (cached) yes
checking sys/param.h usability... yes
checking sys/param.h presence... yes
checking for sys/param.h... yes
checking for feof_unlocked... yes
checking for fgets_unlocked... yes
checking for getc_unlocked... yes
checking for getcwd... yes
checking for getegid... yes
checking for geteuid... yes
checking for getgid... yes
checking for getuid... yes
checking for mempcpy... yes
checking for munmap... yes
checking for putenv... yes
checking for setenv... yes
checking for setlocale... yes
checking for stpcpy... yes
checking for strcasecmp... yes
checking for strdup... yes
checking for strtoul... yes
checking for tsearch... yes
checking for __argz_count... yes
checking for __argz_stringify... yes
checking for __argz_next... yes
checking for iconv... yes
checking for iconv declaration... 
         extern size_t iconv (iconv_t cd, char * *inbuf, size_t *inbytesleft, char * *outbuf, size_t *outbytesleft);
checking for nl_langinfo and CODESET... yes
checking for LC_MESSAGES... yes
checking for bison... no
checking whether NLS is requested... yes
checking whether included gettext is requested... no
checking for GNU gettext in libc... yes
checking wether to enable debugging... no
checking wether to disable randomness... no
checking for ANSI C header files... (cached) yes
checking for sys/wait.h that is POSIX.1 compatible... yes
checking for limits.h... (cached) yes
checking termios.h usability... yes
checking termios.h presence... yes
checking for termios.h... yes
checking for an ANSI C-conforming const... (cached) yes
checking for size_t... (cached) yes
checking for unsigned long int... yes
checking size of unsigned long int... 8
checking for long int... yes
checking size of long int... 8
checking for unsigned int... yes
checking size of unsigned int... 4
checking for int... yes
checking size of int... 4
checking for unsigned short int... yes
checking size of unsigned short int... 2
checking for short int... yes
checking size of short int... 2
checking for unsigned char... yes
checking size of unsigned char... 1
checking for signed char... yes
checking size of signed char... 1
checking for doxygen... no
checking for perl... yes
checking for /dev/urandom... yes
checking for /dev/random... yes
checking for vprintf... yes
checking for _doprnt... no
checking for tcgetattr... yes
checking for tcsetattr... yes
checking for strtoul... (cached) yes
checking for zlibVersion in -lz... yes
checking zlib.h usability... yes
checking zlib.h presence... yes
checking for zlib.h... yes
checking for mhash_init in -lmhash... yes
checking mhash.h usability... yes
checking mhash.h presence... yes
checking for mhash.h... yes
checking for mcrypt_generic in -lmcrypt... yes
checking mcrypt.h usability... yes
checking mcrypt.h presence... yes
checking for mcrypt.h... yes
checking for jpeg_read_coefficients in -ljpeg... yes
checking jpeglib.h usability... yes
checking jpeglib.h presence... yes
checking for jpeglib.h... yes
configure: creating ./config.status
config.status: creating Makefile
config.status: creating steghide.spec
config.status: creating steghide.doxygen
config.status: creating doc/Makefile
config.status: creating po/Makefile.in
config.status: creating src/Makefile
config.status: creating tests/Makefile
config.status: creating tests/data/Makefile
config.status: creating m4/Makefile
config.status: creating intl/Makefile
config.status: creating config.h
config.status: executing depfiles commands
config.status: executing default-1 commands
config.status: creating po/POTFILES
config.status: creating po/Makefile
touch configure-stamp
dh_testdir
/usr/bin/make
make[1]: Entering directory `/«PKGBUILDDIR»'
/usr/bin/make  all-recursive
make[2]: Entering directory `/«PKGBUILDDIR»'
Making all in m4
make[3]: Entering directory `/«PKGBUILDDIR»/m4'
make[3]: Nothing to be done for `all'.
make[3]: Leaving directory `/«PKGBUILDDIR»/m4'
Making all in intl
make[3]: Entering directory `/«PKGBUILDDIR»/intl'
make[3]: Nothing to be done for `all'.
make[3]: Leaving directory `/«PKGBUILDDIR»/intl'
Making all in po
make[3]: Entering directory `/«PKGBUILDDIR»/po'
rm -f es.gmo && /usr/bin/msgfmt -c --statistics -o es.gmo es.po
es.po:6: warning: header field 'Language' missing in header
185 translated messages.
rm -f de.gmo && /usr/bin/msgfmt -c --statistics -o de.gmo de.po
de.po:7: warning: header field 'Language' missing in header
185 translated messages.
rm -f fr.gmo && /usr/bin/msgfmt -c --statistics -o fr.gmo fr.po
fr.po:8: warning: header field 'Language' missing in header
185 translated messages.
rm -f ro.gmo && /usr/bin/msgfmt -c --statistics -o ro.gmo ro.po
ro.po:6: warning: header field 'Language' missing in header
185 translated messages.
make[3]: Leaving directory `/«PKGBUILDDIR»/po'
Making all in doc
make[3]: Entering directory `/«PKGBUILDDIR»/doc'
make[3]: Nothing to be done for `all'.
make[3]: Leaving directory `/«PKGBUILDDIR»/doc'
Making all in src
make[3]: Entering directory `/«PKGBUILDDIR»/src'
if g++ -DHAVE_CONFIG_H -I. -I. -I..  -DLOCALEDIR=\"/usr/share/locale\"   -O2 -Wall -MT Arg.o -MD -MP -MF ".deps/Arg.Tpo" \
	  -c -o Arg.o `test -f 'Arg.cc' || echo './'`Arg.cc; \
	then mv ".deps/Arg.Tpo" ".deps/Arg.Po"; \
	else rm -f ".deps/Arg.Tpo"; exit 1; \
	fi
if g++ -DHAVE_CONFIG_H -I. -I. -I..  -DLOCALEDIR=\"/usr/share/locale\"   -O2 -Wall -MT Arguments.o -MD -MP -MF ".deps/Arguments.Tpo" \
	  -c -o Arguments.o `test -f 'Arguments.cc' || echo './'`Arguments.cc; \
	then mv ".deps/Arguments.Tpo" ".deps/Arguments.Po"; \
	else rm -f ".deps/Arguments.Tpo"; exit 1; \
	fi
if g++ -DHAVE_CONFIG_H -I. -I. -I..  -DLOCALEDIR=\"/usr/share/locale\"   -O2 -Wall -MT AssertionFailed.o -MD -MP -MF ".deps/AssertionFailed.Tpo" \
	  -c -o AssertionFailed.o `test -f 'AssertionFailed.cc' || echo './'`AssertionFailed.cc; \
	then mv ".deps/AssertionFailed.Tpo" ".deps/AssertionFailed.Po"; \
	else rm -f ".deps/AssertionFailed.Tpo"; exit 1; \
	fi
if g++ -DHAVE_CONFIG_H -I. -I. -I..  -DLOCALEDIR=\"/usr/share/locale\"   -O2 -Wall -MT AuFile.o -MD -MP -MF ".deps/AuFile.Tpo" \
	  -c -o AuFile.o `test -f 'AuFile.cc' || echo './'`AuFile.cc; \
	then mv ".deps/AuFile.Tpo" ".deps/AuFile.Po"; \
	else rm -f ".deps/AuFile.Tpo"; exit 1; \
	fi
In file included from AuFile.cc:26:
In file included from ./AuData.h:25:
In file included from ./AudioData.h:26:
In file included from ./AudioSampleValue.h:25:
In file included from ./SampleValue.h:27:
In file included from ./wrapper_hash_set.h:32:
In file included from /usr/lib/gcc/x86_64-linux-gnu/4.8/../../../../include/c++/4.8/ext/hash_set:60:
/usr/lib/gcc/x86_64-linux-gnu/4.8/../../../../include/c++/4.8/backward/backward_warning.h:32:2: warning: This file includes at least one deprecated or antiquated header which   may be removed without further notice at a future date. Please use a   non-deprecated interface with equivalent functionality instead. For a   listing of replacement headers and interfaces, consult the file   backward_warning.h. To disable this warning use -Wno-deprecated. [-W#warnings]
#warning \
 ^
AuFile.cc:46:2: warning: delete called on 'AudioData' that is abstract but has non-virtual destructor [-Wdelete-non-virtual-dtor]
        delete Data ;
        ^
2 warnings generated.
if g++ -DHAVE_CONFIG_H -I. -I. -I..  -DLOCALEDIR=\"/usr/share/locale\"   -O2 -Wall -MT AuSampleValues.o -MD -MP -MF ".deps/AuSampleValues.Tpo" \
	  -c -o AuSampleValues.o `test -f 'AuSampleValues.cc' || echo './'`AuSampleValues.cc; \
	then mv ".deps/AuSampleValues.Tpo" ".deps/AuSampleValues.Po"; \
	else rm -f ".deps/AuSampleValues.Tpo"; exit 1; \
	fi
In file included from AuSampleValues.cc:21:
In file included from ./AuSampleValues.h:24:
In file included from ./AudioSampleValue.h:25:
In file included from ./SampleValue.h:27:
In file included from ./wrapper_hash_set.h:32:
In file included from /usr/lib/gcc/x86_64-linux-gnu/4.8/../../../../include/c++/4.8/ext/hash_set:60:
/usr/lib/gcc/x86_64-linux-gnu/4.8/../../../../include/c++/4.8/backward/backward_warning.h:32:2: warning: This file includes at least one deprecated or antiquated header which   may be removed without further notice at a future date. Please use a   non-deprecated interface with equivalent functionality instead. For a   listing of replacement headers and interfaces, consult the file   backward_warning.h. To disable this warning use -Wno-deprecated. [-W#warnings]
#warning \
 ^
1 warning generated.
if g++ -DHAVE_CONFIG_H -I. -I. -I..  -DLOCALEDIR=\"/usr/share/locale\"   -O2 -Wall -MT DFSAPHeuristic.o -MD -MP -MF ".deps/DFSAPHeuristic.Tpo" \
	  -c -o DFSAPHeuristic.o `test -f 'DFSAPHeuristic.cc' || echo './'`DFSAPHeuristic.cc; \
	then mv ".deps/DFSAPHeuristic.Tpo" ".deps/DFSAPHeuristic.Po"; \
	else rm -f ".deps/DFSAPHeuristic.Tpo"; exit 1; \
	fi
In file included from DFSAPHeuristic.cc:21:
In file included from ./DFSAPHeuristic.h:24:
In file included from ./EdgeIterator.h:26:
In file included from ./Edge.h:24:
In file included from ./SampleValue.h:27:
In file included from ./wrapper_hash_set.h:32:
In file included from /usr/lib/gcc/x86_64-linux-gnu/4.8/../../../../include/c++/4.8/ext/hash_set:60:
/usr/lib/gcc/x86_64-linux-gnu/4.8/../../../../include/c++/4.8/backward/backward_warning.h:32:2: warning: This file includes at least one deprecated or antiquated header which   may be removed without further notice at a future date. Please use a   non-deprecated interface with equivalent functionality instead. For a   listing of replacement headers and interfaces, consult the file   backward_warning.h. To disable this warning use -Wno-deprecated. [-W#warnings]
#warning \
 ^
1 warning generated.
if g++ -DHAVE_CONFIG_H -I. -I. -I..  -DLOCALEDIR=\"/usr/share/locale\"   -O2 -Wall -MT BFSAPHeuristic.o -MD -MP -MF ".deps/BFSAPHeuristic.Tpo" \
	  -c -o BFSAPHeuristic.o `test -f 'BFSAPHeuristic.cc' || echo './'`BFSAPHeuristic.cc; \
	then mv ".deps/BFSAPHeuristic.Tpo" ".deps/BFSAPHeuristic.Po"; \
	else rm -f ".deps/BFSAPHeuristic.Tpo"; exit 1; \
	fi
In file included from BFSAPHeuristic.cc:21:
In file included from ./BFSAPHeuristic.h:24:
In file included from ./EdgeIterator.h:26:
In file included from ./Edge.h:24:
In file included from ./SampleValue.h:27:
In file included from ./wrapper_hash_set.h:32:
In file included from /usr/lib/gcc/x86_64-linux-gnu/4.8/../../../../include/c++/4.8/ext/hash_set:60:
/usr/lib/gcc/x86_64-linux-gnu/4.8/../../../../include/c++/4.8/backward/backward_warning.h:32:2: warning: This file includes at least one deprecated or antiquated header which   may be removed without further notice at a future date. Please use a   non-deprecated interface with equivalent functionality instead. For a   listing of replacement headers and interfaces, consult the file   backward_warning.h. To disable this warning use -Wno-deprecated. [-W#warnings]
#warning \
 ^
1 warning generated.
if g++ -DHAVE_CONFIG_H -I. -I. -I..  -DLOCALEDIR=\"/usr/share/locale\"   -O2 -Wall -MT BinaryIO.o -MD -MP -MF ".deps/BinaryIO.Tpo" \
	  -c -o BinaryIO.o `test -f 'BinaryIO.cc' || echo './'`BinaryIO.cc; \
	then mv ".deps/BinaryIO.Tpo" ".deps/BinaryIO.Po"; \
	else rm -f ".deps/BinaryIO.Tpo"; exit 1; \
	fi
BinaryIO.cc:99:13: warning: conversion from string literal to 'char *' is deprecated [-Wdeprecated-writable-strings]
                                cmode = "rb" ;
                                        ^
BinaryIO.cc:104:13: warning: conversion from string literal to 'char *' is deprecated [-Wdeprecated-writable-strings]
                                cmode = "wb" ;
                                        ^
2 warnings generated.
if g++ -DHAVE_CONFIG_H -I. -I. -I..  -DLOCALEDIR=\"/usr/share/locale\"   -O2 -Wall -MT BitString.o -MD -MP -MF ".deps/BitString.Tpo" \
	  -c -o BitString.o `test -f 'BitString.cc' || echo './'`BitString.cc; \
	then mv ".deps/BitString.Tpo" ".deps/BitString.Po"; \
	else rm -f ".deps/BitString.Tpo"; exit 1; \
	fi
if g++ -DHAVE_CONFIG_H -I. -I. -I..  -DLOCALEDIR=\"/usr/share/locale\"   -O2 -Wall -MT BmpFile.o -MD -MP -MF ".deps/BmpFile.Tpo" \
	  -c -o BmpFile.o `test -f 'BmpFile.cc' || echo './'`BmpFile.cc; \
	then mv ".deps/BmpFile.Tpo" ".deps/BmpFile.Po"; \
	else rm -f ".deps/BmpFile.Tpo"; exit 1; \
	fi
In file included from BmpFile.cc:25:
In file included from ./BFSAPHeuristic.h:24:
In file included from ./EdgeIterator.h:26:
In file included from ./Edge.h:24:
In file included from ./SampleValue.h:27:
In file included from ./wrapper_hash_set.h:32:
In file included from /usr/lib/gcc/x86_64-linux-gnu/4.8/../../../../include/c++/4.8/ext/hash_set:60:
/usr/lib/gcc/x86_64-linux-gnu/4.8/../../../../include/c++/4.8/backward/backward_warning.h:32:2: warning: This file includes at least one deprecated or antiquated header which   may be removed without further notice at a future date. Please use a   non-deprecated interface with equivalent functionality instead. For a   listing of replacement headers and interfaces, consult the file   backward_warning.h. To disable this warning use -Wno-deprecated. [-W#warnings]
#warning \
 ^
BmpFile.cc:217:44: error: variable length array of non-POD element type 'std::vector<BmpRGBSampleValue *>'
                std::vector<BmpRGBSampleValue*> reservoir[svs.size()] ;
                                                         ^
BmpFile.cc:220:49: error: variable length array of non-POD element type 'std::vector<BmpRGBSampleValue *>'
                std::vector<BmpRGBSampleValue*> neighbours_byd[r + 1] ;
                                                              ^
1 warning and 2 errors generated.
make[3]: *** [BmpFile.o] Error 1
make[3]: Leaving directory `/«PKGBUILDDIR»/src'
make[2]: *** [all-recursive] Error 1
make[1]: *** [all] Error 2
make: *** [build-stamp] Error 2
dpkg-buildpackage: error: debian/rules build gave error exit status 2
make[2]: Leaving directory `/«PKGBUILDDIR»'
make[1]: Leaving directory `/«PKGBUILDDIR»'
────────────────────────────────────────────────────────────────────────────────
Build finished at 20130717-0656

Finished
────────

E: Build failure (dpkg-buildpackage died)

┌──────────────────────────────────────────────────────────────────────────────┐
│ Cleanup                                                                      │
└──────────────────────────────────────────────────────────────────────────────┘

Purging /«BUILDDIR»
Not cleaning session: cloned chroot in use

┌──────────────────────────────────────────────────────────────────────────────┐
│ Summary                                                                      │
└──────────────────────────────────────────────────────────────────────────────┘

Build Architecture: amd64
Build-Space: 4744
Build-Time: 22
Distribution: unstable
Fail-Stage: build
Host Architecture: amd64
Install-Time: 10
Job: steghide_0.5.1-9
Machine Architecture: amd64
Package: steghide
Package-Time: 107
Source-Version: 0.5.1-9
Space: 4744
Status: attempted
Version: 0.5.1-9clang1
────────────────────────────────────────────────────────────────────────────────
Finished at 20130717-0656
Build needed 00:01:47, 4744k disc space
DC-Status: Failed 107.633357687s
