DC-Build-Header: ust 2.1.1-2 / 2013-07-17 06:24:36 +0000
DC-Task: source:ust version:2.1.1-2 architecture:any chroot:unstable esttime:91 logfile:/tmp/ust_2.1.1-2_unstable_clang.log modes:binary-only:clang
DC-Sbuild-call: su user -c 'sbuild -n --apt-update -d unstable -v  --chroot-setup-commands=/tmp/switch-to-clang --append-to-version "clang1" --maintainer "Lucas Nussbaum <lucas@debian.org>" --uploader "Lucas Nussbaum <lucas@debian.org>" ust_2.1.1-2'
sbuild (Debian sbuild) 0.63.2 (18 Aug 2012) on ip-10-235-5-15.ec2.internal

╔══════════════════════════════════════════════════════════════════════════════╗
║ ust 2.1.1-2clang1 (amd64)                                  17 Jul 2013 06:24 ║
╚══════════════════════════════════════════════════════════════════════════════╝

Package: ust
Version: 2.1.1-2clang1
Source Version: 2.1.1-2
Distribution: unstable
Machine Architecture: amd64
Host Architecture: amd64
Build Architecture: amd64

I: NOTICE: Log filtering will replace 'build/ust-oluISh/ust-2.1.1' with '«PKGBUILDDIR»'
I: NOTICE: Log filtering will replace 'build/ust-oluISh' with '«BUILDDIR»'
I: NOTICE: Log filtering will replace 'var/lib/schroot/mount/unstable-amd64-sbuild-75ecadac-82fa-4e6a-ae32-7e209ed1c7fe' with '«CHROOT»'

┌──────────────────────────────────────────────────────────────────────────────┐
│ Update chroot                                                                │
└──────────────────────────────────────────────────────────────────────────────┘

Get:1 http://localhost:9999 unstable InRelease [204 kB]
Get:2 http://localhost:9999 unstable/main Sources/DiffIndex [7876 B]
Get:3 http://localhost:9999 unstable/main amd64 Packages/DiffIndex [7876 B]
Get:4 http://localhost:9999 unstable/main Translation-en/DiffIndex [7876 B]
Get:5 http://localhost:9999 unstable/main 2013-07-13-2032.15.pdiff [23.1 kB]
Get:6 http://localhost:9999 unstable/main amd64 2013-07-13-2032.15.pdiff [16.9 kB]
Get:7 http://localhost:9999 unstable/main 2013-07-13-2032.15.pdiff [23.1 kB]
Get:8 http://localhost:9999 unstable/main 2013-07-13-2032.15.pdiff [1809 B]
Get:9 http://localhost:9999 unstable/main amd64 2013-07-13-2032.15.pdiff [16.9 kB]
Get:10 http://localhost:9999 unstable/main 2013-07-14-0231.07.pdiff [12.9 kB]
Get:11 http://localhost:9999 unstable/main 2013-07-13-2032.15.pdiff [1809 B]
Get:12 http://localhost:9999 unstable/main amd64 2013-07-14-0231.07.pdiff [14.9 kB]
Get:13 http://localhost:9999 unstable/main 2013-07-14-0231.07.pdiff [12.9 kB]
Get:14 http://localhost:9999 unstable/main 2013-07-14-0231.07.pdiff [1384 B]
Get:15 http://localhost:9999 unstable/main amd64 2013-07-14-0231.07.pdiff [14.9 kB]
Get:16 http://localhost:9999 unstable/main 2013-07-14-0832.16.pdiff [4670 B]
Get:17 http://localhost:9999 unstable/main 2013-07-14-0231.07.pdiff [1384 B]
Get:18 http://localhost:9999 unstable/main amd64 2013-07-14-0832.16.pdiff [1624 B]
Get:19 http://localhost:9999 unstable/main 2013-07-14-0832.16.pdiff [4670 B]
Get:20 http://localhost:9999 unstable/main 2013-07-14-0832.16.pdiff [337 B]
Get:21 http://localhost:9999 unstable/main amd64 2013-07-14-0832.16.pdiff [1624 B]
Get:22 http://localhost:9999 unstable/main 2013-07-14-1431.18.pdiff [11.4 kB]
Get:23 http://localhost:9999 unstable/main 2013-07-14-0832.16.pdiff [337 B]
Get:24 http://localhost:9999 unstable/main amd64 2013-07-14-1431.18.pdiff [8223 B]
Get:25 http://localhost:9999 unstable/main 2013-07-14-1431.18.pdiff [11.4 kB]
Get:26 http://localhost:9999 unstable/main 2013-07-14-1431.18.pdiff [887 B]
Get:27 http://localhost:9999 unstable/main amd64 2013-07-14-1431.18.pdiff [8223 B]
Get:28 http://localhost:9999 unstable/main 2013-07-14-2031.21.pdiff [9038 B]
Get:29 http://localhost:9999 unstable/main 2013-07-14-1431.18.pdiff [887 B]
Get:30 http://localhost:9999 unstable/main amd64 2013-07-14-2031.21.pdiff [9955 B]
Get:31 http://localhost:9999 unstable/main 2013-07-14-2031.21.pdiff [9038 B]
Get:32 http://localhost:9999 unstable/main 2013-07-14-2031.21.pdiff [2736 B]
Get:33 http://localhost:9999 unstable/main amd64 2013-07-14-2031.21.pdiff [9955 B]
Get:34 http://localhost:9999 unstable/main 2013-07-15-0229.01.pdiff [9715 B]
Get:35 http://localhost:9999 unstable/main 2013-07-14-2031.21.pdiff [2736 B]
Get:36 http://localhost:9999 unstable/main amd64 2013-07-15-0229.01.pdiff [12.7 kB]
Get:37 http://localhost:9999 unstable/main 2013-07-15-0229.01.pdiff [9715 B]
Get:38 http://localhost:9999 unstable/main 2013-07-15-0229.01.pdiff [2239 B]
Get:39 http://localhost:9999 unstable/main amd64 2013-07-15-0229.01.pdiff [12.7 kB]
Get:40 http://localhost:9999 unstable/main 2013-07-15-0830.19.pdiff [3273 B]
Get:41 http://localhost:9999 unstable/main 2013-07-15-0229.01.pdiff [2239 B]
Get:42 http://localhost:9999 unstable/main amd64 2013-07-15-0830.19.pdiff [3964 B]
Get:43 http://localhost:9999 unstable/main 2013-07-15-0830.19.pdiff [3273 B]
Get:44 http://localhost:9999 unstable/main 2013-07-15-0830.19.pdiff [1357 B]
Get:45 http://localhost:9999 unstable/main amd64 2013-07-15-0830.19.pdiff [3964 B]
Get:46 http://localhost:9999 unstable/main 2013-07-15-1432.36.pdiff [5326 B]
Get:47 http://localhost:9999 unstable/main 2013-07-15-0830.19.pdiff [1357 B]
Get:48 http://localhost:9999 unstable/main amd64 2013-07-15-1432.36.pdiff [9809 B]
Get:49 http://localhost:9999 unstable/main 2013-07-15-1432.36.pdiff [5326 B]
Get:50 http://localhost:9999 unstable/main 2013-07-15-1432.36.pdiff [322 B]
Get:51 http://localhost:9999 unstable/main amd64 2013-07-15-1432.36.pdiff [9809 B]
Get:52 http://localhost:9999 unstable/main 2013-07-15-2031.50.pdiff [12.2 kB]
Get:53 http://localhost:9999 unstable/main 2013-07-15-1432.36.pdiff [322 B]
Get:54 http://localhost:9999 unstable/main amd64 2013-07-15-2031.50.pdiff [24.4 kB]
Get:55 http://localhost:9999 unstable/main 2013-07-15-2031.50.pdiff [12.2 kB]
Get:56 http://localhost:9999 unstable/main 2013-07-15-2031.50.pdiff [537 B]
Get:57 http://localhost:9999 unstable/main amd64 2013-07-15-2031.50.pdiff [24.4 kB]
Get:58 http://localhost:9999 unstable/main 2013-07-16-0233.12.pdiff [14.8 kB]
Get:59 http://localhost:9999 unstable/main 2013-07-15-2031.50.pdiff [537 B]
Get:60 http://localhost:9999 unstable/main amd64 2013-07-16-0233.12.pdiff [49.5 kB]
Get:61 http://localhost:9999 unstable/main 2013-07-16-0233.12.pdiff [14.8 kB]
Get:62 http://localhost:9999 unstable/main 2013-07-16-0233.12.pdiff [3247 B]
Get:63 http://localhost:9999 unstable/main amd64 2013-07-16-0233.12.pdiff [49.5 kB]
Get:64 http://localhost:9999 unstable/main 2013-07-16-0834.41.pdiff [7447 B]
Get:65 http://localhost:9999 unstable/main 2013-07-16-0233.12.pdiff [3247 B]
Get:66 http://localhost:9999 unstable/main amd64 2013-07-16-0834.41.pdiff [4493 B]
Get:67 http://localhost:9999 unstable/main 2013-07-16-0834.41.pdiff [7447 B]
Get:68 http://localhost:9999 unstable/main 2013-07-16-0834.41.pdiff [5852 B]
Get:69 http://localhost:9999 unstable/main amd64 2013-07-16-0834.41.pdiff [4493 B]
Get:70 http://localhost:9999 unstable/main 2013-07-16-1433.54.pdiff [21.2 kB]
Get:71 http://localhost:9999 unstable/main 2013-07-16-0834.41.pdiff [5852 B]
Get:72 http://localhost:9999 unstable/main amd64 2013-07-16-1433.54.pdiff [19.3 kB]
Get:73 http://localhost:9999 unstable/main 2013-07-16-1433.54.pdiff [21.2 kB]
Get:74 http://localhost:9999 unstable/main 2013-07-16-1433.54.pdiff [1941 B]
Get:75 http://localhost:9999 unstable/main amd64 2013-07-16-1433.54.pdiff [19.3 kB]
Get:76 http://localhost:9999 unstable/main 2013-07-16-2046.09.pdiff [19.4 kB]
Get:77 http://localhost:9999 unstable/main 2013-07-16-1433.54.pdiff [1941 B]
Get:78 http://localhost:9999 unstable/main amd64 2013-07-16-2046.09.pdiff [18.4 kB]
Get:79 http://localhost:9999 unstable/main 2013-07-16-2046.09.pdiff [19.4 kB]
Get:80 http://localhost:9999 unstable/main 2013-07-16-2046.09.pdiff [465 B]
Get:81 http://localhost:9999 unstable/main amd64 2013-07-16-2046.09.pdiff [18.4 kB]
Get:82 http://localhost:9999 unstable/main 2013-07-17-0233.52.pdiff [6503 B]
Get:83 http://localhost:9999 unstable/main 2013-07-16-2046.09.pdiff [465 B]
Get:84 http://localhost:9999 unstable/main amd64 2013-07-17-0233.52.pdiff [10.9 kB]
Get:85 http://localhost:9999 unstable/main 2013-07-17-0233.52.pdiff [6503 B]
Get:86 http://localhost:9999 unstable/main 2013-07-17-0233.52.pdiff [2433 B]
Get:87 http://localhost:9999 unstable/main amd64 2013-07-17-0233.52.pdiff [10.9 kB]
Get:88 http://localhost:9999 unstable/main 2013-07-17-0233.52.pdiff [2433 B]
Fetched 620 kB in 54s (11.3 kB/s)
Reading package lists...
Reading package lists...
Building dependency tree...
Reading state information...
The following packages will be upgraded:
  cpp-4.7 gcc-4.7 gcc-4.7-base initscripts libgcc-4.7-dev linux-libc-dev
  sysv-rc sysvinit sysvinit-utils
9 upgraded, 0 newly installed, 0 to remove and 0 not upgraded.
Need to get 15.1 MB of archives.
After this operation, 43.0 kB of additional disk space will be used.
Get:1 http://localhost:9999/debian/ unstable/main sysvinit amd64 2.88dsf-43 [134 kB]
Get:2 http://localhost:9999/debian/ unstable/main sysv-rc all 2.88dsf-43 [80.5 kB]
Get:3 http://localhost:9999/debian/ unstable/main sysvinit-utils amd64 2.88dsf-43 [103 kB]
Get:4 http://localhost:9999/debian/ unstable/main initscripts amd64 2.88dsf-43 [87.2 kB]
Get:5 http://localhost:9999/debian/ unstable/main gcc-4.7 amd64 4.7.3-6 [5819 kB]
Get:6 http://localhost:9999/debian/ unstable/main cpp-4.7 amd64 4.7.3-6 [5385 kB]
Get:7 http://localhost:9999/debian/ unstable/main libgcc-4.7-dev amd64 4.7.3-6 [2465 kB]
Get:8 http://localhost:9999/debian/ unstable/main gcc-4.7-base amd64 4.7.3-6 [149 kB]
Get:9 http://localhost:9999/debian/ unstable/main linux-libc-dev amd64 3.10.1-1 [869 kB]
debconf: delaying package configuration, since apt-utils is not installed
Fetched 15.1 MB in 0s (25.2 MB/s)
(Reading database ... 13844 files and directories currently installed.)
Preparing to replace sysvinit 2.88dsf-41 (using .../sysvinit_2.88dsf-43_amd64.deb) ...
Unpacking replacement sysvinit ...
Setting up sysvinit (2.88dsf-43) ...
Not restarting sysvinit
(Reading database ... 13844 files and directories currently installed.)
Preparing to replace sysv-rc 2.88dsf-41 (using .../sysv-rc_2.88dsf-43_all.deb) ...
Unpacking replacement sysv-rc ...
Preparing to replace sysvinit-utils 2.88dsf-41 (using .../sysvinit-utils_2.88dsf-43_amd64.deb) ...
Unpacking replacement sysvinit-utils ...
Setting up sysvinit-utils (2.88dsf-43) ...
Setting up sysv-rc (2.88dsf-43) ...
(Reading database ... 13844 files and directories currently installed.)
Preparing to replace initscripts 2.88dsf-41 (using .../initscripts_2.88dsf-43_amd64.deb) ...
Removing unmodified and obsolete conffile /etc/init.d/mtab.sh ...
Unpacking replacement initscripts ...
Setting up initscripts (2.88dsf-43) ...
Installing new version of config file /etc/init.d/bootmisc.sh ...
Installing new version of config file /etc/init.d/checkfs.sh ...
Installing new version of config file /etc/init.d/checkroot.sh ...
Installing new version of config file /etc/init.d/checkroot-bootclean.sh ...
Installing new version of config file /etc/init.d/mountdevsubfs.sh ...
Installing new version of config file /etc/init.d/mountkernfs.sh ...
Installing new version of config file /etc/init.d/rmnologin ...
Installing new version of config file /etc/network/if-up.d/mountnfs ...
(Reading database ... 13843 files and directories currently installed.)
Preparing to replace gcc-4.7 4.7.3-5 (using .../gcc-4.7_4.7.3-6_amd64.deb) ...
Unpacking replacement gcc-4.7 ...
Preparing to replace cpp-4.7 4.7.3-5 (using .../cpp-4.7_4.7.3-6_amd64.deb) ...
Unpacking replacement cpp-4.7 ...
Preparing to replace libgcc-4.7-dev:amd64 4.7.3-5 (using .../libgcc-4.7-dev_4.7.3-6_amd64.deb) ...
Unpacking replacement libgcc-4.7-dev:amd64 ...
Preparing to replace gcc-4.7-base:amd64 4.7.3-5 (using .../gcc-4.7-base_4.7.3-6_amd64.deb) ...
Unpacking replacement gcc-4.7-base:amd64 ...
Preparing to replace linux-libc-dev:amd64 3.9.8-1 (using .../linux-libc-dev_3.10.1-1_amd64.deb) ...
Unpacking replacement linux-libc-dev:amd64 ...
Setting up gcc-4.7-base:amd64 (4.7.3-6) ...
Setting up cpp-4.7 (4.7.3-6) ...
Setting up libgcc-4.7-dev:amd64 (4.7.3-6) ...
Setting up gcc-4.7 (4.7.3-6) ...
Setting up linux-libc-dev:amd64 (3.10.1-1) ...

┌──────────────────────────────────────────────────────────────────────────────┐
│ Fetch source files                                                           │
└──────────────────────────────────────────────────────────────────────────────┘


Check APT
─────────

Checking available source versions...

Download source files with APT
──────────────────────────────

Reading package lists...
Building dependency tree...
Reading state information...
NOTICE: 'ust' packaging is maintained in the 'Git' version control system at:
git://git.debian.org/git/collab-maint/ust.git
Need to get 706 kB of source archives.
Get:1 http://localhost:9999/debian/ unstable/main ust 2.1.1-2 (dsc) [1383 B]
Get:2 http://localhost:9999/debian/ unstable/main ust 2.1.1-2 (tar) [700 kB]
Get:3 http://localhost:9999/debian/ unstable/main ust 2.1.1-2 (diff) [5003 B]
Fetched 706 kB in 0s (2602 kB/s)
Download complete and in download only mode

Check arch
──────────


┌──────────────────────────────────────────────────────────────────────────────┐
│ Chroot Setup Commands                                                        │
└──────────────────────────────────────────────────────────────────────────────┘


/tmp/switch-to-clang
────────────────────

+ echo 'Entering customization script...'
Entering customization script...
+ echo 'Install of clang'
Install of clang
+ apt-get update
Hit http://localhost:9999 unstable InRelease
Hit http://localhost:9999 unstable/main Sources/DiffIndex
Hit http://localhost:9999 unstable/main amd64 Packages/DiffIndex
Hit http://localhost:9999 unstable/main Translation-en/DiffIndex
Reading package lists...
+ apt-get install --yes --no-install-recommends --force-yes clang-3.3
Reading package lists...
Building dependency tree...
Reading state information...
The following extra packages will be installed:
  libclang-common-3.3-dev libclang1-3.3 libffi6 libllvm3.3 libobjc-4.7-dev
  libobjc4 libstdc++6-4.7-dev
Suggested packages:
  libstdc++6-4.7-doc
Recommended packages:
  llvm-3.3-dev python
The following NEW packages will be installed:
  clang-3.3 libclang-common-3.3-dev libclang1-3.3 libffi6 libllvm3.3
  libobjc-4.7-dev libobjc4 libstdc++6-4.7-dev
0 upgraded, 8 newly installed, 0 to remove and 0 not upgraded.
Need to get 27.2 MB of archives.
After this operation, 80.8 MB of additional disk space will be used.
Get:1 http://localhost:9999/debian/ unstable/main libffi6 amd64 3.0.13-4 [21.6 kB]
Get:2 http://localhost:9999/debian/ unstable/main libllvm3.3 amd64 1:3.3-3 [8575 kB]
Get:3 http://localhost:9999/debian/ unstable/main libobjc4 amd64 4.8.1-6 [160 kB]
Get:4 http://localhost:9999/debian/ unstable/main libstdc++6-4.7-dev amd64 4.7.3-6 [1694 kB]
Get:5 http://localhost:9999/debian/ unstable/main libobjc-4.7-dev amd64 4.7.3-6 [719 kB]
Get:6 http://localhost:9999/debian/ unstable/main libclang-common-3.3-dev amd64 1:3.3-3 [574 kB]
Get:7 http://localhost:9999/debian/ unstable/main libclang1-3.3 amd64 1:3.3-3 [4579 kB]
Get:8 http://localhost:9999/debian/ unstable/main clang-3.3 amd64 1:3.3-3 [10.9 MB]
debconf: delaying package configuration, since apt-utils is not installed
Fetched 27.2 MB in 1s (25.6 MB/s)
Selecting previously unselected package libffi6:amd64.
(Reading database ... 13846 files and directories currently installed.)
Unpacking libffi6:amd64 (from .../libffi6_3.0.13-4_amd64.deb) ...
Selecting previously unselected package libllvm3.3:amd64.
Unpacking libllvm3.3:amd64 (from .../libllvm3.3_1%3a3.3-3_amd64.deb) ...
Selecting previously unselected package libobjc4:amd64.
Unpacking libobjc4:amd64 (from .../libobjc4_4.8.1-6_amd64.deb) ...
Selecting previously unselected package libstdc++6-4.7-dev:amd64.
Unpacking libstdc++6-4.7-dev:amd64 (from .../libstdc++6-4.7-dev_4.7.3-6_amd64.deb) ...
Selecting previously unselected package libobjc-4.7-dev:amd64.
Unpacking libobjc-4.7-dev:amd64 (from .../libobjc-4.7-dev_4.7.3-6_amd64.deb) ...
Selecting previously unselected package libclang-common-3.3-dev.
Unpacking libclang-common-3.3-dev (from .../libclang-common-3.3-dev_1%3a3.3-3_amd64.deb) ...
Selecting previously unselected package libclang1-3.3.
Unpacking libclang1-3.3 (from .../libclang1-3.3_1%3a3.3-3_amd64.deb) ...
Selecting previously unselected package clang-3.3.
Unpacking clang-3.3 (from .../clang-3.3_1%3a3.3-3_amd64.deb) ...
Setting up libffi6:amd64 (3.0.13-4) ...
Setting up libllvm3.3:amd64 (1:3.3-3) ...
Setting up libobjc4:amd64 (4.8.1-6) ...
Setting up libstdc++6-4.7-dev:amd64 (4.7.3-6) ...
Setting up libobjc-4.7-dev:amd64 (4.7.3-6) ...
Setting up libclang-common-3.3-dev (1:3.3-3) ...
Setting up libclang1-3.3 (1:3.3-3) ...
Setting up clang-3.3 (1:3.3-3) ...
Processing triggers for libc-bin ...
+ echo 'Replace gcc, g++ & cpp by clang'
Replace gcc, g++ & cpp by clang
+ VERSIONS='4.6 4.7 4.8'
+ cd /usr/bin
+ for VERSION in '$VERSIONS'
+ rm -f g++-4.6 gcc-4.6 cpp-4.6
+ ln -s clang++ g++-4.6
+ ln -s clang gcc-4.6
+ ln -s clang cpp-4.6
+ for VERSION in '$VERSIONS'
+ rm -f g++-4.7 gcc-4.7 cpp-4.7
+ ln -s clang++ g++-4.7
+ ln -s clang gcc-4.7
+ ln -s clang cpp-4.7
+ for VERSION in '$VERSIONS'
+ rm -f g++-4.8 gcc-4.8 cpp-4.8
+ ln -s clang++ g++-4.8
+ ln -s clang gcc-4.8
+ ln -s clang cpp-4.8
+ cd -
/«BUILDDIR»
+ echo 'Block the installation of new gcc version'
Block the installation of new gcc version
+ dpkg --set-selections
+ echo 'gcc-4.6 hold'
+ dpkg --set-selections
+ echo 'cpp-4.6 hold'
+ dpkg --set-selections
+ echo 'g++-4.6 hold'
+ dpkg --set-selections
+ echo 'gcc-4.7 hold'
+ dpkg --set-selections
+ echo 'cpp-4.7 hold'
+ dpkg --set-selections
+ echo 'g++-4.7 hold'
+ dpkg --set-selections
+ echo 'gcc-4.8 hold'
+ dpkg --set-selections
+ echo 'cpp-4.8 hold'
+ dpkg --set-selections
+ echo 'g++-4.8 hold'
+ echo 'Check if gcc, g++ & cpp are actually clang'
Check if gcc, g++ & cpp are actually clang
+ grep clang
+ gcc --version
+ grep clang
+ cpp --version
+ grep clang
+ g++ --version

I: Finished running '/tmp/switch-to-clang'.

Finished processing commands.
────────────────────────────────────────────────────────────────────────────────
Merged Build-Depends: build-essential, fakeroot
Filtered Build-Depends: build-essential, fakeroot
dpkg-deb: building package `sbuild-build-depends-core-dummy' in `/«BUILDDIR»/resolver-u88PtN/apt_archive/sbuild-build-depends-core-dummy.deb'.
OK
Reading package lists...

┌──────────────────────────────────────────────────────────────────────────────┐
│ Install core build dependencies (apt-based resolver)                         │
└──────────────────────────────────────────────────────────────────────────────┘

Installing build dependencies
Reading package lists...
Building dependency tree...
Reading state information...
The following NEW packages will be installed:
  sbuild-build-depends-core-dummy
debconf: delaying package configuration, since apt-utils is not installed
0 upgraded, 1 newly installed, 0 to remove and 0 not upgraded.
Need to get 0 B/710 B of archives.
After this operation, 0 B of additional disk space will be used.
Selecting previously unselected package sbuild-build-depends-core-dummy.
(Reading database ... 14701 files and directories currently installed.)
Unpacking sbuild-build-depends-core-dummy (from .../sbuild-build-depends-core-dummy.deb) ...
Setting up sbuild-build-depends-core-dummy (0.invalid.0) ...
Merged Build-Depends: base-files, base-passwd, bash, bsdutils, coreutils, dash, debianutils, diffutils, dpkg, e2fsprogs, findutils, grep, gzip, hostname, libc-bin, login, mount, ncurses-base, ncurses-bin, perl-base, sed, sysvinit, sysvinit-utils, tar, util-linux, libc6-dev | libc-dev, gcc (>= 4:4.4.3), g++ (>= 4:4.4.3), make, dpkg-dev (>= 1.13.5), debhelper (>= 9), liburcu-dev (>= 0.6.6), uuid-dev, texinfo, systemtap-sdt-dev (>= 1.6)
Filtered Build-Depends: base-files, base-passwd, bash, bsdutils, coreutils, dash, debianutils, diffutils, dpkg, e2fsprogs, findutils, grep, gzip, hostname, libc-bin, login, mount, ncurses-base, ncurses-bin, perl-base, sed, sysvinit, sysvinit-utils, tar, util-linux, libc6-dev, gcc (>= 4:4.4.3), g++ (>= 4:4.4.3), make, dpkg-dev (>= 1.13.5), debhelper (>= 9), liburcu-dev (>= 0.6.6), uuid-dev, texinfo, systemtap-sdt-dev (>= 1.6)
dpkg-deb: building package `sbuild-build-depends-ust-dummy' in `/«BUILDDIR»/resolver-1xwvrJ/apt_archive/sbuild-build-depends-ust-dummy.deb'.
OK
Reading package lists...

┌──────────────────────────────────────────────────────────────────────────────┐
│ Install ust build dependencies (apt-based resolver)                          │
└──────────────────────────────────────────────────────────────────────────────┘

Installing build dependencies
Reading package lists...
Building dependency tree...
Reading state information...
The following extra packages will be installed:
  bsdmainutils debhelper file gettext gettext-base groff-base intltool-debian
  libasprintf0c2 libcroco3 libexpat1 libglib2.0-0 libintl-perl libmagic1
  libncursesw5 libpipeline1 libpython-stdlib libpython2.7-minimal
  libpython2.7-stdlib libsqlite3-0 libssl1.0.0 libtext-unidecode-perl
  libunistring0 liburcu-dev liburcu1 libxml-libxml-perl
  libxml-namespacesupport-perl libxml-sax-base-perl libxml-sax-perl libxml2
  man-db mime-support po-debconf python python-minimal python2.7
  python2.7-minimal systemtap-sdt-dev texinfo uuid-dev
Suggested packages:
  wamerican wordlist whois vacation dh-make gettext-doc groff libintl-xs-perl
  less www-browser libmail-box-perl python-doc python-tk python2.7-doc
  binfmt-support texlive-base texlive-latex-base texlive-generic-recommended
  texinfo-doc-nonfree
Recommended packages:
  curl wget lynx-cur autopoint libasprintf-dev libgettextpo-dev
  libglib2.0-data shared-mime-info libxml-sax-expat-perl xml-core
  libmail-sendmail-perl
The following NEW packages will be installed:
  bsdmainutils debhelper file gettext gettext-base groff-base intltool-debian
  libasprintf0c2 libcroco3 libexpat1 libglib2.0-0 libintl-perl libmagic1
  libncursesw5 libpipeline1 libpython-stdlib libpython2.7-minimal
  libpython2.7-stdlib libsqlite3-0 libssl1.0.0 libtext-unidecode-perl
  libunistring0 liburcu-dev liburcu1 libxml-libxml-perl
  libxml-namespacesupport-perl libxml-sax-base-perl libxml-sax-perl libxml2
  man-db mime-support po-debconf python python-minimal python2.7
  python2.7-minimal sbuild-build-depends-ust-dummy systemtap-sdt-dev texinfo
  uuid-dev
0 upgraded, 40 newly installed, 0 to remove and 0 not upgraded.
Need to get 19.3 MB/19.3 MB of archives.
After this operation, 57.2 MB of additional disk space will be used.
Get:1 http://localhost:9999/debian/ unstable/main libncursesw5 amd64 5.9+20130608-1 [141 kB]
Get:2 http://localhost:9999/debian/ unstable/main libpipeline1 amd64 1.2.4-1 [41.0 kB]
Get:3 http://localhost:9999/debian/ unstable/main libssl1.0.0 amd64 1.0.1e-3 [1242 kB]
Get:4 http://localhost:9999/debian/ unstable/main groff-base amd64 1.22.2-3 [747 kB]
Get:5 http://localhost:9999/debian/ unstable/main bsdmainutils amd64 9.0.5 [211 kB]
Get:6 http://localhost:9999/debian/ unstable/main man-db amd64 2.6.5-2 [976 kB]
Get:7 http://localhost:9999/debian/ unstable/main libasprintf0c2 amd64 0.18.3-1 [29.6 kB]
Get:8 http://localhost:9999/debian/ unstable/main libmagic1 amd64 1:5.14-2 [216 kB]
Get:9 http://localhost:9999/debian/ unstable/main libsqlite3-0 amd64 3.7.17-1 [478 kB]
Get:10 http://localhost:9999/debian/ unstable/main libxml2 amd64 2.9.1+dfsg1-2 [911 kB]
Get:11 http://localhost:9999/debian/ unstable/main libglib2.0-0 amd64 2.36.3-3 [2048 kB]
Get:12 http://localhost:9999/debian/ unstable/main libcroco3 amd64 0.6.8-2 [133 kB]
Get:13 http://localhost:9999/debian/ unstable/main libexpat1 amd64 2.1.0-4 [138 kB]
Get:14 http://localhost:9999/debian/ unstable/main libunistring0 amd64 0.9.3-5 [434 kB]
Get:15 http://localhost:9999/debian/ unstable/main libpython2.7-minimal amd64 2.7.5-6 [520 kB]
Get:16 http://localhost:9999/debian/ unstable/main python2.7-minimal amd64 2.7.5-6 [1552 kB]
Get:17 http://localhost:9999/debian/ unstable/main file amd64 1:5.14-2 [54.0 kB]
Get:18 http://localhost:9999/debian/ unstable/main gettext-base amd64 0.18.3-1 [161 kB]
Get:19 http://localhost:9999/debian/ unstable/main mime-support all 3.54 [36.4 kB]
Get:20 http://localhost:9999/debian/ unstable/main libpython2.7-stdlib amd64 2.7.5-6 [2482 kB]
Get:21 http://localhost:9999/debian/ unstable/main python2.7 amd64 2.7.5-6 [229 kB]
Get:22 http://localhost:9999/debian/ unstable/main python-minimal amd64 2.7.5-2 [42.7 kB]
Get:23 http://localhost:9999/debian/ unstable/main libpython-stdlib amd64 2.7.5-2 [19.6 kB]
Get:24 http://localhost:9999/debian/ unstable/main python amd64 2.7.5-2 [186 kB]
Get:25 http://localhost:9999/debian/ unstable/main libtext-unidecode-perl all 0.04-2 [115 kB]
Get:26 http://localhost:9999/debian/ unstable/main libintl-perl all 1.23-1 [1209 kB]
Get:27 http://localhost:9999/debian/ unstable/main libxml-namespacesupport-perl all 1.09-3 [15.3 kB]
Get:28 http://localhost:9999/debian/ unstable/main libxml-sax-base-perl all 1.07-1 [23.1 kB]
Get:29 http://localhost:9999/debian/ unstable/main libxml-sax-perl all 0.99+dfsg-2 [68.3 kB]
Get:30 http://localhost:9999/debian/ unstable/main libxml-libxml-perl amd64 2.0010+dfsg-1 [412 kB]
Get:31 http://localhost:9999/debian/ unstable/main texinfo amd64 5.1.dfsg.1-4 [1350 kB]
Get:32 http://localhost:9999/debian/ unstable/main gettext amd64 0.18.3-1 [1898 kB]
Get:33 http://localhost:9999/debian/ unstable/main intltool-debian all 0.35.0+20060710.1 [30.8 kB]
Get:34 http://localhost:9999/debian/ unstable/main po-debconf all 1.0.16+nmu2 [224 kB]
Get:35 http://localhost:9999/debian/ unstable/main debhelper all 9.20130630 [710 kB]
Get:36 http://localhost:9999/debian/ unstable/main systemtap-sdt-dev amd64 2.2.1-1 [25.0 kB]
Get:37 http://localhost:9999/debian/ unstable/main liburcu1 amd64 0.7.6-2 [61.6 kB]
Get:38 http://localhost:9999/debian/ unstable/main liburcu-dev amd64 0.7.6-2 [95.9 kB]
Get:39 http://localhost:9999/debian/ unstable/main uuid-dev amd64 2.20.1-5.5 [72.7 kB]
debconf: delaying package configuration, since apt-utils is not installed
Fetched 19.3 MB in 1s (15.0 MB/s)
Selecting previously unselected package libncursesw5:amd64.
(Reading database ... 14701 files and directories currently installed.)
Unpacking libncursesw5:amd64 (from .../libncursesw5_5.9+20130608-1_amd64.deb) ...
Selecting previously unselected package libpipeline1:amd64.
Unpacking libpipeline1:amd64 (from .../libpipeline1_1.2.4-1_amd64.deb) ...
Selecting previously unselected package libssl1.0.0:amd64.
Unpacking libssl1.0.0:amd64 (from .../libssl1.0.0_1.0.1e-3_amd64.deb) ...
Selecting previously unselected package groff-base.
Unpacking groff-base (from .../groff-base_1.22.2-3_amd64.deb) ...
Selecting previously unselected package bsdmainutils.
Unpacking bsdmainutils (from .../bsdmainutils_9.0.5_amd64.deb) ...
Selecting previously unselected package man-db.
Unpacking man-db (from .../man-db_2.6.5-2_amd64.deb) ...
Selecting previously unselected package libasprintf0c2:amd64.
Unpacking libasprintf0c2:amd64 (from .../libasprintf0c2_0.18.3-1_amd64.deb) ...
Selecting previously unselected package libmagic1:amd64.
Unpacking libmagic1:amd64 (from .../libmagic1_1%3a5.14-2_amd64.deb) ...
Selecting previously unselected package libsqlite3-0:amd64.
Unpacking libsqlite3-0:amd64 (from .../libsqlite3-0_3.7.17-1_amd64.deb) ...
Selecting previously unselected package libxml2:amd64.
Unpacking libxml2:amd64 (from .../libxml2_2.9.1+dfsg1-2_amd64.deb) ...
Selecting previously unselected package libglib2.0-0:amd64.
Unpacking libglib2.0-0:amd64 (from .../libglib2.0-0_2.36.3-3_amd64.deb) ...
Selecting previously unselected package libcroco3:amd64.
Unpacking libcroco3:amd64 (from .../libcroco3_0.6.8-2_amd64.deb) ...
Selecting previously unselected package libexpat1:amd64.
Unpacking libexpat1:amd64 (from .../libexpat1_2.1.0-4_amd64.deb) ...
Selecting previously unselected package libunistring0:amd64.
Unpacking libunistring0:amd64 (from .../libunistring0_0.9.3-5_amd64.deb) ...
Selecting previously unselected package libpython2.7-minimal.
Unpacking libpython2.7-minimal (from .../libpython2.7-minimal_2.7.5-6_amd64.deb) ...
Selecting previously unselected package python2.7-minimal.
Unpacking python2.7-minimal (from .../python2.7-minimal_2.7.5-6_amd64.deb) ...
Selecting previously unselected package file.
Unpacking file (from .../file_1%3a5.14-2_amd64.deb) ...
Selecting previously unselected package gettext-base.
Unpacking gettext-base (from .../gettext-base_0.18.3-1_amd64.deb) ...
Selecting previously unselected package mime-support.
Unpacking mime-support (from .../mime-support_3.54_all.deb) ...
Selecting previously unselected package libpython2.7-stdlib.
Unpacking libpython2.7-stdlib (from .../libpython2.7-stdlib_2.7.5-6_amd64.deb) ...
Selecting previously unselected package python2.7.
Unpacking python2.7 (from .../python2.7_2.7.5-6_amd64.deb) ...
Selecting previously unselected package python-minimal.
Unpacking python-minimal (from .../python-minimal_2.7.5-2_amd64.deb) ...
Selecting previously unselected package libpython-stdlib:amd64.
Unpacking libpython-stdlib:amd64 (from .../libpython-stdlib_2.7.5-2_amd64.deb) ...
Selecting previously unselected package python.
Unpacking python (from .../python_2.7.5-2_amd64.deb) ...
Selecting previously unselected package libtext-unidecode-perl.
Unpacking libtext-unidecode-perl (from .../libtext-unidecode-perl_0.04-2_all.deb) ...
Selecting previously unselected package libintl-perl.
Unpacking libintl-perl (from .../libintl-perl_1.23-1_all.deb) ...
Selecting previously unselected package libxml-namespacesupport-perl.
Unpacking libxml-namespacesupport-perl (from .../libxml-namespacesupport-perl_1.09-3_all.deb) ...
Selecting previously unselected package libxml-sax-base-perl.
Unpacking libxml-sax-base-perl (from .../libxml-sax-base-perl_1.07-1_all.deb) ...
Selecting previously unselected package libxml-sax-perl.
Unpacking libxml-sax-perl (from .../libxml-sax-perl_0.99+dfsg-2_all.deb) ...
Selecting previously unselected package libxml-libxml-perl.
Unpacking libxml-libxml-perl (from .../libxml-libxml-perl_2.0010+dfsg-1_amd64.deb) ...
Selecting previously unselected package texinfo.
Unpacking texinfo (from .../texinfo_5.1.dfsg.1-4_amd64.deb) ...
Selecting previously unselected package gettext.
Unpacking gettext (from .../gettext_0.18.3-1_amd64.deb) ...
Selecting previously unselected package intltool-debian.
Unpacking intltool-debian (from .../intltool-debian_0.35.0+20060710.1_all.deb) ...
Selecting previously unselected package po-debconf.
Unpacking po-debconf (from .../po-debconf_1.0.16+nmu2_all.deb) ...
Selecting previously unselected package debhelper.
Unpacking debhelper (from .../debhelper_9.20130630_all.deb) ...
Selecting previously unselected package systemtap-sdt-dev.
Unpacking systemtap-sdt-dev (from .../systemtap-sdt-dev_2.2.1-1_amd64.deb) ...
Selecting previously unselected package liburcu1.
Unpacking liburcu1 (from .../liburcu1_0.7.6-2_amd64.deb) ...
Selecting previously unselected package liburcu-dev.
Unpacking liburcu-dev (from .../liburcu-dev_0.7.6-2_amd64.deb) ...
Selecting previously unselected package uuid-dev.
Unpacking uuid-dev (from .../uuid-dev_2.20.1-5.5_amd64.deb) ...
Selecting previously unselected package sbuild-build-depends-ust-dummy.
Unpacking sbuild-build-depends-ust-dummy (from .../sbuild-build-depends-ust-dummy.deb) ...
Setting up libncursesw5:amd64 (5.9+20130608-1) ...
Setting up libpipeline1:amd64 (1.2.4-1) ...
Setting up libssl1.0.0:amd64 (1.0.1e-3) ...
Setting up groff-base (1.22.2-3) ...
Setting up bsdmainutils (9.0.5) ...
update-alternatives: using /usr/bin/bsd-write to provide /usr/bin/write (write) in auto mode
update-alternatives: using /usr/bin/bsd-from to provide /usr/bin/from (from) in auto mode
Setting up man-db (2.6.5-2) ...
Not building database; man-db/auto-update is not 'true'.
Setting up libasprintf0c2:amd64 (0.18.3-1) ...
Setting up libmagic1:amd64 (1:5.14-2) ...
Setting up libsqlite3-0:amd64 (3.7.17-1) ...
Setting up libxml2:amd64 (2.9.1+dfsg1-2) ...
Setting up libglib2.0-0:amd64 (2.36.3-3) ...
No schema files found: doing nothing.
Setting up libcroco3:amd64 (0.6.8-2) ...
Setting up libexpat1:amd64 (2.1.0-4) ...
Setting up libunistring0:amd64 (0.9.3-5) ...
Setting up libpython2.7-minimal (2.7.5-6) ...
Setting up python2.7-minimal (2.7.5-6) ...
Setting up file (1:5.14-2) ...
Setting up gettext-base (0.18.3-1) ...
Setting up mime-support (3.54) ...
Setting up libpython2.7-stdlib (2.7.5-6) ...
Setting up python2.7 (2.7.5-6) ...
Setting up python-minimal (2.7.5-2) ...
Setting up libpython-stdlib:amd64 (2.7.5-2) ...
Setting up python (2.7.5-2) ...
Setting up libtext-unidecode-perl (0.04-2) ...
Setting up libintl-perl (1.23-1) ...
Setting up libxml-namespacesupport-perl (1.09-3) ...
Setting up libxml-sax-base-perl (1.07-1) ...
Setting up libxml-sax-perl (0.99+dfsg-2) ...
update-perl-sax-parsers: Registering Perl SAX parser XML::SAX::PurePerl with priority 10...
update-perl-sax-parsers: Updating overall Perl SAX parser modules info file...

Creating config file /etc/perl/XML/SAX/ParserDetails.ini with new version
Setting up libxml-libxml-perl (2.0010+dfsg-1) ...
update-perl-sax-parsers: Registering Perl SAX parser XML::LibXML::SAX::Parser with priority 50...
update-perl-sax-parsers: Registering Perl SAX parser XML::LibXML::SAX with priority 50...
update-perl-sax-parsers: Updating overall Perl SAX parser modules info file...
Replacing config file /etc/perl/XML/SAX/ParserDetails.ini with new version
Setting up texinfo (5.1.dfsg.1-4) ...
Setting up gettext (0.18.3-1) ...
Setting up intltool-debian (0.35.0+20060710.1) ...
Setting up po-debconf (1.0.16+nmu2) ...
Setting up debhelper (9.20130630) ...
Setting up systemtap-sdt-dev (2.2.1-1) ...
Setting up liburcu1 (0.7.6-2) ...
Setting up liburcu-dev (0.7.6-2) ...
Setting up uuid-dev (2.20.1-5.5) ...
Setting up sbuild-build-depends-ust-dummy (0.invalid.0) ...
Processing triggers for libc-bin ...

┌──────────────────────────────────────────────────────────────────────────────┐
│ Build environment                                                            │
└──────────────────────────────────────────────────────────────────────────────┘

Kernel: Linux 2.6.32-5-xen-amd64 amd64 (x86_64)
Toolchain package versions: binutils_2.23.52.20130620-1 dpkg-dev_1.16.10 g++-4.6_4.6.4-4 g++-4.8_4.8.1-6 gcc-4.6_4.6.4-4 gcc-4.7_4.7.3-6 gcc-4.8_4.8.1-6 libc6-dev_2.17-7 libstdc++-4.8-dev_4.8.1-6 libstdc++6_4.8.1-6 libstdc++6-4.6-dev_4.6.4-4 libstdc++6-4.7-dev_4.7.3-6 linux-libc-dev_3.10.1-1
Package versions: apt_0.9.9.1 base-files_7.2 base-passwd_3.5.26 bash_4.2+dfsg-1 binutils_2.23.52.20130620-1 bsdmainutils_9.0.5 bsdutils_1:2.20.1-5.5 build-essential_11.6 bzip2_1.0.6-4 clang-3.3_1:3.3-3 coreutils_8.20-3 cpp_4:4.8.1-2 cpp-4.6_4.6.4-4 cpp-4.7_4.7.3-6 cpp-4.8_4.8.1-6 dash_0.5.7-3 debconf_1.5.50 debconf-i18n_1.5.50 debfoster_2.7-1.2 debhelper_9.20130630 debian-archive-keyring_2012.4 debianutils_4.3.4 diffutils_1:3.2-8 dpkg_1.16.10 dpkg-dev_1.16.10 e2fslibs_1.42.8-1 e2fsprogs_1.42.8-1 fakeroot_1.19-2 file_1:5.14-2 findutils_4.4.2-6 g++_4:4.8.1-2 g++-4.6_4.6.4-4 g++-4.8_4.8.1-6 gcc_4:4.8.1-2 gcc-4.4-base_4.4.7-4 gcc-4.5-base_4.5.4-1 gcc-4.6_4.6.4-4 gcc-4.6-base_4.6.4-4 gcc-4.7_4.7.3-6 gcc-4.7-base_4.7.3-6 gcc-4.8_4.8.1-6 gcc-4.8-base_4.8.1-6 gettext_0.18.3-1 gettext-base_0.18.3-1 gnupg_1.4.12-7 gpgv_1.4.12-7 grep_2.14-2 groff-base_1.22.2-3 gzip_1.6-1 hostname_3.13 initscripts_2.88dsf-43 insserv_1.14.0-5 intltool-debian_0.35.0+20060710.1 libacl1_2.2.52-1 libapt-pkg4.12_0.9.9.1 libasan0_4.8.1-6 libasprintf0c2_0.18.3-1 libatomic1_4.8.1-6 libattr1_1:2.4.47-1 libblkid1_2.20.1-5.5 libbz2-1.0_1.0.6-4 libc-bin_2.17-7 libc-dev-bin_2.17-7 libc6_2.17-7 libc6-dev_2.17-7 libcap2_1:2.22-1.2 libclang-common-3.3-dev_1:3.3-3 libclang1-3.3_1:3.3-3 libclass-isa-perl_0.36-5 libcloog-isl4_0.18.0-2 libcloog-ppl1_0.16.1-3 libcomerr2_1.42.8-1 libcroco3_0.6.8-2 libdb5.1_5.1.29-6 libdpkg-perl_1.16.10 libexpat1_2.1.0-4 libffi6_3.0.13-4 libfile-fcntllock-perl_0.14-2 libgc1c2_1:7.2d-5 libgcc-4.7-dev_4.7.3-6 libgcc-4.8-dev_4.8.1-6 libgcc1_1:4.8.1-6 libgdbm3_1.8.3-12 libglib2.0-0_2.36.3-3 libgmp10_2:5.1.2+dfsg-2 libgmpxx4ldbl_2:5.1.2+dfsg-2 libgomp1_4.8.1-6 libgpm2_1.20.4-6.1 libintl-perl_1.23-1 libisl10_0.11.2-1 libitm1_4.8.1-6 libllvm3.3_1:3.3-3 liblocale-gettext-perl_1.05-7+b1 liblzma5_5.1.1alpha+20120614-2 libmagic1_1:5.14-2 libmount1_2.20.1-5.5 libmpc2_0.9-4 libmpc3_1.0.1-1 libmpfr4_3.1.1-1 libncurses5_5.9+20130608-1 libncursesw5_5.9+20130608-1 libobjc-4.7-dev_4.7.3-6 libobjc4_4.8.1-6 libpam-modules_1.1.3-9 libpam-modules-bin_1.1.3-9 libpam-runtime_1.1.3-9 libpam0g_1.1.3-9 libpcre3_1:8.31-2 libpipeline1_1.2.4-1 libppl-c4_1:1.0-7 libppl12_1:1.0-7 libpython-stdlib_2.7.5-2 libpython2.7-minimal_2.7.5-6 libpython2.7-stdlib_2.7.5-6 libquadmath0_4.8.1-6 libreadline6_6.2+dfsg-0.1 libselinux1_2.1.13-2 libsemanage-common_2.1.10-2 libsemanage1_2.1.10-2 libsepol1_2.1.9-2 libslang2_2.2.4-15 libsqlite3-0_3.7.17-1 libss2_1.42.8-1 libssl1.0.0_1.0.1e-3 libstdc++-4.8-dev_4.8.1-6 libstdc++6_4.8.1-6 libstdc++6-4.6-dev_4.6.4-4 libstdc++6-4.7-dev_4.7.3-6 libswitch-perl_2.16-2 libtext-charwidth-perl_0.04-7+b1 libtext-iconv-perl_1.7-5 libtext-unidecode-perl_0.04-2 libtext-wrapi18n-perl_0.06-7 libtimedate-perl_1.2000-1 libtinfo5_5.9+20130608-1 libtsan0_4.8.1-6 libunistring0_0.9.3-5 liburcu-dev_0.7.6-2 liburcu1_0.7.6-2 libusb-0.1-4_2:0.1.12-23.2 libustr-1.0-1_1.0.4-3 libuuid1_2.20.1-5.5 libxml-libxml-perl_2.0010+dfsg-1 libxml-namespacesupport-perl_1.09-3 libxml-sax-base-perl_1.07-1 libxml-sax-perl_0.99+dfsg-2 libxml2_2.9.1+dfsg1-2 linux-libc-dev_3.10.1-1 login_1:4.1.5.1-1 lsb-base_4.1+Debian12 make_3.81-8.2 man-db_2.6.5-2 mawk_1.3.3-17 mime-support_3.54 mount_2.20.1-5.5 multiarch-support_2.17-7 ncurses-base_5.9+20130608-1 ncurses-bin_5.9+20130608-1 passwd_1:4.1.5.1-1 patch_2.7.1-3 perl_5.14.2-21 perl-base_5.14.2-21 perl-modules_5.14.2-21 po-debconf_1.0.16+nmu2 python_2.7.5-2 python-minimal_2.7.5-2 python2.7_2.7.5-6 python2.7-minimal_2.7.5-6 readline-common_6.2+dfsg-0.1 sbuild-build-depends-core-dummy_0.invalid.0 sbuild-build-depends-ust-dummy_0.invalid.0 sed_4.2.2-1 sensible-utils_0.0.9 sudo_1.8.5p2-1+nmu1 systemtap-sdt-dev_2.2.1-1 sysv-rc_2.88dsf-43 sysvinit_2.88dsf-43 sysvinit-utils_2.88dsf-43 tar_1.26+dfsg-6 texinfo_5.1.dfsg.1-4 tzdata_2013c-2 ucf_3.0027+nmu1 util-linux_2.20.1-5.5 uuid-dev_2.20.1-5.5 vim_2:7.3.923-3 vim-common_2:7.3.923-3 vim-runtime_2:7.3.923-3 xz-utils_5.1.1alpha+20120614-2 zlib1g_1:1.2.8.dfsg-1

┌──────────────────────────────────────────────────────────────────────────────┐
│ Build                                                                        │
└──────────────────────────────────────────────────────────────────────────────┘


Unpack source
─────────────

gpgv: keyblock resource `/sbuild-nonexistent/.gnupg/trustedkeys.gpg': file open error
gpgv: Signature made Thu Feb 28 09:02:27 2013 UTC using DSA key ID 5912C27E
gpgv: Can't check signature: public key not found
dpkg-source: warning: failed to verify signature on ./ust_2.1.1-2.dsc
dpkg-source: info: extracting ust in ust-2.1.1
dpkg-source: info: unpacking ust_2.1.1.orig.tar.gz
dpkg-source: info: unpacking ust_2.1.1-2.debian.tar.gz

Check disc space
────────────────

Sufficient free space for build

Hack binNMU version
───────────────────

Created changelog entry for binNMU version 2.1.1-2clang1

User Environment
────────────────

HOME=/sbuild-nonexistent
LOGNAME=user
PATH=/usr/local/sbin:/usr/local/bin:/usr/sbin:/usr/bin:/sbin:/bin:/usr/games
SCHROOT_ALIAS_NAME=unstable-amd64-sbuild
SCHROOT_CHROOT_NAME=unstable-amd64-sbuild
SCHROOT_COMMAND=env
SCHROOT_GID=1000
SCHROOT_GROUP=user
SCHROOT_SESSION_ID=unstable-amd64-sbuild-75ecadac-82fa-4e6a-ae32-7e209ed1c7fe
SCHROOT_UID=1000
SCHROOT_USER=user
SHELL=/bin/sh
USER=user

dpkg-buildpackage
─────────────────

dpkg-buildpackage: source package ust
dpkg-buildpackage: source version 2.1.1-2clang1
 dpkg-source --before-build ust-2.1.1
dpkg-buildpackage: host architecture amd64
 fakeroot debian/rules clean
dh clean
   dh_testdir
   dh_auto_clean
   dh_clean
 debian/rules build-arch
dh build-arch
   dh_testdir -a
   debian/rules override_dh_auto_configure
make[1]: Entering directory `/«PKGBUILDDIR»'
dh_auto_configure -- --with-sdt
configure: WARNING: unrecognized options: --disable-maintainer-mode
checking build system type... x86_64-pc-linux-gnu
checking host system type... x86_64-pc-linux-gnu
checking target system type... x86_64-pc-linux-gnu
checking for a BSD-compatible install... /usr/bin/install -c
checking whether build environment is sane... yes
checking for a thread-safe mkdir -p... /bin/mkdir -p
checking for gawk... no
checking for mawk... mawk
checking whether make sets $(MAKE)... yes
checking whether make supports nested variables... yes
checking for a sed that does not truncate output... /bin/sed
checking for grep that handles long lines and -e... /bin/grep
checking for occurence(s) of link_all_deplibs = no in ./config/libtool.m4... none
checking for gcc... gcc
checking whether the C compiler works... yes
checking for C compiler default output file name... a.out
checking for suffix of executables... 
checking whether we are cross compiling... no
checking for suffix of object files... o
checking whether we are using the GNU C compiler... yes
checking whether gcc accepts -g... yes
checking for gcc option to accept ISO C89... none needed
checking for style of include used by make... GNU
checking dependency style of gcc... none
checking for g++... g++
checking whether we are using the GNU C++ compiler... yes
checking whether g++ accepts -g... yes
checking dependency style of g++... none
checking whether make sets $(MAKE)... (cached) yes
checking how to print strings... printf
checking for a sed that does not truncate output... (cached) /bin/sed
checking for egrep... /bin/grep -E
checking for fgrep... /bin/grep -F
checking for ld used by gcc... /usr/bin/ld
checking if the linker (/usr/bin/ld) is GNU ld... yes
checking for BSD- or MS-compatible name lister (nm)... /usr/bin/nm -B
checking the name lister (/usr/bin/nm -B) interface... BSD nm
checking whether ln -s works... yes
checking the maximum length of command line arguments... 3458764513820540925
checking whether the shell understands some XSI constructs... yes
checking whether the shell understands "+="... yes
checking how to convert x86_64-pc-linux-gnu file names to x86_64-pc-linux-gnu format... func_convert_file_noop
checking how to convert x86_64-pc-linux-gnu file names to toolchain format... func_convert_file_noop
checking for /usr/bin/ld option to reload object files... -r
checking for objdump... objdump
checking how to recognize dependent libraries... pass_all
checking for dlltool... no
checking how to associate runtime and link libraries... printf %s\n
checking for ar... ar
checking for archiver @FILE support... @
checking for strip... strip
checking for ranlib... ranlib
checking command to parse /usr/bin/nm -B output from gcc object... ok
checking for sysroot... no
checking for mt... no
checking if : is a manifest tool... no
checking how to run the C preprocessor... gcc -E
checking for ANSI C header files... yes
checking for sys/types.h... yes
checking for sys/stat.h... yes
checking for stdlib.h... yes
checking for string.h... yes
checking for memory.h... yes
checking for strings.h... yes
checking for inttypes.h... yes
checking for stdint.h... yes
checking for unistd.h... yes
checking for dlfcn.h... yes
checking for objdir... .libs
checking if gcc supports -fno-rtti -fno-exceptions... yes
checking for gcc option to produce PIC... -fPIC -DPIC
checking if gcc PIC flag -fPIC -DPIC works... yes
checking if gcc static flag -static works... yes
checking if gcc supports -c -o file.o... yes
checking if gcc supports -c -o file.o... (cached) yes
checking whether the gcc linker (/usr/bin/ld -m elf_x86_64) supports shared libraries... yes
checking whether -lc should be explicitly linked in... no
checking dynamic linker characteristics... GNU/Linux ld.so
checking how to hardcode library paths into programs... immediate
checking whether stripping libraries is possible... yes
checking if libtool supports shared libraries... yes
checking whether to build shared libraries... yes
checking whether to build static libraries... yes
checking how to run the C++ preprocessor... g++ -E
checking for ld used by g++... /usr/bin/ld -m elf_x86_64
checking if the linker (/usr/bin/ld -m elf_x86_64) is GNU ld... yes
checking whether the g++ linker (/usr/bin/ld -m elf_x86_64) supports shared libraries... yes
checking for g++ option to produce PIC... -fPIC -DPIC
checking if g++ PIC flag -fPIC -DPIC works... yes
checking if g++ static flag -static works... yes
checking if g++ supports -c -o file.o... yes
checking if g++ supports -c -o file.o... (cached) yes
checking whether the g++ linker (/usr/bin/ld -m elf_x86_64) supports shared libraries... yes
checking dynamic linker characteristics... (cached) GNU/Linux ld.so
checking how to hardcode library paths into programs... immediate
checking whether the C++ compiler works... yes
checking for dlopen in -ldl... yes
checking for pthread_create in -lpthread... yes
checking for uuid_generate in -luuid... yes
checking for inline... inline
checking for stdlib.h... (cached) yes
checking for GNU libc compatible malloc... yes
checking for gettimeofday... yes
checking for munmap... yes
checking for socket... yes
checking for strerror... yes
checking for strtol... yes
checking for sched_getcpu... yes
checking for sysconf... yes
checking urcu-bp.h usability... yes
checking urcu-bp.h presence... yes
checking for urcu-bp.h... yes
checking for _cds_lfht_new in -lurcu-cds... yes
checking caa_likely()... yes
checking for synchronize_rcu_bp in -lurcu-bp... yes
checking for call_rcu_bp in -lurcu-bp... yes
configure: error: The sdt.h integration was requested but the STAP_PROBEV define cannot be used. Make sure it is installed, and up to date, or use CPPFLAGS=-I/path/ to specify a non-standard path to sys/sdt.h
checking host system alignment requirements... checking STAP_PROBEV()... no
==> config.log <==
This file contains any messages produced by compilers while
running configure, to aid debugging if configure makes a mistake.

It was created by lttng-ust configure 2.1.1, which was
generated by GNU Autoconf 2.69.  Invocation command line was

  $ ./configure --build=x86_64-linux-gnu --prefix=/usr --includedir=${prefix}/include --mandir=${prefix}/share/man --infodir=${prefix}/share/info --sysconfdir=/etc --localstatedir=/var --libdir=${prefix}/lib/x86_64-linux-gnu --libexecdir=${prefix}/lib/x86_64-linux-gnu --disable-maintainer-mode --disable-dependency-tracking --with-sdt

## --------- ##
## Platform. ##
## --------- ##

hostname = ip-10-235-5-15
uname -m = x86_64
uname -r = 2.6.32-5-xen-amd64
uname -s = Linux
uname -v = #1 SMP Sun Sep 23 13:49:30 UTC 2012

/usr/bin/uname -p = unknown
/bin/uname -X     = unknown

/bin/arch              = unknown
/usr/bin/arch -k       = unknown
/usr/convex/getsysinfo = unknown
/usr/bin/hostinfo      = unknown
/bin/machine           = unknown
/usr/bin/oslevel       = unknown
/bin/universe          = unknown

PATH: /usr/local/sbin
PATH: /usr/local/bin
PATH: /usr/sbin
PATH: /usr/bin
PATH: /sbin
PATH: /bin
PATH: /usr/games


## ----------- ##
## Core tests. ##
## ----------- ##

configure:2420: checking build system type
configure:2434: result: x86_64-pc-linux-gnu
configure:2454: checking host system type
configure:2467: result: x86_64-pc-linux-gnu
configure:2487: checking target system type
configure:2500: result: x86_64-pc-linux-gnu
configure:2544: checking for a BSD-compatible install
configure:2612: result: /usr/bin/install -c
configure:2623: checking whether build environment is sane
configure:2673: result: yes
configure:2814: checking for a thread-safe mkdir -p
configure:2853: result: /bin/mkdir -p
configure:2866: checking for gawk
configure:2896: result: no
configure:2866: checking for mawk
configure:2882: found /usr/bin/mawk
configure:2893: result: mawk
configure:2904: checking whether make sets $(MAKE)
configure:2926: result: yes
configure:3017: checking whether make supports nested variables
configure:3034: result: yes
configure:3054: checking for a sed that does not truncate output
configure:3118: result: /bin/sed
configure:3161: checking for grep that handles long lines and -e
configure:3219: result: /bin/grep
configure:3237: checking for occurence(s) of link_all_deplibs = no in ./config/libtool.m4
configure:3250: result: none
configure:3315: checking for gcc
configure:3331: found /usr/bin/gcc
configure:3342: result: gcc
configure:3571: checking for C compiler version
configure:3580: gcc --version >&5
Debian clang version 3.3-3 (branches/release_33) (based on LLVM 3.3)
Target: x86_64-pc-linux-gnu
Thread model: posix
configure:3591: $? = 0
configure:3580: gcc -v >&5
Debian clang version 3.3-3 (branches/release_33) (based on LLVM 3.3)
Target: x86_64-pc-linux-gnu
Thread model: posix
configure:3591: $? = 0
configure:3580: gcc -V >&5
clang: error: argument to '-V' is missing (expected 1 value)
clang: error: no input files
configure:3591: $? = 1
configure:3580: gcc -qversion >&5
clang: error: no input files
configure:3591: $? = 1
configure:3611: checking whether the C compiler works
configure:3633: gcc -g -O2 -fstack-protector --param=ssp-buffer-size=4 -Wformat -Werror=format-security -D_FORTIFY_SOURCE=2 -Wl,-z,relro conftest.c  >&5
configure:3637: $? = 0
configure:3685: result: yes
configure:3688: checking for C compiler default output file name
configure:3690: result: a.out
configure:3696: checking for suffix of executables
configure:3703: gcc -o conftest -g -O2 -fstack-protector --param=ssp-buffer-size=4 -Wformat -Werror=format-security -D_FORTIFY_SOURCE=2 -Wl,-z,relro conftest.c  >&5
configure:3707: $? = 0
configure:3729: result: 
configure:3751: checking whether we are cross compiling
configure:3759: gcc -o conftest -g -O2 -fstack-protector --param=ssp-buffer-size=4 -Wformat -Werror=format-security -D_FORTIFY_SOURCE=2 -Wl,-z,relro conftest.c  >&5
configure:3763: $? = 0
configure:3770: ./conftest
configure:3774: $? = 0
configure:3789: result: no
configure:3794: checking for suffix of object files
configure:3816: gcc -c -g -O2 -fstack-protector --param=ssp-buffer-size=4 -Wformat -Werror=format-security -D_FORTIFY_SOURCE=2 conftest.c >&5
configure:3820: $? = 0
configure:3841: result: o
configure:3845: checking whether we are using the GNU C compiler
configure:3864: gcc -c -g -O2 -fstack-protector --param=ssp-buffer-size=4 -Wformat -Werror=format-security -D_FORTIFY_SOURCE=2 conftest.c >&5
configure:3864: $? = 0
configure:3873: result: yes
configure:3882: checking whether gcc accepts -g
configure:3902: gcc -c -g -D_FORTIFY_SOURCE=2 conftest.c >&5
configure:3902: $? = 0
configure:3943: result: yes
configure:3960: checking for gcc option to accept ISO C89
configure:4023: gcc  -c -g -O2 -fstack-protector --param=ssp-buffer-size=4 -Wformat -Werror=format-security -D_FORTIFY_SOURCE=2 conftest.c >&5
configure:4023: $? = 0
configure:4036: result: none needed
configure:4067: checking for style of include used by make
configure:4095: result: GNU
configure:4121: checking dependency style of gcc
configure:4232: result: none
configure:4305: checking for g++
configure:4321: found /usr/bin/g++
configure:4332: result: g++
configure:4359: checking for C++ compiler version
configure:4368: g++ --version >&5
Debian clang version 3.3-3 (branches/release_33) (based on LLVM 3.3)
Target: x86_64-pc-linux-gnu
Thread model: posix
configure:4379: $? = 0
configure:4368: g++ -v >&5
Debian clang version 3.3-3 (branches/release_33) (based on LLVM 3.3)
Target: x86_64-pc-linux-gnu
Thread model: posix
configure:4379: $? = 0
configure:4368: g++ -V >&5
clang: error: argument to '-V' is missing (expected 1 value)
clang: error: no input files
configure:4379: $? = 1
configure:4368: g++ -qversion >&5
clang: error: no input files
configure:4379: $? = 1
configure:4383: checking whether we are using the GNU C++ compiler
configure:4402: g++ -c -g -O2 -fstack-protector --param=ssp-buffer-size=4 -Wformat -Werror=format-security -D_FORTIFY_SOURCE=2 conftest.cpp >&5
configure:4402: $? = 0
configure:4411: result: yes
configure:4420: checking whether g++ accepts -g
configure:4440: g++ -c -g -D_FORTIFY_SOURCE=2 conftest.cpp >&5
configure:4440: $? = 0
configure:4481: result: yes
configure:4506: checking dependency style of g++
configure:4617: result: none
configure:4632: checking whether make sets $(MAKE)
configure:4654: result: yes
configure:4709: checking how to print strings
configure:4736: result: printf
configure:4757: checking for a sed that does not truncate output
configure:4821: result: /bin/sed
configure:4839: checking for egrep
configure:4901: result: /bin/grep -E
configure:4906: checking for fgrep
configure:4968: result: /bin/grep -F
configure:5003: checking for ld used by gcc
configure:5070: result: /usr/bin/ld
configure:5077: checking if the linker (/usr/bin/ld) is GNU ld
configure:5092: result: yes
configure:5104: checking for BSD- or MS-compatible name lister (nm)
configure:5153: result: /usr/bin/nm -B
configure:5283: checking the name lister (/usr/bin/nm -B) interface
configure:5290: gcc -c -g -O2 -fstack-protector --param=ssp-buffer-size=4 -Wformat -Werror=format-security -D_FORTIFY_SOURCE=2 conftest.c >&5
configure:5293: /usr/bin/nm -B "conftest.o"
configure:5296: output
0000000000000000 B some_variable
configure:5303: result: BSD nm
configure:5306: checking whether ln -s works
configure:5310: result: yes
configure:5318: checking the maximum length of command line arguments
configure:5448: result: 3458764513820540925
configure:5465: checking whether the shell understands some XSI constructs
configure:5475: result: yes
configure:5479: checking whether the shell understands "+="
configure:5485: result: yes
configure:5520: checking how to convert x86_64-pc-linux-gnu file names to x86_64-pc-linux-gnu format
configure:5560: result: func_convert_file_noop
configure:5567: checking how to convert x86_64-pc-linux-gnu file names to toolchain format
configure:5587: result: func_convert_file_noop
configure:5594: checking for /usr/bin/ld option to reload object files
configure:5601: result: -r
dh_auto_configure: ./configure --build=x86_64-linux-gnu --prefix=/usr --includedir=${prefix}/include --mandir=${prefix}/share/man --infodir=${prefix}/share/info --sysconfdir=/etc --localstatedir=/var --libdir=${prefix}/lib/x86_64-linux-gnu --libexecdir=${prefix}/lib/x86_64-linux-gnu --disable-maintainer-mode --disable-dependency-tracking --with-sdt returned exit code 1
make[1]: *** [override_dh_auto_configure] Error 255
configure:5675: checking for objdump
configure:5691: found /usr/bin/objdump
configure:5702: result: objdump
configure:5734: checking how to recognize dependent libraries
configure:5936: result: pass_all
configure:6021: checking for dlltool
configure:6051: result: no
configure:6081: checking how to associate runtime and link libraries
configure:6108: result: printf %s\n
configure:6169: checking for ar
configure:6185: found /usr/bin/ar
configure:6196: result: ar
configure:6233: checking for archiver @FILE support
configure:6250: gcc -c -g -O2 -fstack-protector --param=ssp-buffer-size=4 -Wformat -Werror=format-security -D_FORTIFY_SOURCE=2 conftest.c >&5
configure:6250: $? = 0
configure:6253: ar cru libconftest.a @conftest.lst >&5
configure:6256: $? = 0
configure:6261: ar cru libconftest.a @conftest.lst >&5
ar: conftest.o: No such file or directory
configure:6264: $? = 1
configure:6276: result: @
configure:6334: checking for strip
configure:6350: found /usr/bin/strip
configure:6361: result: strip
configure:6433: checking for ranlib
configure:6449: found /usr/bin/ranlib
configure:6460: result: ranlib
configure:6562: checking command to parse /usr/bin/nm -B output from gcc object
configure:6682: gcc -c -g -O2 -fstack-protector --param=ssp-buffer-size=4 -Wformat -Werror=format-security -D_FORTIFY_SOURCE=2 conftest.c >&5
configure:6685: $? = 0
configure:6689: /usr/bin/nm -B conftest.o \| sed -n -e 's/^.*[ ]\([ABCDGIRSTW][ABCDGIRSTW]*\)[ ][ ]*\([_A-Za-z][_A-Za-z0-9]*\)$/\1 \2 \2/p' | sed '/ __gnu_lto/d' \> conftest.nm
configure:6692: $? = 0
configure:6758: gcc -o conftest -g -O2 -fstack-protector --param=ssp-buffer-size=4 -Wformat -Werror=format-security -D_FORTIFY_SOURCE=2 -Wl,-z,relro conftest.c conftstm.o >&5
configure:6761: $? = 0
configure:6799: result: ok
configure:6836: checking for sysroot
configure:6866: result: no
configure:6943: gcc -c -g -O2 -fstack-protector --param=ssp-buffer-size=4 -Wformat -Werror=format-security -D_FORTIFY_SOURCE=2 conftest.c >&5
configure:6946: $? = 0
configure:7122: checking for mt
configure:7152: result: no
configure:7172: checking if : is a manifest tool
configure:7178: : '-?'
configure:7186: result: no
configure:7828: checking how to run the C preprocessor
configure:7859: gcc -E -D_FORTIFY_SOURCE=2 conftest.c
configure:7859: $? = 0
configure:7873: gcc -E -D_FORTIFY_SOURCE=2 conftest.c
conftest.c:16:10: fatal error: 'ac_nonexistent.h' file not found
#include <ac_nonexistent.h>
         ^
1 error generated.
configure:7873: $? = 1
configure: failed program was:
| /* confdefs.h */
| #define PACKAGE_NAME "lttng-ust"
| #define PACKAGE_TARNAME "lttng-ust"
| #define PACKAGE_VERSION "2.1.1"
| #define PACKAGE_STRING "lttng-ust 2.1.1"
| #define PACKAGE_BUGREPORT "mathieu dot desnoyers at efficios dot com"
| #define PACKAGE_URL ""
| #define PACKAGE "lttng-ust"
| #define VERSION "2.1.1"
| #define VERSION_MAJOR 2
| #define VERSION_MINOR 1
| #define VERSION_PATCHLEVEL 1
| #define VERSION_NAME "Basse Messe"
| #define VERSION_DESCRIPTION "Light coloured German ale whose style was named after the city Cologne (Koln) where it was first brewed. It is a rather simple beer with lightly fruity aromas and a delicate hoppy fragrance. The beer has a pronounced malty taste with a subtle bitter aftertaste"
| /* end confdefs.h.  */
| #include <ac_nonexistent.h>
configure:7898: result: gcc -E
configure:7918: gcc -E -D_FORTIFY_SOURCE=2 conftest.c
configure:7918: $? = 0
configure:7932: gcc -E -D_FORTIFY_SOURCE=2 conftest.c
conftest.c:16:10: fatal error: 'ac_nonexistent.h' file not found
#include <ac_nonexistent.h>
         ^
1 error generated.
configure:7932: $? = 1
configure: failed program was:
| /* confdefs.h */
| #define PACKAGE_NAME "lttng-ust"
| #define PACKAGE_TARNAME "lttng-ust"
| #define PACKAGE_VERSION "2.1.1"
| #define PACKAGE_STRING "lttng-ust 2.1.1"
| #define PACKAGE_BUGREPORT "mathieu dot desnoyers at efficios dot com"
| #define PACKAGE_URL ""
| #define PACKAGE "lttng-ust"
| #define VERSION "2.1.1"
| #define VERSION_MAJOR 2
| #define VERSION_MINOR 1
| #define VERSION_PATCHLEVEL 1
| #define VERSION_NAME "Basse Messe"
| #define VERSION_DESCRIPTION "Light coloured German ale whose style was named after the city Cologne (Koln) where it was first brewed. It is a rather simple beer with lightly fruity aromas and a delicate hoppy fragrance. The beer has a pronounced malty taste with a subtle bitter aftertaste"
| /* end confdefs.h.  */
| #include <ac_nonexistent.h>
configure:7961: checking for ANSI C header files
configure:7981: gcc -c -g -O2 -fstack-protector --param=ssp-buffer-size=4 -Wformat -Werror=format-security -D_FORTIFY_SOURCE=2 conftest.c >&5
configure:7981: $? = 0
configure:8054: gcc -o conftest -g -O2 -fstack-protector --param=ssp-buffer-size=4 -Wformat -Werror=format-security -D_FORTIFY_SOURCE=2 -Wl,-z,relro conftest.c  >&5
configure:8054: $? = 0
configure:8054: ./conftest
configure:8054: $? = 0
configure:8065: result: yes
configure:8078: checking for sys/types.h
configure:8078: gcc -c -g -O2 -fstack-protector --param=ssp-buffer-size=4 -Wformat -Werror=format-security -D_FORTIFY_SOURCE=2 conftest.c >&5
configure:8078: $? = 0
configure:8078: result: yes
configure:8078: checking for sys/stat.h
configure:8078: gcc -c -g -O2 -fstack-protector --param=ssp-buffer-size=4 -Wformat -Werror=format-security -D_FORTIFY_SOURCE=2 conftest.c >&5
configure:8078: $? = 0
configure:8078: result: yes
configure:8078: checking for stdlib.h
configure:8078: gcc -c -g -O2 -fstack-protector --param=ssp-buffer-size=4 -Wformat -Werror=format-security -D_FORTIFY_SOURCE=2 conftest.c >&5
configure:8078: $? = 0
configure:8078: result: yes
configure:8078: checking for string.h
configure:8078: gcc -c -g -O2 -fstack-protector --param=ssp-buffer-size=4 -Wformat -Werror=format-security -D_FORTIFY_SOURCE=2 conftest.c >&5
configure:8078: $? = 0
configure:8078: result: yes
configure:8078: checking for memory.h
configure:8078: gcc -c -g -O2 -fstack-protector --param=ssp-buffer-size=4 -Wformat -Werror=format-security -D_FORTIFY_SOURCE=2 conftest.c >&5
configure:8078: $? = 0
configure:8078: result: yes
configure:8078: checking for strings.h
configure:8078: gcc -c -g -O2 -fstack-protector --param=ssp-buffer-size=4 -Wformat -Werror=format-security -D_FORTIFY_SOURCE=2 conftest.c >&5
configure:8078: $? = 0
configure:8078: result: yes
configure:8078: checking for inttypes.h
configure:8078: gcc -c -g -O2 -fstack-protector --param=ssp-buffer-size=4 -Wformat -Werror=format-security -D_FORTIFY_SOURCE=2 conftest.c >&5
configure:8078: $? = 0
configure:8078: result: yes
configure:8078: checking for stdint.h
configure:8078: gcc -c -g -O2 -fstack-protector --param=ssp-buffer-size=4 -Wformat -Werror=format-security -D_FORTIFY_SOURCE=2 conftest.c >&5
configure:8078: $? = 0
configure:8078: result: yes
configure:8078: checking for unistd.h
configure:8078: gcc -c -g -O2 -fstack-protector --param=ssp-buffer-size=4 -Wformat -Werror=format-security -D_FORTIFY_SOURCE=2 conftest.c >&5
configure:8078: $? = 0
configure:8078: result: yes
configure:8092: checking for dlfcn.h
configure:8092: gcc -c -g -O2 -fstack-protector --param=ssp-buffer-size=4 -Wformat -Werror=format-security -D_FORTIFY_SOURCE=2 conftest.c >&5
configure:8092: $? = 0
configure:8092: result: yes
configure:8309: checking for objdir
configure:8324: result: .libs
configure:8595: checking if gcc supports -fno-rtti -fno-exceptions
configure:8613: gcc -c -g -O2 -fstack-protector --param=ssp-buffer-size=4 -Wformat -Werror=format-security -D_FORTIFY_SOURCE=2 -fno-rtti -fno-exceptions conftest.c >&5
configure:8617: $? = 0
configure:8630: result: yes
configure:8957: checking for gcc option to produce PIC
configure:8964: result: -fPIC -DPIC
configure:8972: checking if gcc PIC flag -fPIC -DPIC works
configure:8990: gcc -c -g -O2 -fstack-protector --param=ssp-buffer-size=4 -Wformat -Werror=format-security -D_FORTIFY_SOURCE=2 -fPIC -DPIC -DPIC conftest.c >&5
configure:8994: $? = 0
configure:9007: result: yes
configure:9036: checking if gcc static flag -static works
configure:9064: result: yes
configure:9079: checking if gcc supports -c -o file.o
configure:9100: gcc -c -g -O2 -fstack-protector --param=ssp-buffer-size=4 -Wformat -Werror=format-security -D_FORTIFY_SOURCE=2 -o out/conftest2.o conftest.c >&5
configure:9104: $? = 0
configure:9126: result: yes
configure:9134: checking if gcc supports -c -o file.o
configure:9181: result: yes
configure:9214: checking whether the gcc linker (/usr/bin/ld -m elf_x86_64) supports shared libraries
configure:10371: result: yes
configure:10408: checking whether -lc should be explicitly linked in
configure:10416: gcc -c -g -O2 -fstack-protector --param=ssp-buffer-size=4 -Wformat -Werror=format-security -D_FORTIFY_SOURCE=2 conftest.c >&5
configure:10419: $? = 0
configure:10434: gcc -shared  -fPIC -DPIC conftest.o  -v -Wl,-soname -Wl,conftest -o conftest 2\>\&1 \| /bin/grep  -lc  \>/dev/null 2\>\&1
configure:10437: $? = 0
configure:10451: result: no
configure:10611: checking dynamic linker characteristics
configure:11122: gcc -o conftest -g -O2 -fstack-protector --param=ssp-buffer-size=4 -Wformat -Werror=format-security -D_FORTIFY_SOURCE=2 -Wl,-z,relro -Wl,-rpath -Wl,/foo conftest.c  >&5
configure:11122: $? = 0
configure:11356: result: GNU/Linux ld.so
configure:11463: checking how to hardcode library paths into programs
configure:11488: result: immediate
configure:12028: checking whether stripping libraries is possible
configure:12033: result: yes
configure:12068: checking if libtool supports shared libraries
configure:12070: result: yes
configure:12073: checking whether to build shared libraries
configure:12094: result: yes
configure:12097: checking whether to build static libraries
configure:12101: result: yes
configure:12124: checking how to run the C++ preprocessor
configure:12151: g++ -E -D_FORTIFY_SOURCE=2 conftest.cpp
configure:12151: $? = 0
configure:12165: g++ -E -D_FORTIFY_SOURCE=2 conftest.cpp
conftest.cpp:28:10: fatal error: 'ac_nonexistent.h' file not found
#include <ac_nonexistent.h>
         ^
1 error generated.
configure:12165: $? = 1
configure: failed program was:
| /* confdefs.h */
| #define PACKAGE_NAME "lttng-ust"
| #define PACKAGE_TARNAME "lttng-ust"
| #define PACKAGE_VERSION "2.1.1"
| #define PACKAGE_STRING "lttng-ust 2.1.1"
| #define PACKAGE_BUGREPORT "mathieu dot desnoyers at efficios dot com"
| #define PACKAGE_URL ""
| #define PACKAGE "lttng-ust"
| #define VERSION "2.1.1"
| #define VERSION_MAJOR 2
| #define VERSION_MINOR 1
| #define VERSION_PATCHLEVEL 1
| #define VERSION_NAME "Basse Messe"
| #define VERSION_DESCRIPTION "Light coloured German ale whose style was named after the city Cologne (Koln) where it was first brewed. It is a rather simple beer with lightly fruity aromas and a delicate hoppy fragrance. The beer has a pronounced malty taste with a subtle bitter aftertaste"
| #define STDC_HEADERS 1
| #define HAVE_SYS_TYPES_H 1
| #define HAVE_SYS_STAT_H 1
| #define HAVE_STDLIB_H 1
| #define HAVE_STRING_H 1
| #define HAVE_MEMORY_H 1
| #define HAVE_STRINGS_H 1
| #define HAVE_INTTYPES_H 1
| #define HAVE_STDINT_H 1
| #define HAVE_UNISTD_H 1
| #define HAVE_DLFCN_H 1
| #define LT_OBJDIR ".libs/"
| /* end confdefs.h.  */
| #include <ac_nonexistent.h>
configure:12190: result: g++ -E
configure:12210: g++ -E -D_FORTIFY_SOURCE=2 conftest.cpp
configure:12210: $? = 0
configure:12224: g++ -E -D_FORTIFY_SOURCE=2 conftest.cpp
conftest.cpp:28:10: fatal error: 'ac_nonexistent.h' file not found
#include <ac_nonexistent.h>
         ^
1 error generated.
configure:12224: $? = 1
configure: failed program was:
| /* confdefs.h */
| #define PACKAGE_NAME "lttng-ust"
| #define PACKAGE_TARNAME "lttng-ust"
| #define PACKAGE_VERSION "2.1.1"
| #define PACKAGE_STRING "lttng-ust 2.1.1"
| #define PACKAGE_BUGREPORT "mathieu dot desnoyers at efficios dot com"
| #define PACKAGE_URL ""
| #define PACKAGE "lttng-ust"
| #define VERSION "2.1.1"
| #define VERSION_MAJOR 2
| #define VERSION_MINOR 1
| #define VERSION_PATCHLEVEL 1
| #define VERSION_NAME "Basse Messe"
| #define VERSION_DESCRIPTION "Light coloured German ale whose style was named after the city Cologne (Koln) where it was first brewed. It is a rather simple beer with lightly fruity aromas and a delicate hoppy fragrance. The beer has a pronounced malty taste with a subtle bitter aftertaste"
| #define STDC_HEADERS 1
| #define HAVE_SYS_TYPES_H 1
| #define HAVE_SYS_STAT_H 1
| #define HAVE_STDLIB_H 1
| #define HAVE_STRING_H 1
| #define HAVE_MEMORY_H 1
| #define HAVE_STRINGS_H 1
| #define HAVE_INTTYPES_H 1
| #define HAVE_STDINT_H 1
| #define HAVE_UNISTD_H 1
| #define HAVE_DLFCN_H 1
| #define LT_OBJDIR ".libs/"
| /* end confdefs.h.  */
| #include <ac_nonexistent.h>
configure:12393: checking for ld used by g++
configure:12460: result: /usr/bin/ld -m elf_x86_64
configure:12467: checking if the linker (/usr/bin/ld -m elf_x86_64) is GNU ld
configure:12482: result: yes
configure:12537: checking whether the g++ linker (/usr/bin/ld -m elf_x86_64) supports shared libraries
configure:13542: result: yes
configure:13578: g++ -c -g -O2 -fstack-protector --param=ssp-buffer-size=4 -Wformat -Werror=format-security -D_FORTIFY_SOURCE=2 conftest.cpp >&5
configure:13581: $? = 0
configure:14101: checking for g++ option to produce PIC
configure:14108: result: -fPIC -DPIC
configure:14116: checking if g++ PIC flag -fPIC -DPIC works
configure:14134: g++ -c -g -O2 -fstack-protector --param=ssp-buffer-size=4 -Wformat -Werror=format-security -D_FORTIFY_SOURCE=2 -fPIC -DPIC -DPIC conftest.cpp >&5
configure:14138: $? = 0
configure:14151: result: yes
configure:14174: checking if g++ static flag -static works
configure:14202: result: yes
configure:14214: checking if g++ supports -c -o file.o
configure:14235: g++ -c -g -O2 -fstack-protector --param=ssp-buffer-size=4 -Wformat -Werror=format-security -D_FORTIFY_SOURCE=2 -o out/conftest2.o conftest.cpp >&5
configure:14239: $? = 0
configure:14261: result: yes
configure:14266: checking if g++ supports -c -o file.o
configure:14313: result: yes
configure:14343: checking whether the g++ linker (/usr/bin/ld -m elf_x86_64) supports shared libraries
configure:14382: result: yes
configure:14523: checking dynamic linker characteristics
configure:15202: result: GNU/Linux ld.so
configure:15255: checking how to hardcode library paths into programs
configure:15280: result: immediate
configure:15344: checking whether the C++ compiler works
configure:15366: g++ -o conftest -g -O2 -fstack-protector --param=ssp-buffer-size=4 -Wformat -Werror=format-security -D_FORTIFY_SOURCE=2 -Wl,-z,relro conftest.cpp  >&5
configure:15366: $? = 0
configure:15380: result: yes
configure:15393: checking for dlopen in -ldl
configure:15418: gcc -o conftest -g -O2 -fstack-protector --param=ssp-buffer-size=4 -Wformat -Werror=format-security -D_FORTIFY_SOURCE=2 -Wl,-z,relro conftest.c -ldl   >&5
configure:15418: $? = 0
configure:15427: result: yes
configure:15502: checking for pthread_create in -lpthread
configure:15527: gcc -o conftest -g -O2 -fstack-protector --param=ssp-buffer-size=4 -Wformat -Werror=format-security -D_FORTIFY_SOURCE=2 -Wl,-z,relro conftest.c -lpthread   >&5
configure:15527: $? = 0
configure:15536: result: yes
configure:15549: checking for uuid_generate in -luuid
configure:15574: gcc -o conftest -g -O2 -fstack-protector --param=ssp-buffer-size=4 -Wformat -Werror=format-security -D_FORTIFY_SOURCE=2 -Wl,-z,relro conftest.c -luuid  -lpthread  >&5
configure:15574: $? = 0
configure:15583: result: yes
configure:15673: checking for inline
configure:15689: gcc -c -g -O2 -fstack-protector --param=ssp-buffer-size=4 -Wformat -Werror=format-security -D_FORTIFY_SOURCE=2 conftest.c >&5
configure:15689: $? = 0
configure:15697: result: inline
configure:15731: checking for stdlib.h
configure:15731: result: yes
configure:15741: checking for GNU libc compatible malloc
configure:15765: gcc -o conftest -g -O2 -fstack-protector --param=ssp-buffer-size=4 -Wformat -Werror=format-security -D_FORTIFY_SOURCE=2 -Wl,-z,relro conftest.c -lpthread  >&5
configure:15765: $? = 0
configure:15765: ./conftest
configure:15765: $? = 0
configure:15775: result: yes
configure:15799: checking for gettimeofday
configure:15799: gcc -o conftest -g -O2 -fstack-protector --param=ssp-buffer-size=4 -Wformat -Werror=format-security -D_FORTIFY_SOURCE=2 -Wl,-z,relro conftest.c -lpthread  >&5
configure:15799: $? = 0
configure:15799: result: yes
configure:15799: checking for munmap
configure:15799: gcc -o conftest -g -O2 -fstack-protector --param=ssp-buffer-size=4 -Wformat -Werror=format-security -D_FORTIFY_SOURCE=2 -Wl,-z,relro conftest.c -lpthread  >&5
configure:15799: $? = 0
configure:15799: result: yes
configure:15799: checking for socket
configure:15799: gcc -o conftest -g -O2 -fstack-protector --param=ssp-buffer-size=4 -Wformat -Werror=format-security -D_FORTIFY_SOURCE=2 -Wl,-z,relro conftest.c -lpthread  >&5
configure:15799: $? = 0
configure:15799: result: yes
configure:15799: checking for strerror
configure:15799: gcc -o conftest -g -O2 -fstack-protector --param=ssp-buffer-size=4 -Wformat -Werror=format-security -D_FORTIFY_SOURCE=2 -Wl,-z,relro conftest.c -lpthread  >&5
conftest.c:58:6: warning: incompatible redeclaration of library function 'strerror' [-Wincompatible-library-redeclaration]
char strerror ();
     ^
conftest.c:58:6: note: 'strerror' is a builtin with type 'char *(int)'
1 warning generated.
configure:15799: $? = 0
configure:15799: result: yes
configure:15799: checking for strtol
configure:15799: gcc -o conftest -g -O2 -fstack-protector --param=ssp-buffer-size=4 -Wformat -Werror=format-security -D_FORTIFY_SOURCE=2 -Wl,-z,relro conftest.c -lpthread  >&5
configure:15799: $? = 0
configure:15799: result: yes
configure:15799: checking for sched_getcpu
configure:15799: gcc -o conftest -g -O2 -fstack-protector --param=ssp-buffer-size=4 -Wformat -Werror=format-security -D_FORTIFY_SOURCE=2 -Wl,-z,relro conftest.c -lpthread  >&5
configure:15799: $? = 0
configure:15799: result: yes
configure:15799: checking for sysconf
configure:15799: gcc -o conftest -g -O2 -fstack-protector --param=ssp-buffer-size=4 -Wformat -Werror=format-security -D_FORTIFY_SOURCE=2 -Wl,-z,relro conftest.c -lpthread  >&5
configure:15799: $? = 0
configure:15799: result: yes
configure:15816: checking urcu-bp.h usability
configure:15816: gcc -c -Wall -g -O2 -fstack-protector --param=ssp-buffer-size=4 -Wformat -Werror=format-security -D_FORTIFY_SOURCE=2 conftest.c >&5
configure:15816: $? = 0
configure:15816: result: yes
configure:15816: checking urcu-bp.h presence
configure:15816: gcc -E -D_FORTIFY_SOURCE=2 conftest.c
configure:15816: $? = 0
configure:15816: result: yes
configure:15816: checking for urcu-bp.h
configure:15816: result: yes
configure:15832: checking for _cds_lfht_new in -lurcu-cds
configure:15857: gcc -o conftest -Wall -g -O2 -fstack-protector --param=ssp-buffer-size=4 -Wformat -Werror=format-security -D_FORTIFY_SOURCE=2 -Wl,-z,relro conftest.c -lurcu-cds  -lpthread  >&5
configure:15857: $? = 0
configure:15866: result: yes
configure:15881: checking caa_likely()
configure:15894: gcc -c -Wall -g -O2 -fstack-protector --param=ssp-buffer-size=4 -Wformat -Werror=format-security -D_FORTIFY_SOURCE=2 conftest.c >&5
configure:15894: $? = 0
configure:15896: result: yes
configure:15910: checking for synchronize_rcu_bp in -lurcu-bp
configure:15935: gcc -o conftest -Wall -g -O2 -fstack-protector --param=ssp-buffer-size=4 -Wformat -Werror=format-security -D_FORTIFY_SOURCE=2 -Wl,-z,relro conftest.c -lurcu-bp  -lurcu-cds -lpthread  >&5
configure:15935: $? = 0
configure:15944: result: yes
configure:15959: checking for call_rcu_bp in -lurcu-bp
configure:15984: gcc -o conftest -Wall -g -O2 -fstack-protector --param=ssp-buffer-size=4 -Wformat -Werror=format-security -D_FORTIFY_SOURCE=2 -Wl,-z,relro conftest.c -lurcu-bp  -lurcu-bp -lurcu-cds -lpthread  >&5
configure:15984: $? = 0
configure:15993: result: yes
configure:16007: checking host system alignment requirements
configure:16113: checking STAP_PROBEV()
configure:16126: gcc -c -Wall -g -O2 -fstack-protector --param=ssp-buffer-size=4 -Wformat -Werror=format-security -D_FORTIFY_SOURCE=2 conftest.c >&5
conftest.c:49:3: error: unknown flag
                STAP_PROBEV(provider,name,1,2,3,4,5,6,7,8,9,10);
                ^
/usr/include/sys/sdt.h:302:3: note: expanded from macro 'STAP_PROBEV'
  _SDT_PROBE_N(provider, name, _SDT_NARG(0, ##__VA_ARGS__), ##__VA_ARGS__)
  ^
/usr/include/sys/sdt.h:300:3: note: expanded from macro '_SDT_PROBE_N'
  _SDT_PROBE(provider, name, N, (__VA_ARGS__))
  ^
/usr/include/sys/sdt.h:36:27: note: expanded from macro '_SDT_PROBE'
    __asm__ __volatile__ (_SDT_ASM_BODY(provider, name, _SDT_ASM_ARGS, (n)) \
                          ^
note: (skipping 1 expansions in backtrace; use -fmacro-backtrace-limit=0 to see all)
/usr/include/sys/sdt.h:43:31: note: expanded from macro '_SDT_ASM_3'
# define _SDT_ASM_3(a, b, c)            _SDT_S(a) "," _SDT_S(b) "," \
                                        ^
/usr/include/sys/sdt.h:40:22: note: expanded from macro '_SDT_S'
# define _SDT_S(x)                      #x
make: *** [build-arch] Error 2
dpkg-buildpackage: error: debian/rules build-arch gave error exit status 2
                                        ^
<scratch space>:4:2: note: expanded from here
".pushsection .note.stapsdt"
 ^
<inline asm>:2:31: note: instantiated into assembly here
.pushsection .note.stapsdt,"?","note"
                              ^
conftest.c:49:3: error: .popsection without corresponding .pushsection
                STAP_PROBEV(provider,name,1,2,3,4,5,6,7,8,9,10);
                ^
/usr/include/sys/sdt.h:302:3: note: expanded from macro 'STAP_PROBEV'
  _SDT_PROBE_N(provider, name, _SDT_NARG(0, ##__VA_ARGS__), ##__VA_ARGS__)
  ^
/usr/include/sys/sdt.h:300:3: note: expanded from macro '_SDT_PROBE_N'
  _SDT_PROBE(provider, name, N, (__VA_ARGS__))
  ^
/usr/include/sys/sdt.h:36:27: note: expanded from macro '_SDT_PROBE'
    __asm__ __volatile__ (_SDT_ASM_BODY(provider, name, _SDT_ASM_ARGS, (n)) \
                          ^
note: (skipping 1 expansions in backtrace; use -fmacro-backtrace-limit=0 to see all)
/usr/include/sys/sdt.h:41:26: note: expanded from macro '_SDT_ASM_1'
# define _SDT_ASM_1(x)                  _SDT_S(x) "\n"
                                        ^
/usr/include/sys/sdt.h:40:22: note: expanded from macro '_SDT_S'
# define _SDT_S(x)                      #x
                                        ^
<scratch space>:44:2: note: expanded from here
".popsection"
 ^
<inline asm>:14:12: note: instantiated into assembly here
.popsection
           ^
conftest.c:49:3: error: expected '@' or '%' before type
                STAP_PROBEV(provider,name,1,2,3,4,5,6,7,8,9,10);
                ^
/usr/include/sys/sdt.h:302:3: note: expanded from macro 'STAP_PROBEV'
  _SDT_PROBE_N(provider, name, _SDT_NARG(0, ##__VA_ARGS__), ##__VA_ARGS__)
  ^
/usr/include/sys/sdt.h:300:3: note: expanded from macro '_SDT_PROBE_N'
  _SDT_PROBE(provider, name, N, (__VA_ARGS__))
  ^
/usr/include/sys/sdt.h:38:27: note: expanded from macro '_SDT_PROBE'
    __asm__ __volatile__ (_SDT_ASM_BASE);                                   \
                          ^
note: (skipping 1 expansions in backtrace; use -fmacro-backtrace-limit=0 to see all)
/usr/include/sys/sdt.h:45:36: note: expanded from macro '_SDT_ASM_5'
# define _SDT_ASM_5(a, b, c, d, e)      _SDT_S(a) "," _SDT_S(b) "," \
                                        ^
/usr/include/sys/sdt.h:40:22: note: expanded from macro '_SDT_S'
# define _SDT_S(x)                      #x
                                        ^
<scratch space>:77:2: note: expanded from here
".pushsection .stapsdt.base"
 ^
<inline asm>:2:33: note: instantiated into assembly here
.pushsection .stapsdt.base,"aG","progbits",.stapsdt.base,comdat
                                ^
conftest.c:49:3: error: .popsection without corresponding .pushsection
                STAP_PROBEV(provider,name,1,2,3,4,5,6,7,8,9,10);
                ^
/usr/include/sys/sdt.h:302:3: note: expanded from macro 'STAP_PROBEV'
  _SDT_PROBE_N(provider, name, _SDT_NARG(0, ##__VA_ARGS__), ##__VA_ARGS__)
  ^
/usr/include/sys/sdt.h:300:3: note: expanded from macro '_SDT_PROBE_N'
  _SDT_PROBE(provider, name, N, (__VA_ARGS__))
  ^
/usr/include/sys/sdt.h:38:27: note: expanded from macro '_SDT_PROBE'
    __asm__ __volatile__ (_SDT_ASM_BASE);                                   \
                          ^
note: (skipping 1 expansions in backtrace; use -fmacro-backtrace-limit=0 to see all)
/usr/include/sys/sdt.h:41:26: note: expanded from macro '_SDT_ASM_1'
# define _SDT_ASM_1(x)                  _SDT_S(x) "\n"
                                        ^
/usr/include/sys/sdt.h:40:22: note: expanded from macro '_SDT_S'
# define _SDT_S(x)                      #x
                                        ^
<scratch space>:87:2: note: expanded from here
".popsection"
 ^
<inline asm>:7:12: note: instantiated into assembly here
.popsection
           ^
4 errors generated.
configure:16126: $? = 1
configure: failed program was:
| /* confdefs.h */
| #define PACKAGE_NAME "lttng-ust"
| #define PACKAGE_TARNAME "lttng-ust"
| #define PACKAGE_VERSION "2.1.1"
| #define PACKAGE_STRING "lttng-ust 2.1.1"
| #define PACKAGE_BUGREPORT "mathieu dot desnoyers at efficios dot com"
| #define PACKAGE_URL ""
| #define PACKAGE "lttng-ust"
| #define VERSION "2.1.1"
| #define VERSION_MAJOR 2
| #define VERSION_MINOR 1
| #define VERSION_PATCHLEVEL 1
| #define VERSION_NAME "Basse Messe"
| #define VERSION_DESCRIPTION "Light coloured German ale whose style was named after the city Cologne (Koln) where it was first brewed. It is a rather simple beer with lightly fruity aromas and a delicate hoppy fragrance. The beer has a pronounced malty taste with a subtle bitter aftertaste"
| #define STDC_HEADERS 1
| #define HAVE_SYS_TYPES_H 1
| #define HAVE_SYS_STAT_H 1
| #define HAVE_STDLIB_H 1
| #define HAVE_STRING_H 1
| #define HAVE_MEMORY_H 1
| #define HAVE_STRINGS_H 1
| #define HAVE_INTTYPES_H 1
| #define HAVE_STDINT_H 1
| #define HAVE_UNISTD_H 1
| #define HAVE_DLFCN_H 1
| #define LT_OBJDIR ".libs/"
| #define HAVE_LIBPTHREAD 1
| #define LTTNG_UST_HAVE_LIBUUID 1
| #define HAVE_STDLIB_H 1
| #define HAVE_MALLOC 1
| #define HAVE_GETTIMEOFDAY 1
| #define HAVE_MUNMAP 1
| #define HAVE_SOCKET 1
| #define HAVE_STRERROR 1
| #define HAVE_STRTOL 1
| #define HAVE_SCHED_GETCPU 1
| #define HAVE_SYSCONF 1
| #define HAVE_URCU_BP_H 1
| #define HAVE_LIBURCU_CDS 1
| #define HAVE_LIBURCU_BP 1
| #define HAVE_LIBURCU_BP 1
| #define LTTNG_UST_HAVE_EFFICIENT_UNALIGNED_ACCESS 1
| /* end confdefs.h.  */
| 
| 	#define SDT_USE_VARIADIC
| 	#include <sys/sdt.h>
| 	void fct(void)
| 	{
| 		STAP_PROBEV(provider,name,1,2,3,4,5,6,7,8,9,10);
| 	}
| 
configure:16135: result: no
configure:16137: error: The sdt.h integration was requested but the STAP_PROBEV define cannot be used. Make sure it is installed, and up to date, or use CPPFLAGS=-I/path/ to specify a non-standard path to sys/sdt.h

## ---------------- ##
## Cache variables. ##
## ---------------- ##

ac_cv_build=x86_64-pc-linux-gnu
ac_cv_c_compiler_gnu=yes
ac_cv_c_inline=inline
ac_cv_cxx_compiler_gnu=yes
ac_cv_env_CCC_set=
ac_cv_env_CCC_value=
ac_cv_env_CC_set=
ac_cv_env_CC_value=
ac_cv_env_CFLAGS_set=set
ac_cv_env_CFLAGS_value='-g -O2 -fstack-protector --param=ssp-buffer-size=4 -Wformat -Werror=format-security'
ac_cv_env_CPPFLAGS_set=set
ac_cv_env_CPPFLAGS_value=-D_FORTIFY_SOURCE=2
ac_cv_env_CPP_set=
ac_cv_env_CPP_value=
ac_cv_env_CXXCPP_set=
ac_cv_env_CXXCPP_value=
ac_cv_env_CXXFLAGS_set=set
ac_cv_env_CXXFLAGS_value='-g -O2 -fstack-protector --param=ssp-buffer-size=4 -Wformat -Werror=format-security'
ac_cv_env_CXX_set=
ac_cv_env_CXX_value=
ac_cv_env_LDFLAGS_set=set
ac_cv_env_LDFLAGS_value=-Wl,-z,relro
ac_cv_env_LIBS_set=
ac_cv_env_LIBS_value=
ac_cv_env_build_alias_set=set
ac_cv_env_build_alias_value=x86_64-linux-gnu
ac_cv_env_host_alias_set=
ac_cv_env_host_alias_value=
ac_cv_env_target_alias_set=
ac_cv_env_target_alias_value=
ac_cv_func_gettimeofday=yes
ac_cv_func_malloc_0_nonnull=yes
ac_cv_func_munmap=yes
ac_cv_func_sched_getcpu=yes
ac_cv_func_socket=yes
ac_cv_func_strerror=yes
ac_cv_func_strtol=yes
ac_cv_func_sysconf=yes
ac_cv_header_dlfcn_h=yes
ac_cv_header_inttypes_h=yes
ac_cv_header_memory_h=yes
ac_cv_header_stdc=yes
ac_cv_header_stdint_h=yes
ac_cv_header_stdlib_h=yes
ac_cv_header_string_h=yes
ac_cv_header_strings_h=yes
ac_cv_header_sys_stat_h=yes
ac_cv_header_sys_types_h=yes
ac_cv_header_unistd_h=yes
ac_cv_header_urcu_bp_h=yes
ac_cv_host=x86_64-pc-linux-gnu
ac_cv_lib_dl_dlopen=yes
ac_cv_lib_pthread_pthread_create=yes
ac_cv_lib_urcu_bp_call_rcu_bp=yes
ac_cv_lib_urcu_bp_synchronize_rcu_bp=yes
ac_cv_lib_urcu_cds__cds_lfht_new=yes
ac_cv_lib_uuid_uuid_generate=yes
ac_cv_objext=o
ac_cv_path_EGREP='/bin/grep -E'
ac_cv_path_FGREP='/bin/grep -F'
ac_cv_path_GREP=/bin/grep
ac_cv_path_SED=/bin/sed
ac_cv_path_install='/usr/bin/install -c'
ac_cv_path_mkdir=/bin/mkdir
ac_cv_prog_AWK=mawk
ac_cv_prog_CPP='gcc -E'
ac_cv_prog_CXXCPP='g++ -E'
ac_cv_prog_ac_ct_AR=ar
ac_cv_prog_ac_ct_CC=gcc
ac_cv_prog_ac_ct_CXX=g++
ac_cv_prog_ac_ct_OBJDUMP=objdump
ac_cv_prog_ac_ct_RANLIB=ranlib
ac_cv_prog_ac_ct_STRIP=strip
ac_cv_prog_cc_c89=
ac_cv_prog_cc_g=yes
ac_cv_prog_cxx_g=yes
ac_cv_prog_make_make_set=yes
ac_cv_target=x86_64-pc-linux-gnu
am_cv_CC_dependencies_compiler_type=none
am_cv_CXX_dependencies_compiler_type=none
am_cv_make_support_nested_variables=yes
lt_cv_ar_at_file=@
lt_cv_archive_cmds_need_lc=no
lt_cv_deplibs_check_method=pass_all
lt_cv_file_magic_cmd='$MAGIC_CMD'
lt_cv_file_magic_test_file=
lt_cv_ld_reload_flag=-r
lt_cv_nm_interface='BSD nm'
lt_cv_objdir=.libs
lt_cv_path_LD=/usr/bin/ld
lt_cv_path_LDCXX='/usr/bin/ld -m elf_x86_64'
lt_cv_path_NM='/usr/bin/nm -B'
lt_cv_path_mainfest_tool=no
lt_cv_prog_compiler_c_o=yes
lt_cv_prog_compiler_c_o_CXX=yes
lt_cv_prog_compiler_pic='-fPIC -DPIC'
lt_cv_prog_compiler_pic_CXX='-fPIC -DPIC'
lt_cv_prog_compiler_pic_works=yes
lt_cv_prog_compiler_pic_works_CXX=yes
lt_cv_prog_compiler_rtti_exceptions=yes
lt_cv_prog_compiler_static_works=yes
lt_cv_prog_compiler_static_works_CXX=yes
lt_cv_prog_gnu_ld=yes
lt_cv_prog_gnu_ldcxx=yes
lt_cv_sharedlib_from_linklib_cmd='printf %s\n'
lt_cv_shlibpath_overrides_runpath=no
lt_cv_sys_global_symbol_pipe='sed -n -e '\''s/^.*[	 ]\([ABCDGIRSTW][ABCDGIRSTW]*\)[	 ][	 ]*\([_A-Za-z][_A-Za-z0-9]*\)$/\1 \2 \2/p'\'' | sed '\''/ __gnu_lto/d'\'''
lt_cv_sys_global_symbol_to_c_name_address='sed -n -e '\''s/^: \([^ ]*\)[ ]*$/  {\"\1\", (void *) 0},/p'\'' -e '\''s/^[ABCDGIRSTW]* \([^ ]*\) \([^ ]*\)$/  {"\2", (void *) \&\2},/p'\'''
lt_cv_sys_global_symbol_to_c_name_address_lib_prefix='sed -n -e '\''s/^: \([^ ]*\)[ ]*$/  {\"\1\", (void *) 0},/p'\'' -e '\''s/^[ABCDGIRSTW]* \([^ ]*\) \(lib[^ ]*\)$/  {"\2", (void *) \&\2},/p'\'' -e '\''s/^[ABCDGIRSTW]* \([^ ]*\) \([^ ]*\)$/  {"lib\2", (void *) \&\2},/p'\'''
lt_cv_sys_global_symbol_to_cdecl='sed -n -e '\''s/^T .* \(.*\)$/extern int \1();/p'\'' -e '\''s/^[ABCDGIRSTW]* .* \(.*\)$/extern char \1;/p'\'''
lt_cv_sys_max_cmd_len=3458764513820540925
lt_cv_to_host_file_cmd=func_convert_file_noop
lt_cv_to_tool_file_cmd=func_convert_file_noop
rw_cv_prog_cxx_works=yes

## ----------------- ##
## Output variables. ##
## ----------------- ##

ACLOCAL='${SHELL} /«PKGBUILDDIR»/config/missing --run aclocal-1.11'
AMDEPBACKSLASH=''
AMDEP_FALSE=''
AMDEP_TRUE='#'
AMTAR='$${TAR-tar}'
AM_BACKSLASH='\'
AM_DEFAULT_V='$(AM_DEFAULT_VERBOSITY)'
AM_DEFAULT_VERBOSITY='0'
AM_V='$(V)'
AR='ar'
AUTOCONF='${SHELL} /«PKGBUILDDIR»/config/missing --run autoconf'
AUTOHEADER='${SHELL} /«PKGBUILDDIR»/config/missing --run autoheader'
AUTOMAKE='${SHELL} /«PKGBUILDDIR»/config/missing --run automake-1.11'
AWK='mawk'
BUILD_JNI_INTERFACE_FALSE=''
BUILD_JNI_INTERFACE_TRUE='#'
CC='gcc'
CCDEPMODE='depmode=none'
CFLAGS='-Wall -g -O2 -fstack-protector --param=ssp-buffer-size=4 -Wformat -Werror=format-security'
CPP='gcc -E'
CPPFLAGS='-D_FORTIFY_SOURCE=2'
CXX='g++'
CXXCPP='g++ -E'
CXXDEPMODE='depmode=none'
CXXFLAGS='-g -O2 -fstack-protector --param=ssp-buffer-size=4 -Wformat -Werror=format-security'
CXX_WORKS_FALSE='#'
CXX_WORKS_TRUE=''
CYGPATH_W='echo'
DEFS=''
DEPDIR='.deps'
DLLTOOL='false'
DSYMUTIL=''
DUMPBIN=''
ECHO_C=''
ECHO_N='-n'
ECHO_T=''
EGREP='/bin/grep -E'
EXEEXT=''
FGREP='/bin/grep -F'
GREP='/bin/grep'
INSTALL_DATA='${INSTALL} -m 644'
INSTALL_PROGRAM='${INSTALL}'
INSTALL_SCRIPT='${INSTALL}'
INSTALL_STRIP_PROGRAM='$(install_sh) -c -s'
LD='/usr/bin/ld -m elf_x86_64'
LDFLAGS='-Wl,-z,relro'
LIBOBJS=''
LIBS='-lurcu-bp -lurcu-bp -lurcu-cds -lpthread '
LIBTOOL='$(SHELL) $(top_builddir)/libtool'
LIPO=''
LN_S='ln -s'
LTLIBOBJS=''
LTTNG_UST_BUILD_WITH_LIBC_DL_FALSE=''
LTTNG_UST_BUILD_WITH_LIBC_DL_TRUE='#'
LTTNG_UST_BUILD_WITH_LIBC_UUID_FALSE=''
LTTNG_UST_BUILD_WITH_LIBC_UUID_TRUE='#'
LTTNG_UST_BUILD_WITH_LIBDL_FALSE='#'
LTTNG_UST_BUILD_WITH_LIBDL_TRUE=''
LTTNG_UST_BUILD_WITH_LIBUUID_FALSE='#'
LTTNG_UST_BUILD_WITH_LIBUUID_TRUE=''
LTTNG_UST_CTL_LIBRARY_VERSION='1:0:0'
LTTNG_UST_LIBRARY_VERSION='0:0:0'
MAJOR_VERSION='2'
MAKEINFO='${SHELL} /«PKGBUILDDIR»/config/missing --run makeinfo'
MANIFEST_TOOL=':'
MINOR_VERSION='1'
MKDIR_P='/bin/mkdir -p'
NM='/usr/bin/nm -B'
NMEDIT=''
NO_SHARED_FALSE=''
NO_SHARED_TRUE='#'
OBJDUMP='objdump'
OBJEXT='o'
OTOOL64=''
OTOOL=''
PACKAGE='lttng-ust'
PACKAGE_BUGREPORT='mathieu dot desnoyers at efficios dot com'
PACKAGE_NAME='lttng-ust'
PACKAGE_STRING='lttng-ust 2.1.1'
PACKAGE_TARNAME='lttng-ust'
PACKAGE_URL=''
PACKAGE_VERSION='2.1.1'
PATCHLEVEL_VERSION='1'
PATH_SEPARATOR=':'
RANLIB='ranlib'
SED='/bin/sed'
SET_MAKE=''
SHELL='/bin/bash'
STRIP='strip'
VERSION='2.1.1'
ac_ct_AR='ar'
ac_ct_CC='gcc'
ac_ct_CXX='g++'
ac_ct_DUMPBIN=''
am__EXEEXT_FALSE=''
am__EXEEXT_TRUE=''
am__fastdepCC_FALSE=''
am__fastdepCC_TRUE='#'
am__fastdepCXX_FALSE=''
am__fastdepCXX_TRUE='#'
am__include='include'
am__isrc=''
am__leading_dot='.'
am__nodep=''
am__quote=''
am__tar='$${TAR-tar} chof - "$$tardir"'
am__untar='$${TAR-tar} xf -'
bindir='${exec_prefix}/bin'
build='x86_64-pc-linux-gnu'
build_alias='x86_64-linux-gnu'
build_cpu='x86_64'
build_os='linux-gnu'
build_vendor='pc'
datadir='${datarootdir}'
datarootdir='${prefix}/share'
docdir='${datarootdir}/doc/${PACKAGE_TARNAME}'
dvidir='${docdir}'
exec_prefix='NONE'
host='x86_64-pc-linux-gnu'
host_alias=''
host_cpu='x86_64'
host_os='linux-gnu'
host_vendor='pc'
htmldir='${docdir}'
includedir='${prefix}/include'
infodir='${prefix}/share/info'
install_sh='${SHELL} /«PKGBUILDDIR»/config/install-sh'
libdir='${prefix}/lib/x86_64-linux-gnu'
libexecdir='${prefix}/lib/x86_64-linux-gnu'
localedir='${datarootdir}/locale'
localstatedir='/var'
mandir='${prefix}/share/man'
mkdir_p='/bin/mkdir -p'
oldincludedir='/usr/include'
pdfdir='${docdir}'
prefix='/usr'
program_transform_name='s,x,x,'
psdir='${docdir}'
sbindir='${exec_prefix}/sbin'
sharedstatedir='${prefix}/com'
sysconfdir='/etc'
target='x86_64-pc-linux-gnu'
target_alias=''
target_cpu='x86_64'
target_os='linux-gnu'
target_vendor='pc'

## ----------- ##
## confdefs.h. ##
## ----------- ##

/* confdefs.h */
#define PACKAGE_NAME "lttng-ust"
#define PACKAGE_TARNAME "lttng-ust"
#define PACKAGE_VERSION "2.1.1"
#define PACKAGE_STRING "lttng-ust 2.1.1"
#define PACKAGE_BUGREPORT "mathieu dot desnoyers at efficios dot com"
#define PACKAGE_URL ""
#define PACKAGE "lttng-ust"
#define VERSION "2.1.1"
#define VERSION_MAJOR 2
#define VERSION_MINOR 1
#define VERSION_PATCHLEVEL 1
#define VERSION_NAME "Basse Messe"
#define VERSION_DESCRIPTION "Light coloured German ale whose style was named after the city Cologne (Koln) where it was first brewed. It is a rather simple beer with lightly fruity aromas and a delicate hoppy fragrance. The beer has a pronounced malty taste with a subtle bitter aftertaste"
#define STDC_HEADERS 1
#define HAVE_SYS_TYPES_H 1
#define HAVE_SYS_STAT_H 1
#define HAVE_STDLIB_H 1
#define HAVE_STRING_H 1
#define HAVE_MEMORY_H 1
#define HAVE_STRINGS_H 1
#define HAVE_INTTYPES_H 1
#define HAVE_STDINT_H 1
#define HAVE_UNISTD_H 1
#define HAVE_DLFCN_H 1
#define LT_OBJDIR ".libs/"
#define HAVE_LIBPTHREAD 1
#define LTTNG_UST_HAVE_LIBUUID 1
#define HAVE_STDLIB_H 1
#define HAVE_MALLOC 1
#define HAVE_GETTIMEOFDAY 1
#define HAVE_MUNMAP 1
#define HAVE_SOCKET 1
#define HAVE_STRERROR 1
#define HAVE_STRTOL 1
#define HAVE_SCHED_GETCPU 1
#define HAVE_SYSCONF 1
#define HAVE_URCU_BP_H 1
#define HAVE_LIBURCU_CDS 1
#define HAVE_LIBURCU_BP 1
#define HAVE_LIBURCU_BP 1
#define LTTNG_UST_HAVE_EFFICIENT_UNALIGNED_ACCESS 1

configure: exit 1
make[1]: Leaving directory `/«PKGBUILDDIR»'
────────────────────────────────────────────────────────────────────────────────
Build finished at 20130717-0626

Finished
────────

E: Build failure (dpkg-buildpackage died)

┌──────────────────────────────────────────────────────────────────────────────┐
│ Cleanup                                                                      │
└──────────────────────────────────────────────────────────────────────────────┘

Purging /«BUILDDIR»
Not cleaning session: cloned chroot in use

┌──────────────────────────────────────────────────────────────────────────────┐
│ Summary                                                                      │
└──────────────────────────────────────────────────────────────────────────────┘

Build Architecture: amd64
Build-Space: 3572
Build-Time: 9
Distribution: unstable
Fail-Stage: build
Host Architecture: amd64
Install-Time: 14
Job: ust_2.1.1-2
Machine Architecture: amd64
Package: ust
Package-Time: 101
Source-Version: 2.1.1-2
Space: 3572
Status: attempted
Version: 2.1.1-2clang1
────────────────────────────────────────────────────────────────────────────────
Finished at 20130717-0626
Build needed 00:01:41, 3572k disc space
DC-Status: Failed 102.350712764s
