DC-Build-Header: elpa 2013.11.008-1 / 2014-09-04 15:48:48 +0000
DC-Task: source:elpa version:2013.11.008-1 architecture:any chroot:unstable esttime: logfile:/tmp/elpa_2013.11.008-1_unstable_clang.log modes:binary-only:parallel:clang
DC-Sbuild-call: su user -c 'sbuild -n --apt-update -d unstable -v  --chroot-setup-commands=/tmp/switch-to-clang --append-to-version "clang1" --maintainer "Lucas Nussbaum <lucas@debian.org>" --uploader "Lucas Nussbaum <lucas@debian.org>" elpa_2013.11.008-1'
sbuild (Debian sbuild) 0.63.2 (18 Aug 2012) on ip-172-31-4-235.us-west-2.compute.internal

╔══════════════════════════════════════════════════════════════════════════════╗
║ elpa 2013.11.008-1clang1 (amd64)                           04 Sep 2014 15:48 ║
╚══════════════════════════════════════════════════════════════════════════════╝

Package: elpa
Version: 2013.11.008-1clang1
Source Version: 2013.11.008-1
Distribution: unstable
Machine Architecture: amd64
Host Architecture: amd64
Build Architecture: amd64

I: NOTICE: Log filtering will replace 'build/elpa-vw8AZP/elpa-2013.11.008' with '«PKGBUILDDIR»'
I: NOTICE: Log filtering will replace 'build/elpa-vw8AZP' with '«BUILDDIR»'
I: NOTICE: Log filtering will replace 'var/lib/schroot/mount/unstable-amd64-sbuild-3d236949-526b-4db2-85b0-548e53eaa914' with '«CHROOT»'

┌──────────────────────────────────────────────────────────────────────────────┐
│ Update chroot                                                                │
└──────────────────────────────────────────────────────────────────────────────┘

Get:1 http://localhost:9999 unstable InRelease [233 kB]
Get:2 http://localhost:9999 unstable/main Sources/DiffIndex [7876 B]
Get:3 http://localhost:9999 unstable/main amd64 Packages/DiffIndex [7876 B]
Get:4 http://localhost:9999 unstable/main Translation-en/DiffIndex [7876 B]
Get:5 http://localhost:9999 unstable/main 2014-09-03-1436.55.pdiff [24.7 kB]
Get:6 http://localhost:9999 unstable/main 2014-09-03-2030.01.pdiff [10.5 kB]
Get:7 http://localhost:9999 unstable/main 2014-09-04-0229.22.pdiff [7545 B]
Get:8 http://localhost:9999 unstable/main 2014-09-04-0831.05.pdiff [14.0 kB]
Get:9 http://localhost:9999 unstable/main amd64 2014-09-03-1436.55.pdiff [26.7 kB]
Get:10 http://localhost:9999 unstable/main 2014-09-04-0831.05.pdiff [14.0 kB]
Get:11 http://localhost:9999 unstable/main amd64 2014-09-03-2030.01.pdiff [12.4 kB]
Get:12 http://localhost:9999 unstable/main amd64 2014-09-04-0229.22.pdiff [5892 B]
Get:13 http://localhost:9999 unstable/main amd64 2014-09-04-0831.05.pdiff [18.1 kB]
Get:14 http://localhost:9999 unstable/main 2014-09-03-1436.55.pdiff [3960 B]
Get:15 http://localhost:9999 unstable/main 2014-09-03-2030.01.pdiff [1010 B]
Get:16 http://localhost:9999 unstable/main 2014-09-04-0229.22.pdiff [648 B]
Get:17 http://localhost:9999 unstable/main 2014-09-04-0831.05.pdiff [61 B]
Get:18 http://localhost:9999 unstable/main amd64 2014-09-04-0831.05.pdiff [18.1 kB]
Get:19 http://localhost:9999 unstable/main 2014-09-04-0831.05.pdiff [61 B]
Fetched 382 kB in 5s (68.1 kB/s)
Reading package lists...
Reading package lists...
Building dependency tree...
Reading state information...
The following packages will be upgraded:
  binutils
1 upgraded, 0 newly installed, 0 to remove and 0 not upgraded.
Need to get 3310 kB of archives.
After this operation, 50.2 kB of additional disk space will be used.
Get:1 http://localhost:9999/debian/ unstable/main binutils amd64 2.24.51.20140903-1 [3310 kB]
debconf: delaying package configuration, since apt-utils is not installed
Fetched 3310 kB in 0s (30.0 MB/s)
(Reading database ... 15135 files and directories currently installed.)
Preparing to unpack .../binutils_2.24.51.20140903-1_amd64.deb ...
Unpacking binutils (2.24.51.20140903-1) over (2.24.51.20140818-1) ...
Setting up binutils (2.24.51.20140903-1) ...
Processing triggers for libc-bin (2.19-10) ...

┌──────────────────────────────────────────────────────────────────────────────┐
│ Fetch source files                                                           │
└──────────────────────────────────────────────────────────────────────────────┘


Check APT
─────────

Checking available source versions...

Download source files with APT
──────────────────────────────

Reading package lists...
Building dependency tree...
Reading state information...
NOTICE: 'elpa' packaging is maintained in the 'Svn' version control system at:
svn://anonscm.debian.org/debichem/unstable/elpa/
Need to get 860 kB of source archives.
Get:1 http://localhost:9999/debian/ unstable/main elpa 2013.11.008-1 (dsc) [2065 B]
Get:2 http://localhost:9999/debian/ unstable/main elpa 2013.11.008-1 (tar) [856 kB]
Get:3 http://localhost:9999/debian/ unstable/main elpa 2013.11.008-1 (diff) [2340 B]
Fetched 860 kB in 1s (538 kB/s)
Download complete and in download only mode

Check arch
──────────


┌──────────────────────────────────────────────────────────────────────────────┐
│ Chroot Setup Commands                                                        │
└──────────────────────────────────────────────────────────────────────────────┘


/tmp/switch-to-clang
────────────────────

+ echo 'Entering customization script...'
Entering customization script...
+ CLANG_VERSION=3.5
+ echo 'Install of clang-3.5'
Install of clang-3.5
+ apt-get update
Hit http://localhost:9999 unstable InRelease
Get:1 http://localhost:9999 unstable/main Sources/DiffIndex [7876 B]
Get:2 http://localhost:9999 unstable/main amd64 Packages/DiffIndex [7876 B]
Get:3 http://localhost:9999 unstable/main Translation-en/DiffIndex [7876 B]
Fetched 23.6 kB in 1s (12.0 kB/s)
Reading package lists...
+ apt-get install --yes --no-install-recommends --force-yes clang-3.5
Reading package lists...
Building dependency tree...
Reading state information...
The following extra packages will be installed:
  libbsd0 libclang-common-3.5-dev libclang1-3.5 libedit2 libffi6 libllvm3.5
  libobjc-4.9-dev libobjc4
Suggested packages:
  gnustep gnustep-devel clang-3.5-doc
Recommended packages:
  llvm-3.5-dev python
The following NEW packages will be installed:
  clang-3.5 libbsd0 libclang-common-3.5-dev libclang1-3.5 libedit2 libffi6
  libllvm3.5 libobjc-4.9-dev libobjc4
0 upgraded, 9 newly installed, 0 to remove and 0 not upgraded.
Need to get 33.3 MB of archives.
After this operation, 132 MB of additional disk space will be used.
Get:1 http://localhost:9999/debian/ unstable/main libbsd0 amd64 0.7.0-2 [67.9 kB]
Get:2 http://localhost:9999/debian/ unstable/main libedit2 amd64 3.1-20140620-2 [85.1 kB]
Get:3 http://localhost:9999/debian/ unstable/main libffi6 amd64 3.1-2 [19.8 kB]
Get:4 http://localhost:9999/debian/ unstable/main libllvm3.5 amd64 1:3.5-1 [7609 kB]
Get:5 http://localhost:9999/debian/ unstable/main libobjc4 amd64 4.9.1-12 [112 kB]
Get:6 http://localhost:9999/debian/ unstable/main libobjc-4.9-dev amd64 4.9.1-12 [372 kB]
Get:7 http://localhost:9999/debian/ unstable/main libclang1-3.5 amd64 1:3.5-1 [3628 kB]
Get:8 http://localhost:9999/debian/ unstable/main libclang-common-3.5-dev amd64 1:3.5-1 [677 kB]
Get:9 http://localhost:9999/debian/ unstable/main clang-3.5 amd64 1:3.5-1 [20.7 MB]
debconf: delaying package configuration, since apt-utils is not installed
Fetched 33.3 MB in 1s (32.8 MB/s)
Selecting previously unselected package libbsd0:amd64.
(Reading database ... 15135 files and directories currently installed.)
Preparing to unpack .../libbsd0_0.7.0-2_amd64.deb ...
Unpacking libbsd0:amd64 (0.7.0-2) ...
Selecting previously unselected package libedit2:amd64.
Preparing to unpack .../libedit2_3.1-20140620-2_amd64.deb ...
Unpacking libedit2:amd64 (3.1-20140620-2) ...
Selecting previously unselected package libffi6:amd64.
Preparing to unpack .../libffi6_3.1-2_amd64.deb ...
Unpacking libffi6:amd64 (3.1-2) ...
Selecting previously unselected package libllvm3.5:amd64.
Preparing to unpack .../libllvm3.5_1%3a3.5-1_amd64.deb ...
Unpacking libllvm3.5:amd64 (1:3.5-1) ...
Selecting previously unselected package libobjc4:amd64.
Preparing to unpack .../libobjc4_4.9.1-12_amd64.deb ...
Unpacking libobjc4:amd64 (4.9.1-12) ...
Selecting previously unselected package libobjc-4.9-dev:amd64.
Preparing to unpack .../libobjc-4.9-dev_4.9.1-12_amd64.deb ...
Unpacking libobjc-4.9-dev:amd64 (4.9.1-12) ...
Selecting previously unselected package libclang1-3.5:amd64.
Preparing to unpack .../libclang1-3.5_1%3a3.5-1_amd64.deb ...
Unpacking libclang1-3.5:amd64 (1:3.5-1) ...
Selecting previously unselected package libclang-common-3.5-dev.
Preparing to unpack .../libclang-common-3.5-dev_1%3a3.5-1_amd64.deb ...
Unpacking libclang-common-3.5-dev (1:3.5-1) ...
Selecting previously unselected package clang-3.5.
Preparing to unpack .../clang-3.5_1%3a3.5-1_amd64.deb ...
Unpacking clang-3.5 (1:3.5-1) ...
Setting up libbsd0:amd64 (0.7.0-2) ...
Setting up libedit2:amd64 (3.1-20140620-2) ...
Setting up libffi6:amd64 (3.1-2) ...
Setting up libllvm3.5:amd64 (1:3.5-1) ...
Setting up libobjc4:amd64 (4.9.1-12) ...
Setting up libobjc-4.9-dev:amd64 (4.9.1-12) ...
Setting up libclang1-3.5:amd64 (1:3.5-1) ...
Setting up libclang-common-3.5-dev (1:3.5-1) ...
Setting up clang-3.5 (1:3.5-1) ...
Processing triggers for libc-bin (2.19-10) ...
+ echo 'Replace gcc, g++ & cpp by clang'
Replace gcc, g++ & cpp by clang
+ VERSIONS='4.6 4.7 4.8 4.9'
+ cd /usr/bin
+ for VERSION in '$VERSIONS'
+ rm -f g++-4.6 gcc-4.6 cpp-4.6 gcc
+ ln -s clang++-3.5 g++-4.6
+ ln -s clang-3.5 gcc-4.6
+ ln -s clang-3.5 cpp-4.6
+ ln -s clang-3.5 gcc
+ echo 'gcc-4.6 hold'
+ dpkg --set-selections
+ echo 'g++-4.6 hold'
+ dpkg --set-selections
+ for VERSION in '$VERSIONS'
+ rm -f g++-4.7 gcc-4.7 cpp-4.7 gcc
+ ln -s clang++-3.5 g++-4.7
+ ln -s clang-3.5 gcc-4.7
+ ln -s clang-3.5 cpp-4.7
+ ln -s clang-3.5 gcc
+ echo 'gcc-4.7 hold'
+ dpkg --set-selections
+ echo 'g++-4.7 hold'
+ dpkg --set-selections
+ for VERSION in '$VERSIONS'
+ rm -f g++-4.8 gcc-4.8 cpp-4.8 gcc
+ ln -s clang++-3.5 g++-4.8
+ ln -s clang-3.5 gcc-4.8
+ ln -s clang-3.5 cpp-4.8
+ ln -s clang-3.5 gcc
+ echo 'gcc-4.8 hold'
+ dpkg --set-selections
dpkg: warning: package not in database at line 1: gcc-4.8
dpkg: warning: found unknown packages; this might mean the available database
is outdated, and needs to be updated through a frontend method
+ echo 'g++-4.8 hold'
+ dpkg --set-selections
dpkg: warning: package not in database at line 1: g++-4.8
dpkg: warning: found unknown packages; this might mean the available database
is outdated, and needs to be updated through a frontend method
+ for VERSION in '$VERSIONS'
+ rm -f g++-4.9 gcc-4.9 cpp-4.9 gcc
+ ln -s clang++-3.5 g++-4.9
+ ln -s clang-3.5 gcc-4.9
+ ln -s clang-3.5 cpp-4.9
+ ln -s clang-3.5 gcc
+ echo 'gcc-4.9 hold'
+ dpkg --set-selections
+ echo 'g++-4.9 hold'
+ dpkg --set-selections
+ cd -
/«BUILDDIR»
+ echo 'Check if gcc, g++ & cpp are actually clang'
Check if gcc, g++ & cpp are actually clang
+ gcc --version
+ grep clang
+ cpp --version
+ grep clang
+ g++ --version
+ grep clang

I: Finished running '/tmp/switch-to-clang'.

Finished processing commands.
────────────────────────────────────────────────────────────────────────────────
Merged Build-Depends: build-essential, fakeroot
Filtered Build-Depends: build-essential, fakeroot
dpkg-deb: building package `sbuild-build-depends-core-dummy' in `/«BUILDDIR»/resolver-9p7Cxx/apt_archive/sbuild-build-depends-core-dummy.deb'.
OK
Reading package lists...

┌──────────────────────────────────────────────────────────────────────────────┐
│ Install core build dependencies (apt-based resolver)                         │
└──────────────────────────────────────────────────────────────────────────────┘

Installing build dependencies
Reading package lists...
Building dependency tree...
Reading state information...
The following NEW packages will be installed:
  sbuild-build-depends-core-dummy
debconf: delaying package configuration, since apt-utils is not installed
0 upgraded, 1 newly installed, 0 to remove and 0 not upgraded.
Need to get 0 B/816 B of archives.
After this operation, 0 B of additional disk space will be used.
Selecting previously unselected package sbuild-build-depends-core-dummy.
(Reading database ... 15338 files and directories currently installed.)
Preparing to unpack .../sbuild-build-depends-core-dummy.deb ...
Unpacking sbuild-build-depends-core-dummy (0.invalid.0) ...
Setting up sbuild-build-depends-core-dummy (0.invalid.0) ...
Merged Build-Depends: base-files, base-passwd, bash, bsdutils, coreutils, dash, debianutils, diffutils, dpkg, e2fsprogs, findutils, grep, gzip, hostname, init, libc-bin, login, mount, ncurses-base, ncurses-bin, perl-base, sed, sysvinit-utils, tar, util-linux, libc6-dev | libc-dev, gcc (>= 4:4.9.1), g++ (>= 4:4.9.1), make, dpkg-dev (>= 1.17.11), debhelper (>= 7.0.50~), gfortran, libblas-dev, liblapack-dev, mpi-default-dev, libblacs-mpi-dev, libscalapack-mpi-dev
Filtered Build-Depends: base-files, base-passwd, bash, bsdutils, coreutils, dash, debianutils, diffutils, dpkg, e2fsprogs, findutils, grep, gzip, hostname, init, libc-bin, login, mount, ncurses-base, ncurses-bin, perl-base, sed, sysvinit-utils, tar, util-linux, libc6-dev, gcc (>= 4:4.9.1), g++ (>= 4:4.9.1), make, dpkg-dev (>= 1.17.11), debhelper (>= 7.0.50~), gfortran, libblas-dev, liblapack-dev, mpi-default-dev, libblacs-mpi-dev, libscalapack-mpi-dev
dpkg-deb: building package `sbuild-build-depends-elpa-dummy' in `/«BUILDDIR»/resolver-_PPdYq/apt_archive/sbuild-build-depends-elpa-dummy.deb'.
OK
Reading package lists...

┌──────────────────────────────────────────────────────────────────────────────┐
│ Install elpa build dependencies (apt-based resolver)                         │
└──────────────────────────────────────────────────────────────────────────────┘

Installing build dependencies
Reading package lists...
Building dependency tree...
Reading state information...
The following extra packages will be installed:
  bsdmainutils debhelper file gettext gettext-base gfortran gfortran-4.9
  groff-base intltool-debian libasprintf0c2 libblacs-mpi-dev libblacs-openmpi1
  libblas-dev libblas3 libcr0 libcroco3 libgfortran-4.9-dev libgfortran3
  libglib2.0-0 libhwloc-dev libhwloc5 libibverbs-dev libibverbs1 liblapack-dev
  liblapack3 libltdl7 libmagic1 libnuma1 libopenmpi-dev libopenmpi1.6
  libpci-dev libpci3 libpipeline1 libscalapack-mpi-dev libscalapack-openmpi1
  libtorque2 libunistring0 libxml2 libxml2-dev man-db mpi-default-bin
  mpi-default-dev openmpi-bin openmpi-common po-debconf zlib1g-dev
Suggested packages:
  wamerican wordlist whois vacation dh-make gettext-doc gfortran-multilib
  gfortran-doc gfortran-4.9-multilib gfortran-4.9-doc libgfortran3-dbg groff
  blcr-dkms libhwloc-contrib-plugins scalapack-doc pkg-config less www-browser
  openmpi-checkpoint libmail-box-perl
Recommended packages:
  curl wget lynx-cur autopoint libasprintf-dev libgettextpo-dev
  libglib2.0-data shared-mime-info libhwloc-plugins xml-core
  libmail-sendmail-perl
The following NEW packages will be installed:
  bsdmainutils debhelper file gettext gettext-base gfortran gfortran-4.9
  groff-base intltool-debian libasprintf0c2 libblacs-mpi-dev libblacs-openmpi1
  libblas-dev libblas3 libcr0 libcroco3 libgfortran-4.9-dev libgfortran3
  libglib2.0-0 libhwloc-dev libhwloc5 libibverbs-dev libibverbs1 liblapack-dev
  liblapack3 libltdl7 libmagic1 libnuma1 libopenmpi-dev libopenmpi1.6
  libpci-dev libpci3 libpipeline1 libscalapack-mpi-dev libscalapack-openmpi1
  libtorque2 libunistring0 libxml2 libxml2-dev man-db mpi-default-bin
  mpi-default-dev openmpi-bin openmpi-common po-debconf
  sbuild-build-depends-elpa-dummy zlib1g-dev
0 upgraded, 47 newly installed, 0 to remove and 0 not upgraded.
Need to get 26.7 MB/26.7 MB of archives.
After this operation, 100 MB of additional disk space will be used.
Get:1 http://localhost:9999/debian/ unstable/main libpipeline1 amd64 1.3.0-1 [25.8 kB]
Get:2 http://localhost:9999/debian/ unstable/main groff-base amd64 1.22.2-7 [1142 kB]
Get:3 http://localhost:9999/debian/ unstable/main bsdmainutils amd64 9.0.5 [211 kB]
Get:4 http://localhost:9999/debian/ unstable/main man-db amd64 2.6.7.1-1 [990 kB]
Get:5 http://localhost:9999/debian/ unstable/main libasprintf0c2 amd64 0.19.2-2 [30.8 kB]
Get:6 http://localhost:9999/debian/ unstable/main libmagic1 amd64 1:5.19-1 [237 kB]
Get:7 http://localhost:9999/debian/ unstable/main libpci3 amd64 1:3.2.1-2 [59.4 kB]
Get:8 http://localhost:9999/debian/ unstable/main libxml2 amd64 2.9.1+dfsg1-4 [797 kB]
Get:9 http://localhost:9999/debian/ unstable/main libglib2.0-0 amd64 2.40.0-5 [2421 kB]
Get:10 http://localhost:9999/debian/ unstable/main libcroco3 amd64 0.6.8-3 [135 kB]
Get:11 http://localhost:9999/debian/ unstable/main libgfortran3 amd64 4.9.1-12 [254 kB]
Get:12 http://localhost:9999/debian/ unstable/main libltdl7 amd64 2.4.2-1.10 [45.1 kB]
Get:13 http://localhost:9999/debian/ unstable/main libnuma1 amd64 2.0.9-1.1 [31.6 kB]
Get:14 http://localhost:9999/debian/ unstable/main libunistring0 amd64 0.9.3-5.2 [283 kB]
Get:15 http://localhost:9999/debian/ unstable/main libhwloc5 amd64 1.9.1-1 [82.5 kB]
Get:16 http://localhost:9999/debian/ unstable/main file amd64 1:5.19-1 [58.0 kB]
Get:17 http://localhost:9999/debian/ unstable/main gettext-base amd64 0.19.2-2 [120 kB]
Get:18 http://localhost:9999/debian/ unstable/main gettext amd64 0.19.2-2 [1237 kB]
Get:19 http://localhost:9999/debian/ unstable/main intltool-debian all 0.35.0+20060710.1 [30.8 kB]
Get:20 http://localhost:9999/debian/ unstable/main po-debconf all 1.0.16+nmu3 [220 kB]
Get:21 http://localhost:9999/debian/ unstable/main debhelper all 9.20140817 [814 kB]
Get:22 http://localhost:9999/debian/ unstable/main libgfortran-4.9-dev amd64 4.9.1-12 [281 kB]
Get:23 http://localhost:9999/debian/ unstable/main gfortran-4.9 amd64 4.9.1-12 [5446 kB]
Get:24 http://localhost:9999/debian/ unstable/main gfortran amd64 4:4.9.1-3 [1286 B]
Get:25 http://localhost:9999/debian/ unstable/main libblas3 amd64 1.2.20110419-7 [159 kB]
Get:26 http://localhost:9999/debian/ unstable/main libblas-dev amd64 1.2.20110419-7 [154 kB]
Get:27 http://localhost:9999/debian/ unstable/main libcr0 amd64 0.8.5-2.1 [32.4 kB]
Get:28 http://localhost:9999/debian/ unstable/main liblapack3 amd64 3.5.0-3 [1802 kB]
Get:29 http://localhost:9999/debian/ unstable/main liblapack-dev amd64 3.5.0-3 [1833 kB]
Get:30 http://localhost:9999/debian/ unstable/main zlib1g-dev amd64 1:1.2.8.dfsg-2 [205 kB]
Get:31 http://localhost:9999/debian/ unstable/main libpci-dev amd64 1:3.2.1-2 [80.0 kB]
Get:32 http://localhost:9999/debian/ unstable/main libtorque2 amd64 2.4.16+dfsg-1.4 [105 kB]
Get:33 http://localhost:9999/debian/ unstable/main libxml2-dev amd64 2.9.1+dfsg1-4 [689 kB]
Get:34 http://localhost:9999/debian/ unstable/main libibverbs1 amd64 1.1.8-1 [32.0 kB]
Get:35 http://localhost:9999/debian/ unstable/main libopenmpi1.6 amd64 1.6.5-8+b1 [1446 kB]
Get:36 http://localhost:9999/debian/ unstable/main openmpi-common all 1.6.5-8 [111 kB]
Get:37 http://localhost:9999/debian/ unstable/main openmpi-bin amd64 1.6.5-8+b1 [153 kB]
Get:38 http://localhost:9999/debian/ unstable/main mpi-default-bin amd64 1.0.2+nmu2 [3356 B]
Get:39 http://localhost:9999/debian/ unstable/main libblacs-openmpi1 amd64 1.1-31.4 [57.1 kB]
Get:40 http://localhost:9999/debian/ unstable/main libibverbs-dev amd64 1.1.8-1 [85.4 kB]
Get:41 http://localhost:9999/debian/ unstable/main libhwloc-dev amd64 1.9.1-1 [136 kB]
Get:42 http://localhost:9999/debian/ unstable/main libopenmpi-dev amd64 1.6.5-8+b1 [448 kB]
Get:43 http://localhost:9999/debian/ unstable/main mpi-default-dev amd64 1.0.2+nmu2 [3962 B]
Get:44 http://localhost:9999/debian/ unstable/main libblacs-mpi-dev amd64 1.1-31.4 [52.9 kB]
Get:45 http://localhost:9999/debian/ unstable/main libscalapack-openmpi1 amd64 1.8.0-9.2 [2124 kB]
Get:46 http://localhost:9999/debian/ unstable/main libscalapack-mpi-dev amd64 1.8.0-9.2 [2020 kB]
debconf: delaying package configuration, since apt-utils is not installed
Fetched 26.7 MB in 2s (11.8 MB/s)
Selecting previously unselected package libpipeline1:amd64.
(Reading database ... 15338 files and directories currently installed.)
Preparing to unpack .../libpipeline1_1.3.0-1_amd64.deb ...
Unpacking libpipeline1:amd64 (1.3.0-1) ...
Selecting previously unselected package groff-base.
Preparing to unpack .../groff-base_1.22.2-7_amd64.deb ...
Unpacking groff-base (1.22.2-7) ...
Selecting previously unselected package bsdmainutils.
Preparing to unpack .../bsdmainutils_9.0.5_amd64.deb ...
Unpacking bsdmainutils (9.0.5) ...
Selecting previously unselected package man-db.
Preparing to unpack .../man-db_2.6.7.1-1_amd64.deb ...
Unpacking man-db (2.6.7.1-1) ...
Selecting previously unselected package libasprintf0c2:amd64.
Preparing to unpack .../libasprintf0c2_0.19.2-2_amd64.deb ...
Unpacking libasprintf0c2:amd64 (0.19.2-2) ...
Selecting previously unselected package libmagic1:amd64.
Preparing to unpack .../libmagic1_1%3a5.19-1_amd64.deb ...
Unpacking libmagic1:amd64 (1:5.19-1) ...
Selecting previously unselected package libpci3:amd64.
Preparing to unpack .../libpci3_1%3a3.2.1-2_amd64.deb ...
Unpacking libpci3:amd64 (1:3.2.1-2) ...
Selecting previously unselected package libxml2:amd64.
Preparing to unpack .../libxml2_2.9.1+dfsg1-4_amd64.deb ...
Unpacking libxml2:amd64 (2.9.1+dfsg1-4) ...
Selecting previously unselected package libglib2.0-0:amd64.
Preparing to unpack .../libglib2.0-0_2.40.0-5_amd64.deb ...
Unpacking libglib2.0-0:amd64 (2.40.0-5) ...
Selecting previously unselected package libcroco3:amd64.
Preparing to unpack .../libcroco3_0.6.8-3_amd64.deb ...
Unpacking libcroco3:amd64 (0.6.8-3) ...
Selecting previously unselected package libgfortran3:amd64.
Preparing to unpack .../libgfortran3_4.9.1-12_amd64.deb ...
Unpacking libgfortran3:amd64 (4.9.1-12) ...
Selecting previously unselected package libltdl7:amd64.
Preparing to unpack .../libltdl7_2.4.2-1.10_amd64.deb ...
Unpacking libltdl7:amd64 (2.4.2-1.10) ...
Selecting previously unselected package libnuma1:amd64.
Preparing to unpack .../libnuma1_2.0.9-1.1_amd64.deb ...
Unpacking libnuma1:amd64 (2.0.9-1.1) ...
Selecting previously unselected package libunistring0:amd64.
Preparing to unpack .../libunistring0_0.9.3-5.2_amd64.deb ...
Unpacking libunistring0:amd64 (0.9.3-5.2) ...
Selecting previously unselected package libhwloc5:amd64.
Preparing to unpack .../libhwloc5_1.9.1-1_amd64.deb ...
Unpacking libhwloc5:amd64 (1.9.1-1) ...
Selecting previously unselected package file.
Preparing to unpack .../file_1%3a5.19-1_amd64.deb ...
Unpacking file (1:5.19-1) ...
Selecting previously unselected package gettext-base.
Preparing to unpack .../gettext-base_0.19.2-2_amd64.deb ...
Unpacking gettext-base (0.19.2-2) ...
Selecting previously unselected package gettext.
Preparing to unpack .../gettext_0.19.2-2_amd64.deb ...
Unpacking gettext (0.19.2-2) ...
Selecting previously unselected package intltool-debian.
Preparing to unpack .../intltool-debian_0.35.0+20060710.1_all.deb ...
Unpacking intltool-debian (0.35.0+20060710.1) ...
Selecting previously unselected package po-debconf.
Preparing to unpack .../po-debconf_1.0.16+nmu3_all.deb ...
Unpacking po-debconf (1.0.16+nmu3) ...
Selecting previously unselected package debhelper.
Preparing to unpack .../debhelper_9.20140817_all.deb ...
Unpacking debhelper (9.20140817) ...
Selecting previously unselected package libgfortran-4.9-dev:amd64.
Preparing to unpack .../libgfortran-4.9-dev_4.9.1-12_amd64.deb ...
Unpacking libgfortran-4.9-dev:amd64 (4.9.1-12) ...
Selecting previously unselected package gfortran-4.9.
Preparing to unpack .../gfortran-4.9_4.9.1-12_amd64.deb ...
Unpacking gfortran-4.9 (4.9.1-12) ...
Selecting previously unselected package gfortran.
Preparing to unpack .../gfortran_4%3a4.9.1-3_amd64.deb ...
Unpacking gfortran (4:4.9.1-3) ...
Selecting previously unselected package libblas3.
Preparing to unpack .../libblas3_1.2.20110419-7_amd64.deb ...
Unpacking libblas3 (1.2.20110419-7) ...
Selecting previously unselected package libblas-dev.
Preparing to unpack .../libblas-dev_1.2.20110419-7_amd64.deb ...
Unpacking libblas-dev (1.2.20110419-7) ...
Selecting previously unselected package libcr0.
Preparing to unpack .../libcr0_0.8.5-2.1_amd64.deb ...
Unpacking libcr0 (0.8.5-2.1) ...
Selecting previously unselected package liblapack3.
Preparing to unpack .../liblapack3_3.5.0-3_amd64.deb ...
Unpacking liblapack3 (3.5.0-3) ...
Selecting previously unselected package liblapack-dev.
Preparing to unpack .../liblapack-dev_3.5.0-3_amd64.deb ...
Unpacking liblapack-dev (3.5.0-3) ...
Selecting previously unselected package zlib1g-dev:amd64.
Preparing to unpack .../zlib1g-dev_1%3a1.2.8.dfsg-2_amd64.deb ...
Unpacking zlib1g-dev:amd64 (1:1.2.8.dfsg-2) ...
Selecting previously unselected package libpci-dev.
Preparing to unpack .../libpci-dev_1%3a3.2.1-2_amd64.deb ...
Unpacking libpci-dev (1:3.2.1-2) ...
Selecting previously unselected package libtorque2.
Preparing to unpack .../libtorque2_2.4.16+dfsg-1.4_amd64.deb ...
Unpacking libtorque2 (2.4.16+dfsg-1.4) ...
Selecting previously unselected package libxml2-dev:amd64.
Preparing to unpack .../libxml2-dev_2.9.1+dfsg1-4_amd64.deb ...
Unpacking libxml2-dev:amd64 (2.9.1+dfsg1-4) ...
Selecting previously unselected package libibverbs1.
Preparing to unpack .../libibverbs1_1.1.8-1_amd64.deb ...
Unpacking libibverbs1 (1.1.8-1) ...
Selecting previously unselected package libopenmpi1.6.
Preparing to unpack .../libopenmpi1.6_1.6.5-8+b1_amd64.deb ...
Unpacking libopenmpi1.6 (1.6.5-8+b1) ...
Selecting previously unselected package openmpi-common.
Preparing to unpack .../openmpi-common_1.6.5-8_all.deb ...
Unpacking openmpi-common (1.6.5-8) ...
Selecting previously unselected package openmpi-bin.
Preparing to unpack .../openmpi-bin_1.6.5-8+b1_amd64.deb ...
Unpacking openmpi-bin (1.6.5-8+b1) ...
Selecting previously unselected package mpi-default-bin.
Preparing to unpack .../mpi-default-bin_1.0.2+nmu2_amd64.deb ...
Unpacking mpi-default-bin (1.0.2+nmu2) ...
Selecting previously unselected package libblacs-openmpi1.
Preparing to unpack .../libblacs-openmpi1_1.1-31.4_amd64.deb ...
Unpacking libblacs-openmpi1 (1.1-31.4) ...
Selecting previously unselected package libibverbs-dev.
Preparing to unpack .../libibverbs-dev_1.1.8-1_amd64.deb ...
Unpacking libibverbs-dev (1.1.8-1) ...
Selecting previously unselected package libhwloc-dev:amd64.
Preparing to unpack .../libhwloc-dev_1.9.1-1_amd64.deb ...
Unpacking libhwloc-dev:amd64 (1.9.1-1) ...
Selecting previously unselected package libopenmpi-dev.
Preparing to unpack .../libopenmpi-dev_1.6.5-8+b1_amd64.deb ...
Unpacking libopenmpi-dev (1.6.5-8+b1) ...
Selecting previously unselected package mpi-default-dev.
Preparing to unpack .../mpi-default-dev_1.0.2+nmu2_amd64.deb ...
Unpacking mpi-default-dev (1.0.2+nmu2) ...
Selecting previously unselected package libblacs-mpi-dev.
Preparing to unpack .../libblacs-mpi-dev_1.1-31.4_amd64.deb ...
Unpacking libblacs-mpi-dev (1.1-31.4) ...
Selecting previously unselected package libscalapack-openmpi1.
Preparing to unpack .../libscalapack-openmpi1_1.8.0-9.2_amd64.deb ...
Unpacking libscalapack-openmpi1 (1.8.0-9.2) ...
Selecting previously unselected package libscalapack-mpi-dev.
Preparing to unpack .../libscalapack-mpi-dev_1.8.0-9.2_amd64.deb ...
Unpacking libscalapack-mpi-dev (1.8.0-9.2) ...
Selecting previously unselected package sbuild-build-depends-elpa-dummy.
Preparing to unpack .../sbuild-build-depends-elpa-dummy.deb ...
Unpacking sbuild-build-depends-elpa-dummy (0.invalid.0) ...
Setting up libpipeline1:amd64 (1.3.0-1) ...
Setting up groff-base (1.22.2-7) ...
Setting up bsdmainutils (9.0.5) ...
update-alternatives: using /usr/bin/bsd-write to provide /usr/bin/write (write) in auto mode
update-alternatives: using /usr/bin/bsd-from to provide /usr/bin/from (from) in auto mode
Setting up man-db (2.6.7.1-1) ...
Not building database; man-db/auto-update is not 'true'.
Setting up libasprintf0c2:amd64 (0.19.2-2) ...
Setting up libmagic1:amd64 (1:5.19-1) ...
Setting up libpci3:amd64 (1:3.2.1-2) ...
Setting up libxml2:amd64 (2.9.1+dfsg1-4) ...
Setting up libglib2.0-0:amd64 (2.40.0-5) ...
No schema files found: doing nothing.
Setting up libcroco3:amd64 (0.6.8-3) ...
Setting up libgfortran3:amd64 (4.9.1-12) ...
Setting up libltdl7:amd64 (2.4.2-1.10) ...
Setting up libnuma1:amd64 (2.0.9-1.1) ...
Setting up libunistring0:amd64 (0.9.3-5.2) ...
Setting up libhwloc5:amd64 (1.9.1-1) ...
Setting up file (1:5.19-1) ...
Setting up gettext-base (0.19.2-2) ...
Setting up gettext (0.19.2-2) ...
Setting up intltool-debian (0.35.0+20060710.1) ...
Setting up po-debconf (1.0.16+nmu3) ...
Setting up debhelper (9.20140817) ...
Setting up libgfortran-4.9-dev:amd64 (4.9.1-12) ...
Setting up gfortran-4.9 (4.9.1-12) ...
Setting up gfortran (4:4.9.1-3) ...
update-alternatives: using /usr/bin/gfortran to provide /usr/bin/f95 (f95) in auto mode
update-alternatives: using /usr/bin/gfortran to provide /usr/bin/f77 (f77) in auto mode
Setting up libblas3 (1.2.20110419-7) ...
update-alternatives: using /usr/lib/libblas/libblas.so.3 to provide /usr/lib/libblas.so.3 (libblas.so.3) in auto mode
Setting up libblas-dev (1.2.20110419-7) ...
update-alternatives: using /usr/lib/libblas/libblas.so to provide /usr/lib/libblas.so (libblas.so) in auto mode
Setting up libcr0 (0.8.5-2.1) ...
Setting up liblapack3 (3.5.0-3) ...
update-alternatives: using /usr/lib/lapack/liblapack.so.3 to provide /usr/lib/liblapack.so.3 (liblapack.so.3) in auto mode
Setting up liblapack-dev (3.5.0-3) ...
update-alternatives: using /usr/lib/lapack/liblapack.so to provide /usr/lib/liblapack.so (liblapack.so) in auto mode
Setting up zlib1g-dev:amd64 (1:1.2.8.dfsg-2) ...
Setting up libpci-dev (1:3.2.1-2) ...
Setting up libtorque2 (2.4.16+dfsg-1.4) ...
Setting up libxml2-dev:amd64 (2.9.1+dfsg1-4) ...
Setting up libibverbs1 (1.1.8-1) ...
Setting up libopenmpi1.6 (1.6.5-8+b1) ...
Setting up openmpi-common (1.6.5-8) ...
Setting up openmpi-bin (1.6.5-8+b1) ...
update-alternatives: using /usr/bin/mpirun.openmpi to provide /usr/bin/mpirun (mpirun) in auto mode
Setting up mpi-default-bin (1.0.2+nmu2) ...
Setting up libblacs-openmpi1 (1.1-31.4) ...
Setting up libibverbs-dev (1.1.8-1) ...
Setting up libhwloc-dev:amd64 (1.9.1-1) ...
Setting up libopenmpi-dev (1.6.5-8+b1) ...
update-alternatives: using /usr/lib/openmpi/include to provide /usr/include/mpi (mpi) in auto mode
Setting up mpi-default-dev (1.0.2+nmu2) ...
Setting up libblacs-mpi-dev (1.1-31.4) ...
Setting up libscalapack-openmpi1 (1.8.0-9.2) ...
Setting up libscalapack-mpi-dev (1.8.0-9.2) ...
Setting up sbuild-build-depends-elpa-dummy (0.invalid.0) ...
Processing triggers for libc-bin (2.19-10) ...

┌──────────────────────────────────────────────────────────────────────────────┐
│ Build environment                                                            │
└──────────────────────────────────────────────────────────────────────────────┘

Kernel: Linux 2.6.32-5-xen-amd64 amd64 (x86_64)
Toolchain package versions: binutils_2.24.51.20140903-1 dpkg-dev_1.17.13 g++-4.6_4.6.4-7 g++-4.9_4.9.1-12 gcc-4.6_4.6.4-7 gcc-4.7_4.7.4-3 gcc-4.9_4.9.1-12 libc6-dev_2.19-10 libstdc++-4.9-dev_4.9.1-12 libstdc++6_4.9.1-12 libstdc++6-4.6-dev_4.6.4-7 linux-libc-dev_3.14.15-2
Package versions: acl_2.2.52-1.1 adduser_3.113+nmu3 apt_1.0.7 base-files_7.5 base-passwd_3.5.35 bash_4.3-9 binutils_2.24.51.20140903-1 bsdmainutils_9.0.5 bsdutils_1:2.20.1-5.8 build-essential_11.7 bzip2_1.0.6-7 clang-3.5_1:3.5-1 coreutils_8.23-2 cpp_4:4.9.1-3 cpp-4.6_4.6.4-7 cpp-4.7_4.7.4-3 cpp-4.9_4.9.1-12 dash_0.5.7-4 dbus_1.8.6-2 debconf_1.5.53 debconf-i18n_1.5.53 debfoster_2.7-2 debhelper_9.20140817 debian-archive-keyring_2014.1 debianutils_4.4 diffutils_1:3.3-1 dmsetup_2:1.02.88-1 dpkg_1.17.13 dpkg-dev_1.17.13 e2fslibs_1.42.12-1 e2fsprogs_1.42.12-1 fakeroot_1.20.1-1.1 file_1:5.19-1 findutils_4.4.2-9 g++_4:4.9.1-3 g++-4.6_4.6.4-7 g++-4.9_4.9.1-12 gcc_4:4.9.1-3 gcc-4.4-base_4.4.7-8 gcc-4.5-base_4.5.4-1 gcc-4.6_4.6.4-7 gcc-4.6-base_4.6.4-7 gcc-4.7_4.7.4-3 gcc-4.7-base_4.7.4-3 gcc-4.8-base_4.8.3-10 gcc-4.9_4.9.1-12 gcc-4.9-base_4.9.1-12 gettext_0.19.2-2 gettext-base_0.19.2-2 gfortran_4:4.9.1-3 gfortran-4.9_4.9.1-12 gnupg_1.4.18-3 gpgv_1.4.18-3 grep_2.20-2 groff-base_1.22.2-7 gzip_1.6-3 hostname_3.15 init_1.21 initscripts_2.88dsf-53.4 insserv_1.14.0-5 intltool-debian_0.35.0+20060710.1 libacl1_2.2.52-1.1 libalgorithm-c3-perl_0.09-1 libapt-pkg4.12_1.0.7 libarchive-extract-perl_0.72-1 libasan1_4.9.1-12 libasprintf0c2_0.19.2-2 libatomic1_4.9.1-12 libattr1_1:2.4.47-1 libaudit-common_1:2.3.7-1 libaudit1_1:2.3.7-1 libblacs-mpi-dev_1.1-31.4 libblacs-openmpi1_1.1-31.4 libblas-dev_1.2.20110419-7 libblas3_1.2.20110419-7 libblkid1_2.20.1-5.8 libbsd0_0.7.0-2 libbz2-1.0_1.0.6-7 libc-bin_2.19-10 libc-dev-bin_2.19-10 libc6_2.19-10 libc6-dev_2.19-10 libcap-ng0_0.7.4-2 libcap2_1:2.24-4 libcap2-bin_1:2.24-4 libcgi-fast-perl_1:2.02-1 libcgi-pm-perl_4.03-1 libcilkrts5_4.9.1-12 libclang-common-3.5-dev_1:3.5-1 libclang1-3.5_1:3.5-1 libclass-c3-perl_0.26-1 libclass-c3-xs-perl_0.13-2+b1 libclass-isa-perl_0.36-5 libcloog-isl4_0.18.2-1 libcloog-ppl1_0.16.1-5 libcomerr2_1.42.12-1 libcr0_0.8.5-2.1 libcroco3_0.6.8-3 libcryptsetup4_2:1.6.6-1 libdata-optlist-perl_0.109-1 libdata-section-perl_0.200006-1 libdb5.1_5.1.29-5 libdb5.3_5.3.28-6 libdbus-1-3_1.8.6-2 libdebconfclient0_0.191 libdevmapper1.02.1_2:1.02.88-1 libdpkg-perl_1.17.13 libedit2_3.1-20140620-2 libexpat1_2.1.0-6 libfakeroot_1.20.1-1.1 libfcgi-perl_0.77-1+b1 libffi6_3.1-2 libfile-fcntllock-perl_0.22-1+b1 libgc1c2_1:7.2d-6.3 libgcc-4.7-dev_4.7.4-3 libgcc-4.9-dev_4.9.1-12 libgcc1_1:4.9.1-12 libgcrypt11_1.5.4-3 libgcrypt20_1.6.2-3 libgdbm3_1.8.3-13 libgfortran-4.9-dev_4.9.1-12 libgfortran3_4.9.1-12 libglib2.0-0_2.40.0-5 libgmp10_2:6.0.0+dfsg-6 libgmpxx4ldbl_2:6.0.0+dfsg-6 libgomp1_4.9.1-12 libgpg-error0_1.13-4 libgpm2_1.20.4-6.1 libhwloc-dev_1.9.1-1 libhwloc5_1.9.1-1 libibverbs-dev_1.1.8-1 libibverbs1_1.1.8-1 libisl10_0.12.2-2 libitm1_4.9.1-12 libkmod2_18-1 liblapack-dev_3.5.0-3 liblapack3_3.5.0-3 libllvm3.5_1:3.5-1 liblocale-gettext-perl_1.05-8+b1 liblog-message-perl_0.8-1 liblog-message-simple-perl_0.10-2 liblsan0_4.9.1-12 libltdl7_2.4.2-1.10 liblzma5_5.1.1alpha+20120614-2 libmagic1_1:5.19-1 libmodule-build-perl_0.420800-1 libmodule-pluggable-perl_5.1-1 libmodule-signature-perl_0.73-1 libmount1_2.20.1-5.8 libmpc2_0.9-4 libmpc3_1.0.2-1 libmpfr4_3.1.2-1 libmro-compat-perl_0.12-1 libncurses5_5.9+20140712-2 libncursesw5_5.9+20140712-2 libnuma1_2.0.9-1.1 libobjc-4.9-dev_4.9.1-12 libobjc4_4.9.1-12 libopenmpi-dev_1.6.5-8+b1 libopenmpi1.6_1.6.5-8+b1 libpackage-constants-perl_0.04-1 libpam-cap_1:2.24-4 libpam-modules_1.1.8-3.1 libpam-modules-bin_1.1.8-3.1 libpam-runtime_1.1.8-3.1 libpam-systemd_208-8 libpam0g_1.1.8-3.1 libparams-util-perl_1.07-2+b1 libpci-dev_1:3.2.1-2 libpci3_1:3.2.1-2 libpcre3_1:8.35-3 libpipeline1_1.3.0-1 libpod-latex-perl_0.61-1 libpod-readme-perl_0.11-1 libppl-c4_1:1.1-3 libppl13_1:1.1-3 libprocps3_1:3.3.9-7 libquadmath0_4.9.1-12 libreadline6_6.3-8 libregexp-common-perl_2013031301-1 libscalapack-mpi-dev_1.8.0-9.2 libscalapack-openmpi1_1.8.0-9.2 libselinux1_2.3-2 libsemanage-common_2.3-1 libsemanage1_2.3-1 libsepol1_2.3-2 libslang2_2.2.4-17 libsoftware-license-perl_0.103010-1 libss2_1.42.12-1 libstdc++-4.9-dev_4.9.1-12 libstdc++6_4.9.1-12 libstdc++6-4.6-dev_4.6.4-7 libsub-exporter-perl_0.986-1 libsub-install-perl_0.928-1 libswitch-perl_2.17-1 libsystemd-daemon0_208-8 libsystemd-journal0_208-8 libsystemd-login0_208-8 libterm-ui-perl_0.42-1 libtext-charwidth-perl_0.04-7+b3 libtext-iconv-perl_1.7-5+b2 libtext-soundex-perl_3.4-1+b2 libtext-template-perl_1.46-1 libtext-wrapi18n-perl_0.06-7 libtimedate-perl_2.3000-2 libtinfo5_5.9+20140712-2 libtorque2_2.4.16+dfsg-1.4 libtsan0_4.9.1-12 libubsan0_4.9.1-12 libudev1_208-8 libunistring0_0.9.3-5.2 libusb-0.1-4_2:0.1.12-24 libustr-1.0-1_1.0.4-3 libuuid1_2.20.1-5.8 libwrap0_7.6.q-25 libxml2_2.9.1+dfsg1-4 libxml2-dev_2.9.1+dfsg1-4 linux-libc-dev_3.14.15-2 login_1:4.2-2+b1 lsb-base_4.1+Debian13 make_4.0-8 man-db_2.6.7.1-1 mawk_1.3.3-17 mount_2.20.1-5.8 mpi-default-bin_1.0.2+nmu2 mpi-default-dev_1.0.2+nmu2 multiarch-support_2.19-10 ncurses-base_5.9+20140712-2 ncurses-bin_5.9+20140712-2 openmpi-bin_1.6.5-8+b1 openmpi-common_1.6.5-8 passwd_1:4.2-2+b1 patch_2.7.1-6 perl_5.20.0-6 perl-base_5.20.0-6 perl-modules_5.20.0-6 po-debconf_1.0.16+nmu3 procps_1:3.3.9-7 psmisc_22.21-2 readline-common_6.3-8 rename_0.20-3 sbuild-build-depends-core-dummy_0.invalid.0 sbuild-build-depends-elpa-dummy_0.invalid.0 sed_4.2.2-4 sensible-utils_0.0.9 startpar_0.59-3 sudo_1.8.9p5-1 systemd_208-8 systemd-sysv_208-8 sysv-rc_2.88dsf-53.4 sysvinit_2.88dsf-53.4 sysvinit-utils_2.88dsf-53.4 tar_1.27.1-2 tcpd_7.6.q-25 tzdata_2014g-1 ucf_3.0030 udev_208-8 util-linux_2.20.1-5.8 vim_2:7.4.430-1 vim-common_2:7.4.430-1 vim-runtime_2:7.4.430-1 xz-utils_5.1.1alpha+20120614-2 zlib1g_1:1.2.8.dfsg-2 zlib1g-dev_1:1.2.8.dfsg-2

┌──────────────────────────────────────────────────────────────────────────────┐
│ Build                                                                        │
└──────────────────────────────────────────────────────────────────────────────┘


Unpack source
─────────────

gpgv: keyblock resource `/sbuild-nonexistent/.gnupg/trustedkeys.gpg': file open error
gpgv: Signature made Thu Jun  5 21:09:31 2014 UTC using RSA key ID B43481B0
gpgv: Can't check signature: public key not found
dpkg-source: warning: failed to verify signature on ./elpa_2013.11.008-1.dsc
dpkg-source: info: extracting elpa in elpa-2013.11.008
dpkg-source: info: unpacking elpa_2013.11.008.orig.tar.gz
dpkg-source: info: unpacking elpa_2013.11.008-1.debian.tar.xz

Check disc space
────────────────

Sufficient free space for build

Hack binNMU version
───────────────────

Created changelog entry for binNMU version 2013.11.008-1clang1

User Environment
────────────────

DEB_BUILD_OPTIONS=parallel=10
HOME=/sbuild-nonexistent
LOGNAME=user
PATH=/usr/local/sbin:/usr/local/bin:/usr/sbin:/usr/bin:/sbin:/bin:/usr/games
SCHROOT_ALIAS_NAME=unstable-amd64-sbuild
SCHROOT_CHROOT_NAME=unstable-amd64-sbuild
SCHROOT_COMMAND=env
SCHROOT_GID=1000
SCHROOT_GROUP=user
SCHROOT_SESSION_ID=unstable-amd64-sbuild-3d236949-526b-4db2-85b0-548e53eaa914
SCHROOT_UID=1000
SCHROOT_USER=user
SHELL=/bin/sh
USER=user

dpkg-buildpackage
─────────────────

dpkg-buildpackage: source package elpa
dpkg-buildpackage: source version 2013.11.008-1clang1
dpkg-buildpackage: source distribution unstable
 dpkg-source --before-build elpa-2013.11.008
dpkg-buildpackage: host architecture amd64
 fakeroot debian/rules clean
dh clean 
   dh_testdir
   debian/rules override_dh_auto_clean
make[1]: Entering directory '/«PKGBUILDDIR»'
rm -f .fortran_dependencies/dependencies.mk config-f90.h modules/elpa1.mod modules/elpa2.mod
dh_auto_clean
make[1]: Leaving directory '/«PKGBUILDDIR»'
   dh_clean
 debian/rules build-arch
dh build-arch 
   dh_testdir -a
   debian/rules override_dh_auto_configure
make[1]: Entering directory '/«PKGBUILDDIR»'
dh_auto_configure -- --with-generic-simple
configure: WARNING: unrecognized options: --disable-maintainer-mode
checking for a BSD-compatible install... /usr/bin/install -c
checking whether build environment is sane... yes
checking for a thread-safe mkdir -p... /bin/mkdir -p
checking for gawk... no
checking for mawk... mawk
checking whether make sets $(MAKE)... yes
checking whether make supports nested variables... yes
checking whether make supports nested variables... (cached) yes
checking for GNU make... make
checking for cpp... yes
checking for GNU make... make
checking for style of include used by make... GNU
checking for gcc... gcc
checking whether the C compiler works... yes
checking for C compiler default output file name... a.out
checking for suffix of executables... 
checking whether we are cross compiling... no
checking for suffix of object files... o
checking whether we are using the GNU C compiler... yes
checking whether gcc accepts -g... yes
checking for gcc option to accept ISO C89... none needed
checking dependency style of gcc... none
checking whether gcc and cc understand -c and -o together... yes
checking for ar... ar
checking the archiver (ar) interface... ar
checking dependency style of gcc... none
checking for g++... g++
checking whether we are using the GNU C++ compiler... yes
checking whether g++ accepts -g... yes
checking dependency style of g++... none
checking whether the generic kernel is specified... no
checking whether the generic-simple kernel is specified... yes
checking whether the bgp kernel is specified... no
checking whether the bgq kernel is specified... no
checking whether the sse-assembler kernel is specified... no
checking whether the avx-sandybridge kernel is specified... no
checking whether the amd-bulldozer kernel is specified... no
checking whether the avx-complex-block1 kernel is specified... no
checking whether the avx-complex-block2 kernel is specified... no
checking whether the avx-real-block2 kernel is specified... no
checking whether the avx-real-block4 kernel is specified... no
checking whether the avx-real-block6 kernel is specified... no
checking whether the user defined an ELPA kernel... no
checking whether AVX optimization flags should be set automatically... no
checking for mpiifort... no
checking for mpif95... no
checking for mpxlf95_r... no
checking for mpxlf95... no
checking for ftn... no
checking for mpif90... mpif90
checking whether we are using the GNU Fortran compiler... yes
checking whether mpif90 accepts -g... yes
checking for function MPI_INIT... yes
checking for mpif.h... yes
checking for Fortran flag needed to accept free-form source... -ffree-form
checking Fortran 90 module inclusion flag... -I
checking Fortran 90 module output flag... -J
checking whether OpenMP usage is specified... no
checking whether we can compile a Fortran program using MKL... no
checking for library containing dgemm... -lblas
checking whether we can link a program with a blas lib... yes
checking for library containing dlarrv... -llapack
checking whether we can link a program with a lapack lib... yes
checking for library containing blacs_gridinit... none required
checking whether we can link a program with a blacs lib... yes
checking for library containing pdtran... none required
checking whether we can link a program with a scalapack lib... yes
checking whether we can link a Fortran program with all blacs/scalapack... yes
checking build system type... x86_64-pc-linux-gnu
checking host system type... x86_64-pc-linux-gnu
checking how to print strings... printf
checking for a sed that does not truncate output... /bin/sed
checking for grep that handles long lines and -e... /bin/grep
checking for egrep... /bin/grep -E
checking for fgrep... /bin/grep -F
checking for ld used by gcc... /usr/bin/ld
checking if the linker (/usr/bin/ld) is GNU ld... yes
checking for BSD- or MS-compatible name lister (nm)... /usr/bin/nm -B
checking the name lister (/usr/bin/nm -B) interface... BSD nm
checking whether ln -s works... yes
checking the maximum length of command line arguments... 1572864
checking whether the shell understands some XSI constructs... yes
checking whether the shell understands "+="... yes
checking how to convert x86_64-pc-linux-gnu file names to x86_64-pc-linux-gnu format... func_convert_file_noop
checking how to convert x86_64-pc-linux-gnu file names to toolchain format... func_convert_file_noop
checking for /usr/bin/ld option to reload object files... -r
checking for objdump... objdump
checking how to recognize dependent libraries... pass_all
checking for dlltool... no
checking how to associate runtime and link libraries... printf %s\n
checking for archiver @FILE support... @
checking for strip... strip
checking for ranlib... ranlib
checking command to parse /usr/bin/nm -B output from gcc object... failed
checking for sysroot... no
checking for mt... no
checking if : is a manifest tool... no
checking how to run the C preprocessor... gcc -E
checking for ANSI C header files... yes
checking for sys/types.h... yes
checking for sys/stat.h... yes
checking for stdlib.h... yes
checking for string.h... yes
checking for memory.h... yes
checking for strings.h... yes
checking for inttypes.h... yes
checking for stdint.h... yes
checking for unistd.h... yes
checking for dlfcn.h... yes
checking for objdir... .libs
checking if gcc supports -fno-rtti -fno-exceptions... yes
checking for gcc option to produce PIC... -fPIC -DPIC
checking if gcc PIC flag -fPIC -DPIC works... yes
checking if gcc static flag -static works... yes
checking if gcc supports -c -o file.o... yes
checking if gcc supports -c -o file.o... (cached) yes
checking whether the gcc linker (/usr/bin/ld) supports shared libraries... yes
checking whether -lc should be explicitly linked in... no
checking dynamic linker characteristics... GNU/Linux ld.so
checking how to hardcode library paths into programs... immediate
checking whether stripping libraries is possible... yes
checking if libtool supports shared libraries... yes
checking whether to build shared libraries... yes
checking whether to build static libraries... yes
checking how to run the C++ preprocessor... g++ -E
checking for ld used by g++... /usr/bin/ld
checking if the linker (/usr/bin/ld) is GNU ld... yes
checking whether the g++ linker (/usr/bin/ld) supports shared libraries... yes
checking for g++ option to produce PIC... -fPIC -DPIC
checking if g++ PIC flag -fPIC -DPIC works... yes
checking if g++ static flag -static works... yes
checking if g++ supports -c -o file.o... yes
checking if g++ supports -c -o file.o... (cached) yes
checking whether the g++ linker (/usr/bin/ld) supports shared libraries... yes
checking dynamic linker characteristics... (cached) GNU/Linux ld.so
checking how to hardcode library paths into programs... immediate
checking if libtool supports shared libraries... yes
checking whether to build shared libraries... yes
checking whether to build static libraries... yes
checking for mpif90 option to produce PIC... -fPIC
checking if mpif90 PIC flag -fPIC works... yes
checking if mpif90 static flag -static works... no
checking if mpif90 supports -c -o file.o... yes
checking if mpif90 supports -c -o file.o... (cached) yes
checking whether the mpif90 linker (/usr/bin/ld) supports shared libraries... yes
checking dynamic linker characteristics... (cached) GNU/Linux ld.so
checking how to hardcode library paths into programs... immediate
checking that generated files are newer than configure... done
configure: creating ./config.status
config.status: creating Makefile
config.status: creating elpa.pc
config.status: creating config.h
config.status: executing depfiles commands
config.status: executing libtool commands
configure: WARNING: unrecognized options: --disable-maintainer-mode
make[1]: Leaving directory '/«PKGBUILDDIR»'
   dh_auto_build -a
make[1]: Entering directory '/«PKGBUILDDIR»'
called module_targets(test/test_real.F90,,test_real)
called module_targets(test/test_real2.F90,,test_real2)
called module_targets(test/test_complex.F90,,test_complex)
called module_targets(test/test_complex2.F90,,test_complex2)
called module_targets(src/elpa1.F90,,libelpa_la)
called module_targets(src/elpa2.F90,,libelpa_la)
called module_targets(src/elpa2_kernels/elpa2_kernels_complex_simple.f90,,libelpa_la)
called module_targets(src/elpa2_kernels/elpa2_kernels_real_simple.f90,,libelpa_la)
make  all-am
make[2]: Entering directory '/«PKGBUILDDIR»'
called module_targets(test/test_real.F90,,test_real)
called module_targets(test/test_real2.F90,,test_real2)
called module_targets(test/test_complex.F90,,test_complex)
called module_targets(test/test_complex2.F90,,test_complex2)
called module_targets(src/elpa1.F90,,libelpa_la)
called module_targets(src/elpa2.F90,,libelpa_la)
called module_targets(src/elpa2_kernels/elpa2_kernels_complex_simple.f90,,libelpa_la)
called module_targets(src/elpa2_kernels/elpa2_kernels_real_simple.f90,,libelpa_la)
fdep/fortran_dependencies.mk:64: /«PKGBUILDDIR»/.fortran_dependencies/dependencies.mk: No such file or directory
  F90 USE  [test_real] test/test_real.F90
make[2]: *** Deleting file 'test/test_real.use_mods.lo'
E: Caught signal ‘Terminated’: terminating immediately
make[2]: *** [test/test_real.use_mods.lo] Terminated
make: *** [build-arch] Terminated
fdep/fortran_dependencies.mk:54: recipe for target 'test/test_real.use_mods.lo' failed
debian/rules:10: recipe for target 'build-arch' failed
Makefile:835: recipe for target 'all' failed
make[1]: *** [all] Terminated
Build killed with signal TERM after 72 minutes of inactivity
────────────────────────────────────────────────────────────────────────────────
Build finished at 20140904-1726

Finished
────────

E: Build failure (dpkg-buildpackage died)

┌──────────────────────────────────────────────────────────────────────────────┐
│ Cleanup                                                                      │
└──────────────────────────────────────────────────────────────────────────────┘

Purging /«BUILDDIR»
Not cleaning session: cloned chroot in use

┌──────────────────────────────────────────────────────────────────────────────┐
│ Summary                                                                      │
└──────────────────────────────────────────────────────────────────────────────┘

Build Architecture: amd64
Build-Space: 3292
Build-Time: 5819
Distribution: unstable
Fail-Stage: build
Host Architecture: amd64
Install-Time: 15
Job: elpa_2013.11.008-1
Machine Architecture: amd64
Package: elpa
Package-Time: 5866
Source-Version: 2013.11.008-1
Space: 3292
Status: attempted
Version: 2013.11.008-1clang1
────────────────────────────────────────────────────────────────────────────────
Finished at 20140904-1726
Build needed 01:37:46, 3292k disc space
DC-Status: Failed 6005.657428253s
DC-Time-Estimation: 6005.657428253 versus expected 1 (r/m: 6004.657428253 ; m: 1.0)
