DC-Build-Header: mupen64plus-video-z64 2.0.0-2 / 2014-09-04 19:21:42 +0000
DC-Task: source:mupen64plus-video-z64 version:2.0.0-2 architecture:any chroot:unstable esttime:207 logfile:/tmp/mupen64plus-video-z64_2.0.0-2_unstable_clang.log modes:binary-only:parallel:clang
DC-Sbuild-call: su user -c 'sbuild -n --apt-update -d unstable -v  --chroot-setup-commands=/tmp/switch-to-clang --append-to-version "clang1" --maintainer "Lucas Nussbaum <lucas@debian.org>" --uploader "Lucas Nussbaum <lucas@debian.org>" mupen64plus-video-z64_2.0.0-2'
sbuild (Debian sbuild) 0.63.2 (18 Aug 2012) on ip-172-31-5-36.us-west-2.compute.internal

╔══════════════════════════════════════════════════════════════════════════════╗
║ mupen64plus-video-z64 2.0.0-2clang1 (amd64)                04 Sep 2014 19:21 ║
╚══════════════════════════════════════════════════════════════════════════════╝

Package: mupen64plus-video-z64
Version: 2.0.0-2clang1
Source Version: 2.0.0-2
Distribution: unstable
Machine Architecture: amd64
Host Architecture: amd64
Build Architecture: amd64

I: NOTICE: Log filtering will replace 'build/mupen64plus-video-z64-MmXPhG/mupen64plus-video-z64-2.0.0' with '«PKGBUILDDIR»'
I: NOTICE: Log filtering will replace 'build/mupen64plus-video-z64-MmXPhG' with '«BUILDDIR»'
I: NOTICE: Log filtering will replace 'var/lib/schroot/mount/unstable-amd64-sbuild-926ca9d3-488f-437a-bc97-2cd570552308' with '«CHROOT»'

┌──────────────────────────────────────────────────────────────────────────────┐
│ Update chroot                                                                │
└──────────────────────────────────────────────────────────────────────────────┘

Get:1 http://localhost:9999 unstable InRelease [233 kB]
Get:2 http://localhost:9999 unstable/main Sources/DiffIndex [7876 B]
Get:3 http://localhost:9999 unstable/main amd64 Packages/DiffIndex [7876 B]
Get:4 http://localhost:9999 unstable/main Translation-en/DiffIndex [7876 B]
Get:5 http://localhost:9999 unstable/main 2014-09-03-1436.55.pdiff [24.7 kB]
Get:6 http://localhost:9999 unstable/main 2014-09-03-2030.01.pdiff [10.5 kB]
Get:7 http://localhost:9999 unstable/main 2014-09-04-0229.22.pdiff [7545 B]
Get:8 http://localhost:9999 unstable/main 2014-09-04-0831.05.pdiff [14.0 kB]
Get:9 http://localhost:9999 unstable/main amd64 2014-09-03-1436.55.pdiff [26.7 kB]
Get:10 http://localhost:9999 unstable/main 2014-09-04-0831.05.pdiff [14.0 kB]
Get:11 http://localhost:9999 unstable/main amd64 2014-09-03-2030.01.pdiff [12.4 kB]
Get:12 http://localhost:9999 unstable/main amd64 2014-09-04-0229.22.pdiff [5892 B]
Get:13 http://localhost:9999 unstable/main amd64 2014-09-04-0831.05.pdiff [18.1 kB]
Get:14 http://localhost:9999 unstable/main 2014-09-03-1436.55.pdiff [3960 B]
Get:15 http://localhost:9999 unstable/main 2014-09-03-2030.01.pdiff [1010 B]
Get:16 http://localhost:9999 unstable/main 2014-09-04-0229.22.pdiff [648 B]
Get:17 http://localhost:9999 unstable/main 2014-09-04-0831.05.pdiff [61 B]
Get:18 http://localhost:9999 unstable/main amd64 2014-09-04-0831.05.pdiff [18.1 kB]
Get:19 http://localhost:9999 unstable/main 2014-09-04-0831.05.pdiff [61 B]
Fetched 382 kB in 5s (69.4 kB/s)
Reading package lists...
Reading package lists...
Building dependency tree...
Reading state information...
The following packages will be upgraded:
  binutils
1 upgraded, 0 newly installed, 0 to remove and 0 not upgraded.
Need to get 3310 kB of archives.
After this operation, 50.2 kB of additional disk space will be used.
Get:1 http://localhost:9999/debian/ unstable/main binutils amd64 2.24.51.20140903-1 [3310 kB]
debconf: delaying package configuration, since apt-utils is not installed
Fetched 3310 kB in 0s (27.4 MB/s)
(Reading database ... 15135 files and directories currently installed.)
Preparing to unpack .../binutils_2.24.51.20140903-1_amd64.deb ...
Unpacking binutils (2.24.51.20140903-1) over (2.24.51.20140818-1) ...
Setting up binutils (2.24.51.20140903-1) ...
Processing triggers for libc-bin (2.19-10) ...

┌──────────────────────────────────────────────────────────────────────────────┐
│ Fetch source files                                                           │
└──────────────────────────────────────────────────────────────────────────────┘


Check APT
─────────

Checking available source versions...

Download source files with APT
──────────────────────────────

Reading package lists...
Building dependency tree...
Reading state information...
NOTICE: 'mupen64plus-video-z64' packaging is maintained in the 'Git' version control system at:
git://anonscm.debian.org/collab-maint/mupen64plus-video-z64.git
Need to get 78.5 kB of source archives.
Get:1 http://localhost:9999/debian/ unstable/main mupen64plus-video-z64 2.0.0-2 (dsc) [2274 B]
Get:2 http://localhost:9999/debian/ unstable/main mupen64plus-video-z64 2.0.0-2 (tar) [65.7 kB]
Get:3 http://localhost:9999/debian/ unstable/main mupen64plus-video-z64 2.0.0-2 (diff) [10.5 kB]
Fetched 78.5 kB in 1s (70.2 kB/s)
Download complete and in download only mode

Check arch
──────────


┌──────────────────────────────────────────────────────────────────────────────┐
│ Chroot Setup Commands                                                        │
└──────────────────────────────────────────────────────────────────────────────┘


/tmp/switch-to-clang
────────────────────

+ echo 'Entering customization script...'
Entering customization script...
+ CLANG_VERSION=3.5
+ echo 'Install of clang-3.5'
Install of clang-3.5
+ apt-get update
Hit http://localhost:9999 unstable InRelease
Get:1 http://localhost:9999 unstable/main Sources/DiffIndex [7876 B]
Get:2 http://localhost:9999 unstable/main amd64 Packages/DiffIndex [7876 B]
Get:3 http://localhost:9999 unstable/main Translation-en/DiffIndex [7876 B]
Fetched 23.6 kB in 1s (11.9 kB/s)
Reading package lists...
+ apt-get install --yes --no-install-recommends --force-yes clang-3.5
Reading package lists...
Building dependency tree...
Reading state information...
The following extra packages will be installed:
  libbsd0 libclang-common-3.5-dev libclang1-3.5 libedit2 libffi6 libllvm3.5
  libobjc-4.9-dev libobjc4
Suggested packages:
  gnustep gnustep-devel clang-3.5-doc
Recommended packages:
  llvm-3.5-dev python
The following NEW packages will be installed:
  clang-3.5 libbsd0 libclang-common-3.5-dev libclang1-3.5 libedit2 libffi6
  libllvm3.5 libobjc-4.9-dev libobjc4
0 upgraded, 9 newly installed, 0 to remove and 0 not upgraded.
Need to get 33.3 MB of archives.
After this operation, 132 MB of additional disk space will be used.
Get:1 http://localhost:9999/debian/ unstable/main libbsd0 amd64 0.7.0-2 [67.9 kB]
Get:2 http://localhost:9999/debian/ unstable/main libedit2 amd64 3.1-20140620-2 [85.1 kB]
Get:3 http://localhost:9999/debian/ unstable/main libffi6 amd64 3.1-2 [19.8 kB]
Get:4 http://localhost:9999/debian/ unstable/main libllvm3.5 amd64 1:3.5-1 [7609 kB]
Get:5 http://localhost:9999/debian/ unstable/main libobjc4 amd64 4.9.1-12 [112 kB]
Get:6 http://localhost:9999/debian/ unstable/main libobjc-4.9-dev amd64 4.9.1-12 [372 kB]
Get:7 http://localhost:9999/debian/ unstable/main libclang1-3.5 amd64 1:3.5-1 [3628 kB]
Get:8 http://localhost:9999/debian/ unstable/main libclang-common-3.5-dev amd64 1:3.5-1 [677 kB]
Get:9 http://localhost:9999/debian/ unstable/main clang-3.5 amd64 1:3.5-1 [20.7 MB]
debconf: delaying package configuration, since apt-utils is not installed
Fetched 33.3 MB in 1s (31.9 MB/s)
Selecting previously unselected package libbsd0:amd64.
(Reading database ... 15135 files and directories currently installed.)
Preparing to unpack .../libbsd0_0.7.0-2_amd64.deb ...
Unpacking libbsd0:amd64 (0.7.0-2) ...
Selecting previously unselected package libedit2:amd64.
Preparing to unpack .../libedit2_3.1-20140620-2_amd64.deb ...
Unpacking libedit2:amd64 (3.1-20140620-2) ...
Selecting previously unselected package libffi6:amd64.
Preparing to unpack .../libffi6_3.1-2_amd64.deb ...
Unpacking libffi6:amd64 (3.1-2) ...
Selecting previously unselected package libllvm3.5:amd64.
Preparing to unpack .../libllvm3.5_1%3a3.5-1_amd64.deb ...
Unpacking libllvm3.5:amd64 (1:3.5-1) ...
Selecting previously unselected package libobjc4:amd64.
Preparing to unpack .../libobjc4_4.9.1-12_amd64.deb ...
Unpacking libobjc4:amd64 (4.9.1-12) ...
Selecting previously unselected package libobjc-4.9-dev:amd64.
Preparing to unpack .../libobjc-4.9-dev_4.9.1-12_amd64.deb ...
Unpacking libobjc-4.9-dev:amd64 (4.9.1-12) ...
Selecting previously unselected package libclang1-3.5:amd64.
Preparing to unpack .../libclang1-3.5_1%3a3.5-1_amd64.deb ...
Unpacking libclang1-3.5:amd64 (1:3.5-1) ...
Selecting previously unselected package libclang-common-3.5-dev.
Preparing to unpack .../libclang-common-3.5-dev_1%3a3.5-1_amd64.deb ...
Unpacking libclang-common-3.5-dev (1:3.5-1) ...
Selecting previously unselected package clang-3.5.
Preparing to unpack .../clang-3.5_1%3a3.5-1_amd64.deb ...
Unpacking clang-3.5 (1:3.5-1) ...
Setting up libbsd0:amd64 (0.7.0-2) ...
Setting up libedit2:amd64 (3.1-20140620-2) ...
Setting up libffi6:amd64 (3.1-2) ...
Setting up libllvm3.5:amd64 (1:3.5-1) ...
Setting up libobjc4:amd64 (4.9.1-12) ...
Setting up libobjc-4.9-dev:amd64 (4.9.1-12) ...
Setting up libclang1-3.5:amd64 (1:3.5-1) ...
Setting up libclang-common-3.5-dev (1:3.5-1) ...
Setting up clang-3.5 (1:3.5-1) ...
Processing triggers for libc-bin (2.19-10) ...
+ echo 'Replace gcc, g++ & cpp by clang'
Replace gcc, g++ & cpp by clang
+ VERSIONS='4.6 4.7 4.8 4.9'
+ cd /usr/bin
+ for VERSION in '$VERSIONS'
+ rm -f g++-4.6 gcc-4.6 cpp-4.6 gcc
+ ln -s clang++-3.5 g++-4.6
+ ln -s clang-3.5 gcc-4.6
+ ln -s clang-3.5 cpp-4.6
+ ln -s clang-3.5 gcc
+ echo 'gcc-4.6 hold'
+ dpkg --set-selections
+ echo 'g++-4.6 hold'
+ dpkg --set-selections
+ for VERSION in '$VERSIONS'
+ rm -f g++-4.7 gcc-4.7 cpp-4.7 gcc
+ ln -s clang++-3.5 g++-4.7
+ ln -s clang-3.5 gcc-4.7
+ ln -s clang-3.5 cpp-4.7
+ ln -s clang-3.5 gcc
+ echo 'gcc-4.7 hold'
+ dpkg --set-selections
+ echo 'g++-4.7 hold'
+ dpkg --set-selections
+ for VERSION in '$VERSIONS'
+ rm -f g++-4.8 gcc-4.8 cpp-4.8 gcc
+ ln -s clang++-3.5 g++-4.8
+ ln -s clang-3.5 gcc-4.8
+ ln -s clang-3.5 cpp-4.8
+ ln -s clang-3.5 gcc
+ echo 'gcc-4.8 hold'
+ dpkg --set-selections
dpkg: warning: package not in database at line 1: gcc-4.8
dpkg: warning: found unknown packages; this might mean the available database
is outdated, and needs to be updated through a frontend method
+ echo 'g++-4.8 hold'
+ dpkg --set-selections
dpkg: warning: package not in database at line 1: g++-4.8
dpkg: warning: found unknown packages; this might mean the available database
is outdated, and needs to be updated through a frontend method
+ for VERSION in '$VERSIONS'
+ rm -f g++-4.9 gcc-4.9 cpp-4.9 gcc
+ ln -s clang++-3.5 g++-4.9
+ ln -s clang-3.5 gcc-4.9
+ ln -s clang-3.5 cpp-4.9
+ ln -s clang-3.5 gcc
+ echo 'gcc-4.9 hold'
+ dpkg --set-selections
+ echo 'g++-4.9 hold'
+ dpkg --set-selections
+ cd -
/«BUILDDIR»
+ echo 'Check if gcc, g++ & cpp are actually clang'
Check if gcc, g++ & cpp are actually clang
+ gcc --version
+ grep clang
+ cpp --version
+ grep clang
+ g++ --version
+ grep clang

I: Finished running '/tmp/switch-to-clang'.

Finished processing commands.
────────────────────────────────────────────────────────────────────────────────
Merged Build-Depends: build-essential, fakeroot
Filtered Build-Depends: build-essential, fakeroot
dpkg-deb: building package `sbuild-build-depends-core-dummy' in `/«BUILDDIR»/resolver-0zmwGE/apt_archive/sbuild-build-depends-core-dummy.deb'.
OK
Reading package lists...

┌──────────────────────────────────────────────────────────────────────────────┐
│ Install core build dependencies (apt-based resolver)                         │
└──────────────────────────────────────────────────────────────────────────────┘

Installing build dependencies
Reading package lists...
Building dependency tree...
Reading state information...
The following NEW packages will be installed:
  sbuild-build-depends-core-dummy
debconf: delaying package configuration, since apt-utils is not installed
0 upgraded, 1 newly installed, 0 to remove and 0 not upgraded.
Need to get 0 B/816 B of archives.
After this operation, 0 B of additional disk space will be used.
Selecting previously unselected package sbuild-build-depends-core-dummy.
(Reading database ... 15338 files and directories currently installed.)
Preparing to unpack .../sbuild-build-depends-core-dummy.deb ...
Unpacking sbuild-build-depends-core-dummy (0.invalid.0) ...
Setting up sbuild-build-depends-core-dummy (0.invalid.0) ...
Merged Build-Depends: base-files, base-passwd, bash, bsdutils, coreutils, dash, debianutils, diffutils, dpkg, e2fsprogs, findutils, grep, gzip, hostname, init, libc-bin, login, mount, ncurses-base, ncurses-bin, perl-base, sed, sysvinit-utils, tar, util-linux, libc6-dev | libc-dev, gcc (>= 4:4.9.1), g++ (>= 4:4.9.1), make, dpkg-dev (>= 1.17.11), debhelper (>= 9.20130604), dpkg-dev (>= 1.16.1.1), libgl1-mesa-dev | libgl-dev, libglew-dev, libmupen64plus-dev (>= 2.0), libsdl2-dev, pkg-config
Filtered Build-Depends: base-files, base-passwd, bash, bsdutils, coreutils, dash, debianutils, diffutils, dpkg, e2fsprogs, findutils, grep, gzip, hostname, init, libc-bin, login, mount, ncurses-base, ncurses-bin, perl-base, sed, sysvinit-utils, tar, util-linux, libc6-dev, gcc (>= 4:4.9.1), g++ (>= 4:4.9.1), make, dpkg-dev (>= 1.17.11), debhelper (>= 9.20130604), dpkg-dev (>= 1.16.1.1), libgl1-mesa-dev, libglew-dev, libmupen64plus-dev (>= 2.0), libsdl2-dev, pkg-config
dpkg-deb: building package `sbuild-build-depends-mupen64plus-video-z64-dummy' in `/«BUILDDIR»/resolver-zk1l4l/apt_archive/sbuild-build-depends-mupen64plus-video-z64-dummy.deb'.
OK
Reading package lists...

┌──────────────────────────────────────────────────────────────────────────────┐
│ Install mupen64plus-video-z64 build dependencies (apt-based resolver)        │
└──────────────────────────────────────────────────────────────────────────────┘

Installing build dependencies
Reading package lists...
Building dependency tree...
Reading state information...
The following extra packages will be installed:
  bsdmainutils debhelper file gettext gettext-base groff-base intltool-debian
  libasound2 libasound2-data libasound2-dev libasprintf0c2 libasyncns0
  libavahi-client-dev libavahi-client3 libavahi-common-data
  libavahi-common-dev libavahi-common3 libcroco3 libdbus-1-dev libdrm-dev
  libdrm-intel1 libdrm-nouveau2 libdrm-radeon1 libdrm2 libegl1-mesa
  libegl1-mesa-dev libegl1-mesa-drivers libelf1 libelfg0 libflac8 libgbm1
  libgl1-mesa-dev libgl1-mesa-glx libglapi-mesa libgles2-mesa
  libgles2-mesa-dev libglew-dev libglew1.10 libglib2.0-0 libglib2.0-bin
  libglib2.0-data libglib2.0-dev libglu1-mesa libglu1-mesa-dev libice-dev
  libice6 libjson-c2 libllvm3.4 libmagic1 libmupen64plus-dev libogg0
  libopenvg1-mesa libpciaccess0 libpcre3-dev libpcrecpp0 libpipeline1
  libpthread-stubs0-dev libpulse-dev libpulse-mainloop-glib0 libpulse0
  libpython-stdlib libpython2.7-minimal libpython2.7-stdlib libsdl2-2.0-0
  libsdl2-dev libsm-dev libsm6 libsndfile1 libsqlite3-0 libssl1.0.0
  libsystemd-id128-0 libudev-dev libunistring0 libvorbis0a libvorbisenc2
  libwayland-client0 libwayland-cursor0 libwayland-dev libwayland-egl1-mesa
  libwayland-server0 libx11-6 libx11-data libx11-dev libx11-xcb-dev
  libx11-xcb1 libxau-dev libxau6 libxcb-dri2-0 libxcb-dri2-0-dev libxcb-dri3-0
  libxcb-dri3-dev libxcb-glx0 libxcb-glx0-dev libxcb-present-dev
  libxcb-present0 libxcb-randr0 libxcb-randr0-dev libxcb-render0
  libxcb-render0-dev libxcb-shape0 libxcb-shape0-dev libxcb-sync-dev
  libxcb-sync1 libxcb-xfixes0 libxcb-xfixes0-dev libxcb1 libxcb1-dev
  libxcursor-dev libxcursor1 libxdamage-dev libxdamage1 libxdmcp-dev libxdmcp6
  libxext-dev libxext6 libxfixes-dev libxfixes3 libxi-dev libxi6
  libxinerama-dev libxinerama1 libxkbcommon-dev libxkbcommon0 libxml2 libxmu6
  libxrandr-dev libxrandr2 libxrender-dev libxrender1 libxshmfence-dev
  libxshmfence1 libxss-dev libxss1 libxt-dev libxt6 libxtst6 libxv-dev libxv1
  libxxf86vm-dev libxxf86vm1 man-db mesa-common-dev mime-support pkg-config
  po-debconf python python-minimal python2.7 python2.7-minimal x11-common
  x11proto-core-dev x11proto-damage-dev x11proto-dri2-dev x11proto-fixes-dev
  x11proto-gl-dev x11proto-input-dev x11proto-kb-dev x11proto-randr-dev
  x11proto-render-dev x11proto-scrnsaver-dev x11proto-video-dev
  x11proto-xext-dev x11proto-xf86vidmode-dev x11proto-xinerama-dev xkb-data
  xorg-sgml-doctools xtrans-dev zlib1g-dev
Suggested packages:
  wamerican wordlist whois vacation dh-make gettext-doc groff
  libasound2-plugins alsa-utils libasound2-doc glew-utils libglib2.0-doc
  libice-doc pciutils pulseaudio libsm-doc libxcb-doc libxext-doc libxt-doc
  less www-browser libmail-box-perl python-doc python-tk python2.7-doc
  binfmt-support
Recommended packages:
  curl wget lynx-cur autopoint libasprintf-dev libgettextpo-dev
  libgl1-mesa-dri shared-mime-info libx11-doc xml-core libmail-sendmail-perl
The following NEW packages will be installed:
  bsdmainutils debhelper file gettext gettext-base groff-base intltool-debian
  libasound2 libasound2-data libasound2-dev libasprintf0c2 libasyncns0
  libavahi-client-dev libavahi-client3 libavahi-common-data
  libavahi-common-dev libavahi-common3 libcroco3 libdbus-1-dev libdrm-dev
  libdrm-intel1 libdrm-nouveau2 libdrm-radeon1 libdrm2 libegl1-mesa
  libegl1-mesa-dev libegl1-mesa-drivers libelf1 libelfg0 libflac8 libgbm1
  libgl1-mesa-dev libgl1-mesa-glx libglapi-mesa libgles2-mesa
  libgles2-mesa-dev libglew-dev libglew1.10 libglib2.0-0 libglib2.0-bin
  libglib2.0-data libglib2.0-dev libglu1-mesa libglu1-mesa-dev libice-dev
  libice6 libjson-c2 libllvm3.4 libmagic1 libmupen64plus-dev libogg0
  libopenvg1-mesa libpciaccess0 libpcre3-dev libpcrecpp0 libpipeline1
  libpthread-stubs0-dev libpulse-dev libpulse-mainloop-glib0 libpulse0
  libpython-stdlib libpython2.7-minimal libpython2.7-stdlib libsdl2-2.0-0
  libsdl2-dev libsm-dev libsm6 libsndfile1 libsqlite3-0 libssl1.0.0
  libsystemd-id128-0 libudev-dev libunistring0 libvorbis0a libvorbisenc2
  libwayland-client0 libwayland-cursor0 libwayland-dev libwayland-egl1-mesa
  libwayland-server0 libx11-6 libx11-data libx11-dev libx11-xcb-dev
  libx11-xcb1 libxau-dev libxau6 libxcb-dri2-0 libxcb-dri2-0-dev libxcb-dri3-0
  libxcb-dri3-dev libxcb-glx0 libxcb-glx0-dev libxcb-present-dev
  libxcb-present0 libxcb-randr0 libxcb-randr0-dev libxcb-render0
  libxcb-render0-dev libxcb-shape0 libxcb-shape0-dev libxcb-sync-dev
  libxcb-sync1 libxcb-xfixes0 libxcb-xfixes0-dev libxcb1 libxcb1-dev
  libxcursor-dev libxcursor1 libxdamage-dev libxdamage1 libxdmcp-dev libxdmcp6
  libxext-dev libxext6 libxfixes-dev libxfixes3 libxi-dev libxi6
  libxinerama-dev libxinerama1 libxkbcommon-dev libxkbcommon0 libxml2 libxmu6
  libxrandr-dev libxrandr2 libxrender-dev libxrender1 libxshmfence-dev
  libxshmfence1 libxss-dev libxss1 libxt-dev libxt6 libxtst6 libxv-dev libxv1
  libxxf86vm-dev libxxf86vm1 man-db mesa-common-dev mime-support pkg-config
  po-debconf python python-minimal python2.7 python2.7-minimal
  sbuild-build-depends-mupen64plus-video-z64-dummy x11-common
  x11proto-core-dev x11proto-damage-dev x11proto-dri2-dev x11proto-fixes-dev
  x11proto-gl-dev x11proto-input-dev x11proto-kb-dev x11proto-randr-dev
  x11proto-render-dev x11proto-scrnsaver-dev x11proto-video-dev
  x11proto-xext-dev x11proto-xf86vidmode-dev x11proto-xinerama-dev xkb-data
  xorg-sgml-doctools xtrans-dev zlib1g-dev
0 upgraded, 169 newly installed, 0 to remove and 0 not upgraded.
Need to get 43.7 MB/43.7 MB of archives.
After this operation, 159 MB of additional disk space will be used.
Get:1 http://localhost:9999/debian/ unstable/main libpipeline1 amd64 1.3.0-1 [25.8 kB]
Get:2 http://localhost:9999/debian/ unstable/main libssl1.0.0 amd64 1.0.1i-2 [1026 kB]
Get:3 http://localhost:9999/debian/ unstable/main groff-base amd64 1.22.2-7 [1142 kB]
Get:4 http://localhost:9999/debian/ unstable/main bsdmainutils amd64 9.0.5 [211 kB]
Get:5 http://localhost:9999/debian/ unstable/main man-db amd64 2.6.7.1-1 [990 kB]
Get:6 http://localhost:9999/debian/ unstable/main libasprintf0c2 amd64 0.19.2-2 [30.8 kB]
Get:7 http://localhost:9999/debian/ unstable/main libmagic1 amd64 1:5.19-1 [237 kB]
Get:8 http://localhost:9999/debian/ unstable/main libsqlite3-0 amd64 3.8.6-1 [431 kB]
Get:9 http://localhost:9999/debian/ unstable/main libxml2 amd64 2.9.1+dfsg1-4 [797 kB]
Get:10 http://localhost:9999/debian/ unstable/main libasound2-data all 1.0.28-1 [64.8 kB]
Get:11 http://localhost:9999/debian/ unstable/main libasound2 amd64 1.0.28-1 [374 kB]
Get:12 http://localhost:9999/debian/ unstable/main libasyncns0 amd64 0.8-5 [12.5 kB]
Get:13 http://localhost:9999/debian/ unstable/main libavahi-common-data amd64 0.6.31-4 [98.3 kB]
Get:14 http://localhost:9999/debian/ unstable/main libavahi-common3 amd64 0.6.31-4 [50.6 kB]
Get:15 http://localhost:9999/debian/ unstable/main libavahi-client3 amd64 0.6.31-4 [53.8 kB]
Get:16 http://localhost:9999/debian/ unstable/main libglib2.0-0 amd64 2.40.0-5 [2421 kB]
Get:17 http://localhost:9999/debian/ unstable/main libcroco3 amd64 0.6.8-3 [135 kB]
Get:18 http://localhost:9999/debian/ unstable/main libdrm2 amd64 2.4.56-1 [29.4 kB]
Get:19 http://localhost:9999/debian/ unstable/main libpciaccess0 amd64 0.13.2-3 [47.1 kB]
Get:20 http://localhost:9999/debian/ unstable/main libdrm-intel1 amd64 2.4.56-1 [63.4 kB]
Get:21 http://localhost:9999/debian/ unstable/main libdrm-nouveau2 amd64 2.4.56-1 [21.3 kB]
Get:22 http://localhost:9999/debian/ unstable/main libdrm-radeon1 amd64 2.4.56-1 [30.8 kB]
Get:23 http://localhost:9999/debian/ unstable/main libglapi-mesa amd64 10.2.6-1 [53.4 kB]
Get:24 http://localhost:9999/debian/ unstable/main libllvm3.4 amd64 1:3.4.2-8 [6722 kB]
Get:25 http://localhost:9999/debian/ unstable/main libwayland-client0 amd64 1.5.0-1 [22.6 kB]
Get:26 http://localhost:9999/debian/ unstable/main libwayland-server0 amd64 1.5.0-1 [27.6 kB]
Get:27 http://localhost:9999/debian/ unstable/main libxau6 amd64 1:1.0.8-1 [20.7 kB]
Get:28 http://localhost:9999/debian/ unstable/main libxdmcp6 amd64 1:1.1.1-1 [26.3 kB]
Get:29 http://localhost:9999/debian/ unstable/main libxcb1 amd64 1.10-3 [42.6 kB]
Get:30 http://localhost:9999/debian/ unstable/main libx11-data all 2:1.6.2-3 [126 kB]
Get:31 http://localhost:9999/debian/ unstable/main libx11-6 amd64 2:1.6.2-3 [729 kB]
Get:32 http://localhost:9999/debian/ unstable/main libxcb-dri2-0 amd64 1.10-3 [12.4 kB]
Get:33 http://localhost:9999/debian/ unstable/main libxext6 amd64 2:1.3.2-1 [56.5 kB]
Get:34 http://localhost:9999/debian/ unstable/main libxfixes3 amd64 1:5.0.1-2 [20.9 kB]
Get:35 http://localhost:9999/debian/ unstable/main libgbm1 amd64 10.2.6-1 [138 kB]
Get:36 http://localhost:9999/debian/ unstable/main libx11-xcb1 amd64 2:1.6.2-3 [163 kB]
Get:37 http://localhost:9999/debian/ unstable/main libxcb-render0 amd64 1.10-3 [16.7 kB]
Get:38 http://localhost:9999/debian/ unstable/main libxcb-shape0 amd64 1.10-3 [11.2 kB]
Get:39 http://localhost:9999/debian/ unstable/main libxcb-xfixes0 amd64 1.10-3 [14.2 kB]
Get:40 http://localhost:9999/debian/ unstable/main libegl1-mesa amd64 10.2.6-1 [88.1 kB]
Get:41 http://localhost:9999/debian/ unstable/main libelf1 amd64 0.159-4 [159 kB]
Get:42 http://localhost:9999/debian/ unstable/main libopenvg1-mesa amd64 10.2.6-1 [44.1 kB]
Get:43 http://localhost:9999/debian/ unstable/main libwayland-egl1-mesa amd64 10.2.6-1 [38.8 kB]
Get:44 http://localhost:9999/debian/ unstable/main libegl1-mesa-drivers amd64 10.2.6-1 [2464 kB]
Get:45 http://localhost:9999/debian/ unstable/main libelfg0 amd64 0.8.13-5 [51.6 kB]
Get:46 http://localhost:9999/debian/ unstable/main libogg0 amd64 1.3.2-1 [19.9 kB]
Get:47 http://localhost:9999/debian/ unstable/main libflac8 amd64 1.3.0-2 [86.6 kB]
Get:48 http://localhost:9999/debian/ unstable/main libxcb-dri3-0 amd64 1.10-3 [10.7 kB]
Get:49 http://localhost:9999/debian/ unstable/main libxcb-glx0 amd64 1.10-3 [25.9 kB]
Get:50 http://localhost:9999/debian/ unstable/main libxcb-present0 amd64 1.10-3 [10.8 kB]
Get:51 http://localhost:9999/debian/ unstable/main libxcb-sync1 amd64 1.10-3 [13.8 kB]
Get:52 http://localhost:9999/debian/ unstable/main libxdamage1 amd64 1:1.1.4-2 [14.3 kB]
Get:53 http://localhost:9999/debian/ unstable/main libxshmfence1 amd64 1.1-3 [6680 B]
Get:54 http://localhost:9999/debian/ unstable/main libxxf86vm1 amd64 1:1.1.3-1 [19.1 kB]
Get:55 http://localhost:9999/debian/ unstable/main libgl1-mesa-glx amd64 10.2.6-1 [151 kB]
Get:56 http://localhost:9999/debian/ unstable/main libgles2-mesa amd64 10.2.6-1 [44.7 kB]
Get:57 http://localhost:9999/debian/ unstable/main libxi6 amd64 2:1.7.4-1 [79.0 kB]
Get:58 http://localhost:9999/debian/ unstable/main x11-common all 1:7.7+7 [287 kB]
Get:59 http://localhost:9999/debian/ unstable/main libice6 amd64 2:1.0.9-1 [58.1 kB]
Get:60 http://localhost:9999/debian/ unstable/main libsm6 amd64 2:1.2.2-1 [33.1 kB]
Get:61 http://localhost:9999/debian/ unstable/main libxt6 amd64 1:1.1.4-1 [180 kB]
Get:62 http://localhost:9999/debian/ unstable/main libxmu6 amd64 2:1.1.2-1 [58.6 kB]
Get:63 http://localhost:9999/debian/ unstable/main libglew1.10 amd64 1.10.0-3 [139 kB]
Get:64 http://localhost:9999/debian/ unstable/main libglu1-mesa amd64 9.0.0-2 [163 kB]
Get:65 http://localhost:9999/debian/ unstable/main libpcrecpp0 amd64 1:8.35-3 [142 kB]
Get:66 http://localhost:9999/debian/ unstable/main libjson-c2 amd64 0.11-4 [24.8 kB]
Get:67 http://localhost:9999/debian/ unstable/main libvorbis0a amd64 1.3.2-1.4 [92.4 kB]
Get:68 http://localhost:9999/debian/ unstable/main libvorbisenc2 amd64 1.3.2-1.4 [91.2 kB]
Get:69 http://localhost:9999/debian/ unstable/main libsndfile1 amd64 1.0.25-9 [213 kB]
Get:70 http://localhost:9999/debian/ unstable/main libsystemd-id128-0 amd64 208-8 [30.2 kB]
Get:71 http://localhost:9999/debian/ unstable/main libxtst6 amd64 2:1.2.2-1 [26.6 kB]
Get:72 http://localhost:9999/debian/ unstable/main libpulse0 amd64 5.0-6 [252 kB]
Get:73 http://localhost:9999/debian/ unstable/main libpulse-mainloop-glib0 amd64 5.0-6 [28.3 kB]
Get:74 http://localhost:9999/debian/ unstable/main libwayland-cursor0 amd64 1.5.0-1 [12.2 kB]
Get:75 http://localhost:9999/debian/ unstable/main libxrender1 amd64 1:0.9.8-1 [33.5 kB]
Get:76 http://localhost:9999/debian/ unstable/main libxcursor1 amd64 1:1.1.14-1 [38.0 kB]
Get:77 http://localhost:9999/debian/ unstable/main libxinerama1 amd64 2:1.1.3-1 [17.4 kB]
Get:78 http://localhost:9999/debian/ unstable/main xkb-data all 2.12-1 [597 kB]
Get:79 http://localhost:9999/debian/ unstable/main libxkbcommon0 amd64 0.4.1-2 [113 kB]
Get:80 http://localhost:9999/debian/ unstable/main libxrandr2 amd64 2:1.4.2-1 [34.9 kB]
Get:81 http://localhost:9999/debian/ unstable/main libxss1 amd64 1:1.2.2-1 [17.5 kB]
Get:82 http://localhost:9999/debian/ unstable/main libsdl2-2.0-0 amd64 2.0.2+dfsg1-4 [320 kB]
Get:83 http://localhost:9999/debian/ unstable/main libunistring0 amd64 0.9.3-5.2 [283 kB]
Get:84 http://localhost:9999/debian/ unstable/main libxcb-randr0 amd64 1.10-3 [20.1 kB]
Get:85 http://localhost:9999/debian/ unstable/main libxv1 amd64 2:1.0.10-1 [23.6 kB]
Get:86 http://localhost:9999/debian/ unstable/main libpython2.7-minimal amd64 2.7.8-6 [349 kB]
Get:87 http://localhost:9999/debian/ unstable/main python2.7-minimal amd64 2.7.8-6 [1374 kB]
Get:88 http://localhost:9999/debian/ unstable/main file amd64 1:5.19-1 [58.0 kB]
Get:89 http://localhost:9999/debian/ unstable/main gettext-base amd64 0.19.2-2 [120 kB]
Get:90 http://localhost:9999/debian/ unstable/main mime-support all 3.56 [35.5 kB]
Get:91 http://localhost:9999/debian/ unstable/main libpython2.7-stdlib amd64 2.7.8-6 [1883 kB]
Get:92 http://localhost:9999/debian/ unstable/main python2.7 amd64 2.7.8-6 [244 kB]
Get:93 http://localhost:9999/debian/ unstable/main python-minimal amd64 2.7.8-1 [39.7 kB]
Get:94 http://localhost:9999/debian/ unstable/main libpython-stdlib amd64 2.7.8-1 [19.2 kB]
Get:95 http://localhost:9999/debian/ unstable/main python amd64 2.7.8-1 [151 kB]
Get:96 http://localhost:9999/debian/ unstable/main gettext amd64 0.19.2-2 [1237 kB]
Get:97 http://localhost:9999/debian/ unstable/main intltool-debian all 0.35.0+20060710.1 [30.8 kB]
Get:98 http://localhost:9999/debian/ unstable/main po-debconf all 1.0.16+nmu3 [220 kB]
Get:99 http://localhost:9999/debian/ unstable/main debhelper all 9.20140817 [814 kB]
Get:100 http://localhost:9999/debian/ unstable/main libasound2-dev amd64 1.0.28-1 [95.3 kB]
Get:101 http://localhost:9999/debian/ unstable/main libavahi-common-dev amd64 0.6.31-4 [64.7 kB]
Get:102 http://localhost:9999/debian/ unstable/main pkg-config amd64 0.28-1 [57.5 kB]
Get:103 http://localhost:9999/debian/ unstable/main libdbus-1-dev amd64 1.8.6-2 [202 kB]
Get:104 http://localhost:9999/debian/ unstable/main libavahi-client-dev amd64 0.6.31-4 [58.7 kB]
Get:105 http://localhost:9999/debian/ unstable/main libdrm-dev amd64 2.4.56-1 [178 kB]
Get:106 http://localhost:9999/debian/ unstable/main x11proto-dri2-dev all 2.8-2 [18.2 kB]
Get:107 http://localhost:9999/debian/ unstable/main x11proto-gl-dev all 1.4.17-1 [28.0 kB]
Get:108 http://localhost:9999/debian/ unstable/main xorg-sgml-doctools all 1:1.11-1 [21.9 kB]
Get:109 http://localhost:9999/debian/ unstable/main x11proto-core-dev all 7.0.26-1 [729 kB]
Get:110 http://localhost:9999/debian/ unstable/main libxau-dev amd64 1:1.0.8-1 [23.6 kB]
Get:111 http://localhost:9999/debian/ unstable/main libxdmcp-dev amd64 1:1.1.1-1 [42.3 kB]
Get:112 http://localhost:9999/debian/ unstable/main x11proto-input-dev all 2.3.1-1 [157 kB]
Get:113 http://localhost:9999/debian/ unstable/main x11proto-kb-dev all 1.0.6-2 [269 kB]
Get:114 http://localhost:9999/debian/ unstable/main xtrans-dev all 1.3.4-1 [99.3 kB]
Get:115 http://localhost:9999/debian/ unstable/main libpthread-stubs0-dev amd64 0.3-4 [3866 B]
Get:116 http://localhost:9999/debian/ unstable/main libxcb1-dev amd64 1.10-3 [81.8 kB]
Get:117 http://localhost:9999/debian/ unstable/main libx11-dev amd64 2:1.6.2-3 [800 kB]
Get:118 http://localhost:9999/debian/ unstable/main x11proto-xext-dev all 7.3.0-1 [212 kB]
Get:119 http://localhost:9999/debian/ unstable/main libxext-dev amd64 2:1.3.2-1 [116 kB]
Get:120 http://localhost:9999/debian/ unstable/main x11proto-xf86vidmode-dev all 2.3.1-2 [6114 B]
Get:121 http://localhost:9999/debian/ unstable/main libxxf86vm-dev amd64 1:1.1.3-1 [23.5 kB]
Get:122 http://localhost:9999/debian/ unstable/main x11proto-fixes-dev all 1:5.0-2 [19.2 kB]
Get:123 http://localhost:9999/debian/ unstable/main libxfixes-dev amd64 1:5.0.1-2 [22.7 kB]
Get:124 http://localhost:9999/debian/ unstable/main x11proto-damage-dev all 1:1.2.1-2 [11.8 kB]
Get:125 http://localhost:9999/debian/ unstable/main libxdamage-dev amd64 1:1.1.4-2 [14.1 kB]
Get:126 http://localhost:9999/debian/ unstable/main libxcb-glx0-dev amd64 1.10-3 [36.4 kB]
Get:127 http://localhost:9999/debian/ unstable/main libxcb-dri2-0-dev amd64 1.10-3 [14.5 kB]
Get:128 http://localhost:9999/debian/ unstable/main libxcb-dri3-dev amd64 1.10-3 [11.4 kB]
Get:129 http://localhost:9999/debian/ unstable/main libxcb-render0-dev amd64 1.10-3 [22.1 kB]
Get:130 http://localhost:9999/debian/ unstable/main libxcb-randr0-dev amd64 1.10-3 [26.1 kB]
Get:131 http://localhost:9999/debian/ unstable/main libxcb-shape0-dev amd64 1.10-3 [12.7 kB]
Get:132 http://localhost:9999/debian/ unstable/main libxcb-xfixes0-dev amd64 1.10-3 [17.4 kB]
Get:133 http://localhost:9999/debian/ unstable/main libxcb-sync-dev amd64 1.10-3 [16.1 kB]
Get:134 http://localhost:9999/debian/ unstable/main libxcb-present-dev amd64 1.10-3 [12.5 kB]
Get:135 http://localhost:9999/debian/ unstable/main libxshmfence-dev amd64 1.1-3 [6052 B]
Get:136 http://localhost:9999/debian/ unstable/main libx11-xcb-dev amd64 2:1.6.2-3 [165 kB]
Get:137 http://localhost:9999/debian/ unstable/main libwayland-dev amd64 1.5.0-1 [107 kB]
Get:138 http://localhost:9999/debian/ unstable/main libegl1-mesa-dev amd64 10.2.6-1 [49.4 kB]
Get:139 http://localhost:9999/debian/ unstable/main mesa-common-dev amd64 10.2.6-1 [300 kB]
Get:140 http://localhost:9999/debian/ unstable/main libgl1-mesa-dev amd64 10.2.6-1 [37.5 kB]
Get:141 http://localhost:9999/debian/ unstable/main libgles2-mesa-dev amd64 10.2.6-1 [58.5 kB]
Get:142 http://localhost:9999/debian/ unstable/main libglu1-mesa-dev amd64 9.0.0-2 [198 kB]
Get:143 http://localhost:9999/debian/ unstable/main libglew-dev amd64 1.10.0-3 [114 kB]
Get:144 http://localhost:9999/debian/ unstable/main libglib2.0-data all 2.40.0-5 [2183 kB]
Get:145 http://localhost:9999/debian/ unstable/main libglib2.0-bin amd64 2.40.0-5 [1360 kB]
Get:146 http://localhost:9999/debian/ unstable/main libpcre3-dev amd64 1:8.35-3 [468 kB]
Get:147 http://localhost:9999/debian/ unstable/main zlib1g-dev amd64 1:1.2.8.dfsg-2 [205 kB]
Get:148 http://localhost:9999/debian/ unstable/main libglib2.0-dev amd64 2.40.0-5 [2661 kB]
Get:149 http://localhost:9999/debian/ unstable/main libice-dev amd64 2:1.0.9-1 [65.6 kB]
Get:150 http://localhost:9999/debian/ unstable/main libmupen64plus-dev all 2.0-7 [35.7 kB]
Get:151 http://localhost:9999/debian/ unstable/main libpulse-dev amd64 5.0-6 [86.6 kB]
Get:152 http://localhost:9999/debian/ unstable/main libudev-dev amd64 208-8 [23.2 kB]
Get:153 http://localhost:9999/debian/ unstable/main x11proto-render-dev all 2:0.11.1-2 [20.8 kB]
Get:154 http://localhost:9999/debian/ unstable/main libxrender-dev amd64 1:0.9.8-1 [42.1 kB]
Get:155 http://localhost:9999/debian/ unstable/main libxcursor-dev amd64 1:1.1.14-1 [45.5 kB]
Get:156 http://localhost:9999/debian/ unstable/main libxi-dev amd64 2:1.7.4-1 [237 kB]
Get:157 http://localhost:9999/debian/ unstable/main x11proto-xinerama-dev all 1.2.1-2 [4938 B]
Get:158 http://localhost:9999/debian/ unstable/main libxinerama-dev amd64 2:1.1.3-1 [19.6 kB]
Get:159 http://localhost:9999/debian/ unstable/main libxkbcommon-dev amd64 0.4.1-2 [158 kB]
Get:160 http://localhost:9999/debian/ unstable/main x11proto-randr-dev all 1.4.0-2 [46.8 kB]
Get:161 http://localhost:9999/debian/ unstable/main libxrandr-dev amd64 2:1.4.2-1 [42.0 kB]
Get:162 http://localhost:9999/debian/ unstable/main x11proto-scrnsaver-dev all 1.2.2-1 [25.0 kB]
Get:163 http://localhost:9999/debian/ unstable/main libxss-dev amd64 1:1.2.2-1 [22.8 kB]
Get:164 http://localhost:9999/debian/ unstable/main libsm-dev amd64 2:1.2.2-1 [35.2 kB]
Get:165 http://localhost:9999/debian/ unstable/main libxt-dev amd64 1:1.1.4-1 [414 kB]
Get:166 http://localhost:9999/debian/ unstable/main x11proto-video-dev all 2.3.2-1 [20.9 kB]
Get:167 http://localhost:9999/debian/ unstable/main libxv-dev amd64 2:1.0.10-1 [47.2 kB]
Get:168 http://localhost:9999/debian/ unstable/main libsdl2-dev amd64 2.0.2+dfsg1-4 [1111 kB]
debconf: delaying package configuration, since apt-utils is not installed
Fetched 43.7 MB in 5s (7825 kB/s)
Selecting previously unselected package libpipeline1:amd64.
(Reading database ... 15338 files and directories currently installed.)
Preparing to unpack .../libpipeline1_1.3.0-1_amd64.deb ...
Unpacking libpipeline1:amd64 (1.3.0-1) ...
Selecting previously unselected package libssl1.0.0:amd64.
Preparing to unpack .../libssl1.0.0_1.0.1i-2_amd64.deb ...
Unpacking libssl1.0.0:amd64 (1.0.1i-2) ...
Selecting previously unselected package groff-base.
Preparing to unpack .../groff-base_1.22.2-7_amd64.deb ...
Unpacking groff-base (1.22.2-7) ...
Selecting previously unselected package bsdmainutils.
Preparing to unpack .../bsdmainutils_9.0.5_amd64.deb ...
Unpacking bsdmainutils (9.0.5) ...
Selecting previously unselected package man-db.
Preparing to unpack .../man-db_2.6.7.1-1_amd64.deb ...
Unpacking man-db (2.6.7.1-1) ...
Selecting previously unselected package libasprintf0c2:amd64.
Preparing to unpack .../libasprintf0c2_0.19.2-2_amd64.deb ...
Unpacking libasprintf0c2:amd64 (0.19.2-2) ...
Selecting previously unselected package libmagic1:amd64.
Preparing to unpack .../libmagic1_1%3a5.19-1_amd64.deb ...
Unpacking libmagic1:amd64 (1:5.19-1) ...
Selecting previously unselected package libsqlite3-0:amd64.
Preparing to unpack .../libsqlite3-0_3.8.6-1_amd64.deb ...
Unpacking libsqlite3-0:amd64 (3.8.6-1) ...
Selecting previously unselected package libxml2:amd64.
Preparing to unpack .../libxml2_2.9.1+dfsg1-4_amd64.deb ...
Unpacking libxml2:amd64 (2.9.1+dfsg1-4) ...
Selecting previously unselected package libasound2-data.
Preparing to unpack .../libasound2-data_1.0.28-1_all.deb ...
Unpacking libasound2-data (1.0.28-1) ...
Selecting previously unselected package libasound2:amd64.
Preparing to unpack .../libasound2_1.0.28-1_amd64.deb ...
Unpacking libasound2:amd64 (1.0.28-1) ...
Selecting previously unselected package libasyncns0:amd64.
Preparing to unpack .../libasyncns0_0.8-5_amd64.deb ...
Unpacking libasyncns0:amd64 (0.8-5) ...
Selecting previously unselected package libavahi-common-data:amd64.
Preparing to unpack .../libavahi-common-data_0.6.31-4_amd64.deb ...
Unpacking libavahi-common-data:amd64 (0.6.31-4) ...
Selecting previously unselected package libavahi-common3:amd64.
Preparing to unpack .../libavahi-common3_0.6.31-4_amd64.deb ...
Unpacking libavahi-common3:amd64 (0.6.31-4) ...
Selecting previously unselected package libavahi-client3:amd64.
Preparing to unpack .../libavahi-client3_0.6.31-4_amd64.deb ...
Unpacking libavahi-client3:amd64 (0.6.31-4) ...
Selecting previously unselected package libglib2.0-0:amd64.
Preparing to unpack .../libglib2.0-0_2.40.0-5_amd64.deb ...
Unpacking libglib2.0-0:amd64 (2.40.0-5) ...
Selecting previously unselected package libcroco3:amd64.
Preparing to unpack .../libcroco3_0.6.8-3_amd64.deb ...
Unpacking libcroco3:amd64 (0.6.8-3) ...
Selecting previously unselected package libdrm2:amd64.
Preparing to unpack .../libdrm2_2.4.56-1_amd64.deb ...
Unpacking libdrm2:amd64 (2.4.56-1) ...
Selecting previously unselected package libpciaccess0:amd64.
Preparing to unpack .../libpciaccess0_0.13.2-3_amd64.deb ...
Unpacking libpciaccess0:amd64 (0.13.2-3) ...
Selecting previously unselected package libdrm-intel1:amd64.
Preparing to unpack .../libdrm-intel1_2.4.56-1_amd64.deb ...
Unpacking libdrm-intel1:amd64 (2.4.56-1) ...
Selecting previously unselected package libdrm-nouveau2:amd64.
Preparing to unpack .../libdrm-nouveau2_2.4.56-1_amd64.deb ...
Unpacking libdrm-nouveau2:amd64 (2.4.56-1) ...
Selecting previously unselected package libdrm-radeon1:amd64.
Preparing to unpack .../libdrm-radeon1_2.4.56-1_amd64.deb ...
Unpacking libdrm-radeon1:amd64 (2.4.56-1) ...
Selecting previously unselected package libglapi-mesa:amd64.
Preparing to unpack .../libglapi-mesa_10.2.6-1_amd64.deb ...
Unpacking libglapi-mesa:amd64 (10.2.6-1) ...
Selecting previously unselected package libllvm3.4:amd64.
Preparing to unpack .../libllvm3.4_1%3a3.4.2-8_amd64.deb ...
Unpacking libllvm3.4:amd64 (1:3.4.2-8) ...
Selecting previously unselected package libwayland-client0:amd64.
Preparing to unpack .../libwayland-client0_1.5.0-1_amd64.deb ...
Unpacking libwayland-client0:amd64 (1.5.0-1) ...
Selecting previously unselected package libwayland-server0:amd64.
Preparing to unpack .../libwayland-server0_1.5.0-1_amd64.deb ...
Unpacking libwayland-server0:amd64 (1.5.0-1) ...
Selecting previously unselected package libxau6:amd64.
Preparing to unpack .../libxau6_1%3a1.0.8-1_amd64.deb ...
Unpacking libxau6:amd64 (1:1.0.8-1) ...
Selecting previously unselected package libxdmcp6:amd64.
Preparing to unpack .../libxdmcp6_1%3a1.1.1-1_amd64.deb ...
Unpacking libxdmcp6:amd64 (1:1.1.1-1) ...
Selecting previously unselected package libxcb1:amd64.
Preparing to unpack .../libxcb1_1.10-3_amd64.deb ...
Unpacking libxcb1:amd64 (1.10-3) ...
Selecting previously unselected package libx11-data.
Preparing to unpack .../libx11-data_2%3a1.6.2-3_all.deb ...
Unpacking libx11-data (2:1.6.2-3) ...
Selecting previously unselected package libx11-6:amd64.
Preparing to unpack .../libx11-6_2%3a1.6.2-3_amd64.deb ...
Unpacking libx11-6:amd64 (2:1.6.2-3) ...
Selecting previously unselected package libxcb-dri2-0:amd64.
Preparing to unpack .../libxcb-dri2-0_1.10-3_amd64.deb ...
Unpacking libxcb-dri2-0:amd64 (1.10-3) ...
Selecting previously unselected package libxext6:amd64.
Preparing to unpack .../libxext6_2%3a1.3.2-1_amd64.deb ...
Unpacking libxext6:amd64 (2:1.3.2-1) ...
Selecting previously unselected package libxfixes3:amd64.
Preparing to unpack .../libxfixes3_1%3a5.0.1-2_amd64.deb ...
Unpacking libxfixes3:amd64 (1:5.0.1-2) ...
Selecting previously unselected package libgbm1:amd64.
Preparing to unpack .../libgbm1_10.2.6-1_amd64.deb ...
Unpacking libgbm1:amd64 (10.2.6-1) ...
Selecting previously unselected package libx11-xcb1:amd64.
Preparing to unpack .../libx11-xcb1_2%3a1.6.2-3_amd64.deb ...
Unpacking libx11-xcb1:amd64 (2:1.6.2-3) ...
Selecting previously unselected package libxcb-render0:amd64.
Preparing to unpack .../libxcb-render0_1.10-3_amd64.deb ...
Unpacking libxcb-render0:amd64 (1.10-3) ...
Selecting previously unselected package libxcb-shape0:amd64.
Preparing to unpack .../libxcb-shape0_1.10-3_amd64.deb ...
Unpacking libxcb-shape0:amd64 (1.10-3) ...
Selecting previously unselected package libxcb-xfixes0:amd64.
Preparing to unpack .../libxcb-xfixes0_1.10-3_amd64.deb ...
Unpacking libxcb-xfixes0:amd64 (1.10-3) ...
Selecting previously unselected package libegl1-mesa:amd64.
Preparing to unpack .../libegl1-mesa_10.2.6-1_amd64.deb ...
Unpacking libegl1-mesa:amd64 (10.2.6-1) ...
Selecting previously unselected package libelf1:amd64.
Preparing to unpack .../libelf1_0.159-4_amd64.deb ...
Unpacking libelf1:amd64 (0.159-4) ...
Selecting previously unselected package libopenvg1-mesa:amd64.
Preparing to unpack .../libopenvg1-mesa_10.2.6-1_amd64.deb ...
Unpacking libopenvg1-mesa:amd64 (10.2.6-1) ...
Selecting previously unselected package libwayland-egl1-mesa:amd64.
Preparing to unpack .../libwayland-egl1-mesa_10.2.6-1_amd64.deb ...
Unpacking libwayland-egl1-mesa:amd64 (10.2.6-1) ...
Selecting previously unselected package libegl1-mesa-drivers:amd64.
Preparing to unpack .../libegl1-mesa-drivers_10.2.6-1_amd64.deb ...
Unpacking libegl1-mesa-drivers:amd64 (10.2.6-1) ...
Selecting previously unselected package libelfg0:amd64.
Preparing to unpack .../libelfg0_0.8.13-5_amd64.deb ...
Unpacking libelfg0:amd64 (0.8.13-5) ...
Selecting previously unselected package libogg0:amd64.
Preparing to unpack .../libogg0_1.3.2-1_amd64.deb ...
Unpacking libogg0:amd64 (1.3.2-1) ...
Selecting previously unselected package libflac8:amd64.
Preparing to unpack .../libflac8_1.3.0-2_amd64.deb ...
Unpacking libflac8:amd64 (1.3.0-2) ...
Selecting previously unselected package libxcb-dri3-0:amd64.
Preparing to unpack .../libxcb-dri3-0_1.10-3_amd64.deb ...
Unpacking libxcb-dri3-0:amd64 (1.10-3) ...
Selecting previously unselected package libxcb-glx0:amd64.
Preparing to unpack .../libxcb-glx0_1.10-3_amd64.deb ...
Unpacking libxcb-glx0:amd64 (1.10-3) ...
Selecting previously unselected package libxcb-present0:amd64.
Preparing to unpack .../libxcb-present0_1.10-3_amd64.deb ...
Unpacking libxcb-present0:amd64 (1.10-3) ...
Selecting previously unselected package libxcb-sync1:amd64.
Preparing to unpack .../libxcb-sync1_1.10-3_amd64.deb ...
Unpacking libxcb-sync1:amd64 (1.10-3) ...
Selecting previously unselected package libxdamage1:amd64.
Preparing to unpack .../libxdamage1_1%3a1.1.4-2_amd64.deb ...
Unpacking libxdamage1:amd64 (1:1.1.4-2) ...
Selecting previously unselected package libxshmfence1:amd64.
Preparing to unpack .../libxshmfence1_1.1-3_amd64.deb ...
Unpacking libxshmfence1:amd64 (1.1-3) ...
Selecting previously unselected package libxxf86vm1:amd64.
Preparing to unpack .../libxxf86vm1_1%3a1.1.3-1_amd64.deb ...
Unpacking libxxf86vm1:amd64 (1:1.1.3-1) ...
Selecting previously unselected package libgl1-mesa-glx:amd64.
Preparing to unpack .../libgl1-mesa-glx_10.2.6-1_amd64.deb ...
Unpacking libgl1-mesa-glx:amd64 (10.2.6-1) ...
Selecting previously unselected package libgles2-mesa:amd64.
Preparing to unpack .../libgles2-mesa_10.2.6-1_amd64.deb ...
Unpacking libgles2-mesa:amd64 (10.2.6-1) ...
Selecting previously unselected package libxi6:amd64.
Preparing to unpack .../libxi6_2%3a1.7.4-1_amd64.deb ...
Unpacking libxi6:amd64 (2:1.7.4-1) ...
Selecting previously unselected package x11-common.
Preparing to unpack .../x11-common_1%3a7.7+7_all.deb ...
Unpacking x11-common (1:7.7+7) ...
Selecting previously unselected package libice6:amd64.
Preparing to unpack .../libice6_2%3a1.0.9-1_amd64.deb ...
Unpacking libice6:amd64 (2:1.0.9-1) ...
Selecting previously unselected package libsm6:amd64.
Preparing to unpack .../libsm6_2%3a1.2.2-1_amd64.deb ...
Unpacking libsm6:amd64 (2:1.2.2-1) ...
Selecting previously unselected package libxt6:amd64.
Preparing to unpack .../libxt6_1%3a1.1.4-1_amd64.deb ...
Unpacking libxt6:amd64 (1:1.1.4-1) ...
Selecting previously unselected package libxmu6:amd64.
Preparing to unpack .../libxmu6_2%3a1.1.2-1_amd64.deb ...
Unpacking libxmu6:amd64 (2:1.1.2-1) ...
Selecting previously unselected package libglew1.10:amd64.
Preparing to unpack .../libglew1.10_1.10.0-3_amd64.deb ...
Unpacking libglew1.10:amd64 (1.10.0-3) ...
Selecting previously unselected package libglu1-mesa:amd64.
Preparing to unpack .../libglu1-mesa_9.0.0-2_amd64.deb ...
Unpacking libglu1-mesa:amd64 (9.0.0-2) ...
Selecting previously unselected package libpcrecpp0:amd64.
Preparing to unpack .../libpcrecpp0_1%3a8.35-3_amd64.deb ...
Unpacking libpcrecpp0:amd64 (1:8.35-3) ...
Selecting previously unselected package libjson-c2:amd64.
Preparing to unpack .../libjson-c2_0.11-4_amd64.deb ...
Unpacking libjson-c2:amd64 (0.11-4) ...
Selecting previously unselected package libvorbis0a:amd64.
Preparing to unpack .../libvorbis0a_1.3.2-1.4_amd64.deb ...
Unpacking libvorbis0a:amd64 (1.3.2-1.4) ...
Selecting previously unselected package libvorbisenc2:amd64.
Preparing to unpack .../libvorbisenc2_1.3.2-1.4_amd64.deb ...
Unpacking libvorbisenc2:amd64 (1.3.2-1.4) ...
Selecting previously unselected package libsndfile1:amd64.
Preparing to unpack .../libsndfile1_1.0.25-9_amd64.deb ...
Unpacking libsndfile1:amd64 (1.0.25-9) ...
Selecting previously unselected package libsystemd-id128-0:amd64.
Preparing to unpack .../libsystemd-id128-0_208-8_amd64.deb ...
Unpacking libsystemd-id128-0:amd64 (208-8) ...
Selecting previously unselected package libxtst6:amd64.
Preparing to unpack .../libxtst6_2%3a1.2.2-1_amd64.deb ...
Unpacking libxtst6:amd64 (2:1.2.2-1) ...
Selecting previously unselected package libpulse0:amd64.
Preparing to unpack .../libpulse0_5.0-6_amd64.deb ...
Unpacking libpulse0:amd64 (5.0-6) ...
Selecting previously unselected package libpulse-mainloop-glib0:amd64.
Preparing to unpack .../libpulse-mainloop-glib0_5.0-6_amd64.deb ...
Unpacking libpulse-mainloop-glib0:amd64 (5.0-6) ...
Selecting previously unselected package libwayland-cursor0:amd64.
Preparing to unpack .../libwayland-cursor0_1.5.0-1_amd64.deb ...
Unpacking libwayland-cursor0:amd64 (1.5.0-1) ...
Selecting previously unselected package libxrender1:amd64.
Preparing to unpack .../libxrender1_1%3a0.9.8-1_amd64.deb ...
Unpacking libxrender1:amd64 (1:0.9.8-1) ...
Selecting previously unselected package libxcursor1:amd64.
Preparing to unpack .../libxcursor1_1%3a1.1.14-1_amd64.deb ...
Unpacking libxcursor1:amd64 (1:1.1.14-1) ...
Selecting previously unselected package libxinerama1:amd64.
Preparing to unpack .../libxinerama1_2%3a1.1.3-1_amd64.deb ...
Unpacking libxinerama1:amd64 (2:1.1.3-1) ...
Selecting previously unselected package xkb-data.
Preparing to unpack .../xkb-data_2.12-1_all.deb ...
Unpacking xkb-data (2.12-1) ...
Selecting previously unselected package libxkbcommon0:amd64.
Preparing to unpack .../libxkbcommon0_0.4.1-2_amd64.deb ...
Unpacking libxkbcommon0:amd64 (0.4.1-2) ...
Selecting previously unselected package libxrandr2:amd64.
Preparing to unpack .../libxrandr2_2%3a1.4.2-1_amd64.deb ...
Unpacking libxrandr2:amd64 (2:1.4.2-1) ...
Selecting previously unselected package libxss1:amd64.
Preparing to unpack .../libxss1_1%3a1.2.2-1_amd64.deb ...
Unpacking libxss1:amd64 (1:1.2.2-1) ...
Selecting previously unselected package libsdl2-2.0-0:amd64.
Preparing to unpack .../libsdl2-2.0-0_2.0.2+dfsg1-4_amd64.deb ...
Unpacking libsdl2-2.0-0:amd64 (2.0.2+dfsg1-4) ...
Selecting previously unselected package libunistring0:amd64.
Preparing to unpack .../libunistring0_0.9.3-5.2_amd64.deb ...
Unpacking libunistring0:amd64 (0.9.3-5.2) ...
Selecting previously unselected package libxcb-randr0:amd64.
Preparing to unpack .../libxcb-randr0_1.10-3_amd64.deb ...
Unpacking libxcb-randr0:amd64 (1.10-3) ...
Selecting previously unselected package libxv1:amd64.
Preparing to unpack .../libxv1_2%3a1.0.10-1_amd64.deb ...
Unpacking libxv1:amd64 (2:1.0.10-1) ...
Selecting previously unselected package libpython2.7-minimal:amd64.
Preparing to unpack .../libpython2.7-minimal_2.7.8-6_amd64.deb ...
Unpacking libpython2.7-minimal:amd64 (2.7.8-6) ...
Selecting previously unselected package python2.7-minimal.
Preparing to unpack .../python2.7-minimal_2.7.8-6_amd64.deb ...
Unpacking python2.7-minimal (2.7.8-6) ...
Selecting previously unselected package file.
Preparing to unpack .../file_1%3a5.19-1_amd64.deb ...
Unpacking file (1:5.19-1) ...
Selecting previously unselected package gettext-base.
Preparing to unpack .../gettext-base_0.19.2-2_amd64.deb ...
Unpacking gettext-base (0.19.2-2) ...
Selecting previously unselected package mime-support.
Preparing to unpack .../mime-support_3.56_all.deb ...
Unpacking mime-support (3.56) ...
Selecting previously unselected package libpython2.7-stdlib:amd64.
Preparing to unpack .../libpython2.7-stdlib_2.7.8-6_amd64.deb ...
Unpacking libpython2.7-stdlib:amd64 (2.7.8-6) ...
Selecting previously unselected package python2.7.
Preparing to unpack .../python2.7_2.7.8-6_amd64.deb ...
Unpacking python2.7 (2.7.8-6) ...
Selecting previously unselected package python-minimal.
Preparing to unpack .../python-minimal_2.7.8-1_amd64.deb ...
Unpacking python-minimal (2.7.8-1) ...
Selecting previously unselected package libpython-stdlib:amd64.
Preparing to unpack .../libpython-stdlib_2.7.8-1_amd64.deb ...
Unpacking libpython-stdlib:amd64 (2.7.8-1) ...
Selecting previously unselected package python.
Preparing to unpack .../python_2.7.8-1_amd64.deb ...
Unpacking python (2.7.8-1) ...
Selecting previously unselected package gettext.
Preparing to unpack .../gettext_0.19.2-2_amd64.deb ...
Unpacking gettext (0.19.2-2) ...
Selecting previously unselected package intltool-debian.
Preparing to unpack .../intltool-debian_0.35.0+20060710.1_all.deb ...
Unpacking intltool-debian (0.35.0+20060710.1) ...
Selecting previously unselected package po-debconf.
Preparing to unpack .../po-debconf_1.0.16+nmu3_all.deb ...
Unpacking po-debconf (1.0.16+nmu3) ...
Selecting previously unselected package debhelper.
Preparing to unpack .../debhelper_9.20140817_all.deb ...
Unpacking debhelper (9.20140817) ...
Selecting previously unselected package libasound2-dev:amd64.
Preparing to unpack .../libasound2-dev_1.0.28-1_amd64.deb ...
Unpacking libasound2-dev:amd64 (1.0.28-1) ...
Selecting previously unselected package libavahi-common-dev.
Preparing to unpack .../libavahi-common-dev_0.6.31-4_amd64.deb ...
Unpacking libavahi-common-dev (0.6.31-4) ...
Selecting previously unselected package pkg-config.
Preparing to unpack .../pkg-config_0.28-1_amd64.deb ...
Unpacking pkg-config (0.28-1) ...
Selecting previously unselected package libdbus-1-dev:amd64.
Preparing to unpack .../libdbus-1-dev_1.8.6-2_amd64.deb ...
Unpacking libdbus-1-dev:amd64 (1.8.6-2) ...
Selecting previously unselected package libavahi-client-dev.
Preparing to unpack .../libavahi-client-dev_0.6.31-4_amd64.deb ...
Unpacking libavahi-client-dev (0.6.31-4) ...
Selecting previously unselected package libdrm-dev:amd64.
Preparing to unpack .../libdrm-dev_2.4.56-1_amd64.deb ...
Unpacking libdrm-dev:amd64 (2.4.56-1) ...
Selecting previously unselected package x11proto-dri2-dev.
Preparing to unpack .../x11proto-dri2-dev_2.8-2_all.deb ...
Unpacking x11proto-dri2-dev (2.8-2) ...
Selecting previously unselected package x11proto-gl-dev.
Preparing to unpack .../x11proto-gl-dev_1.4.17-1_all.deb ...
Unpacking x11proto-gl-dev (1.4.17-1) ...
Selecting previously unselected package xorg-sgml-doctools.
Preparing to unpack .../xorg-sgml-doctools_1%3a1.11-1_all.deb ...
Unpacking xorg-sgml-doctools (1:1.11-1) ...
Selecting previously unselected package x11proto-core-dev.
Preparing to unpack .../x11proto-core-dev_7.0.26-1_all.deb ...
Unpacking x11proto-core-dev (7.0.26-1) ...
Selecting previously unselected package libxau-dev:amd64.
Preparing to unpack .../libxau-dev_1%3a1.0.8-1_amd64.deb ...
Unpacking libxau-dev:amd64 (1:1.0.8-1) ...
Selecting previously unselected package libxdmcp-dev:amd64.
Preparing to unpack .../libxdmcp-dev_1%3a1.1.1-1_amd64.deb ...
Unpacking libxdmcp-dev:amd64 (1:1.1.1-1) ...
Selecting previously unselected package x11proto-input-dev.
Preparing to unpack .../x11proto-input-dev_2.3.1-1_all.deb ...
Unpacking x11proto-input-dev (2.3.1-1) ...
Selecting previously unselected package x11proto-kb-dev.
Preparing to unpack .../x11proto-kb-dev_1.0.6-2_all.deb ...
Unpacking x11proto-kb-dev (1.0.6-2) ...
Selecting previously unselected package xtrans-dev.
Preparing to unpack .../xtrans-dev_1.3.4-1_all.deb ...
Unpacking xtrans-dev (1.3.4-1) ...
Selecting previously unselected package libpthread-stubs0-dev:amd64.
Preparing to unpack .../libpthread-stubs0-dev_0.3-4_amd64.deb ...
Unpacking libpthread-stubs0-dev:amd64 (0.3-4) ...
Selecting previously unselected package libxcb1-dev:amd64.
Preparing to unpack .../libxcb1-dev_1.10-3_amd64.deb ...
Unpacking libxcb1-dev:amd64 (1.10-3) ...
Selecting previously unselected package libx11-dev:amd64.
Preparing to unpack .../libx11-dev_2%3a1.6.2-3_amd64.deb ...
Unpacking libx11-dev:amd64 (2:1.6.2-3) ...
Selecting previously unselected package x11proto-xext-dev.
Preparing to unpack .../x11proto-xext-dev_7.3.0-1_all.deb ...
Unpacking x11proto-xext-dev (7.3.0-1) ...
Selecting previously unselected package libxext-dev:amd64.
Preparing to unpack .../libxext-dev_2%3a1.3.2-1_amd64.deb ...
Unpacking libxext-dev:amd64 (2:1.3.2-1) ...
Selecting previously unselected package x11proto-xf86vidmode-dev.
Preparing to unpack .../x11proto-xf86vidmode-dev_2.3.1-2_all.deb ...
Unpacking x11proto-xf86vidmode-dev (2.3.1-2) ...
Selecting previously unselected package libxxf86vm-dev:amd64.
Preparing to unpack .../libxxf86vm-dev_1%3a1.1.3-1_amd64.deb ...
Unpacking libxxf86vm-dev:amd64 (1:1.1.3-1) ...
Selecting previously unselected package x11proto-fixes-dev.
Preparing to unpack .../x11proto-fixes-dev_1%3a5.0-2_all.deb ...
Unpacking x11proto-fixes-dev (1:5.0-2) ...
Selecting previously unselected package libxfixes-dev:amd64.
Preparing to unpack .../libxfixes-dev_1%3a5.0.1-2_amd64.deb ...
Unpacking libxfixes-dev:amd64 (1:5.0.1-2) ...
Selecting previously unselected package x11proto-damage-dev.
Preparing to unpack .../x11proto-damage-dev_1%3a1.2.1-2_all.deb ...
Unpacking x11proto-damage-dev (1:1.2.1-2) ...
Selecting previously unselected package libxdamage-dev:amd64.
Preparing to unpack .../libxdamage-dev_1%3a1.1.4-2_amd64.deb ...
Unpacking libxdamage-dev:amd64 (1:1.1.4-2) ...
Selecting previously unselected package libxcb-glx0-dev:amd64.
Preparing to unpack .../libxcb-glx0-dev_1.10-3_amd64.deb ...
Unpacking libxcb-glx0-dev:amd64 (1.10-3) ...
Selecting previously unselected package libxcb-dri2-0-dev:amd64.
Preparing to unpack .../libxcb-dri2-0-dev_1.10-3_amd64.deb ...
Unpacking libxcb-dri2-0-dev:amd64 (1.10-3) ...
Selecting previously unselected package libxcb-dri3-dev:amd64.
Preparing to unpack .../libxcb-dri3-dev_1.10-3_amd64.deb ...
Unpacking libxcb-dri3-dev:amd64 (1.10-3) ...
Selecting previously unselected package libxcb-render0-dev:amd64.
Preparing to unpack .../libxcb-render0-dev_1.10-3_amd64.deb ...
Unpacking libxcb-render0-dev:amd64 (1.10-3) ...
Selecting previously unselected package libxcb-randr0-dev:amd64.
Preparing to unpack .../libxcb-randr0-dev_1.10-3_amd64.deb ...
Unpacking libxcb-randr0-dev:amd64 (1.10-3) ...
Selecting previously unselected package libxcb-shape0-dev:amd64.
Preparing to unpack .../libxcb-shape0-dev_1.10-3_amd64.deb ...
Unpacking libxcb-shape0-dev:amd64 (1.10-3) ...
Selecting previously unselected package libxcb-xfixes0-dev:amd64.
Preparing to unpack .../libxcb-xfixes0-dev_1.10-3_amd64.deb ...
Unpacking libxcb-xfixes0-dev:amd64 (1.10-3) ...
Selecting previously unselected package libxcb-sync-dev:amd64.
Preparing to unpack .../libxcb-sync-dev_1.10-3_amd64.deb ...
Unpacking libxcb-sync-dev:amd64 (1.10-3) ...
Selecting previously unselected package libxcb-present-dev:amd64.
Preparing to unpack .../libxcb-present-dev_1.10-3_amd64.deb ...
Unpacking libxcb-present-dev:amd64 (1.10-3) ...
Selecting previously unselected package libxshmfence-dev:amd64.
Preparing to unpack .../libxshmfence-dev_1.1-3_amd64.deb ...
Unpacking libxshmfence-dev:amd64 (1.1-3) ...
Selecting previously unselected package libx11-xcb-dev:amd64.
Preparing to unpack .../libx11-xcb-dev_2%3a1.6.2-3_amd64.deb ...
Unpacking libx11-xcb-dev:amd64 (2:1.6.2-3) ...
Selecting previously unselected package libwayland-dev.
Preparing to unpack .../libwayland-dev_1.5.0-1_amd64.deb ...
Unpacking libwayland-dev (1.5.0-1) ...
Selecting previously unselected package libegl1-mesa-dev.
Preparing to unpack .../libegl1-mesa-dev_10.2.6-1_amd64.deb ...
Unpacking libegl1-mesa-dev (10.2.6-1) ...
Selecting previously unselected package mesa-common-dev.
Preparing to unpack .../mesa-common-dev_10.2.6-1_amd64.deb ...
Unpacking mesa-common-dev (10.2.6-1) ...
Selecting previously unselected package libgl1-mesa-dev.
Preparing to unpack .../libgl1-mesa-dev_10.2.6-1_amd64.deb ...
Unpacking libgl1-mesa-dev (10.2.6-1) ...
Selecting previously unselected package libgles2-mesa-dev.
Preparing to unpack .../libgles2-mesa-dev_10.2.6-1_amd64.deb ...
Unpacking libgles2-mesa-dev (10.2.6-1) ...
Selecting previously unselected package libglu1-mesa-dev.
Preparing to unpack .../libglu1-mesa-dev_9.0.0-2_amd64.deb ...
Unpacking libglu1-mesa-dev (9.0.0-2) ...
Selecting previously unselected package libglew-dev:amd64.
Preparing to unpack .../libglew-dev_1.10.0-3_amd64.deb ...
Unpacking libglew-dev:amd64 (1.10.0-3) ...
Selecting previously unselected package libglib2.0-data.
Preparing to unpack .../libglib2.0-data_2.40.0-5_all.deb ...
Unpacking libglib2.0-data (2.40.0-5) ...
Selecting previously unselected package libglib2.0-bin.
Preparing to unpack .../libglib2.0-bin_2.40.0-5_amd64.deb ...
Unpacking libglib2.0-bin (2.40.0-5) ...
Selecting previously unselected package libpcre3-dev:amd64.
Preparing to unpack .../libpcre3-dev_1%3a8.35-3_amd64.deb ...
Unpacking libpcre3-dev:amd64 (1:8.35-3) ...
Selecting previously unselected package zlib1g-dev:amd64.
Preparing to unpack .../zlib1g-dev_1%3a1.2.8.dfsg-2_amd64.deb ...
Unpacking zlib1g-dev:amd64 (1:1.2.8.dfsg-2) ...
Selecting previously unselected package libglib2.0-dev.
Preparing to unpack .../libglib2.0-dev_2.40.0-5_amd64.deb ...
Unpacking libglib2.0-dev (2.40.0-5) ...
Selecting previously unselected package libice-dev:amd64.
Preparing to unpack .../libice-dev_2%3a1.0.9-1_amd64.deb ...
Unpacking libice-dev:amd64 (2:1.0.9-1) ...
Selecting previously unselected package libmupen64plus-dev.
Preparing to unpack .../libmupen64plus-dev_2.0-7_all.deb ...
Unpacking libmupen64plus-dev (2.0-7) ...
Selecting previously unselected package libpulse-dev:amd64.
Preparing to unpack .../libpulse-dev_5.0-6_amd64.deb ...
Unpacking libpulse-dev:amd64 (5.0-6) ...
Selecting previously unselected package libudev-dev:amd64.
Preparing to unpack .../libudev-dev_208-8_amd64.deb ...
Unpacking libudev-dev:amd64 (208-8) ...
Selecting previously unselected package x11proto-render-dev.
Preparing to unpack .../x11proto-render-dev_2%3a0.11.1-2_all.deb ...
Unpacking x11proto-render-dev (2:0.11.1-2) ...
Selecting previously unselected package libxrender-dev:amd64.
Preparing to unpack .../libxrender-dev_1%3a0.9.8-1_amd64.deb ...
Unpacking libxrender-dev:amd64 (1:0.9.8-1) ...
Selecting previously unselected package libxcursor-dev:amd64.
Preparing to unpack .../libxcursor-dev_1%3a1.1.14-1_amd64.deb ...
Unpacking libxcursor-dev:amd64 (1:1.1.14-1) ...
Selecting previously unselected package libxi-dev.
Preparing to unpack .../libxi-dev_2%3a1.7.4-1_amd64.deb ...
Unpacking libxi-dev (2:1.7.4-1) ...
Selecting previously unselected package x11proto-xinerama-dev.
Preparing to unpack .../x11proto-xinerama-dev_1.2.1-2_all.deb ...
Unpacking x11proto-xinerama-dev (1.2.1-2) ...
Selecting previously unselected package libxinerama-dev:amd64.
Preparing to unpack .../libxinerama-dev_2%3a1.1.3-1_amd64.deb ...
Unpacking libxinerama-dev:amd64 (2:1.1.3-1) ...
Selecting previously unselected package libxkbcommon-dev.
Preparing to unpack .../libxkbcommon-dev_0.4.1-2_amd64.deb ...
Unpacking libxkbcommon-dev (0.4.1-2) ...
Selecting previously unselected package x11proto-randr-dev.
Preparing to unpack .../x11proto-randr-dev_1.4.0-2_all.deb ...
Unpacking x11proto-randr-dev (1.4.0-2) ...
Selecting previously unselected package libxrandr-dev:amd64.
Preparing to unpack .../libxrandr-dev_2%3a1.4.2-1_amd64.deb ...
Unpacking libxrandr-dev:amd64 (2:1.4.2-1) ...
Selecting previously unselected package x11proto-scrnsaver-dev.
Preparing to unpack .../x11proto-scrnsaver-dev_1.2.2-1_all.deb ...
Unpacking x11proto-scrnsaver-dev (1.2.2-1) ...
Selecting previously unselected package libxss-dev:amd64.
Preparing to unpack .../libxss-dev_1%3a1.2.2-1_amd64.deb ...
Unpacking libxss-dev:amd64 (1:1.2.2-1) ...
Selecting previously unselected package libsm-dev:amd64.
Preparing to unpack .../libsm-dev_2%3a1.2.2-1_amd64.deb ...
Unpacking libsm-dev:amd64 (2:1.2.2-1) ...
Selecting previously unselected package libxt-dev:amd64.
Preparing to unpack .../libxt-dev_1%3a1.1.4-1_amd64.deb ...
Unpacking libxt-dev:amd64 (1:1.1.4-1) ...
Selecting previously unselected package x11proto-video-dev.
Preparing to unpack .../x11proto-video-dev_2.3.2-1_all.deb ...
Unpacking x11proto-video-dev (2.3.2-1) ...
Selecting previously unselected package libxv-dev:amd64.
Preparing to unpack .../libxv-dev_2%3a1.0.10-1_amd64.deb ...
Unpacking libxv-dev:amd64 (2:1.0.10-1) ...
Selecting previously unselected package libsdl2-dev.
Preparing to unpack .../libsdl2-dev_2.0.2+dfsg1-4_amd64.deb ...
Unpacking libsdl2-dev (2.0.2+dfsg1-4) ...
Selecting previously unselected package sbuild-build-depends-mupen64plus-video-z64-dummy.
Preparing to unpack .../sbuild-build-depends-mupen64plus-video-z64-dummy.deb ...
Unpacking sbuild-build-depends-mupen64plus-video-z64-dummy (0.invalid.0) ...
Setting up libpipeline1:amd64 (1.3.0-1) ...
Setting up libssl1.0.0:amd64 (1.0.1i-2) ...
Setting up groff-base (1.22.2-7) ...
Setting up bsdmainutils (9.0.5) ...
update-alternatives: using /usr/bin/bsd-write to provide /usr/bin/write (write) in auto mode
update-alternatives: using /usr/bin/bsd-from to provide /usr/bin/from (from) in auto mode
Setting up man-db (2.6.7.1-1) ...
Not building database; man-db/auto-update is not 'true'.
Setting up libasprintf0c2:amd64 (0.19.2-2) ...
Setting up libmagic1:amd64 (1:5.19-1) ...
Setting up libsqlite3-0:amd64 (3.8.6-1) ...
Setting up libxml2:amd64 (2.9.1+dfsg1-4) ...
Setting up libasound2-data (1.0.28-1) ...
Setting up libasound2:amd64 (1.0.28-1) ...
Setting up libasyncns0:amd64 (0.8-5) ...
Setting up libavahi-common-data:amd64 (0.6.31-4) ...
Setting up libavahi-common3:amd64 (0.6.31-4) ...
Setting up libavahi-client3:amd64 (0.6.31-4) ...
Setting up libglib2.0-0:amd64 (2.40.0-5) ...
No schema files found: doing nothing.
Setting up libcroco3:amd64 (0.6.8-3) ...
Setting up libdrm2:amd64 (2.4.56-1) ...
Setting up libpciaccess0:amd64 (0.13.2-3) ...
Setting up libdrm-intel1:amd64 (2.4.56-1) ...
Setting up libdrm-nouveau2:amd64 (2.4.56-1) ...
Setting up libdrm-radeon1:amd64 (2.4.56-1) ...
Setting up libglapi-mesa:amd64 (10.2.6-1) ...
Setting up libllvm3.4:amd64 (1:3.4.2-8) ...
Setting up libwayland-client0:amd64 (1.5.0-1) ...
Setting up libwayland-server0:amd64 (1.5.0-1) ...
Setting up libxau6:amd64 (1:1.0.8-1) ...
Setting up libxdmcp6:amd64 (1:1.1.1-1) ...
Setting up libxcb1:amd64 (1.10-3) ...
Setting up libx11-data (2:1.6.2-3) ...
Setting up libx11-6:amd64 (2:1.6.2-3) ...
Setting up libxcb-dri2-0:amd64 (1.10-3) ...
Setting up libxext6:amd64 (2:1.3.2-1) ...
Setting up libxfixes3:amd64 (1:5.0.1-2) ...
Setting up libgbm1:amd64 (10.2.6-1) ...
Setting up libx11-xcb1:amd64 (2:1.6.2-3) ...
Setting up libxcb-render0:amd64 (1.10-3) ...
Setting up libxcb-shape0:amd64 (1.10-3) ...
Setting up libxcb-xfixes0:amd64 (1.10-3) ...
Setting up libegl1-mesa:amd64 (10.2.6-1) ...
Setting up libelf1:amd64 (0.159-4) ...
Setting up libopenvg1-mesa:amd64 (10.2.6-1) ...
Setting up libwayland-egl1-mesa:amd64 (10.2.6-1) ...
Setting up libegl1-mesa-drivers:amd64 (10.2.6-1) ...
Setting up libelfg0:amd64 (0.8.13-5) ...
Setting up libogg0:amd64 (1.3.2-1) ...
Setting up libflac8:amd64 (1.3.0-2) ...
Setting up libxcb-dri3-0:amd64 (1.10-3) ...
Setting up libxcb-glx0:amd64 (1.10-3) ...
Setting up libxcb-present0:amd64 (1.10-3) ...
Setting up libxcb-sync1:amd64 (1.10-3) ...
Setting up libxdamage1:amd64 (1:1.1.4-2) ...
Setting up libxshmfence1:amd64 (1.1-3) ...
Setting up libxxf86vm1:amd64 (1:1.1.3-1) ...
Setting up libgl1-mesa-glx:amd64 (10.2.6-1) ...
Setting up libgles2-mesa:amd64 (10.2.6-1) ...
Setting up libxi6:amd64 (2:1.7.4-1) ...
Setting up x11-common (1:7.7+7) ...
update-rc.d: warning: start and stop actions are no longer supported; falling back to defaults
All runlevel operations denied by policy
invoke-rc.d: policy-rc.d denied execution of start.
Setting up libice6:amd64 (2:1.0.9-1) ...
Setting up libsm6:amd64 (2:1.2.2-1) ...
Setting up libxt6:amd64 (1:1.1.4-1) ...
Setting up libxmu6:amd64 (2:1.1.2-1) ...
Setting up libglew1.10:amd64 (1.10.0-3) ...
Setting up libglu1-mesa:amd64 (9.0.0-2) ...
Setting up libpcrecpp0:amd64 (1:8.35-3) ...
Setting up libjson-c2:amd64 (0.11-4) ...
Setting up libvorbis0a:amd64 (1.3.2-1.4) ...
Setting up libvorbisenc2:amd64 (1.3.2-1.4) ...
Setting up libsndfile1:amd64 (1.0.25-9) ...
Setting up libsystemd-id128-0:amd64 (208-8) ...
Setting up libxtst6:amd64 (2:1.2.2-1) ...
Setting up libpulse0:amd64 (5.0-6) ...
Setting up libpulse-mainloop-glib0:amd64 (5.0-6) ...
Setting up libwayland-cursor0:amd64 (1.5.0-1) ...
Setting up libxrender1:amd64 (1:0.9.8-1) ...
Setting up libxcursor1:amd64 (1:1.1.14-1) ...
Setting up libxinerama1:amd64 (2:1.1.3-1) ...
Setting up xkb-data (2.12-1) ...
Setting up libxkbcommon0:amd64 (0.4.1-2) ...
Setting up libxrandr2:amd64 (2:1.4.2-1) ...
Setting up libxss1:amd64 (1:1.2.2-1) ...
Setting up libsdl2-2.0-0:amd64 (2.0.2+dfsg1-4) ...
Setting up libunistring0:amd64 (0.9.3-5.2) ...
Setting up libxcb-randr0:amd64 (1.10-3) ...
Setting up libxv1:amd64 (2:1.0.10-1) ...
Setting up libpython2.7-minimal:amd64 (2.7.8-6) ...
Setting up python2.7-minimal (2.7.8-6) ...
Setting up file (1:5.19-1) ...
Setting up gettext-base (0.19.2-2) ...
Setting up mime-support (3.56) ...
Setting up libpython2.7-stdlib:amd64 (2.7.8-6) ...
Setting up python2.7 (2.7.8-6) ...
Setting up python-minimal (2.7.8-1) ...
Setting up libpython-stdlib:amd64 (2.7.8-1) ...
Setting up python (2.7.8-1) ...
Setting up gettext (0.19.2-2) ...
Setting up intltool-debian (0.35.0+20060710.1) ...
Setting up po-debconf (1.0.16+nmu3) ...
Setting up debhelper (9.20140817) ...
Setting up libasound2-dev:amd64 (1.0.28-1) ...
Setting up libavahi-common-dev (0.6.31-4) ...
Setting up pkg-config (0.28-1) ...
Setting up libdbus-1-dev:amd64 (1.8.6-2) ...
Setting up libavahi-client-dev (0.6.31-4) ...
Setting up libdrm-dev:amd64 (2.4.56-1) ...
Setting up x11proto-dri2-dev (2.8-2) ...
Setting up x11proto-gl-dev (1.4.17-1) ...
Setting up xorg-sgml-doctools (1:1.11-1) ...
Setting up x11proto-core-dev (7.0.26-1) ...
Setting up libxau-dev:amd64 (1:1.0.8-1) ...
Setting up libxdmcp-dev:amd64 (1:1.1.1-1) ...
Setting up x11proto-input-dev (2.3.1-1) ...
Setting up x11proto-kb-dev (1.0.6-2) ...
Setting up xtrans-dev (1.3.4-1) ...
Setting up libpthread-stubs0-dev:amd64 (0.3-4) ...
Setting up libxcb1-dev:amd64 (1.10-3) ...
Setting up libx11-dev:amd64 (2:1.6.2-3) ...
Setting up x11proto-xext-dev (7.3.0-1) ...
Setting up libxext-dev:amd64 (2:1.3.2-1) ...
Setting up x11proto-xf86vidmode-dev (2.3.1-2) ...
Setting up libxxf86vm-dev:amd64 (1:1.1.3-1) ...
Setting up x11proto-fixes-dev (1:5.0-2) ...
Setting up libxfixes-dev:amd64 (1:5.0.1-2) ...
Setting up x11proto-damage-dev (1:1.2.1-2) ...
Setting up libxdamage-dev:amd64 (1:1.1.4-2) ...
Setting up libxcb-glx0-dev:amd64 (1.10-3) ...
Setting up libxcb-dri2-0-dev:amd64 (1.10-3) ...
Setting up libxcb-dri3-dev:amd64 (1.10-3) ...
Setting up libxcb-render0-dev:amd64 (1.10-3) ...
Setting up libxcb-randr0-dev:amd64 (1.10-3) ...
Setting up libxcb-shape0-dev:amd64 (1.10-3) ...
Setting up libxcb-xfixes0-dev:amd64 (1.10-3) ...
Setting up libxcb-sync-dev:amd64 (1.10-3) ...
Setting up libxcb-present-dev:amd64 (1.10-3) ...
Setting up libxshmfence-dev:amd64 (1.1-3) ...
Setting up libx11-xcb-dev:amd64 (2:1.6.2-3) ...
Setting up libwayland-dev (1.5.0-1) ...
Setting up libegl1-mesa-dev (10.2.6-1) ...
Setting up mesa-common-dev (10.2.6-1) ...
Setting up libgl1-mesa-dev (10.2.6-1) ...
Setting up libgles2-mesa-dev (10.2.6-1) ...
Setting up libglu1-mesa-dev (9.0.0-2) ...
Setting up libglew-dev:amd64 (1.10.0-3) ...
Setting up libglib2.0-data (2.40.0-5) ...
Setting up libglib2.0-bin (2.40.0-5) ...
Setting up libpcre3-dev:amd64 (1:8.35-3) ...
Setting up zlib1g-dev:amd64 (1:1.2.8.dfsg-2) ...
Setting up libglib2.0-dev (2.40.0-5) ...
Setting up libice-dev:amd64 (2:1.0.9-1) ...
Setting up libmupen64plus-dev (2.0-7) ...
Setting up libpulse-dev:amd64 (5.0-6) ...
Setting up libudev-dev:amd64 (208-8) ...
Setting up x11proto-render-dev (2:0.11.1-2) ...
Setting up libxrender-dev:amd64 (1:0.9.8-1) ...
Setting up libxcursor-dev:amd64 (1:1.1.14-1) ...
Setting up libxi-dev (2:1.7.4-1) ...
Setting up x11proto-xinerama-dev (1.2.1-2) ...
Setting up libxinerama-dev:amd64 (2:1.1.3-1) ...
Setting up libxkbcommon-dev (0.4.1-2) ...
Setting up x11proto-randr-dev (1.4.0-2) ...
Setting up libxrandr-dev:amd64 (2:1.4.2-1) ...
Setting up x11proto-scrnsaver-dev (1.2.2-1) ...
Setting up libxss-dev:amd64 (1:1.2.2-1) ...
Setting up libsm-dev:amd64 (2:1.2.2-1) ...
Setting up libxt-dev:amd64 (1:1.1.4-1) ...
Setting up x11proto-video-dev (2.3.2-1) ...
Setting up libxv-dev:amd64 (2:1.0.10-1) ...
Setting up libsdl2-dev (2.0.2+dfsg1-4) ...
Setting up sbuild-build-depends-mupen64plus-video-z64-dummy (0.invalid.0) ...
Processing triggers for libc-bin (2.19-10) ...

┌──────────────────────────────────────────────────────────────────────────────┐
│ Build environment                                                            │
└──────────────────────────────────────────────────────────────────────────────┘

Kernel: Linux 2.6.32-5-xen-amd64 amd64 (x86_64)
Toolchain package versions: binutils_2.24.51.20140903-1 dpkg-dev_1.17.13 g++-4.6_4.6.4-7 g++-4.9_4.9.1-12 gcc-4.6_4.6.4-7 gcc-4.7_4.7.4-3 gcc-4.9_4.9.1-12 libc6-dev_2.19-10 libstdc++-4.9-dev_4.9.1-12 libstdc++6_4.9.1-12 libstdc++6-4.6-dev_4.6.4-7 linux-libc-dev_3.14.15-2
Package versions: acl_2.2.52-1.1 adduser_3.113+nmu3 apt_1.0.7 base-files_7.5 base-passwd_3.5.35 bash_4.3-9 binutils_2.24.51.20140903-1 bsdmainutils_9.0.5 bsdutils_1:2.20.1-5.8 build-essential_11.7 bzip2_1.0.6-7 clang-3.5_1:3.5-1 coreutils_8.23-2 cpp_4:4.9.1-3 cpp-4.6_4.6.4-7 cpp-4.7_4.7.4-3 cpp-4.9_4.9.1-12 dash_0.5.7-4 dbus_1.8.6-2 debconf_1.5.53 debconf-i18n_1.5.53 debfoster_2.7-2 debhelper_9.20140817 debian-archive-keyring_2014.1 debianutils_4.4 diffutils_1:3.3-1 dmsetup_2:1.02.88-1 dpkg_1.17.13 dpkg-dev_1.17.13 e2fslibs_1.42.12-1 e2fsprogs_1.42.12-1 fakeroot_1.20.1-1.1 file_1:5.19-1 findutils_4.4.2-9 g++_4:4.9.1-3 g++-4.6_4.6.4-7 g++-4.9_4.9.1-12 gcc_4:4.9.1-3 gcc-4.4-base_4.4.7-8 gcc-4.5-base_4.5.4-1 gcc-4.6_4.6.4-7 gcc-4.6-base_4.6.4-7 gcc-4.7_4.7.4-3 gcc-4.7-base_4.7.4-3 gcc-4.8-base_4.8.3-10 gcc-4.9_4.9.1-12 gcc-4.9-base_4.9.1-12 gettext_0.19.2-2 gettext-base_0.19.2-2 gnupg_1.4.18-3 gpgv_1.4.18-3 grep_2.20-2 groff-base_1.22.2-7 gzip_1.6-3 hostname_3.15 init_1.21 initscripts_2.88dsf-53.4 insserv_1.14.0-5 intltool-debian_0.35.0+20060710.1 libacl1_2.2.52-1.1 libalgorithm-c3-perl_0.09-1 libapt-pkg4.12_1.0.7 libarchive-extract-perl_0.72-1 libasan1_4.9.1-12 libasound2_1.0.28-1 libasound2-data_1.0.28-1 libasound2-dev_1.0.28-1 libasprintf0c2_0.19.2-2 libasyncns0_0.8-5 libatomic1_4.9.1-12 libattr1_1:2.4.47-1 libaudit-common_1:2.3.7-1 libaudit1_1:2.3.7-1 libavahi-client-dev_0.6.31-4 libavahi-client3_0.6.31-4 libavahi-common-data_0.6.31-4 libavahi-common-dev_0.6.31-4 libavahi-common3_0.6.31-4 libblkid1_2.20.1-5.8 libbsd0_0.7.0-2 libbz2-1.0_1.0.6-7 libc-bin_2.19-10 libc-dev-bin_2.19-10 libc6_2.19-10 libc6-dev_2.19-10 libcap-ng0_0.7.4-2 libcap2_1:2.24-4 libcap2-bin_1:2.24-4 libcgi-fast-perl_1:2.02-1 libcgi-pm-perl_4.03-1 libcilkrts5_4.9.1-12 libclang-common-3.5-dev_1:3.5-1 libclang1-3.5_1:3.5-1 libclass-c3-perl_0.26-1 libclass-c3-xs-perl_0.13-2+b1 libclass-isa-perl_0.36-5 libcloog-isl4_0.18.2-1 libcloog-ppl1_0.16.1-5 libcomerr2_1.42.12-1 libcroco3_0.6.8-3 libcryptsetup4_2:1.6.6-1 libdata-optlist-perl_0.109-1 libdata-section-perl_0.200006-1 libdb5.1_5.1.29-5 libdb5.3_5.3.28-6 libdbus-1-3_1.8.6-2 libdbus-1-dev_1.8.6-2 libdebconfclient0_0.191 libdevmapper1.02.1_2:1.02.88-1 libdpkg-perl_1.17.13 libdrm-dev_2.4.56-1 libdrm-intel1_2.4.56-1 libdrm-nouveau2_2.4.56-1 libdrm-radeon1_2.4.56-1 libdrm2_2.4.56-1 libedit2_3.1-20140620-2 libegl1-mesa_10.2.6-1 libegl1-mesa-dev_10.2.6-1 libegl1-mesa-drivers_10.2.6-1 libelf1_0.159-4 libelfg0_0.8.13-5 libexpat1_2.1.0-6 libfakeroot_1.20.1-1.1 libfcgi-perl_0.77-1+b1 libffi6_3.1-2 libfile-fcntllock-perl_0.22-1+b1 libflac8_1.3.0-2 libgbm1_10.2.6-1 libgc1c2_1:7.2d-6.3 libgcc-4.7-dev_4.7.4-3 libgcc-4.9-dev_4.9.1-12 libgcc1_1:4.9.1-12 libgcrypt11_1.5.4-3 libgcrypt20_1.6.2-3 libgdbm3_1.8.3-13 libgl1-mesa-dev_10.2.6-1 libgl1-mesa-glx_10.2.6-1 libglapi-mesa_10.2.6-1 libgles2-mesa_10.2.6-1 libgles2-mesa-dev_10.2.6-1 libglew-dev_1.10.0-3 libglew1.10_1.10.0-3 libglib2.0-0_2.40.0-5 libglib2.0-bin_2.40.0-5 libglib2.0-data_2.40.0-5 libglib2.0-dev_2.40.0-5 libglu1-mesa_9.0.0-2 libglu1-mesa-dev_9.0.0-2 libgmp10_2:6.0.0+dfsg-6 libgmpxx4ldbl_2:6.0.0+dfsg-6 libgomp1_4.9.1-12 libgpg-error0_1.13-4 libgpm2_1.20.4-6.1 libice-dev_2:1.0.9-1 libice6_2:1.0.9-1 libisl10_0.12.2-2 libitm1_4.9.1-12 libjson-c2_0.11-4 libkmod2_18-1 libllvm3.4_1:3.4.2-8 libllvm3.5_1:3.5-1 liblocale-gettext-perl_1.05-8+b1 liblog-message-perl_0.8-1 liblog-message-simple-perl_0.10-2 liblsan0_4.9.1-12 liblzma5_5.1.1alpha+20120614-2 libmagic1_1:5.19-1 libmodule-build-perl_0.420800-1 libmodule-pluggable-perl_5.1-1 libmodule-signature-perl_0.73-1 libmount1_2.20.1-5.8 libmpc2_0.9-4 libmpc3_1.0.2-1 libmpfr4_3.1.2-1 libmro-compat-perl_0.12-1 libmupen64plus-dev_2.0-7 libncurses5_5.9+20140712-2 libncursesw5_5.9+20140712-2 libobjc-4.9-dev_4.9.1-12 libobjc4_4.9.1-12 libogg0_1.3.2-1 libopenvg1-mesa_10.2.6-1 libpackage-constants-perl_0.04-1 libpam-cap_1:2.24-4 libpam-modules_1.1.8-3.1 libpam-modules-bin_1.1.8-3.1 libpam-runtime_1.1.8-3.1 libpam-systemd_208-8 libpam0g_1.1.8-3.1 libparams-util-perl_1.07-2+b1 libpciaccess0_0.13.2-3 libpcre3_1:8.35-3 libpcre3-dev_1:8.35-3 libpcrecpp0_1:8.35-3 libpipeline1_1.3.0-1 libpod-latex-perl_0.61-1 libpod-readme-perl_0.11-1 libppl-c4_1:1.1-3 libppl13_1:1.1-3 libprocps3_1:3.3.9-7 libpthread-stubs0-dev_0.3-4 libpulse-dev_5.0-6 libpulse-mainloop-glib0_5.0-6 libpulse0_5.0-6 libpython-stdlib_2.7.8-1 libpython2.7-minimal_2.7.8-6 libpython2.7-stdlib_2.7.8-6 libquadmath0_4.9.1-12 libreadline6_6.3-8 libregexp-common-perl_2013031301-1 libsdl2-2.0-0_2.0.2+dfsg1-4 libsdl2-dev_2.0.2+dfsg1-4 libselinux1_2.3-2 libsemanage-common_2.3-1 libsemanage1_2.3-1 libsepol1_2.3-2 libslang2_2.2.4-17 libsm-dev_2:1.2.2-1 libsm6_2:1.2.2-1 libsndfile1_1.0.25-9 libsoftware-license-perl_0.103010-1 libsqlite3-0_3.8.6-1 libss2_1.42.12-1 libssl1.0.0_1.0.1i-2 libstdc++-4.9-dev_4.9.1-12 libstdc++6_4.9.1-12 libstdc++6-4.6-dev_4.6.4-7 libsub-exporter-perl_0.986-1 libsub-install-perl_0.928-1 libswitch-perl_2.17-1 libsystemd-daemon0_208-8 libsystemd-id128-0_208-8 libsystemd-journal0_208-8 libsystemd-login0_208-8 libterm-ui-perl_0.42-1 libtext-charwidth-perl_0.04-7+b3 libtext-iconv-perl_1.7-5+b2 libtext-soundex-perl_3.4-1+b2 libtext-template-perl_1.46-1 libtext-wrapi18n-perl_0.06-7 libtimedate-perl_2.3000-2 libtinfo5_5.9+20140712-2 libtsan0_4.9.1-12 libubsan0_4.9.1-12 libudev-dev_208-8 libudev1_208-8 libunistring0_0.9.3-5.2 libusb-0.1-4_2:0.1.12-24 libustr-1.0-1_1.0.4-3 libuuid1_2.20.1-5.8 libvorbis0a_1.3.2-1.4 libvorbisenc2_1.3.2-1.4 libwayland-client0_1.5.0-1 libwayland-cursor0_1.5.0-1 libwayland-dev_1.5.0-1 libwayland-egl1-mesa_10.2.6-1 libwayland-server0_1.5.0-1 libwrap0_7.6.q-25 libx11-6_2:1.6.2-3 libx11-data_2:1.6.2-3 libx11-dev_2:1.6.2-3 libx11-xcb-dev_2:1.6.2-3 libx11-xcb1_2:1.6.2-3 libxau-dev_1:1.0.8-1 libxau6_1:1.0.8-1 libxcb-dri2-0_1.10-3 libxcb-dri2-0-dev_1.10-3 libxcb-dri3-0_1.10-3 libxcb-dri3-dev_1.10-3 libxcb-glx0_1.10-3 libxcb-glx0-dev_1.10-3 libxcb-present-dev_1.10-3 libxcb-present0_1.10-3 libxcb-randr0_1.10-3 libxcb-randr0-dev_1.10-3 libxcb-render0_1.10-3 libxcb-render0-dev_1.10-3 libxcb-shape0_1.10-3 libxcb-shape0-dev_1.10-3 libxcb-sync-dev_1.10-3 libxcb-sync1_1.10-3 libxcb-xfixes0_1.10-3 libxcb-xfixes0-dev_1.10-3 libxcb1_1.10-3 libxcb1-dev_1.10-3 libxcursor-dev_1:1.1.14-1 libxcursor1_1:1.1.14-1 libxdamage-dev_1:1.1.4-2 libxdamage1_1:1.1.4-2 libxdmcp-dev_1:1.1.1-1 libxdmcp6_1:1.1.1-1 libxext-dev_2:1.3.2-1 libxext6_2:1.3.2-1 libxfixes-dev_1:5.0.1-2 libxfixes3_1:5.0.1-2 libxi-dev_2:1.7.4-1 libxi6_2:1.7.4-1 libxinerama-dev_2:1.1.3-1 libxinerama1_2:1.1.3-1 libxkbcommon-dev_0.4.1-2 libxkbcommon0_0.4.1-2 libxml2_2.9.1+dfsg1-4 libxmu6_2:1.1.2-1 libxrandr-dev_2:1.4.2-1 libxrandr2_2:1.4.2-1 libxrender-dev_1:0.9.8-1 libxrender1_1:0.9.8-1 libxshmfence-dev_1.1-3 libxshmfence1_1.1-3 libxss-dev_1:1.2.2-1 libxss1_1:1.2.2-1 libxt-dev_1:1.1.4-1 libxt6_1:1.1.4-1 libxtst6_2:1.2.2-1 libxv-dev_2:1.0.10-1 libxv1_2:1.0.10-1 libxxf86vm-dev_1:1.1.3-1 libxxf86vm1_1:1.1.3-1 linux-libc-dev_3.14.15-2 login_1:4.2-2+b1 lsb-base_4.1+Debian13 make_4.0-8 man-db_2.6.7.1-1 mawk_1.3.3-17 mesa-common-dev_10.2.6-1 mime-support_3.56 mount_2.20.1-5.8 multiarch-support_2.19-10 ncurses-base_5.9+20140712-2 ncurses-bin_5.9+20140712-2 passwd_1:4.2-2+b1 patch_2.7.1-6 perl_5.20.0-6 perl-base_5.20.0-6 perl-modules_5.20.0-6 pkg-config_0.28-1 po-debconf_1.0.16+nmu3 procps_1:3.3.9-7 psmisc_22.21-2 python_2.7.8-1 python-minimal_2.7.8-1 python2.7_2.7.8-6 python2.7-minimal_2.7.8-6 readline-common_6.3-8 rename_0.20-3 sbuild-build-depends-core-dummy_0.invalid.0 sbuild-build-depends-mupen64plus-video-z64-dummy_0.invalid.0 sed_4.2.2-4 sensible-utils_0.0.9 startpar_0.59-3 sudo_1.8.9p5-1 systemd_208-8 systemd-sysv_208-8 sysv-rc_2.88dsf-53.4 sysvinit_2.88dsf-53.4 sysvinit-utils_2.88dsf-53.4 tar_1.27.1-2 tcpd_7.6.q-25 tzdata_2014g-1 ucf_3.0030 udev_208-8 util-linux_2.20.1-5.8 vim_2:7.4.430-1 vim-common_2:7.4.430-1 vim-runtime_2:7.4.430-1 x11-common_1:7.7+7 x11proto-core-dev_7.0.26-1 x11proto-damage-dev_1:1.2.1-2 x11proto-dri2-dev_2.8-2 x11proto-fixes-dev_1:5.0-2 x11proto-gl-dev_1.4.17-1 x11proto-input-dev_2.3.1-1 x11proto-kb-dev_1.0.6-2 x11proto-randr-dev_1.4.0-2 x11proto-render-dev_2:0.11.1-2 x11proto-scrnsaver-dev_1.2.2-1 x11proto-video-dev_2.3.2-1 x11proto-xext-dev_7.3.0-1 x11proto-xf86vidmode-dev_2.3.1-2 x11proto-xinerama-dev_1.2.1-2 xkb-data_2.12-1 xorg-sgml-doctools_1:1.11-1 xtrans-dev_1.3.4-1 xz-utils_5.1.1alpha+20120614-2 zlib1g_1:1.2.8.dfsg-2 zlib1g-dev_1:1.2.8.dfsg-2

┌──────────────────────────────────────────────────────────────────────────────┐
│ Build                                                                        │
└──────────────────────────────────────────────────────────────────────────────┘


Unpack source
─────────────

gpgv: keyblock resource `/sbuild-nonexistent/.gnupg/trustedkeys.gpg': file open error
gpgv: Signature made Sat Aug 30 14:28:11 2014 UTC using RSA key ID C1267B46
gpgv: Can't check signature: public key not found
dpkg-source: warning: failed to verify signature on ./mupen64plus-video-z64_2.0.0-2.dsc
dpkg-source: info: extracting mupen64plus-video-z64 in mupen64plus-video-z64-2.0.0
dpkg-source: info: unpacking mupen64plus-video-z64_2.0.0.orig.tar.gz
dpkg-source: info: unpacking mupen64plus-video-z64_2.0.0-2.debian.tar.xz
dpkg-source: info: applying printf_fixup.patch

Check disc space
────────────────

Sufficient free space for build

Hack binNMU version
───────────────────

Created changelog entry for binNMU version 2.0.0-2clang1

User Environment
────────────────

DEB_BUILD_OPTIONS=parallel=10
HOME=/sbuild-nonexistent
LOGNAME=user
PATH=/usr/local/sbin:/usr/local/bin:/usr/sbin:/usr/bin:/sbin:/bin:/usr/games
SCHROOT_ALIAS_NAME=unstable-amd64-sbuild
SCHROOT_CHROOT_NAME=unstable-amd64-sbuild
SCHROOT_COMMAND=env
SCHROOT_GID=1000
SCHROOT_GROUP=user
SCHROOT_SESSION_ID=unstable-amd64-sbuild-926ca9d3-488f-437a-bc97-2cd570552308
SCHROOT_UID=1000
SCHROOT_USER=user
SHELL=/bin/sh
USER=user

dpkg-buildpackage
─────────────────

dpkg-buildpackage: source package mupen64plus-video-z64
dpkg-buildpackage: source version 2.0.0-2clang1
dpkg-buildpackage: source distribution unstable
 dpkg-source --before-build mupen64plus-video-z64-2.0.0
dpkg-buildpackage: host architecture amd64
 fakeroot debian/rules clean
dh clean --sourcedirectory="projects/unix" --parallel --list-missing
   dh_testdir -O--sourcedirectory=projects/unix -O--parallel -O--list-missing
   debian/rules override_dh_auto_clean
make[1]: Entering directory '/«PKGBUILDDIR»'
dh_auto_clean -- V=1 UNAME='linux' HOST_CPU='x86_64' APIDIR=/usr/include/mupen64plus/ DEBUG=1 PREFIX=/usr/ LIBDIR="/usr/lib/x86_64-linux-gnu" PIC=1 OPTFLAGS="-DNDEBUG" SDL_CONFIG=sdl2-config
make[2]: Entering directory '/«PKGBUILDDIR»/projects/unix'
rm -f -r _obj mupen64plus-video-z64.so
make[2]: Leaving directory '/«PKGBUILDDIR»/projects/unix'
make[1]: Leaving directory '/«PKGBUILDDIR»'
   dh_clean -O--sourcedirectory=projects/unix -O--parallel -O--list-missing
 debian/rules build-arch
dh build-arch --sourcedirectory="projects/unix" --parallel --list-missing
   dh_testdir -a -O--sourcedirectory=projects/unix -O--parallel -O--list-missing
   dh_auto_configure -a -O--sourcedirectory=projects/unix -O--parallel -O--list-missing
   debian/rules override_dh_auto_build
make[1]: Entering directory '/«PKGBUILDDIR»'
dh_auto_build -- all V=1 UNAME='linux' HOST_CPU='x86_64' APIDIR=/usr/include/mupen64plus/ DEBUG=1 PREFIX=/usr/ LIBDIR="/usr/lib/x86_64-linux-gnu" PIC=1 OPTFLAGS="-DNDEBUG" SDL_CONFIG=sdl2-config
make[2]: Entering directory '/«PKGBUILDDIR»/projects/unix'
gcc -g -O2 -fstack-protector-strong -Wformat -Werror=format-security -flto -DNDEBUG -Wall -ffast-math -fno-strict-aliasing -fvisibility=hidden -I../../src -fPIC -I/usr/include/GL -I/usr/include/libdrm  -I/usr/include/libdrm  -I/usr/include/SDL2 -D_REENTRANT "-I/usr/include/mupen64plus/" -g -MD -D_FORTIFY_SOURCE=2 -D_FILE_OFFSET_BITS=64  -c -o _obj/osal_dynamiclib_unix.o ../../src/osal_dynamiclib_unix.c
g++ -g -O2 -fstack-protector-strong -Wformat -Werror=format-security -fvisibility-inlines-hidden -g -O2 -fstack-protector-strong -Wformat -Werror=format-security -flto -DNDEBUG -Wall -ffast-math -fno-strict-aliasing -fvisibility=hidden -I../../src -fPIC -I/usr/include/GL -I/usr/include/libdrm  -I/usr/include/libdrm  -I/usr/include/SDL2 -D_REENTRANT "-I/usr/include/mupen64plus/" -g -MD -D_FORTIFY_SOURCE=2 -D_FILE_OFFSET_BITS=64  -c -o _obj/rgl.o ../../src/rgl.cpp
g++ -g -O2 -fstack-protector-strong -Wformat -Werror=format-security -fvisibility-inlines-hidden -g -O2 -fstack-protector-strong -Wformat -Werror=format-security -flto -DNDEBUG -Wall -ffast-math -fno-strict-aliasing -fvisibility=hidden -I../../src -fPIC -I/usr/include/GL -I/usr/include/libdrm  -I/usr/include/libdrm  -I/usr/include/SDL2 -D_REENTRANT "-I/usr/include/mupen64plus/" -g -MD -D_FORTIFY_SOURCE=2 -D_FILE_OFFSET_BITS=64  -c -o _obj/rgl_settings.o ../../src/rgl_settings.cpp
g++ -g -O2 -fstack-protector-strong -Wformat -Werror=format-security -fvisibility-inlines-hidden -g -O2 -fstack-protector-strong -Wformat -Werror=format-security -flto -DNDEBUG -Wall -ffast-math -fno-strict-aliasing -fvisibility=hidden -I../../src -fPIC -I/usr/include/GL -I/usr/include/libdrm  -I/usr/include/libdrm  -I/usr/include/SDL2 -D_REENTRANT "-I/usr/include/mupen64plus/" -g -MD -D_FORTIFY_SOURCE=2 -D_FILE_OFFSET_BITS=64  -c -o _obj/rgl_tiles.o ../../src/rgl_tiles.cpp
g++ -g -O2 -fstack-protector-strong -Wformat -Werror=format-security -fvisibility-inlines-hidden -g -O2 -fstack-protector-strong -Wformat -Werror=format-security -flto -DNDEBUG -Wall -ffast-math -fno-strict-aliasing -fvisibility=hidden -I../../src -fPIC -I/usr/include/GL -I/usr/include/libdrm  -I/usr/include/libdrm  -I/usr/include/SDL2 -D_REENTRANT "-I/usr/include/mupen64plus/" -g -MD -D_FORTIFY_SOURCE=2 -D_FILE_OFFSET_BITS=64  -c -o _obj/rgl_rendermode.o ../../src/rgl_rendermode.cpp
g++ -g -O2 -fstack-protector-strong -Wformat -Werror=format-security -fvisibility-inlines-hidden -g -O2 -fstack-protector-strong -Wformat -Werror=format-security -flto -DNDEBUG -Wall -ffast-math -fno-strict-aliasing -fvisibility=hidden -I../../src -fPIC -I/usr/include/GL -I/usr/include/libdrm  -I/usr/include/libdrm  -I/usr/include/SDL2 -D_REENTRANT "-I/usr/include/mupen64plus/" -g -MD -D_FORTIFY_SOURCE=2 -D_FILE_OFFSET_BITS=64  -c -o _obj/rgl_geometry.o ../../src/rgl_geometry.cpp
g++ -g -O2 -fstack-protector-strong -Wformat -Werror=format-security -fvisibility-inlines-hidden -g -O2 -fstack-protector-strong -Wformat -Werror=format-security -flto -DNDEBUG -Wall -ffast-math -fno-strict-aliasing -fvisibility=hidden -I../../src -fPIC -I/usr/include/GL -I/usr/include/libdrm  -I/usr/include/libdrm  -I/usr/include/SDL2 -D_REENTRANT "-I/usr/include/mupen64plus/" -g -MD -D_FORTIFY_SOURCE=2 -D_FILE_OFFSET_BITS=64  -c -o _obj/rgl_debugger.o ../../src/rgl_debugger.cpp
g++ -g -O2 -fstack-protector-strong -Wformat -Werror=format-security -fvisibility-inlines-hidden -g -O2 -fstack-protector-strong -Wformat -Werror=format-security -flto -DNDEBUG -Wall -ffast-math -fno-strict-aliasing -fvisibility=hidden -I../../src -fPIC -I/usr/include/GL -I/usr/include/libdrm  -I/usr/include/libdrm  -I/usr/include/SDL2 -D_REENTRANT "-I/usr/include/mupen64plus/" -g -MD -D_FORTIFY_SOURCE=2 -D_FILE_OFFSET_BITS=64  -c -o _obj/rgl_osdep.o ../../src/rgl_osdep.cpp
g++ -g -O2 -fstack-protector-strong -Wformat -Werror=format-security -fvisibility-inlines-hidden -g -O2 -fstack-protector-strong -Wformat -Werror=format-security -flto -DNDEBUG -Wall -ffast-math -fno-strict-aliasing -fvisibility=hidden -I../../src -fPIC -I/usr/include/GL -I/usr/include/libdrm  -I/usr/include/libdrm  -I/usr/include/SDL2 -D_REENTRANT "-I/usr/include/mupen64plus/" -g -MD -D_FORTIFY_SOURCE=2 -D_FILE_OFFSET_BITS=64  -c -o _obj/rdp.o ../../src/rdp.cpp
g++ -g -O2 -fstack-protector-strong -Wformat -Werror=format-security -fvisibility-inlines-hidden -g -O2 -fstack-protector-strong -Wformat -Werror=format-security -flto -DNDEBUG -Wall -ffast-math -fno-strict-aliasing -fvisibility=hidden -I../../src -fPIC -I/usr/include/GL -I/usr/include/libdrm  -I/usr/include/libdrm  -I/usr/include/SDL2 -D_REENTRANT "-I/usr/include/mupen64plus/" -g -MD -D_FORTIFY_SOURCE=2 -D_FILE_OFFSET_BITS=64  -c -o _obj/glshader.o ../../src/glshader.cpp
g++ -g -O2 -fstack-protector-strong -Wformat -Werror=format-security -fvisibility-inlines-hidden -g -O2 -fstack-protector-strong -Wformat -Werror=format-security -flto -DNDEBUG -Wall -ffast-math -fno-strict-aliasing -fvisibility=hidden -I../../src -fPIC -I/usr/include/GL -I/usr/include/libdrm  -I/usr/include/libdrm  -I/usr/include/SDL2 -D_REENTRANT "-I/usr/include/mupen64plus/" -g -MD -D_FORTIFY_SOURCE=2 -D_FILE_OFFSET_BITS=64  -c -o _obj/disasm.o ../../src/disasm.cpp
g++ -g -O2 -fstack-protector-strong -Wformat -Werror=format-security -fvisibility-inlines-hidden -g -O2 -fstack-protector-strong -Wformat -Werror=format-security -flto -DNDEBUG -Wall -ffast-math -fno-strict-aliasing -fvisibility=hidden -I../../src -fPIC -I/usr/include/GL -I/usr/include/libdrm  -I/usr/include/libdrm  -I/usr/include/SDL2 -D_REENTRANT "-I/usr/include/mupen64plus/" -g -MD -D_FORTIFY_SOURCE=2 -D_FILE_OFFSET_BITS=64  -c -o _obj/maingl.o ../../src/maingl.cpp
g++ -g -O2 -fstack-protector-strong -Wformat -Werror=format-security -fvisibility-inlines-hidden -g -O2 -fstack-protector-strong -Wformat -Werror=format-security -flto -DNDEBUG -Wall -ffast-math -fno-strict-aliasing -fvisibility=hidden -I../../src -fPIC -I/usr/include/GL -I/usr/include/libdrm  -I/usr/include/libdrm  -I/usr/include/SDL2 -D_REENTRANT "-I/usr/include/mupen64plus/" -g -MD -Wl,-z,relro -Wl,-z,now -Wl,--as-needed -shared -Wl,-version-script,../../src/video_api_export.ver  _obj/osal_dynamiclib_unix.o _obj/rgl.o _obj/rgl_settings.o _obj/rgl_tiles.o _obj/rgl_rendermode.o _obj/rgl_geometry.o _obj/rgl_debugger.o _obj/rgl_osdep.o _obj/rdp.o _obj/glshader.o _obj/disasm.o _obj/maingl.o  -ldl -lGLEW -lGLU -lGL  -lGL  -L/usr/lib/x86_64-linux-gnu -lSDL2 -o mupen64plus-video-z64.so
/usr/bin/ld: /usr/lib/llvm-3.5/bin/../lib/LLVMgold.so: error loading plugin: /usr/lib/llvm-3.5/bin/../lib/LLVMgold.so: cannot open shared object file: No such file or directory
clang: error: linker command failed with exit code 1 (use -v to see invocation)
make[2]: *** [mupen64plus-video-z64.so] Error 1
Makefile:389: recipe for target 'mupen64plus-video-z64.so' failed
make[2]: Leaving directory '/«PKGBUILDDIR»/projects/unix'
dh_auto_build: make -j10 all V=1 UNAME=linux HOST_CPU=x86_64 APIDIR=/usr/include/mupen64plus/ DEBUG=1 PREFIX=/usr/ LIBDIR=/usr/lib/x86_64-linux-gnu PIC=1 OPTFLAGS=-DNDEBUG SDL_CONFIG=sdl2-config returned exit code 2
make[1]: *** [override_dh_auto_build] Error 2
debian/rules:29: recipe for target 'override_dh_auto_build' failed
make[1]: Leaving directory '/«PKGBUILDDIR»'
make: *** [build-arch] Error 2
dpkg-buildpackage: error: debian/rules build-arch gave error exit status 2
debian/rules:17: recipe for target 'build-arch' failed
────────────────────────────────────────────────────────────────────────────────
Build finished at 20140904-1922

Finished
────────

E: Build failure (dpkg-buildpackage died)

┌──────────────────────────────────────────────────────────────────────────────┐
│ Cleanup                                                                      │
└──────────────────────────────────────────────────────────────────────────────┘

Purging /«BUILDDIR»
Not cleaning session: cloned chroot in use

┌──────────────────────────────────────────────────────────────────────────────┐
│ Summary                                                                      │
└──────────────────────────────────────────────────────────────────────────────┘

Build Architecture: amd64
Build-Space: 892
Build-Time: 6
Distribution: unstable
Fail-Stage: build
Host Architecture: amd64
Install-Time: 26
Job: mupen64plus-video-z64_2.0.0-2
Machine Architecture: amd64
Package: mupen64plus-video-z64
Package-Time: 64
Source-Version: 2.0.0-2
Space: 892
Status: attempted
Version: 2.0.0-2clang1
────────────────────────────────────────────────────────────────────────────────
Finished at 20140904-1922
Build needed 00:01:04, 892k disc space
DC-Status: Failed 64.685987656s
DC-Time-Estimation: 64.685987656 versus expected 207 (r/m: 2.200074815288061 ; m: 64.685987656)
