DC-Build-Header: pennmush 1.8.2p8-1.1 / 2014-09-04 18:03:20 +0000
DC-Task: source:pennmush version:1.8.2p8-1.1 architecture:any chroot:unstable esttime:580 logfile:/tmp/pennmush_1.8.2p8-1.1_unstable_clang.log modes:binary-only:parallel:clang
DC-Sbuild-call: su user -c 'sbuild -n --apt-update -d unstable -v  --chroot-setup-commands=/tmp/switch-to-clang --append-to-version "clang1" --maintainer "Lucas Nussbaum <lucas@debian.org>" --uploader "Lucas Nussbaum <lucas@debian.org>" pennmush_1.8.2p8-1.1'
sbuild (Debian sbuild) 0.63.2 (18 Aug 2012) on ip-172-31-6-121.us-west-2.compute.internal

╔══════════════════════════════════════════════════════════════════════════════╗
║ pennmush 1.8.2p8-1.1clang1 (amd64)                         04 Sep 2014 18:03 ║
╚══════════════════════════════════════════════════════════════════════════════╝

Package: pennmush
Version: 1.8.2p8-1.1clang1
Source Version: 1.8.2p8-1.1
Distribution: unstable
Machine Architecture: amd64
Host Architecture: amd64
Build Architecture: amd64

I: NOTICE: Log filtering will replace 'build/pennmush-sUJBqB/pennmush-1.8.2p8' with '«PKGBUILDDIR»'
I: NOTICE: Log filtering will replace 'build/pennmush-sUJBqB' with '«BUILDDIR»'
I: NOTICE: Log filtering will replace 'var/lib/schroot/mount/unstable-amd64-sbuild-16c6381e-feca-435c-80b4-7d8689354ba3' with '«CHROOT»'

┌──────────────────────────────────────────────────────────────────────────────┐
│ Update chroot                                                                │
└──────────────────────────────────────────────────────────────────────────────┘

Get:1 http://localhost:9999 unstable InRelease [233 kB]
Get:2 http://localhost:9999 unstable/main Sources/DiffIndex [7876 B]
Get:3 http://localhost:9999 unstable/main amd64 Packages/DiffIndex [7876 B]
Get:4 http://localhost:9999 unstable/main Translation-en/DiffIndex [7876 B]
Get:5 http://localhost:9999 unstable/main 2014-09-03-1436.55.pdiff [24.7 kB]
Get:6 http://localhost:9999 unstable/main 2014-09-03-2030.01.pdiff [10.5 kB]
Get:7 http://localhost:9999 unstable/main 2014-09-04-0229.22.pdiff [7545 B]
Get:8 http://localhost:9999 unstable/main 2014-09-04-0831.05.pdiff [14.0 kB]
Get:9 http://localhost:9999 unstable/main amd64 2014-09-03-1436.55.pdiff [26.7 kB]
Get:10 http://localhost:9999 unstable/main 2014-09-04-0831.05.pdiff [14.0 kB]
Get:11 http://localhost:9999 unstable/main amd64 2014-09-03-2030.01.pdiff [12.4 kB]
Get:12 http://localhost:9999 unstable/main amd64 2014-09-04-0229.22.pdiff [5892 B]
Get:13 http://localhost:9999 unstable/main amd64 2014-09-04-0831.05.pdiff [18.1 kB]
Get:14 http://localhost:9999 unstable/main 2014-09-03-1436.55.pdiff [3960 B]
Get:15 http://localhost:9999 unstable/main 2014-09-03-2030.01.pdiff [1010 B]
Get:16 http://localhost:9999 unstable/main 2014-09-04-0229.22.pdiff [648 B]
Get:17 http://localhost:9999 unstable/main 2014-09-04-0831.05.pdiff [61 B]
Get:18 http://localhost:9999 unstable/main amd64 2014-09-04-0831.05.pdiff [18.1 kB]
Get:19 http://localhost:9999 unstable/main 2014-09-04-0831.05.pdiff [61 B]
Fetched 382 kB in 5s (72.4 kB/s)
Reading package lists...
Reading package lists...
Building dependency tree...
Reading state information...
The following packages will be upgraded:
  binutils
1 upgraded, 0 newly installed, 0 to remove and 0 not upgraded.
Need to get 3310 kB of archives.
After this operation, 50.2 kB of additional disk space will be used.
Get:1 http://localhost:9999/debian/ unstable/main binutils amd64 2.24.51.20140903-1 [3310 kB]
debconf: delaying package configuration, since apt-utils is not installed
Fetched 3310 kB in 0s (31.4 MB/s)
(Reading database ... 15135 files and directories currently installed.)
Preparing to unpack .../binutils_2.24.51.20140903-1_amd64.deb ...
Unpacking binutils (2.24.51.20140903-1) over (2.24.51.20140818-1) ...
Setting up binutils (2.24.51.20140903-1) ...
Processing triggers for libc-bin (2.19-10) ...

┌──────────────────────────────────────────────────────────────────────────────┐
│ Fetch source files                                                           │
└──────────────────────────────────────────────────────────────────────────────┘


Check APT
─────────

Checking available source versions...

Download source files with APT
──────────────────────────────

Reading package lists...
Building dependency tree...
Reading state information...
NOTICE: 'pennmush' packaging is maintained in the 'Svn' version control system at:
svn://svn.pennmush.org/1.8.2/trunk/
Need to get 2044 kB of source archives.
Get:1 http://localhost:9999/debian/ unstable/main pennmush 1.8.2p8-1.1 (dsc) [2072 B]
Get:2 http://localhost:9999/debian/ unstable/main pennmush 1.8.2p8-1.1 (tar) [2028 kB]
Get:3 http://localhost:9999/debian/ unstable/main pennmush 1.8.2p8-1.1 (diff) [14.5 kB]
Fetched 2044 kB in 2s (967 kB/s)
Download complete and in download only mode

Check arch
──────────


┌──────────────────────────────────────────────────────────────────────────────┐
│ Chroot Setup Commands                                                        │
└──────────────────────────────────────────────────────────────────────────────┘


/tmp/switch-to-clang
────────────────────

+ echo 'Entering customization script...'
Entering customization script...
+ CLANG_VERSION=3.5
+ echo 'Install of clang-3.5'
Install of clang-3.5
+ apt-get update
Hit http://localhost:9999 unstable InRelease
Get:1 http://localhost:9999 unstable/main Sources/DiffIndex [7876 B]
Get:2 http://localhost:9999 unstable/main amd64 Packages/DiffIndex [7876 B]
Get:3 http://localhost:9999 unstable/main Translation-en/DiffIndex [7876 B]
Fetched 23.6 kB in 1s (12.8 kB/s)
Reading package lists...
+ apt-get install --yes --no-install-recommends --force-yes clang-3.5
Reading package lists...
Building dependency tree...
Reading state information...
The following extra packages will be installed:
  libbsd0 libclang-common-3.5-dev libclang1-3.5 libedit2 libffi6 libllvm3.5
  libobjc-4.9-dev libobjc4
Suggested packages:
  gnustep gnustep-devel clang-3.5-doc
Recommended packages:
  llvm-3.5-dev python
The following NEW packages will be installed:
  clang-3.5 libbsd0 libclang-common-3.5-dev libclang1-3.5 libedit2 libffi6
  libllvm3.5 libobjc-4.9-dev libobjc4
0 upgraded, 9 newly installed, 0 to remove and 0 not upgraded.
Need to get 33.3 MB of archives.
After this operation, 132 MB of additional disk space will be used.
Get:1 http://localhost:9999/debian/ unstable/main libbsd0 amd64 0.7.0-2 [67.9 kB]
Get:2 http://localhost:9999/debian/ unstable/main libedit2 amd64 3.1-20140620-2 [85.1 kB]
Get:3 http://localhost:9999/debian/ unstable/main libffi6 amd64 3.1-2 [19.8 kB]
Get:4 http://localhost:9999/debian/ unstable/main libllvm3.5 amd64 1:3.5-1 [7609 kB]
Get:5 http://localhost:9999/debian/ unstable/main libobjc4 amd64 4.9.1-12 [112 kB]
Get:6 http://localhost:9999/debian/ unstable/main libobjc-4.9-dev amd64 4.9.1-12 [372 kB]
Get:7 http://localhost:9999/debian/ unstable/main libclang1-3.5 amd64 1:3.5-1 [3628 kB]
Get:8 http://localhost:9999/debian/ unstable/main libclang-common-3.5-dev amd64 1:3.5-1 [677 kB]
Get:9 http://localhost:9999/debian/ unstable/main clang-3.5 amd64 1:3.5-1 [20.7 MB]
debconf: delaying package configuration, since apt-utils is not installed
Fetched 33.3 MB in 1s (31.5 MB/s)
Selecting previously unselected package libbsd0:amd64.
(Reading database ... 15135 files and directories currently installed.)
Preparing to unpack .../libbsd0_0.7.0-2_amd64.deb ...
Unpacking libbsd0:amd64 (0.7.0-2) ...
Selecting previously unselected package libedit2:amd64.
Preparing to unpack .../libedit2_3.1-20140620-2_amd64.deb ...
Unpacking libedit2:amd64 (3.1-20140620-2) ...
Selecting previously unselected package libffi6:amd64.
Preparing to unpack .../libffi6_3.1-2_amd64.deb ...
Unpacking libffi6:amd64 (3.1-2) ...
Selecting previously unselected package libllvm3.5:amd64.
Preparing to unpack .../libllvm3.5_1%3a3.5-1_amd64.deb ...
Unpacking libllvm3.5:amd64 (1:3.5-1) ...
Selecting previously unselected package libobjc4:amd64.
Preparing to unpack .../libobjc4_4.9.1-12_amd64.deb ...
Unpacking libobjc4:amd64 (4.9.1-12) ...
Selecting previously unselected package libobjc-4.9-dev:amd64.
Preparing to unpack .../libobjc-4.9-dev_4.9.1-12_amd64.deb ...
Unpacking libobjc-4.9-dev:amd64 (4.9.1-12) ...
Selecting previously unselected package libclang1-3.5:amd64.
Preparing to unpack .../libclang1-3.5_1%3a3.5-1_amd64.deb ...
Unpacking libclang1-3.5:amd64 (1:3.5-1) ...
Selecting previously unselected package libclang-common-3.5-dev.
Preparing to unpack .../libclang-common-3.5-dev_1%3a3.5-1_amd64.deb ...
Unpacking libclang-common-3.5-dev (1:3.5-1) ...
Selecting previously unselected package clang-3.5.
Preparing to unpack .../clang-3.5_1%3a3.5-1_amd64.deb ...
Unpacking clang-3.5 (1:3.5-1) ...
Setting up libbsd0:amd64 (0.7.0-2) ...
Setting up libedit2:amd64 (3.1-20140620-2) ...
Setting up libffi6:amd64 (3.1-2) ...
Setting up libllvm3.5:amd64 (1:3.5-1) ...
Setting up libobjc4:amd64 (4.9.1-12) ...
Setting up libobjc-4.9-dev:amd64 (4.9.1-12) ...
Setting up libclang1-3.5:amd64 (1:3.5-1) ...
Setting up libclang-common-3.5-dev (1:3.5-1) ...
Setting up clang-3.5 (1:3.5-1) ...
Processing triggers for libc-bin (2.19-10) ...
+ echo 'Replace gcc, g++ & cpp by clang'
Replace gcc, g++ & cpp by clang
+ VERSIONS='4.6 4.7 4.8 4.9'
+ cd /usr/bin
+ for VERSION in '$VERSIONS'
+ rm -f g++-4.6 gcc-4.6 cpp-4.6 gcc
+ ln -s clang++-3.5 g++-4.6
+ ln -s clang-3.5 gcc-4.6
+ ln -s clang-3.5 cpp-4.6
+ ln -s clang-3.5 gcc
+ echo 'gcc-4.6 hold'
+ dpkg --set-selections
+ echo 'g++-4.6 hold'
+ dpkg --set-selections
+ for VERSION in '$VERSIONS'
+ rm -f g++-4.7 gcc-4.7 cpp-4.7 gcc
+ ln -s clang++-3.5 g++-4.7
+ ln -s clang-3.5 gcc-4.7
+ ln -s clang-3.5 cpp-4.7
+ ln -s clang-3.5 gcc
+ echo 'gcc-4.7 hold'
+ dpkg --set-selections
+ echo 'g++-4.7 hold'
+ dpkg --set-selections
+ for VERSION in '$VERSIONS'
+ rm -f g++-4.8 gcc-4.8 cpp-4.8 gcc
+ ln -s clang++-3.5 g++-4.8
+ ln -s clang-3.5 gcc-4.8
+ ln -s clang-3.5 cpp-4.8
+ ln -s clang-3.5 gcc
+ echo 'gcc-4.8 hold'
+ dpkg --set-selections
dpkg: warning: package not in database at line 1: gcc-4.8
dpkg: warning: found unknown packages; this might mean the available database
is outdated, and needs to be updated through a frontend method
+ echo 'g++-4.8 hold'
+ dpkg --set-selections
dpkg: warning: package not in database at line 1: g++-4.8
dpkg: warning: found unknown packages; this might mean the available database
is outdated, and needs to be updated through a frontend method
+ for VERSION in '$VERSIONS'
+ rm -f g++-4.9 gcc-4.9 cpp-4.9 gcc
+ ln -s clang++-3.5 g++-4.9
+ ln -s clang-3.5 gcc-4.9
+ ln -s clang-3.5 cpp-4.9
+ ln -s clang-3.5 gcc
+ echo 'gcc-4.9 hold'
+ dpkg --set-selections
+ echo 'g++-4.9 hold'
+ dpkg --set-selections
+ cd -
/«BUILDDIR»
+ echo 'Check if gcc, g++ & cpp are actually clang'
Check if gcc, g++ & cpp are actually clang
+ gcc --version
+ grep clang
+ cpp --version
+ grep clang
+ g++ --version
+ grep clang

I: Finished running '/tmp/switch-to-clang'.

Finished processing commands.
────────────────────────────────────────────────────────────────────────────────
Merged Build-Depends: build-essential, fakeroot
Filtered Build-Depends: build-essential, fakeroot
dpkg-deb: building package `sbuild-build-depends-core-dummy' in `/«BUILDDIR»/resolver-f4jw7P/apt_archive/sbuild-build-depends-core-dummy.deb'.
OK
Reading package lists...

┌──────────────────────────────────────────────────────────────────────────────┐
│ Install core build dependencies (apt-based resolver)                         │
└──────────────────────────────────────────────────────────────────────────────┘

Installing build dependencies
Reading package lists...
Building dependency tree...
Reading state information...
The following NEW packages will be installed:
  sbuild-build-depends-core-dummy
debconf: delaying package configuration, since apt-utils is not installed
0 upgraded, 1 newly installed, 0 to remove and 0 not upgraded.
Need to get 0 B/816 B of archives.
After this operation, 0 B of additional disk space will be used.
Selecting previously unselected package sbuild-build-depends-core-dummy.
(Reading database ... 15338 files and directories currently installed.)
Preparing to unpack .../sbuild-build-depends-core-dummy.deb ...
Unpacking sbuild-build-depends-core-dummy (0.invalid.0) ...
Setting up sbuild-build-depends-core-dummy (0.invalid.0) ...
Merged Build-Depends: base-files, base-passwd, bash, bsdutils, coreutils, dash, debianutils, diffutils, dpkg, e2fsprogs, findutils, grep, gzip, hostname, init, libc-bin, login, mount, ncurses-base, ncurses-bin, perl-base, sed, sysvinit-utils, tar, util-linux, libc6-dev | libc-dev, gcc (>= 4:4.9.1), g++ (>= 4:4.9.1), make, dpkg-dev (>= 1.17.11), debhelper (>= 5.0.0), binutils (>= 2.12.90.0.1-4), libssl-dev (>= 0.9.6c-2.woody.3), locales, libmysqlclient15-dev, libpcre3-dev
Filtered Build-Depends: base-files, base-passwd, bash, bsdutils, coreutils, dash, debianutils, diffutils, dpkg, e2fsprogs, findutils, grep, gzip, hostname, init, libc-bin, login, mount, ncurses-base, ncurses-bin, perl-base, sed, sysvinit-utils, tar, util-linux, libc6-dev, gcc (>= 4:4.9.1), g++ (>= 4:4.9.1), make, dpkg-dev (>= 1.17.11), debhelper (>= 5.0.0), binutils (>= 2.12.90.0.1-4), libssl-dev (>= 0.9.6c-2.woody.3), locales, libmysqlclient15-dev, libpcre3-dev
dpkg-deb: building package `sbuild-build-depends-pennmush-dummy' in `/«BUILDDIR»/resolver-uY6PiO/apt_archive/sbuild-build-depends-pennmush-dummy.deb'.
OK
Reading package lists...

┌──────────────────────────────────────────────────────────────────────────────┐
│ Install pennmush build dependencies (apt-based resolver)                     │
└──────────────────────────────────────────────────────────────────────────────┘

Installing build dependencies
Reading package lists...
Building dependency tree...
Reading state information...
The following extra packages will be installed:
  bsdmainutils debhelper file gettext gettext-base groff-base intltool-debian
  libasprintf0c2 libcroco3 libglib2.0-0 libmagic1 libmysqlclient-dev
  libmysqlclient18 libpcre3-dev libpcrecpp0 libpipeline1 libssl-dev
  libssl1.0.0 libunistring0 libxml2 locales man-db mysql-common po-debconf
  zlib1g-dev
Suggested packages:
  wamerican wordlist whois vacation dh-make gettext-doc groff less www-browser
  libmail-box-perl
Recommended packages:
  curl wget lynx-cur autopoint libasprintf-dev libgettextpo-dev
  libglib2.0-data shared-mime-info libssl-doc xml-core libmail-sendmail-perl
The following NEW packages will be installed:
  bsdmainutils debhelper file gettext gettext-base groff-base intltool-debian
  libasprintf0c2 libcroco3 libglib2.0-0 libmagic1 libmysqlclient-dev
  libmysqlclient18 libpcre3-dev libpcrecpp0 libpipeline1 libssl-dev
  libssl1.0.0 libunistring0 libxml2 locales man-db mysql-common po-debconf
  sbuild-build-depends-pennmush-dummy zlib1g-dev
0 upgraded, 26 newly installed, 0 to remove and 0 not upgraded.
Need to get 17.5 MB/17.5 MB of archives.
After this operation, 64.2 MB of additional disk space will be used.
Get:1 http://localhost:9999/debian/ unstable/main libpipeline1 amd64 1.3.0-1 [25.8 kB]
Get:2 http://localhost:9999/debian/ unstable/main libssl1.0.0 amd64 1.0.1i-2 [1026 kB]
Get:3 http://localhost:9999/debian/ unstable/main groff-base amd64 1.22.2-7 [1142 kB]
Get:4 http://localhost:9999/debian/ unstable/main bsdmainutils amd64 9.0.5 [211 kB]
Get:5 http://localhost:9999/debian/ unstable/main man-db amd64 2.6.7.1-1 [990 kB]
Get:6 http://localhost:9999/debian/ unstable/main libasprintf0c2 amd64 0.19.2-2 [30.8 kB]
Get:7 http://localhost:9999/debian/ unstable/main libmagic1 amd64 1:5.19-1 [237 kB]
Get:8 http://localhost:9999/debian/ unstable/main libxml2 amd64 2.9.1+dfsg1-4 [797 kB]
Get:9 http://localhost:9999/debian/ unstable/main libglib2.0-0 amd64 2.40.0-5 [2421 kB]
Get:10 http://localhost:9999/debian/ unstable/main libcroco3 amd64 0.6.8-3 [135 kB]
Get:11 http://localhost:9999/debian/ unstable/main mysql-common all 5.5.39-1 [86.1 kB]
Get:12 http://localhost:9999/debian/ unstable/main libmysqlclient18 amd64 5.5.39-1 [674 kB]
Get:13 http://localhost:9999/debian/ unstable/main libpcrecpp0 amd64 1:8.35-3 [142 kB]
Get:14 http://localhost:9999/debian/ unstable/main libunistring0 amd64 0.9.3-5.2 [283 kB]
Get:15 http://localhost:9999/debian/ unstable/main file amd64 1:5.19-1 [58.0 kB]
Get:16 http://localhost:9999/debian/ unstable/main gettext-base amd64 0.19.2-2 [120 kB]
Get:17 http://localhost:9999/debian/ unstable/main locales all 2.19-10 [3898 kB]
Get:18 http://localhost:9999/debian/ unstable/main gettext amd64 0.19.2-2 [1237 kB]
Get:19 http://localhost:9999/debian/ unstable/main intltool-debian all 0.35.0+20060710.1 [30.8 kB]
Get:20 http://localhost:9999/debian/ unstable/main po-debconf all 1.0.16+nmu3 [220 kB]
Get:21 http://localhost:9999/debian/ unstable/main debhelper all 9.20140817 [814 kB]
Get:22 http://localhost:9999/debian/ unstable/main zlib1g-dev amd64 1:1.2.8.dfsg-2 [205 kB]
Get:23 http://localhost:9999/debian/ unstable/main libmysqlclient-dev amd64 5.5.39-1 [948 kB]
Get:24 http://localhost:9999/debian/ unstable/main libpcre3-dev amd64 1:8.35-3 [468 kB]
Get:25 http://localhost:9999/debian/ unstable/main libssl-dev amd64 1.0.1i-2 [1261 kB]
debconf: delaying package configuration, since apt-utils is not installed
Fetched 17.5 MB in 0s (30.1 MB/s)
Selecting previously unselected package libpipeline1:amd64.
(Reading database ... 15338 files and directories currently installed.)
Preparing to unpack .../libpipeline1_1.3.0-1_amd64.deb ...
Unpacking libpipeline1:amd64 (1.3.0-1) ...
Selecting previously unselected package libssl1.0.0:amd64.
Preparing to unpack .../libssl1.0.0_1.0.1i-2_amd64.deb ...
Unpacking libssl1.0.0:amd64 (1.0.1i-2) ...
Selecting previously unselected package groff-base.
Preparing to unpack .../groff-base_1.22.2-7_amd64.deb ...
Unpacking groff-base (1.22.2-7) ...
Selecting previously unselected package bsdmainutils.
Preparing to unpack .../bsdmainutils_9.0.5_amd64.deb ...
Unpacking bsdmainutils (9.0.5) ...
Selecting previously unselected package man-db.
Preparing to unpack .../man-db_2.6.7.1-1_amd64.deb ...
Unpacking man-db (2.6.7.1-1) ...
Selecting previously unselected package libasprintf0c2:amd64.
Preparing to unpack .../libasprintf0c2_0.19.2-2_amd64.deb ...
Unpacking libasprintf0c2:amd64 (0.19.2-2) ...
Selecting previously unselected package libmagic1:amd64.
Preparing to unpack .../libmagic1_1%3a5.19-1_amd64.deb ...
Unpacking libmagic1:amd64 (1:5.19-1) ...
Selecting previously unselected package libxml2:amd64.
Preparing to unpack .../libxml2_2.9.1+dfsg1-4_amd64.deb ...
Unpacking libxml2:amd64 (2.9.1+dfsg1-4) ...
Selecting previously unselected package libglib2.0-0:amd64.
Preparing to unpack .../libglib2.0-0_2.40.0-5_amd64.deb ...
Unpacking libglib2.0-0:amd64 (2.40.0-5) ...
Selecting previously unselected package libcroco3:amd64.
Preparing to unpack .../libcroco3_0.6.8-3_amd64.deb ...
Unpacking libcroco3:amd64 (0.6.8-3) ...
Selecting previously unselected package mysql-common.
Preparing to unpack .../mysql-common_5.5.39-1_all.deb ...
Unpacking mysql-common (5.5.39-1) ...
Selecting previously unselected package libmysqlclient18:amd64.
Preparing to unpack .../libmysqlclient18_5.5.39-1_amd64.deb ...
Unpacking libmysqlclient18:amd64 (5.5.39-1) ...
Selecting previously unselected package libpcrecpp0:amd64.
Preparing to unpack .../libpcrecpp0_1%3a8.35-3_amd64.deb ...
Unpacking libpcrecpp0:amd64 (1:8.35-3) ...
Selecting previously unselected package libunistring0:amd64.
Preparing to unpack .../libunistring0_0.9.3-5.2_amd64.deb ...
Unpacking libunistring0:amd64 (0.9.3-5.2) ...
Selecting previously unselected package file.
Preparing to unpack .../file_1%3a5.19-1_amd64.deb ...
Unpacking file (1:5.19-1) ...
Selecting previously unselected package gettext-base.
Preparing to unpack .../gettext-base_0.19.2-2_amd64.deb ...
Unpacking gettext-base (0.19.2-2) ...
Selecting previously unselected package locales.
Preparing to unpack .../locales_2.19-10_all.deb ...
Unpacking locales (2.19-10) ...
Selecting previously unselected package gettext.
Preparing to unpack .../gettext_0.19.2-2_amd64.deb ...
Unpacking gettext (0.19.2-2) ...
Selecting previously unselected package intltool-debian.
Preparing to unpack .../intltool-debian_0.35.0+20060710.1_all.deb ...
Unpacking intltool-debian (0.35.0+20060710.1) ...
Selecting previously unselected package po-debconf.
Preparing to unpack .../po-debconf_1.0.16+nmu3_all.deb ...
Unpacking po-debconf (1.0.16+nmu3) ...
Selecting previously unselected package debhelper.
Preparing to unpack .../debhelper_9.20140817_all.deb ...
Unpacking debhelper (9.20140817) ...
Selecting previously unselected package zlib1g-dev:amd64.
Preparing to unpack .../zlib1g-dev_1%3a1.2.8.dfsg-2_amd64.deb ...
Unpacking zlib1g-dev:amd64 (1:1.2.8.dfsg-2) ...
Selecting previously unselected package libmysqlclient-dev.
Preparing to unpack .../libmysqlclient-dev_5.5.39-1_amd64.deb ...
Unpacking libmysqlclient-dev (5.5.39-1) ...
Selecting previously unselected package libpcre3-dev:amd64.
Preparing to unpack .../libpcre3-dev_1%3a8.35-3_amd64.deb ...
Unpacking libpcre3-dev:amd64 (1:8.35-3) ...
Selecting previously unselected package libssl-dev:amd64.
Preparing to unpack .../libssl-dev_1.0.1i-2_amd64.deb ...
Unpacking libssl-dev:amd64 (1.0.1i-2) ...
Selecting previously unselected package sbuild-build-depends-pennmush-dummy.
Preparing to unpack .../sbuild-build-depends-pennmush-dummy.deb ...
Unpacking sbuild-build-depends-pennmush-dummy (0.invalid.0) ...
Setting up libpipeline1:amd64 (1.3.0-1) ...
Setting up libssl1.0.0:amd64 (1.0.1i-2) ...
Setting up groff-base (1.22.2-7) ...
Setting up bsdmainutils (9.0.5) ...
update-alternatives: using /usr/bin/bsd-write to provide /usr/bin/write (write) in auto mode
update-alternatives: using /usr/bin/bsd-from to provide /usr/bin/from (from) in auto mode
Setting up man-db (2.6.7.1-1) ...
Not building database; man-db/auto-update is not 'true'.
Setting up libasprintf0c2:amd64 (0.19.2-2) ...
Setting up libmagic1:amd64 (1:5.19-1) ...
Setting up libxml2:amd64 (2.9.1+dfsg1-4) ...
Setting up libglib2.0-0:amd64 (2.40.0-5) ...
No schema files found: doing nothing.
Setting up libcroco3:amd64 (0.6.8-3) ...
Setting up mysql-common (5.5.39-1) ...
Setting up libmysqlclient18:amd64 (5.5.39-1) ...
Setting up libpcrecpp0:amd64 (1:8.35-3) ...
Setting up libunistring0:amd64 (0.9.3-5.2) ...
Setting up file (1:5.19-1) ...
Setting up gettext-base (0.19.2-2) ...
Setting up locales (2.19-10) ...
Generating locales (this might take a while)...
Generation complete.
Setting up gettext (0.19.2-2) ...
Setting up intltool-debian (0.35.0+20060710.1) ...
Setting up po-debconf (1.0.16+nmu3) ...
Setting up debhelper (9.20140817) ...
Setting up zlib1g-dev:amd64 (1:1.2.8.dfsg-2) ...
Setting up libmysqlclient-dev (5.5.39-1) ...
Setting up libpcre3-dev:amd64 (1:8.35-3) ...
Setting up libssl-dev:amd64 (1.0.1i-2) ...
Setting up sbuild-build-depends-pennmush-dummy (0.invalid.0) ...
Processing triggers for libc-bin (2.19-10) ...

┌──────────────────────────────────────────────────────────────────────────────┐
│ Build environment                                                            │
└──────────────────────────────────────────────────────────────────────────────┘

Kernel: Linux 2.6.32-5-xen-amd64 amd64 (x86_64)
Toolchain package versions: binutils_2.24.51.20140903-1 dpkg-dev_1.17.13 g++-4.6_4.6.4-7 g++-4.9_4.9.1-12 gcc-4.6_4.6.4-7 gcc-4.7_4.7.4-3 gcc-4.9_4.9.1-12 libc6-dev_2.19-10 libstdc++-4.9-dev_4.9.1-12 libstdc++6_4.9.1-12 libstdc++6-4.6-dev_4.6.4-7 linux-libc-dev_3.14.15-2
Package versions: acl_2.2.52-1.1 adduser_3.113+nmu3 apt_1.0.7 base-files_7.5 base-passwd_3.5.35 bash_4.3-9 binutils_2.24.51.20140903-1 bsdmainutils_9.0.5 bsdutils_1:2.20.1-5.8 build-essential_11.7 bzip2_1.0.6-7 clang-3.5_1:3.5-1 coreutils_8.23-2 cpp_4:4.9.1-3 cpp-4.6_4.6.4-7 cpp-4.7_4.7.4-3 cpp-4.9_4.9.1-12 dash_0.5.7-4 dbus_1.8.6-2 debconf_1.5.53 debconf-i18n_1.5.53 debfoster_2.7-2 debhelper_9.20140817 debian-archive-keyring_2014.1 debianutils_4.4 diffutils_1:3.3-1 dmsetup_2:1.02.88-1 dpkg_1.17.13 dpkg-dev_1.17.13 e2fslibs_1.42.12-1 e2fsprogs_1.42.12-1 fakeroot_1.20.1-1.1 file_1:5.19-1 findutils_4.4.2-9 g++_4:4.9.1-3 g++-4.6_4.6.4-7 g++-4.9_4.9.1-12 gcc_4:4.9.1-3 gcc-4.4-base_4.4.7-8 gcc-4.5-base_4.5.4-1 gcc-4.6_4.6.4-7 gcc-4.6-base_4.6.4-7 gcc-4.7_4.7.4-3 gcc-4.7-base_4.7.4-3 gcc-4.8-base_4.8.3-10 gcc-4.9_4.9.1-12 gcc-4.9-base_4.9.1-12 gettext_0.19.2-2 gettext-base_0.19.2-2 gnupg_1.4.18-3 gpgv_1.4.18-3 grep_2.20-2 groff-base_1.22.2-7 gzip_1.6-3 hostname_3.15 init_1.21 initscripts_2.88dsf-53.4 insserv_1.14.0-5 intltool-debian_0.35.0+20060710.1 libacl1_2.2.52-1.1 libalgorithm-c3-perl_0.09-1 libapt-pkg4.12_1.0.7 libarchive-extract-perl_0.72-1 libasan1_4.9.1-12 libasprintf0c2_0.19.2-2 libatomic1_4.9.1-12 libattr1_1:2.4.47-1 libaudit-common_1:2.3.7-1 libaudit1_1:2.3.7-1 libblkid1_2.20.1-5.8 libbsd0_0.7.0-2 libbz2-1.0_1.0.6-7 libc-bin_2.19-10 libc-dev-bin_2.19-10 libc6_2.19-10 libc6-dev_2.19-10 libcap-ng0_0.7.4-2 libcap2_1:2.24-4 libcap2-bin_1:2.24-4 libcgi-fast-perl_1:2.02-1 libcgi-pm-perl_4.03-1 libcilkrts5_4.9.1-12 libclang-common-3.5-dev_1:3.5-1 libclang1-3.5_1:3.5-1 libclass-c3-perl_0.26-1 libclass-c3-xs-perl_0.13-2+b1 libclass-isa-perl_0.36-5 libcloog-isl4_0.18.2-1 libcloog-ppl1_0.16.1-5 libcomerr2_1.42.12-1 libcroco3_0.6.8-3 libcryptsetup4_2:1.6.6-1 libdata-optlist-perl_0.109-1 libdata-section-perl_0.200006-1 libdb5.1_5.1.29-5 libdb5.3_5.3.28-6 libdbus-1-3_1.8.6-2 libdebconfclient0_0.191 libdevmapper1.02.1_2:1.02.88-1 libdpkg-perl_1.17.13 libedit2_3.1-20140620-2 libexpat1_2.1.0-6 libfakeroot_1.20.1-1.1 libfcgi-perl_0.77-1+b1 libffi6_3.1-2 libfile-fcntllock-perl_0.22-1+b1 libgc1c2_1:7.2d-6.3 libgcc-4.7-dev_4.7.4-3 libgcc-4.9-dev_4.9.1-12 libgcc1_1:4.9.1-12 libgcrypt11_1.5.4-3 libgcrypt20_1.6.2-3 libgdbm3_1.8.3-13 libglib2.0-0_2.40.0-5 libgmp10_2:6.0.0+dfsg-6 libgmpxx4ldbl_2:6.0.0+dfsg-6 libgomp1_4.9.1-12 libgpg-error0_1.13-4 libgpm2_1.20.4-6.1 libisl10_0.12.2-2 libitm1_4.9.1-12 libkmod2_18-1 libllvm3.5_1:3.5-1 liblocale-gettext-perl_1.05-8+b1 liblog-message-perl_0.8-1 liblog-message-simple-perl_0.10-2 liblsan0_4.9.1-12 liblzma5_5.1.1alpha+20120614-2 libmagic1_1:5.19-1 libmodule-build-perl_0.420800-1 libmodule-pluggable-perl_5.1-1 libmodule-signature-perl_0.73-1 libmount1_2.20.1-5.8 libmpc2_0.9-4 libmpc3_1.0.2-1 libmpfr4_3.1.2-1 libmro-compat-perl_0.12-1 libmysqlclient-dev_5.5.39-1 libmysqlclient18_5.5.39-1 libncurses5_5.9+20140712-2 libncursesw5_5.9+20140712-2 libobjc-4.9-dev_4.9.1-12 libobjc4_4.9.1-12 libpackage-constants-perl_0.04-1 libpam-cap_1:2.24-4 libpam-modules_1.1.8-3.1 libpam-modules-bin_1.1.8-3.1 libpam-runtime_1.1.8-3.1 libpam-systemd_208-8 libpam0g_1.1.8-3.1 libparams-util-perl_1.07-2+b1 libpcre3_1:8.35-3 libpcre3-dev_1:8.35-3 libpcrecpp0_1:8.35-3 libpipeline1_1.3.0-1 libpod-latex-perl_0.61-1 libpod-readme-perl_0.11-1 libppl-c4_1:1.1-3 libppl13_1:1.1-3 libprocps3_1:3.3.9-7 libquadmath0_4.9.1-12 libreadline6_6.3-8 libregexp-common-perl_2013031301-1 libselinux1_2.3-2 libsemanage-common_2.3-1 libsemanage1_2.3-1 libsepol1_2.3-2 libslang2_2.2.4-17 libsoftware-license-perl_0.103010-1 libss2_1.42.12-1 libssl-dev_1.0.1i-2 libssl1.0.0_1.0.1i-2 libstdc++-4.9-dev_4.9.1-12 libstdc++6_4.9.1-12 libstdc++6-4.6-dev_4.6.4-7 libsub-exporter-perl_0.986-1 libsub-install-perl_0.928-1 libswitch-perl_2.17-1 libsystemd-daemon0_208-8 libsystemd-journal0_208-8 libsystemd-login0_208-8 libterm-ui-perl_0.42-1 libtext-charwidth-perl_0.04-7+b3 libtext-iconv-perl_1.7-5+b2 libtext-soundex-perl_3.4-1+b2 libtext-template-perl_1.46-1 libtext-wrapi18n-perl_0.06-7 libtimedate-perl_2.3000-2 libtinfo5_5.9+20140712-2 libtsan0_4.9.1-12 libubsan0_4.9.1-12 libudev1_208-8 libunistring0_0.9.3-5.2 libusb-0.1-4_2:0.1.12-24 libustr-1.0-1_1.0.4-3 libuuid1_2.20.1-5.8 libwrap0_7.6.q-25 libxml2_2.9.1+dfsg1-4 linux-libc-dev_3.14.15-2 locales_2.19-10 login_1:4.2-2+b1 lsb-base_4.1+Debian13 make_4.0-8 man-db_2.6.7.1-1 mawk_1.3.3-17 mount_2.20.1-5.8 multiarch-support_2.19-10 mysql-common_5.5.39-1 ncurses-base_5.9+20140712-2 ncurses-bin_5.9+20140712-2 passwd_1:4.2-2+b1 patch_2.7.1-6 perl_5.20.0-6 perl-base_5.20.0-6 perl-modules_5.20.0-6 po-debconf_1.0.16+nmu3 procps_1:3.3.9-7 psmisc_22.21-2 readline-common_6.3-8 rename_0.20-3 sbuild-build-depends-core-dummy_0.invalid.0 sbuild-build-depends-pennmush-dummy_0.invalid.0 sed_4.2.2-4 sensible-utils_0.0.9 startpar_0.59-3 sudo_1.8.9p5-1 systemd_208-8 systemd-sysv_208-8 sysv-rc_2.88dsf-53.4 sysvinit_2.88dsf-53.4 sysvinit-utils_2.88dsf-53.4 tar_1.27.1-2 tcpd_7.6.q-25 tzdata_2014g-1 ucf_3.0030 udev_208-8 util-linux_2.20.1-5.8 vim_2:7.4.430-1 vim-common_2:7.4.430-1 vim-runtime_2:7.4.430-1 xz-utils_5.1.1alpha+20120614-2 zlib1g_1:1.2.8.dfsg-2 zlib1g-dev_1:1.2.8.dfsg-2

┌──────────────────────────────────────────────────────────────────────────────┐
│ Build                                                                        │
└──────────────────────────────────────────────────────────────────────────────┘


Unpack source
─────────────

gpgv: keyblock resource `/sbuild-nonexistent/.gnupg/trustedkeys.gpg': file open error
gpgv: Signature made Thu Dec 29 12:58:55 2011 UTC using RSA key ID DD347DC8
gpgv: Can't check signature: public key not found
dpkg-source: warning: failed to verify signature on ./pennmush_1.8.2p8-1.1.dsc
dpkg-source: info: extracting pennmush in pennmush-1.8.2p8
dpkg-source: info: unpacking pennmush_1.8.2p8.orig.tar.gz
dpkg-source: info: applying pennmush_1.8.2p8-1.1.diff.gz
dpkg-source: info: upstream files that have been modified: 
 pennmush-1.8.2p8/config.over
 pennmush-1.8.2p8/options.h
 pennmush-1.8.2p8/src/Makefile.SH

Check disc space
────────────────

Sufficient free space for build

Hack binNMU version
───────────────────

Created changelog entry for binNMU version 1.8.2p8-1.1clang1

User Environment
────────────────

DEB_BUILD_OPTIONS=parallel=10
HOME=/sbuild-nonexistent
LOGNAME=user
PATH=/usr/local/sbin:/usr/local/bin:/usr/sbin:/usr/bin:/sbin:/bin:/usr/games
SCHROOT_ALIAS_NAME=unstable-amd64-sbuild
SCHROOT_CHROOT_NAME=unstable-amd64-sbuild
SCHROOT_COMMAND=env
SCHROOT_GID=1000
SCHROOT_GROUP=user
SCHROOT_SESSION_ID=unstable-amd64-sbuild-16c6381e-feca-435c-80b4-7d8689354ba3
SCHROOT_UID=1000
SCHROOT_USER=user
SHELL=/bin/sh
USER=user

dpkg-buildpackage
─────────────────

dpkg-buildpackage: source package pennmush
dpkg-buildpackage: source version 1.8.2p8-1.1clang1
dpkg-buildpackage: source distribution unstable
 dpkg-source --before-build pennmush-1.8.2p8
dpkg-buildpackage: host architecture amd64
 fakeroot debian/rules clean
dh_testdir
dh_testroot
rm -rf build-pennmush build-pennmush-common build-pennmush-i18n build-pennmush-mysql
rm -f build-stamp* install-stamp
[ ! -f Makefile ] || /usr/bin/make clean
# Clean out autogenerated files to force a rebuild of them.
rm hdrs/buildinf.h hdrs/cmds.h hdrs/funs.h hdrs/patches.h Makefile \
	src/Makefile src/cmdlocal.c src/funlocal.c src/flaglocal.c \
	src/local.c utils/mkcmds.sh game/mush.cnf game/restrict.cnf \
	game/alias.cnf game/names.cnf game/txt/compose.sh \
	game/txt/hlp/index.hlp game/txt/evt/index.evt game/txt/nws/index.nws \
	config.sh config.h .config/README .config/instruct
rm: cannot remove 'hdrs/buildinf.h': No such file or directory
rm: cannot remove 'hdrs/cmds.h': No such file or directory
rm: cannot remove 'hdrs/funs.h': No such file or directory
rm: cannot remove 'hdrs/patches.h': No such file or directory
rm: cannot remove 'Makefile': No such file or directory
rm: cannot remove 'src/Makefile': No such file or directory
rm: cannot remove 'src/cmdlocal.c': No such file or directory
rm: cannot remove 'src/funlocal.c': No such file or directory
rm: cannot remove 'src/flaglocal.c': No such file or directory
rm: cannot remove 'src/local.c': No such file or directory
rm: cannot remove 'utils/mkcmds.sh': No such file or directory
rm: cannot remove 'game/mush.cnf': No such file or directory
rm: cannot remove 'game/restrict.cnf': No such file or directory
rm: cannot remove 'game/alias.cnf': No such file or directory
rm: cannot remove 'game/names.cnf': No such file or directory
rm: cannot remove 'game/txt/compose.sh': No such file or directory
rm: cannot remove 'game/txt/hlp/index.hlp': No such file or directory
rm: cannot remove 'config.sh': No such file or directory
rm: cannot remove 'config.h': No such file or directory
rm: cannot remove '.config/README': No such file or directory
rm: cannot remove '.config/instruct': No such file or directory
make: [clean] Error 1 (ignored)
debian/rules:114: recipe for target 'clean' failed
dh_clean
dpkg-buildpackage: warning: debian/rules must be updated to support the 'build-arch' and 'build-indep' targets (at least 'build-arch' seems to be missing)
 debian/rules build
dh_testdir
mkdir build-pennmush
cp -r src build-pennmush
cp -r hdrs build-pennmush
cp -r utils build-pennmush
cp -r game build-pennmush
cp -r po build-pennmush
cp -r hints build-pennmush
cp options.h options.h.dist confmagic.h config.over config_h.SH \
Configure Patchlevel Makefile.SH build-pennmush
rm build-pennmush/hdrs/pcre.h build-pennmush/src/pcre.c
sed -i 's,#include "pcre.h",#include <pcre.h>,' build-pennmush/src/*.c
sed -i s,../hdrs/pcre.h,, build-pennmush/src/Makefile.SH
sed -i 's, pcre.[co],,' build-pennmush/src/Makefile.SH
(cd build-pennmush && ./Configure -des -D no_mysql && \
rm -f hdrs/switches.h src/switchinc.c && /usr/bin/make update && /usr/bin/make all \
&& mv src/netmud game/netmush)
Locating common programs...
Checking compatibility between /bin/echo and builtin echo (if any)...
Symbolic links are supported.
Good, your tr supports [:lower:] and [:upper:] to convert case.
a-u-x   	darwin       hpux   	 mingw32     solaris_2     win32   
aix   		dec_osf      irix   	 next        sunos_4   
cygwin   	freebsd      irix_6   	 openbsd     ultrix   
darwin-fink   	hpux-gcc     linux_2     os2         win32-gcc   
Which of these apply, if any? [linux_2]  
Operating system name? [linux]  
System manual is in /usr/share/man/man1.
Use which C compiler? [cc]  
Checking for GNU cc in disguise and/or its version number...
Do you expect to run these scripts and binaries on multiple machines? [n]  
Now, how can we feed standard input to your C preprocessor...
Directories to use for library searches? [/usr/local/lib /lib /usr/lib]  
What optimizer/debugger flag should be used? [-g]  
What compiler warning flags should be used? [none]  
Any additional cc flags? [-D__USE_POSIX -I/usr/local/include]  
Let me guess what the preprocessor flags are...
Any additional ld flags (NOT including libraries)? [ -L/usr/local/lib]  
Checking your choice of C compiler and flags for coherency...
What is the file extension used for shared libraries? [so]  
Checking for optional libraries...
Any additional libraries? [none]  
Checking for GNU C Library...
You are using the GNU C Library
Shall I use nm to extract C symbols from the libraries? [n]  
Computing filename position in cpp output for #include directives...
access() found.
<sys/file.h> defines the *_OK access constants.
Your compiler prefers arguments in function pointers in prototypes.
Let's see if I can assert() myself.
Looks like I can.
Checking whether your compiler can handle __attribute__ ...
bcopy() found.
<libintl.h> found.
Otima! You seem to have bindtextdomain for translations.
<unistd.h> found.
setpgrp() found.
You have to use setpgrp() instead of setpgrp(pid,pgrp).
bzero() NOT found.
Checking to see if your C compiler knows about "const"...
crypt() NOT found!
<crypt.h> found.
<floatingpoint.h> NOT found.
no fpsetround(). No problem.
no fpsetmask(). No problem.
gai_strerror() found.
getaddrinfo() found.
Using <string.h> instead of <strings.h>.
getdate() found.
gethostbyname2() found.
getnameinfo() found.
You've got getnameinfo and the netdb constants.
sysctl() found.
sysctlbyname() NOT found.
getpagesize() found.
Computing the granularity of memory management calls...
What is the system page size, in bytes? [4096]  
getpriority() found.
getdtablesize() found.
Voila! You seem to have gettext for translations.
<values.h> found.
<limits.h> found.
Let's try to figure out a really big double.
Great. Your system defines HUGE_VAL.
Let's try to figure out a really big int, too.
Ok, you've got INT_MAX.
Let's see if your math functions handle errors nicely...
Great! They can.
inet_pton() found.
strchr() and index() found.
Does your mailer understand INTERNET addresses? [y]  
<sys/types.h> found.
<sys/socket.h> found.
<netinet/in.h> found.
IPv6 structures found.
setitimer() found.
Hmm... Looks like you have Berkeley networking support.
socketpair() found.
<netinet/tcp.h> found.
OK, let's see if SO_KEEPALIVE works as advertised...
sigaction() found.
Checking to see if signal handlers stick around...
You've got sigaction, so we can force 'em to.
random() found.
lrand48() found.
rand() found.
memcpy() NOT found.
memmove() NOT found.
memset() NOT found.
Skipping mysql tests.
Your compiler accepts new-style function definitions.
<sys/file.h> defines the O_* constants...
and you have the 3 argument form of open().
You have openssl...
...and at least version 0.9.6. Great.
rename() found.
getrlimit() found.
getrusage() found.
select() found.
setlocale() found.
setpgid() found.
setpriority() found.
How should a child signal a parent?
Checking out function prototypes...
I can't determine whether signal handler returns void or int...
What type does your signal handler return? [void]  
Checking to see if we can declare or prototype signal()...
sigprocmask() found.
snprintf() found.
socklen_t works.
strcasecmp() found.
strcoll() found.
strdup() found.
strxfrm() found.
sysconf() found.
Mabuhay! You seem to have textdomain for translations.
timelocal() found.
Checking out your toupper()...
It's safe toupper uppers.
<stdint.h> found.
Let's try to figure out a really big double.
You have uint32_t.
No trace of 'union wait' in <sys/wait.h>...
Your wait() should be happy with a plain 'int' pointer.
tcsetattr() found.
You have POSIX termios.h... good!
<sys/filio.h> NOT found.
<sys/ioctl.h> found.
TIOCNOTTY found in <sys/ioctl.h>.
Using ioctl() call on /dev/tty to void tty association.
Checking to see if your C compiler knows about "volatile"...
vsnprintf() found.
waitpid() found.
Your compiler doesn't grok __cdecl - it probably has a brain.
Checking to see how well your C compiler groks the void type...
  Support flag bits are:
    1: basic void declarations.
    2: arrays of pointers to functions returning void.
    4: operations between pointers to and addresses of void functions.
    8: generic void pointers.
<malloc.h> found.
<stdlib.h> found.
Your system wants malloc to return 'void *', it would seem.
Your system uses void free(), it would seem.
Looking for a BSD-compatible install program...
Which install program shall I use? (~name ok) [/usr/bin/install]  
Ok, let's see how we can create nested directories...
Checking if your /usr/bin/make program sets $(MAKE)...
Figuring out host name...
Your host name appears to be "ip-172-31-6-121". Right? [y]  
What is your domain name? [.us-west-2.compute.internal]  
What type are process ids on this system declared as? [pid_t]  
What type is used for the length parameter for string functions? [size_t]  
<arpa/inet.h> found.
<arpa/nameser.h> found.
<errno.h> found.
<sys/errno.h> found.
<sys/file.h> found.
We'll be including <sys/file.h>.
<fcntl.h> found.
We don't need to include <fcntl.h> if we include <sys/file.h>.
<locale.h> found.
<memory.h> found.
<netdb.h> found.
<setjmp.h> found.
<stdarg.h> found.
<varargs.h> found.
We'll include <stdarg.h> to get va_dcl definition.
<stddef.h> found.
<sys/mman.h> found.
<sys/page.h> NOT found.
<sys/param.h> found.
<sys/resource.h> found.
<sys/select.h> found.
<sys/stat.h> found.
Testing to see if we should include <time.h>, <sys/time.h> or both.
We'll include <time.h>.
We'll include <sys/time.h>.
<sys/vlimit.h> found.
<sys/wait.h> found.
Mail transport agent to be used? [mail]  
File mail doesn't exist.  Use that name anyway? [y]  
Berkeley/V7 format for full name in /etc/passwd? [y]  
What is your e-mail address?
[user@ip-172-31-6-121.us-west-2.compute.internal]  
Subscribe to or unsubscribe from the pennmush mailing list? [neither]  
I see a config.over file.  Do you wish to load it? [y]  
Creating config.sh...
Doing variable substitutions on .SH files...
(Looking for .SH files under the source directory.)
Extracting Makefile (with variable substitutions)
Extracting config.h (with variable substitutions)
Extracting compose.sh (with variable substitutions)
Extracting mkcmds.sh (with variable substitutions)
Extracting Makefile (with variable substitutions)
 
Now you must run a make.
make[1]: Entering directory '/«PKGBUILDDIR»/build-pennmush'
*** Backing up options.h to options.h.bak...
*** Reading your settings from options.h...
*** Updating options.h from options.h.dist...

*** Checking for leftover defines from options.h...

Summary of changes:
New options from options.h.dist: 
Old options retained: 
Old options deleted: 
If this is wrong, you can recover options.h from options.h.bak.
Done!
*** Creating game/mush.cnf from game/mushcnf.dst...
*** Creating game/alias.cnf from game/aliascnf.dst...
*** Creating game/restrict.cnf from game/restrictcnf.dst...
make[1]: Leaving directory '/«PKGBUILDDIR»/build-pennmush'
make[1]: Entering directory '/«PKGBUILDDIR»/build-pennmush'
(cd utils; sh mkcmds.sh commands)
Rebuilding command prototype file
..................................................................................................................................................
(cd utils; sh mkcmds.sh functions)
Rebuilding function prototype file
...........................................................................................................................................................................................................................................................................................................................................................................
(cd utils; sh mkcmds.sh switches)
Rebuilding command switch file
.......................................................................................................................................................
Making all in src.
(cd src; make all "CC=gcc" "CCFLAGS=-g -O2 -I.. -I../hdrs -D__USE_POSIX -I/usr/local/include  " \
"LDFLAGS=-L/usr/local/lib" "CLIBS=-lssl -lcrypto " "MAKE=/usr/bin/make" \
"MAKEFLAGS=w")
make[2]: Entering directory '/«PKGBUILDDIR»/build-pennmush/src'
rm -f ../hdrs/buildinf.h
gcc -g -O2 -I.. -I../hdrs -D__USE_POSIX -I/usr/local/include       -c -o access.o access.c
In file included from access.c:75:
In file included from ../hdrs/conf.h:12:
../options.h:113:19: warning: '/*' within block comment [-Wcomment]
/* #define MAILER /* */
                  ^
In file included from access.c:76:
../hdrs/externs.h:184:23: warning: '/*' within block comment [-Wcomment]
/* #define COMP_STATS /* */
                      ^
2 warnings generated.
gcc -g -O2 -I.. -I../hdrs -D__USE_POSIX -I/usr/local/include       -c -o atr_tab.o atr_tab.c
In file included from atr_tab.c:14:
In file included from ../hdrs/conf.h:12:
../options.h:113:19: warning: '/*' within block comment [-Wcomment]
/* #define MAILER /* */
                  ^
In file included from atr_tab.c:15:
../hdrs/externs.h:184:23: warning: '/*' within block comment [-Wcomment]
/* #define COMP_STATS /* */
                      ^
atr_tab.c:217:19: error: operand of type 'void' where arithmetic or pointer type is required
    AL_NAME(ap) = strdup(name);
                  ^~~~~~~~~~~~
/usr/include/x86_64-linux-gnu/bits/string2.h:1291:22: note: expanded from macro 'strdup'
#   define strdup(s) __strdup (s)
                     ^~~~~~~~~~~~
/usr/include/x86_64-linux-gnu/bits/string2.h:1286:28: note: expanded from macro '__strdup'
                            __retval = (char *) memcpy (__retval, s, __len);  \
                                                ^~~~~~~~~~~~~~~~~~~~~~~~~~~
../confmagic.h:59:23: note: expanded from macro 'memcpy'
#define memcpy(d,s,l) bcopy((s),(d),(l))
                      ^~~~~~~~~~~~~~~~~~
atr_tab.c:320:17: error: operand of type 'void' where arithmetic or pointer type is required
  AL_NAME(ap) = strdup(newname);
                ^~~~~~~~~~~~~~~
/usr/include/x86_64-linux-gnu/bits/string2.h:1291:22: note: expanded from macro 'strdup'
#   define strdup(s) __strdup (s)
                     ^~~~~~~~~~~~
/usr/include/x86_64-linux-gnu/bits/string2.h:1286:28: note: expanded from macro '__strdup'
                            __retval = (char *) memcpy (__retval, s, __len);  \
                                                ^~~~~~~~~~~~~~~~~~~~~~~~~~~
../confmagic.h:59:23: note: expanded from macro 'memcpy'
#define memcpy(d,s,l) bcopy((s),(d),(l))
                      ^~~~~~~~~~~~~~~~~~
2 warnings and 2 errors generated.
make[2]: *** [atr_tab.o] Error 1
<builtin>: recipe for target 'atr_tab.o' failed
make[2]: Leaving directory '/«PKGBUILDDIR»/build-pennmush/src'
make[1]: *** [all] Error 2
Makefile:32: recipe for target 'all' failed
make[1]: Leaving directory '/«PKGBUILDDIR»/build-pennmush'
make: *** [build-pennmush] Error 2
debian/rules:43: recipe for target 'build-pennmush' failed
dpkg-buildpackage: error: debian/rules build gave error exit status 2
────────────────────────────────────────────────────────────────────────────────
Build finished at 20140904-1804

Finished
────────

E: Build failure (dpkg-buildpackage died)

┌──────────────────────────────────────────────────────────────────────────────┐
│ Cleanup                                                                      │
└──────────────────────────────────────────────────────────────────────────────┘

Purging /«BUILDDIR»
Not cleaning session: cloned chroot in use

┌──────────────────────────────────────────────────────────────────────────────┐
│ Summary                                                                      │
└──────────────────────────────────────────────────────────────────────────────┘

Build Architecture: amd64
Build-Space: 16312
Build-Time: 17
Distribution: unstable
Fail-Stage: build
Host Architecture: amd64
Install-Time: 13
Job: pennmush_1.8.2p8-1.1
Machine Architecture: amd64
Package: pennmush
Package-Time: 63
Source-Version: 1.8.2p8-1.1
Space: 16312
Status: attempted
Version: 1.8.2p8-1.1clang1
────────────────────────────────────────────────────────────────────────────────
Finished at 20140904-1804
Build needed 00:01:03, 16312k disc space
DC-Status: Failed 64.270150993s
DC-Time-Estimation: 64.270150993 versus expected 580 (r/m: 8.024406992029174 ; m: 64.270150993)
