DC-Build-Header: snack 2.2.10.20090623-dfsg-4 / 2014-09-04 19:04:09 +0000
DC-Task: source:snack version:2.2.10.20090623-dfsg-4 architecture:any chroot:unstable esttime:294 logfile:/tmp/snack_2.2.10.20090623-dfsg-4_unstable_clang.log modes:binary-only:parallel:clang
DC-Sbuild-call: su user -c 'sbuild -n --apt-update -d unstable -v  --chroot-setup-commands=/tmp/switch-to-clang --append-to-version "clang1" --maintainer "Lucas Nussbaum <lucas@debian.org>" --uploader "Lucas Nussbaum <lucas@debian.org>" snack_2.2.10.20090623-dfsg-4'
sbuild (Debian sbuild) 0.63.2 (18 Aug 2012) on ip-172-31-1-98.us-west-2.compute.internal

╔══════════════════════════════════════════════════════════════════════════════╗
║ snack 2.2.10.20090623-dfsg-4clang1 (amd64)                 04 Sep 2014 19:04 ║
╚══════════════════════════════════════════════════════════════════════════════╝

Package: snack
Version: 2.2.10.20090623-dfsg-4clang1
Source Version: 2.2.10.20090623-dfsg-4
Distribution: unstable
Machine Architecture: amd64
Host Architecture: amd64
Build Architecture: amd64

I: NOTICE: Log filtering will replace 'build/snack-0jpjG3/snack-2.2.10.20090623-dfsg' with '«PKGBUILDDIR»'
I: NOTICE: Log filtering will replace 'build/snack-0jpjG3' with '«BUILDDIR»'
I: NOTICE: Log filtering will replace 'var/lib/schroot/mount/unstable-amd64-sbuild-bff22aed-a385-4f79-a850-1817a2157b91' with '«CHROOT»'

┌──────────────────────────────────────────────────────────────────────────────┐
│ Update chroot                                                                │
└──────────────────────────────────────────────────────────────────────────────┘

Get:1 http://localhost:9999 unstable InRelease [233 kB]
Ign http://localhost:9999 unstable/main Sources/DiffIndex
Get:2 http://localhost:9999 unstable/main amd64 Packages/DiffIndex [7876 B]
Get:3 http://localhost:9999 unstable/main Translation-en/DiffIndex [7876 B]
Get:4 http://localhost:9999 unstable/main amd64 2014-09-03-1436.55.pdiff [26.7 kB]
Get:5 http://localhost:9999 unstable/main amd64 2014-09-03-2030.01.pdiff [12.4 kB]
Get:6 http://localhost:9999 unstable/main amd64 2014-09-04-0229.22.pdiff [5892 B]
Get:7 http://localhost:9999 unstable/main amd64 2014-09-04-0831.05.pdiff [18.1 kB]
Get:8 http://localhost:9999 unstable/main amd64 2014-09-04-0831.05.pdiff [18.1 kB]
Get:9 http://localhost:9999 unstable/main 2014-09-03-1436.55.pdiff [3960 B]
Get:10 http://localhost:9999 unstable/main 2014-09-03-2030.01.pdiff [1010 B]
Get:11 http://localhost:9999 unstable/main 2014-09-04-0229.22.pdiff [648 B]
Get:12 http://localhost:9999 unstable/main 2014-09-04-0831.05.pdiff [61 B]
Err http://localhost:9999 unstable/main Sources
  
Err http://localhost:9999 unstable/main Sources
  
Get:13 http://localhost:9999 unstable/main Sources [9681 kB]
Get:14 http://localhost:9999 unstable/main 2014-09-04-0831.05.pdiff [61 B]
Fetched 9998 kB in 3s (2792 kB/s)
Reading package lists...
Reading package lists...
Building dependency tree...
Reading state information...
The following packages will be upgraded:
  binutils
1 upgraded, 0 newly installed, 0 to remove and 0 not upgraded.
Need to get 3310 kB of archives.
After this operation, 50.2 kB of additional disk space will be used.
Get:1 http://localhost:9999/debian/ unstable/main binutils amd64 2.24.51.20140903-1 [3310 kB]
debconf: delaying package configuration, since apt-utils is not installed
Fetched 3310 kB in 0s (31.7 MB/s)
(Reading database ... 15135 files and directories currently installed.)
Preparing to unpack .../binutils_2.24.51.20140903-1_amd64.deb ...
Unpacking binutils (2.24.51.20140903-1) over (2.24.51.20140818-1) ...
Setting up binutils (2.24.51.20140903-1) ...
Processing triggers for libc-bin (2.19-10) ...

┌──────────────────────────────────────────────────────────────────────────────┐
│ Fetch source files                                                           │
└──────────────────────────────────────────────────────────────────────────────┘


Check APT
─────────

Checking available source versions...

Download source files with APT
──────────────────────────────

Reading package lists...
Building dependency tree...
Reading state information...
Need to get 423 kB of source archives.
Get:1 http://localhost:9999/debian/ unstable/main snack 2.2.10.20090623-dfsg-4 (dsc) [1540 B]
Get:2 http://localhost:9999/debian/ unstable/main snack 2.2.10.20090623-dfsg-4 (tar) [407 kB]
Get:3 http://localhost:9999/debian/ unstable/main snack 2.2.10.20090623-dfsg-4 (diff) [15.0 kB]
Fetched 423 kB in 1s (279 kB/s)
Download complete and in download only mode

Check arch
──────────


┌──────────────────────────────────────────────────────────────────────────────┐
│ Chroot Setup Commands                                                        │
└──────────────────────────────────────────────────────────────────────────────┘


/tmp/switch-to-clang
────────────────────

+ echo 'Entering customization script...'
Entering customization script...
+ CLANG_VERSION=3.5
+ echo 'Install of clang-3.5'
Install of clang-3.5
+ apt-get update
Hit http://localhost:9999 unstable InRelease
Ign http://localhost:9999 unstable/main Sources/DiffIndex
Get:1 http://localhost:9999 unstable/main amd64 Packages/DiffIndex [7876 B]
Get:2 http://localhost:9999 unstable/main Translation-en/DiffIndex [7876 B]
Err http://localhost:9999 unstable/main Sources
  
Err http://localhost:9999 unstable/main Sources
  
Err http://localhost:9999 unstable/main Sources
  
Hit http://localhost:9999 unstable/main Sources
Fetched 15.8 kB in 1s (9771 B/s)
Reading package lists...
+ apt-get install --yes --no-install-recommends --force-yes clang-3.5
Reading package lists...
Building dependency tree...
Reading state information...
The following extra packages will be installed:
  libbsd0 libclang-common-3.5-dev libclang1-3.5 libedit2 libffi6 libllvm3.5
  libobjc-4.9-dev libobjc4
Suggested packages:
  gnustep gnustep-devel clang-3.5-doc
Recommended packages:
  llvm-3.5-dev python
The following NEW packages will be installed:
  clang-3.5 libbsd0 libclang-common-3.5-dev libclang1-3.5 libedit2 libffi6
  libllvm3.5 libobjc-4.9-dev libobjc4
0 upgraded, 9 newly installed, 0 to remove and 0 not upgraded.
Need to get 33.3 MB of archives.
After this operation, 132 MB of additional disk space will be used.
Get:1 http://localhost:9999/debian/ unstable/main libbsd0 amd64 0.7.0-2 [67.9 kB]
Get:2 http://localhost:9999/debian/ unstable/main libedit2 amd64 3.1-20140620-2 [85.1 kB]
Get:3 http://localhost:9999/debian/ unstable/main libffi6 amd64 3.1-2 [19.8 kB]
Get:4 http://localhost:9999/debian/ unstable/main libllvm3.5 amd64 1:3.5-1 [7609 kB]
Get:5 http://localhost:9999/debian/ unstable/main libobjc4 amd64 4.9.1-12 [112 kB]
Get:6 http://localhost:9999/debian/ unstable/main libobjc-4.9-dev amd64 4.9.1-12 [372 kB]
Get:7 http://localhost:9999/debian/ unstable/main libclang1-3.5 amd64 1:3.5-1 [3628 kB]
Get:8 http://localhost:9999/debian/ unstable/main libclang-common-3.5-dev amd64 1:3.5-1 [677 kB]
Get:9 http://localhost:9999/debian/ unstable/main clang-3.5 amd64 1:3.5-1 [20.7 MB]
debconf: delaying package configuration, since apt-utils is not installed
Fetched 33.3 MB in 1s (32.8 MB/s)
Selecting previously unselected package libbsd0:amd64.
(Reading database ... 15135 files and directories currently installed.)
Preparing to unpack .../libbsd0_0.7.0-2_amd64.deb ...
Unpacking libbsd0:amd64 (0.7.0-2) ...
Selecting previously unselected package libedit2:amd64.
Preparing to unpack .../libedit2_3.1-20140620-2_amd64.deb ...
Unpacking libedit2:amd64 (3.1-20140620-2) ...
Selecting previously unselected package libffi6:amd64.
Preparing to unpack .../libffi6_3.1-2_amd64.deb ...
Unpacking libffi6:amd64 (3.1-2) ...
Selecting previously unselected package libllvm3.5:amd64.
Preparing to unpack .../libllvm3.5_1%3a3.5-1_amd64.deb ...
Unpacking libllvm3.5:amd64 (1:3.5-1) ...
Selecting previously unselected package libobjc4:amd64.
Preparing to unpack .../libobjc4_4.9.1-12_amd64.deb ...
Unpacking libobjc4:amd64 (4.9.1-12) ...
Selecting previously unselected package libobjc-4.9-dev:amd64.
Preparing to unpack .../libobjc-4.9-dev_4.9.1-12_amd64.deb ...
Unpacking libobjc-4.9-dev:amd64 (4.9.1-12) ...
Selecting previously unselected package libclang1-3.5:amd64.
Preparing to unpack .../libclang1-3.5_1%3a3.5-1_amd64.deb ...
Unpacking libclang1-3.5:amd64 (1:3.5-1) ...
Selecting previously unselected package libclang-common-3.5-dev.
Preparing to unpack .../libclang-common-3.5-dev_1%3a3.5-1_amd64.deb ...
Unpacking libclang-common-3.5-dev (1:3.5-1) ...
Selecting previously unselected package clang-3.5.
Preparing to unpack .../clang-3.5_1%3a3.5-1_amd64.deb ...
Unpacking clang-3.5 (1:3.5-1) ...
Setting up libbsd0:amd64 (0.7.0-2) ...
Setting up libedit2:amd64 (3.1-20140620-2) ...
Setting up libffi6:amd64 (3.1-2) ...
Setting up libllvm3.5:amd64 (1:3.5-1) ...
Setting up libobjc4:amd64 (4.9.1-12) ...
Setting up libobjc-4.9-dev:amd64 (4.9.1-12) ...
Setting up libclang1-3.5:amd64 (1:3.5-1) ...
Setting up libclang-common-3.5-dev (1:3.5-1) ...
Setting up clang-3.5 (1:3.5-1) ...
Processing triggers for libc-bin (2.19-10) ...
+ echo 'Replace gcc, g++ & cpp by clang'
Replace gcc, g++ & cpp by clang
+ VERSIONS='4.6 4.7 4.8 4.9'
+ cd /usr/bin
+ for VERSION in '$VERSIONS'
+ rm -f g++-4.6 gcc-4.6 cpp-4.6 gcc
+ ln -s clang++-3.5 g++-4.6
+ ln -s clang-3.5 gcc-4.6
+ ln -s clang-3.5 cpp-4.6
+ ln -s clang-3.5 gcc
+ echo 'gcc-4.6 hold'
+ dpkg --set-selections
+ echo 'g++-4.6 hold'
+ dpkg --set-selections
+ for VERSION in '$VERSIONS'
+ rm -f g++-4.7 gcc-4.7 cpp-4.7 gcc
+ ln -s clang++-3.5 g++-4.7
+ ln -s clang-3.5 gcc-4.7
+ ln -s clang-3.5 cpp-4.7
+ ln -s clang-3.5 gcc
+ echo 'gcc-4.7 hold'
+ dpkg --set-selections
+ echo 'g++-4.7 hold'
+ dpkg --set-selections
+ for VERSION in '$VERSIONS'
+ rm -f g++-4.8 gcc-4.8 cpp-4.8 gcc
+ ln -s clang++-3.5 g++-4.8
+ ln -s clang-3.5 gcc-4.8
+ ln -s clang-3.5 cpp-4.8
+ ln -s clang-3.5 gcc
+ echo 'gcc-4.8 hold'
+ dpkg --set-selections
dpkg: warning: package not in database at line 1: gcc-4.8
dpkg: warning: found unknown packages; this might mean the available database
is outdated, and needs to be updated through a frontend method
+ echo 'g++-4.8 hold'
+ dpkg --set-selections
dpkg: warning: package not in database at line 1: g++-4.8
dpkg: warning: found unknown packages; this might mean the available database
is outdated, and needs to be updated through a frontend method
+ for VERSION in '$VERSIONS'
+ rm -f g++-4.9 gcc-4.9 cpp-4.9 gcc
+ ln -s clang++-3.5 g++-4.9
+ ln -s clang-3.5 gcc-4.9
+ ln -s clang-3.5 cpp-4.9
+ ln -s clang-3.5 gcc
+ echo 'gcc-4.9 hold'
+ dpkg --set-selections
+ echo 'g++-4.9 hold'
+ dpkg --set-selections
+ cd -
/«BUILDDIR»
+ echo 'Check if gcc, g++ & cpp are actually clang'
Check if gcc, g++ & cpp are actually clang
+ gcc --version
+ grep clang
+ cpp --version
+ grep clang
+ g++ --version
+ grep clang

I: Finished running '/tmp/switch-to-clang'.

Finished processing commands.
────────────────────────────────────────────────────────────────────────────────
Merged Build-Depends: build-essential, fakeroot
Filtered Build-Depends: build-essential, fakeroot
dpkg-deb: building package `sbuild-build-depends-core-dummy' in `/«BUILDDIR»/resolver-ApAWjJ/apt_archive/sbuild-build-depends-core-dummy.deb'.
OK
Reading package lists...

┌──────────────────────────────────────────────────────────────────────────────┐
│ Install core build dependencies (apt-based resolver)                         │
└──────────────────────────────────────────────────────────────────────────────┘

Installing build dependencies
Reading package lists...
Building dependency tree...
Reading state information...
The following NEW packages will be installed:
  sbuild-build-depends-core-dummy
debconf: delaying package configuration, since apt-utils is not installed
0 upgraded, 1 newly installed, 0 to remove and 0 not upgraded.
Need to get 0 B/820 B of archives.
After this operation, 0 B of additional disk space will be used.
Selecting previously unselected package sbuild-build-depends-core-dummy.
(Reading database ... 15338 files and directories currently installed.)
Preparing to unpack .../sbuild-build-depends-core-dummy.deb ...
Unpacking sbuild-build-depends-core-dummy (0.invalid.0) ...
Setting up sbuild-build-depends-core-dummy (0.invalid.0) ...
Merged Build-Depends: base-files, base-passwd, bash, bsdutils, coreutils, dash, debianutils, diffutils, dpkg, e2fsprogs, findutils, grep, gzip, hostname, init, libc-bin, login, mount, ncurses-base, ncurses-bin, perl-base, sed, sysvinit-utils, tar, util-linux, libc6-dev | libc-dev, gcc (>= 4:4.9.1), g++ (>= 4:4.9.1), make, dpkg-dev (>= 1.17.11), tk-dev (>= 8.5), debhelper (>= 8.0.0), libmpg123-dev, libogg-dev, libvorbis-dev, libasound2-dev
Filtered Build-Depends: base-files, base-passwd, bash, bsdutils, coreutils, dash, debianutils, diffutils, dpkg, e2fsprogs, findutils, grep, gzip, hostname, init, libc-bin, login, mount, ncurses-base, ncurses-bin, perl-base, sed, sysvinit-utils, tar, util-linux, libc6-dev, gcc (>= 4:4.9.1), g++ (>= 4:4.9.1), make, dpkg-dev (>= 1.17.11), tk-dev (>= 8.5), debhelper (>= 8.0.0), libmpg123-dev, libogg-dev, libvorbis-dev, libasound2-dev
dpkg-deb: building package `sbuild-build-depends-snack-dummy' in `/«BUILDDIR»/resolver-VBmKIU/apt_archive/sbuild-build-depends-snack-dummy.deb'.
OK
Reading package lists...

┌──────────────────────────────────────────────────────────────────────────────┐
│ Install snack build dependencies (apt-based resolver)                        │
└──────────────────────────────────────────────────────────────────────────────┘

Installing build dependencies
Reading package lists...
Building dependency tree...
Reading state information...
The following extra packages will be installed:
  bsdmainutils debhelper file fontconfig-config fonts-dejavu-core gettext
  gettext-base groff-base intltool-debian libasound2 libasound2-data
  libasound2-dev libasprintf0c2 libcroco3 libexpat1-dev libfontconfig1
  libfontconfig1-dev libfreetype6 libfreetype6-dev libglib2.0-0 libice-dev
  libice6 libmagic1 libmpg123-0 libmpg123-dev libogg-dev libogg0 libpipeline1
  libpng12-0 libpng12-dev libpthread-stubs0-dev libsm-dev libsm6 libtcl8.6
  libtk8.6 libunistring0 libvorbis-dev libvorbis0a libvorbisenc2
  libvorbisfile3 libx11-6 libx11-data libx11-dev libxau-dev libxau6 libxcb1
  libxcb1-dev libxdmcp-dev libxdmcp6 libxext-dev libxext6 libxft-dev libxft2
  libxml2 libxrender-dev libxrender1 libxss-dev libxss1 libxt-dev libxt6
  man-db pkg-config po-debconf tcl tcl-dev tcl8.6 tcl8.6-dev tk tk-dev tk8.6
  tk8.6-dev x11-common x11proto-core-dev x11proto-input-dev x11proto-kb-dev
  x11proto-render-dev x11proto-scrnsaver-dev x11proto-xext-dev
  xorg-sgml-doctools xtrans-dev zlib1g-dev
Suggested packages:
  wamerican wordlist whois vacation dh-make gettext-doc groff
  libasound2-plugins alsa-utils libasound2-doc libice-doc libsm-doc libxcb-doc
  libxext-doc libxt-doc less www-browser libmail-box-perl tcl-doc
  tcl-tclreadline tcl8.6-doc tk-doc tk8.6-doc
Recommended packages:
  curl wget lynx-cur autopoint libasprintf-dev libgettextpo-dev
  libglib2.0-data shared-mime-info libx11-doc xml-core libmail-sendmail-perl
  xterm x-terminal-emulator
The following NEW packages will be installed:
  bsdmainutils debhelper file fontconfig-config fonts-dejavu-core gettext
  gettext-base groff-base intltool-debian libasound2 libasound2-data
  libasound2-dev libasprintf0c2 libcroco3 libexpat1-dev libfontconfig1
  libfontconfig1-dev libfreetype6 libfreetype6-dev libglib2.0-0 libice-dev
  libice6 libmagic1 libmpg123-0 libmpg123-dev libogg-dev libogg0 libpipeline1
  libpng12-0 libpng12-dev libpthread-stubs0-dev libsm-dev libsm6 libtcl8.6
  libtk8.6 libunistring0 libvorbis-dev libvorbis0a libvorbisenc2
  libvorbisfile3 libx11-6 libx11-data libx11-dev libxau-dev libxau6 libxcb1
  libxcb1-dev libxdmcp-dev libxdmcp6 libxext-dev libxext6 libxft-dev libxft2
  libxml2 libxrender-dev libxrender1 libxss-dev libxss1 libxt-dev libxt6
  man-db pkg-config po-debconf sbuild-build-depends-snack-dummy tcl tcl-dev
  tcl8.6 tcl8.6-dev tk tk-dev tk8.6 tk8.6-dev x11-common x11proto-core-dev
  x11proto-input-dev x11proto-kb-dev x11proto-render-dev
  x11proto-scrnsaver-dev x11proto-xext-dev xorg-sgml-doctools xtrans-dev
  zlib1g-dev
0 upgraded, 82 newly installed, 0 to remove and 0 not upgraded.
Need to get 23.3 MB/23.3 MB of archives.
After this operation, 80.8 MB of additional disk space will be used.
Get:1 http://localhost:9999/debian/ unstable/main libpipeline1 amd64 1.3.0-1 [25.8 kB]
Get:2 http://localhost:9999/debian/ unstable/main groff-base amd64 1.22.2-7 [1142 kB]
Get:3 http://localhost:9999/debian/ unstable/main bsdmainutils amd64 9.0.5 [211 kB]
Get:4 http://localhost:9999/debian/ unstable/main man-db amd64 2.6.7.1-1 [990 kB]
Get:5 http://localhost:9999/debian/ unstable/main libasprintf0c2 amd64 0.19.2-2 [30.8 kB]
Get:6 http://localhost:9999/debian/ unstable/main libmagic1 amd64 1:5.19-1 [237 kB]
Get:7 http://localhost:9999/debian/ unstable/main libxml2 amd64 2.9.1+dfsg1-4 [797 kB]
Get:8 http://localhost:9999/debian/ unstable/main libasound2-data all 1.0.28-1 [64.8 kB]
Get:9 http://localhost:9999/debian/ unstable/main libasound2 amd64 1.0.28-1 [374 kB]
Get:10 http://localhost:9999/debian/ unstable/main libglib2.0-0 amd64 2.40.0-5 [2421 kB]
Get:11 http://localhost:9999/debian/ unstable/main libcroco3 amd64 0.6.8-3 [135 kB]
Get:12 http://localhost:9999/debian/ unstable/main libpng12-0 amd64 1.2.50-2 [172 kB]
Get:13 http://localhost:9999/debian/ unstable/main libfreetype6 amd64 2.5.2-1.1 [456 kB]
Get:14 http://localhost:9999/debian/ unstable/main fonts-dejavu-core all 2.34-1 [1047 kB]
Get:15 http://localhost:9999/debian/ unstable/main fontconfig-config all 2.11.0-6.1 [275 kB]
Get:16 http://localhost:9999/debian/ unstable/main libfontconfig1 amd64 2.11.0-6.1 [328 kB]
Get:17 http://localhost:9999/debian/ unstable/main x11-common all 1:7.7+7 [287 kB]
Get:18 http://localhost:9999/debian/ unstable/main libice6 amd64 2:1.0.9-1 [58.1 kB]
Get:19 http://localhost:9999/debian/ unstable/main libmpg123-0 amd64 1.20.1-2 [133 kB]
Get:20 http://localhost:9999/debian/ unstable/main libogg0 amd64 1.3.2-1 [19.9 kB]
Get:21 http://localhost:9999/debian/ unstable/main libsm6 amd64 2:1.2.2-1 [33.1 kB]
Get:22 http://localhost:9999/debian/ unstable/main libtcl8.6 amd64 8.6.2+dfsg-1 [979 kB]
Get:23 http://localhost:9999/debian/ unstable/main libxau6 amd64 1:1.0.8-1 [20.7 kB]
Get:24 http://localhost:9999/debian/ unstable/main libxdmcp6 amd64 1:1.1.1-1 [26.3 kB]
Get:25 http://localhost:9999/debian/ unstable/main libxcb1 amd64 1.10-3 [42.6 kB]
Get:26 http://localhost:9999/debian/ unstable/main libx11-data all 2:1.6.2-3 [126 kB]
Get:27 http://localhost:9999/debian/ unstable/main libx11-6 amd64 2:1.6.2-3 [729 kB]
Get:28 http://localhost:9999/debian/ unstable/main libxext6 amd64 2:1.3.2-1 [56.5 kB]
Get:29 http://localhost:9999/debian/ unstable/main libxrender1 amd64 1:0.9.8-1 [33.5 kB]
Get:30 http://localhost:9999/debian/ unstable/main libxft2 amd64 2.3.2-1 [55.4 kB]
Get:31 http://localhost:9999/debian/ unstable/main libxss1 amd64 1:1.2.2-1 [17.5 kB]
Get:32 http://localhost:9999/debian/ unstable/main libtk8.6 amd64 8.6.2-1 [771 kB]
Get:33 http://localhost:9999/debian/ unstable/main libunistring0 amd64 0.9.3-5.2 [283 kB]
Get:34 http://localhost:9999/debian/ unstable/main libvorbis0a amd64 1.3.2-1.4 [92.4 kB]
Get:35 http://localhost:9999/debian/ unstable/main libvorbisenc2 amd64 1.3.2-1.4 [91.2 kB]
Get:36 http://localhost:9999/debian/ unstable/main libvorbisfile3 amd64 1.3.2-1.4 [22.5 kB]
Get:37 http://localhost:9999/debian/ unstable/main libxt6 amd64 1:1.1.4-1 [180 kB]
Get:38 http://localhost:9999/debian/ unstable/main file amd64 1:5.19-1 [58.0 kB]
Get:39 http://localhost:9999/debian/ unstable/main gettext-base amd64 0.19.2-2 [120 kB]
Get:40 http://localhost:9999/debian/ unstable/main gettext amd64 0.19.2-2 [1237 kB]
Get:41 http://localhost:9999/debian/ unstable/main intltool-debian all 0.35.0+20060710.1 [30.8 kB]
Get:42 http://localhost:9999/debian/ unstable/main po-debconf all 1.0.16+nmu3 [220 kB]
Get:43 http://localhost:9999/debian/ unstable/main debhelper all 9.20140817 [814 kB]
Get:44 http://localhost:9999/debian/ unstable/main libasound2-dev amd64 1.0.28-1 [95.3 kB]
Get:45 http://localhost:9999/debian/ unstable/main libexpat1-dev amd64 2.1.0-6 [126 kB]
Get:46 http://localhost:9999/debian/ unstable/main zlib1g-dev amd64 1:1.2.8.dfsg-2 [205 kB]
Get:47 http://localhost:9999/debian/ unstable/main libpng12-dev amd64 1.2.50-2 [247 kB]
Get:48 http://localhost:9999/debian/ unstable/main libfreetype6-dev amd64 2.5.2-1.1 [630 kB]
Get:49 http://localhost:9999/debian/ unstable/main pkg-config amd64 0.28-1 [57.5 kB]
Get:50 http://localhost:9999/debian/ unstable/main libfontconfig1-dev amd64 2.11.0-6.1 [894 kB]
Get:51 http://localhost:9999/debian/ unstable/main xorg-sgml-doctools all 1:1.11-1 [21.9 kB]
Get:52 http://localhost:9999/debian/ unstable/main x11proto-core-dev all 7.0.26-1 [729 kB]
Get:53 http://localhost:9999/debian/ unstable/main libice-dev amd64 2:1.0.9-1 [65.6 kB]
Get:54 http://localhost:9999/debian/ unstable/main libmpg123-dev amd64 1.20.1-2 [43.9 kB]
Get:55 http://localhost:9999/debian/ unstable/main libogg-dev amd64 1.3.2-1 [198 kB]
Get:56 http://localhost:9999/debian/ unstable/main libpthread-stubs0-dev amd64 0.3-4 [3866 B]
Get:57 http://localhost:9999/debian/ unstable/main libsm-dev amd64 2:1.2.2-1 [35.2 kB]
Get:58 http://localhost:9999/debian/ unstable/main libvorbis-dev amd64 1.3.2-1.4 [360 kB]
Get:59 http://localhost:9999/debian/ unstable/main libxau-dev amd64 1:1.0.8-1 [23.6 kB]
Get:60 http://localhost:9999/debian/ unstable/main libxdmcp-dev amd64 1:1.1.1-1 [42.3 kB]
Get:61 http://localhost:9999/debian/ unstable/main x11proto-input-dev all 2.3.1-1 [157 kB]
Get:62 http://localhost:9999/debian/ unstable/main x11proto-kb-dev all 1.0.6-2 [269 kB]
Get:63 http://localhost:9999/debian/ unstable/main xtrans-dev all 1.3.4-1 [99.3 kB]
Get:64 http://localhost:9999/debian/ unstable/main libxcb1-dev amd64 1.10-3 [81.8 kB]
Get:65 http://localhost:9999/debian/ unstable/main libx11-dev amd64 2:1.6.2-3 [800 kB]
Get:66 http://localhost:9999/debian/ unstable/main x11proto-xext-dev all 7.3.0-1 [212 kB]
Get:67 http://localhost:9999/debian/ unstable/main libxext-dev amd64 2:1.3.2-1 [116 kB]
Get:68 http://localhost:9999/debian/ unstable/main x11proto-render-dev all 2:0.11.1-2 [20.8 kB]
Get:69 http://localhost:9999/debian/ unstable/main libxrender-dev amd64 1:0.9.8-1 [42.1 kB]
Get:70 http://localhost:9999/debian/ unstable/main libxft-dev amd64 2.3.2-1 [66.6 kB]
Get:71 http://localhost:9999/debian/ unstable/main x11proto-scrnsaver-dev all 1.2.2-1 [25.0 kB]
Get:72 http://localhost:9999/debian/ unstable/main libxss-dev amd64 1:1.2.2-1 [22.8 kB]
Get:73 http://localhost:9999/debian/ unstable/main libxt-dev amd64 1:1.1.4-1 [414 kB]
Get:74 http://localhost:9999/debian/ unstable/main tcl8.6 amd64 8.6.2+dfsg-1 [122 kB]
Get:75 http://localhost:9999/debian/ unstable/main tcl amd64 8.6.0+8 [5366 B]
Get:76 http://localhost:9999/debian/ unstable/main tcl8.6-dev amd64 8.6.2+dfsg-1 [988 kB]
Get:77 http://localhost:9999/debian/ unstable/main tcl-dev amd64 8.6.0+8 [7716 B]
Get:78 http://localhost:9999/debian/ unstable/main tk8.6 amd64 8.6.2-1 [71.1 kB]
Get:79 http://localhost:9999/debian/ unstable/main tk amd64 8.6.0+8 [5388 B]
Get:80 http://localhost:9999/debian/ unstable/main tk8.6-dev amd64 8.6.2-1 [745 kB]
Get:81 http://localhost:9999/debian/ unstable/main tk-dev amd64 8.6.0+8 [5174 B]
debconf: delaying package configuration, since apt-utils is not installed
Fetched 23.3 MB in 1s (15.8 MB/s)
Selecting previously unselected package libpipeline1:amd64.
(Reading database ... 15338 files and directories currently installed.)
Preparing to unpack .../libpipeline1_1.3.0-1_amd64.deb ...
Unpacking libpipeline1:amd64 (1.3.0-1) ...
Selecting previously unselected package groff-base.
Preparing to unpack .../groff-base_1.22.2-7_amd64.deb ...
Unpacking groff-base (1.22.2-7) ...
Selecting previously unselected package bsdmainutils.
Preparing to unpack .../bsdmainutils_9.0.5_amd64.deb ...
Unpacking bsdmainutils (9.0.5) ...
Selecting previously unselected package man-db.
Preparing to unpack .../man-db_2.6.7.1-1_amd64.deb ...
Unpacking man-db (2.6.7.1-1) ...
Selecting previously unselected package libasprintf0c2:amd64.
Preparing to unpack .../libasprintf0c2_0.19.2-2_amd64.deb ...
Unpacking libasprintf0c2:amd64 (0.19.2-2) ...
Selecting previously unselected package libmagic1:amd64.
Preparing to unpack .../libmagic1_1%3a5.19-1_amd64.deb ...
Unpacking libmagic1:amd64 (1:5.19-1) ...
Selecting previously unselected package libxml2:amd64.
Preparing to unpack .../libxml2_2.9.1+dfsg1-4_amd64.deb ...
Unpacking libxml2:amd64 (2.9.1+dfsg1-4) ...
Selecting previously unselected package libasound2-data.
Preparing to unpack .../libasound2-data_1.0.28-1_all.deb ...
Unpacking libasound2-data (1.0.28-1) ...
Selecting previously unselected package libasound2:amd64.
Preparing to unpack .../libasound2_1.0.28-1_amd64.deb ...
Unpacking libasound2:amd64 (1.0.28-1) ...
Selecting previously unselected package libglib2.0-0:amd64.
Preparing to unpack .../libglib2.0-0_2.40.0-5_amd64.deb ...
Unpacking libglib2.0-0:amd64 (2.40.0-5) ...
Selecting previously unselected package libcroco3:amd64.
Preparing to unpack .../libcroco3_0.6.8-3_amd64.deb ...
Unpacking libcroco3:amd64 (0.6.8-3) ...
Selecting previously unselected package libpng12-0:amd64.
Preparing to unpack .../libpng12-0_1.2.50-2_amd64.deb ...
Unpacking libpng12-0:amd64 (1.2.50-2) ...
Selecting previously unselected package libfreetype6:amd64.
Preparing to unpack .../libfreetype6_2.5.2-1.1_amd64.deb ...
Unpacking libfreetype6:amd64 (2.5.2-1.1) ...
Selecting previously unselected package fonts-dejavu-core.
Preparing to unpack .../fonts-dejavu-core_2.34-1_all.deb ...
Unpacking fonts-dejavu-core (2.34-1) ...
Selecting previously unselected package fontconfig-config.
Preparing to unpack .../fontconfig-config_2.11.0-6.1_all.deb ...
Unpacking fontconfig-config (2.11.0-6.1) ...
Selecting previously unselected package libfontconfig1:amd64.
Preparing to unpack .../libfontconfig1_2.11.0-6.1_amd64.deb ...
Unpacking libfontconfig1:amd64 (2.11.0-6.1) ...
Selecting previously unselected package x11-common.
Preparing to unpack .../x11-common_1%3a7.7+7_all.deb ...
Unpacking x11-common (1:7.7+7) ...
Selecting previously unselected package libice6:amd64.
Preparing to unpack .../libice6_2%3a1.0.9-1_amd64.deb ...
Unpacking libice6:amd64 (2:1.0.9-1) ...
Selecting previously unselected package libmpg123-0:amd64.
Preparing to unpack .../libmpg123-0_1.20.1-2_amd64.deb ...
Unpacking libmpg123-0:amd64 (1.20.1-2) ...
Selecting previously unselected package libogg0:amd64.
Preparing to unpack .../libogg0_1.3.2-1_amd64.deb ...
Unpacking libogg0:amd64 (1.3.2-1) ...
Selecting previously unselected package libsm6:amd64.
Preparing to unpack .../libsm6_2%3a1.2.2-1_amd64.deb ...
Unpacking libsm6:amd64 (2:1.2.2-1) ...
Selecting previously unselected package libtcl8.6:amd64.
Preparing to unpack .../libtcl8.6_8.6.2+dfsg-1_amd64.deb ...
Unpacking libtcl8.6:amd64 (8.6.2+dfsg-1) ...
Selecting previously unselected package libxau6:amd64.
Preparing to unpack .../libxau6_1%3a1.0.8-1_amd64.deb ...
Unpacking libxau6:amd64 (1:1.0.8-1) ...
Selecting previously unselected package libxdmcp6:amd64.
Preparing to unpack .../libxdmcp6_1%3a1.1.1-1_amd64.deb ...
Unpacking libxdmcp6:amd64 (1:1.1.1-1) ...
Selecting previously unselected package libxcb1:amd64.
Preparing to unpack .../libxcb1_1.10-3_amd64.deb ...
Unpacking libxcb1:amd64 (1.10-3) ...
Selecting previously unselected package libx11-data.
Preparing to unpack .../libx11-data_2%3a1.6.2-3_all.deb ...
Unpacking libx11-data (2:1.6.2-3) ...
Selecting previously unselected package libx11-6:amd64.
Preparing to unpack .../libx11-6_2%3a1.6.2-3_amd64.deb ...
Unpacking libx11-6:amd64 (2:1.6.2-3) ...
Selecting previously unselected package libxext6:amd64.
Preparing to unpack .../libxext6_2%3a1.3.2-1_amd64.deb ...
Unpacking libxext6:amd64 (2:1.3.2-1) ...
Selecting previously unselected package libxrender1:amd64.
Preparing to unpack .../libxrender1_1%3a0.9.8-1_amd64.deb ...
Unpacking libxrender1:amd64 (1:0.9.8-1) ...
Selecting previously unselected package libxft2:amd64.
Preparing to unpack .../libxft2_2.3.2-1_amd64.deb ...
Unpacking libxft2:amd64 (2.3.2-1) ...
Selecting previously unselected package libxss1:amd64.
Preparing to unpack .../libxss1_1%3a1.2.2-1_amd64.deb ...
Unpacking libxss1:amd64 (1:1.2.2-1) ...
Selecting previously unselected package libtk8.6:amd64.
Preparing to unpack .../libtk8.6_8.6.2-1_amd64.deb ...
Unpacking libtk8.6:amd64 (8.6.2-1) ...
Selecting previously unselected package libunistring0:amd64.
Preparing to unpack .../libunistring0_0.9.3-5.2_amd64.deb ...
Unpacking libunistring0:amd64 (0.9.3-5.2) ...
Selecting previously unselected package libvorbis0a:amd64.
Preparing to unpack .../libvorbis0a_1.3.2-1.4_amd64.deb ...
Unpacking libvorbis0a:amd64 (1.3.2-1.4) ...
Selecting previously unselected package libvorbisenc2:amd64.
Preparing to unpack .../libvorbisenc2_1.3.2-1.4_amd64.deb ...
Unpacking libvorbisenc2:amd64 (1.3.2-1.4) ...
Selecting previously unselected package libvorbisfile3:amd64.
Preparing to unpack .../libvorbisfile3_1.3.2-1.4_amd64.deb ...
Unpacking libvorbisfile3:amd64 (1.3.2-1.4) ...
Selecting previously unselected package libxt6:amd64.
Preparing to unpack .../libxt6_1%3a1.1.4-1_amd64.deb ...
Unpacking libxt6:amd64 (1:1.1.4-1) ...
Selecting previously unselected package file.
Preparing to unpack .../file_1%3a5.19-1_amd64.deb ...
Unpacking file (1:5.19-1) ...
Selecting previously unselected package gettext-base.
Preparing to unpack .../gettext-base_0.19.2-2_amd64.deb ...
Unpacking gettext-base (0.19.2-2) ...
Selecting previously unselected package gettext.
Preparing to unpack .../gettext_0.19.2-2_amd64.deb ...
Unpacking gettext (0.19.2-2) ...
Selecting previously unselected package intltool-debian.
Preparing to unpack .../intltool-debian_0.35.0+20060710.1_all.deb ...
Unpacking intltool-debian (0.35.0+20060710.1) ...
Selecting previously unselected package po-debconf.
Preparing to unpack .../po-debconf_1.0.16+nmu3_all.deb ...
Unpacking po-debconf (1.0.16+nmu3) ...
Selecting previously unselected package debhelper.
Preparing to unpack .../debhelper_9.20140817_all.deb ...
Unpacking debhelper (9.20140817) ...
Selecting previously unselected package libasound2-dev:amd64.
Preparing to unpack .../libasound2-dev_1.0.28-1_amd64.deb ...
Unpacking libasound2-dev:amd64 (1.0.28-1) ...
Selecting previously unselected package libexpat1-dev:amd64.
Preparing to unpack .../libexpat1-dev_2.1.0-6_amd64.deb ...
Unpacking libexpat1-dev:amd64 (2.1.0-6) ...
Selecting previously unselected package zlib1g-dev:amd64.
Preparing to unpack .../zlib1g-dev_1%3a1.2.8.dfsg-2_amd64.deb ...
Unpacking zlib1g-dev:amd64 (1:1.2.8.dfsg-2) ...
Selecting previously unselected package libpng12-dev:amd64.
Preparing to unpack .../libpng12-dev_1.2.50-2_amd64.deb ...
Unpacking libpng12-dev:amd64 (1.2.50-2) ...
Selecting previously unselected package libfreetype6-dev.
Preparing to unpack .../libfreetype6-dev_2.5.2-1.1_amd64.deb ...
Unpacking libfreetype6-dev (2.5.2-1.1) ...
Selecting previously unselected package pkg-config.
Preparing to unpack .../pkg-config_0.28-1_amd64.deb ...
Unpacking pkg-config (0.28-1) ...
Selecting previously unselected package libfontconfig1-dev:amd64.
Preparing to unpack .../libfontconfig1-dev_2.11.0-6.1_amd64.deb ...
Unpacking libfontconfig1-dev:amd64 (2.11.0-6.1) ...
Selecting previously unselected package xorg-sgml-doctools.
Preparing to unpack .../xorg-sgml-doctools_1%3a1.11-1_all.deb ...
Unpacking xorg-sgml-doctools (1:1.11-1) ...
Selecting previously unselected package x11proto-core-dev.
Preparing to unpack .../x11proto-core-dev_7.0.26-1_all.deb ...
Unpacking x11proto-core-dev (7.0.26-1) ...
Selecting previously unselected package libice-dev:amd64.
Preparing to unpack .../libice-dev_2%3a1.0.9-1_amd64.deb ...
Unpacking libice-dev:amd64 (2:1.0.9-1) ...
Selecting previously unselected package libmpg123-dev:amd64.
Preparing to unpack .../libmpg123-dev_1.20.1-2_amd64.deb ...
Unpacking libmpg123-dev:amd64 (1.20.1-2) ...
Selecting previously unselected package libogg-dev:amd64.
Preparing to unpack .../libogg-dev_1.3.2-1_amd64.deb ...
Unpacking libogg-dev:amd64 (1.3.2-1) ...
Selecting previously unselected package libpthread-stubs0-dev:amd64.
Preparing to unpack .../libpthread-stubs0-dev_0.3-4_amd64.deb ...
Unpacking libpthread-stubs0-dev:amd64 (0.3-4) ...
Selecting previously unselected package libsm-dev:amd64.
Preparing to unpack .../libsm-dev_2%3a1.2.2-1_amd64.deb ...
Unpacking libsm-dev:amd64 (2:1.2.2-1) ...
Selecting previously unselected package libvorbis-dev:amd64.
Preparing to unpack .../libvorbis-dev_1.3.2-1.4_amd64.deb ...
Unpacking libvorbis-dev:amd64 (1.3.2-1.4) ...
Selecting previously unselected package libxau-dev:amd64.
Preparing to unpack .../libxau-dev_1%3a1.0.8-1_amd64.deb ...
Unpacking libxau-dev:amd64 (1:1.0.8-1) ...
Selecting previously unselected package libxdmcp-dev:amd64.
Preparing to unpack .../libxdmcp-dev_1%3a1.1.1-1_amd64.deb ...
Unpacking libxdmcp-dev:amd64 (1:1.1.1-1) ...
Selecting previously unselected package x11proto-input-dev.
Preparing to unpack .../x11proto-input-dev_2.3.1-1_all.deb ...
Unpacking x11proto-input-dev (2.3.1-1) ...
Selecting previously unselected package x11proto-kb-dev.
Preparing to unpack .../x11proto-kb-dev_1.0.6-2_all.deb ...
Unpacking x11proto-kb-dev (1.0.6-2) ...
Selecting previously unselected package xtrans-dev.
Preparing to unpack .../xtrans-dev_1.3.4-1_all.deb ...
Unpacking xtrans-dev (1.3.4-1) ...
Selecting previously unselected package libxcb1-dev:amd64.
Preparing to unpack .../libxcb1-dev_1.10-3_amd64.deb ...
Unpacking libxcb1-dev:amd64 (1.10-3) ...
Selecting previously unselected package libx11-dev:amd64.
Preparing to unpack .../libx11-dev_2%3a1.6.2-3_amd64.deb ...
Unpacking libx11-dev:amd64 (2:1.6.2-3) ...
Selecting previously unselected package x11proto-xext-dev.
Preparing to unpack .../x11proto-xext-dev_7.3.0-1_all.deb ...
Unpacking x11proto-xext-dev (7.3.0-1) ...
Selecting previously unselected package libxext-dev:amd64.
Preparing to unpack .../libxext-dev_2%3a1.3.2-1_amd64.deb ...
Unpacking libxext-dev:amd64 (2:1.3.2-1) ...
Selecting previously unselected package x11proto-render-dev.
Preparing to unpack .../x11proto-render-dev_2%3a0.11.1-2_all.deb ...
Unpacking x11proto-render-dev (2:0.11.1-2) ...
Selecting previously unselected package libxrender-dev:amd64.
Preparing to unpack .../libxrender-dev_1%3a0.9.8-1_amd64.deb ...
Unpacking libxrender-dev:amd64 (1:0.9.8-1) ...
Selecting previously unselected package libxft-dev.
Preparing to unpack .../libxft-dev_2.3.2-1_amd64.deb ...
Unpacking libxft-dev (2.3.2-1) ...
Selecting previously unselected package x11proto-scrnsaver-dev.
Preparing to unpack .../x11proto-scrnsaver-dev_1.2.2-1_all.deb ...
Unpacking x11proto-scrnsaver-dev (1.2.2-1) ...
Selecting previously unselected package libxss-dev:amd64.
Preparing to unpack .../libxss-dev_1%3a1.2.2-1_amd64.deb ...
Unpacking libxss-dev:amd64 (1:1.2.2-1) ...
Selecting previously unselected package libxt-dev:amd64.
Preparing to unpack .../libxt-dev_1%3a1.1.4-1_amd64.deb ...
Unpacking libxt-dev:amd64 (1:1.1.4-1) ...
Selecting previously unselected package tcl8.6.
Preparing to unpack .../tcl8.6_8.6.2+dfsg-1_amd64.deb ...
Unpacking tcl8.6 (8.6.2+dfsg-1) ...
Selecting previously unselected package tcl.
Preparing to unpack .../archives/tcl_8.6.0+8_amd64.deb ...
Unpacking tcl (8.6.0+8) ...
Selecting previously unselected package tcl8.6-dev:amd64.
Preparing to unpack .../tcl8.6-dev_8.6.2+dfsg-1_amd64.deb ...
Unpacking tcl8.6-dev:amd64 (8.6.2+dfsg-1) ...
Selecting previously unselected package tcl-dev:amd64.
Preparing to unpack .../tcl-dev_8.6.0+8_amd64.deb ...
Unpacking tcl-dev:amd64 (8.6.0+8) ...
Selecting previously unselected package tk8.6.
Preparing to unpack .../tk8.6_8.6.2-1_amd64.deb ...
Unpacking tk8.6 (8.6.2-1) ...
Selecting previously unselected package tk.
Preparing to unpack .../archives/tk_8.6.0+8_amd64.deb ...
Unpacking tk (8.6.0+8) ...
Selecting previously unselected package tk8.6-dev:amd64.
Preparing to unpack .../tk8.6-dev_8.6.2-1_amd64.deb ...
Unpacking tk8.6-dev:amd64 (8.6.2-1) ...
Selecting previously unselected package tk-dev:amd64.
Preparing to unpack .../tk-dev_8.6.0+8_amd64.deb ...
Unpacking tk-dev:amd64 (8.6.0+8) ...
Selecting previously unselected package sbuild-build-depends-snack-dummy.
Preparing to unpack .../sbuild-build-depends-snack-dummy.deb ...
Unpacking sbuild-build-depends-snack-dummy (0.invalid.0) ...
Setting up libpipeline1:amd64 (1.3.0-1) ...
Setting up groff-base (1.22.2-7) ...
Setting up bsdmainutils (9.0.5) ...
update-alternatives: using /usr/bin/bsd-write to provide /usr/bin/write (write) in auto mode
update-alternatives: using /usr/bin/bsd-from to provide /usr/bin/from (from) in auto mode
Setting up man-db (2.6.7.1-1) ...
Not building database; man-db/auto-update is not 'true'.
Setting up libasprintf0c2:amd64 (0.19.2-2) ...
Setting up libmagic1:amd64 (1:5.19-1) ...
Setting up libxml2:amd64 (2.9.1+dfsg1-4) ...
Setting up libasound2-data (1.0.28-1) ...
Setting up libasound2:amd64 (1.0.28-1) ...
Setting up libglib2.0-0:amd64 (2.40.0-5) ...
No schema files found: doing nothing.
Setting up libcroco3:amd64 (0.6.8-3) ...
Setting up libpng12-0:amd64 (1.2.50-2) ...
Setting up libfreetype6:amd64 (2.5.2-1.1) ...
Setting up fonts-dejavu-core (2.34-1) ...
Setting up fontconfig-config (2.11.0-6.1) ...
Setting up libfontconfig1:amd64 (2.11.0-6.1) ...
Setting up x11-common (1:7.7+7) ...
update-rc.d: warning: start and stop actions are no longer supported; falling back to defaults
All runlevel operations denied by policy
invoke-rc.d: policy-rc.d denied execution of start.
Setting up libice6:amd64 (2:1.0.9-1) ...
Setting up libmpg123-0:amd64 (1.20.1-2) ...
Setting up libogg0:amd64 (1.3.2-1) ...
Setting up libsm6:amd64 (2:1.2.2-1) ...
Setting up libtcl8.6:amd64 (8.6.2+dfsg-1) ...
Setting up libxau6:amd64 (1:1.0.8-1) ...
Setting up libxdmcp6:amd64 (1:1.1.1-1) ...
Setting up libxcb1:amd64 (1.10-3) ...
Setting up libx11-data (2:1.6.2-3) ...
Setting up libx11-6:amd64 (2:1.6.2-3) ...
Setting up libxext6:amd64 (2:1.3.2-1) ...
Setting up libxrender1:amd64 (1:0.9.8-1) ...
Setting up libxft2:amd64 (2.3.2-1) ...
Setting up libxss1:amd64 (1:1.2.2-1) ...
Setting up libtk8.6:amd64 (8.6.2-1) ...
Setting up libunistring0:amd64 (0.9.3-5.2) ...
Setting up libvorbis0a:amd64 (1.3.2-1.4) ...
Setting up libvorbisenc2:amd64 (1.3.2-1.4) ...
Setting up libvorbisfile3:amd64 (1.3.2-1.4) ...
Setting up libxt6:amd64 (1:1.1.4-1) ...
Setting up file (1:5.19-1) ...
Setting up gettext-base (0.19.2-2) ...
Setting up gettext (0.19.2-2) ...
Setting up intltool-debian (0.35.0+20060710.1) ...
Setting up po-debconf (1.0.16+nmu3) ...
Setting up debhelper (9.20140817) ...
Setting up libasound2-dev:amd64 (1.0.28-1) ...
Setting up libexpat1-dev:amd64 (2.1.0-6) ...
Setting up zlib1g-dev:amd64 (1:1.2.8.dfsg-2) ...
Setting up libpng12-dev:amd64 (1.2.50-2) ...
Setting up libfreetype6-dev (2.5.2-1.1) ...
Setting up pkg-config (0.28-1) ...
Setting up libfontconfig1-dev:amd64 (2.11.0-6.1) ...
Setting up xorg-sgml-doctools (1:1.11-1) ...
Setting up x11proto-core-dev (7.0.26-1) ...
Setting up libice-dev:amd64 (2:1.0.9-1) ...
Setting up libmpg123-dev:amd64 (1.20.1-2) ...
Setting up libogg-dev:amd64 (1.3.2-1) ...
Setting up libpthread-stubs0-dev:amd64 (0.3-4) ...
Setting up libsm-dev:amd64 (2:1.2.2-1) ...
Setting up libvorbis-dev:amd64 (1.3.2-1.4) ...
Setting up libxau-dev:amd64 (1:1.0.8-1) ...
Setting up libxdmcp-dev:amd64 (1:1.1.1-1) ...
Setting up x11proto-input-dev (2.3.1-1) ...
Setting up x11proto-kb-dev (1.0.6-2) ...
Setting up xtrans-dev (1.3.4-1) ...
Setting up libxcb1-dev:amd64 (1.10-3) ...
Setting up libx11-dev:amd64 (2:1.6.2-3) ...
Setting up x11proto-xext-dev (7.3.0-1) ...
Setting up libxext-dev:amd64 (2:1.3.2-1) ...
Setting up x11proto-render-dev (2:0.11.1-2) ...
Setting up libxrender-dev:amd64 (1:0.9.8-1) ...
Setting up libxft-dev (2.3.2-1) ...
Setting up x11proto-scrnsaver-dev (1.2.2-1) ...
Setting up libxss-dev:amd64 (1:1.2.2-1) ...
Setting up libxt-dev:amd64 (1:1.1.4-1) ...
Setting up tcl8.6 (8.6.2+dfsg-1) ...
Setting up tcl (8.6.0+8) ...
Setting up tcl8.6-dev:amd64 (8.6.2+dfsg-1) ...
Setting up tcl-dev:amd64 (8.6.0+8) ...
Setting up tk8.6 (8.6.2-1) ...
Setting up tk (8.6.0+8) ...
Setting up tk8.6-dev:amd64 (8.6.2-1) ...
Setting up tk-dev:amd64 (8.6.0+8) ...
Setting up sbuild-build-depends-snack-dummy (0.invalid.0) ...
Processing triggers for libc-bin (2.19-10) ...

┌──────────────────────────────────────────────────────────────────────────────┐
│ Build environment                                                            │
└──────────────────────────────────────────────────────────────────────────────┘

Kernel: Linux 2.6.32-5-xen-amd64 amd64 (x86_64)
Toolchain package versions: binutils_2.24.51.20140903-1 dpkg-dev_1.17.13 g++-4.6_4.6.4-7 g++-4.9_4.9.1-12 gcc-4.6_4.6.4-7 gcc-4.7_4.7.4-3 gcc-4.9_4.9.1-12 libc6-dev_2.19-10 libstdc++-4.9-dev_4.9.1-12 libstdc++6_4.9.1-12 libstdc++6-4.6-dev_4.6.4-7 linux-libc-dev_3.14.15-2
Package versions: acl_2.2.52-1.1 adduser_3.113+nmu3 apt_1.0.7 base-files_7.5 base-passwd_3.5.35 bash_4.3-9 binutils_2.24.51.20140903-1 bsdmainutils_9.0.5 bsdutils_1:2.20.1-5.8 build-essential_11.7 bzip2_1.0.6-7 clang-3.5_1:3.5-1 coreutils_8.23-2 cpp_4:4.9.1-3 cpp-4.6_4.6.4-7 cpp-4.7_4.7.4-3 cpp-4.9_4.9.1-12 dash_0.5.7-4 dbus_1.8.6-2 debconf_1.5.53 debconf-i18n_1.5.53 debfoster_2.7-2 debhelper_9.20140817 debian-archive-keyring_2014.1 debianutils_4.4 diffutils_1:3.3-1 dmsetup_2:1.02.88-1 dpkg_1.17.13 dpkg-dev_1.17.13 e2fslibs_1.42.12-1 e2fsprogs_1.42.12-1 fakeroot_1.20.1-1.1 file_1:5.19-1 findutils_4.4.2-9 fontconfig-config_2.11.0-6.1 fonts-dejavu-core_2.34-1 g++_4:4.9.1-3 g++-4.6_4.6.4-7 g++-4.9_4.9.1-12 gcc_4:4.9.1-3 gcc-4.4-base_4.4.7-8 gcc-4.5-base_4.5.4-1 gcc-4.6_4.6.4-7 gcc-4.6-base_4.6.4-7 gcc-4.7_4.7.4-3 gcc-4.7-base_4.7.4-3 gcc-4.8-base_4.8.3-10 gcc-4.9_4.9.1-12 gcc-4.9-base_4.9.1-12 gettext_0.19.2-2 gettext-base_0.19.2-2 gnupg_1.4.18-3 gpgv_1.4.18-3 grep_2.20-2 groff-base_1.22.2-7 gzip_1.6-3 hostname_3.15 init_1.21 initscripts_2.88dsf-53.4 insserv_1.14.0-5 intltool-debian_0.35.0+20060710.1 libacl1_2.2.52-1.1 libalgorithm-c3-perl_0.09-1 libapt-pkg4.12_1.0.7 libarchive-extract-perl_0.72-1 libasan1_4.9.1-12 libasound2_1.0.28-1 libasound2-data_1.0.28-1 libasound2-dev_1.0.28-1 libasprintf0c2_0.19.2-2 libatomic1_4.9.1-12 libattr1_1:2.4.47-1 libaudit-common_1:2.3.7-1 libaudit1_1:2.3.7-1 libblkid1_2.20.1-5.8 libbsd0_0.7.0-2 libbz2-1.0_1.0.6-7 libc-bin_2.19-10 libc-dev-bin_2.19-10 libc6_2.19-10 libc6-dev_2.19-10 libcap-ng0_0.7.4-2 libcap2_1:2.24-4 libcap2-bin_1:2.24-4 libcgi-fast-perl_1:2.02-1 libcgi-pm-perl_4.03-1 libcilkrts5_4.9.1-12 libclang-common-3.5-dev_1:3.5-1 libclang1-3.5_1:3.5-1 libclass-c3-perl_0.26-1 libclass-c3-xs-perl_0.13-2+b1 libclass-isa-perl_0.36-5 libcloog-isl4_0.18.2-1 libcloog-ppl1_0.16.1-5 libcomerr2_1.42.12-1 libcroco3_0.6.8-3 libcryptsetup4_2:1.6.6-1 libdata-optlist-perl_0.109-1 libdata-section-perl_0.200006-1 libdb5.1_5.1.29-5 libdb5.3_5.3.28-6 libdbus-1-3_1.8.6-2 libdebconfclient0_0.191 libdevmapper1.02.1_2:1.02.88-1 libdpkg-perl_1.17.13 libedit2_3.1-20140620-2 libexpat1_2.1.0-6 libexpat1-dev_2.1.0-6 libfakeroot_1.20.1-1.1 libfcgi-perl_0.77-1+b1 libffi6_3.1-2 libfile-fcntllock-perl_0.22-1+b1 libfontconfig1_2.11.0-6.1 libfontconfig1-dev_2.11.0-6.1 libfreetype6_2.5.2-1.1 libfreetype6-dev_2.5.2-1.1 libgc1c2_1:7.2d-6.3 libgcc-4.7-dev_4.7.4-3 libgcc-4.9-dev_4.9.1-12 libgcc1_1:4.9.1-12 libgcrypt11_1.5.4-3 libgcrypt20_1.6.2-3 libgdbm3_1.8.3-13 libglib2.0-0_2.40.0-5 libgmp10_2:6.0.0+dfsg-6 libgmpxx4ldbl_2:6.0.0+dfsg-6 libgomp1_4.9.1-12 libgpg-error0_1.13-4 libgpm2_1.20.4-6.1 libice-dev_2:1.0.9-1 libice6_2:1.0.9-1 libisl10_0.12.2-2 libitm1_4.9.1-12 libkmod2_18-1 libllvm3.5_1:3.5-1 liblocale-gettext-perl_1.05-8+b1 liblog-message-perl_0.8-1 liblog-message-simple-perl_0.10-2 liblsan0_4.9.1-12 liblzma5_5.1.1alpha+20120614-2 libmagic1_1:5.19-1 libmodule-build-perl_0.420800-1 libmodule-pluggable-perl_5.1-1 libmodule-signature-perl_0.73-1 libmount1_2.20.1-5.8 libmpc2_0.9-4 libmpc3_1.0.2-1 libmpfr4_3.1.2-1 libmpg123-0_1.20.1-2 libmpg123-dev_1.20.1-2 libmro-compat-perl_0.12-1 libncurses5_5.9+20140712-2 libncursesw5_5.9+20140712-2 libobjc-4.9-dev_4.9.1-12 libobjc4_4.9.1-12 libogg-dev_1.3.2-1 libogg0_1.3.2-1 libpackage-constants-perl_0.04-1 libpam-cap_1:2.24-4 libpam-modules_1.1.8-3.1 libpam-modules-bin_1.1.8-3.1 libpam-runtime_1.1.8-3.1 libpam-systemd_208-8 libpam0g_1.1.8-3.1 libparams-util-perl_1.07-2+b1 libpcre3_1:8.35-3 libpipeline1_1.3.0-1 libpng12-0_1.2.50-2 libpng12-dev_1.2.50-2 libpod-latex-perl_0.61-1 libpod-readme-perl_0.11-1 libppl-c4_1:1.1-3 libppl13_1:1.1-3 libprocps3_1:3.3.9-7 libpthread-stubs0-dev_0.3-4 libquadmath0_4.9.1-12 libreadline6_6.3-8 libregexp-common-perl_2013031301-1 libselinux1_2.3-2 libsemanage-common_2.3-1 libsemanage1_2.3-1 libsepol1_2.3-2 libslang2_2.2.4-17 libsm-dev_2:1.2.2-1 libsm6_2:1.2.2-1 libsoftware-license-perl_0.103010-1 libss2_1.42.12-1 libstdc++-4.9-dev_4.9.1-12 libstdc++6_4.9.1-12 libstdc++6-4.6-dev_4.6.4-7 libsub-exporter-perl_0.986-1 libsub-install-perl_0.928-1 libswitch-perl_2.17-1 libsystemd-daemon0_208-8 libsystemd-journal0_208-8 libsystemd-login0_208-8 libtcl8.6_8.6.2+dfsg-1 libterm-ui-perl_0.42-1 libtext-charwidth-perl_0.04-7+b3 libtext-iconv-perl_1.7-5+b2 libtext-soundex-perl_3.4-1+b2 libtext-template-perl_1.46-1 libtext-wrapi18n-perl_0.06-7 libtimedate-perl_2.3000-2 libtinfo5_5.9+20140712-2 libtk8.6_8.6.2-1 libtsan0_4.9.1-12 libubsan0_4.9.1-12 libudev1_208-8 libunistring0_0.9.3-5.2 libusb-0.1-4_2:0.1.12-24 libustr-1.0-1_1.0.4-3 libuuid1_2.20.1-5.8 libvorbis-dev_1.3.2-1.4 libvorbis0a_1.3.2-1.4 libvorbisenc2_1.3.2-1.4 libvorbisfile3_1.3.2-1.4 libwrap0_7.6.q-25 libx11-6_2:1.6.2-3 libx11-data_2:1.6.2-3 libx11-dev_2:1.6.2-3 libxau-dev_1:1.0.8-1 libxau6_1:1.0.8-1 libxcb1_1.10-3 libxcb1-dev_1.10-3 libxdmcp-dev_1:1.1.1-1 libxdmcp6_1:1.1.1-1 libxext-dev_2:1.3.2-1 libxext6_2:1.3.2-1 libxft-dev_2.3.2-1 libxft2_2.3.2-1 libxml2_2.9.1+dfsg1-4 libxrender-dev_1:0.9.8-1 libxrender1_1:0.9.8-1 libxss-dev_1:1.2.2-1 libxss1_1:1.2.2-1 libxt-dev_1:1.1.4-1 libxt6_1:1.1.4-1 linux-libc-dev_3.14.15-2 login_1:4.2-2+b1 lsb-base_4.1+Debian13 make_4.0-8 man-db_2.6.7.1-1 mawk_1.3.3-17 mount_2.20.1-5.8 multiarch-support_2.19-10 ncurses-base_5.9+20140712-2 ncurses-bin_5.9+20140712-2 passwd_1:4.2-2+b1 patch_2.7.1-6 perl_5.20.0-6 perl-base_5.20.0-6 perl-modules_5.20.0-6 pkg-config_0.28-1 po-debconf_1.0.16+nmu3 procps_1:3.3.9-7 psmisc_22.21-2 readline-common_6.3-8 rename_0.20-3 sbuild-build-depends-core-dummy_0.invalid.0 sbuild-build-depends-snack-dummy_0.invalid.0 sed_4.2.2-4 sensible-utils_0.0.9 startpar_0.59-3 sudo_1.8.9p5-1 systemd_208-8 systemd-sysv_208-8 sysv-rc_2.88dsf-53.4 sysvinit_2.88dsf-53.4 sysvinit-utils_2.88dsf-53.4 tar_1.27.1-2 tcl_8.6.0+8 tcl-dev_8.6.0+8 tcl8.6_8.6.2+dfsg-1 tcl8.6-dev_8.6.2+dfsg-1 tcpd_7.6.q-25 tk_8.6.0+8 tk-dev_8.6.0+8 tk8.6_8.6.2-1 tk8.6-dev_8.6.2-1 tzdata_2014g-1 ucf_3.0030 udev_208-8 util-linux_2.20.1-5.8 vim_2:7.4.430-1 vim-common_2:7.4.430-1 vim-runtime_2:7.4.430-1 x11-common_1:7.7+7 x11proto-core-dev_7.0.26-1 x11proto-input-dev_2.3.1-1 x11proto-kb-dev_1.0.6-2 x11proto-render-dev_2:0.11.1-2 x11proto-scrnsaver-dev_1.2.2-1 x11proto-xext-dev_7.3.0-1 xorg-sgml-doctools_1:1.11-1 xtrans-dev_1.3.4-1 xz-utils_5.1.1alpha+20120614-2 zlib1g_1:1.2.8.dfsg-2 zlib1g-dev_1:1.2.8.dfsg-2

┌──────────────────────────────────────────────────────────────────────────────┐
│ Build                                                                        │
└──────────────────────────────────────────────────────────────────────────────┘


Unpack source
─────────────

gpgv: keyblock resource `/sbuild-nonexistent/.gnupg/trustedkeys.gpg': file open error
gpgv: Signature made Thu Sep 12 09:13:24 2013 UTC using DSA key ID 6A461052
gpgv: Can't check signature: public key not found
dpkg-source: warning: failed to verify signature on ./snack_2.2.10.20090623-dfsg-4.dsc
dpkg-source: info: extracting snack in snack-2.2.10.20090623-dfsg
dpkg-source: info: unpacking snack_2.2.10.20090623-dfsg.orig.tar.xz
dpkg-source: info: unpacking snack_2.2.10.20090623-dfsg-4.debian.tar.gz
dpkg-source: info: applying alsa.patch
dpkg-source: info: applying args.patch
dpkg-source: info: applying libs.patch
dpkg-source: info: applying CVE-2012-6303.patch
dpkg-source: info: applying mpg123.patch

Check disc space
────────────────

Sufficient free space for build

Hack binNMU version
───────────────────

Created changelog entry for binNMU version 2.2.10.20090623-dfsg-4clang1

User Environment
────────────────

DEB_BUILD_OPTIONS=parallel=10
HOME=/sbuild-nonexistent
LOGNAME=user
PATH=/usr/local/sbin:/usr/local/bin:/usr/sbin:/usr/bin:/sbin:/bin:/usr/games
SCHROOT_ALIAS_NAME=unstable-amd64-sbuild
SCHROOT_CHROOT_NAME=unstable-amd64-sbuild
SCHROOT_COMMAND=env
SCHROOT_GID=1000
SCHROOT_GROUP=user
SCHROOT_SESSION_ID=unstable-amd64-sbuild-bff22aed-a385-4f79-a850-1817a2157b91
SCHROOT_UID=1000
SCHROOT_USER=user
SHELL=/bin/sh
USER=user

dpkg-buildpackage
─────────────────

dpkg-buildpackage: source package snack
dpkg-buildpackage: source version 2.2.10.20090623-dfsg-4clang1
dpkg-buildpackage: source distribution unstable
 dpkg-source --before-build snack-2.2.10.20090623-dfsg
dpkg-buildpackage: host architecture amd64
 fakeroot debian/rules clean
dh_testdir
[ ! -f unix/Makefile ] || /usr/bin/make -C unix distclean
cd unix ; rm -f libsnackogg.so libsnackmpg.so libsnacksphere.so libsnackstub2.2.a
cd unix ; rm -f snackConfig.sh pkgIndex.tcl
cd python; rm -rf build
dh_testdir
dh_testroot
rm -rf /«PKGBUILDDIR»/debian/tmp-alsa
rm -f build-stamp build-alsa-stamp
rm -f install-stamp install-alsa-stamp
rm -f clean-stamp
dh_clean
 debian/rules build-arch
dh_testdir
cd unix && ./configure --enable-gcc --enable-shared --with-tcl=/usr/lib --with-tk=/usr/lib --prefix=/usr --with-ogg-include=/usr/include --with-ogg-lib=/usr/lib 
checking for Tcl configuration... found /usr/lib/tclConfig.sh
checking for Tk configuration... found /usr/lib/tkConfig.sh
will use stubs (normal)
will use OSS
checking for gcc... gcc
checking for C compiler default output... a.out
checking whether the C compiler works... yes
checking whether we are cross compiling... no
checking for suffix of executables... 
checking for suffix of object files... o
checking whether we are using the GNU C compiler... yes
checking whether gcc accepts -g... yes
checking for gcc option to accept ANSI C... none needed
checking how to run the C preprocessor... gcc -E
checking for egrep... grep -E
checking for ANSI C header files... yes
checking for sys/types.h... yes
checking for sys/stat.h... yes
checking for stdlib.h... yes
checking for string.h... yes
checking for memory.h... yes
checking for strings.h... yes
checking for inttypes.h... yes
checking for stdint.h... yes
checking for unistd.h... yes
configure: creating ./config.status
config.status: creating Makefile
config.status: creating snackConfig.sh
/usr/bin/make -C unix all libsnackogg.so libsnackmpg.so # libsnacksphere.so
make[1]: Entering directory '/«PKGBUILDDIR»/unix'
gcc -c -O -fPIC -DUSE_TCL_STUBS -DUSE_TK_STUBS -DOSS  -I/usr/include/tcl8.6 -I/usr/include/tcl8.6/tcl-private/generic -I/usr/include/tcl8.6/tk-private/generic   -DTCL_81_API -I./../generic -DPACKAGE_NAME=\"\" -DPACKAGE_TARNAME=\"\" -DPACKAGE_VERSION=\"\" -DPACKAGE_STRING=\"\" -DPACKAGE_BUGREPORT=\"\" -DSTDC_HEADERS=1 -DHAVE_SYS_TYPES_H=1 -DHAVE_SYS_STAT_H=1 -DHAVE_STDLIB_H=1 -DHAVE_STRING_H=1 -DHAVE_MEMORY_H=1 -DHAVE_STRINGS_H=1 -DHAVE_INTTYPES_H=1 -DHAVE_STDINT_H=1 -DHAVE_UNISTD_H=1  ./../generic/sound.c
gcc -c -O -fPIC -DUSE_TCL_STUBS -DUSE_TK_STUBS -DOSS  -I/usr/include/tcl8.6 -I/usr/include/tcl8.6/tcl-private/generic -I/usr/include/tcl8.6/tk-private/generic   -DTCL_81_API -I./../generic -DPACKAGE_NAME=\"\" -DPACKAGE_TARNAME=\"\" -DPACKAGE_VERSION=\"\" -DPACKAGE_STRING=\"\" -DPACKAGE_BUGREPORT=\"\" -DSTDC_HEADERS=1 -DHAVE_SYS_TYPES_H=1 -DHAVE_SYS_STAT_H=1 -DHAVE_STDLIB_H=1 -DHAVE_STRING_H=1 -DHAVE_MEMORY_H=1 -DHAVE_STRINGS_H=1 -DHAVE_INTTYPES_H=1 -DHAVE_STDINT_H=1 -DHAVE_UNISTD_H=1  ./../generic/jkSound.c
gcc -c -O -fPIC -DUSE_TCL_STUBS -DUSE_TK_STUBS -DOSS  -I/usr/include/tcl8.6 -I/usr/include/tcl8.6/tcl-private/generic -I/usr/include/tcl8.6/tk-private/generic   -DTCL_81_API -I./../generic -DPACKAGE_NAME=\"\" -DPACKAGE_TARNAME=\"\" -DPACKAGE_VERSION=\"\" -DPACKAGE_STRING=\"\" -DPACKAGE_BUGREPORT=\"\" -DSTDC_HEADERS=1 -DHAVE_SYS_TYPES_H=1 -DHAVE_SYS_STAT_H=1 -DHAVE_STDLIB_H=1 -DHAVE_STRING_H=1 -DHAVE_MEMORY_H=1 -DHAVE_STRINGS_H=1 -DHAVE_INTTYPES_H=1 -DHAVE_STDINT_H=1 -DHAVE_UNISTD_H=1  ./../generic/jkSoundEngine.c
gcc -c -O -fPIC -DUSE_TCL_STUBS -DUSE_TK_STUBS -DOSS  -I/usr/include/tcl8.6 -I/usr/include/tcl8.6/tcl-private/generic -I/usr/include/tcl8.6/tk-private/generic   -DTCL_81_API -I./../generic -DPACKAGE_NAME=\"\" -DPACKAGE_TARNAME=\"\" -DPACKAGE_VERSION=\"\" -DPACKAGE_STRING=\"\" -DPACKAGE_BUGREPORT=\"\" -DSTDC_HEADERS=1 -DHAVE_SYS_TYPES_H=1 -DHAVE_SYS_STAT_H=1 -DHAVE_STDLIB_H=1 -DHAVE_STRING_H=1 -DHAVE_MEMORY_H=1 -DHAVE_STRINGS_H=1 -DHAVE_INTTYPES_H=1 -DHAVE_STDINT_H=1 -DHAVE_UNISTD_H=1  ./../generic/jkSoundEdit.c
gcc -c -O -fPIC -DUSE_TCL_STUBS -DUSE_TK_STUBS -DOSS  -I/usr/include/tcl8.6 -I/usr/include/tcl8.6/tcl-private/generic -I/usr/include/tcl8.6/tk-private/generic   -DTCL_81_API -I./../generic -DPACKAGE_NAME=\"\" -DPACKAGE_TARNAME=\"\" -DPACKAGE_VERSION=\"\" -DPACKAGE_STRING=\"\" -DPACKAGE_BUGREPORT=\"\" -DSTDC_HEADERS=1 -DHAVE_SYS_TYPES_H=1 -DHAVE_SYS_STAT_H=1 -DHAVE_STDLIB_H=1 -DHAVE_STRING_H=1 -DHAVE_MEMORY_H=1 -DHAVE_STRINGS_H=1 -DHAVE_INTTYPES_H=1 -DHAVE_STDINT_H=1 -DHAVE_UNISTD_H=1  ./../generic/jkSoundFile.c
./../generic/jkSoundFile.c:2381:21: warning: format string is not a string literal (potentially insecure) [-Wformat-security]
  sprintf(&buf[20], Tcl_GetStringResult(s->interp));
                    ^~~~~~~~~~~~~~~~~~~~~~~~~~~~~~
/usr/include/tcl8.6/tclDecls.h:3792:40: note: expanded from macro 'Tcl_GetStringResult'
#   define Tcl_GetStringResult(interp) (tclStubsPtr->tcl_GetStringResult(interp))
                                       ^~~~~~~~~~~~~~~~~~~~~~~~~~~~~~~~~~~~~~~~~
1 warning generated.
gcc -c -O -fPIC -DUSE_TCL_STUBS -DUSE_TK_STUBS -DOSS  -I/usr/include/tcl8.6 -I/usr/include/tcl8.6/tcl-private/generic -I/usr/include/tcl8.6/tk-private/generic   -DTCL_81_API -I./../generic -DPACKAGE_NAME=\"\" -DPACKAGE_TARNAME=\"\" -DPACKAGE_VERSION=\"\" -DPACKAGE_STRING=\"\" -DPACKAGE_BUGREPORT=\"\" -DSTDC_HEADERS=1 -DHAVE_SYS_TYPES_H=1 -DHAVE_SYS_STAT_H=1 -DHAVE_STDLIB_H=1 -DHAVE_STRING_H=1 -DHAVE_MEMORY_H=1 -DHAVE_STRINGS_H=1 -DHAVE_INTTYPES_H=1 -DHAVE_STDINT_H=1 -DHAVE_UNISTD_H=1  ./../generic/g711.c
gcc -c -O -fPIC -DUSE_TCL_STUBS -DUSE_TK_STUBS -DOSS  -I/usr/include/tcl8.6 -I/usr/include/tcl8.6/tcl-private/generic -I/usr/include/tcl8.6/tk-private/generic   -DTCL_81_API -I./../generic -DPACKAGE_NAME=\"\" -DPACKAGE_TARNAME=\"\" -DPACKAGE_VERSION=\"\" -DPACKAGE_STRING=\"\" -DPACKAGE_BUGREPORT=\"\" -DSTDC_HEADERS=1 -DHAVE_SYS_TYPES_H=1 -DHAVE_SYS_STAT_H=1 -DHAVE_STDLIB_H=1 -DHAVE_STRING_H=1 -DHAVE_MEMORY_H=1 -DHAVE_STRINGS_H=1 -DHAVE_INTTYPES_H=1 -DHAVE_STDINT_H=1 -DHAVE_UNISTD_H=1  ./../unix/jkAudIO_oss.c
gcc -c -O -fPIC -DUSE_TCL_STUBS -DUSE_TK_STUBS -DOSS  -I/usr/include/tcl8.6 -I/usr/include/tcl8.6/tcl-private/generic -I/usr/include/tcl8.6/tk-private/generic   -DTCL_81_API -I./../generic -DPACKAGE_NAME=\"\" -DPACKAGE_TARNAME=\"\" -DPACKAGE_VERSION=\"\" -DPACKAGE_STRING=\"\" -DPACKAGE_BUGREPORT=\"\" -DSTDC_HEADERS=1 -DHAVE_SYS_TYPES_H=1 -DHAVE_SYS_STAT_H=1 -DHAVE_STDLIB_H=1 -DHAVE_STRING_H=1 -DHAVE_MEMORY_H=1 -DHAVE_STRINGS_H=1 -DHAVE_INTTYPES_H=1 -DHAVE_STDINT_H=1 -DHAVE_UNISTD_H=1  ./../generic/jkSoundProc.c
./../generic/jkSoundProc.c:538:12: warning: comparison of constant -1 with expression of type 'SnackWindowType' is always false [-Wtautological-constant-out-of-range-compare]
  if (type == -1) {
      ~~~~ ^  ~~
1 warning generated.
gcc -c -O -fPIC -DUSE_TCL_STUBS -DUSE_TK_STUBS -DOSS  -I/usr/include/tcl8.6 -I/usr/include/tcl8.6/tcl-private/generic -I/usr/include/tcl8.6/tk-private/generic   -DTCL_81_API -I./../generic -DPACKAGE_NAME=\"\" -DPACKAGE_TARNAME=\"\" -DPACKAGE_VERSION=\"\" -DPACKAGE_STRING=\"\" -DPACKAGE_BUGREPORT=\"\" -DSTDC_HEADERS=1 -DHAVE_SYS_TYPES_H=1 -DHAVE_SYS_STAT_H=1 -DHAVE_STDLIB_H=1 -DHAVE_STRING_H=1 -DHAVE_MEMORY_H=1 -DHAVE_STRINGS_H=1 -DHAVE_INTTYPES_H=1 -DHAVE_STDINT_H=1 -DHAVE_UNISTD_H=1  ./../generic/ffa.c
gcc -c -O -fPIC -DUSE_TCL_STUBS -DUSE_TK_STUBS -DOSS  -I/usr/include/tcl8.6 -I/usr/include/tcl8.6/tcl-private/generic -I/usr/include/tcl8.6/tk-private/generic   -DTCL_81_API -I./../generic -DPACKAGE_NAME=\"\" -DPACKAGE_TARNAME=\"\" -DPACKAGE_VERSION=\"\" -DPACKAGE_STRING=\"\" -DPACKAGE_BUGREPORT=\"\" -DSTDC_HEADERS=1 -DHAVE_SYS_TYPES_H=1 -DHAVE_SYS_STAT_H=1 -DHAVE_STDLIB_H=1 -DHAVE_STRING_H=1 -DHAVE_MEMORY_H=1 -DHAVE_STRINGS_H=1 -DHAVE_INTTYPES_H=1 -DHAVE_STDINT_H=1 -DHAVE_UNISTD_H=1  ./../generic/jkPitchCmd.c
gcc -c -O -fPIC -DUSE_TCL_STUBS -DUSE_TK_STUBS -DOSS  -I/usr/include/tcl8.6 -I/usr/include/tcl8.6/tcl-private/generic -I/usr/include/tcl8.6/tk-private/generic   -DTCL_81_API -I./../generic -DPACKAGE_NAME=\"\" -DPACKAGE_TARNAME=\"\" -DPACKAGE_VERSION=\"\" -DPACKAGE_STRING=\"\" -DPACKAGE_BUGREPORT=\"\" -DSTDC_HEADERS=1 -DHAVE_SYS_TYPES_H=1 -DHAVE_SYS_STAT_H=1 -DHAVE_STDLIB_H=1 -DHAVE_STRING_H=1 -DHAVE_MEMORY_H=1 -DHAVE_STRINGS_H=1 -DHAVE_INTTYPES_H=1 -DHAVE_STDINT_H=1 -DHAVE_UNISTD_H=1  ./../generic/snackStubInit.c
gcc -c -O -fPIC -DUSE_TCL_STUBS -DUSE_TK_STUBS -DOSS  -I/usr/include/tcl8.6 -I/usr/include/tcl8.6/tcl-private/generic -I/usr/include/tcl8.6/tk-private/generic   -DTCL_81_API -I./../generic -DPACKAGE_NAME=\"\" -DPACKAGE_TARNAME=\"\" -DPACKAGE_VERSION=\"\" -DPACKAGE_STRING=\"\" -DPACKAGE_BUGREPORT=\"\" -DSTDC_HEADERS=1 -DHAVE_SYS_TYPES_H=1 -DHAVE_SYS_STAT_H=1 -DHAVE_STDLIB_H=1 -DHAVE_STRING_H=1 -DHAVE_MEMORY_H=1 -DHAVE_STRINGS_H=1 -DHAVE_INTTYPES_H=1 -DHAVE_STDINT_H=1 -DHAVE_UNISTD_H=1  ./../generic/jkAudio.c
gcc -c -O -fPIC -DUSE_TCL_STUBS -DUSE_TK_STUBS -DOSS  -I/usr/include/tcl8.6 -I/usr/include/tcl8.6/tcl-private/generic -I/usr/include/tcl8.6/tk-private/generic   -DTCL_81_API -I./../generic -DPACKAGE_NAME=\"\" -DPACKAGE_TARNAME=\"\" -DPACKAGE_VERSION=\"\" -DPACKAGE_STRING=\"\" -DPACKAGE_BUGREPORT=\"\" -DSTDC_HEADERS=1 -DHAVE_SYS_TYPES_H=1 -DHAVE_SYS_STAT_H=1 -DHAVE_STDLIB_H=1 -DHAVE_STRING_H=1 -DHAVE_MEMORY_H=1 -DHAVE_STRINGS_H=1 -DHAVE_INTTYPES_H=1 -DHAVE_STDINT_H=1 -DHAVE_UNISTD_H=1  ./../generic/jkMixer.c
gcc -c -O -fPIC -DUSE_TCL_STUBS -DUSE_TK_STUBS -DOSS  -I/usr/include/tcl8.6 -I/usr/include/tcl8.6/tcl-private/generic -I/usr/include/tcl8.6/tk-private/generic   -DTCL_81_API -I./../generic -DPACKAGE_NAME=\"\" -DPACKAGE_TARNAME=\"\" -DPACKAGE_VERSION=\"\" -DPACKAGE_STRING=\"\" -DPACKAGE_BUGREPORT=\"\" -DSTDC_HEADERS=1 -DHAVE_SYS_TYPES_H=1 -DHAVE_SYS_STAT_H=1 -DHAVE_STDLIB_H=1 -DHAVE_STRING_H=1 -DHAVE_MEMORY_H=1 -DHAVE_STRINGS_H=1 -DHAVE_INTTYPES_H=1 -DHAVE_STDINT_H=1 -DHAVE_UNISTD_H=1  ./../generic/shape.c
gcc -c -O -fPIC -DUSE_TCL_STUBS -DUSE_TK_STUBS -DOSS  -I/usr/include/tcl8.6 -I/usr/include/tcl8.6/tcl-private/generic -I/usr/include/tcl8.6/tk-private/generic   -DTCL_81_API -I./../generic -DPACKAGE_NAME=\"\" -DPACKAGE_TARNAME=\"\" -DPACKAGE_VERSION=\"\" -DPACKAGE_STRING=\"\" -DPACKAGE_BUGREPORT=\"\" -DSTDC_HEADERS=1 -DHAVE_SYS_TYPES_H=1 -DHAVE_SYS_STAT_H=1 -DHAVE_STDLIB_H=1 -DHAVE_STRING_H=1 -DHAVE_MEMORY_H=1 -DHAVE_STRINGS_H=1 -DHAVE_INTTYPES_H=1 -DHAVE_STDINT_H=1 -DHAVE_UNISTD_H=1  ./../generic/jkFilter.c
gcc -c -O -fPIC -DUSE_TCL_STUBS -DUSE_TK_STUBS -DOSS  -I/usr/include/tcl8.6 -I/usr/include/tcl8.6/tcl-private/generic -I/usr/include/tcl8.6/tk-private/generic   -DTCL_81_API -I./../generic -DPACKAGE_NAME=\"\" -DPACKAGE_TARNAME=\"\" -DPACKAGE_VERSION=\"\" -DPACKAGE_STRING=\"\" -DPACKAGE_BUGREPORT=\"\" -DSTDC_HEADERS=1 -DHAVE_SYS_TYPES_H=1 -DHAVE_SYS_STAT_H=1 -DHAVE_STDLIB_H=1 -DHAVE_STRING_H=1 -DHAVE_MEMORY_H=1 -DHAVE_STRINGS_H=1 -DHAVE_INTTYPES_H=1 -DHAVE_STDINT_H=1 -DHAVE_UNISTD_H=1  ./../generic/jkSynthesis.c
gcc -c -O -fPIC -DUSE_TCL_STUBS -DUSE_TK_STUBS -DOSS  -I/usr/include/tcl8.6 -I/usr/include/tcl8.6/tcl-private/generic -I/usr/include/tcl8.6/tk-private/generic   -DTCL_81_API -I./../generic -DPACKAGE_NAME=\"\" -DPACKAGE_TARNAME=\"\" -DPACKAGE_VERSION=\"\" -DPACKAGE_STRING=\"\" -DPACKAGE_BUGREPORT=\"\" -DSTDC_HEADERS=1 -DHAVE_SYS_TYPES_H=1 -DHAVE_SYS_STAT_H=1 -DHAVE_STDLIB_H=1 -DHAVE_STRING_H=1 -DHAVE_MEMORY_H=1 -DHAVE_STRINGS_H=1 -DHAVE_INTTYPES_H=1 -DHAVE_STDINT_H=1 -DHAVE_UNISTD_H=1  ./../generic/jkFilterIIR.c
gcc -c -O -fPIC -DUSE_TCL_STUBS -DUSE_TK_STUBS -DOSS  -I/usr/include/tcl8.6 -I/usr/include/tcl8.6/tcl-private/generic -I/usr/include/tcl8.6/tk-private/generic   -DTCL_81_API -I./../generic -DPACKAGE_NAME=\"\" -DPACKAGE_TARNAME=\"\" -DPACKAGE_VERSION=\"\" -DPACKAGE_STRING=\"\" -DPACKAGE_BUGREPORT=\"\" -DSTDC_HEADERS=1 -DHAVE_SYS_TYPES_H=1 -DHAVE_SYS_STAT_H=1 -DHAVE_STDLIB_H=1 -DHAVE_STRING_H=1 -DHAVE_MEMORY_H=1 -DHAVE_STRINGS_H=1 -DHAVE_INTTYPES_H=1 -DHAVE_STDINT_H=1 -DHAVE_UNISTD_H=1  ./../generic/jkGetF0.c
gcc -c -O -fPIC -DUSE_TCL_STUBS -DUSE_TK_STUBS -DOSS  -I/usr/include/tcl8.6 -I/usr/include/tcl8.6/tcl-private/generic -I/usr/include/tcl8.6/tk-private/generic   -DTCL_81_API -I./../generic -DPACKAGE_NAME=\"\" -DPACKAGE_TARNAME=\"\" -DPACKAGE_VERSION=\"\" -DPACKAGE_STRING=\"\" -DPACKAGE_BUGREPORT=\"\" -DSTDC_HEADERS=1 -DHAVE_SYS_TYPES_H=1 -DHAVE_SYS_STAT_H=1 -DHAVE_STDLIB_H=1 -DHAVE_STRING_H=1 -DHAVE_MEMORY_H=1 -DHAVE_STRINGS_H=1 -DHAVE_INTTYPES_H=1 -DHAVE_STDINT_H=1 -DHAVE_UNISTD_H=1  ./../generic/sigproc.c
gcc -c -O -fPIC -DUSE_TCL_STUBS -DUSE_TK_STUBS -DOSS  -I/usr/include/tcl8.6 -I/usr/include/tcl8.6/tcl-private/generic -I/usr/include/tcl8.6/tk-private/generic   -DTCL_81_API -I./../generic -DPACKAGE_NAME=\"\" -DPACKAGE_TARNAME=\"\" -DPACKAGE_VERSION=\"\" -DPACKAGE_STRING=\"\" -DPACKAGE_BUGREPORT=\"\" -DSTDC_HEADERS=1 -DHAVE_SYS_TYPES_H=1 -DHAVE_SYS_STAT_H=1 -DHAVE_STDLIB_H=1 -DHAVE_STRING_H=1 -DHAVE_MEMORY_H=1 -DHAVE_STRINGS_H=1 -DHAVE_INTTYPES_H=1 -DHAVE_STDINT_H=1 -DHAVE_UNISTD_H=1  ./../generic/jkFormant.c
gcc -c -O -fPIC -DUSE_TCL_STUBS -DUSE_TK_STUBS -DOSS  -I/usr/include/tcl8.6 -I/usr/include/tcl8.6/tcl-private/generic -I/usr/include/tcl8.6/tk-private/generic   -DTCL_81_API -I./../generic -DPACKAGE_NAME=\"\" -DPACKAGE_TARNAME=\"\" -DPACKAGE_VERSION=\"\" -DPACKAGE_STRING=\"\" -DPACKAGE_BUGREPORT=\"\" -DSTDC_HEADERS=1 -DHAVE_SYS_TYPES_H=1 -DHAVE_SYS_STAT_H=1 -DHAVE_STDLIB_H=1 -DHAVE_STRING_H=1 -DHAVE_MEMORY_H=1 -DHAVE_STRINGS_H=1 -DHAVE_INTTYPES_H=1 -DHAVE_STDINT_H=1 -DHAVE_UNISTD_H=1  ./../generic/sigproc2.c
gcc -shared -O -fPIC -DUSE_TCL_STUBS -DUSE_TK_STUBS -DOSS  -I/usr/include/tcl8.6 -I/usr/include/tcl8.6/tcl-private/generic -I/usr/include/tcl8.6/tk-private/generic   -DTCL_81_API -I./../generic -DPACKAGE_NAME=\"\" -DPACKAGE_TARNAME=\"\" -DPACKAGE_VERSION=\"\" -DPACKAGE_STRING=\"\" -DPACKAGE_BUGREPORT=\"\" -DSTDC_HEADERS=1 -DHAVE_SYS_TYPES_H=1 -DHAVE_SYS_STAT_H=1 -DHAVE_STDLIB_H=1 -DHAVE_STRING_H=1 -DHAVE_MEMORY_H=1 -DHAVE_STRINGS_H=1 -DHAVE_INTTYPES_H=1 -DHAVE_STDINT_H=1 -DHAVE_UNISTD_H=1   sound.o jkSound.o jkSoundEngine.o jkSoundEdit.o jkSoundFile.o g711.o jkAudIO_oss.o jkSoundProc.o ffa.o jkPitchCmd.o snackStubInit.o jkAudio.o jkMixer.o shape.o jkFilter.o jkSynthesis.o jkFilterIIR.o jkGetF0.o sigproc.o jkFormant.o sigproc2.o -lc  -L/usr/lib/x86_64-linux-gnu -ltclstub8.6 -o libsound.so 
sed s/.dll/.so/ < ./../unix/pkgIndex.tcl.dll > pkgIndex.tcl
gcc -c -O -fPIC -DUSE_TCL_STUBS -DUSE_TK_STUBS -DOSS  -I/usr/include/tcl8.6 -I/usr/include/tcl8.6/tcl-private/generic -I/usr/include/tcl8.6/tk-private/generic   -DTCL_81_API -I./../generic -DPACKAGE_NAME=\"\" -DPACKAGE_TARNAME=\"\" -DPACKAGE_VERSION=\"\" -DPACKAGE_STRING=\"\" -DPACKAGE_BUGREPORT=\"\" -DSTDC_HEADERS=1 -DHAVE_SYS_TYPES_H=1 -DHAVE_SYS_STAT_H=1 -DHAVE_STDLIB_H=1 -DHAVE_STRING_H=1 -DHAVE_MEMORY_H=1 -DHAVE_STRINGS_H=1 -DHAVE_INTTYPES_H=1 -DHAVE_STDINT_H=1 -DHAVE_UNISTD_H=1  ./../generic/snack.c
gcc -c -O -fPIC -DUSE_TCL_STUBS -DUSE_TK_STUBS -DOSS  -I/usr/include/tcl8.6 -I/usr/include/tcl8.6/tcl-private/generic -I/usr/include/tcl8.6/tk-private/generic   -DTCL_81_API -I./../generic -DPACKAGE_NAME=\"\" -DPACKAGE_TARNAME=\"\" -DPACKAGE_VERSION=\"\" -DPACKAGE_STRING=\"\" -DPACKAGE_BUGREPORT=\"\" -DSTDC_HEADERS=1 -DHAVE_SYS_TYPES_H=1 -DHAVE_SYS_STAT_H=1 -DHAVE_STDLIB_H=1 -DHAVE_STRING_H=1 -DHAVE_MEMORY_H=1 -DHAVE_STRINGS_H=1 -DHAVE_INTTYPES_H=1 -DHAVE_STDINT_H=1 -DHAVE_UNISTD_H=1  ./../generic/jkCanvSpeg.c
./../generic/jkCanvSpeg.c:104:8: warning: incompatible pointer types initializing 'Tk_OptionPrintProc *' (aka 'const char *(*)(ClientData, Tk_Window, char *, int, Tcl_FreeProc **)') with an expression of type 'char *(ClientData, Tk_Window, char *, int, Tcl_FreeProc **)' [-Wincompatible-pointer-types]
                                          PrintColorMap, 
                                          ^~~~~~~~~~~~~
./../generic/jkCanvSpeg.c:402:49: warning: passing 'char ***' to parameter of type 'const char ***' discards qualifiers in nested pointer types [-Wincompatible-pointer-types-discards-qualifiers]
      if (Tcl_SplitList(interp, argv[0], &argc, &argv) != TCL_OK) {
                                                ^~~~~
2 warnings generated.
gcc -c -O -fPIC -DUSE_TCL_STUBS -DUSE_TK_STUBS -DOSS  -I/usr/include/tcl8.6 -I/usr/include/tcl8.6/tcl-private/generic -I/usr/include/tcl8.6/tk-private/generic   -DTCL_81_API -I./../generic -DPACKAGE_NAME=\"\" -DPACKAGE_TARNAME=\"\" -DPACKAGE_VERSION=\"\" -DPACKAGE_STRING=\"\" -DPACKAGE_BUGREPORT=\"\" -DSTDC_HEADERS=1 -DHAVE_SYS_TYPES_H=1 -DHAVE_SYS_STAT_H=1 -DHAVE_STDLIB_H=1 -DHAVE_STRING_H=1 -DHAVE_MEMORY_H=1 -DHAVE_STRINGS_H=1 -DHAVE_INTTYPES_H=1 -DHAVE_STDINT_H=1 -DHAVE_UNISTD_H=1  ./../generic/jkCanvWave.c
./../generic/jkCanvWave.c:415:49: warning: passing 'char ***' to parameter of type 'const char ***' discards qualifiers in nested pointer types [-Wincompatible-pointer-types-discards-qualifiers]
      if (Tcl_SplitList(interp, argv[0], &argc, &argv) != TCL_OK) {
                                                ^~~~~
1 warning generated.
gcc -c -O -fPIC -DUSE_TCL_STUBS -DUSE_TK_STUBS -DOSS  -I/usr/include/tcl8.6 -I/usr/include/tcl8.6/tcl-private/generic -I/usr/include/tcl8.6/tk-private/generic   -DTCL_81_API -I./../generic -DPACKAGE_NAME=\"\" -DPACKAGE_TARNAME=\"\" -DPACKAGE_VERSION=\"\" -DPACKAGE_STRING=\"\" -DPACKAGE_BUGREPORT=\"\" -DSTDC_HEADERS=1 -DHAVE_SYS_TYPES_H=1 -DHAVE_SYS_STAT_H=1 -DHAVE_STDLIB_H=1 -DHAVE_STRING_H=1 -DHAVE_MEMORY_H=1 -DHAVE_STRINGS_H=1 -DHAVE_INTTYPES_H=1 -DHAVE_STDINT_H=1 -DHAVE_UNISTD_H=1  ./../generic/jkCanvSect.c
./../generic/jkCanvSect.c:363:49: warning: passing 'char ***' to parameter of type 'const char ***' discards qualifiers in nested pointer types [-Wincompatible-pointer-types-discards-qualifiers]
      if (Tcl_SplitList(interp, argv[0], &argc, &argv) != TCL_OK) {
                                                ^~~~~
1 warning generated.
gcc -shared -O -fPIC -DUSE_TCL_STUBS -DUSE_TK_STUBS -DOSS  -I/usr/include/tcl8.6 -I/usr/include/tcl8.6/tcl-private/generic -I/usr/include/tcl8.6/tk-private/generic   -DTCL_81_API -I./../generic -DPACKAGE_NAME=\"\" -DPACKAGE_TARNAME=\"\" -DPACKAGE_VERSION=\"\" -DPACKAGE_STRING=\"\" -DPACKAGE_BUGREPORT=\"\" -DSTDC_HEADERS=1 -DHAVE_SYS_TYPES_H=1 -DHAVE_SYS_STAT_H=1 -DHAVE_STDLIB_H=1 -DHAVE_STRING_H=1 -DHAVE_MEMORY_H=1 -DHAVE_STRINGS_H=1 -DHAVE_INTTYPES_H=1 -DHAVE_STDINT_H=1 -DHAVE_UNISTD_H=1   snack.o jkSound.o jkSoundEngine.o jkSoundEdit.o jkSoundFile.o jkCanvSpeg.o jkCanvWave.o jkCanvSect.o ffa.o g711.o jkAudIO_oss.o jkSoundProc.o jkPitchCmd.o snackStubInit.o jkAudio.o jkMixer.o shape.o jkFilter.o jkSynthesis.o jkFilterIIR.o jkGetF0.o sigproc.o jkFormant.o sigproc2.o -lc -lX11  -L/usr/lib/x86_64-linux-gnu -ltclstub8.6 -L/usr/lib/x86_64-linux-gnu -ltkstub8.6 -o libsnack.so 
sed s/.dll/.so/ < ./../unix/pkgIndex.tcl.dll > pkgIndex.tcl
gcc -c -O -fPIC -DUSE_TCL_STUBS -DUSE_TK_STUBS -DOSS  -I/usr/include/tcl8.6 -I/usr/include/tcl8.6/tcl-private/generic -I/usr/include/tcl8.6/tk-private/generic   -DTCL_81_API -I./../generic -DPACKAGE_NAME=\"\" -DPACKAGE_TARNAME=\"\" -DPACKAGE_VERSION=\"\" -DPACKAGE_STRING=\"\" -DPACKAGE_BUGREPORT=\"\" -DSTDC_HEADERS=1 -DHAVE_SYS_TYPES_H=1 -DHAVE_SYS_STAT_H=1 -DHAVE_STDLIB_H=1 -DHAVE_STRING_H=1 -DHAVE_MEMORY_H=1 -DHAVE_STRINGS_H=1 -DHAVE_INTTYPES_H=1 -DHAVE_STDINT_H=1 -DHAVE_UNISTD_H=1  ./../generic/snackStubLib.c
ar cr libsnackstub2.2.a snackStubLib.o
gcc -I/usr/include -c -O -fPIC -DUSE_TCL_STUBS -DUSE_TK_STUBS -DOSS  -I/usr/include/tcl8.6 -I/usr/include/tcl8.6/tcl-private/generic -I/usr/include/tcl8.6/tk-private/generic   -DTCL_81_API -I./../generic -DPACKAGE_NAME=\"\" -DPACKAGE_TARNAME=\"\" -DPACKAGE_VERSION=\"\" -DPACKAGE_STRING=\"\" -DPACKAGE_BUGREPORT=\"\" -DSTDC_HEADERS=1 -DHAVE_SYS_TYPES_H=1 -DHAVE_SYS_STAT_H=1 -DHAVE_STDLIB_H=1 -DHAVE_STRING_H=1 -DHAVE_MEMORY_H=1 -DHAVE_STRINGS_H=1 -DHAVE_INTTYPES_H=1 -DHAVE_STDINT_H=1 -DHAVE_UNISTD_H=1  -DUSE_SNACK_STUBS ./../generic/SnackOgg.c
./../generic/SnackOgg.c:2535:15: warning: enumeration value 'VENDOR' not handled in switch [-Wswitch]
      switch ((enum options) index) {
              ^
1 warning generated.
gcc -shared -O -fPIC -DUSE_TCL_STUBS -DUSE_TK_STUBS -DOSS  -I/usr/include/tcl8.6 -I/usr/include/tcl8.6/tcl-private/generic -I/usr/include/tcl8.6/tk-private/generic   -DTCL_81_API -I./../generic -DPACKAGE_NAME=\"\" -DPACKAGE_TARNAME=\"\" -DPACKAGE_VERSION=\"\" -DPACKAGE_STRING=\"\" -DPACKAGE_BUGREPORT=\"\" -DSTDC_HEADERS=1 -DHAVE_SYS_TYPES_H=1 -DHAVE_SYS_STAT_H=1 -DHAVE_STDLIB_H=1 -DHAVE_STRING_H=1 -DHAVE_MEMORY_H=1 -DHAVE_STRINGS_H=1 -DHAVE_INTTYPES_H=1 -DHAVE_STDINT_H=1 -DHAVE_UNISTD_H=1   SnackOgg.o -L/usr/lib -lvorbisenc -lvorbis -logg -lc -L/usr/lib/x86_64-linux-gnu -ltclstub8.6 -L. -lsnackstub2.2 -o libsnackogg.so
if test "8.6" != "8.4"; then\
    cd ./../unix/../demos/tcl/ ;\
    sed s/wish8.4/wish8.6/ MinSect.tcl > tmp ;\
    mv -f tmp MinSect.tcl ;\
    chmod 755 MinSect.tcl ;\
    sed s/wish8.4/wish8.6/ MinSpeg.tcl > tmp ;\
    mv -f tmp MinSpeg.tcl ;\
    chmod 755 MinSpeg.tcl ;\
    sed s/wish8.4/wish8.6/ MinWave.tcl > tmp ;\
    mv -f tmp MinWave.tcl ;\
    chmod 755 MinWave.tcl ;\
    sed s/wish8.4/wish8.6/ Section.tcl > tmp ;\
    mv -f tmp Section.tcl ;\
    chmod 755 Section.tcl ;\
    sed s/wish8.4/wish8.6/ Spectrogram.tcl > tmp ;\
    mv -f tmp Spectrogram.tcl ;\
    chmod 755 Spectrogram.tcl ;\
    sed s/tclsh8.4/tclsh8.6/ SphereTest.tcl > tmp ;\
    mv -f tmp SphereTest.tcl ;\
    chmod 755 SphereTest.tcl ;\
    sed s/wish8.4/wish8.6/ Waveform.tcl > tmp ;\
    mv -f tmp Waveform.tcl ;\
    chmod 755 Waveform.tcl ;\
    sed s/wish8.4/wish8.6/ aserver.tcl > tmp ;\
    mv -f tmp aserver.tcl ;\
    chmod 755 aserver.tcl ;\
    sed s/tclsh8.4/tclsh8.6/ compose.tcl > tmp ;\
    mv -f tmp compose.tcl ;\
    chmod 755 compose.tcl ;\
    sed s/wish8.4/wish8.6/ cool.tcl > tmp ;\
    mv -f tmp cool.tcl ;\
    chmod 755 cool.tcl ;\
    sed s/tclsh8.4/tclsh8.6/ echo.tcl > tmp ;\
    mv -f tmp echo.tcl ;\
    chmod 755 echo.tcl ;\
    sed s/tclsh8.4/tclsh8.6/ formant.tcl > tmp ;\
    mv -f tmp formant.tcl ;\
    chmod 755 formant.tcl ;\
    sed s/tclsh8.4/tclsh8.6/ fourChan.tcl > tmp ;\
    mv -f tmp fourChan.tcl ;\
    chmod 755 fourChan.tcl ;\
    sed s/wish8.4/wish8.6/ levelmeter.tcl > tmp ;\
    mv -f tmp levelmeter.tcl ;\
    chmod 755 levelmeter.tcl ;\
    sed s/tclsh8.4/tclsh8.6/ mapChan.tcl > tmp ;\
    mv -f tmp mapChan.tcl ;\
    chmod 755 mapChan.tcl ;\
    sed s/wish8.4/wish8.6/ mixer.tcl > tmp ;\
    mv -f tmp mixer.tcl ;\
    chmod 755 mixer.tcl ;\
    sed s/tclsh8.4/tclsh8.6/ play.tcl > tmp ;\
    mv -f tmp play.tcl ;\
    chmod 755 play.tcl ;\
    sed s/wish8.4/wish8.6/ record.tcl > tmp ;\
    mv -f tmp record.tcl ;\
    chmod 755 record.tcl ;\
    sed s/tclsh8.4/tclsh8.6/ recrplay.tcl > tmp ;\
    mv -f tmp recrplay.tcl ;\
    chmod 755 recrplay.tcl ;\
    sed s/tclsh8.4/tclsh8.6/ rplay.tcl > tmp ;\
    mv -f tmp rplay.tcl ;\
    chmod 755 rplay.tcl ;\
    sed s/wish8.4/wish8.6/ snamp.tcl > tmp ;\
    mv -f tmp snamp.tcl ;\
    chmod 755 snamp.tcl ;\
    sed s/wish8.4/wish8.6/ spectrum.tcl > tmp ;\
    mv -f tmp spectrum.tcl ;\
    chmod 755 spectrum.tcl ;\
    sed s/wish8.4/wish8.6/ tomAmp.tcl > tmp ;\
    mv -f tmp tomAmp.tcl ;\
    chmod 755 tomAmp.tcl ;\
    sed s/wish8.4/wish8.6/ dbrec.tcl > tmp ;\
    mv -f tmp dbrec.tcl ;\
    chmod 755 dbrec.tcl ;\
    sed s/wish8.4/wish8.6/ widget.tcl > tmp ;\
    mv -f tmp widget.tcl ;\
    chmod 755 widget.tcl ;\
    sed s/wish8.4/wish8.6/ wrap.tcl > tmp ;\
    mv -f tmp wrap.tcl ;\
    chmod 755 wrap.tcl ;\
    sed s/wish8.4/wish8.6/ generator.tcl > tmp ;\
    mv -f tmp generator.tcl ;\
    chmod 755 generator.tcl ;\
    sed s/wish8.4/wish8.6/ notescale.tcl > tmp ;\
    mv -f tmp notescale.tcl ;\
    chmod 755 notescale.tcl ;\
    sed s/wish8.4/wish8.6/ oggstream.tcl > tmp ;\
    mv -f tmp oggstream.tcl ;\
    chmod 755 oggstream.tcl ;\
    sed s/wish8.4/wish8.6/ polarspec.tcl > tmp ;\
    mv -f tmp polarspec.tcl ;\
    chmod 755 polarspec.tcl ;\
    sed s/wish8.4/wish8.6/ pitch.tcl > tmp ;\
    mv -f tmp pitch.tcl ;\
    chmod 755 pitch.tcl ;\
    sed s/wish8.4/wish8.6/ phonetogram.tcl > tmp ;\
    mv -f tmp phonetogram.tcl ;\
    chmod 755 phonetogram.tcl ;\
    sed s/wish8.4/wish8.6/ vowelspace.tcl > tmp ;\
    mv -f tmp vowelspace.tcl ;\
    chmod 755 vowelspace.tcl ;\
    sed s/wish8.4/wish8.6/ CSLwithAB.tcl > tmp ;\
    mv -f tmp CSLwithAB.tcl ;\
    chmod 755 CSLwithAB.tcl ;\
    sed s/wish8.4/wish8.6/ xs.tcl > tmp ;\
    mv -f tmp xs.tcl ;\
    chmod 755 xs.tcl ;\
    sed s/wish8.4/wish8.6/ playlist.tcl > tmp ;\
    mv -f tmp playlist.tcl ;\
    chmod 755 playlist.tcl ;\
    sed s/wish8.4/wish8.6/ mixplay.tcl > tmp ;\
    mv -f tmp mixplay.tcl ;\
    chmod 755 mixplay.tcl ;\
    cd ../../unix ;\
fi
make[1]: 'libsnackogg.so' is up to date.
gcc -c -O -fPIC -DUSE_TCL_STUBS -DUSE_TK_STUBS -DOSS  -I/usr/include/tcl8.6 -I/usr/include/tcl8.6/tcl-private/generic -I/usr/include/tcl8.6/tk-private/generic   -DTCL_81_API -I./../generic -DPACKAGE_NAME=\"\" -DPACKAGE_TARNAME=\"\" -DPACKAGE_VERSION=\"\" -DPACKAGE_STRING=\"\" -DPACKAGE_BUGREPORT=\"\" -DSTDC_HEADERS=1 -DHAVE_SYS_TYPES_H=1 -DHAVE_SYS_STAT_H=1 -DHAVE_STDLIB_H=1 -DHAVE_STRING_H=1 -DHAVE_MEMORY_H=1 -DHAVE_STRINGS_H=1 -DHAVE_INTTYPES_H=1 -DHAVE_STDINT_H=1 -DHAVE_UNISTD_H=1  -DUSE_SNACK_STUBS ./../generic/SnackMpg.c
./../generic/SnackMpg.c:40:11: warning: 'EXPORT' macro redefined [-Wmacro-redefined]
#  define EXPORT(a,b) a b
          ^
/usr/include/mpg123.h:27:9: note: previous definition is here
#define EXPORT
        ^
./../generic/SnackMpg.c:100:5: warning: implicitly declaring library function 'memset' with type 'void *(void *, int, unsigned long)'
    memset(of, 0, sizeof(Mpg123_File));
    ^
./../generic/SnackMpg.c:100:5: note: include the header <string.h> or explicitly provide a declaration for 'memset'
./../generic/SnackMpg.c:134:20: warning: initializing 'unsigned char *' with an expression of type 'char *' converts between pointers to integer types with different sign [-Wpointer-sign]
    unsigned char *ubuf = buf;
                   ^      ~~~
./../generic/SnackMpg.c:146:9: warning: implicit declaration of function 'toupper' is invalid in C99 [-Wimplicit-function-declaration]
        toupper(buf[0]) == 'R' && toupper(buf[0]) == 'I' &&
        ^
./../generic/SnackMpg.c:164:28: warning: passing 'char *' to parameter of type 'const unsigned char *' converts between pointers to integer types with different sign [-Wpointer-sign]
    ret = mpg123_decode(m, buf, len, pcmout, decsiz, &done);
                           ^~~
/usr/include/mpg123.h:507:66: note: passing argument to parameter 'inmemory' here
EXPORT int mpg123_decode(mpg123_handle *mh, const unsigned char *inmemory, size_t inmemsize, unsigned char *outmemory, size_t outmemsize, size_t *done);
                                                                 ^
./../generic/SnackMpg.c:164:54: warning: incompatible pointer types passing 'int *' to parameter of type 'size_t *' (aka 'unsigned long *') [-Wincompatible-pointer-types]
    ret = mpg123_decode(m, buf, len, pcmout, decsiz, &done);
                                                     ^~~~~
/usr/include/mpg123.h:507:147: note: passing argument to parameter 'done' here
EXPORT int mpg123_decode(mpg123_handle *mh, const unsigned char *inmemory, size_t inmemsize, unsigned char *outmemory, size_t outmemsize, size_t *done);
                                                                                                                                                  ^
./../generic/SnackMpg.c:181:14: warning: implicitly declaring library function 'strlen' with type 'unsigned long (const char *)'
    int l1 = strlen(".mp3");
             ^
./../generic/SnackMpg.c:181:14: note: include the header <string.h> or explicitly provide a declaration for 'strlen'
./../generic/SnackMpg.c:206:11: warning: assigning to 'Tcl_ChannelType *' (aka 'struct Tcl_ChannelType *') from 'const Tcl_ChannelType *' (aka 'const struct Tcl_ChannelType *') discards qualifiers [-Wincompatible-pointer-types-discards-qualifiers]
    cType = Tcl_GetChannelType(ch);
          ^ ~~~~~~~~~~~~~~~~~~~~~~
./../generic/SnackMpg.c:208:23: warning: implicitly declaring library function 'strcmp' with type 'int (const char *, const char *)'
        of->isFile = !strcmp(cType->typeName, "file");
                      ^
./../generic/SnackMpg.c:208:23: note: include the header <string.h> or explicitly provide a declaration for 'strcmp'
./../generic/SnackMpg.c:320:1: warning: control reaches end of non-void function [-Wreturn-type]
}
^
./../generic/SnackMpg.c:337:9: error: non-void function 'CloseMpg123File' should return a value [-Wreturn-type]
        return;
        ^
./../generic/SnackMpg.c:382:43: warning: passing 'char [8500]' to parameter of type 'const unsigned char *' converts between pointers to integer types with different sign [-Wpointer-sign]
                rc = mpg123_decode(of->m, buffer, bytes, of->pcmbuf, rlen, &done);
                                          ^~~~~~
/usr/include/mpg123.h:507:66: note: passing argument to parameter 'inmemory' here
EXPORT int mpg123_decode(mpg123_handle *mh, const unsigned char *inmemory, size_t inmemsize, unsigned char *outmemory, size_t outmemsize, size_t *done);
                                                                 ^
./../generic/SnackMpg.c:396:61: warning: format specifies type 'int' but the argument has type 'size_t' (aka 'unsigned long') [-Wformat]
            if (s->debug) fprintf(stderr, "MPG DONE: %d\n", nread);
                                                     ~~     ^~~~~
                                                     %zu
./../generic/SnackMpg.c:400:62: warning: format specifies type 'int' but the argument has type 'size_t' (aka 'unsigned long') [-Wformat]
            if (s->debug) fprintf(stderr, "MPG ERROR: %d\n", nread);
                                                      ~~     ^~~~~
                                                      %zu
./../generic/SnackMpg.c:411:68: warning: format specifies type 'int' but the argument has type 'size_t' (aka 'unsigned long') [-Wformat]
        if (s->debug) fprintf(stderr, "MPG READ (%d of %d): %d\n", nread, len, rc);
                                                 ~~                ^~~~~
                                                 %zu
./../generic/SnackMpg.c:423:14: warning: comparison of unsigned expression < 0 is always false [-Wtautological-compare]
    if (done < 0) {
        ~~~~ ^ ~
./../generic/SnackMpg.c:435:57: warning: format specifies type 'int' but the argument has type 'size_t' (aka 'unsigned long') [-Wformat]
    if (s->debug) fprintf(stderr, "MPG READ RET: %d\n", nread);
                                                 ~~     ^~~~~
                                                 %zu
./../generic/SnackMpg.c:461:70: warning: data argument not used by format string [-Wformat-extra-args]
        if (s->debug) fprintf(stderr, "MPG SEEK NOMOVE: %d\n", opos, pos);
                                      ~~~~~~~~~~~~~~~~~~~~~~~        ^
./../generic/SnackMpg.c:481:42: warning: passing 'unsigned char *' to parameter of type 'char *' converts between pointers to integer types with different sign [-Wpointer-sign]
                Tcl_Read(of->datasource, of->pcmbuf, extra);
                                         ^~~~~~~~~~
./../generic/SnackMpg.c:610:17: warning: enumeration value 'ARTIST' not handled in switch [-Wswitch]
        switch ((enum options) index) {
                ^
./../generic/SnackMpg.c:704:21: warning: 8 enumeration values not handled in switch: 'ALBUM', 'ARTIST', 'YEAR'... [-Wswitch]
            switch ((enum options) index) {
                    ^
20 warnings and 1 error generated.
make[1]: *** [SnackMpg.o] Error 1
Makefile:312: recipe for target 'SnackMpg.o' failed
make[1]: Leaving directory '/«PKGBUILDDIR»/unix'
make: *** [build-stamp] Error 2
dpkg-buildpackage: error: debian/rules build-arch gave error exit status 2
debian/rules:49: recipe for target 'build-stamp' failed
────────────────────────────────────────────────────────────────────────────────
Build finished at 20140904-1905

Finished
────────

E: Build failure (dpkg-buildpackage died)

┌──────────────────────────────────────────────────────────────────────────────┐
│ Cleanup                                                                      │
└──────────────────────────────────────────────────────────────────────────────┘

Purging /«BUILDDIR»
Not cleaning session: cloned chroot in use

┌──────────────────────────────────────────────────────────────────────────────┐
│ Summary                                                                      │
└──────────────────────────────────────────────────────────────────────────────┘

Build Architecture: amd64
Build-Space: 4964
Build-Time: 17
Distribution: unstable
Fail-Stage: build
Host Architecture: amd64
Install-Time: 16
Job: snack_2.2.10.20090623-dfsg-4
Machine Architecture: amd64
Package: snack
Package-Time: 63
Source-Version: 2.2.10.20090623-dfsg-4
Space: 4964
Status: attempted
Version: 2.2.10.20090623-dfsg-4clang1
────────────────────────────────────────────────────────────────────────────────
Finished at 20140904-1905
Build needed 00:01:03, 4964k disc space
DC-Status: Failed 64.21473277s
DC-Time-Estimation: 64.21473277 versus expected 294 (r/m: 3.578388592739759 ; m: 64.21473277)
