DC-Build-Header: wmitime 0.3+20120605-1 / 2014-09-04 19:44:49 +0000
DC-Task: source:wmitime version:0.3+20120605-1 architecture:any chroot:unstable esttime:116 logfile:/tmp/wmitime_0.3+20120605-1_unstable_clang.log modes:binary-only:parallel:clang
DC-Sbuild-call: su user -c 'sbuild -n --apt-update -d unstable -v  --chroot-setup-commands=/tmp/switch-to-clang --append-to-version "clang1" --maintainer "Lucas Nussbaum <lucas@debian.org>" --uploader "Lucas Nussbaum <lucas@debian.org>" wmitime_0.3+20120605-1'
sbuild (Debian sbuild) 0.63.2 (18 Aug 2012) on ip-172-31-7-130.us-west-2.compute.internal

╔══════════════════════════════════════════════════════════════════════════════╗
║ wmitime 0.3+20120605-1clang1 (amd64)                       04 Sep 2014 19:44 ║
╚══════════════════════════════════════════════════════════════════════════════╝

Package: wmitime
Version: 0.3+20120605-1clang1
Source Version: 0.3+20120605-1
Distribution: unstable
Machine Architecture: amd64
Host Architecture: amd64
Build Architecture: amd64

I: NOTICE: Log filtering will replace 'build/wmitime-p6HoQD/wmitime-0.3+20120605' with '«PKGBUILDDIR»'
I: NOTICE: Log filtering will replace 'build/wmitime-p6HoQD' with '«BUILDDIR»'
I: NOTICE: Log filtering will replace 'var/lib/schroot/mount/unstable-amd64-sbuild-29e1bcf0-dc9d-45e7-a870-4422ac8d95ef' with '«CHROOT»'

┌──────────────────────────────────────────────────────────────────────────────┐
│ Update chroot                                                                │
└──────────────────────────────────────────────────────────────────────────────┘

Get:1 http://localhost:9999 unstable InRelease [233 kB]
Get:2 http://localhost:9999 unstable/main Sources/DiffIndex [7876 B]
Get:3 http://localhost:9999 unstable/main amd64 Packages/DiffIndex [7876 B]
Get:4 http://localhost:9999 unstable/main Translation-en/DiffIndex [7876 B]
Get:5 http://localhost:9999 unstable/main 2014-09-03-1436.55.pdiff [24.7 kB]
Get:6 http://localhost:9999 unstable/main 2014-09-03-2030.01.pdiff [10.5 kB]
Get:7 http://localhost:9999 unstable/main 2014-09-04-0229.22.pdiff [7545 B]
Get:8 http://localhost:9999 unstable/main 2014-09-04-0831.05.pdiff [14.0 kB]
Get:9 http://localhost:9999 unstable/main amd64 2014-09-03-1436.55.pdiff [26.7 kB]
Get:10 http://localhost:9999 unstable/main 2014-09-04-0831.05.pdiff [14.0 kB]
Get:11 http://localhost:9999 unstable/main amd64 2014-09-03-2030.01.pdiff [12.4 kB]
Get:12 http://localhost:9999 unstable/main amd64 2014-09-04-0229.22.pdiff [5892 B]
Get:13 http://localhost:9999 unstable/main amd64 2014-09-04-0831.05.pdiff [18.1 kB]
Get:14 http://localhost:9999 unstable/main 2014-09-03-1436.55.pdiff [3960 B]
Get:15 http://localhost:9999 unstable/main 2014-09-03-2030.01.pdiff [1010 B]
Get:16 http://localhost:9999 unstable/main 2014-09-04-0229.22.pdiff [648 B]
Get:17 http://localhost:9999 unstable/main 2014-09-04-0831.05.pdiff [61 B]
Get:18 http://localhost:9999 unstable/main amd64 2014-09-04-0831.05.pdiff [18.1 kB]
Get:19 http://localhost:9999 unstable/main 2014-09-04-0831.05.pdiff [61 B]
Fetched 382 kB in 5s (68.6 kB/s)
Reading package lists...
Reading package lists...
Building dependency tree...
Reading state information...
The following packages will be upgraded:
  binutils
1 upgraded, 0 newly installed, 0 to remove and 0 not upgraded.
Need to get 3310 kB of archives.
After this operation, 50.2 kB of additional disk space will be used.
Get:1 http://localhost:9999/debian/ unstable/main binutils amd64 2.24.51.20140903-1 [3310 kB]
debconf: delaying package configuration, since apt-utils is not installed
Fetched 3310 kB in 0s (27.3 MB/s)
(Reading database ... 15135 files and directories currently installed.)
Preparing to unpack .../binutils_2.24.51.20140903-1_amd64.deb ...
Unpacking binutils (2.24.51.20140903-1) over (2.24.51.20140818-1) ...
Setting up binutils (2.24.51.20140903-1) ...
Processing triggers for libc-bin (2.19-10) ...

┌──────────────────────────────────────────────────────────────────────────────┐
│ Fetch source files                                                           │
└──────────────────────────────────────────────────────────────────────────────┘


Check APT
─────────

Checking available source versions...

Download source files with APT
──────────────────────────────

Reading package lists...
Building dependency tree...
Reading state information...
NOTICE: 'wmitime' packaging is maintained in the 'Git' version control system at:
https://github.com/d-torrance/wmitime.git
Need to get 29.9 kB of source archives.
Get:1 http://localhost:9999/debian/ unstable/main wmitime 0.3+20120605-1 (dsc) [1890 B]
Get:2 http://localhost:9999/debian/ unstable/main wmitime 0.3+20120605-1 (tar) [21.1 kB]
Get:3 http://localhost:9999/debian/ unstable/main wmitime 0.3+20120605-1 (diff) [6908 B]
Fetched 29.9 kB in 0s (32.8 kB/s)
Download complete and in download only mode

Check arch
──────────


┌──────────────────────────────────────────────────────────────────────────────┐
│ Chroot Setup Commands                                                        │
└──────────────────────────────────────────────────────────────────────────────┘


/tmp/switch-to-clang
────────────────────

+ echo 'Entering customization script...'
Entering customization script...
+ CLANG_VERSION=3.5
+ echo 'Install of clang-3.5'
Install of clang-3.5
+ apt-get update
Hit http://localhost:9999 unstable InRelease
Get:1 http://localhost:9999 unstable/main Sources/DiffIndex [7876 B]
Get:2 http://localhost:9999 unstable/main amd64 Packages/DiffIndex [7876 B]
Get:3 http://localhost:9999 unstable/main Translation-en/DiffIndex [7876 B]
Fetched 23.6 kB in 1s (12.0 kB/s)
Reading package lists...
+ apt-get install --yes --no-install-recommends --force-yes clang-3.5
Reading package lists...
Building dependency tree...
Reading state information...
The following extra packages will be installed:
  libbsd0 libclang-common-3.5-dev libclang1-3.5 libedit2 libffi6 libllvm3.5
  libobjc-4.9-dev libobjc4
Suggested packages:
  gnustep gnustep-devel clang-3.5-doc
Recommended packages:
  llvm-3.5-dev python
The following NEW packages will be installed:
  clang-3.5 libbsd0 libclang-common-3.5-dev libclang1-3.5 libedit2 libffi6
  libllvm3.5 libobjc-4.9-dev libobjc4
0 upgraded, 9 newly installed, 0 to remove and 0 not upgraded.
Need to get 33.3 MB of archives.
After this operation, 132 MB of additional disk space will be used.
Get:1 http://localhost:9999/debian/ unstable/main libbsd0 amd64 0.7.0-2 [67.9 kB]
Get:2 http://localhost:9999/debian/ unstable/main libedit2 amd64 3.1-20140620-2 [85.1 kB]
Get:3 http://localhost:9999/debian/ unstable/main libffi6 amd64 3.1-2 [19.8 kB]
Get:4 http://localhost:9999/debian/ unstable/main libllvm3.5 amd64 1:3.5-1 [7609 kB]
Get:5 http://localhost:9999/debian/ unstable/main libobjc4 amd64 4.9.1-12 [112 kB]
Get:6 http://localhost:9999/debian/ unstable/main libobjc-4.9-dev amd64 4.9.1-12 [372 kB]
Get:7 http://localhost:9999/debian/ unstable/main libclang1-3.5 amd64 1:3.5-1 [3628 kB]
Get:8 http://localhost:9999/debian/ unstable/main libclang-common-3.5-dev amd64 1:3.5-1 [677 kB]
Get:9 http://localhost:9999/debian/ unstable/main clang-3.5 amd64 1:3.5-1 [20.7 MB]
debconf: delaying package configuration, since apt-utils is not installed
Fetched 33.3 MB in 0s (33.5 MB/s)
Selecting previously unselected package libbsd0:amd64.
(Reading database ... 15135 files and directories currently installed.)
Preparing to unpack .../libbsd0_0.7.0-2_amd64.deb ...
Unpacking libbsd0:amd64 (0.7.0-2) ...
Selecting previously unselected package libedit2:amd64.
Preparing to unpack .../libedit2_3.1-20140620-2_amd64.deb ...
Unpacking libedit2:amd64 (3.1-20140620-2) ...
Selecting previously unselected package libffi6:amd64.
Preparing to unpack .../libffi6_3.1-2_amd64.deb ...
Unpacking libffi6:amd64 (3.1-2) ...
Selecting previously unselected package libllvm3.5:amd64.
Preparing to unpack .../libllvm3.5_1%3a3.5-1_amd64.deb ...
Unpacking libllvm3.5:amd64 (1:3.5-1) ...
Selecting previously unselected package libobjc4:amd64.
Preparing to unpack .../libobjc4_4.9.1-12_amd64.deb ...
Unpacking libobjc4:amd64 (4.9.1-12) ...
Selecting previously unselected package libobjc-4.9-dev:amd64.
Preparing to unpack .../libobjc-4.9-dev_4.9.1-12_amd64.deb ...
Unpacking libobjc-4.9-dev:amd64 (4.9.1-12) ...
Selecting previously unselected package libclang1-3.5:amd64.
Preparing to unpack .../libclang1-3.5_1%3a3.5-1_amd64.deb ...
Unpacking libclang1-3.5:amd64 (1:3.5-1) ...
Selecting previously unselected package libclang-common-3.5-dev.
Preparing to unpack .../libclang-common-3.5-dev_1%3a3.5-1_amd64.deb ...
Unpacking libclang-common-3.5-dev (1:3.5-1) ...
Selecting previously unselected package clang-3.5.
Preparing to unpack .../clang-3.5_1%3a3.5-1_amd64.deb ...
Unpacking clang-3.5 (1:3.5-1) ...
Setting up libbsd0:amd64 (0.7.0-2) ...
Setting up libedit2:amd64 (3.1-20140620-2) ...
Setting up libffi6:amd64 (3.1-2) ...
Setting up libllvm3.5:amd64 (1:3.5-1) ...
Setting up libobjc4:amd64 (4.9.1-12) ...
Setting up libobjc-4.9-dev:amd64 (4.9.1-12) ...
Setting up libclang1-3.5:amd64 (1:3.5-1) ...
Setting up libclang-common-3.5-dev (1:3.5-1) ...
Setting up clang-3.5 (1:3.5-1) ...
Processing triggers for libc-bin (2.19-10) ...
+ echo 'Replace gcc, g++ & cpp by clang'
Replace gcc, g++ & cpp by clang
+ VERSIONS='4.6 4.7 4.8 4.9'
+ cd /usr/bin
+ for VERSION in '$VERSIONS'
+ rm -f g++-4.6 gcc-4.6 cpp-4.6 gcc
+ ln -s clang++-3.5 g++-4.6
+ ln -s clang-3.5 gcc-4.6
+ ln -s clang-3.5 cpp-4.6
+ ln -s clang-3.5 gcc
+ echo 'gcc-4.6 hold'
+ dpkg --set-selections
+ echo 'g++-4.6 hold'
+ dpkg --set-selections
+ for VERSION in '$VERSIONS'
+ rm -f g++-4.7 gcc-4.7 cpp-4.7 gcc
+ ln -s clang++-3.5 g++-4.7
+ ln -s clang-3.5 gcc-4.7
+ ln -s clang-3.5 cpp-4.7
+ ln -s clang-3.5 gcc
+ echo 'gcc-4.7 hold'
+ dpkg --set-selections
+ echo 'g++-4.7 hold'
+ dpkg --set-selections
+ for VERSION in '$VERSIONS'
+ rm -f g++-4.8 gcc-4.8 cpp-4.8 gcc
+ ln -s clang++-3.5 g++-4.8
+ ln -s clang-3.5 gcc-4.8
+ ln -s clang-3.5 cpp-4.8
+ ln -s clang-3.5 gcc
+ echo 'gcc-4.8 hold'
+ dpkg --set-selections
dpkg: warning: package not in database at line 1: gcc-4.8
dpkg: warning: found unknown packages; this might mean the available database
is outdated, and needs to be updated through a frontend method
+ echo 'g++-4.8 hold'
+ dpkg --set-selections
dpkg: warning: package not in database at line 1: g++-4.8
dpkg: warning: found unknown packages; this might mean the available database
is outdated, and needs to be updated through a frontend method
+ for VERSION in '$VERSIONS'
+ rm -f g++-4.9 gcc-4.9 cpp-4.9 gcc
+ ln -s clang++-3.5 g++-4.9
+ ln -s clang-3.5 gcc-4.9
+ ln -s clang-3.5 cpp-4.9
+ ln -s clang-3.5 gcc
+ echo 'gcc-4.9 hold'
+ dpkg --set-selections
+ echo 'g++-4.9 hold'
+ dpkg --set-selections
+ cd -
/«BUILDDIR»
+ echo 'Check if gcc, g++ & cpp are actually clang'
Check if gcc, g++ & cpp are actually clang
+ gcc --version
+ grep clang
+ cpp --version
+ grep clang
+ g++ --version
+ grep clang

I: Finished running '/tmp/switch-to-clang'.

Finished processing commands.
────────────────────────────────────────────────────────────────────────────────
Merged Build-Depends: build-essential, fakeroot
Filtered Build-Depends: build-essential, fakeroot
dpkg-deb: building package `sbuild-build-depends-core-dummy' in `/«BUILDDIR»/resolver-JhnFYc/apt_archive/sbuild-build-depends-core-dummy.deb'.
OK
Reading package lists...

┌──────────────────────────────────────────────────────────────────────────────┐
│ Install core build dependencies (apt-based resolver)                         │
└──────────────────────────────────────────────────────────────────────────────┘

Installing build dependencies
Reading package lists...
Building dependency tree...
Reading state information...
The following NEW packages will be installed:
  sbuild-build-depends-core-dummy
debconf: delaying package configuration, since apt-utils is not installed
0 upgraded, 1 newly installed, 0 to remove and 0 not upgraded.
Need to get 0 B/816 B of archives.
After this operation, 0 B of additional disk space will be used.
Selecting previously unselected package sbuild-build-depends-core-dummy.
(Reading database ... 15338 files and directories currently installed.)
Preparing to unpack .../sbuild-build-depends-core-dummy.deb ...
Unpacking sbuild-build-depends-core-dummy (0.invalid.0) ...
Setting up sbuild-build-depends-core-dummy (0.invalid.0) ...
Merged Build-Depends: base-files, base-passwd, bash, bsdutils, coreutils, dash, debianutils, diffutils, dpkg, e2fsprogs, findutils, grep, gzip, hostname, init, libc-bin, login, mount, ncurses-base, ncurses-bin, perl-base, sed, sysvinit-utils, tar, util-linux, libc6-dev | libc-dev, gcc (>= 4:4.9.1), g++ (>= 4:4.9.1), make, dpkg-dev (>= 1.17.11), debhelper (>= 9), libx11-dev, libxext-dev, libxpm-dev
Filtered Build-Depends: base-files, base-passwd, bash, bsdutils, coreutils, dash, debianutils, diffutils, dpkg, e2fsprogs, findutils, grep, gzip, hostname, init, libc-bin, login, mount, ncurses-base, ncurses-bin, perl-base, sed, sysvinit-utils, tar, util-linux, libc6-dev, gcc (>= 4:4.9.1), g++ (>= 4:4.9.1), make, dpkg-dev (>= 1.17.11), debhelper (>= 9), libx11-dev, libxext-dev, libxpm-dev
dpkg-deb: building package `sbuild-build-depends-wmitime-dummy' in `/«BUILDDIR»/resolver-bfXIz4/apt_archive/sbuild-build-depends-wmitime-dummy.deb'.
OK
Reading package lists...

┌──────────────────────────────────────────────────────────────────────────────┐
│ Install wmitime build dependencies (apt-based resolver)                      │
└──────────────────────────────────────────────────────────────────────────────┘

Installing build dependencies
Reading package lists...
Building dependency tree...
Reading state information...
The following extra packages will be installed:
  bsdmainutils debhelper file gettext gettext-base groff-base intltool-debian
  libasprintf0c2 libcroco3 libglib2.0-0 libmagic1 libpipeline1
  libpthread-stubs0-dev libunistring0 libx11-6 libx11-data libx11-dev
  libxau-dev libxau6 libxcb1 libxcb1-dev libxdmcp-dev libxdmcp6 libxext-dev
  libxext6 libxml2 libxpm-dev libxpm4 man-db po-debconf x11proto-core-dev
  x11proto-input-dev x11proto-kb-dev x11proto-xext-dev xorg-sgml-doctools
  xtrans-dev
Suggested packages:
  wamerican wordlist whois vacation dh-make gettext-doc groff libxcb-doc
  libxext-doc less www-browser libmail-box-perl
Recommended packages:
  curl wget lynx-cur autopoint libasprintf-dev libgettextpo-dev
  libglib2.0-data shared-mime-info libx11-doc xml-core libmail-sendmail-perl
The following NEW packages will be installed:
  bsdmainutils debhelper file gettext gettext-base groff-base intltool-debian
  libasprintf0c2 libcroco3 libglib2.0-0 libmagic1 libpipeline1
  libpthread-stubs0-dev libunistring0 libx11-6 libx11-data libx11-dev
  libxau-dev libxau6 libxcb1 libxcb1-dev libxdmcp-dev libxdmcp6 libxext-dev
  libxext6 libxml2 libxpm-dev libxpm4 man-db po-debconf
  sbuild-build-depends-wmitime-dummy x11proto-core-dev x11proto-input-dev
  x11proto-kb-dev x11proto-xext-dev xorg-sgml-doctools xtrans-dev
0 upgraded, 37 newly installed, 0 to remove and 0 not upgraded.
Need to get 12.5 MB/12.5 MB of archives.
After this operation, 40.1 MB of additional disk space will be used.
Get:1 http://localhost:9999/debian/ unstable/main libpipeline1 amd64 1.3.0-1 [25.8 kB]
Get:2 http://localhost:9999/debian/ unstable/main groff-base amd64 1.22.2-7 [1142 kB]
Get:3 http://localhost:9999/debian/ unstable/main bsdmainutils amd64 9.0.5 [211 kB]
Get:4 http://localhost:9999/debian/ unstable/main man-db amd64 2.6.7.1-1 [990 kB]
Get:5 http://localhost:9999/debian/ unstable/main libasprintf0c2 amd64 0.19.2-2 [30.8 kB]
Get:6 http://localhost:9999/debian/ unstable/main libmagic1 amd64 1:5.19-1 [237 kB]
Get:7 http://localhost:9999/debian/ unstable/main libxml2 amd64 2.9.1+dfsg1-4 [797 kB]
Get:8 http://localhost:9999/debian/ unstable/main libglib2.0-0 amd64 2.40.0-5 [2421 kB]
Get:9 http://localhost:9999/debian/ unstable/main libcroco3 amd64 0.6.8-3 [135 kB]
Get:10 http://localhost:9999/debian/ unstable/main libunistring0 amd64 0.9.3-5.2 [283 kB]
Get:11 http://localhost:9999/debian/ unstable/main libxau6 amd64 1:1.0.8-1 [20.7 kB]
Get:12 http://localhost:9999/debian/ unstable/main libxdmcp6 amd64 1:1.1.1-1 [26.3 kB]
Get:13 http://localhost:9999/debian/ unstable/main libxcb1 amd64 1.10-3 [42.6 kB]
Get:14 http://localhost:9999/debian/ unstable/main libx11-data all 2:1.6.2-3 [126 kB]
Get:15 http://localhost:9999/debian/ unstable/main libx11-6 amd64 2:1.6.2-3 [729 kB]
Get:16 http://localhost:9999/debian/ unstable/main libxext6 amd64 2:1.3.2-1 [56.5 kB]
Get:17 http://localhost:9999/debian/ unstable/main libxpm4 amd64 1:3.5.11-1 [47.3 kB]
Get:18 http://localhost:9999/debian/ unstable/main file amd64 1:5.19-1 [58.0 kB]
Get:19 http://localhost:9999/debian/ unstable/main gettext-base amd64 0.19.2-2 [120 kB]
Get:20 http://localhost:9999/debian/ unstable/main gettext amd64 0.19.2-2 [1237 kB]
Get:21 http://localhost:9999/debian/ unstable/main intltool-debian all 0.35.0+20060710.1 [30.8 kB]
Get:22 http://localhost:9999/debian/ unstable/main po-debconf all 1.0.16+nmu3 [220 kB]
Get:23 http://localhost:9999/debian/ unstable/main debhelper all 9.20140817 [814 kB]
Get:24 http://localhost:9999/debian/ unstable/main libpthread-stubs0-dev amd64 0.3-4 [3866 B]
Get:25 http://localhost:9999/debian/ unstable/main xorg-sgml-doctools all 1:1.11-1 [21.9 kB]
Get:26 http://localhost:9999/debian/ unstable/main x11proto-core-dev all 7.0.26-1 [729 kB]
Get:27 http://localhost:9999/debian/ unstable/main libxau-dev amd64 1:1.0.8-1 [23.6 kB]
Get:28 http://localhost:9999/debian/ unstable/main libxdmcp-dev amd64 1:1.1.1-1 [42.3 kB]
Get:29 http://localhost:9999/debian/ unstable/main x11proto-input-dev all 2.3.1-1 [157 kB]
Get:30 http://localhost:9999/debian/ unstable/main x11proto-kb-dev all 1.0.6-2 [269 kB]
Get:31 http://localhost:9999/debian/ unstable/main xtrans-dev all 1.3.4-1 [99.3 kB]
Get:32 http://localhost:9999/debian/ unstable/main libxcb1-dev amd64 1.10-3 [81.8 kB]
Get:33 http://localhost:9999/debian/ unstable/main libx11-dev amd64 2:1.6.2-3 [800 kB]
Get:34 http://localhost:9999/debian/ unstable/main x11proto-xext-dev all 7.3.0-1 [212 kB]
Get:35 http://localhost:9999/debian/ unstable/main libxext-dev amd64 2:1.3.2-1 [116 kB]
Get:36 http://localhost:9999/debian/ unstable/main libxpm-dev amd64 1:3.5.11-1 [102 kB]
debconf: delaying package configuration, since apt-utils is not installed
Fetched 12.5 MB in 0s (23.0 MB/s)
Selecting previously unselected package libpipeline1:amd64.
(Reading database ... 15338 files and directories currently installed.)
Preparing to unpack .../libpipeline1_1.3.0-1_amd64.deb ...
Unpacking libpipeline1:amd64 (1.3.0-1) ...
Selecting previously unselected package groff-base.
Preparing to unpack .../groff-base_1.22.2-7_amd64.deb ...
Unpacking groff-base (1.22.2-7) ...
Selecting previously unselected package bsdmainutils.
Preparing to unpack .../bsdmainutils_9.0.5_amd64.deb ...
Unpacking bsdmainutils (9.0.5) ...
Selecting previously unselected package man-db.
Preparing to unpack .../man-db_2.6.7.1-1_amd64.deb ...
Unpacking man-db (2.6.7.1-1) ...
Selecting previously unselected package libasprintf0c2:amd64.
Preparing to unpack .../libasprintf0c2_0.19.2-2_amd64.deb ...
Unpacking libasprintf0c2:amd64 (0.19.2-2) ...
Selecting previously unselected package libmagic1:amd64.
Preparing to unpack .../libmagic1_1%3a5.19-1_amd64.deb ...
Unpacking libmagic1:amd64 (1:5.19-1) ...
Selecting previously unselected package libxml2:amd64.
Preparing to unpack .../libxml2_2.9.1+dfsg1-4_amd64.deb ...
Unpacking libxml2:amd64 (2.9.1+dfsg1-4) ...
Selecting previously unselected package libglib2.0-0:amd64.
Preparing to unpack .../libglib2.0-0_2.40.0-5_amd64.deb ...
Unpacking libglib2.0-0:amd64 (2.40.0-5) ...
Selecting previously unselected package libcroco3:amd64.
Preparing to unpack .../libcroco3_0.6.8-3_amd64.deb ...
Unpacking libcroco3:amd64 (0.6.8-3) ...
Selecting previously unselected package libunistring0:amd64.
Preparing to unpack .../libunistring0_0.9.3-5.2_amd64.deb ...
Unpacking libunistring0:amd64 (0.9.3-5.2) ...
Selecting previously unselected package libxau6:amd64.
Preparing to unpack .../libxau6_1%3a1.0.8-1_amd64.deb ...
Unpacking libxau6:amd64 (1:1.0.8-1) ...
Selecting previously unselected package libxdmcp6:amd64.
Preparing to unpack .../libxdmcp6_1%3a1.1.1-1_amd64.deb ...
Unpacking libxdmcp6:amd64 (1:1.1.1-1) ...
Selecting previously unselected package libxcb1:amd64.
Preparing to unpack .../libxcb1_1.10-3_amd64.deb ...
Unpacking libxcb1:amd64 (1.10-3) ...
Selecting previously unselected package libx11-data.
Preparing to unpack .../libx11-data_2%3a1.6.2-3_all.deb ...
Unpacking libx11-data (2:1.6.2-3) ...
Selecting previously unselected package libx11-6:amd64.
Preparing to unpack .../libx11-6_2%3a1.6.2-3_amd64.deb ...
Unpacking libx11-6:amd64 (2:1.6.2-3) ...
Selecting previously unselected package libxext6:amd64.
Preparing to unpack .../libxext6_2%3a1.3.2-1_amd64.deb ...
Unpacking libxext6:amd64 (2:1.3.2-1) ...
Selecting previously unselected package libxpm4:amd64.
Preparing to unpack .../libxpm4_1%3a3.5.11-1_amd64.deb ...
Unpacking libxpm4:amd64 (1:3.5.11-1) ...
Selecting previously unselected package file.
Preparing to unpack .../file_1%3a5.19-1_amd64.deb ...
Unpacking file (1:5.19-1) ...
Selecting previously unselected package gettext-base.
Preparing to unpack .../gettext-base_0.19.2-2_amd64.deb ...
Unpacking gettext-base (0.19.2-2) ...
Selecting previously unselected package gettext.
Preparing to unpack .../gettext_0.19.2-2_amd64.deb ...
Unpacking gettext (0.19.2-2) ...
Selecting previously unselected package intltool-debian.
Preparing to unpack .../intltool-debian_0.35.0+20060710.1_all.deb ...
Unpacking intltool-debian (0.35.0+20060710.1) ...
Selecting previously unselected package po-debconf.
Preparing to unpack .../po-debconf_1.0.16+nmu3_all.deb ...
Unpacking po-debconf (1.0.16+nmu3) ...
Selecting previously unselected package debhelper.
Preparing to unpack .../debhelper_9.20140817_all.deb ...
Unpacking debhelper (9.20140817) ...
Selecting previously unselected package libpthread-stubs0-dev:amd64.
Preparing to unpack .../libpthread-stubs0-dev_0.3-4_amd64.deb ...
Unpacking libpthread-stubs0-dev:amd64 (0.3-4) ...
Selecting previously unselected package xorg-sgml-doctools.
Preparing to unpack .../xorg-sgml-doctools_1%3a1.11-1_all.deb ...
Unpacking xorg-sgml-doctools (1:1.11-1) ...
Selecting previously unselected package x11proto-core-dev.
Preparing to unpack .../x11proto-core-dev_7.0.26-1_all.deb ...
Unpacking x11proto-core-dev (7.0.26-1) ...
Selecting previously unselected package libxau-dev:amd64.
Preparing to unpack .../libxau-dev_1%3a1.0.8-1_amd64.deb ...
Unpacking libxau-dev:amd64 (1:1.0.8-1) ...
Selecting previously unselected package libxdmcp-dev:amd64.
Preparing to unpack .../libxdmcp-dev_1%3a1.1.1-1_amd64.deb ...
Unpacking libxdmcp-dev:amd64 (1:1.1.1-1) ...
Selecting previously unselected package x11proto-input-dev.
Preparing to unpack .../x11proto-input-dev_2.3.1-1_all.deb ...
Unpacking x11proto-input-dev (2.3.1-1) ...
Selecting previously unselected package x11proto-kb-dev.
Preparing to unpack .../x11proto-kb-dev_1.0.6-2_all.deb ...
Unpacking x11proto-kb-dev (1.0.6-2) ...
Selecting previously unselected package xtrans-dev.
Preparing to unpack .../xtrans-dev_1.3.4-1_all.deb ...
Unpacking xtrans-dev (1.3.4-1) ...
Selecting previously unselected package libxcb1-dev:amd64.
Preparing to unpack .../libxcb1-dev_1.10-3_amd64.deb ...
Unpacking libxcb1-dev:amd64 (1.10-3) ...
Selecting previously unselected package libx11-dev:amd64.
Preparing to unpack .../libx11-dev_2%3a1.6.2-3_amd64.deb ...
Unpacking libx11-dev:amd64 (2:1.6.2-3) ...
Selecting previously unselected package x11proto-xext-dev.
Preparing to unpack .../x11proto-xext-dev_7.3.0-1_all.deb ...
Unpacking x11proto-xext-dev (7.3.0-1) ...
Selecting previously unselected package libxext-dev:amd64.
Preparing to unpack .../libxext-dev_2%3a1.3.2-1_amd64.deb ...
Unpacking libxext-dev:amd64 (2:1.3.2-1) ...
Selecting previously unselected package libxpm-dev:amd64.
Preparing to unpack .../libxpm-dev_1%3a3.5.11-1_amd64.deb ...
Unpacking libxpm-dev:amd64 (1:3.5.11-1) ...
Selecting previously unselected package sbuild-build-depends-wmitime-dummy.
Preparing to unpack .../sbuild-build-depends-wmitime-dummy.deb ...
Unpacking sbuild-build-depends-wmitime-dummy (0.invalid.0) ...
Setting up libpipeline1:amd64 (1.3.0-1) ...
Setting up groff-base (1.22.2-7) ...
Setting up bsdmainutils (9.0.5) ...
update-alternatives: using /usr/bin/bsd-write to provide /usr/bin/write (write) in auto mode
update-alternatives: using /usr/bin/bsd-from to provide /usr/bin/from (from) in auto mode
Setting up man-db (2.6.7.1-1) ...
Not building database; man-db/auto-update is not 'true'.
Setting up libasprintf0c2:amd64 (0.19.2-2) ...
Setting up libmagic1:amd64 (1:5.19-1) ...
Setting up libxml2:amd64 (2.9.1+dfsg1-4) ...
Setting up libglib2.0-0:amd64 (2.40.0-5) ...
No schema files found: doing nothing.
Setting up libcroco3:amd64 (0.6.8-3) ...
Setting up libunistring0:amd64 (0.9.3-5.2) ...
Setting up libxau6:amd64 (1:1.0.8-1) ...
Setting up libxdmcp6:amd64 (1:1.1.1-1) ...
Setting up libxcb1:amd64 (1.10-3) ...
Setting up libx11-data (2:1.6.2-3) ...
Setting up libx11-6:amd64 (2:1.6.2-3) ...
Setting up libxext6:amd64 (2:1.3.2-1) ...
Setting up libxpm4:amd64 (1:3.5.11-1) ...
Setting up file (1:5.19-1) ...
Setting up gettext-base (0.19.2-2) ...
Setting up gettext (0.19.2-2) ...
Setting up intltool-debian (0.35.0+20060710.1) ...
Setting up po-debconf (1.0.16+nmu3) ...
Setting up debhelper (9.20140817) ...
Setting up libpthread-stubs0-dev:amd64 (0.3-4) ...
Setting up xorg-sgml-doctools (1:1.11-1) ...
Setting up x11proto-core-dev (7.0.26-1) ...
Setting up libxau-dev:amd64 (1:1.0.8-1) ...
Setting up libxdmcp-dev:amd64 (1:1.1.1-1) ...
Setting up x11proto-input-dev (2.3.1-1) ...
Setting up x11proto-kb-dev (1.0.6-2) ...
Setting up xtrans-dev (1.3.4-1) ...
Setting up libxcb1-dev:amd64 (1.10-3) ...
Setting up libx11-dev:amd64 (2:1.6.2-3) ...
Setting up x11proto-xext-dev (7.3.0-1) ...
Setting up libxext-dev:amd64 (2:1.3.2-1) ...
Setting up libxpm-dev:amd64 (1:3.5.11-1) ...
Setting up sbuild-build-depends-wmitime-dummy (0.invalid.0) ...
Processing triggers for libc-bin (2.19-10) ...

┌──────────────────────────────────────────────────────────────────────────────┐
│ Build environment                                                            │
└──────────────────────────────────────────────────────────────────────────────┘

Kernel: Linux 2.6.32-5-xen-amd64 amd64 (x86_64)
Toolchain package versions: binutils_2.24.51.20140903-1 dpkg-dev_1.17.13 g++-4.6_4.6.4-7 g++-4.9_4.9.1-12 gcc-4.6_4.6.4-7 gcc-4.7_4.7.4-3 gcc-4.9_4.9.1-12 libc6-dev_2.19-10 libstdc++-4.9-dev_4.9.1-12 libstdc++6_4.9.1-12 libstdc++6-4.6-dev_4.6.4-7 linux-libc-dev_3.14.15-2
Package versions: acl_2.2.52-1.1 adduser_3.113+nmu3 apt_1.0.7 base-files_7.5 base-passwd_3.5.35 bash_4.3-9 binutils_2.24.51.20140903-1 bsdmainutils_9.0.5 bsdutils_1:2.20.1-5.8 build-essential_11.7 bzip2_1.0.6-7 clang-3.5_1:3.5-1 coreutils_8.23-2 cpp_4:4.9.1-3 cpp-4.6_4.6.4-7 cpp-4.7_4.7.4-3 cpp-4.9_4.9.1-12 dash_0.5.7-4 dbus_1.8.6-2 debconf_1.5.53 debconf-i18n_1.5.53 debfoster_2.7-2 debhelper_9.20140817 debian-archive-keyring_2014.1 debianutils_4.4 diffutils_1:3.3-1 dmsetup_2:1.02.88-1 dpkg_1.17.13 dpkg-dev_1.17.13 e2fslibs_1.42.12-1 e2fsprogs_1.42.12-1 fakeroot_1.20.1-1.1 file_1:5.19-1 findutils_4.4.2-9 g++_4:4.9.1-3 g++-4.6_4.6.4-7 g++-4.9_4.9.1-12 gcc_4:4.9.1-3 gcc-4.4-base_4.4.7-8 gcc-4.5-base_4.5.4-1 gcc-4.6_4.6.4-7 gcc-4.6-base_4.6.4-7 gcc-4.7_4.7.4-3 gcc-4.7-base_4.7.4-3 gcc-4.8-base_4.8.3-10 gcc-4.9_4.9.1-12 gcc-4.9-base_4.9.1-12 gettext_0.19.2-2 gettext-base_0.19.2-2 gnupg_1.4.18-3 gpgv_1.4.18-3 grep_2.20-2 groff-base_1.22.2-7 gzip_1.6-3 hostname_3.15 init_1.21 initscripts_2.88dsf-53.4 insserv_1.14.0-5 intltool-debian_0.35.0+20060710.1 libacl1_2.2.52-1.1 libalgorithm-c3-perl_0.09-1 libapt-pkg4.12_1.0.7 libarchive-extract-perl_0.72-1 libasan1_4.9.1-12 libasprintf0c2_0.19.2-2 libatomic1_4.9.1-12 libattr1_1:2.4.47-1 libaudit-common_1:2.3.7-1 libaudit1_1:2.3.7-1 libblkid1_2.20.1-5.8 libbsd0_0.7.0-2 libbz2-1.0_1.0.6-7 libc-bin_2.19-10 libc-dev-bin_2.19-10 libc6_2.19-10 libc6-dev_2.19-10 libcap-ng0_0.7.4-2 libcap2_1:2.24-4 libcap2-bin_1:2.24-4 libcgi-fast-perl_1:2.02-1 libcgi-pm-perl_4.03-1 libcilkrts5_4.9.1-12 libclang-common-3.5-dev_1:3.5-1 libclang1-3.5_1:3.5-1 libclass-c3-perl_0.26-1 libclass-c3-xs-perl_0.13-2+b1 libclass-isa-perl_0.36-5 libcloog-isl4_0.18.2-1 libcloog-ppl1_0.16.1-5 libcomerr2_1.42.12-1 libcroco3_0.6.8-3 libcryptsetup4_2:1.6.6-1 libdata-optlist-perl_0.109-1 libdata-section-perl_0.200006-1 libdb5.1_5.1.29-5 libdb5.3_5.3.28-6 libdbus-1-3_1.8.6-2 libdebconfclient0_0.191 libdevmapper1.02.1_2:1.02.88-1 libdpkg-perl_1.17.13 libedit2_3.1-20140620-2 libexpat1_2.1.0-6 libfakeroot_1.20.1-1.1 libfcgi-perl_0.77-1+b1 libffi6_3.1-2 libfile-fcntllock-perl_0.22-1+b1 libgc1c2_1:7.2d-6.3 libgcc-4.7-dev_4.7.4-3 libgcc-4.9-dev_4.9.1-12 libgcc1_1:4.9.1-12 libgcrypt11_1.5.4-3 libgcrypt20_1.6.2-3 libgdbm3_1.8.3-13 libglib2.0-0_2.40.0-5 libgmp10_2:6.0.0+dfsg-6 libgmpxx4ldbl_2:6.0.0+dfsg-6 libgomp1_4.9.1-12 libgpg-error0_1.13-4 libgpm2_1.20.4-6.1 libisl10_0.12.2-2 libitm1_4.9.1-12 libkmod2_18-1 libllvm3.5_1:3.5-1 liblocale-gettext-perl_1.05-8+b1 liblog-message-perl_0.8-1 liblog-message-simple-perl_0.10-2 liblsan0_4.9.1-12 liblzma5_5.1.1alpha+20120614-2 libmagic1_1:5.19-1 libmodule-build-perl_0.420800-1 libmodule-pluggable-perl_5.1-1 libmodule-signature-perl_0.73-1 libmount1_2.20.1-5.8 libmpc2_0.9-4 libmpc3_1.0.2-1 libmpfr4_3.1.2-1 libmro-compat-perl_0.12-1 libncurses5_5.9+20140712-2 libncursesw5_5.9+20140712-2 libobjc-4.9-dev_4.9.1-12 libobjc4_4.9.1-12 libpackage-constants-perl_0.04-1 libpam-cap_1:2.24-4 libpam-modules_1.1.8-3.1 libpam-modules-bin_1.1.8-3.1 libpam-runtime_1.1.8-3.1 libpam-systemd_208-8 libpam0g_1.1.8-3.1 libparams-util-perl_1.07-2+b1 libpcre3_1:8.35-3 libpipeline1_1.3.0-1 libpod-latex-perl_0.61-1 libpod-readme-perl_0.11-1 libppl-c4_1:1.1-3 libppl13_1:1.1-3 libprocps3_1:3.3.9-7 libpthread-stubs0-dev_0.3-4 libquadmath0_4.9.1-12 libreadline6_6.3-8 libregexp-common-perl_2013031301-1 libselinux1_2.3-2 libsemanage-common_2.3-1 libsemanage1_2.3-1 libsepol1_2.3-2 libslang2_2.2.4-17 libsoftware-license-perl_0.103010-1 libss2_1.42.12-1 libstdc++-4.9-dev_4.9.1-12 libstdc++6_4.9.1-12 libstdc++6-4.6-dev_4.6.4-7 libsub-exporter-perl_0.986-1 libsub-install-perl_0.928-1 libswitch-perl_2.17-1 libsystemd-daemon0_208-8 libsystemd-journal0_208-8 libsystemd-login0_208-8 libterm-ui-perl_0.42-1 libtext-charwidth-perl_0.04-7+b3 libtext-iconv-perl_1.7-5+b2 libtext-soundex-perl_3.4-1+b2 libtext-template-perl_1.46-1 libtext-wrapi18n-perl_0.06-7 libtimedate-perl_2.3000-2 libtinfo5_5.9+20140712-2 libtsan0_4.9.1-12 libubsan0_4.9.1-12 libudev1_208-8 libunistring0_0.9.3-5.2 libusb-0.1-4_2:0.1.12-24 libustr-1.0-1_1.0.4-3 libuuid1_2.20.1-5.8 libwrap0_7.6.q-25 libx11-6_2:1.6.2-3 libx11-data_2:1.6.2-3 libx11-dev_2:1.6.2-3 libxau-dev_1:1.0.8-1 libxau6_1:1.0.8-1 libxcb1_1.10-3 libxcb1-dev_1.10-3 libxdmcp-dev_1:1.1.1-1 libxdmcp6_1:1.1.1-1 libxext-dev_2:1.3.2-1 libxext6_2:1.3.2-1 libxml2_2.9.1+dfsg1-4 libxpm-dev_1:3.5.11-1 libxpm4_1:3.5.11-1 linux-libc-dev_3.14.15-2 login_1:4.2-2+b1 lsb-base_4.1+Debian13 make_4.0-8 man-db_2.6.7.1-1 mawk_1.3.3-17 mount_2.20.1-5.8 multiarch-support_2.19-10 ncurses-base_5.9+20140712-2 ncurses-bin_5.9+20140712-2 passwd_1:4.2-2+b1 patch_2.7.1-6 perl_5.20.0-6 perl-base_5.20.0-6 perl-modules_5.20.0-6 po-debconf_1.0.16+nmu3 procps_1:3.3.9-7 psmisc_22.21-2 readline-common_6.3-8 rename_0.20-3 sbuild-build-depends-core-dummy_0.invalid.0 sbuild-build-depends-wmitime-dummy_0.invalid.0 sed_4.2.2-4 sensible-utils_0.0.9 startpar_0.59-3 sudo_1.8.9p5-1 systemd_208-8 systemd-sysv_208-8 sysv-rc_2.88dsf-53.4 sysvinit_2.88dsf-53.4 sysvinit-utils_2.88dsf-53.4 tar_1.27.1-2 tcpd_7.6.q-25 tzdata_2014g-1 ucf_3.0030 udev_208-8 util-linux_2.20.1-5.8 vim_2:7.4.430-1 vim-common_2:7.4.430-1 vim-runtime_2:7.4.430-1 x11proto-core-dev_7.0.26-1 x11proto-input-dev_2.3.1-1 x11proto-kb-dev_1.0.6-2 x11proto-xext-dev_7.3.0-1 xorg-sgml-doctools_1:1.11-1 xtrans-dev_1.3.4-1 xz-utils_5.1.1alpha+20120614-2 zlib1g_1:1.2.8.dfsg-2

┌──────────────────────────────────────────────────────────────────────────────┐
│ Build                                                                        │
└──────────────────────────────────────────────────────────────────────────────┘


Unpack source
─────────────

gpgv: keyblock resource `/sbuild-nonexistent/.gnupg/trustedkeys.gpg': file open error
gpgv: Signature made Sat Aug 16 09:38:42 2014 UTC using RSA key ID F5B5F913
gpgv: Can't check signature: public key not found
dpkg-source: warning: failed to verify signature on ./wmitime_0.3+20120605-1.dsc
dpkg-source: info: extracting wmitime in wmitime-0.3+20120605
dpkg-source: info: unpacking wmitime_0.3+20120605.orig.tar.gz
dpkg-source: info: unpacking wmitime_0.3+20120605-1.debian.tar.xz
dpkg-source: info: applying 10-hungarian-date.patch
dpkg-source: info: applying 20-makefile-CC.patch
dpkg-source: info: applying make-install.patch
dpkg-source: info: applying allow_display_with_no_args.patch

Check disc space
────────────────

Sufficient free space for build

Hack binNMU version
───────────────────

Created changelog entry for binNMU version 0.3+20120605-1clang1

User Environment
────────────────

DEB_BUILD_OPTIONS=parallel=10
HOME=/sbuild-nonexistent
LOGNAME=user
PATH=/usr/local/sbin:/usr/local/bin:/usr/sbin:/usr/bin:/sbin:/bin:/usr/games
SCHROOT_ALIAS_NAME=unstable-amd64-sbuild
SCHROOT_CHROOT_NAME=unstable-amd64-sbuild
SCHROOT_COMMAND=env
SCHROOT_GID=1000
SCHROOT_GROUP=user
SCHROOT_SESSION_ID=unstable-amd64-sbuild-29e1bcf0-dc9d-45e7-a870-4422ac8d95ef
SCHROOT_UID=1000
SCHROOT_USER=user
SHELL=/bin/sh
USER=user

dpkg-buildpackage
─────────────────

dpkg-buildpackage: source package wmitime
dpkg-buildpackage: source version 0.3+20120605-1clang1
dpkg-buildpackage: source distribution unstable
 dpkg-source --before-build wmitime-0.3+20120605
dpkg-buildpackage: host architecture amd64
 fakeroot debian/rules clean
dh clean --sourcedirectory=wmitime
   dh_testdir -O--sourcedirectory=wmitime
   dh_auto_clean -O--sourcedirectory=wmitime
make[1]: Entering directory '/«BUILDDIR»/wmitime-0.3+20120605/wmitime'
for i in wmitime.o ../wmgeneral/wmgeneral.o ../wmgeneral/misc.o ../wmgeneral/list.o ; do \
	rm -f $i ; \
done
rm -f wmitime
rm -f *~
make[1]: Leaving directory '/«BUILDDIR»/wmitime-0.3+20120605/wmitime'
   dh_clean -O--sourcedirectory=wmitime
 debian/rules build-arch
dh build-arch --sourcedirectory=wmitime
   dh_testdir -a -O--sourcedirectory=wmitime
   dh_auto_configure -a -O--sourcedirectory=wmitime
   debian/rules override_dh_auto_build
make[1]: Entering directory '/«BUILDDIR»/wmitime-0.3+20120605'
dh_auto_build -- FLAGS="-g -O2 -fstack-protector-strong -Wformat -Werror=format-security -D_FORTIFY_SOURCE=2 -Wl,-z,relro"
make[2]: Entering directory '/«BUILDDIR»/wmitime-0.3+20120605/wmitime'
gcc -I/usr/X11R6/share/include -g -O2 -fstack-protector-strong -Wformat -Werror=format-security -D_FORTIFY_SOURCE=2 -Wl,-z,relro -c -Wall wmitime.c -o wmitime.o
clang: warning: -Wl,-z,relro: 'linker' input unused
gcc -I/usr/X11R6/share/include -g -O2 -fstack-protector-strong -Wformat -Werror=format-security -D_FORTIFY_SOURCE=2 -Wl,-z,relro -c -Wall ../wmgeneral/wmgeneral.c -o ../wmgeneral/wmgeneral.o
clang: warning: -Wl,-z,relro: 'linker' input unused
gcc -I/usr/X11R6/share/include -g -O2 -fstack-protector-strong -Wformat -Werror=format-security -D_FORTIFY_SOURCE=2 -Wl,-z,relro -c -Wall ../wmgeneral/misc.c -o ../wmgeneral/misc.o
clang: warning: -Wl,-z,relro: 'linker' input unused
In file included from ../wmgeneral/misc.c:24:
../wmgeneral/list.h:43:20: warning: inline function 'list_cons' is not defined [-Wundefined-inline]
INLINE LinkedList* list_cons(void* head, LinkedList* tail);
                   ^
../wmgeneral/misc.c:122:13: note: used here
            list = list_cons(token, list);
                   ^
In file included from ../wmgeneral/misc.c:24:
../wmgeneral/list.h:45:12: warning: inline function 'list_length' is not defined [-Wundefined-inline]
INLINE int list_length(LinkedList* list);
           ^
../wmgeneral/misc.c:126:13: note: used here
    count = list_length(list);
            ^
In file included from ../wmgeneral/misc.c:24:
../wmgeneral/list.h:49:13: warning: inline function 'list_remove_head' is not defined [-Wundefined-inline]
INLINE void list_remove_head(LinkedList** list);
            ^
../wmgeneral/misc.c:131:2: note: used here
        list_remove_head(&list);
        ^
3 warnings generated.
gcc -I/usr/X11R6/share/include -g -O2 -fstack-protector-strong -Wformat -Werror=format-security -D_FORTIFY_SOURCE=2 -Wl,-z,relro -c -Wall ../wmgeneral/list.c -o ../wmgeneral/list.o
clang: warning: -Wl,-z,relro: 'linker' input unused
gcc -g -O2 -fstack-protector-strong -Wformat -Werror=format-security -D_FORTIFY_SOURCE=2 -Wl,-z,relro -o wmitime wmitime.o ../wmgeneral/wmgeneral.o ../wmgeneral/misc.o ../wmgeneral/list.o -lXext -L/usr/X11R6/lib -lXpm -lXext -lX11 -lm
../wmgeneral/misc.o: In function `parse_command':
/«BUILDDIR»/wmitime-0.3+20120605/wmitime/../wmgeneral/misc.c:122: undefined reference to `list_cons'
/«BUILDDIR»/wmitime-0.3+20120605/wmitime/../wmgeneral/misc.c:126: undefined reference to `list_length'
/«BUILDDIR»/wmitime-0.3+20120605/wmitime/../wmgeneral/misc.c:131: undefined reference to `list_remove_head'
clang: error: linker command failed with exit code 1 (use -v to see invocation)
make[2]: *** [wmtime] Error 1
Makefile:15: recipe for target 'wmtime' failed
make[2]: Leaving directory '/«BUILDDIR»/wmitime-0.3+20120605/wmitime'
dh_auto_build: make -j1 FLAGS=-g -O2 -fstack-protector-strong -Wformat -Werror=format-security -D_FORTIFY_SOURCE=2 -Wl,-z,relro returned exit code 2
make[1]: *** [override_dh_auto_build] Error 2
debian/rules:7: recipe for target 'override_dh_auto_build' failed
make[1]: Leaving directory '/«BUILDDIR»/wmitime-0.3+20120605'
make: *** [build-arch] Error 2
dpkg-buildpackage: error: debian/rules build-arch gave error exit status 2
debian/rules:4: recipe for target 'build-arch' failed
────────────────────────────────────────────────────────────────────────────────
Build finished at 20140904-1945

Finished
────────

E: Build failure (dpkg-buildpackage died)

┌──────────────────────────────────────────────────────────────────────────────┐
│ Cleanup                                                                      │
└──────────────────────────────────────────────────────────────────────────────┘

Purging /«BUILDDIR»
Not cleaning session: cloned chroot in use

┌──────────────────────────────────────────────────────────────────────────────┐
│ Summary                                                                      │
└──────────────────────────────────────────────────────────────────────────────┘

Build Architecture: amd64
Build-Space: 452
Build-Time: 3
Distribution: unstable
Fail-Stage: build
Host Architecture: amd64
Install-Time: 10
Job: wmitime_0.3+20120605-1
Machine Architecture: amd64
Package: wmitime
Package-Time: 45
Source-Version: 0.3+20120605-1
Space: 452
Status: attempted
Version: 0.3+20120605-1clang1
────────────────────────────────────────────────────────────────────────────────
Finished at 20140904-1945
Build needed 00:00:45, 452k disc space
DC-Status: Failed 45.281638767s
DC-Time-Estimation: 45.281638767 versus expected 116 (r/m: 1.561744741547154 ; m: 45.281638767)
