DC-Build-Header: apq-postgresql 3.2.0-2.1 / 2014-08-06 17:18:28 +0000
DC-Task: source:apq-postgresql version:3.2.0-2.1 architecture:any chroot:unstable esttime:121 logfile:/tmp/apq-postgresql_3.2.0-2.1_unstable_clang.log modes:binary-only:parallel:clang
DC-Sbuild-call: su user -c 'sbuild -n --apt-update -d unstable -v  --chroot-setup-commands=/tmp/switch-to-clang --append-to-version "clang1" --maintainer "Lucas Nussbaum <lucas@debian.org>" --uploader "Lucas Nussbaum <lucas@debian.org>" apq-postgresql_3.2.0-2.1'
sbuild (Debian sbuild) 0.63.2 (18 Aug 2012) on ip-172-31-0-214.us-west-2.compute.internal

╔══════════════════════════════════════════════════════════════════════════════╗
║ apq-postgresql 3.2.0-2.1clang1 (amd64)                     06 Aug 2014 17:18 ║
╚══════════════════════════════════════════════════════════════════════════════╝

Package: apq-postgresql
Version: 3.2.0-2.1clang1
Source Version: 3.2.0-2.1
Distribution: unstable
Machine Architecture: amd64
Host Architecture: amd64
Build Architecture: amd64

I: NOTICE: Log filtering will replace 'build/apq-postgresql-Y5Yha8/apq-postgresql-3.2.0' with '«PKGBUILDDIR»'
I: NOTICE: Log filtering will replace 'build/apq-postgresql-Y5Yha8' with '«BUILDDIR»'
I: NOTICE: Log filtering will replace 'var/lib/schroot/mount/unstable-amd64-sbuild-c8b3593e-7f83-4833-bf8c-87e0918bdfec' with '«CHROOT»'

┌──────────────────────────────────────────────────────────────────────────────┐
│ Update chroot                                                                │
└──────────────────────────────────────────────────────────────────────────────┘

Get:1 http://localhost:9999 unstable InRelease [222 kB]
Get:2 http://localhost:9999 unstable/main Sources/DiffIndex [7876 B]
Get:3 http://localhost:9999 unstable/main amd64 Packages/DiffIndex [7876 B]
Get:4 http://localhost:9999 unstable/main Translation-en/DiffIndex [7876 B]
Get:5 http://localhost:9999 unstable/main 2014-08-05-2057.28.pdiff [14.9 kB]
Get:6 http://localhost:9999 unstable/main 2014-08-06-0254.22.pdiff [10.4 kB]
Get:7 http://localhost:9999 unstable/main 2014-08-06-0856.40.pdiff [5699 B]
Get:8 http://localhost:9999 unstable/main amd64 2014-08-05-2057.28.pdiff [80.7 kB]
Get:9 http://localhost:9999 unstable/main 2014-08-06-0856.40.pdiff [5699 B]
Get:10 http://localhost:9999 unstable/main amd64 2014-08-06-0254.22.pdiff [18.7 kB]
Get:11 http://localhost:9999 unstable/main amd64 2014-08-06-0856.40.pdiff [5647 B]
Get:12 http://localhost:9999 unstable/main 2014-08-05-2057.28.pdiff [2013 B]
Get:13 http://localhost:9999 unstable/main 2014-08-06-0254.22.pdiff [375 B]
Get:14 http://localhost:9999 unstable/main 2014-08-06-0856.40.pdiff [33 B]
Get:15 http://localhost:9999 unstable/main amd64 2014-08-06-0856.40.pdiff [5647 B]
Get:16 http://localhost:9999 unstable/main 2014-08-06-0856.40.pdiff [33 B]
Fetched 384 kB in 5s (74.9 kB/s)
Reading package lists...
Reading package lists...
Building dependency tree...
Reading state information...
0 upgraded, 0 newly installed, 0 to remove and 0 not upgraded.

┌──────────────────────────────────────────────────────────────────────────────┐
│ Fetch source files                                                           │
└──────────────────────────────────────────────────────────────────────────────┘


Check APT
─────────

Checking available source versions...

Download source files with APT
──────────────────────────────

Reading package lists...
Building dependency tree...
Reading state information...
NOTICE: 'apq-postgresql' packaging is maintained in the 'Git' version control system at:
http://git.codelabs.ch/git/debian/apq-postgresql.git
Need to get 96.4 kB of source archives.
Get:1 http://localhost:9999/debian/ unstable/main apq-postgresql 3.2.0-2.1 (dsc) [1533 B]
Get:2 http://localhost:9999/debian/ unstable/main apq-postgresql 3.2.0-2.1 (tar) [90.1 kB]
Get:3 http://localhost:9999/debian/ unstable/main apq-postgresql 3.2.0-2.1 (diff) [4804 B]
Fetched 96.4 kB in 0s (99.9 kB/s)
Download complete and in download only mode

Check arch
──────────


┌──────────────────────────────────────────────────────────────────────────────┐
│ Chroot Setup Commands                                                        │
└──────────────────────────────────────────────────────────────────────────────┘


/tmp/switch-to-clang
────────────────────

+ echo 'Entering customization script...'
Entering customization script...
+ echo 'Install of clang-3.5'
Install of clang-3.5
+ apt-get update
Hit http://localhost:9999 unstable InRelease
Hit http://localhost:9999 unstable/main Sources/DiffIndex
Hit http://localhost:9999 unstable/main amd64 Packages/DiffIndex
Hit http://localhost:9999 unstable/main Translation-en/DiffIndex
Reading package lists...
+ apt-get install --yes --no-install-recommends --force-yes clang-3.5
Reading package lists...
Building dependency tree...
Reading state information...
The following extra packages will be installed:
  libbsd0 libclang-common-3.5-dev libclang1-3.5 libedit2 libffi6 libllvm3.5
  libobjc-4.9-dev libobjc4
Suggested packages:
  gnustep gnustep-devel clang-3.5-doc
Recommended packages:
  llvm-3.5-dev python
The following NEW packages will be installed:
  clang-3.5 libbsd0 libclang-common-3.5-dev libclang1-3.5 libedit2 libffi6
  libllvm3.5 libobjc-4.9-dev libobjc4
0 upgraded, 9 newly installed, 0 to remove and 0 not upgraded.
Need to get 33.1 MB of archives.
After this operation, 132 MB of additional disk space will be used.
Get:1 http://localhost:9999/debian/ unstable/main libbsd0 amd64 0.7.0-1 [67.7 kB]
Get:2 http://localhost:9999/debian/ unstable/main libedit2 amd64 3.1-20140620-1 [77.0 kB]
Get:3 http://localhost:9999/debian/ unstable/main libffi6 amd64 3.1-2 [19.8 kB]
Get:4 http://localhost:9999/debian/ unstable/main libllvm3.5 amd64 1:3.5~+rc1-2 [7624 kB]
Get:5 http://localhost:9999/debian/ unstable/main libobjc4 amd64 4.9.1-4 [112 kB]
Get:6 http://localhost:9999/debian/ unstable/main libobjc-4.9-dev amd64 4.9.1-4 [371 kB]
Get:7 http://localhost:9999/debian/ unstable/main libclang1-3.5 amd64 1:3.5~+rc1-2 [3630 kB]
Get:8 http://localhost:9999/debian/ unstable/main libclang-common-3.5-dev amd64 1:3.5~+rc1-2 [678 kB]
Get:9 http://localhost:9999/debian/ unstable/main clang-3.5 amd64 1:3.5~+rc1-2 [20.5 MB]
debconf: delaying package configuration, since apt-utils is not installed
Fetched 33.1 MB in 0s (33.4 MB/s)
Selecting previously unselected package libbsd0:amd64.
(Reading database ... 14246 files and directories currently installed.)
Preparing to unpack .../libbsd0_0.7.0-1_amd64.deb ...
Unpacking libbsd0:amd64 (0.7.0-1) ...
Selecting previously unselected package libedit2:amd64.
Preparing to unpack .../libedit2_3.1-20140620-1_amd64.deb ...
Unpacking libedit2:amd64 (3.1-20140620-1) ...
Selecting previously unselected package libffi6:amd64.
Preparing to unpack .../libffi6_3.1-2_amd64.deb ...
Unpacking libffi6:amd64 (3.1-2) ...
Selecting previously unselected package libllvm3.5:amd64.
Preparing to unpack .../libllvm3.5_1%3a3.5~+rc1-2_amd64.deb ...
Unpacking libllvm3.5:amd64 (1:3.5~+rc1-2) ...
Selecting previously unselected package libobjc4:amd64.
Preparing to unpack .../libobjc4_4.9.1-4_amd64.deb ...
Unpacking libobjc4:amd64 (4.9.1-4) ...
Selecting previously unselected package libobjc-4.9-dev:amd64.
Preparing to unpack .../libobjc-4.9-dev_4.9.1-4_amd64.deb ...
Unpacking libobjc-4.9-dev:amd64 (4.9.1-4) ...
Selecting previously unselected package libclang1-3.5:amd64.
Preparing to unpack .../libclang1-3.5_1%3a3.5~+rc1-2_amd64.deb ...
Unpacking libclang1-3.5:amd64 (1:3.5~+rc1-2) ...
Selecting previously unselected package libclang-common-3.5-dev.
Preparing to unpack .../libclang-common-3.5-dev_1%3a3.5~+rc1-2_amd64.deb ...
Unpacking libclang-common-3.5-dev (1:3.5~+rc1-2) ...
Selecting previously unselected package clang-3.5.
Preparing to unpack .../clang-3.5_1%3a3.5~+rc1-2_amd64.deb ...
Unpacking clang-3.5 (1:3.5~+rc1-2) ...
Setting up libbsd0:amd64 (0.7.0-1) ...
Setting up libedit2:amd64 (3.1-20140620-1) ...
Setting up libffi6:amd64 (3.1-2) ...
Setting up libllvm3.5:amd64 (1:3.5~+rc1-2) ...
Setting up libobjc4:amd64 (4.9.1-4) ...
Setting up libobjc-4.9-dev:amd64 (4.9.1-4) ...
Setting up libclang1-3.5:amd64 (1:3.5~+rc1-2) ...
Setting up libclang-common-3.5-dev (1:3.5~+rc1-2) ...
Setting up clang-3.5 (1:3.5~+rc1-2) ...
Processing triggers for libc-bin (2.19-7) ...
+ echo 'Replace gcc, g++ & cpp by clang'
Replace gcc, g++ & cpp by clang
+ VERSIONS='4.6 4.7 4.8 4.9'
+ cd /usr/bin
+ for VERSION in '$VERSIONS'
+ rm -f g++-4.6 gcc-4.6 cpp-4.6
+ ln -s clang++ g++-4.6
+ ln -s clang gcc-4.6
+ ln -s clang cpp-4.6
+ echo 'gcc-4.6 hold'
+ dpkg --set-selections
+ echo 'g++-4.6 hold'
+ dpkg --set-selections
+ for VERSION in '$VERSIONS'
+ rm -f g++-4.7 gcc-4.7 cpp-4.7
+ ln -s clang++ g++-4.7
+ ln -s clang gcc-4.7
+ ln -s clang cpp-4.7
+ echo 'gcc-4.7 hold'
+ dpkg --set-selections
+ echo 'g++-4.7 hold'
+ dpkg --set-selections
+ for VERSION in '$VERSIONS'
+ rm -f g++-4.8 gcc-4.8 cpp-4.8
+ ln -s clang++ g++-4.8
+ ln -s clang gcc-4.8
+ ln -s clang cpp-4.8
+ echo 'gcc-4.8 hold'
+ dpkg --set-selections
dpkg: warning: package not in database at line 1: gcc-4.8
dpkg: warning: found unknown packages; this might mean the available database
is outdated, and needs to be updated through a frontend method
+ echo 'g++-4.8 hold'
+ dpkg --set-selections
dpkg: warning: package not in database at line 1: g++-4.8
dpkg: warning: found unknown packages; this might mean the available database
is outdated, and needs to be updated through a frontend method
+ for VERSION in '$VERSIONS'
+ rm -f g++-4.9 gcc-4.9 cpp-4.9
+ ln -s clang++ g++-4.9
+ ln -s clang gcc-4.9
+ ln -s clang cpp-4.9
+ echo 'gcc-4.9 hold'
+ dpkg --set-selections
+ echo 'g++-4.9 hold'
+ dpkg --set-selections
+ cd -
/«BUILDDIR»
+ echo 'Check if gcc, g++ & cpp are actually clang'
Check if gcc, g++ & cpp are actually clang
+ gcc --version
+ grep clang
+ cpp --version
+ grep clang
+ g++ --version
+ grep clang

I: Finished running '/tmp/switch-to-clang'.

Finished processing commands.
────────────────────────────────────────────────────────────────────────────────
Merged Build-Depends: build-essential, fakeroot
Filtered Build-Depends: build-essential, fakeroot
dpkg-deb: building package `sbuild-build-depends-core-dummy' in `/«BUILDDIR»/resolver-PhZZQk/apt_archive/sbuild-build-depends-core-dummy.deb'.
OK
Reading package lists...

┌──────────────────────────────────────────────────────────────────────────────┐
│ Install core build dependencies (apt-based resolver)                         │
└──────────────────────────────────────────────────────────────────────────────┘

Installing build dependencies
Reading package lists...
Building dependency tree...
Reading state information...
The following NEW packages will be installed:
  sbuild-build-depends-core-dummy
debconf: delaying package configuration, since apt-utils is not installed
0 upgraded, 1 newly installed, 0 to remove and 0 not upgraded.
Need to get 0 B/818 B of archives.
After this operation, 0 B of additional disk space will be used.
Selecting previously unselected package sbuild-build-depends-core-dummy.
(Reading database ... 14457 files and directories currently installed.)
Preparing to unpack .../sbuild-build-depends-core-dummy.deb ...
Unpacking sbuild-build-depends-core-dummy (0.invalid.0) ...
Setting up sbuild-build-depends-core-dummy (0.invalid.0) ...
Merged Build-Depends: base-files, base-passwd, bash, bsdutils, coreutils, dash, debianutils, diffutils, dpkg, e2fsprogs, findutils, grep, gzip, hostname, libc-bin, login, mount, ncurses-base, ncurses-bin, perl-base, sed, sysvinit, sysvinit-utils, tar, util-linux, libc6-dev | libc-dev, gcc (>= 4:4.4.3), g++ (>= 4:4.4.3), make, dpkg-dev (>= 1.13.5), debhelper (>= 8), gnat, gprbuild, chrpath, libpq-dev, libapq3.2.0-dev (>= 3.2.0-1.1)
Filtered Build-Depends: base-files, base-passwd, bash, bsdutils, coreutils, dash, debianutils, diffutils, dpkg, e2fsprogs, findutils, grep, gzip, hostname, libc-bin, login, mount, ncurses-base, ncurses-bin, perl-base, sed, sysvinit, sysvinit-utils, tar, util-linux, libc6-dev, gcc (>= 4:4.4.3), g++ (>= 4:4.4.3), make, dpkg-dev (>= 1.13.5), debhelper (>= 8), gnat, gprbuild, chrpath, libpq-dev, libapq3.2.0-dev (>= 3.2.0-1.1)
dpkg-deb: building package `sbuild-build-depends-apq-postgresql-dummy' in `/«BUILDDIR»/resolver-5XR9Dg/apt_archive/sbuild-build-depends-apq-postgresql-dummy.deb'.
OK
Reading package lists...

┌──────────────────────────────────────────────────────────────────────────────┐
│ Install apq-postgresql build dependencies (apt-based resolver)               │
└──────────────────────────────────────────────────────────────────────────────┘

Installing build dependencies
Reading package lists...
Building dependency tree...
Reading state information...
The following extra packages will be installed:
  bsdmainutils chrpath comerr-dev debhelper file gettext gettext-base gnat
  gnat-4.9 gnat-4.9-base gprbuild groff-base intltool-debian krb5-multidev
  libapq3.2.0 libapq3.2.0-dev libasprintf0c2 libcroco3 libgcrypt11
  libglib2.0-0 libgnat-4.9 libgnatprj4.9 libgnatvsn4.9 libgnutls26
  libgpg-error0 libgssapi-krb5-2 libgssrpc4 libk5crypto3 libkadm5clnt-mit9
  libkadm5srv-mit9 libkdb5-7 libkeyutils1 libkrb5-3 libkrb5support0
  libldap-2.4-2 libmagic1 libp11-kit0 libpipeline1 libpq-dev libpq5 libsasl2-2
  libsasl2-modules-db libssl-dev libssl1.0.0 libtasn1-6 libunistring0 libxml2
  libxmlada4.4.0 man-db po-debconf zlib1g-dev
Suggested packages:
  wamerican wordlist whois vacation doc-base dh-make gettext-doc gnat-4.9-doc
  gnat-4.9-sjlj gfortran gprbuild-doc groff krb5-doc rng-tools krb5-user
  postgresql-doc-9.4 less www-browser libmail-box-perl
Recommended packages:
  curl wget lynx-cur autopoint libasprintf-dev libgettextpo-dev
  ada-reference-manual-2012 gnat-gps libglib2.0-data shared-mime-info
  krb5-locales libsasl2-modules libssl-doc xml-core libmail-sendmail-perl
The following NEW packages will be installed:
  bsdmainutils chrpath comerr-dev debhelper file gettext gettext-base gnat
  gnat-4.9 gnat-4.9-base gprbuild groff-base intltool-debian krb5-multidev
  libapq3.2.0 libapq3.2.0-dev libasprintf0c2 libcroco3 libgcrypt11
  libglib2.0-0 libgnat-4.9 libgnatprj4.9 libgnatvsn4.9 libgnutls26
  libgpg-error0 libgssapi-krb5-2 libgssrpc4 libk5crypto3 libkadm5clnt-mit9
  libkadm5srv-mit9 libkdb5-7 libkeyutils1 libkrb5-3 libkrb5support0
  libldap-2.4-2 libmagic1 libp11-kit0 libpipeline1 libpq-dev libpq5 libsasl2-2
  libsasl2-modules-db libssl-dev libssl1.0.0 libtasn1-6 libunistring0 libxml2
  libxmlada4.4.0 man-db po-debconf sbuild-build-depends-apq-postgresql-dummy
  zlib1g-dev
0 upgraded, 52 newly installed, 0 to remove and 0 not upgraded.
Need to get 29.1 MB/29.1 MB of archives.
After this operation, 120 MB of additional disk space will be used.
Get:1 http://localhost:9999/debian/ unstable/main libpipeline1 amd64 1.3.0-1 [25.8 kB]
Get:2 http://localhost:9999/debian/ unstable/main libssl1.0.0 amd64 1.0.1h-3 [1011 kB]
Get:3 http://localhost:9999/debian/ unstable/main groff-base amd64 1.22.2-6 [1088 kB]
Get:4 http://localhost:9999/debian/ unstable/main bsdmainutils amd64 9.0.5 [211 kB]
Get:5 http://localhost:9999/debian/ unstable/main man-db amd64 2.6.7.1-1 [990 kB]
Get:6 http://localhost:9999/debian/ unstable/main libasprintf0c2 amd64 0.19.2-1 [30.7 kB]
Get:7 http://localhost:9999/debian/ unstable/main libgpg-error0 amd64 1.13-2 [58.7 kB]
Get:8 http://localhost:9999/debian/ unstable/main libgcrypt11 amd64 1.5.3-5 [255 kB]
Get:9 http://localhost:9999/debian/ unstable/main libp11-kit0 amd64 0.20.2-5 [81.1 kB]
Get:10 http://localhost:9999/debian/ unstable/main libtasn1-6 amd64 4.0-2 [47.9 kB]
Get:11 http://localhost:9999/debian/ unstable/main libgnutls26 amd64 2.12.23-17 [531 kB]
Get:12 http://localhost:9999/debian/ unstable/main libkeyutils1 amd64 1.5.9-5 [11.7 kB]
Get:13 http://localhost:9999/debian/ unstable/main libkrb5support0 amd64 1.12.1+dfsg-6 [57.2 kB]
Get:14 http://localhost:9999/debian/ unstable/main libk5crypto3 amd64 1.12.1+dfsg-6 [112 kB]
Get:15 http://localhost:9999/debian/ unstable/main libkrb5-3 amd64 1.12.1+dfsg-6 [298 kB]
Get:16 http://localhost:9999/debian/ unstable/main libgssapi-krb5-2 amd64 1.12.1+dfsg-6 [147 kB]
Get:17 http://localhost:9999/debian/ unstable/main libgssrpc4 amd64 1.12.1+dfsg-6 [84.3 kB]
Get:18 http://localhost:9999/debian/ unstable/main libkadm5clnt-mit9 amd64 1.12.1+dfsg-6 [66.2 kB]
Get:19 http://localhost:9999/debian/ unstable/main libkdb5-7 amd64 1.12.1+dfsg-6 [66.3 kB]
Get:20 http://localhost:9999/debian/ unstable/main libkadm5srv-mit9 amd64 1.12.1+dfsg-6 [80.7 kB]
Get:21 http://localhost:9999/debian/ unstable/main libsasl2-modules-db amd64 2.1.26.dfsg1-11 [66.8 kB]
Get:22 http://localhost:9999/debian/ unstable/main libsasl2-2 amd64 2.1.26.dfsg1-11 [104 kB]
Get:23 http://localhost:9999/debian/ unstable/main libldap-2.4-2 amd64 2.4.39-1 [212 kB]
Get:24 http://localhost:9999/debian/ unstable/main libmagic1 amd64 1:5.19-1 [237 kB]
Get:25 http://localhost:9999/debian/ unstable/main libxml2 amd64 2.9.1+dfsg1-4 [797 kB]
Get:26 http://localhost:9999/debian/ unstable/main gnat-4.9-base amd64 4.9.1-1 [215 kB]
Get:27 http://localhost:9999/debian/ unstable/main libgnat-4.9 amd64 4.9.1-1 [907 kB]
Get:28 http://localhost:9999/debian/ unstable/main libgnatvsn4.9 amd64 4.9.1-1 [252 kB]
Get:29 http://localhost:9999/debian/ unstable/main libgnatprj4.9 amd64 4.9.1-1 [611 kB]
Get:30 http://localhost:9999/debian/ unstable/main gnat-4.9 amd64 4.9.1-1 [9963 kB]
Get:31 http://localhost:9999/debian/ unstable/main libglib2.0-0 amd64 2.40.0-3 [2405 kB]
Get:32 http://localhost:9999/debian/ unstable/main libcroco3 amd64 0.6.8-2 [133 kB]
Get:33 http://localhost:9999/debian/ unstable/main libpq5 amd64 9.4~beta2-1 [119 kB]
Get:34 http://localhost:9999/debian/ unstable/main libunistring0 amd64 0.9.3-5.2 [283 kB]
Get:35 http://localhost:9999/debian/ unstable/main libxmlada4.4.0 amd64 4.4.2014-1 [591 kB]
Get:36 http://localhost:9999/debian/ unstable/main file amd64 1:5.19-1 [58.0 kB]
Get:37 http://localhost:9999/debian/ unstable/main gettext-base amd64 0.19.2-1 [121 kB]
Get:38 http://localhost:9999/debian/ unstable/main chrpath amd64 0.16-1 [16.3 kB]
Get:39 http://localhost:9999/debian/ unstable/main gettext amd64 0.19.2-1 [1235 kB]
Get:40 http://localhost:9999/debian/ unstable/main intltool-debian all 0.35.0+20060710.1 [30.8 kB]
Get:41 http://localhost:9999/debian/ unstable/main po-debconf all 1.0.16+nmu3 [220 kB]
Get:42 http://localhost:9999/debian/ unstable/main debhelper all 9.20140613 [692 kB]
Get:43 http://localhost:9999/debian/ unstable/main gnat all 4.9 [2772 B]
Get:44 http://localhost:9999/debian/ unstable/main gprbuild amd64 2014-1 [2055 kB]
Get:45 http://localhost:9999/debian/ unstable/main comerr-dev amd64 2.1-1.42.11-2 [38.3 kB]
Get:46 http://localhost:9999/debian/ unstable/main krb5-multidev amd64 1.12.1+dfsg-6 [141 kB]
Get:47 http://localhost:9999/debian/ unstable/main libapq3.2.0 amd64 3.2.0-1.1 [40.0 kB]
Get:48 http://localhost:9999/debian/ unstable/main libapq3.2.0-dev amd64 3.2.0-1.1 [689 kB]
Get:49 http://localhost:9999/debian/ unstable/main zlib1g-dev amd64 1:1.2.8.dfsg-1 [217 kB]
Get:50 http://localhost:9999/debian/ unstable/main libssl-dev amd64 1.0.1h-3 [1245 kB]
Get:51 http://localhost:9999/debian/ unstable/main libpq-dev amd64 9.4~beta2-1 [159 kB]
debconf: delaying package configuration, since apt-utils is not installed
Fetched 29.1 MB in 5s (5585 kB/s)
Selecting previously unselected package libpipeline1:amd64.
(Reading database ... 14457 files and directories currently installed.)
Preparing to unpack .../libpipeline1_1.3.0-1_amd64.deb ...
Unpacking libpipeline1:amd64 (1.3.0-1) ...
Selecting previously unselected package libssl1.0.0:amd64.
Preparing to unpack .../libssl1.0.0_1.0.1h-3_amd64.deb ...
Unpacking libssl1.0.0:amd64 (1.0.1h-3) ...
Selecting previously unselected package groff-base.
Preparing to unpack .../groff-base_1.22.2-6_amd64.deb ...
Unpacking groff-base (1.22.2-6) ...
Selecting previously unselected package bsdmainutils.
Preparing to unpack .../bsdmainutils_9.0.5_amd64.deb ...
Unpacking bsdmainutils (9.0.5) ...
Selecting previously unselected package man-db.
Preparing to unpack .../man-db_2.6.7.1-1_amd64.deb ...
Unpacking man-db (2.6.7.1-1) ...
Selecting previously unselected package libasprintf0c2:amd64.
Preparing to unpack .../libasprintf0c2_0.19.2-1_amd64.deb ...
Unpacking libasprintf0c2:amd64 (0.19.2-1) ...
Selecting previously unselected package libgpg-error0:amd64.
Preparing to unpack .../libgpg-error0_1.13-2_amd64.deb ...
Unpacking libgpg-error0:amd64 (1.13-2) ...
Selecting previously unselected package libgcrypt11:amd64.
Preparing to unpack .../libgcrypt11_1.5.3-5_amd64.deb ...
Unpacking libgcrypt11:amd64 (1.5.3-5) ...
Selecting previously unselected package libp11-kit0:amd64.
Preparing to unpack .../libp11-kit0_0.20.2-5_amd64.deb ...
Unpacking libp11-kit0:amd64 (0.20.2-5) ...
Selecting previously unselected package libtasn1-6:amd64.
Preparing to unpack .../libtasn1-6_4.0-2_amd64.deb ...
Unpacking libtasn1-6:amd64 (4.0-2) ...
Selecting previously unselected package libgnutls26:amd64.
Preparing to unpack .../libgnutls26_2.12.23-17_amd64.deb ...
Unpacking libgnutls26:amd64 (2.12.23-17) ...
Selecting previously unselected package libkeyutils1:amd64.
Preparing to unpack .../libkeyutils1_1.5.9-5_amd64.deb ...
Unpacking libkeyutils1:amd64 (1.5.9-5) ...
Selecting previously unselected package libkrb5support0:amd64.
Preparing to unpack .../libkrb5support0_1.12.1+dfsg-6_amd64.deb ...
Unpacking libkrb5support0:amd64 (1.12.1+dfsg-6) ...
Selecting previously unselected package libk5crypto3:amd64.
Preparing to unpack .../libk5crypto3_1.12.1+dfsg-6_amd64.deb ...
Unpacking libk5crypto3:amd64 (1.12.1+dfsg-6) ...
Selecting previously unselected package libkrb5-3:amd64.
Preparing to unpack .../libkrb5-3_1.12.1+dfsg-6_amd64.deb ...
Unpacking libkrb5-3:amd64 (1.12.1+dfsg-6) ...
Selecting previously unselected package libgssapi-krb5-2:amd64.
Preparing to unpack .../libgssapi-krb5-2_1.12.1+dfsg-6_amd64.deb ...
Unpacking libgssapi-krb5-2:amd64 (1.12.1+dfsg-6) ...
Selecting previously unselected package libgssrpc4:amd64.
Preparing to unpack .../libgssrpc4_1.12.1+dfsg-6_amd64.deb ...
Unpacking libgssrpc4:amd64 (1.12.1+dfsg-6) ...
Selecting previously unselected package libkadm5clnt-mit9:amd64.
Preparing to unpack .../libkadm5clnt-mit9_1.12.1+dfsg-6_amd64.deb ...
Unpacking libkadm5clnt-mit9:amd64 (1.12.1+dfsg-6) ...
Selecting previously unselected package libkdb5-7:amd64.
Preparing to unpack .../libkdb5-7_1.12.1+dfsg-6_amd64.deb ...
Unpacking libkdb5-7:amd64 (1.12.1+dfsg-6) ...
Selecting previously unselected package libkadm5srv-mit9:amd64.
Preparing to unpack .../libkadm5srv-mit9_1.12.1+dfsg-6_amd64.deb ...
Unpacking libkadm5srv-mit9:amd64 (1.12.1+dfsg-6) ...
Selecting previously unselected package libsasl2-modules-db:amd64.
Preparing to unpack .../libsasl2-modules-db_2.1.26.dfsg1-11_amd64.deb ...
Unpacking libsasl2-modules-db:amd64 (2.1.26.dfsg1-11) ...
Selecting previously unselected package libsasl2-2:amd64.
Preparing to unpack .../libsasl2-2_2.1.26.dfsg1-11_amd64.deb ...
Unpacking libsasl2-2:amd64 (2.1.26.dfsg1-11) ...
Selecting previously unselected package libldap-2.4-2:amd64.
Preparing to unpack .../libldap-2.4-2_2.4.39-1_amd64.deb ...
Unpacking libldap-2.4-2:amd64 (2.4.39-1) ...
Selecting previously unselected package libmagic1:amd64.
Preparing to unpack .../libmagic1_1%3a5.19-1_amd64.deb ...
Unpacking libmagic1:amd64 (1:5.19-1) ...
Selecting previously unselected package libxml2:amd64.
Preparing to unpack .../libxml2_2.9.1+dfsg1-4_amd64.deb ...
Unpacking libxml2:amd64 (2.9.1+dfsg1-4) ...
Selecting previously unselected package gnat-4.9-base:amd64.
Preparing to unpack .../gnat-4.9-base_4.9.1-1_amd64.deb ...
Unpacking gnat-4.9-base:amd64 (4.9.1-1) ...
Selecting previously unselected package libgnat-4.9:amd64.
Preparing to unpack .../libgnat-4.9_4.9.1-1_amd64.deb ...
Unpacking libgnat-4.9:amd64 (4.9.1-1) ...
Selecting previously unselected package libgnatvsn4.9:amd64.
Preparing to unpack .../libgnatvsn4.9_4.9.1-1_amd64.deb ...
Unpacking libgnatvsn4.9:amd64 (4.9.1-1) ...
Selecting previously unselected package libgnatprj4.9:amd64.
Preparing to unpack .../libgnatprj4.9_4.9.1-1_amd64.deb ...
Unpacking libgnatprj4.9:amd64 (4.9.1-1) ...
Selecting previously unselected package gnat-4.9.
Preparing to unpack .../gnat-4.9_4.9.1-1_amd64.deb ...
Unpacking gnat-4.9 (4.9.1-1) ...
Selecting previously unselected package libglib2.0-0:amd64.
Preparing to unpack .../libglib2.0-0_2.40.0-3_amd64.deb ...
Unpacking libglib2.0-0:amd64 (2.40.0-3) ...
Selecting previously unselected package libcroco3:amd64.
Preparing to unpack .../libcroco3_0.6.8-2_amd64.deb ...
Unpacking libcroco3:amd64 (0.6.8-2) ...
Selecting previously unselected package libpq5:amd64.
Preparing to unpack .../libpq5_9.4~beta2-1_amd64.deb ...
Unpacking libpq5:amd64 (9.4~beta2-1) ...
Selecting previously unselected package libunistring0:amd64.
Preparing to unpack .../libunistring0_0.9.3-5.2_amd64.deb ...
Unpacking libunistring0:amd64 (0.9.3-5.2) ...
Selecting previously unselected package libxmlada4.4.0:amd64.
Preparing to unpack .../libxmlada4.4.0_4.4.2014-1_amd64.deb ...
Unpacking libxmlada4.4.0:amd64 (4.4.2014-1) ...
Selecting previously unselected package file.
Preparing to unpack .../file_1%3a5.19-1_amd64.deb ...
Unpacking file (1:5.19-1) ...
Selecting previously unselected package gettext-base.
Preparing to unpack .../gettext-base_0.19.2-1_amd64.deb ...
Unpacking gettext-base (0.19.2-1) ...
Selecting previously unselected package chrpath.
Preparing to unpack .../chrpath_0.16-1_amd64.deb ...
Unpacking chrpath (0.16-1) ...
Selecting previously unselected package gettext.
Preparing to unpack .../gettext_0.19.2-1_amd64.deb ...
Unpacking gettext (0.19.2-1) ...
Selecting previously unselected package intltool-debian.
Preparing to unpack .../intltool-debian_0.35.0+20060710.1_all.deb ...
Unpacking intltool-debian (0.35.0+20060710.1) ...
Selecting previously unselected package po-debconf.
Preparing to unpack .../po-debconf_1.0.16+nmu3_all.deb ...
Unpacking po-debconf (1.0.16+nmu3) ...
Selecting previously unselected package debhelper.
Preparing to unpack .../debhelper_9.20140613_all.deb ...
Unpacking debhelper (9.20140613) ...
Selecting previously unselected package gnat.
Preparing to unpack .../apt/archives/gnat_4.9_all.deb ...
Unpacking gnat (4.9) ...
Selecting previously unselected package gprbuild.
Preparing to unpack .../gprbuild_2014-1_amd64.deb ...
Unpacking gprbuild (2014-1) ...
Selecting previously unselected package comerr-dev.
Preparing to unpack .../comerr-dev_2.1-1.42.11-2_amd64.deb ...
Unpacking comerr-dev (2.1-1.42.11-2) ...
Selecting previously unselected package krb5-multidev.
Preparing to unpack .../krb5-multidev_1.12.1+dfsg-6_amd64.deb ...
Unpacking krb5-multidev (1.12.1+dfsg-6) ...
Selecting previously unselected package libapq3.2.0.
Preparing to unpack .../libapq3.2.0_3.2.0-1.1_amd64.deb ...
Unpacking libapq3.2.0 (3.2.0-1.1) ...
Selecting previously unselected package libapq3.2.0-dev.
Preparing to unpack .../libapq3.2.0-dev_3.2.0-1.1_amd64.deb ...
Unpacking libapq3.2.0-dev (3.2.0-1.1) ...
Selecting previously unselected package zlib1g-dev:amd64.
Preparing to unpack .../zlib1g-dev_1%3a1.2.8.dfsg-1_amd64.deb ...
Unpacking zlib1g-dev:amd64 (1:1.2.8.dfsg-1) ...
Selecting previously unselected package libssl-dev:amd64.
Preparing to unpack .../libssl-dev_1.0.1h-3_amd64.deb ...
Unpacking libssl-dev:amd64 (1.0.1h-3) ...
Selecting previously unselected package libpq-dev.
Preparing to unpack .../libpq-dev_9.4~beta2-1_amd64.deb ...
Unpacking libpq-dev (9.4~beta2-1) ...
Selecting previously unselected package sbuild-build-depends-apq-postgresql-dummy.
Preparing to unpack .../sbuild-build-depends-apq-postgresql-dummy.deb ...
Unpacking sbuild-build-depends-apq-postgresql-dummy (0.invalid.0) ...
Setting up libpipeline1:amd64 (1.3.0-1) ...
Setting up libssl1.0.0:amd64 (1.0.1h-3) ...
Setting up groff-base (1.22.2-6) ...
Setting up bsdmainutils (9.0.5) ...
update-alternatives: using /usr/bin/bsd-write to provide /usr/bin/write (write) in auto mode
update-alternatives: using /usr/bin/bsd-from to provide /usr/bin/from (from) in auto mode
Setting up man-db (2.6.7.1-1) ...
Not building database; man-db/auto-update is not 'true'.
Setting up libasprintf0c2:amd64 (0.19.2-1) ...
Setting up libgpg-error0:amd64 (1.13-2) ...
Setting up libgcrypt11:amd64 (1.5.3-5) ...
Setting up libp11-kit0:amd64 (0.20.2-5) ...
Setting up libtasn1-6:amd64 (4.0-2) ...
Setting up libgnutls26:amd64 (2.12.23-17) ...
Setting up libkeyutils1:amd64 (1.5.9-5) ...
Setting up libkrb5support0:amd64 (1.12.1+dfsg-6) ...
Setting up libk5crypto3:amd64 (1.12.1+dfsg-6) ...
Setting up libkrb5-3:amd64 (1.12.1+dfsg-6) ...
Setting up libgssapi-krb5-2:amd64 (1.12.1+dfsg-6) ...
Setting up libgssrpc4:amd64 (1.12.1+dfsg-6) ...
Setting up libkadm5clnt-mit9:amd64 (1.12.1+dfsg-6) ...
Setting up libkdb5-7:amd64 (1.12.1+dfsg-6) ...
Setting up libkadm5srv-mit9:amd64 (1.12.1+dfsg-6) ...
Setting up libsasl2-modules-db:amd64 (2.1.26.dfsg1-11) ...
Setting up libsasl2-2:amd64 (2.1.26.dfsg1-11) ...
Setting up libldap-2.4-2:amd64 (2.4.39-1) ...
Setting up libmagic1:amd64 (1:5.19-1) ...
Setting up libxml2:amd64 (2.9.1+dfsg1-4) ...
Setting up gnat-4.9-base:amd64 (4.9.1-1) ...
Setting up libgnat-4.9:amd64 (4.9.1-1) ...
Setting up libgnatvsn4.9:amd64 (4.9.1-1) ...
Setting up libgnatprj4.9:amd64 (4.9.1-1) ...
Setting up gnat-4.9 (4.9.1-1) ...
Setting up libglib2.0-0:amd64 (2.40.0-3) ...
No schema files found: doing nothing.
Setting up libcroco3:amd64 (0.6.8-2) ...
Setting up libpq5:amd64 (9.4~beta2-1) ...
Setting up libunistring0:amd64 (0.9.3-5.2) ...
Setting up libxmlada4.4.0:amd64 (4.4.2014-1) ...
Setting up file (1:5.19-1) ...
Setting up gettext-base (0.19.2-1) ...
Setting up chrpath (0.16-1) ...
Setting up gettext (0.19.2-1) ...
Setting up intltool-debian (0.35.0+20060710.1) ...
Setting up po-debconf (1.0.16+nmu3) ...
Setting up debhelper (9.20140613) ...
Setting up gnat (4.9) ...
Setting up gprbuild (2014-1) ...
Setting up comerr-dev (2.1-1.42.11-2) ...
Setting up krb5-multidev (1.12.1+dfsg-6) ...
Setting up libapq3.2.0 (3.2.0-1.1) ...
Setting up libapq3.2.0-dev (3.2.0-1.1) ...
Setting up zlib1g-dev:amd64 (1:1.2.8.dfsg-1) ...
Setting up libssl-dev:amd64 (1.0.1h-3) ...
Setting up libpq-dev (9.4~beta2-1) ...
Setting up sbuild-build-depends-apq-postgresql-dummy (0.invalid.0) ...
Processing triggers for libc-bin (2.19-7) ...

┌──────────────────────────────────────────────────────────────────────────────┐
│ Build environment                                                            │
└──────────────────────────────────────────────────────────────────────────────┘

Kernel: Linux 2.6.32-5-xen-amd64 amd64 (x86_64)
Toolchain package versions: binutils_2.24.51.20140727-1 dpkg-dev_1.17.10 g++-4.6_4.6.4-7 g++-4.9_4.9.1-4 gcc-4.6_4.6.4-7 gcc-4.7_4.7.4-2 gcc-4.9_4.9.1-4 libc6-dev_2.19-7 libstdc++-4.9-dev_4.9.1-4 libstdc++6_4.9.1-4 libstdc++6-4.6-dev_4.6.4-7 linux-libc-dev_3.14.13-2
Package versions: apt_1.0.6 base-files_7.5 base-passwd_3.5.33 bash_4.3-8 binutils_2.24.51.20140727-1 bsdmainutils_9.0.5 bsdutils_1:2.20.1-5.8 build-essential_11.6 bzip2_1.0.6-7 chrpath_0.16-1 clang-3.5_1:3.5~+rc1-2 comerr-dev_2.1-1.42.11-2 coreutils_8.21-1.2 cpp_4:4.9.1-1 cpp-4.6_4.6.4-7 cpp-4.7_4.7.4-2 cpp-4.9_4.9.1-4 dash_0.5.7-4 debconf_1.5.53 debconf-i18n_1.5.53 debfoster_2.7-1.2 debhelper_9.20140613 debian-archive-keyring_2012.4 debianutils_4.4 diffutils_1:3.3-1 dpkg_1.17.10 dpkg-dev_1.17.10 e2fslibs_1.42.11-2 e2fsprogs_1.42.11-2 fakeroot_1.20.1-1 file_1:5.19-1 findutils_4.4.2-9 g++_4:4.9.1-1 g++-4.6_4.6.4-7 g++-4.9_4.9.1-4 gcc_4:4.9.1-1 gcc-4.4-base_4.4.7-8 gcc-4.5-base_4.5.4-1 gcc-4.6_4.6.4-7 gcc-4.6-base_4.6.4-7 gcc-4.7_4.7.4-2 gcc-4.7-base_4.7.4-2 gcc-4.8-base_4.8.3-7 gcc-4.9_4.9.1-4 gcc-4.9-base_4.9.1-4 gettext_0.19.2-1 gettext-base_0.19.2-1 gnat_4.9 gnat-4.9_4.9.1-1 gnat-4.9-base_4.9.1-1 gnupg_1.4.18-2 gpgv_1.4.18-2 gprbuild_2014-1 grep_2.18-2 groff-base_1.22.2-6 gzip_1.6-3 hostname_3.15 init_1.20 initscripts_2.88dsf-53.2 insserv_1.14.0-5 intltool-debian_0.35.0+20060710.1 krb5-multidev_1.12.1+dfsg-6 libacl1_2.2.52-1 libapq3.2.0_3.2.0-1.1 libapq3.2.0-dev_3.2.0-1.1 libapt-pkg4.12_1.0.6 libarchive-extract-perl_0.72-1 libasan1_4.9.1-4 libasprintf0c2_0.19.2-1 libatomic1_4.9.1-4 libattr1_1:2.4.47-1 libaudit-common_1:2.3.7-1 libaudit1_1:2.3.7-1 libblkid1_2.20.1-5.8 libbsd0_0.7.0-1 libbz2-1.0_1.0.6-7 libc-bin_2.19-7 libc-dev-bin_2.19-7 libc6_2.19-7 libc6-dev_2.19-7 libcap2_1:2.24-4 libcilkrts5_4.9.1-4 libclang-common-3.5-dev_1:3.5~+rc1-2 libclang1-3.5_1:3.5~+rc1-2 libclass-isa-perl_0.36-5 libcloog-isl4_0.18.2-1 libcloog-ppl1_0.16.1-5 libcomerr2_1.42.11-2 libcroco3_0.6.8-2 libdb5.1_5.1.29-5 libdb5.3_5.3.28-5 libdebconfclient0_0.191 libdpkg-perl_1.17.10 libedit2_3.1-20140620-1 libfakeroot_1.20.1-1 libffi6_3.1-2 libfile-fcntllock-perl_0.22-1 libgc1c2_1:7.2d-6.2 libgcc-4.7-dev_4.7.4-2 libgcc-4.9-dev_4.9.1-4 libgcc1_1:4.9.1-4 libgcrypt11_1.5.3-5 libgdbm3_1.8.3-13 libglib2.0-0_2.40.0-3 libgmp10_2:6.0.0+dfsg-4 libgmpxx4ldbl_2:6.0.0+dfsg-4 libgnat-4.9_4.9.1-1 libgnatprj4.9_4.9.1-1 libgnatvsn4.9_4.9.1-1 libgnutls26_2.12.23-17 libgomp1_4.9.1-4 libgpg-error0_1.13-2 libgpm2_1.20.4-6.1 libgssapi-krb5-2_1.12.1+dfsg-6 libgssrpc4_1.12.1+dfsg-6 libisl10_0.12.2-2 libitm1_4.9.1-4 libk5crypto3_1.12.1+dfsg-6 libkadm5clnt-mit9_1.12.1+dfsg-6 libkadm5srv-mit9_1.12.1+dfsg-6 libkdb5-7_1.12.1+dfsg-6 libkeyutils1_1.5.9-5 libkrb5-3_1.12.1+dfsg-6 libkrb5support0_1.12.1+dfsg-6 libldap-2.4-2_2.4.39-1 libllvm3.5_1:3.5~+rc1-2 liblocale-gettext-perl_1.05-8 liblog-message-perl_0.8-1 liblog-message-simple-perl_0.10-2 liblsan0_4.9.1-4 liblzma5_5.1.1alpha+20120614-2 libmagic1_1:5.19-1 libmodule-pluggable-perl_5.1-1 libmount1_2.20.1-5.8 libmpc2_0.9-4 libmpc3_1.0.2-1 libmpfr4_3.1.2-1 libncurses5_5.9+20140712-2 libobjc-4.9-dev_4.9.1-4 libobjc4_4.9.1-4 libp11-kit0_0.20.2-5 libpam-modules_1.1.8-3 libpam-modules-bin_1.1.8-3 libpam-runtime_1.1.8-3 libpam0g_1.1.8-3 libpcre3_1:8.35-3 libpipeline1_1.3.0-1 libpod-latex-perl_0.61-1 libppl-c4_1:1.1-3 libppl13_1:1.1-3 libpq-dev_9.4~beta2-1 libpq5_9.4~beta2-1 libquadmath0_4.9.1-4 libreadline6_6.3-8 libsasl2-2_2.1.26.dfsg1-11 libsasl2-modules-db_2.1.26.dfsg1-11 libselinux1_2.3-1 libsemanage-common_2.3-1 libsemanage1_2.3-1 libsepol1_2.3-1 libslang2_2.2.4-17 libss2_1.42.11-2 libssl-dev_1.0.1h-3 libssl1.0.0_1.0.1h-3 libstdc++-4.9-dev_4.9.1-4 libstdc++6_4.9.1-4 libstdc++6-4.6-dev_4.6.4-7 libswitch-perl_2.17-1 libtasn1-6_4.0-2 libterm-ui-perl_0.42-1 libtext-charwidth-perl_0.04-7+b2 libtext-iconv-perl_1.7-5+b1 libtext-soundex-perl_3.4-1+b1 libtext-wrapi18n-perl_0.06-7 libtimedate-perl_2.3000-2 libtinfo5_5.9+20140712-2 libtsan0_4.9.1-4 libubsan0_4.9.1-4 libunistring0_0.9.3-5.2 libusb-0.1-4_2:0.1.12-24 libustr-1.0-1_1.0.4-3 libuuid1_2.20.1-5.8 libxml2_2.9.1+dfsg1-4 libxmlada4.4.0_4.4.2014-1 linux-libc-dev_3.14.13-2 login_1:4.2-2 lsb-base_4.1+Debian13 make_4.0-8 man-db_2.6.7.1-1 mawk_1.3.3-17 mount_2.20.1-5.8 multiarch-support_2.19-7 ncurses-base_5.9+20140712-2 ncurses-bin_5.9+20140712-2 passwd_1:4.2-2 patch_2.7.1-5 perl_5.18.2-7 perl-base_5.18.2-7 perl-modules_5.18.2-7 po-debconf_1.0.16+nmu3 readline-common_6.3-8 rename_0.20-3 sbuild-build-depends-apq-postgresql-dummy_0.invalid.0 sbuild-build-depends-core-dummy_0.invalid.0 sed_4.2.2-4 sensible-utils_0.0.9 startpar_0.59-3 sudo_1.8.9p5-1 sysv-rc_2.88dsf-53.2 sysvinit_2.88dsf-53.2 sysvinit-core_2.88dsf-53.2 sysvinit-utils_2.88dsf-53.2 tar_1.27.1-2 tzdata_2014e-1 ucf_3.0030 util-linux_2.20.1-5.8 vim_2:7.4.335-1 vim-common_2:7.4.335-1 vim-runtime_2:7.4.335-1 xz-utils_5.1.1alpha+20120614-2 zlib1g_1:1.2.8.dfsg-1 zlib1g-dev_1:1.2.8.dfsg-1

┌──────────────────────────────────────────────────────────────────────────────┐
│ Build                                                                        │
└──────────────────────────────────────────────────────────────────────────────┘


Unpack source
─────────────

gpgv: keyblock resource `/sbuild-nonexistent/.gnupg/trustedkeys.gpg': file open error
gpgv: Signature made Mon Aug  4 17:50:51 2014 UTC using DSA key ID 0F932C9C
gpgv: Can't check signature: public key not found
dpkg-source: warning: failed to verify signature on ./apq-postgresql_3.2.0-2.1.dsc
dpkg-source: info: extracting apq-postgresql in apq-postgresql-3.2.0
dpkg-source: info: unpacking apq-postgresql_3.2.0.orig.tar.gz
dpkg-source: info: unpacking apq-postgresql_3.2.0-2.1.debian.tar.xz
dpkg-source: info: applying 01-Add-PGSQL-Include-path.patch
dpkg-source: info: applying 02-Make-check_project-more-robust.patch
dpkg-source: info: applying 03-Force-linking-to-libpq.patch

Check disc space
────────────────

Sufficient free space for build

Hack binNMU version
───────────────────

Created changelog entry for binNMU version 3.2.0-2.1clang1

User Environment
────────────────

DEB_BUILD_OPTIONS=parallel=10
HOME=/sbuild-nonexistent
LOGNAME=user
PATH=/usr/local/sbin:/usr/local/bin:/usr/sbin:/usr/bin:/sbin:/bin:/usr/games
SCHROOT_ALIAS_NAME=unstable-amd64-sbuild
SCHROOT_CHROOT_NAME=unstable-amd64-sbuild
SCHROOT_COMMAND=env
SCHROOT_GID=1000
SCHROOT_GROUP=user
SCHROOT_SESSION_ID=unstable-amd64-sbuild-c8b3593e-7f83-4833-bf8c-87e0918bdfec
SCHROOT_UID=1000
SCHROOT_USER=user
SHELL=/bin/sh
USER=user

dpkg-buildpackage
─────────────────

dpkg-buildpackage: source package apq-postgresql
dpkg-buildpackage: source version 3.2.0-2.1clang1
dpkg-buildpackage: source distribution unstable
 dpkg-source --before-build apq-postgresql-3.2.0
dpkg-buildpackage: host architecture amd64
dpkg-source: warning: unknown information field 'Dm-Upload-Allowed' in input data in general section of control info file
 fakeroot debian/rules clean
dh clean
   dh_testdir
   debian/rules override_dh_auto_clean
make[1]: Entering directory '/«PKGBUILDDIR»'
/usr/bin/make distclean
make[2]: Entering directory '/«PKGBUILDDIR»'
make[3]: Entering directory '/«PKGBUILDDIR»'
./scripts/clean.sh
Please run configure first
Makefile:18: recipe for target 'clean' failed
make[3]: *** [clean] Error 1
make[3]: Leaving directory '/«PKGBUILDDIR»'
make[2]: [distclean] Error 2 (ignored)
Makefile:22: recipe for target 'distclean' failed
make[3]: Entering directory '/«PKGBUILDDIR»/samples'
./scripts/clean.sh
Please run configure first
Makefile:18: recipe for target 'clean' failed
make[3]: *** [clean] Error 1
make[3]: Leaving directory '/«PKGBUILDDIR»/samples'
make[2]: [distclean] Error 2 (ignored)
Makefile:22: recipe for target 'distclean' failed
make[2]: Leaving directory '/«PKGBUILDDIR»'
# Restore project file to its original state
mv -f debian/apq-postgresql.gpr.in gnat/apq-postgresql.gpr.in
mv: cannot stat 'debian/apq-postgresql.gpr.in': No such file or directory
make[1]: [override_dh_auto_clean] Error 1 (ignored)
debian/rules:12: recipe for target 'override_dh_auto_clean' failed
rm -f samples/apq-postgresql-examples.gpr
rm -f *.cgpr
make[1]: Leaving directory '/«PKGBUILDDIR»'
   dh_clean
 debian/rules build-arch
dh build-arch
   dh_testdir -a
   debian/rules override_dh_auto_configure
make[1]: Entering directory '/«PKGBUILDDIR»'
# Save project file so we can restore it on clean
cp -f gnat/apq-postgresql.gpr.in debian/apq-postgresql.gpr.in
./configure --enable-debug --prefix=./debian/tmp/usr/ --processor=2
Looking for gprbuild	... [ok]
Looking for gnatprep	... [ok]
Looking for project apq ...	creating apq.cgpr
[false]
make[1]: *** [override_dh_auto_configure] Error 255
gprbuild can't find apq in ADA_PROJECT_PATH
debian/rules:20: recipe for target 'override_dh_auto_configure' failed
make[1]: Leaving directory '/«PKGBUILDDIR»'
make: *** [build-arch] Error 2
debian/rules:9: recipe for target 'build-arch' failed
dpkg-buildpackage: error: debian/rules build-arch gave error exit status 2
────────────────────────────────────────────────────────────────────────────────
Build finished at 20140806-1719

Finished
────────

E: Build failure (dpkg-buildpackage died)

┌──────────────────────────────────────────────────────────────────────────────┐
│ Cleanup                                                                      │
└──────────────────────────────────────────────────────────────────────────────┘

Purging /«BUILDDIR»
Not cleaning session: cloned chroot in use

┌──────────────────────────────────────────────────────────────────────────────┐
│ Summary                                                                      │
└──────────────────────────────────────────────────────────────────────────────┘

Build Architecture: amd64
Build-Space: 704
Build-Time: 3
Distribution: unstable
Fail-Stage: build
Host Architecture: amd64
Install-Time: 19
Job: apq-postgresql_3.2.0-2.1
Machine Architecture: amd64
Package: apq-postgresql
Package-Time: 51
Source-Version: 3.2.0-2.1
Space: 704
Status: attempted
Version: 3.2.0-2.1clang1
────────────────────────────────────────────────────────────────────────────────
Finished at 20140806-1719
Build needed 00:00:51, 704k disc space
DC-Status: Failed 51.635886895s
DC-Time-Estimation: 51.635886895 versus expected 121 (r/m: 1.3433314943548817 ; m: 51.635886895)
