DC-Build-Header: eggdrop 1.6.21-3 / 2014-08-06 16:20:03 +0000
DC-Task: source:eggdrop version:1.6.21-3 architecture:any chroot:unstable esttime:362 logfile:/tmp/eggdrop_1.6.21-3_unstable_clang.log modes:binary-only:parallel:clang
DC-Sbuild-call: su user -c 'sbuild -n --apt-update -d unstable -v  --chroot-setup-commands=/tmp/switch-to-clang --append-to-version "clang1" --maintainer "Lucas Nussbaum <lucas@debian.org>" --uploader "Lucas Nussbaum <lucas@debian.org>" eggdrop_1.6.21-3'
sbuild (Debian sbuild) 0.63.2 (18 Aug 2012) on ip-172-31-5-201.us-west-2.compute.internal

╔══════════════════════════════════════════════════════════════════════════════╗
║ eggdrop 1.6.21-3clang1 (amd64)                             06 Aug 2014 16:20 ║
╚══════════════════════════════════════════════════════════════════════════════╝

Package: eggdrop
Version: 1.6.21-3clang1
Source Version: 1.6.21-3
Distribution: unstable
Machine Architecture: amd64
Host Architecture: amd64
Build Architecture: amd64

I: NOTICE: Log filtering will replace 'build/eggdrop-kdFjNm/eggdrop-1.6.21' with '«PKGBUILDDIR»'
I: NOTICE: Log filtering will replace 'build/eggdrop-kdFjNm' with '«BUILDDIR»'
I: NOTICE: Log filtering will replace 'var/lib/schroot/mount/unstable-amd64-sbuild-5db1de92-3156-487c-8b9d-5cd27a0c8e61' with '«CHROOT»'

┌──────────────────────────────────────────────────────────────────────────────┐
│ Update chroot                                                                │
└──────────────────────────────────────────────────────────────────────────────┘

Get:1 http://localhost:9999 unstable InRelease [222 kB]
Get:2 http://localhost:9999 unstable/main Sources/DiffIndex [7876 B]
Get:3 http://localhost:9999 unstable/main amd64 Packages/DiffIndex [7876 B]
Get:4 http://localhost:9999 unstable/main Translation-en/DiffIndex [7876 B]
Get:5 http://localhost:9999 unstable/main 2014-08-05-2057.28.pdiff [14.9 kB]
Get:6 http://localhost:9999 unstable/main 2014-08-06-0254.22.pdiff [10.4 kB]
Get:7 http://localhost:9999 unstable/main 2014-08-06-0856.40.pdiff [5699 B]
Get:8 http://localhost:9999 unstable/main amd64 2014-08-05-2057.28.pdiff [80.7 kB]
Get:9 http://localhost:9999 unstable/main 2014-08-06-0856.40.pdiff [5699 B]
Get:10 http://localhost:9999 unstable/main amd64 2014-08-06-0254.22.pdiff [18.7 kB]
Get:11 http://localhost:9999 unstable/main amd64 2014-08-06-0856.40.pdiff [5647 B]
Get:12 http://localhost:9999 unstable/main 2014-08-05-2057.28.pdiff [2013 B]
Get:13 http://localhost:9999 unstable/main 2014-08-06-0254.22.pdiff [375 B]
Get:14 http://localhost:9999 unstable/main 2014-08-06-0856.40.pdiff [33 B]
Get:15 http://localhost:9999 unstable/main amd64 2014-08-06-0856.40.pdiff [5647 B]
Get:16 http://localhost:9999 unstable/main 2014-08-06-0856.40.pdiff [33 B]
Fetched 384 kB in 5s (74.8 kB/s)
Reading package lists...
Reading package lists...
Building dependency tree...
Reading state information...
0 upgraded, 0 newly installed, 0 to remove and 0 not upgraded.

┌──────────────────────────────────────────────────────────────────────────────┐
│ Fetch source files                                                           │
└──────────────────────────────────────────────────────────────────────────────┘


Check APT
─────────

Checking available source versions...

Download source files with APT
──────────────────────────────

Reading package lists...
Building dependency tree...
Reading state information...
Need to get 1262 kB of source archives.
Get:1 http://localhost:9999/debian/ unstable/main eggdrop 1.6.21-3 (dsc) [1853 B]
Get:2 http://localhost:9999/debian/ unstable/main eggdrop 1.6.21-3 (tar) [1246 kB]
Get:3 http://localhost:9999/debian/ unstable/main eggdrop 1.6.21-3 (diff) [13.5 kB]
Fetched 1262 kB in 2s (600 kB/s)
Download complete and in download only mode

Check arch
──────────


┌──────────────────────────────────────────────────────────────────────────────┐
│ Chroot Setup Commands                                                        │
└──────────────────────────────────────────────────────────────────────────────┘


/tmp/switch-to-clang
────────────────────

+ echo 'Entering customization script...'
Entering customization script...
+ echo 'Install of clang-3.5'
Install of clang-3.5
+ apt-get update
Hit http://localhost:9999 unstable InRelease
Hit http://localhost:9999 unstable/main Sources/DiffIndex
Hit http://localhost:9999 unstable/main amd64 Packages/DiffIndex
Hit http://localhost:9999 unstable/main Translation-en/DiffIndex
Reading package lists...
+ apt-get install --yes --no-install-recommends --force-yes clang-3.5
Reading package lists...
Building dependency tree...
Reading state information...
The following extra packages will be installed:
  libbsd0 libclang-common-3.5-dev libclang1-3.5 libedit2 libffi6 libllvm3.5
  libobjc-4.9-dev libobjc4
Suggested packages:
  gnustep gnustep-devel clang-3.5-doc
Recommended packages:
  llvm-3.5-dev python
The following NEW packages will be installed:
  clang-3.5 libbsd0 libclang-common-3.5-dev libclang1-3.5 libedit2 libffi6
  libllvm3.5 libobjc-4.9-dev libobjc4
0 upgraded, 9 newly installed, 0 to remove and 0 not upgraded.
Need to get 33.1 MB of archives.
After this operation, 132 MB of additional disk space will be used.
Get:1 http://localhost:9999/debian/ unstable/main libbsd0 amd64 0.7.0-1 [67.7 kB]
Get:2 http://localhost:9999/debian/ unstable/main libedit2 amd64 3.1-20140620-1 [77.0 kB]
Get:3 http://localhost:9999/debian/ unstable/main libffi6 amd64 3.1-2 [19.8 kB]
Get:4 http://localhost:9999/debian/ unstable/main libllvm3.5 amd64 1:3.5~+rc1-2 [7624 kB]
Get:5 http://localhost:9999/debian/ unstable/main libobjc4 amd64 4.9.1-4 [112 kB]
Get:6 http://localhost:9999/debian/ unstable/main libobjc-4.9-dev amd64 4.9.1-4 [371 kB]
Get:7 http://localhost:9999/debian/ unstable/main libclang1-3.5 amd64 1:3.5~+rc1-2 [3630 kB]
Get:8 http://localhost:9999/debian/ unstable/main libclang-common-3.5-dev amd64 1:3.5~+rc1-2 [678 kB]
Get:9 http://localhost:9999/debian/ unstable/main clang-3.5 amd64 1:3.5~+rc1-2 [20.5 MB]
debconf: delaying package configuration, since apt-utils is not installed
Fetched 33.1 MB in 1s (31.3 MB/s)
Selecting previously unselected package libbsd0:amd64.
(Reading database ... 14246 files and directories currently installed.)
Preparing to unpack .../libbsd0_0.7.0-1_amd64.deb ...
Unpacking libbsd0:amd64 (0.7.0-1) ...
Selecting previously unselected package libedit2:amd64.
Preparing to unpack .../libedit2_3.1-20140620-1_amd64.deb ...
Unpacking libedit2:amd64 (3.1-20140620-1) ...
Selecting previously unselected package libffi6:amd64.
Preparing to unpack .../libffi6_3.1-2_amd64.deb ...
Unpacking libffi6:amd64 (3.1-2) ...
Selecting previously unselected package libllvm3.5:amd64.
Preparing to unpack .../libllvm3.5_1%3a3.5~+rc1-2_amd64.deb ...
Unpacking libllvm3.5:amd64 (1:3.5~+rc1-2) ...
Selecting previously unselected package libobjc4:amd64.
Preparing to unpack .../libobjc4_4.9.1-4_amd64.deb ...
Unpacking libobjc4:amd64 (4.9.1-4) ...
Selecting previously unselected package libobjc-4.9-dev:amd64.
Preparing to unpack .../libobjc-4.9-dev_4.9.1-4_amd64.deb ...
Unpacking libobjc-4.9-dev:amd64 (4.9.1-4) ...
Selecting previously unselected package libclang1-3.5:amd64.
Preparing to unpack .../libclang1-3.5_1%3a3.5~+rc1-2_amd64.deb ...
Unpacking libclang1-3.5:amd64 (1:3.5~+rc1-2) ...
Selecting previously unselected package libclang-common-3.5-dev.
Preparing to unpack .../libclang-common-3.5-dev_1%3a3.5~+rc1-2_amd64.deb ...
Unpacking libclang-common-3.5-dev (1:3.5~+rc1-2) ...
Selecting previously unselected package clang-3.5.
Preparing to unpack .../clang-3.5_1%3a3.5~+rc1-2_amd64.deb ...
Unpacking clang-3.5 (1:3.5~+rc1-2) ...
Setting up libbsd0:amd64 (0.7.0-1) ...
Setting up libedit2:amd64 (3.1-20140620-1) ...
Setting up libffi6:amd64 (3.1-2) ...
Setting up libllvm3.5:amd64 (1:3.5~+rc1-2) ...
Setting up libobjc4:amd64 (4.9.1-4) ...
Setting up libobjc-4.9-dev:amd64 (4.9.1-4) ...
Setting up libclang1-3.5:amd64 (1:3.5~+rc1-2) ...
Setting up libclang-common-3.5-dev (1:3.5~+rc1-2) ...
Setting up clang-3.5 (1:3.5~+rc1-2) ...
Processing triggers for libc-bin (2.19-7) ...
+ echo 'Replace gcc, g++ & cpp by clang'
Replace gcc, g++ & cpp by clang
+ VERSIONS='4.6 4.7 4.8 4.9'
+ cd /usr/bin
+ for VERSION in '$VERSIONS'
+ rm -f g++-4.6 gcc-4.6 cpp-4.6
+ ln -s clang++ g++-4.6
+ ln -s clang gcc-4.6
+ ln -s clang cpp-4.6
+ echo 'gcc-4.6 hold'
+ dpkg --set-selections
+ echo 'g++-4.6 hold'
+ dpkg --set-selections
+ for VERSION in '$VERSIONS'
+ rm -f g++-4.7 gcc-4.7 cpp-4.7
+ ln -s clang++ g++-4.7
+ ln -s clang gcc-4.7
+ ln -s clang cpp-4.7
+ echo 'gcc-4.7 hold'
+ dpkg --set-selections
+ echo 'g++-4.7 hold'
+ dpkg --set-selections
+ for VERSION in '$VERSIONS'
+ rm -f g++-4.8 gcc-4.8 cpp-4.8
+ ln -s clang++ g++-4.8
+ ln -s clang gcc-4.8
+ ln -s clang cpp-4.8
+ echo 'gcc-4.8 hold'
+ dpkg --set-selections
dpkg: warning: package not in database at line 1: gcc-4.8
dpkg: warning: found unknown packages; this might mean the available database
is outdated, and needs to be updated through a frontend method
+ echo 'g++-4.8 hold'
+ dpkg --set-selections
dpkg: warning: package not in database at line 1: g++-4.8
dpkg: warning: found unknown packages; this might mean the available database
is outdated, and needs to be updated through a frontend method
+ for VERSION in '$VERSIONS'
+ rm -f g++-4.9 gcc-4.9 cpp-4.9
+ ln -s clang++ g++-4.9
+ ln -s clang gcc-4.9
+ ln -s clang cpp-4.9
+ echo 'gcc-4.9 hold'
+ dpkg --set-selections
+ echo 'g++-4.9 hold'
+ dpkg --set-selections
+ cd -
/«BUILDDIR»
+ echo 'Check if gcc, g++ & cpp are actually clang'
Check if gcc, g++ & cpp are actually clang
+ gcc --version
+ grep clang
+ cpp --version
+ grep clang
+ g++ --version
+ grep clang

I: Finished running '/tmp/switch-to-clang'.

Finished processing commands.
────────────────────────────────────────────────────────────────────────────────
Merged Build-Depends: build-essential, fakeroot
Filtered Build-Depends: build-essential, fakeroot
dpkg-deb: building package `sbuild-build-depends-core-dummy' in `/«BUILDDIR»/resolver-iaVKJe/apt_archive/sbuild-build-depends-core-dummy.deb'.
OK
Reading package lists...

┌──────────────────────────────────────────────────────────────────────────────┐
│ Install core build dependencies (apt-based resolver)                         │
└──────────────────────────────────────────────────────────────────────────────┘

Installing build dependencies
Reading package lists...
Building dependency tree...
Reading state information...
The following NEW packages will be installed:
  sbuild-build-depends-core-dummy
debconf: delaying package configuration, since apt-utils is not installed
0 upgraded, 1 newly installed, 0 to remove and 0 not upgraded.
Need to get 0 B/818 B of archives.
After this operation, 0 B of additional disk space will be used.
Selecting previously unselected package sbuild-build-depends-core-dummy.
(Reading database ... 14457 files and directories currently installed.)
Preparing to unpack .../sbuild-build-depends-core-dummy.deb ...
Unpacking sbuild-build-depends-core-dummy (0.invalid.0) ...
Setting up sbuild-build-depends-core-dummy (0.invalid.0) ...
Merged Build-Depends: base-files, base-passwd, bash, bsdutils, coreutils, dash, debianutils, diffutils, dpkg, e2fsprogs, findutils, grep, gzip, hostname, libc-bin, login, mount, ncurses-base, ncurses-bin, perl-base, sed, sysvinit, sysvinit-utils, tar, util-linux, libc6-dev | libc-dev, gcc (>= 4:4.4.3), g++ (>= 4:4.4.3), make, dpkg-dev (>= 1.13.5), tcl8.6-dev, libz-dev, debhelper (>= 9), autotools-dev, dh-autoreconf
Merged Build-Conflicts: autoconf2.13, automake1.4
Filtered Build-Depends: base-files, base-passwd, bash, bsdutils, coreutils, dash, debianutils, diffutils, dpkg, e2fsprogs, findutils, grep, gzip, hostname, libc-bin, login, mount, ncurses-base, ncurses-bin, perl-base, sed, sysvinit, sysvinit-utils, tar, util-linux, libc6-dev, gcc (>= 4:4.4.3), g++ (>= 4:4.4.3), make, dpkg-dev (>= 1.13.5), tcl8.6-dev, libz-dev, debhelper (>= 9), autotools-dev, dh-autoreconf
Filtered Build-Conflicts: autoconf2.13, automake1.4
dpkg-deb: building package `sbuild-build-depends-eggdrop-dummy' in `/«BUILDDIR»/resolver-CvZpgp/apt_archive/sbuild-build-depends-eggdrop-dummy.deb'.
OK
Reading package lists...

┌──────────────────────────────────────────────────────────────────────────────┐
│ Install eggdrop build dependencies (apt-based resolver)                      │
└──────────────────────────────────────────────────────────────────────────────┘

Installing build dependencies
Reading package lists...
Building dependency tree...
Reading state information...
The following extra packages will be installed:
  autoconf automake autopoint autotools-dev bsdmainutils debhelper
  dh-autoreconf file gettext gettext-base groff-base intltool-debian
  libasprintf0c2 libcroco3 libglib2.0-0 libmagic1 libpipeline1 libsigsegv2
  libtcl8.6 libtool libunistring0 libxml2 m4 man-db po-debconf tcl8.6
  tcl8.6-dev zlib1g-dev
Suggested packages:
  autoconf-archive gnu-standards autoconf-doc wamerican wordlist whois
  vacation dh-make gettext-doc groff libtool-doc automaken gfortran
  fortran95-compiler gcj-jdk less www-browser libmail-box-perl tcl-tclreadline
  tcl8.6-doc
Recommended packages:
  curl wget lynx-cur libasprintf-dev libgettextpo-dev libglib2.0-data
  shared-mime-info libltdl-dev xml-core libmail-sendmail-perl
The following NEW packages will be installed:
  autoconf automake autopoint autotools-dev bsdmainutils debhelper
  dh-autoreconf file gettext gettext-base groff-base intltool-debian
  libasprintf0c2 libcroco3 libglib2.0-0 libmagic1 libpipeline1 libsigsegv2
  libtcl8.6 libtool libunistring0 libxml2 m4 man-db po-debconf
  sbuild-build-depends-eggdrop-dummy tcl8.6 tcl8.6-dev zlib1g-dev
0 upgraded, 29 newly installed, 0 to remove and 0 not upgraded.
Need to get 13.1 MB/13.1 MB of archives.
After this operation, 41.5 MB of additional disk space will be used.
Get:1 http://localhost:9999/debian/ unstable/main libpipeline1 amd64 1.3.0-1 [25.8 kB]
Get:2 http://localhost:9999/debian/ unstable/main groff-base amd64 1.22.2-6 [1088 kB]
Get:3 http://localhost:9999/debian/ unstable/main bsdmainutils amd64 9.0.5 [211 kB]
Get:4 http://localhost:9999/debian/ unstable/main man-db amd64 2.6.7.1-1 [990 kB]
Get:5 http://localhost:9999/debian/ unstable/main libasprintf0c2 amd64 0.19.2-1 [30.7 kB]
Get:6 http://localhost:9999/debian/ unstable/main libmagic1 amd64 1:5.19-1 [237 kB]
Get:7 http://localhost:9999/debian/ unstable/main libxml2 amd64 2.9.1+dfsg1-4 [797 kB]
Get:8 http://localhost:9999/debian/ unstable/main libglib2.0-0 amd64 2.40.0-3 [2405 kB]
Get:9 http://localhost:9999/debian/ unstable/main libcroco3 amd64 0.6.8-2 [133 kB]
Get:10 http://localhost:9999/debian/ unstable/main libsigsegv2 amd64 2.10-4 [28.8 kB]
Get:11 http://localhost:9999/debian/ unstable/main libtcl8.6 amd64 8.6.1-6 [951 kB]
Get:12 http://localhost:9999/debian/ unstable/main libunistring0 amd64 0.9.3-5.2 [283 kB]
Get:13 http://localhost:9999/debian/ unstable/main file amd64 1:5.19-1 [58.0 kB]
Get:14 http://localhost:9999/debian/ unstable/main gettext-base amd64 0.19.2-1 [121 kB]
Get:15 http://localhost:9999/debian/ unstable/main m4 amd64 1.4.17-4 [254 kB]
Get:16 http://localhost:9999/debian/ unstable/main autoconf all 2.69-7 [340 kB]
Get:17 http://localhost:9999/debian/ unstable/main autotools-dev all 20140510.1 [70.3 kB]
Get:18 http://localhost:9999/debian/ unstable/main automake all 1:1.14.1-3 [725 kB]
Get:19 http://localhost:9999/debian/ unstable/main autopoint all 0.19.2-1 [408 kB]
Get:20 http://localhost:9999/debian/ unstable/main gettext amd64 0.19.2-1 [1235 kB]
Get:21 http://localhost:9999/debian/ unstable/main intltool-debian all 0.35.0+20060710.1 [30.8 kB]
Get:22 http://localhost:9999/debian/ unstable/main po-debconf all 1.0.16+nmu3 [220 kB]
Get:23 http://localhost:9999/debian/ unstable/main debhelper all 9.20140613 [692 kB]
Get:24 http://localhost:9999/debian/ unstable/main libtool amd64 2.4.2-1.7 [505 kB]
Get:25 http://localhost:9999/debian/ unstable/main dh-autoreconf all 9 [15.5 kB]
Get:26 http://localhost:9999/debian/ unstable/main tcl8.6 amd64 8.6.1-6 [122 kB]
Get:27 http://localhost:9999/debian/ unstable/main zlib1g-dev amd64 1:1.2.8.dfsg-1 [217 kB]
Get:28 http://localhost:9999/debian/ unstable/main tcl8.6-dev amd64 8.6.1-6 [954 kB]
debconf: delaying package configuration, since apt-utils is not installed
Fetched 13.1 MB in 0s (18.9 MB/s)
Selecting previously unselected package libpipeline1:amd64.
(Reading database ... 14457 files and directories currently installed.)
Preparing to unpack .../libpipeline1_1.3.0-1_amd64.deb ...
Unpacking libpipeline1:amd64 (1.3.0-1) ...
Selecting previously unselected package groff-base.
Preparing to unpack .../groff-base_1.22.2-6_amd64.deb ...
Unpacking groff-base (1.22.2-6) ...
Selecting previously unselected package bsdmainutils.
Preparing to unpack .../bsdmainutils_9.0.5_amd64.deb ...
Unpacking bsdmainutils (9.0.5) ...
Selecting previously unselected package man-db.
Preparing to unpack .../man-db_2.6.7.1-1_amd64.deb ...
Unpacking man-db (2.6.7.1-1) ...
Selecting previously unselected package libasprintf0c2:amd64.
Preparing to unpack .../libasprintf0c2_0.19.2-1_amd64.deb ...
Unpacking libasprintf0c2:amd64 (0.19.2-1) ...
Selecting previously unselected package libmagic1:amd64.
Preparing to unpack .../libmagic1_1%3a5.19-1_amd64.deb ...
Unpacking libmagic1:amd64 (1:5.19-1) ...
Selecting previously unselected package libxml2:amd64.
Preparing to unpack .../libxml2_2.9.1+dfsg1-4_amd64.deb ...
Unpacking libxml2:amd64 (2.9.1+dfsg1-4) ...
Selecting previously unselected package libglib2.0-0:amd64.
Preparing to unpack .../libglib2.0-0_2.40.0-3_amd64.deb ...
Unpacking libglib2.0-0:amd64 (2.40.0-3) ...
Selecting previously unselected package libcroco3:amd64.
Preparing to unpack .../libcroco3_0.6.8-2_amd64.deb ...
Unpacking libcroco3:amd64 (0.6.8-2) ...
Selecting previously unselected package libsigsegv2:amd64.
Preparing to unpack .../libsigsegv2_2.10-4_amd64.deb ...
Unpacking libsigsegv2:amd64 (2.10-4) ...
Selecting previously unselected package libtcl8.6:amd64.
Preparing to unpack .../libtcl8.6_8.6.1-6_amd64.deb ...
Unpacking libtcl8.6:amd64 (8.6.1-6) ...
Selecting previously unselected package libunistring0:amd64.
Preparing to unpack .../libunistring0_0.9.3-5.2_amd64.deb ...
Unpacking libunistring0:amd64 (0.9.3-5.2) ...
Selecting previously unselected package file.
Preparing to unpack .../file_1%3a5.19-1_amd64.deb ...
Unpacking file (1:5.19-1) ...
Selecting previously unselected package gettext-base.
Preparing to unpack .../gettext-base_0.19.2-1_amd64.deb ...
Unpacking gettext-base (0.19.2-1) ...
Selecting previously unselected package m4.
Preparing to unpack .../archives/m4_1.4.17-4_amd64.deb ...
Unpacking m4 (1.4.17-4) ...
Selecting previously unselected package autoconf.
Preparing to unpack .../autoconf_2.69-7_all.deb ...
Unpacking autoconf (2.69-7) ...
Selecting previously unselected package autotools-dev.
Preparing to unpack .../autotools-dev_20140510.1_all.deb ...
Unpacking autotools-dev (20140510.1) ...
Selecting previously unselected package automake.
Preparing to unpack .../automake_1%3a1.14.1-3_all.deb ...
Unpacking automake (1:1.14.1-3) ...
Selecting previously unselected package autopoint.
Preparing to unpack .../autopoint_0.19.2-1_all.deb ...
Unpacking autopoint (0.19.2-1) ...
Selecting previously unselected package gettext.
Preparing to unpack .../gettext_0.19.2-1_amd64.deb ...
Unpacking gettext (0.19.2-1) ...
Selecting previously unselected package intltool-debian.
Preparing to unpack .../intltool-debian_0.35.0+20060710.1_all.deb ...
Unpacking intltool-debian (0.35.0+20060710.1) ...
Selecting previously unselected package po-debconf.
Preparing to unpack .../po-debconf_1.0.16+nmu3_all.deb ...
Unpacking po-debconf (1.0.16+nmu3) ...
Selecting previously unselected package debhelper.
Preparing to unpack .../debhelper_9.20140613_all.deb ...
Unpacking debhelper (9.20140613) ...
Selecting previously unselected package libtool.
Preparing to unpack .../libtool_2.4.2-1.7_amd64.deb ...
Unpacking libtool (2.4.2-1.7) ...
Selecting previously unselected package dh-autoreconf.
Preparing to unpack .../dh-autoreconf_9_all.deb ...
Unpacking dh-autoreconf (9) ...
Selecting previously unselected package tcl8.6.
Preparing to unpack .../tcl8.6_8.6.1-6_amd64.deb ...
Unpacking tcl8.6 (8.6.1-6) ...
Selecting previously unselected package zlib1g-dev:amd64.
Preparing to unpack .../zlib1g-dev_1%3a1.2.8.dfsg-1_amd64.deb ...
Unpacking zlib1g-dev:amd64 (1:1.2.8.dfsg-1) ...
Selecting previously unselected package tcl8.6-dev:amd64.
Preparing to unpack .../tcl8.6-dev_8.6.1-6_amd64.deb ...
Unpacking tcl8.6-dev:amd64 (8.6.1-6) ...
Selecting previously unselected package sbuild-build-depends-eggdrop-dummy.
Preparing to unpack .../sbuild-build-depends-eggdrop-dummy.deb ...
Unpacking sbuild-build-depends-eggdrop-dummy (0.invalid.0) ...
Setting up libpipeline1:amd64 (1.3.0-1) ...
Setting up groff-base (1.22.2-6) ...
Setting up bsdmainutils (9.0.5) ...
update-alternatives: using /usr/bin/bsd-write to provide /usr/bin/write (write) in auto mode
update-alternatives: using /usr/bin/bsd-from to provide /usr/bin/from (from) in auto mode
Setting up man-db (2.6.7.1-1) ...
Not building database; man-db/auto-update is not 'true'.
Setting up libasprintf0c2:amd64 (0.19.2-1) ...
Setting up libmagic1:amd64 (1:5.19-1) ...
Setting up libxml2:amd64 (2.9.1+dfsg1-4) ...
Setting up libglib2.0-0:amd64 (2.40.0-3) ...
No schema files found: doing nothing.
Setting up libcroco3:amd64 (0.6.8-2) ...
Setting up libsigsegv2:amd64 (2.10-4) ...
Setting up libtcl8.6:amd64 (8.6.1-6) ...
Setting up libunistring0:amd64 (0.9.3-5.2) ...
Setting up file (1:5.19-1) ...
Setting up gettext-base (0.19.2-1) ...
Setting up m4 (1.4.17-4) ...
Setting up autoconf (2.69-7) ...
Setting up autotools-dev (20140510.1) ...
Setting up automake (1:1.14.1-3) ...
update-alternatives: using /usr/bin/automake-1.14 to provide /usr/bin/automake (automake) in auto mode
Setting up autopoint (0.19.2-1) ...
Setting up gettext (0.19.2-1) ...
Setting up intltool-debian (0.35.0+20060710.1) ...
Setting up po-debconf (1.0.16+nmu3) ...
Setting up debhelper (9.20140613) ...
Setting up libtool (2.4.2-1.7) ...
Setting up dh-autoreconf (9) ...
Setting up tcl8.6 (8.6.1-6) ...
Setting up zlib1g-dev:amd64 (1:1.2.8.dfsg-1) ...
Setting up tcl8.6-dev:amd64 (8.6.1-6) ...
Setting up sbuild-build-depends-eggdrop-dummy (0.invalid.0) ...
Processing triggers for libc-bin (2.19-7) ...

┌──────────────────────────────────────────────────────────────────────────────┐
│ Build environment                                                            │
└──────────────────────────────────────────────────────────────────────────────┘

Kernel: Linux 2.6.32-5-xen-amd64 amd64 (x86_64)
Toolchain package versions: binutils_2.24.51.20140727-1 dpkg-dev_1.17.10 g++-4.6_4.6.4-7 g++-4.9_4.9.1-4 gcc-4.6_4.6.4-7 gcc-4.7_4.7.4-2 gcc-4.9_4.9.1-4 libc6-dev_2.19-7 libstdc++-4.9-dev_4.9.1-4 libstdc++6_4.9.1-4 libstdc++6-4.6-dev_4.6.4-7 linux-libc-dev_3.14.13-2
Package versions: apt_1.0.6 autoconf_2.69-7 automake_1:1.14.1-3 autopoint_0.19.2-1 autotools-dev_20140510.1 base-files_7.5 base-passwd_3.5.33 bash_4.3-8 binutils_2.24.51.20140727-1 bsdmainutils_9.0.5 bsdutils_1:2.20.1-5.8 build-essential_11.6 bzip2_1.0.6-7 clang-3.5_1:3.5~+rc1-2 coreutils_8.21-1.2 cpp_4:4.9.1-1 cpp-4.6_4.6.4-7 cpp-4.7_4.7.4-2 cpp-4.9_4.9.1-4 dash_0.5.7-4 debconf_1.5.53 debconf-i18n_1.5.53 debfoster_2.7-1.2 debhelper_9.20140613 debian-archive-keyring_2012.4 debianutils_4.4 dh-autoreconf_9 diffutils_1:3.3-1 dpkg_1.17.10 dpkg-dev_1.17.10 e2fslibs_1.42.11-2 e2fsprogs_1.42.11-2 fakeroot_1.20.1-1 file_1:5.19-1 findutils_4.4.2-9 g++_4:4.9.1-1 g++-4.6_4.6.4-7 g++-4.9_4.9.1-4 gcc_4:4.9.1-1 gcc-4.4-base_4.4.7-8 gcc-4.5-base_4.5.4-1 gcc-4.6_4.6.4-7 gcc-4.6-base_4.6.4-7 gcc-4.7_4.7.4-2 gcc-4.7-base_4.7.4-2 gcc-4.8-base_4.8.3-7 gcc-4.9_4.9.1-4 gcc-4.9-base_4.9.1-4 gettext_0.19.2-1 gettext-base_0.19.2-1 gnupg_1.4.18-2 gpgv_1.4.18-2 grep_2.18-2 groff-base_1.22.2-6 gzip_1.6-3 hostname_3.15 init_1.20 initscripts_2.88dsf-53.2 insserv_1.14.0-5 intltool-debian_0.35.0+20060710.1 libacl1_2.2.52-1 libapt-pkg4.12_1.0.6 libarchive-extract-perl_0.72-1 libasan1_4.9.1-4 libasprintf0c2_0.19.2-1 libatomic1_4.9.1-4 libattr1_1:2.4.47-1 libaudit-common_1:2.3.7-1 libaudit1_1:2.3.7-1 libblkid1_2.20.1-5.8 libbsd0_0.7.0-1 libbz2-1.0_1.0.6-7 libc-bin_2.19-7 libc-dev-bin_2.19-7 libc6_2.19-7 libc6-dev_2.19-7 libcap2_1:2.24-4 libcilkrts5_4.9.1-4 libclang-common-3.5-dev_1:3.5~+rc1-2 libclang1-3.5_1:3.5~+rc1-2 libclass-isa-perl_0.36-5 libcloog-isl4_0.18.2-1 libcloog-ppl1_0.16.1-5 libcomerr2_1.42.11-2 libcroco3_0.6.8-2 libdb5.1_5.1.29-5 libdb5.3_5.3.28-5 libdebconfclient0_0.191 libdpkg-perl_1.17.10 libedit2_3.1-20140620-1 libfakeroot_1.20.1-1 libffi6_3.1-2 libfile-fcntllock-perl_0.22-1 libgc1c2_1:7.2d-6.2 libgcc-4.7-dev_4.7.4-2 libgcc-4.9-dev_4.9.1-4 libgcc1_1:4.9.1-4 libgdbm3_1.8.3-13 libglib2.0-0_2.40.0-3 libgmp10_2:6.0.0+dfsg-4 libgmpxx4ldbl_2:6.0.0+dfsg-4 libgomp1_4.9.1-4 libgpm2_1.20.4-6.1 libisl10_0.12.2-2 libitm1_4.9.1-4 libllvm3.5_1:3.5~+rc1-2 liblocale-gettext-perl_1.05-8 liblog-message-perl_0.8-1 liblog-message-simple-perl_0.10-2 liblsan0_4.9.1-4 liblzma5_5.1.1alpha+20120614-2 libmagic1_1:5.19-1 libmodule-pluggable-perl_5.1-1 libmount1_2.20.1-5.8 libmpc2_0.9-4 libmpc3_1.0.2-1 libmpfr4_3.1.2-1 libncurses5_5.9+20140712-2 libobjc-4.9-dev_4.9.1-4 libobjc4_4.9.1-4 libpam-modules_1.1.8-3 libpam-modules-bin_1.1.8-3 libpam-runtime_1.1.8-3 libpam0g_1.1.8-3 libpcre3_1:8.35-3 libpipeline1_1.3.0-1 libpod-latex-perl_0.61-1 libppl-c4_1:1.1-3 libppl13_1:1.1-3 libquadmath0_4.9.1-4 libreadline6_6.3-8 libselinux1_2.3-1 libsemanage-common_2.3-1 libsemanage1_2.3-1 libsepol1_2.3-1 libsigsegv2_2.10-4 libslang2_2.2.4-17 libss2_1.42.11-2 libstdc++-4.9-dev_4.9.1-4 libstdc++6_4.9.1-4 libstdc++6-4.6-dev_4.6.4-7 libswitch-perl_2.17-1 libtcl8.6_8.6.1-6 libterm-ui-perl_0.42-1 libtext-charwidth-perl_0.04-7+b2 libtext-iconv-perl_1.7-5+b1 libtext-soundex-perl_3.4-1+b1 libtext-wrapi18n-perl_0.06-7 libtimedate-perl_2.3000-2 libtinfo5_5.9+20140712-2 libtool_2.4.2-1.7 libtsan0_4.9.1-4 libubsan0_4.9.1-4 libunistring0_0.9.3-5.2 libusb-0.1-4_2:0.1.12-24 libustr-1.0-1_1.0.4-3 libuuid1_2.20.1-5.8 libxml2_2.9.1+dfsg1-4 linux-libc-dev_3.14.13-2 login_1:4.2-2 lsb-base_4.1+Debian13 m4_1.4.17-4 make_4.0-8 man-db_2.6.7.1-1 mawk_1.3.3-17 mount_2.20.1-5.8 multiarch-support_2.19-7 ncurses-base_5.9+20140712-2 ncurses-bin_5.9+20140712-2 passwd_1:4.2-2 patch_2.7.1-5 perl_5.18.2-7 perl-base_5.18.2-7 perl-modules_5.18.2-7 po-debconf_1.0.16+nmu3 readline-common_6.3-8 rename_0.20-3 sbuild-build-depends-core-dummy_0.invalid.0 sbuild-build-depends-eggdrop-dummy_0.invalid.0 sed_4.2.2-4 sensible-utils_0.0.9 startpar_0.59-3 sudo_1.8.9p5-1 sysv-rc_2.88dsf-53.2 sysvinit_2.88dsf-53.2 sysvinit-core_2.88dsf-53.2 sysvinit-utils_2.88dsf-53.2 tar_1.27.1-2 tcl8.6_8.6.1-6 tcl8.6-dev_8.6.1-6 tzdata_2014e-1 ucf_3.0030 util-linux_2.20.1-5.8 vim_2:7.4.335-1 vim-common_2:7.4.335-1 vim-runtime_2:7.4.335-1 xz-utils_5.1.1alpha+20120614-2 zlib1g_1:1.2.8.dfsg-1 zlib1g-dev_1:1.2.8.dfsg-1

┌──────────────────────────────────────────────────────────────────────────────┐
│ Build                                                                        │
└──────────────────────────────────────────────────────────────────────────────┘


Unpack source
─────────────

gpgv: keyblock resource `/sbuild-nonexistent/.gnupg/trustedkeys.gpg': file open error
gpgv: Signature made Fri Jun  6 12:07:03 2014 UTC using RSA key ID 7A8FFD7B
gpgv: Can't check signature: public key not found
dpkg-source: warning: failed to verify signature on ./eggdrop_1.6.21-3.dsc
dpkg-source: info: extracting eggdrop in eggdrop-1.6.21
dpkg-source: info: unpacking eggdrop_1.6.21.orig.tar.gz
dpkg-source: info: unpacking eggdrop_1.6.21-3.debian.tar.xz
dpkg-source: info: applying 00conf_paths.patch
dpkg-source: info: applying gcc-format-string-warnings
dpkg-source: info: applying 01use_ldflags.patch
dpkg-source: info: applying 02language_dir.patch
dpkg-source: info: applying fix_kfreebsd_build

Check disc space
────────────────

Sufficient free space for build

Hack binNMU version
───────────────────

Created changelog entry for binNMU version 1.6.21-3clang1

User Environment
────────────────

DEB_BUILD_OPTIONS=parallel=10
HOME=/sbuild-nonexistent
LOGNAME=user
PATH=/usr/local/sbin:/usr/local/bin:/usr/sbin:/usr/bin:/sbin:/bin:/usr/games
SCHROOT_ALIAS_NAME=unstable-amd64-sbuild
SCHROOT_CHROOT_NAME=unstable-amd64-sbuild
SCHROOT_COMMAND=env
SCHROOT_GID=1000
SCHROOT_GROUP=user
SCHROOT_SESSION_ID=unstable-amd64-sbuild-5db1de92-3156-487c-8b9d-5cd27a0c8e61
SCHROOT_UID=1000
SCHROOT_USER=user
SHELL=/bin/sh
USER=user

dpkg-buildpackage
─────────────────

dpkg-buildpackage: source package eggdrop
dpkg-buildpackage: source version 1.6.21-3clang1
dpkg-buildpackage: source distribution unstable
 dpkg-source --before-build eggdrop-1.6.21
dpkg-buildpackage: host architecture amd64
dpkg-source: info: using options from eggdrop-1.6.21/debian/source/options: --extend-diff-ignore=(^|/)(config\.sub|config\.guess|Makefile|configure)$
 fakeroot debian/rules clean
dh clean --with autotools_dev,autoreconf
   dh_testdir
   dh_auto_clean
   dh_autotools-dev_restoreconfig
   dh_autoreconf_clean
   dh_clean
 debian/rules build-arch
dh build-arch --with autotools_dev,autoreconf
   dh_testdir -a
   dh_autotools-dev_updateconfig -a
   dh_autoreconf -a
   debian/rules override_dh_auto_configure
make[1]: Entering directory '/«PKGBUILDDIR»'
dh_auto_configure -- --with-tcllib=/usr/lib/x86_64-linux-gnu/libtcl8.6.so --with-tclinc=/usr/include/tcl8.6/tcl.h
configure: WARNING: unrecognized options: --disable-maintainer-mode, --disable-dependency-tracking

This is Eggdrop's GNU configure script.
It's going to run a bunch of tests to hopefully make your compile
work without much twiddling.

checking for gcc... gcc
checking whether the C compiler works... yes
checking for C compiler default output file name... a.out
checking for suffix of executables... 
checking whether we are cross compiling... no
checking for suffix of object files... o
checking whether we are using the GNU C compiler... yes
checking whether gcc accepts -g... yes
checking for gcc option to accept ISO C89... none needed
checking how to run the C preprocessor... gcc -E
checking for grep that handles long lines and -e... /bin/grep
checking for egrep... /bin/grep -E
checking for ANSI C header files... yes
checking for sys/types.h... yes
checking for sys/stat.h... yes
checking for stdlib.h... yes
checking for string.h... yes
checking for memory.h... yes
checking for strings.h... yes
checking for inttypes.h... yes
checking for stdint.h... yes
checking for unistd.h... yes
checking minix/config.h usability... no
checking minix/config.h presence... no
checking for minix/config.h... no
checking whether it is safe to define __EXTENSIONS__... yes
checking for library containing strerror... none required
checking for icc... no
checking whether the compiler understands -pipe... yes
checking whether the compiler understands -Wall... yes
checking for a BSD-compatible install... /usr/bin/install -c
checking whether make sets $(MAKE)... yes
checking for ranlib... ranlib
checking whether ln -s works... yes
checking whether head -n 1 works... yes
checking for strip... strip
checking for gawk... no
checking for mawk... mawk
checking for basename... basename
checking for uname... uname
checking for socket in -lsocket... no
checking for connect in -lnsl... yes
checking for gethostbyname in -ldns... no
checking for dlopen in -ldl... yes
checking for tan in -lm... yes
checking for pthread_mutex_init in -lpthread... yes
checking build system type... x86_64-pc-linux-gnu
checking host system type... x86_64-pc-linux-gnu
checking target system type... x86_64-pc-linux-gnu
checking system type... Linux
checking system release... 2.6.32-5-xen-amd64
checking module loading capabilities... 
checking dl.h usability... no
checking dl.h presence... no
checking for dl.h... no
checking dlfcn.h usability... yes
checking dlfcn.h presence... yes
checking for dlfcn.h... yes
checking loader.h usability... no
checking loader.h presence... no
checking for loader.h... no
checking rld.h usability... no
checking rld.h presence... no
checking for rld.h... no
checking mach-o/dyld.h usability... no
checking mach-o/dyld.h presence... no
checking for mach-o/dyld.h... no
checking mach-o/rld.h usability... no
checking mach-o/rld.h presence... no
checking for mach-o/rld.h... no
checking for dlopen... yes
checking for load... no
checking for NSLinkModule... no
checking for shl_load... no
checking for rld_load... no
checking for dirent.h that defines DIR... yes
checking for library containing opendir... none required
checking whether time.h and sys/time.h may both be included... yes
checking arpa/inet.h usability... yes
checking arpa/inet.h presence... yes
checking for arpa/inet.h... yes
checking fcntl.h usability... yes
checking fcntl.h presence... yes
checking for fcntl.h... yes
checking limits.h usability... yes
checking limits.h presence... yes
checking for limits.h... yes
checking locale.h usability... yes
checking locale.h presence... yes
checking for locale.h... yes
checking netdb.h usability... yes
checking netdb.h presence... yes
checking for netdb.h... yes
checking netinet/in.h usability... yes
checking netinet/in.h presence... yes
checking for netinet/in.h... yes
checking stdio.h usability... yes
checking stdio.h presence... yes
checking for stdio.h... yes
checking stdarg.h usability... yes
checking stdarg.h presence... yes
checking for stdarg.h... yes
checking stddef.h usability... yes
checking stddef.h presence... yes
checking for stddef.h... yes
checking sys/file.h usability... yes
checking sys/file.h presence... yes
checking for sys/file.h... yes
checking sys/param.h usability... yes
checking sys/param.h presence... yes
checking for sys/param.h... yes
checking sys/rusage.h usability... no
checking sys/rusage.h presence... no
checking for sys/rusage.h... no
checking sys/select.h usability... yes
checking sys/select.h presence... yes
checking for sys/select.h... yes
checking sys/socket.h usability... yes
checking sys/socket.h presence... yes
checking for sys/socket.h... yes
checking sys/time.h usability... yes
checking sys/time.h presence... yes
checking for sys/time.h... yes
checking for unistd.h... (cached) yes
checking wchar.h usability... yes
checking wchar.h presence... yes
checking for wchar.h... yes
checking for an ANSI C-conforming const... yes
checking whether byte ordering is bigendian... no
checking for inline... inline
checking for intptr_t... yes
checking for pid_t... yes
checking for size_t... yes
checking whether struct tm is in sys/time.h or time.h... time.h
checking for struct tm.tm_zone... yes
checking for working volatile... yes
checking for socklen_t... yes
checking size of long... 8
checking size of int... 4
checking size of short... 2
checking for clock... yes
checking for dprintf... yes
checking for fsync... yes
checking for getdtablesize... yes
checking for getrusage... yes
checking for inet_aton... yes
checking for isascii... yes
checking for mbrlen... yes
checking for memcpy... yes
checking for memset... yes
checking for random... yes
checking for rand... yes
checking for lrand48... yes
checking for rename... yes
checking for setpgid... yes
checking for sigaction... yes
checking for sigemptyset... yes
checking for snprintf... yes
checking for strcasecmp... yes
checking for strncasecmp... yes
checking for strdup... yes
checking for uname... yes
checking for vsnprintf... yes
checking for sys/select.h... (cached) yes
checking for sys/socket.h... (cached) yes
checking types of arguments for select... int,fd_set *,struct timeval *
checking for vprintf... yes
checking for _doprnt... no
checking for strftime... yes
checking for stdlib.h... (cached) yes
checking for unistd.h... (cached) yes
checking for sys/param.h... (cached) yes
checking for getpagesize... yes
checking for working mmap... yes
checking for Tcl library... using /usr/lib/x86_64-linux-gnu/libtcl8.6.so
checking for Tcl header... using /usr/include/tcl8.6/tcl.h
checking whether the Tcl system has changed... yes
checking for Tcl version... 8.6
checking for Tcl patch level... 8.6.1
checking for Tcl_Free in -ltcl8.6... yes
checking for Tcl_GetCurrentThread in -ltcl8.6... yes
checking for Tcl_GetThreadData in -ltcl8.6... yes
checking for Tcl_SetNotifier in -ltcl8.6... yes
checking for Tcl_NotifierProcs.initNotifierProc... yes
configure: creating ./config.status
config.status: creating Makefile
config.status: creating doc/Makefile
config.status: creating scripts/Makefile
config.status: creating src/Makefile
config.status: creating src/compat/Makefile
config.status: creating src/md5/Makefile
config.status: creating src/mod/Makefile
config.status: creating config.h
config.status: executing replace-if-changed commands
creating lush.h
config.status: executing catch-make-rebuild commands
configure: WARNING: unrecognized options: --disable-maintainer-mode, --disable-dependency-tracking

Operating System: Linux 2.6.32-5-xen-amd64

If you experience any problems compiling Eggdrop, please read the
compile guide, found in doc/COMPILE-GUIDE.

Type 'make config' to configure the modules, or type 'make iconfig'
to interactively choose which modules to compile.

make config
make[2]: Entering directory '/«PKGBUILDDIR»'
Detecting modules.................... done.
Calculating dependencies................... done.
Building ./src/mod/Makefile... done.
make[3]: Entering directory '/«PKGBUILDDIR»/src/mod'

Configuring module 'compress'.
configure: creating cache ../../../config.cache
checking for gcc... gcc
checking whether the C compiler works... yes
checking for C compiler default output file name... a.out
checking for suffix of executables... 
checking whether we are cross compiling... no
checking for suffix of object files... o
checking whether we are using the GNU C compiler... yes
checking whether gcc accepts -g... yes
checking for gcc option to accept ISO C89... none needed
checking for gzopen in -lz... yes
checking how to run the C preprocessor... gcc -E
checking for grep that handles long lines and -e... /bin/grep
checking for egrep... /bin/grep -E
checking for ANSI C header files... yes
checking for sys/types.h... yes
checking for sys/stat.h... yes
checking for stdlib.h... yes
checking for string.h... yes
checking for memory.h... yes
checking for strings.h... yes
checking for inttypes.h... yes
checking for stdint.h... yes
checking for unistd.h... yes
checking zlib.h usability... yes
checking zlib.h presence... yes
checking for zlib.h... yes
configure: updating cache ../../../config.cache
configure: creating ./config.status
config.status: creating Makefile

Configuring module 'dns'.
configure: loading cache ../../../config.cache
checking for gcc... (cached) gcc
checking whether the C compiler works... yes
checking for C compiler default output file name... a.out
checking for suffix of executables... 
checking whether we are cross compiling... no
checking for suffix of object files... (cached) o
checking whether we are using the GNU C compiler... (cached) yes
checking whether gcc accepts -g... (cached) yes
checking for gcc option to accept ISO C89... (cached) none needed
checking for sys/types.h... (cached) yes
checking for netinet/in.h... yes
checking for arpa/nameser.h... yes
checking for netdb.h... yes
checking for resolv.h... yes
checking for a working resolver library... yes (-lresolv)
configure: updating cache ../../../config.cache
configure: creating ./config.status
config.status: creating Makefile

make[3]: Leaving directory '/«PKGBUILDDIR»/src/mod'
Building ./src/mod/Makefile... done.

You can now compile the bot, using "make".

make[2]: Leaving directory '/«PKGBUILDDIR»'
make[1]: Leaving directory '/«PKGBUILDDIR»'
   dh_auto_build -a
make[1]: Entering directory '/«PKGBUILDDIR»'
make[2]: Entering directory '/«PKGBUILDDIR»/src'

This may take a while. Go get some runts.

gcc -g -O2 -fstack-protector --param=ssp-buffer-size=4 -Wformat -Werror=format-security -pipe -Wall -I.. -I.. -DHAVE_CONFIG_H  -D_FORTIFY_SOURCE=2 -c bg.c
In file included from bg.c:27:
In file included from ./main.h:107:
./proto.h:37:9: warning: 'dprintf' macro redefined [-Wmacro-redefined]
#define dprintf dprintf_eggdrop
        ^
/usr/include/x86_64-linux-gnu/bits/stdio2.h:145:12: note: previous definition is here
#   define dprintf(fd, ...) \
           ^
1 warning generated.
gcc -g -O2 -fstack-protector --param=ssp-buffer-size=4 -Wformat -Werror=format-security -pipe -Wall -I.. -I.. -DHAVE_CONFIG_H  -D_FORTIFY_SOURCE=2 -c botcmd.c
In file included from botcmd.c:27:
In file included from ./main.h:107:
./proto.h:37:9: warning: 'dprintf' macro redefined [-Wmacro-redefined]
#define dprintf dprintf_eggdrop
        ^
/usr/include/x86_64-linux-gnu/bits/stdio2.h:145:12: note: previous definition is here
#   define dprintf(fd, ...) \
           ^
botcmd.c:1024:9: warning: ignoring return value of function declared with warn_unused_result attribute [-Wunused-result]
        fgets(s, 120, vv);
        ^~~~~ ~~~~~~~~~~
2 warnings generated.
gcc -g -O2 -fstack-protector --param=ssp-buffer-size=4 -Wformat -Werror=format-security -pipe -Wall -I.. -I.. -DHAVE_CONFIG_H  -D_FORTIFY_SOURCE=2 -c botmsg.c
In file included from botmsg.c:29:
In file included from ./main.h:107:
./proto.h:37:9: warning: 'dprintf' macro redefined [-Wmacro-redefined]
#define dprintf dprintf_eggdrop
        ^
/usr/include/x86_64-linux-gnu/bits/stdio2.h:145:12: note: previous definition is here
#   define dprintf(fd, ...) \
           ^
1 warning generated.
gcc -g -O2 -fstack-protector --param=ssp-buffer-size=4 -Wformat -Werror=format-security -pipe -Wall -I.. -I.. -DHAVE_CONFIG_H  -D_FORTIFY_SOURCE=2 -c botnet.c
In file included from botnet.c:31:
In file included from ./main.h:107:
./proto.h:37:9: warning: 'dprintf' macro redefined [-Wmacro-redefined]
#define dprintf dprintf_eggdrop
        ^
/usr/include/x86_64-linux-gnu/bits/stdio2.h:145:12: note: previous definition is here
#   define dprintf(fd, ...) \
           ^
1 warning generated.
gcc -g -O2 -fstack-protector --param=ssp-buffer-size=4 -Wformat -Werror=format-security -pipe -Wall -I.. -I.. -DHAVE_CONFIG_H  -D_FORTIFY_SOURCE=2 -c chanprog.c
In file included from chanprog.c:31:
In file included from ./main.h:107:
./proto.h:37:9: warning: 'dprintf' macro redefined [-Wmacro-redefined]
#define dprintf dprintf_eggdrop
        ^
/usr/include/x86_64-linux-gnu/bits/stdio2.h:145:12: note: previous definition is here
#   define dprintf(fd, ...) \
           ^
chanprog.c:281:19: warning: comparison of constant 0 with boolean expression is always false [-Wtautological-constant-out-of-range-compare]
  if (!uname(&un) < 0) {
      ~~~~~~~~~~~ ^ ~
2 warnings generated.
gcc -g -O2 -fstack-protector --param=ssp-buffer-size=4 -Wformat -Werror=format-security -pipe -Wall -I.. -I.. -DHAVE_CONFIG_H  -D_FORTIFY_SOURCE=2 -c cmds.c
In file included from cmds.c:27:
In file included from ./main.h:107:
./proto.h:37:9: warning: 'dprintf' macro redefined [-Wmacro-redefined]
#define dprintf dprintf_eggdrop
        ^
/usr/include/x86_64-linux-gnu/bits/stdio2.h:145:12: note: previous definition is here
#   define dprintf(fd, ...) \
           ^
1 warning generated.
gcc -g -O2 -fstack-protector --param=ssp-buffer-size=4 -Wformat -Werror=format-security -pipe -Wall -I.. -I.. -DHAVE_CONFIG_H  -D_FORTIFY_SOURCE=2 -c dcc.c
In file included from dcc.c:28:
In file included from ./main.h:107:
./proto.h:37:9: warning: 'dprintf' macro redefined [-Wmacro-redefined]
#define dprintf dprintf_eggdrop
        ^
/usr/include/x86_64-linux-gnu/bits/stdio2.h:145:12: note: previous definition is here
#   define dprintf(fd, ...) \
           ^
dcc.c:126:11: warning: ignoring return value of function declared with warn_unused_result attribute [-Wunused-result]
          write(sock, TLN_IAC_C TLN_DONT_C, 2);
          ^~~~~ ~~~~~~~~~~~~~~~~~~~~~~~~~~~~~
dcc.c:127:11: warning: ignoring return value of function declared with warn_unused_result attribute [-Wunused-result]
          write(sock, p + 1, 1);
          ^~~~~ ~~~~~~~~~~~~~~
dcc.c:133:11: warning: ignoring return value of function declared with warn_unused_result attribute [-Wunused-result]
          write(sock, TLN_IAC_C TLN_WONT_C, 2);
          ^~~~~ ~~~~~~~~~~~~~~~~~~~~~~~~~~~~~
dcc.c:134:11: warning: ignoring return value of function declared with warn_unused_result attribute [-Wunused-result]
          write(sock, p + 1, 1);
          ^~~~~ ~~~~~~~~~~~~~~
dcc.c:139:9: warning: ignoring return value of function declared with warn_unused_result attribute [-Wunused-result]
        write(sock, "\r\nHell, yes!\r\n", 14);
        ^~~~~ ~~~~~~~~~~~~~~~~~~~~~~~~~~~~~~
6 warnings generated.
gcc -g -O2 -fstack-protector --param=ssp-buffer-size=4 -Wformat -Werror=format-security -pipe -Wall -I.. -I.. -DHAVE_CONFIG_H  -D_FORTIFY_SOURCE=2 -c dccutil.c
In file included from dccutil.c:31:
In file included from ./main.h:107:
./proto.h:37:9: warning: 'dprintf' macro redefined [-Wmacro-redefined]
#define dprintf dprintf_eggdrop
        ^
/usr/include/x86_64-linux-gnu/bits/stdio2.h:145:12: note: previous definition is here
#   define dprintf(fd, ...) \
           ^
1 warning generated.
gcc -g -O2 -fstack-protector --param=ssp-buffer-size=4 -Wformat -Werror=format-security -pipe -Wall -I.. -I.. -DHAVE_CONFIG_H  -D_FORTIFY_SOURCE=2 -c dns.c
In file included from dns.c:29:
In file included from ./main.h:107:
./proto.h:37:9: warning: 'dprintf' macro redefined [-Wmacro-redefined]
#define dprintf dprintf_eggdrop
        ^
/usr/include/x86_64-linux-gnu/bits/stdio2.h:145:12: note: previous definition is here
#   define dprintf(fd, ...) \
           ^
1 warning generated.
gcc -g -O2 -fstack-protector --param=ssp-buffer-size=4 -Wformat -Werror=format-security -pipe -Wall -I.. -I.. -DHAVE_CONFIG_H  -D_FORTIFY_SOURCE=2 -c flags.c
In file included from flags.c:26:
In file included from ./main.h:107:
./proto.h:37:9: warning: 'dprintf' macro redefined [-Wmacro-redefined]
#define dprintf dprintf_eggdrop
        ^
/usr/include/x86_64-linux-gnu/bits/stdio2.h:145:12: note: previous definition is here
#   define dprintf(fd, ...) \
           ^
1 warning generated.
gcc -g -O2 -fstack-protector --param=ssp-buffer-size=4 -Wformat -Werror=format-security -pipe -Wall -I.. -I.. -DHAVE_CONFIG_H  -D_FORTIFY_SOURCE=2 -c language.c
In file included from language.c:66:
In file included from ./main.h:107:
./proto.h:37:9: warning: 'dprintf' macro redefined [-Wmacro-redefined]
#define dprintf dprintf_eggdrop
        ^
/usr/include/x86_64-linux-gnu/bits/stdio2.h:145:12: note: previous definition is here
#   define dprintf(fd, ...) \
           ^
language.c:245:11: warning: ignoring return value of function declared with warn_unused_result attribute [-Wunused-result]
          fgets(lbuf, 511, FLANG);
          ^~~~~ ~~~~~~~~~~~~~~~~
2 warnings generated.
gcc -g -O2 -fstack-protector --param=ssp-buffer-size=4 -Wformat -Werror=format-security -pipe -Wall -I.. -I.. -DHAVE_CONFIG_H  -D_FORTIFY_SOURCE=2 -c match.c
In file included from match.c:27:
In file included from ./main.h:107:
./proto.h:37:9: warning: 'dprintf' macro redefined [-Wmacro-redefined]
#define dprintf dprintf_eggdrop
        ^
/usr/include/x86_64-linux-gnu/bits/stdio2.h:145:12: note: previous definition is here
#   define dprintf(fd, ...) \
           ^
1 warning generated.
gcc -g -O2 -fstack-protector --param=ssp-buffer-size=4 -Wformat -Werror=format-security -pipe -Wall -I.. -I.. -DHAVE_CONFIG_H  -D_FORTIFY_SOURCE=2 \
'-DCCFLAGS="gcc -g -O2 -fstack-protector --param=ssp-buffer-size=4 -Wformat -Werror=format-security -pipe -Wall -I.. -I.. -DHAVE_CONFIG_H  -D_FORTIFY_SOURCE=2"' \
'-DLDFLAGS="gcc -Wl,-z,relro"' \
'-DSTRIPFLAGS="touch"' -c ./main.c
In file included from ./main.c:34:
In file included from ./main.h:107:
./proto.h:37:9: warning: 'dprintf' macro redefined [-Wmacro-redefined]
#define dprintf dprintf_eggdrop
        ^
/usr/include/x86_64-linux-gnu/bits/stdio2.h:145:12: note: previous definition is here
#   define dprintf(fd, ...) \
           ^
./main.c:1083:5: warning: ignoring return value of function declared with warn_unused_result attribute [-Wunused-result]
    fgets(s, 10, f);
    ^~~~~ ~~~~~~~~
./main.c:1127:5: warning: ignoring return value of function declared with warn_unused_result attribute [-Wunused-result]
    freopen("/dev/null", "r", stdin);
    ^~~~~~~ ~~~~~~~~~~~~~~~~~~~~~~~
./main.c:1128:5: warning: ignoring return value of function declared with warn_unused_result attribute [-Wunused-result]
    freopen("/dev/null", "w", stdout);
    ^~~~~~~ ~~~~~~~~~~~~~~~~~~~~~~~~
./main.c:1129:5: warning: ignoring return value of function declared with warn_unused_result attribute [-Wunused-result]
    freopen("/dev/null", "w", stderr);
    ^~~~~~~ ~~~~~~~~~~~~~~~~~~~~~~~~
./main.c:694:13: warning: unused function 'patch' [-Wunused-function]
static void patch(const char *str)
            ^
In file included from ./main.c:34:
In file included from ./main.h:112:
./tclhash.h:78:13: warning: inline function 'garbage_collect_tclhash' is not defined [-Wundefined-inline]
inline void garbage_collect_tclhash(void);
            ^
./main.c:710:5: note: used here
    garbage_collect_tclhash();
    ^
7 warnings generated.
gcc -g -O2 -fstack-protector --param=ssp-buffer-size=4 -Wformat -Werror=format-security -pipe -Wall -I.. -I.. -DHAVE_CONFIG_H  -D_FORTIFY_SOURCE=2 -c mem.c
In file included from mem.c:30:
In file included from ./main.h:107:
./proto.h:37:9: warning: 'dprintf' macro redefined [-Wmacro-redefined]
#define dprintf dprintf_eggdrop
        ^
/usr/include/x86_64-linux-gnu/bits/stdio2.h:145:12: note: previous definition is here
#   define dprintf(fd, ...) \
           ^
mem.c:372:7: warning: explicitly assigning value of variable of type 'int' to itself [-Wself-assign]
    i = i;
    ~ ^ ~
mem.c:402:7: warning: explicitly assigning value of variable of type 'int' to itself [-Wself-assign]
    i = i;
    ~ ^ ~
3 warnings generated.
gcc -g -O2 -fstack-protector --param=ssp-buffer-size=4 -Wformat -Werror=format-security -pipe -Wall -I.. -I.. -DHAVE_CONFIG_H  -D_FORTIFY_SOURCE=2 -c misc.c
In file included from misc.c:31:
In file included from ./main.h:107:
./proto.h:37:9: warning: 'dprintf' macro redefined [-Wmacro-redefined]
#define dprintf dprintf_eggdrop
        ^
/usr/include/x86_64-linux-gnu/bits/stdio2.h:145:12: note: previous definition is here
#   define dprintf(fd, ...) \
           ^
misc.c:1071:7: warning: ignoring return value of function declared with warn_unused_result attribute [-Wunused-result]
      fgets(s, HELP_BUF_LEN, f);
      ^~~~~ ~~~~~~~~~~~~~~~~~~
misc.c:1220:7: warning: ignoring return value of function declared with warn_unused_result attribute [-Wunused-result]
      fgets(s, HELP_BUF_LEN, f);
      ^~~~~ ~~~~~~~~~~~~~~~~~~
misc.c:1249:7: warning: ignoring return value of function declared with warn_unused_result attribute [-Wunused-result]
      fgets(s, HELP_BUF_LEN, f);
      ^~~~~ ~~~~~~~~~~~~~~~~~~
misc.c:1379:5: warning: ignoring return value of function declared with warn_unused_result attribute [-Wunused-result]
    fgets(s, 120, vv);
    ^~~~~ ~~~~~~~~~~
misc.c:1413:5: warning: ignoring return value of function declared with warn_unused_result attribute [-Wunused-result]
    fgets(s, 120, vv);
    ^~~~~ ~~~~~~~~~~
6 warnings generated.
gcc -g -O2 -fstack-protector --param=ssp-buffer-size=4 -Wformat -Werror=format-security -pipe -Wall -I.. -I.. -DHAVE_CONFIG_H  -D_FORTIFY_SOURCE=2 -c misc_file.c
In file included from misc_file.c:25:
In file included from ./main.h:107:
./proto.h:37:9: warning: 'dprintf' macro redefined [-Wmacro-redefined]
#define dprintf dprintf_eggdrop
        ^
/usr/include/x86_64-linux-gnu/bits/stdio2.h:145:12: note: previous definition is here
#   define dprintf(fd, ...) \
           ^
1 warning generated.
gcc -g -O2 -fstack-protector --param=ssp-buffer-size=4 -Wformat -Werror=format-security -pipe -Wall -I.. -I.. -DHAVE_CONFIG_H  -D_FORTIFY_SOURCE=2 -c modules.c
In file included from modules.c:29:
In file included from ./main.h:107:
./proto.h:37:9: warning: 'dprintf' macro redefined [-Wmacro-redefined]
#define dprintf dprintf_eggdrop
        ^
/usr/include/x86_64-linux-gnu/bits/stdio2.h:145:12: note: previous definition is here
#   define dprintf(fd, ...) \
           ^
In file included from modules.c:29:
In file included from ./main.h:107:
./proto.h:274:12: warning: inline function 'open_listen' is not defined [-Wundefined-inline]
inline int open_listen(int *);
           ^
modules.c:304:14: note: used here
  (Function) open_listen,
             ^
2 warnings generated.
gcc -g -O2 -fstack-protector --param=ssp-buffer-size=4 -Wformat -Werror=format-security -pipe -Wall -I.. -I.. -DHAVE_CONFIG_H  -D_FORTIFY_SOURCE=2 -c net.c
In file included from net.c:31:
In file included from ./main.h:107:
./proto.h:37:9: warning: 'dprintf' macro redefined [-Wmacro-redefined]
#define dprintf dprintf_eggdrop
        ^
/usr/include/x86_64-linux-gnu/bits/stdio2.h:145:12: note: previous definition is here
#   define dprintf(fd, ...) \
           ^
net.c:1015:5: warning: ignoring return value of function declared with warn_unused_result attribute [-Wunused-result]
    write(z, s, len);
    ^~~~~ ~~~~~~~~~
2 warnings generated.
gcc -g -O2 -fstack-protector --param=ssp-buffer-size=4 -Wformat -Werror=format-security -pipe -Wall -I.. -I.. -DHAVE_CONFIG_H  -D_FORTIFY_SOURCE=2 -c rfc1459.c
In file included from rfc1459.c:28:
In file included from ./main.h:107:
./proto.h:37:9: warning: 'dprintf' macro redefined [-Wmacro-redefined]
#define dprintf dprintf_eggdrop
        ^
/usr/include/x86_64-linux-gnu/bits/stdio2.h:145:12: note: previous definition is here
#   define dprintf(fd, ...) \
           ^
1 warning generated.
gcc -g -O2 -fstack-protector --param=ssp-buffer-size=4 -Wformat -Werror=format-security -pipe -Wall -I.. -I.. -DHAVE_CONFIG_H  -D_FORTIFY_SOURCE=2 -c tcl.c
In file included from tcl.c:30:
In file included from ./main.h:107:
./proto.h:37:9: warning: 'dprintf' macro redefined [-Wmacro-redefined]
#define dprintf dprintf_eggdrop
        ^
/usr/include/x86_64-linux-gnu/bits/stdio2.h:145:12: note: previous definition is here
#   define dprintf(fd, ...) \
           ^
1 warning generated.
gcc -g -O2 -fstack-protector --param=ssp-buffer-size=4 -Wformat -Werror=format-security -pipe -Wall -I.. -I.. -DHAVE_CONFIG_H  -D_FORTIFY_SOURCE=2 -c tcldcc.c
In file included from tcldcc.c:26:
In file included from ./main.h:107:
./proto.h:37:9: warning: 'dprintf' macro redefined [-Wmacro-redefined]
#define dprintf dprintf_eggdrop
        ^
/usr/include/x86_64-linux-gnu/bits/stdio2.h:145:12: note: previous definition is here
#   define dprintf(fd, ...) \
           ^
In file included from tcldcc.c:26:
In file included from ./main.h:107:
./proto.h:274:12: warning: inline function 'open_listen' is not defined [-Wundefined-inline]
inline int open_listen(int *);
           ^
tcldcc.c:942:11: note: used here
      i = open_listen(&port);
          ^
2 warnings generated.
gcc -g -O2 -fstack-protector --param=ssp-buffer-size=4 -Wformat -Werror=format-security -pipe -Wall -I.. -I.. -DHAVE_CONFIG_H  -D_FORTIFY_SOURCE=2 -c tclhash.c
In file included from tclhash.c:31:
In file included from ./main.h:107:
./proto.h:37:9: warning: 'dprintf' macro redefined [-Wmacro-redefined]
#define dprintf dprintf_eggdrop
        ^
/usr/include/x86_64-linux-gnu/bits/stdio2.h:145:12: note: previous definition is here
#   define dprintf(fd, ...) \
           ^
1 warning generated.
gcc -g -O2 -fstack-protector --param=ssp-buffer-size=4 -Wformat -Werror=format-security -pipe -Wall -I.. -I.. -DHAVE_CONFIG_H  -D_FORTIFY_SOURCE=2 -c tclmisc.c
In file included from tclmisc.c:26:
In file included from ./main.h:107:
./proto.h:37:9: warning: 'dprintf' macro redefined [-Wmacro-redefined]
#define dprintf dprintf_eggdrop
        ^
/usr/include/x86_64-linux-gnu/bits/stdio2.h:145:12: note: previous definition is here
#   define dprintf(fd, ...) \
           ^
1 warning generated.
gcc -g -O2 -fstack-protector --param=ssp-buffer-size=4 -Wformat -Werror=format-security -pipe -Wall -I.. -I.. -DHAVE_CONFIG_H  -D_FORTIFY_SOURCE=2 -c tcluser.c
In file included from tcluser.c:26:
In file included from ./main.h:107:
./proto.h:37:9: warning: 'dprintf' macro redefined [-Wmacro-redefined]
#define dprintf dprintf_eggdrop
        ^
/usr/include/x86_64-linux-gnu/bits/stdio2.h:145:12: note: previous definition is here
#   define dprintf(fd, ...) \
           ^
1 warning generated.
gcc -g -O2 -fstack-protector --param=ssp-buffer-size=4 -Wformat -Werror=format-security -pipe -Wall -I.. -I.. -DHAVE_CONFIG_H  -D_FORTIFY_SOURCE=2 -c userent.c
In file included from userent.c:26:
In file included from ./main.h:107:
./proto.h:37:9: warning: 'dprintf' macro redefined [-Wmacro-redefined]
#define dprintf dprintf_eggdrop
        ^
/usr/include/x86_64-linux-gnu/bits/stdio2.h:145:12: note: previous definition is here
#   define dprintf(fd, ...) \
           ^
1 warning generated.
gcc -g -O2 -fstack-protector --param=ssp-buffer-size=4 -Wformat -Werror=format-security -pipe -Wall -I.. -I.. -DHAVE_CONFIG_H  -D_FORTIFY_SOURCE=2 -c userrec.c
In file included from userrec.c:29:
In file included from ./main.h:107:
./proto.h:37:9: warning: 'dprintf' macro redefined [-Wmacro-redefined]
#define dprintf dprintf_eggdrop
        ^
/usr/include/x86_64-linux-gnu/bits/stdio2.h:145:12: note: previous definition is here
#   define dprintf(fd, ...) \
           ^
1 warning generated.
gcc -g -O2 -fstack-protector --param=ssp-buffer-size=4 -Wformat -Werror=format-security -pipe -Wall -I.. -I.. -DHAVE_CONFIG_H  -D_FORTIFY_SOURCE=2 -c users.c
In file included from users.c:34:
In file included from ./main.h:107:
./proto.h:37:9: warning: 'dprintf' macro redefined [-Wmacro-redefined]
#define dprintf dprintf_eggdrop
        ^
/usr/include/x86_64-linux-gnu/bits/stdio2.h:145:12: note: previous definition is here
#   define dprintf(fd, ...) \
           ^
users.c:706:5: warning: ignoring return value of function declared with warn_unused_result attribute [-Wunused-result]
    fgets(s, 511, f);
    ^~~~~ ~~~~~~~~~
users.c:698:3: warning: ignoring return value of function declared with warn_unused_result attribute [-Wunused-result]
  fgets(s, 180, f);
  ^~~~~ ~~~~~~~~~
3 warnings generated.
make[3]: Entering directory '/«PKGBUILDDIR»/src/md5'
gcc -g -O2 -fstack-protector --param=ssp-buffer-size=4 -Wformat -Werror=format-security -pipe -Wall -I. -I../.. -I../.. -I../../src -DHAVE_CONFIG_H  -D_FORTIFY_SOURCE=2 -c md5c.c
In file included from md5c.c:21:
In file included from ../../src/compat/compat.h:28:
In file included from ../../src/compat/inet_aton.h:28:
In file included from ../../src/main.h:107:
../../src/proto.h:37:9: warning: 'dprintf' macro redefined [-Wmacro-redefined]
#define dprintf dprintf_eggdrop
        ^
/usr/include/x86_64-linux-gnu/bits/stdio2.h:145:12: note: previous definition is here
#   define dprintf(fd, ...) \
           ^
md5c.c:270:28: warning: 'memset' call operates on objects of type 'MD5_CTX' while the size is based on a different type 'MD5_CTX *' [-Wsizeof-pointer-memaccess]
        egg_memset(ctx, 0, sizeof(ctx));
                   ~~~            ^~~
md5c.c:270:28: note: did you mean to dereference the argument to 'sizeof' (and multiply it by the number of elements)?
        egg_memset(ctx, 0, sizeof(ctx));
                                  ^~~
2 warnings generated.
make[3]: Leaving directory '/«PKGBUILDDIR»/src/md5'
make[3]: Entering directory '/«PKGBUILDDIR»/src/compat'
gcc -g -O2 -fstack-protector --param=ssp-buffer-size=4 -Wformat -Werror=format-security -pipe -Wall -I../.. -I../.. -I../../src -DHAVE_CONFIG_H  -D_FORTIFY_SOURCE=2 -c inet_aton.c
In file included from inet_aton.c:24:
In file included from ../../src/main.h:107:
../../src/proto.h:37:9: warning: 'dprintf' macro redefined [-Wmacro-redefined]
#define dprintf dprintf_eggdrop
        ^
/usr/include/x86_64-linux-gnu/bits/stdio2.h:145:12: note: previous definition is here
#   define dprintf(fd, ...) \
           ^
1 warning generated.
gcc -g -O2 -fstack-protector --param=ssp-buffer-size=4 -Wformat -Werror=format-security -pipe -Wall -I../.. -I../.. -I../../src -DHAVE_CONFIG_H  -D_FORTIFY_SOURCE=2 -c snprintf.c
In file included from snprintf.c:24:
In file included from ../../src/main.h:107:
../../src/proto.h:37:9: warning: 'dprintf' macro redefined [-Wmacro-redefined]
#define dprintf dprintf_eggdrop
        ^
/usr/include/x86_64-linux-gnu/bits/stdio2.h:145:12: note: previous definition is here
#   define dprintf(fd, ...) \
           ^
1 warning generated.
gcc -g -O2 -fstack-protector --param=ssp-buffer-size=4 -Wformat -Werror=format-security -pipe -Wall -I../.. -I../.. -I../../src -DHAVE_CONFIG_H  -D_FORTIFY_SOURCE=2 -c memset.c
In file included from memset.c:25:
In file included from ../../src/main.h:107:
../../src/proto.h:37:9: warning: 'dprintf' macro redefined [-Wmacro-redefined]
#define dprintf dprintf_eggdrop
        ^
/usr/include/x86_64-linux-gnu/bits/stdio2.h:145:12: note: previous definition is here
#   define dprintf(fd, ...) \
           ^
1 warning generated.
gcc -g -O2 -fstack-protector --param=ssp-buffer-size=4 -Wformat -Werror=format-security -pipe -Wall -I../.. -I../.. -I../../src -DHAVE_CONFIG_H  -D_FORTIFY_SOURCE=2 -c memcpy.c
In file included from memcpy.c:25:
In file included from ../../src/main.h:107:
../../src/proto.h:37:9: warning: 'dprintf' macro redefined [-Wmacro-redefined]
#define dprintf dprintf_eggdrop
        ^
/usr/include/x86_64-linux-gnu/bits/stdio2.h:145:12: note: previous definition is here
#   define dprintf(fd, ...) \
           ^
1 warning generated.
gcc -g -O2 -fstack-protector --param=ssp-buffer-size=4 -Wformat -Werror=format-security -pipe -Wall -I../.. -I../.. -I../../src -DHAVE_CONFIG_H  -D_FORTIFY_SOURCE=2 -c strcasecmp.c
In file included from strcasecmp.c:25:
In file included from ../../src/main.h:107:
../../src/proto.h:37:9: warning: 'dprintf' macro redefined [-Wmacro-redefined]
#define dprintf dprintf_eggdrop
        ^
/usr/include/x86_64-linux-gnu/bits/stdio2.h:145:12: note: previous definition is here
#   define dprintf(fd, ...) \
           ^
1 warning generated.
gcc -g -O2 -fstack-protector --param=ssp-buffer-size=4 -Wformat -Werror=format-security -pipe -Wall -I../.. -I../.. -I../../src -DHAVE_CONFIG_H  -D_FORTIFY_SOURCE=2 -c strdup.c
In file included from strdup.c:24:
In file included from ../../src/main.h:107:
../../src/proto.h:37:9: warning: 'dprintf' macro redefined [-Wmacro-redefined]
#define dprintf dprintf_eggdrop
        ^
/usr/include/x86_64-linux-gnu/bits/stdio2.h:145:12: note: previous definition is here
#   define dprintf(fd, ...) \
           ^
1 warning generated.
gcc -g -O2 -fstack-protector --param=ssp-buffer-size=4 -Wformat -Werror=format-security -pipe -Wall -I../.. -I../.. -I../../src -DHAVE_CONFIG_H  -D_FORTIFY_SOURCE=2 -c strftime.c
In file included from strftime.c:26:
In file included from ../../src/main.h:107:
../../src/proto.h:37:9: warning: 'dprintf' macro redefined [-Wmacro-redefined]
#define dprintf dprintf_eggdrop
        ^
/usr/include/x86_64-linux-gnu/bits/stdio2.h:145:12: note: previous definition is here
#   define dprintf(fd, ...) \
           ^
1 warning generated.
make[3]: Leaving directory '/«PKGBUILDDIR»/src/compat'

---------- Yeah! That's the compiling, now the linking! ----------

Linking eggdrop (standard build).

gcc -Wl,-z,relro -o ../eggdrop bg.o botcmd.o botmsg.o botnet.o chanprog.o cmds.o dcc.o dccutil.o dns.o flags.o language.o match.o main.o mem.o misc.o misc_file.o modules.o net.o rfc1459.o tcl.o tcldcc.o tclhash.o tclmisc.o tcluser.o userent.o userrec.o users.o  -L/usr/lib/x86_64-linux-gnu -ltcl8.6 -lm -ldl -lnsl  -lpthread md5/md5c.o compat/*.o `cat mod/mod.xlibs`
match.o: In function `cron_match':
/«PKGBUILDDIR»/src/match.c:436: undefined reference to `cron_matchfld'
/«PKGBUILDDIR»/src/match.c:437: undefined reference to `cron_matchfld'
main.o: In function `garbage_collect':
/«PKGBUILDDIR»/src/./main.c:710: undefined reference to `garbage_collect_tclhash'
modules.o:(.data+0x380): undefined reference to `open_listen'
tcldcc.o: In function `tcl_listen':
/«PKGBUILDDIR»/src/tcldcc.c:942: undefined reference to `open_listen'
clang: error: linker command failed with exit code 1 (use -v to see invocation)
make[2]: *** [../eggdrop] Error 1
Makefile:37: recipe for target '../eggdrop' failed
make[2]: Leaving directory '/«PKGBUILDDIR»/src'
make[1]: *** [modegg] Error 2
Makefile:202: recipe for target 'modegg' failed
make[1]: Leaving directory '/«PKGBUILDDIR»'
dh_auto_build: make -j1 returned exit code 2
make: *** [build-arch] Error 2
dpkg-buildpackage: error: debian/rules build-arch gave error exit status 2
debian/rules:8: recipe for target 'build-arch' failed
────────────────────────────────────────────────────────────────────────────────
Build finished at 20140806-1621

Finished
────────

E: Build failure (dpkg-buildpackage died)

┌──────────────────────────────────────────────────────────────────────────────┐
│ Cleanup                                                                      │
└──────────────────────────────────────────────────────────────────────────────┘

Purging /«BUILDDIR»
Not cleaning session: cloned chroot in use

┌──────────────────────────────────────────────────────────────────────────────┐
│ Summary                                                                      │
└──────────────────────────────────────────────────────────────────────────────┘

Build Architecture: amd64
Build-Space: 9316
Build-Time: 42
Distribution: unstable
Fail-Stage: build
Host Architecture: amd64
Install-Time: 11
Job: eggdrop_1.6.21-3
Machine Architecture: amd64
Package: eggdrop
Package-Time: 85
Source-Version: 1.6.21-3
Space: 9316
Status: attempted
Version: 1.6.21-3clang1
────────────────────────────────────────────────────────────────────────────────
Finished at 20140806-1621
Build needed 00:01:25, 9316k disc space
DC-Status: Failed 85.338848592s
DC-Time-Estimation: 85.338848592 versus expected 362 (r/m: 3.2419133369223276 ; m: 85.338848592)
