DC-Build-Header: gforth 0.7.2+dfsg1-1 / 2014-08-06 16:45:47 +0000
DC-Task: source:gforth version:0.7.2+dfsg1-1 architecture:any chroot:unstable esttime:265 logfile:/tmp/gforth_0.7.2+dfsg1-1_unstable_clang.log modes:binary-only:parallel:clang
DC-Sbuild-call: su user -c 'sbuild -n --apt-update -d unstable -v  --chroot-setup-commands=/tmp/switch-to-clang --append-to-version "clang1" --maintainer "Lucas Nussbaum <lucas@debian.org>" --uploader "Lucas Nussbaum <lucas@debian.org>" gforth_0.7.2+dfsg1-1'
sbuild (Debian sbuild) 0.63.2 (18 Aug 2012) on ip-172-31-0-132.us-west-2.compute.internal

╔══════════════════════════════════════════════════════════════════════════════╗
║ gforth 0.7.2+dfsg1-1clang1 (amd64)                         06 Aug 2014 16:45 ║
╚══════════════════════════════════════════════════════════════════════════════╝

Package: gforth
Version: 0.7.2+dfsg1-1clang1
Source Version: 0.7.2+dfsg1-1
Distribution: unstable
Machine Architecture: amd64
Host Architecture: amd64
Build Architecture: amd64

I: NOTICE: Log filtering will replace 'build/gforth-OP9Lbp/gforth-0.7.2+dfsg1' with '«PKGBUILDDIR»'
I: NOTICE: Log filtering will replace 'build/gforth-OP9Lbp' with '«BUILDDIR»'
I: NOTICE: Log filtering will replace 'var/lib/schroot/mount/unstable-amd64-sbuild-1805d1a4-c891-4b12-9da0-1b1f0e87701b' with '«CHROOT»'

┌──────────────────────────────────────────────────────────────────────────────┐
│ Update chroot                                                                │
└──────────────────────────────────────────────────────────────────────────────┘

Get:1 http://localhost:9999 unstable InRelease [222 kB]
Get:2 http://localhost:9999 unstable/main Sources/DiffIndex [7876 B]
Get:3 http://localhost:9999 unstable/main amd64 Packages/DiffIndex [7876 B]
Get:4 http://localhost:9999 unstable/main Translation-en/DiffIndex [7876 B]
Get:5 http://localhost:9999 unstable/main 2014-08-05-2057.28.pdiff [14.9 kB]
Get:6 http://localhost:9999 unstable/main 2014-08-06-0254.22.pdiff [10.4 kB]
Get:7 http://localhost:9999 unstable/main 2014-08-06-0856.40.pdiff [5699 B]
Get:8 http://localhost:9999 unstable/main amd64 2014-08-05-2057.28.pdiff [80.7 kB]
Get:9 http://localhost:9999 unstable/main 2014-08-06-0856.40.pdiff [5699 B]
Get:10 http://localhost:9999 unstable/main amd64 2014-08-06-0254.22.pdiff [18.7 kB]
Get:11 http://localhost:9999 unstable/main amd64 2014-08-06-0856.40.pdiff [5647 B]
Get:12 http://localhost:9999 unstable/main 2014-08-05-2057.28.pdiff [2013 B]
Get:13 http://localhost:9999 unstable/main 2014-08-06-0254.22.pdiff [375 B]
Get:14 http://localhost:9999 unstable/main 2014-08-06-0856.40.pdiff [33 B]
Get:15 http://localhost:9999 unstable/main amd64 2014-08-06-0856.40.pdiff [5647 B]
Get:16 http://localhost:9999 unstable/main 2014-08-06-0856.40.pdiff [33 B]
Fetched 384 kB in 5s (75.2 kB/s)
Reading package lists...
Reading package lists...
Building dependency tree...
Reading state information...
0 upgraded, 0 newly installed, 0 to remove and 0 not upgraded.

┌──────────────────────────────────────────────────────────────────────────────┐
│ Fetch source files                                                           │
└──────────────────────────────────────────────────────────────────────────────┘


Check APT
─────────

Checking available source versions...

Download source files with APT
──────────────────────────────

Reading package lists...
Building dependency tree...
Reading state information...
NOTICE: 'gforth' packaging is maintained in the 'Git' version control system at:
git://gitorious.org/gforth/pkg-debian.git
Need to get 732 kB of source archives.
Get:1 http://localhost:9999/debian/ unstable/main gforth 0.7.2+dfsg1-1 (dsc) [1403 B]
Get:2 http://localhost:9999/debian/ unstable/main gforth 0.7.2+dfsg1-1 (tar) [704 kB]
Get:3 http://localhost:9999/debian/ unstable/main gforth 0.7.2+dfsg1-1 (diff) [26.0 kB]
Fetched 732 kB in 1s (381 kB/s)
Download complete and in download only mode

Check arch
──────────


┌──────────────────────────────────────────────────────────────────────────────┐
│ Chroot Setup Commands                                                        │
└──────────────────────────────────────────────────────────────────────────────┘


/tmp/switch-to-clang
────────────────────

+ echo 'Entering customization script...'
Entering customization script...
+ echo 'Install of clang-3.5'
Install of clang-3.5
+ apt-get update
Hit http://localhost:9999 unstable InRelease
Hit http://localhost:9999 unstable/main Sources/DiffIndex
Hit http://localhost:9999 unstable/main amd64 Packages/DiffIndex
Hit http://localhost:9999 unstable/main Translation-en/DiffIndex
Reading package lists...
+ apt-get install --yes --no-install-recommends --force-yes clang-3.5
Reading package lists...
Building dependency tree...
Reading state information...
The following extra packages will be installed:
  libbsd0 libclang-common-3.5-dev libclang1-3.5 libedit2 libffi6 libllvm3.5
  libobjc-4.9-dev libobjc4
Suggested packages:
  gnustep gnustep-devel clang-3.5-doc
Recommended packages:
  llvm-3.5-dev python
The following NEW packages will be installed:
  clang-3.5 libbsd0 libclang-common-3.5-dev libclang1-3.5 libedit2 libffi6
  libllvm3.5 libobjc-4.9-dev libobjc4
0 upgraded, 9 newly installed, 0 to remove and 0 not upgraded.
Need to get 33.1 MB of archives.
After this operation, 132 MB of additional disk space will be used.
Get:1 http://localhost:9999/debian/ unstable/main libbsd0 amd64 0.7.0-1 [67.7 kB]
Get:2 http://localhost:9999/debian/ unstable/main libedit2 amd64 3.1-20140620-1 [77.0 kB]
Get:3 http://localhost:9999/debian/ unstable/main libffi6 amd64 3.1-2 [19.8 kB]
Get:4 http://localhost:9999/debian/ unstable/main libllvm3.5 amd64 1:3.5~+rc1-2 [7624 kB]
Get:5 http://localhost:9999/debian/ unstable/main libobjc4 amd64 4.9.1-4 [112 kB]
Get:6 http://localhost:9999/debian/ unstable/main libobjc-4.9-dev amd64 4.9.1-4 [371 kB]
Get:7 http://localhost:9999/debian/ unstable/main libclang1-3.5 amd64 1:3.5~+rc1-2 [3630 kB]
Get:8 http://localhost:9999/debian/ unstable/main libclang-common-3.5-dev amd64 1:3.5~+rc1-2 [678 kB]
Get:9 http://localhost:9999/debian/ unstable/main clang-3.5 amd64 1:3.5~+rc1-2 [20.5 MB]
debconf: delaying package configuration, since apt-utils is not installed
Fetched 33.1 MB in 0s (34.0 MB/s)
Selecting previously unselected package libbsd0:amd64.
(Reading database ... 14246 files and directories currently installed.)
Preparing to unpack .../libbsd0_0.7.0-1_amd64.deb ...
Unpacking libbsd0:amd64 (0.7.0-1) ...
Selecting previously unselected package libedit2:amd64.
Preparing to unpack .../libedit2_3.1-20140620-1_amd64.deb ...
Unpacking libedit2:amd64 (3.1-20140620-1) ...
Selecting previously unselected package libffi6:amd64.
Preparing to unpack .../libffi6_3.1-2_amd64.deb ...
Unpacking libffi6:amd64 (3.1-2) ...
Selecting previously unselected package libllvm3.5:amd64.
Preparing to unpack .../libllvm3.5_1%3a3.5~+rc1-2_amd64.deb ...
Unpacking libllvm3.5:amd64 (1:3.5~+rc1-2) ...
Selecting previously unselected package libobjc4:amd64.
Preparing to unpack .../libobjc4_4.9.1-4_amd64.deb ...
Unpacking libobjc4:amd64 (4.9.1-4) ...
Selecting previously unselected package libobjc-4.9-dev:amd64.
Preparing to unpack .../libobjc-4.9-dev_4.9.1-4_amd64.deb ...
Unpacking libobjc-4.9-dev:amd64 (4.9.1-4) ...
Selecting previously unselected package libclang1-3.5:amd64.
Preparing to unpack .../libclang1-3.5_1%3a3.5~+rc1-2_amd64.deb ...
Unpacking libclang1-3.5:amd64 (1:3.5~+rc1-2) ...
Selecting previously unselected package libclang-common-3.5-dev.
Preparing to unpack .../libclang-common-3.5-dev_1%3a3.5~+rc1-2_amd64.deb ...
Unpacking libclang-common-3.5-dev (1:3.5~+rc1-2) ...
Selecting previously unselected package clang-3.5.
Preparing to unpack .../clang-3.5_1%3a3.5~+rc1-2_amd64.deb ...
Unpacking clang-3.5 (1:3.5~+rc1-2) ...
Setting up libbsd0:amd64 (0.7.0-1) ...
Setting up libedit2:amd64 (3.1-20140620-1) ...
Setting up libffi6:amd64 (3.1-2) ...
Setting up libllvm3.5:amd64 (1:3.5~+rc1-2) ...
Setting up libobjc4:amd64 (4.9.1-4) ...
Setting up libobjc-4.9-dev:amd64 (4.9.1-4) ...
Setting up libclang1-3.5:amd64 (1:3.5~+rc1-2) ...
Setting up libclang-common-3.5-dev (1:3.5~+rc1-2) ...
Setting up clang-3.5 (1:3.5~+rc1-2) ...
Processing triggers for libc-bin (2.19-7) ...
+ echo 'Replace gcc, g++ & cpp by clang'
Replace gcc, g++ & cpp by clang
+ VERSIONS='4.6 4.7 4.8 4.9'
+ cd /usr/bin
+ for VERSION in '$VERSIONS'
+ rm -f g++-4.6 gcc-4.6 cpp-4.6
+ ln -s clang++ g++-4.6
+ ln -s clang gcc-4.6
+ ln -s clang cpp-4.6
+ echo 'gcc-4.6 hold'
+ dpkg --set-selections
+ echo 'g++-4.6 hold'
+ dpkg --set-selections
+ for VERSION in '$VERSIONS'
+ rm -f g++-4.7 gcc-4.7 cpp-4.7
+ ln -s clang++ g++-4.7
+ ln -s clang gcc-4.7
+ ln -s clang cpp-4.7
+ echo 'gcc-4.7 hold'
+ dpkg --set-selections
+ echo 'g++-4.7 hold'
+ dpkg --set-selections
+ for VERSION in '$VERSIONS'
+ rm -f g++-4.8 gcc-4.8 cpp-4.8
+ ln -s clang++ g++-4.8
+ ln -s clang gcc-4.8
+ ln -s clang cpp-4.8
+ echo 'gcc-4.8 hold'
+ dpkg --set-selections
dpkg: warning: package not in database at line 1: gcc-4.8
dpkg: warning: found unknown packages; this might mean the available database
is outdated, and needs to be updated through a frontend method
+ echo 'g++-4.8 hold'
+ dpkg --set-selections
dpkg: warning: package not in database at line 1: g++-4.8
dpkg: warning: found unknown packages; this might mean the available database
is outdated, and needs to be updated through a frontend method
+ for VERSION in '$VERSIONS'
+ rm -f g++-4.9 gcc-4.9 cpp-4.9
+ ln -s clang++ g++-4.9
+ ln -s clang gcc-4.9
+ ln -s clang cpp-4.9
+ echo 'gcc-4.9 hold'
+ dpkg --set-selections
+ echo 'g++-4.9 hold'
+ dpkg --set-selections
+ cd -
/«BUILDDIR»
+ echo 'Check if gcc, g++ & cpp are actually clang'
Check if gcc, g++ & cpp are actually clang
+ gcc --version
+ grep clang
+ cpp --version
+ grep clang
+ g++ --version
+ grep clang

I: Finished running '/tmp/switch-to-clang'.

Finished processing commands.
────────────────────────────────────────────────────────────────────────────────
Merged Build-Depends: build-essential, fakeroot
Filtered Build-Depends: build-essential, fakeroot
dpkg-deb: building package `sbuild-build-depends-core-dummy' in `/«BUILDDIR»/resolver-mkGZ0p/apt_archive/sbuild-build-depends-core-dummy.deb'.
OK
Reading package lists...

┌──────────────────────────────────────────────────────────────────────────────┐
│ Install core build dependencies (apt-based resolver)                         │
└──────────────────────────────────────────────────────────────────────────────┘

Installing build dependencies
Reading package lists...
Building dependency tree...
Reading state information...
The following NEW packages will be installed:
  sbuild-build-depends-core-dummy
debconf: delaying package configuration, since apt-utils is not installed
0 upgraded, 1 newly installed, 0 to remove and 0 not upgraded.
Need to get 0 B/818 B of archives.
After this operation, 0 B of additional disk space will be used.
Selecting previously unselected package sbuild-build-depends-core-dummy.
(Reading database ... 14457 files and directories currently installed.)
Preparing to unpack .../sbuild-build-depends-core-dummy.deb ...
Unpacking sbuild-build-depends-core-dummy (0.invalid.0) ...
Setting up sbuild-build-depends-core-dummy (0.invalid.0) ...
Merged Build-Depends: base-files, base-passwd, bash, bsdutils, coreutils, dash, debianutils, diffutils, dpkg, e2fsprogs, findutils, grep, gzip, hostname, libc-bin, login, mount, ncurses-base, ncurses-bin, perl-base, sed, sysvinit, sysvinit-utils, tar, util-linux, libc6-dev | libc-dev, gcc (>= 4:4.4.3), g++ (>= 4:4.4.3), make, dpkg-dev (>= 1.13.5), debhelper (>= 9), autoconf, automake, dh-autoreconf, libffcall1-dev, libtool, libltdl-dev
Filtered Build-Depends: base-files, base-passwd, bash, bsdutils, coreutils, dash, debianutils, diffutils, dpkg, e2fsprogs, findutils, grep, gzip, hostname, libc-bin, login, mount, ncurses-base, ncurses-bin, perl-base, sed, sysvinit, sysvinit-utils, tar, util-linux, libc6-dev, gcc (>= 4:4.4.3), g++ (>= 4:4.4.3), make, dpkg-dev (>= 1.13.5), debhelper (>= 9), autoconf, automake, dh-autoreconf, libffcall1-dev, libtool, libltdl-dev
dpkg-deb: building package `sbuild-build-depends-gforth-dummy' in `/«BUILDDIR»/resolver-KZoece/apt_archive/sbuild-build-depends-gforth-dummy.deb'.
OK
Reading package lists...

┌──────────────────────────────────────────────────────────────────────────────┐
│ Install gforth build dependencies (apt-based resolver)                       │
└──────────────────────────────────────────────────────────────────────────────┘

Installing build dependencies
Reading package lists...
Building dependency tree...
Reading state information...
The following extra packages will be installed:
  autoconf automake autopoint autotools-dev bsdmainutils debhelper
  dh-autoreconf file gettext gettext-base groff-base intltool-debian
  libasprintf0c2 libcroco3 libffcall1 libffcall1-dev libglib2.0-0 libltdl-dev
  libltdl7 libmagic1 libpipeline1 libsigsegv2 libtool libunistring0 libxml2 m4
  man-db po-debconf
Suggested packages:
  autoconf-archive gnu-standards autoconf-doc wamerican wordlist whois
  vacation dh-make gettext-doc groff libtool-doc automaken gfortran
  fortran95-compiler gcj-jdk less www-browser libmail-box-perl
Recommended packages:
  curl wget lynx-cur libasprintf-dev libgettextpo-dev libglib2.0-data
  shared-mime-info xml-core libmail-sendmail-perl
The following NEW packages will be installed:
  autoconf automake autopoint autotools-dev bsdmainutils debhelper
  dh-autoreconf file gettext gettext-base groff-base intltool-debian
  libasprintf0c2 libcroco3 libffcall1 libffcall1-dev libglib2.0-0 libltdl-dev
  libltdl7 libmagic1 libpipeline1 libsigsegv2 libtool libunistring0 libxml2 m4
  man-db po-debconf sbuild-build-depends-gforth-dummy
0 upgraded, 29 newly installed, 0 to remove and 0 not upgraded.
Need to get 11.5 MB/11.5 MB of archives.
After this operation, 34.3 MB of additional disk space will be used.
Get:1 http://localhost:9999/debian/ unstable/main libpipeline1 amd64 1.3.0-1 [25.8 kB]
Get:2 http://localhost:9999/debian/ unstable/main groff-base amd64 1.22.2-6 [1088 kB]
Get:3 http://localhost:9999/debian/ unstable/main bsdmainutils amd64 9.0.5 [211 kB]
Get:4 http://localhost:9999/debian/ unstable/main man-db amd64 2.6.7.1-1 [990 kB]
Get:5 http://localhost:9999/debian/ unstable/main libasprintf0c2 amd64 0.19.2-1 [30.7 kB]
Get:6 http://localhost:9999/debian/ unstable/main libmagic1 amd64 1:5.19-1 [237 kB]
Get:7 http://localhost:9999/debian/ unstable/main libxml2 amd64 2.9.1+dfsg1-4 [797 kB]
Get:8 http://localhost:9999/debian/ unstable/main libglib2.0-0 amd64 2.40.0-3 [2405 kB]
Get:9 http://localhost:9999/debian/ unstable/main libcroco3 amd64 0.6.8-2 [133 kB]
Get:10 http://localhost:9999/debian/ unstable/main libltdl7 amd64 2.4.2-1.7 [352 kB]
Get:11 http://localhost:9999/debian/ unstable/main libsigsegv2 amd64 2.10-4 [28.8 kB]
Get:12 http://localhost:9999/debian/ unstable/main libunistring0 amd64 0.9.3-5.2 [283 kB]
Get:13 http://localhost:9999/debian/ unstable/main file amd64 1:5.19-1 [58.0 kB]
Get:14 http://localhost:9999/debian/ unstable/main gettext-base amd64 0.19.2-1 [121 kB]
Get:15 http://localhost:9999/debian/ unstable/main m4 amd64 1.4.17-4 [254 kB]
Get:16 http://localhost:9999/debian/ unstable/main autoconf all 2.69-7 [340 kB]
Get:17 http://localhost:9999/debian/ unstable/main autotools-dev all 20140510.1 [70.3 kB]
Get:18 http://localhost:9999/debian/ unstable/main automake all 1:1.14.1-3 [725 kB]
Get:19 http://localhost:9999/debian/ unstable/main autopoint all 0.19.2-1 [408 kB]
Get:20 http://localhost:9999/debian/ unstable/main gettext amd64 0.19.2-1 [1235 kB]
Get:21 http://localhost:9999/debian/ unstable/main intltool-debian all 0.35.0+20060710.1 [30.8 kB]
Get:22 http://localhost:9999/debian/ unstable/main po-debconf all 1.0.16+nmu3 [220 kB]
Get:23 http://localhost:9999/debian/ unstable/main debhelper all 9.20140613 [692 kB]
Get:24 http://localhost:9999/debian/ unstable/main libtool amd64 2.4.2-1.7 [505 kB]
Get:25 http://localhost:9999/debian/ unstable/main dh-autoreconf all 9 [15.5 kB]
Get:26 http://localhost:9999/debian/ unstable/main libffcall1 amd64 1.10+cvs20100619-3 [12.5 kB]
Get:27 http://localhost:9999/debian/ unstable/main libffcall1-dev amd64 1.10+cvs20100619-3 [40.8 kB]
Get:28 http://localhost:9999/debian/ unstable/main libltdl-dev amd64 2.4.2-1.7 [157 kB]
debconf: delaying package configuration, since apt-utils is not installed
Fetched 11.5 MB in 1s (9610 kB/s)
Selecting previously unselected package libpipeline1:amd64.
(Reading database ... 14457 files and directories currently installed.)
Preparing to unpack .../libpipeline1_1.3.0-1_amd64.deb ...
Unpacking libpipeline1:amd64 (1.3.0-1) ...
Selecting previously unselected package groff-base.
Preparing to unpack .../groff-base_1.22.2-6_amd64.deb ...
Unpacking groff-base (1.22.2-6) ...
Selecting previously unselected package bsdmainutils.
Preparing to unpack .../bsdmainutils_9.0.5_amd64.deb ...
Unpacking bsdmainutils (9.0.5) ...
Selecting previously unselected package man-db.
Preparing to unpack .../man-db_2.6.7.1-1_amd64.deb ...
Unpacking man-db (2.6.7.1-1) ...
Selecting previously unselected package libasprintf0c2:amd64.
Preparing to unpack .../libasprintf0c2_0.19.2-1_amd64.deb ...
Unpacking libasprintf0c2:amd64 (0.19.2-1) ...
Selecting previously unselected package libmagic1:amd64.
Preparing to unpack .../libmagic1_1%3a5.19-1_amd64.deb ...
Unpacking libmagic1:amd64 (1:5.19-1) ...
Selecting previously unselected package libxml2:amd64.
Preparing to unpack .../libxml2_2.9.1+dfsg1-4_amd64.deb ...
Unpacking libxml2:amd64 (2.9.1+dfsg1-4) ...
Selecting previously unselected package libglib2.0-0:amd64.
Preparing to unpack .../libglib2.0-0_2.40.0-3_amd64.deb ...
Unpacking libglib2.0-0:amd64 (2.40.0-3) ...
Selecting previously unselected package libcroco3:amd64.
Preparing to unpack .../libcroco3_0.6.8-2_amd64.deb ...
Unpacking libcroco3:amd64 (0.6.8-2) ...
Selecting previously unselected package libltdl7:amd64.
Preparing to unpack .../libltdl7_2.4.2-1.7_amd64.deb ...
Unpacking libltdl7:amd64 (2.4.2-1.7) ...
Selecting previously unselected package libsigsegv2:amd64.
Preparing to unpack .../libsigsegv2_2.10-4_amd64.deb ...
Unpacking libsigsegv2:amd64 (2.10-4) ...
Selecting previously unselected package libunistring0:amd64.
Preparing to unpack .../libunistring0_0.9.3-5.2_amd64.deb ...
Unpacking libunistring0:amd64 (0.9.3-5.2) ...
Selecting previously unselected package file.
Preparing to unpack .../file_1%3a5.19-1_amd64.deb ...
Unpacking file (1:5.19-1) ...
Selecting previously unselected package gettext-base.
Preparing to unpack .../gettext-base_0.19.2-1_amd64.deb ...
Unpacking gettext-base (0.19.2-1) ...
Selecting previously unselected package m4.
Preparing to unpack .../archives/m4_1.4.17-4_amd64.deb ...
Unpacking m4 (1.4.17-4) ...
Selecting previously unselected package autoconf.
Preparing to unpack .../autoconf_2.69-7_all.deb ...
Unpacking autoconf (2.69-7) ...
Selecting previously unselected package autotools-dev.
Preparing to unpack .../autotools-dev_20140510.1_all.deb ...
Unpacking autotools-dev (20140510.1) ...
Selecting previously unselected package automake.
Preparing to unpack .../automake_1%3a1.14.1-3_all.deb ...
Unpacking automake (1:1.14.1-3) ...
Selecting previously unselected package autopoint.
Preparing to unpack .../autopoint_0.19.2-1_all.deb ...
Unpacking autopoint (0.19.2-1) ...
Selecting previously unselected package gettext.
Preparing to unpack .../gettext_0.19.2-1_amd64.deb ...
Unpacking gettext (0.19.2-1) ...
Selecting previously unselected package intltool-debian.
Preparing to unpack .../intltool-debian_0.35.0+20060710.1_all.deb ...
Unpacking intltool-debian (0.35.0+20060710.1) ...
Selecting previously unselected package po-debconf.
Preparing to unpack .../po-debconf_1.0.16+nmu3_all.deb ...
Unpacking po-debconf (1.0.16+nmu3) ...
Selecting previously unselected package debhelper.
Preparing to unpack .../debhelper_9.20140613_all.deb ...
Unpacking debhelper (9.20140613) ...
Selecting previously unselected package libtool.
Preparing to unpack .../libtool_2.4.2-1.7_amd64.deb ...
Unpacking libtool (2.4.2-1.7) ...
Selecting previously unselected package dh-autoreconf.
Preparing to unpack .../dh-autoreconf_9_all.deb ...
Unpacking dh-autoreconf (9) ...
Selecting previously unselected package libffcall1.
Preparing to unpack .../libffcall1_1.10+cvs20100619-3_amd64.deb ...
Unpacking libffcall1 (1.10+cvs20100619-3) ...
Selecting previously unselected package libffcall1-dev.
Preparing to unpack .../libffcall1-dev_1.10+cvs20100619-3_amd64.deb ...
Unpacking libffcall1-dev (1.10+cvs20100619-3) ...
Selecting previously unselected package libltdl-dev:amd64.
Preparing to unpack .../libltdl-dev_2.4.2-1.7_amd64.deb ...
Unpacking libltdl-dev:amd64 (2.4.2-1.7) ...
Selecting previously unselected package sbuild-build-depends-gforth-dummy.
Preparing to unpack .../sbuild-build-depends-gforth-dummy.deb ...
Unpacking sbuild-build-depends-gforth-dummy (0.invalid.0) ...
Setting up libpipeline1:amd64 (1.3.0-1) ...
Setting up groff-base (1.22.2-6) ...
Setting up bsdmainutils (9.0.5) ...
update-alternatives: using /usr/bin/bsd-write to provide /usr/bin/write (write) in auto mode
update-alternatives: using /usr/bin/bsd-from to provide /usr/bin/from (from) in auto mode
Setting up man-db (2.6.7.1-1) ...
Not building database; man-db/auto-update is not 'true'.
Setting up libasprintf0c2:amd64 (0.19.2-1) ...
Setting up libmagic1:amd64 (1:5.19-1) ...
Setting up libxml2:amd64 (2.9.1+dfsg1-4) ...
Setting up libglib2.0-0:amd64 (2.40.0-3) ...
No schema files found: doing nothing.
Setting up libcroco3:amd64 (0.6.8-2) ...
Setting up libltdl7:amd64 (2.4.2-1.7) ...
Setting up libsigsegv2:amd64 (2.10-4) ...
Setting up libunistring0:amd64 (0.9.3-5.2) ...
Setting up file (1:5.19-1) ...
Setting up gettext-base (0.19.2-1) ...
Setting up m4 (1.4.17-4) ...
Setting up autoconf (2.69-7) ...
Setting up autotools-dev (20140510.1) ...
Setting up automake (1:1.14.1-3) ...
update-alternatives: using /usr/bin/automake-1.14 to provide /usr/bin/automake (automake) in auto mode
Setting up autopoint (0.19.2-1) ...
Setting up gettext (0.19.2-1) ...
Setting up intltool-debian (0.35.0+20060710.1) ...
Setting up po-debconf (1.0.16+nmu3) ...
Setting up debhelper (9.20140613) ...
Setting up libtool (2.4.2-1.7) ...
Setting up dh-autoreconf (9) ...
Setting up libffcall1 (1.10+cvs20100619-3) ...
Setting up libffcall1-dev (1.10+cvs20100619-3) ...
Setting up libltdl-dev:amd64 (2.4.2-1.7) ...
Setting up sbuild-build-depends-gforth-dummy (0.invalid.0) ...
Processing triggers for libc-bin (2.19-7) ...

┌──────────────────────────────────────────────────────────────────────────────┐
│ Build environment                                                            │
└──────────────────────────────────────────────────────────────────────────────┘

Kernel: Linux 2.6.32-5-xen-amd64 amd64 (x86_64)
Toolchain package versions: binutils_2.24.51.20140727-1 dpkg-dev_1.17.10 g++-4.6_4.6.4-7 g++-4.9_4.9.1-4 gcc-4.6_4.6.4-7 gcc-4.7_4.7.4-2 gcc-4.9_4.9.1-4 libc6-dev_2.19-7 libstdc++-4.9-dev_4.9.1-4 libstdc++6_4.9.1-4 libstdc++6-4.6-dev_4.6.4-7 linux-libc-dev_3.14.13-2
Package versions: apt_1.0.6 autoconf_2.69-7 automake_1:1.14.1-3 autopoint_0.19.2-1 autotools-dev_20140510.1 base-files_7.5 base-passwd_3.5.33 bash_4.3-8 binutils_2.24.51.20140727-1 bsdmainutils_9.0.5 bsdutils_1:2.20.1-5.8 build-essential_11.6 bzip2_1.0.6-7 clang-3.5_1:3.5~+rc1-2 coreutils_8.21-1.2 cpp_4:4.9.1-1 cpp-4.6_4.6.4-7 cpp-4.7_4.7.4-2 cpp-4.9_4.9.1-4 dash_0.5.7-4 debconf_1.5.53 debconf-i18n_1.5.53 debfoster_2.7-1.2 debhelper_9.20140613 debian-archive-keyring_2012.4 debianutils_4.4 dh-autoreconf_9 diffutils_1:3.3-1 dpkg_1.17.10 dpkg-dev_1.17.10 e2fslibs_1.42.11-2 e2fsprogs_1.42.11-2 fakeroot_1.20.1-1 file_1:5.19-1 findutils_4.4.2-9 g++_4:4.9.1-1 g++-4.6_4.6.4-7 g++-4.9_4.9.1-4 gcc_4:4.9.1-1 gcc-4.4-base_4.4.7-8 gcc-4.5-base_4.5.4-1 gcc-4.6_4.6.4-7 gcc-4.6-base_4.6.4-7 gcc-4.7_4.7.4-2 gcc-4.7-base_4.7.4-2 gcc-4.8-base_4.8.3-7 gcc-4.9_4.9.1-4 gcc-4.9-base_4.9.1-4 gettext_0.19.2-1 gettext-base_0.19.2-1 gnupg_1.4.18-2 gpgv_1.4.18-2 grep_2.18-2 groff-base_1.22.2-6 gzip_1.6-3 hostname_3.15 init_1.20 initscripts_2.88dsf-53.2 insserv_1.14.0-5 intltool-debian_0.35.0+20060710.1 libacl1_2.2.52-1 libapt-pkg4.12_1.0.6 libarchive-extract-perl_0.72-1 libasan1_4.9.1-4 libasprintf0c2_0.19.2-1 libatomic1_4.9.1-4 libattr1_1:2.4.47-1 libaudit-common_1:2.3.7-1 libaudit1_1:2.3.7-1 libblkid1_2.20.1-5.8 libbsd0_0.7.0-1 libbz2-1.0_1.0.6-7 libc-bin_2.19-7 libc-dev-bin_2.19-7 libc6_2.19-7 libc6-dev_2.19-7 libcap2_1:2.24-4 libcilkrts5_4.9.1-4 libclang-common-3.5-dev_1:3.5~+rc1-2 libclang1-3.5_1:3.5~+rc1-2 libclass-isa-perl_0.36-5 libcloog-isl4_0.18.2-1 libcloog-ppl1_0.16.1-5 libcomerr2_1.42.11-2 libcroco3_0.6.8-2 libdb5.1_5.1.29-5 libdb5.3_5.3.28-5 libdebconfclient0_0.191 libdpkg-perl_1.17.10 libedit2_3.1-20140620-1 libfakeroot_1.20.1-1 libffcall1_1.10+cvs20100619-3 libffcall1-dev_1.10+cvs20100619-3 libffi6_3.1-2 libfile-fcntllock-perl_0.22-1 libgc1c2_1:7.2d-6.2 libgcc-4.7-dev_4.7.4-2 libgcc-4.9-dev_4.9.1-4 libgcc1_1:4.9.1-4 libgdbm3_1.8.3-13 libglib2.0-0_2.40.0-3 libgmp10_2:6.0.0+dfsg-4 libgmpxx4ldbl_2:6.0.0+dfsg-4 libgomp1_4.9.1-4 libgpm2_1.20.4-6.1 libisl10_0.12.2-2 libitm1_4.9.1-4 libllvm3.5_1:3.5~+rc1-2 liblocale-gettext-perl_1.05-8 liblog-message-perl_0.8-1 liblog-message-simple-perl_0.10-2 liblsan0_4.9.1-4 libltdl-dev_2.4.2-1.7 libltdl7_2.4.2-1.7 liblzma5_5.1.1alpha+20120614-2 libmagic1_1:5.19-1 libmodule-pluggable-perl_5.1-1 libmount1_2.20.1-5.8 libmpc2_0.9-4 libmpc3_1.0.2-1 libmpfr4_3.1.2-1 libncurses5_5.9+20140712-2 libobjc-4.9-dev_4.9.1-4 libobjc4_4.9.1-4 libpam-modules_1.1.8-3 libpam-modules-bin_1.1.8-3 libpam-runtime_1.1.8-3 libpam0g_1.1.8-3 libpcre3_1:8.35-3 libpipeline1_1.3.0-1 libpod-latex-perl_0.61-1 libppl-c4_1:1.1-3 libppl13_1:1.1-3 libquadmath0_4.9.1-4 libreadline6_6.3-8 libselinux1_2.3-1 libsemanage-common_2.3-1 libsemanage1_2.3-1 libsepol1_2.3-1 libsigsegv2_2.10-4 libslang2_2.2.4-17 libss2_1.42.11-2 libstdc++-4.9-dev_4.9.1-4 libstdc++6_4.9.1-4 libstdc++6-4.6-dev_4.6.4-7 libswitch-perl_2.17-1 libterm-ui-perl_0.42-1 libtext-charwidth-perl_0.04-7+b2 libtext-iconv-perl_1.7-5+b1 libtext-soundex-perl_3.4-1+b1 libtext-wrapi18n-perl_0.06-7 libtimedate-perl_2.3000-2 libtinfo5_5.9+20140712-2 libtool_2.4.2-1.7 libtsan0_4.9.1-4 libubsan0_4.9.1-4 libunistring0_0.9.3-5.2 libusb-0.1-4_2:0.1.12-24 libustr-1.0-1_1.0.4-3 libuuid1_2.20.1-5.8 libxml2_2.9.1+dfsg1-4 linux-libc-dev_3.14.13-2 login_1:4.2-2 lsb-base_4.1+Debian13 m4_1.4.17-4 make_4.0-8 man-db_2.6.7.1-1 mawk_1.3.3-17 mount_2.20.1-5.8 multiarch-support_2.19-7 ncurses-base_5.9+20140712-2 ncurses-bin_5.9+20140712-2 passwd_1:4.2-2 patch_2.7.1-5 perl_5.18.2-7 perl-base_5.18.2-7 perl-modules_5.18.2-7 po-debconf_1.0.16+nmu3 readline-common_6.3-8 rename_0.20-3 sbuild-build-depends-core-dummy_0.invalid.0 sbuild-build-depends-gforth-dummy_0.invalid.0 sed_4.2.2-4 sensible-utils_0.0.9 startpar_0.59-3 sudo_1.8.9p5-1 sysv-rc_2.88dsf-53.2 sysvinit_2.88dsf-53.2 sysvinit-core_2.88dsf-53.2 sysvinit-utils_2.88dsf-53.2 tar_1.27.1-2 tzdata_2014e-1 ucf_3.0030 util-linux_2.20.1-5.8 vim_2:7.4.335-1 vim-common_2:7.4.335-1 vim-runtime_2:7.4.335-1 xz-utils_5.1.1alpha+20120614-2 zlib1g_1:1.2.8.dfsg-1

┌──────────────────────────────────────────────────────────────────────────────┐
│ Build                                                                        │
└──────────────────────────────────────────────────────────────────────────────┘


Unpack source
─────────────

gpgv: keyblock resource `/sbuild-nonexistent/.gnupg/trustedkeys.gpg': file open error
gpgv: Signature made Sun Apr 20 01:38:59 2014 UTC using DSA key ID 174FEE35
gpgv: Can't check signature: public key not found
dpkg-source: warning: failed to verify signature on ./gforth_0.7.2+dfsg1-1.dsc
dpkg-source: info: extracting gforth in gforth-0.7.2+dfsg1
dpkg-source: info: unpacking gforth_0.7.2+dfsg1.orig.tar.xz
dpkg-source: info: unpacking gforth_0.7.2+dfsg1-1.debian.tar.xz
dpkg-source: info: applying 01-script-hashbang.patch
dpkg-source: info: applying 02-skip-install.patch
dpkg-source: info: applying 03-hppa-build.patch
dpkg-source: info: applying 04-minus-number.patch
dpkg-source: info: applying 05-distclean.patch
dpkg-source: info: applying 06-configure-assumptions.patch
dpkg-source: info: applying 07-manpage.patch
dpkg-source: info: applying 08-qrnnd-build.patch
dpkg-source: info: applying 09-elisp-auto-mode.patch
dpkg-source: info: applying 12-elisp-byte-compile.patch

Check disc space
────────────────

Sufficient free space for build

Hack binNMU version
───────────────────

Created changelog entry for binNMU version 0.7.2+dfsg1-1clang1

User Environment
────────────────

DEB_BUILD_OPTIONS=parallel=10
HOME=/sbuild-nonexistent
LOGNAME=user
PATH=/usr/local/sbin:/usr/local/bin:/usr/sbin:/usr/bin:/sbin:/bin:/usr/games
SCHROOT_ALIAS_NAME=unstable-amd64-sbuild
SCHROOT_CHROOT_NAME=unstable-amd64-sbuild
SCHROOT_COMMAND=env
SCHROOT_GID=1000
SCHROOT_GROUP=user
SCHROOT_SESSION_ID=unstable-amd64-sbuild-1805d1a4-c891-4b12-9da0-1b1f0e87701b
SCHROOT_UID=1000
SCHROOT_USER=user
SHELL=/bin/sh
USER=user

dpkg-buildpackage
─────────────────

dpkg-buildpackage: source package gforth
dpkg-buildpackage: source version 0.7.2+dfsg1-1clang1
dpkg-buildpackage: source distribution unstable
 dpkg-source --before-build gforth-0.7.2+dfsg1
dpkg-buildpackage: host architecture amd64
 fakeroot debian/rules clean
dh clean --with autoreconf
   dh_testdir
   debian/rules override_dh_auto_clean
make[1]: Entering directory '/«BUILDDIR»/gforth-0.7.2+dfsg1'
dh_auto_clean
make[1]: Leaving directory '/«BUILDDIR»/gforth-0.7.2+dfsg1'
   dh_autoreconf_clean
   dh_clean
 debian/rules build-arch
dh build-arch --with autoreconf
   dh_testdir -a
   dh_autoreconf -a
aclocal: warning: autoconf input should be named 'configure.ac', not 'configure.in'
configure.in:225: warning: AC_LIBOBJ(../$arm_cacheflush): you should use literals
../../lib/autoconf/general.m4:2938: AC_LIBOBJ is expanded from...
configure.in:225: the top level
configure.in:225: warning: AC_LIBOBJ(../$arm_cacheflush): you should use literals
../../lib/autoconf/general.m4:2938: AC_LIBOBJ is expanded from...
configure.in:225: the top level
configure.in:225: warning: AC_LIBOBJ(../$arm_cacheflush): you should use literals
../../lib/autoconf/general.m4:2938: AC_LIBOBJ is expanded from...
configure.in:225: the top level
configure.in:225: warning: AC_LIBOBJ(../$arm_cacheflush): you should use literals
../../lib/autoconf/general.m4:2938: AC_LIBOBJ is expanded from...
configure.in:225: the top level
   debian/rules override_dh_auto_configure
make[1]: Entering directory '/«BUILDDIR»/gforth-0.7.2+dfsg1'
install -d debian/kernl-save
cp kernl*.fi debian/kernl-save
no_dynamic_default=1 dh_auto_configure -- --with-lispdir=/usr/share/emacs/site-lisp/gforth
configure: WARNING: unrecognized options: --disable-maintainer-mode, --disable-dependency-tracking
checking for gcc... gcc
checking whether the C compiler works... yes
checking for C compiler default output file name... a.out
checking for suffix of executables... 
checking whether we are cross compiling... no
checking for suffix of object files... o
checking whether we are using the GNU C compiler... yes
checking whether gcc accepts -g... yes
checking for gcc option to accept ISO C89... none needed
checking how to run the C preprocessor... gcc -E
checking for grep that handles long lines and -e... /bin/grep
checking for egrep... /bin/grep -E
checking for ANSI C header files... yes
checking for sys/types.h... yes
checking for sys/stat.h... yes
checking for stdlib.h... yes
checking for string.h... yes
checking for memory.h... yes
checking for strings.h... yes
checking for inttypes.h... yes
checking for stdint.h... yes
checking for unistd.h... yes
checking minix/config.h usability... no
checking minix/config.h presence... no
checking for minix/config.h... no
checking whether it is safe to define __EXTENSIONS__... yes
checking for special C compiler options needed for large files... no
checking for _FILE_OFFSET_BITS value needed for large files... no
checking for gcc... (cached) gcc
checking whether we are using the GNU C compiler... (cached) yes
checking whether gcc accepts -g... (cached) yes
checking for gcc option to accept ISO C89... (cached) none needed
checking whether to use two dispatches per conditional branch... 1
checking make type... GNU Make
checking whether the linker accepts -export-dynamic... yes
checking build system type... x86_64-pc-linux-gnu
checking host system type... x86_64-pc-linux-gnu
Check for arch/amd64//gforth.ld (false)
checking size of char *... 8
checking size of void *... 8
checking size of char... 1
checking size of short... 2
checking size of int... 4
checking size of long... 8
checking size of long long... 8
checking size of intptr_t... 8
checking size of int128_t... 0
checking size of uint128_t... 0
checking for a C type for cells... long
checking for a C type for wydes... short
checking for a C type for tetrabytes... int
checking for a C type for double-cells... none
checking for a C type for unsigned double-cells... none
checking for off_t... yes
checking size of off_t... 8
checking if gcc understands -fno-gcse... yes
checking if gcc understands -fno-strict-aliasing... yes
checking if gcc understands -fno-crossjumping... no
checking if gcc understands -fno-reorder-blocks... no
checking if gcc understands -falign-labels=1... no
checking if gcc understands -falign-loops=1... no
checking if gcc understands -falign-jumps=1... no
checking how to suppress 'unused variable' warnings... __attribute__((unused))
checking how to invoke m4... m4 -s
checking for gforth... echo "You need to configure with a gforth in \$PATH to build this part" && false
checking for ./arch/amd64/asm.fs... yes
checking for ./arch/amd64/disasm.fs... yes
checking for install-info... echo '>>>>Please make info dir entry:'
checking for chcon... chcon -t unconfined_execmem_exec_t
checking whether byte ordering is bigendian... no
checking if and how we can waste code space... no
checking if and how we can do comments in asm statements... "# "
checking whether ln -s works... yes
checking for a BSD-compatible install... /usr/bin/install -c
checking for texi2dvi4a2ps... no
checking for texi2dvi... no
checking for glibtool... no
checking for libtool... libtool
checking for asin in -lm... yes
checking for lt_dlinit in -lltdl... yes
checking ffi.h usability... no
checking ffi.h presence... no
checking for ffi.h... no
checking ffi/ffi.h usability... no
checking ffi/ffi.h presence... no
checking for ffi/ffi.h... no
checking for ffi_call in -lffi... no
checking for __builtin_avcall in -lavcall... yes
checking for working memcmp... yes
checking for memmove... yes
checking for strtoul... yes
checking for pow10... yes
checking for strerror... yes
checking for strsignal... yes
checking for atanh... yes
checking for _LARGEFILE_SOURCE value needed for large files... no
checking for ftello... yes
checking for dlopen... no
checking for sys_siglist... yes
checking for getrusage... yes
checking for nanosleep... yes
checking for stack_t... yes
checking whether sys_siglist is declared... yes
checking for getopt_long... yes
checking for expm1... yes
checking for log1p... yes
checking for rint... yes
checking for ecvt... yes
checking sys/mman.h usability... yes
checking sys/mman.h presence... yes
checking for sys/mman.h... yes
checking fnmatch.h usability... yes
checking fnmatch.h presence... yes
checking for fnmatch.h... yes
checking alloca.h usability... yes
checking alloca.h presence... yes
checking for alloca.h... yes
checking wchar.h usability... yes
checking wchar.h presence... yes
checking for wchar.h... yes
checking for working POSIX fnmatch... yes
checking for mmap... yes
checking for sysconf... yes
checking for getpagesize... yes
checking for wcwidth... yes
checking for emacs... no
checking for xemacs... no
checking where .elc files should go... /usr/share/emacs/site-lisp/gforth
configure: creating ./config.status
config.status: creating Makefile
config.status: creating Makedist
config.status: creating gforthmi
config.status: creating vmgen
config.status: creating machpc.fs
config.status: creating envos.fs
config.status: creating preforth
config.status: creating engine/Makefile
config.status: WARNING:  'engine/Makefile.in' seems to ignore the --datarootdir setting
config.status: creating engine/libcc.h
config.status: creating doc/version.texi
config.status: creating build-ec
config.status: creating engine/config.h
config.status: executing stamp-h commands
mkdir -p -- include/gforth/0.7.2
configure: WARNING: unrecognized options: --disable-maintainer-mode, --disable-dependency-tracking
make[1]: Leaving directory '/«BUILDDIR»/gforth-0.7.2+dfsg1'
   dh_auto_build -a
make[1]: Entering directory '/«BUILDDIR»/gforth-0.7.2+dfsg1'
if test -r version && test x'0.7.2' = x`cat version` ; then true ; else echo 0.7.2 > version ; fi
echo ": version-string s\" 0.7.2\" ;" > kernel/version.fs
cd . && autoheader
configure.in:225: warning: AC_LIBOBJ(../$arm_cacheflush): you should use literals
../../lib/autoconf/general.m4:2938: AC_LIBOBJ is expanded from...
configure.in:225: the top level
echo timestamp > ./stamp-h.in
sed -f mkdosmf.sed <Makefile.in >makefile.dos
sed -f mkdosmf.sed <engine/Makefile.in >engine/makefile.dos
sed -f mkos2mf.sed <Makefile.in >makefile.os2
sed -f mkos2mf.sed <engine/Makefile.in >engine/makefile.os2
echo '%.o:	%.c' >>makefile.os2
echo '		$(GCC) $(CFLAGS) $(CPPFLAGS) -c $<' >>makefile.os2
echo '%.o:	%.c' >>engine/makefile.os2
echo '		$(GCC) $(CFLAGS) $(CPPFLAGS) -c $<' >>engine/makefile.os2
./config.status
config.status: creating Makefile
config.status: creating Makedist
config.status: creating gforthmi
config.status: creating vmgen
config.status: creating machpc.fs
config.status: creating envos.fs
config.status: creating preforth
config.status: creating engine/Makefile
config.status: WARNING:  'engine/Makefile.in' seems to ignore the --datarootdir setting
config.status: creating engine/libcc.h
config.status: creating doc/version.texi
config.status: creating build-ec
config.status: creating engine/config.h
config.status: engine/config.h is unchanged
config.status: executing stamp-h commands
if test -z ""; then \
	for i in -ll-reg -noll-reg -ll -noll; do make optgforth OPT=$i && cp -p gforth${i} gforth && break; done; \
else \
	( cd engine && make gforth ) && \
	cp -p engine/gforth gforth && \
	chcon -t unconfined_execmem_exec_t gforth; \
	true; \
	make checkone check-nofast ENGINE=./engine/gforth; \
fi
make[2]: Entering directory '/«BUILDDIR»/gforth-0.7.2+dfsg1'
make gforth-ll-reg OPT=-ll-reg OPTDEFINES="-DFORCE_LL -DFORCE_REG" OPTOBJECTS=
make[3]: Entering directory '/«BUILDDIR»/gforth-0.7.2+dfsg1'
if test -z "-ll-reg"; then \
	for i in -ll-reg -noll-reg -ll -noll; do make optgforth OPT=$i && cp -p gforth${i} gforth-ll-reg && break; done; \
else \
	( cd engine && make gforth-ll-reg ) && \
	cp -p engine/gforth-ll-reg gforth-ll-reg && \
	chcon -t unconfined_execmem_exec_t gforth-ll-reg; \
	true; \
	make checkone check-nofast ENGINE=./engine/gforth-ll-reg; \
fi
make[4]: Entering directory '/«BUILDDIR»/gforth-0.7.2+dfsg1/engine'
cd .. && CONFIG_FILES=stamp-h CONFIG_HEADERS=engine/config.h ./config.status
config.status: creating stamp-h
config.status: creating engine/config.h
config.status: engine/config.h is unchanged
config.status: executing stamp-h commands
echo timestamp > stamp-h
gcc  -I./../arch/amd64 -I. -Wall -g -O2 -fstack-protector --param=ssp-buffer-size=4 -Wformat -Werror=format-security -DHAVE_CONFIG_H -DFORCE_LL -DFORCE_REG -DDEFAULTPATH='".:/usr/lib/x86_64-linux-gnu/gforth/site-forth:/usr/share/gforth/site-forth:/usr/lib/x86_64-linux-gnu/gforth/0.7.2:/usr/share/gforth/0.7.2"'  -D_FORTIFY_SOURCE=2 -fno-gcse -fno-strict-aliasing -fno-defer-pop -fcaller-saves -fno-inline -fno-reorder-blocks -DGFORTH_DEBUGGING -o engine-ll-reg.o -c ./engine.c
clang: error: unknown argument: '-fcaller-saves'
clang: error: unknown argument: '-fno-reorder-blocks'
clang: warning: optimization flag '-fno-gcse' is not supported
clang: warning: optimization flag '-fno-defer-pop' is not supported
Makefile:169: recipe for target 'engine-ll-reg.o' failed
make[4]: *** [engine-ll-reg.o] Error 1
make[4]: Leaving directory '/«BUILDDIR»/gforth-0.7.2+dfsg1/engine'
make[4]: Entering directory '/«BUILDDIR»/gforth-0.7.2+dfsg1'
./preforth -p ".:~+:." -e 's" mach16b.fs"' ./kernel/main.fs -e "save-cross kernl16b.fi- /usr/bin/gforth-0.7.2 bye"
You need to configure with a gforth in $PATH to build this part
Makefile:718: recipe for target 'kernl16b.fi-' failed
make[4]: *** [kernl16b.fi-] Error 1
make[4]: Leaving directory '/«BUILDDIR»/gforth-0.7.2+dfsg1'
make[3]: *** [gforth-ll-reg] Error 2
make[2]: *** [optgforth] Error 2
Makefile:814: recipe for target 'gforth-ll-reg' failed
make[3]: Leaving directory '/«BUILDDIR»/gforth-0.7.2+dfsg1'
Makefile:825: recipe for target 'optgforth' failed
make[2]: Leaving directory '/«BUILDDIR»/gforth-0.7.2+dfsg1'
make[2]: Entering directory '/«BUILDDIR»/gforth-0.7.2+dfsg1'
make gforth-noll-reg OPT=-noll-reg OPTDEFINES=-DFORCE_REG OPTOBJECTS=dblsub.o
make[3]: Entering directory '/«BUILDDIR»/gforth-0.7.2+dfsg1'
if test -z "-noll-reg"; then \
	for i in -ll-reg -noll-reg -ll -noll; do make optgforth OPT=$i && cp -p gforth${i} gforth-noll-reg && break; done; \
else \
	( cd engine && make gforth-noll-reg ) && \
	cp -p engine/gforth-noll-reg gforth-noll-reg && \
	chcon -t unconfined_execmem_exec_t gforth-noll-reg; \
	true; \
	make checkone check-nofast ENGINE=./engine/gforth-noll-reg; \
fi
make[4]: Entering directory '/«BUILDDIR»/gforth-0.7.2+dfsg1/engine'
gcc  -I./../arch/amd64 -I. -Wall -g -O2 -fstack-protector --param=ssp-buffer-size=4 -Wformat -Werror=format-security -DHAVE_CONFIG_H -DFORCE_REG -DDEFAULTPATH='".:/usr/lib/x86_64-linux-gnu/gforth/site-forth:/usr/share/gforth/site-forth:/usr/lib/x86_64-linux-gnu/gforth/0.7.2:/usr/share/gforth/0.7.2"'  -D_FORTIFY_SOURCE=2 -fno-gcse -fno-strict-aliasing -fno-defer-pop -fcaller-saves -fno-inline -fno-reorder-blocks -DGFORTH_DEBUGGING -o engine-noll-reg.o -c ./engine.c
clang: error: unknown argument: '-fcaller-saves'
clang: error: unknown argument: '-fno-reorder-blocks'
clang: warning: optimization flag '-fno-gcse' is not supported
clang: warning: optimization flag '-fno-defer-pop' is not supported
make[4]: *** [engine-noll-reg.o] Error 1
Makefile:169: recipe for target 'engine-noll-reg.o' failed
make[4]: Leaving directory '/«BUILDDIR»/gforth-0.7.2+dfsg1/engine'
make[4]: Entering directory '/«BUILDDIR»/gforth-0.7.2+dfsg1'
./preforth -p ".:~+:." -e 's" mach16b.fs"' ./kernel/main.fs -e "save-cross kernl16b.fi- /usr/bin/gforth-0.7.2 bye"
You need to configure with a gforth in $PATH to build this part
Makefile:718: recipe for target 'kernl16b.fi-' failed
make[4]: *** [kernl16b.fi-] Error 1
make[4]: Leaving directory '/«BUILDDIR»/gforth-0.7.2+dfsg1'
make[3]: *** [gforth-noll-reg] Error 2
make[2]: *** [optgforth] Error 2
Makefile:814: recipe for target 'gforth-noll-reg' failed
make[3]: Leaving directory '/«BUILDDIR»/gforth-0.7.2+dfsg1'
Makefile:825: recipe for target 'optgforth' failed
make[2]: Leaving directory '/«BUILDDIR»/gforth-0.7.2+dfsg1'
make[2]: Entering directory '/«BUILDDIR»/gforth-0.7.2+dfsg1'
make gforth-ll OPT=-ll OPTDEFINES=-DFORCE_LL OPTOBJECTS=
make[3]: Entering directory '/«BUILDDIR»/gforth-0.7.2+dfsg1'
if test -z "-ll"; then \
	for i in -ll-reg -noll-reg -ll -noll; do make optgforth OPT=$i && cp -p gforth${i} gforth-ll && break; done; \
else \
	( cd engine && make gforth-ll ) && \
	cp -p engine/gforth-ll gforth-ll && \
	chcon -t unconfined_execmem_exec_t gforth-ll; \
	true; \
	make checkone check-nofast ENGINE=./engine/gforth-ll; \
fi
make[4]: Entering directory '/«BUILDDIR»/gforth-0.7.2+dfsg1/engine'
gcc  -I./../arch/amd64 -I. -Wall -g -O2 -fstack-protector --param=ssp-buffer-size=4 -Wformat -Werror=format-security -DHAVE_CONFIG_H -DFORCE_LL -DDEFAULTPATH='".:/usr/lib/x86_64-linux-gnu/gforth/site-forth:/usr/share/gforth/site-forth:/usr/lib/x86_64-linux-gnu/gforth/0.7.2:/usr/share/gforth/0.7.2"'  -D_FORTIFY_SOURCE=2 -fno-gcse -fno-strict-aliasing -fno-defer-pop -fcaller-saves -fno-inline -fno-reorder-blocks -DGFORTH_DEBUGGING -o engine-ll.o -c ./engine.c
clang: error: unknown argument: '-fcaller-saves'
clang: error: unknown argument: '-fno-reorder-blocks'
clang: warning: optimization flag '-fno-gcse' is not supported
clang: warning: optimization flag '-fno-defer-pop' is not supported
make[4]: *** [engine-ll.o] Error 1
Makefile:169: recipe for target 'engine-ll.o' failed
make[4]: Leaving directory '/«BUILDDIR»/gforth-0.7.2+dfsg1/engine'
make[4]: Entering directory '/«BUILDDIR»/gforth-0.7.2+dfsg1'
./preforth -p ".:~+:." -e 's" mach16b.fs"' ./kernel/main.fs -e "save-cross kernl16b.fi- /usr/bin/gforth-0.7.2 bye"
You need to configure with a gforth in $PATH to build this part
Makefile:718: recipe for target 'kernl16b.fi-' failed
make[4]: *** [kernl16b.fi-] Error 1
make[4]: Leaving directory '/«BUILDDIR»/gforth-0.7.2+dfsg1'
make[3]: *** [gforth-ll] Error 2
make[2]: *** [optgforth] Error 2
Makefile:814: recipe for target 'gforth-ll' failed
make[3]: Leaving directory '/«BUILDDIR»/gforth-0.7.2+dfsg1'
Makefile:825: recipe for target 'optgforth' failed
make[2]: Leaving directory '/«BUILDDIR»/gforth-0.7.2+dfsg1'
make[2]: Entering directory '/«BUILDDIR»/gforth-0.7.2+dfsg1'
make gforth-noll OPT=-noll OPTDEFINES= OPTOBJECTS=dblsub.o
make[3]: Entering directory '/«BUILDDIR»/gforth-0.7.2+dfsg1'
if test -z "-noll"; then \
	for i in -ll-reg -noll-reg -ll -noll; do make optgforth OPT=$i && cp -p gforth${i} gforth-noll && break; done; \
else \
	( cd engine && make gforth-noll ) && \
	cp -p engine/gforth-noll gforth-noll && \
	chcon -t unconfined_execmem_exec_t gforth-noll; \
	true; \
	make checkone check-nofast ENGINE=./engine/gforth-noll; \
fi
make[4]: Entering directory '/«BUILDDIR»/gforth-0.7.2+dfsg1/engine'
gcc  -I./../arch/amd64 -I. -Wall -g -O2 -fstack-protector --param=ssp-buffer-size=4 -Wformat -Werror=format-security -DHAVE_CONFIG_H  -DDEFAULTPATH='".:/usr/lib/x86_64-linux-gnu/gforth/site-forth:/usr/share/gforth/site-forth:/usr/lib/x86_64-linux-gnu/gforth/0.7.2:/usr/share/gforth/0.7.2"'  -D_FORTIFY_SOURCE=2 -fno-gcse -fno-strict-aliasing -fno-defer-pop -fcaller-saves -fno-inline -fno-reorder-blocks -DGFORTH_DEBUGGING -o engine-noll.o -c ./engine.c
clang: error: unknown argument: '-fcaller-saves'
clang: error: unknown argument: '-fno-reorder-blocks'
clang: warning: optimization flag '-fno-gcse' is not supported
clang: warning: optimization flag '-fno-defer-pop' is not supported
make[4]: *** [engine-noll.o] Error 1
Makefile:169: recipe for target 'engine-noll.o' failed
make[4]: Leaving directory '/«BUILDDIR»/gforth-0.7.2+dfsg1/engine'
make[4]: Entering directory '/«BUILDDIR»/gforth-0.7.2+dfsg1'
./preforth -p ".:~+:." -e 's" mach16b.fs"' ./kernel/main.fs -e "save-cross kernl16b.fi- /usr/bin/gforth-0.7.2 bye"
You need to configure with a gforth in $PATH to build this part
Makefile:718: recipe for target 'kernl16b.fi-' failed
make[4]: *** [kernl16b.fi-] Error 1
make[4]: Leaving directory '/«BUILDDIR»/gforth-0.7.2+dfsg1'
make[3]: *** [gforth-noll] Error 2
make[2]: *** [optgforth] Error 2
Makefile:814: recipe for target 'gforth-noll' failed
make[3]: Leaving directory '/«BUILDDIR»/gforth-0.7.2+dfsg1'
Makefile:825: recipe for target 'optgforth' failed
make[2]: Leaving directory '/«BUILDDIR»/gforth-0.7.2+dfsg1'
make[1]: *** [gforth] Error 2
dh_auto_build: make -j1 returned exit code 2
Makefile:814: recipe for target 'gforth' failed
make[1]: Leaving directory '/«BUILDDIR»/gforth-0.7.2+dfsg1'
make: *** [build-arch] Error 2
dpkg-buildpackage: error: debian/rules build-arch gave error exit status 2
debian/rules:66: recipe for target 'build-arch' failed
────────────────────────────────────────────────────────────────────────────────
Build finished at 20140806-1646

Finished
────────

E: Build failure (dpkg-buildpackage died)

┌──────────────────────────────────────────────────────────────────────────────┐
│ Cleanup                                                                      │
└──────────────────────────────────────────────────────────────────────────────┘

Purging /«BUILDDIR»
Not cleaning session: cloned chroot in use

┌──────────────────────────────────────────────────────────────────────────────┐
│ Summary                                                                      │
└──────────────────────────────────────────────────────────────────────────────┘

Build Architecture: amd64
Build-Space: 6704
Build-Time: 21
Distribution: unstable
Fail-Stage: build
Host Architecture: amd64
Install-Time: 11
Job: gforth_0.7.2+dfsg1-1
Machine Architecture: amd64
Package: gforth
Package-Time: 61
Source-Version: 0.7.2+dfsg1-1
Space: 6704
Status: attempted
Version: 0.7.2+dfsg1-1clang1
────────────────────────────────────────────────────────────────────────────────
Finished at 20140806-1646
Build needed 00:01:01, 6704k disc space
DC-Status: Failed 61.76106336s
DC-Time-Estimation: 61.76106336 versus expected 265 (r/m: 3.2907292326775117 ; m: 61.76106336)
