DC-Build-Header: gringo 4.3.0-2 / 2014-08-06 13:27:32 +0000
DC-Task: source:gringo version:4.3.0-2 architecture:any chroot:unstable esttime:1334 logfile:/tmp/gringo_4.3.0-2_unstable_clang.log modes:binary-only:parallel:clang
DC-Sbuild-call: su user -c 'sbuild -n --apt-update -d unstable -v  --chroot-setup-commands=/tmp/switch-to-clang --append-to-version "clang1" --maintainer "Lucas Nussbaum <lucas@debian.org>" --uploader "Lucas Nussbaum <lucas@debian.org>" gringo_4.3.0-2'
sbuild (Debian sbuild) 0.63.2 (18 Aug 2012) on ip-172-31-8-4.us-west-2.compute.internal

╔══════════════════════════════════════════════════════════════════════════════╗
║ gringo 4.3.0-2clang1 (amd64)                               06 Aug 2014 13:27 ║
╚══════════════════════════════════════════════════════════════════════════════╝

Package: gringo
Version: 4.3.0-2clang1
Source Version: 4.3.0-2
Distribution: unstable
Machine Architecture: amd64
Host Architecture: amd64
Build Architecture: amd64

I: NOTICE: Log filtering will replace 'build/gringo-ed3YXT/gringo-4.3.0' with '«PKGBUILDDIR»'
I: NOTICE: Log filtering will replace 'build/gringo-ed3YXT' with '«BUILDDIR»'
I: NOTICE: Log filtering will replace 'var/lib/schroot/mount/unstable-amd64-sbuild-1e8a7e15-ff5a-48b1-910c-98b16da54286' with '«CHROOT»'

┌──────────────────────────────────────────────────────────────────────────────┐
│ Update chroot                                                                │
└──────────────────────────────────────────────────────────────────────────────┘

Get:1 http://localhost:9999 unstable InRelease [222 kB]
Get:2 http://localhost:9999 unstable/main Sources/DiffIndex [7876 B]
Get:3 http://localhost:9999 unstable/main amd64 Packages/DiffIndex [7876 B]
Get:4 http://localhost:9999 unstable/main Translation-en/DiffIndex [7876 B]
Get:5 http://localhost:9999 unstable/main 2014-08-05-2057.28.pdiff [14.9 kB]
Get:6 http://localhost:9999 unstable/main 2014-08-06-0254.22.pdiff [10.4 kB]
Get:7 http://localhost:9999 unstable/main 2014-08-06-0856.40.pdiff [5699 B]
Get:8 http://localhost:9999 unstable/main amd64 2014-08-05-2057.28.pdiff [80.7 kB]
Get:9 http://localhost:9999 unstable/main 2014-08-06-0856.40.pdiff [5699 B]
Get:10 http://localhost:9999 unstable/main amd64 2014-08-06-0254.22.pdiff [18.7 kB]
Get:11 http://localhost:9999 unstable/main amd64 2014-08-06-0856.40.pdiff [5647 B]
Get:12 http://localhost:9999 unstable/main 2014-08-05-2057.28.pdiff [2013 B]
Get:13 http://localhost:9999 unstable/main 2014-08-06-0254.22.pdiff [375 B]
Get:14 http://localhost:9999 unstable/main 2014-08-06-0856.40.pdiff [33 B]
Get:15 http://localhost:9999 unstable/main amd64 2014-08-06-0856.40.pdiff [5647 B]
Get:16 http://localhost:9999 unstable/main 2014-08-06-0856.40.pdiff [33 B]
Fetched 384 kB in 4s (83.9 kB/s)
Reading package lists...
Reading package lists...
Building dependency tree...
Reading state information...
0 upgraded, 0 newly installed, 0 to remove and 0 not upgraded.

┌──────────────────────────────────────────────────────────────────────────────┐
│ Fetch source files                                                           │
└──────────────────────────────────────────────────────────────────────────────┘


Check APT
─────────

Checking available source versions...

Download source files with APT
──────────────────────────────

Reading package lists...
Building dependency tree...
Reading state information...
NOTICE: 'gringo' packaging is maintained in the 'Git' version control system at:
git://git.debian.org/git/debian-science/packages/gringo.git
Need to get 1461 kB of source archives.
Get:1 http://localhost:9999/debian/ unstable/main gringo 4.3.0-2 (dsc) [2047 B]
Get:2 http://localhost:9999/debian/ unstable/main gringo 4.3.0-2 (tar) [1451 kB]
Get:3 http://localhost:9999/debian/ unstable/main gringo 4.3.0-2 (diff) [8292 B]
Fetched 1461 kB in 1s (765 kB/s)
Download complete and in download only mode

Check arch
──────────


┌──────────────────────────────────────────────────────────────────────────────┐
│ Chroot Setup Commands                                                        │
└──────────────────────────────────────────────────────────────────────────────┘


/tmp/switch-to-clang
────────────────────

+ echo 'Entering customization script...'
Entering customization script...
+ echo 'Install of clang-3.5'
Install of clang-3.5
+ apt-get update
Hit http://localhost:9999 unstable InRelease
Hit http://localhost:9999 unstable/main Sources/DiffIndex
Hit http://localhost:9999 unstable/main amd64 Packages/DiffIndex
Hit http://localhost:9999 unstable/main Translation-en/DiffIndex
Reading package lists...
+ apt-get install --yes --no-install-recommends --force-yes clang-3.5
Reading package lists...
Building dependency tree...
Reading state information...
The following extra packages will be installed:
  libbsd0 libclang-common-3.5-dev libclang1-3.5 libedit2 libffi6 libllvm3.5
  libobjc-4.9-dev libobjc4
Suggested packages:
  gnustep gnustep-devel clang-3.5-doc
Recommended packages:
  llvm-3.5-dev python
The following NEW packages will be installed:
  clang-3.5 libbsd0 libclang-common-3.5-dev libclang1-3.5 libedit2 libffi6
  libllvm3.5 libobjc-4.9-dev libobjc4
0 upgraded, 9 newly installed, 0 to remove and 0 not upgraded.
Need to get 33.1 MB of archives.
After this operation, 132 MB of additional disk space will be used.
Get:1 http://localhost:9999/debian/ unstable/main libbsd0 amd64 0.7.0-1 [67.7 kB]
Get:2 http://localhost:9999/debian/ unstable/main libedit2 amd64 3.1-20140620-1 [77.0 kB]
Get:3 http://localhost:9999/debian/ unstable/main libffi6 amd64 3.1-2 [19.8 kB]
Get:4 http://localhost:9999/debian/ unstable/main libllvm3.5 amd64 1:3.5~+rc1-2 [7624 kB]
Get:5 http://localhost:9999/debian/ unstable/main libobjc4 amd64 4.9.1-4 [112 kB]
Get:6 http://localhost:9999/debian/ unstable/main libobjc-4.9-dev amd64 4.9.1-4 [371 kB]
Get:7 http://localhost:9999/debian/ unstable/main libclang1-3.5 amd64 1:3.5~+rc1-2 [3630 kB]
Get:8 http://localhost:9999/debian/ unstable/main libclang-common-3.5-dev amd64 1:3.5~+rc1-2 [678 kB]
Get:9 http://localhost:9999/debian/ unstable/main clang-3.5 amd64 1:3.5~+rc1-2 [20.5 MB]
debconf: delaying package configuration, since apt-utils is not installed
Fetched 33.1 MB in 0s (36.8 MB/s)
Selecting previously unselected package libbsd0:amd64.
(Reading database ... 14246 files and directories currently installed.)
Preparing to unpack .../libbsd0_0.7.0-1_amd64.deb ...
Unpacking libbsd0:amd64 (0.7.0-1) ...
Selecting previously unselected package libedit2:amd64.
Preparing to unpack .../libedit2_3.1-20140620-1_amd64.deb ...
Unpacking libedit2:amd64 (3.1-20140620-1) ...
Selecting previously unselected package libffi6:amd64.
Preparing to unpack .../libffi6_3.1-2_amd64.deb ...
Unpacking libffi6:amd64 (3.1-2) ...
Selecting previously unselected package libllvm3.5:amd64.
Preparing to unpack .../libllvm3.5_1%3a3.5~+rc1-2_amd64.deb ...
Unpacking libllvm3.5:amd64 (1:3.5~+rc1-2) ...
Selecting previously unselected package libobjc4:amd64.
Preparing to unpack .../libobjc4_4.9.1-4_amd64.deb ...
Unpacking libobjc4:amd64 (4.9.1-4) ...
Selecting previously unselected package libobjc-4.9-dev:amd64.
Preparing to unpack .../libobjc-4.9-dev_4.9.1-4_amd64.deb ...
Unpacking libobjc-4.9-dev:amd64 (4.9.1-4) ...
Selecting previously unselected package libclang1-3.5:amd64.
Preparing to unpack .../libclang1-3.5_1%3a3.5~+rc1-2_amd64.deb ...
Unpacking libclang1-3.5:amd64 (1:3.5~+rc1-2) ...
Selecting previously unselected package libclang-common-3.5-dev.
Preparing to unpack .../libclang-common-3.5-dev_1%3a3.5~+rc1-2_amd64.deb ...
Unpacking libclang-common-3.5-dev (1:3.5~+rc1-2) ...
Selecting previously unselected package clang-3.5.
Preparing to unpack .../clang-3.5_1%3a3.5~+rc1-2_amd64.deb ...
Unpacking clang-3.5 (1:3.5~+rc1-2) ...
Setting up libbsd0:amd64 (0.7.0-1) ...
Setting up libedit2:amd64 (3.1-20140620-1) ...
Setting up libffi6:amd64 (3.1-2) ...
Setting up libllvm3.5:amd64 (1:3.5~+rc1-2) ...
Setting up libobjc4:amd64 (4.9.1-4) ...
Setting up libobjc-4.9-dev:amd64 (4.9.1-4) ...
Setting up libclang1-3.5:amd64 (1:3.5~+rc1-2) ...
Setting up libclang-common-3.5-dev (1:3.5~+rc1-2) ...
Setting up clang-3.5 (1:3.5~+rc1-2) ...
Processing triggers for libc-bin (2.19-7) ...
+ echo 'Replace gcc, g++ & cpp by clang'
Replace gcc, g++ & cpp by clang
+ VERSIONS='4.6 4.7 4.8 4.9'
+ cd /usr/bin
+ for VERSION in '$VERSIONS'
+ rm -f g++-4.6 gcc-4.6 cpp-4.6
+ ln -s clang++ g++-4.6
+ ln -s clang gcc-4.6
+ ln -s clang cpp-4.6
+ echo 'gcc-4.6 hold'
+ dpkg --set-selections
+ echo 'g++-4.6 hold'
+ dpkg --set-selections
+ for VERSION in '$VERSIONS'
+ rm -f g++-4.7 gcc-4.7 cpp-4.7
+ ln -s clang++ g++-4.7
+ ln -s clang gcc-4.7
+ ln -s clang cpp-4.7
+ echo 'gcc-4.7 hold'
+ dpkg --set-selections
+ echo 'g++-4.7 hold'
+ dpkg --set-selections
+ for VERSION in '$VERSIONS'
+ rm -f g++-4.8 gcc-4.8 cpp-4.8
+ ln -s clang++ g++-4.8
+ ln -s clang gcc-4.8
+ ln -s clang cpp-4.8
+ echo 'gcc-4.8 hold'
+ dpkg --set-selections
dpkg: warning: package not in database at line 1: gcc-4.8
dpkg: warning: found unknown packages; this might mean the available database
is outdated, and needs to be updated through a frontend method
+ echo 'g++-4.8 hold'
+ dpkg --set-selections
dpkg: warning: package not in database at line 1: g++-4.8
dpkg: warning: found unknown packages; this might mean the available database
is outdated, and needs to be updated through a frontend method
+ for VERSION in '$VERSIONS'
+ rm -f g++-4.9 gcc-4.9 cpp-4.9
+ ln -s clang++ g++-4.9
+ ln -s clang gcc-4.9
+ ln -s clang cpp-4.9
+ echo 'gcc-4.9 hold'
+ dpkg --set-selections
+ echo 'g++-4.9 hold'
+ dpkg --set-selections
+ cd -
/«BUILDDIR»
+ echo 'Check if gcc, g++ & cpp are actually clang'
Check if gcc, g++ & cpp are actually clang
+ gcc --version
+ grep clang
+ cpp --version
+ grep clang
+ g++ --version
+ grep clang

I: Finished running '/tmp/switch-to-clang'.

Finished processing commands.
────────────────────────────────────────────────────────────────────────────────
Merged Build-Depends: build-essential, fakeroot
Filtered Build-Depends: build-essential, fakeroot
dpkg-deb: building package `sbuild-build-depends-core-dummy' in `/«BUILDDIR»/resolver-PMD4af/apt_archive/sbuild-build-depends-core-dummy.deb'.
OK
Reading package lists...

┌──────────────────────────────────────────────────────────────────────────────┐
│ Install core build dependencies (apt-based resolver)                         │
└──────────────────────────────────────────────────────────────────────────────┘

Installing build dependencies
Reading package lists...
Building dependency tree...
Reading state information...
The following NEW packages will be installed:
  sbuild-build-depends-core-dummy
debconf: delaying package configuration, since apt-utils is not installed
0 upgraded, 1 newly installed, 0 to remove and 0 not upgraded.
Need to get 0 B/818 B of archives.
After this operation, 0 B of additional disk space will be used.
Selecting previously unselected package sbuild-build-depends-core-dummy.
(Reading database ... 14457 files and directories currently installed.)
Preparing to unpack .../sbuild-build-depends-core-dummy.deb ...
Unpacking sbuild-build-depends-core-dummy (0.invalid.0) ...
Setting up sbuild-build-depends-core-dummy (0.invalid.0) ...
Merged Build-Depends: base-files, base-passwd, bash, bsdutils, coreutils, dash, debianutils, diffutils, dpkg, e2fsprogs, findutils, grep, gzip, hostname, libc-bin, login, mount, ncurses-base, ncurses-bin, perl-base, sed, sysvinit, sysvinit-utils, tar, util-linux, libc6-dev | libc-dev, gcc (>= 4:4.4.3), g++ (>= 4:4.4.3), make, dpkg-dev (>= 1.13.5), debhelper (>= 9), g++ (>= 4:4.8.0), scons, re2c, bison, libtbb-dev (>= 4.0+r233), liblua5.2-dev, libpython2.7-dev
Filtered Build-Depends: base-files, base-passwd, bash, bsdutils, coreutils, dash, debianutils, diffutils, dpkg, e2fsprogs, findutils, grep, gzip, hostname, libc-bin, login, mount, ncurses-base, ncurses-bin, perl-base, sed, sysvinit, sysvinit-utils, tar, util-linux, libc6-dev, gcc (>= 4:4.4.3), g++ (>= 4:4.4.3), make, dpkg-dev (>= 1.13.5), debhelper (>= 9), g++ (>= 4:4.8.0), scons, re2c, bison, libtbb-dev (>= 4.0+r233), liblua5.2-dev, libpython2.7-dev
dpkg-deb: building package `sbuild-build-depends-gringo-dummy' in `/«BUILDDIR»/resolver-8HsxE4/apt_archive/sbuild-build-depends-gringo-dummy.deb'.
OK
Reading package lists...

┌──────────────────────────────────────────────────────────────────────────────┐
│ Install gringo build dependencies (apt-based resolver)                       │
└──────────────────────────────────────────────────────────────────────────────┘

Installing build dependencies
Reading package lists...
Building dependency tree...
Reading state information...
The following extra packages will be installed:
  bison bsdmainutils debhelper file gettext gettext-base groff-base
  intltool-debian libasprintf0c2 libbison-dev libcroco3 libexpat1
  libexpat1-dev libglib2.0-0 liblua5.2-0 liblua5.2-dev libmagic1 libncursesw5
  libpipeline1 libpython-stdlib libpython2.7 libpython2.7-dev
  libpython2.7-minimal libpython2.7-stdlib libreadline-dev libreadline6-dev
  libsigsegv2 libsqlite3-0 libssl1.0.0 libtbb-dev libtbb2 libtinfo-dev
  libunistring0 libxml2 m4 man-db mime-support po-debconf python
  python-minimal python2.7 python2.7-minimal re2c scons
Suggested packages:
  bison-doc wamerican wordlist whois vacation dh-make gettext-doc groff
  readline-doc tbb-examples libtbb-doc less www-browser libmail-box-perl
  python-doc python-tk python2.7-doc binfmt-support
Recommended packages:
  curl wget lynx-cur autopoint libasprintf-dev libgettextpo-dev
  libglib2.0-data shared-mime-info pkg-config libtool xml-core
  libmail-sendmail-perl
The following NEW packages will be installed:
  bison bsdmainutils debhelper file gettext gettext-base groff-base
  intltool-debian libasprintf0c2 libbison-dev libcroco3 libexpat1
  libexpat1-dev libglib2.0-0 liblua5.2-0 liblua5.2-dev libmagic1 libncursesw5
  libpipeline1 libpython-stdlib libpython2.7 libpython2.7-dev
  libpython2.7-minimal libpython2.7-stdlib libreadline-dev libreadline6-dev
  libsigsegv2 libsqlite3-0 libssl1.0.0 libtbb-dev libtbb2 libtinfo-dev
  libunistring0 libxml2 m4 man-db mime-support po-debconf python
  python-minimal python2.7 python2.7-minimal re2c
  sbuild-build-depends-gringo-dummy scons
0 upgraded, 45 newly installed, 0 to remove and 0 not upgraded.
Need to get 47.3 MB/47.3 MB of archives.
After this operation, 93.7 MB of additional disk space will be used.
Get:1 http://localhost:9999/debian/ unstable/main libncursesw5 amd64 5.9+20140712-2 [123 kB]
Get:2 http://localhost:9999/debian/ unstable/main libpipeline1 amd64 1.3.0-1 [25.8 kB]
Get:3 http://localhost:9999/debian/ unstable/main libssl1.0.0 amd64 1.0.1h-3 [1011 kB]
Get:4 http://localhost:9999/debian/ unstable/main groff-base amd64 1.22.2-6 [1088 kB]
Get:5 http://localhost:9999/debian/ unstable/main bsdmainutils amd64 9.0.5 [211 kB]
Get:6 http://localhost:9999/debian/ unstable/main man-db amd64 2.6.7.1-1 [990 kB]
Get:7 http://localhost:9999/debian/ unstable/main libasprintf0c2 amd64 0.19.2-1 [30.7 kB]
Get:8 http://localhost:9999/debian/ unstable/main libmagic1 amd64 1:5.19-1 [237 kB]
Get:9 http://localhost:9999/debian/ unstable/main libsqlite3-0 amd64 3.8.5-2 [420 kB]
Get:10 http://localhost:9999/debian/ unstable/main libxml2 amd64 2.9.1+dfsg1-4 [797 kB]
Get:11 http://localhost:9999/debian/ unstable/main libglib2.0-0 amd64 2.40.0-3 [2405 kB]
Get:12 http://localhost:9999/debian/ unstable/main libcroco3 amd64 0.6.8-2 [133 kB]
Get:13 http://localhost:9999/debian/ unstable/main libexpat1 amd64 2.1.0-6 [80.6 kB]
Get:14 http://localhost:9999/debian/ unstable/main liblua5.2-0 amd64 5.2.3-1 [81.0 kB]
Get:15 http://localhost:9999/debian/ unstable/main libpython2.7-minimal amd64 2.7.8-3 [349 kB]
Get:16 http://localhost:9999/debian/ unstable/main mime-support all 3.56 [35.5 kB]
Get:17 http://localhost:9999/debian/ unstable/main libpython2.7-stdlib amd64 2.7.8-3 [1877 kB]
Get:18 http://localhost:9999/debian/ unstable/main libpython2.7 amd64 2.7.8-3 [1046 kB]
Get:19 http://localhost:9999/debian/ unstable/main libexpat1-dev amd64 2.1.0-6 [126 kB]
Get:20 http://localhost:9999/debian/ unstable/main libpython2.7-dev amd64 2.7.8-3 [29.0 MB]
Get:21 http://localhost:9999/debian/ unstable/main libsigsegv2 amd64 2.10-4 [28.8 kB]
Get:22 http://localhost:9999/debian/ unstable/main libunistring0 amd64 0.9.3-5.2 [283 kB]
Get:23 http://localhost:9999/debian/ unstable/main python2.7-minimal amd64 2.7.8-3 [1360 kB]
Get:24 http://localhost:9999/debian/ unstable/main file amd64 1:5.19-1 [58.0 kB]
Get:25 http://localhost:9999/debian/ unstable/main gettext-base amd64 0.19.2-1 [121 kB]
Get:26 http://localhost:9999/debian/ unstable/main m4 amd64 1.4.17-4 [254 kB]
Get:27 http://localhost:9999/debian/ unstable/main python2.7 amd64 2.7.8-3 [243 kB]
Get:28 http://localhost:9999/debian/ unstable/main python-minimal amd64 2.7.8-1 [39.7 kB]
Get:29 http://localhost:9999/debian/ unstable/main libpython-stdlib amd64 2.7.8-1 [19.2 kB]
Get:30 http://localhost:9999/debian/ unstable/main python amd64 2.7.8-1 [151 kB]
Get:31 http://localhost:9999/debian/ unstable/main libbison-dev amd64 2:3.0.2.dfsg-2 [426 kB]
Get:32 http://localhost:9999/debian/ unstable/main bison amd64 2:3.0.2.dfsg-2 [765 kB]
Get:33 http://localhost:9999/debian/ unstable/main gettext amd64 0.19.2-1 [1235 kB]
Get:34 http://localhost:9999/debian/ unstable/main intltool-debian all 0.35.0+20060710.1 [30.8 kB]
Get:35 http://localhost:9999/debian/ unstable/main po-debconf all 1.0.16+nmu3 [220 kB]
Get:36 http://localhost:9999/debian/ unstable/main debhelper all 9.20140613 [692 kB]
Get:37 http://localhost:9999/debian/ unstable/main libtinfo-dev amd64 5.9+20140712-2 [76.1 kB]
Get:38 http://localhost:9999/debian/ unstable/main libreadline6-dev amd64 6.3-8 [123 kB]
Get:39 http://localhost:9999/debian/ unstable/main libreadline-dev amd64 6.3-8 [992 B]
Get:40 http://localhost:9999/debian/ unstable/main liblua5.2-dev amd64 5.2.3-1 [102 kB]
Get:41 http://localhost:9999/debian/ unstable/main re2c amd64 0.13.5-1 [221 kB]
Get:42 http://localhost:9999/debian/ unstable/main scons all 2.3.1-1 [519 kB]
Get:43 http://localhost:9999/debian/ unstable/main libtbb2 amd64 4.2~20140122-1.1 [119 kB]
Get:44 http://localhost:9999/debian/ unstable/main libtbb-dev amd64 4.2~20140122-1.1 [207 kB]
debconf: delaying package configuration, since apt-utils is not installed
Fetched 47.3 MB in 2s (16.3 MB/s)
Selecting previously unselected package libncursesw5:amd64.
(Reading database ... 14457 files and directories currently installed.)
Preparing to unpack .../libncursesw5_5.9+20140712-2_amd64.deb ...
Unpacking libncursesw5:amd64 (5.9+20140712-2) ...
Selecting previously unselected package libpipeline1:amd64.
Preparing to unpack .../libpipeline1_1.3.0-1_amd64.deb ...
Unpacking libpipeline1:amd64 (1.3.0-1) ...
Selecting previously unselected package libssl1.0.0:amd64.
Preparing to unpack .../libssl1.0.0_1.0.1h-3_amd64.deb ...
Unpacking libssl1.0.0:amd64 (1.0.1h-3) ...
Selecting previously unselected package groff-base.
Preparing to unpack .../groff-base_1.22.2-6_amd64.deb ...
Unpacking groff-base (1.22.2-6) ...
Selecting previously unselected package bsdmainutils.
Preparing to unpack .../bsdmainutils_9.0.5_amd64.deb ...
Unpacking bsdmainutils (9.0.5) ...
Selecting previously unselected package man-db.
Preparing to unpack .../man-db_2.6.7.1-1_amd64.deb ...
Unpacking man-db (2.6.7.1-1) ...
Selecting previously unselected package libasprintf0c2:amd64.
Preparing to unpack .../libasprintf0c2_0.19.2-1_amd64.deb ...
Unpacking libasprintf0c2:amd64 (0.19.2-1) ...
Selecting previously unselected package libmagic1:amd64.
Preparing to unpack .../libmagic1_1%3a5.19-1_amd64.deb ...
Unpacking libmagic1:amd64 (1:5.19-1) ...
Selecting previously unselected package libsqlite3-0:amd64.
Preparing to unpack .../libsqlite3-0_3.8.5-2_amd64.deb ...
Unpacking libsqlite3-0:amd64 (3.8.5-2) ...
Selecting previously unselected package libxml2:amd64.
Preparing to unpack .../libxml2_2.9.1+dfsg1-4_amd64.deb ...
Unpacking libxml2:amd64 (2.9.1+dfsg1-4) ...
Selecting previously unselected package libglib2.0-0:amd64.
Preparing to unpack .../libglib2.0-0_2.40.0-3_amd64.deb ...
Unpacking libglib2.0-0:amd64 (2.40.0-3) ...
Selecting previously unselected package libcroco3:amd64.
Preparing to unpack .../libcroco3_0.6.8-2_amd64.deb ...
Unpacking libcroco3:amd64 (0.6.8-2) ...
Selecting previously unselected package libexpat1:amd64.
Preparing to unpack .../libexpat1_2.1.0-6_amd64.deb ...
Unpacking libexpat1:amd64 (2.1.0-6) ...
Selecting previously unselected package liblua5.2-0:amd64.
Preparing to unpack .../liblua5.2-0_5.2.3-1_amd64.deb ...
Unpacking liblua5.2-0:amd64 (5.2.3-1) ...
Selecting previously unselected package libpython2.7-minimal:amd64.
Preparing to unpack .../libpython2.7-minimal_2.7.8-3_amd64.deb ...
Unpacking libpython2.7-minimal:amd64 (2.7.8-3) ...
Selecting previously unselected package mime-support.
Preparing to unpack .../mime-support_3.56_all.deb ...
Unpacking mime-support (3.56) ...
Selecting previously unselected package libpython2.7-stdlib:amd64.
Preparing to unpack .../libpython2.7-stdlib_2.7.8-3_amd64.deb ...
Unpacking libpython2.7-stdlib:amd64 (2.7.8-3) ...
Selecting previously unselected package libpython2.7:amd64.
Preparing to unpack .../libpython2.7_2.7.8-3_amd64.deb ...
Unpacking libpython2.7:amd64 (2.7.8-3) ...
Selecting previously unselected package libexpat1-dev:amd64.
Preparing to unpack .../libexpat1-dev_2.1.0-6_amd64.deb ...
Unpacking libexpat1-dev:amd64 (2.1.0-6) ...
Selecting previously unselected package libpython2.7-dev:amd64.
Preparing to unpack .../libpython2.7-dev_2.7.8-3_amd64.deb ...
Unpacking libpython2.7-dev:amd64 (2.7.8-3) ...
Selecting previously unselected package libsigsegv2:amd64.
Preparing to unpack .../libsigsegv2_2.10-4_amd64.deb ...
Unpacking libsigsegv2:amd64 (2.10-4) ...
Selecting previously unselected package libunistring0:amd64.
Preparing to unpack .../libunistring0_0.9.3-5.2_amd64.deb ...
Unpacking libunistring0:amd64 (0.9.3-5.2) ...
Selecting previously unselected package python2.7-minimal.
Preparing to unpack .../python2.7-minimal_2.7.8-3_amd64.deb ...
Unpacking python2.7-minimal (2.7.8-3) ...
Selecting previously unselected package file.
Preparing to unpack .../file_1%3a5.19-1_amd64.deb ...
Unpacking file (1:5.19-1) ...
Selecting previously unselected package gettext-base.
Preparing to unpack .../gettext-base_0.19.2-1_amd64.deb ...
Unpacking gettext-base (0.19.2-1) ...
Selecting previously unselected package m4.
Preparing to unpack .../archives/m4_1.4.17-4_amd64.deb ...
Unpacking m4 (1.4.17-4) ...
Selecting previously unselected package python2.7.
Preparing to unpack .../python2.7_2.7.8-3_amd64.deb ...
Unpacking python2.7 (2.7.8-3) ...
Selecting previously unselected package python-minimal.
Preparing to unpack .../python-minimal_2.7.8-1_amd64.deb ...
Unpacking python-minimal (2.7.8-1) ...
Selecting previously unselected package libpython-stdlib:amd64.
Preparing to unpack .../libpython-stdlib_2.7.8-1_amd64.deb ...
Unpacking libpython-stdlib:amd64 (2.7.8-1) ...
Selecting previously unselected package python.
Preparing to unpack .../python_2.7.8-1_amd64.deb ...
Unpacking python (2.7.8-1) ...
Selecting previously unselected package libbison-dev:amd64.
Preparing to unpack .../libbison-dev_2%3a3.0.2.dfsg-2_amd64.deb ...
Unpacking libbison-dev:amd64 (2:3.0.2.dfsg-2) ...
Selecting previously unselected package bison.
Preparing to unpack .../bison_2%3a3.0.2.dfsg-2_amd64.deb ...
Unpacking bison (2:3.0.2.dfsg-2) ...
Selecting previously unselected package gettext.
Preparing to unpack .../gettext_0.19.2-1_amd64.deb ...
Unpacking gettext (0.19.2-1) ...
Selecting previously unselected package intltool-debian.
Preparing to unpack .../intltool-debian_0.35.0+20060710.1_all.deb ...
Unpacking intltool-debian (0.35.0+20060710.1) ...
Selecting previously unselected package po-debconf.
Preparing to unpack .../po-debconf_1.0.16+nmu3_all.deb ...
Unpacking po-debconf (1.0.16+nmu3) ...
Selecting previously unselected package debhelper.
Preparing to unpack .../debhelper_9.20140613_all.deb ...
Unpacking debhelper (9.20140613) ...
Selecting previously unselected package libtinfo-dev:amd64.
Preparing to unpack .../libtinfo-dev_5.9+20140712-2_amd64.deb ...
Unpacking libtinfo-dev:amd64 (5.9+20140712-2) ...
Selecting previously unselected package libreadline6-dev:amd64.
Preparing to unpack .../libreadline6-dev_6.3-8_amd64.deb ...
Unpacking libreadline6-dev:amd64 (6.3-8) ...
Selecting previously unselected package libreadline-dev:amd64.
Preparing to unpack .../libreadline-dev_6.3-8_amd64.deb ...
Unpacking libreadline-dev:amd64 (6.3-8) ...
Selecting previously unselected package liblua5.2-dev:amd64.
Preparing to unpack .../liblua5.2-dev_5.2.3-1_amd64.deb ...
Unpacking liblua5.2-dev:amd64 (5.2.3-1) ...
Selecting previously unselected package re2c.
Preparing to unpack .../re2c_0.13.5-1_amd64.deb ...
Unpacking re2c (0.13.5-1) ...
Selecting previously unselected package scons.
Preparing to unpack .../archives/scons_2.3.1-1_all.deb ...
Unpacking scons (2.3.1-1) ...
Selecting previously unselected package libtbb2.
Preparing to unpack .../libtbb2_4.2~20140122-1.1_amd64.deb ...
Unpacking libtbb2 (4.2~20140122-1.1) ...
Selecting previously unselected package libtbb-dev.
Preparing to unpack .../libtbb-dev_4.2~20140122-1.1_amd64.deb ...
Unpacking libtbb-dev (4.2~20140122-1.1) ...
Selecting previously unselected package sbuild-build-depends-gringo-dummy.
Preparing to unpack .../sbuild-build-depends-gringo-dummy.deb ...
Unpacking sbuild-build-depends-gringo-dummy (0.invalid.0) ...
Setting up libncursesw5:amd64 (5.9+20140712-2) ...
Setting up libpipeline1:amd64 (1.3.0-1) ...
Setting up libssl1.0.0:amd64 (1.0.1h-3) ...
Setting up groff-base (1.22.2-6) ...
Setting up bsdmainutils (9.0.5) ...
update-alternatives: using /usr/bin/bsd-write to provide /usr/bin/write (write) in auto mode
update-alternatives: using /usr/bin/bsd-from to provide /usr/bin/from (from) in auto mode
Setting up man-db (2.6.7.1-1) ...
Not building database; man-db/auto-update is not 'true'.
Setting up libasprintf0c2:amd64 (0.19.2-1) ...
Setting up libmagic1:amd64 (1:5.19-1) ...
Setting up libsqlite3-0:amd64 (3.8.5-2) ...
Setting up libxml2:amd64 (2.9.1+dfsg1-4) ...
Setting up libglib2.0-0:amd64 (2.40.0-3) ...
No schema files found: doing nothing.
Setting up libcroco3:amd64 (0.6.8-2) ...
Setting up libexpat1:amd64 (2.1.0-6) ...
Setting up liblua5.2-0:amd64 (5.2.3-1) ...
Setting up libpython2.7-minimal:amd64 (2.7.8-3) ...
Setting up mime-support (3.56) ...
Setting up libpython2.7-stdlib:amd64 (2.7.8-3) ...
Setting up libpython2.7:amd64 (2.7.8-3) ...
Setting up libexpat1-dev:amd64 (2.1.0-6) ...
Setting up libpython2.7-dev:amd64 (2.7.8-3) ...
Setting up libsigsegv2:amd64 (2.10-4) ...
Setting up libunistring0:amd64 (0.9.3-5.2) ...
Setting up python2.7-minimal (2.7.8-3) ...
Setting up file (1:5.19-1) ...
Setting up gettext-base (0.19.2-1) ...
Setting up m4 (1.4.17-4) ...
Setting up python2.7 (2.7.8-3) ...
Setting up python-minimal (2.7.8-1) ...
Setting up libpython-stdlib:amd64 (2.7.8-1) ...
Setting up python (2.7.8-1) ...
Setting up libbison-dev:amd64 (2:3.0.2.dfsg-2) ...
Setting up bison (2:3.0.2.dfsg-2) ...
update-alternatives: using /usr/bin/bison.yacc to provide /usr/bin/yacc (yacc) in auto mode
Setting up gettext (0.19.2-1) ...
Setting up intltool-debian (0.35.0+20060710.1) ...
Setting up po-debconf (1.0.16+nmu3) ...
Setting up debhelper (9.20140613) ...
Setting up libtinfo-dev:amd64 (5.9+20140712-2) ...
Setting up libreadline6-dev:amd64 (6.3-8) ...
Setting up libreadline-dev:amd64 (6.3-8) ...
Setting up liblua5.2-dev:amd64 (5.2.3-1) ...
Setting up re2c (0.13.5-1) ...
Setting up scons (2.3.1-1) ...
Setting up libtbb2 (4.2~20140122-1.1) ...
Setting up libtbb-dev (4.2~20140122-1.1) ...
Setting up sbuild-build-depends-gringo-dummy (0.invalid.0) ...
Processing triggers for libc-bin (2.19-7) ...

┌──────────────────────────────────────────────────────────────────────────────┐
│ Build environment                                                            │
└──────────────────────────────────────────────────────────────────────────────┘

Kernel: Linux 2.6.32-5-xen-amd64 amd64 (x86_64)
Toolchain package versions: binutils_2.24.51.20140727-1 dpkg-dev_1.17.10 g++-4.6_4.6.4-7 g++-4.9_4.9.1-4 gcc-4.6_4.6.4-7 gcc-4.7_4.7.4-2 gcc-4.9_4.9.1-4 libc6-dev_2.19-7 libstdc++-4.9-dev_4.9.1-4 libstdc++6_4.9.1-4 libstdc++6-4.6-dev_4.6.4-7 linux-libc-dev_3.14.13-2
Package versions: apt_1.0.6 base-files_7.5 base-passwd_3.5.33 bash_4.3-8 binutils_2.24.51.20140727-1 bison_2:3.0.2.dfsg-2 bsdmainutils_9.0.5 bsdutils_1:2.20.1-5.8 build-essential_11.6 bzip2_1.0.6-7 clang-3.5_1:3.5~+rc1-2 coreutils_8.21-1.2 cpp_4:4.9.1-1 cpp-4.6_4.6.4-7 cpp-4.7_4.7.4-2 cpp-4.9_4.9.1-4 dash_0.5.7-4 debconf_1.5.53 debconf-i18n_1.5.53 debfoster_2.7-1.2 debhelper_9.20140613 debian-archive-keyring_2012.4 debianutils_4.4 diffutils_1:3.3-1 dpkg_1.17.10 dpkg-dev_1.17.10 e2fslibs_1.42.11-2 e2fsprogs_1.42.11-2 fakeroot_1.20.1-1 file_1:5.19-1 findutils_4.4.2-9 g++_4:4.9.1-1 g++-4.6_4.6.4-7 g++-4.9_4.9.1-4 gcc_4:4.9.1-1 gcc-4.4-base_4.4.7-8 gcc-4.5-base_4.5.4-1 gcc-4.6_4.6.4-7 gcc-4.6-base_4.6.4-7 gcc-4.7_4.7.4-2 gcc-4.7-base_4.7.4-2 gcc-4.8-base_4.8.3-7 gcc-4.9_4.9.1-4 gcc-4.9-base_4.9.1-4 gettext_0.19.2-1 gettext-base_0.19.2-1 gnupg_1.4.18-2 gpgv_1.4.18-2 grep_2.18-2 groff-base_1.22.2-6 gzip_1.6-3 hostname_3.15 init_1.20 initscripts_2.88dsf-53.2 insserv_1.14.0-5 intltool-debian_0.35.0+20060710.1 libacl1_2.2.52-1 libapt-pkg4.12_1.0.6 libarchive-extract-perl_0.72-1 libasan1_4.9.1-4 libasprintf0c2_0.19.2-1 libatomic1_4.9.1-4 libattr1_1:2.4.47-1 libaudit-common_1:2.3.7-1 libaudit1_1:2.3.7-1 libbison-dev_2:3.0.2.dfsg-2 libblkid1_2.20.1-5.8 libbsd0_0.7.0-1 libbz2-1.0_1.0.6-7 libc-bin_2.19-7 libc-dev-bin_2.19-7 libc6_2.19-7 libc6-dev_2.19-7 libcap2_1:2.24-4 libcilkrts5_4.9.1-4 libclang-common-3.5-dev_1:3.5~+rc1-2 libclang1-3.5_1:3.5~+rc1-2 libclass-isa-perl_0.36-5 libcloog-isl4_0.18.2-1 libcloog-ppl1_0.16.1-5 libcomerr2_1.42.11-2 libcroco3_0.6.8-2 libdb5.1_5.1.29-5 libdb5.3_5.3.28-5 libdebconfclient0_0.191 libdpkg-perl_1.17.10 libedit2_3.1-20140620-1 libexpat1_2.1.0-6 libexpat1-dev_2.1.0-6 libfakeroot_1.20.1-1 libffi6_3.1-2 libfile-fcntllock-perl_0.22-1 libgc1c2_1:7.2d-6.2 libgcc-4.7-dev_4.7.4-2 libgcc-4.9-dev_4.9.1-4 libgcc1_1:4.9.1-4 libgdbm3_1.8.3-13 libglib2.0-0_2.40.0-3 libgmp10_2:6.0.0+dfsg-4 libgmpxx4ldbl_2:6.0.0+dfsg-4 libgomp1_4.9.1-4 libgpm2_1.20.4-6.1 libisl10_0.12.2-2 libitm1_4.9.1-4 libllvm3.5_1:3.5~+rc1-2 liblocale-gettext-perl_1.05-8 liblog-message-perl_0.8-1 liblog-message-simple-perl_0.10-2 liblsan0_4.9.1-4 liblua5.2-0_5.2.3-1 liblua5.2-dev_5.2.3-1 liblzma5_5.1.1alpha+20120614-2 libmagic1_1:5.19-1 libmodule-pluggable-perl_5.1-1 libmount1_2.20.1-5.8 libmpc2_0.9-4 libmpc3_1.0.2-1 libmpfr4_3.1.2-1 libncurses5_5.9+20140712-2 libncursesw5_5.9+20140712-2 libobjc-4.9-dev_4.9.1-4 libobjc4_4.9.1-4 libpam-modules_1.1.8-3 libpam-modules-bin_1.1.8-3 libpam-runtime_1.1.8-3 libpam0g_1.1.8-3 libpcre3_1:8.35-3 libpipeline1_1.3.0-1 libpod-latex-perl_0.61-1 libppl-c4_1:1.1-3 libppl13_1:1.1-3 libpython-stdlib_2.7.8-1 libpython2.7_2.7.8-3 libpython2.7-dev_2.7.8-3 libpython2.7-minimal_2.7.8-3 libpython2.7-stdlib_2.7.8-3 libquadmath0_4.9.1-4 libreadline-dev_6.3-8 libreadline6_6.3-8 libreadline6-dev_6.3-8 libselinux1_2.3-1 libsemanage-common_2.3-1 libsemanage1_2.3-1 libsepol1_2.3-1 libsigsegv2_2.10-4 libslang2_2.2.4-17 libsqlite3-0_3.8.5-2 libss2_1.42.11-2 libssl1.0.0_1.0.1h-3 libstdc++-4.9-dev_4.9.1-4 libstdc++6_4.9.1-4 libstdc++6-4.6-dev_4.6.4-7 libswitch-perl_2.17-1 libtbb-dev_4.2~20140122-1.1 libtbb2_4.2~20140122-1.1 libterm-ui-perl_0.42-1 libtext-charwidth-perl_0.04-7+b2 libtext-iconv-perl_1.7-5+b1 libtext-soundex-perl_3.4-1+b1 libtext-wrapi18n-perl_0.06-7 libtimedate-perl_2.3000-2 libtinfo-dev_5.9+20140712-2 libtinfo5_5.9+20140712-2 libtsan0_4.9.1-4 libubsan0_4.9.1-4 libunistring0_0.9.3-5.2 libusb-0.1-4_2:0.1.12-24 libustr-1.0-1_1.0.4-3 libuuid1_2.20.1-5.8 libxml2_2.9.1+dfsg1-4 linux-libc-dev_3.14.13-2 login_1:4.2-2 lsb-base_4.1+Debian13 m4_1.4.17-4 make_4.0-8 man-db_2.6.7.1-1 mawk_1.3.3-17 mime-support_3.56 mount_2.20.1-5.8 multiarch-support_2.19-7 ncurses-base_5.9+20140712-2 ncurses-bin_5.9+20140712-2 passwd_1:4.2-2 patch_2.7.1-5 perl_5.18.2-7 perl-base_5.18.2-7 perl-modules_5.18.2-7 po-debconf_1.0.16+nmu3 python_2.7.8-1 python-minimal_2.7.8-1 python2.7_2.7.8-3 python2.7-minimal_2.7.8-3 re2c_0.13.5-1 readline-common_6.3-8 rename_0.20-3 sbuild-build-depends-core-dummy_0.invalid.0 sbuild-build-depends-gringo-dummy_0.invalid.0 scons_2.3.1-1 sed_4.2.2-4 sensible-utils_0.0.9 startpar_0.59-3 sudo_1.8.9p5-1 sysv-rc_2.88dsf-53.2 sysvinit_2.88dsf-53.2 sysvinit-core_2.88dsf-53.2 sysvinit-utils_2.88dsf-53.2 tar_1.27.1-2 tzdata_2014e-1 ucf_3.0030 util-linux_2.20.1-5.8 vim_2:7.4.335-1 vim-common_2:7.4.335-1 vim-runtime_2:7.4.335-1 xz-utils_5.1.1alpha+20120614-2 zlib1g_1:1.2.8.dfsg-1

┌──────────────────────────────────────────────────────────────────────────────┐
│ Build                                                                        │
└──────────────────────────────────────────────────────────────────────────────┘


Unpack source
─────────────

gpgv: keyblock resource `/sbuild-nonexistent/.gnupg/trustedkeys.gpg': file open error
gpgv: Signature made Thu Jun 12 07:38:42 2014 UTC using RSA key ID A6669AA9
gpgv: Can't check signature: public key not found
dpkg-source: warning: failed to verify signature on ./gringo_4.3.0-2.dsc
dpkg-source: info: extracting gringo in gringo-4.3.0
dpkg-source: info: unpacking gringo_4.3.0.orig.tar.gz
dpkg-source: info: unpacking gringo_4.3.0-2.debian.tar.xz
dpkg-source: info: applying gringo-manpages.patch

Check disc space
────────────────

Sufficient free space for build

Hack binNMU version
───────────────────

Created changelog entry for binNMU version 4.3.0-2clang1

User Environment
────────────────

DEB_BUILD_OPTIONS=parallel=10
HOME=/sbuild-nonexistent
LOGNAME=user
PATH=/usr/local/sbin:/usr/local/bin:/usr/sbin:/usr/bin:/sbin:/bin:/usr/games
SCHROOT_ALIAS_NAME=unstable-amd64-sbuild
SCHROOT_CHROOT_NAME=unstable-amd64-sbuild
SCHROOT_COMMAND=env
SCHROOT_GID=1000
SCHROOT_GROUP=user
SCHROOT_SESSION_ID=unstable-amd64-sbuild-1e8a7e15-ff5a-48b1-910c-98b16da54286
SCHROOT_UID=1000
SCHROOT_USER=user
SHELL=/bin/sh
USER=user

dpkg-buildpackage
─────────────────

dpkg-buildpackage: source package gringo
dpkg-buildpackage: source version 4.3.0-2clang1
dpkg-buildpackage: source distribution unstable
 dpkg-source --before-build gringo-4.3.0
dpkg-buildpackage: host architecture amd64
 fakeroot debian/rules clean
dh clean
   dh_testdir
   debian/rules override_dh_auto_clean
make[1]: Entering directory '/«PKGBUILDDIR»'
rm -rf ./build .sconf_temp .sconsign.dblite
make[1]: Leaving directory '/«PKGBUILDDIR»'
   dh_clean
 debian/rules build-arch
dh build-arch
   dh_testdir -a
   debian/rules override_dh_auto_configure
make[1]: Entering directory '/«PKGBUILDDIR»'
scons configure --build-dir=release CXX='g++' WITH_LUA='lua5.2' WITH_PYTHON='python2.7' CPPPATH='${["/usr/include/lua5.2","/usr/include/python2.7"]}' WITH_TBB="tbb" CXXFLAGS='${["-g","-O2","-fPIE","-fstack-protector","--param=ssp-buffer-size=4","-Wformat","-Werror=format-security","-std=c++11","-O3","-Wall","-D_FORTIFY_SOURCE=2","-DNDEBUG"]}' LINKFLAGS='${["-fPIE","-pie","-Wl,-z,relro","-Wl,-z,now"]}'
scons: Reading SConscript files ...
Checking for bison 2.5... yes
Checking for re2c... yes
Checking for C++ library python2.7... yes
Checking for C++ library lua5.2... yes
Checking for C++ function snprintf()... yes
Checking for C++ function vsnprintf()... yes
Checking for C++ function std::to_string()... yes
Checking for C++ library tbb... no
error: tbb library not found
Checking if need library rt... yes
Checking for C++ library rt... yes
make[1]: *** [override_dh_auto_configure] Error 1
debian/rules:45: recipe for target 'override_dh_auto_configure' failed
make[1]: Leaving directory '/«PKGBUILDDIR»'
make: *** [build-arch] Error 2
debian/rules:41: recipe for target 'build-arch' failed
dpkg-buildpackage: error: debian/rules build-arch gave error exit status 2
────────────────────────────────────────────────────────────────────────────────
Build finished at 20140806-1328

Finished
────────

E: Build failure (dpkg-buildpackage died)

┌──────────────────────────────────────────────────────────────────────────────┐
│ Cleanup                                                                      │
└──────────────────────────────────────────────────────────────────────────────┘

Purging /«BUILDDIR»
Not cleaning session: cloned chroot in use

┌──────────────────────────────────────────────────────────────────────────────┐
│ Summary                                                                      │
└──────────────────────────────────────────────────────────────────────────────┘

Build Architecture: amd64
Build-Space: 8352
Build-Time: 11
Distribution: unstable
Fail-Stage: build
Host Architecture: amd64
Install-Time: 18
Job: gringo_4.3.0-2
Machine Architecture: amd64
Package: gringo
Package-Time: 57
Source-Version: 4.3.0-2
Space: 8352
Status: attempted
Version: 4.3.0-2clang1
────────────────────────────────────────────────────────────────────────────────
Finished at 20140806-1328
Build needed 00:00:57, 8352k disc space
DC-Status: Failed 58.166463193s
DC-Time-Estimation: 58.166463193 versus expected 1334 (r/m: 21.934177647585408 ; m: 58.166463193)
