DC-Build-Header: grr.app 0.9.0-1 / 2014-08-06 16:54:06 +0000
DC-Task: source:grr.app version:0.9.0-1 architecture:any chroot:unstable esttime:237 logfile:/tmp/grr.app_0.9.0-1_unstable_clang.log modes:binary-only:parallel:clang
DC-Sbuild-call: su user -c 'sbuild -n --apt-update -d unstable -v  --chroot-setup-commands=/tmp/switch-to-clang --append-to-version "clang1" --maintainer "Lucas Nussbaum <lucas@debian.org>" --uploader "Lucas Nussbaum <lucas@debian.org>" grr.app_0.9.0-1'
sbuild (Debian sbuild) 0.63.2 (18 Aug 2012) on ip-172-31-8-8.us-west-2.compute.internal

╔══════════════════════════════════════════════════════════════════════════════╗
║ grr.app 0.9.0-1clang1 (amd64)                              06 Aug 2014 16:54 ║
╚══════════════════════════════════════════════════════════════════════════════╝

Package: grr.app
Version: 0.9.0-1clang1
Source Version: 0.9.0-1
Distribution: unstable
Machine Architecture: amd64
Host Architecture: amd64
Build Architecture: amd64

I: NOTICE: Log filtering will replace 'build/grr.app-vhQfWC/grr.app-0.9.0' with '«PKGBUILDDIR»'
I: NOTICE: Log filtering will replace 'build/grr.app-vhQfWC' with '«BUILDDIR»'
I: NOTICE: Log filtering will replace 'var/lib/schroot/mount/unstable-amd64-sbuild-48758fee-80ef-4e28-8ba6-2aa0fc1aa539' with '«CHROOT»'

┌──────────────────────────────────────────────────────────────────────────────┐
│ Update chroot                                                                │
└──────────────────────────────────────────────────────────────────────────────┘

Get:1 http://localhost:9999 unstable InRelease [222 kB]
Get:2 http://localhost:9999 unstable/main Sources/DiffIndex [7876 B]
Get:3 http://localhost:9999 unstable/main amd64 Packages/DiffIndex [7876 B]
Get:4 http://localhost:9999 unstable/main Translation-en/DiffIndex [7876 B]
Get:5 http://localhost:9999 unstable/main 2014-08-05-2057.28.pdiff [14.9 kB]
Get:6 http://localhost:9999 unstable/main 2014-08-06-0254.22.pdiff [10.4 kB]
Get:7 http://localhost:9999 unstable/main 2014-08-06-0856.40.pdiff [5699 B]
Get:8 http://localhost:9999 unstable/main amd64 2014-08-05-2057.28.pdiff [80.7 kB]
Get:9 http://localhost:9999 unstable/main amd64 2014-08-06-0254.22.pdiff [18.7 kB]
Get:10 http://localhost:9999 unstable/main 2014-08-06-0856.40.pdiff [5699 B]
Get:11 http://localhost:9999 unstable/main amd64 2014-08-06-0856.40.pdiff [5647 B]
Get:12 http://localhost:9999 unstable/main 2014-08-05-2057.28.pdiff [2013 B]
Get:13 http://localhost:9999 unstable/main 2014-08-06-0254.22.pdiff [375 B]
Get:14 http://localhost:9999 unstable/main 2014-08-06-0856.40.pdiff [33 B]
Get:15 http://localhost:9999 unstable/main amd64 2014-08-06-0856.40.pdiff [5647 B]
Get:16 http://localhost:9999 unstable/main 2014-08-06-0856.40.pdiff [33 B]
Fetched 384 kB in 5s (75.5 kB/s)
Reading package lists...
Reading package lists...
Building dependency tree...
Reading state information...
0 upgraded, 0 newly installed, 0 to remove and 0 not upgraded.

┌──────────────────────────────────────────────────────────────────────────────┐
│ Fetch source files                                                           │
└──────────────────────────────────────────────────────────────────────────────┘


Check APT
─────────

Checking available source versions...

Download source files with APT
──────────────────────────────

Reading package lists...
Building dependency tree...
Reading state information...
NOTICE: 'grr.app' packaging is maintained in the 'Git' version control system at:
git://git.debian.org/pkg-gnustep/grr.app.git
Need to get 1114 kB of source archives.
Get:1 http://localhost:9999/debian/ unstable/main grr.app 0.9.0-1 (dsc) [1389 B]
Get:2 http://localhost:9999/debian/ unstable/main grr.app 0.9.0-1 (tar) [1106 kB]
Get:3 http://localhost:9999/debian/ unstable/main grr.app 0.9.0-1 (diff) [6809 B]
Fetched 1114 kB in 1s (597 kB/s)
Download complete and in download only mode

Check arch
──────────


┌──────────────────────────────────────────────────────────────────────────────┐
│ Chroot Setup Commands                                                        │
└──────────────────────────────────────────────────────────────────────────────┘


/tmp/switch-to-clang
────────────────────

+ echo 'Entering customization script...'
Entering customization script...
+ echo 'Install of clang-3.5'
Install of clang-3.5
+ apt-get update
Hit http://localhost:9999 unstable InRelease
Hit http://localhost:9999 unstable/main Sources/DiffIndex
Hit http://localhost:9999 unstable/main amd64 Packages/DiffIndex
Hit http://localhost:9999 unstable/main Translation-en/DiffIndex
Reading package lists...
+ apt-get install --yes --no-install-recommends --force-yes clang-3.5
Reading package lists...
Building dependency tree...
Reading state information...
The following extra packages will be installed:
  libbsd0 libclang-common-3.5-dev libclang1-3.5 libedit2 libffi6 libllvm3.5
  libobjc-4.9-dev libobjc4
Suggested packages:
  gnustep gnustep-devel clang-3.5-doc
Recommended packages:
  llvm-3.5-dev python
The following NEW packages will be installed:
  clang-3.5 libbsd0 libclang-common-3.5-dev libclang1-3.5 libedit2 libffi6
  libllvm3.5 libobjc-4.9-dev libobjc4
0 upgraded, 9 newly installed, 0 to remove and 0 not upgraded.
Need to get 33.1 MB of archives.
After this operation, 132 MB of additional disk space will be used.
Get:1 http://localhost:9999/debian/ unstable/main libbsd0 amd64 0.7.0-1 [67.7 kB]
Get:2 http://localhost:9999/debian/ unstable/main libedit2 amd64 3.1-20140620-1 [77.0 kB]
Get:3 http://localhost:9999/debian/ unstable/main libffi6 amd64 3.1-2 [19.8 kB]
Get:4 http://localhost:9999/debian/ unstable/main libllvm3.5 amd64 1:3.5~+rc1-2 [7624 kB]
Get:5 http://localhost:9999/debian/ unstable/main libobjc4 amd64 4.9.1-4 [112 kB]
Get:6 http://localhost:9999/debian/ unstable/main libobjc-4.9-dev amd64 4.9.1-4 [371 kB]
Get:7 http://localhost:9999/debian/ unstable/main libclang1-3.5 amd64 1:3.5~+rc1-2 [3630 kB]
Get:8 http://localhost:9999/debian/ unstable/main libclang-common-3.5-dev amd64 1:3.5~+rc1-2 [678 kB]
Get:9 http://localhost:9999/debian/ unstable/main clang-3.5 amd64 1:3.5~+rc1-2 [20.5 MB]
debconf: delaying package configuration, since apt-utils is not installed
Fetched 33.1 MB in 1s (31.4 MB/s)
Selecting previously unselected package libbsd0:amd64.
(Reading database ... 14246 files and directories currently installed.)
Preparing to unpack .../libbsd0_0.7.0-1_amd64.deb ...
Unpacking libbsd0:amd64 (0.7.0-1) ...
Selecting previously unselected package libedit2:amd64.
Preparing to unpack .../libedit2_3.1-20140620-1_amd64.deb ...
Unpacking libedit2:amd64 (3.1-20140620-1) ...
Selecting previously unselected package libffi6:amd64.
Preparing to unpack .../libffi6_3.1-2_amd64.deb ...
Unpacking libffi6:amd64 (3.1-2) ...
Selecting previously unselected package libllvm3.5:amd64.
Preparing to unpack .../libllvm3.5_1%3a3.5~+rc1-2_amd64.deb ...
Unpacking libllvm3.5:amd64 (1:3.5~+rc1-2) ...
Selecting previously unselected package libobjc4:amd64.
Preparing to unpack .../libobjc4_4.9.1-4_amd64.deb ...
Unpacking libobjc4:amd64 (4.9.1-4) ...
Selecting previously unselected package libobjc-4.9-dev:amd64.
Preparing to unpack .../libobjc-4.9-dev_4.9.1-4_amd64.deb ...
Unpacking libobjc-4.9-dev:amd64 (4.9.1-4) ...
Selecting previously unselected package libclang1-3.5:amd64.
Preparing to unpack .../libclang1-3.5_1%3a3.5~+rc1-2_amd64.deb ...
Unpacking libclang1-3.5:amd64 (1:3.5~+rc1-2) ...
Selecting previously unselected package libclang-common-3.5-dev.
Preparing to unpack .../libclang-common-3.5-dev_1%3a3.5~+rc1-2_amd64.deb ...
Unpacking libclang-common-3.5-dev (1:3.5~+rc1-2) ...
Selecting previously unselected package clang-3.5.
Preparing to unpack .../clang-3.5_1%3a3.5~+rc1-2_amd64.deb ...
Unpacking clang-3.5 (1:3.5~+rc1-2) ...
Setting up libbsd0:amd64 (0.7.0-1) ...
Setting up libedit2:amd64 (3.1-20140620-1) ...
Setting up libffi6:amd64 (3.1-2) ...
Setting up libllvm3.5:amd64 (1:3.5~+rc1-2) ...
Setting up libobjc4:amd64 (4.9.1-4) ...
Setting up libobjc-4.9-dev:amd64 (4.9.1-4) ...
Setting up libclang1-3.5:amd64 (1:3.5~+rc1-2) ...
Setting up libclang-common-3.5-dev (1:3.5~+rc1-2) ...
Setting up clang-3.5 (1:3.5~+rc1-2) ...
Processing triggers for libc-bin (2.19-7) ...
+ echo 'Replace gcc, g++ & cpp by clang'
Replace gcc, g++ & cpp by clang
+ VERSIONS='4.6 4.7 4.8 4.9'
+ cd /usr/bin
+ for VERSION in '$VERSIONS'
+ rm -f g++-4.6 gcc-4.6 cpp-4.6
+ ln -s clang++ g++-4.6
+ ln -s clang gcc-4.6
+ ln -s clang cpp-4.6
+ echo 'gcc-4.6 hold'
+ dpkg --set-selections
+ echo 'g++-4.6 hold'
+ dpkg --set-selections
+ for VERSION in '$VERSIONS'
+ rm -f g++-4.7 gcc-4.7 cpp-4.7
+ ln -s clang++ g++-4.7
+ ln -s clang gcc-4.7
+ ln -s clang cpp-4.7
+ echo 'gcc-4.7 hold'
+ dpkg --set-selections
+ echo 'g++-4.7 hold'
+ dpkg --set-selections
+ for VERSION in '$VERSIONS'
+ rm -f g++-4.8 gcc-4.8 cpp-4.8
+ ln -s clang++ g++-4.8
+ ln -s clang gcc-4.8
+ ln -s clang cpp-4.8
+ echo 'gcc-4.8 hold'
+ dpkg --set-selections
dpkg: warning: package not in database at line 1: gcc-4.8
dpkg: warning: found unknown packages; this might mean the available database
is outdated, and needs to be updated through a frontend method
+ echo 'g++-4.8 hold'
+ dpkg --set-selections
dpkg: warning: package not in database at line 1: g++-4.8
dpkg: warning: found unknown packages; this might mean the available database
is outdated, and needs to be updated through a frontend method
+ for VERSION in '$VERSIONS'
+ rm -f g++-4.9 gcc-4.9 cpp-4.9
+ ln -s clang++ g++-4.9
+ ln -s clang gcc-4.9
+ ln -s clang cpp-4.9
+ echo 'gcc-4.9 hold'
+ dpkg --set-selections
+ echo 'g++-4.9 hold'
+ dpkg --set-selections
+ cd -
/«BUILDDIR»
+ echo 'Check if gcc, g++ & cpp are actually clang'
Check if gcc, g++ & cpp are actually clang
+ gcc --version
+ grep clang
+ cpp --version
+ grep clang
+ g++ --version
+ grep clang

I: Finished running '/tmp/switch-to-clang'.

Finished processing commands.
────────────────────────────────────────────────────────────────────────────────
Merged Build-Depends: build-essential, fakeroot
Filtered Build-Depends: build-essential, fakeroot
dpkg-deb: building package `sbuild-build-depends-core-dummy' in `/«BUILDDIR»/resolver-4rqsJo/apt_archive/sbuild-build-depends-core-dummy.deb'.
OK
Reading package lists...

┌──────────────────────────────────────────────────────────────────────────────┐
│ Install core build dependencies (apt-based resolver)                         │
└──────────────────────────────────────────────────────────────────────────────┘

Installing build dependencies
Reading package lists...
Building dependency tree...
Reading state information...
The following NEW packages will be installed:
  sbuild-build-depends-core-dummy
debconf: delaying package configuration, since apt-utils is not installed
0 upgraded, 1 newly installed, 0 to remove and 0 not upgraded.
Need to get 0 B/818 B of archives.
After this operation, 0 B of additional disk space will be used.
Selecting previously unselected package sbuild-build-depends-core-dummy.
(Reading database ... 14457 files and directories currently installed.)
Preparing to unpack .../sbuild-build-depends-core-dummy.deb ...
Unpacking sbuild-build-depends-core-dummy (0.invalid.0) ...
Setting up sbuild-build-depends-core-dummy (0.invalid.0) ...
Merged Build-Depends: base-files, base-passwd, bash, bsdutils, coreutils, dash, debianutils, diffutils, dpkg, e2fsprogs, findutils, grep, gzip, hostname, libc-bin, login, mount, ncurses-base, ncurses-bin, perl-base, sed, sysvinit, sysvinit-utils, tar, util-linux, libc6-dev | libc-dev, gcc (>= 4:4.4.3), g++ (>= 4:4.4.3), make, dpkg-dev (>= 1.13.5), debhelper (>= 7), dpkg-dev (>= 1.16.1~), libgnustep-gui-dev, librsskit-dev (>= 0.3-2), imagemagick
Filtered Build-Depends: base-files, base-passwd, bash, bsdutils, coreutils, dash, debianutils, diffutils, dpkg, e2fsprogs, findutils, grep, gzip, hostname, libc-bin, login, mount, ncurses-base, ncurses-bin, perl-base, sed, sysvinit, sysvinit-utils, tar, util-linux, libc6-dev, gcc (>= 4:4.4.3), g++ (>= 4:4.4.3), make, dpkg-dev (>= 1.13.5), debhelper (>= 7), dpkg-dev (>= 1.16.1~), libgnustep-gui-dev, librsskit-dev (>= 0.3-2), imagemagick
dpkg-deb: building package `sbuild-build-depends-grr.app-dummy' in `/«BUILDDIR»/resolver-66FRbj/apt_archive/sbuild-build-depends-grr.app-dummy.deb'.
OK
Reading package lists...

┌──────────────────────────────────────────────────────────────────────────────┐
│ Install grr.app build dependencies (apt-based resolver)                      │
└──────────────────────────────────────────────────────────────────────────────┘

Installing build dependencies
Reading package lists...
Building dependency tree...
Reading state information...
The following extra packages will be installed:
  autotools-dev bsdmainutils ca-certificates debhelper file fontconfig-config
  fonts-dejavu-core gettext gettext-base gnustep-base-common
  gnustep-base-runtime gnustep-common gnustep-gui-common gnustep-gui-runtime
  gnustep-make gobjc gobjc-4.9 groff-base hicolor-icon-theme imagemagick
  imagemagick-common intltool-debian libao-common libao4 libasound2
  libasound2-data libaspell15 libasprintf0c2 libavahi-client3
  libavahi-common-data libavahi-common3 libcroco3 libcups2 libdbus-1-3
  libexpat1 libflac8 libflite1 libfontconfig1 libfreetype6 libgcrypt11 libgif4
  libglib2.0-0 libgnustep-base-dev libgnustep-base1.24 libgnustep-gui-dev
  libgnustep-gui0.24 libgnutls-deb0-28 libgpg-error0 libgssapi-krb5-2
  libhogweed2 libice6 libicu52 libjasper1 libjbig0 libjpeg8 libk5crypto3
  libkeyutils1 libkrb5-3 libkrb5support0 liblcms2-2 liblqr-1-0 libltdl7
  libmagic1 libmagickcore5 libmagickwand5 libnettle4 libogg0 libp11-kit0
  libpipeline1 libpng12-0 librsskit-dev librsskit0 libsm6 libsndfile1
  libssl1.0.0 libtasn1-6 libtiff5 libunistring0 libvorbis0a libvorbisenc2
  libx11-6 libx11-data libxau6 libxcb1 libxdmcp6 libxext6 libxml2 libxslt1.1
  libxt6 man-db openssl po-debconf x11-common
Suggested packages:
  wamerican wordlist whois vacation dh-make gettext-doc gnustep-base-doc
  gnustep-make-doc gobjc-multilib gobjc-4.9-multilib gcc-4.9-doc libobjc4-dbg
  groff imagemagick-doc autotrace cups-bsd lpr lprng enscript ffmpeg gimp
  gnuplot grads hp2xx html2ps libwmf-bin mplayer povray radiance sane-utils
  texlive-base-bin transfig xdg-utils libaudio2 libesd0 libesd-alsa0 libpulse0
  libasound2-plugins alsa-utils aspell cups-common alsa-base rng-tools
  gnustep-gui-doc gnutls-bin krb5-doc krb5-user libjasper-runtime
  liblcms2-utils less www-browser libmail-box-perl
Recommended packages:
  curl wget lynx-cur autopoint libasprintf-dev libgettextpo-dev
  libmagickcore5-extra ghostscript netpbm ufraw-batch aspell-en
  aspell-dictionary aspell6a-dictionary dbus libglib2.0-data shared-mime-info
  krb5-locales gsfonts xml-core libmail-sendmail-perl
The following NEW packages will be installed:
  autotools-dev bsdmainutils ca-certificates debhelper file fontconfig-config
  fonts-dejavu-core gettext gettext-base gnustep-base-common
  gnustep-base-runtime gnustep-common gnustep-gui-common gnustep-gui-runtime
  gnustep-make gobjc gobjc-4.9 groff-base hicolor-icon-theme imagemagick
  imagemagick-common intltool-debian libao-common libao4 libasound2
  libasound2-data libaspell15 libasprintf0c2 libavahi-client3
  libavahi-common-data libavahi-common3 libcroco3 libcups2 libdbus-1-3
  libexpat1 libflac8 libflite1 libfontconfig1 libfreetype6 libgcrypt11 libgif4
  libglib2.0-0 libgnustep-base-dev libgnustep-base1.24 libgnustep-gui-dev
  libgnustep-gui0.24 libgnutls-deb0-28 libgpg-error0 libgssapi-krb5-2
  libhogweed2 libice6 libicu52 libjasper1 libjbig0 libjpeg8 libk5crypto3
  libkeyutils1 libkrb5-3 libkrb5support0 liblcms2-2 liblqr-1-0 libltdl7
  libmagic1 libmagickcore5 libmagickwand5 libnettle4 libogg0 libp11-kit0
  libpipeline1 libpng12-0 librsskit-dev librsskit0 libsm6 libsndfile1
  libssl1.0.0 libtasn1-6 libtiff5 libunistring0 libvorbis0a libvorbisenc2
  libx11-6 libx11-data libxau6 libxcb1 libxdmcp6 libxext6 libxml2 libxslt1.1
  libxt6 man-db openssl po-debconf sbuild-build-depends-grr.app-dummy
  x11-common
0 upgraded, 94 newly installed, 0 to remove and 0 not upgraded.
Need to get 55.3 MB/55.3 MB of archives.
After this operation, 186 MB of additional disk space will be used.
Get:1 http://localhost:9999/debian/ unstable/main libpipeline1 amd64 1.3.0-1 [25.8 kB]
Get:2 http://localhost:9999/debian/ unstable/main libssl1.0.0 amd64 1.0.1h-3 [1011 kB]
Get:3 http://localhost:9999/debian/ unstable/main groff-base amd64 1.22.2-6 [1088 kB]
Get:4 http://localhost:9999/debian/ unstable/main bsdmainutils amd64 9.0.5 [211 kB]
Get:5 http://localhost:9999/debian/ unstable/main man-db amd64 2.6.7.1-1 [990 kB]
Get:6 http://localhost:9999/debian/ unstable/main libasprintf0c2 amd64 0.19.2-1 [30.7 kB]
Get:7 http://localhost:9999/debian/ unstable/main libgpg-error0 amd64 1.13-2 [58.7 kB]
Get:8 http://localhost:9999/debian/ unstable/main libgcrypt11 amd64 1.5.3-5 [255 kB]
Get:9 http://localhost:9999/debian/ unstable/main libnettle4 amd64 2.7.1-3 [175 kB]
Get:10 http://localhost:9999/debian/ unstable/main libhogweed2 amd64 2.7.1-3 [125 kB]
Get:11 http://localhost:9999/debian/ unstable/main libp11-kit0 amd64 0.20.2-5 [81.1 kB]
Get:12 http://localhost:9999/debian/ unstable/main libtasn1-6 amd64 4.0-2 [47.9 kB]
Get:13 http://localhost:9999/debian/ unstable/main libgnutls-deb0-28 amd64 3.2.16-1 [970 kB]
Get:14 http://localhost:9999/debian/ unstable/main libkeyutils1 amd64 1.5.9-5 [11.7 kB]
Get:15 http://localhost:9999/debian/ unstable/main libkrb5support0 amd64 1.12.1+dfsg-6 [57.2 kB]
Get:16 http://localhost:9999/debian/ unstable/main libk5crypto3 amd64 1.12.1+dfsg-6 [112 kB]
Get:17 http://localhost:9999/debian/ unstable/main libkrb5-3 amd64 1.12.1+dfsg-6 [298 kB]
Get:18 http://localhost:9999/debian/ unstable/main libgssapi-krb5-2 amd64 1.12.1+dfsg-6 [147 kB]
Get:19 http://localhost:9999/debian/ unstable/main libmagic1 amd64 1:5.19-1 [237 kB]
Get:20 http://localhost:9999/debian/ unstable/main libxml2 amd64 2.9.1+dfsg1-4 [797 kB]
Get:21 http://localhost:9999/debian/ unstable/main imagemagick-common all 8:6.7.7.10+dfsg-4 [123 kB]
Get:22 http://localhost:9999/debian/ unstable/main libasound2-data all 1.0.28-1 [64.8 kB]
Get:23 http://localhost:9999/debian/ unstable/main libasound2 amd64 1.0.28-1 [374 kB]
Get:24 http://localhost:9999/debian/ unstable/main libavahi-common-data amd64 0.6.31-4 [98.3 kB]
Get:25 http://localhost:9999/debian/ unstable/main libavahi-common3 amd64 0.6.31-4 [50.6 kB]
Get:26 http://localhost:9999/debian/ unstable/main libdbus-1-3 amd64 1.8.6-1 [162 kB]
Get:27 http://localhost:9999/debian/ unstable/main libavahi-client3 amd64 0.6.31-4 [53.8 kB]
Get:28 http://localhost:9999/debian/ unstable/main libglib2.0-0 amd64 2.40.0-3 [2405 kB]
Get:29 http://localhost:9999/debian/ unstable/main libcroco3 amd64 0.6.8-2 [133 kB]
Get:30 http://localhost:9999/debian/ unstable/main libcups2 amd64 1.7.4-4 [282 kB]
Get:31 http://localhost:9999/debian/ unstable/main libexpat1 amd64 2.1.0-6 [80.6 kB]
Get:32 http://localhost:9999/debian/ unstable/main libogg0 amd64 1.3.2-1 [19.9 kB]
Get:33 http://localhost:9999/debian/ unstable/main libflac8 amd64 1.3.0-2 [86.6 kB]
Get:34 http://localhost:9999/debian/ unstable/main libpng12-0 amd64 1.2.50-2 [172 kB]
Get:35 http://localhost:9999/debian/ unstable/main libfreetype6 amd64 2.5.2-1 [454 kB]
Get:36 http://localhost:9999/debian/ unstable/main fonts-dejavu-core all 2.34-1 [1047 kB]
Get:37 http://localhost:9999/debian/ unstable/main fontconfig-config all 2.11.0-5 [273 kB]
Get:38 http://localhost:9999/debian/ unstable/main libfontconfig1 amd64 2.11.0-5 [327 kB]
Get:39 http://localhost:9999/debian/ unstable/main libgif4 amd64 4.1.6-11 [39.8 kB]
Get:40 http://localhost:9999/debian/ unstable/main x11-common all 1:7.7+7 [287 kB]
Get:41 http://localhost:9999/debian/ unstable/main libice6 amd64 2:1.0.9-1 [58.1 kB]
Get:42 http://localhost:9999/debian/ unstable/main libicu52 amd64 52.1-5 [6774 kB]
Get:43 http://localhost:9999/debian/ unstable/main libjpeg8 amd64 8d1-1 [119 kB]
Get:44 http://localhost:9999/debian/ unstable/main libjasper1 amd64 1.900.1-debian1-2 [132 kB]
Get:45 http://localhost:9999/debian/ unstable/main liblcms2-2 amd64 2.6-3 [140 kB]
Get:46 http://localhost:9999/debian/ unstable/main liblqr-1-0 amd64 0.4.1-2 [29.9 kB]
Get:47 http://localhost:9999/debian/ unstable/main libltdl7 amd64 2.4.2-1.7 [352 kB]
Get:48 http://localhost:9999/debian/ unstable/main libjbig0 amd64 2.1-3 [30.4 kB]
Get:49 http://localhost:9999/debian/ unstable/main libsm6 amd64 2:1.2.2-1 [33.1 kB]
Get:50 http://localhost:9999/debian/ unstable/main libtiff5 amd64 4.0.3-10 [211 kB]
Get:51 http://localhost:9999/debian/ unstable/main libxau6 amd64 1:1.0.8-1 [20.7 kB]
Get:52 http://localhost:9999/debian/ unstable/main libxdmcp6 amd64 1:1.1.1-1 [26.3 kB]
Get:53 http://localhost:9999/debian/ unstable/main libxcb1 amd64 1.10-3 [42.6 kB]
Get:54 http://localhost:9999/debian/ unstable/main libx11-data all 2:1.6.2-2 [126 kB]
Get:55 http://localhost:9999/debian/ unstable/main libx11-6 amd64 2:1.6.2-2 [718 kB]
Get:56 http://localhost:9999/debian/ unstable/main libxext6 amd64 2:1.3.2-1 [56.5 kB]
Get:57 http://localhost:9999/debian/ unstable/main libxt6 amd64 1:1.1.4-1 [180 kB]
Get:58 http://localhost:9999/debian/ unstable/main libmagickcore5 amd64 8:6.7.7.10+dfsg-4 [1587 kB]
Get:59 http://localhost:9999/debian/ unstable/main libmagickwand5 amd64 8:6.7.7.10+dfsg-4 [370 kB]
Get:60 http://localhost:9999/debian/ unstable/main libvorbis0a amd64 1.3.2-1.4 [92.4 kB]
Get:61 http://localhost:9999/debian/ unstable/main libvorbisenc2 amd64 1.3.2-1.4 [91.2 kB]
Get:62 http://localhost:9999/debian/ unstable/main libsndfile1 amd64 1.0.25-9 [213 kB]
Get:63 http://localhost:9999/debian/ unstable/main libunistring0 amd64 0.9.3-5.2 [283 kB]
Get:64 http://localhost:9999/debian/ unstable/main libxslt1.1 amd64 1.1.28-2 [230 kB]
Get:65 http://localhost:9999/debian/ unstable/main libflite1 amd64 1.4-release-11 [13.1 MB]
Get:66 http://localhost:9999/debian/ unstable/main file amd64 1:5.19-1 [58.0 kB]
Get:67 http://localhost:9999/debian/ unstable/main gettext-base amd64 0.19.2-1 [121 kB]
Get:68 http://localhost:9999/debian/ unstable/main autotools-dev all 20140510.1 [70.3 kB]
Get:69 http://localhost:9999/debian/ unstable/main openssl amd64 1.0.1h-3 [668 kB]
Get:70 http://localhost:9999/debian/ unstable/main ca-certificates all 20140325 [193 kB]
Get:71 http://localhost:9999/debian/ unstable/main gettext amd64 0.19.2-1 [1235 kB]
Get:72 http://localhost:9999/debian/ unstable/main intltool-debian all 0.35.0+20060710.1 [30.8 kB]
Get:73 http://localhost:9999/debian/ unstable/main po-debconf all 1.0.16+nmu3 [220 kB]
Get:74 http://localhost:9999/debian/ unstable/main debhelper all 9.20140613 [692 kB]
Get:75 http://localhost:9999/debian/ unstable/main gnustep-common amd64 2.6.6-2 [119 kB]
Get:76 http://localhost:9999/debian/ unstable/main gnustep-base-common all 1.24.6-2 [237 kB]
Get:77 http://localhost:9999/debian/ unstable/main libgnustep-base1.24 amd64 1.24.6-2 [1240 kB]
Get:78 http://localhost:9999/debian/ unstable/main gnustep-base-runtime amd64 1.24.6-2 [187 kB]
Get:79 http://localhost:9999/debian/ unstable/main gnustep-gui-common all 0.24.0-2 [764 kB]
Get:80 http://localhost:9999/debian/ unstable/main libao-common amd64 1.1.0-2 [11.3 kB]
Get:81 http://localhost:9999/debian/ unstable/main libao4 amd64 1.1.0-2 [44.8 kB]
Get:82 http://localhost:9999/debian/ unstable/main libaspell15 amd64 0.60.7~20110707-1 [707 kB]
Get:83 http://localhost:9999/debian/ unstable/main libgnustep-gui0.24 amd64 0.24.0-2 [1365 kB]
Get:84 http://localhost:9999/debian/ unstable/main gnustep-gui-runtime amd64 0.24.0-2 [153 kB]
Get:85 http://localhost:9999/debian/ unstable/main gobjc-4.9 amd64 4.9.1-4 [4968 kB]
Get:86 http://localhost:9999/debian/ unstable/main gobjc amd64 4:4.9.1-1 [954 B]
Get:87 http://localhost:9999/debian/ unstable/main gnustep-make all 2.6.6-2 [201 kB]
Get:88 http://localhost:9999/debian/ unstable/main hicolor-icon-theme all 0.13-1 [8600 B]
Get:89 http://localhost:9999/debian/ unstable/main imagemagick amd64 8:6.7.7.10+dfsg-4 [282 kB]
Get:90 http://localhost:9999/debian/ unstable/main libgnustep-base-dev amd64 1.24.6-2 [1620 kB]
Get:91 http://localhost:9999/debian/ unstable/main libgnustep-gui-dev amd64 0.24.0-2 [1777 kB]
Get:92 http://localhost:9999/debian/ unstable/main librsskit0 amd64 0.3-2+b1 [38.5 kB]
Get:93 http://localhost:9999/debian/ unstable/main librsskit-dev amd64 0.3-2+b1 [57.0 kB]
debconf: delaying package configuration, since apt-utils is not installed
Fetched 55.3 MB in 2s (19.3 MB/s)
Selecting previously unselected package libpipeline1:amd64.
(Reading database ... 14457 files and directories currently installed.)
Preparing to unpack .../libpipeline1_1.3.0-1_amd64.deb ...
Unpacking libpipeline1:amd64 (1.3.0-1) ...
Selecting previously unselected package libssl1.0.0:amd64.
Preparing to unpack .../libssl1.0.0_1.0.1h-3_amd64.deb ...
Unpacking libssl1.0.0:amd64 (1.0.1h-3) ...
Selecting previously unselected package groff-base.
Preparing to unpack .../groff-base_1.22.2-6_amd64.deb ...
Unpacking groff-base (1.22.2-6) ...
Selecting previously unselected package bsdmainutils.
Preparing to unpack .../bsdmainutils_9.0.5_amd64.deb ...
Unpacking bsdmainutils (9.0.5) ...
Selecting previously unselected package man-db.
Preparing to unpack .../man-db_2.6.7.1-1_amd64.deb ...
Unpacking man-db (2.6.7.1-1) ...
Selecting previously unselected package libasprintf0c2:amd64.
Preparing to unpack .../libasprintf0c2_0.19.2-1_amd64.deb ...
Unpacking libasprintf0c2:amd64 (0.19.2-1) ...
Selecting previously unselected package libgpg-error0:amd64.
Preparing to unpack .../libgpg-error0_1.13-2_amd64.deb ...
Unpacking libgpg-error0:amd64 (1.13-2) ...
Selecting previously unselected package libgcrypt11:amd64.
Preparing to unpack .../libgcrypt11_1.5.3-5_amd64.deb ...
Unpacking libgcrypt11:amd64 (1.5.3-5) ...
Selecting previously unselected package libnettle4:amd64.
Preparing to unpack .../libnettle4_2.7.1-3_amd64.deb ...
Unpacking libnettle4:amd64 (2.7.1-3) ...
Selecting previously unselected package libhogweed2:amd64.
Preparing to unpack .../libhogweed2_2.7.1-3_amd64.deb ...
Unpacking libhogweed2:amd64 (2.7.1-3) ...
Selecting previously unselected package libp11-kit0:amd64.
Preparing to unpack .../libp11-kit0_0.20.2-5_amd64.deb ...
Unpacking libp11-kit0:amd64 (0.20.2-5) ...
Selecting previously unselected package libtasn1-6:amd64.
Preparing to unpack .../libtasn1-6_4.0-2_amd64.deb ...
Unpacking libtasn1-6:amd64 (4.0-2) ...
Selecting previously unselected package libgnutls-deb0-28:amd64.
Preparing to unpack .../libgnutls-deb0-28_3.2.16-1_amd64.deb ...
Unpacking libgnutls-deb0-28:amd64 (3.2.16-1) ...
Selecting previously unselected package libkeyutils1:amd64.
Preparing to unpack .../libkeyutils1_1.5.9-5_amd64.deb ...
Unpacking libkeyutils1:amd64 (1.5.9-5) ...
Selecting previously unselected package libkrb5support0:amd64.
Preparing to unpack .../libkrb5support0_1.12.1+dfsg-6_amd64.deb ...
Unpacking libkrb5support0:amd64 (1.12.1+dfsg-6) ...
Selecting previously unselected package libk5crypto3:amd64.
Preparing to unpack .../libk5crypto3_1.12.1+dfsg-6_amd64.deb ...
Unpacking libk5crypto3:amd64 (1.12.1+dfsg-6) ...
Selecting previously unselected package libkrb5-3:amd64.
Preparing to unpack .../libkrb5-3_1.12.1+dfsg-6_amd64.deb ...
Unpacking libkrb5-3:amd64 (1.12.1+dfsg-6) ...
Selecting previously unselected package libgssapi-krb5-2:amd64.
Preparing to unpack .../libgssapi-krb5-2_1.12.1+dfsg-6_amd64.deb ...
Unpacking libgssapi-krb5-2:amd64 (1.12.1+dfsg-6) ...
Selecting previously unselected package libmagic1:amd64.
Preparing to unpack .../libmagic1_1%3a5.19-1_amd64.deb ...
Unpacking libmagic1:amd64 (1:5.19-1) ...
Selecting previously unselected package libxml2:amd64.
Preparing to unpack .../libxml2_2.9.1+dfsg1-4_amd64.deb ...
Unpacking libxml2:amd64 (2.9.1+dfsg1-4) ...
Selecting previously unselected package imagemagick-common.
Preparing to unpack .../imagemagick-common_8%3a6.7.7.10+dfsg-4_all.deb ...
Unpacking imagemagick-common (8:6.7.7.10+dfsg-4) ...
Selecting previously unselected package libasound2-data.
Preparing to unpack .../libasound2-data_1.0.28-1_all.deb ...
Unpacking libasound2-data (1.0.28-1) ...
Selecting previously unselected package libasound2:amd64.
Preparing to unpack .../libasound2_1.0.28-1_amd64.deb ...
Unpacking libasound2:amd64 (1.0.28-1) ...
Selecting previously unselected package libavahi-common-data:amd64.
Preparing to unpack .../libavahi-common-data_0.6.31-4_amd64.deb ...
Unpacking libavahi-common-data:amd64 (0.6.31-4) ...
Selecting previously unselected package libavahi-common3:amd64.
Preparing to unpack .../libavahi-common3_0.6.31-4_amd64.deb ...
Unpacking libavahi-common3:amd64 (0.6.31-4) ...
Selecting previously unselected package libdbus-1-3:amd64.
Preparing to unpack .../libdbus-1-3_1.8.6-1_amd64.deb ...
Unpacking libdbus-1-3:amd64 (1.8.6-1) ...
Selecting previously unselected package libavahi-client3:amd64.
Preparing to unpack .../libavahi-client3_0.6.31-4_amd64.deb ...
Unpacking libavahi-client3:amd64 (0.6.31-4) ...
Selecting previously unselected package libglib2.0-0:amd64.
Preparing to unpack .../libglib2.0-0_2.40.0-3_amd64.deb ...
Unpacking libglib2.0-0:amd64 (2.40.0-3) ...
Selecting previously unselected package libcroco3:amd64.
Preparing to unpack .../libcroco3_0.6.8-2_amd64.deb ...
Unpacking libcroco3:amd64 (0.6.8-2) ...
Selecting previously unselected package libcups2:amd64.
Preparing to unpack .../libcups2_1.7.4-4_amd64.deb ...
Unpacking libcups2:amd64 (1.7.4-4) ...
Selecting previously unselected package libexpat1:amd64.
Preparing to unpack .../libexpat1_2.1.0-6_amd64.deb ...
Unpacking libexpat1:amd64 (2.1.0-6) ...
Selecting previously unselected package libogg0:amd64.
Preparing to unpack .../libogg0_1.3.2-1_amd64.deb ...
Unpacking libogg0:amd64 (1.3.2-1) ...
Selecting previously unselected package libflac8:amd64.
Preparing to unpack .../libflac8_1.3.0-2_amd64.deb ...
Unpacking libflac8:amd64 (1.3.0-2) ...
Selecting previously unselected package libpng12-0:amd64.
Preparing to unpack .../libpng12-0_1.2.50-2_amd64.deb ...
Unpacking libpng12-0:amd64 (1.2.50-2) ...
Selecting previously unselected package libfreetype6:amd64.
Preparing to unpack .../libfreetype6_2.5.2-1_amd64.deb ...
Unpacking libfreetype6:amd64 (2.5.2-1) ...
Selecting previously unselected package fonts-dejavu-core.
Preparing to unpack .../fonts-dejavu-core_2.34-1_all.deb ...
Unpacking fonts-dejavu-core (2.34-1) ...
Selecting previously unselected package fontconfig-config.
Preparing to unpack .../fontconfig-config_2.11.0-5_all.deb ...
Unpacking fontconfig-config (2.11.0-5) ...
Selecting previously unselected package libfontconfig1:amd64.
Preparing to unpack .../libfontconfig1_2.11.0-5_amd64.deb ...
Unpacking libfontconfig1:amd64 (2.11.0-5) ...
Selecting previously unselected package libgif4:amd64.
Preparing to unpack .../libgif4_4.1.6-11_amd64.deb ...
Unpacking libgif4:amd64 (4.1.6-11) ...
Selecting previously unselected package x11-common.
Preparing to unpack .../x11-common_1%3a7.7+7_all.deb ...
Unpacking x11-common (1:7.7+7) ...
Selecting previously unselected package libice6:amd64.
Preparing to unpack .../libice6_2%3a1.0.9-1_amd64.deb ...
Unpacking libice6:amd64 (2:1.0.9-1) ...
Selecting previously unselected package libicu52:amd64.
Preparing to unpack .../libicu52_52.1-5_amd64.deb ...
Unpacking libicu52:amd64 (52.1-5) ...
Selecting previously unselected package libjpeg8:amd64.
Preparing to unpack .../libjpeg8_8d1-1_amd64.deb ...
Unpacking libjpeg8:amd64 (8d1-1) ...
Selecting previously unselected package libjasper1:amd64.
Preparing to unpack .../libjasper1_1.900.1-debian1-2_amd64.deb ...
Unpacking libjasper1:amd64 (1.900.1-debian1-2) ...
Selecting previously unselected package liblcms2-2:amd64.
Preparing to unpack .../liblcms2-2_2.6-3_amd64.deb ...
Unpacking liblcms2-2:amd64 (2.6-3) ...
Selecting previously unselected package liblqr-1-0:amd64.
Preparing to unpack .../liblqr-1-0_0.4.1-2_amd64.deb ...
Unpacking liblqr-1-0:amd64 (0.4.1-2) ...
Selecting previously unselected package libltdl7:amd64.
Preparing to unpack .../libltdl7_2.4.2-1.7_amd64.deb ...
Unpacking libltdl7:amd64 (2.4.2-1.7) ...
Selecting previously unselected package libjbig0:amd64.
Preparing to unpack .../libjbig0_2.1-3_amd64.deb ...
Unpacking libjbig0:amd64 (2.1-3) ...
Selecting previously unselected package libsm6:amd64.
Preparing to unpack .../libsm6_2%3a1.2.2-1_amd64.deb ...
Unpacking libsm6:amd64 (2:1.2.2-1) ...
Selecting previously unselected package libtiff5:amd64.
Preparing to unpack .../libtiff5_4.0.3-10_amd64.deb ...
Unpacking libtiff5:amd64 (4.0.3-10) ...
Selecting previously unselected package libxau6:amd64.
Preparing to unpack .../libxau6_1%3a1.0.8-1_amd64.deb ...
Unpacking libxau6:amd64 (1:1.0.8-1) ...
Selecting previously unselected package libxdmcp6:amd64.
Preparing to unpack .../libxdmcp6_1%3a1.1.1-1_amd64.deb ...
Unpacking libxdmcp6:amd64 (1:1.1.1-1) ...
Selecting previously unselected package libxcb1:amd64.
Preparing to unpack .../libxcb1_1.10-3_amd64.deb ...
Unpacking libxcb1:amd64 (1.10-3) ...
Selecting previously unselected package libx11-data.
Preparing to unpack .../libx11-data_2%3a1.6.2-2_all.deb ...
Unpacking libx11-data (2:1.6.2-2) ...
Selecting previously unselected package libx11-6:amd64.
Preparing to unpack .../libx11-6_2%3a1.6.2-2_amd64.deb ...
Unpacking libx11-6:amd64 (2:1.6.2-2) ...
Selecting previously unselected package libxext6:amd64.
Preparing to unpack .../libxext6_2%3a1.3.2-1_amd64.deb ...
Unpacking libxext6:amd64 (2:1.3.2-1) ...
Selecting previously unselected package libxt6:amd64.
Preparing to unpack .../libxt6_1%3a1.1.4-1_amd64.deb ...
Unpacking libxt6:amd64 (1:1.1.4-1) ...
Selecting previously unselected package libmagickcore5:amd64.
Preparing to unpack .../libmagickcore5_8%3a6.7.7.10+dfsg-4_amd64.deb ...
Unpacking libmagickcore5:amd64 (8:6.7.7.10+dfsg-4) ...
Selecting previously unselected package libmagickwand5:amd64.
Preparing to unpack .../libmagickwand5_8%3a6.7.7.10+dfsg-4_amd64.deb ...
Unpacking libmagickwand5:amd64 (8:6.7.7.10+dfsg-4) ...
Selecting previously unselected package libvorbis0a:amd64.
Preparing to unpack .../libvorbis0a_1.3.2-1.4_amd64.deb ...
Unpacking libvorbis0a:amd64 (1.3.2-1.4) ...
Selecting previously unselected package libvorbisenc2:amd64.
Preparing to unpack .../libvorbisenc2_1.3.2-1.4_amd64.deb ...
Unpacking libvorbisenc2:amd64 (1.3.2-1.4) ...
Selecting previously unselected package libsndfile1:amd64.
Preparing to unpack .../libsndfile1_1.0.25-9_amd64.deb ...
Unpacking libsndfile1:amd64 (1.0.25-9) ...
Selecting previously unselected package libunistring0:amd64.
Preparing to unpack .../libunistring0_0.9.3-5.2_amd64.deb ...
Unpacking libunistring0:amd64 (0.9.3-5.2) ...
Selecting previously unselected package libxslt1.1:amd64.
Preparing to unpack .../libxslt1.1_1.1.28-2_amd64.deb ...
Unpacking libxslt1.1:amd64 (1.1.28-2) ...
Selecting previously unselected package libflite1:amd64.
Preparing to unpack .../libflite1_1.4-release-11_amd64.deb ...
Unpacking libflite1:amd64 (1.4-release-11) ...
Selecting previously unselected package file.
Preparing to unpack .../file_1%3a5.19-1_amd64.deb ...
Unpacking file (1:5.19-1) ...
Selecting previously unselected package gettext-base.
Preparing to unpack .../gettext-base_0.19.2-1_amd64.deb ...
Unpacking gettext-base (0.19.2-1) ...
Selecting previously unselected package autotools-dev.
Preparing to unpack .../autotools-dev_20140510.1_all.deb ...
Unpacking autotools-dev (20140510.1) ...
Selecting previously unselected package openssl.
Preparing to unpack .../openssl_1.0.1h-3_amd64.deb ...
Unpacking openssl (1.0.1h-3) ...
Selecting previously unselected package ca-certificates.
Preparing to unpack .../ca-certificates_20140325_all.deb ...
Unpacking ca-certificates (20140325) ...
Selecting previously unselected package gettext.
Preparing to unpack .../gettext_0.19.2-1_amd64.deb ...
Unpacking gettext (0.19.2-1) ...
Selecting previously unselected package intltool-debian.
Preparing to unpack .../intltool-debian_0.35.0+20060710.1_all.deb ...
Unpacking intltool-debian (0.35.0+20060710.1) ...
Selecting previously unselected package po-debconf.
Preparing to unpack .../po-debconf_1.0.16+nmu3_all.deb ...
Unpacking po-debconf (1.0.16+nmu3) ...
Selecting previously unselected package debhelper.
Preparing to unpack .../debhelper_9.20140613_all.deb ...
Unpacking debhelper (9.20140613) ...
Selecting previously unselected package gnustep-common.
Preparing to unpack .../gnustep-common_2.6.6-2_amd64.deb ...
Unpacking gnustep-common (2.6.6-2) ...
Selecting previously unselected package gnustep-base-common.
Preparing to unpack .../gnustep-base-common_1.24.6-2_all.deb ...
Unpacking gnustep-base-common (1.24.6-2) ...
Selecting previously unselected package libgnustep-base1.24.
Preparing to unpack .../libgnustep-base1.24_1.24.6-2_amd64.deb ...
Unpacking libgnustep-base1.24 (1.24.6-2) ...
Selecting previously unselected package gnustep-base-runtime.
Preparing to unpack .../gnustep-base-runtime_1.24.6-2_amd64.deb ...
Unpacking gnustep-base-runtime (1.24.6-2) ...
Selecting previously unselected package gnustep-gui-common.
Preparing to unpack .../gnustep-gui-common_0.24.0-2_all.deb ...
Unpacking gnustep-gui-common (0.24.0-2) ...
Selecting previously unselected package libao-common.
Preparing to unpack .../libao-common_1.1.0-2_amd64.deb ...
Unpacking libao-common (1.1.0-2) ...
Selecting previously unselected package libao4.
Preparing to unpack .../libao4_1.1.0-2_amd64.deb ...
Unpacking libao4 (1.1.0-2) ...
Selecting previously unselected package libaspell15.
Preparing to unpack .../libaspell15_0.60.7~20110707-1_amd64.deb ...
Unpacking libaspell15 (0.60.7~20110707-1) ...
Selecting previously unselected package libgnustep-gui0.24.
Preparing to unpack .../libgnustep-gui0.24_0.24.0-2_amd64.deb ...
Unpacking libgnustep-gui0.24 (0.24.0-2) ...
Selecting previously unselected package gnustep-gui-runtime.
Preparing to unpack .../gnustep-gui-runtime_0.24.0-2_amd64.deb ...
Unpacking gnustep-gui-runtime (0.24.0-2) ...
Selecting previously unselected package gobjc-4.9.
Preparing to unpack .../gobjc-4.9_4.9.1-4_amd64.deb ...
Unpacking gobjc-4.9 (4.9.1-4) ...
Selecting previously unselected package gobjc.
Preparing to unpack .../gobjc_4%3a4.9.1-1_amd64.deb ...
Unpacking gobjc (4:4.9.1-1) ...
Selecting previously unselected package gnustep-make.
Preparing to unpack .../gnustep-make_2.6.6-2_all.deb ...
Unpacking gnustep-make (2.6.6-2) ...
Selecting previously unselected package hicolor-icon-theme.
Preparing to unpack .../hicolor-icon-theme_0.13-1_all.deb ...
Unpacking hicolor-icon-theme (0.13-1) ...
Selecting previously unselected package imagemagick.
Preparing to unpack .../imagemagick_8%3a6.7.7.10+dfsg-4_amd64.deb ...
Unpacking imagemagick (8:6.7.7.10+dfsg-4) ...
Selecting previously unselected package libgnustep-base-dev.
Preparing to unpack .../libgnustep-base-dev_1.24.6-2_amd64.deb ...
Unpacking libgnustep-base-dev (1.24.6-2) ...
Selecting previously unselected package libgnustep-gui-dev.
Preparing to unpack .../libgnustep-gui-dev_0.24.0-2_amd64.deb ...
Unpacking libgnustep-gui-dev (0.24.0-2) ...
Selecting previously unselected package librsskit0.
Preparing to unpack .../librsskit0_0.3-2+b1_amd64.deb ...
Unpacking librsskit0 (0.3-2+b1) ...
Selecting previously unselected package librsskit-dev.
Preparing to unpack .../librsskit-dev_0.3-2+b1_amd64.deb ...
Unpacking librsskit-dev (0.3-2+b1) ...
Selecting previously unselected package sbuild-build-depends-grr.app-dummy.
Preparing to unpack .../sbuild-build-depends-grr.app-dummy.deb ...
Unpacking sbuild-build-depends-grr.app-dummy (0.invalid.0) ...
Setting up libpipeline1:amd64 (1.3.0-1) ...
Setting up libssl1.0.0:amd64 (1.0.1h-3) ...
Setting up groff-base (1.22.2-6) ...
Setting up bsdmainutils (9.0.5) ...
update-alternatives: using /usr/bin/bsd-write to provide /usr/bin/write (write) in auto mode
update-alternatives: using /usr/bin/bsd-from to provide /usr/bin/from (from) in auto mode
Setting up man-db (2.6.7.1-1) ...
Not building database; man-db/auto-update is not 'true'.
Setting up libasprintf0c2:amd64 (0.19.2-1) ...
Setting up libgpg-error0:amd64 (1.13-2) ...
Setting up libgcrypt11:amd64 (1.5.3-5) ...
Setting up libnettle4:amd64 (2.7.1-3) ...
Setting up libhogweed2:amd64 (2.7.1-3) ...
Setting up libp11-kit0:amd64 (0.20.2-5) ...
Setting up libtasn1-6:amd64 (4.0-2) ...
Setting up libgnutls-deb0-28:amd64 (3.2.16-1) ...
Setting up libkeyutils1:amd64 (1.5.9-5) ...
Setting up libkrb5support0:amd64 (1.12.1+dfsg-6) ...
Setting up libk5crypto3:amd64 (1.12.1+dfsg-6) ...
Setting up libkrb5-3:amd64 (1.12.1+dfsg-6) ...
Setting up libgssapi-krb5-2:amd64 (1.12.1+dfsg-6) ...
Setting up libmagic1:amd64 (1:5.19-1) ...
Setting up libxml2:amd64 (2.9.1+dfsg1-4) ...
Setting up imagemagick-common (8:6.7.7.10+dfsg-4) ...
Setting up libasound2-data (1.0.28-1) ...
Setting up libasound2:amd64 (1.0.28-1) ...
Setting up libavahi-common-data:amd64 (0.6.31-4) ...
Setting up libavahi-common3:amd64 (0.6.31-4) ...
Setting up libdbus-1-3:amd64 (1.8.6-1) ...
Setting up libavahi-client3:amd64 (0.6.31-4) ...
Setting up libglib2.0-0:amd64 (2.40.0-3) ...
No schema files found: doing nothing.
Setting up libcroco3:amd64 (0.6.8-2) ...
Setting up libcups2:amd64 (1.7.4-4) ...
Setting up libexpat1:amd64 (2.1.0-6) ...
Setting up libogg0:amd64 (1.3.2-1) ...
Setting up libflac8:amd64 (1.3.0-2) ...
Setting up libpng12-0:amd64 (1.2.50-2) ...
Setting up libfreetype6:amd64 (2.5.2-1) ...
Setting up fonts-dejavu-core (2.34-1) ...
Setting up fontconfig-config (2.11.0-5) ...
Setting up libfontconfig1:amd64 (2.11.0-5) ...
Setting up libgif4:amd64 (4.1.6-11) ...
Setting up x11-common (1:7.7+7) ...
update-rc.d: warning: start and stop actions are no longer supported; falling back to defaults
All runlevel operations denied by policy
invoke-rc.d: policy-rc.d denied execution of start.
Setting up libice6:amd64 (2:1.0.9-1) ...
Setting up libicu52:amd64 (52.1-5) ...
Setting up libjpeg8:amd64 (8d1-1) ...
Setting up libjasper1:amd64 (1.900.1-debian1-2) ...
Setting up liblcms2-2:amd64 (2.6-3) ...
Setting up liblqr-1-0:amd64 (0.4.1-2) ...
Setting up libltdl7:amd64 (2.4.2-1.7) ...
Setting up libjbig0:amd64 (2.1-3) ...
Setting up libsm6:amd64 (2:1.2.2-1) ...
Setting up libtiff5:amd64 (4.0.3-10) ...
Setting up libxau6:amd64 (1:1.0.8-1) ...
Setting up libxdmcp6:amd64 (1:1.1.1-1) ...
Setting up libxcb1:amd64 (1.10-3) ...
Setting up libx11-data (2:1.6.2-2) ...
Setting up libx11-6:amd64 (2:1.6.2-2) ...
Setting up libxext6:amd64 (2:1.3.2-1) ...
Setting up libxt6:amd64 (1:1.1.4-1) ...
Setting up libmagickcore5:amd64 (8:6.7.7.10+dfsg-4) ...
Setting up libmagickwand5:amd64 (8:6.7.7.10+dfsg-4) ...
Setting up libvorbis0a:amd64 (1.3.2-1.4) ...
Setting up libvorbisenc2:amd64 (1.3.2-1.4) ...
Setting up libsndfile1:amd64 (1.0.25-9) ...
Setting up libunistring0:amd64 (0.9.3-5.2) ...
Setting up libxslt1.1:amd64 (1.1.28-2) ...
Setting up libflite1:amd64 (1.4-release-11) ...
Setting up file (1:5.19-1) ...
Setting up gettext-base (0.19.2-1) ...
Setting up autotools-dev (20140510.1) ...
Setting up openssl (1.0.1h-3) ...
Setting up ca-certificates (20140325) ...
Setting up gettext (0.19.2-1) ...
Setting up intltool-debian (0.35.0+20060710.1) ...
Setting up po-debconf (1.0.16+nmu3) ...
Setting up debhelper (9.20140613) ...
Setting up gnustep-common (2.6.6-2) ...
Setting up gnustep-base-common (1.24.6-2) ...
Setting up libgnustep-base1.24 (1.24.6-2) ...
Setting up gnustep-base-runtime (1.24.6-2) ...
All runlevel operations denied by policy
invoke-rc.d: policy-rc.d denied execution of start.
Setting up gnustep-gui-common (0.24.0-2) ...
Setting up libao-common (1.1.0-2) ...
Setting up libao4 (1.1.0-2) ...
Setting up libaspell15 (0.60.7~20110707-1) ...
Setting up libgnustep-gui0.24 (0.24.0-2) ...
Setting up gnustep-gui-runtime (0.24.0-2) ...
Setting up gobjc-4.9 (4.9.1-4) ...
Setting up gobjc (4:4.9.1-1) ...
Setting up gnustep-make (2.6.6-2) ...
Setting up hicolor-icon-theme (0.13-1) ...
Setting up imagemagick (8:6.7.7.10+dfsg-4) ...
update-alternatives: using /usr/bin/compare.im6 to provide /usr/bin/compare (compare) in auto mode
update-alternatives: using /usr/bin/animate.im6 to provide /usr/bin/animate (animate) in auto mode
update-alternatives: using /usr/bin/convert.im6 to provide /usr/bin/convert (convert) in auto mode
update-alternatives: using /usr/bin/composite.im6 to provide /usr/bin/composite (composite) in auto mode
update-alternatives: using /usr/bin/conjure.im6 to provide /usr/bin/conjure (conjure) in auto mode
update-alternatives: using /usr/bin/import.im6 to provide /usr/bin/import (import) in auto mode
update-alternatives: using /usr/bin/identify.im6 to provide /usr/bin/identify (identify) in auto mode
update-alternatives: using /usr/bin/stream.im6 to provide /usr/bin/stream (stream) in auto mode
update-alternatives: using /usr/bin/display.im6 to provide /usr/bin/display (display) in auto mode
update-alternatives: using /usr/bin/montage.im6 to provide /usr/bin/montage (montage) in auto mode
update-alternatives: using /usr/bin/mogrify.im6 to provide /usr/bin/mogrify (mogrify) in auto mode
Setting up libgnustep-base-dev (1.24.6-2) ...
Setting up libgnustep-gui-dev (0.24.0-2) ...
Setting up librsskit0 (0.3-2+b1) ...
Setting up librsskit-dev (0.3-2+b1) ...
Setting up sbuild-build-depends-grr.app-dummy (0.invalid.0) ...
Processing triggers for libc-bin (2.19-7) ...
Processing triggers for ca-certificates (20140325) ...
Updating certificates in /etc/ssl/certs... 168 added, 0 removed; done.
Running hooks in /etc/ca-certificates/update.d....done.

┌──────────────────────────────────────────────────────────────────────────────┐
│ Build environment                                                            │
└──────────────────────────────────────────────────────────────────────────────┘

Kernel: Linux 2.6.32-5-xen-amd64 amd64 (x86_64)
Toolchain package versions: binutils_2.24.51.20140727-1 dpkg-dev_1.17.10 g++-4.6_4.6.4-7 g++-4.9_4.9.1-4 gcc-4.6_4.6.4-7 gcc-4.7_4.7.4-2 gcc-4.9_4.9.1-4 libc6-dev_2.19-7 libstdc++-4.9-dev_4.9.1-4 libstdc++6_4.9.1-4 libstdc++6-4.6-dev_4.6.4-7 linux-libc-dev_3.14.13-2
Package versions: apt_1.0.6 autotools-dev_20140510.1 base-files_7.5 base-passwd_3.5.33 bash_4.3-8 binutils_2.24.51.20140727-1 bsdmainutils_9.0.5 bsdutils_1:2.20.1-5.8 build-essential_11.6 bzip2_1.0.6-7 ca-certificates_20140325 clang-3.5_1:3.5~+rc1-2 coreutils_8.21-1.2 cpp_4:4.9.1-1 cpp-4.6_4.6.4-7 cpp-4.7_4.7.4-2 cpp-4.9_4.9.1-4 dash_0.5.7-4 debconf_1.5.53 debconf-i18n_1.5.53 debfoster_2.7-1.2 debhelper_9.20140613 debian-archive-keyring_2012.4 debianutils_4.4 diffutils_1:3.3-1 dpkg_1.17.10 dpkg-dev_1.17.10 e2fslibs_1.42.11-2 e2fsprogs_1.42.11-2 fakeroot_1.20.1-1 file_1:5.19-1 findutils_4.4.2-9 fontconfig-config_2.11.0-5 fonts-dejavu-core_2.34-1 g++_4:4.9.1-1 g++-4.6_4.6.4-7 g++-4.9_4.9.1-4 gcc_4:4.9.1-1 gcc-4.4-base_4.4.7-8 gcc-4.5-base_4.5.4-1 gcc-4.6_4.6.4-7 gcc-4.6-base_4.6.4-7 gcc-4.7_4.7.4-2 gcc-4.7-base_4.7.4-2 gcc-4.8-base_4.8.3-7 gcc-4.9_4.9.1-4 gcc-4.9-base_4.9.1-4 gettext_0.19.2-1 gettext-base_0.19.2-1 gnupg_1.4.18-2 gnustep-base-common_1.24.6-2 gnustep-base-runtime_1.24.6-2 gnustep-common_2.6.6-2 gnustep-gui-common_0.24.0-2 gnustep-gui-runtime_0.24.0-2 gnustep-make_2.6.6-2 gobjc_4:4.9.1-1 gobjc-4.9_4.9.1-4 gpgv_1.4.18-2 grep_2.18-2 groff-base_1.22.2-6 gzip_1.6-3 hicolor-icon-theme_0.13-1 hostname_3.15 imagemagick_8:6.7.7.10+dfsg-4 imagemagick-common_8:6.7.7.10+dfsg-4 init_1.20 initscripts_2.88dsf-53.2 insserv_1.14.0-5 intltool-debian_0.35.0+20060710.1 libacl1_2.2.52-1 libao-common_1.1.0-2 libao4_1.1.0-2 libapt-pkg4.12_1.0.6 libarchive-extract-perl_0.72-1 libasan1_4.9.1-4 libasound2_1.0.28-1 libasound2-data_1.0.28-1 libaspell15_0.60.7~20110707-1 libasprintf0c2_0.19.2-1 libatomic1_4.9.1-4 libattr1_1:2.4.47-1 libaudit-common_1:2.3.7-1 libaudit1_1:2.3.7-1 libavahi-client3_0.6.31-4 libavahi-common-data_0.6.31-4 libavahi-common3_0.6.31-4 libblkid1_2.20.1-5.8 libbsd0_0.7.0-1 libbz2-1.0_1.0.6-7 libc-bin_2.19-7 libc-dev-bin_2.19-7 libc6_2.19-7 libc6-dev_2.19-7 libcap2_1:2.24-4 libcilkrts5_4.9.1-4 libclang-common-3.5-dev_1:3.5~+rc1-2 libclang1-3.5_1:3.5~+rc1-2 libclass-isa-perl_0.36-5 libcloog-isl4_0.18.2-1 libcloog-ppl1_0.16.1-5 libcomerr2_1.42.11-2 libcroco3_0.6.8-2 libcups2_1.7.4-4 libdb5.1_5.1.29-5 libdb5.3_5.3.28-5 libdbus-1-3_1.8.6-1 libdebconfclient0_0.191 libdpkg-perl_1.17.10 libedit2_3.1-20140620-1 libexpat1_2.1.0-6 libfakeroot_1.20.1-1 libffi6_3.1-2 libfile-fcntllock-perl_0.22-1 libflac8_1.3.0-2 libflite1_1.4-release-11 libfontconfig1_2.11.0-5 libfreetype6_2.5.2-1 libgc1c2_1:7.2d-6.2 libgcc-4.7-dev_4.7.4-2 libgcc-4.9-dev_4.9.1-4 libgcc1_1:4.9.1-4 libgcrypt11_1.5.3-5 libgdbm3_1.8.3-13 libgif4_4.1.6-11 libglib2.0-0_2.40.0-3 libgmp10_2:6.0.0+dfsg-4 libgmpxx4ldbl_2:6.0.0+dfsg-4 libgnustep-base-dev_1.24.6-2 libgnustep-base1.24_1.24.6-2 libgnustep-gui-dev_0.24.0-2 libgnustep-gui0.24_0.24.0-2 libgnutls-deb0-28_3.2.16-1 libgomp1_4.9.1-4 libgpg-error0_1.13-2 libgpm2_1.20.4-6.1 libgssapi-krb5-2_1.12.1+dfsg-6 libhogweed2_2.7.1-3 libice6_2:1.0.9-1 libicu52_52.1-5 libisl10_0.12.2-2 libitm1_4.9.1-4 libjasper1_1.900.1-debian1-2 libjbig0_2.1-3 libjpeg8_8d1-1 libk5crypto3_1.12.1+dfsg-6 libkeyutils1_1.5.9-5 libkrb5-3_1.12.1+dfsg-6 libkrb5support0_1.12.1+dfsg-6 liblcms2-2_2.6-3 libllvm3.5_1:3.5~+rc1-2 liblocale-gettext-perl_1.05-8 liblog-message-perl_0.8-1 liblog-message-simple-perl_0.10-2 liblqr-1-0_0.4.1-2 liblsan0_4.9.1-4 libltdl7_2.4.2-1.7 liblzma5_5.1.1alpha+20120614-2 libmagic1_1:5.19-1 libmagickcore5_8:6.7.7.10+dfsg-4 libmagickwand5_8:6.7.7.10+dfsg-4 libmodule-pluggable-perl_5.1-1 libmount1_2.20.1-5.8 libmpc2_0.9-4 libmpc3_1.0.2-1 libmpfr4_3.1.2-1 libncurses5_5.9+20140712-2 libnettle4_2.7.1-3 libobjc-4.9-dev_4.9.1-4 libobjc4_4.9.1-4 libogg0_1.3.2-1 libp11-kit0_0.20.2-5 libpam-modules_1.1.8-3 libpam-modules-bin_1.1.8-3 libpam-runtime_1.1.8-3 libpam0g_1.1.8-3 libpcre3_1:8.35-3 libpipeline1_1.3.0-1 libpng12-0_1.2.50-2 libpod-latex-perl_0.61-1 libppl-c4_1:1.1-3 libppl13_1:1.1-3 libquadmath0_4.9.1-4 libreadline6_6.3-8 librsskit-dev_0.3-2+b1 librsskit0_0.3-2+b1 libselinux1_2.3-1 libsemanage-common_2.3-1 libsemanage1_2.3-1 libsepol1_2.3-1 libslang2_2.2.4-17 libsm6_2:1.2.2-1 libsndfile1_1.0.25-9 libss2_1.42.11-2 libssl1.0.0_1.0.1h-3 libstdc++-4.9-dev_4.9.1-4 libstdc++6_4.9.1-4 libstdc++6-4.6-dev_4.6.4-7 libswitch-perl_2.17-1 libtasn1-6_4.0-2 libterm-ui-perl_0.42-1 libtext-charwidth-perl_0.04-7+b2 libtext-iconv-perl_1.7-5+b1 libtext-soundex-perl_3.4-1+b1 libtext-wrapi18n-perl_0.06-7 libtiff5_4.0.3-10 libtimedate-perl_2.3000-2 libtinfo5_5.9+20140712-2 libtsan0_4.9.1-4 libubsan0_4.9.1-4 libunistring0_0.9.3-5.2 libusb-0.1-4_2:0.1.12-24 libustr-1.0-1_1.0.4-3 libuuid1_2.20.1-5.8 libvorbis0a_1.3.2-1.4 libvorbisenc2_1.3.2-1.4 libx11-6_2:1.6.2-2 libx11-data_2:1.6.2-2 libxau6_1:1.0.8-1 libxcb1_1.10-3 libxdmcp6_1:1.1.1-1 libxext6_2:1.3.2-1 libxml2_2.9.1+dfsg1-4 libxslt1.1_1.1.28-2 libxt6_1:1.1.4-1 linux-libc-dev_3.14.13-2 login_1:4.2-2 lsb-base_4.1+Debian13 make_4.0-8 man-db_2.6.7.1-1 mawk_1.3.3-17 mount_2.20.1-5.8 multiarch-support_2.19-7 ncurses-base_5.9+20140712-2 ncurses-bin_5.9+20140712-2 openssl_1.0.1h-3 passwd_1:4.2-2 patch_2.7.1-5 perl_5.18.2-7 perl-base_5.18.2-7 perl-modules_5.18.2-7 po-debconf_1.0.16+nmu3 readline-common_6.3-8 rename_0.20-3 sbuild-build-depends-core-dummy_0.invalid.0 sbuild-build-depends-grr.app-dummy_0.invalid.0 sed_4.2.2-4 sensible-utils_0.0.9 startpar_0.59-3 sudo_1.8.9p5-1 sysv-rc_2.88dsf-53.2 sysvinit_2.88dsf-53.2 sysvinit-core_2.88dsf-53.2 sysvinit-utils_2.88dsf-53.2 tar_1.27.1-2 tzdata_2014e-1 ucf_3.0030 util-linux_2.20.1-5.8 vim_2:7.4.335-1 vim-common_2:7.4.335-1 vim-runtime_2:7.4.335-1 x11-common_1:7.7+7 xz-utils_5.1.1alpha+20120614-2 zlib1g_1:1.2.8.dfsg-1

┌──────────────────────────────────────────────────────────────────────────────┐
│ Build                                                                        │
└──────────────────────────────────────────────────────────────────────────────┘


Unpack source
─────────────

gpgv: keyblock resource `/sbuild-nonexistent/.gnupg/trustedkeys.gpg': file open error
gpgv: Signature made Tue Jun  5 13:52:09 2012 UTC using DSA key ID 1557BC10
gpgv: Can't check signature: public key not found
dpkg-source: warning: failed to verify signature on ./grr.app_0.9.0-1.dsc
dpkg-source: info: extracting grr.app in grr.app-0.9.0
dpkg-source: info: unpacking grr.app_0.9.0.orig.tar.gz
dpkg-source: info: unpacking grr.app_0.9.0-1.debian.tar.gz

Check disc space
────────────────

Sufficient free space for build

Hack binNMU version
───────────────────

Created changelog entry for binNMU version 0.9.0-1clang1

User Environment
────────────────

DEB_BUILD_OPTIONS=parallel=10
HOME=/sbuild-nonexistent
LOGNAME=user
PATH=/usr/local/sbin:/usr/local/bin:/usr/sbin:/usr/bin:/sbin:/bin:/usr/games
SCHROOT_ALIAS_NAME=unstable-amd64-sbuild
SCHROOT_CHROOT_NAME=unstable-amd64-sbuild
SCHROOT_COMMAND=env
SCHROOT_GID=1000
SCHROOT_GROUP=user
SCHROOT_SESSION_ID=unstable-amd64-sbuild-48758fee-80ef-4e28-8ba6-2aa0fc1aa539
SCHROOT_UID=1000
SCHROOT_USER=user
SHELL=/bin/sh
USER=user

dpkg-buildpackage
─────────────────

dpkg-buildpackage: source package grr.app
dpkg-buildpackage: source version 0.9.0-1clang1
dpkg-buildpackage: source distribution unstable
 dpkg-source --before-build grr.app-0.9.0
dpkg-buildpackage: host architecture amd64
 fakeroot debian/rules clean
dh_testdir
dh_testroot
/usr/bin/make distclean
make[1]: Entering directory '/«PKGBUILDDIR»'
This is gnustep-make 2.6.6. Type 'make print-gnustep-make-help' for help.
rm -rf ./*~ ./obj
(cd .; \
rm -rf    *.app)
Making clean in Components ...
rm -rf ./*~ ./obj
Making clean in ArticleTable ...
rm -rf ./*~ ./obj
(cd .; \
rm -rf   ArticleTable.grrc)
Making clean in ArticleView ...
rm -rf ./*~ ./obj
(cd .; \
rm -rf   ArticleView.grrc)
Making clean in DatabaseTreeView ...
rm -rf ./*~ ./obj
(cd .; \
rm -rf   DatabaseTreeView.grrc)
Making clean in Proxy ...
rm -rf ./*~ ./obj
(cd .; \
rm -rf   Proxy.grrc)
Making clean in Fonts ...
rm -rf ./*~ ./obj
(cd .; \
rm -rf   Fonts.grrc)
Making clean in TreeDatabase ...
rm -rf ./*~ ./obj
(cd .; \
rm -rf   TreeDatabase.grrdb)
Making clean in DatabaseOperations ...
rm -rf ./*~ ./obj
(cd .; \
rm -rf   DatabaseOperations.grrc)
Making clean in ArticleOperations ...
rm -rf ./*~ ./obj
(cd .; \
rm -rf   ArticleOperations.grrc)
Making clean in SubscriptionPanel ...
rm -rf ./*~ ./obj
(cd .; \
rm -rf   SubscriptionPanel.grrc)
Making clean in Searching ...
rm -rf ./*~ ./obj
(cd .; \
rm -rf   Searching.grrc)
Making distclean in Components ...
Making distclean in ArticleTable ...
make[3]: Nothing to be done for 'distclean'.
Making distclean in ArticleView ...
make[3]: Nothing to be done for 'distclean'.
Making distclean in DatabaseTreeView ...
make[3]: Nothing to be done for 'distclean'.
Making distclean in Proxy ...
make[3]: Nothing to be done for 'distclean'.
Making distclean in Fonts ...
make[3]: Nothing to be done for 'distclean'.
Making distclean in TreeDatabase ...
make[3]: Nothing to be done for 'distclean'.
Making distclean in DatabaseOperations ...
make[3]: Nothing to be done for 'distclean'.
Making distclean in ArticleOperations ...
make[3]: Nothing to be done for 'distclean'.
Making distclean in SubscriptionPanel ...
make[3]: Nothing to be done for 'distclean'.
Making distclean in Searching ...
make[3]: Nothing to be done for 'distclean'.
make[1]: Leaving directory '/«PKGBUILDDIR»'
dh_clean Grr.xpm
dpkg-buildpackage: warning: debian/rules must be updated to support the 'build-arch' and 'build-indep' targets (at least 'build-arch' seems to be missing)
 debian/rules build
dh_testdir
/usr/bin/make  CPPFLAGS="-D_FORTIFY_SOURCE=2" OBJCFLAGS="-g -O2 -fstack-protector --param=ssp-buffer-size=4 -Wformat -Werror=format-security" \
  LDFLAGS="-Wl,-z,relro -Wl,--as-needed" messages=yes
make[1]: Entering directory '/«PKGBUILDDIR»'
This is gnustep-make 2.6.6. Type 'make print-gnustep-make-help' for help.
cd .; \
/usr/share/GNUstep/Makefiles/mkinstalldirs ./obj
Making all for app Grr...
cd .; \
/usr/share/GNUstep/Makefiles/mkinstalldirs ./obj/Grr.obj/
/usr/share/GNUstep/Makefiles/mkinstalldirs Grr.app/.
gcc AppController.m -c \
      -MMD -MP -D_FORTIFY_SOURCE=2 -DGNUSTEP -DGNUSTEP_BASE_LIBRARY=1 -DGNU_GUI_LIBRARY=1 -DGNU_RUNTIME=1 -DGNUSTEP_BASE_LIBRARY=1 -fno-strict-aliasing -fexceptions -fobjc-exceptions -D_NATIVE_OBJC_EXCEPTIONS -pthread -fPIC -Wall -DGSWARN -DGSDIAGNOSE -Wno-import -g -O2 -g -O2 -fstack-protector --param=ssp-buffer-size=4 -Wformat -Werror=format-security -fgnu-runtime -fconstant-string-class=NSConstantString -fexec-charset=UTF-8 -I../../libs/RSSKit/ -I. -I/usr/local/include/GNUstep -I/usr/include/GNUstep \
       -o obj/Grr.obj/AppController.m.o
clang: error: unknown argument: '-fexec-charset=UTF-8'
make[4]: *** [obj/Grr.obj/AppController.m.o] Error 1
/usr/share/GNUstep/Makefiles/rules.make:468: recipe for target 'obj/Grr.obj/AppController.m.o' failed
make[3]: *** [internal-app-run-compile-submake] Error 2
/usr/share/GNUstep/Makefiles/Instance/application.make:145: recipe for target 'internal-app-run-compile-submake' failed
make[2]: *** [Grr.all.app.variables] Error 2
make[1]: *** [internal-all] Error 2
/usr/share/GNUstep/Makefiles/Master/rules.make:298: recipe for target 'Grr.all.app.variables' failed
/usr/share/GNUstep/Makefiles/Master/application.make:38: recipe for target 'internal-all' failed
make[1]: Leaving directory '/«PKGBUILDDIR»'
make: *** [build-stamp] Error 2
debian/rules:23: recipe for target 'build-stamp' failed
dpkg-buildpackage: error: debian/rules build gave error exit status 2
────────────────────────────────────────────────────────────────────────────────
Build finished at 20140806-1655

Finished
────────

E: Build failure (dpkg-buildpackage died)

┌──────────────────────────────────────────────────────────────────────────────┐
│ Cleanup                                                                      │
└──────────────────────────────────────────────────────────────────────────────┘

Purging /«BUILDDIR»
Not cleaning session: cloned chroot in use

┌──────────────────────────────────────────────────────────────────────────────┐
│ Summary                                                                      │
└──────────────────────────────────────────────────────────────────────────────┘

Build Architecture: amd64
Build-Space: 2992
Build-Time: 5
Distribution: unstable
Fail-Stage: build
Host Architecture: amd64
Install-Time: 29
Job: grr.app_0.9.0-1
Machine Architecture: amd64
Package: grr.app
Package-Time: 65
Source-Version: 0.9.0-1
Space: 2992
Status: attempted
Version: 0.9.0-1clang1
────────────────────────────────────────────────────────────────────────────────
Finished at 20140806-1655
Build needed 00:01:05, 2992k disc space
DC-Status: Failed 65.50511371s
DC-Time-Estimation: 65.50511371 versus expected 237 (r/m: 2.6180381435445033 ; m: 65.50511371)
