DC-Build-Header: moria 5.6.debian.1-1 / 2014-08-06 17:05:52 +0000
DC-Task: source:moria version:5.6.debian.1-1 architecture:any chroot:unstable esttime:166 logfile:/tmp/moria_5.6.debian.1-1_unstable_clang.log modes:binary-only:parallel:clang
DC-Sbuild-call: su user -c 'sbuild -n --apt-update -d unstable -v  --chroot-setup-commands=/tmp/switch-to-clang --append-to-version "clang1" --maintainer "Lucas Nussbaum <lucas@debian.org>" --uploader "Lucas Nussbaum <lucas@debian.org>" moria_5.6.debian.1-1'
sbuild (Debian sbuild) 0.63.2 (18 Aug 2012) on ip-172-31-4-156.us-west-2.compute.internal

╔══════════════════════════════════════════════════════════════════════════════╗
║ moria 5.6.debian.1-1clang1 (amd64)                         06 Aug 2014 17:05 ║
╚══════════════════════════════════════════════════════════════════════════════╝

Package: moria
Version: 5.6.debian.1-1clang1
Source Version: 5.6.debian.1-1
Distribution: unstable
Machine Architecture: amd64
Host Architecture: amd64
Build Architecture: amd64

I: NOTICE: Log filtering will replace 'build/moria-1T97Sf/moria-5.6.debian.1' with '«PKGBUILDDIR»'
I: NOTICE: Log filtering will replace 'build/moria-1T97Sf' with '«BUILDDIR»'
I: NOTICE: Log filtering will replace 'var/lib/schroot/mount/unstable-amd64-sbuild-06c0e467-625e-4d6b-a40d-8490565ff809' with '«CHROOT»'

┌──────────────────────────────────────────────────────────────────────────────┐
│ Update chroot                                                                │
└──────────────────────────────────────────────────────────────────────────────┘

Get:1 http://localhost:9999 unstable InRelease [222 kB]
Get:2 http://localhost:9999 unstable/main Sources/DiffIndex [7876 B]
Get:3 http://localhost:9999 unstable/main amd64 Packages/DiffIndex [7876 B]
Get:4 http://localhost:9999 unstable/main Translation-en/DiffIndex [7876 B]
Get:5 http://localhost:9999 unstable/main 2014-08-05-2057.28.pdiff [14.9 kB]
Get:6 http://localhost:9999 unstable/main 2014-08-06-0254.22.pdiff [10.4 kB]
Get:7 http://localhost:9999 unstable/main 2014-08-06-0856.40.pdiff [5699 B]
Get:8 http://localhost:9999 unstable/main amd64 2014-08-05-2057.28.pdiff [80.7 kB]
Get:9 http://localhost:9999 unstable/main 2014-08-06-0856.40.pdiff [5699 B]
Get:10 http://localhost:9999 unstable/main amd64 2014-08-06-0254.22.pdiff [18.7 kB]
Get:11 http://localhost:9999 unstable/main amd64 2014-08-06-0856.40.pdiff [5647 B]
Get:12 http://localhost:9999 unstable/main 2014-08-05-2057.28.pdiff [2013 B]
Get:13 http://localhost:9999 unstable/main 2014-08-06-0254.22.pdiff [375 B]
Get:14 http://localhost:9999 unstable/main 2014-08-06-0856.40.pdiff [33 B]
Get:15 http://localhost:9999 unstable/main amd64 2014-08-06-0856.40.pdiff [5647 B]
Get:16 http://localhost:9999 unstable/main 2014-08-06-0856.40.pdiff [33 B]
Fetched 384 kB in 5s (72.6 kB/s)
Reading package lists...
Reading package lists...
Building dependency tree...
Reading state information...
0 upgraded, 0 newly installed, 0 to remove and 0 not upgraded.

┌──────────────────────────────────────────────────────────────────────────────┐
│ Fetch source files                                                           │
└──────────────────────────────────────────────────────────────────────────────┘


Check APT
─────────

Checking available source versions...

Download source files with APT
──────────────────────────────

Reading package lists...
Building dependency tree...
Reading state information...
Need to get 602 kB of source archives.
Get:1 http://localhost:9999/debian/ unstable/main moria 5.6.debian.1-1 (dsc) [1034 B]
Get:2 http://localhost:9999/debian/ unstable/main moria 5.6.debian.1-1 (tar) [570 kB]
Get:3 http://localhost:9999/debian/ unstable/main moria 5.6.debian.1-1 (diff) [31.0 kB]
Fetched 602 kB in 1s (345 kB/s)
Download complete and in download only mode

Check arch
──────────


┌──────────────────────────────────────────────────────────────────────────────┐
│ Chroot Setup Commands                                                        │
└──────────────────────────────────────────────────────────────────────────────┘


/tmp/switch-to-clang
────────────────────

+ echo 'Entering customization script...'
Entering customization script...
+ echo 'Install of clang-3.5'
Install of clang-3.5
+ apt-get update
Hit http://localhost:9999 unstable InRelease
Hit http://localhost:9999 unstable/main Sources/DiffIndex
Hit http://localhost:9999 unstable/main amd64 Packages/DiffIndex
Hit http://localhost:9999 unstable/main Translation-en/DiffIndex
Reading package lists...
+ apt-get install --yes --no-install-recommends --force-yes clang-3.5
Reading package lists...
Building dependency tree...
Reading state information...
The following extra packages will be installed:
  libbsd0 libclang-common-3.5-dev libclang1-3.5 libedit2 libffi6 libllvm3.5
  libobjc-4.9-dev libobjc4
Suggested packages:
  gnustep gnustep-devel clang-3.5-doc
Recommended packages:
  llvm-3.5-dev python
The following NEW packages will be installed:
  clang-3.5 libbsd0 libclang-common-3.5-dev libclang1-3.5 libedit2 libffi6
  libllvm3.5 libobjc-4.9-dev libobjc4
0 upgraded, 9 newly installed, 0 to remove and 0 not upgraded.
Need to get 33.1 MB of archives.
After this operation, 132 MB of additional disk space will be used.
Get:1 http://localhost:9999/debian/ unstable/main libbsd0 amd64 0.7.0-1 [67.7 kB]
Get:2 http://localhost:9999/debian/ unstable/main libedit2 amd64 3.1-20140620-1 [77.0 kB]
Get:3 http://localhost:9999/debian/ unstable/main libffi6 amd64 3.1-2 [19.8 kB]
Get:4 http://localhost:9999/debian/ unstable/main libllvm3.5 amd64 1:3.5~+rc1-2 [7624 kB]
Get:5 http://localhost:9999/debian/ unstable/main libobjc4 amd64 4.9.1-4 [112 kB]
Get:6 http://localhost:9999/debian/ unstable/main libobjc-4.9-dev amd64 4.9.1-4 [371 kB]
Get:7 http://localhost:9999/debian/ unstable/main libclang1-3.5 amd64 1:3.5~+rc1-2 [3630 kB]
Get:8 http://localhost:9999/debian/ unstable/main libclang-common-3.5-dev amd64 1:3.5~+rc1-2 [678 kB]
Get:9 http://localhost:9999/debian/ unstable/main clang-3.5 amd64 1:3.5~+rc1-2 [20.5 MB]
debconf: delaying package configuration, since apt-utils is not installed
Fetched 33.1 MB in 1s (33.0 MB/s)
Selecting previously unselected package libbsd0:amd64.
(Reading database ... 14246 files and directories currently installed.)
Preparing to unpack .../libbsd0_0.7.0-1_amd64.deb ...
Unpacking libbsd0:amd64 (0.7.0-1) ...
Selecting previously unselected package libedit2:amd64.
Preparing to unpack .../libedit2_3.1-20140620-1_amd64.deb ...
Unpacking libedit2:amd64 (3.1-20140620-1) ...
Selecting previously unselected package libffi6:amd64.
Preparing to unpack .../libffi6_3.1-2_amd64.deb ...
Unpacking libffi6:amd64 (3.1-2) ...
Selecting previously unselected package libllvm3.5:amd64.
Preparing to unpack .../libllvm3.5_1%3a3.5~+rc1-2_amd64.deb ...
Unpacking libllvm3.5:amd64 (1:3.5~+rc1-2) ...
Selecting previously unselected package libobjc4:amd64.
Preparing to unpack .../libobjc4_4.9.1-4_amd64.deb ...
Unpacking libobjc4:amd64 (4.9.1-4) ...
Selecting previously unselected package libobjc-4.9-dev:amd64.
Preparing to unpack .../libobjc-4.9-dev_4.9.1-4_amd64.deb ...
Unpacking libobjc-4.9-dev:amd64 (4.9.1-4) ...
Selecting previously unselected package libclang1-3.5:amd64.
Preparing to unpack .../libclang1-3.5_1%3a3.5~+rc1-2_amd64.deb ...
Unpacking libclang1-3.5:amd64 (1:3.5~+rc1-2) ...
Selecting previously unselected package libclang-common-3.5-dev.
Preparing to unpack .../libclang-common-3.5-dev_1%3a3.5~+rc1-2_amd64.deb ...
Unpacking libclang-common-3.5-dev (1:3.5~+rc1-2) ...
Selecting previously unselected package clang-3.5.
Preparing to unpack .../clang-3.5_1%3a3.5~+rc1-2_amd64.deb ...
Unpacking clang-3.5 (1:3.5~+rc1-2) ...
Setting up libbsd0:amd64 (0.7.0-1) ...
Setting up libedit2:amd64 (3.1-20140620-1) ...
Setting up libffi6:amd64 (3.1-2) ...
Setting up libllvm3.5:amd64 (1:3.5~+rc1-2) ...
Setting up libobjc4:amd64 (4.9.1-4) ...
Setting up libobjc-4.9-dev:amd64 (4.9.1-4) ...
Setting up libclang1-3.5:amd64 (1:3.5~+rc1-2) ...
Setting up libclang-common-3.5-dev (1:3.5~+rc1-2) ...
Setting up clang-3.5 (1:3.5~+rc1-2) ...
Processing triggers for libc-bin (2.19-7) ...
+ echo 'Replace gcc, g++ & cpp by clang'
Replace gcc, g++ & cpp by clang
+ VERSIONS='4.6 4.7 4.8 4.9'
+ cd /usr/bin
+ for VERSION in '$VERSIONS'
+ rm -f g++-4.6 gcc-4.6 cpp-4.6
+ ln -s clang++ g++-4.6
+ ln -s clang gcc-4.6
+ ln -s clang cpp-4.6
+ echo 'gcc-4.6 hold'
+ dpkg --set-selections
+ echo 'g++-4.6 hold'
+ dpkg --set-selections
+ for VERSION in '$VERSIONS'
+ rm -f g++-4.7 gcc-4.7 cpp-4.7
+ ln -s clang++ g++-4.7
+ ln -s clang gcc-4.7
+ ln -s clang cpp-4.7
+ echo 'gcc-4.7 hold'
+ dpkg --set-selections
+ echo 'g++-4.7 hold'
+ dpkg --set-selections
+ for VERSION in '$VERSIONS'
+ rm -f g++-4.8 gcc-4.8 cpp-4.8
+ ln -s clang++ g++-4.8
+ ln -s clang gcc-4.8
+ ln -s clang cpp-4.8
+ echo 'gcc-4.8 hold'
+ dpkg --set-selections
dpkg: warning: package not in database at line 1: gcc-4.8
dpkg: warning: found unknown packages; this might mean the available database
is outdated, and needs to be updated through a frontend method
+ echo 'g++-4.8 hold'
+ dpkg --set-selections
dpkg: warning: package not in database at line 1: g++-4.8
dpkg: warning: found unknown packages; this might mean the available database
is outdated, and needs to be updated through a frontend method
+ for VERSION in '$VERSIONS'
+ rm -f g++-4.9 gcc-4.9 cpp-4.9
+ ln -s clang++ g++-4.9
+ ln -s clang gcc-4.9
+ ln -s clang cpp-4.9
+ echo 'gcc-4.9 hold'
+ dpkg --set-selections
+ echo 'g++-4.9 hold'
+ dpkg --set-selections
+ cd -
/«BUILDDIR»
+ echo 'Check if gcc, g++ & cpp are actually clang'
Check if gcc, g++ & cpp are actually clang
+ gcc --version
+ grep clang
+ cpp --version
+ grep clang
+ g++ --version
+ grep clang

I: Finished running '/tmp/switch-to-clang'.

Finished processing commands.
────────────────────────────────────────────────────────────────────────────────
Merged Build-Depends: build-essential, fakeroot
Filtered Build-Depends: build-essential, fakeroot
dpkg-deb: building package `sbuild-build-depends-core-dummy' in `/«BUILDDIR»/resolver-zplZ4H/apt_archive/sbuild-build-depends-core-dummy.deb'.
OK
Reading package lists...

┌──────────────────────────────────────────────────────────────────────────────┐
│ Install core build dependencies (apt-based resolver)                         │
└──────────────────────────────────────────────────────────────────────────────┘

Installing build dependencies
Reading package lists...
Building dependency tree...
Reading state information...
The following NEW packages will be installed:
  sbuild-build-depends-core-dummy
debconf: delaying package configuration, since apt-utils is not installed
0 upgraded, 1 newly installed, 0 to remove and 0 not upgraded.
Need to get 0 B/822 B of archives.
After this operation, 0 B of additional disk space will be used.
Selecting previously unselected package sbuild-build-depends-core-dummy.
(Reading database ... 14457 files and directories currently installed.)
Preparing to unpack .../sbuild-build-depends-core-dummy.deb ...
Unpacking sbuild-build-depends-core-dummy (0.invalid.0) ...
Setting up sbuild-build-depends-core-dummy (0.invalid.0) ...
Merged Build-Depends: base-files, base-passwd, bash, bsdutils, coreutils, dash, debianutils, diffutils, dpkg, e2fsprogs, findutils, grep, gzip, hostname, libc-bin, login, mount, ncurses-base, ncurses-bin, perl-base, sed, sysvinit, sysvinit-utils, tar, util-linux, libc6-dev | libc-dev, gcc (>= 4:4.4.3), g++ (>= 4:4.4.3), make, dpkg-dev (>= 1.13.5), debhelper (>= 7.0.0), libncurses-dev
Filtered Build-Depends: base-files, base-passwd, bash, bsdutils, coreutils, dash, debianutils, diffutils, dpkg, e2fsprogs, findutils, grep, gzip, hostname, libc-bin, login, mount, ncurses-base, ncurses-bin, perl-base, sed, sysvinit, sysvinit-utils, tar, util-linux, libc6-dev, gcc (>= 4:4.4.3), g++ (>= 4:4.4.3), make, dpkg-dev (>= 1.13.5), debhelper (>= 7.0.0), libncurses-dev
dpkg-deb: building package `sbuild-build-depends-moria-dummy' in `/«BUILDDIR»/resolver-zolV7Z/apt_archive/sbuild-build-depends-moria-dummy.deb'.
OK
Reading package lists...

┌──────────────────────────────────────────────────────────────────────────────┐
│ Install moria build dependencies (apt-based resolver)                        │
└──────────────────────────────────────────────────────────────────────────────┘

Installing build dependencies
Reading package lists...
Building dependency tree...
Reading state information...
The following extra packages will be installed:
  bsdmainutils debhelper file gettext gettext-base groff-base intltool-debian
  libasprintf0c2 libcroco3 libglib2.0-0 libmagic1 libncurses5-dev libpipeline1
  libtinfo-dev libunistring0 libxml2 man-db po-debconf
Suggested packages:
  wamerican wordlist whois vacation dh-make gettext-doc groff ncurses-doc less
  www-browser libmail-box-perl
Recommended packages:
  curl wget lynx-cur autopoint libasprintf-dev libgettextpo-dev
  libglib2.0-data shared-mime-info xml-core libmail-sendmail-perl
The following NEW packages will be installed:
  bsdmainutils debhelper file gettext gettext-base groff-base intltool-debian
  libasprintf0c2 libcroco3 libglib2.0-0 libmagic1 libncurses5-dev libpipeline1
  libtinfo-dev libunistring0 libxml2 man-db po-debconf
  sbuild-build-depends-moria-dummy
0 upgraded, 19 newly installed, 0 to remove and 0 not upgraded.
Need to get 8808 kB/8809 kB of archives.
After this operation, 27.9 MB of additional disk space will be used.
Get:1 http://localhost:9999/debian/ unstable/main libpipeline1 amd64 1.3.0-1 [25.8 kB]
Get:2 http://localhost:9999/debian/ unstable/main groff-base amd64 1.22.2-6 [1088 kB]
Get:3 http://localhost:9999/debian/ unstable/main bsdmainutils amd64 9.0.5 [211 kB]
Get:4 http://localhost:9999/debian/ unstable/main man-db amd64 2.6.7.1-1 [990 kB]
Get:5 http://localhost:9999/debian/ unstable/main libasprintf0c2 amd64 0.19.2-1 [30.7 kB]
Get:6 http://localhost:9999/debian/ unstable/main libmagic1 amd64 1:5.19-1 [237 kB]
Get:7 http://localhost:9999/debian/ unstable/main libxml2 amd64 2.9.1+dfsg1-4 [797 kB]
Get:8 http://localhost:9999/debian/ unstable/main libglib2.0-0 amd64 2.40.0-3 [2405 kB]
Get:9 http://localhost:9999/debian/ unstable/main libcroco3 amd64 0.6.8-2 [133 kB]
Get:10 http://localhost:9999/debian/ unstable/main libunistring0 amd64 0.9.3-5.2 [283 kB]
Get:11 http://localhost:9999/debian/ unstable/main file amd64 1:5.19-1 [58.0 kB]
Get:12 http://localhost:9999/debian/ unstable/main gettext-base amd64 0.19.2-1 [121 kB]
Get:13 http://localhost:9999/debian/ unstable/main gettext amd64 0.19.2-1 [1235 kB]
Get:14 http://localhost:9999/debian/ unstable/main intltool-debian all 0.35.0+20060710.1 [30.8 kB]
Get:15 http://localhost:9999/debian/ unstable/main po-debconf all 1.0.16+nmu3 [220 kB]
Get:16 http://localhost:9999/debian/ unstable/main debhelper all 9.20140613 [692 kB]
Get:17 http://localhost:9999/debian/ unstable/main libtinfo-dev amd64 5.9+20140712-2 [76.1 kB]
Get:18 http://localhost:9999/debian/ unstable/main libncurses5-dev amd64 5.9+20140712-2 [174 kB]
debconf: delaying package configuration, since apt-utils is not installed
Fetched 8808 kB in 0s (26.4 MB/s)
Selecting previously unselected package libpipeline1:amd64.
(Reading database ... 14457 files and directories currently installed.)
Preparing to unpack .../libpipeline1_1.3.0-1_amd64.deb ...
Unpacking libpipeline1:amd64 (1.3.0-1) ...
Selecting previously unselected package groff-base.
Preparing to unpack .../groff-base_1.22.2-6_amd64.deb ...
Unpacking groff-base (1.22.2-6) ...
Selecting previously unselected package bsdmainutils.
Preparing to unpack .../bsdmainutils_9.0.5_amd64.deb ...
Unpacking bsdmainutils (9.0.5) ...
Selecting previously unselected package man-db.
Preparing to unpack .../man-db_2.6.7.1-1_amd64.deb ...
Unpacking man-db (2.6.7.1-1) ...
Selecting previously unselected package libasprintf0c2:amd64.
Preparing to unpack .../libasprintf0c2_0.19.2-1_amd64.deb ...
Unpacking libasprintf0c2:amd64 (0.19.2-1) ...
Selecting previously unselected package libmagic1:amd64.
Preparing to unpack .../libmagic1_1%3a5.19-1_amd64.deb ...
Unpacking libmagic1:amd64 (1:5.19-1) ...
Selecting previously unselected package libxml2:amd64.
Preparing to unpack .../libxml2_2.9.1+dfsg1-4_amd64.deb ...
Unpacking libxml2:amd64 (2.9.1+dfsg1-4) ...
Selecting previously unselected package libglib2.0-0:amd64.
Preparing to unpack .../libglib2.0-0_2.40.0-3_amd64.deb ...
Unpacking libglib2.0-0:amd64 (2.40.0-3) ...
Selecting previously unselected package libcroco3:amd64.
Preparing to unpack .../libcroco3_0.6.8-2_amd64.deb ...
Unpacking libcroco3:amd64 (0.6.8-2) ...
Selecting previously unselected package libunistring0:amd64.
Preparing to unpack .../libunistring0_0.9.3-5.2_amd64.deb ...
Unpacking libunistring0:amd64 (0.9.3-5.2) ...
Selecting previously unselected package file.
Preparing to unpack .../file_1%3a5.19-1_amd64.deb ...
Unpacking file (1:5.19-1) ...
Selecting previously unselected package gettext-base.
Preparing to unpack .../gettext-base_0.19.2-1_amd64.deb ...
Unpacking gettext-base (0.19.2-1) ...
Selecting previously unselected package gettext.
Preparing to unpack .../gettext_0.19.2-1_amd64.deb ...
Unpacking gettext (0.19.2-1) ...
Selecting previously unselected package intltool-debian.
Preparing to unpack .../intltool-debian_0.35.0+20060710.1_all.deb ...
Unpacking intltool-debian (0.35.0+20060710.1) ...
Selecting previously unselected package po-debconf.
Preparing to unpack .../po-debconf_1.0.16+nmu3_all.deb ...
Unpacking po-debconf (1.0.16+nmu3) ...
Selecting previously unselected package debhelper.
Preparing to unpack .../debhelper_9.20140613_all.deb ...
Unpacking debhelper (9.20140613) ...
Selecting previously unselected package libtinfo-dev:amd64.
Preparing to unpack .../libtinfo-dev_5.9+20140712-2_amd64.deb ...
Unpacking libtinfo-dev:amd64 (5.9+20140712-2) ...
Selecting previously unselected package libncurses5-dev:amd64.
Preparing to unpack .../libncurses5-dev_5.9+20140712-2_amd64.deb ...
Unpacking libncurses5-dev:amd64 (5.9+20140712-2) ...
Selecting previously unselected package sbuild-build-depends-moria-dummy.
Preparing to unpack .../sbuild-build-depends-moria-dummy.deb ...
Unpacking sbuild-build-depends-moria-dummy (0.invalid.0) ...
Setting up libpipeline1:amd64 (1.3.0-1) ...
Setting up groff-base (1.22.2-6) ...
Setting up bsdmainutils (9.0.5) ...
update-alternatives: using /usr/bin/bsd-write to provide /usr/bin/write (write) in auto mode
update-alternatives: using /usr/bin/bsd-from to provide /usr/bin/from (from) in auto mode
Setting up man-db (2.6.7.1-1) ...
Not building database; man-db/auto-update is not 'true'.
Setting up libasprintf0c2:amd64 (0.19.2-1) ...
Setting up libmagic1:amd64 (1:5.19-1) ...
Setting up libxml2:amd64 (2.9.1+dfsg1-4) ...
Setting up libglib2.0-0:amd64 (2.40.0-3) ...
No schema files found: doing nothing.
Setting up libcroco3:amd64 (0.6.8-2) ...
Setting up libunistring0:amd64 (0.9.3-5.2) ...
Setting up file (1:5.19-1) ...
Setting up gettext-base (0.19.2-1) ...
Setting up gettext (0.19.2-1) ...
Setting up intltool-debian (0.35.0+20060710.1) ...
Setting up po-debconf (1.0.16+nmu3) ...
Setting up debhelper (9.20140613) ...
Setting up libtinfo-dev:amd64 (5.9+20140712-2) ...
Setting up libncurses5-dev:amd64 (5.9+20140712-2) ...
Setting up sbuild-build-depends-moria-dummy (0.invalid.0) ...
Processing triggers for libc-bin (2.19-7) ...

┌──────────────────────────────────────────────────────────────────────────────┐
│ Build environment                                                            │
└──────────────────────────────────────────────────────────────────────────────┘

Kernel: Linux 2.6.32-5-xen-amd64 amd64 (x86_64)
Toolchain package versions: binutils_2.24.51.20140727-1 dpkg-dev_1.17.10 g++-4.6_4.6.4-7 g++-4.9_4.9.1-4 gcc-4.6_4.6.4-7 gcc-4.7_4.7.4-2 gcc-4.9_4.9.1-4 libc6-dev_2.19-7 libstdc++-4.9-dev_4.9.1-4 libstdc++6_4.9.1-4 libstdc++6-4.6-dev_4.6.4-7 linux-libc-dev_3.14.13-2
Package versions: apt_1.0.6 base-files_7.5 base-passwd_3.5.33 bash_4.3-8 binutils_2.24.51.20140727-1 bsdmainutils_9.0.5 bsdutils_1:2.20.1-5.8 build-essential_11.6 bzip2_1.0.6-7 clang-3.5_1:3.5~+rc1-2 coreutils_8.21-1.2 cpp_4:4.9.1-1 cpp-4.6_4.6.4-7 cpp-4.7_4.7.4-2 cpp-4.9_4.9.1-4 dash_0.5.7-4 debconf_1.5.53 debconf-i18n_1.5.53 debfoster_2.7-1.2 debhelper_9.20140613 debian-archive-keyring_2012.4 debianutils_4.4 diffutils_1:3.3-1 dpkg_1.17.10 dpkg-dev_1.17.10 e2fslibs_1.42.11-2 e2fsprogs_1.42.11-2 fakeroot_1.20.1-1 file_1:5.19-1 findutils_4.4.2-9 g++_4:4.9.1-1 g++-4.6_4.6.4-7 g++-4.9_4.9.1-4 gcc_4:4.9.1-1 gcc-4.4-base_4.4.7-8 gcc-4.5-base_4.5.4-1 gcc-4.6_4.6.4-7 gcc-4.6-base_4.6.4-7 gcc-4.7_4.7.4-2 gcc-4.7-base_4.7.4-2 gcc-4.8-base_4.8.3-7 gcc-4.9_4.9.1-4 gcc-4.9-base_4.9.1-4 gettext_0.19.2-1 gettext-base_0.19.2-1 gnupg_1.4.18-2 gpgv_1.4.18-2 grep_2.18-2 groff-base_1.22.2-6 gzip_1.6-3 hostname_3.15 init_1.20 initscripts_2.88dsf-53.2 insserv_1.14.0-5 intltool-debian_0.35.0+20060710.1 libacl1_2.2.52-1 libapt-pkg4.12_1.0.6 libarchive-extract-perl_0.72-1 libasan1_4.9.1-4 libasprintf0c2_0.19.2-1 libatomic1_4.9.1-4 libattr1_1:2.4.47-1 libaudit-common_1:2.3.7-1 libaudit1_1:2.3.7-1 libblkid1_2.20.1-5.8 libbsd0_0.7.0-1 libbz2-1.0_1.0.6-7 libc-bin_2.19-7 libc-dev-bin_2.19-7 libc6_2.19-7 libc6-dev_2.19-7 libcap2_1:2.24-4 libcilkrts5_4.9.1-4 libclang-common-3.5-dev_1:3.5~+rc1-2 libclang1-3.5_1:3.5~+rc1-2 libclass-isa-perl_0.36-5 libcloog-isl4_0.18.2-1 libcloog-ppl1_0.16.1-5 libcomerr2_1.42.11-2 libcroco3_0.6.8-2 libdb5.1_5.1.29-5 libdb5.3_5.3.28-5 libdebconfclient0_0.191 libdpkg-perl_1.17.10 libedit2_3.1-20140620-1 libfakeroot_1.20.1-1 libffi6_3.1-2 libfile-fcntllock-perl_0.22-1 libgc1c2_1:7.2d-6.2 libgcc-4.7-dev_4.7.4-2 libgcc-4.9-dev_4.9.1-4 libgcc1_1:4.9.1-4 libgdbm3_1.8.3-13 libglib2.0-0_2.40.0-3 libgmp10_2:6.0.0+dfsg-4 libgmpxx4ldbl_2:6.0.0+dfsg-4 libgomp1_4.9.1-4 libgpm2_1.20.4-6.1 libisl10_0.12.2-2 libitm1_4.9.1-4 libllvm3.5_1:3.5~+rc1-2 liblocale-gettext-perl_1.05-8 liblog-message-perl_0.8-1 liblog-message-simple-perl_0.10-2 liblsan0_4.9.1-4 liblzma5_5.1.1alpha+20120614-2 libmagic1_1:5.19-1 libmodule-pluggable-perl_5.1-1 libmount1_2.20.1-5.8 libmpc2_0.9-4 libmpc3_1.0.2-1 libmpfr4_3.1.2-1 libncurses5_5.9+20140712-2 libncurses5-dev_5.9+20140712-2 libobjc-4.9-dev_4.9.1-4 libobjc4_4.9.1-4 libpam-modules_1.1.8-3 libpam-modules-bin_1.1.8-3 libpam-runtime_1.1.8-3 libpam0g_1.1.8-3 libpcre3_1:8.35-3 libpipeline1_1.3.0-1 libpod-latex-perl_0.61-1 libppl-c4_1:1.1-3 libppl13_1:1.1-3 libquadmath0_4.9.1-4 libreadline6_6.3-8 libselinux1_2.3-1 libsemanage-common_2.3-1 libsemanage1_2.3-1 libsepol1_2.3-1 libslang2_2.2.4-17 libss2_1.42.11-2 libstdc++-4.9-dev_4.9.1-4 libstdc++6_4.9.1-4 libstdc++6-4.6-dev_4.6.4-7 libswitch-perl_2.17-1 libterm-ui-perl_0.42-1 libtext-charwidth-perl_0.04-7+b2 libtext-iconv-perl_1.7-5+b1 libtext-soundex-perl_3.4-1+b1 libtext-wrapi18n-perl_0.06-7 libtimedate-perl_2.3000-2 libtinfo-dev_5.9+20140712-2 libtinfo5_5.9+20140712-2 libtsan0_4.9.1-4 libubsan0_4.9.1-4 libunistring0_0.9.3-5.2 libusb-0.1-4_2:0.1.12-24 libustr-1.0-1_1.0.4-3 libuuid1_2.20.1-5.8 libxml2_2.9.1+dfsg1-4 linux-libc-dev_3.14.13-2 login_1:4.2-2 lsb-base_4.1+Debian13 make_4.0-8 man-db_2.6.7.1-1 mawk_1.3.3-17 mount_2.20.1-5.8 multiarch-support_2.19-7 ncurses-base_5.9+20140712-2 ncurses-bin_5.9+20140712-2 passwd_1:4.2-2 patch_2.7.1-5 perl_5.18.2-7 perl-base_5.18.2-7 perl-modules_5.18.2-7 po-debconf_1.0.16+nmu3 readline-common_6.3-8 rename_0.20-3 sbuild-build-depends-core-dummy_0.invalid.0 sbuild-build-depends-moria-dummy_0.invalid.0 sed_4.2.2-4 sensible-utils_0.0.9 startpar_0.59-3 sudo_1.8.9p5-1 sysv-rc_2.88dsf-53.2 sysvinit_2.88dsf-53.2 sysvinit-core_2.88dsf-53.2 sysvinit-utils_2.88dsf-53.2 tar_1.27.1-2 tzdata_2014e-1 ucf_3.0030 util-linux_2.20.1-5.8 vim_2:7.4.335-1 vim-common_2:7.4.335-1 vim-runtime_2:7.4.335-1 xz-utils_5.1.1alpha+20120614-2 zlib1g_1:1.2.8.dfsg-1

┌──────────────────────────────────────────────────────────────────────────────┐
│ Build                                                                        │
└──────────────────────────────────────────────────────────────────────────────┘


Unpack source
─────────────

gpgv: keyblock resource `/sbuild-nonexistent/.gnupg/trustedkeys.gpg': file open error
gpgv: Signature made Thu Oct 31 14:40:24 2013 UTC using DSA key ID 50973B91
gpgv: Can't check signature: public key not found
dpkg-source: warning: failed to verify signature on ./moria_5.6.debian.1-1.dsc
dpkg-source: info: extracting moria in moria-5.6.debian.1
dpkg-source: info: unpacking moria_5.6.debian.1.orig.tar.gz
dpkg-source: info: applying moria_5.6.debian.1-1.diff.gz
dpkg-source: info: upstream files that have been modified: 
 moria-5.6.debian.1/Makefile
 moria-5.6.debian.1/changelog
 moria-5.6.debian.1/doc/faq.2001
 moria-5.6.debian.1/doc/moria.6
 moria-5.6.debian.1/source/config.h
 moria-5.6.debian.1/source/death.c
 moria-5.6.debian.1/source/files.c
 moria-5.6.debian.1/source/io.c
 moria-5.6.debian.1/source/misc3.c
 moria-5.6.debian.1/source/moria3.c
 moria-5.6.debian.1/source/recall.c
 moria-5.6.debian.1/source/store2.c
 moria-5.6.debian.1/source/wizard.c
 moria-5.6.debian.1/unix/Makefile

Check disc space
────────────────

Sufficient free space for build

Hack binNMU version
───────────────────

Created changelog entry for binNMU version 5.6.debian.1-1clang1

User Environment
────────────────

DEB_BUILD_OPTIONS=parallel=10
HOME=/sbuild-nonexistent
LOGNAME=user
PATH=/usr/local/sbin:/usr/local/bin:/usr/sbin:/usr/bin:/sbin:/bin:/usr/games
SCHROOT_ALIAS_NAME=unstable-amd64-sbuild
SCHROOT_CHROOT_NAME=unstable-amd64-sbuild
SCHROOT_COMMAND=env
SCHROOT_GID=1000
SCHROOT_GROUP=user
SCHROOT_SESSION_ID=unstable-amd64-sbuild-06c0e467-625e-4d6b-a40d-8490565ff809
SCHROOT_UID=1000
SCHROOT_USER=user
SHELL=/bin/sh
USER=user

dpkg-buildpackage
─────────────────

dpkg-buildpackage: source package moria
dpkg-buildpackage: source version 5.6.debian.1-1clang1
dpkg-buildpackage: source distribution unstable
 dpkg-source --before-build moria-5.6.debian.1
dpkg-buildpackage: host architecture amd64
 fakeroot debian/rules clean
dh_testdir
dh_testroot
rm -f build-stamp install-stamp
make clean
make[1]: Entering directory '/«PKGBUILDDIR»'
if ( test -d build ) then rm -r build; fi
make[1]: Leaving directory '/«PKGBUILDDIR»'
# Add here commands to clean up after the build process.
dh_clean
 debian/rules build-arch
dh_testdir
# Add here commands to compile the package.
( cd build ; /usr/bin/make )
/bin/sh: 1: cd: can't cd to build
make[1]: Entering directory '/«PKGBUILDDIR»'
make[2]: Entering directory '/«PKGBUILDDIR»'
*** Making build/ which will contain symlinks to the sources...
mkdir build || exit 1
chmod 700 build || exit 1
( cd build && ln -si ../files ../unix/* ../source/* . || exit 1 )
( cd build && echo -e "WARNING: Do not modify anything in this directory; it may be purged without\nwarning.  If you want to change the source do it in the source/ or unix/ dirs\nto which these symlinks point.  See README.debian-build for details." >> zz-WARNING && cp -ip zz-WARNING 00-WARNING && cp -ip ../debian/README.debian-build . || exit 1 )
*** Done making build/

make[2]: Leaving directory '/«PKGBUILDDIR»'
*** Entering build/ to actually make the package.
( cd build && make moria || exit 1 )
make[2]: Entering directory '/«PKGBUILDDIR»/build'
cc -O2 `dpkg-buildflags --get CFLAGS` -D_FORTIFY_SOURCE=2   -c -o main.o main.c
main.c:232:12: warning: implicit declaration of function 'setuid' is invalid in C99 [-Wimplicit-function-declaration]
  if (0 != setuid(getuid()))
           ^
main.c:237:12: warning: implicit declaration of function 'setgid' is invalid in C99 [-Wimplicit-function-declaration]
  if (0 != setgid(getgid()))
           ^
main.c:350:31: warning: implicit declaration of function 'access' is invalid in C99 [-Wimplicit-function-declaration]
  if ((new_game == FALSE) && !access(savefile, 0) && get_char(&generate))
                              ^
3 warnings generated.
cc -O2 `dpkg-buildflags --get CFLAGS` -D_FORTIFY_SOURCE=2   -c -o misc1.o misc1.c
cc -O2 `dpkg-buildflags --get CFLAGS` -D_FORTIFY_SOURCE=2   -c -o misc2.o misc2.c
cc -O2 `dpkg-buildflags --get CFLAGS` -D_FORTIFY_SOURCE=2   -c -o misc3.o misc3.c
cc -O2 `dpkg-buildflags --get CFLAGS` -D_FORTIFY_SOURCE=2   -c -o misc4.o misc4.c
cc -O2 `dpkg-buildflags --get CFLAGS` -D_FORTIFY_SOURCE=2   -c -o store1.o store1.c
store1.c:462:5: warning: add explicit braces to avoid dangling else [-Wdangling-else]
    else
    ^
1 warning generated.
cc -O2 `dpkg-buildflags --get CFLAGS` -D_FORTIFY_SOURCE=2   -c -o files.o files.c
files.c:252:11: warning: implicit declaration of function 'atoi' is invalid in C99 [-Wimplicit-function-declaration]
  level = atoi(tmp_str);
          ^
files.c:387:14: warning: implicit declaration of function 'close' is invalid in C99 [-Wimplicit-function-declaration]
      (void) close(fd);
             ^
2 warnings generated.
cc -O2 `dpkg-buildflags --get CFLAGS` -D_FORTIFY_SOURCE=2   -c -o io.o io.c
io.c:358:10: warning: implicit declaration of function 'sysv_signal' is invalid in C99 [-Wimplicit-function-declaration]
  (void) sysv_signal (SIGTSTP, suspend);
         ^
io.c:771:15: warning: using the result of an assignment as a condition without parentheses [-Wparentheses]
      if (str = getenv("SHELL"))
          ~~~~^~~~~~~~~~~~~~~~~
io.c:771:15: note: place parentheses around the assignment to silence this warning
      if (str = getenv("SHELL"))
              ^
          (                    )
io.c:771:15: note: use '==' to turn this assignment into an equality comparison
      if (str = getenv("SHELL"))
              ^
              ==
io.c:791:10: warning: implicit declaration of function 'wait' is invalid in C99 [-Wimplicit-function-declaration]
  (void) wait((int *) 0);
         ^
3 warnings generated.
cc -O2 `dpkg-buildflags --get CFLAGS` -D_FORTIFY_SOURCE=2   -c -o create.o create.c
cc -O2 `dpkg-buildflags --get CFLAGS` -D_FORTIFY_SOURCE=2   -c -o desc.o desc.c
desc.c:657:21: warning: multiple unsequenced modifications to 'indexx' [-Wunsequenced]
          indexx = (indexx <<= 6) +
                 ~         ^
1 warning generated.
cc -O2 `dpkg-buildflags --get CFLAGS` -D_FORTIFY_SOURCE=2   -c -o generate.o generate.c
cc -O2 `dpkg-buildflags --get CFLAGS` -D_FORTIFY_SOURCE=2   -c -o sets.o sets.c
cc -O2 `dpkg-buildflags --get CFLAGS` -D_FORTIFY_SOURCE=2   -c -o dungeon.o dungeon.c
dungeon.c:155:2: warning: add explicit braces to avoid dangling else [-Wdangling-else]
        else
        ^
dungeon.c:721:2: warning: add explicit braces to avoid dangling else [-Wdangling-else]
        else
        ^
2 warnings generated.
cc -O2 `dpkg-buildflags --get CFLAGS` -D_FORTIFY_SOURCE=2   -c -o creature.o creature.c
creature.c:1093:6: warning: add explicit braces to avoid dangling else [-Wdangling-else]
            else if ((c_ptr->cptr > 1) &&
            ^
creature.c:1770:9: warning: add explicit braces to avoid dangling else [-Wdangling-else]
                      else if ((py.flags.rest == 0 && py.flags.paralysis < 1)
                      ^
2 warnings generated.
cc -O2 `dpkg-buildflags --get CFLAGS` -D_FORTIFY_SOURCE=2   -c -o death.o death.c
death.c:223:12: warning: implicit declaration of function 'unlink' is invalid in C99 [-Wimplicit-function-declaration]
    return unlink(lockname);
           ^
death.c:240:9: warning: implicit declaration of function 'sleep' is invalid in C99 [-Wimplicit-function-declaration]
        (void) sleep(1);
               ^
2 warnings generated.
cc -O2 `dpkg-buildflags --get CFLAGS` -D_FORTIFY_SOURCE=2   -c -o eat.o eat.c
cc -O2 `dpkg-buildflags --get CFLAGS` -D_FORTIFY_SOURCE=2   -c -o help.o help.c
cc -O2 `dpkg-buildflags --get CFLAGS` -D_FORTIFY_SOURCE=2   -c -o magic.o magic.c
cc -O2 `dpkg-buildflags --get CFLAGS` -D_FORTIFY_SOURCE=2   -c -o potions.o potions.c
cc -O2 `dpkg-buildflags --get CFLAGS` -D_FORTIFY_SOURCE=2   -c -o prayer.o prayer.c
cc -O2 `dpkg-buildflags --get CFLAGS` -D_FORTIFY_SOURCE=2   -c -o save.o save.c
save.c:530:11: warning: implicit declaration of function 'access' is invalid in C99 [-Wimplicit-function-declaration]
      if (access(savefile, 0) < 0
          ^
save.c:532:12: warning: implicit declaration of function 'unlink' is invalid in C99 [-Wimplicit-function-declaration]
          || (i = unlink(savefile)) < 0)
                  ^
save.c:588:14: warning: implicit declaration of function 'chmod' is invalid in C99 [-Wimplicit-function-declaration]
      (void) chmod(fnam, 0600);
             ^
save.c:594:14: warning: implicit declaration of function 'close' is invalid in C99 [-Wimplicit-function-declaration]
      (void) close(fd);
             ^
4 warnings generated.
cc -O2 `dpkg-buildflags --get CFLAGS` -D_FORTIFY_SOURCE=2   -c -o staffs.o staffs.c
cc -O2 `dpkg-buildflags --get CFLAGS` -D_FORTIFY_SOURCE=2   -c -o wands.o wands.c
cc -O2 `dpkg-buildflags --get CFLAGS` -D_FORTIFY_SOURCE=2   -c -o scrolls.o scrolls.c
cc -O2 `dpkg-buildflags --get CFLAGS` -D_FORTIFY_SOURCE=2   -c -o spells.o spells.c
spells.c:178:4: warning: add explicit braces to avoid dangling else [-Wdangling-else]
          else if (t_list[c_ptr->tptr].tval == TV_CHEST)
          ^
spells.c:208:4: warning: add explicit braces to avoid dangling else [-Wdangling-else]
          else if (((t_list[c_ptr->tptr].tval == TV_UP_STAIR) ||
          ^
spells.c:1835:4: warning: add explicit braces to avoid dangling else [-Wdangling-else]
          else
          ^
3 warnings generated.
cc -O2 `dpkg-buildflags --get CFLAGS` -D_FORTIFY_SOURCE=2   -c -o wizard.o wizard.c
cc -O2 `dpkg-buildflags --get CFLAGS` -D_FORTIFY_SOURCE=2   -c -o store2.o store2.c
cc -O2 `dpkg-buildflags --get CFLAGS` -D_FORTIFY_SOURCE=2   -c -o signals.o signals.c
signals.c:138:9: warning: implicit declaration of function 'sysv_signal' is invalid in C99 [-Wimplicit-function-declaration]
        (void) MSIGNAL(sig, SIG_DFL);
               ^
signals.c:54:17: note: expanded from macro 'MSIGNAL'
#define MSIGNAL sysv_signal
                ^
signals.c:139:7: error: non-void function 'signal_handler' should return a value [-Wreturn-type]
      return;
      ^
signals.c:170:8: error: non-void function 'signal_handler' should return a value [-Wreturn-type]
              return;           /* OK. We don't quit. */
              ^
signals.c:205:15: warning: implicit declaration of function 'getpid' is invalid in C99 [-Wimplicit-function-declaration]
  (void) kill(getpid(), sig);
              ^
2 warnings and 2 errors generated.
make[2]: *** [signals.o] Error 1
<builtin>: recipe for target 'signals.o' failed
make[2]: Leaving directory '/«PKGBUILDDIR»/build'
make[1]: *** [moria] Error 1
Makefile:11: recipe for target 'moria' failed
make[1]: Leaving directory '/«PKGBUILDDIR»'
make: *** [build-stamp] Error 2
debian/rules:13: recipe for target 'build-stamp' failed
dpkg-buildpackage: error: debian/rules build-arch gave error exit status 2
────────────────────────────────────────────────────────────────────────────────
Build finished at 20140806-1706

Finished
────────

E: Build failure (dpkg-buildpackage died)

┌──────────────────────────────────────────────────────────────────────────────┐
│ Cleanup                                                                      │
└──────────────────────────────────────────────────────────────────────────────┘

Purging /«BUILDDIR»
Not cleaning session: cloned chroot in use

┌──────────────────────────────────────────────────────────────────────────────┐
│ Summary                                                                      │
└──────────────────────────────────────────────────────────────────────────────┘

Build Architecture: amd64
Build-Space: 3608
Build-Time: 12
Distribution: unstable
Fail-Stage: build
Host Architecture: amd64
Install-Time: 9
Job: moria_5.6.debian.1-1
Machine Architecture: amd64
Package: moria
Package-Time: 52
Source-Version: 5.6.debian.1-1
Space: 3608
Status: attempted
Version: 5.6.debian.1-1clang1
────────────────────────────────────────────────────────────────────────────────
Finished at 20140806-1706
Build needed 00:00:52, 3608k disc space
DC-Status: Failed 52.646996314s
DC-Time-Estimation: 52.646996314 versus expected 166 (r/m: 2.1530763694463024 ; m: 52.646996314)
