DC-Build-Header: ntdb 1.0-5 / 2014-08-06 16:01:09 +0000
DC-Task: source:ntdb version:1.0-5 architecture:any chroot:unstable esttime:430 logfile:/tmp/ntdb_1.0-5_unstable_clang.log modes:binary-only:parallel:clang
DC-Sbuild-call: su user -c 'sbuild -n --apt-update -d unstable -v  --chroot-setup-commands=/tmp/switch-to-clang --append-to-version "clang1" --maintainer "Lucas Nussbaum <lucas@debian.org>" --uploader "Lucas Nussbaum <lucas@debian.org>" ntdb_1.0-5'
sbuild (Debian sbuild) 0.63.2 (18 Aug 2012) on ip-172-31-0-132.us-west-2.compute.internal

╔══════════════════════════════════════════════════════════════════════════════╗
║ ntdb 1.0-5clang1 (amd64)                                   06 Aug 2014 16:01 ║
╚══════════════════════════════════════════════════════════════════════════════╝

Package: ntdb
Version: 1.0-5clang1
Source Version: 1.0-5
Distribution: unstable
Machine Architecture: amd64
Host Architecture: amd64
Build Architecture: amd64

I: NOTICE: Log filtering will replace 'build/ntdb-MAzRyB/ntdb-1.0' with '«PKGBUILDDIR»'
I: NOTICE: Log filtering will replace 'build/ntdb-MAzRyB' with '«BUILDDIR»'
I: NOTICE: Log filtering will replace 'var/lib/schroot/mount/unstable-amd64-sbuild-cf9cf86f-012e-494d-a4df-222318bd9aa6' with '«CHROOT»'

┌──────────────────────────────────────────────────────────────────────────────┐
│ Update chroot                                                                │
└──────────────────────────────────────────────────────────────────────────────┘

Get:1 http://localhost:9999 unstable InRelease [222 kB]
Get:2 http://localhost:9999 unstable/main Sources/DiffIndex [7876 B]
Get:3 http://localhost:9999 unstable/main amd64 Packages/DiffIndex [7876 B]
Get:4 http://localhost:9999 unstable/main Translation-en/DiffIndex [7876 B]
Get:5 http://localhost:9999 unstable/main 2014-08-05-2057.28.pdiff [14.9 kB]
Get:6 http://localhost:9999 unstable/main 2014-08-06-0254.22.pdiff [10.4 kB]
Get:7 http://localhost:9999 unstable/main 2014-08-06-0856.40.pdiff [5699 B]
Get:8 http://localhost:9999 unstable/main amd64 2014-08-05-2057.28.pdiff [80.7 kB]
Get:9 http://localhost:9999 unstable/main 2014-08-06-0856.40.pdiff [5699 B]
Get:10 http://localhost:9999 unstable/main amd64 2014-08-06-0254.22.pdiff [18.7 kB]
Get:11 http://localhost:9999 unstable/main amd64 2014-08-06-0856.40.pdiff [5647 B]
Get:12 http://localhost:9999 unstable/main 2014-08-05-2057.28.pdiff [2013 B]
Get:13 http://localhost:9999 unstable/main 2014-08-06-0254.22.pdiff [375 B]
Get:14 http://localhost:9999 unstable/main 2014-08-06-0856.40.pdiff [33 B]
Get:15 http://localhost:9999 unstable/main amd64 2014-08-06-0856.40.pdiff [5647 B]
Get:16 http://localhost:9999 unstable/main 2014-08-06-0856.40.pdiff [33 B]
Fetched 384 kB in 5s (72.5 kB/s)
Reading package lists...
Reading package lists...
Building dependency tree...
Reading state information...
0 upgraded, 0 newly installed, 0 to remove and 0 not upgraded.

┌──────────────────────────────────────────────────────────────────────────────┐
│ Fetch source files                                                           │
└──────────────────────────────────────────────────────────────────────────────┘


Check APT
─────────

Checking available source versions...

Download source files with APT
──────────────────────────────

Reading package lists...
Building dependency tree...
Reading state information...
NOTICE: 'ntdb' packaging is maintained in the 'Git' version control system at:
git://anonscm.debian.org/pkg-samba/ntdb.git -b unstable
Need to get 804 kB of source archives.
Get:1 http://localhost:9999/debian/ unstable/main ntdb 1.0-5 (dsc) [2285 B]
Get:2 http://localhost:9999/debian/ unstable/main ntdb 1.0-5 (tar) [797 kB]
Get:3 http://localhost:9999/debian/ unstable/main ntdb 1.0-5 (diff) [4600 B]
Fetched 804 kB in 1s (496 kB/s)
Download complete and in download only mode

Check arch
──────────


┌──────────────────────────────────────────────────────────────────────────────┐
│ Chroot Setup Commands                                                        │
└──────────────────────────────────────────────────────────────────────────────┘


/tmp/switch-to-clang
────────────────────

+ echo 'Entering customization script...'
Entering customization script...
+ echo 'Install of clang-3.5'
Install of clang-3.5
+ apt-get update
Hit http://localhost:9999 unstable InRelease
Hit http://localhost:9999 unstable/main Sources/DiffIndex
Hit http://localhost:9999 unstable/main amd64 Packages/DiffIndex
Hit http://localhost:9999 unstable/main Translation-en/DiffIndex
Reading package lists...
+ apt-get install --yes --no-install-recommends --force-yes clang-3.5
Reading package lists...
Building dependency tree...
Reading state information...
The following extra packages will be installed:
  libbsd0 libclang-common-3.5-dev libclang1-3.5 libedit2 libffi6 libllvm3.5
  libobjc-4.9-dev libobjc4
Suggested packages:
  gnustep gnustep-devel clang-3.5-doc
Recommended packages:
  llvm-3.5-dev python
The following NEW packages will be installed:
  clang-3.5 libbsd0 libclang-common-3.5-dev libclang1-3.5 libedit2 libffi6
  libllvm3.5 libobjc-4.9-dev libobjc4
0 upgraded, 9 newly installed, 0 to remove and 0 not upgraded.
Need to get 33.1 MB of archives.
After this operation, 132 MB of additional disk space will be used.
Get:1 http://localhost:9999/debian/ unstable/main libbsd0 amd64 0.7.0-1 [67.7 kB]
Get:2 http://localhost:9999/debian/ unstable/main libedit2 amd64 3.1-20140620-1 [77.0 kB]
Get:3 http://localhost:9999/debian/ unstable/main libffi6 amd64 3.1-2 [19.8 kB]
Get:4 http://localhost:9999/debian/ unstable/main libllvm3.5 amd64 1:3.5~+rc1-2 [7624 kB]
Get:5 http://localhost:9999/debian/ unstable/main libobjc4 amd64 4.9.1-4 [112 kB]
Get:6 http://localhost:9999/debian/ unstable/main libobjc-4.9-dev amd64 4.9.1-4 [371 kB]
Get:7 http://localhost:9999/debian/ unstable/main libclang1-3.5 amd64 1:3.5~+rc1-2 [3630 kB]
Get:8 http://localhost:9999/debian/ unstable/main libclang-common-3.5-dev amd64 1:3.5~+rc1-2 [678 kB]
Get:9 http://localhost:9999/debian/ unstable/main clang-3.5 amd64 1:3.5~+rc1-2 [20.5 MB]
debconf: delaying package configuration, since apt-utils is not installed
Fetched 33.1 MB in 0s (34.3 MB/s)
Selecting previously unselected package libbsd0:amd64.
(Reading database ... 14246 files and directories currently installed.)
Preparing to unpack .../libbsd0_0.7.0-1_amd64.deb ...
Unpacking libbsd0:amd64 (0.7.0-1) ...
Selecting previously unselected package libedit2:amd64.
Preparing to unpack .../libedit2_3.1-20140620-1_amd64.deb ...
Unpacking libedit2:amd64 (3.1-20140620-1) ...
Selecting previously unselected package libffi6:amd64.
Preparing to unpack .../libffi6_3.1-2_amd64.deb ...
Unpacking libffi6:amd64 (3.1-2) ...
Selecting previously unselected package libllvm3.5:amd64.
Preparing to unpack .../libllvm3.5_1%3a3.5~+rc1-2_amd64.deb ...
Unpacking libllvm3.5:amd64 (1:3.5~+rc1-2) ...
Selecting previously unselected package libobjc4:amd64.
Preparing to unpack .../libobjc4_4.9.1-4_amd64.deb ...
Unpacking libobjc4:amd64 (4.9.1-4) ...
Selecting previously unselected package libobjc-4.9-dev:amd64.
Preparing to unpack .../libobjc-4.9-dev_4.9.1-4_amd64.deb ...
Unpacking libobjc-4.9-dev:amd64 (4.9.1-4) ...
Selecting previously unselected package libclang1-3.5:amd64.
Preparing to unpack .../libclang1-3.5_1%3a3.5~+rc1-2_amd64.deb ...
Unpacking libclang1-3.5:amd64 (1:3.5~+rc1-2) ...
Selecting previously unselected package libclang-common-3.5-dev.
Preparing to unpack .../libclang-common-3.5-dev_1%3a3.5~+rc1-2_amd64.deb ...
Unpacking libclang-common-3.5-dev (1:3.5~+rc1-2) ...
Selecting previously unselected package clang-3.5.
Preparing to unpack .../clang-3.5_1%3a3.5~+rc1-2_amd64.deb ...
Unpacking clang-3.5 (1:3.5~+rc1-2) ...
Setting up libbsd0:amd64 (0.7.0-1) ...
Setting up libedit2:amd64 (3.1-20140620-1) ...
Setting up libffi6:amd64 (3.1-2) ...
Setting up libllvm3.5:amd64 (1:3.5~+rc1-2) ...
Setting up libobjc4:amd64 (4.9.1-4) ...
Setting up libobjc-4.9-dev:amd64 (4.9.1-4) ...
Setting up libclang1-3.5:amd64 (1:3.5~+rc1-2) ...
Setting up libclang-common-3.5-dev (1:3.5~+rc1-2) ...
Setting up clang-3.5 (1:3.5~+rc1-2) ...
Processing triggers for libc-bin (2.19-7) ...
+ echo 'Replace gcc, g++ & cpp by clang'
Replace gcc, g++ & cpp by clang
+ VERSIONS='4.6 4.7 4.8 4.9'
+ cd /usr/bin
+ for VERSION in '$VERSIONS'
+ rm -f g++-4.6 gcc-4.6 cpp-4.6
+ ln -s clang++ g++-4.6
+ ln -s clang gcc-4.6
+ ln -s clang cpp-4.6
+ echo 'gcc-4.6 hold'
+ dpkg --set-selections
+ echo 'g++-4.6 hold'
+ dpkg --set-selections
+ for VERSION in '$VERSIONS'
+ rm -f g++-4.7 gcc-4.7 cpp-4.7
+ ln -s clang++ g++-4.7
+ ln -s clang gcc-4.7
+ ln -s clang cpp-4.7
+ echo 'gcc-4.7 hold'
+ dpkg --set-selections
+ echo 'g++-4.7 hold'
+ dpkg --set-selections
+ for VERSION in '$VERSIONS'
+ rm -f g++-4.8 gcc-4.8 cpp-4.8
+ ln -s clang++ g++-4.8
+ ln -s clang gcc-4.8
+ ln -s clang cpp-4.8
+ echo 'gcc-4.8 hold'
+ dpkg --set-selections
dpkg: warning: package not in database at line 1: gcc-4.8
dpkg: warning: found unknown packages; this might mean the available database
is outdated, and needs to be updated through a frontend method
+ echo 'g++-4.8 hold'
+ dpkg --set-selections
dpkg: warning: package not in database at line 1: g++-4.8
dpkg: warning: found unknown packages; this might mean the available database
is outdated, and needs to be updated through a frontend method
+ for VERSION in '$VERSIONS'
+ rm -f g++-4.9 gcc-4.9 cpp-4.9
+ ln -s clang++ g++-4.9
+ ln -s clang gcc-4.9
+ ln -s clang cpp-4.9
+ echo 'gcc-4.9 hold'
+ dpkg --set-selections
+ echo 'g++-4.9 hold'
+ dpkg --set-selections
+ cd -
/«BUILDDIR»
+ echo 'Check if gcc, g++ & cpp are actually clang'
Check if gcc, g++ & cpp are actually clang
+ gcc --version
+ grep clang
+ cpp --version
+ grep clang
+ g++ --version
+ grep clang

I: Finished running '/tmp/switch-to-clang'.

Finished processing commands.
────────────────────────────────────────────────────────────────────────────────
Merged Build-Depends: build-essential, fakeroot
Filtered Build-Depends: build-essential, fakeroot
dpkg-deb: building package `sbuild-build-depends-core-dummy' in `/«BUILDDIR»/resolver-E4g2Eq/apt_archive/sbuild-build-depends-core-dummy.deb'.
OK
Reading package lists...

┌──────────────────────────────────────────────────────────────────────────────┐
│ Install core build dependencies (apt-based resolver)                         │
└──────────────────────────────────────────────────────────────────────────────┘

Installing build dependencies
Reading package lists...
Building dependency tree...
Reading state information...
The following NEW packages will be installed:
  sbuild-build-depends-core-dummy
debconf: delaying package configuration, since apt-utils is not installed
0 upgraded, 1 newly installed, 0 to remove and 0 not upgraded.
Need to get 0 B/816 B of archives.
After this operation, 0 B of additional disk space will be used.
Selecting previously unselected package sbuild-build-depends-core-dummy.
(Reading database ... 14457 files and directories currently installed.)
Preparing to unpack .../sbuild-build-depends-core-dummy.deb ...
Unpacking sbuild-build-depends-core-dummy (0.invalid.0) ...
Setting up sbuild-build-depends-core-dummy (0.invalid.0) ...
Merged Build-Depends: base-files, base-passwd, bash, bsdutils, coreutils, dash, debianutils, diffutils, dpkg, e2fsprogs, findutils, grep, gzip, hostname, libc-bin, login, mount, ncurses-base, ncurses-bin, perl-base, sed, sysvinit, sysvinit-utils, tar, util-linux, libc6-dev | libc-dev, gcc (>= 4:4.4.3), g++ (>= 4:4.4.3), make, dpkg-dev (>= 1.13.5), debhelper (>= 9), docbook-xml, docbook-xsl, python-all-dbg (>= 2.6.6-3), python-all-dev (>= 2.6.6-3), xsltproc
Filtered Build-Depends: base-files, base-passwd, bash, bsdutils, coreutils, dash, debianutils, diffutils, dpkg, e2fsprogs, findutils, grep, gzip, hostname, libc-bin, login, mount, ncurses-base, ncurses-bin, perl-base, sed, sysvinit, sysvinit-utils, tar, util-linux, libc6-dev, gcc (>= 4:4.4.3), g++ (>= 4:4.4.3), make, dpkg-dev (>= 1.13.5), debhelper (>= 9), docbook-xml, docbook-xsl, python-all-dbg (>= 2.6.6-3), python-all-dev (>= 2.6.6-3), xsltproc
dpkg-deb: building package `sbuild-build-depends-ntdb-dummy' in `/«BUILDDIR»/resolver-4dkKra/apt_archive/sbuild-build-depends-ntdb-dummy.deb'.
OK
Reading package lists...

┌──────────────────────────────────────────────────────────────────────────────┐
│ Install ntdb build dependencies (apt-based resolver)                         │
└──────────────────────────────────────────────────────────────────────────────┘

Installing build dependencies
Reading package lists...
Building dependency tree...
Reading state information...
The following extra packages will be installed:
  bsdmainutils debhelper docbook-xml docbook-xsl file gettext gettext-base
  groff-base intltool-debian libasprintf0c2 libcroco3 libexpat1 libexpat1-dev
  libgcrypt11 libglib2.0-0 libgpg-error0 libmagic1 libncursesw5 libpipeline1
  libpython-all-dbg libpython-all-dev libpython-dbg libpython-dev
  libpython-stdlib libpython2.7 libpython2.7-dbg libpython2.7-dev
  libpython2.7-minimal libpython2.7-stdlib libsqlite3-0 libssl1.0.0
  libunistring0 libxml2 libxslt1.1 man-db mime-support po-debconf python
  python-all python-all-dbg python-all-dev python-dbg python-dev
  python-minimal python2.7 python2.7-dbg python2.7-dev python2.7-minimal
  sgml-base sgml-data xml-core xsltproc
Suggested packages:
  wamerican wordlist whois vacation dh-make docbook docbook-dsssl
  docbook-defguide dbtoepub docbook-xsl-doc-html docbook-xsl-doc-pdf
  docbook-xsl-doc-text docbook-xsl-doc docbook-xsl-saxon fop libsaxon-java
  libxalan2-java libxslthl-java xalan gettext-doc groff rng-tools
  python2.7-gdbm-dbg python2.7-tk-dbg less www-browser libmail-box-perl
  python-doc python-tk python2.7-doc python-gdbm-dbg python-tk-dbg
  binfmt-support sgml-base-doc perlsgml w3-recs opensp libxml2-utils
Recommended packages:
  curl wget lynx-cur autopoint libasprintf-dev libgettextpo-dev
  libglib2.0-data shared-mime-info libmail-sendmail-perl
The following NEW packages will be installed:
  bsdmainutils debhelper docbook-xml docbook-xsl file gettext gettext-base
  groff-base intltool-debian libasprintf0c2 libcroco3 libexpat1 libexpat1-dev
  libgcrypt11 libglib2.0-0 libgpg-error0 libmagic1 libncursesw5 libpipeline1
  libpython-all-dbg libpython-all-dev libpython-dbg libpython-dev
  libpython-stdlib libpython2.7 libpython2.7-dbg libpython2.7-dev
  libpython2.7-minimal libpython2.7-stdlib libsqlite3-0 libssl1.0.0
  libunistring0 libxml2 libxslt1.1 man-db mime-support po-debconf python
  python-all python-all-dbg python-all-dev python-dbg python-dev
  python-minimal python2.7 python2.7-dbg python2.7-dev python2.7-minimal
  sbuild-build-depends-ntdb-dummy sgml-base sgml-data xml-core xsltproc
0 upgraded, 53 newly installed, 0 to remove and 0 not upgraded.
Need to get 58.5 MB/58.5 MB of archives.
After this operation, 154 MB of additional disk space will be used.
Get:1 http://localhost:9999/debian/ unstable/main libncursesw5 amd64 5.9+20140712-2 [123 kB]
Get:2 http://localhost:9999/debian/ unstable/main libpipeline1 amd64 1.3.0-1 [25.8 kB]
Get:3 http://localhost:9999/debian/ unstable/main libssl1.0.0 amd64 1.0.1h-3 [1011 kB]
Get:4 http://localhost:9999/debian/ unstable/main groff-base amd64 1.22.2-6 [1088 kB]
Get:5 http://localhost:9999/debian/ unstable/main bsdmainutils amd64 9.0.5 [211 kB]
Get:6 http://localhost:9999/debian/ unstable/main man-db amd64 2.6.7.1-1 [990 kB]
Get:7 http://localhost:9999/debian/ unstable/main libasprintf0c2 amd64 0.19.2-1 [30.7 kB]
Get:8 http://localhost:9999/debian/ unstable/main libgpg-error0 amd64 1.13-2 [58.7 kB]
Get:9 http://localhost:9999/debian/ unstable/main libgcrypt11 amd64 1.5.3-5 [255 kB]
Get:10 http://localhost:9999/debian/ unstable/main libmagic1 amd64 1:5.19-1 [237 kB]
Get:11 http://localhost:9999/debian/ unstable/main libsqlite3-0 amd64 3.8.5-2 [420 kB]
Get:12 http://localhost:9999/debian/ unstable/main libxml2 amd64 2.9.1+dfsg1-4 [797 kB]
Get:13 http://localhost:9999/debian/ unstable/main libglib2.0-0 amd64 2.40.0-3 [2405 kB]
Get:14 http://localhost:9999/debian/ unstable/main libcroco3 amd64 0.6.8-2 [133 kB]
Get:15 http://localhost:9999/debian/ unstable/main libexpat1 amd64 2.1.0-6 [80.6 kB]
Get:16 http://localhost:9999/debian/ unstable/main libpython2.7-minimal amd64 2.7.8-3 [349 kB]
Get:17 http://localhost:9999/debian/ unstable/main mime-support all 3.56 [35.5 kB]
Get:18 http://localhost:9999/debian/ unstable/main libpython2.7-stdlib amd64 2.7.8-3 [1877 kB]
Get:19 http://localhost:9999/debian/ unstable/main libpython2.7 amd64 2.7.8-3 [1046 kB]
Get:20 http://localhost:9999/debian/ unstable/main libexpat1-dev amd64 2.1.0-6 [126 kB]
Get:21 http://localhost:9999/debian/ unstable/main libpython2.7-dev amd64 2.7.8-3 [29.0 MB]
Get:22 http://localhost:9999/debian/ unstable/main libunistring0 amd64 0.9.3-5.2 [283 kB]
Get:23 http://localhost:9999/debian/ unstable/main libxslt1.1 amd64 1.1.28-2 [230 kB]
Get:24 http://localhost:9999/debian/ unstable/main python2.7-minimal amd64 2.7.8-3 [1360 kB]
Get:25 http://localhost:9999/debian/ unstable/main sgml-base all 1.26+nmu4 [14.6 kB]
Get:26 http://localhost:9999/debian/ unstable/main libpython2.7-dbg amd64 2.7.8-3 [3909 kB]
Get:27 http://localhost:9999/debian/ unstable/main file amd64 1:5.19-1 [58.0 kB]
Get:28 http://localhost:9999/debian/ unstable/main gettext-base amd64 0.19.2-1 [121 kB]
Get:29 http://localhost:9999/debian/ unstable/main python2.7 amd64 2.7.8-3 [243 kB]
Get:30 http://localhost:9999/debian/ unstable/main python-minimal amd64 2.7.8-1 [39.7 kB]
Get:31 http://localhost:9999/debian/ unstable/main libpython-stdlib amd64 2.7.8-1 [19.2 kB]
Get:32 http://localhost:9999/debian/ unstable/main python amd64 2.7.8-1 [151 kB]
Get:33 http://localhost:9999/debian/ unstable/main gettext amd64 0.19.2-1 [1235 kB]
Get:34 http://localhost:9999/debian/ unstable/main intltool-debian all 0.35.0+20060710.1 [30.8 kB]
Get:35 http://localhost:9999/debian/ unstable/main po-debconf all 1.0.16+nmu3 [220 kB]
Get:36 http://localhost:9999/debian/ unstable/main debhelper all 9.20140613 [692 kB]
Get:37 http://localhost:9999/debian/ unstable/main xml-core all 0.13+nmu2 [24.2 kB]
Get:38 http://localhost:9999/debian/ unstable/main sgml-data all 2.0.9-1 [281 kB]
Get:39 http://localhost:9999/debian/ unstable/main docbook-xml all 4.5-7.2 [347 kB]
Get:40 http://localhost:9999/debian/ unstable/main docbook-xsl all 1.78.1+dfsg-1 [2339 kB]
Get:41 http://localhost:9999/debian/ unstable/main libpython-dev amd64 2.7.8-1 [19.3 kB]
Get:42 http://localhost:9999/debian/ unstable/main libpython-all-dev amd64 2.7.8-1 [1008 B]
Get:43 http://localhost:9999/debian/ unstable/main python-all amd64 2.7.8-1 [992 B]
Get:44 http://localhost:9999/debian/ unstable/main python2.7-dev amd64 2.7.8-3 [277 kB]
Get:45 http://localhost:9999/debian/ unstable/main python-dev amd64 2.7.8-1 [1180 B]
Get:46 http://localhost:9999/debian/ unstable/main python-all-dev amd64 2.7.8-1 [1022 B]
Get:47 http://localhost:9999/debian/ unstable/main xsltproc amd64 1.1.28-2 [118 kB]
Get:48 http://localhost:9999/debian/ unstable/main libpython-dbg amd64 2.7.8-1 [19.2 kB]
Get:49 http://localhost:9999/debian/ unstable/main libpython-all-dbg amd64 2.7.8-1 [1140 B]
Get:50 http://localhost:9999/debian/ unstable/main python2.7-dbg amd64 2.7.8-3 [6168 kB]
Get:51 http://localhost:9999/debian/ unstable/main python-dbg amd64 2.7.8-1 [1244 B]
Get:52 http://localhost:9999/debian/ unstable/main python-all-dbg amd64 2.7.8-1 [1022 B]
debconf: delaying package configuration, since apt-utils is not installed
Fetched 58.5 MB in 24s (2437 kB/s)
Selecting previously unselected package libncursesw5:amd64.
(Reading database ... 14457 files and directories currently installed.)
Preparing to unpack .../libncursesw5_5.9+20140712-2_amd64.deb ...
Unpacking libncursesw5:amd64 (5.9+20140712-2) ...
Selecting previously unselected package libpipeline1:amd64.
Preparing to unpack .../libpipeline1_1.3.0-1_amd64.deb ...
Unpacking libpipeline1:amd64 (1.3.0-1) ...
Selecting previously unselected package libssl1.0.0:amd64.
Preparing to unpack .../libssl1.0.0_1.0.1h-3_amd64.deb ...
Unpacking libssl1.0.0:amd64 (1.0.1h-3) ...
Selecting previously unselected package groff-base.
Preparing to unpack .../groff-base_1.22.2-6_amd64.deb ...
Unpacking groff-base (1.22.2-6) ...
Selecting previously unselected package bsdmainutils.
Preparing to unpack .../bsdmainutils_9.0.5_amd64.deb ...
Unpacking bsdmainutils (9.0.5) ...
Selecting previously unselected package man-db.
Preparing to unpack .../man-db_2.6.7.1-1_amd64.deb ...
Unpacking man-db (2.6.7.1-1) ...
Selecting previously unselected package libasprintf0c2:amd64.
Preparing to unpack .../libasprintf0c2_0.19.2-1_amd64.deb ...
Unpacking libasprintf0c2:amd64 (0.19.2-1) ...
Selecting previously unselected package libgpg-error0:amd64.
Preparing to unpack .../libgpg-error0_1.13-2_amd64.deb ...
Unpacking libgpg-error0:amd64 (1.13-2) ...
Selecting previously unselected package libgcrypt11:amd64.
Preparing to unpack .../libgcrypt11_1.5.3-5_amd64.deb ...
Unpacking libgcrypt11:amd64 (1.5.3-5) ...
Selecting previously unselected package libmagic1:amd64.
Preparing to unpack .../libmagic1_1%3a5.19-1_amd64.deb ...
Unpacking libmagic1:amd64 (1:5.19-1) ...
Selecting previously unselected package libsqlite3-0:amd64.
Preparing to unpack .../libsqlite3-0_3.8.5-2_amd64.deb ...
Unpacking libsqlite3-0:amd64 (3.8.5-2) ...
Selecting previously unselected package libxml2:amd64.
Preparing to unpack .../libxml2_2.9.1+dfsg1-4_amd64.deb ...
Unpacking libxml2:amd64 (2.9.1+dfsg1-4) ...
Selecting previously unselected package libglib2.0-0:amd64.
Preparing to unpack .../libglib2.0-0_2.40.0-3_amd64.deb ...
Unpacking libglib2.0-0:amd64 (2.40.0-3) ...
Selecting previously unselected package libcroco3:amd64.
Preparing to unpack .../libcroco3_0.6.8-2_amd64.deb ...
Unpacking libcroco3:amd64 (0.6.8-2) ...
Selecting previously unselected package libexpat1:amd64.
Preparing to unpack .../libexpat1_2.1.0-6_amd64.deb ...
Unpacking libexpat1:amd64 (2.1.0-6) ...
Selecting previously unselected package libpython2.7-minimal:amd64.
Preparing to unpack .../libpython2.7-minimal_2.7.8-3_amd64.deb ...
Unpacking libpython2.7-minimal:amd64 (2.7.8-3) ...
Selecting previously unselected package mime-support.
Preparing to unpack .../mime-support_3.56_all.deb ...
Unpacking mime-support (3.56) ...
Selecting previously unselected package libpython2.7-stdlib:amd64.
Preparing to unpack .../libpython2.7-stdlib_2.7.8-3_amd64.deb ...
Unpacking libpython2.7-stdlib:amd64 (2.7.8-3) ...
Selecting previously unselected package libpython2.7:amd64.
Preparing to unpack .../libpython2.7_2.7.8-3_amd64.deb ...
Unpacking libpython2.7:amd64 (2.7.8-3) ...
Selecting previously unselected package libexpat1-dev:amd64.
Preparing to unpack .../libexpat1-dev_2.1.0-6_amd64.deb ...
Unpacking libexpat1-dev:amd64 (2.1.0-6) ...
Selecting previously unselected package libpython2.7-dev:amd64.
Preparing to unpack .../libpython2.7-dev_2.7.8-3_amd64.deb ...
Unpacking libpython2.7-dev:amd64 (2.7.8-3) ...
Selecting previously unselected package libunistring0:amd64.
Preparing to unpack .../libunistring0_0.9.3-5.2_amd64.deb ...
Unpacking libunistring0:amd64 (0.9.3-5.2) ...
Selecting previously unselected package libxslt1.1:amd64.
Preparing to unpack .../libxslt1.1_1.1.28-2_amd64.deb ...
Unpacking libxslt1.1:amd64 (1.1.28-2) ...
Selecting previously unselected package python2.7-minimal.
Preparing to unpack .../python2.7-minimal_2.7.8-3_amd64.deb ...
Unpacking python2.7-minimal (2.7.8-3) ...
Selecting previously unselected package sgml-base.
Preparing to unpack .../sgml-base_1.26+nmu4_all.deb ...
Unpacking sgml-base (1.26+nmu4) ...
Selecting previously unselected package libpython2.7-dbg:amd64.
Preparing to unpack .../libpython2.7-dbg_2.7.8-3_amd64.deb ...
Unpacking libpython2.7-dbg:amd64 (2.7.8-3) ...
Selecting previously unselected package file.
Preparing to unpack .../file_1%3a5.19-1_amd64.deb ...
Unpacking file (1:5.19-1) ...
Selecting previously unselected package gettext-base.
Preparing to unpack .../gettext-base_0.19.2-1_amd64.deb ...
Unpacking gettext-base (0.19.2-1) ...
Selecting previously unselected package python2.7.
Preparing to unpack .../python2.7_2.7.8-3_amd64.deb ...
Unpacking python2.7 (2.7.8-3) ...
Selecting previously unselected package python-minimal.
Preparing to unpack .../python-minimal_2.7.8-1_amd64.deb ...
Unpacking python-minimal (2.7.8-1) ...
Selecting previously unselected package libpython-stdlib:amd64.
Preparing to unpack .../libpython-stdlib_2.7.8-1_amd64.deb ...
Unpacking libpython-stdlib:amd64 (2.7.8-1) ...
Selecting previously unselected package python.
Preparing to unpack .../python_2.7.8-1_amd64.deb ...
Unpacking python (2.7.8-1) ...
Selecting previously unselected package gettext.
Preparing to unpack .../gettext_0.19.2-1_amd64.deb ...
Unpacking gettext (0.19.2-1) ...
Selecting previously unselected package intltool-debian.
Preparing to unpack .../intltool-debian_0.35.0+20060710.1_all.deb ...
Unpacking intltool-debian (0.35.0+20060710.1) ...
Selecting previously unselected package po-debconf.
Preparing to unpack .../po-debconf_1.0.16+nmu3_all.deb ...
Unpacking po-debconf (1.0.16+nmu3) ...
Selecting previously unselected package debhelper.
Preparing to unpack .../debhelper_9.20140613_all.deb ...
Unpacking debhelper (9.20140613) ...
Selecting previously unselected package xml-core.
Preparing to unpack .../xml-core_0.13+nmu2_all.deb ...
Unpacking xml-core (0.13+nmu2) ...
Selecting previously unselected package sgml-data.
Preparing to unpack .../sgml-data_2.0.9-1_all.deb ...
Unpacking sgml-data (2.0.9-1) ...
Selecting previously unselected package docbook-xml.
Preparing to unpack .../docbook-xml_4.5-7.2_all.deb ...
Unpacking docbook-xml (4.5-7.2) ...
Selecting previously unselected package docbook-xsl.
Preparing to unpack .../docbook-xsl_1.78.1+dfsg-1_all.deb ...
Unpacking docbook-xsl (1.78.1+dfsg-1) ...
Selecting previously unselected package libpython-dev:amd64.
Preparing to unpack .../libpython-dev_2.7.8-1_amd64.deb ...
Unpacking libpython-dev:amd64 (2.7.8-1) ...
Selecting previously unselected package libpython-all-dev:amd64.
Preparing to unpack .../libpython-all-dev_2.7.8-1_amd64.deb ...
Unpacking libpython-all-dev:amd64 (2.7.8-1) ...
Selecting previously unselected package python-all.
Preparing to unpack .../python-all_2.7.8-1_amd64.deb ...
Unpacking python-all (2.7.8-1) ...
Selecting previously unselected package python2.7-dev.
Preparing to unpack .../python2.7-dev_2.7.8-3_amd64.deb ...
Unpacking python2.7-dev (2.7.8-3) ...
Selecting previously unselected package python-dev.
Preparing to unpack .../python-dev_2.7.8-1_amd64.deb ...
Unpacking python-dev (2.7.8-1) ...
Selecting previously unselected package python-all-dev.
Preparing to unpack .../python-all-dev_2.7.8-1_amd64.deb ...
Unpacking python-all-dev (2.7.8-1) ...
Selecting previously unselected package xsltproc.
Preparing to unpack .../xsltproc_1.1.28-2_amd64.deb ...
Unpacking xsltproc (1.1.28-2) ...
Selecting previously unselected package libpython-dbg:amd64.
Preparing to unpack .../libpython-dbg_2.7.8-1_amd64.deb ...
Unpacking libpython-dbg:amd64 (2.7.8-1) ...
Selecting previously unselected package libpython-all-dbg:amd64.
Preparing to unpack .../libpython-all-dbg_2.7.8-1_amd64.deb ...
Unpacking libpython-all-dbg:amd64 (2.7.8-1) ...
Selecting previously unselected package python2.7-dbg.
Preparing to unpack .../python2.7-dbg_2.7.8-3_amd64.deb ...
Unpacking python2.7-dbg (2.7.8-3) ...
Selecting previously unselected package python-dbg.
Preparing to unpack .../python-dbg_2.7.8-1_amd64.deb ...
Unpacking python-dbg (2.7.8-1) ...
Selecting previously unselected package python-all-dbg.
Preparing to unpack .../python-all-dbg_2.7.8-1_amd64.deb ...
Unpacking python-all-dbg (2.7.8-1) ...
Selecting previously unselected package sbuild-build-depends-ntdb-dummy.
Preparing to unpack .../sbuild-build-depends-ntdb-dummy.deb ...
Unpacking sbuild-build-depends-ntdb-dummy (0.invalid.0) ...
Setting up libncursesw5:amd64 (5.9+20140712-2) ...
Setting up libpipeline1:amd64 (1.3.0-1) ...
Setting up libssl1.0.0:amd64 (1.0.1h-3) ...
Setting up groff-base (1.22.2-6) ...
Setting up bsdmainutils (9.0.5) ...
update-alternatives: using /usr/bin/bsd-write to provide /usr/bin/write (write) in auto mode
update-alternatives: using /usr/bin/bsd-from to provide /usr/bin/from (from) in auto mode
Setting up man-db (2.6.7.1-1) ...
Not building database; man-db/auto-update is not 'true'.
Setting up libasprintf0c2:amd64 (0.19.2-1) ...
Setting up libgpg-error0:amd64 (1.13-2) ...
Setting up libgcrypt11:amd64 (1.5.3-5) ...
Setting up libmagic1:amd64 (1:5.19-1) ...
Setting up libsqlite3-0:amd64 (3.8.5-2) ...
Setting up libxml2:amd64 (2.9.1+dfsg1-4) ...
Setting up libglib2.0-0:amd64 (2.40.0-3) ...
No schema files found: doing nothing.
Setting up libcroco3:amd64 (0.6.8-2) ...
Setting up libexpat1:amd64 (2.1.0-6) ...
Setting up libpython2.7-minimal:amd64 (2.7.8-3) ...
Setting up mime-support (3.56) ...
Setting up libpython2.7-stdlib:amd64 (2.7.8-3) ...
Setting up libpython2.7:amd64 (2.7.8-3) ...
Setting up libexpat1-dev:amd64 (2.1.0-6) ...
Setting up libpython2.7-dev:amd64 (2.7.8-3) ...
Setting up libunistring0:amd64 (0.9.3-5.2) ...
Setting up libxslt1.1:amd64 (1.1.28-2) ...
Setting up python2.7-minimal (2.7.8-3) ...
Setting up sgml-base (1.26+nmu4) ...
Setting up libpython2.7-dbg:amd64 (2.7.8-3) ...
Setting up file (1:5.19-1) ...
Setting up gettext-base (0.19.2-1) ...
Setting up python2.7 (2.7.8-3) ...
Setting up python-minimal (2.7.8-1) ...
Setting up libpython-stdlib:amd64 (2.7.8-1) ...
Setting up python (2.7.8-1) ...
Setting up gettext (0.19.2-1) ...
Setting up intltool-debian (0.35.0+20060710.1) ...
Setting up po-debconf (1.0.16+nmu3) ...
Setting up debhelper (9.20140613) ...
Setting up xml-core (0.13+nmu2) ...
Setting up libpython-dev:amd64 (2.7.8-1) ...
Setting up libpython-all-dev:amd64 (2.7.8-1) ...
Setting up python-all (2.7.8-1) ...
Setting up python2.7-dev (2.7.8-3) ...
Setting up python-dev (2.7.8-1) ...
Setting up python-all-dev (2.7.8-1) ...
Setting up xsltproc (1.1.28-2) ...
Setting up libpython-dbg:amd64 (2.7.8-1) ...
Setting up libpython-all-dbg:amd64 (2.7.8-1) ...
Setting up python2.7-dbg (2.7.8-3) ...
Setting up python-dbg (2.7.8-1) ...
Setting up python-all-dbg (2.7.8-1) ...
Processing triggers for sgml-base (1.26+nmu4) ...
Setting up docbook-xsl (1.78.1+dfsg-1) ...
Setting up sgml-data (2.0.9-1) ...
Processing triggers for sgml-base (1.26+nmu4) ...
Setting up docbook-xml (4.5-7.2) ...
Processing triggers for sgml-base (1.26+nmu4) ...
Setting up sbuild-build-depends-ntdb-dummy (0.invalid.0) ...
Processing triggers for libc-bin (2.19-7) ...

┌──────────────────────────────────────────────────────────────────────────────┐
│ Build environment                                                            │
└──────────────────────────────────────────────────────────────────────────────┘

Kernel: Linux 2.6.32-5-xen-amd64 amd64 (x86_64)
Toolchain package versions: binutils_2.24.51.20140727-1 dpkg-dev_1.17.10 g++-4.6_4.6.4-7 g++-4.9_4.9.1-4 gcc-4.6_4.6.4-7 gcc-4.7_4.7.4-2 gcc-4.9_4.9.1-4 libc6-dev_2.19-7 libstdc++-4.9-dev_4.9.1-4 libstdc++6_4.9.1-4 libstdc++6-4.6-dev_4.6.4-7 linux-libc-dev_3.14.13-2
Package versions: apt_1.0.6 base-files_7.5 base-passwd_3.5.33 bash_4.3-8 binutils_2.24.51.20140727-1 bsdmainutils_9.0.5 bsdutils_1:2.20.1-5.8 build-essential_11.6 bzip2_1.0.6-7 clang-3.5_1:3.5~+rc1-2 coreutils_8.21-1.2 cpp_4:4.9.1-1 cpp-4.6_4.6.4-7 cpp-4.7_4.7.4-2 cpp-4.9_4.9.1-4 dash_0.5.7-4 debconf_1.5.53 debconf-i18n_1.5.53 debfoster_2.7-1.2 debhelper_9.20140613 debian-archive-keyring_2012.4 debianutils_4.4 diffutils_1:3.3-1 docbook-xml_4.5-7.2 docbook-xsl_1.78.1+dfsg-1 dpkg_1.17.10 dpkg-dev_1.17.10 e2fslibs_1.42.11-2 e2fsprogs_1.42.11-2 fakeroot_1.20.1-1 file_1:5.19-1 findutils_4.4.2-9 g++_4:4.9.1-1 g++-4.6_4.6.4-7 g++-4.9_4.9.1-4 gcc_4:4.9.1-1 gcc-4.4-base_4.4.7-8 gcc-4.5-base_4.5.4-1 gcc-4.6_4.6.4-7 gcc-4.6-base_4.6.4-7 gcc-4.7_4.7.4-2 gcc-4.7-base_4.7.4-2 gcc-4.8-base_4.8.3-7 gcc-4.9_4.9.1-4 gcc-4.9-base_4.9.1-4 gettext_0.19.2-1 gettext-base_0.19.2-1 gnupg_1.4.18-2 gpgv_1.4.18-2 grep_2.18-2 groff-base_1.22.2-6 gzip_1.6-3 hostname_3.15 init_1.20 initscripts_2.88dsf-53.2 insserv_1.14.0-5 intltool-debian_0.35.0+20060710.1 libacl1_2.2.52-1 libapt-pkg4.12_1.0.6 libarchive-extract-perl_0.72-1 libasan1_4.9.1-4 libasprintf0c2_0.19.2-1 libatomic1_4.9.1-4 libattr1_1:2.4.47-1 libaudit-common_1:2.3.7-1 libaudit1_1:2.3.7-1 libblkid1_2.20.1-5.8 libbsd0_0.7.0-1 libbz2-1.0_1.0.6-7 libc-bin_2.19-7 libc-dev-bin_2.19-7 libc6_2.19-7 libc6-dev_2.19-7 libcap2_1:2.24-4 libcilkrts5_4.9.1-4 libclang-common-3.5-dev_1:3.5~+rc1-2 libclang1-3.5_1:3.5~+rc1-2 libclass-isa-perl_0.36-5 libcloog-isl4_0.18.2-1 libcloog-ppl1_0.16.1-5 libcomerr2_1.42.11-2 libcroco3_0.6.8-2 libdb5.1_5.1.29-5 libdb5.3_5.3.28-5 libdebconfclient0_0.191 libdpkg-perl_1.17.10 libedit2_3.1-20140620-1 libexpat1_2.1.0-6 libexpat1-dev_2.1.0-6 libfakeroot_1.20.1-1 libffi6_3.1-2 libfile-fcntllock-perl_0.22-1 libgc1c2_1:7.2d-6.2 libgcc-4.7-dev_4.7.4-2 libgcc-4.9-dev_4.9.1-4 libgcc1_1:4.9.1-4 libgcrypt11_1.5.3-5 libgdbm3_1.8.3-13 libglib2.0-0_2.40.0-3 libgmp10_2:6.0.0+dfsg-4 libgmpxx4ldbl_2:6.0.0+dfsg-4 libgomp1_4.9.1-4 libgpg-error0_1.13-2 libgpm2_1.20.4-6.1 libisl10_0.12.2-2 libitm1_4.9.1-4 libllvm3.5_1:3.5~+rc1-2 liblocale-gettext-perl_1.05-8 liblog-message-perl_0.8-1 liblog-message-simple-perl_0.10-2 liblsan0_4.9.1-4 liblzma5_5.1.1alpha+20120614-2 libmagic1_1:5.19-1 libmodule-pluggable-perl_5.1-1 libmount1_2.20.1-5.8 libmpc2_0.9-4 libmpc3_1.0.2-1 libmpfr4_3.1.2-1 libncurses5_5.9+20140712-2 libncursesw5_5.9+20140712-2 libobjc-4.9-dev_4.9.1-4 libobjc4_4.9.1-4 libpam-modules_1.1.8-3 libpam-modules-bin_1.1.8-3 libpam-runtime_1.1.8-3 libpam0g_1.1.8-3 libpcre3_1:8.35-3 libpipeline1_1.3.0-1 libpod-latex-perl_0.61-1 libppl-c4_1:1.1-3 libppl13_1:1.1-3 libpython-all-dbg_2.7.8-1 libpython-all-dev_2.7.8-1 libpython-dbg_2.7.8-1 libpython-dev_2.7.8-1 libpython-stdlib_2.7.8-1 libpython2.7_2.7.8-3 libpython2.7-dbg_2.7.8-3 libpython2.7-dev_2.7.8-3 libpython2.7-minimal_2.7.8-3 libpython2.7-stdlib_2.7.8-3 libquadmath0_4.9.1-4 libreadline6_6.3-8 libselinux1_2.3-1 libsemanage-common_2.3-1 libsemanage1_2.3-1 libsepol1_2.3-1 libslang2_2.2.4-17 libsqlite3-0_3.8.5-2 libss2_1.42.11-2 libssl1.0.0_1.0.1h-3 libstdc++-4.9-dev_4.9.1-4 libstdc++6_4.9.1-4 libstdc++6-4.6-dev_4.6.4-7 libswitch-perl_2.17-1 libterm-ui-perl_0.42-1 libtext-charwidth-perl_0.04-7+b2 libtext-iconv-perl_1.7-5+b1 libtext-soundex-perl_3.4-1+b1 libtext-wrapi18n-perl_0.06-7 libtimedate-perl_2.3000-2 libtinfo5_5.9+20140712-2 libtsan0_4.9.1-4 libubsan0_4.9.1-4 libunistring0_0.9.3-5.2 libusb-0.1-4_2:0.1.12-24 libustr-1.0-1_1.0.4-3 libuuid1_2.20.1-5.8 libxml2_2.9.1+dfsg1-4 libxslt1.1_1.1.28-2 linux-libc-dev_3.14.13-2 login_1:4.2-2 lsb-base_4.1+Debian13 make_4.0-8 man-db_2.6.7.1-1 mawk_1.3.3-17 mime-support_3.56 mount_2.20.1-5.8 multiarch-support_2.19-7 ncurses-base_5.9+20140712-2 ncurses-bin_5.9+20140712-2 passwd_1:4.2-2 patch_2.7.1-5 perl_5.18.2-7 perl-base_5.18.2-7 perl-modules_5.18.2-7 po-debconf_1.0.16+nmu3 python_2.7.8-1 python-all_2.7.8-1 python-all-dbg_2.7.8-1 python-all-dev_2.7.8-1 python-dbg_2.7.8-1 python-dev_2.7.8-1 python-minimal_2.7.8-1 python2.7_2.7.8-3 python2.7-dbg_2.7.8-3 python2.7-dev_2.7.8-3 python2.7-minimal_2.7.8-3 readline-common_6.3-8 rename_0.20-3 sbuild-build-depends-core-dummy_0.invalid.0 sbuild-build-depends-ntdb-dummy_0.invalid.0 sed_4.2.2-4 sensible-utils_0.0.9 sgml-base_1.26+nmu4 sgml-data_2.0.9-1 startpar_0.59-3 sudo_1.8.9p5-1 sysv-rc_2.88dsf-53.2 sysvinit_2.88dsf-53.2 sysvinit-core_2.88dsf-53.2 sysvinit-utils_2.88dsf-53.2 tar_1.27.1-2 tzdata_2014e-1 ucf_3.0030 util-linux_2.20.1-5.8 vim_2:7.4.335-1 vim-common_2:7.4.335-1 vim-runtime_2:7.4.335-1 xml-core_0.13+nmu2 xsltproc_1.1.28-2 xz-utils_5.1.1alpha+20120614-2 zlib1g_1:1.2.8.dfsg-1

┌──────────────────────────────────────────────────────────────────────────────┐
│ Build                                                                        │
└──────────────────────────────────────────────────────────────────────────────┘


Unpack source
─────────────

gpgv: keyblock resource `/sbuild-nonexistent/.gnupg/trustedkeys.gpg': file open error
gpgv: Signature made Sun Jul  6 00:33:03 2014 UTC using RSA key ID D729A457
gpgv: Can't check signature: public key not found
dpkg-source: warning: failed to verify signature on ./ntdb_1.0-5.dsc
dpkg-source: info: extracting ntdb in ntdb-1.0
dpkg-source: info: unpacking ntdb_1.0.orig.tar.gz
dpkg-source: info: unpacking ntdb_1.0-5.debian.tar.xz

Check disc space
────────────────

Sufficient free space for build

Hack binNMU version
───────────────────

Created changelog entry for binNMU version 1.0-5clang1

User Environment
────────────────

DEB_BUILD_OPTIONS=parallel=10
HOME=/sbuild-nonexistent
LOGNAME=user
PATH=/usr/local/sbin:/usr/local/bin:/usr/sbin:/usr/bin:/sbin:/bin:/usr/games
SCHROOT_ALIAS_NAME=unstable-amd64-sbuild
SCHROOT_CHROOT_NAME=unstable-amd64-sbuild
SCHROOT_COMMAND=env
SCHROOT_GID=1000
SCHROOT_GROUP=user
SCHROOT_SESSION_ID=unstable-amd64-sbuild-cf9cf86f-012e-494d-a4df-222318bd9aa6
SCHROOT_UID=1000
SCHROOT_USER=user
SHELL=/bin/sh
USER=user

dpkg-buildpackage
─────────────────

dpkg-buildpackage: source package ntdb
dpkg-buildpackage: source version 1.0-5clang1
dpkg-buildpackage: source distribution unstable
 dpkg-source --before-build ntdb-1.0
dpkg-buildpackage: host architecture amd64
 fakeroot debian/rules clean
dh clean --with python2
   dh_testdir
   debian/rules override_dh_auto_clean
make[1]: Entering directory '/«PKGBUILDDIR»'
[ ! -f Makefile ] || /usr/bin/make distclean
make[2]: Entering directory '/«PKGBUILDDIR»'
WAF_MAKE=1 PATH=buildtools/bin:../../buildtools/bin:$PATH waf distclean
'distclean' finished successfully (0.000s)
make[2]: Leaving directory '/«PKGBUILDDIR»'
rm -rf build
# Waf should be doing this; see
# https://bugzilla.samba.org/show_bug.cgi?id=8854
rm -f .lock-wscript
# Waf should be doing this; see
# https://bugzilla.samba.org/show_bug.cgi?id=8855
rm -f buildtools/wafsamba/*.pyc \
	  buildtools/wafadmin/*.pyc \
	  buildtools/wafadmin/Tools/*.pyc
make[1]: Leaving directory '/«PKGBUILDDIR»'
   dh_clean
 debian/rules build-arch
dh build-arch --with python2
   dh_testdir -a
   debian/rules override_dh_auto_configure
make[1]: Entering directory '/«PKGBUILDDIR»'
PYTHON="/usr/bin/python2.7" PYTHON_CONFIG="/usr/bin/python2.7-config" CFLAGS="-g -O2 -fstack-protector --param=ssp-buffer-size=4 -Wformat -Werror=format-security -g -Wall" LDFLAGS="-Wl,-z,relro" \
	   ./configure --prefix=/usr --disable-rpath-install --libdir=/usr/lib/x86_64-linux-gnu
Checking for program gcc or cc           : /usr/bin/gcc 
Checking for program cpp                 : /usr/bin/cpp 
Checking for program ar                  : /usr/bin/ar 
Checking for program ranlib              : /usr/bin/ranlib 
Checking for gcc                         : ok  
Checking for program git                 : not found 
Check for -MD                            : yes 
Checking for program gdb                 : not found 
Checking build system                    : Linux ip-172-31-0-132 2.6.32-5-xen-amd64 #1 SMP Sun Sep 23 13:49:30 UTC 2012 x86_64 GNU/Linux 
Checking for header sys/utsname.h        : yes 
Checking uname sysname type              : Linux 
Checking uname machine type              : x86_64 
Checking uname release type              : 2.6.32-5-xen-amd64 
Checking uname version type              : #1 SMP Sun Sep 23 13:49:30 UTC 2012 
Checking for header stdio.h              : yes 
Checking simple C program                : ok 
Checking for rpath library support       : ok  
Checking for -Wl,--version-script support  : ok  
Checking compiler accepts -fPIC            : yes 
Checking for inline                        : inline 
Checking for pkg-config version >= 0.0.0   : no 
Checking for header sys/types.h            : yes 
Checking for header sys/stat.h             : yes 
Checking for header stdlib.h               : yes 
Checking for header stddef.h               : yes 
Checking for header memory.h               : yes 
Checking for header string.h               : yes 
Checking for header strings.h              : yes 
Checking for header inttypes.h             : yes 
Checking for header stdint.h               : yes 
Checking for header unistd.h               : yes 
Checking for header minix/config.h         : no 
Checking for header ctype.h                : yes 
Checking for header standards.h            : no 
Checking for header stdbool.h              : yes 
Checking for header stdarg.h               : yes 
Checking for header vararg.h               : no 
Checking for header limits.h               : yes 
Checking for header assert.h               : yes 
Checking getconf LFS_CFLAGS                : not found 
Checking getconf large file support flags work : ok 
Checking for large file support without additional flags : ok 
Checking for header sys/time.h                           : yes 
Checking for header time.h                               : yes 
Checking for WORDS_BIGENDIAN                             : not found 
Checking for header signal.h                             : yes 
Checking if signal handlers return int                   : not found 
Checking for variable __FUNCTION__                       : ok 
Checking for va_copy                                     : ok 
Checking for HAVE__VA_ARGS__MACRO                        : ok 
Checking compiler accepts ['']                           : yes 
Checking compiler accepts ['-fstack-protector']          : yes 
Checking linker accepts ['-fstack-protector']            : yes 
Checking compiler accepts ['-Werror']                    : yes 
Checking for header linux/types.h                        : yes 
Checking for header crypt.h                              : yes 
Checking for header locale.h                             : yes 
Checking for header acl/libacl.h                         : no 
Checking for header compat.h                             : no 
Checking for header attr/xattr.h                         : no 
Checking for header dustat.h                             : no 
Checking for header fcntl.h                              : yes 
Checking for header fnmatch.h                            : yes 
Checking for header glob.h                               : yes 
Checking for header history.h                            : no 
Checking for header krb5.h                               : no 
Checking for header langinfo.h                           : yes 
Checking for header libaio.h                             : no 
Checking for header ndir.h                               : no 
Checking for header pwd.h                                : yes 
Checking for header shadow.h                             : yes 
Checking for header sys/acl.h                            : no 
Checking for header sys/attributes.h                     : no 
Checking for header attr/attributes.h                    : no 
Checking for header sys/capability.h                     : no 
Checking for header sys/dir.h                            : yes 
Checking for header sys/epoll.h                          : yes 
Checking for header sys/fcntl.h                          : yes 
Checking for header sys/filio.h                          : no 
Checking for header sys/filsys.h                         : no 
Checking for header sys/fs/s5param.h                     : no 
Checking for header sys/fs/vx/quota.h                    : no 
Checking for header sys/id.h                             : no 
Checking for header sys/ioctl.h                          : yes 
Checking for header sys/ipc.h                            : yes 
Checking for header sys/mman.h                           : yes 
Checking for header sys/mode.h                           : no 
Checking for header sys/ndir.h                           : no 
Checking for header sys/priv.h                           : no 
Checking for header sys/resource.h                       : yes 
Checking for header sys/security.h                       : no 
Checking for header sys/shm.h                            : yes 
Checking for header sys/statfs.h                         : yes 
Checking for header sys/statvfs.h                        : yes 
Checking for header sys/termio.h                         : no 
Checking for header sys/vfs.h                            : yes 
Checking for header sys/xattr.h                          : yes 
Checking for header termio.h                             : yes 
Checking for header termios.h                            : yes 
Checking for header sys/file.h                           : yes 
Checking for header sys/ucontext.h                       : yes 
Checking for header sys/wait.h                           : yes 
Checking for header malloc.h                             : yes 
Checking for header grp.h                                : yes 
Checking for header sys/select.h                         : yes 
Checking for header setjmp.h                             : yes 
Checking for header utime.h                              : yes 
Checking for header sys/syslog.h                         : yes 
Checking for header syslog.h                             : yes 
Checking for header sys/mount.h                          : yes 
Checking for header mntent.h                             : yes 
Checking for header stropts.h                            : yes 
Checking for header unix.h                               : no 
Checking for header sys/param.h                          : yes 
Checking for header sys/socket.h                         : yes 
Checking for header netinet/in.h                         : yes 
Checking for header netdb.h                              : yes 
Checking for header arpa/inet.h                          : yes 
Checking for header netinet/in_systm.h                   : yes 
Checking for header netinet/ip.h                         : yes 
Checking for header netinet/tcp.h                        : yes 
Checking for header netinet/in_ip.h                      : no 
Checking for header sys/sockio.h                         : no 
Checking for header sys/un.h                             : yes 
Checking for header sys/uio.h                            : yes 
Checking for header ifaddrs.h                            : yes 
Checking for header direct.h                             : no 
Checking for header dirent.h                             : yes 
Checking for header windows.h                            : no 
Checking for header winsock2.h                           : no 
Checking for header ws2tcpip.h                           : no 
Checking for header errno.h                              : yes 
Checking for header gcrypt.h                             : no 
Checking for header getopt.h                             : yes 
Checking for header iconv.h                              : yes 
Checking for header sys/inotify.h                        : yes 
Checking for header nss.h                                : yes 
Checking for header sasl/sasl.h                          : no 
Checking for header security/pam_appl.h                  : no 
Checking for header zlib.h                               : no 
Checking for header asm/unistd.h                         : yes 
Checking for header aio.h                                : yes 
Checking for header sys/unistd.h                         : yes 
Checking for header rpc/rpc.h                            : yes 
Checking for header rpc/nettype.h                        : no 
Checking for header alloca.h                             : yes 
Checking for header float.h                              : yes 
Checking for header rpcsvc/nis.h                         : yes 
Checking for header rpcsvc/ypclnt.h                      : yes 
Checking for header sys/sysctl.h                         : yes 
Checking for header sys/fileio.h                         : no 
Checking for header sys/filesys.h                        : no 
Checking for header sys/dustat.h                         : no 
Checking for header sys/sysmacros.h                      : yes 
Checking for header xfs/libxfs.h                         : no 
Checking for header netgroup.h                           : no 
Checking for header rpcsvc/yp_prot.h                     : yes 
Checking for HAVE_RPCSVC_YP_PROT_H                       : ok 
Checking for header valgrind.h                           : no 
Checking for header valgrind/valgrind.h                  : no 
Checking for header valgrind/memcheck.h                  : no 
Checking for header nss_common.h                         : no 
Checking for header nsswitch.h                           : no 
Checking for header ns_api.h                             : no 
Checking for header sys/extattr.h                        : no 
Checking for header sys/ea.h                             : no 
Checking for header sys/proplist.h                       : no 
Checking for header sys/cdefs.h                          : yes 
Checking for header utmp.h                               : yes 
Checking for header utmpx.h                              : yes 
Checking for header lastlog.h                            : yes 
Checking for header syscall.h                            : yes 
Checking for header sys/syscall.h                        : yes 
Checking for header sys/prctl.h                          : yes 
Checking for prctl syscall                               : not found 
Checking for O_DIRECT flag to open(2)                    : ok 
Checking for long long                                   : ok 
Checking for intptr_t                                    : ok 
Checking for uintptr_t                                   : ok 
Checking for ptrdiff_t                                   : ok 
Checking for comparison_fn_t                             : ok 
Checking for _Bool                                       : ok 
Checking for bool                                        : ok 
Checking for int8_t                                      : ok 
Checking for uint8_t                                     : ok 
Checking for int16_t                                     : ok 
Checking for uint16_t                                    : ok 
Checking for int32_t                                     : ok 
Checking for uint32_t                                    : ok 
Checking for int64_t                                     : ok 
Checking for uint64_t                                    : ok 
Checking for size_t                                      : ok 
Checking for ssize_t                                     : ok 
Checking for ino_t                                       : ok 
Checking for loff_t                                      : ok 
Checking for offset_t                                    : not found 
Checking for volatile int                                : ok 
Checking for uint_t                                      : not found 
Checking for blksize_t                                   : ok 
Checking for blkcnt_t                                    : ok 
Checking size of bool                                    : 1 
Checking size of char                                    : 1 
Checking size of int                                     : 4 
Checking size of long long                               : 8 
Checking size of long                                    : 8 
Checking size of short                                   : 2 
Checking size of size_t                                  : 8 
Checking size of ssize_t                                 : 8 
Checking size of int8_t                                  : 1 
Checking size of uint8_t                                 : 1 
Checking size of int16_t                                 : 2 
Checking size of uint16_t                                : 2 
Checking size of int32_t                                 : 4 
Checking size of uint32_t                                : 4 
Checking size of int64_t                                 : 8 
Checking size of uint64_t                                : 8 
Checking size of void*                                   : 8 
Checking size of off_t                                   : 8 
Checking size of dev_t                                   : 8 
Checking size of ino_t                                   : 8 
Checking size of time_t                                  : 8 
Checking for socklen_t                                   : ok 
Checking for struct ifaddrs                              : ok 
Checking for struct addrinfo                             : ok 
Checking for struct sockaddr                             : ok 
Checking for HAVE_STRUCT_SOCKADDR_IN6                    : ok 
Checking for struct sockaddr_storage                     : ok 
Checking for sa_family_t                                 : ok 
Checking for sig_atomic_t                                : ok 
Checking for inet_ntoa                                   : ok 
Checking for inet_aton                                   : ok 
Checking for inet_ntop                                   : ok 
Checking for inet_pton                                   : ok 
Checking for connect                                     : ok 
Checking for gethostbyname                               : ok 
Checking for getaddrinfo                                 : ok 
Checking for getnameinfo                                 : ok 
Checking for freeaddrinfo                                : ok 
Checking for gai_strerror                                : ok 
Checking for socketpair                                  : ok 
Checking for variable IPV6_V6ONLY                        : ok 
Checking for HAVE_IPV6                                   : ok 
Checking whether we have ucontext_t                      : ok 
Checking for strdup                                      : ok 
Checking for memmem                                      : ok 
Checking for printf                                      : ok 
Checking for memset                                      : ok 
Checking for memcpy                                      : ok 
Checking for memmove                                     : ok 
Checking for strcpy                                      : ok 
Checking for strncpy                                     : ok 
Checking for bzero                                       : ok 
Checking for shl_load                                    : not found 
Checking for shl_unload                                  : not found 
Checking for shl_findsym                                 : not found 
Checking for pipe                                        : ok 
Checking for strftime                                    : ok 
Checking for srandom                                     : ok 
Checking for random                                      : ok 
Checking for srand                                       : ok 
Checking for rand                                        : ok 
Checking for usleep                                      : ok 
Checking for setbuffer                                   : ok 
Checking for lstat                                       : ok 
Checking for getpgrp                                     : ok 
Checking for utime                                       : ok 
Checking for utimes                                      : ok 
Checking for setuid                                      : ok 
Checking for seteuid                                     : ok 
Checking for setreuid                                    : ok 
Checking for setresuid                                   : ok 
Checking for setgid                                      : ok 
Checking for setegid                                     : ok 
Checking for setregid                                    : ok 
Checking for setresgid                                   : ok 
Checking for chroot                                      : ok 
Checking for strerror                                    : ok 
Checking for vsyslog                                     : ok 
Checking for setlinebuf                                  : ok 
Checking for mktime                                      : ok 
Checking for ftruncate                                   : ok 
Checking for chsize                                      : not found 
Checking for rename                                      : ok 
Checking for waitpid                                     : ok 
Checking for wait4                                       : ok 
Checking for initgroups                                  : ok 
Checking for pread                                       : ok 
Checking for pwrite                                      : ok 
Checking for strndup                                     : ok 
Checking for strcasestr                                  : ok 
Checking for strtok_r                                    : ok 
Checking for mkdtemp                                     : ok 
Checking for dup2                                        : ok 
Checking for dprintf                                     : ok 
Checking for vdprintf                                    : ok 
Checking for isatty                                      : ok 
Checking for chown                                       : ok 
Checking for lchown                                      : ok 
Checking for link                                        : ok 
Checking for readlink                                    : ok 
Checking for symlink                                     : ok 
Checking for realpath                                    : ok 
Checking for snprintf                                    : ok 
Checking for vsnprintf                                   : ok 
Checking for asprintf                                    : ok 
Checking for vasprintf                                   : ok 
Checking for setenv                                      : ok 
Checking for unsetenv                                    : ok 
Checking for strnlen                                     : ok 
Checking for strtoull                                    : ok 
Checking for __strtoull                                  : not found 
Checking for strtouq                                     : ok 
Checking for strtoll                                     : ok 
Checking for __strtoll                                   : not found 
Checking for strtoq                                      : ok 
Checking for memalign                                    : ok 
Checking for posix_memalign                              : ok 
Checking for prctl                                       : ok 
Checking for strlcpy                                     : not found 
Checking for strlcat                                     : not found 
Checking for strlcpy                                     : not found 
Checking for strlcat                                     : not found 
Checking for library bsd                                 : not found 
Checking for strlcpy                                     : not found 
Checking for strlcat                                     : not found 
Checking for getpeereid                                  : not found 
Checking for library bsd                                 : not found 
Checking for getpeereid                                  : not found 
Checking for library bsd                                 : not found 
Checking for setproctitle                                : not found 
Checking for library setproctitle                        : not found 
Checking for setproctitle                                : not found 
Checking whether we can use SO_PEERCRED to get socket credentials : ok 
Checking correct behavior of strtoll                              : not found 
Checking for if_nametoindex                                       : ok 
Checking for strerror_r                                           : ok 
Checking for getdirentries                                        : ok 
Checking for getdents                                             : not found 
Checking for syslog                                               : ok 
Checking for gai_strerror                                         : ok 
Checking for get_current_dir_name                                 : ok 
Checking for timegm                                               : ok 
Checking for getifaddrs                                           : ok 
Checking for freeifaddrs                                          : ok 
Checking for mmap                                                 : ok 
Checking for setgroups                                            : ok 
Checking for syscall                                              : ok 
Checking for setsid                                               : ok 
Checking for getgrent_r                                           : ok 
Checking for getgrgid_r                                           : ok 
Checking for getgrnam_r                                           : ok 
Checking for getgrouplist                                         : ok 
Checking for getpagesize                                          : ok 
Checking for getpwent_r                                           : ok 
Checking for getpwnam_r                                           : ok 
Checking for getpwuid_r                                           : ok 
Checking for epoll_create                                         : ok 
Checking for fgetxattr                                            : ok 
Checking for flistea                                              : not found 
Checking for flistxattr                                           : ok 
Checking for fremovexattr                                         : ok 
Checking for fsetxattr                                            : ok 
Checking for getxattr                                             : ok 
Checking for listxattr                                            : ok 
Checking for removexattr                                          : ok 
Checking for setxattr                                             : ok 
Checking for library attr                                         : not found 
Checking for flistea                                              : not found 
Checking whether xattr interface takes additional options         : not found 
Checking for dlopen                                               : not found 
Checking for dlsym                                                : not found 
Checking for dlerror                                              : not found 
Checking for dlclose                                              : not found 
Checking for library dl                                           : yes 
Checking for dlopen                                               : ok 
Checking for dlsym                                                : ok 
Checking for dlerror                                              : ok 
Checking for dlclose                                              : ok 
Checking for declaration of dlopen                                : ok 
Checking C prototype for dlopen                                   : not found 
Checking for fdatasync                                            : ok 
Checking for declaration of fdatasync                             : ok 
Checking for clock_gettime                                        : ok 
Checking whether the clock_gettime clock ID CLOCK_MONOTONIC is available : ok 
Checking whether the clock_gettime clock ID CLOCK_PROCESS_CPUTIME_ID is available : ok 
Checking whether the clock_gettime clock ID CLOCK_REALTIME is available           : ok 
Checking for struct timespec                                                      : ok 
Checking for header net/if.h                                                      : yes 
Checking for header arpa/nameser.h                                                : yes 
Checking for header resolv.h                                                      : yes 
Checking for res_search                                                           : not found 
Checking for library resolv                                                       : yes 
Checking for res_search                                                           : ok 
Checking for header libintl.h                                                     : yes 
Checking for library intl                                                         : not found 
Checking for bindtextdomain                                                       : ok 
Checking for textdomain                                                           : ok 
Checking for bind_textdomain_codeset                                              : ok 
Checking for dgettext                                                             : ok 
Checking for gettext                                                              : ok 
Checking for pthread_create                                                       : not found 
Checking for library pthread                                                      : yes 
Checking for pthread_create                                                       : ok 
Checking for crypt                                                                : not found 
Checking for library crypt                                                        : yes 
Checking for crypt                                                                : ok 
Checking for header readline.h                                                    : no 
Checking for header readline/readline.h                                           : no 
Checking for header readline/history.h                                            : no 
Checking for variable rl_event_hook                                               : not found 
Checking for declaration of snprintf                                              : ok 
Checking for declaration of vsnprintf                                             : ok 
Checking for declaration of asprintf                                              : ok 
Checking for declaration of vasprintf                                             : ok 
Checking for declaration of errno                                                 : ok 
Checking for declaration of environ                                               : ok 
Checking for declaration of getgrent_r                                            : ok 
Checking for declaration of getpwent_r                                            : ok 
Checking for declaration of pread                                                 : ok 
Checking for declaration of pwrite                                                : ok 
Checking for declaration of setenv                                                : ok 
Checking for declaration of setresgid                                             : ok 
Checking for declaration of setresuid                                             : ok 
Checking for header poll.h                                                        : yes 
Checking for poll                                                                 : ok 
Checking for strptime                                                             : ok 
Checking for declaration of strptime                                              : ok 
Checking for working strptime                                                     : ok 
Checking for HAVE_GETTIMEOFDAY_TZ                                                 : ok 
Checking for C99 vsnprintf                                                        : ok 
Checking for HAVE_SHARED_MMAP                                                     : ok 
Checking for HAVE_MREMAP                                                          : ok 
Checking for HAVE_INCOHERENT_MMAP                                                 : not found 
Checking for HAVE_IMMEDIATE_STRUCTURES                                            : ok 
Checking for HAVE_MKDIR_MODE                                                      : ok 
Checking for member st_mtim.tv_nsec in struct stat                                : ok 
Checking for member st_rdev in struct stat                                        : ok 
Checking for member st_rdev in struct stat                                        : ok 
Checking for member ss_family in struct sockaddr_storage                          : ok 
Checking for member __ss_family in struct sockaddr_storage                        : not found 
Checking for member sa_len in struct sockaddr                                     : not found 
Checking for member sin_len in struct sockaddr_in                                 : not found 
Checking for HAVE_UNIXSOCKET                                                      : ok 
Checking for HAVE_SECURE_MKSTEMP                                                  : ok 
Checking compiler accepts -fvisibility=hidden                                     : yes 
Checking for HAVE_VISIBILITY_ATTR                                                 : not found 
Checking for HAVE_IFACE_GETIFADDRS                                                : ok 
Checking for getpwnam_r                                                           : ok 
Checking for getpwuid_r                                                           : ok 
Checking for getpwent_r                                                           : ok 
Checking for declaration of getpwent_r                                            : ok 
Checking C prototype for getpwent_r                                               : not found 
Checking for declaration of getgrent_r                                            : ok 
Checking C prototype for getgrent_r                                               : not found 
Checking C prototype for getpwent_r                                               : not found 
Checking C prototype for getgrent_r                                               : not found 
Checking for getgrouplist                                                         : ok 
Checking for header err.h                                                         : yes 
Checking for header byteswap.h                                                    : yes 
Checking for bswap_64                                                             : ok 
Checking for HAVE_ATTRIBUTE_COLD                                                  : ok 
Checking for HAVE_ATTRIBUTE_CONST                                                 : ok 
Checking for HAVE_ATTRIBUTE_NORETURN                                              : ok 
Checking for HAVE_ATTRIBUTE_PRINTF                                                : ok 
Checking for HAVE_ATTRIBUTE_UNUSED                                                : ok 
Checking for HAVE_ATTRIBUTE_USED                                                  : ok 
Checking for header endian.h                                                      : yes 
Checking for header sys/endian.h                                                  : no 
Checking for HAVE_LITTLE_ENDIAN                                                   : not found 
Checking for HAVE_BIG_ENDIAN                                                      : not found 
Checking for HAVE_LITTLE_ENDIAN - runtime                                         : ok 
Checking for HAVE_BIG_ENDIAN - runtime                                            : not found 
Checking for HAVE_BUILTIN_CHOOSE_EXPR                                             : ok 
Checking for HAVE_BUILTIN_CLZ                                                     : ok 
Checking for HAVE_BUILTIN_CLZL                                                    : ok 
Checking for HAVE_BUILTIN_CLZLL                                                   : ok 
Checking for HAVE_BUILTIN_CONSTANT_P                                              : ok 
Checking for HAVE_BUILTIN_EXPECT                                                  : ok 
Checking for HAVE_BUILTIN_POPCOUNTL                                               : ok 
Checking for HAVE_BUILTIN_TYPES_COMPATIBLE_P                                      : ok 
Checking for HAVE_COMPOUND_LITERALS                                               : ok 
Checking for HAVE_FLEXIBLE_ARRAY_MEMBER                                           : ok 
Checking for HAVE_ISBLANK                                                         : ok 
Checking for HAVE_TYPEOF                                                          : ok 
Checking for HAVE_WARN_UNUSED_RESULT                                              : ok 
Checking for backtrace                                                            : ok 
Checking for backtrace_symbols                                                    : ok 
Checking for small off_t                                                          : no 
Checking for program python                                                       : /usr/bin/python2.7 
Checking for program python                                                       : /usr/bin/python2.7 
python executable '/usr/bin/python2.7' different from sys.executable '/usr/bin/python'
Checking for Python version >= 2.4.2                                              : ok 2.7.8 
Checking for library python2.7                                                    : yes 
Checking for program python2.7-config                                             : /usr/bin/python2.7-config 
Checking for custom code                                                          : yes 
Checking for program xsltproc                                                     : /usr/bin/xsltproc 
Checking for stylesheet http://docbook.sourceforge.net/release/xsl/current/manpages/docbook.xsl : ok 
'configure' finished successfully (1m2.567s)
make[1]: Leaving directory '/«PKGBUILDDIR»'
   debian/rules override_dh_auto_build
make[1]: Entering directory '/«PKGBUILDDIR»'
/usr/bin/make all SHLD_FLAGS="-shared -Wl,--as-needed"
make[2]: Entering directory '/«PKGBUILDDIR»'
WAF_MAKE=1 PATH=buildtools/bin:../../buildtools/bin:$PATH waf build
Waf: Entering directory `/«PKGBUILDDIR»/bin'
Checking project rules ...
Project rules pass
[ 1/44] Generating ntdb.vscript
[ 2/44] Compiling lib/replace/replace.c
[ 3/44] Generating PKGCONFIG_ntdb.pc
[ 4/44] Compiling lib/replace/replace.c
[ 5/44] Compiling lib/replace/test/testsuite.c
[ 6/44] Compiling lib/replace/test/strptime.c
[ 7/44] Compiling lib/replace/test/os2_delete.c
../lib/replace/test/os2_delete.c:41:28: warning: expression result unused [-Wunused-value]
        mkdir(TESTDIR, 0700) == 0 || FAILED("mkdir");
        ~~~~~~~~~~~~~~~~~~~~~~~~~ ^  ~~~~~~~~~~~~~~~
../lib/replace/test/os2_delete.c:84:22: warning: expression result unused [-Wunused-value]
                unlink(fname) == 0 || FAILED("unlink");
                ~~~~~~~~~~~~~~~~~~ ^  ~~~~~~~~~~~~~~~~
../lib/replace/test/os2_delete.c:113:31: warning: expression result unused [-Wunused-value]
        strcmp(de->d_name, ".") == 0 || FAILED("match .");
        ~~~~~~~~~~~~~~~~~~~~~~~~~~~~ ^  ~~~~~~~~~~~~~~~~~
../lib/replace/test/os2_delete.c:115:32: warning: expression result unused [-Wunused-value]
        strcmp(de->d_name, "..") == 0 || FAILED("match ..");
        ~~~~~~~~~~~~~~~~~~~~~~~~~~~~~ ^  ~~~~~~~~~~~~~~~~~~
../lib/replace/test/os2_delete.c:126:22: warning: expression result unused [-Wunused-value]
        rmdir(TESTDIR) == 0 || FAILED("rmdir");
        ~~~~~~~~~~~~~~~~~~~ ^  ~~~~~~~~~~~~~~~
5 warnings generated.
[ 8/44] Compiling lib/replace/test/getifaddrs.c
[ 9/44] Compiling lib/ccan/hash/hash.c
[10/44] Compiling lib/ccan/ilog/ilog.c
[11/44] Compiling lib/ccan/read_write_all/read_write_all.c
[12/44] Compiling lib/ccan/str/debug.c
[13/44] Compiling lib/ccan/str/str.c
[14/44] Compiling lib/ccan/tally/tally.c
[15/44] Compiling lib/ccan/likely/likely.c
[16/44] Compiling lib/ccan/err/err.c
[17/44] Compiling check.c
[18/44] Compiling free.c
[19/44] Compiling hash.c
[20/44] Compiling io.c
[21/44] Compiling lock.c
[22/44] Compiling open.c
[23/44] Compiling summary.c
[24/44] Compiling ntdb.c
[25/44] Compiling transaction.c
[26/44] Compiling traverse.c
[27/44] Compiling tools/ntdbtorture.c
[28/44] Compiling tools/ntdbtool.c
[29/44] Compiling tools/ntdbdump.c
[30/44] Compiling tools/ntdbrestore.c
[31/44] Compiling tools/ntdbbackup.c
[32/44] Compiling pyntdb.c
[33/44] Linking default/libntdb.so
[34/44] Linking default/ntdbtorture
[35/44] Linking default/ntdbtool
[36/44] Linking default/ntdbdump
[37/44] Linking default/ntdbrestore
[38/44] Linking default/ntdbbackup
[39/44] Linking default/pyntdb.so
[40/44] Generating man/ntdb.3
Note: Writing ntdb.3
[41/44] Generating man/ntdbtool.8
Note: Writing ntdbtool.8
[42/44] Generating man/ntdbdump.8
Note: Writing ntdbdump.8
[43/44] Generating man/ntdbrestore.8
Note: Writing ntdbrestore.8
[44/44] Generating man/ntdbbackup.8
Note: Writing ntdbbackup.8
Waf: Leaving directory `/«PKGBUILDDIR»/bin'
'build' finished successfully (11.079s)
make[2]: Leaving directory '/«PKGBUILDDIR»'
make[1]: Leaving directory '/«PKGBUILDDIR»'
   debian/rules override_dh_auto_test
make[1]: Entering directory '/«PKGBUILDDIR»'
echo "Testsuite disabled, since it currently requires developer mode."
Testsuite disabled, since it currently requires developer mode.
make[1]: Leaving directory '/«PKGBUILDDIR»'
 fakeroot debian/rules binary-arch
dh binary-arch --with python2
   dh_testroot -a
   dh_prep -a
   dh_installdirs -a
   debian/rules override_dh_auto_install
make[1]: Entering directory '/«PKGBUILDDIR»'
/usr/bin/make install DESTDIR=/«PKGBUILDDIR»/debian/tmp
make[2]: Entering directory '/«PKGBUILDDIR»'
WAF_MAKE=1 PATH=buildtools/bin:../../buildtools/bin:$PATH waf install
Waf: Entering directory `/«PKGBUILDDIR»/bin'
* installing bin/default/ntdb.pc as /«PKGBUILDDIR»/debian/tmp/usr/lib/x86_64-linux-gnu/pkgconfig/ntdb.pc
[34/46] Linking default/ntdbtorture.inst
[35/46] Linking default/ntdbtool.inst
[36/46] Linking default/ntdbdump.inst
[37/46] Linking default/ntdbrestore.inst
[38/46] Linking default/ntdbbackup.inst
[40/46] Linking default/libntdb.inst.so
[41/46] Linking default/pyntdb.inst.so
* installing bin/default/libntdb.inst.so as /«PKGBUILDDIR»/debian/tmp/usr/lib/x86_64-linux-gnu/libntdb.so.1.0
* symlink /«PKGBUILDDIR»/debian/tmp/usr/lib/x86_64-linux-gnu/libntdb.so.1 (-> libntdb.so.1.0)
* symlink /«PKGBUILDDIR»/debian/tmp/usr/lib/x86_64-linux-gnu/libntdb.so (-> libntdb.so.1.0)
* installing bin/default/ntdbtool.inst as /«PKGBUILDDIR»/debian/tmp/usr/bin/ntdbtool
* installing bin/default/ntdbdump.inst as /«PKGBUILDDIR»/debian/tmp/usr/bin/ntdbdump
* installing bin/default/ntdbrestore.inst as /«PKGBUILDDIR»/debian/tmp/usr/bin/ntdbrestore
* installing bin/default/ntdbbackup.inst as /«PKGBUILDDIR»/debian/tmp/usr/bin/ntdbbackup
* installing bin/default/pyntdb.inst.so as /«PKGBUILDDIR»/debian/tmp/usr/lib/python2.7/dist-packages/ntdb.so
* installing ntdb.h as /«PKGBUILDDIR»/debian/tmp/usr/include/ntdb.h
* installing bin/default/man/ntdb.3 as /«PKGBUILDDIR»/debian/tmp/usr/share/man/man3/ntdb.3
* installing bin/default/man/ntdbtool.8 as /«PKGBUILDDIR»/debian/tmp/usr/share/man/man8/ntdbtool.8
* installing bin/default/man/ntdbdump.8 as /«PKGBUILDDIR»/debian/tmp/usr/share/man/man8/ntdbdump.8
* installing bin/default/man/ntdbrestore.8 as /«PKGBUILDDIR»/debian/tmp/usr/share/man/man8/ntdbrestore.8
* installing bin/default/man/ntdbbackup.8 as /«PKGBUILDDIR»/debian/tmp/usr/share/man/man8/ntdbbackup.8
Waf: Leaving directory `/«PKGBUILDDIR»/bin'
'install' finished successfully (0.492s)
make[2]: Leaving directory '/«PKGBUILDDIR»'
# Waf should be doing this..
ar cr libntdb.a bin/default/*.o bin/default/lib/ccan/*/*.o
mv libntdb.a /«PKGBUILDDIR»/debian/tmp/usr/lib/x86_64-linux-gnu
make[1]: Leaving directory '/«PKGBUILDDIR»'
   dh_install -a
   dh_installdocs -a
   dh_installchangelogs -a
   dh_installman -a
   debian/rules override_dh_python2
make[1]: Entering directory '/«PKGBUILDDIR»'
dh_python2 --no-guessing-versions
W: dh_python2:433: public extension linked with libpython2.7: ntdb.so
make[1]: Leaving directory '/«PKGBUILDDIR»'
   dh_perl -a
   dh_link -a
   dh_compress -a
   dh_fixperms -a
   debian/rules override_dh_strip
make[1]: Entering directory '/«PKGBUILDDIR»'
dh_strip -p libntdb1 --dbg-package=libntdb1-dbg
dh_strip -p python-ntdb --dbg-package=python-ntdb-dbg
dh_strip -p ntdb-tools
make[1]: Leaving directory '/«PKGBUILDDIR»'
   debian/rules override_dh_makeshlibs
make[1]: Entering directory '/«PKGBUILDDIR»'
dh_makeshlibs -- -c4
dpkg-gensymbols: warning: some new symbols appeared in the symbols file: see diff output below
dpkg-gensymbols: warning: debian/libntdb1/DEBIAN/symbols doesn't match completely debian/libntdb1.symbols
--- debian/libntdb1.symbols (libntdb1_1.0-5clang1_amd64)
+++ dpkg-gensymbolse6UaoG	2014-08-06 16:03:57.738279187 +0000
@@ -1,7 +1,15 @@
 libntdb.so.1 libntdb1 #MINVER#
  NTDB_0.9@NTDB_0.9 1.0
  NTDB_1.0@NTDB_1.0 1.0
+ ntdb_access_commit@NTDB_1.0 1.0-5clang1
+ ntdb_access_read@NTDB_1.0 1.0-5clang1
+ ntdb_access_release@NTDB_1.0 1.0-5clang1
+ ntdb_access_write@NTDB_1.0 1.0-5clang1
  ntdb_add_flag@NTDB_0.9 1.0
+ ntdb_alloc_read@NTDB_1.0 1.0-5clang1
+ ntdb_allrecord_lock@NTDB_1.0 1.0-5clang1
+ ntdb_allrecord_unlock@NTDB_1.0 1.0-5clang1
+ ntdb_allrecord_upgrade@NTDB_1.0 1.0-5clang1
  ntdb_append@NTDB_0.9 1.0
  ntdb_chainlock@NTDB_0.9 1.0
  ntdb_chainlock_read@NTDB_0.9 1.0
@@ -9,22 +17,47 @@
  ntdb_chainunlock_read@NTDB_0.9 1.0
  ntdb_check_@NTDB_0.9 1.0
  ntdb_close@NTDB_0.9 1.0
+ ntdb_convert@NTDB_1.0 1.0-5clang1
  ntdb_delete@NTDB_0.9 1.0
  ntdb_errorstr@NTDB_0.9 1.0
  ntdb_exists@NTDB_0.9 1.0
+ ntdb_expand_adjust@NTDB_1.0 1.0-5clang1
+ ntdb_fcntl_lock@NTDB_1.0 1.0-5clang1
+ ntdb_fcntl_unlock@NTDB_1.0 1.0-5clang1
  ntdb_fd@NTDB_0.9 1.0
  ntdb_fetch@NTDB_0.9 1.0
+ ntdb_find_nonzero_off@NTDB_1.0 1.0-5clang1
+ ntdb_find_zero_off@NTDB_1.0 1.0-5clang1
  ntdb_firstkey@NTDB_0.9 1.0
  ntdb_foreach_@NTDB_0.9 1.0
+ ntdb_ftable_init@NTDB_1.0 1.0-5clang1
  ntdb_get_attribute@NTDB_0.9 1.0
  ntdb_get_flags@NTDB_0.9 1.0
  ntdb_get_seqnum@NTDB_0.9 1.0
+ ntdb_has_expansion_lock@NTDB_1.0 1.0-5clang1
+ ntdb_has_hash_locks@NTDB_1.0 1.0-5clang1
+ ntdb_has_open_lock@NTDB_1.0 1.0-5clang1
+ ntdb_hash@NTDB_1.0 1.0-5clang1
+ ntdb_inc_seqnum@NTDB_1.0 1.0-5clang1
+ ntdb_io_init@NTDB_1.0 1.0-5clang1
+ ntdb_jenkins_hash@NTDB_1.0 1.0-5clang1
+ ntdb_lock_and_recover@NTDB_1.0 1.0-5clang1
+ ntdb_lock_cleanup@NTDB_1.0 1.0-5clang1
+ ntdb_lock_expand@NTDB_1.0 1.0-5clang1
+ ntdb_lock_free_bucket@NTDB_1.0 1.0-5clang1
+ ntdb_lock_hash@NTDB_1.0 1.0-5clang1
+ ntdb_lock_open@NTDB_1.0 1.0-5clang1
  ntdb_lockall@NTDB_0.9 1.0
  ntdb_lockall_read@NTDB_0.9 1.0
+ ntdb_logerr@NTDB_1.0 1.0-5clang1
+ ntdb_mmap@NTDB_1.0 1.0-5clang1
+ ntdb_munmap@NTDB_1.0 1.0-5clang1
  ntdb_name@NTDB_0.9 1.0
+ ntdb_needs_recovery@NTDB_1.0 1.0-5clang1
  ntdb_nextkey@NTDB_0.9 1.0
  ntdb_open@NTDB_0.9 1.0
  ntdb_parse_record_@NTDB_0.9 1.0
+ ntdb_read_convert@NTDB_1.0 1.0-5clang1
  ntdb_remove_flag@NTDB_0.9 1.0
  ntdb_repack@NTDB_0.9 1.0
  ntdb_set_attribute@NTDB_0.9 1.0
@@ -32,10 +65,18 @@
  ntdb_summary@NTDB_0.9 1.0
  ntdb_transaction_cancel@NTDB_0.9 1.0
  ntdb_transaction_commit@NTDB_0.9 1.0
+ ntdb_transaction_lock@NTDB_1.0 1.0-5clang1
  ntdb_transaction_prepare_commit@NTDB_0.9 1.0
+ ntdb_transaction_recover@NTDB_1.0 1.0-5clang1
  ntdb_transaction_start@NTDB_0.9 1.0
+ ntdb_transaction_unlock@NTDB_1.0 1.0-5clang1
  ntdb_traverse_@NTDB_0.9 1.0
+ ntdb_unlock_expand@NTDB_1.0 1.0-5clang1
+ ntdb_unlock_free_bucket@NTDB_1.0 1.0-5clang1
+ ntdb_unlock_hash@NTDB_1.0 1.0-5clang1
+ ntdb_unlock_open@NTDB_1.0 1.0-5clang1
  ntdb_unlockall@NTDB_0.9 1.0
  ntdb_unlockall_read@NTDB_0.9 1.0
  ntdb_unset_attribute@NTDB_0.9 1.0
  ntdb_wipe_all@NTDB_0.9 1.0
+ ntdb_write_convert@NTDB_1.0 1.0-5clang1
dh_makeshlibs: failing due to earlier errors
make[1]: *** [override_dh_makeshlibs] Error 2
debian/rules:63: recipe for target 'override_dh_makeshlibs' failed
make[1]: Leaving directory '/«PKGBUILDDIR»'
make: *** [binary-arch] Error 2
debian/rules:18: recipe for target 'binary-arch' failed
dpkg-buildpackage: error: fakeroot debian/rules binary-arch gave error exit status 2
────────────────────────────────────────────────────────────────────────────────
Build finished at 20140806-1603

Finished
────────

E: Build failure (dpkg-buildpackage died)

┌──────────────────────────────────────────────────────────────────────────────┐
│ Cleanup                                                                      │
└──────────────────────────────────────────────────────────────────────────────┘

Purging /«BUILDDIR»
Not cleaning session: cloned chroot in use

┌──────────────────────────────────────────────────────────────────────────────┐
│ Summary                                                                      │
└──────────────────────────────────────────────────────────────────────────────┘

Build Architecture: amd64
Build-Space: 11752
Build-Time: 90
Distribution: unstable
Fail-Stage: build
Host Architecture: amd64
Install-Time: 47
Job: ntdb_1.0-5
Machine Architecture: amd64
Package: ntdb
Package-Time: 168
Source-Version: 1.0-5
Space: 11752
Status: attempted
Version: 1.0-5clang1
────────────────────────────────────────────────────────────────────────────────
Finished at 20140806-1603
Build needed 00:02:48, 11752k disc space
DC-Status: Failed 168.995630339s
DC-Time-Estimation: 168.995630339 versus expected 430 (r/m: 1.544444487336349 ; m: 168.995630339)
