DC-Build-Header: cvs 2:1.12.13+real-15 / 2015-03-26 04:53:48 +0000
DC-Task: source:cvs version:2:1.12.13+real-15 architecture:any chroot:unstable esttime:818 logfile:/tmp/cvs_1.12.13+real-15_unstable_clang.log modes:binary-only:parallel:clang
DC-Sbuild-call: su user -c 'sbuild -n --apt-update -d unstable -v  --chroot-setup-commands=/tmp/clang cvs_2:1.12.13+real-15'
sbuild (Debian sbuild) 0.63.2 (18 Aug 2012) on ip-172-31-2-149.us-west-2.compute.internal

╔══════════════════════════════════════════════════════════════════════════════╗
║ cvs 2:1.12.13+real-15 (amd64)                              26 Mar 2015 04:53 ║
╚══════════════════════════════════════════════════════════════════════════════╝

Package: cvs
Version: 2:1.12.13+real-15
Source Version: 2:1.12.13+real-15
Distribution: unstable
Machine Architecture: amd64
Host Architecture: amd64
Build Architecture: amd64


┌──────────────────────────────────────────────────────────────────────────────┐
│ Summary                                                                      │
└──────────────────────────────────────────────────────────────────────────────┘

Build Architecture: amd64
Build-Space: 0
Build-Time: 0
Distribution: unstable
Fail-Stage: init
Host Architecture: amd64
Install-Time: 0
Job: cvs_2:1.12.13+real-15
Machine Architecture: amd64
Package: cvs
Package-Time: 0
Source-Version: 2:1.12.13+real-15
Space: 0
Status: failed
Version: 2:1.12.13+real-15
────────────────────────────────────────────────────────────────────────────────
Finished at 20150326-0453
Build needed 00:00:00, 0k disc space
DC-Status: Failed 543.988825414s
DC-Time-Estimation: 543.988825414 versus expected 818 (r/m: 0.5037073590205924 ; m: 543.988825414)
