DC-Build-Header: sphinxbase 0.8-6 / 2015-03-26 05:39:24 +0000
DC-Task: source:sphinxbase version:0.8-6 architecture:any chroot:unstable esttime:680 logfile:/tmp/sphinxbase_0.8-6_unstable_clang.log modes:binary-only:parallel:clang
DC-Sbuild-call: su user -c 'sbuild -n --apt-update -d unstable -v  --chroot-setup-commands=/tmp/clang sphinxbase_0.8-6'
sbuild (Debian sbuild) 0.63.2 (18 Aug 2012) on ip-172-31-2-149.us-west-2.compute.internal

╔══════════════════════════════════════════════════════════════════════════════╗
║ sphinxbase 0.8-6 (amd64)                                   26 Mar 2015 05:39 ║
╚══════════════════════════════════════════════════════════════════════════════╝

Package: sphinxbase
Version: 0.8-6
Source Version: 0.8-6
Distribution: unstable
Machine Architecture: amd64
Host Architecture: amd64
Build Architecture: amd64


┌──────────────────────────────────────────────────────────────────────────────┐
│ Summary                                                                      │
└──────────────────────────────────────────────────────────────────────────────┘

Build Architecture: amd64
Build-Space: 0
Build-Time: 0
Distribution: unstable
Fail-Stage: init
Host Architecture: amd64
Install-Time: 0
Job: sphinxbase_0.8-6
Machine Architecture: amd64
Package: sphinxbase
Package-Time: 0
Source-Version: 0.8-6
Space: 0
Status: failed
Version: 0.8-6
────────────────────────────────────────────────────────────────────────────────
Finished at 20150326-0539
Build needed 00:00:00, 0k disc space
DC-Status: Failed 547.234726337s
DC-Time-Estimation: 547.234726337 versus expected 680 (r/m: 0.2426112000451522 ; m: 547.234726337)
