DC-Build-Header: elfutils 0.159-2 / 2014-06-17 12:24:17 +0000
DC-Task: source:elfutils version:0.159-2 architecture:any chroot:unstable esttime:957 logfile:/tmp/elfutils_0.159-2_unstable_clang.log modes:binary-only:parallel:clang
DC-Sbuild-call: su user -c 'sbuild -n --apt-update -d unstable -v  --chroot-setup-commands=/tmp/switch-to-clang --append-to-version "clang1" --maintainer "Lucas Nussbaum <lucas@debian.org>" --uploader "Lucas Nussbaum <lucas@debian.org>" elfutils_0.159-2'
sbuild (Debian sbuild) 0.63.2 (18 Aug 2012) on ip-172-31-9-162.us-west-2.compute.internal

╔══════════════════════════════════════════════════════════════════════════════╗
║ elfutils 0.159-2clang1 (amd64)                             17 Jun 2014 12:24 ║
╚══════════════════════════════════════════════════════════════════════════════╝

Package: elfutils
Version: 0.159-2clang1
Source Version: 0.159-2
Distribution: unstable
Machine Architecture: amd64
Host Architecture: amd64
Build Architecture: amd64

I: NOTICE: Log filtering will replace 'build/elfutils-mFTAyQ/elfutils-0.159' with '«PKGBUILDDIR»'
I: NOTICE: Log filtering will replace 'build/elfutils-mFTAyQ' with '«BUILDDIR»'
I: NOTICE: Log filtering will replace 'var/lib/schroot/mount/unstable-amd64-sbuild-6cff1d8b-c202-4afe-ae1f-0b448cb93978' with '«CHROOT»'

┌──────────────────────────────────────────────────────────────────────────────┐
│ Update chroot                                                                │
└──────────────────────────────────────────────────────────────────────────────┘

Get:1 http://localhost:9999 unstable InRelease [206 kB]
Ign http://localhost:9999 unstable/main Sources/DiffIndex
Ign http://localhost:9999 unstable/main amd64 Packages/DiffIndex
Get:2 http://localhost:9999 unstable/main Translation-en/DiffIndex [7876 B]
Get:3 http://localhost:9999 unstable/main 2014-06-16-2054.31.pdiff [699 B]
Get:4 http://localhost:9999 unstable/main 2014-06-16-2054.31.pdiff [699 B]
Get:5 http://localhost:9999 unstable/main Sources [9439 kB]
Get:6 http://localhost:9999 unstable/main amd64 Packages [9063 kB]
Fetched 18.7 MB in 4s (4303 kB/s)
Reading package lists...
Reading package lists...
Building dependency tree...
Reading state information...
The following packages will be upgraded:
  libc-bin libc-dev-bin libc6 libc6-dev linux-libc-dev multiarch-support
6 upgraded, 0 newly installed, 0 to remove and 0 not upgraded.
Need to get 9447 kB of archives.
After this operation, 10.2 kB of additional disk space will be used.
Get:1 http://localhost:9999/debian/ unstable/main libc6-dev amd64 2.19-2 [2000 kB]
Get:2 http://localhost:9999/debian/ unstable/main libc-dev-bin amd64 2.19-2 [235 kB]
Get:3 http://localhost:9999/debian/ unstable/main linux-libc-dev amd64 3.14.7-1 [937 kB]
Get:4 http://localhost:9999/debian/ unstable/main libc-bin amd64 2.19-2 [1288 kB]
Get:5 http://localhost:9999/debian/ unstable/main libc6 amd64 2.19-2 [4816 kB]
Get:6 http://localhost:9999/debian/ unstable/main multiarch-support amd64 2.19-2 [171 kB]
debconf: delaying package configuration, since apt-utils is not installed
Fetched 9447 kB in 0s (23.3 MB/s)
(Reading database ... 14215 files and directories currently installed.)
Preparing to unpack .../libc6-dev_2.19-2_amd64.deb ...
Unpacking libc6-dev:amd64 (2.19-2) over (2.19-1) ...
Preparing to unpack .../libc-dev-bin_2.19-2_amd64.deb ...
Unpacking libc-dev-bin (2.19-2) over (2.19-1) ...
Preparing to unpack .../linux-libc-dev_3.14.7-1_amd64.deb ...
Unpacking linux-libc-dev:amd64 (3.14.7-1) over (3.14.5-1) ...
Preparing to unpack .../libc-bin_2.19-2_amd64.deb ...
Unpacking libc-bin (2.19-2) over (2.19-1) ...
Preparing to unpack .../libc6_2.19-2_amd64.deb ...
Unpacking libc6:amd64 (2.19-2) over (2.19-1) ...
Setting up libc6:amd64 (2.19-2) ...
Setting up libc-bin (2.19-2) ...
(Reading database ... 14216 files and directories currently installed.)
Preparing to unpack .../multiarch-support_2.19-2_amd64.deb ...
Unpacking multiarch-support (2.19-2) over (2.19-1) ...
Setting up multiarch-support (2.19-2) ...
Setting up libc-dev-bin (2.19-2) ...
Setting up linux-libc-dev:amd64 (3.14.7-1) ...
Setting up libc6-dev:amd64 (2.19-2) ...

┌──────────────────────────────────────────────────────────────────────────────┐
│ Fetch source files                                                           │
└──────────────────────────────────────────────────────────────────────────────┘


Check APT
─────────

Checking available source versions...

Download source files with APT
──────────────────────────────

Reading package lists...
Building dependency tree...
Reading state information...
Need to get 5518 kB of source archives.
Get:1 http://localhost:9999/debian/ unstable/main elfutils 0.159-2 (dsc) [2251 B]
Get:2 http://localhost:9999/debian/ unstable/main elfutils 0.159-2 (tar) [5469 kB]
Get:3 http://localhost:9999/debian/ unstable/main elfutils 0.159-2 (diff) [47.1 kB]
Fetched 5518 kB in 0s (6738 kB/s)
Download complete and in download only mode

Check arch
──────────


┌──────────────────────────────────────────────────────────────────────────────┐
│ Chroot Setup Commands                                                        │
└──────────────────────────────────────────────────────────────────────────────┘


/tmp/switch-to-clang
────────────────────

+ echo 'Entering customization script...'
Entering customization script...
+ echo 'Install of clang-3.4'
Install of clang-3.4
+ apt-get update
Hit http://localhost:9999 unstable InRelease
Ign http://localhost:9999 unstable/main Sources/DiffIndex
Ign http://localhost:9999 unstable/main amd64 Packages/DiffIndex
Hit http://localhost:9999 unstable/main Translation-en/DiffIndex
Hit http://localhost:9999 unstable/main Sources
Hit http://localhost:9999 unstable/main amd64 Packages
Reading package lists...
+ apt-get install --yes --no-install-recommends --force-yes clang-3.4
Reading package lists...
Building dependency tree...
Reading state information...
The following extra packages will be installed:
  libclang-common-3.4-dev libclang1-3.4 libffi6 libllvm3.4 libobjc-4.9-dev
  libobjc4
Suggested packages:
  gnustep gnustep-devel
Recommended packages:
  llvm-3.4-dev python
The following NEW packages will be installed:
  clang-3.4 libclang-common-3.4-dev libclang1-3.4 libffi6 libllvm3.4
  libobjc-4.9-dev libobjc4
0 upgraded, 7 newly installed, 0 to remove and 0 not upgraded.
Need to get 30.6 MB of archives.
After this operation, 118 MB of additional disk space will be used.
Get:1 http://localhost:9999/debian/ unstable/main libffi6 amd64 3.1-2 [19.8 kB]
Get:2 http://localhost:9999/debian/ unstable/main libllvm3.4 amd64 1:3.4.2-1 [6721 kB]
Get:3 http://localhost:9999/debian/ unstable/main libobjc4 amd64 4.9.0-6 [112 kB]
Get:4 http://localhost:9999/debian/ unstable/main libobjc-4.9-dev amd64 4.9.0-6 [372 kB]
Get:5 http://localhost:9999/debian/ unstable/main libclang1-3.4 amd64 1:3.4.2-1 [3618 kB]
Get:6 http://localhost:9999/debian/ unstable/main libclang-common-3.4-dev amd64 1:3.4.2-1 [539 kB]
Get:7 http://localhost:9999/debian/ unstable/main clang-3.4 amd64 1:3.4.2-1 [19.2 MB]
debconf: delaying package configuration, since apt-utils is not installed
Fetched 30.6 MB in 1s (28.1 MB/s)
Selecting previously unselected package libffi6:amd64.
(Reading database ... 14216 files and directories currently installed.)
Preparing to unpack .../libffi6_3.1-2_amd64.deb ...
Unpacking libffi6:amd64 (3.1-2) ...
Selecting previously unselected package libllvm3.4:amd64.
Preparing to unpack .../libllvm3.4_1%3a3.4.2-1_amd64.deb ...
Unpacking libllvm3.4:amd64 (1:3.4.2-1) ...
Selecting previously unselected package libobjc4:amd64.
Preparing to unpack .../libobjc4_4.9.0-6_amd64.deb ...
Unpacking libobjc4:amd64 (4.9.0-6) ...
Selecting previously unselected package libobjc-4.9-dev:amd64.
Preparing to unpack .../libobjc-4.9-dev_4.9.0-6_amd64.deb ...
Unpacking libobjc-4.9-dev:amd64 (4.9.0-6) ...
Selecting previously unselected package libclang1-3.4:amd64.
Preparing to unpack .../libclang1-3.4_1%3a3.4.2-1_amd64.deb ...
Unpacking libclang1-3.4:amd64 (1:3.4.2-1) ...
Selecting previously unselected package libclang-common-3.4-dev.
Preparing to unpack .../libclang-common-3.4-dev_1%3a3.4.2-1_amd64.deb ...
Unpacking libclang-common-3.4-dev (1:3.4.2-1) ...
Selecting previously unselected package clang-3.4.
Preparing to unpack .../clang-3.4_1%3a3.4.2-1_amd64.deb ...
Unpacking clang-3.4 (1:3.4.2-1) ...
Setting up libffi6:amd64 (3.1-2) ...
Setting up libllvm3.4:amd64 (1:3.4.2-1) ...
Setting up libobjc4:amd64 (4.9.0-6) ...
Setting up libobjc-4.9-dev:amd64 (4.9.0-6) ...
Setting up libclang1-3.4:amd64 (1:3.4.2-1) ...
Setting up libclang-common-3.4-dev (1:3.4.2-1) ...
Setting up clang-3.4 (1:3.4.2-1) ...
Processing triggers for libc-bin (2.19-2) ...
+ echo 'Replace gcc, g++ & cpp by clang'
Replace gcc, g++ & cpp by clang
+ VERSIONS='4.6 4.7 4.8 4.9'
+ cd /usr/bin
+ for VERSION in '$VERSIONS'
+ rm -f g++-4.6 gcc-4.6 cpp-4.6
+ ln -s clang++ g++-4.6
+ ln -s clang gcc-4.6
+ ln -s clang cpp-4.6
+ echo 'gcc-4.6 hold'
+ dpkg --set-selections
+ echo 'g++-4.6 hold'
+ dpkg --set-selections
+ for VERSION in '$VERSIONS'
+ rm -f g++-4.7 gcc-4.7 cpp-4.7
+ ln -s clang++ g++-4.7
+ ln -s clang gcc-4.7
+ ln -s clang cpp-4.7
+ echo 'gcc-4.7 hold'
+ dpkg --set-selections
+ echo 'g++-4.7 hold'
+ dpkg --set-selections
+ for VERSION in '$VERSIONS'
+ rm -f g++-4.8 gcc-4.8 cpp-4.8
+ ln -s clang++ g++-4.8
+ ln -s clang gcc-4.8
+ ln -s clang cpp-4.8
+ echo 'gcc-4.8 hold'
+ dpkg --set-selections
dpkg: warning: package not in database at line 1: gcc-4.8
dpkg: warning: found unknown packages; this might mean the available database
is outdated, and needs to be updated through a frontend method
+ echo 'g++-4.8 hold'
+ dpkg --set-selections
dpkg: warning: package not in database at line 1: g++-4.8
dpkg: warning: found unknown packages; this might mean the available database
is outdated, and needs to be updated through a frontend method
+ for VERSION in '$VERSIONS'
+ rm -f g++-4.9 gcc-4.9 cpp-4.9
+ ln -s clang++ g++-4.9
+ ln -s clang gcc-4.9
+ ln -s clang cpp-4.9
+ echo 'gcc-4.9 hold'
+ dpkg --set-selections
+ echo 'g++-4.9 hold'
+ dpkg --set-selections
+ cd -
/«BUILDDIR»
+ echo 'Check if gcc, g++ & cpp are actually clang'
Check if gcc, g++ & cpp are actually clang
+ gcc --version
+ grep clang
+ cpp --version
+ grep clang
+ g++ --version
+ grep clang

I: Finished running '/tmp/switch-to-clang'.

Finished processing commands.
────────────────────────────────────────────────────────────────────────────────
Merged Build-Depends: build-essential, fakeroot
Filtered Build-Depends: build-essential, fakeroot
dpkg-deb: building package `sbuild-build-depends-core-dummy' in `/«BUILDDIR»/resolver-SdfpBT/apt_archive/sbuild-build-depends-core-dummy.deb'.
OK
Reading package lists...

┌──────────────────────────────────────────────────────────────────────────────┐
│ Install core build dependencies (apt-based resolver)                         │
└──────────────────────────────────────────────────────────────────────────────┘

Installing build dependencies
Reading package lists...
Building dependency tree...
Reading state information...
The following NEW packages will be installed:
  sbuild-build-depends-core-dummy
debconf: delaying package configuration, since apt-utils is not installed
0 upgraded, 1 newly installed, 0 to remove and 0 not upgraded.
Need to get 0 B/818 B of archives.
After this operation, 0 B of additional disk space will be used.
Selecting previously unselected package sbuild-build-depends-core-dummy.
(Reading database ... 14431 files and directories currently installed.)
Preparing to unpack .../sbuild-build-depends-core-dummy.deb ...
Unpacking sbuild-build-depends-core-dummy (0.invalid.0) ...
Setting up sbuild-build-depends-core-dummy (0.invalid.0) ...
Merged Build-Depends: base-files, base-passwd, bash, bsdutils, coreutils, dash, debianutils, diffutils, dpkg, e2fsprogs, findutils, grep, gzip, hostname, libc-bin, login, mount, ncurses-base, ncurses-bin, perl-base, sed, sysvinit, sysvinit-utils, tar, util-linux, libc6-dev | libc-dev, gcc (>= 4:4.4.3), g++ (>= 4:4.4.3), make, dpkg-dev (>= 1.13.5), debhelper (>= 8.1.3), autotools-dev, autoconf, automake, bzip2, zlib1g-dev, libbz2-dev, liblzma-dev, m4, gettext, gawk, dpkg-dev (>= 1.16.1~), gcc-multilib
Merged Build-Conflicts: autoconf2.13, automake1.4
Filtered Build-Depends: base-files, base-passwd, bash, bsdutils, coreutils, dash, debianutils, diffutils, dpkg, e2fsprogs, findutils, grep, gzip, hostname, libc-bin, login, mount, ncurses-base, ncurses-bin, perl-base, sed, sysvinit, sysvinit-utils, tar, util-linux, libc6-dev, gcc (>= 4:4.4.3), g++ (>= 4:4.4.3), make, dpkg-dev (>= 1.13.5), debhelper (>= 8.1.3), autotools-dev, autoconf, automake, bzip2, zlib1g-dev, libbz2-dev, liblzma-dev, m4, gettext, gawk, dpkg-dev (>= 1.16.1~), gcc-multilib
Filtered Build-Conflicts: autoconf2.13, automake1.4
dpkg-deb: building package `sbuild-build-depends-elfutils-dummy' in `/«BUILDDIR»/resolver-JWee6t/apt_archive/sbuild-build-depends-elfutils-dummy.deb'.
OK
Reading package lists...

┌──────────────────────────────────────────────────────────────────────────────┐
│ Install elfutils build dependencies (apt-based resolver)                     │
└──────────────────────────────────────────────────────────────────────────────┘

Installing build dependencies
Reading package lists...
Building dependency tree...
Reading state information...
The following extra packages will be installed:
  autoconf automake autotools-dev bsdmainutils debhelper file gawk
  gcc-4.9-multilib gcc-multilib gettext gettext-base groff-base
  intltool-debian lib32asan1 lib32atomic1 lib32cilkrts5 lib32gcc-4.9-dev
  lib32gcc1 lib32gomp1 lib32itm1 lib32quadmath0 lib32stdc++6 lib32ubsan0
  lib32vtv0 libasprintf0c2 libbz2-dev libc6-dev-i386 libc6-dev-x32 libc6-i386
  libc6-x32 libcroco3 libglib2.0-0 liblzma-dev libmagic1 libpipeline1
  libsigsegv2 libunistring0 libx32asan1 libx32atomic1 libx32cilkrts5
  libx32gcc-4.9-dev libx32gcc1 libx32gomp1 libx32itm1 libx32quadmath0
  libx32ubsan0 libx32vtv0 libxml2 m4 man-db po-debconf zlib1g-dev
Suggested packages:
  autoconf2.13 autoconf-archive gnu-standards autoconf-doc libtool wamerican
  wordlist whois vacation dh-make gawk-doc gettext-doc groff liblzma-doc less
  www-browser libmail-box-perl
Recommended packages:
  curl wget lynx-cur autopoint libasprintf-dev libgettextpo-dev
  libglib2.0-data shared-mime-info xml-core libmail-sendmail-perl
The following NEW packages will be installed:
  autoconf automake autotools-dev bsdmainutils debhelper file gawk
  gcc-4.9-multilib gcc-multilib gettext gettext-base groff-base
  intltool-debian lib32asan1 lib32atomic1 lib32cilkrts5 lib32gcc-4.9-dev
  lib32gcc1 lib32gomp1 lib32itm1 lib32quadmath0 lib32stdc++6 lib32ubsan0
  lib32vtv0 libasprintf0c2 libbz2-dev libc6-dev-i386 libc6-dev-x32 libc6-i386
  libc6-x32 libcroco3 libglib2.0-0 liblzma-dev libmagic1 libpipeline1
  libsigsegv2 libunistring0 libx32asan1 libx32atomic1 libx32cilkrts5
  libx32gcc-4.9-dev libx32gcc1 libx32gomp1 libx32itm1 libx32quadmath0
  libx32ubsan0 libx32vtv0 libxml2 m4 man-db po-debconf
  sbuild-build-depends-elfutils-dummy zlib1g-dev
0 upgraded, 53 newly installed, 0 to remove and 0 not upgraded.
Need to get 24.1 MB/24.1 MB of archives.
After this operation, 85.1 MB of additional disk space will be used.
Get:1 http://localhost:9999/debian/ unstable/main libpipeline1 amd64 1.3.0-1 [25.8 kB]
Get:2 http://localhost:9999/debian/ unstable/main groff-base amd64 1.22.2-5 [1043 kB]
Get:3 http://localhost:9999/debian/ unstable/main bsdmainutils amd64 9.0.5 [211 kB]
Get:4 http://localhost:9999/debian/ unstable/main man-db amd64 2.6.7.1-1 [990 kB]
Get:5 http://localhost:9999/debian/ unstable/main libasprintf0c2 amd64 0.18.3.2-2 [29.4 kB]
Get:6 http://localhost:9999/debian/ unstable/main libmagic1 amd64 1:5.19-1 [237 kB]
Get:7 http://localhost:9999/debian/ unstable/main libxml2 amd64 2.9.1+dfsg1-3 [791 kB]
Get:8 http://localhost:9999/debian/ unstable/main libsigsegv2 amd64 2.10-4 [28.8 kB]
Get:9 http://localhost:9999/debian/ unstable/main gawk amd64 1:4.1.1+dfsg-1 [520 kB]
Get:10 http://localhost:9999/debian/ unstable/main libglib2.0-0 amd64 2.40.0-3 [2405 kB]
Get:11 http://localhost:9999/debian/ unstable/main libcroco3 amd64 0.6.8-2 [133 kB]
Get:12 http://localhost:9999/debian/ unstable/main libunistring0 amd64 0.9.3-5 [434 kB]
Get:13 http://localhost:9999/debian/ unstable/main file amd64 1:5.19-1 [58.0 kB]
Get:14 http://localhost:9999/debian/ unstable/main gettext-base amd64 0.18.3.2-2 [116 kB]
Get:15 http://localhost:9999/debian/ unstable/main m4 amd64 1.4.17-4 [254 kB]
Get:16 http://localhost:9999/debian/ unstable/main autoconf all 2.69-6 [340 kB]
Get:17 http://localhost:9999/debian/ unstable/main autotools-dev all 20140510.1 [70.3 kB]
Get:18 http://localhost:9999/debian/ unstable/main automake all 1:1.14.1-3 [725 kB]
Get:19 http://localhost:9999/debian/ unstable/main gettext amd64 0.18.3.2-2 [1202 kB]
Get:20 http://localhost:9999/debian/ unstable/main intltool-debian all 0.35.0+20060710.1 [30.8 kB]
Get:21 http://localhost:9999/debian/ unstable/main po-debconf all 1.0.16+nmu2 [224 kB]
Get:22 http://localhost:9999/debian/ unstable/main debhelper all 9.20140613 [692 kB]
Get:23 http://localhost:9999/debian/ unstable/main libc6-i386 amd64 2.19-2 [2368 kB]
Get:24 http://localhost:9999/debian/ unstable/main libc6-dev-i386 amd64 2.19-2 [1311 kB]
Get:25 http://localhost:9999/debian/ unstable/main libc6-x32 amd64 2.19-2 [2595 kB]
Get:26 http://localhost:9999/debian/ unstable/main libc6-dev-x32 amd64 2.19-2 [1578 kB]
Get:27 http://localhost:9999/debian/ unstable/main lib32gcc1 amd64 1:4.9.0-6 [47.9 kB]
Get:28 http://localhost:9999/debian/ unstable/main libx32gcc1 amd64 1:4.9.0-6 [38.7 kB]
Get:29 http://localhost:9999/debian/ unstable/main lib32gomp1 amd64 4.9.0-6 [38.9 kB]
Get:30 http://localhost:9999/debian/ unstable/main libx32gomp1 amd64 4.9.0-6 [35.6 kB]
Get:31 http://localhost:9999/debian/ unstable/main lib32itm1 amd64 4.9.0-6 [31.6 kB]
Get:32 http://localhost:9999/debian/ unstable/main libx32itm1 amd64 4.9.0-6 [28.7 kB]
Get:33 http://localhost:9999/debian/ unstable/main lib32atomic1 amd64 4.9.0-6 [8608 B]
Get:34 http://localhost:9999/debian/ unstable/main libx32atomic1 amd64 4.9.0-6 [8988 B]
Get:35 http://localhost:9999/debian/ unstable/main lib32stdc++6 amd64 4.9.0-6 [280 kB]
Get:36 http://localhost:9999/debian/ unstable/main lib32asan1 amd64 4.9.0-6 [185 kB]
Get:37 http://localhost:9999/debian/ unstable/main libx32asan1 amd64 4.9.0-6 [187 kB]
Get:38 http://localhost:9999/debian/ unstable/main lib32ubsan0 amd64 4.9.0-6 [87.9 kB]
Get:39 http://localhost:9999/debian/ unstable/main libx32ubsan0 amd64 4.9.0-6 [82.1 kB]
Get:40 http://localhost:9999/debian/ unstable/main lib32vtv0 amd64 4.9.0-6 [2420 B]
Get:41 http://localhost:9999/debian/ unstable/main libx32vtv0 amd64 4.9.0-6 [2398 B]
Get:42 http://localhost:9999/debian/ unstable/main lib32cilkrts5 amd64 4.9.0-6 [42.8 kB]
Get:43 http://localhost:9999/debian/ unstable/main libx32cilkrts5 amd64 4.9.0-6 [39.1 kB]
Get:44 http://localhost:9999/debian/ unstable/main lib32quadmath0 amd64 4.9.0-6 [193 kB]
Get:45 http://localhost:9999/debian/ unstable/main libx32quadmath0 amd64 4.9.0-6 [132 kB]
Get:46 http://localhost:9999/debian/ unstable/main lib32gcc-4.9-dev amd64 4.9.0-6 [1908 kB]
Get:47 http://localhost:9999/debian/ unstable/main libx32gcc-4.9-dev amd64 4.9.0-6 [1775 kB]
Get:48 http://localhost:9999/debian/ unstable/main gcc-4.9-multilib amd64 4.9.0-6 [974 B]
Get:49 http://localhost:9999/debian/ unstable/main gcc-multilib amd64 4:4.9.0-3 [994 B]
Get:50 http://localhost:9999/debian/ unstable/main libbz2-dev amd64 1.0.6-5 [28.7 kB]
Get:51 http://localhost:9999/debian/ unstable/main liblzma-dev amd64 5.1.1alpha+20120614-2 [277 kB]
Get:52 http://localhost:9999/debian/ unstable/main zlib1g-dev amd64 1:1.2.8.dfsg-1 [217 kB]
debconf: delaying package configuration, since apt-utils is not installed
Fetched 24.1 MB in 1s (23.4 MB/s)
Selecting previously unselected package libpipeline1:amd64.
(Reading database ... 14431 files and directories currently installed.)
Preparing to unpack .../libpipeline1_1.3.0-1_amd64.deb ...
Unpacking libpipeline1:amd64 (1.3.0-1) ...
Selecting previously unselected package groff-base.
Preparing to unpack .../groff-base_1.22.2-5_amd64.deb ...
Unpacking groff-base (1.22.2-5) ...
Selecting previously unselected package bsdmainutils.
Preparing to unpack .../bsdmainutils_9.0.5_amd64.deb ...
Unpacking bsdmainutils (9.0.5) ...
Selecting previously unselected package man-db.
Preparing to unpack .../man-db_2.6.7.1-1_amd64.deb ...
Unpacking man-db (2.6.7.1-1) ...
Selecting previously unselected package libasprintf0c2:amd64.
Preparing to unpack .../libasprintf0c2_0.18.3.2-2_amd64.deb ...
Unpacking libasprintf0c2:amd64 (0.18.3.2-2) ...
Selecting previously unselected package libmagic1:amd64.
Preparing to unpack .../libmagic1_1%3a5.19-1_amd64.deb ...
Unpacking libmagic1:amd64 (1:5.19-1) ...
Selecting previously unselected package libxml2:amd64.
Preparing to unpack .../libxml2_2.9.1+dfsg1-3_amd64.deb ...
Unpacking libxml2:amd64 (2.9.1+dfsg1-3) ...
Selecting previously unselected package libsigsegv2:amd64.
Preparing to unpack .../libsigsegv2_2.10-4_amd64.deb ...
Unpacking libsigsegv2:amd64 (2.10-4) ...
Setting up libsigsegv2:amd64 (2.10-4) ...
Processing triggers for libc-bin (2.19-2) ...
Selecting previously unselected package gawk.
(Reading database ... 15013 files and directories currently installed.)
Preparing to unpack .../gawk_1%3a4.1.1+dfsg-1_amd64.deb ...
Unpacking gawk (1:4.1.1+dfsg-1) ...
Selecting previously unselected package libglib2.0-0:amd64.
Preparing to unpack .../libglib2.0-0_2.40.0-3_amd64.deb ...
Unpacking libglib2.0-0:amd64 (2.40.0-3) ...
Selecting previously unselected package libcroco3:amd64.
Preparing to unpack .../libcroco3_0.6.8-2_amd64.deb ...
Unpacking libcroco3:amd64 (0.6.8-2) ...
Selecting previously unselected package libunistring0:amd64.
Preparing to unpack .../libunistring0_0.9.3-5_amd64.deb ...
Unpacking libunistring0:amd64 (0.9.3-5) ...
Selecting previously unselected package file.
Preparing to unpack .../file_1%3a5.19-1_amd64.deb ...
Unpacking file (1:5.19-1) ...
Selecting previously unselected package gettext-base.
Preparing to unpack .../gettext-base_0.18.3.2-2_amd64.deb ...
Unpacking gettext-base (0.18.3.2-2) ...
Selecting previously unselected package m4.
Preparing to unpack .../archives/m4_1.4.17-4_amd64.deb ...
Unpacking m4 (1.4.17-4) ...
Selecting previously unselected package autoconf.
Preparing to unpack .../autoconf_2.69-6_all.deb ...
Unpacking autoconf (2.69-6) ...
Selecting previously unselected package autotools-dev.
Preparing to unpack .../autotools-dev_20140510.1_all.deb ...
Unpacking autotools-dev (20140510.1) ...
Selecting previously unselected package automake.
Preparing to unpack .../automake_1%3a1.14.1-3_all.deb ...
Unpacking automake (1:1.14.1-3) ...
Selecting previously unselected package gettext.
Preparing to unpack .../gettext_0.18.3.2-2_amd64.deb ...
Unpacking gettext (0.18.3.2-2) ...
Selecting previously unselected package intltool-debian.
Preparing to unpack .../intltool-debian_0.35.0+20060710.1_all.deb ...
Unpacking intltool-debian (0.35.0+20060710.1) ...
Selecting previously unselected package po-debconf.
Preparing to unpack .../po-debconf_1.0.16+nmu2_all.deb ...
Unpacking po-debconf (1.0.16+nmu2) ...
Selecting previously unselected package debhelper.
Preparing to unpack .../debhelper_9.20140613_all.deb ...
Unpacking debhelper (9.20140613) ...
Selecting previously unselected package libc6-i386.
Preparing to unpack .../libc6-i386_2.19-2_amd64.deb ...
Unpacking libc6-i386 (2.19-2) ...
Selecting previously unselected package libc6-dev-i386.
Preparing to unpack .../libc6-dev-i386_2.19-2_amd64.deb ...
Unpacking libc6-dev-i386 (2.19-2) ...
Selecting previously unselected package libc6-x32.
Preparing to unpack .../libc6-x32_2.19-2_amd64.deb ...
Unpacking libc6-x32 (2.19-2) ...
Selecting previously unselected package libc6-dev-x32.
Preparing to unpack .../libc6-dev-x32_2.19-2_amd64.deb ...
Unpacking libc6-dev-x32 (2.19-2) ...
Selecting previously unselected package lib32gcc1.
Preparing to unpack .../lib32gcc1_1%3a4.9.0-6_amd64.deb ...
Unpacking lib32gcc1 (1:4.9.0-6) ...
Selecting previously unselected package libx32gcc1.
Preparing to unpack .../libx32gcc1_1%3a4.9.0-6_amd64.deb ...
Unpacking libx32gcc1 (1:4.9.0-6) ...
Selecting previously unselected package lib32gomp1.
Preparing to unpack .../lib32gomp1_4.9.0-6_amd64.deb ...
Unpacking lib32gomp1 (4.9.0-6) ...
Selecting previously unselected package libx32gomp1.
Preparing to unpack .../libx32gomp1_4.9.0-6_amd64.deb ...
Unpacking libx32gomp1 (4.9.0-6) ...
Selecting previously unselected package lib32itm1.
Preparing to unpack .../lib32itm1_4.9.0-6_amd64.deb ...
Unpacking lib32itm1 (4.9.0-6) ...
Selecting previously unselected package libx32itm1.
Preparing to unpack .../libx32itm1_4.9.0-6_amd64.deb ...
Unpacking libx32itm1 (4.9.0-6) ...
Selecting previously unselected package lib32atomic1.
Preparing to unpack .../lib32atomic1_4.9.0-6_amd64.deb ...
Unpacking lib32atomic1 (4.9.0-6) ...
Selecting previously unselected package libx32atomic1.
Preparing to unpack .../libx32atomic1_4.9.0-6_amd64.deb ...
Unpacking libx32atomic1 (4.9.0-6) ...
Selecting previously unselected package lib32stdc++6.
Preparing to unpack .../lib32stdc++6_4.9.0-6_amd64.deb ...
Unpacking lib32stdc++6 (4.9.0-6) ...
Selecting previously unselected package lib32asan1.
Preparing to unpack .../lib32asan1_4.9.0-6_amd64.deb ...
Unpacking lib32asan1 (4.9.0-6) ...
Selecting previously unselected package libx32asan1.
Preparing to unpack .../libx32asan1_4.9.0-6_amd64.deb ...
Unpacking libx32asan1 (4.9.0-6) ...
Selecting previously unselected package lib32ubsan0.
Preparing to unpack .../lib32ubsan0_4.9.0-6_amd64.deb ...
Unpacking lib32ubsan0 (4.9.0-6) ...
Selecting previously unselected package libx32ubsan0.
Preparing to unpack .../libx32ubsan0_4.9.0-6_amd64.deb ...
Unpacking libx32ubsan0 (4.9.0-6) ...
Selecting previously unselected package lib32vtv0.
Preparing to unpack .../lib32vtv0_4.9.0-6_amd64.deb ...
Unpacking lib32vtv0 (4.9.0-6) ...
Selecting previously unselected package libx32vtv0.
Preparing to unpack .../libx32vtv0_4.9.0-6_amd64.deb ...
Unpacking libx32vtv0 (4.9.0-6) ...
Selecting previously unselected package lib32cilkrts5.
Preparing to unpack .../lib32cilkrts5_4.9.0-6_amd64.deb ...
Unpacking lib32cilkrts5 (4.9.0-6) ...
Selecting previously unselected package libx32cilkrts5.
Preparing to unpack .../libx32cilkrts5_4.9.0-6_amd64.deb ...
Unpacking libx32cilkrts5 (4.9.0-6) ...
Selecting previously unselected package lib32quadmath0.
Preparing to unpack .../lib32quadmath0_4.9.0-6_amd64.deb ...
Unpacking lib32quadmath0 (4.9.0-6) ...
Selecting previously unselected package libx32quadmath0.
Preparing to unpack .../libx32quadmath0_4.9.0-6_amd64.deb ...
Unpacking libx32quadmath0 (4.9.0-6) ...
Selecting previously unselected package lib32gcc-4.9-dev.
Preparing to unpack .../lib32gcc-4.9-dev_4.9.0-6_amd64.deb ...
Unpacking lib32gcc-4.9-dev (4.9.0-6) ...
Selecting previously unselected package libx32gcc-4.9-dev.
Preparing to unpack .../libx32gcc-4.9-dev_4.9.0-6_amd64.deb ...
Unpacking libx32gcc-4.9-dev (4.9.0-6) ...
Selecting previously unselected package gcc-4.9-multilib.
Preparing to unpack .../gcc-4.9-multilib_4.9.0-6_amd64.deb ...
Unpacking gcc-4.9-multilib (4.9.0-6) ...
Selecting previously unselected package gcc-multilib.
Preparing to unpack .../gcc-multilib_4%3a4.9.0-3_amd64.deb ...
Unpacking gcc-multilib (4:4.9.0-3) ...
Selecting previously unselected package libbz2-dev:amd64.
Preparing to unpack .../libbz2-dev_1.0.6-5_amd64.deb ...
Unpacking libbz2-dev:amd64 (1.0.6-5) ...
Selecting previously unselected package liblzma-dev:amd64.
Preparing to unpack .../liblzma-dev_5.1.1alpha+20120614-2_amd64.deb ...
Unpacking liblzma-dev:amd64 (5.1.1alpha+20120614-2) ...
Selecting previously unselected package zlib1g-dev:amd64.
Preparing to unpack .../zlib1g-dev_1%3a1.2.8.dfsg-1_amd64.deb ...
Unpacking zlib1g-dev:amd64 (1:1.2.8.dfsg-1) ...
Selecting previously unselected package sbuild-build-depends-elfutils-dummy.
Preparing to unpack .../sbuild-build-depends-elfutils-dummy.deb ...
Unpacking sbuild-build-depends-elfutils-dummy (0.invalid.0) ...
Setting up libpipeline1:amd64 (1.3.0-1) ...
Setting up groff-base (1.22.2-5) ...
Setting up bsdmainutils (9.0.5) ...
update-alternatives: using /usr/bin/bsd-write to provide /usr/bin/write (write) in auto mode
update-alternatives: using /usr/bin/bsd-from to provide /usr/bin/from (from) in auto mode
Setting up man-db (2.6.7.1-1) ...
Not building database; man-db/auto-update is not 'true'.
Setting up libasprintf0c2:amd64 (0.18.3.2-2) ...
Setting up libmagic1:amd64 (1:5.19-1) ...
Setting up libxml2:amd64 (2.9.1+dfsg1-3) ...
Setting up gawk (1:4.1.1+dfsg-1) ...
Setting up libglib2.0-0:amd64 (2.40.0-3) ...
No schema files found: doing nothing.
Setting up libcroco3:amd64 (0.6.8-2) ...
Setting up libunistring0:amd64 (0.9.3-5) ...
Setting up file (1:5.19-1) ...
Setting up gettext-base (0.18.3.2-2) ...
Setting up m4 (1.4.17-4) ...
Setting up autoconf (2.69-6) ...
Setting up autotools-dev (20140510.1) ...
Setting up automake (1:1.14.1-3) ...
update-alternatives: using /usr/bin/automake-1.14 to provide /usr/bin/automake (automake) in auto mode
Setting up gettext (0.18.3.2-2) ...
Setting up intltool-debian (0.35.0+20060710.1) ...
Setting up po-debconf (1.0.16+nmu2) ...
Setting up debhelper (9.20140613) ...
Setting up libc6-i386 (2.19-2) ...
Setting up libc6-dev-i386 (2.19-2) ...
Setting up libc6-x32 (2.19-2) ...
Setting up libc6-dev-x32 (2.19-2) ...
Setting up lib32gcc1 (1:4.9.0-6) ...
Setting up libx32gcc1 (1:4.9.0-6) ...
Setting up lib32gomp1 (4.9.0-6) ...
Setting up libx32gomp1 (4.9.0-6) ...
Setting up lib32itm1 (4.9.0-6) ...
Setting up libx32itm1 (4.9.0-6) ...
Setting up lib32atomic1 (4.9.0-6) ...
Setting up libx32atomic1 (4.9.0-6) ...
Setting up lib32stdc++6 (4.9.0-6) ...
Setting up lib32asan1 (4.9.0-6) ...
Setting up libx32asan1 (4.9.0-6) ...
Setting up lib32ubsan0 (4.9.0-6) ...
Setting up libx32ubsan0 (4.9.0-6) ...
Setting up lib32vtv0 (4.9.0-6) ...
Setting up libx32vtv0 (4.9.0-6) ...
Setting up lib32cilkrts5 (4.9.0-6) ...
Setting up libx32cilkrts5 (4.9.0-6) ...
Setting up lib32quadmath0 (4.9.0-6) ...
Setting up libx32quadmath0 (4.9.0-6) ...
Setting up lib32gcc-4.9-dev (4.9.0-6) ...
Setting up libx32gcc-4.9-dev (4.9.0-6) ...
Setting up gcc-4.9-multilib (4.9.0-6) ...
Setting up gcc-multilib (4:4.9.0-3) ...
Setting up libbz2-dev:amd64 (1.0.6-5) ...
Setting up liblzma-dev:amd64 (5.1.1alpha+20120614-2) ...
Setting up zlib1g-dev:amd64 (1:1.2.8.dfsg-1) ...
Setting up sbuild-build-depends-elfutils-dummy (0.invalid.0) ...
Processing triggers for libc-bin (2.19-2) ...

┌──────────────────────────────────────────────────────────────────────────────┐
│ Build environment                                                            │
└──────────────────────────────────────────────────────────────────────────────┘

Kernel: Linux 2.6.32-5-xen-amd64 amd64 (x86_64)
Toolchain package versions: binutils_2.24.51.20140604-3 dpkg-dev_1.17.10 g++-4.6_4.6.4-7 g++-4.9_4.9.0-6 gcc-4.6_4.6.4-7 gcc-4.7_4.7.4-1 gcc-4.9_4.9.0-6 libc6-dev_2.19-2 libstdc++-4.9-dev_4.9.0-6 libstdc++6_4.9.0-6 libstdc++6-4.6-dev_4.6.4-7 linux-libc-dev_3.14.7-1
Package versions: apt_1.0.4 autoconf_2.69-6 automake_1:1.14.1-3 autotools-dev_20140510.1 base-files_7.3 base-passwd_3.5.33 bash_4.3-7 binutils_2.24.51.20140604-3 bsdmainutils_9.0.5 bsdutils_1:2.20.1-5.8 build-essential_11.6 bzip2_1.0.6-5 clang-3.4_1:3.4.2-1 coreutils_8.21-1.2 cpp_4:4.9.0-3 cpp-4.6_4.6.4-7 cpp-4.7_4.7.4-1 cpp-4.9_4.9.0-6 dash_0.5.7-4 debconf_1.5.53 debconf-i18n_1.5.53 debfoster_2.7-1.2 debhelper_9.20140613 debian-archive-keyring_2012.4 debianutils_4.4 diffutils_1:3.3-1 dpkg_1.17.10 dpkg-dev_1.17.10 e2fslibs_1.42.10-1 e2fsprogs_1.42.10-1 fakeroot_1.20-3 file_1:5.19-1 findutils_4.4.2-8 g++_4:4.9.0-3 g++-4.6_4.6.4-7 g++-4.9_4.9.0-6 gawk_1:4.1.1+dfsg-1 gcc_4:4.9.0-3 gcc-4.4-base_4.4.7-8 gcc-4.5-base_4.5.4-1 gcc-4.6_4.6.4-7 gcc-4.6-base_4.6.4-7 gcc-4.7_4.7.4-1 gcc-4.7-base_4.7.4-1 gcc-4.8-base_4.8.3-3 gcc-4.9_4.9.0-6 gcc-4.9-base_4.9.0-6 gcc-4.9-multilib_4.9.0-6 gcc-multilib_4:4.9.0-3 gettext_0.18.3.2-2 gettext-base_0.18.3.2-2 gnupg_1.4.16-1.1 gpgv_1.4.16-1.1 grep_2.18-2 groff-base_1.22.2-5 gzip_1.6-3 hostname_3.15 initscripts_2.88dsf-53.2 insserv_1.14.0-5 intltool-debian_0.35.0+20060710.1 lib32asan1_4.9.0-6 lib32atomic1_4.9.0-6 lib32cilkrts5_4.9.0-6 lib32gcc-4.9-dev_4.9.0-6 lib32gcc1_1:4.9.0-6 lib32gomp1_4.9.0-6 lib32itm1_4.9.0-6 lib32quadmath0_4.9.0-6 lib32stdc++6_4.9.0-6 lib32ubsan0_4.9.0-6 lib32vtv0_4.9.0-6 libacl1_2.2.52-1 libapt-pkg4.12_1.0.4 libarchive-extract-perl_0.72-1 libasan1_4.9.0-6 libasprintf0c2_0.18.3.2-2 libatomic1_4.9.0-6 libattr1_1:2.4.47-1 libaudit-common_1:2.3.7-1 libaudit1_1:2.3.7-1 libblkid1_2.20.1-5.8 libbz2-1.0_1.0.6-5 libbz2-dev_1.0.6-5 libc-bin_2.19-2 libc-dev-bin_2.19-2 libc6_2.19-2 libc6-dev_2.19-2 libc6-dev-i386_2.19-2 libc6-dev-x32_2.19-2 libc6-i386_2.19-2 libc6-x32_2.19-2 libcap2_1:2.22-1.2 libcilkrts5_4.9.0-6 libclang-common-3.4-dev_1:3.4.2-1 libclang1-3.4_1:3.4.2-1 libclass-isa-perl_0.36-5 libcloog-isl4_0.18.2-1 libcloog-ppl1_0.16.1-5 libcomerr2_1.42.10-1 libcroco3_0.6.8-2 libdb5.1_5.1.29-5 libdb5.3_5.3.28-3 libdebconfclient0_0.191 libdpkg-perl_1.17.10 libfakeroot_1.20-3 libffi6_3.1-2 libfile-fcntllock-perl_0.20-1 libgc1c2_1:7.2d-6 libgcc-4.7-dev_4.7.4-1 libgcc-4.9-dev_4.9.0-6 libgcc1_1:4.9.0-6 libgdbm3_1.8.3-12 libglib2.0-0_2.40.0-3 libgmp10_2:6.0.0+dfsg-4 libgmpxx4ldbl_2:6.0.0+dfsg-4 libgomp1_4.9.0-6 libgpm2_1.20.4-6.1 libisl10_0.12.2-1 libitm1_4.9.0-6 libllvm3.4_1:3.4.2-1 liblocale-gettext-perl_1.05-8 liblog-message-simple-perl_0.10-1 liblsan0_4.9.0-6 liblzma-dev_5.1.1alpha+20120614-2 liblzma5_5.1.1alpha+20120614-2 libmagic1_1:5.19-1 libmodule-pluggable-perl_5.1-1 libmount1_2.20.1-5.8 libmpc2_0.9-4 libmpc3_1.0.1-1 libmpfr4_3.1.2-1 libncurses5_5.9+20140118-1 libobjc-4.9-dev_4.9.0-6 libobjc4_4.9.0-6 libpam-modules_1.1.8-3 libpam-modules-bin_1.1.8-3 libpam-runtime_1.1.8-3 libpam0g_1.1.8-3 libpcre3_1:8.31-5 libpipeline1_1.3.0-1 libpod-latex-perl_0.61-1 libppl-c4_1:1.1-2+b1 libppl13_1:1.1-2+b1 libquadmath0_4.9.0-6 libreadline6_6.3-6 libselinux1_2.3-1 libsemanage-common_2.3-1 libsemanage1_2.3-1 libsepol1_2.3-1 libsigsegv2_2.10-4 libslang2_2.2.4-16 libss2_1.42.10-1 libstdc++-4.9-dev_4.9.0-6 libstdc++6_4.9.0-6 libstdc++6-4.6-dev_4.6.4-7 libswitch-perl_2.17-1 libterm-ui-perl_0.42-1 libtext-charwidth-perl_0.04-7+b2 libtext-iconv-perl_1.7-5+b1 libtext-soundex-perl_3.4-1+b1 libtext-wrapi18n-perl_0.06-7 libtimedate-perl_2.3000-2 libtinfo5_5.9+20140118-1 libtsan0_4.9.0-6 libubsan0_4.9.0-6 libunistring0_0.9.3-5 libusb-0.1-4_2:0.1.12-23.3 libustr-1.0-1_1.0.4-3 libuuid1_2.20.1-5.8 libvtv0_4.9.0-6 libx32asan1_4.9.0-6 libx32atomic1_4.9.0-6 libx32cilkrts5_4.9.0-6 libx32gcc-4.9-dev_4.9.0-6 libx32gcc1_1:4.9.0-6 libx32gomp1_4.9.0-6 libx32itm1_4.9.0-6 libx32quadmath0_4.9.0-6 libx32ubsan0_4.9.0-6 libx32vtv0_4.9.0-6 libxml2_2.9.1+dfsg1-3 linux-libc-dev_3.14.7-1 login_1:4.2-2 lsb-base_4.1+Debian13 m4_1.4.17-4 make_4.0-8 man-db_2.6.7.1-1 mawk_1.3.3-17 mount_2.20.1-5.8 multiarch-support_2.19-2 ncurses-base_5.9+20140118-1 ncurses-bin_5.9+20140118-1 passwd_1:4.2-2 patch_2.7.1-5 perl_5.18.2-4 perl-base_5.18.2-4 perl-modules_5.18.2-4 po-debconf_1.0.16+nmu2 readline-common_6.3-6 rename_0.20-3 sbuild-build-depends-core-dummy_0.invalid.0 sbuild-build-depends-elfutils-dummy_0.invalid.0 sed_4.2.2-4 sensible-utils_0.0.9 startpar_0.59-3 sudo_1.8.9p5-1 sysv-rc_2.88dsf-53.2 sysvinit_2.88dsf-53.2 sysvinit-core_2.88dsf-53.2 sysvinit-utils_2.88dsf-53.2 tar_1.27.1-2 tzdata_2014e-1 ucf_3.0030 util-linux_2.20.1-5.8 vim_2:7.4.273-2+b1 vim-common_2:7.4.273-2+b1 vim-runtime_2:7.4.273-2 xz-utils_5.1.1alpha+20120614-2 zlib1g_1:1.2.8.dfsg-1 zlib1g-dev_1:1.2.8.dfsg-1

┌──────────────────────────────────────────────────────────────────────────────┐
│ Build                                                                        │
└──────────────────────────────────────────────────────────────────────────────┘


Unpack source
─────────────

gpgv: keyblock resource `/sbuild-nonexistent/.gnupg/trustedkeys.gpg': file open error
gpgv: Signature made Sun Jun 15 14:24:36 2014 UTC using RSA key ID 1A5522DD
gpgv: Can't check signature: public key not found
dpkg-source: warning: failed to verify signature on ./elfutils_0.159-2.dsc
dpkg-source: info: extracting elfutils in elfutils-0.159
dpkg-source: info: unpacking elfutils_0.159.orig.tar.bz2
dpkg-source: info: unpacking elfutils_0.159-2.debian.tar.xz
dpkg-source: info: applying redhat-portability.diff
dpkg-source: info: applying hppa_backend.diff
dpkg-source: info: applying arm_backend.diff
dpkg-source: info: applying mips_backend.diff
dpkg-source: info: applying m68k_backend.diff
dpkg-source: info: applying testsuite-ignore-elflint.diff
dpkg-source: info: applying scanf-format.patch
dpkg-source: info: applying mips_readelf_w.patch
dpkg-source: info: applying arm_unsupported.patch
dpkg-source: info: applying arm_syscall.patch
dpkg-source: info: applying arm_func_value.patch
dpkg-source: info: applying arm_unwind_ret_mask.patch

Check disc space
────────────────

Sufficient free space for build

Hack binNMU version
───────────────────

Created changelog entry for binNMU version 0.159-2clang1

User Environment
────────────────

DEB_BUILD_OPTIONS=parallel=10
HOME=/sbuild-nonexistent
LOGNAME=user
PATH=/usr/local/sbin:/usr/local/bin:/usr/sbin:/usr/bin:/sbin:/bin:/usr/games
SCHROOT_ALIAS_NAME=unstable-amd64-sbuild
SCHROOT_CHROOT_NAME=unstable-amd64-sbuild
SCHROOT_COMMAND=env
SCHROOT_GID=1000
SCHROOT_GROUP=user
SCHROOT_SESSION_ID=unstable-amd64-sbuild-6cff1d8b-c202-4afe-ae1f-0b448cb93978
SCHROOT_UID=1000
SCHROOT_USER=user
SHELL=/bin/sh
USER=user

dpkg-buildpackage
─────────────────

dpkg-buildpackage: source package elfutils
dpkg-buildpackage: source version 0.159-2clang1
dpkg-buildpackage: source distribution unstable
 dpkg-source --before-build elfutils-0.159
dpkg-buildpackage: host architecture amd64
 fakeroot debian/rules clean
dh_testdir
dh_testroot
rm -f build-stamp
[ ! -f Makefile ] || /usr/bin/make distclean
rm -f configure version.h
rm -f INSTALL aclocal.m4
rm -f config/depcomp config/install-sh config/missing config/compile config/ylwrap config/ar-lib
rm -f config/config.guess config/config.sub elfutils.spec
rm -f config.h.in
rm -f config/test-driver
rm -rf autom4te.cache
rm -f rm Makefile.in backends/Makefile.in config/Makefile.in lib/Makefile.in libasm/Makefile.in libcpu/Makefile.in libdw/Makefile.in libdwfl/Makefile.in libebl/Makefile.in libelf/Makefile.in m4/Makefile.in src/Makefile.in tests/Makefile.in libdwelf/Makefile.in
rm -f libdw/known-dwarf.h
dh_clean
 debian/rules build-arch
dh_testdir
autoreconf -fis
configure.ac:78: installing 'config/ar-lib'
configure.ac:73: installing 'config/compile'
configure.ac:49: installing 'config/config.guess'
configure.ac:49: installing 'config/config.sub'
configure.ac:29: installing 'config/install-sh'
configure.ac:29: installing 'config/missing'
Makefile.am: installing './INSTALL'
backends/Makefile.am: installing 'config/depcomp'
configure.ac: installing 'config/ylwrap'
parallel-tests: installing 'config/test-driver'
CFLAGS="-g -O2 -fstack-protector --param=ssp-buffer-size=4 -Wformat -Werror=format-security" CPPFLAGS="-D_FORTIFY_SOURCE=2" LDFLAGS="-Wl,-z,relro" \
	./configure --build=x86_64-linux-gnu --prefix=/usr \
	--libdir=/usr/lib/x86_64-linux-gnu \
	--enable-maintainer-mode \
	--program-prefix=eu-
checking for a BSD-compatible install... /usr/bin/install -c
checking whether build environment is sane... yes
checking for a thread-safe mkdir -p... /bin/mkdir -p
checking for gawk... gawk
checking whether make sets $(MAKE)... yes
checking whether make supports nested variables... yes
checking whether to enable maintainer-specific portions of Makefiles... yes
checking build system type... x86_64-pc-linux-gnu
checking host system type... x86_64-pc-linux-gnu
checking for gcc... gcc
checking whether the C compiler works... yes
checking for C compiler default output file name... a.out
checking for suffix of executables... 
checking whether we are cross compiling... no
checking for suffix of object files... o
checking whether we are using the GNU C compiler... yes
checking whether gcc accepts -g... yes
checking for gcc option to accept ISO C89... none needed
checking whether gcc understands -c and -o together... yes
checking for style of include used by make... GNU
checking dependency style of gcc... gcc3
checking for ranlib... ranlib
checking for bison... no
checking for byacc... no
checking for flex... no
checking for lex... no
checking for ar... ar
checking the archiver (ar) interface... ar
checking for readelf... readelf
checking for nm... nm
checking for gcc with C99 support... yes
checking for -Wextra option to gcc... yes
checking for -fgnu89-inline option to gcc... no
checking for --as-needed linker option... yes
checking for __builtin_popcount... yes
checking for __thread support... yes
checking for special C compiler options needed for large files... no
checking for _FILE_OFFSET_BITS value needed for large files... no
checking for library containing gzdirect... -lz
checking for library containing BZ2_bzdopen... -lbz2
checking for library containing lzma_auto_decoder... -llzma
checking for __cxa_demangle in -lstdc++... yes
checking whether NLS is requested... yes
checking for msgfmt... /usr/bin/msgfmt
checking for gmsgfmt... /usr/bin/msgfmt
checking for xgettext... /usr/bin/xgettext
checking for msgmerge... /usr/bin/msgmerge
checking how to run the C preprocessor... gcc -E
checking for grep that handles long lines and -e... /bin/grep
checking for egrep... /bin/grep -E
checking for ANSI C header files... yes
checking for sys/types.h... yes
checking for sys/stat.h... yes
checking for stdlib.h... yes
checking for string.h... yes
checking for memory.h... yes
checking for strings.h... yes
checking for inttypes.h... yes
checking for stdint.h... yes
checking for unistd.h... yes
checking size of long... 8
checking gcc option for 32-bit word size... -m32
checking for 64-bit host... yes
checking whether gcc -m32 makes executables we can run... yes
checking that generated files are newer than configure... done
configure: creating ./config.status
config.status: creating config/Makefile
config.status: creating Makefile
config.status: creating m4/Makefile
config.status: creating elfutils.spec
config.status: creating lib/Makefile
config.status: creating libelf/Makefile
config.status: creating libebl/Makefile
config.status: creating libdwelf/Makefile
config.status: creating libdw/Makefile
config.status: creating libdwfl/Makefile
config.status: creating libcpu/Makefile
config.status: creating libasm/Makefile
config.status: creating backends/Makefile
config.status: creating src/Makefile
config.status: creating po/Makefile.in
config.status: creating tests/Makefile
config.status: creating version.h
config.status: creating config.h
config.status: executing depfiles commands
config.status: executing po-directories commands
config.status: creating po/POTFILES
config.status: creating po/Makefile
dh_testdir
/usr/bin/make  -j --jobserver-fds=3,4
make[1]: Entering directory '/«PKGBUILDDIR»'
/usr/bin/make  all-recursive
make[2]: Entering directory '/«PKGBUILDDIR»'
Making all in config
make[3]: Entering directory '/«PKGBUILDDIR»/config'
make[3]: Nothing to be done for 'all'.
make[3]: Leaving directory '/«PKGBUILDDIR»/config'
Making all in m4
make[3]: Entering directory '/«PKGBUILDDIR»/m4'
make[3]: Nothing to be done for 'all'.
make[3]: Leaving directory '/«PKGBUILDDIR»/m4'
Making all in lib
make[3]: Entering directory '/«PKGBUILDDIR»/lib'
gcc -D_GNU_SOURCE -DHAVE_CONFIG_H -DLOCALEDIR='"/usr/share/locale"' -I. -I..  -I. -I. -I../lib -I.. -I./../libelf -D_FORTIFY_SOURCE=2 -std=gnu99 -Wall -Wshadow -Werror -Wunused -Wextra -Wformat=2  -Werror -fpic -g -O2 -fstack-protector --param=ssp-buffer-size=4 -Wformat -Werror=format-security -MT xstrdup.o -MD -MP -MF .deps/xstrdup.Tpo -c -o xstrdup.o xstrdup.c
gcc -D_GNU_SOURCE -DHAVE_CONFIG_H -DLOCALEDIR='"/usr/share/locale"' -I. -I..  -I. -I. -I../lib -I.. -I./../libelf -D_FORTIFY_SOURCE=2 -std=gnu99 -Wall -Wshadow -Werror -Wunused -Wextra -Wformat=2  -Werror -fpic -g -O2 -fstack-protector --param=ssp-buffer-size=4 -Wformat -Werror=format-security -MT xstrndup.o -MD -MP -MF .deps/xstrndup.Tpo -c -o xstrndup.o xstrndup.c
gcc -D_GNU_SOURCE -DHAVE_CONFIG_H -DLOCALEDIR='"/usr/share/locale"' -I. -I..  -I. -I. -I../lib -I.. -I./../libelf -D_FORTIFY_SOURCE=2 -std=gnu99 -Wall -Wshadow -Werror -Wunused -Wextra -Wformat=2 -ffunction-sections -Werror -fpic -g -O2 -fstack-protector --param=ssp-buffer-size=4 -Wformat -Werror=format-security -MT xmalloc.o -MD -MP -MF .deps/xmalloc.Tpo -c -o xmalloc.o xmalloc.c
gcc -D_GNU_SOURCE -DHAVE_CONFIG_H -DLOCALEDIR='"/usr/share/locale"' -I. -I..  -I. -I. -I../lib -I.. -I./../libelf -D_FORTIFY_SOURCE=2 -std=gnu99 -Wall -Wshadow -Werror -Wunused -Wextra -Wformat=2  -Werror -fpic -g -O2 -fstack-protector --param=ssp-buffer-size=4 -Wformat -Werror=format-security -MT next_prime.o -MD -MP -MF .deps/next_prime.Tpo -c -o next_prime.o next_prime.c
gcc -D_GNU_SOURCE -DHAVE_CONFIG_H -DLOCALEDIR='"/usr/share/locale"' -I. -I..  -I. -I. -I../lib -I.. -I./../libelf -D_FORTIFY_SOURCE=2 -std=gnu99 -Wall -Wshadow -Werror -Wunused -Wextra -Wformat=2  -Werror -fpic -g -O2 -fstack-protector --param=ssp-buffer-size=4 -Wformat -Werror=format-security -MT crc32.o -MD -MP -MF .deps/crc32.Tpo -c -o crc32.o crc32.c
gcc -D_GNU_SOURCE -DHAVE_CONFIG_H -DLOCALEDIR='"/usr/share/locale"' -I. -I..  -I. -I. -I../lib -I.. -I./../libelf -D_FORTIFY_SOURCE=2 -std=gnu99 -Wall -Wshadow -Werror -Wunused -Wextra -Wformat=2  -Werror -fpic -g -O2 -fstack-protector --param=ssp-buffer-size=4 -Wformat -Werror=format-security -MT crc32_file.o -MD -MP -MF .deps/crc32_file.Tpo -c -o crc32_file.o crc32_file.c
gcc -D_GNU_SOURCE -DHAVE_CONFIG_H -DLOCALEDIR='"/usr/share/locale"' -I. -I..  -I. -I. -I../lib -I.. -I./../libelf -D_FORTIFY_SOURCE=2 -std=gnu99 -Wall -Wshadow -Werror -Wunused -Wextra -Wformat=2  -Werror -fpic -g -O2 -fstack-protector --param=ssp-buffer-size=4 -Wformat -Werror=format-security -MT md5.o -MD -MP -MF .deps/md5.Tpo -c -o md5.o md5.c
gcc -D_GNU_SOURCE -DHAVE_CONFIG_H -DLOCALEDIR='"/usr/share/locale"' -I. -I..  -I. -I. -I../lib -I.. -I./../libelf -D_FORTIFY_SOURCE=2 -std=gnu99 -Wall -Wshadow -Werror -Wunused -Wextra -Wformat=2  -Werror -fpic -g -O2 -fstack-protector --param=ssp-buffer-size=4 -Wformat -Werror=format-security -MT sha1.o -MD -MP -MF .deps/sha1.Tpo -c -o sha1.o sha1.c
gcc -D_GNU_SOURCE -DHAVE_CONFIG_H -DLOCALEDIR='"/usr/share/locale"' -I. -I..  -I. -I. -I../lib -I.. -I./../libelf -D_FORTIFY_SOURCE=2 -std=gnu99 -Wall -Wshadow -Werror -Wunused -Wextra -Wformat=2  -Werror -fpic -g -O2 -fstack-protector --param=ssp-buffer-size=4 -Wformat -Werror=format-security -MT color.o -MD -MP -MF .deps/color.Tpo -c -o color.o color.c
mv -f .deps/next_prime.Tpo .deps/next_prime.Po
mv -f .deps/crc32.Tpo .deps/crc32.Po
mv -f .deps/xstrdup.Tpo .deps/xstrdup.Po
mv -f .deps/xstrndup.Tpo .deps/xstrndup.Po
mv -f .deps/xmalloc.Tpo .deps/xmalloc.Po
mv -f .deps/crc32_file.Tpo .deps/crc32_file.Po
mv -f .deps/color.Tpo .deps/color.Po
mv -f .deps/md5.Tpo .deps/md5.Po
mv -f .deps/sha1.Tpo .deps/sha1.Po
rm -f libeu.a
ar cru libeu.a xstrdup.o xstrndup.o xmalloc.o next_prime.o crc32.o crc32_file.o md5.o sha1.o color.o 
ranlib libeu.a
make[3]: Leaving directory '/«PKGBUILDDIR»/lib'
Making all in libelf
make[3]: Entering directory '/«PKGBUILDDIR»/libelf'
gcc -D_GNU_SOURCE -DHAVE_CONFIG_H -DLOCALEDIR='"/usr/share/locale"' -I. -I..  -I. -I. -I../lib -I.. -D_FORTIFY_SOURCE=2 -std=gnu99 -Wall -Wshadow -Werror -Wunused -Wextra -Wformat=2  -Werror  -g -O2 -fstack-protector --param=ssp-buffer-size=4 -Wformat -Werror=format-security -MT elf_version.o -MD -MP -MF .deps/elf_version.Tpo -c -o elf_version.o elf_version.c
gcc -D_GNU_SOURCE -DHAVE_CONFIG_H -DLOCALEDIR='"/usr/share/locale"' -I. -I..  -I. -I. -I../lib -I.. -D_FORTIFY_SOURCE=2 -std=gnu99 -Wall -Wshadow -Werror -Wunused -Wextra -Wformat=2  -Werror  -g -O2 -fstack-protector --param=ssp-buffer-size=4 -Wformat -Werror=format-security -MT elf_hash.o -MD -MP -MF .deps/elf_hash.Tpo -c -o elf_hash.o elf_hash.c
gcc -D_GNU_SOURCE -DHAVE_CONFIG_H -DLOCALEDIR='"/usr/share/locale"' -I. -I..  -I. -I. -I../lib -I.. -D_FORTIFY_SOURCE=2 -std=gnu99 -Wall -Wshadow -Werror -Wunused -Wextra -Wformat=2  -Werror  -g -O2 -fstack-protector --param=ssp-buffer-size=4 -Wformat -Werror=format-security -MT elf_error.o -MD -MP -MF .deps/elf_error.Tpo -c -o elf_error.o elf_error.c
gcc -D_GNU_SOURCE -DHAVE_CONFIG_H -DLOCALEDIR='"/usr/share/locale"' -I. -I..  -I. -I. -I../lib -I.. -D_FORTIFY_SOURCE=2 -std=gnu99 -Wall -Wshadow -Werror -Wunused -Wextra -Wformat=2  -Werror  -g -O2 -fstack-protector --param=ssp-buffer-size=4 -Wformat -Werror=format-security -MT elf_fill.o -MD -MP -MF .deps/elf_fill.Tpo -c -o elf_fill.o elf_fill.c
gcc -D_GNU_SOURCE -DHAVE_CONFIG_H -DLOCALEDIR='"/usr/share/locale"' -I. -I..  -I. -I. -I../lib -I.. -D_FORTIFY_SOURCE=2 -std=gnu99 -Wall -Wshadow -Werror -Wunused -Wextra -Wformat=2  -Werror  -g -O2 -fstack-protector --param=ssp-buffer-size=4 -Wformat -Werror=format-security -MT elf_begin.o -MD -MP -MF .deps/elf_begin.Tpo -c -o elf_begin.o elf_begin.c
gcc -D_GNU_SOURCE -DHAVE_CONFIG_H -DLOCALEDIR='"/usr/share/locale"' -I. -I..  -I. -I. -I../lib -I.. -D_FORTIFY_SOURCE=2 -std=gnu99 -Wall -Wshadow -Werror -Wunused -Wextra -Wformat=2  -Werror  -g -O2 -fstack-protector --param=ssp-buffer-size=4 -Wformat -Werror=format-security -MT elf_next.o -MD -MP -MF .deps/elf_next.Tpo -c -o elf_next.o elf_next.c
gcc -D_GNU_SOURCE -DHAVE_CONFIG_H -DLOCALEDIR='"/usr/share/locale"' -I. -I..  -I. -I. -I../lib -I.. -D_FORTIFY_SOURCE=2 -std=gnu99 -Wall -Wshadow -Werror -Wunused -Wextra -Wformat=2  -Werror  -g -O2 -fstack-protector --param=ssp-buffer-size=4 -Wformat -Werror=format-security -MT elf_rand.o -MD -MP -MF .deps/elf_rand.Tpo -c -o elf_rand.o elf_rand.c
gcc -D_GNU_SOURCE -DHAVE_CONFIG_H -DLOCALEDIR='"/usr/share/locale"' -I. -I..  -I. -I. -I../lib -I.. -D_FORTIFY_SOURCE=2 -std=gnu99 -Wall -Wshadow -Werror -Wunused -Wextra -Wformat=2  -Werror  -g -O2 -fstack-protector --param=ssp-buffer-size=4 -Wformat -Werror=format-security -MT elf_end.o -MD -MP -MF .deps/elf_end.Tpo -c -o elf_end.o elf_end.c
gcc -D_GNU_SOURCE -DHAVE_CONFIG_H -DLOCALEDIR='"/usr/share/locale"' -I. -I..  -I. -I. -I../lib -I.. -D_FORTIFY_SOURCE=2 -std=gnu99 -Wall -Wshadow -Werror -Wunused -Wextra -Wformat=2  -Werror  -g -O2 -fstack-protector --param=ssp-buffer-size=4 -Wformat -Werror=format-security -MT elf_kind.o -MD -MP -MF .deps/elf_kind.Tpo -c -o elf_kind.o elf_kind.c
gcc -D_GNU_SOURCE -DHAVE_CONFIG_H -DLOCALEDIR='"/usr/share/locale"' -I. -I..  -I. -I. -I../lib -I.. -D_FORTIFY_SOURCE=2 -std=gnu99 -Wall -Wshadow -Werror -Wunused -Wextra -Wformat=2  -Werror  -g -O2 -fstack-protector --param=ssp-buffer-size=4 -Wformat -Werror=format-security -MT gelf_getclass.o -MD -MP -MF .deps/gelf_getclass.Tpo -c -o gelf_getclass.o gelf_getclass.c
mv -f .deps/elf_version.Tpo .deps/elf_version.Po
mv -f .deps/elf_fill.Tpo .deps/elf_fill.Po
mv -f .deps/elf_kind.Tpo .deps/elf_kind.Po
gcc -D_GNU_SOURCE -DHAVE_CONFIG_H -DLOCALEDIR='"/usr/share/locale"' -I. -I..  -I. -I. -I../lib -I.. -D_FORTIFY_SOURCE=2 -std=gnu99 -Wall -Wshadow -Werror -Wunused -Wextra -Wformat=2  -Werror  -g -O2 -fstack-protector --param=ssp-buffer-size=4 -Wformat -Werror=format-security -MT elf_getbase.o -MD -MP -MF .deps/elf_getbase.Tpo -c -o elf_getbase.o elf_getbase.c
mv -f .deps/elf_rand.Tpo .deps/elf_rand.Po
mv -f .deps/elf_next.Tpo .deps/elf_next.Po
gcc -D_GNU_SOURCE -DHAVE_CONFIG_H -DLOCALEDIR='"/usr/share/locale"' -I. -I..  -I. -I. -I../lib -I.. -D_FORTIFY_SOURCE=2 -std=gnu99 -Wall -Wshadow -Werror -Wunused -Wextra -Wformat=2  -Werror  -g -O2 -fstack-protector --param=ssp-buffer-size=4 -Wformat -Werror=format-security -MT elf_getident.o -MD -MP -MF .deps/elf_getident.Tpo -c -o elf_getident.o elf_getident.c
mv -f .deps/elf_hash.Tpo .deps/elf_hash.Po
gcc -D_GNU_SOURCE -DHAVE_CONFIG_H -DLOCALEDIR='"/usr/share/locale"' -I. -I..  -I. -I. -I../lib -I.. -D_FORTIFY_SOURCE=2 -std=gnu99 -Wall -Wshadow -Werror -Wunused -Wextra -Wformat=2  -Werror  -g -O2 -fstack-protector --param=ssp-buffer-size=4 -Wformat -Werror=format-security -MT elf32_fsize.o -MD -MP -MF .deps/elf32_fsize.Tpo -c -o elf32_fsize.o elf32_fsize.c
mv -f .deps/gelf_getclass.Tpo .deps/gelf_getclass.Po
gcc -D_GNU_SOURCE -DHAVE_CONFIG_H -DLOCALEDIR='"/usr/share/locale"' -I. -I..  -I. -I. -I../lib -I.. -D_FORTIFY_SOURCE=2 -std=gnu99 -Wall -Wshadow -Werror -Wunused -Wextra -Wformat=2  -Werror  -g -O2 -fstack-protector --param=ssp-buffer-size=4 -Wformat -Werror=format-security -MT elf64_fsize.o -MD -MP -MF .deps/elf64_fsize.Tpo -c -o elf64_fsize.o elf64_fsize.c
gcc -D_GNU_SOURCE -DHAVE_CONFIG_H -DLOCALEDIR='"/usr/share/locale"' -I. -I..  -I. -I. -I../lib -I.. -D_FORTIFY_SOURCE=2 -std=gnu99 -Wall -Wshadow -Werror -Wunused -Wextra -Wformat=2  -Werror  -g -O2 -fstack-protector --param=ssp-buffer-size=4 -Wformat -Werror=format-security -MT gelf_fsize.o -MD -MP -MF .deps/gelf_fsize.Tpo -c -o gelf_fsize.o gelf_fsize.c
gcc -D_GNU_SOURCE -DHAVE_CONFIG_H -DLOCALEDIR='"/usr/share/locale"' -I. -I..  -I. -I. -I../lib -I.. -D_FORTIFY_SOURCE=2 -std=gnu99 -Wall -Wshadow -Werror -Wunused -Wextra -Wformat=2  -Werror  -g -O2 -fstack-protector --param=ssp-buffer-size=4 -Wformat -Werror=format-security -MT elf32_xlatetof.o -MD -MP -MF .deps/elf32_xlatetof.Tpo -c -o elf32_xlatetof.o elf32_xlatetof.c
gcc -D_GNU_SOURCE -DHAVE_CONFIG_H -DLOCALEDIR='"/usr/share/locale"' -I. -I..  -I. -I. -I../lib -I.. -D_FORTIFY_SOURCE=2 -std=gnu99 -Wall -Wshadow -Werror -Wunused -Wextra -Wformat=2  -Werror  -g -O2 -fstack-protector --param=ssp-buffer-size=4 -Wformat -Werror=format-security -MT elf32_xlatetom.o -MD -MP -MF .deps/elf32_xlatetom.Tpo -c -o elf32_xlatetom.o elf32_xlatetom.c
mv -f .deps/elf_error.Tpo .deps/elf_error.Po
gcc -D_GNU_SOURCE -DHAVE_CONFIG_H -DLOCALEDIR='"/usr/share/locale"' -I. -I..  -I. -I. -I../lib -I.. -D_FORTIFY_SOURCE=2 -std=gnu99 -Wall -Wshadow -Werror -Wunused -Wextra -Wformat=2  -Werror  -g -O2 -fstack-protector --param=ssp-buffer-size=4 -Wformat -Werror=format-security -MT elf64_xlatetof.o -MD -MP -MF .deps/elf64_xlatetof.Tpo -c -o elf64_xlatetof.o elf64_xlatetof.c
mv -f .deps/elf_end.Tpo .deps/elf_end.Po
gcc -D_GNU_SOURCE -DHAVE_CONFIG_H -DLOCALEDIR='"/usr/share/locale"' -I. -I..  -I. -I. -I../lib -I.. -D_FORTIFY_SOURCE=2 -std=gnu99 -Wall -Wshadow -Werror -Wunused -Wextra -Wformat=2  -Werror  -g -O2 -fstack-protector --param=ssp-buffer-size=4 -Wformat -Werror=format-security -MT elf64_xlatetom.o -MD -MP -MF .deps/elf64_xlatetom.Tpo -c -o elf64_xlatetom.o elf64_xlatetom.c
elf_begin.c:1036:3: error: function definition is not allowed here
  {
  ^
elf_begin.c:1013:14: error: unused parameter 'cmd' [-Werror,-Wunused-parameter]
     Elf_Cmd cmd;
             ^
2 errors generated.
make[3]: *** [elf_begin.o] Error 1
make[3]: *** Waiting for unfinished jobs....
Makefile:661: recipe for target 'elf_begin.o' failed
mv -f .deps/elf_getbase.Tpo .deps/elf_getbase.Po
mv -f .deps/elf_getident.Tpo .deps/elf_getident.Po
mv -f .deps/elf32_xlatetom.Tpo .deps/elf32_xlatetom.Po
mv -f .deps/elf32_fsize.Tpo .deps/elf32_fsize.Po
mv -f .deps/elf64_fsize.Tpo .deps/elf64_fsize.Po
mv -f .deps/elf32_xlatetof.Tpo .deps/elf32_xlatetof.Po
mv -f .deps/gelf_fsize.Tpo .deps/gelf_fsize.Po
mv -f .deps/elf64_xlatetom.Tpo .deps/elf64_xlatetom.Po
mv -f .deps/elf64_xlatetof.Tpo .deps/elf64_xlatetof.Po
make[3]: Leaving directory '/«PKGBUILDDIR»/libelf'
make[2]: *** [all-recursive] Error 1
Makefile:464: recipe for target 'all-recursive' failed
make[2]: Leaving directory '/«PKGBUILDDIR»'
make[1]: *** [all] Error 2
make: *** [build-stamp] Error 2
Makefile:379: recipe for target 'all' failed
make[1]: Leaving directory '/«PKGBUILDDIR»'
debian/rules:52: recipe for target 'build-stamp' failed
dpkg-buildpackage: error: debian/rules build-arch gave error exit status 2
────────────────────────────────────────────────────────────────────────────────
Build finished at 20140617-1225

Finished
────────

E: Build failure (dpkg-buildpackage died)

┌──────────────────────────────────────────────────────────────────────────────┐
│ Cleanup                                                                      │
└──────────────────────────────────────────────────────────────────────────────┘

Purging /«BUILDDIR»
Not cleaning session: cloned chroot in use

┌──────────────────────────────────────────────────────────────────────────────┐
│ Summary                                                                      │
└──────────────────────────────────────────────────────────────────────────────┘

Build Architecture: amd64
Build-Space: 22368
Build-Time: 21
Distribution: unstable
Fail-Stage: build
Host Architecture: amd64
Install-Time: 14
Job: elfutils_0.159-2
Machine Architecture: amd64
Package: elfutils
Package-Time: 66
Source-Version: 0.159-2
Space: 22368
Status: attempted
Version: 0.159-2clang1
────────────────────────────────────────────────────────────────────────────────
Finished at 20140617-1225
Build needed 00:01:06, 22368k disc space
DC-Status: Failed 67.235120949s
DC-Time-Estimation: 67.235120949 versus expected 957 (r/m: 13.233632460123262 ; m: 67.235120949)
