DC-Build-Header: grail 3.1.0-2 / 2014-06-17 14:11:45 +0000
DC-Task: source:grail version:3.1.0-2 architecture:any chroot:unstable esttime:354 logfile:/tmp/grail_3.1.0-2_unstable_clang.log modes:binary-only:parallel:clang
DC-Sbuild-call: su user -c 'sbuild -n --apt-update -d unstable -v  --chroot-setup-commands=/tmp/switch-to-clang --append-to-version "clang1" --maintainer "Lucas Nussbaum <lucas@debian.org>" --uploader "Lucas Nussbaum <lucas@debian.org>" grail_3.1.0-2'
sbuild (Debian sbuild) 0.63.2 (18 Aug 2012) on ip-172-31-12-182.us-west-2.compute.internal

╔══════════════════════════════════════════════════════════════════════════════╗
║ grail 3.1.0-2clang1 (amd64)                                17 Jun 2014 14:11 ║
╚══════════════════════════════════════════════════════════════════════════════╝

Package: grail
Version: 3.1.0-2clang1
Source Version: 3.1.0-2
Distribution: unstable
Machine Architecture: amd64
Host Architecture: amd64
Build Architecture: amd64

I: NOTICE: Log filtering will replace 'build/grail-fWzk1Z/grail-3.1.0' with '«PKGBUILDDIR»'
I: NOTICE: Log filtering will replace 'build/grail-fWzk1Z' with '«BUILDDIR»'
I: NOTICE: Log filtering will replace 'var/lib/schroot/mount/unstable-amd64-sbuild-ccc81364-78a3-43f9-a8a8-ef686dd1d994' with '«CHROOT»'

┌──────────────────────────────────────────────────────────────────────────────┐
│ Update chroot                                                                │
└──────────────────────────────────────────────────────────────────────────────┘

Get:1 http://localhost:9999 unstable InRelease [206 kB]
Get:2 http://localhost:9999 unstable/main Sources/DiffIndex [7876 B]
Get:3 http://localhost:9999 unstable/main amd64 Packages/DiffIndex [7876 B]
Get:4 http://localhost:9999 unstable/main Translation-en/DiffIndex [7876 B]
Get:5 http://localhost:9999 unstable/main 2014-06-16-2054.31.pdiff [15.4 kB]
Get:6 http://localhost:9999 unstable/main 2014-06-17-0253.05.pdiff [7983 B]
Get:7 http://localhost:9999 unstable/main 2014-06-17-0856.27.pdiff [7757 B]
Get:8 http://localhost:9999 unstable/main amd64 2014-06-16-2054.31.pdiff [20.7 kB]
Get:9 http://localhost:9999 unstable/main 2014-06-17-0856.27.pdiff [7757 B]
Get:10 http://localhost:9999 unstable/main amd64 2014-06-17-0253.05.pdiff [38.6 kB]
Get:11 http://localhost:9999 unstable/main amd64 2014-06-17-0856.27.pdiff [9018 B]
Get:12 http://localhost:9999 unstable/main 2014-06-16-2054.31.pdiff [699 B]
Get:13 http://localhost:9999 unstable/main 2014-06-17-0856.27.pdiff [442 B]
Get:14 http://localhost:9999 unstable/main amd64 2014-06-17-0856.27.pdiff [9018 B]
Get:15 http://localhost:9999 unstable/main 2014-06-17-0856.27.pdiff [442 B]
Fetched 330 kB in 4s (70.0 kB/s)
Reading package lists...
Reading package lists...
Building dependency tree...
Reading state information...
The following packages will be upgraded:
  libc-bin libc-dev-bin libc6 libc6-dev linux-libc-dev multiarch-support
6 upgraded, 0 newly installed, 0 to remove and 0 not upgraded.
Need to get 9447 kB of archives.
After this operation, 10.2 kB of additional disk space will be used.
Get:1 http://localhost:9999/debian/ unstable/main libc6-dev amd64 2.19-2 [2000 kB]
Get:2 http://localhost:9999/debian/ unstable/main libc-dev-bin amd64 2.19-2 [235 kB]
Get:3 http://localhost:9999/debian/ unstable/main linux-libc-dev amd64 3.14.7-1 [937 kB]
Get:4 http://localhost:9999/debian/ unstable/main libc-bin amd64 2.19-2 [1288 kB]
Get:5 http://localhost:9999/debian/ unstable/main libc6 amd64 2.19-2 [4816 kB]
Get:6 http://localhost:9999/debian/ unstable/main multiarch-support amd64 2.19-2 [171 kB]
debconf: delaying package configuration, since apt-utils is not installed
Fetched 9447 kB in 0s (34.6 MB/s)
(Reading database ... 14215 files and directories currently installed.)
Preparing to unpack .../libc6-dev_2.19-2_amd64.deb ...
Unpacking libc6-dev:amd64 (2.19-2) over (2.19-1) ...
Preparing to unpack .../libc-dev-bin_2.19-2_amd64.deb ...
Unpacking libc-dev-bin (2.19-2) over (2.19-1) ...
Preparing to unpack .../linux-libc-dev_3.14.7-1_amd64.deb ...
Unpacking linux-libc-dev:amd64 (3.14.7-1) over (3.14.5-1) ...
Preparing to unpack .../libc-bin_2.19-2_amd64.deb ...
Unpacking libc-bin (2.19-2) over (2.19-1) ...
Preparing to unpack .../libc6_2.19-2_amd64.deb ...
Unpacking libc6:amd64 (2.19-2) over (2.19-1) ...
Setting up libc6:amd64 (2.19-2) ...
Setting up libc-bin (2.19-2) ...
(Reading database ... 14216 files and directories currently installed.)
Preparing to unpack .../multiarch-support_2.19-2_amd64.deb ...
Unpacking multiarch-support (2.19-2) over (2.19-1) ...
Setting up multiarch-support (2.19-2) ...
Setting up libc-dev-bin (2.19-2) ...
Setting up linux-libc-dev:amd64 (3.14.7-1) ...
Setting up libc6-dev:amd64 (2.19-2) ...

┌──────────────────────────────────────────────────────────────────────────────┐
│ Fetch source files                                                           │
└──────────────────────────────────────────────────────────────────────────────┘


Check APT
─────────

Checking available source versions...

Download source files with APT
──────────────────────────────

Reading package lists...
Building dependency tree...
Reading state information...
NOTICE: 'grail' packaging is maintained in the 'Bzr' version control system at:
https://code.launchpad.net/~oif-packaging/grail/debian
Please use:
bzr branch https://code.launchpad.net/~oif-packaging/grail/debian
to retrieve the latest (possibly unreleased) updates to the package.
Need to get 414 kB of source archives.
Get:1 http://localhost:9999/debian/ unstable/main grail 3.1.0-2 (dsc) [2086 B]
Get:2 http://localhost:9999/debian/ unstable/main grail 3.1.0-2 (tar) [409 kB]
Get:3 http://localhost:9999/debian/ unstable/main grail 3.1.0-2 (diff) [2992 B]
Fetched 414 kB in 1s (306 kB/s)
Download complete and in download only mode

Check arch
──────────


┌──────────────────────────────────────────────────────────────────────────────┐
│ Chroot Setup Commands                                                        │
└──────────────────────────────────────────────────────────────────────────────┘


/tmp/switch-to-clang
────────────────────

+ echo 'Entering customization script...'
Entering customization script...
+ echo 'Install of clang-3.4'
Install of clang-3.4
+ apt-get update
Hit http://localhost:9999 unstable InRelease
Hit http://localhost:9999 unstable/main Sources/DiffIndex
Hit http://localhost:9999 unstable/main amd64 Packages/DiffIndex
Hit http://localhost:9999 unstable/main Translation-en/DiffIndex
Reading package lists...
+ apt-get install --yes --no-install-recommends --force-yes clang-3.4
Reading package lists...
Building dependency tree...
Reading state information...
The following extra packages will be installed:
  libclang-common-3.4-dev libclang1-3.4 libffi6 libllvm3.4 libobjc-4.9-dev
  libobjc4
Suggested packages:
  gnustep gnustep-devel
Recommended packages:
  llvm-3.4-dev python
The following NEW packages will be installed:
  clang-3.4 libclang-common-3.4-dev libclang1-3.4 libffi6 libllvm3.4
  libobjc-4.9-dev libobjc4
0 upgraded, 7 newly installed, 0 to remove and 0 not upgraded.
Need to get 30.6 MB of archives.
After this operation, 118 MB of additional disk space will be used.
Get:1 http://localhost:9999/debian/ unstable/main libffi6 amd64 3.1-2 [19.8 kB]
Get:2 http://localhost:9999/debian/ unstable/main libllvm3.4 amd64 1:3.4.2-2 [6721 kB]
Get:3 http://localhost:9999/debian/ unstable/main libobjc4 amd64 4.9.0-6 [112 kB]
Get:4 http://localhost:9999/debian/ unstable/main libobjc-4.9-dev amd64 4.9.0-6 [372 kB]
Get:5 http://localhost:9999/debian/ unstable/main libclang1-3.4 amd64 1:3.4.2-2 [3619 kB]
Get:6 http://localhost:9999/debian/ unstable/main libclang-common-3.4-dev amd64 1:3.4.2-2 [543 kB]
Get:7 http://localhost:9999/debian/ unstable/main clang-3.4 amd64 1:3.4.2-2 [19.2 MB]
debconf: delaying package configuration, since apt-utils is not installed
Fetched 30.6 MB in 0s (36.5 MB/s)
Selecting previously unselected package libffi6:amd64.
(Reading database ... 14216 files and directories currently installed.)
Preparing to unpack .../libffi6_3.1-2_amd64.deb ...
Unpacking libffi6:amd64 (3.1-2) ...
Selecting previously unselected package libllvm3.4:amd64.
Preparing to unpack .../libllvm3.4_1%3a3.4.2-2_amd64.deb ...
Unpacking libllvm3.4:amd64 (1:3.4.2-2) ...
Selecting previously unselected package libobjc4:amd64.
Preparing to unpack .../libobjc4_4.9.0-6_amd64.deb ...
Unpacking libobjc4:amd64 (4.9.0-6) ...
Selecting previously unselected package libobjc-4.9-dev:amd64.
Preparing to unpack .../libobjc-4.9-dev_4.9.0-6_amd64.deb ...
Unpacking libobjc-4.9-dev:amd64 (4.9.0-6) ...
Selecting previously unselected package libclang1-3.4:amd64.
Preparing to unpack .../libclang1-3.4_1%3a3.4.2-2_amd64.deb ...
Unpacking libclang1-3.4:amd64 (1:3.4.2-2) ...
Selecting previously unselected package libclang-common-3.4-dev.
Preparing to unpack .../libclang-common-3.4-dev_1%3a3.4.2-2_amd64.deb ...
Unpacking libclang-common-3.4-dev (1:3.4.2-2) ...
Selecting previously unselected package clang-3.4.
Preparing to unpack .../clang-3.4_1%3a3.4.2-2_amd64.deb ...
Unpacking clang-3.4 (1:3.4.2-2) ...
Setting up libffi6:amd64 (3.1-2) ...
Setting up libllvm3.4:amd64 (1:3.4.2-2) ...
Setting up libobjc4:amd64 (4.9.0-6) ...
Setting up libobjc-4.9-dev:amd64 (4.9.0-6) ...
Setting up libclang1-3.4:amd64 (1:3.4.2-2) ...
Setting up libclang-common-3.4-dev (1:3.4.2-2) ...
Setting up clang-3.4 (1:3.4.2-2) ...
Processing triggers for libc-bin (2.19-2) ...
+ echo 'Replace gcc, g++ & cpp by clang'
Replace gcc, g++ & cpp by clang
+ VERSIONS='4.6 4.7 4.8 4.9'
+ cd /usr/bin
+ for VERSION in '$VERSIONS'
+ rm -f g++-4.6 gcc-4.6 cpp-4.6
+ ln -s clang++ g++-4.6
+ ln -s clang gcc-4.6
+ ln -s clang cpp-4.6
+ echo 'gcc-4.6 hold'
+ dpkg --set-selections
+ echo 'g++-4.6 hold'
+ dpkg --set-selections
+ for VERSION in '$VERSIONS'
+ rm -f g++-4.7 gcc-4.7 cpp-4.7
+ ln -s clang++ g++-4.7
+ ln -s clang gcc-4.7
+ ln -s clang cpp-4.7
+ echo 'gcc-4.7 hold'
+ dpkg --set-selections
+ echo 'g++-4.7 hold'
+ dpkg --set-selections
+ for VERSION in '$VERSIONS'
+ rm -f g++-4.8 gcc-4.8 cpp-4.8
+ ln -s clang++ g++-4.8
+ ln -s clang gcc-4.8
+ ln -s clang cpp-4.8
+ echo 'gcc-4.8 hold'
+ dpkg --set-selections
dpkg: warning: package not in database at line 1: gcc-4.8
dpkg: warning: found unknown packages; this might mean the available database
is outdated, and needs to be updated through a frontend method
+ echo 'g++-4.8 hold'
+ dpkg --set-selections
dpkg: warning: package not in database at line 1: g++-4.8
dpkg: warning: found unknown packages; this might mean the available database
is outdated, and needs to be updated through a frontend method
+ for VERSION in '$VERSIONS'
+ rm -f g++-4.9 gcc-4.9 cpp-4.9
+ ln -s clang++ g++-4.9
+ ln -s clang gcc-4.9
+ ln -s clang cpp-4.9
+ echo 'gcc-4.9 hold'
+ dpkg --set-selections
+ echo 'g++-4.9 hold'
+ dpkg --set-selections
+ cd -
/«BUILDDIR»
+ echo 'Check if gcc, g++ & cpp are actually clang'
Check if gcc, g++ & cpp are actually clang
+ gcc --version
+ grep clang
+ cpp --version
+ grep clang
+ g++ --version
+ grep clang

I: Finished running '/tmp/switch-to-clang'.

Finished processing commands.
────────────────────────────────────────────────────────────────────────────────
Merged Build-Depends: build-essential, fakeroot
Filtered Build-Depends: build-essential, fakeroot
dpkg-deb: building package `sbuild-build-depends-core-dummy' in `/«BUILDDIR»/resolver-6PmbhE/apt_archive/sbuild-build-depends-core-dummy.deb'.
OK
Reading package lists...

┌──────────────────────────────────────────────────────────────────────────────┐
│ Install core build dependencies (apt-based resolver)                         │
└──────────────────────────────────────────────────────────────────────────────┘

Installing build dependencies
Reading package lists...
Building dependency tree...
Reading state information...
The following NEW packages will be installed:
  sbuild-build-depends-core-dummy
debconf: delaying package configuration, since apt-utils is not installed
0 upgraded, 1 newly installed, 0 to remove and 0 not upgraded.
Need to get 0 B/818 B of archives.
After this operation, 0 B of additional disk space will be used.
Selecting previously unselected package sbuild-build-depends-core-dummy.
(Reading database ... 14431 files and directories currently installed.)
Preparing to unpack .../sbuild-build-depends-core-dummy.deb ...
Unpacking sbuild-build-depends-core-dummy (0.invalid.0) ...
Setting up sbuild-build-depends-core-dummy (0.invalid.0) ...
Merged Build-Depends: base-files, base-passwd, bash, bsdutils, coreutils, dash, debianutils, diffutils, dpkg, e2fsprogs, findutils, grep, gzip, hostname, libc-bin, login, mount, ncurses-base, ncurses-bin, perl-base, sed, sysvinit, sysvinit-utils, tar, util-linux, libc6-dev | libc-dev, gcc (>= 4:4.4.3), g++ (>= 4:4.4.3), make, dpkg-dev (>= 1.13.5), debhelper (>= 9), dh-autoreconf, libframe-dev (>= 2.2.4), libx11-dev (>= 1.4.99), libxext-dev (>= 1.3), libxi-dev (>= 1.5.99.2), pkg-config, x11proto-input-dev (>= 2.1.99.5)
Filtered Build-Depends: base-files, base-passwd, bash, bsdutils, coreutils, dash, debianutils, diffutils, dpkg, e2fsprogs, findutils, grep, gzip, hostname, libc-bin, login, mount, ncurses-base, ncurses-bin, perl-base, sed, sysvinit, sysvinit-utils, tar, util-linux, libc6-dev, gcc (>= 4:4.4.3), g++ (>= 4:4.4.3), make, dpkg-dev (>= 1.13.5), debhelper (>= 9), dh-autoreconf, libframe-dev (>= 2.2.4), libx11-dev (>= 1.4.99), libxext-dev (>= 1.3), libxi-dev (>= 1.5.99.2), pkg-config, x11proto-input-dev (>= 2.1.99.5)
dpkg-deb: building package `sbuild-build-depends-grail-dummy' in `/«BUILDDIR»/resolver-eQZNpH/apt_archive/sbuild-build-depends-grail-dummy.deb'.
OK
Reading package lists...

┌──────────────────────────────────────────────────────────────────────────────┐
│ Install grail build dependencies (apt-based resolver)                        │
└──────────────────────────────────────────────────────────────────────────────┘

Installing build dependencies
Reading package lists...
Building dependency tree...
Reading state information...
The following extra packages will be installed:
  autoconf automake autopoint autotools-dev bsdmainutils debhelper
  dh-autoreconf file gettext gettext-base groff-base intltool-debian
  libasprintf0c2 libcroco3 libframe-dev libframe6 libglib2.0-0 libmagic1
  libpipeline1 libpthread-stubs0-dev libsigsegv2 libtool libunistring0
  libx11-6 libx11-data libx11-dev libxau-dev libxau6 libxcb1 libxcb1-dev
  libxdmcp-dev libxdmcp6 libxext-dev libxext6 libxfixes-dev libxfixes3
  libxi-dev libxi6 libxml2 m4 man-db pkg-config po-debconf x11proto-core-dev
  x11proto-fixes-dev x11proto-input-dev x11proto-kb-dev x11proto-xext-dev
  xorg-sgml-doctools xtrans-dev
Suggested packages:
  autoconf2.13 autoconf-archive gnu-standards autoconf-doc wamerican wordlist
  whois vacation dh-make gettext-doc groff libtool-doc automaken gfortran
  fortran95-compiler gcj-jdk libxcb-doc libxext-doc less www-browser
  libmail-box-perl
Recommended packages:
  curl wget lynx-cur libasprintf-dev libgettextpo-dev libglib2.0-data
  shared-mime-info libltdl-dev libx11-doc xml-core libmail-sendmail-perl
The following NEW packages will be installed:
  autoconf automake autopoint autotools-dev bsdmainutils debhelper
  dh-autoreconf file gettext gettext-base groff-base intltool-debian
  libasprintf0c2 libcroco3 libframe-dev libframe6 libglib2.0-0 libmagic1
  libpipeline1 libpthread-stubs0-dev libsigsegv2 libtool libunistring0
  libx11-6 libx11-data libx11-dev libxau-dev libxau6 libxcb1 libxcb1-dev
  libxdmcp-dev libxdmcp6 libxext-dev libxext6 libxfixes-dev libxfixes3
  libxi-dev libxi6 libxml2 m4 man-db pkg-config po-debconf
  sbuild-build-depends-grail-dummy x11proto-core-dev x11proto-fixes-dev
  x11proto-input-dev x11proto-kb-dev x11proto-xext-dev xorg-sgml-doctools
  xtrans-dev
0 upgraded, 51 newly installed, 0 to remove and 0 not upgraded.
Need to get 15.1 MB/15.1 MB of archives.
After this operation, 47.0 MB of additional disk space will be used.
Get:1 http://localhost:9999/debian/ unstable/main libpipeline1 amd64 1.3.0-1 [25.8 kB]
Get:2 http://localhost:9999/debian/ unstable/main groff-base amd64 1.22.2-5 [1043 kB]
Get:3 http://localhost:9999/debian/ unstable/main bsdmainutils amd64 9.0.5 [211 kB]
Get:4 http://localhost:9999/debian/ unstable/main man-db amd64 2.6.7.1-1 [990 kB]
Get:5 http://localhost:9999/debian/ unstable/main libasprintf0c2 amd64 0.18.3.2-2 [29.4 kB]
Get:6 http://localhost:9999/debian/ unstable/main libmagic1 amd64 1:5.19-1 [237 kB]
Get:7 http://localhost:9999/debian/ unstable/main libxml2 amd64 2.9.1+dfsg1-3 [791 kB]
Get:8 http://localhost:9999/debian/ unstable/main libglib2.0-0 amd64 2.40.0-3 [2405 kB]
Get:9 http://localhost:9999/debian/ unstable/main libcroco3 amd64 0.6.8-2 [133 kB]
Get:10 http://localhost:9999/debian/ unstable/main libxau6 amd64 1:1.0.8-1 [20.7 kB]
Get:11 http://localhost:9999/debian/ unstable/main libxdmcp6 amd64 1:1.1.1-1 [26.3 kB]
Get:12 http://localhost:9999/debian/ unstable/main libxcb1 amd64 1.10-3 [42.6 kB]
Get:13 http://localhost:9999/debian/ unstable/main libx11-data all 2:1.6.2-2 [126 kB]
Get:14 http://localhost:9999/debian/ unstable/main libx11-6 amd64 2:1.6.2-2 [718 kB]
Get:15 http://localhost:9999/debian/ unstable/main libxext6 amd64 2:1.3.2-1 [56.5 kB]
Get:16 http://localhost:9999/debian/ unstable/main libxi6 amd64 2:1.7.2-1 [77.0 kB]
Get:17 http://localhost:9999/debian/ unstable/main libframe6 amd64 2.5.0-3 [44.6 kB]
Get:18 http://localhost:9999/debian/ unstable/main libsigsegv2 amd64 2.10-4 [28.8 kB]
Get:19 http://localhost:9999/debian/ unstable/main libunistring0 amd64 0.9.3-5 [434 kB]
Get:20 http://localhost:9999/debian/ unstable/main libxfixes3 amd64 1:5.0.1-1 [22.5 kB]
Get:21 http://localhost:9999/debian/ unstable/main file amd64 1:5.19-1 [58.0 kB]
Get:22 http://localhost:9999/debian/ unstable/main gettext-base amd64 0.18.3.2-2 [116 kB]
Get:23 http://localhost:9999/debian/ unstable/main m4 amd64 1.4.17-4 [254 kB]
Get:24 http://localhost:9999/debian/ unstable/main autoconf all 2.69-6 [340 kB]
Get:25 http://localhost:9999/debian/ unstable/main autotools-dev all 20140510.1 [70.3 kB]
Get:26 http://localhost:9999/debian/ unstable/main automake all 1:1.14.1-3 [725 kB]
Get:27 http://localhost:9999/debian/ unstable/main autopoint all 0.18.3.2-2 [393 kB]
Get:28 http://localhost:9999/debian/ unstable/main gettext amd64 0.18.3.2-2 [1202 kB]
Get:29 http://localhost:9999/debian/ unstable/main intltool-debian all 0.35.0+20060710.1 [30.8 kB]
Get:30 http://localhost:9999/debian/ unstable/main po-debconf all 1.0.16+nmu2 [224 kB]
Get:31 http://localhost:9999/debian/ unstable/main debhelper all 9.20140613 [692 kB]
Get:32 http://localhost:9999/debian/ unstable/main libtool amd64 2.4.2-1.7 [505 kB]
Get:33 http://localhost:9999/debian/ unstable/main dh-autoreconf all 9 [15.5 kB]
Get:34 http://localhost:9999/debian/ unstable/main libframe-dev amd64 2.5.0-3 [97.3 kB]
Get:35 http://localhost:9999/debian/ unstable/main libpthread-stubs0-dev amd64 0.3-4 [3866 B]
Get:36 http://localhost:9999/debian/ unstable/main xorg-sgml-doctools all 1:1.11-1 [21.9 kB]
Get:37 http://localhost:9999/debian/ unstable/main x11proto-core-dev all 7.0.26-1 [729 kB]
Get:38 http://localhost:9999/debian/ unstable/main libxau-dev amd64 1:1.0.8-1 [23.6 kB]
Get:39 http://localhost:9999/debian/ unstable/main libxdmcp-dev amd64 1:1.1.1-1 [42.3 kB]
Get:40 http://localhost:9999/debian/ unstable/main x11proto-input-dev all 2.3-1 [177 kB]
Get:41 http://localhost:9999/debian/ unstable/main x11proto-kb-dev all 1.0.6-2 [269 kB]
Get:42 http://localhost:9999/debian/ unstable/main xtrans-dev all 1.3.4-1 [99.3 kB]
Get:43 http://localhost:9999/debian/ unstable/main libxcb1-dev amd64 1.10-3 [81.8 kB]
Get:44 http://localhost:9999/debian/ unstable/main libx11-dev amd64 2:1.6.2-2 [782 kB]
Get:45 http://localhost:9999/debian/ unstable/main x11proto-xext-dev all 7.3.0-1 [212 kB]
Get:46 http://localhost:9999/debian/ unstable/main libxext-dev amd64 2:1.3.2-1 [116 kB]
Get:47 http://localhost:9999/debian/ unstable/main x11proto-fixes-dev all 1:5.0-2 [19.2 kB]
Get:48 http://localhost:9999/debian/ unstable/main libxfixes-dev amd64 1:5.0.1-1 [24.3 kB]
Get:49 http://localhost:9999/debian/ unstable/main libxi-dev amd64 2:1.7.2-1 [234 kB]
Get:50 http://localhost:9999/debian/ unstable/main pkg-config amd64 0.28-1 [57.5 kB]
debconf: delaying package configuration, since apt-utils is not installed
Fetched 15.1 MB in 2s (6533 kB/s)
Selecting previously unselected package libpipeline1:amd64.
(Reading database ... 14431 files and directories currently installed.)
Preparing to unpack .../libpipeline1_1.3.0-1_amd64.deb ...
Unpacking libpipeline1:amd64 (1.3.0-1) ...
Selecting previously unselected package groff-base.
Preparing to unpack .../groff-base_1.22.2-5_amd64.deb ...
Unpacking groff-base (1.22.2-5) ...
Selecting previously unselected package bsdmainutils.
Preparing to unpack .../bsdmainutils_9.0.5_amd64.deb ...
Unpacking bsdmainutils (9.0.5) ...
Selecting previously unselected package man-db.
Preparing to unpack .../man-db_2.6.7.1-1_amd64.deb ...
Unpacking man-db (2.6.7.1-1) ...
Selecting previously unselected package libasprintf0c2:amd64.
Preparing to unpack .../libasprintf0c2_0.18.3.2-2_amd64.deb ...
Unpacking libasprintf0c2:amd64 (0.18.3.2-2) ...
Selecting previously unselected package libmagic1:amd64.
Preparing to unpack .../libmagic1_1%3a5.19-1_amd64.deb ...
Unpacking libmagic1:amd64 (1:5.19-1) ...
Selecting previously unselected package libxml2:amd64.
Preparing to unpack .../libxml2_2.9.1+dfsg1-3_amd64.deb ...
Unpacking libxml2:amd64 (2.9.1+dfsg1-3) ...
Selecting previously unselected package libglib2.0-0:amd64.
Preparing to unpack .../libglib2.0-0_2.40.0-3_amd64.deb ...
Unpacking libglib2.0-0:amd64 (2.40.0-3) ...
Selecting previously unselected package libcroco3:amd64.
Preparing to unpack .../libcroco3_0.6.8-2_amd64.deb ...
Unpacking libcroco3:amd64 (0.6.8-2) ...
Selecting previously unselected package libxau6:amd64.
Preparing to unpack .../libxau6_1%3a1.0.8-1_amd64.deb ...
Unpacking libxau6:amd64 (1:1.0.8-1) ...
Selecting previously unselected package libxdmcp6:amd64.
Preparing to unpack .../libxdmcp6_1%3a1.1.1-1_amd64.deb ...
Unpacking libxdmcp6:amd64 (1:1.1.1-1) ...
Selecting previously unselected package libxcb1:amd64.
Preparing to unpack .../libxcb1_1.10-3_amd64.deb ...
Unpacking libxcb1:amd64 (1.10-3) ...
Selecting previously unselected package libx11-data.
Preparing to unpack .../libx11-data_2%3a1.6.2-2_all.deb ...
Unpacking libx11-data (2:1.6.2-2) ...
Selecting previously unselected package libx11-6:amd64.
Preparing to unpack .../libx11-6_2%3a1.6.2-2_amd64.deb ...
Unpacking libx11-6:amd64 (2:1.6.2-2) ...
Selecting previously unselected package libxext6:amd64.
Preparing to unpack .../libxext6_2%3a1.3.2-1_amd64.deb ...
Unpacking libxext6:amd64 (2:1.3.2-1) ...
Selecting previously unselected package libxi6:amd64.
Preparing to unpack .../libxi6_2%3a1.7.2-1_amd64.deb ...
Unpacking libxi6:amd64 (2:1.7.2-1) ...
Selecting previously unselected package libframe6:amd64.
Preparing to unpack .../libframe6_2.5.0-3_amd64.deb ...
Unpacking libframe6:amd64 (2.5.0-3) ...
Selecting previously unselected package libsigsegv2:amd64.
Preparing to unpack .../libsigsegv2_2.10-4_amd64.deb ...
Unpacking libsigsegv2:amd64 (2.10-4) ...
Selecting previously unselected package libunistring0:amd64.
Preparing to unpack .../libunistring0_0.9.3-5_amd64.deb ...
Unpacking libunistring0:amd64 (0.9.3-5) ...
Selecting previously unselected package libxfixes3:amd64.
Preparing to unpack .../libxfixes3_1%3a5.0.1-1_amd64.deb ...
Unpacking libxfixes3:amd64 (1:5.0.1-1) ...
Selecting previously unselected package file.
Preparing to unpack .../file_1%3a5.19-1_amd64.deb ...
Unpacking file (1:5.19-1) ...
Selecting previously unselected package gettext-base.
Preparing to unpack .../gettext-base_0.18.3.2-2_amd64.deb ...
Unpacking gettext-base (0.18.3.2-2) ...
Selecting previously unselected package m4.
Preparing to unpack .../archives/m4_1.4.17-4_amd64.deb ...
Unpacking m4 (1.4.17-4) ...
Selecting previously unselected package autoconf.
Preparing to unpack .../autoconf_2.69-6_all.deb ...
Unpacking autoconf (2.69-6) ...
Selecting previously unselected package autotools-dev.
Preparing to unpack .../autotools-dev_20140510.1_all.deb ...
Unpacking autotools-dev (20140510.1) ...
Selecting previously unselected package automake.
Preparing to unpack .../automake_1%3a1.14.1-3_all.deb ...
Unpacking automake (1:1.14.1-3) ...
Selecting previously unselected package autopoint.
Preparing to unpack .../autopoint_0.18.3.2-2_all.deb ...
Unpacking autopoint (0.18.3.2-2) ...
Selecting previously unselected package gettext.
Preparing to unpack .../gettext_0.18.3.2-2_amd64.deb ...
Unpacking gettext (0.18.3.2-2) ...
Selecting previously unselected package intltool-debian.
Preparing to unpack .../intltool-debian_0.35.0+20060710.1_all.deb ...
Unpacking intltool-debian (0.35.0+20060710.1) ...
Selecting previously unselected package po-debconf.
Preparing to unpack .../po-debconf_1.0.16+nmu2_all.deb ...
Unpacking po-debconf (1.0.16+nmu2) ...
Selecting previously unselected package debhelper.
Preparing to unpack .../debhelper_9.20140613_all.deb ...
Unpacking debhelper (9.20140613) ...
Selecting previously unselected package libtool.
Preparing to unpack .../libtool_2.4.2-1.7_amd64.deb ...
Unpacking libtool (2.4.2-1.7) ...
Selecting previously unselected package dh-autoreconf.
Preparing to unpack .../dh-autoreconf_9_all.deb ...
Unpacking dh-autoreconf (9) ...
Selecting previously unselected package libframe-dev:amd64.
Preparing to unpack .../libframe-dev_2.5.0-3_amd64.deb ...
Unpacking libframe-dev:amd64 (2.5.0-3) ...
Selecting previously unselected package libpthread-stubs0-dev:amd64.
Preparing to unpack .../libpthread-stubs0-dev_0.3-4_amd64.deb ...
Unpacking libpthread-stubs0-dev:amd64 (0.3-4) ...
Selecting previously unselected package xorg-sgml-doctools.
Preparing to unpack .../xorg-sgml-doctools_1%3a1.11-1_all.deb ...
Unpacking xorg-sgml-doctools (1:1.11-1) ...
Selecting previously unselected package x11proto-core-dev.
Preparing to unpack .../x11proto-core-dev_7.0.26-1_all.deb ...
Unpacking x11proto-core-dev (7.0.26-1) ...
Selecting previously unselected package libxau-dev:amd64.
Preparing to unpack .../libxau-dev_1%3a1.0.8-1_amd64.deb ...
Unpacking libxau-dev:amd64 (1:1.0.8-1) ...
Selecting previously unselected package libxdmcp-dev:amd64.
Preparing to unpack .../libxdmcp-dev_1%3a1.1.1-1_amd64.deb ...
Unpacking libxdmcp-dev:amd64 (1:1.1.1-1) ...
Selecting previously unselected package x11proto-input-dev.
Preparing to unpack .../x11proto-input-dev_2.3-1_all.deb ...
Unpacking x11proto-input-dev (2.3-1) ...
Selecting previously unselected package x11proto-kb-dev.
Preparing to unpack .../x11proto-kb-dev_1.0.6-2_all.deb ...
Unpacking x11proto-kb-dev (1.0.6-2) ...
Selecting previously unselected package xtrans-dev.
Preparing to unpack .../xtrans-dev_1.3.4-1_all.deb ...
Unpacking xtrans-dev (1.3.4-1) ...
Selecting previously unselected package libxcb1-dev:amd64.
Preparing to unpack .../libxcb1-dev_1.10-3_amd64.deb ...
Unpacking libxcb1-dev:amd64 (1.10-3) ...
Selecting previously unselected package libx11-dev:amd64.
Preparing to unpack .../libx11-dev_2%3a1.6.2-2_amd64.deb ...
Unpacking libx11-dev:amd64 (2:1.6.2-2) ...
Selecting previously unselected package x11proto-xext-dev.
Preparing to unpack .../x11proto-xext-dev_7.3.0-1_all.deb ...
Unpacking x11proto-xext-dev (7.3.0-1) ...
Selecting previously unselected package libxext-dev:amd64.
Preparing to unpack .../libxext-dev_2%3a1.3.2-1_amd64.deb ...
Unpacking libxext-dev:amd64 (2:1.3.2-1) ...
Selecting previously unselected package x11proto-fixes-dev.
Preparing to unpack .../x11proto-fixes-dev_1%3a5.0-2_all.deb ...
Unpacking x11proto-fixes-dev (1:5.0-2) ...
Selecting previously unselected package libxfixes-dev.
Preparing to unpack .../libxfixes-dev_1%3a5.0.1-1_amd64.deb ...
Unpacking libxfixes-dev (1:5.0.1-1) ...
Selecting previously unselected package libxi-dev.
Preparing to unpack .../libxi-dev_2%3a1.7.2-1_amd64.deb ...
Unpacking libxi-dev (2:1.7.2-1) ...
Selecting previously unselected package pkg-config.
Preparing to unpack .../pkg-config_0.28-1_amd64.deb ...
Unpacking pkg-config (0.28-1) ...
Selecting previously unselected package sbuild-build-depends-grail-dummy.
Preparing to unpack .../sbuild-build-depends-grail-dummy.deb ...
Unpacking sbuild-build-depends-grail-dummy (0.invalid.0) ...
Setting up libpipeline1:amd64 (1.3.0-1) ...
Setting up groff-base (1.22.2-5) ...
Setting up bsdmainutils (9.0.5) ...
update-alternatives: using /usr/bin/bsd-write to provide /usr/bin/write (write) in auto mode
update-alternatives: using /usr/bin/bsd-from to provide /usr/bin/from (from) in auto mode
Setting up man-db (2.6.7.1-1) ...
Not building database; man-db/auto-update is not 'true'.
Setting up libasprintf0c2:amd64 (0.18.3.2-2) ...
Setting up libmagic1:amd64 (1:5.19-1) ...
Setting up libxml2:amd64 (2.9.1+dfsg1-3) ...
Setting up libglib2.0-0:amd64 (2.40.0-3) ...
No schema files found: doing nothing.
Setting up libcroco3:amd64 (0.6.8-2) ...
Setting up libxau6:amd64 (1:1.0.8-1) ...
Setting up libxdmcp6:amd64 (1:1.1.1-1) ...
Setting up libxcb1:amd64 (1.10-3) ...
Setting up libx11-data (2:1.6.2-2) ...
Setting up libx11-6:amd64 (2:1.6.2-2) ...
Setting up libxext6:amd64 (2:1.3.2-1) ...
Setting up libxi6:amd64 (2:1.7.2-1) ...
Setting up libframe6:amd64 (2.5.0-3) ...
Setting up libsigsegv2:amd64 (2.10-4) ...
Setting up libunistring0:amd64 (0.9.3-5) ...
Setting up libxfixes3:amd64 (1:5.0.1-1) ...
Setting up file (1:5.19-1) ...
Setting up gettext-base (0.18.3.2-2) ...
Setting up m4 (1.4.17-4) ...
Setting up autoconf (2.69-6) ...
Setting up autotools-dev (20140510.1) ...
Setting up automake (1:1.14.1-3) ...
update-alternatives: using /usr/bin/automake-1.14 to provide /usr/bin/automake (automake) in auto mode
Setting up autopoint (0.18.3.2-2) ...
Setting up gettext (0.18.3.2-2) ...
Setting up intltool-debian (0.35.0+20060710.1) ...
Setting up po-debconf (1.0.16+nmu2) ...
Setting up debhelper (9.20140613) ...
Setting up libtool (2.4.2-1.7) ...
Setting up dh-autoreconf (9) ...
Setting up libframe-dev:amd64 (2.5.0-3) ...
Setting up libpthread-stubs0-dev:amd64 (0.3-4) ...
Setting up xorg-sgml-doctools (1:1.11-1) ...
Setting up x11proto-core-dev (7.0.26-1) ...
Setting up libxau-dev:amd64 (1:1.0.8-1) ...
Setting up libxdmcp-dev:amd64 (1:1.1.1-1) ...
Setting up x11proto-input-dev (2.3-1) ...
Setting up x11proto-kb-dev (1.0.6-2) ...
Setting up xtrans-dev (1.3.4-1) ...
Setting up libxcb1-dev:amd64 (1.10-3) ...
Setting up libx11-dev:amd64 (2:1.6.2-2) ...
Setting up x11proto-xext-dev (7.3.0-1) ...
Setting up libxext-dev:amd64 (2:1.3.2-1) ...
Setting up x11proto-fixes-dev (1:5.0-2) ...
Setting up libxfixes-dev (1:5.0.1-1) ...
Setting up libxi-dev (2:1.7.2-1) ...
Setting up pkg-config (0.28-1) ...
Setting up sbuild-build-depends-grail-dummy (0.invalid.0) ...
Processing triggers for libc-bin (2.19-2) ...

┌──────────────────────────────────────────────────────────────────────────────┐
│ Build environment                                                            │
└──────────────────────────────────────────────────────────────────────────────┘

Kernel: Linux 2.6.32-5-xen-amd64 amd64 (x86_64)
Toolchain package versions: binutils_2.24.51.20140604-3 dpkg-dev_1.17.10 g++-4.6_4.6.4-7 g++-4.9_4.9.0-6 gcc-4.6_4.6.4-7 gcc-4.7_4.7.4-1 gcc-4.9_4.9.0-6 libc6-dev_2.19-2 libstdc++-4.9-dev_4.9.0-6 libstdc++6_4.9.0-6 libstdc++6-4.6-dev_4.6.4-7 linux-libc-dev_3.14.7-1
Package versions: apt_1.0.4 autoconf_2.69-6 automake_1:1.14.1-3 autopoint_0.18.3.2-2 autotools-dev_20140510.1 base-files_7.3 base-passwd_3.5.33 bash_4.3-7 binutils_2.24.51.20140604-3 bsdmainutils_9.0.5 bsdutils_1:2.20.1-5.8 build-essential_11.6 bzip2_1.0.6-5 clang-3.4_1:3.4.2-2 coreutils_8.21-1.2 cpp_4:4.9.0-3 cpp-4.6_4.6.4-7 cpp-4.7_4.7.4-1 cpp-4.9_4.9.0-6 dash_0.5.7-4 debconf_1.5.53 debconf-i18n_1.5.53 debfoster_2.7-1.2 debhelper_9.20140613 debian-archive-keyring_2012.4 debianutils_4.4 dh-autoreconf_9 diffutils_1:3.3-1 dpkg_1.17.10 dpkg-dev_1.17.10 e2fslibs_1.42.10-1 e2fsprogs_1.42.10-1 fakeroot_1.20-3 file_1:5.19-1 findutils_4.4.2-8 g++_4:4.9.0-3 g++-4.6_4.6.4-7 g++-4.9_4.9.0-6 gcc_4:4.9.0-3 gcc-4.4-base_4.4.7-8 gcc-4.5-base_4.5.4-1 gcc-4.6_4.6.4-7 gcc-4.6-base_4.6.4-7 gcc-4.7_4.7.4-1 gcc-4.7-base_4.7.4-1 gcc-4.8-base_4.8.3-3 gcc-4.9_4.9.0-6 gcc-4.9-base_4.9.0-6 gettext_0.18.3.2-2 gettext-base_0.18.3.2-2 gnupg_1.4.16-1.1 gpgv_1.4.16-1.1 grep_2.18-2 groff-base_1.22.2-5 gzip_1.6-3 hostname_3.15 initscripts_2.88dsf-53.2 insserv_1.14.0-5 intltool-debian_0.35.0+20060710.1 libacl1_2.2.52-1 libapt-pkg4.12_1.0.4 libarchive-extract-perl_0.72-1 libasan1_4.9.0-6 libasprintf0c2_0.18.3.2-2 libatomic1_4.9.0-6 libattr1_1:2.4.47-1 libaudit-common_1:2.3.7-1 libaudit1_1:2.3.7-1 libblkid1_2.20.1-5.8 libbz2-1.0_1.0.6-5 libc-bin_2.19-2 libc-dev-bin_2.19-2 libc6_2.19-2 libc6-dev_2.19-2 libcap2_1:2.22-1.2 libcilkrts5_4.9.0-6 libclang-common-3.4-dev_1:3.4.2-2 libclang1-3.4_1:3.4.2-2 libclass-isa-perl_0.36-5 libcloog-isl4_0.18.2-1 libcloog-ppl1_0.16.1-5 libcomerr2_1.42.10-1 libcroco3_0.6.8-2 libdb5.1_5.1.29-5 libdb5.3_5.3.28-3 libdebconfclient0_0.191 libdpkg-perl_1.17.10 libfakeroot_1.20-3 libffi6_3.1-2 libfile-fcntllock-perl_0.20-1 libframe-dev_2.5.0-3 libframe6_2.5.0-3 libgc1c2_1:7.2d-6 libgcc-4.7-dev_4.7.4-1 libgcc-4.9-dev_4.9.0-6 libgcc1_1:4.9.0-6 libgdbm3_1.8.3-12 libglib2.0-0_2.40.0-3 libgmp10_2:6.0.0+dfsg-4 libgmpxx4ldbl_2:6.0.0+dfsg-4 libgomp1_4.9.0-6 libgpm2_1.20.4-6.1 libisl10_0.12.2-1 libitm1_4.9.0-6 libllvm3.4_1:3.4.2-2 liblocale-gettext-perl_1.05-8 liblog-message-simple-perl_0.10-1 liblsan0_4.9.0-6 liblzma5_5.1.1alpha+20120614-2 libmagic1_1:5.19-1 libmodule-pluggable-perl_5.1-1 libmount1_2.20.1-5.8 libmpc2_0.9-4 libmpc3_1.0.1-1 libmpfr4_3.1.2-1 libncurses5_5.9+20140118-1 libobjc-4.9-dev_4.9.0-6 libobjc4_4.9.0-6 libpam-modules_1.1.8-3 libpam-modules-bin_1.1.8-3 libpam-runtime_1.1.8-3 libpam0g_1.1.8-3 libpcre3_1:8.31-5 libpipeline1_1.3.0-1 libpod-latex-perl_0.61-1 libppl-c4_1:1.1-2+b1 libppl13_1:1.1-2+b1 libpthread-stubs0-dev_0.3-4 libquadmath0_4.9.0-6 libreadline6_6.3-6 libselinux1_2.3-1 libsemanage-common_2.3-1 libsemanage1_2.3-1 libsepol1_2.3-1 libsigsegv2_2.10-4 libslang2_2.2.4-16 libss2_1.42.10-1 libstdc++-4.9-dev_4.9.0-6 libstdc++6_4.9.0-6 libstdc++6-4.6-dev_4.6.4-7 libswitch-perl_2.17-1 libterm-ui-perl_0.42-1 libtext-charwidth-perl_0.04-7+b2 libtext-iconv-perl_1.7-5+b1 libtext-soundex-perl_3.4-1+b1 libtext-wrapi18n-perl_0.06-7 libtimedate-perl_2.3000-2 libtinfo5_5.9+20140118-1 libtool_2.4.2-1.7 libtsan0_4.9.0-6 libubsan0_4.9.0-6 libunistring0_0.9.3-5 libusb-0.1-4_2:0.1.12-23.3 libustr-1.0-1_1.0.4-3 libuuid1_2.20.1-5.8 libvtv0_4.9.0-6 libx11-6_2:1.6.2-2 libx11-data_2:1.6.2-2 libx11-dev_2:1.6.2-2 libxau-dev_1:1.0.8-1 libxau6_1:1.0.8-1 libxcb1_1.10-3 libxcb1-dev_1.10-3 libxdmcp-dev_1:1.1.1-1 libxdmcp6_1:1.1.1-1 libxext-dev_2:1.3.2-1 libxext6_2:1.3.2-1 libxfixes-dev_1:5.0.1-1 libxfixes3_1:5.0.1-1 libxi-dev_2:1.7.2-1 libxi6_2:1.7.2-1 libxml2_2.9.1+dfsg1-3 linux-libc-dev_3.14.7-1 login_1:4.2-2 lsb-base_4.1+Debian13 m4_1.4.17-4 make_4.0-8 man-db_2.6.7.1-1 mawk_1.3.3-17 mount_2.20.1-5.8 multiarch-support_2.19-2 ncurses-base_5.9+20140118-1 ncurses-bin_5.9+20140118-1 passwd_1:4.2-2 patch_2.7.1-5 perl_5.18.2-4 perl-base_5.18.2-4 perl-modules_5.18.2-4 pkg-config_0.28-1 po-debconf_1.0.16+nmu2 readline-common_6.3-6 rename_0.20-3 sbuild-build-depends-core-dummy_0.invalid.0 sbuild-build-depends-grail-dummy_0.invalid.0 sed_4.2.2-4 sensible-utils_0.0.9 startpar_0.59-3 sudo_1.8.9p5-1 sysv-rc_2.88dsf-53.2 sysvinit_2.88dsf-53.2 sysvinit-core_2.88dsf-53.2 sysvinit-utils_2.88dsf-53.2 tar_1.27.1-2 tzdata_2014e-1 ucf_3.0030 util-linux_2.20.1-5.8 vim_2:7.4.273-2+b1 vim-common_2:7.4.273-2+b1 vim-runtime_2:7.4.273-2 x11proto-core-dev_7.0.26-1 x11proto-fixes-dev_1:5.0-2 x11proto-input-dev_2.3-1 x11proto-kb-dev_1.0.6-2 x11proto-xext-dev_7.3.0-1 xorg-sgml-doctools_1:1.11-1 xtrans-dev_1.3.4-1 xz-utils_5.1.1alpha+20120614-2 zlib1g_1:1.2.8.dfsg-1

┌──────────────────────────────────────────────────────────────────────────────┐
│ Build                                                                        │
└──────────────────────────────────────────────────────────────────────────────┘


Unpack source
─────────────

gpgv: keyblock resource `/sbuild-nonexistent/.gnupg/trustedkeys.gpg': file open error
gpgv: Signature made Wed Jun  5 06:27:25 2013 UTC using RSA key ID 40AD1FA6
gpgv: Can't check signature: public key not found
dpkg-source: warning: failed to verify signature on ./grail_3.1.0-2.dsc
dpkg-source: info: extracting grail in grail-3.1.0
dpkg-source: info: unpacking grail_3.1.0.orig.tar.bz2
dpkg-source: info: unpacking grail_3.1.0-2.debian.tar.gz

Check disc space
────────────────

Sufficient free space for build

Hack binNMU version
───────────────────

Created changelog entry for binNMU version 3.1.0-2clang1

User Environment
────────────────

DEB_BUILD_OPTIONS=parallel=10
HOME=/sbuild-nonexistent
LOGNAME=user
PATH=/usr/local/sbin:/usr/local/bin:/usr/sbin:/usr/bin:/sbin:/bin:/usr/games
SCHROOT_ALIAS_NAME=unstable-amd64-sbuild
SCHROOT_CHROOT_NAME=unstable-amd64-sbuild
SCHROOT_COMMAND=env
SCHROOT_GID=1000
SCHROOT_GROUP=user
SCHROOT_SESSION_ID=unstable-amd64-sbuild-ccc81364-78a3-43f9-a8a8-ef686dd1d994
SCHROOT_UID=1000
SCHROOT_USER=user
SHELL=/bin/sh
USER=user

dpkg-buildpackage
─────────────────

dpkg-buildpackage: source package grail
dpkg-buildpackage: source version 3.1.0-2clang1
dpkg-buildpackage: source distribution unstable
 dpkg-source --before-build grail-3.1.0
dpkg-buildpackage: host architecture amd64
 fakeroot debian/rules clean
dh clean --with autoreconf --parallel
   dh_testdir -O--parallel
   dh_auto_clean -O--parallel
   dh_autoreconf_clean -O--parallel
   dh_clean -O--parallel
 debian/rules build-arch
dh build-arch --with autoreconf --parallel
   dh_testdir -a -O--parallel
   dh_autoreconf -a -O--parallel
libtoolize: putting auxiliary files in AC_CONFIG_AUX_DIR, `config-aux'.
libtoolize: copying file `config-aux/ltmain.sh'
libtoolize: putting macros in AC_CONFIG_MACRO_DIR, `m4'.
libtoolize: copying file `m4/libtool.m4'
libtoolize: copying file `m4/ltoptions.m4'
libtoolize: copying file `m4/ltsugar.m4'
libtoolize: copying file `m4/ltversion.m4'
libtoolize: copying file `m4/lt~obsolete.m4'
configure.ac:23: installing 'config-aux/compile'
Makefile.am:14: warning: 'INCLUDES' is the old name for 'AM_CPPFLAGS' (or '*_CPPFLAGS')
src/Makefile.am:42: warning: 'INCLUDES' is the old name for 'AM_CPPFLAGS' (or '*_CPPFLAGS')
test/gtest/Makefile.am:5: warning: source file '$(GTEST_SOURCE)/src/gtest-all.cc' is in a subdirectory,
test/gtest/Makefile.am:5: but option 'subdir-objects' is disabled
automake: warning: possible forward-incompatibility.
automake: At least a source file is in a subdirectory, but the 'subdir-objects'
automake: automake option hasn't been enabled.  For now, the corresponding output
automake: object file(s) will be placed in the top-level directory.  However,
automake: this behaviour will change in future Automake versions: they will
automake: unconditionally cause object files to be placed in the same subdirectory
automake: of the corresponding sources.
automake: You are advised to start using 'subdir-objects' option throughout your
automake: project, to avoid future incompatibilities.
test/gtest/Makefile.am:5: warning: source file '$(GTEST_SOURCE)/src/gtest_main.cc' is in a subdirectory,
test/gtest/Makefile.am:5: but option 'subdir-objects' is disabled
test/gtest/Makefile.am:13: warning: source file '$(XORG_GTEST_SOURCE)/src/xorg-gtest-all.cpp' is in a subdirectory,
test/gtest/Makefile.am:13: but option 'subdir-objects' is disabled
test/integration/Makefile.am:6: warning: source file 'x11/fixture.cpp' is in a subdirectory,
test/integration/Makefile.am:6: but option 'subdir-objects' is disabled
test/integration/Makefile.am:6: warning: source file 'x11/no-premature-gestures.cpp' is in a subdirectory,
test/integration/Makefile.am:6: but option 'subdir-objects' is disabled
test/integration/Makefile.am:6: warning: source file 'x11/no-tap-after-drag.cpp' is in a subdirectory,
test/integration/Makefile.am:6: but option 'subdir-objects' is disabled
test/integration/Makefile.am:6: warning: source file 'x11/twodrag.cpp' is in a subdirectory,
test/integration/Makefile.am:6: but option 'subdir-objects' is disabled
test/integration/Makefile.am:6: warning: source file 'x11/dragthresh.cpp' is in a subdirectory,
test/integration/Makefile.am:6: but option 'subdir-objects' is disabled
test/integration/Makefile.am:6: warning: source file 'x11/timeout.cpp' is in a subdirectory,
test/integration/Makefile.am:6: but option 'subdir-objects' is disabled
test/integration/Makefile.am:6: warning: source file 'x11/atomic-timeout.cpp' is in a subdirectory,
test/integration/Makefile.am:6: but option 'subdir-objects' is disabled
test/integration/Makefile.am:6: warning: source file 'x11/tap-touch-accept.cpp' is in a subdirectory,
test/integration/Makefile.am:6: but option 'subdir-objects' is disabled
test/integration/Makefile.am:6: warning: source file 'x11/parallel-atomic-gestures.cpp' is in a subdirectory,
test/integration/Makefile.am:6: but option 'subdir-objects' is disabled
test/integration/Makefile.am:6: warning: source file 'x11/hold-reject.cpp' is in a subdirectory,
test/integration/Makefile.am:6: but option 'subdir-objects' is disabled
test/integration/Makefile.am:26: warning: source file '$(XORG_GTEST_SOURCE)/src/xorg-gtest_main.cpp' is in a subdirectory,
test/integration/Makefile.am:26: but option 'subdir-objects' is disabled
parallel-tests: installing 'config-aux/test-driver'
tools/Makefile.am:45: warning: 'INCLUDES' is the old name for 'AM_CPPFLAGS' (or '*_CPPFLAGS')
tools/Makefile.am:29: warning: source file 'common/device.c' is in a subdirectory,
tools/Makefile.am:29: but option 'subdir-objects' is disabled
tools/Makefile.am:29: warning: source file 'common/servertime.c' is in a subdirectory,
tools/Makefile.am:29: but option 'subdir-objects' is disabled
tools/Makefile.am:29: warning: source file 'common/slice.c' is in a subdirectory,
tools/Makefile.am:29: but option 'subdir-objects' is disabled
tools/Makefile.am:37: warning: source file 'common/device.c' is in a subdirectory,
tools/Makefile.am:37: but option 'subdir-objects' is disabled
tools/Makefile.am:37: warning: source file 'common/servertime.c' is in a subdirectory,
tools/Makefile.am:37: but option 'subdir-objects' is disabled
tools/Makefile.am:37: warning: source file 'common/slice.c' is in a subdirectory,
tools/Makefile.am:37: but option 'subdir-objects' is disabled
tools/Makefile.am:21: warning: source file 'common/device.c' is in a subdirectory,
tools/Makefile.am:21: but option 'subdir-objects' is disabled
tools/Makefile.am:21: warning: source file 'common/servertime.c' is in a subdirectory,
tools/Makefile.am:21: but option 'subdir-objects' is disabled
tools/Makefile.am:21: warning: source file 'common/slice.c' is in a subdirectory,
tools/Makefile.am:21: but option 'subdir-objects' is disabled
tools/Makefile.am:13: warning: source file 'common/device.c' is in a subdirectory,
tools/Makefile.am:13: but option 'subdir-objects' is disabled
tools/Makefile.am:13: warning: source file 'common/servertime.c' is in a subdirectory,
tools/Makefile.am:13: but option 'subdir-objects' is disabled
tools/Makefile.am:13: warning: source file 'common/slice.c' is in a subdirectory,
tools/Makefile.am:13: but option 'subdir-objects' is disabled
   debian/rules override_dh_auto_configure
make[1]: Entering directory '/«PKGBUILDDIR»'
dh_auto_configure -- --disable-integration-tests --disable-silent-rules
checking for a BSD-compatible install... /usr/bin/install -c
checking whether build environment is sane... yes
checking for a thread-safe mkdir -p... /bin/mkdir -p
checking for gawk... no
checking for mawk... mawk
checking whether make sets $(MAKE)... yes
checking whether make supports nested variables... yes
checking whether make supports nested variables... (cached) yes
checking whether to enable maintainer-specific portions of Makefiles... no
checking build system type... x86_64-pc-linux-gnu
checking host system type... x86_64-pc-linux-gnu
checking how to print strings... printf
checking for style of include used by make... GNU
checking for gcc... gcc
checking whether the C compiler works... yes
checking for C compiler default output file name... a.out
checking for suffix of executables... 
checking whether we are cross compiling... no
checking for suffix of object files... o
checking whether we are using the GNU C compiler... yes
checking whether gcc accepts -g... yes
checking for gcc option to accept ISO C89... none needed
checking whether gcc understands -c and -o together... yes
checking dependency style of gcc... none
checking for a sed that does not truncate output... /bin/sed
checking for grep that handles long lines and -e... /bin/grep
checking for egrep... /bin/grep -E
checking for fgrep... /bin/grep -F
checking for ld used by gcc... /usr/bin/ld
checking if the linker (/usr/bin/ld) is GNU ld... yes
checking for BSD- or MS-compatible name lister (nm)... /usr/bin/nm -B
checking the name lister (/usr/bin/nm -B) interface... BSD nm
checking whether ln -s works... yes
checking the maximum length of command line arguments... 1572864
checking whether the shell understands some XSI constructs... yes
checking whether the shell understands "+="... yes
checking how to convert x86_64-pc-linux-gnu file names to x86_64-pc-linux-gnu format... func_convert_file_noop
checking how to convert x86_64-pc-linux-gnu file names to toolchain format... func_convert_file_noop
checking for /usr/bin/ld option to reload object files... -r
checking for objdump... objdump
checking how to recognize dependent libraries... pass_all
checking for dlltool... no
checking how to associate runtime and link libraries... printf %s\n
checking for ar... ar
checking for archiver @FILE support... @
checking for strip... strip
checking for ranlib... ranlib
checking command to parse /usr/bin/nm -B output from gcc object... ok
checking for sysroot... no
checking for mt... no
checking if : is a manifest tool... no
checking how to run the C preprocessor... gcc -E
checking for ANSI C header files... yes
checking for sys/types.h... yes
checking for sys/stat.h... yes
checking for stdlib.h... yes
checking for string.h... yes
checking for memory.h... yes
checking for strings.h... yes
checking for inttypes.h... yes
checking for stdint.h... yes
checking for unistd.h... yes
checking for dlfcn.h... yes
checking for objdir... .libs
checking if gcc supports -fno-rtti -fno-exceptions... yes
checking for gcc option to produce PIC... -fPIC -DPIC
checking if gcc PIC flag -fPIC -DPIC works... yes
checking if gcc static flag -static works... yes
checking if gcc supports -c -o file.o... yes
checking if gcc supports -c -o file.o... (cached) yes
checking whether the gcc linker (/usr/bin/ld -m elf_x86_64) supports shared libraries... yes
checking whether -lc should be explicitly linked in... no
checking dynamic linker characteristics... GNU/Linux ld.so
checking how to hardcode library paths into programs... immediate
checking whether stripping libraries is possible... yes
checking if libtool supports shared libraries... yes
checking whether to build shared libraries... yes
checking whether to build static libraries... yes
checking for gcc... (cached) gcc
checking whether we are using the GNU C compiler... (cached) yes
checking whether gcc accepts -g... (cached) yes
checking for gcc option to accept ISO C89... (cached) none needed
checking whether gcc understands -c and -o together... (cached) yes
checking dependency style of gcc... (cached) none
checking for g++... g++
checking whether we are using the GNU C++ compiler... yes
checking whether g++ accepts -g... yes
checking dependency style of g++... none
checking how to run the C++ preprocessor... g++ -E
checking for ld used by g++... /usr/bin/ld -m elf_x86_64
checking if the linker (/usr/bin/ld -m elf_x86_64) is GNU ld... yes
checking whether the g++ linker (/usr/bin/ld -m elf_x86_64) supports shared libraries... yes
checking for g++ option to produce PIC... -fPIC -DPIC
checking if g++ PIC flag -fPIC -DPIC works... yes
checking if g++ static flag -static works... yes
checking if g++ supports -c -o file.o... yes
checking if g++ supports -c -o file.o... (cached) yes
checking whether the g++ linker (/usr/bin/ld -m elf_x86_64) supports shared libraries... yes
checking dynamic linker characteristics... (cached) GNU/Linux ld.so
checking how to hardcode library paths into programs... immediate
checking for pkg-config... /usr/bin/pkg-config
checking pkg-config is at least version 0.9.0... yes
checking for XINPUT... yes
checking for FRAME... yes
checking whether __clang__ is declared... yes
checking whether __INTEL_COMPILER is declared... no
checking whether __SUNPRO_C is declared... no
checking if g++ supports -Werror=unknown-warning-option... yes
checking if g++ supports -Werror=unused-command-line-argument... yes
checking if g++ supports-Wall... yes
checking if g++ supports-Wpointer-arith... yes
checking if g++ supports-Wmissing-declarations... yes
checking if g++ supports-Wformat=2... yes
checking if g++ supports-Wunused... yes
checking if g++ supports-Wuninitialized... yes
checking if g++ supports-Wshadow... yes
checking if g++ supports-Wcast-qual... yes
checking if g++ supports-Wmissing-noreturn... yes
checking if g++ supports-Wmissing-format-attribute... yes
checking if g++ supports-Wredundant-decls... yes
checking if g++ supports-Werror=implicit... yes
checking if g++ supports-Werror=nonnull... yes
checking if g++ supports-Werror=init-self... yes
checking if g++ supports-Werror=main... yes
checking if g++ supports-Werror=missing-braces... yes
checking if g++ supports-Werror=sequence-point... yes
checking if g++ supports-Werror=return-type... yes
checking if g++ supports-Werror=trigraphs... yes
checking if g++ supports-Werror=array-bounds... yes
checking if g++ supports-Werror=write-strings... yes
checking if g++ supports-Werror=address... yes
checking if g++ supports-Werror=int-to-pointer-cast... yes
checking if g++ supports-Werror=pointer-to-int-cast... yes
checking that generated files are newer than configure... done
configure: creating ./config.status
config.status: creating Makefile
config.status: creating src/Makefile
config.status: creating tools/Makefile
config.status: creating test/Makefile
config.status: creating test/gtest/Makefile
config.status: creating test/integration/Makefile
config.status: creating test/regular/Makefile
config.status: creating grail.pc
config.status: creating config.h
config.status: executing depfiles commands
config.status: executing libtool commands
tput: No value for $TERM and no -T specified
tput: No value for $TERM and no -T specified
tput: No value for $TERM and no -T specified
tput: No value for $TERM and no -T specified
tput: No value for $TERM and no -T specified
configure: 
configure: Open Input Framework - Grail library - 3.1.0
configure: 
configure:    Prefix                  : /usr
configure:    CFLAGS                  : -g -O2 -fstack-protector --param=ssp-buffer-size=4 -Wformat -Werror=format-security 
configure:    X11 support             : yes
configure:    Build integration tests : 
configure: 
make[1]: Leaving directory '/«PKGBUILDDIR»'
   dh_auto_build -a -O--parallel
make[1]: Entering directory '/«PKGBUILDDIR»'
make  all-recursive
make[2]: Entering directory '/«PKGBUILDDIR»'
Making all in src
make[3]: Entering directory '/«PKGBUILDDIR»/src'
/bin/bash ../libtool  --tag=CXX   --mode=compile g++ -DHAVE_CONFIG_H -I. -I.. -I../include/  -DBUILDING_GRAIL -Wall -Werror -D_FORTIFY_SOURCE=2 -std=c++0x  -fvisibility=hidden -g -O2 -fstack-protector --param=ssp-buffer-size=4 -Wformat -Werror=format-security -c -o atomic-recognizer.lo atomic-recognizer.cpp
/bin/bash ../libtool  --tag=CXX   --mode=compile g++ -DHAVE_CONFIG_H -I. -I.. -I../include/  -DBUILDING_GRAIL -Wall -Werror -D_FORTIFY_SOURCE=2 -std=c++0x  -fvisibility=hidden -g -O2 -fstack-protector --param=ssp-buffer-size=4 -Wformat -Werror=format-security -c -o event.lo event.cpp
/bin/bash ../libtool  --tag=CXX   --mode=compile g++ -DHAVE_CONFIG_H -I. -I.. -I../include/  -DBUILDING_GRAIL -Wall -Werror -D_FORTIFY_SOURCE=2 -std=c++0x  -fvisibility=hidden -g -O2 -fstack-protector --param=ssp-buffer-size=4 -Wformat -Werror=format-security -c -o gesture.lo gesture.cpp
/bin/bash ../libtool  --tag=CXX   --mode=compile g++ -DHAVE_CONFIG_H -I. -I.. -I../include/  -DBUILDING_GRAIL -Wall -Werror -D_FORTIFY_SOURCE=2 -std=c++0x  -fvisibility=hidden -g -O2 -fstack-protector --param=ssp-buffer-size=4 -Wformat -Werror=format-security -c -o handle.lo handle.cpp
/bin/bash ../libtool  --tag=CXX   --mode=compile g++ -DHAVE_CONFIG_H -I. -I.. -I../include/  -DBUILDING_GRAIL -Wall -Werror -D_FORTIFY_SOURCE=2 -std=c++0x  -fvisibility=hidden -g -O2 -fstack-protector --param=ssp-buffer-size=4 -Wformat -Werror=format-security -c -o log.lo log.cpp
/bin/bash ../libtool  --tag=CXX   --mode=compile g++ -DHAVE_CONFIG_H -I. -I.. -I../include/  -DBUILDING_GRAIL -Wall -Werror -D_FORTIFY_SOURCE=2 -std=c++0x  -fvisibility=hidden -g -O2 -fstack-protector --param=ssp-buffer-size=4 -Wformat -Werror=format-security -c -o recognizer.lo recognizer.cpp
/bin/bash ../libtool  --tag=CXX   --mode=compile g++ -DHAVE_CONFIG_H -I. -I.. -I../include/  -DBUILDING_GRAIL -Wall -Werror -D_FORTIFY_SOURCE=2 -std=c++0x  -fvisibility=hidden -g -O2 -fstack-protector --param=ssp-buffer-size=4 -Wformat -Werror=format-security -c -o regular-recognizer.lo regular-recognizer.cpp
/bin/bash ../libtool  --tag=CXX   --mode=compile g++ -DHAVE_CONFIG_H -I. -I.. -I../include/  -DBUILDING_GRAIL -Wall -Werror -D_FORTIFY_SOURCE=2 -std=c++0x  -fvisibility=hidden -g -O2 -fstack-protector --param=ssp-buffer-size=4 -Wformat -Werror=format-security -c -o slice.lo slice.cpp
/bin/bash ../libtool  --tag=CXX   --mode=compile g++ -DHAVE_CONFIG_H -I. -I.. -I../include/  -DBUILDING_GRAIL -Wall -Werror -D_FORTIFY_SOURCE=2 -std=c++0x  -fvisibility=hidden -g -O2 -fstack-protector --param=ssp-buffer-size=4 -Wformat -Werror=format-security -c -o subscription.lo subscription.cpp
/bin/bash ../libtool  --tag=CXX   --mode=compile g++ -DHAVE_CONFIG_H -I. -I.. -I../include/  -DBUILDING_GRAIL -Wall -Werror -D_FORTIFY_SOURCE=2 -std=c++0x  -fvisibility=hidden -g -O2 -fstack-protector --param=ssp-buffer-size=4 -Wformat -Werror=format-security -c -o touch.lo touch.cpp
libtool: compile:  g++ -DHAVE_CONFIG_H -I. -I.. -I../include/ -DBUILDING_GRAIL -Wall -Werror -D_FORTIFY_SOURCE=2 -std=c++0x -fvisibility=hidden -g -O2 -fstack-protector --param=ssp-buffer-size=4 -Wformat -Werror=format-security -c atomic-recognizer.cpp  -fPIC -DPIC -o .libs/atomic-recognizer.o
libtool: compile:  g++ -DHAVE_CONFIG_H -I. -I.. -I../include/ -DBUILDING_GRAIL -Wall -Werror -D_FORTIFY_SOURCE=2 -std=c++0x -fvisibility=hidden -g -O2 -fstack-protector --param=ssp-buffer-size=4 -Wformat -Werror=format-security -c slice.cpp  -fPIC -DPIC -o .libs/slice.o
libtool: compile:  g++ -DHAVE_CONFIG_H -I. -I.. -I../include/ -DBUILDING_GRAIL -Wall -Werror -D_FORTIFY_SOURCE=2 -std=c++0x -fvisibility=hidden -g -O2 -fstack-protector --param=ssp-buffer-size=4 -Wformat -Werror=format-security -c recognizer.cpp  -fPIC -DPIC -o .libs/recognizer.o
libtool: compile:  g++ -DHAVE_CONFIG_H -I. -I.. -I../include/ -DBUILDING_GRAIL -Wall -Werror -D_FORTIFY_SOURCE=2 -std=c++0x -fvisibility=hidden -g -O2 -fstack-protector --param=ssp-buffer-size=4 -Wformat -Werror=format-security -c gesture.cpp  -fPIC -DPIC -o .libs/gesture.o
libtool: compile:  g++ -DHAVE_CONFIG_H -I. -I.. -I../include/ -DBUILDING_GRAIL -Wall -Werror -D_FORTIFY_SOURCE=2 -std=c++0x -fvisibility=hidden -g -O2 -fstack-protector --param=ssp-buffer-size=4 -Wformat -Werror=format-security -c log.cpp  -fPIC -DPIC -o .libs/log.o
libtool: compile:  g++ -DHAVE_CONFIG_H -I. -I.. -I../include/ -DBUILDING_GRAIL -Wall -Werror -D_FORTIFY_SOURCE=2 -std=c++0x -fvisibility=hidden -g -O2 -fstack-protector --param=ssp-buffer-size=4 -Wformat -Werror=format-security -c regular-recognizer.cpp  -fPIC -DPIC -o .libs/regular-recognizer.o
libtool: compile:  g++ -DHAVE_CONFIG_H -I. -I.. -I../include/ -DBUILDING_GRAIL -Wall -Werror -D_FORTIFY_SOURCE=2 -std=c++0x -fvisibility=hidden -g -O2 -fstack-protector --param=ssp-buffer-size=4 -Wformat -Werror=format-security -c event.cpp  -fPIC -DPIC -o .libs/event.o
libtool: compile:  g++ -DHAVE_CONFIG_H -I. -I.. -I../include/ -DBUILDING_GRAIL -Wall -Werror -D_FORTIFY_SOURCE=2 -std=c++0x -fvisibility=hidden -g -O2 -fstack-protector --param=ssp-buffer-size=4 -Wformat -Werror=format-security -c handle.cpp  -fPIC -DPIC -o .libs/handle.o
libtool: compile:  g++ -DHAVE_CONFIG_H -I. -I.. -I../include/ -DBUILDING_GRAIL -Wall -Werror -D_FORTIFY_SOURCE=2 -std=c++0x -fvisibility=hidden -g -O2 -fstack-protector --param=ssp-buffer-size=4 -Wformat -Werror=format-security -c subscription.cpp  -fPIC -DPIC -o .libs/subscription.o
libtool: compile:  g++ -DHAVE_CONFIG_H -I. -I.. -I../include/ -DBUILDING_GRAIL -Wall -Werror -D_FORTIFY_SOURCE=2 -std=c++0x -fvisibility=hidden -g -O2 -fstack-protector --param=ssp-buffer-size=4 -Wformat -Werror=format-security -c touch.cpp  -fPIC -DPIC -o .libs/touch.o
libtool: compile:  g++ -DHAVE_CONFIG_H -I. -I.. -I../include/ -DBUILDING_GRAIL -Wall -Werror -D_FORTIFY_SOURCE=2 -std=c++0x -fvisibility=hidden -g -O2 -fstack-protector --param=ssp-buffer-size=4 -Wformat -Werror=format-security -c log.cpp -o log.o >/dev/null 2>&1
libtool: compile:  g++ -DHAVE_CONFIG_H -I. -I.. -I../include/ -DBUILDING_GRAIL -Wall -Werror -D_FORTIFY_SOURCE=2 -std=c++0x -fvisibility=hidden -g -O2 -fstack-protector --param=ssp-buffer-size=4 -Wformat -Werror=format-security -c touch.cpp -o touch.o >/dev/null 2>&1
subscription.cpp:108:19: error: comparison of unsigned expression < 0 is always false [-Werror,-Wtautological-compare]
      if (timeout < 0)
          ~~~~~~~ ^ ~
subscription.cpp:124:19: error: comparison of unsigned expression < 0 is always false [-Werror,-Wtautological-compare]
      if (timeout < 0)
          ~~~~~~~ ^ ~
subscription.cpp:140:19: error: comparison of unsigned expression < 0 is always false [-Werror,-Wtautological-compare]
      if (timeout < 0)
          ~~~~~~~ ^ ~
subscription.cpp:156:19: error: comparison of unsigned expression < 0 is always false [-Werror,-Wtautological-compare]
      if (timeout < 0)
          ~~~~~~~ ^ ~
4 errors generated.
make[3]: *** [subscription.lo] Error 1
make[3]: *** Waiting for unfinished jobs....
Makefile:524: recipe for target 'subscription.lo' failed
libtool: compile:  g++ -DHAVE_CONFIG_H -I. -I.. -I../include/ -DBUILDING_GRAIL -Wall -Werror -D_FORTIFY_SOURCE=2 -std=c++0x -fvisibility=hidden -g -O2 -fstack-protector --param=ssp-buffer-size=4 -Wformat -Werror=format-security -c event.cpp -o event.o >/dev/null 2>&1
libtool: compile:  g++ -DHAVE_CONFIG_H -I. -I.. -I../include/ -DBUILDING_GRAIL -Wall -Werror -D_FORTIFY_SOURCE=2 -std=c++0x -fvisibility=hidden -g -O2 -fstack-protector --param=ssp-buffer-size=4 -Wformat -Werror=format-security -c slice.cpp -o slice.o >/dev/null 2>&1
libtool: compile:  g++ -DHAVE_CONFIG_H -I. -I.. -I../include/ -DBUILDING_GRAIL -Wall -Werror -D_FORTIFY_SOURCE=2 -std=c++0x -fvisibility=hidden -g -O2 -fstack-protector --param=ssp-buffer-size=4 -Wformat -Werror=format-security -c handle.cpp -o handle.o >/dev/null 2>&1
libtool: compile:  g++ -DHAVE_CONFIG_H -I. -I.. -I../include/ -DBUILDING_GRAIL -Wall -Werror -D_FORTIFY_SOURCE=2 -std=c++0x -fvisibility=hidden -g -O2 -fstack-protector --param=ssp-buffer-size=4 -Wformat -Werror=format-security -c gesture.cpp -o gesture.o >/dev/null 2>&1
libtool: compile:  g++ -DHAVE_CONFIG_H -I. -I.. -I../include/ -DBUILDING_GRAIL -Wall -Werror -D_FORTIFY_SOURCE=2 -std=c++0x -fvisibility=hidden -g -O2 -fstack-protector --param=ssp-buffer-size=4 -Wformat -Werror=format-security -c recognizer.cpp -o recognizer.o >/dev/null 2>&1
libtool: compile:  g++ -DHAVE_CONFIG_H -I. -I.. -I../include/ -DBUILDING_GRAIL -Wall -Werror -D_FORTIFY_SOURCE=2 -std=c++0x -fvisibility=hidden -g -O2 -fstack-protector --param=ssp-buffer-size=4 -Wformat -Werror=format-security -c atomic-recognizer.cpp -o atomic-recognizer.o >/dev/null 2>&1
libtool: compile:  g++ -DHAVE_CONFIG_H -I. -I.. -I../include/ -DBUILDING_GRAIL -Wall -Werror -D_FORTIFY_SOURCE=2 -std=c++0x -fvisibility=hidden -g -O2 -fstack-protector --param=ssp-buffer-size=4 -Wformat -Werror=format-security -c regular-recognizer.cpp -o regular-recognizer.o >/dev/null 2>&1
make[3]: Leaving directory '/«PKGBUILDDIR»/src'
make[2]: *** [all-recursive] Error 1
Makefile:491: recipe for target 'all-recursive' failed
make[2]: Leaving directory '/«PKGBUILDDIR»'
make[1]: *** [all] Error 2
dh_auto_build: make -j10 returned exit code 2
Makefile:399: recipe for target 'all' failed
make[1]: Leaving directory '/«PKGBUILDDIR»'
make: *** [build-arch] Error 2
dpkg-buildpackage: error: debian/rules build-arch gave error exit status 2
debian/rules:4: recipe for target 'build-arch' failed
────────────────────────────────────────────────────────────────────────────────
Build finished at 20140617-1413

Finished
────────

E: Build failure (dpkg-buildpackage died)

┌──────────────────────────────────────────────────────────────────────────────┐
│ Cleanup                                                                      │
└──────────────────────────────────────────────────────────────────────────────┘

Purging /«BUILDDIR»
Not cleaning session: cloned chroot in use

┌──────────────────────────────────────────────────────────────────────────────┐
│ Summary                                                                      │
└──────────────────────────────────────────────────────────────────────────────┘

Build Architecture: amd64
Build-Space: 14052
Build-Time: 37
Distribution: unstable
Fail-Stage: build
Host Architecture: amd64
Install-Time: 11
Job: grail_3.1.0-2
Machine Architecture: amd64
Package: grail
Package-Time: 77
Source-Version: 3.1.0-2
Space: 14052
Status: attempted
Version: 3.1.0-2clang1
────────────────────────────────────────────────────────────────────────────────
Finished at 20140617-1413
Build needed 00:01:17, 14052k disc space
DC-Status: Failed 77.66737233s
DC-Time-Estimation: 77.66737233 versus expected 354 (r/m: 3.557898502036266 ; m: 77.66737233)
