DC-Build-Header: irda-utils 0.9.18-12 / 2014-06-17 15:16:18 +0000
DC-Task: source:irda-utils version:0.9.18-12 architecture:any chroot:unstable esttime:145 logfile:/tmp/irda-utils_0.9.18-12_unstable_clang.log modes:binary-only:parallel:clang
DC-Sbuild-call: su user -c 'sbuild -n --apt-update -d unstable -v  --chroot-setup-commands=/tmp/switch-to-clang --append-to-version "clang1" --maintainer "Lucas Nussbaum <lucas@debian.org>" --uploader "Lucas Nussbaum <lucas@debian.org>" irda-utils_0.9.18-12'
sbuild (Debian sbuild) 0.63.2 (18 Aug 2012) on ip-172-31-12-25.us-west-2.compute.internal

╔══════════════════════════════════════════════════════════════════════════════╗
║ irda-utils 0.9.18-12clang1 (amd64)                         17 Jun 2014 15:16 ║
╚══════════════════════════════════════════════════════════════════════════════╝

Package: irda-utils
Version: 0.9.18-12clang1
Source Version: 0.9.18-12
Distribution: unstable
Machine Architecture: amd64
Host Architecture: amd64
Build Architecture: amd64

I: NOTICE: Log filtering will replace 'build/irda-utils-Jmph1F/irda-utils-0.9.18' with '«PKGBUILDDIR»'
I: NOTICE: Log filtering will replace 'build/irda-utils-Jmph1F' with '«BUILDDIR»'
I: NOTICE: Log filtering will replace 'var/lib/schroot/mount/unstable-amd64-sbuild-3b175ed7-2a38-40a9-98da-23189fc8dade' with '«CHROOT»'

┌──────────────────────────────────────────────────────────────────────────────┐
│ Update chroot                                                                │
└──────────────────────────────────────────────────────────────────────────────┘

Get:1 http://localhost:9999 unstable InRelease [206 kB]
Get:2 http://localhost:9999 unstable/main Sources/DiffIndex [7876 B]
Get:3 http://localhost:9999 unstable/main amd64 Packages/DiffIndex [7876 B]
Get:4 http://localhost:9999 unstable/main Translation-en/DiffIndex [7876 B]
Get:5 http://localhost:9999 unstable/main 2014-06-16-2054.31.pdiff [15.4 kB]
Get:6 http://localhost:9999 unstable/main 2014-06-17-0253.05.pdiff [7983 B]
Get:7 http://localhost:9999 unstable/main 2014-06-17-0856.27.pdiff [7757 B]
Get:8 http://localhost:9999 unstable/main 2014-06-17-0856.27.pdiff [7757 B]
Get:9 http://localhost:9999 unstable/main amd64 2014-06-16-2054.31.pdiff [20.7 kB]
Get:10 http://localhost:9999 unstable/main amd64 2014-06-17-0253.05.pdiff [38.6 kB]
Get:11 http://localhost:9999 unstable/main amd64 2014-06-17-0856.27.pdiff [9018 B]
Get:12 http://localhost:9999 unstable/main 2014-06-16-2054.31.pdiff [699 B]
Get:13 http://localhost:9999 unstable/main 2014-06-17-0856.27.pdiff [442 B]
Get:14 http://localhost:9999 unstable/main amd64 2014-06-17-0856.27.pdiff [9018 B]
Get:15 http://localhost:9999 unstable/main 2014-06-17-0856.27.pdiff [442 B]
Fetched 330 kB in 5s (61.3 kB/s)
Reading package lists...
Reading package lists...
Building dependency tree...
Reading state information...
The following packages will be upgraded:
  libc-bin libc-dev-bin libc6 libc6-dev linux-libc-dev multiarch-support
6 upgraded, 0 newly installed, 0 to remove and 0 not upgraded.
Need to get 9447 kB of archives.
After this operation, 10.2 kB of additional disk space will be used.
Get:1 http://localhost:9999/debian/ unstable/main libc6-dev amd64 2.19-2 [2000 kB]
Get:2 http://localhost:9999/debian/ unstable/main libc-dev-bin amd64 2.19-2 [235 kB]
Get:3 http://localhost:9999/debian/ unstable/main linux-libc-dev amd64 3.14.7-1 [937 kB]
Get:4 http://localhost:9999/debian/ unstable/main libc-bin amd64 2.19-2 [1288 kB]
Get:5 http://localhost:9999/debian/ unstable/main libc6 amd64 2.19-2 [4816 kB]
Get:6 http://localhost:9999/debian/ unstable/main multiarch-support amd64 2.19-2 [171 kB]
debconf: delaying package configuration, since apt-utils is not installed
Fetched 9447 kB in 0s (31.6 MB/s)
(Reading database ... 14215 files and directories currently installed.)
Preparing to unpack .../libc6-dev_2.19-2_amd64.deb ...
Unpacking libc6-dev:amd64 (2.19-2) over (2.19-1) ...
Preparing to unpack .../libc-dev-bin_2.19-2_amd64.deb ...
Unpacking libc-dev-bin (2.19-2) over (2.19-1) ...
Preparing to unpack .../linux-libc-dev_3.14.7-1_amd64.deb ...
Unpacking linux-libc-dev:amd64 (3.14.7-1) over (3.14.5-1) ...
Preparing to unpack .../libc-bin_2.19-2_amd64.deb ...
Unpacking libc-bin (2.19-2) over (2.19-1) ...
Preparing to unpack .../libc6_2.19-2_amd64.deb ...
Unpacking libc6:amd64 (2.19-2) over (2.19-1) ...
Setting up libc6:amd64 (2.19-2) ...
Setting up libc-bin (2.19-2) ...
(Reading database ... 14216 files and directories currently installed.)
Preparing to unpack .../multiarch-support_2.19-2_amd64.deb ...
Unpacking multiarch-support (2.19-2) over (2.19-1) ...
Setting up multiarch-support (2.19-2) ...
Setting up libc-dev-bin (2.19-2) ...
Setting up linux-libc-dev:amd64 (3.14.7-1) ...
Setting up libc6-dev:amd64 (2.19-2) ...

┌──────────────────────────────────────────────────────────────────────────────┐
│ Fetch source files                                                           │
└──────────────────────────────────────────────────────────────────────────────┘


Check APT
─────────

Checking available source versions...

Download source files with APT
──────────────────────────────

Reading package lists...
Building dependency tree...
Reading state information...
Need to get 206 kB of source archives.
Get:1 http://localhost:9999/debian/ unstable/main irda-utils 0.9.18-12 (dsc) [1127 B]
Get:2 http://localhost:9999/debian/ unstable/main irda-utils 0.9.18-12 (tar) [168 kB]
Get:3 http://localhost:9999/debian/ unstable/main irda-utils 0.9.18-12 (diff) [36.2 kB]
Fetched 206 kB in 1s (146 kB/s)
Download complete and in download only mode

Check arch
──────────


┌──────────────────────────────────────────────────────────────────────────────┐
│ Chroot Setup Commands                                                        │
└──────────────────────────────────────────────────────────────────────────────┘


/tmp/switch-to-clang
────────────────────

+ echo 'Entering customization script...'
Entering customization script...
+ echo 'Install of clang-3.4'
Install of clang-3.4
+ apt-get update
Hit http://localhost:9999 unstable InRelease
Hit http://localhost:9999 unstable/main Sources/DiffIndex
Hit http://localhost:9999 unstable/main amd64 Packages/DiffIndex
Hit http://localhost:9999 unstable/main Translation-en/DiffIndex
Reading package lists...
+ apt-get install --yes --no-install-recommends --force-yes clang-3.4
Reading package lists...
Building dependency tree...
Reading state information...
The following extra packages will be installed:
  libclang-common-3.4-dev libclang1-3.4 libffi6 libllvm3.4 libobjc-4.9-dev
  libobjc4
Suggested packages:
  gnustep gnustep-devel
Recommended packages:
  llvm-3.4-dev python
The following NEW packages will be installed:
  clang-3.4 libclang-common-3.4-dev libclang1-3.4 libffi6 libllvm3.4
  libobjc-4.9-dev libobjc4
0 upgraded, 7 newly installed, 0 to remove and 0 not upgraded.
Need to get 30.6 MB of archives.
After this operation, 118 MB of additional disk space will be used.
Get:1 http://localhost:9999/debian/ unstable/main libffi6 amd64 3.1-2 [19.8 kB]
Get:2 http://localhost:9999/debian/ unstable/main libllvm3.4 amd64 1:3.4.2-2 [6721 kB]
Get:3 http://localhost:9999/debian/ unstable/main libobjc4 amd64 4.9.0-6 [112 kB]
Get:4 http://localhost:9999/debian/ unstable/main libobjc-4.9-dev amd64 4.9.0-6 [372 kB]
Get:5 http://localhost:9999/debian/ unstable/main libclang1-3.4 amd64 1:3.4.2-2 [3619 kB]
Get:6 http://localhost:9999/debian/ unstable/main libclang-common-3.4-dev amd64 1:3.4.2-2 [543 kB]
Get:7 http://localhost:9999/debian/ unstable/main clang-3.4 amd64 1:3.4.2-2 [19.2 MB]
debconf: delaying package configuration, since apt-utils is not installed
Fetched 30.6 MB in 0s (32.0 MB/s)
Selecting previously unselected package libffi6:amd64.
(Reading database ... 14216 files and directories currently installed.)
Preparing to unpack .../libffi6_3.1-2_amd64.deb ...
Unpacking libffi6:amd64 (3.1-2) ...
Selecting previously unselected package libllvm3.4:amd64.
Preparing to unpack .../libllvm3.4_1%3a3.4.2-2_amd64.deb ...
Unpacking libllvm3.4:amd64 (1:3.4.2-2) ...
Selecting previously unselected package libobjc4:amd64.
Preparing to unpack .../libobjc4_4.9.0-6_amd64.deb ...
Unpacking libobjc4:amd64 (4.9.0-6) ...
Selecting previously unselected package libobjc-4.9-dev:amd64.
Preparing to unpack .../libobjc-4.9-dev_4.9.0-6_amd64.deb ...
Unpacking libobjc-4.9-dev:amd64 (4.9.0-6) ...
Selecting previously unselected package libclang1-3.4:amd64.
Preparing to unpack .../libclang1-3.4_1%3a3.4.2-2_amd64.deb ...
Unpacking libclang1-3.4:amd64 (1:3.4.2-2) ...
Selecting previously unselected package libclang-common-3.4-dev.
Preparing to unpack .../libclang-common-3.4-dev_1%3a3.4.2-2_amd64.deb ...
Unpacking libclang-common-3.4-dev (1:3.4.2-2) ...
Selecting previously unselected package clang-3.4.
Preparing to unpack .../clang-3.4_1%3a3.4.2-2_amd64.deb ...
Unpacking clang-3.4 (1:3.4.2-2) ...
Setting up libffi6:amd64 (3.1-2) ...
Setting up libllvm3.4:amd64 (1:3.4.2-2) ...
Setting up libobjc4:amd64 (4.9.0-6) ...
Setting up libobjc-4.9-dev:amd64 (4.9.0-6) ...
Setting up libclang1-3.4:amd64 (1:3.4.2-2) ...
Setting up libclang-common-3.4-dev (1:3.4.2-2) ...
Setting up clang-3.4 (1:3.4.2-2) ...
Processing triggers for libc-bin (2.19-2) ...
+ echo 'Replace gcc, g++ & cpp by clang'
Replace gcc, g++ & cpp by clang
+ VERSIONS='4.6 4.7 4.8 4.9'
+ cd /usr/bin
+ for VERSION in '$VERSIONS'
+ rm -f g++-4.6 gcc-4.6 cpp-4.6
+ ln -s clang++ g++-4.6
+ ln -s clang gcc-4.6
+ ln -s clang cpp-4.6
+ echo 'gcc-4.6 hold'
+ dpkg --set-selections
+ echo 'g++-4.6 hold'
+ dpkg --set-selections
+ for VERSION in '$VERSIONS'
+ rm -f g++-4.7 gcc-4.7 cpp-4.7
+ ln -s clang++ g++-4.7
+ ln -s clang gcc-4.7
+ ln -s clang cpp-4.7
+ echo 'gcc-4.7 hold'
+ dpkg --set-selections
+ echo 'g++-4.7 hold'
+ dpkg --set-selections
+ for VERSION in '$VERSIONS'
+ rm -f g++-4.8 gcc-4.8 cpp-4.8
+ ln -s clang++ g++-4.8
+ ln -s clang gcc-4.8
+ ln -s clang cpp-4.8
+ echo 'gcc-4.8 hold'
+ dpkg --set-selections
dpkg: warning: package not in database at line 1: gcc-4.8
dpkg: warning: found unknown packages; this might mean the available database
is outdated, and needs to be updated through a frontend method
+ echo 'g++-4.8 hold'
+ dpkg --set-selections
dpkg: warning: package not in database at line 1: g++-4.8
dpkg: warning: found unknown packages; this might mean the available database
is outdated, and needs to be updated through a frontend method
+ for VERSION in '$VERSIONS'
+ rm -f g++-4.9 gcc-4.9 cpp-4.9
+ ln -s clang++ g++-4.9
+ ln -s clang gcc-4.9
+ ln -s clang cpp-4.9
+ echo 'gcc-4.9 hold'
+ dpkg --set-selections
+ echo 'g++-4.9 hold'
+ dpkg --set-selections
+ cd -
/«BUILDDIR»
+ echo 'Check if gcc, g++ & cpp are actually clang'
Check if gcc, g++ & cpp are actually clang
+ gcc --version
+ grep clang
+ cpp --version
+ grep clang
+ g++ --version
+ grep clang

I: Finished running '/tmp/switch-to-clang'.

Finished processing commands.
────────────────────────────────────────────────────────────────────────────────
Merged Build-Depends: build-essential, fakeroot
Filtered Build-Depends: build-essential, fakeroot
dpkg-deb: building package `sbuild-build-depends-core-dummy' in `/«BUILDDIR»/resolver-82SfLH/apt_archive/sbuild-build-depends-core-dummy.deb'.
OK
Reading package lists...

┌──────────────────────────────────────────────────────────────────────────────┐
│ Install core build dependencies (apt-based resolver)                         │
└──────────────────────────────────────────────────────────────────────────────┘

Installing build dependencies
Reading package lists...
Building dependency tree...
Reading state information...
The following NEW packages will be installed:
  sbuild-build-depends-core-dummy
debconf: delaying package configuration, since apt-utils is not installed
0 upgraded, 1 newly installed, 0 to remove and 0 not upgraded.
Need to get 0 B/816 B of archives.
After this operation, 0 B of additional disk space will be used.
Selecting previously unselected package sbuild-build-depends-core-dummy.
(Reading database ... 14431 files and directories currently installed.)
Preparing to unpack .../sbuild-build-depends-core-dummy.deb ...
Unpacking sbuild-build-depends-core-dummy (0.invalid.0) ...
Setting up sbuild-build-depends-core-dummy (0.invalid.0) ...
Merged Build-Depends: base-files, base-passwd, bash, bsdutils, coreutils, dash, debianutils, diffutils, dpkg, e2fsprogs, findutils, grep, gzip, hostname, libc-bin, login, mount, ncurses-base, ncurses-bin, perl-base, sed, sysvinit, sysvinit-utils, tar, util-linux, libc6-dev | libc-dev, gcc (>= 4:4.4.3), g++ (>= 4:4.4.3), make, dpkg-dev (>= 1.13.5), libglib2.0-dev, debhelper (>= 7), libpci-dev
Filtered Build-Depends: base-files, base-passwd, bash, bsdutils, coreutils, dash, debianutils, diffutils, dpkg, e2fsprogs, findutils, grep, gzip, hostname, libc-bin, login, mount, ncurses-base, ncurses-bin, perl-base, sed, sysvinit, sysvinit-utils, tar, util-linux, libc6-dev, gcc (>= 4:4.4.3), g++ (>= 4:4.4.3), make, dpkg-dev (>= 1.13.5), libglib2.0-dev, debhelper (>= 7), libpci-dev
dpkg-deb: building package `sbuild-build-depends-irda-utils-dummy' in `/«BUILDDIR»/resolver-NJw5eM/apt_archive/sbuild-build-depends-irda-utils-dummy.deb'.
OK
Reading package lists...

┌──────────────────────────────────────────────────────────────────────────────┐
│ Install irda-utils build dependencies (apt-based resolver)                   │
└──────────────────────────────────────────────────────────────────────────────┘

Installing build dependencies
Reading package lists...
Building dependency tree...
Reading state information...
The following extra packages will be installed:
  bsdmainutils debhelper file gettext gettext-base groff-base intltool-debian
  libasprintf0c2 libcroco3 libelfg0 libexpat1 libglib2.0-0 libglib2.0-bin
  libglib2.0-data libglib2.0-dev libmagic1 libncursesw5 libpci-dev libpci3
  libpcre3-dev libpcrecpp0 libpipeline1 libpython-stdlib libpython2.7-minimal
  libpython2.7-stdlib libsqlite3-0 libssl1.0.0 libunistring0 libxml2 man-db
  mime-support pkg-config po-debconf python python-minimal python2.7
  python2.7-minimal zlib1g-dev
Suggested packages:
  wamerican wordlist whois vacation dh-make gettext-doc groff libglib2.0-doc
  less www-browser libmail-box-perl python-doc python-tk python2.7-doc
  binfmt-support
Recommended packages:
  curl wget lynx-cur autopoint libasprintf-dev libgettextpo-dev
  shared-mime-info xml-core libmail-sendmail-perl
The following NEW packages will be installed:
  bsdmainutils debhelper file gettext gettext-base groff-base intltool-debian
  libasprintf0c2 libcroco3 libelfg0 libexpat1 libglib2.0-0 libglib2.0-bin
  libglib2.0-data libglib2.0-dev libmagic1 libncursesw5 libpci-dev libpci3
  libpcre3-dev libpcrecpp0 libpipeline1 libpython-stdlib libpython2.7-minimal
  libpython2.7-stdlib libsqlite3-0 libssl1.0.0 libunistring0 libxml2 man-db
  mime-support pkg-config po-debconf python python-minimal python2.7
  python2.7-minimal sbuild-build-depends-irda-utils-dummy zlib1g-dev
0 upgraded, 39 newly installed, 0 to remove and 0 not upgraded.
Need to get 21.4 MB/21.4 MB of archives.
After this operation, 69.3 MB of additional disk space will be used.
Get:1 http://localhost:9999/debian/ unstable/main libncursesw5 amd64 5.9+20140118-1 [120 kB]
Get:2 http://localhost:9999/debian/ unstable/main libpipeline1 amd64 1.3.0-1 [25.8 kB]
Get:3 http://localhost:9999/debian/ unstable/main libssl1.0.0 amd64 1.0.1h-3 [1011 kB]
Get:4 http://localhost:9999/debian/ unstable/main groff-base amd64 1.22.2-5 [1043 kB]
Get:5 http://localhost:9999/debian/ unstable/main bsdmainutils amd64 9.0.5 [211 kB]
Get:6 http://localhost:9999/debian/ unstable/main man-db amd64 2.6.7.1-1 [990 kB]
Get:7 http://localhost:9999/debian/ unstable/main libasprintf0c2 amd64 0.18.3.2-2 [29.4 kB]
Get:8 http://localhost:9999/debian/ unstable/main libmagic1 amd64 1:5.19-1 [237 kB]
Get:9 http://localhost:9999/debian/ unstable/main libpci3 amd64 1:3.2.1-2 [59.4 kB]
Get:10 http://localhost:9999/debian/ unstable/main libsqlite3-0 amd64 3.8.5-1 [420 kB]
Get:11 http://localhost:9999/debian/ unstable/main libxml2 amd64 2.9.1+dfsg1-3 [791 kB]
Get:12 http://localhost:9999/debian/ unstable/main libglib2.0-0 amd64 2.40.0-3 [2405 kB]
Get:13 http://localhost:9999/debian/ unstable/main libcroco3 amd64 0.6.8-2 [133 kB]
Get:14 http://localhost:9999/debian/ unstable/main libelfg0 amd64 0.8.13-5 [51.6 kB]
Get:15 http://localhost:9999/debian/ unstable/main libexpat1 amd64 2.1.0-6 [80.6 kB]
Get:16 http://localhost:9999/debian/ unstable/main libpcrecpp0 amd64 1:8.31-5 [128 kB]
Get:17 http://localhost:9999/debian/ unstable/main libunistring0 amd64 0.9.3-5 [434 kB]
Get:18 http://localhost:9999/debian/ unstable/main libpython2.7-minimal amd64 2.7.7-2 [348 kB]
Get:19 http://localhost:9999/debian/ unstable/main python2.7-minimal amd64 2.7.7-2 [1231 kB]
Get:20 http://localhost:9999/debian/ unstable/main file amd64 1:5.19-1 [58.0 kB]
Get:21 http://localhost:9999/debian/ unstable/main gettext-base amd64 0.18.3.2-2 [116 kB]
Get:22 http://localhost:9999/debian/ unstable/main mime-support all 3.56 [35.5 kB]
Get:23 http://localhost:9999/debian/ unstable/main libpython2.7-stdlib amd64 2.7.7-2 [1871 kB]
Get:24 http://localhost:9999/debian/ unstable/main python2.7 amd64 2.7.7-2 [242 kB]
Get:25 http://localhost:9999/debian/ unstable/main python-minimal amd64 2.7.6-2 [39.3 kB]
Get:26 http://localhost:9999/debian/ unstable/main libpython-stdlib amd64 2.7.6-2 [18.8 kB]
Get:27 http://localhost:9999/debian/ unstable/main python amd64 2.7.6-2 [150 kB]
Get:28 http://localhost:9999/debian/ unstable/main gettext amd64 0.18.3.2-2 [1202 kB]
Get:29 http://localhost:9999/debian/ unstable/main intltool-debian all 0.35.0+20060710.1 [30.8 kB]
Get:30 http://localhost:9999/debian/ unstable/main po-debconf all 1.0.16+nmu2 [224 kB]
Get:31 http://localhost:9999/debian/ unstable/main debhelper all 9.20140613 [692 kB]
Get:32 http://localhost:9999/debian/ unstable/main libglib2.0-data all 2.40.0-3 [2183 kB]
Get:33 http://localhost:9999/debian/ unstable/main libglib2.0-bin amd64 2.40.0-3 [1360 kB]
Get:34 http://localhost:9999/debian/ unstable/main libpcre3-dev amd64 1:8.31-5 [407 kB]
Get:35 http://localhost:9999/debian/ unstable/main pkg-config amd64 0.28-1 [57.5 kB]
Get:36 http://localhost:9999/debian/ unstable/main zlib1g-dev amd64 1:1.2.8.dfsg-1 [217 kB]
Get:37 http://localhost:9999/debian/ unstable/main libglib2.0-dev amd64 2.40.0-3 [2645 kB]
Get:38 http://localhost:9999/debian/ unstable/main libpci-dev amd64 1:3.2.1-2 [80.0 kB]
debconf: delaying package configuration, since apt-utils is not installed
Fetched 21.4 MB in 0s (23.3 MB/s)
Selecting previously unselected package libncursesw5:amd64.
(Reading database ... 14431 files and directories currently installed.)
Preparing to unpack .../libncursesw5_5.9+20140118-1_amd64.deb ...
Unpacking libncursesw5:amd64 (5.9+20140118-1) ...
Selecting previously unselected package libpipeline1:amd64.
Preparing to unpack .../libpipeline1_1.3.0-1_amd64.deb ...
Unpacking libpipeline1:amd64 (1.3.0-1) ...
Selecting previously unselected package libssl1.0.0:amd64.
Preparing to unpack .../libssl1.0.0_1.0.1h-3_amd64.deb ...
Unpacking libssl1.0.0:amd64 (1.0.1h-3) ...
Selecting previously unselected package groff-base.
Preparing to unpack .../groff-base_1.22.2-5_amd64.deb ...
Unpacking groff-base (1.22.2-5) ...
Selecting previously unselected package bsdmainutils.
Preparing to unpack .../bsdmainutils_9.0.5_amd64.deb ...
Unpacking bsdmainutils (9.0.5) ...
Selecting previously unselected package man-db.
Preparing to unpack .../man-db_2.6.7.1-1_amd64.deb ...
Unpacking man-db (2.6.7.1-1) ...
Selecting previously unselected package libasprintf0c2:amd64.
Preparing to unpack .../libasprintf0c2_0.18.3.2-2_amd64.deb ...
Unpacking libasprintf0c2:amd64 (0.18.3.2-2) ...
Selecting previously unselected package libmagic1:amd64.
Preparing to unpack .../libmagic1_1%3a5.19-1_amd64.deb ...
Unpacking libmagic1:amd64 (1:5.19-1) ...
Selecting previously unselected package libpci3:amd64.
Preparing to unpack .../libpci3_1%3a3.2.1-2_amd64.deb ...
Unpacking libpci3:amd64 (1:3.2.1-2) ...
Selecting previously unselected package libsqlite3-0:amd64.
Preparing to unpack .../libsqlite3-0_3.8.5-1_amd64.deb ...
Unpacking libsqlite3-0:amd64 (3.8.5-1) ...
Selecting previously unselected package libxml2:amd64.
Preparing to unpack .../libxml2_2.9.1+dfsg1-3_amd64.deb ...
Unpacking libxml2:amd64 (2.9.1+dfsg1-3) ...
Selecting previously unselected package libglib2.0-0:amd64.
Preparing to unpack .../libglib2.0-0_2.40.0-3_amd64.deb ...
Unpacking libglib2.0-0:amd64 (2.40.0-3) ...
Selecting previously unselected package libcroco3:amd64.
Preparing to unpack .../libcroco3_0.6.8-2_amd64.deb ...
Unpacking libcroco3:amd64 (0.6.8-2) ...
Selecting previously unselected package libelfg0:amd64.
Preparing to unpack .../libelfg0_0.8.13-5_amd64.deb ...
Unpacking libelfg0:amd64 (0.8.13-5) ...
Selecting previously unselected package libexpat1:amd64.
Preparing to unpack .../libexpat1_2.1.0-6_amd64.deb ...
Unpacking libexpat1:amd64 (2.1.0-6) ...
Selecting previously unselected package libpcrecpp0:amd64.
Preparing to unpack .../libpcrecpp0_1%3a8.31-5_amd64.deb ...
Unpacking libpcrecpp0:amd64 (1:8.31-5) ...
Selecting previously unselected package libunistring0:amd64.
Preparing to unpack .../libunistring0_0.9.3-5_amd64.deb ...
Unpacking libunistring0:amd64 (0.9.3-5) ...
Selecting previously unselected package libpython2.7-minimal:amd64.
Preparing to unpack .../libpython2.7-minimal_2.7.7-2_amd64.deb ...
Unpacking libpython2.7-minimal:amd64 (2.7.7-2) ...
Selecting previously unselected package python2.7-minimal.
Preparing to unpack .../python2.7-minimal_2.7.7-2_amd64.deb ...
Unpacking python2.7-minimal (2.7.7-2) ...
Selecting previously unselected package file.
Preparing to unpack .../file_1%3a5.19-1_amd64.deb ...
Unpacking file (1:5.19-1) ...
Selecting previously unselected package gettext-base.
Preparing to unpack .../gettext-base_0.18.3.2-2_amd64.deb ...
Unpacking gettext-base (0.18.3.2-2) ...
Selecting previously unselected package mime-support.
Preparing to unpack .../mime-support_3.56_all.deb ...
Unpacking mime-support (3.56) ...
Selecting previously unselected package libpython2.7-stdlib:amd64.
Preparing to unpack .../libpython2.7-stdlib_2.7.7-2_amd64.deb ...
Unpacking libpython2.7-stdlib:amd64 (2.7.7-2) ...
Selecting previously unselected package python2.7.
Preparing to unpack .../python2.7_2.7.7-2_amd64.deb ...
Unpacking python2.7 (2.7.7-2) ...
Selecting previously unselected package python-minimal.
Preparing to unpack .../python-minimal_2.7.6-2_amd64.deb ...
Unpacking python-minimal (2.7.6-2) ...
Selecting previously unselected package libpython-stdlib:amd64.
Preparing to unpack .../libpython-stdlib_2.7.6-2_amd64.deb ...
Unpacking libpython-stdlib:amd64 (2.7.6-2) ...
Selecting previously unselected package python.
Preparing to unpack .../python_2.7.6-2_amd64.deb ...
Unpacking python (2.7.6-2) ...
Selecting previously unselected package gettext.
Preparing to unpack .../gettext_0.18.3.2-2_amd64.deb ...
Unpacking gettext (0.18.3.2-2) ...
Selecting previously unselected package intltool-debian.
Preparing to unpack .../intltool-debian_0.35.0+20060710.1_all.deb ...
Unpacking intltool-debian (0.35.0+20060710.1) ...
Selecting previously unselected package po-debconf.
Preparing to unpack .../po-debconf_1.0.16+nmu2_all.deb ...
Unpacking po-debconf (1.0.16+nmu2) ...
Selecting previously unselected package debhelper.
Preparing to unpack .../debhelper_9.20140613_all.deb ...
Unpacking debhelper (9.20140613) ...
Selecting previously unselected package libglib2.0-data.
Preparing to unpack .../libglib2.0-data_2.40.0-3_all.deb ...
Unpacking libglib2.0-data (2.40.0-3) ...
Selecting previously unselected package libglib2.0-bin.
Preparing to unpack .../libglib2.0-bin_2.40.0-3_amd64.deb ...
Unpacking libglib2.0-bin (2.40.0-3) ...
Selecting previously unselected package libpcre3-dev:amd64.
Preparing to unpack .../libpcre3-dev_1%3a8.31-5_amd64.deb ...
Unpacking libpcre3-dev:amd64 (1:8.31-5) ...
Selecting previously unselected package pkg-config.
Preparing to unpack .../pkg-config_0.28-1_amd64.deb ...
Unpacking pkg-config (0.28-1) ...
Selecting previously unselected package zlib1g-dev:amd64.
Preparing to unpack .../zlib1g-dev_1%3a1.2.8.dfsg-1_amd64.deb ...
Unpacking zlib1g-dev:amd64 (1:1.2.8.dfsg-1) ...
Selecting previously unselected package libglib2.0-dev.
Preparing to unpack .../libglib2.0-dev_2.40.0-3_amd64.deb ...
Unpacking libglib2.0-dev (2.40.0-3) ...
Selecting previously unselected package libpci-dev.
Preparing to unpack .../libpci-dev_1%3a3.2.1-2_amd64.deb ...
Unpacking libpci-dev (1:3.2.1-2) ...
Selecting previously unselected package sbuild-build-depends-irda-utils-dummy.
Preparing to unpack .../sbuild-build-depends-irda-utils-dummy.deb ...
Unpacking sbuild-build-depends-irda-utils-dummy (0.invalid.0) ...
Setting up libncursesw5:amd64 (5.9+20140118-1) ...
Setting up libpipeline1:amd64 (1.3.0-1) ...
Setting up libssl1.0.0:amd64 (1.0.1h-3) ...
Setting up groff-base (1.22.2-5) ...
Setting up bsdmainutils (9.0.5) ...
update-alternatives: using /usr/bin/bsd-write to provide /usr/bin/write (write) in auto mode
update-alternatives: using /usr/bin/bsd-from to provide /usr/bin/from (from) in auto mode
Setting up man-db (2.6.7.1-1) ...
Not building database; man-db/auto-update is not 'true'.
Setting up libasprintf0c2:amd64 (0.18.3.2-2) ...
Setting up libmagic1:amd64 (1:5.19-1) ...
Setting up libpci3:amd64 (1:3.2.1-2) ...
Setting up libsqlite3-0:amd64 (3.8.5-1) ...
Setting up libxml2:amd64 (2.9.1+dfsg1-3) ...
Setting up libglib2.0-0:amd64 (2.40.0-3) ...
No schema files found: doing nothing.
Setting up libcroco3:amd64 (0.6.8-2) ...
Setting up libelfg0:amd64 (0.8.13-5) ...
Setting up libexpat1:amd64 (2.1.0-6) ...
Setting up libpcrecpp0:amd64 (1:8.31-5) ...
Setting up libunistring0:amd64 (0.9.3-5) ...
Setting up libpython2.7-minimal:amd64 (2.7.7-2) ...
Setting up python2.7-minimal (2.7.7-2) ...
Setting up file (1:5.19-1) ...
Setting up gettext-base (0.18.3.2-2) ...
Setting up mime-support (3.56) ...
Setting up libpython2.7-stdlib:amd64 (2.7.7-2) ...
Setting up python2.7 (2.7.7-2) ...
Setting up python-minimal (2.7.6-2) ...
Setting up libpython-stdlib:amd64 (2.7.6-2) ...
Setting up python (2.7.6-2) ...
Setting up gettext (0.18.3.2-2) ...
Setting up intltool-debian (0.35.0+20060710.1) ...
Setting up po-debconf (1.0.16+nmu2) ...
Setting up debhelper (9.20140613) ...
Setting up libglib2.0-data (2.40.0-3) ...
Setting up libglib2.0-bin (2.40.0-3) ...
Setting up libpcre3-dev:amd64 (1:8.31-5) ...
Setting up pkg-config (0.28-1) ...
Setting up zlib1g-dev:amd64 (1:1.2.8.dfsg-1) ...
Setting up libglib2.0-dev (2.40.0-3) ...
Setting up libpci-dev (1:3.2.1-2) ...
Setting up sbuild-build-depends-irda-utils-dummy (0.invalid.0) ...
Processing triggers for libc-bin (2.19-2) ...

┌──────────────────────────────────────────────────────────────────────────────┐
│ Build environment                                                            │
└──────────────────────────────────────────────────────────────────────────────┘

Kernel: Linux 2.6.32-5-xen-amd64 amd64 (x86_64)
Toolchain package versions: binutils_2.24.51.20140604-3 dpkg-dev_1.17.10 g++-4.6_4.6.4-7 g++-4.9_4.9.0-6 gcc-4.6_4.6.4-7 gcc-4.7_4.7.4-1 gcc-4.9_4.9.0-6 libc6-dev_2.19-2 libstdc++-4.9-dev_4.9.0-6 libstdc++6_4.9.0-6 libstdc++6-4.6-dev_4.6.4-7 linux-libc-dev_3.14.7-1
Package versions: apt_1.0.4 base-files_7.3 base-passwd_3.5.33 bash_4.3-7 binutils_2.24.51.20140604-3 bsdmainutils_9.0.5 bsdutils_1:2.20.1-5.8 build-essential_11.6 bzip2_1.0.6-5 clang-3.4_1:3.4.2-2 coreutils_8.21-1.2 cpp_4:4.9.0-3 cpp-4.6_4.6.4-7 cpp-4.7_4.7.4-1 cpp-4.9_4.9.0-6 dash_0.5.7-4 debconf_1.5.53 debconf-i18n_1.5.53 debfoster_2.7-1.2 debhelper_9.20140613 debian-archive-keyring_2012.4 debianutils_4.4 diffutils_1:3.3-1 dpkg_1.17.10 dpkg-dev_1.17.10 e2fslibs_1.42.10-1 e2fsprogs_1.42.10-1 fakeroot_1.20-3 file_1:5.19-1 findutils_4.4.2-8 g++_4:4.9.0-3 g++-4.6_4.6.4-7 g++-4.9_4.9.0-6 gcc_4:4.9.0-3 gcc-4.4-base_4.4.7-8 gcc-4.5-base_4.5.4-1 gcc-4.6_4.6.4-7 gcc-4.6-base_4.6.4-7 gcc-4.7_4.7.4-1 gcc-4.7-base_4.7.4-1 gcc-4.8-base_4.8.3-3 gcc-4.9_4.9.0-6 gcc-4.9-base_4.9.0-6 gettext_0.18.3.2-2 gettext-base_0.18.3.2-2 gnupg_1.4.16-1.1 gpgv_1.4.16-1.1 grep_2.18-2 groff-base_1.22.2-5 gzip_1.6-3 hostname_3.15 initscripts_2.88dsf-53.2 insserv_1.14.0-5 intltool-debian_0.35.0+20060710.1 libacl1_2.2.52-1 libapt-pkg4.12_1.0.4 libarchive-extract-perl_0.72-1 libasan1_4.9.0-6 libasprintf0c2_0.18.3.2-2 libatomic1_4.9.0-6 libattr1_1:2.4.47-1 libaudit-common_1:2.3.7-1 libaudit1_1:2.3.7-1 libblkid1_2.20.1-5.8 libbz2-1.0_1.0.6-5 libc-bin_2.19-2 libc-dev-bin_2.19-2 libc6_2.19-2 libc6-dev_2.19-2 libcap2_1:2.22-1.2 libcilkrts5_4.9.0-6 libclang-common-3.4-dev_1:3.4.2-2 libclang1-3.4_1:3.4.2-2 libclass-isa-perl_0.36-5 libcloog-isl4_0.18.2-1 libcloog-ppl1_0.16.1-5 libcomerr2_1.42.10-1 libcroco3_0.6.8-2 libdb5.1_5.1.29-5 libdb5.3_5.3.28-3 libdebconfclient0_0.191 libdpkg-perl_1.17.10 libelfg0_0.8.13-5 libexpat1_2.1.0-6 libfakeroot_1.20-3 libffi6_3.1-2 libfile-fcntllock-perl_0.20-1 libgc1c2_1:7.2d-6 libgcc-4.7-dev_4.7.4-1 libgcc-4.9-dev_4.9.0-6 libgcc1_1:4.9.0-6 libgdbm3_1.8.3-12 libglib2.0-0_2.40.0-3 libglib2.0-bin_2.40.0-3 libglib2.0-data_2.40.0-3 libglib2.0-dev_2.40.0-3 libgmp10_2:6.0.0+dfsg-4 libgmpxx4ldbl_2:6.0.0+dfsg-4 libgomp1_4.9.0-6 libgpm2_1.20.4-6.1 libisl10_0.12.2-1 libitm1_4.9.0-6 libllvm3.4_1:3.4.2-2 liblocale-gettext-perl_1.05-8 liblog-message-simple-perl_0.10-1 liblsan0_4.9.0-6 liblzma5_5.1.1alpha+20120614-2 libmagic1_1:5.19-1 libmodule-pluggable-perl_5.1-1 libmount1_2.20.1-5.8 libmpc2_0.9-4 libmpc3_1.0.1-1 libmpfr4_3.1.2-1 libncurses5_5.9+20140118-1 libncursesw5_5.9+20140118-1 libobjc-4.9-dev_4.9.0-6 libobjc4_4.9.0-6 libpam-modules_1.1.8-3 libpam-modules-bin_1.1.8-3 libpam-runtime_1.1.8-3 libpam0g_1.1.8-3 libpci-dev_1:3.2.1-2 libpci3_1:3.2.1-2 libpcre3_1:8.31-5 libpcre3-dev_1:8.31-5 libpcrecpp0_1:8.31-5 libpipeline1_1.3.0-1 libpod-latex-perl_0.61-1 libppl-c4_1:1.1-2+b1 libppl13_1:1.1-2+b1 libpython-stdlib_2.7.6-2 libpython2.7-minimal_2.7.7-2 libpython2.7-stdlib_2.7.7-2 libquadmath0_4.9.0-6 libreadline6_6.3-6 libselinux1_2.3-1 libsemanage-common_2.3-1 libsemanage1_2.3-1 libsepol1_2.3-1 libslang2_2.2.4-16 libsqlite3-0_3.8.5-1 libss2_1.42.10-1 libssl1.0.0_1.0.1h-3 libstdc++-4.9-dev_4.9.0-6 libstdc++6_4.9.0-6 libstdc++6-4.6-dev_4.6.4-7 libswitch-perl_2.17-1 libterm-ui-perl_0.42-1 libtext-charwidth-perl_0.04-7+b2 libtext-iconv-perl_1.7-5+b1 libtext-soundex-perl_3.4-1+b1 libtext-wrapi18n-perl_0.06-7 libtimedate-perl_2.3000-2 libtinfo5_5.9+20140118-1 libtsan0_4.9.0-6 libubsan0_4.9.0-6 libunistring0_0.9.3-5 libusb-0.1-4_2:0.1.12-23.3 libustr-1.0-1_1.0.4-3 libuuid1_2.20.1-5.8 libvtv0_4.9.0-6 libxml2_2.9.1+dfsg1-3 linux-libc-dev_3.14.7-1 login_1:4.2-2 lsb-base_4.1+Debian13 make_4.0-8 man-db_2.6.7.1-1 mawk_1.3.3-17 mime-support_3.56 mount_2.20.1-5.8 multiarch-support_2.19-2 ncurses-base_5.9+20140118-1 ncurses-bin_5.9+20140118-1 passwd_1:4.2-2 patch_2.7.1-5 perl_5.18.2-4 perl-base_5.18.2-4 perl-modules_5.18.2-4 pkg-config_0.28-1 po-debconf_1.0.16+nmu2 python_2.7.6-2 python-minimal_2.7.6-2 python2.7_2.7.7-2 python2.7-minimal_2.7.7-2 readline-common_6.3-6 rename_0.20-3 sbuild-build-depends-core-dummy_0.invalid.0 sbuild-build-depends-irda-utils-dummy_0.invalid.0 sed_4.2.2-4 sensible-utils_0.0.9 startpar_0.59-3 sudo_1.8.9p5-1 sysv-rc_2.88dsf-53.2 sysvinit_2.88dsf-53.2 sysvinit-core_2.88dsf-53.2 sysvinit-utils_2.88dsf-53.2 tar_1.27.1-2 tzdata_2014e-1 ucf_3.0030 util-linux_2.20.1-5.8 vim_2:7.4.273-2+b1 vim-common_2:7.4.273-2+b1 vim-runtime_2:7.4.273-2 xz-utils_5.1.1alpha+20120614-2 zlib1g_1:1.2.8.dfsg-1 zlib1g-dev_1:1.2.8.dfsg-1

┌──────────────────────────────────────────────────────────────────────────────┐
│ Build                                                                        │
└──────────────────────────────────────────────────────────────────────────────┘


Unpack source
─────────────

gpgv: keyblock resource `/sbuild-nonexistent/.gnupg/trustedkeys.gpg': file open error
gpgv: Signature made Mon Jun  4 16:36:47 2012 UTC using DSA key ID 4BA401C3
gpgv: Can't check signature: public key not found
dpkg-source: warning: failed to verify signature on ./irda-utils_0.9.18-12.dsc
dpkg-source: info: extracting irda-utils in irda-utils-0.9.18
dpkg-source: info: unpacking irda-utils_0.9.18.orig.tar.gz
dpkg-source: info: unpacking irda-utils_0.9.18-12.debian.tar.gz
dpkg-source: info: applying irdadump_ld_as_needed.patch
dpkg-source: info: applying asm2sysio.patch
dpkg-source: info: applying irattach_readme.patch
dpkg-source: info: applying irdadump_version.patch

Check disc space
────────────────

Sufficient free space for build

Hack binNMU version
───────────────────

Created changelog entry for binNMU version 0.9.18-12clang1

User Environment
────────────────

DEB_BUILD_OPTIONS=parallel=10
HOME=/sbuild-nonexistent
LOGNAME=user
PATH=/usr/local/sbin:/usr/local/bin:/usr/sbin:/usr/bin:/sbin:/bin:/usr/games
SCHROOT_ALIAS_NAME=unstable-amd64-sbuild
SCHROOT_CHROOT_NAME=unstable-amd64-sbuild
SCHROOT_COMMAND=env
SCHROOT_GID=1000
SCHROOT_GROUP=user
SCHROOT_SESSION_ID=unstable-amd64-sbuild-3b175ed7-2a38-40a9-98da-23189fc8dade
SCHROOT_UID=1000
SCHROOT_USER=user
SHELL=/bin/sh
USER=user

dpkg-buildpackage
─────────────────

dpkg-buildpackage: source package irda-utils
dpkg-buildpackage: source version 0.9.18-12clang1
dpkg-buildpackage: source distribution unstable
 dpkg-source --before-build irda-utils-0.9.18
dpkg-buildpackage: host architecture amd64
 fakeroot debian/rules clean
dh_testdir
dh_testroot
rm -f build-stamp install-stamp ChangeLog
# install new config.{sub,guess}
# cover ChangeLog issues
# Add here commands to clean up after the build process.
[ ! -f Makefile ] || /usr/bin/make clean
make[1]: Entering directory '/«PKGBUILDDIR»'
 [CLEAN] 
make[2]: Entering directory '/«PKGBUILDDIR»/irattach'
make[2]: Leaving directory '/«PKGBUILDDIR»/irattach'
make[2]: Entering directory '/«PKGBUILDDIR»/irdaping'
make[2]: Leaving directory '/«PKGBUILDDIR»/irdaping'
make[2]: Entering directory '/«PKGBUILDDIR»/etc'
make[2]: Leaving directory '/«PKGBUILDDIR»/etc'
make[2]: Entering directory '/«PKGBUILDDIR»/man'
make[2]: Leaving directory '/«PKGBUILDDIR»/man'
make[2]: Entering directory '/«PKGBUILDDIR»/irnetd'
make[2]: Leaving directory '/«PKGBUILDDIR»/irnetd'
make[2]: Entering directory '/«PKGBUILDDIR»/psion'
make[2]: Leaving directory '/«PKGBUILDDIR»/psion'
make[2]: Entering directory '/«PKGBUILDDIR»/tekram'
make[2]: Leaving directory '/«PKGBUILDDIR»/tekram'
make[2]: Entering directory '/«PKGBUILDDIR»/findchip'
make[2]: Leaving directory '/«PKGBUILDDIR»/findchip'
make[2]: Entering directory '/«PKGBUILDDIR»/irdadump'
make[2]: Leaving directory '/«PKGBUILDDIR»/irdadump'
make[2]: Entering directory '/«PKGBUILDDIR»/smcinit'
make[2]: Leaving directory '/«PKGBUILDDIR»/smcinit'
make[1]: Leaving directory '/«PKGBUILDDIR»'
(cd irattach; /usr/bin/make distclean)
make[1]: Entering directory '/«PKGBUILDDIR»/irattach'
make[1]: Leaving directory '/«PKGBUILDDIR»/irattach'
#-(cd irdadump; /usr/bin/make distclean; rm -rf depcomp missing mkinstalldirs install-sh autom4te.cache)
(cd irdadump; /usr/bin/make distclean)
make[1]: Entering directory '/«PKGBUILDDIR»/irdadump'
make[1]: Leaving directory '/«PKGBUILDDIR»/irdadump'
(cd irdaping; /usr/bin/make distclean)
make[1]: Entering directory '/«PKGBUILDDIR»/irdaping'
make[1]: Leaving directory '/«PKGBUILDDIR»/irdaping'
(cd irnetd; /usr/bin/make distclean)
make[1]: Entering directory '/«PKGBUILDDIR»/irnetd'
rm -f irnetd
make[1]: Leaving directory '/«PKGBUILDDIR»/irnetd'
(cd psion; /usr/bin/make distclean)
make[1]: Entering directory '/«PKGBUILDDIR»/psion'
make[1]: Leaving directory '/«PKGBUILDDIR»/psion'
(cd findchip; /usr/bin/make distclean)
make[1]: Entering directory '/«PKGBUILDDIR»/findchip'
make[1]: Leaving directory '/«PKGBUILDDIR»/findchip'
(cd smcinit; /usr/bin/make distclean)
make[1]: Entering directory '/«PKGBUILDDIR»/smcinit'
make[1]: Leaving directory '/«PKGBUILDDIR»/smcinit'
dh_clean
dpkg-buildpackage: warning: debian/rules must be updated to support the 'build-arch' and 'build-indep' targets (at least 'build-arch' seems to be missing)
 debian/rules build
dh_testdir
(cd irdadump; /usr/bin/make V=1)
make[1]: Entering directory '/«PKGBUILDDIR»/irdadump'
gcc -O2 -W -Wall -I. `pkg-config --cflags glib-2.0` -I/usr/include -I../include/ -c irdadump.c
gcc -O2 -W -Wall -I. `pkg-config --cflags glib-2.0` -I/usr/include -I../include/ -c irlap.c
irlap.c:274:5: warning: explicitly assigning a variable of type 'guint8' (aka 'unsigned char') to itself [-Wself-assign]
        pf = pf;
        ~~ ^ ~~
irlap.c:571:6: warning: explicitly assigning a variable of type 'GNetBuf *' (aka 'struct _GNetBuf *') to itself [-Wself-assign]
        buf = buf;
        ~~~ ^ ~~~
irlap.c:589:6: warning: explicitly assigning a variable of type 'GNetBuf *' (aka 'struct _GNetBuf *') to itself [-Wself-assign]
        buf = buf;
        ~~~ ^ ~~~
irlap.c:605:6: warning: explicitly assigning a variable of type 'GNetBuf *' (aka 'struct _GNetBuf *') to itself [-Wself-assign]
        buf = buf;
        ~~~ ^ ~~~
irlap.c:104:21: warning: unused function 'bytes_to_uint' [-Wunused-function]
static inline guint bytes_to_uint(unsigned char *buf)
                    ^
In file included from irlap.c:34:
./irdadump.h:223:13: warning: inline function 'parse_irlmp' is not defined [-Wundefined-inline]
inline void parse_irlmp(GNetBuf *buf, GString *str,
            ^
irlap.c:359:3: note: used here
                parse_irlmp(buf, str, caddr, type, cmd);
                ^
In file included from irlap.c:34:
./irdadump.h:225:13: warning: inline function 'parse_ui_irlmp' is not defined [-Wundefined-inline]
inline void parse_ui_irlmp(GNetBuf *buf, GString *str, int type);
            ^
irlap.c:411:3: note: used here
                parse_ui_irlmp(buf, str, type);
                ^
7 warnings generated.
gcc -O2 -W -Wall -I. `pkg-config --cflags glib-2.0` -I/usr/include -I../include/ -c irlmp.c
irlmp.c:60:12: warning: explicitly assigning a variable of type 'guint8' (aka 'unsigned char') to itself [-Wself-assign]
        slsap_sel = slsap_sel;
        ~~~~~~~~~ ^ ~~~~~~~~~
irlmp.c:201:12: warning: explicitly assigning a variable of type 'guint8' (aka 'unsigned char') to itself [-Wself-assign]
        dlsap_sel = dlsap_sel;
        ~~~~~~~~~ ^ ~~~~~~~~~
irlmp.c:245:6: warning: explicitly assigning a variable of type 'GNetBuf *' (aka 'struct _GNetBuf *') to itself [-Wself-assign]
        buf = buf;
        ~~~ ^ ~~~
irlmp.c:446:7: warning: explicitly assigning a variable of type 'int' to itself [-Wself-assign]
        type = type;
        ~~~~ ^ ~~~~
In file included from irlmp.c:39:
./irdadump.h:222:13: warning: inline function 'parse_obex' is not defined [-Wundefined-inline]
inline void parse_obex(GNetBuf *buf, GString *str, int cmd);
            ^
irlmp.c:415:5: note: used here
                                parse_obex(buf, str, cmd);
                                ^
5 warnings generated.
gcc -O2 -W -Wall -I. `pkg-config --cflags glib-2.0` -I/usr/include -I../include/ -c obex.c
gcc -O2 -W -Wall -I. `pkg-config --cflags glib-2.0` -I/usr/include -I../include/ -c ircomm.c
ircomm.c:133:6: warning: explicitly assigning a variable of type 'GNetBuf *' (aka 'struct _GNetBuf *') to itself [-Wself-assign]
        buf = buf;
        ~~~ ^ ~~~
1 warning generated.
gcc -O2 -W -Wall -I. `pkg-config --cflags glib-2.0` -I/usr/include -I../include/ -c netbuf.c
gcc -O2 -W -Wall -I. `pkg-config --cflags glib-2.0` -I/usr/include -I../include/ -c capture.c
capture.c:109:2: warning: use of GNU old-style field designator extension [-Wgnu-designator]
        magic:          0xa1b2c3d4,
        ^~~~~~
        .magic = 
capture.c:110:2: warning: use of GNU old-style field designator extension [-Wgnu-designator]
        version_major:  2,
        ^~~~~~~~~~~~~~
        .version_major = 
capture.c:111:2: warning: use of GNU old-style field designator extension [-Wgnu-designator]
        version_minor:  0,
        ^~~~~~~~~~~~~~
        .version_minor = 
capture.c:112:2: warning: use of GNU old-style field designator extension [-Wgnu-designator]
        thiszone:       0,
        ^~~~~~~~~
        .thiszone = 
capture.c:113:2: warning: use of GNU old-style field designator extension [-Wgnu-designator]
        sigfigs:        0,
        ^~~~~~~~
        .sigfigs = 
capture.c:114:2: warning: use of GNU old-style field designator extension [-Wgnu-designator]
        snaplen:        2050 + sizeof(struct sll_header),
        ^~~~~~~~
        .snaplen = 
capture.c:115:2: warning: use of GNU old-style field designator extension [-Wgnu-designator]
        network:        DLT_LINUX_IRDA
        ^~~~~~~~
        .network = 
7 warnings generated.
ar cru  lib_irdadump.a irdadump.o irlap.o irlmp.o obex.o ircomm.o netbuf.o capture.o
ranlib lib_irdadump.a
gcc -O2 -W -Wall -I. `pkg-config --cflags glib-2.0` -I/usr/include -I../include/ -c main.c
main.c:52:8: warning: explicitly assigning a variable of type 'int' to itself [-Wself-assign]
        signo = signo;
        ~~~~~ ^ ~~~~~
1 warning generated.
gcc -O2 -W -Wall -I. `pkg-config --cflags glib-2.0` -o  irdadump main.o lib_irdadump.a `pkg-config --libs glib-2.0`
lib_irdadump.a(irlap.o): In function `parse_irlap_frame':
irlap.c:(.text+0x558): undefined reference to `parse_i_frame'
irlap.c:(.text+0x688): undefined reference to `parse_ui_irlmp'
irlap.c:(.text+0x89e): undefined reference to `parse_xid_frame'
irlap.c:(.text+0x8dc): undefined reference to `parse_disc_frame'
clang: error: linker command failed with exit code 1 (use -v to see invocation)
make[1]: *** [irdadump] Error 1
Makefile:42: recipe for target 'irdadump' failed
make[1]: Leaving directory '/«PKGBUILDDIR»/irdadump'
make: *** [build-stamp] Error 2
dpkg-buildpackage: error: debian/rules build gave error exit status 2
debian/rules:23: recipe for target 'build-stamp' failed
────────────────────────────────────────────────────────────────────────────────
Build finished at 20140617-1517

Finished
────────

E: Build failure (dpkg-buildpackage died)

┌──────────────────────────────────────────────────────────────────────────────┐
│ Cleanup                                                                      │
└──────────────────────────────────────────────────────────────────────────────┘

Purging /«BUILDDIR»
Not cleaning session: cloned chroot in use

┌──────────────────────────────────────────────────────────────────────────────┐
│ Summary                                                                      │
└──────────────────────────────────────────────────────────────────────────────┘

Build Architecture: amd64
Build-Space: 1228
Build-Time: 2
Distribution: unstable
Fail-Stage: build
Host Architecture: amd64
Install-Time: 15
Job: irda-utils_0.9.18-12
Machine Architecture: amd64
Package: irda-utils
Package-Time: 50
Source-Version: 0.9.18-12
Space: 1228
Status: attempted
Version: 0.9.18-12clang1
────────────────────────────────────────────────────────────────────────────────
Finished at 20140617-1517
Build needed 00:00:50, 1228k disc space
DC-Status: Failed 50.866995833s
DC-Time-Estimation: 50.866995833 versus expected 145 (r/m: 1.8505713306924083 ; m: 50.866995833)
