DC-Build-Header: libecap 0.2.0-1 / 2014-06-17 15:06:58 +0000
DC-Task: source:libecap version:0.2.0-1 architecture:any chroot:unstable esttime:191 logfile:/tmp/libecap_0.2.0-1_unstable_clang.log modes:binary-only:parallel:clang
DC-Sbuild-call: su user -c 'sbuild -n --apt-update -d unstable -v  --chroot-setup-commands=/tmp/switch-to-clang --append-to-version "clang1" --maintainer "Lucas Nussbaum <lucas@debian.org>" --uploader "Lucas Nussbaum <lucas@debian.org>" libecap_0.2.0-1'
sbuild (Debian sbuild) 0.63.2 (18 Aug 2012) on ip-172-31-15-75.us-west-2.compute.internal

╔══════════════════════════════════════════════════════════════════════════════╗
║ libecap 0.2.0-1clang1 (amd64)                              17 Jun 2014 15:06 ║
╚══════════════════════════════════════════════════════════════════════════════╝

Package: libecap
Version: 0.2.0-1clang1
Source Version: 0.2.0-1
Distribution: unstable
Machine Architecture: amd64
Host Architecture: amd64
Build Architecture: amd64

I: NOTICE: Log filtering will replace 'build/libecap-oKb1sc/libecap-0.2.0' with '«PKGBUILDDIR»'
I: NOTICE: Log filtering will replace 'build/libecap-oKb1sc' with '«BUILDDIR»'
I: NOTICE: Log filtering will replace 'var/lib/schroot/mount/unstable-amd64-sbuild-dd5644f0-1cef-42ec-90de-2426a4e30b10' with '«CHROOT»'

┌──────────────────────────────────────────────────────────────────────────────┐
│ Update chroot                                                                │
└──────────────────────────────────────────────────────────────────────────────┘

Get:1 http://localhost:9999 unstable InRelease [206 kB]
Get:2 http://localhost:9999 unstable/main Sources/DiffIndex [7876 B]
Get:3 http://localhost:9999 unstable/main amd64 Packages/DiffIndex [7876 B]
Get:4 http://localhost:9999 unstable/main Translation-en/DiffIndex [7876 B]
Get:5 http://localhost:9999 unstable/main 2014-06-16-2054.31.pdiff [15.4 kB]
Get:6 http://localhost:9999 unstable/main 2014-06-17-0253.05.pdiff [7983 B]
Get:7 http://localhost:9999 unstable/main 2014-06-17-0856.27.pdiff [7757 B]
Get:8 http://localhost:9999 unstable/main amd64 2014-06-16-2054.31.pdiff [20.7 kB]
Get:9 http://localhost:9999 unstable/main 2014-06-17-0856.27.pdiff [7757 B]
Get:10 http://localhost:9999 unstable/main amd64 2014-06-17-0253.05.pdiff [38.6 kB]
Get:11 http://localhost:9999 unstable/main amd64 2014-06-17-0856.27.pdiff [9018 B]
Get:12 http://localhost:9999 unstable/main 2014-06-16-2054.31.pdiff [699 B]
Get:13 http://localhost:9999 unstable/main 2014-06-17-0856.27.pdiff [442 B]
Get:14 http://localhost:9999 unstable/main amd64 2014-06-17-0856.27.pdiff [9018 B]
Get:15 http://localhost:9999 unstable/main 2014-06-17-0856.27.pdiff [442 B]
Fetched 330 kB in 4s (68.5 kB/s)
Reading package lists...
Reading package lists...
Building dependency tree...
Reading state information...
The following packages will be upgraded:
  libc-bin libc-dev-bin libc6 libc6-dev linux-libc-dev multiarch-support
6 upgraded, 0 newly installed, 0 to remove and 0 not upgraded.
Need to get 9447 kB of archives.
After this operation, 10.2 kB of additional disk space will be used.
Get:1 http://localhost:9999/debian/ unstable/main libc6-dev amd64 2.19-2 [2000 kB]
Get:2 http://localhost:9999/debian/ unstable/main libc-dev-bin amd64 2.19-2 [235 kB]
Get:3 http://localhost:9999/debian/ unstable/main linux-libc-dev amd64 3.14.7-1 [937 kB]
Get:4 http://localhost:9999/debian/ unstable/main libc-bin amd64 2.19-2 [1288 kB]
Get:5 http://localhost:9999/debian/ unstable/main libc6 amd64 2.19-2 [4816 kB]
Get:6 http://localhost:9999/debian/ unstable/main multiarch-support amd64 2.19-2 [171 kB]
debconf: delaying package configuration, since apt-utils is not installed
Fetched 9447 kB in 0s (33.4 MB/s)
(Reading database ... 14215 files and directories currently installed.)
Preparing to unpack .../libc6-dev_2.19-2_amd64.deb ...
Unpacking libc6-dev:amd64 (2.19-2) over (2.19-1) ...
Preparing to unpack .../libc-dev-bin_2.19-2_amd64.deb ...
Unpacking libc-dev-bin (2.19-2) over (2.19-1) ...
Preparing to unpack .../linux-libc-dev_3.14.7-1_amd64.deb ...
Unpacking linux-libc-dev:amd64 (3.14.7-1) over (3.14.5-1) ...
Preparing to unpack .../libc-bin_2.19-2_amd64.deb ...
Unpacking libc-bin (2.19-2) over (2.19-1) ...
Preparing to unpack .../libc6_2.19-2_amd64.deb ...
Unpacking libc6:amd64 (2.19-2) over (2.19-1) ...
Setting up libc6:amd64 (2.19-2) ...
Setting up libc-bin (2.19-2) ...
(Reading database ... 14216 files and directories currently installed.)
Preparing to unpack .../multiarch-support_2.19-2_amd64.deb ...
Unpacking multiarch-support (2.19-2) over (2.19-1) ...
Setting up multiarch-support (2.19-2) ...
Setting up libc-dev-bin (2.19-2) ...
Setting up linux-libc-dev:amd64 (3.14.7-1) ...
Setting up libc6-dev:amd64 (2.19-2) ...

┌──────────────────────────────────────────────────────────────────────────────┐
│ Fetch source files                                                           │
└──────────────────────────────────────────────────────────────────────────────┘


Check APT
─────────

Checking available source versions...

Download source files with APT
──────────────────────────────

Reading package lists...
Building dependency tree...
Reading state information...
Need to get 341 kB of source archives.
Get:1 http://localhost:9999/debian/ unstable/main libecap 0.2.0-1 (dsc) [1120 B]
Get:2 http://localhost:9999/debian/ unstable/main libecap 0.2.0-1 (tar) [338 kB]
Get:3 http://localhost:9999/debian/ unstable/main libecap 0.2.0-1 (diff) [2426 B]
Fetched 341 kB in 1s (258 kB/s)
Download complete and in download only mode

Check arch
──────────


┌──────────────────────────────────────────────────────────────────────────────┐
│ Chroot Setup Commands                                                        │
└──────────────────────────────────────────────────────────────────────────────┘


/tmp/switch-to-clang
────────────────────

+ echo 'Entering customization script...'
Entering customization script...
+ echo 'Install of clang-3.4'
Install of clang-3.4
+ apt-get update
Hit http://localhost:9999 unstable InRelease
Hit http://localhost:9999 unstable/main Sources/DiffIndex
Hit http://localhost:9999 unstable/main amd64 Packages/DiffIndex
Hit http://localhost:9999 unstable/main Translation-en/DiffIndex
Reading package lists...
+ apt-get install --yes --no-install-recommends --force-yes clang-3.4
Reading package lists...
Building dependency tree...
Reading state information...
The following extra packages will be installed:
  libclang-common-3.4-dev libclang1-3.4 libffi6 libllvm3.4 libobjc-4.9-dev
  libobjc4
Suggested packages:
  gnustep gnustep-devel
Recommended packages:
  llvm-3.4-dev python
The following NEW packages will be installed:
  clang-3.4 libclang-common-3.4-dev libclang1-3.4 libffi6 libllvm3.4
  libobjc-4.9-dev libobjc4
0 upgraded, 7 newly installed, 0 to remove and 0 not upgraded.
Need to get 30.6 MB of archives.
After this operation, 118 MB of additional disk space will be used.
Get:1 http://localhost:9999/debian/ unstable/main libffi6 amd64 3.1-2 [19.8 kB]
Get:2 http://localhost:9999/debian/ unstable/main libllvm3.4 amd64 1:3.4.2-2 [6721 kB]
Get:3 http://localhost:9999/debian/ unstable/main libobjc4 amd64 4.9.0-6 [112 kB]
Get:4 http://localhost:9999/debian/ unstable/main libobjc-4.9-dev amd64 4.9.0-6 [372 kB]
Get:5 http://localhost:9999/debian/ unstable/main libclang1-3.4 amd64 1:3.4.2-2 [3619 kB]
Get:6 http://localhost:9999/debian/ unstable/main libclang-common-3.4-dev amd64 1:3.4.2-2 [543 kB]
Get:7 http://localhost:9999/debian/ unstable/main clang-3.4 amd64 1:3.4.2-2 [19.2 MB]
debconf: delaying package configuration, since apt-utils is not installed
Fetched 30.6 MB in 0s (35.3 MB/s)
Selecting previously unselected package libffi6:amd64.
(Reading database ... 14216 files and directories currently installed.)
Preparing to unpack .../libffi6_3.1-2_amd64.deb ...
Unpacking libffi6:amd64 (3.1-2) ...
Selecting previously unselected package libllvm3.4:amd64.
Preparing to unpack .../libllvm3.4_1%3a3.4.2-2_amd64.deb ...
Unpacking libllvm3.4:amd64 (1:3.4.2-2) ...
Selecting previously unselected package libobjc4:amd64.
Preparing to unpack .../libobjc4_4.9.0-6_amd64.deb ...
Unpacking libobjc4:amd64 (4.9.0-6) ...
Selecting previously unselected package libobjc-4.9-dev:amd64.
Preparing to unpack .../libobjc-4.9-dev_4.9.0-6_amd64.deb ...
Unpacking libobjc-4.9-dev:amd64 (4.9.0-6) ...
Selecting previously unselected package libclang1-3.4:amd64.
Preparing to unpack .../libclang1-3.4_1%3a3.4.2-2_amd64.deb ...
Unpacking libclang1-3.4:amd64 (1:3.4.2-2) ...
Selecting previously unselected package libclang-common-3.4-dev.
Preparing to unpack .../libclang-common-3.4-dev_1%3a3.4.2-2_amd64.deb ...
Unpacking libclang-common-3.4-dev (1:3.4.2-2) ...
Selecting previously unselected package clang-3.4.
Preparing to unpack .../clang-3.4_1%3a3.4.2-2_amd64.deb ...
Unpacking clang-3.4 (1:3.4.2-2) ...
Setting up libffi6:amd64 (3.1-2) ...
Setting up libllvm3.4:amd64 (1:3.4.2-2) ...
Setting up libobjc4:amd64 (4.9.0-6) ...
Setting up libobjc-4.9-dev:amd64 (4.9.0-6) ...
Setting up libclang1-3.4:amd64 (1:3.4.2-2) ...
Setting up libclang-common-3.4-dev (1:3.4.2-2) ...
Setting up clang-3.4 (1:3.4.2-2) ...
Processing triggers for libc-bin (2.19-2) ...
+ echo 'Replace gcc, g++ & cpp by clang'
Replace gcc, g++ & cpp by clang
+ VERSIONS='4.6 4.7 4.8 4.9'
+ cd /usr/bin
+ for VERSION in '$VERSIONS'
+ rm -f g++-4.6 gcc-4.6 cpp-4.6
+ ln -s clang++ g++-4.6
+ ln -s clang gcc-4.6
+ ln -s clang cpp-4.6
+ echo 'gcc-4.6 hold'
+ dpkg --set-selections
+ echo 'g++-4.6 hold'
+ dpkg --set-selections
+ for VERSION in '$VERSIONS'
+ rm -f g++-4.7 gcc-4.7 cpp-4.7
+ ln -s clang++ g++-4.7
+ ln -s clang gcc-4.7
+ ln -s clang cpp-4.7
+ echo 'gcc-4.7 hold'
+ dpkg --set-selections
+ echo 'g++-4.7 hold'
+ dpkg --set-selections
+ for VERSION in '$VERSIONS'
+ rm -f g++-4.8 gcc-4.8 cpp-4.8
+ ln -s clang++ g++-4.8
+ ln -s clang gcc-4.8
+ ln -s clang cpp-4.8
+ echo 'gcc-4.8 hold'
+ dpkg --set-selections
dpkg: warning: package not in database at line 1: gcc-4.8
dpkg: warning: found unknown packages; this might mean the available database
is outdated, and needs to be updated through a frontend method
+ echo 'g++-4.8 hold'
+ dpkg --set-selections
dpkg: warning: package not in database at line 1: g++-4.8
dpkg: warning: found unknown packages; this might mean the available database
is outdated, and needs to be updated through a frontend method
+ for VERSION in '$VERSIONS'
+ rm -f g++-4.9 gcc-4.9 cpp-4.9
+ ln -s clang++ g++-4.9
+ ln -s clang gcc-4.9
+ ln -s clang cpp-4.9
+ echo 'gcc-4.9 hold'
+ dpkg --set-selections
+ echo 'g++-4.9 hold'
+ dpkg --set-selections
+ cd -
/«BUILDDIR»
+ echo 'Check if gcc, g++ & cpp are actually clang'
Check if gcc, g++ & cpp are actually clang
+ gcc --version
+ grep clang
+ cpp --version
+ grep clang
+ g++ --version
+ grep clang

I: Finished running '/tmp/switch-to-clang'.

Finished processing commands.
────────────────────────────────────────────────────────────────────────────────
Merged Build-Depends: build-essential, fakeroot
Filtered Build-Depends: build-essential, fakeroot
dpkg-deb: building package `sbuild-build-depends-core-dummy' in `/«BUILDDIR»/resolver-DY6Ycy/apt_archive/sbuild-build-depends-core-dummy.deb'.
OK
Reading package lists...

┌──────────────────────────────────────────────────────────────────────────────┐
│ Install core build dependencies (apt-based resolver)                         │
└──────────────────────────────────────────────────────────────────────────────┘

Installing build dependencies
Reading package lists...
Building dependency tree...
Reading state information...
The following NEW packages will be installed:
  sbuild-build-depends-core-dummy
debconf: delaying package configuration, since apt-utils is not installed
0 upgraded, 1 newly installed, 0 to remove and 0 not upgraded.
Need to get 0 B/816 B of archives.
After this operation, 0 B of additional disk space will be used.
Selecting previously unselected package sbuild-build-depends-core-dummy.
(Reading database ... 14431 files and directories currently installed.)
Preparing to unpack .../sbuild-build-depends-core-dummy.deb ...
Unpacking sbuild-build-depends-core-dummy (0.invalid.0) ...
Setting up sbuild-build-depends-core-dummy (0.invalid.0) ...
Merged Build-Depends: base-files, base-passwd, bash, bsdutils, coreutils, dash, debianutils, diffutils, dpkg, e2fsprogs, findutils, grep, gzip, hostname, libc-bin, login, mount, ncurses-base, ncurses-bin, perl-base, sed, sysvinit, sysvinit-utils, tar, util-linux, libc6-dev | libc-dev, gcc (>= 4:4.4.3), g++ (>= 4:4.4.3), make, dpkg-dev (>= 1.13.5), debhelper (>= 8.0.0), autotools-dev, cdbs
Filtered Build-Depends: base-files, base-passwd, bash, bsdutils, coreutils, dash, debianutils, diffutils, dpkg, e2fsprogs, findutils, grep, gzip, hostname, libc-bin, login, mount, ncurses-base, ncurses-bin, perl-base, sed, sysvinit, sysvinit-utils, tar, util-linux, libc6-dev, gcc (>= 4:4.4.3), g++ (>= 4:4.4.3), make, dpkg-dev (>= 1.13.5), debhelper (>= 8.0.0), autotools-dev, cdbs
dpkg-deb: building package `sbuild-build-depends-libecap-dummy' in `/«BUILDDIR»/resolver-1d6uL1/apt_archive/sbuild-build-depends-libecap-dummy.deb'.
OK
Reading package lists...

┌──────────────────────────────────────────────────────────────────────────────┐
│ Install libecap build dependencies (apt-based resolver)                      │
└──────────────────────────────────────────────────────────────────────────────┘

Installing build dependencies
Reading package lists...
Building dependency tree...
Reading state information...
The following extra packages will be installed:
  autotools-dev bsdmainutils cdbs debhelper file gettext gettext-base
  groff-base intltool-debian libasprintf0c2 libcroco3 libglib2.0-0 libmagic1
  libpipeline1 libunistring0 libxml2 man-db po-debconf
Suggested packages:
  wamerican wordlist whois vacation devscripts dh-make gettext-doc groff less
  www-browser libmail-box-perl
Recommended packages:
  curl wget lynx-cur autopoint libasprintf-dev libgettextpo-dev
  libglib2.0-data shared-mime-info xml-core libmail-sendmail-perl
The following NEW packages will be installed:
  autotools-dev bsdmainutils cdbs debhelper file gettext gettext-base
  groff-base intltool-debian libasprintf0c2 libcroco3 libglib2.0-0 libmagic1
  libpipeline1 libunistring0 libxml2 man-db po-debconf
  sbuild-build-depends-libecap-dummy
0 upgraded, 19 newly installed, 0 to remove and 0 not upgraded.
Need to get 8766 kB/8767 kB of archives.
After this operation, 26.4 MB of additional disk space will be used.
Get:1 http://localhost:9999/debian/ unstable/main libpipeline1 amd64 1.3.0-1 [25.8 kB]
Get:2 http://localhost:9999/debian/ unstable/main groff-base amd64 1.22.2-5 [1043 kB]
Get:3 http://localhost:9999/debian/ unstable/main bsdmainutils amd64 9.0.5 [211 kB]
Get:4 http://localhost:9999/debian/ unstable/main man-db amd64 2.6.7.1-1 [990 kB]
Get:5 http://localhost:9999/debian/ unstable/main libasprintf0c2 amd64 0.18.3.2-2 [29.4 kB]
Get:6 http://localhost:9999/debian/ unstable/main libmagic1 amd64 1:5.19-1 [237 kB]
Get:7 http://localhost:9999/debian/ unstable/main libxml2 amd64 2.9.1+dfsg1-3 [791 kB]
Get:8 http://localhost:9999/debian/ unstable/main libglib2.0-0 amd64 2.40.0-3 [2405 kB]
Get:9 http://localhost:9999/debian/ unstable/main libcroco3 amd64 0.6.8-2 [133 kB]
Get:10 http://localhost:9999/debian/ unstable/main libunistring0 amd64 0.9.3-5 [434 kB]
Get:11 http://localhost:9999/debian/ unstable/main file amd64 1:5.19-1 [58.0 kB]
Get:12 http://localhost:9999/debian/ unstable/main gettext-base amd64 0.18.3.2-2 [116 kB]
Get:13 http://localhost:9999/debian/ unstable/main autotools-dev all 20140510.1 [70.3 kB]
Get:14 http://localhost:9999/debian/ unstable/main cdbs all 0.4.123 [75.1 kB]
Get:15 http://localhost:9999/debian/ unstable/main gettext amd64 0.18.3.2-2 [1202 kB]
Get:16 http://localhost:9999/debian/ unstable/main intltool-debian all 0.35.0+20060710.1 [30.8 kB]
Get:17 http://localhost:9999/debian/ unstable/main po-debconf all 1.0.16+nmu2 [224 kB]
Get:18 http://localhost:9999/debian/ unstable/main debhelper all 9.20140613 [692 kB]
debconf: delaying package configuration, since apt-utils is not installed
Fetched 8766 kB in 0s (27.3 MB/s)
Selecting previously unselected package libpipeline1:amd64.
(Reading database ... 14431 files and directories currently installed.)
Preparing to unpack .../libpipeline1_1.3.0-1_amd64.deb ...
Unpacking libpipeline1:amd64 (1.3.0-1) ...
Selecting previously unselected package groff-base.
Preparing to unpack .../groff-base_1.22.2-5_amd64.deb ...
Unpacking groff-base (1.22.2-5) ...
Selecting previously unselected package bsdmainutils.
Preparing to unpack .../bsdmainutils_9.0.5_amd64.deb ...
Unpacking bsdmainutils (9.0.5) ...
Selecting previously unselected package man-db.
Preparing to unpack .../man-db_2.6.7.1-1_amd64.deb ...
Unpacking man-db (2.6.7.1-1) ...
Selecting previously unselected package libasprintf0c2:amd64.
Preparing to unpack .../libasprintf0c2_0.18.3.2-2_amd64.deb ...
Unpacking libasprintf0c2:amd64 (0.18.3.2-2) ...
Selecting previously unselected package libmagic1:amd64.
Preparing to unpack .../libmagic1_1%3a5.19-1_amd64.deb ...
Unpacking libmagic1:amd64 (1:5.19-1) ...
Selecting previously unselected package libxml2:amd64.
Preparing to unpack .../libxml2_2.9.1+dfsg1-3_amd64.deb ...
Unpacking libxml2:amd64 (2.9.1+dfsg1-3) ...
Selecting previously unselected package libglib2.0-0:amd64.
Preparing to unpack .../libglib2.0-0_2.40.0-3_amd64.deb ...
Unpacking libglib2.0-0:amd64 (2.40.0-3) ...
Selecting previously unselected package libcroco3:amd64.
Preparing to unpack .../libcroco3_0.6.8-2_amd64.deb ...
Unpacking libcroco3:amd64 (0.6.8-2) ...
Selecting previously unselected package libunistring0:amd64.
Preparing to unpack .../libunistring0_0.9.3-5_amd64.deb ...
Unpacking libunistring0:amd64 (0.9.3-5) ...
Selecting previously unselected package file.
Preparing to unpack .../file_1%3a5.19-1_amd64.deb ...
Unpacking file (1:5.19-1) ...
Selecting previously unselected package gettext-base.
Preparing to unpack .../gettext-base_0.18.3.2-2_amd64.deb ...
Unpacking gettext-base (0.18.3.2-2) ...
Selecting previously unselected package autotools-dev.
Preparing to unpack .../autotools-dev_20140510.1_all.deb ...
Unpacking autotools-dev (20140510.1) ...
Selecting previously unselected package cdbs.
Preparing to unpack .../archives/cdbs_0.4.123_all.deb ...
Unpacking cdbs (0.4.123) ...
Selecting previously unselected package gettext.
Preparing to unpack .../gettext_0.18.3.2-2_amd64.deb ...
Unpacking gettext (0.18.3.2-2) ...
Selecting previously unselected package intltool-debian.
Preparing to unpack .../intltool-debian_0.35.0+20060710.1_all.deb ...
Unpacking intltool-debian (0.35.0+20060710.1) ...
Selecting previously unselected package po-debconf.
Preparing to unpack .../po-debconf_1.0.16+nmu2_all.deb ...
Unpacking po-debconf (1.0.16+nmu2) ...
Selecting previously unselected package debhelper.
Preparing to unpack .../debhelper_9.20140613_all.deb ...
Unpacking debhelper (9.20140613) ...
Selecting previously unselected package sbuild-build-depends-libecap-dummy.
Preparing to unpack .../sbuild-build-depends-libecap-dummy.deb ...
Unpacking sbuild-build-depends-libecap-dummy (0.invalid.0) ...
Setting up libpipeline1:amd64 (1.3.0-1) ...
Setting up groff-base (1.22.2-5) ...
Setting up bsdmainutils (9.0.5) ...
update-alternatives: using /usr/bin/bsd-write to provide /usr/bin/write (write) in auto mode
update-alternatives: using /usr/bin/bsd-from to provide /usr/bin/from (from) in auto mode
Setting up man-db (2.6.7.1-1) ...
Not building database; man-db/auto-update is not 'true'.
Setting up libasprintf0c2:amd64 (0.18.3.2-2) ...
Setting up libmagic1:amd64 (1:5.19-1) ...
Setting up libxml2:amd64 (2.9.1+dfsg1-3) ...
Setting up libglib2.0-0:amd64 (2.40.0-3) ...
No schema files found: doing nothing.
Setting up libcroco3:amd64 (0.6.8-2) ...
Setting up libunistring0:amd64 (0.9.3-5) ...
Setting up file (1:5.19-1) ...
Setting up gettext-base (0.18.3.2-2) ...
Setting up autotools-dev (20140510.1) ...
Setting up cdbs (0.4.123) ...
Setting up gettext (0.18.3.2-2) ...
Setting up intltool-debian (0.35.0+20060710.1) ...
Setting up po-debconf (1.0.16+nmu2) ...
Setting up debhelper (9.20140613) ...
Setting up sbuild-build-depends-libecap-dummy (0.invalid.0) ...
Processing triggers for libc-bin (2.19-2) ...

┌──────────────────────────────────────────────────────────────────────────────┐
│ Build environment                                                            │
└──────────────────────────────────────────────────────────────────────────────┘

Kernel: Linux 2.6.32-5-xen-amd64 amd64 (x86_64)
Toolchain package versions: binutils_2.24.51.20140604-3 dpkg-dev_1.17.10 g++-4.6_4.6.4-7 g++-4.9_4.9.0-6 gcc-4.6_4.6.4-7 gcc-4.7_4.7.4-1 gcc-4.9_4.9.0-6 libc6-dev_2.19-2 libstdc++-4.9-dev_4.9.0-6 libstdc++6_4.9.0-6 libstdc++6-4.6-dev_4.6.4-7 linux-libc-dev_3.14.7-1
Package versions: apt_1.0.4 autotools-dev_20140510.1 base-files_7.3 base-passwd_3.5.33 bash_4.3-7 binutils_2.24.51.20140604-3 bsdmainutils_9.0.5 bsdutils_1:2.20.1-5.8 build-essential_11.6 bzip2_1.0.6-5 cdbs_0.4.123 clang-3.4_1:3.4.2-2 coreutils_8.21-1.2 cpp_4:4.9.0-3 cpp-4.6_4.6.4-7 cpp-4.7_4.7.4-1 cpp-4.9_4.9.0-6 dash_0.5.7-4 debconf_1.5.53 debconf-i18n_1.5.53 debfoster_2.7-1.2 debhelper_9.20140613 debian-archive-keyring_2012.4 debianutils_4.4 diffutils_1:3.3-1 dpkg_1.17.10 dpkg-dev_1.17.10 e2fslibs_1.42.10-1 e2fsprogs_1.42.10-1 fakeroot_1.20-3 file_1:5.19-1 findutils_4.4.2-8 g++_4:4.9.0-3 g++-4.6_4.6.4-7 g++-4.9_4.9.0-6 gcc_4:4.9.0-3 gcc-4.4-base_4.4.7-8 gcc-4.5-base_4.5.4-1 gcc-4.6_4.6.4-7 gcc-4.6-base_4.6.4-7 gcc-4.7_4.7.4-1 gcc-4.7-base_4.7.4-1 gcc-4.8-base_4.8.3-3 gcc-4.9_4.9.0-6 gcc-4.9-base_4.9.0-6 gettext_0.18.3.2-2 gettext-base_0.18.3.2-2 gnupg_1.4.16-1.1 gpgv_1.4.16-1.1 grep_2.18-2 groff-base_1.22.2-5 gzip_1.6-3 hostname_3.15 initscripts_2.88dsf-53.2 insserv_1.14.0-5 intltool-debian_0.35.0+20060710.1 libacl1_2.2.52-1 libapt-pkg4.12_1.0.4 libarchive-extract-perl_0.72-1 libasan1_4.9.0-6 libasprintf0c2_0.18.3.2-2 libatomic1_4.9.0-6 libattr1_1:2.4.47-1 libaudit-common_1:2.3.7-1 libaudit1_1:2.3.7-1 libblkid1_2.20.1-5.8 libbz2-1.0_1.0.6-5 libc-bin_2.19-2 libc-dev-bin_2.19-2 libc6_2.19-2 libc6-dev_2.19-2 libcap2_1:2.22-1.2 libcilkrts5_4.9.0-6 libclang-common-3.4-dev_1:3.4.2-2 libclang1-3.4_1:3.4.2-2 libclass-isa-perl_0.36-5 libcloog-isl4_0.18.2-1 libcloog-ppl1_0.16.1-5 libcomerr2_1.42.10-1 libcroco3_0.6.8-2 libdb5.1_5.1.29-5 libdb5.3_5.3.28-3 libdebconfclient0_0.191 libdpkg-perl_1.17.10 libfakeroot_1.20-3 libffi6_3.1-2 libfile-fcntllock-perl_0.20-1 libgc1c2_1:7.2d-6 libgcc-4.7-dev_4.7.4-1 libgcc-4.9-dev_4.9.0-6 libgcc1_1:4.9.0-6 libgdbm3_1.8.3-12 libglib2.0-0_2.40.0-3 libgmp10_2:6.0.0+dfsg-4 libgmpxx4ldbl_2:6.0.0+dfsg-4 libgomp1_4.9.0-6 libgpm2_1.20.4-6.1 libisl10_0.12.2-1 libitm1_4.9.0-6 libllvm3.4_1:3.4.2-2 liblocale-gettext-perl_1.05-8 liblog-message-simple-perl_0.10-1 liblsan0_4.9.0-6 liblzma5_5.1.1alpha+20120614-2 libmagic1_1:5.19-1 libmodule-pluggable-perl_5.1-1 libmount1_2.20.1-5.8 libmpc2_0.9-4 libmpc3_1.0.1-1 libmpfr4_3.1.2-1 libncurses5_5.9+20140118-1 libobjc-4.9-dev_4.9.0-6 libobjc4_4.9.0-6 libpam-modules_1.1.8-3 libpam-modules-bin_1.1.8-3 libpam-runtime_1.1.8-3 libpam0g_1.1.8-3 libpcre3_1:8.31-5 libpipeline1_1.3.0-1 libpod-latex-perl_0.61-1 libppl-c4_1:1.1-2+b1 libppl13_1:1.1-2+b1 libquadmath0_4.9.0-6 libreadline6_6.3-6 libselinux1_2.3-1 libsemanage-common_2.3-1 libsemanage1_2.3-1 libsepol1_2.3-1 libslang2_2.2.4-16 libss2_1.42.10-1 libstdc++-4.9-dev_4.9.0-6 libstdc++6_4.9.0-6 libstdc++6-4.6-dev_4.6.4-7 libswitch-perl_2.17-1 libterm-ui-perl_0.42-1 libtext-charwidth-perl_0.04-7+b2 libtext-iconv-perl_1.7-5+b1 libtext-soundex-perl_3.4-1+b1 libtext-wrapi18n-perl_0.06-7 libtimedate-perl_2.3000-2 libtinfo5_5.9+20140118-1 libtsan0_4.9.0-6 libubsan0_4.9.0-6 libunistring0_0.9.3-5 libusb-0.1-4_2:0.1.12-23.3 libustr-1.0-1_1.0.4-3 libuuid1_2.20.1-5.8 libvtv0_4.9.0-6 libxml2_2.9.1+dfsg1-3 linux-libc-dev_3.14.7-1 login_1:4.2-2 lsb-base_4.1+Debian13 make_4.0-8 man-db_2.6.7.1-1 mawk_1.3.3-17 mount_2.20.1-5.8 multiarch-support_2.19-2 ncurses-base_5.9+20140118-1 ncurses-bin_5.9+20140118-1 passwd_1:4.2-2 patch_2.7.1-5 perl_5.18.2-4 perl-base_5.18.2-4 perl-modules_5.18.2-4 po-debconf_1.0.16+nmu2 readline-common_6.3-6 rename_0.20-3 sbuild-build-depends-core-dummy_0.invalid.0 sbuild-build-depends-libecap-dummy_0.invalid.0 sed_4.2.2-4 sensible-utils_0.0.9 startpar_0.59-3 sudo_1.8.9p5-1 sysv-rc_2.88dsf-53.2 sysvinit_2.88dsf-53.2 sysvinit-core_2.88dsf-53.2 sysvinit-utils_2.88dsf-53.2 tar_1.27.1-2 tzdata_2014e-1 ucf_3.0030 util-linux_2.20.1-5.8 vim_2:7.4.273-2+b1 vim-common_2:7.4.273-2+b1 vim-runtime_2:7.4.273-2 xz-utils_5.1.1alpha+20120614-2 zlib1g_1:1.2.8.dfsg-1

┌──────────────────────────────────────────────────────────────────────────────┐
│ Build                                                                        │
└──────────────────────────────────────────────────────────────────────────────┘


Unpack source
─────────────

gpgv: keyblock resource `/sbuild-nonexistent/.gnupg/trustedkeys.gpg': file open error
gpgv: Signature made Wed Dec  5 19:20:21 2012 UTC using DSA key ID 924C0C26
gpgv: Can't check signature: public key not found
dpkg-source: warning: failed to verify signature on ./libecap_0.2.0-1.dsc
dpkg-source: info: extracting libecap in libecap-0.2.0
dpkg-source: info: unpacking libecap_0.2.0.orig.tar.gz
dpkg-source: info: unpacking libecap_0.2.0-1.debian.tar.gz

Check disc space
────────────────

Sufficient free space for build

Hack binNMU version
───────────────────

Created changelog entry for binNMU version 0.2.0-1clang1

User Environment
────────────────

DEB_BUILD_OPTIONS=parallel=10
HOME=/sbuild-nonexistent
LOGNAME=user
PATH=/usr/local/sbin:/usr/local/bin:/usr/sbin:/usr/bin:/sbin:/bin:/usr/games
SCHROOT_ALIAS_NAME=unstable-amd64-sbuild
SCHROOT_CHROOT_NAME=unstable-amd64-sbuild
SCHROOT_COMMAND=env
SCHROOT_GID=1000
SCHROOT_GROUP=user
SCHROOT_SESSION_ID=unstable-amd64-sbuild-dd5644f0-1cef-42ec-90de-2426a4e30b10
SCHROOT_UID=1000
SCHROOT_USER=user
SHELL=/bin/sh
USER=user

dpkg-buildpackage
─────────────────

dpkg-buildpackage: source package libecap
dpkg-buildpackage: source version 0.2.0-1clang1
dpkg-buildpackage: source distribution unstable
 dpkg-source --before-build libecap-0.2.0
dpkg-buildpackage: host architecture amd64
 fakeroot debian/rules clean
test -x debian/rules
rm -f debian/stamp-makefile-build debian/stamp-makefile-install
/usr/bin/make  -C .  -k distclean
make[1]: Entering directory '/«PKGBUILDDIR»'
make[1]: *** No rule to make target 'distclean'.
make[1]: Leaving directory '/«PKGBUILDDIR»'
make: [makefile-clean] Error 2 (ignored)
/usr/share/cdbs/1/class/makefile.mk:55: recipe for target 'makefile-clean' failed
rm -f debian/stamp-autotools
rmdir --ignore-fail-on-non-empty .
rmdir: failed to remove '.': Invalid argument
make: [makefile-clean] Error 1 (ignored)
/usr/share/cdbs/1/class/autotools.mk:52: recipe for target 'makefile-clean' failed
for i in ./cfgaux/config.guess ./cfgaux/config.sub  ; do \
	if test -e $i.cdbs-orig ; then \
		mv $i.cdbs-orig $i ; \
	fi ; \
done
dh_clean 
rm -f debian/stamp-autotools-files
 debian/rules build-arch
test -x debian/rules
mkdir -p "."
if test -e /usr/share/misc/config.guess ; then \
	for i in ./cfgaux/config.guess ; do \
		if ! test -e $i.cdbs-orig ; then \
			mv $i $i.cdbs-orig ; \
			cp --remove-destination /usr/share/misc/config.guess $i ; \
		fi ; \
	done ; \
fi
if test -e /usr/share/misc/config.sub ; then \
	for i in ./cfgaux/config.sub ; do \
		if ! test -e $i.cdbs-orig ; then \
			mv $i $i.cdbs-orig ; \
			cp --remove-destination /usr/share/misc/config.sub $i ; \
		fi ; \
	done ; \
fi
touch debian/stamp-autotools-files
chmod a+x /«PKGBUILDDIR»/./configure
mkdir -p .
cd . &&   CFLAGS="-g -O2 -fstack-protector --param=ssp-buffer-size=4 -Wformat -Werror=format-security -Wall" CXXFLAGS="-g -O2 -fstack-protector --param=ssp-buffer-size=4 -Wformat -Werror=format-security -Wall" CPPFLAGS="-D_FORTIFY_SOURCE=2" LDFLAGS="-Wl,-z,relro" /«PKGBUILDDIR»/./configure --build=x86_64-linux-gnu  --prefix=/usr --includedir="\${prefix}/include" --mandir="\${prefix}/share/man" --infodir="\${prefix}/share/info" --sysconfdir=/etc --localstatedir=/var --libexecdir="\${prefix}/lib/libecap" --srcdir=. --disable-maintainer-mode --disable-dependency-tracking --disable-silent-rules    
configure: WARNING: unrecognized options: --disable-silent-rules
checking for a BSD-compatible install... /usr/bin/install -c
checking whether build environment is sane... yes
checking for a thread-safe mkdir -p... /bin/mkdir -p
checking for gawk... no
checking for mawk... mawk
checking whether make sets $(MAKE)... yes
checking whether to enable maintainer-specific portions of Makefiles... no
checking build system type... x86_64-pc-linux-gnu
checking host system type... x86_64-pc-linux-gnu
checking for style of include used by make... GNU
checking for gcc... gcc
checking for C compiler default output file name... a.out
checking whether the C compiler works... yes
checking whether we are cross compiling... no
checking for suffix of executables... 
checking for suffix of object files... o
checking whether we are using the GNU C compiler... yes
checking whether gcc accepts -g... yes
checking for gcc option to accept ISO C89... none needed
checking dependency style of gcc... none
checking for a sed that does not truncate output... /bin/sed
checking for grep that handles long lines and -e... /bin/grep
checking for egrep... /bin/grep -E
checking for fgrep... /bin/grep -F
checking for ld used by gcc... /usr/bin/ld
checking if the linker (/usr/bin/ld) is GNU ld... yes
checking for BSD- or MS-compatible name lister (nm)... /usr/bin/nm -B
checking the name lister (/usr/bin/nm -B) interface... BSD nm
checking whether ln -s works... yes
checking the maximum length of command line arguments... 1572864
checking whether the shell understands some XSI constructs... yes
checking whether the shell understands "+="... yes
checking for /usr/bin/ld option to reload object files... -r
checking for objdump... objdump
checking how to recognize dependent libraries... pass_all
checking for ar... ar
checking for strip... strip
checking for ranlib... ranlib
checking command to parse /usr/bin/nm -B output from gcc object... ok
checking how to run the C preprocessor... gcc -E
checking for ANSI C header files... yes
checking for sys/types.h... yes
checking for sys/stat.h... yes
checking for stdlib.h... yes
checking for string.h... yes
checking for memory.h... yes
checking for strings.h... yes
checking for inttypes.h... yes
checking for stdint.h... yes
checking for unistd.h... yes
checking for dlfcn.h... yes
checking for objdir... .libs
checking if gcc supports -fno-rtti -fno-exceptions... yes
checking for gcc option to produce PIC... -fPIC -DPIC
checking if gcc PIC flag -fPIC -DPIC works... yes
checking if gcc static flag -static works... yes
checking if gcc supports -c -o file.o... yes
checking if gcc supports -c -o file.o... (cached) yes
checking whether the gcc linker (/usr/bin/ld -m elf_x86_64) supports shared libraries... yes
checking whether -lc should be explicitly linked in... no
checking dynamic linker characteristics... GNU/Linux ld.so
checking how to hardcode library paths into programs... immediate
checking whether stripping libraries is possible... yes
checking if libtool supports shared libraries... yes
checking whether to build shared libraries... yes
checking whether to build static libraries... yes
checking for ranlib... (cached) ranlib
checking for ar... /usr/bin/ar
remembering installation prefix as /usr
checking whether make sets $(MAKE)... (cached) yes
checking for g++... g++
checking whether we are using the GNU C++ compiler... yes
checking whether g++ accepts -g... yes
checking dependency style of g++... none
checking whether we are using the GNU C++ compiler... (cached) yes
checking whether g++ accepts -g... (cached) yes
checking dependency style of g++... (cached) none
checking how to run the C++ preprocessor... g++ -E
checking for ld used by g++... /usr/bin/ld -m elf_x86_64
checking if the linker (/usr/bin/ld -m elf_x86_64) is GNU ld... yes
checking whether the g++ linker (/usr/bin/ld -m elf_x86_64) supports shared libraries... yes
checking for g++ option to produce PIC... -fPIC -DPIC
checking if g++ PIC flag -fPIC -DPIC works... yes
checking if g++ static flag -static works... yes
checking if g++ supports -c -o file.o... yes
checking if g++ supports -c -o file.o... (cached) yes
checking whether the g++ linker (/usr/bin/ld -m elf_x86_64) supports shared libraries... yes
checking dynamic linker characteristics... GNU/Linux ld.so
checking how to hardcode library paths into programs... immediate
checking whether the C++ compiler (g++) is a C++ compiler... yes
checking whether we are using the GNU C++ compiler... (cached) yes
checking whether g++ accepts -g... (cached) yes
checking dependency style of g++... (cached) none
checking for gcc... (cached) gcc
checking whether we are using the GNU C compiler... (cached) yes
checking whether gcc accepts -g... (cached) yes
checking for gcc option to accept ISO C89... (cached) none needed
checking dependency style of gcc... (cached) none
checking how to run the C preprocessor... gcc -E
checking whether ln -s works... yes
checking whether make sets $(MAKE)... (cached) yes
checking for stdbool.h that conforms to C99... yes
checking for _Bool... no
checking for an ANSI C-conforming const... yes
configure: pkgconfig directory is ${libdir}/pkgconfig
configure: creating ./config.status
config.status: creating libecap.pc
config.status: creating Makefile
config.status: creating src/Makefile
config.status: creating src/libecap/Makefile
config.status: creating src/libecap/common/Makefile
config.status: creating src/libecap/adapter/Makefile
config.status: creating src/libecap/host/Makefile
config.status: creating src/libecap/common/ac-autoconf.h
config.status: executing src/libecap/common/autoconf.h commands
config.status: creating src/libecap/common/autoconf.h - prefix LIBECAP for src/libecap/common/ac-autoconf.h defines
config.status: executing depfiles commands
config.status: executing libtool commands
configure: WARNING: unrecognized options: --disable-silent-rules
touch debian/stamp-autotools
/usr/bin/make  -C .  
make[1]: Entering directory '/«PKGBUILDDIR»'
Making all in src
make[2]: Entering directory '/«PKGBUILDDIR»/src'
Making all in libecap
make[3]: Entering directory '/«PKGBUILDDIR»/src/libecap'
Making all in common
make[4]: Entering directory '/«PKGBUILDDIR»/src/libecap/common'
/usr/bin/make  all-am
make[5]: Entering directory '/«PKGBUILDDIR»/src/libecap/common'
/bin/bash ../../../libtool --tag=CXX   --mode=compile g++ -DHAVE_CONFIG_H   -I../../../src -I../../../src -D_FORTIFY_SOURCE=2  -g -O2 -fstack-protector --param=ssp-buffer-size=4 -Wformat -Werror=format-security -Wall -c -o area.lo area.cc
libtool: compile:  g++ -DHAVE_CONFIG_H -I../../../src -I../../../src -D_FORTIFY_SOURCE=2 -g -O2 -fstack-protector --param=ssp-buffer-size=4 -Wformat -Werror=format-security -Wall -c area.cc  -fPIC -DPIC -o .libs/area.o
In file included from area.cc:1:
../../../src/libecap/common/area.h:60:77: error: 'does_not_support_comparisons' is a private member of 'libecap::Area'
template <typename T> bool operator ==(const Area &a, const T &) { return a.does_not_support_comparisons(); }
                                                                            ^
../../../src/libecap/common/area.h:48:8: note: declared private here
                bool does_not_support_comparisons() const; // not implemented
                     ^
../../../src/libecap/common/area.h:61:77: error: 'does_not_support_comparisons' is a private member of 'libecap::Area'
template <typename T> bool operator !=(const Area &a, const T &) { return a.does_not_support_comparisons(); }
                                                                            ^
../../../src/libecap/common/area.h:48:8: note: declared private here
                bool does_not_support_comparisons() const; // not implemented
                     ^
../../../src/libecap/common/area.h:62:77: error: 'does_not_support_comparisons' is a private member of 'libecap::Area'
template <typename T> bool operator ==(const T &, const Area &a) { return a.does_not_support_comparisons(); }
                                                                            ^
../../../src/libecap/common/area.h:48:8: note: declared private here
                bool does_not_support_comparisons() const; // not implemented
                     ^
../../../src/libecap/common/area.h:63:77: error: 'does_not_support_comparisons' is a private member of 'libecap::Area'
template <typename T> bool operator !=(const T &, const Area &a) { return a.does_not_support_comparisons(); }
                                                                            ^
../../../src/libecap/common/area.h:48:8: note: declared private here
                bool does_not_support_comparisons() const; // not implemented
                     ^
4 errors generated.
make[5]: *** [area.lo] Error 1
Makefile:364: recipe for target 'area.lo' failed
make[5]: Leaving directory '/«PKGBUILDDIR»/src/libecap/common'
make[4]: *** [all] Error 2
Makefile:267: recipe for target 'all' failed
make[4]: Leaving directory '/«PKGBUILDDIR»/src/libecap/common'
make[3]: *** [all-recursive] Error 1
Makefile:395: recipe for target 'all-recursive' failed
make[3]: Leaving directory '/«PKGBUILDDIR»/src/libecap'
make[2]: *** [all-recursive] Error 1
Makefile:262: recipe for target 'all-recursive' failed
make[2]: Leaving directory '/«PKGBUILDDIR»/src'
make[1]: *** [all-recursive] Error 1
Makefile:345: recipe for target 'all-recursive' failed
make[1]: Leaving directory '/«PKGBUILDDIR»'
make: *** [debian/stamp-makefile-build] Error 2
dpkg-buildpackage: error: debian/rules build-arch gave error exit status 2
/usr/share/cdbs/1/class/makefile.mk:47: recipe for target 'debian/stamp-makefile-build' failed
────────────────────────────────────────────────────────────────────────────────
Build finished at 20140617-1507

Finished
────────

E: Build failure (dpkg-buildpackage died)

┌──────────────────────────────────────────────────────────────────────────────┐
│ Cleanup                                                                      │
└──────────────────────────────────────────────────────────────────────────────┘

Purging /«BUILDDIR»
Not cleaning session: cloned chroot in use

┌──────────────────────────────────────────────────────────────────────────────┐
│ Summary                                                                      │
└──────────────────────────────────────────────────────────────────────────────┘

Build Architecture: amd64
Build-Space: 2300
Build-Time: 13
Distribution: unstable
Fail-Stage: build
Host Architecture: amd64
Install-Time: 8
Job: libecap_0.2.0-1
Machine Architecture: amd64
Package: libecap
Package-Time: 50
Source-Version: 0.2.0-1
Space: 2300
Status: attempted
Version: 0.2.0-1clang1
────────────────────────────────────────────────────────────────────────────────
Finished at 20140617-1507
Build needed 00:00:50, 2300k disc space
DC-Status: Failed 50.582041574s
DC-Time-Estimation: 50.582041574 versus expected 191 (r/m: 2.7760437114933914 ; m: 50.582041574)
