DC-Build-Header: mgetty 1.1.36-2 / 2014-06-17 13:44:44 +0000
DC-Task: source:mgetty version:1.1.36-2 architecture:any chroot:unstable esttime:459 logfile:/tmp/mgetty_1.1.36-2_unstable_clang.log modes:binary-only:parallel:clang
DC-Sbuild-call: su user -c 'sbuild -n --apt-update -d unstable -v  --chroot-setup-commands=/tmp/switch-to-clang --append-to-version "clang1" --maintainer "Lucas Nussbaum <lucas@debian.org>" --uploader "Lucas Nussbaum <lucas@debian.org>" mgetty_1.1.36-2'
sbuild (Debian sbuild) 0.63.2 (18 Aug 2012) on ip-172-31-5-190.us-west-2.compute.internal

╔══════════════════════════════════════════════════════════════════════════════╗
║ mgetty 1.1.36-2clang1 (amd64)                              17 Jun 2014 13:44 ║
╚══════════════════════════════════════════════════════════════════════════════╝

Package: mgetty
Version: 1.1.36-2clang1
Source Version: 1.1.36-2
Distribution: unstable
Machine Architecture: amd64
Host Architecture: amd64
Build Architecture: amd64

I: NOTICE: Log filtering will replace 'build/mgetty-AwmXs6/mgetty-1.1.36' with '«PKGBUILDDIR»'
I: NOTICE: Log filtering will replace 'build/mgetty-AwmXs6' with '«BUILDDIR»'
I: NOTICE: Log filtering will replace 'var/lib/schroot/mount/unstable-amd64-sbuild-5526ff03-d0ae-4593-8422-5a0ee7f7861e' with '«CHROOT»'

┌──────────────────────────────────────────────────────────────────────────────┐
│ Update chroot                                                                │
└──────────────────────────────────────────────────────────────────────────────┘

Get:1 http://localhost:9999 unstable InRelease [206 kB]
Get:2 http://localhost:9999 unstable/main Sources/DiffIndex [7876 B]
Get:3 http://localhost:9999 unstable/main amd64 Packages/DiffIndex [7876 B]
Get:4 http://localhost:9999 unstable/main Translation-en/DiffIndex [7876 B]
Get:5 http://localhost:9999 unstable/main 2014-06-16-2054.31.pdiff [15.4 kB]
Get:6 http://localhost:9999 unstable/main 2014-06-17-0253.05.pdiff [7983 B]
Get:7 http://localhost:9999 unstable/main 2014-06-17-0856.27.pdiff [7757 B]
Get:8 http://localhost:9999 unstable/main amd64 2014-06-16-2054.31.pdiff [20.7 kB]
Get:9 http://localhost:9999 unstable/main amd64 2014-06-17-0253.05.pdiff [38.6 kB]
Get:10 http://localhost:9999 unstable/main 2014-06-17-0856.27.pdiff [7757 B]
Get:11 http://localhost:9999 unstable/main amd64 2014-06-17-0856.27.pdiff [9018 B]
Get:12 http://localhost:9999 unstable/main 2014-06-16-2054.31.pdiff [699 B]
Get:13 http://localhost:9999 unstable/main 2014-06-17-0856.27.pdiff [442 B]
Get:14 http://localhost:9999 unstable/main amd64 2014-06-17-0856.27.pdiff [9018 B]
Get:15 http://localhost:9999 unstable/main 2014-06-17-0856.27.pdiff [442 B]
Fetched 330 kB in 4s (68.6 kB/s)
Reading package lists...
Reading package lists...
Building dependency tree...
Reading state information...
The following packages will be upgraded:
  libc-bin libc-dev-bin libc6 libc6-dev linux-libc-dev multiarch-support
6 upgraded, 0 newly installed, 0 to remove and 0 not upgraded.
Need to get 9447 kB of archives.
After this operation, 10.2 kB of additional disk space will be used.
Get:1 http://localhost:9999/debian/ unstable/main libc6-dev amd64 2.19-2 [2000 kB]
Get:2 http://localhost:9999/debian/ unstable/main libc-dev-bin amd64 2.19-2 [235 kB]
Get:3 http://localhost:9999/debian/ unstable/main linux-libc-dev amd64 3.14.7-1 [937 kB]
Get:4 http://localhost:9999/debian/ unstable/main libc-bin amd64 2.19-2 [1288 kB]
Get:5 http://localhost:9999/debian/ unstable/main libc6 amd64 2.19-2 [4816 kB]
Get:6 http://localhost:9999/debian/ unstable/main multiarch-support amd64 2.19-2 [171 kB]
debconf: delaying package configuration, since apt-utils is not installed
Fetched 9447 kB in 0s (34.6 MB/s)
(Reading database ... 14215 files and directories currently installed.)
Preparing to unpack .../libc6-dev_2.19-2_amd64.deb ...
Unpacking libc6-dev:amd64 (2.19-2) over (2.19-1) ...
Preparing to unpack .../libc-dev-bin_2.19-2_amd64.deb ...
Unpacking libc-dev-bin (2.19-2) over (2.19-1) ...
Preparing to unpack .../linux-libc-dev_3.14.7-1_amd64.deb ...
Unpacking linux-libc-dev:amd64 (3.14.7-1) over (3.14.5-1) ...
Preparing to unpack .../libc-bin_2.19-2_amd64.deb ...
Unpacking libc-bin (2.19-2) over (2.19-1) ...
Preparing to unpack .../libc6_2.19-2_amd64.deb ...
Unpacking libc6:amd64 (2.19-2) over (2.19-1) ...
Setting up libc6:amd64 (2.19-2) ...
Setting up libc-bin (2.19-2) ...
(Reading database ... 14216 files and directories currently installed.)
Preparing to unpack .../multiarch-support_2.19-2_amd64.deb ...
Unpacking multiarch-support (2.19-2) over (2.19-1) ...
Setting up multiarch-support (2.19-2) ...
Setting up libc-dev-bin (2.19-2) ...
Setting up linux-libc-dev:amd64 (3.14.7-1) ...
Setting up libc6-dev:amd64 (2.19-2) ...

┌──────────────────────────────────────────────────────────────────────────────┐
│ Fetch source files                                                           │
└──────────────────────────────────────────────────────────────────────────────┘


Check APT
─────────

Checking available source versions...

Download source files with APT
──────────────────────────────

Reading package lists...
Building dependency tree...
Reading state information...
Need to get 1111 kB of source archives.
Get:1 http://localhost:9999/debian/ unstable/main mgetty 1.1.36-2 (dsc) [1391 B]
Get:2 http://localhost:9999/debian/ unstable/main mgetty 1.1.36-2 (tar) [1046 kB]
Get:3 http://localhost:9999/debian/ unstable/main mgetty 1.1.36-2 (diff) [63.7 kB]
Fetched 1111 kB in 1s (610 kB/s)
Download complete and in download only mode

Check arch
──────────


┌──────────────────────────────────────────────────────────────────────────────┐
│ Chroot Setup Commands                                                        │
└──────────────────────────────────────────────────────────────────────────────┘


/tmp/switch-to-clang
────────────────────

+ echo 'Entering customization script...'
Entering customization script...
+ echo 'Install of clang-3.4'
Install of clang-3.4
+ apt-get update
Hit http://localhost:9999 unstable InRelease
Hit http://localhost:9999 unstable/main Sources/DiffIndex
Hit http://localhost:9999 unstable/main amd64 Packages/DiffIndex
Hit http://localhost:9999 unstable/main Translation-en/DiffIndex
Reading package lists...
+ apt-get install --yes --no-install-recommends --force-yes clang-3.4
Reading package lists...
Building dependency tree...
Reading state information...
The following extra packages will be installed:
  libclang-common-3.4-dev libclang1-3.4 libffi6 libllvm3.4 libobjc-4.9-dev
  libobjc4
Suggested packages:
  gnustep gnustep-devel
Recommended packages:
  llvm-3.4-dev python
The following NEW packages will be installed:
  clang-3.4 libclang-common-3.4-dev libclang1-3.4 libffi6 libllvm3.4
  libobjc-4.9-dev libobjc4
0 upgraded, 7 newly installed, 0 to remove and 0 not upgraded.
Need to get 30.6 MB of archives.
After this operation, 118 MB of additional disk space will be used.
Get:1 http://localhost:9999/debian/ unstable/main libffi6 amd64 3.1-2 [19.8 kB]
Get:2 http://localhost:9999/debian/ unstable/main libllvm3.4 amd64 1:3.4.2-2 [6721 kB]
Get:3 http://localhost:9999/debian/ unstable/main libobjc4 amd64 4.9.0-6 [112 kB]
Get:4 http://localhost:9999/debian/ unstable/main libobjc-4.9-dev amd64 4.9.0-6 [372 kB]
Get:5 http://localhost:9999/debian/ unstable/main libclang1-3.4 amd64 1:3.4.2-2 [3619 kB]
Get:6 http://localhost:9999/debian/ unstable/main libclang-common-3.4-dev amd64 1:3.4.2-2 [543 kB]
Get:7 http://localhost:9999/debian/ unstable/main clang-3.4 amd64 1:3.4.2-2 [19.2 MB]
debconf: delaying package configuration, since apt-utils is not installed
Fetched 30.6 MB in 0s (35.9 MB/s)
Selecting previously unselected package libffi6:amd64.
(Reading database ... 14216 files and directories currently installed.)
Preparing to unpack .../libffi6_3.1-2_amd64.deb ...
Unpacking libffi6:amd64 (3.1-2) ...
Selecting previously unselected package libllvm3.4:amd64.
Preparing to unpack .../libllvm3.4_1%3a3.4.2-2_amd64.deb ...
Unpacking libllvm3.4:amd64 (1:3.4.2-2) ...
Selecting previously unselected package libobjc4:amd64.
Preparing to unpack .../libobjc4_4.9.0-6_amd64.deb ...
Unpacking libobjc4:amd64 (4.9.0-6) ...
Selecting previously unselected package libobjc-4.9-dev:amd64.
Preparing to unpack .../libobjc-4.9-dev_4.9.0-6_amd64.deb ...
Unpacking libobjc-4.9-dev:amd64 (4.9.0-6) ...
Selecting previously unselected package libclang1-3.4:amd64.
Preparing to unpack .../libclang1-3.4_1%3a3.4.2-2_amd64.deb ...
Unpacking libclang1-3.4:amd64 (1:3.4.2-2) ...
Selecting previously unselected package libclang-common-3.4-dev.
Preparing to unpack .../libclang-common-3.4-dev_1%3a3.4.2-2_amd64.deb ...
Unpacking libclang-common-3.4-dev (1:3.4.2-2) ...
Selecting previously unselected package clang-3.4.
Preparing to unpack .../clang-3.4_1%3a3.4.2-2_amd64.deb ...
Unpacking clang-3.4 (1:3.4.2-2) ...
Setting up libffi6:amd64 (3.1-2) ...
Setting up libllvm3.4:amd64 (1:3.4.2-2) ...
Setting up libobjc4:amd64 (4.9.0-6) ...
Setting up libobjc-4.9-dev:amd64 (4.9.0-6) ...
Setting up libclang1-3.4:amd64 (1:3.4.2-2) ...
Setting up libclang-common-3.4-dev (1:3.4.2-2) ...
Setting up clang-3.4 (1:3.4.2-2) ...
Processing triggers for libc-bin (2.19-2) ...
+ echo 'Replace gcc, g++ & cpp by clang'
Replace gcc, g++ & cpp by clang
+ VERSIONS='4.6 4.7 4.8 4.9'
+ cd /usr/bin
+ for VERSION in '$VERSIONS'
+ rm -f g++-4.6 gcc-4.6 cpp-4.6
+ ln -s clang++ g++-4.6
+ ln -s clang gcc-4.6
+ ln -s clang cpp-4.6
+ echo 'gcc-4.6 hold'
+ dpkg --set-selections
+ echo 'g++-4.6 hold'
+ dpkg --set-selections
+ for VERSION in '$VERSIONS'
+ rm -f g++-4.7 gcc-4.7 cpp-4.7
+ ln -s clang++ g++-4.7
+ ln -s clang gcc-4.7
+ ln -s clang cpp-4.7
+ echo 'gcc-4.7 hold'
+ dpkg --set-selections
+ echo 'g++-4.7 hold'
+ dpkg --set-selections
+ for VERSION in '$VERSIONS'
+ rm -f g++-4.8 gcc-4.8 cpp-4.8
+ ln -s clang++ g++-4.8
+ ln -s clang gcc-4.8
+ ln -s clang cpp-4.8
+ echo 'gcc-4.8 hold'
+ dpkg --set-selections
dpkg: warning: package not in database at line 1: gcc-4.8
dpkg: warning: found unknown packages; this might mean the available database
is outdated, and needs to be updated through a frontend method
+ echo 'g++-4.8 hold'
+ dpkg --set-selections
dpkg: warning: package not in database at line 1: g++-4.8
dpkg: warning: found unknown packages; this might mean the available database
is outdated, and needs to be updated through a frontend method
+ for VERSION in '$VERSIONS'
+ rm -f g++-4.9 gcc-4.9 cpp-4.9
+ ln -s clang++ g++-4.9
+ ln -s clang gcc-4.9
+ ln -s clang cpp-4.9
+ echo 'gcc-4.9 hold'
+ dpkg --set-selections
+ echo 'g++-4.9 hold'
+ dpkg --set-selections
+ cd -
/«BUILDDIR»
+ echo 'Check if gcc, g++ & cpp are actually clang'
Check if gcc, g++ & cpp are actually clang
+ gcc --version
+ grep clang
+ cpp --version
+ grep clang
+ g++ --version
+ grep clang

I: Finished running '/tmp/switch-to-clang'.

Finished processing commands.
────────────────────────────────────────────────────────────────────────────────
Merged Build-Depends: build-essential, fakeroot
Filtered Build-Depends: build-essential, fakeroot
dpkg-deb: building package `sbuild-build-depends-core-dummy' in `/«BUILDDIR»/resolver-z56gff/apt_archive/sbuild-build-depends-core-dummy.deb'.
OK
Reading package lists...

┌──────────────────────────────────────────────────────────────────────────────┐
│ Install core build dependencies (apt-based resolver)                         │
└──────────────────────────────────────────────────────────────────────────────┘

Installing build dependencies
Reading package lists...
Building dependency tree...
Reading state information...
The following NEW packages will be installed:
  sbuild-build-depends-core-dummy
debconf: delaying package configuration, since apt-utils is not installed
0 upgraded, 1 newly installed, 0 to remove and 0 not upgraded.
Need to get 0 B/818 B of archives.
After this operation, 0 B of additional disk space will be used.
Selecting previously unselected package sbuild-build-depends-core-dummy.
(Reading database ... 14431 files and directories currently installed.)
Preparing to unpack .../sbuild-build-depends-core-dummy.deb ...
Unpacking sbuild-build-depends-core-dummy (0.invalid.0) ...
Setting up sbuild-build-depends-core-dummy (0.invalid.0) ...
Merged Build-Depends: base-files, base-passwd, bash, bsdutils, coreutils, dash, debianutils, diffutils, dpkg, e2fsprogs, findutils, grep, gzip, hostname, libc-bin, login, mount, ncurses-base, ncurses-bin, perl-base, sed, sysvinit, sysvinit-utils, tar, util-linux, libc6-dev | libc-dev, gcc (>= 4:4.4.3), g++ (>= 4:4.4.3), make, dpkg-dev (>= 1.13.5), debhelper (>= 7), texi2html, texinfo, texlive, groff, libx11-dev, patch, perl, dpatch, po-debconf
Filtered Build-Depends: base-files, base-passwd, bash, bsdutils, coreutils, dash, debianutils, diffutils, dpkg, e2fsprogs, findutils, grep, gzip, hostname, libc-bin, login, mount, ncurses-base, ncurses-bin, perl-base, sed, sysvinit, sysvinit-utils, tar, util-linux, libc6-dev, gcc (>= 4:4.4.3), g++ (>= 4:4.4.3), make, dpkg-dev (>= 1.13.5), debhelper (>= 7), texi2html, texinfo, texlive, groff, libx11-dev, patch, perl, dpatch, po-debconf
dpkg-deb: building package `sbuild-build-depends-mgetty-dummy' in `/«BUILDDIR»/resolver-5KMaw0/apt_archive/sbuild-build-depends-mgetty-dummy.deb'.
OK
Reading package lists...

┌──────────────────────────────────────────────────────────────────────────────┐
│ Install mgetty build dependencies (apt-based resolver)                       │
└──────────────────────────────────────────────────────────────────────────────┘

Installing build dependencies
Reading package lists...
Building dependency tree...
Reading state information...
The following extra packages will be installed:
  bsdmainutils debhelper dpatch file fontconfig-config fonts-dejavu-core
  gettext gettext-base groff groff-base intltool-debian libasprintf0c2
  libavahi-client3 libavahi-common-data libavahi-common3 libcroco3 libcups2
  libcupsfilters1 libcupsimage2 libdbus-1-3 libexpat1 libfontconfig1
  libfreetype6 libglib2.0-0 libgnutls-deb0-28 libgraphite2-3 libgs9
  libgs9-common libgssapi-krb5-2 libharfbuzz-icu0 libharfbuzz0b libhogweed2
  libice6 libicu52 libidn11 libijs-0.35 libintl-perl libjasper1 libjbig0
  libjbig2dec0 libjpeg8 libk5crypto3 libkeyutils1 libkpathsea6 libkrb5-3
  libkrb5support0 liblcms2-2 libmagic1 libnettle4 libopenjpeg5 libp11-kit0
  libpaper-utils libpaper1 libpipeline1 libpixman-1-0 libpng12-0 libpoppler44
  libpotrace0 libptexenc1 libpthread-stubs0-dev libsm6 libtasn1-6
  libtext-unidecode-perl libtiff5 libunistring0 libx11-6 libx11-data
  libx11-dev libxau-dev libxau6 libxaw7 libxcb1 libxcb1-dev libxdmcp-dev
  libxdmcp6 libxext6 libxi6 libxml-libxml-perl libxml-namespacesupport-perl
  libxml-sax-base-perl libxml-sax-perl libxml2 libxmu6 libxpm4 libxt6
  libzzip-0-13 man-db po-debconf poppler-data tex-common texi2html texinfo
  texlive texlive-base texlive-binaries texlive-fonts-recommended
  texlive-latex-base texlive-latex-recommended x11-common x11proto-core-dev
  x11proto-input-dev x11proto-kb-dev xdg-utils xorg-sgml-doctools xtrans-dev
Suggested packages:
  wamerican wordlist whois vacation dh-make curl gettext-doc cups-common
  gnutls-bin krb5-doc krb5-user libintl-xs-perl libjasper-runtime
  liblcms2-utils libxcb-doc less www-browser libmail-box-perl poppler-utils
  fonts-japanese-mincho fonts-ipafont-mincho fonts-japanese-gothic
  fonts-ipafont-gothic fonts-arphic-ukai fonts-arphic-uming fonts-nanum
  latex2html texlive-generic-recommended texinfo-doc-nonfree gv
  postscript-viewer perl-tk xpdf-reader pdf-viewer gvfs-bin
Recommended packages:
  patchutils autopoint libasprintf-dev libgettextpo-dev ghostscript
  imagemagick netpbm psutils dbus libglib2.0-data shared-mime-info fonts-droid
  krb5-locales libx11-doc libxml-sax-expat-perl xml-core libmail-sendmail-perl
  lmodern python ruby wish tex-gyre tipa texlive-fonts-recommended-doc
  texlive-latex-base-doc texlive-latex-recommended-doc prosper
  libfile-mimeinfo-perl libnet-dbus-perl libx11-protocol-perl x11-utils
  x11-xserver-utils
The following NEW packages will be installed:
  bsdmainutils debhelper dpatch file fontconfig-config fonts-dejavu-core
  gettext gettext-base groff groff-base intltool-debian libasprintf0c2
  libavahi-client3 libavahi-common-data libavahi-common3 libcroco3 libcups2
  libcupsfilters1 libcupsimage2 libdbus-1-3 libexpat1 libfontconfig1
  libfreetype6 libglib2.0-0 libgnutls-deb0-28 libgraphite2-3 libgs9
  libgs9-common libgssapi-krb5-2 libharfbuzz-icu0 libharfbuzz0b libhogweed2
  libice6 libicu52 libidn11 libijs-0.35 libintl-perl libjasper1 libjbig0
  libjbig2dec0 libjpeg8 libk5crypto3 libkeyutils1 libkpathsea6 libkrb5-3
  libkrb5support0 liblcms2-2 libmagic1 libnettle4 libopenjpeg5 libp11-kit0
  libpaper-utils libpaper1 libpipeline1 libpixman-1-0 libpng12-0 libpoppler44
  libpotrace0 libptexenc1 libpthread-stubs0-dev libsm6 libtasn1-6
  libtext-unidecode-perl libtiff5 libunistring0 libx11-6 libx11-data
  libx11-dev libxau-dev libxau6 libxaw7 libxcb1 libxcb1-dev libxdmcp-dev
  libxdmcp6 libxext6 libxi6 libxml-libxml-perl libxml-namespacesupport-perl
  libxml-sax-base-perl libxml-sax-perl libxml2 libxmu6 libxpm4 libxt6
  libzzip-0-13 man-db po-debconf poppler-data
  sbuild-build-depends-mgetty-dummy tex-common texi2html texinfo texlive
  texlive-base texlive-binaries texlive-fonts-recommended texlive-latex-base
  texlive-latex-recommended x11-common x11proto-core-dev x11proto-input-dev
  x11proto-kb-dev xdg-utils xorg-sgml-doctools xtrans-dev
0 upgraded, 106 newly installed, 0 to remove and 0 not upgraded.
Need to get 79.2 MB/79.2 MB of archives.
After this operation, 265 MB of additional disk space will be used.
Get:1 http://localhost:9999/debian/ unstable/main libpipeline1 amd64 1.3.0-1 [25.8 kB]
Get:2 http://localhost:9999/debian/ unstable/main groff-base amd64 1.22.2-5 [1043 kB]
Get:3 http://localhost:9999/debian/ unstable/main bsdmainutils amd64 9.0.5 [211 kB]
Get:4 http://localhost:9999/debian/ unstable/main man-db amd64 2.6.7.1-1 [990 kB]
Get:5 http://localhost:9999/debian/ unstable/main libasprintf0c2 amd64 0.18.3.2-2 [29.4 kB]
Get:6 http://localhost:9999/debian/ unstable/main libnettle4 amd64 2.7.1-2+b1 [172 kB]
Get:7 http://localhost:9999/debian/ unstable/main libhogweed2 amd64 2.7.1-2+b1 [125 kB]
Get:8 http://localhost:9999/debian/ unstable/main libp11-kit0 amd64 0.20.2-5 [81.1 kB]
Get:9 http://localhost:9999/debian/ unstable/main libtasn1-6 amd64 3.6-3 [50.2 kB]
Get:10 http://localhost:9999/debian/ unstable/main libgnutls-deb0-28 amd64 3.2.15-2 [684 kB]
Get:11 http://localhost:9999/debian/ unstable/main libkeyutils1 amd64 1.5.9-4 [11.6 kB]
Get:12 http://localhost:9999/debian/ unstable/main libkrb5support0 amd64 1.12.1+dfsg-3 [56.9 kB]
Get:13 http://localhost:9999/debian/ unstable/main libk5crypto3 amd64 1.12.1+dfsg-3 [111 kB]
Get:14 http://localhost:9999/debian/ unstable/main libkrb5-3 amd64 1.12.1+dfsg-3 [297 kB]
Get:15 http://localhost:9999/debian/ unstable/main libgssapi-krb5-2 amd64 1.12.1+dfsg-3 [147 kB]
Get:16 http://localhost:9999/debian/ unstable/main libidn11 amd64 1.28-2 [158 kB]
Get:17 http://localhost:9999/debian/ unstable/main libmagic1 amd64 1:5.19-1 [237 kB]
Get:18 http://localhost:9999/debian/ unstable/main libxml2 amd64 2.9.1+dfsg1-3 [791 kB]
Get:19 http://localhost:9999/debian/ unstable/main libavahi-common-data amd64 0.6.31-4 [98.3 kB]
Get:20 http://localhost:9999/debian/ unstable/main libavahi-common3 amd64 0.6.31-4 [50.6 kB]
Get:21 http://localhost:9999/debian/ unstable/main libdbus-1-3 amd64 1.8.4-1 [162 kB]
Get:22 http://localhost:9999/debian/ unstable/main libavahi-client3 amd64 0.6.31-4 [53.8 kB]
Get:23 http://localhost:9999/debian/ unstable/main libglib2.0-0 amd64 2.40.0-3 [2405 kB]
Get:24 http://localhost:9999/debian/ unstable/main libcroco3 amd64 0.6.8-2 [133 kB]
Get:25 http://localhost:9999/debian/ unstable/main libcups2 amd64 1.7.3-3 [278 kB]
Get:26 http://localhost:9999/debian/ unstable/main libcupsimage2 amd64 1.7.3-3 [114 kB]
Get:27 http://localhost:9999/debian/ unstable/main libjpeg8 amd64 8d-2 [120 kB]
Get:28 http://localhost:9999/debian/ unstable/main libpng12-0 amd64 1.2.50-1 [189 kB]
Get:29 http://localhost:9999/debian/ unstable/main libjbig0 amd64 2.0-2.1 [29.3 kB]
Get:30 http://localhost:9999/debian/ unstable/main libtiff5 amd64 4.0.3-8 [209 kB]
Get:31 http://localhost:9999/debian/ unstable/main libcupsfilters1 amd64 1.0.54-1 [99.8 kB]
Get:32 http://localhost:9999/debian/ unstable/main libexpat1 amd64 2.1.0-6 [80.6 kB]
Get:33 http://localhost:9999/debian/ unstable/main libfreetype6 amd64 2.5.2-1 [454 kB]
Get:34 http://localhost:9999/debian/ unstable/main fonts-dejavu-core all 2.34-1 [1047 kB]
Get:35 http://localhost:9999/debian/ unstable/main fontconfig-config all 2.11.0-5 [273 kB]
Get:36 http://localhost:9999/debian/ unstable/main libfontconfig1 amd64 2.11.0-5 [327 kB]
Get:37 http://localhost:9999/debian/ unstable/main libgraphite2-3 amd64 1.2.4-3 [57.4 kB]
Get:38 http://localhost:9999/debian/ unstable/main libharfbuzz0b amd64 0.9.28-2 [454 kB]
Get:39 http://localhost:9999/debian/ unstable/main libicu52 amd64 52.1-3 [6751 kB]
Get:40 http://localhost:9999/debian/ unstable/main libharfbuzz-icu0 amd64 0.9.28-2 [332 kB]
Get:41 http://localhost:9999/debian/ unstable/main x11-common all 1:7.7+7 [287 kB]
Get:42 http://localhost:9999/debian/ unstable/main libice6 amd64 2:1.0.8-2 [63.1 kB]
Get:43 http://localhost:9999/debian/ unstable/main libijs-0.35 amd64 0.35-10 [20.0 kB]
Get:44 http://localhost:9999/debian/ unstable/main libjasper1 amd64 1.900.1-debian1-2 [132 kB]
Get:45 http://localhost:9999/debian/ unstable/main liblcms2-2 amd64 2.6-3 [140 kB]
Get:46 http://localhost:9999/debian/ unstable/main libpaper1 amd64 1.1.24+nmu3 [21.4 kB]
Get:47 http://localhost:9999/debian/ unstable/main libpixman-1-0 amd64 0.32.4-1 [496 kB]
Get:48 http://localhost:9999/debian/ unstable/main libopenjpeg5 amd64 1.5.2-2 [109 kB]
Get:49 http://localhost:9999/debian/ unstable/main libpoppler44 amd64 0.24.5-4 [1130 kB]
Get:50 http://localhost:9999/debian/ unstable/main libsm6 amd64 2:1.2.1-2 [34.2 kB]
Get:51 http://localhost:9999/debian/ unstable/main libunistring0 amd64 0.9.3-5 [434 kB]
Get:52 http://localhost:9999/debian/ unstable/main libxau6 amd64 1:1.0.8-1 [20.7 kB]
Get:53 http://localhost:9999/debian/ unstable/main libxdmcp6 amd64 1:1.1.1-1 [26.3 kB]
Get:54 http://localhost:9999/debian/ unstable/main libxcb1 amd64 1.10-3 [42.6 kB]
Get:55 http://localhost:9999/debian/ unstable/main libx11-data all 2:1.6.2-2 [126 kB]
Get:56 http://localhost:9999/debian/ unstable/main libx11-6 amd64 2:1.6.2-2 [718 kB]
Get:57 http://localhost:9999/debian/ unstable/main libxext6 amd64 2:1.3.2-1 [56.5 kB]
Get:58 http://localhost:9999/debian/ unstable/main libxt6 amd64 1:1.1.4-1 [180 kB]
Get:59 http://localhost:9999/debian/ unstable/main libxmu6 amd64 2:1.1.2-1 [58.6 kB]
Get:60 http://localhost:9999/debian/ unstable/main libxpm4 amd64 1:3.5.10-1 [49.4 kB]
Get:61 http://localhost:9999/debian/ unstable/main libxaw7 amd64 2:1.0.12-1 [192 kB]
Get:62 http://localhost:9999/debian/ unstable/main libxi6 amd64 2:1.7.2-1 [77.0 kB]
Get:63 http://localhost:9999/debian/ unstable/main libzzip-0-13 amd64 0.13.62-2 [55.2 kB]
Get:64 http://localhost:9999/debian/ unstable/main poppler-data all 0.4.6-5 [1489 kB]
Get:65 http://localhost:9999/debian/ unstable/main file amd64 1:5.19-1 [58.0 kB]
Get:66 http://localhost:9999/debian/ unstable/main gettext-base amd64 0.18.3.2-2 [116 kB]
Get:67 http://localhost:9999/debian/ unstable/main libtext-unidecode-perl all 0.04-2 [115 kB]
Get:68 http://localhost:9999/debian/ unstable/main libintl-perl all 1.23-1 [1209 kB]
Get:69 http://localhost:9999/debian/ unstable/main libxml-namespacesupport-perl all 1.11-1 [14.8 kB]
Get:70 http://localhost:9999/debian/ unstable/main libxml-sax-base-perl all 1.07-1 [23.1 kB]
Get:71 http://localhost:9999/debian/ unstable/main libxml-sax-perl all 0.99+dfsg-2 [68.3 kB]
Get:72 http://localhost:9999/debian/ unstable/main libxml-libxml-perl amd64 2.0116+dfsg-1 [362 kB]
Get:73 http://localhost:9999/debian/ unstable/main texinfo amd64 5.2.0.dfsg.1-4 [957 kB]
Get:74 http://localhost:9999/debian/ unstable/main gettext amd64 0.18.3.2-2 [1202 kB]
Get:75 http://localhost:9999/debian/ unstable/main intltool-debian all 0.35.0+20060710.1 [30.8 kB]
Get:76 http://localhost:9999/debian/ unstable/main po-debconf all 1.0.16+nmu2 [224 kB]
Get:77 http://localhost:9999/debian/ unstable/main debhelper all 9.20140613 [692 kB]
Get:78 http://localhost:9999/debian/ unstable/main dpatch all 2.0.35 [95.2 kB]
Get:79 http://localhost:9999/debian/ unstable/main groff amd64 1.22.2-5 [3180 kB]
Get:80 http://localhost:9999/debian/ unstable/main libjbig2dec0 amd64 0.11+20120125-1 [51.8 kB]
Get:81 http://localhost:9999/debian/ unstable/main libgs9-common all 9.05~dfsg-8.1 [1981 kB]
Get:82 http://localhost:9999/debian/ unstable/main libgs9 amd64 9.05~dfsg-8.1 [1852 kB]
Get:83 http://localhost:9999/debian/ unstable/main libkpathsea6 amd64 2014.20140528.34243-2 [151 kB]
Get:84 http://localhost:9999/debian/ unstable/main libpaper-utils amd64 1.1.24+nmu3 [17.1 kB]
Get:85 http://localhost:9999/debian/ unstable/main libpotrace0 amd64 1.11-2 [24.4 kB]
Get:86 http://localhost:9999/debian/ unstable/main libptexenc1 amd64 2014.20140528.34243-2 [53.1 kB]
Get:87 http://localhost:9999/debian/ unstable/main libpthread-stubs0-dev amd64 0.3-4 [3866 B]
Get:88 http://localhost:9999/debian/ unstable/main xorg-sgml-doctools all 1:1.11-1 [21.9 kB]
Get:89 http://localhost:9999/debian/ unstable/main x11proto-core-dev all 7.0.26-1 [729 kB]
Get:90 http://localhost:9999/debian/ unstable/main libxau-dev amd64 1:1.0.8-1 [23.6 kB]
Get:91 http://localhost:9999/debian/ unstable/main libxdmcp-dev amd64 1:1.1.1-1 [42.3 kB]
Get:92 http://localhost:9999/debian/ unstable/main x11proto-input-dev all 2.3-1 [177 kB]
Get:93 http://localhost:9999/debian/ unstable/main x11proto-kb-dev all 1.0.6-2 [269 kB]
Get:94 http://localhost:9999/debian/ unstable/main xtrans-dev all 1.3.4-1 [99.3 kB]
Get:95 http://localhost:9999/debian/ unstable/main libxcb1-dev amd64 1.10-3 [81.8 kB]
Get:96 http://localhost:9999/debian/ unstable/main libx11-dev amd64 2:1.6.2-2 [782 kB]
Get:97 http://localhost:9999/debian/ unstable/main tex-common all 5.02 [625 kB]
Get:98 http://localhost:9999/debian/ unstable/main texi2html all 1.82+dfsg1-3 [449 kB]
Get:99 http://localhost:9999/debian/ unstable/main texlive-binaries amd64 2014.20140528.34243-2 [6702 kB]
Get:100 http://localhost:9999/debian/ unstable/main xdg-utils all 1.1.0~rc1+git20111210-7.1 [64.6 kB]
Get:101 http://localhost:9999/debian/ unstable/main texlive-base all 2014.20140528-3 [17.6 MB]
Get:102 http://localhost:9999/debian/ unstable/main texlive-latex-base all 2014.20140528-3 [858 kB]
Get:103 http://localhost:9999/debian/ unstable/main texlive-latex-recommended all 2014.20140528-3 [7547 kB]
Get:104 http://localhost:9999/debian/ unstable/main texlive-fonts-recommended all 2014.20140528-3 [5710 kB]
Get:105 http://localhost:9999/debian/ unstable/main texlive all 2014.20140528-3 [28.5 kB]
debconf: delaying package configuration, since apt-utils is not installed
Fetched 79.2 MB in 2s (30.7 MB/s)
Selecting previously unselected package libpipeline1:amd64.
(Reading database ... 14431 files and directories currently installed.)
Preparing to unpack .../libpipeline1_1.3.0-1_amd64.deb ...
Unpacking libpipeline1:amd64 (1.3.0-1) ...
Selecting previously unselected package groff-base.
Preparing to unpack .../groff-base_1.22.2-5_amd64.deb ...
Unpacking groff-base (1.22.2-5) ...
Selecting previously unselected package bsdmainutils.
Preparing to unpack .../bsdmainutils_9.0.5_amd64.deb ...
Unpacking bsdmainutils (9.0.5) ...
Selecting previously unselected package man-db.
Preparing to unpack .../man-db_2.6.7.1-1_amd64.deb ...
Unpacking man-db (2.6.7.1-1) ...
Selecting previously unselected package libasprintf0c2:amd64.
Preparing to unpack .../libasprintf0c2_0.18.3.2-2_amd64.deb ...
Unpacking libasprintf0c2:amd64 (0.18.3.2-2) ...
Selecting previously unselected package libnettle4:amd64.
Preparing to unpack .../libnettle4_2.7.1-2+b1_amd64.deb ...
Unpacking libnettle4:amd64 (2.7.1-2+b1) ...
Selecting previously unselected package libhogweed2:amd64.
Preparing to unpack .../libhogweed2_2.7.1-2+b1_amd64.deb ...
Unpacking libhogweed2:amd64 (2.7.1-2+b1) ...
Selecting previously unselected package libp11-kit0:amd64.
Preparing to unpack .../libp11-kit0_0.20.2-5_amd64.deb ...
Unpacking libp11-kit0:amd64 (0.20.2-5) ...
Selecting previously unselected package libtasn1-6:amd64.
Preparing to unpack .../libtasn1-6_3.6-3_amd64.deb ...
Unpacking libtasn1-6:amd64 (3.6-3) ...
Selecting previously unselected package libgnutls-deb0-28:amd64.
Preparing to unpack .../libgnutls-deb0-28_3.2.15-2_amd64.deb ...
Unpacking libgnutls-deb0-28:amd64 (3.2.15-2) ...
Selecting previously unselected package libkeyutils1:amd64.
Preparing to unpack .../libkeyutils1_1.5.9-4_amd64.deb ...
Unpacking libkeyutils1:amd64 (1.5.9-4) ...
Selecting previously unselected package libkrb5support0:amd64.
Preparing to unpack .../libkrb5support0_1.12.1+dfsg-3_amd64.deb ...
Unpacking libkrb5support0:amd64 (1.12.1+dfsg-3) ...
Selecting previously unselected package libk5crypto3:amd64.
Preparing to unpack .../libk5crypto3_1.12.1+dfsg-3_amd64.deb ...
Unpacking libk5crypto3:amd64 (1.12.1+dfsg-3) ...
Selecting previously unselected package libkrb5-3:amd64.
Preparing to unpack .../libkrb5-3_1.12.1+dfsg-3_amd64.deb ...
Unpacking libkrb5-3:amd64 (1.12.1+dfsg-3) ...
Selecting previously unselected package libgssapi-krb5-2:amd64.
Preparing to unpack .../libgssapi-krb5-2_1.12.1+dfsg-3_amd64.deb ...
Unpacking libgssapi-krb5-2:amd64 (1.12.1+dfsg-3) ...
Selecting previously unselected package libidn11:amd64.
Preparing to unpack .../libidn11_1.28-2_amd64.deb ...
Unpacking libidn11:amd64 (1.28-2) ...
Selecting previously unselected package libmagic1:amd64.
Preparing to unpack .../libmagic1_1%3a5.19-1_amd64.deb ...
Unpacking libmagic1:amd64 (1:5.19-1) ...
Selecting previously unselected package libxml2:amd64.
Preparing to unpack .../libxml2_2.9.1+dfsg1-3_amd64.deb ...
Unpacking libxml2:amd64 (2.9.1+dfsg1-3) ...
Selecting previously unselected package libavahi-common-data:amd64.
Preparing to unpack .../libavahi-common-data_0.6.31-4_amd64.deb ...
Unpacking libavahi-common-data:amd64 (0.6.31-4) ...
Selecting previously unselected package libavahi-common3:amd64.
Preparing to unpack .../libavahi-common3_0.6.31-4_amd64.deb ...
Unpacking libavahi-common3:amd64 (0.6.31-4) ...
Selecting previously unselected package libdbus-1-3:amd64.
Preparing to unpack .../libdbus-1-3_1.8.4-1_amd64.deb ...
Unpacking libdbus-1-3:amd64 (1.8.4-1) ...
Selecting previously unselected package libavahi-client3:amd64.
Preparing to unpack .../libavahi-client3_0.6.31-4_amd64.deb ...
Unpacking libavahi-client3:amd64 (0.6.31-4) ...
Selecting previously unselected package libglib2.0-0:amd64.
Preparing to unpack .../libglib2.0-0_2.40.0-3_amd64.deb ...
Unpacking libglib2.0-0:amd64 (2.40.0-3) ...
Selecting previously unselected package libcroco3:amd64.
Preparing to unpack .../libcroco3_0.6.8-2_amd64.deb ...
Unpacking libcroco3:amd64 (0.6.8-2) ...
Selecting previously unselected package libcups2:amd64.
Preparing to unpack .../libcups2_1.7.3-3_amd64.deb ...
Unpacking libcups2:amd64 (1.7.3-3) ...
Selecting previously unselected package libcupsimage2:amd64.
Preparing to unpack .../libcupsimage2_1.7.3-3_amd64.deb ...
Unpacking libcupsimage2:amd64 (1.7.3-3) ...
Selecting previously unselected package libjpeg8:amd64.
Preparing to unpack .../libjpeg8_8d-2_amd64.deb ...
Unpacking libjpeg8:amd64 (8d-2) ...
Selecting previously unselected package libpng12-0:amd64.
Preparing to unpack .../libpng12-0_1.2.50-1_amd64.deb ...
Unpacking libpng12-0:amd64 (1.2.50-1) ...
Selecting previously unselected package libjbig0:amd64.
Preparing to unpack .../libjbig0_2.0-2.1_amd64.deb ...
Unpacking libjbig0:amd64 (2.0-2.1) ...
Selecting previously unselected package libtiff5:amd64.
Preparing to unpack .../libtiff5_4.0.3-8_amd64.deb ...
Unpacking libtiff5:amd64 (4.0.3-8) ...
Selecting previously unselected package libcupsfilters1:amd64.
Preparing to unpack .../libcupsfilters1_1.0.54-1_amd64.deb ...
Unpacking libcupsfilters1:amd64 (1.0.54-1) ...
Selecting previously unselected package libexpat1:amd64.
Preparing to unpack .../libexpat1_2.1.0-6_amd64.deb ...
Unpacking libexpat1:amd64 (2.1.0-6) ...
Selecting previously unselected package libfreetype6:amd64.
Preparing to unpack .../libfreetype6_2.5.2-1_amd64.deb ...
Unpacking libfreetype6:amd64 (2.5.2-1) ...
Selecting previously unselected package fonts-dejavu-core.
Preparing to unpack .../fonts-dejavu-core_2.34-1_all.deb ...
Unpacking fonts-dejavu-core (2.34-1) ...
Selecting previously unselected package fontconfig-config.
Preparing to unpack .../fontconfig-config_2.11.0-5_all.deb ...
Unpacking fontconfig-config (2.11.0-5) ...
Selecting previously unselected package libfontconfig1:amd64.
Preparing to unpack .../libfontconfig1_2.11.0-5_amd64.deb ...
Unpacking libfontconfig1:amd64 (2.11.0-5) ...
Selecting previously unselected package libgraphite2-3:amd64.
Preparing to unpack .../libgraphite2-3_1.2.4-3_amd64.deb ...
Unpacking libgraphite2-3:amd64 (1.2.4-3) ...
Selecting previously unselected package libharfbuzz0b:amd64.
Preparing to unpack .../libharfbuzz0b_0.9.28-2_amd64.deb ...
Unpacking libharfbuzz0b:amd64 (0.9.28-2) ...
Selecting previously unselected package libicu52:amd64.
Preparing to unpack .../libicu52_52.1-3_amd64.deb ...
Unpacking libicu52:amd64 (52.1-3) ...
Selecting previously unselected package libharfbuzz-icu0:amd64.
Preparing to unpack .../libharfbuzz-icu0_0.9.28-2_amd64.deb ...
Unpacking libharfbuzz-icu0:amd64 (0.9.28-2) ...
Selecting previously unselected package x11-common.
Preparing to unpack .../x11-common_1%3a7.7+7_all.deb ...
Unpacking x11-common (1:7.7+7) ...
Selecting previously unselected package libice6:amd64.
Preparing to unpack .../libice6_2%3a1.0.8-2_amd64.deb ...
Unpacking libice6:amd64 (2:1.0.8-2) ...
Selecting previously unselected package libijs-0.35:amd64.
Preparing to unpack .../libijs-0.35_0.35-10_amd64.deb ...
Unpacking libijs-0.35:amd64 (0.35-10) ...
Selecting previously unselected package libjasper1:amd64.
Preparing to unpack .../libjasper1_1.900.1-debian1-2_amd64.deb ...
Unpacking libjasper1:amd64 (1.900.1-debian1-2) ...
Selecting previously unselected package liblcms2-2:amd64.
Preparing to unpack .../liblcms2-2_2.6-3_amd64.deb ...
Unpacking liblcms2-2:amd64 (2.6-3) ...
Selecting previously unselected package libpaper1:amd64.
Preparing to unpack .../libpaper1_1.1.24+nmu3_amd64.deb ...
Unpacking libpaper1:amd64 (1.1.24+nmu3) ...
Selecting previously unselected package libpixman-1-0:amd64.
Preparing to unpack .../libpixman-1-0_0.32.4-1_amd64.deb ...
Unpacking libpixman-1-0:amd64 (0.32.4-1) ...
Selecting previously unselected package libopenjpeg5:amd64.
Preparing to unpack .../libopenjpeg5_1.5.2-2_amd64.deb ...
Unpacking libopenjpeg5:amd64 (1.5.2-2) ...
Selecting previously unselected package libpoppler44:amd64.
Preparing to unpack .../libpoppler44_0.24.5-4_amd64.deb ...
Unpacking libpoppler44:amd64 (0.24.5-4) ...
Selecting previously unselected package libsm6:amd64.
Preparing to unpack .../libsm6_2%3a1.2.1-2_amd64.deb ...
Unpacking libsm6:amd64 (2:1.2.1-2) ...
Selecting previously unselected package libunistring0:amd64.
Preparing to unpack .../libunistring0_0.9.3-5_amd64.deb ...
Unpacking libunistring0:amd64 (0.9.3-5) ...
Selecting previously unselected package libxau6:amd64.
Preparing to unpack .../libxau6_1%3a1.0.8-1_amd64.deb ...
Unpacking libxau6:amd64 (1:1.0.8-1) ...
Selecting previously unselected package libxdmcp6:amd64.
Preparing to unpack .../libxdmcp6_1%3a1.1.1-1_amd64.deb ...
Unpacking libxdmcp6:amd64 (1:1.1.1-1) ...
Selecting previously unselected package libxcb1:amd64.
Preparing to unpack .../libxcb1_1.10-3_amd64.deb ...
Unpacking libxcb1:amd64 (1.10-3) ...
Selecting previously unselected package libx11-data.
Preparing to unpack .../libx11-data_2%3a1.6.2-2_all.deb ...
Unpacking libx11-data (2:1.6.2-2) ...
Selecting previously unselected package libx11-6:amd64.
Preparing to unpack .../libx11-6_2%3a1.6.2-2_amd64.deb ...
Unpacking libx11-6:amd64 (2:1.6.2-2) ...
Selecting previously unselected package libxext6:amd64.
Preparing to unpack .../libxext6_2%3a1.3.2-1_amd64.deb ...
Unpacking libxext6:amd64 (2:1.3.2-1) ...
Selecting previously unselected package libxt6:amd64.
Preparing to unpack .../libxt6_1%3a1.1.4-1_amd64.deb ...
Unpacking libxt6:amd64 (1:1.1.4-1) ...
Selecting previously unselected package libxmu6:amd64.
Preparing to unpack .../libxmu6_2%3a1.1.2-1_amd64.deb ...
Unpacking libxmu6:amd64 (2:1.1.2-1) ...
Selecting previously unselected package libxpm4:amd64.
Preparing to unpack .../libxpm4_1%3a3.5.10-1_amd64.deb ...
Unpacking libxpm4:amd64 (1:3.5.10-1) ...
Selecting previously unselected package libxaw7:amd64.
Preparing to unpack .../libxaw7_2%3a1.0.12-1_amd64.deb ...
Unpacking libxaw7:amd64 (2:1.0.12-1) ...
Selecting previously unselected package libxi6:amd64.
Preparing to unpack .../libxi6_2%3a1.7.2-1_amd64.deb ...
Unpacking libxi6:amd64 (2:1.7.2-1) ...
Selecting previously unselected package libzzip-0-13:amd64.
Preparing to unpack .../libzzip-0-13_0.13.62-2_amd64.deb ...
Unpacking libzzip-0-13:amd64 (0.13.62-2) ...
Selecting previously unselected package poppler-data.
Preparing to unpack .../poppler-data_0.4.6-5_all.deb ...
Unpacking poppler-data (0.4.6-5) ...
Selecting previously unselected package file.
Preparing to unpack .../file_1%3a5.19-1_amd64.deb ...
Unpacking file (1:5.19-1) ...
Selecting previously unselected package gettext-base.
Preparing to unpack .../gettext-base_0.18.3.2-2_amd64.deb ...
Unpacking gettext-base (0.18.3.2-2) ...
Selecting previously unselected package libtext-unidecode-perl.
Preparing to unpack .../libtext-unidecode-perl_0.04-2_all.deb ...
Unpacking libtext-unidecode-perl (0.04-2) ...
Selecting previously unselected package libintl-perl.
Preparing to unpack .../libintl-perl_1.23-1_all.deb ...
Unpacking libintl-perl (1.23-1) ...
Selecting previously unselected package libxml-namespacesupport-perl.
Preparing to unpack .../libxml-namespacesupport-perl_1.11-1_all.deb ...
Unpacking libxml-namespacesupport-perl (1.11-1) ...
Selecting previously unselected package libxml-sax-base-perl.
Preparing to unpack .../libxml-sax-base-perl_1.07-1_all.deb ...
Unpacking libxml-sax-base-perl (1.07-1) ...
Selecting previously unselected package libxml-sax-perl.
Preparing to unpack .../libxml-sax-perl_0.99+dfsg-2_all.deb ...
Unpacking libxml-sax-perl (0.99+dfsg-2) ...
Selecting previously unselected package libxml-libxml-perl.
Preparing to unpack .../libxml-libxml-perl_2.0116+dfsg-1_amd64.deb ...
Unpacking libxml-libxml-perl (2.0116+dfsg-1) ...
Selecting previously unselected package texinfo.
Preparing to unpack .../texinfo_5.2.0.dfsg.1-4_amd64.deb ...
Unpacking texinfo (5.2.0.dfsg.1-4) ...
Selecting previously unselected package gettext.
Preparing to unpack .../gettext_0.18.3.2-2_amd64.deb ...
Unpacking gettext (0.18.3.2-2) ...
Selecting previously unselected package intltool-debian.
Preparing to unpack .../intltool-debian_0.35.0+20060710.1_all.deb ...
Unpacking intltool-debian (0.35.0+20060710.1) ...
Selecting previously unselected package po-debconf.
Preparing to unpack .../po-debconf_1.0.16+nmu2_all.deb ...
Unpacking po-debconf (1.0.16+nmu2) ...
Selecting previously unselected package debhelper.
Preparing to unpack .../debhelper_9.20140613_all.deb ...
Unpacking debhelper (9.20140613) ...
Selecting previously unselected package dpatch.
Preparing to unpack .../archives/dpatch_2.0.35_all.deb ...
Unpacking dpatch (2.0.35) ...
Selecting previously unselected package groff.
Preparing to unpack .../groff_1.22.2-5_amd64.deb ...
Unpacking groff (1.22.2-5) ...
Selecting previously unselected package libjbig2dec0.
Preparing to unpack .../libjbig2dec0_0.11+20120125-1_amd64.deb ...
Unpacking libjbig2dec0 (0.11+20120125-1) ...
Selecting previously unselected package libgs9-common.
Preparing to unpack .../libgs9-common_9.05~dfsg-8.1_all.deb ...
Unpacking libgs9-common (9.05~dfsg-8.1) ...
Selecting previously unselected package libgs9.
Preparing to unpack .../libgs9_9.05~dfsg-8.1_amd64.deb ...
Unpacking libgs9 (9.05~dfsg-8.1) ...
Selecting previously unselected package libkpathsea6.
Preparing to unpack .../libkpathsea6_2014.20140528.34243-2_amd64.deb ...
Unpacking libkpathsea6 (2014.20140528.34243-2) ...
Selecting previously unselected package libpaper-utils.
Preparing to unpack .../libpaper-utils_1.1.24+nmu3_amd64.deb ...
Unpacking libpaper-utils (1.1.24+nmu3) ...
Selecting previously unselected package libpotrace0.
Preparing to unpack .../libpotrace0_1.11-2_amd64.deb ...
Unpacking libpotrace0 (1.11-2) ...
Selecting previously unselected package libptexenc1.
Preparing to unpack .../libptexenc1_2014.20140528.34243-2_amd64.deb ...
Unpacking libptexenc1 (2014.20140528.34243-2) ...
Selecting previously unselected package libpthread-stubs0-dev:amd64.
Preparing to unpack .../libpthread-stubs0-dev_0.3-4_amd64.deb ...
Unpacking libpthread-stubs0-dev:amd64 (0.3-4) ...
Selecting previously unselected package xorg-sgml-doctools.
Preparing to unpack .../xorg-sgml-doctools_1%3a1.11-1_all.deb ...
Unpacking xorg-sgml-doctools (1:1.11-1) ...
Selecting previously unselected package x11proto-core-dev.
Preparing to unpack .../x11proto-core-dev_7.0.26-1_all.deb ...
Unpacking x11proto-core-dev (7.0.26-1) ...
Selecting previously unselected package libxau-dev:amd64.
Preparing to unpack .../libxau-dev_1%3a1.0.8-1_amd64.deb ...
Unpacking libxau-dev:amd64 (1:1.0.8-1) ...
Selecting previously unselected package libxdmcp-dev:amd64.
Preparing to unpack .../libxdmcp-dev_1%3a1.1.1-1_amd64.deb ...
Unpacking libxdmcp-dev:amd64 (1:1.1.1-1) ...
Selecting previously unselected package x11proto-input-dev.
Preparing to unpack .../x11proto-input-dev_2.3-1_all.deb ...
Unpacking x11proto-input-dev (2.3-1) ...
Selecting previously unselected package x11proto-kb-dev.
Preparing to unpack .../x11proto-kb-dev_1.0.6-2_all.deb ...
Unpacking x11proto-kb-dev (1.0.6-2) ...
Selecting previously unselected package xtrans-dev.
Preparing to unpack .../xtrans-dev_1.3.4-1_all.deb ...
Unpacking xtrans-dev (1.3.4-1) ...
Selecting previously unselected package libxcb1-dev:amd64.
Preparing to unpack .../libxcb1-dev_1.10-3_amd64.deb ...
Unpacking libxcb1-dev:amd64 (1.10-3) ...
Selecting previously unselected package libx11-dev:amd64.
Preparing to unpack .../libx11-dev_2%3a1.6.2-2_amd64.deb ...
Unpacking libx11-dev:amd64 (2:1.6.2-2) ...
Selecting previously unselected package tex-common.
Preparing to unpack .../tex-common_5.02_all.deb ...
Unpacking tex-common (5.02) ...
Selecting previously unselected package texi2html.
Preparing to unpack .../texi2html_1.82+dfsg1-3_all.deb ...
Unpacking texi2html (1.82+dfsg1-3) ...
Selecting previously unselected package texlive-binaries.
Preparing to unpack .../texlive-binaries_2014.20140528.34243-2_amd64.deb ...
Unpacking texlive-binaries (2014.20140528.34243-2) ...
Selecting previously unselected package xdg-utils.
Preparing to unpack .../xdg-utils_1.1.0~rc1+git20111210-7.1_all.deb ...
Unpacking xdg-utils (1.1.0~rc1+git20111210-7.1) ...
Selecting previously unselected package texlive-base.
Preparing to unpack .../texlive-base_2014.20140528-3_all.deb ...
Unpacking texlive-base (2014.20140528-3) ...
Selecting previously unselected package texlive-latex-base.
Preparing to unpack .../texlive-latex-base_2014.20140528-3_all.deb ...
Unpacking texlive-latex-base (2014.20140528-3) ...
Selecting previously unselected package texlive-latex-recommended.
Preparing to unpack .../texlive-latex-recommended_2014.20140528-3_all.deb ...
Unpacking texlive-latex-recommended (2014.20140528-3) ...
Selecting previously unselected package texlive-fonts-recommended.
Preparing to unpack .../texlive-fonts-recommended_2014.20140528-3_all.deb ...
Unpacking texlive-fonts-recommended (2014.20140528-3) ...
Selecting previously unselected package texlive.
Preparing to unpack .../texlive_2014.20140528-3_all.deb ...
Unpacking texlive (2014.20140528-3) ...
Selecting previously unselected package sbuild-build-depends-mgetty-dummy.
Preparing to unpack .../sbuild-build-depends-mgetty-dummy.deb ...
Unpacking sbuild-build-depends-mgetty-dummy (0.invalid.0) ...
Setting up libpipeline1:amd64 (1.3.0-1) ...
Setting up groff-base (1.22.2-5) ...
Setting up bsdmainutils (9.0.5) ...
update-alternatives: using /usr/bin/bsd-write to provide /usr/bin/write (write) in auto mode
update-alternatives: using /usr/bin/bsd-from to provide /usr/bin/from (from) in auto mode
Setting up man-db (2.6.7.1-1) ...
Not building database; man-db/auto-update is not 'true'.
Setting up libasprintf0c2:amd64 (0.18.3.2-2) ...
Setting up libnettle4:amd64 (2.7.1-2+b1) ...
Setting up libhogweed2:amd64 (2.7.1-2+b1) ...
Setting up libp11-kit0:amd64 (0.20.2-5) ...
Setting up libtasn1-6:amd64 (3.6-3) ...
Setting up libgnutls-deb0-28:amd64 (3.2.15-2) ...
Setting up libkeyutils1:amd64 (1.5.9-4) ...
Setting up libkrb5support0:amd64 (1.12.1+dfsg-3) ...
Setting up libk5crypto3:amd64 (1.12.1+dfsg-3) ...
Setting up libkrb5-3:amd64 (1.12.1+dfsg-3) ...
Setting up libgssapi-krb5-2:amd64 (1.12.1+dfsg-3) ...
Setting up libidn11:amd64 (1.28-2) ...
Setting up libmagic1:amd64 (1:5.19-1) ...
Setting up libxml2:amd64 (2.9.1+dfsg1-3) ...
Setting up libavahi-common-data:amd64 (0.6.31-4) ...
Setting up libavahi-common3:amd64 (0.6.31-4) ...
Setting up libdbus-1-3:amd64 (1.8.4-1) ...
Setting up libavahi-client3:amd64 (0.6.31-4) ...
Setting up libglib2.0-0:amd64 (2.40.0-3) ...
No schema files found: doing nothing.
Setting up libcroco3:amd64 (0.6.8-2) ...
Setting up libcups2:amd64 (1.7.3-3) ...
Setting up libjpeg8:amd64 (8d-2) ...
Setting up libpng12-0:amd64 (1.2.50-1) ...
Setting up libjbig0:amd64 (2.0-2.1) ...
Setting up libtiff5:amd64 (4.0.3-8) ...
Setting up libexpat1:amd64 (2.1.0-6) ...
Setting up libfreetype6:amd64 (2.5.2-1) ...
Setting up fonts-dejavu-core (2.34-1) ...
Setting up fontconfig-config (2.11.0-5) ...
Setting up libfontconfig1:amd64 (2.11.0-5) ...
Setting up libgraphite2-3:amd64 (1.2.4-3) ...
Setting up libharfbuzz0b:amd64 (0.9.28-2) ...
Setting up libicu52:amd64 (52.1-3) ...
Setting up libharfbuzz-icu0:amd64 (0.9.28-2) ...
Setting up x11-common (1:7.7+7) ...
update-rc.d: warning: start and stop actions are no longer supported; falling back to defaults
All runlevel operations denied by policy
invoke-rc.d: policy-rc.d denied execution of start.
Setting up libice6:amd64 (2:1.0.8-2) ...
Setting up libijs-0.35:amd64 (0.35-10) ...
Setting up libjasper1:amd64 (1.900.1-debian1-2) ...
Setting up liblcms2-2:amd64 (2.6-3) ...
Setting up libpaper1:amd64 (1.1.24+nmu3) ...

Creating config file /etc/papersize with new version
Setting up libpixman-1-0:amd64 (0.32.4-1) ...
Setting up libopenjpeg5:amd64 (1.5.2-2) ...
Setting up libpoppler44:amd64 (0.24.5-4) ...
Setting up libsm6:amd64 (2:1.2.1-2) ...
Setting up libunistring0:amd64 (0.9.3-5) ...
Setting up libxau6:amd64 (1:1.0.8-1) ...
Setting up libxdmcp6:amd64 (1:1.1.1-1) ...
Setting up libxcb1:amd64 (1.10-3) ...
Setting up libx11-data (2:1.6.2-2) ...
Setting up libx11-6:amd64 (2:1.6.2-2) ...
Setting up libxext6:amd64 (2:1.3.2-1) ...
Setting up libxt6:amd64 (1:1.1.4-1) ...
Setting up libxmu6:amd64 (2:1.1.2-1) ...
Setting up libxpm4:amd64 (1:3.5.10-1) ...
Setting up libxaw7:amd64 (2:1.0.12-1) ...
Setting up libxi6:amd64 (2:1.7.2-1) ...
Setting up libzzip-0-13:amd64 (0.13.62-2) ...
Setting up poppler-data (0.4.6-5) ...
Setting up file (1:5.19-1) ...
Setting up gettext-base (0.18.3.2-2) ...
Setting up libtext-unidecode-perl (0.04-2) ...
Setting up libintl-perl (1.23-1) ...
Setting up libxml-namespacesupport-perl (1.11-1) ...
Setting up libxml-sax-base-perl (1.07-1) ...
Setting up libxml-sax-perl (0.99+dfsg-2) ...
update-perl-sax-parsers: Registering Perl SAX parser XML::SAX::PurePerl with priority 10...
update-perl-sax-parsers: Updating overall Perl SAX parser modules info file...

Creating config file /etc/perl/XML/SAX/ParserDetails.ini with new version
Setting up libxml-libxml-perl (2.0116+dfsg-1) ...
update-perl-sax-parsers: Registering Perl SAX parser XML::LibXML::SAX::Parser with priority 50...
update-perl-sax-parsers: Registering Perl SAX parser XML::LibXML::SAX with priority 50...
update-perl-sax-parsers: Updating overall Perl SAX parser modules info file...
Replacing config file /etc/perl/XML/SAX/ParserDetails.ini with new version
Setting up texinfo (5.2.0.dfsg.1-4) ...
Running mktexlsr. This may take some time. ... done.
Setting up gettext (0.18.3.2-2) ...
Setting up intltool-debian (0.35.0+20060710.1) ...
Setting up po-debconf (1.0.16+nmu2) ...
Setting up debhelper (9.20140613) ...
Setting up dpatch (2.0.35) ...
Setting up groff (1.22.2-5) ...
Setting up libjbig2dec0 (0.11+20120125-1) ...
Setting up libgs9-common (9.05~dfsg-8.1) ...
Setting up libkpathsea6 (2014.20140528.34243-2) ...
Setting up libpaper-utils (1.1.24+nmu3) ...
Setting up libpotrace0 (1.11-2) ...
Setting up libptexenc1 (2014.20140528.34243-2) ...
Setting up libpthread-stubs0-dev:amd64 (0.3-4) ...
Setting up xorg-sgml-doctools (1:1.11-1) ...
Setting up x11proto-core-dev (7.0.26-1) ...
Setting up libxau-dev:amd64 (1:1.0.8-1) ...
Setting up libxdmcp-dev:amd64 (1:1.1.1-1) ...
Setting up x11proto-input-dev (2.3-1) ...
Setting up x11proto-kb-dev (1.0.6-2) ...
Setting up xtrans-dev (1.3.4-1) ...
Setting up libxcb1-dev:amd64 (1.10-3) ...
Setting up libx11-dev:amd64 (2:1.6.2-2) ...
Setting up tex-common (5.02) ...
Setting up texi2html (1.82+dfsg1-3) ...
Setting up xdg-utils (1.1.0~rc1+git20111210-7.1) ...
Setting up libcupsimage2:amd64 (1.7.3-3) ...
Setting up libcupsfilters1:amd64 (1.0.54-1) ...
Setting up libgs9 (9.05~dfsg-8.1) ...
Setting up texlive-binaries (2014.20140528.34243-2) ...
update-alternatives: using /usr/bin/xdvi-xaw to provide /usr/bin/xdvi.bin (xdvi.bin) in auto mode
update-alternatives: using /usr/bin/bibtex.original to provide /usr/bin/bibtex (bibtex) in auto mode
Building format(s) --refresh.
	This may take some time... done.
Setting up texlive-base (2014.20140528-3) ...
/usr/bin/tl-paper: setting paper size for dvips to a4.
/usr/bin/tl-paper: setting paper size for dvipdfmx to a4.
/usr/bin/tl-paper: setting paper size for xdvi to a4.
/usr/bin/tl-paper: setting paper size for pdftex to a4.
Running mktexlsr. This may take some time... done.
Building format(s) --all.
	This may take some time... done.
Setting up texlive-latex-base (2014.20140528-3) ...
Running mktexlsr. This may take some time... done.
Building format(s) --all --cnffile /etc/texmf/fmt.d/10texlive-latex-base.cnf.
	This may take some time... done.
Setting up texlive-latex-recommended (2014.20140528-3) ...
Setting up texlive-fonts-recommended (2014.20140528-3) ...
Processing triggers for tex-common (5.02) ...
Running mktexlsr. This may take some time... done.
Setting up texlive (2014.20140528-3) ...
Setting up sbuild-build-depends-mgetty-dummy (0.invalid.0) ...
Processing triggers for libc-bin (2.19-2) ...

┌──────────────────────────────────────────────────────────────────────────────┐
│ Build environment                                                            │
└──────────────────────────────────────────────────────────────────────────────┘

Kernel: Linux 2.6.32-5-xen-amd64 amd64 (x86_64)
Toolchain package versions: binutils_2.24.51.20140604-3 dpkg-dev_1.17.10 g++-4.6_4.6.4-7 g++-4.9_4.9.0-6 gcc-4.6_4.6.4-7 gcc-4.7_4.7.4-1 gcc-4.9_4.9.0-6 libc6-dev_2.19-2 libstdc++-4.9-dev_4.9.0-6 libstdc++6_4.9.0-6 libstdc++6-4.6-dev_4.6.4-7 linux-libc-dev_3.14.7-1
Package versions: apt_1.0.4 base-files_7.3 base-passwd_3.5.33 bash_4.3-7 binutils_2.24.51.20140604-3 bsdmainutils_9.0.5 bsdutils_1:2.20.1-5.8 build-essential_11.6 bzip2_1.0.6-5 clang-3.4_1:3.4.2-2 coreutils_8.21-1.2 cpp_4:4.9.0-3 cpp-4.6_4.6.4-7 cpp-4.7_4.7.4-1 cpp-4.9_4.9.0-6 dash_0.5.7-4 debconf_1.5.53 debconf-i18n_1.5.53 debfoster_2.7-1.2 debhelper_9.20140613 debian-archive-keyring_2012.4 debianutils_4.4 diffutils_1:3.3-1 dpatch_2.0.35 dpkg_1.17.10 dpkg-dev_1.17.10 e2fslibs_1.42.10-1 e2fsprogs_1.42.10-1 fakeroot_1.20-3 file_1:5.19-1 findutils_4.4.2-8 fontconfig-config_2.11.0-5 fonts-dejavu-core_2.34-1 g++_4:4.9.0-3 g++-4.6_4.6.4-7 g++-4.9_4.9.0-6 gcc_4:4.9.0-3 gcc-4.4-base_4.4.7-8 gcc-4.5-base_4.5.4-1 gcc-4.6_4.6.4-7 gcc-4.6-base_4.6.4-7 gcc-4.7_4.7.4-1 gcc-4.7-base_4.7.4-1 gcc-4.8-base_4.8.3-3 gcc-4.9_4.9.0-6 gcc-4.9-base_4.9.0-6 gettext_0.18.3.2-2 gettext-base_0.18.3.2-2 gnupg_1.4.16-1.1 gpgv_1.4.16-1.1 grep_2.18-2 groff_1.22.2-5 groff-base_1.22.2-5 gzip_1.6-3 hostname_3.15 initscripts_2.88dsf-53.2 insserv_1.14.0-5 intltool-debian_0.35.0+20060710.1 libacl1_2.2.52-1 libapt-pkg4.12_1.0.4 libarchive-extract-perl_0.72-1 libasan1_4.9.0-6 libasprintf0c2_0.18.3.2-2 libatomic1_4.9.0-6 libattr1_1:2.4.47-1 libaudit-common_1:2.3.7-1 libaudit1_1:2.3.7-1 libavahi-client3_0.6.31-4 libavahi-common-data_0.6.31-4 libavahi-common3_0.6.31-4 libblkid1_2.20.1-5.8 libbz2-1.0_1.0.6-5 libc-bin_2.19-2 libc-dev-bin_2.19-2 libc6_2.19-2 libc6-dev_2.19-2 libcap2_1:2.22-1.2 libcilkrts5_4.9.0-6 libclang-common-3.4-dev_1:3.4.2-2 libclang1-3.4_1:3.4.2-2 libclass-isa-perl_0.36-5 libcloog-isl4_0.18.2-1 libcloog-ppl1_0.16.1-5 libcomerr2_1.42.10-1 libcroco3_0.6.8-2 libcups2_1.7.3-3 libcupsfilters1_1.0.54-1 libcupsimage2_1.7.3-3 libdb5.1_5.1.29-5 libdb5.3_5.3.28-3 libdbus-1-3_1.8.4-1 libdebconfclient0_0.191 libdpkg-perl_1.17.10 libexpat1_2.1.0-6 libfakeroot_1.20-3 libffi6_3.1-2 libfile-fcntllock-perl_0.20-1 libfontconfig1_2.11.0-5 libfreetype6_2.5.2-1 libgc1c2_1:7.2d-6 libgcc-4.7-dev_4.7.4-1 libgcc-4.9-dev_4.9.0-6 libgcc1_1:4.9.0-6 libgdbm3_1.8.3-12 libglib2.0-0_2.40.0-3 libgmp10_2:6.0.0+dfsg-4 libgmpxx4ldbl_2:6.0.0+dfsg-4 libgnutls-deb0-28_3.2.15-2 libgomp1_4.9.0-6 libgpm2_1.20.4-6.1 libgraphite2-3_1.2.4-3 libgs9_9.05~dfsg-8.1 libgs9-common_9.05~dfsg-8.1 libgssapi-krb5-2_1.12.1+dfsg-3 libharfbuzz-icu0_0.9.28-2 libharfbuzz0b_0.9.28-2 libhogweed2_2.7.1-2+b1 libice6_2:1.0.8-2 libicu52_52.1-3 libidn11_1.28-2 libijs-0.35_0.35-10 libintl-perl_1.23-1 libisl10_0.12.2-1 libitm1_4.9.0-6 libjasper1_1.900.1-debian1-2 libjbig0_2.0-2.1 libjbig2dec0_0.11+20120125-1 libjpeg8_8d-2 libk5crypto3_1.12.1+dfsg-3 libkeyutils1_1.5.9-4 libkpathsea6_2014.20140528.34243-2 libkrb5-3_1.12.1+dfsg-3 libkrb5support0_1.12.1+dfsg-3 liblcms2-2_2.6-3 libllvm3.4_1:3.4.2-2 liblocale-gettext-perl_1.05-8 liblog-message-simple-perl_0.10-1 liblsan0_4.9.0-6 liblzma5_5.1.1alpha+20120614-2 libmagic1_1:5.19-1 libmodule-pluggable-perl_5.1-1 libmount1_2.20.1-5.8 libmpc2_0.9-4 libmpc3_1.0.1-1 libmpfr4_3.1.2-1 libncurses5_5.9+20140118-1 libnettle4_2.7.1-2+b1 libobjc-4.9-dev_4.9.0-6 libobjc4_4.9.0-6 libopenjpeg5_1.5.2-2 libp11-kit0_0.20.2-5 libpam-modules_1.1.8-3 libpam-modules-bin_1.1.8-3 libpam-runtime_1.1.8-3 libpam0g_1.1.8-3 libpaper-utils_1.1.24+nmu3 libpaper1_1.1.24+nmu3 libpcre3_1:8.31-5 libpipeline1_1.3.0-1 libpixman-1-0_0.32.4-1 libpng12-0_1.2.50-1 libpod-latex-perl_0.61-1 libpoppler44_0.24.5-4 libpotrace0_1.11-2 libppl-c4_1:1.1-2+b1 libppl13_1:1.1-2+b1 libptexenc1_2014.20140528.34243-2 libpthread-stubs0-dev_0.3-4 libquadmath0_4.9.0-6 libreadline6_6.3-6 libselinux1_2.3-1 libsemanage-common_2.3-1 libsemanage1_2.3-1 libsepol1_2.3-1 libslang2_2.2.4-16 libsm6_2:1.2.1-2 libss2_1.42.10-1 libstdc++-4.9-dev_4.9.0-6 libstdc++6_4.9.0-6 libstdc++6-4.6-dev_4.6.4-7 libswitch-perl_2.17-1 libtasn1-6_3.6-3 libterm-ui-perl_0.42-1 libtext-charwidth-perl_0.04-7+b2 libtext-iconv-perl_1.7-5+b1 libtext-soundex-perl_3.4-1+b1 libtext-unidecode-perl_0.04-2 libtext-wrapi18n-perl_0.06-7 libtiff5_4.0.3-8 libtimedate-perl_2.3000-2 libtinfo5_5.9+20140118-1 libtsan0_4.9.0-6 libubsan0_4.9.0-6 libunistring0_0.9.3-5 libusb-0.1-4_2:0.1.12-23.3 libustr-1.0-1_1.0.4-3 libuuid1_2.20.1-5.8 libvtv0_4.9.0-6 libx11-6_2:1.6.2-2 libx11-data_2:1.6.2-2 libx11-dev_2:1.6.2-2 libxau-dev_1:1.0.8-1 libxau6_1:1.0.8-1 libxaw7_2:1.0.12-1 libxcb1_1.10-3 libxcb1-dev_1.10-3 libxdmcp-dev_1:1.1.1-1 libxdmcp6_1:1.1.1-1 libxext6_2:1.3.2-1 libxi6_2:1.7.2-1 libxml-libxml-perl_2.0116+dfsg-1 libxml-namespacesupport-perl_1.11-1 libxml-sax-base-perl_1.07-1 libxml-sax-perl_0.99+dfsg-2 libxml2_2.9.1+dfsg1-3 libxmu6_2:1.1.2-1 libxpm4_1:3.5.10-1 libxt6_1:1.1.4-1 libzzip-0-13_0.13.62-2 linux-libc-dev_3.14.7-1 login_1:4.2-2 lsb-base_4.1+Debian13 make_4.0-8 man-db_2.6.7.1-1 mawk_1.3.3-17 mount_2.20.1-5.8 multiarch-support_2.19-2 ncurses-base_5.9+20140118-1 ncurses-bin_5.9+20140118-1 passwd_1:4.2-2 patch_2.7.1-5 perl_5.18.2-4 perl-base_5.18.2-4 perl-modules_5.18.2-4 po-debconf_1.0.16+nmu2 poppler-data_0.4.6-5 readline-common_6.3-6 rename_0.20-3 sbuild-build-depends-core-dummy_0.invalid.0 sbuild-build-depends-mgetty-dummy_0.invalid.0 sed_4.2.2-4 sensible-utils_0.0.9 startpar_0.59-3 sudo_1.8.9p5-1 sysv-rc_2.88dsf-53.2 sysvinit_2.88dsf-53.2 sysvinit-core_2.88dsf-53.2 sysvinit-utils_2.88dsf-53.2 tar_1.27.1-2 tex-common_5.02 texi2html_1.82+dfsg1-3 texinfo_5.2.0.dfsg.1-4 texlive_2014.20140528-3 texlive-base_2014.20140528-3 texlive-binaries_2014.20140528.34243-2 texlive-fonts-recommended_2014.20140528-3 texlive-latex-base_2014.20140528-3 texlive-latex-recommended_2014.20140528-3 tzdata_2014e-1 ucf_3.0030 util-linux_2.20.1-5.8 vim_2:7.4.273-2+b1 vim-common_2:7.4.273-2+b1 vim-runtime_2:7.4.273-2 x11-common_1:7.7+7 x11proto-core-dev_7.0.26-1 x11proto-input-dev_2.3-1 x11proto-kb-dev_1.0.6-2 xdg-utils_1.1.0~rc1+git20111210-7.1 xorg-sgml-doctools_1:1.11-1 xtrans-dev_1.3.4-1 xz-utils_5.1.1alpha+20120614-2 zlib1g_1:1.2.8.dfsg-1

┌──────────────────────────────────────────────────────────────────────────────┐
│ Build                                                                        │
└──────────────────────────────────────────────────────────────────────────────┘


Unpack source
─────────────

gpgv: keyblock resource `/sbuild-nonexistent/.gnupg/trustedkeys.gpg': file open error
gpgv: Signature made Wed Jan 15 21:52:43 2014 UTC using DSA key ID EC36A185
gpgv: Can't check signature: public key not found
dpkg-source: warning: failed to verify signature on ./mgetty_1.1.36-2.dsc
dpkg-source: info: extracting mgetty in mgetty-1.1.36
dpkg-source: info: unpacking mgetty_1.1.36.orig.tar.gz
dpkg-source: info: applying mgetty_1.1.36-2.diff.gz
dpkg-source: info: upstream files that have been modified: 
 mgetty-1.1.36/fax/faxspool.in
 mgetty-1.1.36/frontends/fax-by-lpr.txt
 mgetty-1.1.36/logfile.c
 mgetty-1.1.36/mgetty.h
 mgetty-1.1.36/mgetty_1.1.36-1ubuntu1.patch
 mgetty-1.1.36/tio.c
 mgetty-1.1.36/tio.h

Check disc space
────────────────

Sufficient free space for build

Hack binNMU version
───────────────────

Created changelog entry for binNMU version 1.1.36-2clang1

User Environment
────────────────

DEB_BUILD_OPTIONS=parallel=10
HOME=/sbuild-nonexistent
LOGNAME=user
PATH=/usr/local/sbin:/usr/local/bin:/usr/sbin:/usr/bin:/sbin:/bin:/usr/games
SCHROOT_ALIAS_NAME=unstable-amd64-sbuild
SCHROOT_CHROOT_NAME=unstable-amd64-sbuild
SCHROOT_COMMAND=env
SCHROOT_GID=1000
SCHROOT_GROUP=user
SCHROOT_SESSION_ID=unstable-amd64-sbuild-5526ff03-d0ae-4593-8422-5a0ee7f7861e
SCHROOT_UID=1000
SCHROOT_USER=user
SHELL=/bin/sh
USER=user

dpkg-buildpackage
─────────────────

dpkg-buildpackage: source package mgetty
dpkg-buildpackage: source version 1.1.36-2clang1
dpkg-buildpackage: source distribution unstable
 dpkg-source --before-build mgetty-1.1.36
dpkg-buildpackage: host architecture amd64
 fakeroot debian/rules clean
dpatch  deapply-all  
78-insecure-tmp-usage not applied to ./ .
77-kFreeBSD not applied to ./ .
61-silentwav not applied to ./ .
60-fax-user not applied to ./ .
54-location-makecoverpg not applied to ./ .
52-pending-metamail not applied to ./ .
51-pending-faxq-time not applied to ./ .
45-logfile.c not applied to ./ .
44-pending-faxexpand.h_bug169455 not applied to ./ .
43-moreinfo-cnd.c_bug112163 not applied to ./ .
41-ugly-redo-ring.c_bug128668 not applied to ./ .
40-locks.c_bug153394 not applied to ./ .
39-mgetty.cfg.in not applied to ./ .
37-Makefile not applied to ./ .
36-voice_voice.conf-dist not applied to ./ .
26-voice_libpvf_usr.c not applied to ./ .
24-voice_include_paths.h not applied to ./ .
23-samples_new_fax.mime4 not applied to ./ .
14-frontends_X11_viewfax-2.5_Makefile not applied to ./ .
13-pending-fax_faxspool.in not applied to ./ .
12-fax_faxrunqd.in not applied to ./ .
10-doc_faxrunqd.8in not applied to ./ .
09-doc_Makefile not applied to ./ .
04-new_fax.pbm not applied to ./ .
03-callback_Makefile not applied to ./ .
01-adjust-path not applied to ./ .
rm -rf patch-stamp patch-stampT debian/patched
dh_testdir
dh_testroot
if [ -f start-build ]; then \
  rm -f start-build; \
  rm -f build; \
  /usr/bin/make clean; \
  /usr/bin/make fullclean; \
  rm -f contrib/g3tolj contrib/g3toxwd; \
  rm -f fax/faxq-helper fax/faxq-helper.o \
  rm -f policy.h voice-defs.h; \
  cd frontends/X11/viewfax;/usr/bin/make clean; \
fi
rm frontends/X11/viewfax/viewfax
rm: cannot remove 'frontends/X11/viewfax/viewfax': No such file or directory
make: [clean] Error 1 (ignored)
debian/rules:43: recipe for target 'clean' failed
debconf-updatepo
dh_clean
dpkg-buildpackage: warning: debian/rules must be updated to support the 'build-arch' and 'build-indep' targets (at least 'build-arch' seems to be missing)
 debian/rules build
test -d debian/patched || install -d debian/patched
dpatch  apply-all  
applying patch 01-adjust-path to ./ ... ok.
applying patch 03-callback_Makefile to ./ ... ok.
applying patch 04-new_fax.pbm to ./ ... ok.
applying patch 09-doc_Makefile to ./ ... ok.
applying patch 10-doc_faxrunqd.8in to ./ ... ok.
applying patch 12-fax_faxrunqd.in to ./ ... ok.
applying patch 13-pending-fax_faxspool.in to ./ ... ok.
applying patch 14-frontends_X11_viewfax-2.5_Makefile to ./ ... ok.
applying patch 23-samples_new_fax.mime4 to ./ ... ok.
applying patch 24-voice_include_paths.h to ./ ... ok.
applying patch 26-voice_libpvf_usr.c to ./ ... ok.
applying patch 36-voice_voice.conf-dist to ./ ... ok.
applying patch 37-Makefile to ./ ... ok.
applying patch 39-mgetty.cfg.in to ./ ... ok.
applying patch 40-locks.c_bug153394 to ./ ... ok.
applying patch 41-ugly-redo-ring.c_bug128668 to ./ ... ok.
applying patch 43-moreinfo-cnd.c_bug112163 to ./ ... ok.
applying patch 44-pending-faxexpand.h_bug169455 to ./ ... ok.
applying patch 45-logfile.c to ./ ... ok.
applying patch 51-pending-faxq-time to ./ ... ok.
applying patch 52-pending-metamail to ./ ... ok.
applying patch 54-location-makecoverpg to ./ ... ok.
applying patch 60-fax-user to ./ ... ok.
applying patch 61-silentwav to ./ ... ok.
applying patch 77-kFreeBSD to ./ ... ok.
applying patch 78-insecure-tmp-usage to ./ ... ok.
dpatch  cat-all  >>patch-stampT
mv -f patch-stampT patch-stamp
dh_testdir
touch start-build
cp /«PKGBUILDDIR»/debian/policy.h /«PKGBUILDDIR»/debian/voice-defs.h .
/usr/bin/make
make[1]: Entering directory '/«PKGBUILDDIR»'
gcc -O2 -Wall -pipe -DVARRUNDIR=\"/var/run\" -c mgetty.c
gcc -O2 -Wall -pipe   -c -o logfile.o logfile.c
gcc -O2 -Wall -pipe   -c -o do_chat.o do_chat.c
gcc -O2 -Wall -pipe   -c -o locks.o locks.c
gcc -O2 -Wall -pipe   -c -o utmp.o utmp.c
utmp.c:112:13: warning: unused variable 'st' [-Wunused-variable]
struct stat     st;
                ^
utmp.c:113:8: warning: unused variable 'fp' [-Wunused-variable]
FILE *  fp;
        ^
2 warnings generated.
gcc -O2 -Wall -pipe   -c -o logname.o logname.c
gcc -O2 -Wall -pipe -DCONFDIR=\"/etc/mgetty\" -c login.c
gcc -O2 -Wall -pipe   -c -o mg_m_init.o mg_m_init.c
gcc -O2 -Wall -pipe   -c -o modem.o modem.c
gcc -O2 -Wall -pipe   -c -o faxrec.o faxrec.c
gcc -O2 -Wall -pipe   -c -o ring.o ring.c
gcc -O2 -Wall -pipe   -c -o faxlib.o faxlib.c
gcc -O2 -Wall -pipe   -c -o faxsend.o faxsend.c
faxsend.c:214:19: warning: implicitly declaring library function 'strcmp' with type 'int (const char *, const char *)'
                if ( r >= 64 && strcmp( buf+1,
                                ^
faxsend.c:214:19: note: please include the header <string.h> or explicitly provide a declaration for 'strcmp'
faxsend.c:381:11: warning: implicitly declaring library function 'strncmp' with type 'int (const char *, const char *, unsigned long)'
            if ( strncmp( ppm_r, "+FHS:", 5 ) == 0 )
                 ^
faxsend.c:381:11: note: please include the header <string.h> or explicitly provide a declaration for 'strncmp'
2 warnings generated.
gcc -O2 -Wall -pipe   -c -o faxrecp.o faxrecp.c
gcc -O2 -Wall -pipe   -c -o class1.o class1.c
gcc -O2 -Wall -pipe   -c -o class1lib.o class1lib.c
gcc -O2 -Wall -pipe   -c -o faxhng.o faxhng.c
gcc -O2 -Wall -pipe   -c -o hyla_nsf.o hyla_nsf.c
gcc -O2 -Wall -pipe   -c -o g3file.o g3file.c
g3file.c:103:11: warning: passing 'uch *' (aka 'unsigned char *') to parameter of type 'const char *' converts between pointers to integer types with different sign [-Wpointer-sign]
         strcmp( g3_rf_buf+1, "PC Research, Inc" ) == 0 )
                 ^~~~~~~~~~~
/usr/include/x86_64-linux-gnu/bits/string2.h:803:40: note: expanded from macro 'strcmp'
      && (__s1_len = __builtin_strlen (s1), __s2_len = __builtin_strlen (s2), \
                                       ^
g3file.c:103:11: warning: passing 'uch *' (aka 'unsigned char *') to parameter of type 'const char *' converts between pointers to integer types with different sign [-Wpointer-sign]
         strcmp( g3_rf_buf+1, "PC Research, Inc" ) == 0 )
                 ^~~~~~~~~~~
/usr/include/x86_64-linux-gnu/bits/string2.h:806:27: note: expanded from macro 'strcmp'
      ? __builtin_strcmp (s1, s2)                                             \
                          ^
g3file.c:103:11: warning: passing 'uch *' (aka 'unsigned char *') to parameter of type 'const char *' converts between pointers to integer types with different sign [-Wpointer-sign]
         strcmp( g3_rf_buf+1, "PC Research, Inc" ) == 0 )
                 ^~~~~~~~~~~
/usr/include/x86_64-linux-gnu/bits/string2.h:808:36: note: expanded from macro 'strcmp'
         && (__s1_len = __builtin_strlen (s1), __s1_len < 4)                  \
                                          ^
g3file.c:103:11: warning: passing 'uch *' (aka 'unsigned char *') to parameter of type 'const char *' converts between pointers to integer types with different sign [-Wpointer-sign]
         strcmp( g3_rf_buf+1, "PC Research, Inc" ) == 0 )
                 ^~~~~~~~~~~
/usr/include/x86_64-linux-gnu/bits/string2.h:810:26: note: expanded from macro 'strcmp'
            ? __builtin_strcmp (s1, s2)                                       \
                                ^
g3file.c:103:11: warning: passing 'uch *' (aka 'unsigned char *') to parameter of type 'const char *' converts between pointers to integer types with different sign [-Wpointer-sign]
         strcmp( g3_rf_buf+1, "PC Research, Inc" ) == 0 )
                 ^~~~~~~~~~~
/usr/include/x86_64-linux-gnu/bits/string2.h:815:29: note: expanded from macro 'strcmp'
               ? __builtin_strcmp (s1, s2)                                    \
                                   ^
g3file.c:103:11: warning: passing 'uch *' (aka 'unsigned char *') to parameter of type 'const char *' converts between pointers to integer types with different sign [-Wpointer-sign]
         strcmp( g3_rf_buf+1, "PC Research, Inc" ) == 0 )
                 ^~~~~~~~~~~
/usr/include/x86_64-linux-gnu/bits/string2.h:817:26: note: expanded from macro 'strcmp'
            : __builtin_strcmp (s1, s2)))); })
                                ^
g3file.c:208:22: warning: passing 'uch [1024]' to parameter of type 'char *' converts between pointers to integer types with different sign [-Wpointer-sign]
    r_num = in_func( rbuf, sizeof(rbuf) );
                     ^~~~
g3file.c:250:23: warning: passing 'uch [1024]' to parameter of type 'char *' converts between pointers to integer types with different sign [-Wpointer-sign]
            r_num = in_func( rbuf, sizeof(rbuf) );
                             ^~~~
8 warnings generated.
gcc -O2 -Wall -pipe   -c -o io.o io.c
gcc -O2 -Wall -pipe   -c -o gettydefs.o gettydefs.c
gcc -O2 -Wall -pipe   -c -o tio.o tio.c
gcc -O2 -Wall -pipe -DCONFDIR=\"/etc/mgetty\" -c cnd.c
gcc -O2 -Wall -pipe   -c -o getdisk.o getdisk.c
gcc -O2 -Wall -pipe   -c -o goodies.o goodies.c
gcc -O2 -Wall -pipe   -c -o config.o config.c
gcc -O2 -Wall -pipe -DFAX_SPOOL_IN=\"/var/spool/fax/incoming\" \
	-DCONFDIR=\"/etc/mgetty\" -c conf_mg.c
gcc -O2 -Wall -pipe   -c -o do_stat.o do_stat.c
gcc -o mgetty mgetty.o logfile.o do_chat.o locks.o utmp.o logname.o login.o mg_m_init.o modem.o faxrec.o ring.o faxlib.o faxsend.o faxrecp.o class1.o class1lib.o faxhng.o hyla_nsf.o g3file.o io.o gettydefs.o tio.o cnd.o getdisk.o goodies.o config.o conf_mg.o do_stat.o  
gcc -O2 -Wall -pipe   -c -o sendfax.o sendfax.c
gcc -O2 -Wall -pipe -DCONFDIR=\"/etc/mgetty\" -c conf_sf.c
gcc -o sendfax sendfax.o logfile.o locks.o modem.o faxlib.o faxsend.o faxrecp.o class1.o class1lib.o faxhng.o hyla_nsf.o g3file.o io.o tio.o getdisk.o config.o conf_sf.o goodies.o  
gcc -O2 -Wall -pipe -o newslock compat/newslock.c
gcc -O2 -Wall -pipe -DBINDIR=\"/usr/bin\" -DSBINDIR=\"/usr/sbin\" \
	-DLIBDIR=\"/usr/lib/mgetty-fax\" \
	-DCONFDIR=\"/etc/mgetty\" \
	-DFAX_SPOOL=\"/var/spool/fax\" \
	-DFAX_SPOOL_IN=\"/var/spool/fax/incoming\" \
	-DFAX_SPOOL_OUT=\"/var/spool/fax/outgoing\" \
	-DFAX_OUT_USER=\"uucp\" \
	-DVARRUNDIR=\"/var/run\" \
	-DAWK=\"awk\" \
	-DPERL=\""/usr/bin/perl -w"\" -DTKPERL=\"/usr/bin/tkperl\" \
	-DECHO=\""echo -e"\" \
	-DSHELL=\"/bin/bash\" \
	-DSHELL_TRAP_POSIX=1 \
-o mksed mksed.c
./mksed >sedscript
chmod +x sedscript
cd g3 ;    /usr/bin/make "CC=gcc" "CFLAGS=-O2 -Wall -pipe -I.." "LDFLAGS=" "LIBS=" all
make[2]: Entering directory '/«PKGBUILDDIR»/g3'
gcc -O2 -Wall -pipe -I..   -c -o pbm2g3.o pbm2g3.c
gcc -O2 -Wall -pipe -I..   -c -o g3.o g3.c
gcc -O2 -Wall -pipe -I..   -c -o run_tbl.o run_tbl.c
gcc -O2 -Wall -pipe -I..  -o pbm2g3 pbm2g3.o g3.o run_tbl.o 
pbm2g3.o: In function `convert_pbm_raw':
pbm2g3.c:(.text+0x34d): undefined reference to `putwhitespan'
pbm2g3.c:(.text+0x364): undefined reference to `putblackspan'
pbm2g3.c:(.text+0x3cb): undefined reference to `putwhitespan'
pbm2g3.c:(.text+0x3d2): undefined reference to `putblackspan'
pbm2g3.c:(.text+0x3db): undefined reference to `putwhitespan'
pbm2g3.c:(.text+0x3f3): undefined reference to `puteol'
pbm2g3.o: In function `convert_pbm':
pbm2g3.c:(.text+0x59f): undefined reference to `putwhitespan'
pbm2g3.c:(.text+0x5a6): undefined reference to `putblackspan'
pbm2g3.c:(.text+0x641): undefined reference to `putblackspan'
pbm2g3.c:(.text+0x64a): undefined reference to `putwhitespan'
pbm2g3.c:(.text+0x64f): undefined reference to `puteol'
pbm2g3.o: In function `main':
pbm2g3.c:(.text+0x89d): undefined reference to `puteol'
pbm2g3.c:(.text+0x8b4): undefined reference to `putwhitespan'
pbm2g3.c:(.text+0x8b9): undefined reference to `puteol'
pbm2g3.c:(.text+0x941): undefined reference to `puteol'
pbm2g3.c:(.text+0x946): undefined reference to `puteol'
pbm2g3.c:(.text+0x94b): undefined reference to `puteol'
pbm2g3.c:(.text+0x950): undefined reference to `puteol'
pbm2g3.o:pbm2g3.c:(.text+0x955): more undefined references to `puteol' follow
clang: error: linker command failed with exit code 1 (use -v to see invocation)
make[2]: *** [pbm2g3] Error 1
Makefile:15: recipe for target 'pbm2g3' failed
make[2]: Leaving directory '/«PKGBUILDDIR»/g3'
make[1]: *** [subdirs] Error 2
make: *** [build] Error 2
dpkg-buildpackage: error: debian/rules build gave error exit status 2
Makefile:367: recipe for target 'subdirs' failed
make[1]: Leaving directory '/«PKGBUILDDIR»'
debian/rules:30: recipe for target 'build' failed
────────────────────────────────────────────────────────────────────────────────
Build finished at 20140617-1345

Finished
────────

E: Build failure (dpkg-buildpackage died)

┌──────────────────────────────────────────────────────────────────────────────┐
│ Cleanup                                                                      │
└──────────────────────────────────────────────────────────────────────────────┘

Purging /«BUILDDIR»
Not cleaning session: cloned chroot in use

┌──────────────────────────────────────────────────────────────────────────────┐
│ Summary                                                                      │
└──────────────────────────────────────────────────────────────────────────────┘

Build Architecture: amd64
Build-Space: 5780
Build-Time: 5
Distribution: unstable
Fail-Stage: build
Host Architecture: amd64
Install-Time: 35
Job: mgetty_1.1.36-2
Machine Architecture: amd64
Package: mgetty
Package-Time: 70
Source-Version: 1.1.36-2
Space: 5780
Status: attempted
Version: 1.1.36-2clang1
────────────────────────────────────────────────────────────────────────────────
Finished at 20140617-1345
Build needed 00:01:10, 5780k disc space
DC-Status: Failed 71.202967624s
DC-Time-Estimation: 71.202967624 versus expected 459 (r/m: 5.4463605284520105 ; m: 71.202967624)
