DC-Build-Header: otcl 1.14+dfsg-3 / 2014-06-17 15:14:53 +0000
DC-Task: source:otcl version:1.14+dfsg-3 architecture:any chroot:unstable esttime:150 logfile:/tmp/otcl_1.14+dfsg-3_unstable_clang.log modes:binary-only:parallel:clang
DC-Sbuild-call: su user -c 'sbuild -n --apt-update -d unstable -v  --chroot-setup-commands=/tmp/switch-to-clang --append-to-version "clang1" --maintainer "Lucas Nussbaum <lucas@debian.org>" --uploader "Lucas Nussbaum <lucas@debian.org>" otcl_1.14+dfsg-3'
sbuild (Debian sbuild) 0.63.2 (18 Aug 2012) on ip-172-31-15-35.us-west-2.compute.internal

╔══════════════════════════════════════════════════════════════════════════════╗
║ otcl 1.14+dfsg-3clang1 (amd64)                             17 Jun 2014 15:14 ║
╚══════════════════════════════════════════════════════════════════════════════╝

Package: otcl
Version: 1.14+dfsg-3clang1
Source Version: 1.14+dfsg-3
Distribution: unstable
Machine Architecture: amd64
Host Architecture: amd64
Build Architecture: amd64

I: NOTICE: Log filtering will replace 'build/otcl-taisXa/otcl-1.14+dfsg' with '«PKGBUILDDIR»'
I: NOTICE: Log filtering will replace 'build/otcl-taisXa' with '«BUILDDIR»'
I: NOTICE: Log filtering will replace 'var/lib/schroot/mount/unstable-amd64-sbuild-69e2affd-0724-4b07-aa5f-b711e733afb2' with '«CHROOT»'

┌──────────────────────────────────────────────────────────────────────────────┐
│ Update chroot                                                                │
└──────────────────────────────────────────────────────────────────────────────┘

Get:1 http://localhost:9999 unstable InRelease [206 kB]
Get:2 http://localhost:9999 unstable/main Sources/DiffIndex [7876 B]
Get:3 http://localhost:9999 unstable/main amd64 Packages/DiffIndex [7876 B]
Get:4 http://localhost:9999 unstable/main Translation-en/DiffIndex [7876 B]
Get:5 http://localhost:9999 unstable/main 2014-06-16-2054.31.pdiff [15.4 kB]
Get:6 http://localhost:9999 unstable/main 2014-06-17-0253.05.pdiff [7983 B]
Get:7 http://localhost:9999 unstable/main 2014-06-17-0856.27.pdiff [7757 B]
Get:8 http://localhost:9999 unstable/main amd64 2014-06-16-2054.31.pdiff [20.7 kB]
Get:9 http://localhost:9999 unstable/main 2014-06-17-0856.27.pdiff [7757 B]
Get:10 http://localhost:9999 unstable/main amd64 2014-06-17-0253.05.pdiff [38.6 kB]
Get:11 http://localhost:9999 unstable/main amd64 2014-06-17-0856.27.pdiff [9018 B]
Get:12 http://localhost:9999 unstable/main 2014-06-16-2054.31.pdiff [699 B]
Get:13 http://localhost:9999 unstable/main 2014-06-17-0856.27.pdiff [442 B]
Get:14 http://localhost:9999 unstable/main amd64 2014-06-17-0856.27.pdiff [9018 B]
Get:15 http://localhost:9999 unstable/main 2014-06-17-0856.27.pdiff [442 B]
Fetched 330 kB in 4s (69.2 kB/s)
Reading package lists...
Reading package lists...
Building dependency tree...
Reading state information...
The following packages will be upgraded:
  libc-bin libc-dev-bin libc6 libc6-dev linux-libc-dev multiarch-support
6 upgraded, 0 newly installed, 0 to remove and 0 not upgraded.
Need to get 9447 kB of archives.
After this operation, 10.2 kB of additional disk space will be used.
Get:1 http://localhost:9999/debian/ unstable/main libc6-dev amd64 2.19-2 [2000 kB]
Get:2 http://localhost:9999/debian/ unstable/main libc-dev-bin amd64 2.19-2 [235 kB]
Get:3 http://localhost:9999/debian/ unstable/main linux-libc-dev amd64 3.14.7-1 [937 kB]
Get:4 http://localhost:9999/debian/ unstable/main libc-bin amd64 2.19-2 [1288 kB]
Get:5 http://localhost:9999/debian/ unstable/main libc6 amd64 2.19-2 [4816 kB]
Get:6 http://localhost:9999/debian/ unstable/main multiarch-support amd64 2.19-2 [171 kB]
debconf: delaying package configuration, since apt-utils is not installed
Fetched 9447 kB in 0s (33.4 MB/s)
(Reading database ... 14215 files and directories currently installed.)
Preparing to unpack .../libc6-dev_2.19-2_amd64.deb ...
Unpacking libc6-dev:amd64 (2.19-2) over (2.19-1) ...
Preparing to unpack .../libc-dev-bin_2.19-2_amd64.deb ...
Unpacking libc-dev-bin (2.19-2) over (2.19-1) ...
Preparing to unpack .../linux-libc-dev_3.14.7-1_amd64.deb ...
Unpacking linux-libc-dev:amd64 (3.14.7-1) over (3.14.5-1) ...
Preparing to unpack .../libc-bin_2.19-2_amd64.deb ...
Unpacking libc-bin (2.19-2) over (2.19-1) ...
Preparing to unpack .../libc6_2.19-2_amd64.deb ...
Unpacking libc6:amd64 (2.19-2) over (2.19-1) ...
Setting up libc6:amd64 (2.19-2) ...
Setting up libc-bin (2.19-2) ...
(Reading database ... 14216 files and directories currently installed.)
Preparing to unpack .../multiarch-support_2.19-2_amd64.deb ...
Unpacking multiarch-support (2.19-2) over (2.19-1) ...
Setting up multiarch-support (2.19-2) ...
Setting up libc-dev-bin (2.19-2) ...
Setting up linux-libc-dev:amd64 (3.14.7-1) ...
Setting up libc6-dev:amd64 (2.19-2) ...

┌──────────────────────────────────────────────────────────────────────────────┐
│ Fetch source files                                                           │
└──────────────────────────────────────────────────────────────────────────────┘


Check APT
─────────

Checking available source versions...

Download source files with APT
──────────────────────────────

Reading package lists...
Building dependency tree...
Reading state information...
NOTICE: 'otcl' packaging is maintained in the 'Git' version control system at:
git://anonscm.debian.org/pkg-ime/fcitx.git
Need to get 152 kB of source archives.
Get:1 http://localhost:9999/debian/ unstable/main otcl 1.14+dfsg-3 (dsc) [1742 B]
Get:2 http://localhost:9999/debian/ unstable/main otcl 1.14+dfsg-3 (tar) [145 kB]
Get:3 http://localhost:9999/debian/ unstable/main otcl 1.14+dfsg-3 (diff) [5220 B]
Fetched 152 kB in 1s (148 kB/s)
Download complete and in download only mode

Check arch
──────────


┌──────────────────────────────────────────────────────────────────────────────┐
│ Chroot Setup Commands                                                        │
└──────────────────────────────────────────────────────────────────────────────┘


/tmp/switch-to-clang
────────────────────

+ echo 'Entering customization script...'
Entering customization script...
+ echo 'Install of clang-3.4'
Install of clang-3.4
+ apt-get update
Hit http://localhost:9999 unstable InRelease
Hit http://localhost:9999 unstable/main Sources/DiffIndex
Hit http://localhost:9999 unstable/main amd64 Packages/DiffIndex
Hit http://localhost:9999 unstable/main Translation-en/DiffIndex
Reading package lists...
+ apt-get install --yes --no-install-recommends --force-yes clang-3.4
Reading package lists...
Building dependency tree...
Reading state information...
The following extra packages will be installed:
  libclang-common-3.4-dev libclang1-3.4 libffi6 libllvm3.4 libobjc-4.9-dev
  libobjc4
Suggested packages:
  gnustep gnustep-devel
Recommended packages:
  llvm-3.4-dev python
The following NEW packages will be installed:
  clang-3.4 libclang-common-3.4-dev libclang1-3.4 libffi6 libllvm3.4
  libobjc-4.9-dev libobjc4
0 upgraded, 7 newly installed, 0 to remove and 0 not upgraded.
Need to get 30.6 MB of archives.
After this operation, 118 MB of additional disk space will be used.
Get:1 http://localhost:9999/debian/ unstable/main libffi6 amd64 3.1-2 [19.8 kB]
Get:2 http://localhost:9999/debian/ unstable/main libllvm3.4 amd64 1:3.4.2-2 [6721 kB]
Get:3 http://localhost:9999/debian/ unstable/main libobjc4 amd64 4.9.0-6 [112 kB]
Get:4 http://localhost:9999/debian/ unstable/main libobjc-4.9-dev amd64 4.9.0-6 [372 kB]
Get:5 http://localhost:9999/debian/ unstable/main libclang1-3.4 amd64 1:3.4.2-2 [3619 kB]
Get:6 http://localhost:9999/debian/ unstable/main libclang-common-3.4-dev amd64 1:3.4.2-2 [543 kB]
Get:7 http://localhost:9999/debian/ unstable/main clang-3.4 amd64 1:3.4.2-2 [19.2 MB]
debconf: delaying package configuration, since apt-utils is not installed
Fetched 30.6 MB in 0s (35.0 MB/s)
Selecting previously unselected package libffi6:amd64.
(Reading database ... 14216 files and directories currently installed.)
Preparing to unpack .../libffi6_3.1-2_amd64.deb ...
Unpacking libffi6:amd64 (3.1-2) ...
Selecting previously unselected package libllvm3.4:amd64.
Preparing to unpack .../libllvm3.4_1%3a3.4.2-2_amd64.deb ...
Unpacking libllvm3.4:amd64 (1:3.4.2-2) ...
Selecting previously unselected package libobjc4:amd64.
Preparing to unpack .../libobjc4_4.9.0-6_amd64.deb ...
Unpacking libobjc4:amd64 (4.9.0-6) ...
Selecting previously unselected package libobjc-4.9-dev:amd64.
Preparing to unpack .../libobjc-4.9-dev_4.9.0-6_amd64.deb ...
Unpacking libobjc-4.9-dev:amd64 (4.9.0-6) ...
Selecting previously unselected package libclang1-3.4:amd64.
Preparing to unpack .../libclang1-3.4_1%3a3.4.2-2_amd64.deb ...
Unpacking libclang1-3.4:amd64 (1:3.4.2-2) ...
Selecting previously unselected package libclang-common-3.4-dev.
Preparing to unpack .../libclang-common-3.4-dev_1%3a3.4.2-2_amd64.deb ...
Unpacking libclang-common-3.4-dev (1:3.4.2-2) ...
Selecting previously unselected package clang-3.4.
Preparing to unpack .../clang-3.4_1%3a3.4.2-2_amd64.deb ...
Unpacking clang-3.4 (1:3.4.2-2) ...
Setting up libffi6:amd64 (3.1-2) ...
Setting up libllvm3.4:amd64 (1:3.4.2-2) ...
Setting up libobjc4:amd64 (4.9.0-6) ...
Setting up libobjc-4.9-dev:amd64 (4.9.0-6) ...
Setting up libclang1-3.4:amd64 (1:3.4.2-2) ...
Setting up libclang-common-3.4-dev (1:3.4.2-2) ...
Setting up clang-3.4 (1:3.4.2-2) ...
Processing triggers for libc-bin (2.19-2) ...
+ echo 'Replace gcc, g++ & cpp by clang'
Replace gcc, g++ & cpp by clang
+ VERSIONS='4.6 4.7 4.8 4.9'
+ cd /usr/bin
+ for VERSION in '$VERSIONS'
+ rm -f g++-4.6 gcc-4.6 cpp-4.6
+ ln -s clang++ g++-4.6
+ ln -s clang gcc-4.6
+ ln -s clang cpp-4.6
+ echo 'gcc-4.6 hold'
+ dpkg --set-selections
+ echo 'g++-4.6 hold'
+ dpkg --set-selections
+ for VERSION in '$VERSIONS'
+ rm -f g++-4.7 gcc-4.7 cpp-4.7
+ ln -s clang++ g++-4.7
+ ln -s clang gcc-4.7
+ ln -s clang cpp-4.7
+ echo 'gcc-4.7 hold'
+ dpkg --set-selections
+ echo 'g++-4.7 hold'
+ dpkg --set-selections
+ for VERSION in '$VERSIONS'
+ rm -f g++-4.8 gcc-4.8 cpp-4.8
+ ln -s clang++ g++-4.8
+ ln -s clang gcc-4.8
+ ln -s clang cpp-4.8
+ echo 'gcc-4.8 hold'
+ dpkg --set-selections
dpkg: warning: package not in database at line 1: gcc-4.8
dpkg: warning: found unknown packages; this might mean the available database
is outdated, and needs to be updated through a frontend method
+ echo 'g++-4.8 hold'
+ dpkg --set-selections
dpkg: warning: package not in database at line 1: g++-4.8
dpkg: warning: found unknown packages; this might mean the available database
is outdated, and needs to be updated through a frontend method
+ for VERSION in '$VERSIONS'
+ rm -f g++-4.9 gcc-4.9 cpp-4.9
+ ln -s clang++ g++-4.9
+ ln -s clang gcc-4.9
+ ln -s clang cpp-4.9
+ echo 'gcc-4.9 hold'
+ dpkg --set-selections
+ echo 'g++-4.9 hold'
+ dpkg --set-selections
+ cd -
/«BUILDDIR»
+ echo 'Check if gcc, g++ & cpp are actually clang'
Check if gcc, g++ & cpp are actually clang
+ gcc --version
+ grep clang
+ cpp --version
+ grep clang
+ g++ --version
+ grep clang

I: Finished running '/tmp/switch-to-clang'.

Finished processing commands.
────────────────────────────────────────────────────────────────────────────────
Merged Build-Depends: build-essential, fakeroot
Filtered Build-Depends: build-essential, fakeroot
dpkg-deb: building package `sbuild-build-depends-core-dummy' in `/«BUILDDIR»/resolver-f4IA8o/apt_archive/sbuild-build-depends-core-dummy.deb'.
OK
Reading package lists...

┌──────────────────────────────────────────────────────────────────────────────┐
│ Install core build dependencies (apt-based resolver)                         │
└──────────────────────────────────────────────────────────────────────────────┘

Installing build dependencies
Reading package lists...
Building dependency tree...
Reading state information...
The following NEW packages will be installed:
  sbuild-build-depends-core-dummy
debconf: delaying package configuration, since apt-utils is not installed
0 upgraded, 1 newly installed, 0 to remove and 0 not upgraded.
Need to get 0 B/818 B of archives.
After this operation, 0 B of additional disk space will be used.
Selecting previously unselected package sbuild-build-depends-core-dummy.
(Reading database ... 14431 files and directories currently installed.)
Preparing to unpack .../sbuild-build-depends-core-dummy.deb ...
Unpacking sbuild-build-depends-core-dummy (0.invalid.0) ...
Setting up sbuild-build-depends-core-dummy (0.invalid.0) ...
Merged Build-Depends: base-files, base-passwd, bash, bsdutils, coreutils, dash, debianutils, diffutils, dpkg, e2fsprogs, findutils, grep, gzip, hostname, libc-bin, login, mount, ncurses-base, ncurses-bin, perl-base, sed, sysvinit, sysvinit-utils, tar, util-linux, libc6-dev | libc-dev, gcc (>= 4:4.4.3), g++ (>= 4:4.4.3), make, dpkg-dev (>= 1.13.5), debhelper (>= 9), cmake, autotools-dev, tcl-dev, tk-dev, libxext-dev, libxt-dev
Filtered Build-Depends: base-files, base-passwd, bash, bsdutils, coreutils, dash, debianutils, diffutils, dpkg, e2fsprogs, findutils, grep, gzip, hostname, libc-bin, login, mount, ncurses-base, ncurses-bin, perl-base, sed, sysvinit, sysvinit-utils, tar, util-linux, libc6-dev, gcc (>= 4:4.4.3), g++ (>= 4:4.4.3), make, dpkg-dev (>= 1.13.5), debhelper (>= 9), cmake, autotools-dev, tcl-dev, tk-dev, libxext-dev, libxt-dev
dpkg-deb: building package `sbuild-build-depends-otcl-dummy' in `/«BUILDDIR»/resolver-bSAvTX/apt_archive/sbuild-build-depends-otcl-dummy.deb'.
OK
Reading package lists...

┌──────────────────────────────────────────────────────────────────────────────┐
│ Install otcl build dependencies (apt-based resolver)                         │
└──────────────────────────────────────────────────────────────────────────────┘

Installing build dependencies
Reading package lists...
Building dependency tree...
Reading state information...
The following extra packages will be installed:
  autotools-dev bsdmainutils cmake cmake-data debhelper file fontconfig-config
  fonts-dejavu-core gettext gettext-base groff-base intltool-debian
  libarchive13 libasprintf0c2 libcroco3 libcurl3 libexpat1 libexpat1-dev
  libfontconfig1 libfontconfig1-dev libfreetype6 libfreetype6-dev libgcrypt11
  libgcrypt20 libglib2.0-0 libgnutls26 libgpg-error0 libgssapi-krb5-2
  libice-dev libice6 libidn11 libk5crypto3 libkeyutils1 libkrb5-3
  libkrb5support0 libldap-2.4-2 liblzo2-2 libmagic1 libncursesw5 libnettle4
  libp11-kit0 libpipeline1 libpng12-0 libpng12-dev libprocps3
  libpthread-stubs0-dev libsasl2-2 libsasl2-modules-db libsm-dev libsm6
  libssh2-1 libssl1.0.0 libtasn1-6 libtcl8.6 libtk8.6 libunistring0 libx11-6
  libx11-data libx11-dev libxau-dev libxau6 libxcb1 libxcb1-dev libxdmcp-dev
  libxdmcp6 libxext-dev libxext6 libxft-dev libxft2 libxml2 libxrender-dev
  libxrender1 libxss-dev libxss1 libxt-dev libxt6 man-db pkg-config po-debconf
  procps tcl tcl-dev tcl8.6 tcl8.6-dev tk tk-dev tk8.6 tk8.6-dev x11-common
  x11proto-core-dev x11proto-input-dev x11proto-kb-dev x11proto-render-dev
  x11proto-scrnsaver-dev x11proto-xext-dev xorg-sgml-doctools xtrans-dev
  zlib1g-dev
Suggested packages:
  wamerican wordlist whois vacation codeblocks eclipse dh-make gettext-doc
  groff lrzip rng-tools krb5-doc krb5-user libice-doc libsm-doc libxcb-doc
  libxext-doc libxt-doc less www-browser libmail-box-perl tcl-doc
  tcl-tclreadline tcl8.6-doc tk-doc tk8.6-doc
Recommended packages:
  curl wget lynx-cur autopoint libasprintf-dev libgettextpo-dev
  ca-certificates libglib2.0-data shared-mime-info krb5-locales
  libsasl2-modules libx11-doc xml-core libmail-sendmail-perl psmisc xterm
  x-terminal-emulator
The following NEW packages will be installed:
  autotools-dev bsdmainutils cmake cmake-data debhelper file fontconfig-config
  fonts-dejavu-core gettext gettext-base groff-base intltool-debian
  libarchive13 libasprintf0c2 libcroco3 libcurl3 libexpat1 libexpat1-dev
  libfontconfig1 libfontconfig1-dev libfreetype6 libfreetype6-dev libgcrypt11
  libgcrypt20 libglib2.0-0 libgnutls26 libgpg-error0 libgssapi-krb5-2
  libice-dev libice6 libidn11 libk5crypto3 libkeyutils1 libkrb5-3
  libkrb5support0 libldap-2.4-2 liblzo2-2 libmagic1 libncursesw5 libnettle4
  libp11-kit0 libpipeline1 libpng12-0 libpng12-dev libprocps3
  libpthread-stubs0-dev libsasl2-2 libsasl2-modules-db libsm-dev libsm6
  libssh2-1 libssl1.0.0 libtasn1-6 libtcl8.6 libtk8.6 libunistring0 libx11-6
  libx11-data libx11-dev libxau-dev libxau6 libxcb1 libxcb1-dev libxdmcp-dev
  libxdmcp6 libxext-dev libxext6 libxft-dev libxft2 libxml2 libxrender-dev
  libxrender1 libxss-dev libxss1 libxt-dev libxt6 man-db pkg-config po-debconf
  procps sbuild-build-depends-otcl-dummy tcl tcl-dev tcl8.6 tcl8.6-dev tk
  tk-dev tk8.6 tk8.6-dev x11-common x11proto-core-dev x11proto-input-dev
  x11proto-kb-dev x11proto-render-dev x11proto-scrnsaver-dev x11proto-xext-dev
  xorg-sgml-doctools xtrans-dev zlib1g-dev
0 upgraded, 99 newly installed, 0 to remove and 0 not upgraded.
Need to get 30.5 MB/30.5 MB of archives.
After this operation, 100 MB of additional disk space will be used.
Get:1 http://localhost:9999/debian/ unstable/main libncursesw5 amd64 5.9+20140118-1 [120 kB]
Get:2 http://localhost:9999/debian/ unstable/main libpipeline1 amd64 1.3.0-1 [25.8 kB]
Get:3 http://localhost:9999/debian/ unstable/main libprocps3 amd64 1:3.3.9-5 [55.6 kB]
Get:4 http://localhost:9999/debian/ unstable/main libssl1.0.0 amd64 1.0.1h-3 [1011 kB]
Get:5 http://localhost:9999/debian/ unstable/main groff-base amd64 1.22.2-5 [1043 kB]
Get:6 http://localhost:9999/debian/ unstable/main bsdmainutils amd64 9.0.5 [211 kB]
Get:7 http://localhost:9999/debian/ unstable/main man-db amd64 2.6.7.1-1 [990 kB]
Get:8 http://localhost:9999/debian/ unstable/main libasprintf0c2 amd64 0.18.3.2-2 [29.4 kB]
Get:9 http://localhost:9999/debian/ unstable/main libgpg-error0 amd64 1.12-0.2 [56.5 kB]
Get:10 http://localhost:9999/debian/ unstable/main libgcrypt11 amd64 1.5.3-4 [250 kB]
Get:11 http://localhost:9999/debian/ unstable/main libgcrypt20 amd64 1.6.1-2 [381 kB]
Get:12 http://localhost:9999/debian/ unstable/main libp11-kit0 amd64 0.20.2-5 [81.1 kB]
Get:13 http://localhost:9999/debian/ unstable/main libtasn1-6 amd64 3.6-3 [50.2 kB]
Get:14 http://localhost:9999/debian/ unstable/main libgnutls26 amd64 2.12.23-16 [530 kB]
Get:15 http://localhost:9999/debian/ unstable/main libkeyutils1 amd64 1.5.9-4 [11.6 kB]
Get:16 http://localhost:9999/debian/ unstable/main libkrb5support0 amd64 1.12.1+dfsg-3 [56.9 kB]
Get:17 http://localhost:9999/debian/ unstable/main libk5crypto3 amd64 1.12.1+dfsg-3 [111 kB]
Get:18 http://localhost:9999/debian/ unstable/main libkrb5-3 amd64 1.12.1+dfsg-3 [297 kB]
Get:19 http://localhost:9999/debian/ unstable/main libgssapi-krb5-2 amd64 1.12.1+dfsg-3 [147 kB]
Get:20 http://localhost:9999/debian/ unstable/main libidn11 amd64 1.28-2 [158 kB]
Get:21 http://localhost:9999/debian/ unstable/main libsasl2-modules-db amd64 2.1.26.dfsg1-9 [66.4 kB]
Get:22 http://localhost:9999/debian/ unstable/main libsasl2-2 amd64 2.1.26.dfsg1-9 [103 kB]
Get:23 http://localhost:9999/debian/ unstable/main libldap-2.4-2 amd64 2.4.39-1 [212 kB]
Get:24 http://localhost:9999/debian/ unstable/main libmagic1 amd64 1:5.19-1 [237 kB]
Get:25 http://localhost:9999/debian/ unstable/main libxml2 amd64 2.9.1+dfsg1-3 [791 kB]
Get:26 http://localhost:9999/debian/ unstable/main liblzo2-2 amd64 2.06-1.2 [51.2 kB]
Get:27 http://localhost:9999/debian/ unstable/main libnettle4 amd64 2.7.1-2+b1 [172 kB]
Get:28 http://localhost:9999/debian/ unstable/main libarchive13 amd64 3.1.2-8 [265 kB]
Get:29 http://localhost:9999/debian/ unstable/main libglib2.0-0 amd64 2.40.0-3 [2405 kB]
Get:30 http://localhost:9999/debian/ unstable/main libcroco3 amd64 0.6.8-2 [133 kB]
Get:31 http://localhost:9999/debian/ unstable/main libssh2-1 amd64 1.4.3-3 [125 kB]
Get:32 http://localhost:9999/debian/ unstable/main libcurl3 amd64 7.37.0-1+b1 [252 kB]
Get:33 http://localhost:9999/debian/ unstable/main libexpat1 amd64 2.1.0-6 [80.6 kB]
Get:34 http://localhost:9999/debian/ unstable/main libpng12-0 amd64 1.2.50-1 [189 kB]
Get:35 http://localhost:9999/debian/ unstable/main libfreetype6 amd64 2.5.2-1 [454 kB]
Get:36 http://localhost:9999/debian/ unstable/main fonts-dejavu-core all 2.34-1 [1047 kB]
Get:37 http://localhost:9999/debian/ unstable/main fontconfig-config all 2.11.0-5 [273 kB]
Get:38 http://localhost:9999/debian/ unstable/main libfontconfig1 amd64 2.11.0-5 [327 kB]
Get:39 http://localhost:9999/debian/ unstable/main x11-common all 1:7.7+7 [287 kB]
Get:40 http://localhost:9999/debian/ unstable/main libice6 amd64 2:1.0.8-2 [63.1 kB]
Get:41 http://localhost:9999/debian/ unstable/main libsm6 amd64 2:1.2.1-2 [34.2 kB]
Get:42 http://localhost:9999/debian/ unstable/main libtcl8.6 amd64 8.6.1-6 [951 kB]
Get:43 http://localhost:9999/debian/ unstable/main libxau6 amd64 1:1.0.8-1 [20.7 kB]
Get:44 http://localhost:9999/debian/ unstable/main libxdmcp6 amd64 1:1.1.1-1 [26.3 kB]
Get:45 http://localhost:9999/debian/ unstable/main libxcb1 amd64 1.10-3 [42.6 kB]
Get:46 http://localhost:9999/debian/ unstable/main libx11-data all 2:1.6.2-2 [126 kB]
Get:47 http://localhost:9999/debian/ unstable/main libx11-6 amd64 2:1.6.2-2 [718 kB]
Get:48 http://localhost:9999/debian/ unstable/main libxext6 amd64 2:1.3.2-1 [56.5 kB]
Get:49 http://localhost:9999/debian/ unstable/main libxrender1 amd64 1:0.9.8-1 [33.5 kB]
Get:50 http://localhost:9999/debian/ unstable/main libxft2 amd64 2.3.1-2 [54.0 kB]
Get:51 http://localhost:9999/debian/ unstable/main libxss1 amd64 1:1.2.2-1 [17.5 kB]
Get:52 http://localhost:9999/debian/ unstable/main libtk8.6 amd64 8.6.1-5 [750 kB]
Get:53 http://localhost:9999/debian/ unstable/main libunistring0 amd64 0.9.3-5 [434 kB]
Get:54 http://localhost:9999/debian/ unstable/main libxt6 amd64 1:1.1.4-1 [180 kB]
Get:55 http://localhost:9999/debian/ unstable/main procps amd64 1:3.3.9-5 [233 kB]
Get:56 http://localhost:9999/debian/ unstable/main file amd64 1:5.19-1 [58.0 kB]
Get:57 http://localhost:9999/debian/ unstable/main gettext-base amd64 0.18.3.2-2 [116 kB]
Get:58 http://localhost:9999/debian/ unstable/main autotools-dev all 20140510.1 [70.3 kB]
Get:59 http://localhost:9999/debian/ unstable/main cmake-data all 2.8.12.1-1.4 [1286 kB]
Get:60 http://localhost:9999/debian/ unstable/main cmake amd64 2.8.12.1-1.4 [2612 kB]
Get:61 http://localhost:9999/debian/ unstable/main gettext amd64 0.18.3.2-2 [1202 kB]
Get:62 http://localhost:9999/debian/ unstable/main intltool-debian all 0.35.0+20060710.1 [30.8 kB]
Get:63 http://localhost:9999/debian/ unstable/main po-debconf all 1.0.16+nmu2 [224 kB]
Get:64 http://localhost:9999/debian/ unstable/main debhelper all 9.20140613 [692 kB]
Get:65 http://localhost:9999/debian/ unstable/main libexpat1-dev amd64 2.1.0-6 [126 kB]
Get:66 http://localhost:9999/debian/ unstable/main zlib1g-dev amd64 1:1.2.8.dfsg-1 [217 kB]
Get:67 http://localhost:9999/debian/ unstable/main libpng12-dev amd64 1.2.50-1 [267 kB]
Get:68 http://localhost:9999/debian/ unstable/main libfreetype6-dev amd64 2.5.2-1 [629 kB]
Get:69 http://localhost:9999/debian/ unstable/main pkg-config amd64 0.28-1 [57.5 kB]
Get:70 http://localhost:9999/debian/ unstable/main libfontconfig1-dev amd64 2.11.0-5 [891 kB]
Get:71 http://localhost:9999/debian/ unstable/main xorg-sgml-doctools all 1:1.11-1 [21.9 kB]
Get:72 http://localhost:9999/debian/ unstable/main x11proto-core-dev all 7.0.26-1 [729 kB]
Get:73 http://localhost:9999/debian/ unstable/main libice-dev amd64 2:1.0.8-2 [74.1 kB]
Get:74 http://localhost:9999/debian/ unstable/main libpthread-stubs0-dev amd64 0.3-4 [3866 B]
Get:75 http://localhost:9999/debian/ unstable/main libsm-dev amd64 2:1.2.1-2 [37.0 kB]
Get:76 http://localhost:9999/debian/ unstable/main libxau-dev amd64 1:1.0.8-1 [23.6 kB]
Get:77 http://localhost:9999/debian/ unstable/main libxdmcp-dev amd64 1:1.1.1-1 [42.3 kB]
Get:78 http://localhost:9999/debian/ unstable/main x11proto-input-dev all 2.3-1 [177 kB]
Get:79 http://localhost:9999/debian/ unstable/main x11proto-kb-dev all 1.0.6-2 [269 kB]
Get:80 http://localhost:9999/debian/ unstable/main xtrans-dev all 1.3.4-1 [99.3 kB]
Get:81 http://localhost:9999/debian/ unstable/main libxcb1-dev amd64 1.10-3 [81.8 kB]
Get:82 http://localhost:9999/debian/ unstable/main libx11-dev amd64 2:1.6.2-2 [782 kB]
Get:83 http://localhost:9999/debian/ unstable/main x11proto-xext-dev all 7.3.0-1 [212 kB]
Get:84 http://localhost:9999/debian/ unstable/main libxext-dev amd64 2:1.3.2-1 [116 kB]
Get:85 http://localhost:9999/debian/ unstable/main x11proto-render-dev all 2:0.11.1-2 [20.8 kB]
Get:86 http://localhost:9999/debian/ unstable/main libxrender-dev amd64 1:0.9.8-1 [42.1 kB]
Get:87 http://localhost:9999/debian/ unstable/main libxft-dev amd64 2.3.1-2 [64.9 kB]
Get:88 http://localhost:9999/debian/ unstable/main x11proto-scrnsaver-dev all 1.2.2-1 [25.0 kB]
Get:89 http://localhost:9999/debian/ unstable/main libxss-dev amd64 1:1.2.2-1 [22.8 kB]
Get:90 http://localhost:9999/debian/ unstable/main libxt-dev amd64 1:1.1.4-1 [414 kB]
Get:91 http://localhost:9999/debian/ unstable/main tcl8.6 amd64 8.6.1-6 [122 kB]
Get:92 http://localhost:9999/debian/ unstable/main tcl amd64 8.6.0+8 [5366 B]
Get:93 http://localhost:9999/debian/ unstable/main tcl8.6-dev amd64 8.6.1-6 [954 kB]
Get:94 http://localhost:9999/debian/ unstable/main tcl-dev amd64 8.6.0+8 [7716 B]
Get:95 http://localhost:9999/debian/ unstable/main tk8.6 amd64 8.6.1-5 [71.0 kB]
Get:96 http://localhost:9999/debian/ unstable/main tk amd64 8.6.0+8 [5388 B]
Get:97 http://localhost:9999/debian/ unstable/main tk8.6-dev amd64 8.6.1-5 [722 kB]
Get:98 http://localhost:9999/debian/ unstable/main tk-dev amd64 8.6.0+8 [5174 B]
debconf: delaying package configuration, since apt-utils is not installed
Fetched 30.5 MB in 3s (8476 kB/s)
Selecting previously unselected package libncursesw5:amd64.
(Reading database ... 14431 files and directories currently installed.)
Preparing to unpack .../libncursesw5_5.9+20140118-1_amd64.deb ...
Unpacking libncursesw5:amd64 (5.9+20140118-1) ...
Selecting previously unselected package libpipeline1:amd64.
Preparing to unpack .../libpipeline1_1.3.0-1_amd64.deb ...
Unpacking libpipeline1:amd64 (1.3.0-1) ...
Selecting previously unselected package libprocps3:amd64.
Preparing to unpack .../libprocps3_1%3a3.3.9-5_amd64.deb ...
Unpacking libprocps3:amd64 (1:3.3.9-5) ...
Selecting previously unselected package libssl1.0.0:amd64.
Preparing to unpack .../libssl1.0.0_1.0.1h-3_amd64.deb ...
Unpacking libssl1.0.0:amd64 (1.0.1h-3) ...
Selecting previously unselected package groff-base.
Preparing to unpack .../groff-base_1.22.2-5_amd64.deb ...
Unpacking groff-base (1.22.2-5) ...
Selecting previously unselected package bsdmainutils.
Preparing to unpack .../bsdmainutils_9.0.5_amd64.deb ...
Unpacking bsdmainutils (9.0.5) ...
Selecting previously unselected package man-db.
Preparing to unpack .../man-db_2.6.7.1-1_amd64.deb ...
Unpacking man-db (2.6.7.1-1) ...
Selecting previously unselected package libasprintf0c2:amd64.
Preparing to unpack .../libasprintf0c2_0.18.3.2-2_amd64.deb ...
Unpacking libasprintf0c2:amd64 (0.18.3.2-2) ...
Selecting previously unselected package libgpg-error0:amd64.
Preparing to unpack .../libgpg-error0_1.12-0.2_amd64.deb ...
Unpacking libgpg-error0:amd64 (1.12-0.2) ...
Selecting previously unselected package libgcrypt11:amd64.
Preparing to unpack .../libgcrypt11_1.5.3-4_amd64.deb ...
Unpacking libgcrypt11:amd64 (1.5.3-4) ...
Selecting previously unselected package libgcrypt20:amd64.
Preparing to unpack .../libgcrypt20_1.6.1-2_amd64.deb ...
Unpacking libgcrypt20:amd64 (1.6.1-2) ...
Selecting previously unselected package libp11-kit0:amd64.
Preparing to unpack .../libp11-kit0_0.20.2-5_amd64.deb ...
Unpacking libp11-kit0:amd64 (0.20.2-5) ...
Selecting previously unselected package libtasn1-6:amd64.
Preparing to unpack .../libtasn1-6_3.6-3_amd64.deb ...
Unpacking libtasn1-6:amd64 (3.6-3) ...
Selecting previously unselected package libgnutls26:amd64.
Preparing to unpack .../libgnutls26_2.12.23-16_amd64.deb ...
Unpacking libgnutls26:amd64 (2.12.23-16) ...
Selecting previously unselected package libkeyutils1:amd64.
Preparing to unpack .../libkeyutils1_1.5.9-4_amd64.deb ...
Unpacking libkeyutils1:amd64 (1.5.9-4) ...
Selecting previously unselected package libkrb5support0:amd64.
Preparing to unpack .../libkrb5support0_1.12.1+dfsg-3_amd64.deb ...
Unpacking libkrb5support0:amd64 (1.12.1+dfsg-3) ...
Selecting previously unselected package libk5crypto3:amd64.
Preparing to unpack .../libk5crypto3_1.12.1+dfsg-3_amd64.deb ...
Unpacking libk5crypto3:amd64 (1.12.1+dfsg-3) ...
Selecting previously unselected package libkrb5-3:amd64.
Preparing to unpack .../libkrb5-3_1.12.1+dfsg-3_amd64.deb ...
Unpacking libkrb5-3:amd64 (1.12.1+dfsg-3) ...
Selecting previously unselected package libgssapi-krb5-2:amd64.
Preparing to unpack .../libgssapi-krb5-2_1.12.1+dfsg-3_amd64.deb ...
Unpacking libgssapi-krb5-2:amd64 (1.12.1+dfsg-3) ...
Selecting previously unselected package libidn11:amd64.
Preparing to unpack .../libidn11_1.28-2_amd64.deb ...
Unpacking libidn11:amd64 (1.28-2) ...
Selecting previously unselected package libsasl2-modules-db:amd64.
Preparing to unpack .../libsasl2-modules-db_2.1.26.dfsg1-9_amd64.deb ...
Unpacking libsasl2-modules-db:amd64 (2.1.26.dfsg1-9) ...
Selecting previously unselected package libsasl2-2:amd64.
Preparing to unpack .../libsasl2-2_2.1.26.dfsg1-9_amd64.deb ...
Unpacking libsasl2-2:amd64 (2.1.26.dfsg1-9) ...
Selecting previously unselected package libldap-2.4-2:amd64.
Preparing to unpack .../libldap-2.4-2_2.4.39-1_amd64.deb ...
Unpacking libldap-2.4-2:amd64 (2.4.39-1) ...
Selecting previously unselected package libmagic1:amd64.
Preparing to unpack .../libmagic1_1%3a5.19-1_amd64.deb ...
Unpacking libmagic1:amd64 (1:5.19-1) ...
Selecting previously unselected package libxml2:amd64.
Preparing to unpack .../libxml2_2.9.1+dfsg1-3_amd64.deb ...
Unpacking libxml2:amd64 (2.9.1+dfsg1-3) ...
Selecting previously unselected package liblzo2-2:amd64.
Preparing to unpack .../liblzo2-2_2.06-1.2_amd64.deb ...
Unpacking liblzo2-2:amd64 (2.06-1.2) ...
Selecting previously unselected package libnettle4:amd64.
Preparing to unpack .../libnettle4_2.7.1-2+b1_amd64.deb ...
Unpacking libnettle4:amd64 (2.7.1-2+b1) ...
Selecting previously unselected package libarchive13:amd64.
Preparing to unpack .../libarchive13_3.1.2-8_amd64.deb ...
Unpacking libarchive13:amd64 (3.1.2-8) ...
Selecting previously unselected package libglib2.0-0:amd64.
Preparing to unpack .../libglib2.0-0_2.40.0-3_amd64.deb ...
Unpacking libglib2.0-0:amd64 (2.40.0-3) ...
Selecting previously unselected package libcroco3:amd64.
Preparing to unpack .../libcroco3_0.6.8-2_amd64.deb ...
Unpacking libcroco3:amd64 (0.6.8-2) ...
Selecting previously unselected package libssh2-1:amd64.
Preparing to unpack .../libssh2-1_1.4.3-3_amd64.deb ...
Unpacking libssh2-1:amd64 (1.4.3-3) ...
Selecting previously unselected package libcurl3:amd64.
Preparing to unpack .../libcurl3_7.37.0-1+b1_amd64.deb ...
Unpacking libcurl3:amd64 (7.37.0-1+b1) ...
Selecting previously unselected package libexpat1:amd64.
Preparing to unpack .../libexpat1_2.1.0-6_amd64.deb ...
Unpacking libexpat1:amd64 (2.1.0-6) ...
Selecting previously unselected package libpng12-0:amd64.
Preparing to unpack .../libpng12-0_1.2.50-1_amd64.deb ...
Unpacking libpng12-0:amd64 (1.2.50-1) ...
Selecting previously unselected package libfreetype6:amd64.
Preparing to unpack .../libfreetype6_2.5.2-1_amd64.deb ...
Unpacking libfreetype6:amd64 (2.5.2-1) ...
Selecting previously unselected package fonts-dejavu-core.
Preparing to unpack .../fonts-dejavu-core_2.34-1_all.deb ...
Unpacking fonts-dejavu-core (2.34-1) ...
Selecting previously unselected package fontconfig-config.
Preparing to unpack .../fontconfig-config_2.11.0-5_all.deb ...
Unpacking fontconfig-config (2.11.0-5) ...
Selecting previously unselected package libfontconfig1:amd64.
Preparing to unpack .../libfontconfig1_2.11.0-5_amd64.deb ...
Unpacking libfontconfig1:amd64 (2.11.0-5) ...
Selecting previously unselected package x11-common.
Preparing to unpack .../x11-common_1%3a7.7+7_all.deb ...
Unpacking x11-common (1:7.7+7) ...
Selecting previously unselected package libice6:amd64.
Preparing to unpack .../libice6_2%3a1.0.8-2_amd64.deb ...
Unpacking libice6:amd64 (2:1.0.8-2) ...
Selecting previously unselected package libsm6:amd64.
Preparing to unpack .../libsm6_2%3a1.2.1-2_amd64.deb ...
Unpacking libsm6:amd64 (2:1.2.1-2) ...
Selecting previously unselected package libtcl8.6:amd64.
Preparing to unpack .../libtcl8.6_8.6.1-6_amd64.deb ...
Unpacking libtcl8.6:amd64 (8.6.1-6) ...
Selecting previously unselected package libxau6:amd64.
Preparing to unpack .../libxau6_1%3a1.0.8-1_amd64.deb ...
Unpacking libxau6:amd64 (1:1.0.8-1) ...
Selecting previously unselected package libxdmcp6:amd64.
Preparing to unpack .../libxdmcp6_1%3a1.1.1-1_amd64.deb ...
Unpacking libxdmcp6:amd64 (1:1.1.1-1) ...
Selecting previously unselected package libxcb1:amd64.
Preparing to unpack .../libxcb1_1.10-3_amd64.deb ...
Unpacking libxcb1:amd64 (1.10-3) ...
Selecting previously unselected package libx11-data.
Preparing to unpack .../libx11-data_2%3a1.6.2-2_all.deb ...
Unpacking libx11-data (2:1.6.2-2) ...
Selecting previously unselected package libx11-6:amd64.
Preparing to unpack .../libx11-6_2%3a1.6.2-2_amd64.deb ...
Unpacking libx11-6:amd64 (2:1.6.2-2) ...
Selecting previously unselected package libxext6:amd64.
Preparing to unpack .../libxext6_2%3a1.3.2-1_amd64.deb ...
Unpacking libxext6:amd64 (2:1.3.2-1) ...
Selecting previously unselected package libxrender1:amd64.
Preparing to unpack .../libxrender1_1%3a0.9.8-1_amd64.deb ...
Unpacking libxrender1:amd64 (1:0.9.8-1) ...
Selecting previously unselected package libxft2:amd64.
Preparing to unpack .../libxft2_2.3.1-2_amd64.deb ...
Unpacking libxft2:amd64 (2.3.1-2) ...
Selecting previously unselected package libxss1:amd64.
Preparing to unpack .../libxss1_1%3a1.2.2-1_amd64.deb ...
Unpacking libxss1:amd64 (1:1.2.2-1) ...
Selecting previously unselected package libtk8.6:amd64.
Preparing to unpack .../libtk8.6_8.6.1-5_amd64.deb ...
Unpacking libtk8.6:amd64 (8.6.1-5) ...
Selecting previously unselected package libunistring0:amd64.
Preparing to unpack .../libunistring0_0.9.3-5_amd64.deb ...
Unpacking libunistring0:amd64 (0.9.3-5) ...
Selecting previously unselected package libxt6:amd64.
Preparing to unpack .../libxt6_1%3a1.1.4-1_amd64.deb ...
Unpacking libxt6:amd64 (1:1.1.4-1) ...
Selecting previously unselected package procps.
Preparing to unpack .../procps_1%3a3.3.9-5_amd64.deb ...
Unpacking procps (1:3.3.9-5) ...
Selecting previously unselected package file.
Preparing to unpack .../file_1%3a5.19-1_amd64.deb ...
Unpacking file (1:5.19-1) ...
Selecting previously unselected package gettext-base.
Preparing to unpack .../gettext-base_0.18.3.2-2_amd64.deb ...
Unpacking gettext-base (0.18.3.2-2) ...
Selecting previously unselected package autotools-dev.
Preparing to unpack .../autotools-dev_20140510.1_all.deb ...
Unpacking autotools-dev (20140510.1) ...
Selecting previously unselected package cmake-data.
Preparing to unpack .../cmake-data_2.8.12.1-1.4_all.deb ...
Unpacking cmake-data (2.8.12.1-1.4) ...
Selecting previously unselected package cmake.
Preparing to unpack .../cmake_2.8.12.1-1.4_amd64.deb ...
Unpacking cmake (2.8.12.1-1.4) ...
Selecting previously unselected package gettext.
Preparing to unpack .../gettext_0.18.3.2-2_amd64.deb ...
Unpacking gettext (0.18.3.2-2) ...
Selecting previously unselected package intltool-debian.
Preparing to unpack .../intltool-debian_0.35.0+20060710.1_all.deb ...
Unpacking intltool-debian (0.35.0+20060710.1) ...
Selecting previously unselected package po-debconf.
Preparing to unpack .../po-debconf_1.0.16+nmu2_all.deb ...
Unpacking po-debconf (1.0.16+nmu2) ...
Selecting previously unselected package debhelper.
Preparing to unpack .../debhelper_9.20140613_all.deb ...
Unpacking debhelper (9.20140613) ...
Selecting previously unselected package libexpat1-dev:amd64.
Preparing to unpack .../libexpat1-dev_2.1.0-6_amd64.deb ...
Unpacking libexpat1-dev:amd64 (2.1.0-6) ...
Selecting previously unselected package zlib1g-dev:amd64.
Preparing to unpack .../zlib1g-dev_1%3a1.2.8.dfsg-1_amd64.deb ...
Unpacking zlib1g-dev:amd64 (1:1.2.8.dfsg-1) ...
Selecting previously unselected package libpng12-dev.
Preparing to unpack .../libpng12-dev_1.2.50-1_amd64.deb ...
Unpacking libpng12-dev (1.2.50-1) ...
Selecting previously unselected package libfreetype6-dev.
Preparing to unpack .../libfreetype6-dev_2.5.2-1_amd64.deb ...
Unpacking libfreetype6-dev (2.5.2-1) ...
Selecting previously unselected package pkg-config.
Preparing to unpack .../pkg-config_0.28-1_amd64.deb ...
Unpacking pkg-config (0.28-1) ...
Selecting previously unselected package libfontconfig1-dev:amd64.
Preparing to unpack .../libfontconfig1-dev_2.11.0-5_amd64.deb ...
Unpacking libfontconfig1-dev:amd64 (2.11.0-5) ...
Selecting previously unselected package xorg-sgml-doctools.
Preparing to unpack .../xorg-sgml-doctools_1%3a1.11-1_all.deb ...
Unpacking xorg-sgml-doctools (1:1.11-1) ...
Selecting previously unselected package x11proto-core-dev.
Preparing to unpack .../x11proto-core-dev_7.0.26-1_all.deb ...
Unpacking x11proto-core-dev (7.0.26-1) ...
Selecting previously unselected package libice-dev:amd64.
Preparing to unpack .../libice-dev_2%3a1.0.8-2_amd64.deb ...
Unpacking libice-dev:amd64 (2:1.0.8-2) ...
Selecting previously unselected package libpthread-stubs0-dev:amd64.
Preparing to unpack .../libpthread-stubs0-dev_0.3-4_amd64.deb ...
Unpacking libpthread-stubs0-dev:amd64 (0.3-4) ...
Selecting previously unselected package libsm-dev:amd64.
Preparing to unpack .../libsm-dev_2%3a1.2.1-2_amd64.deb ...
Unpacking libsm-dev:amd64 (2:1.2.1-2) ...
Selecting previously unselected package libxau-dev:amd64.
Preparing to unpack .../libxau-dev_1%3a1.0.8-1_amd64.deb ...
Unpacking libxau-dev:amd64 (1:1.0.8-1) ...
Selecting previously unselected package libxdmcp-dev:amd64.
Preparing to unpack .../libxdmcp-dev_1%3a1.1.1-1_amd64.deb ...
Unpacking libxdmcp-dev:amd64 (1:1.1.1-1) ...
Selecting previously unselected package x11proto-input-dev.
Preparing to unpack .../x11proto-input-dev_2.3-1_all.deb ...
Unpacking x11proto-input-dev (2.3-1) ...
Selecting previously unselected package x11proto-kb-dev.
Preparing to unpack .../x11proto-kb-dev_1.0.6-2_all.deb ...
Unpacking x11proto-kb-dev (1.0.6-2) ...
Selecting previously unselected package xtrans-dev.
Preparing to unpack .../xtrans-dev_1.3.4-1_all.deb ...
Unpacking xtrans-dev (1.3.4-1) ...
Selecting previously unselected package libxcb1-dev:amd64.
Preparing to unpack .../libxcb1-dev_1.10-3_amd64.deb ...
Unpacking libxcb1-dev:amd64 (1.10-3) ...
Selecting previously unselected package libx11-dev:amd64.
Preparing to unpack .../libx11-dev_2%3a1.6.2-2_amd64.deb ...
Unpacking libx11-dev:amd64 (2:1.6.2-2) ...
Selecting previously unselected package x11proto-xext-dev.
Preparing to unpack .../x11proto-xext-dev_7.3.0-1_all.deb ...
Unpacking x11proto-xext-dev (7.3.0-1) ...
Selecting previously unselected package libxext-dev:amd64.
Preparing to unpack .../libxext-dev_2%3a1.3.2-1_amd64.deb ...
Unpacking libxext-dev:amd64 (2:1.3.2-1) ...
Selecting previously unselected package x11proto-render-dev.
Preparing to unpack .../x11proto-render-dev_2%3a0.11.1-2_all.deb ...
Unpacking x11proto-render-dev (2:0.11.1-2) ...
Selecting previously unselected package libxrender-dev:amd64.
Preparing to unpack .../libxrender-dev_1%3a0.9.8-1_amd64.deb ...
Unpacking libxrender-dev:amd64 (1:0.9.8-1) ...
Selecting previously unselected package libxft-dev.
Preparing to unpack .../libxft-dev_2.3.1-2_amd64.deb ...
Unpacking libxft-dev (2.3.1-2) ...
Selecting previously unselected package x11proto-scrnsaver-dev.
Preparing to unpack .../x11proto-scrnsaver-dev_1.2.2-1_all.deb ...
Unpacking x11proto-scrnsaver-dev (1.2.2-1) ...
Selecting previously unselected package libxss-dev:amd64.
Preparing to unpack .../libxss-dev_1%3a1.2.2-1_amd64.deb ...
Unpacking libxss-dev:amd64 (1:1.2.2-1) ...
Selecting previously unselected package libxt-dev:amd64.
Preparing to unpack .../libxt-dev_1%3a1.1.4-1_amd64.deb ...
Unpacking libxt-dev:amd64 (1:1.1.4-1) ...
Selecting previously unselected package tcl8.6.
Preparing to unpack .../tcl8.6_8.6.1-6_amd64.deb ...
Unpacking tcl8.6 (8.6.1-6) ...
Selecting previously unselected package tcl.
Preparing to unpack .../archives/tcl_8.6.0+8_amd64.deb ...
Unpacking tcl (8.6.0+8) ...
Selecting previously unselected package tcl8.6-dev:amd64.
Preparing to unpack .../tcl8.6-dev_8.6.1-6_amd64.deb ...
Unpacking tcl8.6-dev:amd64 (8.6.1-6) ...
Selecting previously unselected package tcl-dev:amd64.
Preparing to unpack .../tcl-dev_8.6.0+8_amd64.deb ...
Unpacking tcl-dev:amd64 (8.6.0+8) ...
Selecting previously unselected package tk8.6.
Preparing to unpack .../tk8.6_8.6.1-5_amd64.deb ...
Unpacking tk8.6 (8.6.1-5) ...
Selecting previously unselected package tk.
Preparing to unpack .../archives/tk_8.6.0+8_amd64.deb ...
Unpacking tk (8.6.0+8) ...
Selecting previously unselected package tk8.6-dev:amd64.
Preparing to unpack .../tk8.6-dev_8.6.1-5_amd64.deb ...
Unpacking tk8.6-dev:amd64 (8.6.1-5) ...
Selecting previously unselected package tk-dev:amd64.
Preparing to unpack .../tk-dev_8.6.0+8_amd64.deb ...
Unpacking tk-dev:amd64 (8.6.0+8) ...
Selecting previously unselected package sbuild-build-depends-otcl-dummy.
Preparing to unpack .../sbuild-build-depends-otcl-dummy.deb ...
Unpacking sbuild-build-depends-otcl-dummy (0.invalid.0) ...
Setting up libncursesw5:amd64 (5.9+20140118-1) ...
Setting up libpipeline1:amd64 (1.3.0-1) ...
Setting up libprocps3:amd64 (1:3.3.9-5) ...
Setting up libssl1.0.0:amd64 (1.0.1h-3) ...
Setting up groff-base (1.22.2-5) ...
Setting up bsdmainutils (9.0.5) ...
update-alternatives: using /usr/bin/bsd-write to provide /usr/bin/write (write) in auto mode
update-alternatives: using /usr/bin/bsd-from to provide /usr/bin/from (from) in auto mode
Setting up man-db (2.6.7.1-1) ...
Not building database; man-db/auto-update is not 'true'.
Setting up libasprintf0c2:amd64 (0.18.3.2-2) ...
Setting up libgpg-error0:amd64 (1.12-0.2) ...
Setting up libgcrypt11:amd64 (1.5.3-4) ...
Setting up libgcrypt20:amd64 (1.6.1-2) ...
Setting up libp11-kit0:amd64 (0.20.2-5) ...
Setting up libtasn1-6:amd64 (3.6-3) ...
Setting up libgnutls26:amd64 (2.12.23-16) ...
Setting up libkeyutils1:amd64 (1.5.9-4) ...
Setting up libkrb5support0:amd64 (1.12.1+dfsg-3) ...
Setting up libk5crypto3:amd64 (1.12.1+dfsg-3) ...
Setting up libkrb5-3:amd64 (1.12.1+dfsg-3) ...
Setting up libgssapi-krb5-2:amd64 (1.12.1+dfsg-3) ...
Setting up libidn11:amd64 (1.28-2) ...
Setting up libsasl2-modules-db:amd64 (2.1.26.dfsg1-9) ...
Setting up libsasl2-2:amd64 (2.1.26.dfsg1-9) ...
Setting up libldap-2.4-2:amd64 (2.4.39-1) ...
Setting up libmagic1:amd64 (1:5.19-1) ...
Setting up libxml2:amd64 (2.9.1+dfsg1-3) ...
Setting up liblzo2-2:amd64 (2.06-1.2) ...
Setting up libnettle4:amd64 (2.7.1-2+b1) ...
Setting up libarchive13:amd64 (3.1.2-8) ...
Setting up libglib2.0-0:amd64 (2.40.0-3) ...
No schema files found: doing nothing.
Setting up libcroco3:amd64 (0.6.8-2) ...
Setting up libssh2-1:amd64 (1.4.3-3) ...
Setting up libcurl3:amd64 (7.37.0-1+b1) ...
Setting up libexpat1:amd64 (2.1.0-6) ...
Setting up libpng12-0:amd64 (1.2.50-1) ...
Setting up libfreetype6:amd64 (2.5.2-1) ...
Setting up fonts-dejavu-core (2.34-1) ...
Setting up fontconfig-config (2.11.0-5) ...
Setting up libfontconfig1:amd64 (2.11.0-5) ...
Setting up x11-common (1:7.7+7) ...
update-rc.d: warning: start and stop actions are no longer supported; falling back to defaults
All runlevel operations denied by policy
invoke-rc.d: policy-rc.d denied execution of start.
Setting up libice6:amd64 (2:1.0.8-2) ...
Setting up libsm6:amd64 (2:1.2.1-2) ...
Setting up libtcl8.6:amd64 (8.6.1-6) ...
Setting up libxau6:amd64 (1:1.0.8-1) ...
Setting up libxdmcp6:amd64 (1:1.1.1-1) ...
Setting up libxcb1:amd64 (1.10-3) ...
Setting up libx11-data (2:1.6.2-2) ...
Setting up libx11-6:amd64 (2:1.6.2-2) ...
Setting up libxext6:amd64 (2:1.3.2-1) ...
Setting up libxrender1:amd64 (1:0.9.8-1) ...
Setting up libxft2:amd64 (2.3.1-2) ...
Setting up libxss1:amd64 (1:1.2.2-1) ...
Setting up libtk8.6:amd64 (8.6.1-5) ...
Setting up libunistring0:amd64 (0.9.3-5) ...
Setting up libxt6:amd64 (1:1.1.4-1) ...
Setting up procps (1:3.3.9-5) ...
update-alternatives: using /usr/bin/w.procps to provide /usr/bin/w (w) in auto mode
All runlevel operations denied by policy
invoke-rc.d: policy-rc.d denied execution of start.
Setting up file (1:5.19-1) ...
Setting up gettext-base (0.18.3.2-2) ...
Setting up autotools-dev (20140510.1) ...
Setting up cmake-data (2.8.12.1-1.4) ...
Setting up cmake (2.8.12.1-1.4) ...
Setting up gettext (0.18.3.2-2) ...
Setting up intltool-debian (0.35.0+20060710.1) ...
Setting up po-debconf (1.0.16+nmu2) ...
Setting up debhelper (9.20140613) ...
Setting up libexpat1-dev:amd64 (2.1.0-6) ...
Setting up zlib1g-dev:amd64 (1:1.2.8.dfsg-1) ...
Setting up libpng12-dev (1.2.50-1) ...
Setting up libfreetype6-dev (2.5.2-1) ...
Setting up pkg-config (0.28-1) ...
Setting up libfontconfig1-dev:amd64 (2.11.0-5) ...
Setting up xorg-sgml-doctools (1:1.11-1) ...
Setting up x11proto-core-dev (7.0.26-1) ...
Setting up libice-dev:amd64 (2:1.0.8-2) ...
Setting up libpthread-stubs0-dev:amd64 (0.3-4) ...
Setting up libsm-dev:amd64 (2:1.2.1-2) ...
Setting up libxau-dev:amd64 (1:1.0.8-1) ...
Setting up libxdmcp-dev:amd64 (1:1.1.1-1) ...
Setting up x11proto-input-dev (2.3-1) ...
Setting up x11proto-kb-dev (1.0.6-2) ...
Setting up xtrans-dev (1.3.4-1) ...
Setting up libxcb1-dev:amd64 (1.10-3) ...
Setting up libx11-dev:amd64 (2:1.6.2-2) ...
Setting up x11proto-xext-dev (7.3.0-1) ...
Setting up libxext-dev:amd64 (2:1.3.2-1) ...
Setting up x11proto-render-dev (2:0.11.1-2) ...
Setting up libxrender-dev:amd64 (1:0.9.8-1) ...
Setting up libxft-dev (2.3.1-2) ...
Setting up x11proto-scrnsaver-dev (1.2.2-1) ...
Setting up libxss-dev:amd64 (1:1.2.2-1) ...
Setting up libxt-dev:amd64 (1:1.1.4-1) ...
Setting up tcl8.6 (8.6.1-6) ...
Setting up tcl (8.6.0+8) ...
Setting up tcl8.6-dev:amd64 (8.6.1-6) ...
Setting up tcl-dev:amd64 (8.6.0+8) ...
Setting up tk8.6 (8.6.1-5) ...
Setting up tk (8.6.0+8) ...
Setting up tk8.6-dev:amd64 (8.6.1-5) ...
Setting up tk-dev:amd64 (8.6.0+8) ...
Setting up sbuild-build-depends-otcl-dummy (0.invalid.0) ...
Processing triggers for libc-bin (2.19-2) ...

┌──────────────────────────────────────────────────────────────────────────────┐
│ Build environment                                                            │
└──────────────────────────────────────────────────────────────────────────────┘

Kernel: Linux 2.6.32-5-xen-amd64 amd64 (x86_64)
Toolchain package versions: binutils_2.24.51.20140604-3 dpkg-dev_1.17.10 g++-4.6_4.6.4-7 g++-4.9_4.9.0-6 gcc-4.6_4.6.4-7 gcc-4.7_4.7.4-1 gcc-4.9_4.9.0-6 libc6-dev_2.19-2 libstdc++-4.9-dev_4.9.0-6 libstdc++6_4.9.0-6 libstdc++6-4.6-dev_4.6.4-7 linux-libc-dev_3.14.7-1
Package versions: apt_1.0.4 autotools-dev_20140510.1 base-files_7.3 base-passwd_3.5.33 bash_4.3-7 binutils_2.24.51.20140604-3 bsdmainutils_9.0.5 bsdutils_1:2.20.1-5.8 build-essential_11.6 bzip2_1.0.6-5 clang-3.4_1:3.4.2-2 cmake_2.8.12.1-1.4 cmake-data_2.8.12.1-1.4 coreutils_8.21-1.2 cpp_4:4.9.0-3 cpp-4.6_4.6.4-7 cpp-4.7_4.7.4-1 cpp-4.9_4.9.0-6 dash_0.5.7-4 debconf_1.5.53 debconf-i18n_1.5.53 debfoster_2.7-1.2 debhelper_9.20140613 debian-archive-keyring_2012.4 debianutils_4.4 diffutils_1:3.3-1 dpkg_1.17.10 dpkg-dev_1.17.10 e2fslibs_1.42.10-1 e2fsprogs_1.42.10-1 fakeroot_1.20-3 file_1:5.19-1 findutils_4.4.2-8 fontconfig-config_2.11.0-5 fonts-dejavu-core_2.34-1 g++_4:4.9.0-3 g++-4.6_4.6.4-7 g++-4.9_4.9.0-6 gcc_4:4.9.0-3 gcc-4.4-base_4.4.7-8 gcc-4.5-base_4.5.4-1 gcc-4.6_4.6.4-7 gcc-4.6-base_4.6.4-7 gcc-4.7_4.7.4-1 gcc-4.7-base_4.7.4-1 gcc-4.8-base_4.8.3-3 gcc-4.9_4.9.0-6 gcc-4.9-base_4.9.0-6 gettext_0.18.3.2-2 gettext-base_0.18.3.2-2 gnupg_1.4.16-1.1 gpgv_1.4.16-1.1 grep_2.18-2 groff-base_1.22.2-5 gzip_1.6-3 hostname_3.15 initscripts_2.88dsf-53.2 insserv_1.14.0-5 intltool-debian_0.35.0+20060710.1 libacl1_2.2.52-1 libapt-pkg4.12_1.0.4 libarchive-extract-perl_0.72-1 libarchive13_3.1.2-8 libasan1_4.9.0-6 libasprintf0c2_0.18.3.2-2 libatomic1_4.9.0-6 libattr1_1:2.4.47-1 libaudit-common_1:2.3.7-1 libaudit1_1:2.3.7-1 libblkid1_2.20.1-5.8 libbz2-1.0_1.0.6-5 libc-bin_2.19-2 libc-dev-bin_2.19-2 libc6_2.19-2 libc6-dev_2.19-2 libcap2_1:2.22-1.2 libcilkrts5_4.9.0-6 libclang-common-3.4-dev_1:3.4.2-2 libclang1-3.4_1:3.4.2-2 libclass-isa-perl_0.36-5 libcloog-isl4_0.18.2-1 libcloog-ppl1_0.16.1-5 libcomerr2_1.42.10-1 libcroco3_0.6.8-2 libcurl3_7.37.0-1+b1 libdb5.1_5.1.29-5 libdb5.3_5.3.28-3 libdebconfclient0_0.191 libdpkg-perl_1.17.10 libexpat1_2.1.0-6 libexpat1-dev_2.1.0-6 libfakeroot_1.20-3 libffi6_3.1-2 libfile-fcntllock-perl_0.20-1 libfontconfig1_2.11.0-5 libfontconfig1-dev_2.11.0-5 libfreetype6_2.5.2-1 libfreetype6-dev_2.5.2-1 libgc1c2_1:7.2d-6 libgcc-4.7-dev_4.7.4-1 libgcc-4.9-dev_4.9.0-6 libgcc1_1:4.9.0-6 libgcrypt11_1.5.3-4 libgcrypt20_1.6.1-2 libgdbm3_1.8.3-12 libglib2.0-0_2.40.0-3 libgmp10_2:6.0.0+dfsg-4 libgmpxx4ldbl_2:6.0.0+dfsg-4 libgnutls26_2.12.23-16 libgomp1_4.9.0-6 libgpg-error0_1.12-0.2 libgpm2_1.20.4-6.1 libgssapi-krb5-2_1.12.1+dfsg-3 libice-dev_2:1.0.8-2 libice6_2:1.0.8-2 libidn11_1.28-2 libisl10_0.12.2-1 libitm1_4.9.0-6 libk5crypto3_1.12.1+dfsg-3 libkeyutils1_1.5.9-4 libkrb5-3_1.12.1+dfsg-3 libkrb5support0_1.12.1+dfsg-3 libldap-2.4-2_2.4.39-1 libllvm3.4_1:3.4.2-2 liblocale-gettext-perl_1.05-8 liblog-message-simple-perl_0.10-1 liblsan0_4.9.0-6 liblzma5_5.1.1alpha+20120614-2 liblzo2-2_2.06-1.2 libmagic1_1:5.19-1 libmodule-pluggable-perl_5.1-1 libmount1_2.20.1-5.8 libmpc2_0.9-4 libmpc3_1.0.1-1 libmpfr4_3.1.2-1 libncurses5_5.9+20140118-1 libncursesw5_5.9+20140118-1 libnettle4_2.7.1-2+b1 libobjc-4.9-dev_4.9.0-6 libobjc4_4.9.0-6 libp11-kit0_0.20.2-5 libpam-modules_1.1.8-3 libpam-modules-bin_1.1.8-3 libpam-runtime_1.1.8-3 libpam0g_1.1.8-3 libpcre3_1:8.31-5 libpipeline1_1.3.0-1 libpng12-0_1.2.50-1 libpng12-dev_1.2.50-1 libpod-latex-perl_0.61-1 libppl-c4_1:1.1-2+b1 libppl13_1:1.1-2+b1 libprocps3_1:3.3.9-5 libpthread-stubs0-dev_0.3-4 libquadmath0_4.9.0-6 libreadline6_6.3-6 libsasl2-2_2.1.26.dfsg1-9 libsasl2-modules-db_2.1.26.dfsg1-9 libselinux1_2.3-1 libsemanage-common_2.3-1 libsemanage1_2.3-1 libsepol1_2.3-1 libslang2_2.2.4-16 libsm-dev_2:1.2.1-2 libsm6_2:1.2.1-2 libss2_1.42.10-1 libssh2-1_1.4.3-3 libssl1.0.0_1.0.1h-3 libstdc++-4.9-dev_4.9.0-6 libstdc++6_4.9.0-6 libstdc++6-4.6-dev_4.6.4-7 libswitch-perl_2.17-1 libtasn1-6_3.6-3 libtcl8.6_8.6.1-6 libterm-ui-perl_0.42-1 libtext-charwidth-perl_0.04-7+b2 libtext-iconv-perl_1.7-5+b1 libtext-soundex-perl_3.4-1+b1 libtext-wrapi18n-perl_0.06-7 libtimedate-perl_2.3000-2 libtinfo5_5.9+20140118-1 libtk8.6_8.6.1-5 libtsan0_4.9.0-6 libubsan0_4.9.0-6 libunistring0_0.9.3-5 libusb-0.1-4_2:0.1.12-23.3 libustr-1.0-1_1.0.4-3 libuuid1_2.20.1-5.8 libvtv0_4.9.0-6 libx11-6_2:1.6.2-2 libx11-data_2:1.6.2-2 libx11-dev_2:1.6.2-2 libxau-dev_1:1.0.8-1 libxau6_1:1.0.8-1 libxcb1_1.10-3 libxcb1-dev_1.10-3 libxdmcp-dev_1:1.1.1-1 libxdmcp6_1:1.1.1-1 libxext-dev_2:1.3.2-1 libxext6_2:1.3.2-1 libxft-dev_2.3.1-2 libxft2_2.3.1-2 libxml2_2.9.1+dfsg1-3 libxrender-dev_1:0.9.8-1 libxrender1_1:0.9.8-1 libxss-dev_1:1.2.2-1 libxss1_1:1.2.2-1 libxt-dev_1:1.1.4-1 libxt6_1:1.1.4-1 linux-libc-dev_3.14.7-1 login_1:4.2-2 lsb-base_4.1+Debian13 make_4.0-8 man-db_2.6.7.1-1 mawk_1.3.3-17 mount_2.20.1-5.8 multiarch-support_2.19-2 ncurses-base_5.9+20140118-1 ncurses-bin_5.9+20140118-1 passwd_1:4.2-2 patch_2.7.1-5 perl_5.18.2-4 perl-base_5.18.2-4 perl-modules_5.18.2-4 pkg-config_0.28-1 po-debconf_1.0.16+nmu2 procps_1:3.3.9-5 readline-common_6.3-6 rename_0.20-3 sbuild-build-depends-core-dummy_0.invalid.0 sbuild-build-depends-otcl-dummy_0.invalid.0 sed_4.2.2-4 sensible-utils_0.0.9 startpar_0.59-3 sudo_1.8.9p5-1 sysv-rc_2.88dsf-53.2 sysvinit_2.88dsf-53.2 sysvinit-core_2.88dsf-53.2 sysvinit-utils_2.88dsf-53.2 tar_1.27.1-2 tcl_8.6.0+8 tcl-dev_8.6.0+8 tcl8.6_8.6.1-6 tcl8.6-dev_8.6.1-6 tk_8.6.0+8 tk-dev_8.6.0+8 tk8.6_8.6.1-5 tk8.6-dev_8.6.1-5 tzdata_2014e-1 ucf_3.0030 util-linux_2.20.1-5.8 vim_2:7.4.273-2+b1 vim-common_2:7.4.273-2+b1 vim-runtime_2:7.4.273-2 x11-common_1:7.7+7 x11proto-core-dev_7.0.26-1 x11proto-input-dev_2.3-1 x11proto-kb-dev_1.0.6-2 x11proto-render-dev_2:0.11.1-2 x11proto-scrnsaver-dev_1.2.2-1 x11proto-xext-dev_7.3.0-1 xorg-sgml-doctools_1:1.11-1 xtrans-dev_1.3.4-1 xz-utils_5.1.1alpha+20120614-2 zlib1g_1:1.2.8.dfsg-1 zlib1g-dev_1:1.2.8.dfsg-1

┌──────────────────────────────────────────────────────────────────────────────┐
│ Build                                                                        │
└──────────────────────────────────────────────────────────────────────────────┘


Unpack source
─────────────

gpgv: keyblock resource `/sbuild-nonexistent/.gnupg/trustedkeys.gpg': file open error
gpgv: Signature made Sun Feb  9 15:12:11 2014 UTC using RSA key ID 242E199E
gpgv: Can't check signature: public key not found
dpkg-source: warning: failed to verify signature on ./otcl_1.14+dfsg-3.dsc
dpkg-source: info: extracting otcl in otcl-1.14+dfsg
dpkg-source: info: unpacking otcl_1.14+dfsg.orig.tar.gz
dpkg-source: info: unpacking otcl_1.14+dfsg-3.debian.tar.xz

Check disc space
────────────────

Sufficient free space for build

Hack binNMU version
───────────────────

Created changelog entry for binNMU version 1.14+dfsg-3clang1

User Environment
────────────────

DEB_BUILD_OPTIONS=parallel=10
HOME=/sbuild-nonexistent
LOGNAME=user
PATH=/usr/local/sbin:/usr/local/bin:/usr/sbin:/usr/bin:/sbin:/bin:/usr/games
SCHROOT_ALIAS_NAME=unstable-amd64-sbuild
SCHROOT_CHROOT_NAME=unstable-amd64-sbuild
SCHROOT_COMMAND=env
SCHROOT_GID=1000
SCHROOT_GROUP=user
SCHROOT_SESSION_ID=unstable-amd64-sbuild-69e2affd-0724-4b07-aa5f-b711e733afb2
SCHROOT_UID=1000
SCHROOT_USER=user
SHELL=/bin/sh
USER=user

dpkg-buildpackage
─────────────────

dpkg-buildpackage: source package otcl
dpkg-buildpackage: source version 1.14+dfsg-3clang1
dpkg-buildpackage: source distribution unstable
 dpkg-source --before-build otcl-1.14+dfsg
dpkg-buildpackage: host architecture amd64
 fakeroot debian/rules clean
dh  clean
   dh_testdir
   dh_auto_clean
   dh_clean
 debian/rules build-arch
dh  build-arch
   dh_testdir -a
   debian/rules override_dh_auto_configure
make[1]: Entering directory '/«BUILDDIR»/otcl-1.14+dfsg'
cp debian/CMakeLists.txt .
cp debian/otcl.pc.cmake .
dh_auto_configure -Scmake -- -DLIB_INSTALL_DIR=\${prefix}/lib/x86_64-linux-gnu
-- The C compiler identification is Clang 3.4.2
-- The CXX compiler identification is Clang 3.4.2
-- Check for working C compiler: /usr/bin/cc
-- Check for working C compiler: /usr/bin/cc -- works
-- Detecting C compiler ABI info
-- Detecting C compiler ABI info - done
-- Check for working CXX compiler: /usr/bin/c++
-- Check for working CXX compiler: /usr/bin/c++ -- works
-- Detecting CXX compiler ABI info
-- Detecting CXX compiler ABI info - done
${prefix}/lib/x86_64-linux-gnu
/usr
-- Found Tclsh: /usr/bin/tclsh (found version "8.6") 
-- Found TCL: /usr/lib/x86_64-linux-gnu/libtcl.so  
-- Found TCLTK: /usr/lib/x86_64-linux-gnu/libtcl.so  
-- Found TK: /usr/lib/x86_64-linux-gnu/libtk.so  
-- Configuring done
-- Generating done
-- Build files have been written to: /«BUILDDIR»/otcl-1.14+dfsg/obj-x86_64-linux-gnu
make[1]: Leaving directory '/«BUILDDIR»/otcl-1.14+dfsg'
   dh_auto_build -a
make[1]: Entering directory '/«BUILDDIR»/otcl-1.14+dfsg/obj-x86_64-linux-gnu'
/usr/bin/cmake -H/«BUILDDIR»/otcl-1.14+dfsg -B/«BUILDDIR»/otcl-1.14+dfsg/obj-x86_64-linux-gnu --check-build-system CMakeFiles/Makefile.cmake 0
/usr/bin/cmake -E cmake_progress_start /«BUILDDIR»/otcl-1.14+dfsg/obj-x86_64-linux-gnu/CMakeFiles /«BUILDDIR»/otcl-1.14+dfsg/obj-x86_64-linux-gnu/CMakeFiles/progress.marks
make -f CMakeFiles/Makefile2 all
make[2]: Entering directory '/«BUILDDIR»/otcl-1.14+dfsg/obj-x86_64-linux-gnu'
make -f CMakeFiles/otcl.dir/build.make CMakeFiles/otcl.dir/depend
make[3]: Entering directory '/«BUILDDIR»/otcl-1.14+dfsg/obj-x86_64-linux-gnu'
cd /«BUILDDIR»/otcl-1.14+dfsg/obj-x86_64-linux-gnu && /usr/bin/cmake -E cmake_depends "Unix Makefiles" /«BUILDDIR»/otcl-1.14+dfsg /«BUILDDIR»/otcl-1.14+dfsg /«BUILDDIR»/otcl-1.14+dfsg/obj-x86_64-linux-gnu /«BUILDDIR»/otcl-1.14+dfsg/obj-x86_64-linux-gnu /«BUILDDIR»/otcl-1.14+dfsg/obj-x86_64-linux-gnu/CMakeFiles/otcl.dir/DependInfo.cmake --color=
Scanning dependencies of target otcl
make[3]: Leaving directory '/«BUILDDIR»/otcl-1.14+dfsg/obj-x86_64-linux-gnu'
make -f CMakeFiles/otcl.dir/build.make CMakeFiles/otcl.dir/build
make[3]: Entering directory '/«BUILDDIR»/otcl-1.14+dfsg/obj-x86_64-linux-gnu'
/usr/bin/cmake -E cmake_progress_report /«BUILDDIR»/otcl-1.14+dfsg/obj-x86_64-linux-gnu/CMakeFiles 1
[ 25%] Building C object CMakeFiles/otcl.dir/otcl.c.o
/usr/bin/cc  -DUSE_INTERP_ERRORLINE -DUSE_INTERP_RESULT -Dotcl_EXPORTS -g -O2 -fstack-protector --param=ssp-buffer-size=4 -Wformat -Werror=format-security -D_FORTIFY_SOURCE=2  -fPIC -I/«BUILDDIR»/otcl-1.14+dfsg/obj-x86_64-linux-gnu -I/«BUILDDIR»/otcl-1.14+dfsg -I/usr/include/tcl -I/usr/include/tcl/tcl-private/generic -I/usr/include/tcl/tcl-private/generic/../unix    -o CMakeFiles/otcl.dir/otcl.c.o   -c /«BUILDDIR»/otcl-1.14+dfsg/otcl.c
In file included from /«BUILDDIR»/otcl-1.14+dfsg/otcl.c:21:
/usr/include/tcl/tcl-private/generic/tclInt.h:54:13: error: typedef redefinition with different types ('int' vs 'long')
typedef int ptrdiff_t;
            ^
/usr/include/clang/3.4.2/include/stddef.h:34:26: note: previous definition is here
typedef __PTRDIFF_TYPE__ ptrdiff_t;
                         ^
/«BUILDDIR»/otcl-1.14+dfsg/otcl.c:465:31: warning: 'errorLine' is deprecated [-Wdeprecated-declarations]
                    old_args2, argv[1], in->errorLine);
                                            ^
/usr/include/x86_64-linux-gnu/bits/stdio2.h:39:7: note: expanded from macro 'sprintf'
                           __VA_ARGS__)
                           ^
/usr/include/tcl/tcl-private/generic/tcl.h:526:9: note: 'errorLine' declared here
    int errorLine TCL_DEPRECATED_API("use Tcl_GetErrorLine/Tcl_SetErrorLine");
        ^
/«BUILDDIR»/otcl-1.14+dfsg/otcl.c:502:35: warning: 'errorLine' is deprecated [-Wdeprecated-declarations]
                    cl ? args[2] : argv[0], in->errorLine);
                                                ^
/usr/include/x86_64-linux-gnu/bits/stdio2.h:39:7: note: expanded from macro 'sprintf'
                           __VA_ARGS__)
                           ^
/usr/include/tcl/tcl-private/generic/tcl.h:526:9: note: 'errorLine' declared here
    int errorLine TCL_DEPRECATED_API("use Tcl_GetErrorLine/Tcl_SetErrorLine");
        ^
/«BUILDDIR»/otcl-1.14+dfsg/otcl.c:784:14: warning: cast to 'Proc *' (aka 'struct Proc *') from smaller integer type 'int' [-Wint-to-pointer-cast]
      return Tcl_CmdInfoGetProc(co);
             ^
/«BUILDDIR»/otcl-1.14+dfsg/otcl.c:74:32: note: expanded from macro 'Tcl_CmdInfoGetProc'
#define Tcl_CmdInfoGetProc(co) (Proc *)(co->isNativeObjectProc) ? co->objClientData : co->clientData;
                               ^
/«BUILDDIR»/otcl-1.14+dfsg/otcl.c:1604:51: warning: 'result' is deprecated [-Wdeprecated-declarations]
  result = Tcl_VarEval(in, argv[4], " init ", in->result, 0);
                                                  ^
/usr/include/tcl/tcl-private/generic/tcl.h:509:11: note: 'result' declared here
    char *result TCL_DEPRECATED_API("use Tcl_GetStringResult/Tcl_SetResult");
          ^
4 warnings and 1 error generated.
make[3]: *** [CMakeFiles/otcl.dir/otcl.c.o] Error 1
CMakeFiles/otcl.dir/build.make:57: recipe for target 'CMakeFiles/otcl.dir/otcl.c.o' failed
make[3]: Leaving directory '/«BUILDDIR»/otcl-1.14+dfsg/obj-x86_64-linux-gnu'
make[2]: *** [CMakeFiles/otcl.dir/all] Error 2
make[1]: *** [all] Error 2
dh_auto_build: make -j1 returned exit code 2
CMakeFiles/Makefile2:63: recipe for target 'CMakeFiles/otcl.dir/all' failed
make[2]: Leaving directory '/«BUILDDIR»/otcl-1.14+dfsg/obj-x86_64-linux-gnu'
Makefile:126: recipe for target 'all' failed
make[1]: Leaving directory '/«BUILDDIR»/otcl-1.14+dfsg/obj-x86_64-linux-gnu'
make: *** [build-arch] Error 2
dpkg-buildpackage: error: debian/rules build-arch gave error exit status 2
debian/rules:8: recipe for target 'build-arch' failed
────────────────────────────────────────────────────────────────────────────────
Build finished at 20140617-1515

Finished
────────

E: Build failure (dpkg-buildpackage died)

┌──────────────────────────────────────────────────────────────────────────────┐
│ Cleanup                                                                      │
└──────────────────────────────────────────────────────────────────────────────┘

Purging /«BUILDDIR»
Not cleaning session: cloned chroot in use

┌──────────────────────────────────────────────────────────────────────────────┐
│ Summary                                                                      │
└──────────────────────────────────────────────────────────────────────────────┘

Build Architecture: amd64
Build-Space: 1172
Build-Time: 3
Distribution: unstable
Fail-Stage: build
Host Architecture: amd64
Install-Time: 18
Job: otcl_1.14+dfsg-3
Machine Architecture: amd64
Package: otcl
Package-Time: 50
Source-Version: 1.14+dfsg-3
Space: 1172
Status: attempted
Version: 1.14+dfsg-3clang1
────────────────────────────────────────────────────────────────────────────────
Finished at 20140617-1515
Build needed 00:00:50, 1172k disc space
DC-Status: Failed 50.944395058s
DC-Time-Estimation: 50.944395058 versus expected 150 (r/m: 1.9443867147548926 ; m: 50.944395058)
