DC-Build-Header: xen 4.3.0-3 / 2014-06-17 11:31:59 +0000
DC-Task: source:xen version:4.3.0-3 architecture:any chroot:unstable esttime:1642 logfile:/tmp/xen_4.3.0-3_unstable_clang.log modes:binary-only:parallel:clang
DC-Sbuild-call: su user -c 'sbuild -n --apt-update -d unstable -v  --chroot-setup-commands=/tmp/switch-to-clang --append-to-version "clang1" --maintainer "Lucas Nussbaum <lucas@debian.org>" --uploader "Lucas Nussbaum <lucas@debian.org>" xen_4.3.0-3'
sbuild (Debian sbuild) 0.63.2 (18 Aug 2012) on ip-172-31-1-17.us-west-2.compute.internal

╔══════════════════════════════════════════════════════════════════════════════╗
║ xen 4.3.0-3clang1 (amd64)                                  17 Jun 2014 11:32 ║
╚══════════════════════════════════════════════════════════════════════════════╝

Package: xen
Version: 4.3.0-3clang1
Source Version: 4.3.0-3
Distribution: unstable
Machine Architecture: amd64
Host Architecture: amd64
Build Architecture: amd64

I: NOTICE: Log filtering will replace 'build/xen-XeYkOh/xen-4.3.0' with '«PKGBUILDDIR»'
I: NOTICE: Log filtering will replace 'build/xen-XeYkOh' with '«BUILDDIR»'
I: NOTICE: Log filtering will replace 'var/lib/schroot/mount/unstable-amd64-sbuild-a6da80ec-c3a7-4be8-9182-c5fa430c6477' with '«CHROOT»'

┌──────────────────────────────────────────────────────────────────────────────┐
│ Update chroot                                                                │
└──────────────────────────────────────────────────────────────────────────────┘

Get:1 http://localhost:9999 unstable InRelease [206 kB]
Ign http://localhost:9999 unstable/main Sources/DiffIndex
Ign http://localhost:9999 unstable/main amd64 Packages/DiffIndex
Get:2 http://localhost:9999 unstable/main Translation-en/DiffIndex [7876 B]
Get:3 http://localhost:9999 unstable/main 2014-06-16-2054.31.pdiff [699 B]
Get:4 http://localhost:9999 unstable/main 2014-06-16-2054.31.pdiff [699 B]
Get:5 http://localhost:9999 unstable/main Sources [9439 kB]
Get:6 http://localhost:9999 unstable/main amd64 Packages [9063 kB]
Fetched 18.7 MB in 4s (4272 kB/s)
Reading package lists...
Reading package lists...
Building dependency tree...
Reading state information...
The following packages will be upgraded:
  libc-bin libc-dev-bin libc6 libc6-dev linux-libc-dev multiarch-support
6 upgraded, 0 newly installed, 0 to remove and 0 not upgraded.
Need to get 9447 kB of archives.
After this operation, 10.2 kB of additional disk space will be used.
Get:1 http://localhost:9999/debian/ unstable/main libc6-dev amd64 2.19-2 [2000 kB]
Get:2 http://localhost:9999/debian/ unstable/main libc-dev-bin amd64 2.19-2 [235 kB]
Get:3 http://localhost:9999/debian/ unstable/main linux-libc-dev amd64 3.14.7-1 [937 kB]
Get:4 http://localhost:9999/debian/ unstable/main libc-bin amd64 2.19-2 [1288 kB]
Get:5 http://localhost:9999/debian/ unstable/main libc6 amd64 2.19-2 [4816 kB]
Get:6 http://localhost:9999/debian/ unstable/main multiarch-support amd64 2.19-2 [171 kB]
debconf: delaying package configuration, since apt-utils is not installed
Fetched 9447 kB in 0s (33.3 MB/s)
(Reading database ... 14215 files and directories currently installed.)
Preparing to unpack .../libc6-dev_2.19-2_amd64.deb ...
Unpacking libc6-dev:amd64 (2.19-2) over (2.19-1) ...
Preparing to unpack .../libc-dev-bin_2.19-2_amd64.deb ...
Unpacking libc-dev-bin (2.19-2) over (2.19-1) ...
Preparing to unpack .../linux-libc-dev_3.14.7-1_amd64.deb ...
Unpacking linux-libc-dev:amd64 (3.14.7-1) over (3.14.5-1) ...
Preparing to unpack .../libc-bin_2.19-2_amd64.deb ...
Unpacking libc-bin (2.19-2) over (2.19-1) ...
Preparing to unpack .../libc6_2.19-2_amd64.deb ...
Unpacking libc6:amd64 (2.19-2) over (2.19-1) ...
Setting up libc6:amd64 (2.19-2) ...
Setting up libc-bin (2.19-2) ...
(Reading database ... 14216 files and directories currently installed.)
Preparing to unpack .../multiarch-support_2.19-2_amd64.deb ...
Unpacking multiarch-support (2.19-2) over (2.19-1) ...
Setting up multiarch-support (2.19-2) ...
Setting up libc-dev-bin (2.19-2) ...
Setting up linux-libc-dev:amd64 (3.14.7-1) ...
Setting up libc6-dev:amd64 (2.19-2) ...

┌──────────────────────────────────────────────────────────────────────────────┐
│ Fetch source files                                                           │
└──────────────────────────────────────────────────────────────────────────────┘


Check APT
─────────

Checking available source versions...

Download source files with APT
──────────────────────────────

Reading package lists...
Building dependency tree...
Reading state information...
Need to get 5413 kB of source archives.
Get:1 http://localhost:9999/debian/ unstable/main xen 4.3.0-3 (dsc) [1903 B]
Get:2 http://localhost:9999/debian/ unstable/main xen 4.3.0-3 (tar) [5356 kB]
Get:3 http://localhost:9999/debian/ unstable/main xen 4.3.0-3 (diff) [55.1 kB]
Fetched 5413 kB in 2s (2431 kB/s)
Download complete and in download only mode

Check arch
──────────


┌──────────────────────────────────────────────────────────────────────────────┐
│ Chroot Setup Commands                                                        │
└──────────────────────────────────────────────────────────────────────────────┘


/tmp/switch-to-clang
────────────────────

+ echo 'Entering customization script...'
Entering customization script...
+ echo 'Install of clang-3.4'
Install of clang-3.4
+ apt-get update
Hit http://localhost:9999 unstable InRelease
Ign http://localhost:9999 unstable/main Sources/DiffIndex
Ign http://localhost:9999 unstable/main amd64 Packages/DiffIndex
Hit http://localhost:9999 unstable/main Translation-en/DiffIndex
Hit http://localhost:9999 unstable/main Sources
Hit http://localhost:9999 unstable/main amd64 Packages
Reading package lists...
+ apt-get install --yes --no-install-recommends --force-yes clang-3.4
Reading package lists...
Building dependency tree...
Reading state information...
The following extra packages will be installed:
  libclang-common-3.4-dev libclang1-3.4 libffi6 libllvm3.4 libobjc-4.9-dev
  libobjc4
Suggested packages:
  gnustep gnustep-devel
Recommended packages:
  llvm-3.4-dev python
The following NEW packages will be installed:
  clang-3.4 libclang-common-3.4-dev libclang1-3.4 libffi6 libllvm3.4
  libobjc-4.9-dev libobjc4
0 upgraded, 7 newly installed, 0 to remove and 0 not upgraded.
Need to get 30.6 MB of archives.
After this operation, 118 MB of additional disk space will be used.
Get:1 http://localhost:9999/debian/ unstable/main libffi6 amd64 3.1-2 [19.8 kB]
Get:2 http://localhost:9999/debian/ unstable/main libllvm3.4 amd64 1:3.4.2-1 [6721 kB]
Get:3 http://localhost:9999/debian/ unstable/main libobjc4 amd64 4.9.0-6 [112 kB]
Get:4 http://localhost:9999/debian/ unstable/main libobjc-4.9-dev amd64 4.9.0-6 [372 kB]
Get:5 http://localhost:9999/debian/ unstable/main libclang1-3.4 amd64 1:3.4.2-1 [3618 kB]
Get:6 http://localhost:9999/debian/ unstable/main libclang-common-3.4-dev amd64 1:3.4.2-1 [539 kB]
Get:7 http://localhost:9999/debian/ unstable/main clang-3.4 amd64 1:3.4.2-1 [19.2 MB]
debconf: delaying package configuration, since apt-utils is not installed
Fetched 30.6 MB in 0s (33.2 MB/s)
Selecting previously unselected package libffi6:amd64.
(Reading database ... 14216 files and directories currently installed.)
Preparing to unpack .../libffi6_3.1-2_amd64.deb ...
Unpacking libffi6:amd64 (3.1-2) ...
Selecting previously unselected package libllvm3.4:amd64.
Preparing to unpack .../libllvm3.4_1%3a3.4.2-1_amd64.deb ...
Unpacking libllvm3.4:amd64 (1:3.4.2-1) ...
Selecting previously unselected package libobjc4:amd64.
Preparing to unpack .../libobjc4_4.9.0-6_amd64.deb ...
Unpacking libobjc4:amd64 (4.9.0-6) ...
Selecting previously unselected package libobjc-4.9-dev:amd64.
Preparing to unpack .../libobjc-4.9-dev_4.9.0-6_amd64.deb ...
Unpacking libobjc-4.9-dev:amd64 (4.9.0-6) ...
Selecting previously unselected package libclang1-3.4:amd64.
Preparing to unpack .../libclang1-3.4_1%3a3.4.2-1_amd64.deb ...
Unpacking libclang1-3.4:amd64 (1:3.4.2-1) ...
Selecting previously unselected package libclang-common-3.4-dev.
Preparing to unpack .../libclang-common-3.4-dev_1%3a3.4.2-1_amd64.deb ...
Unpacking libclang-common-3.4-dev (1:3.4.2-1) ...
Selecting previously unselected package clang-3.4.
Preparing to unpack .../clang-3.4_1%3a3.4.2-1_amd64.deb ...
Unpacking clang-3.4 (1:3.4.2-1) ...
Setting up libffi6:amd64 (3.1-2) ...
Setting up libllvm3.4:amd64 (1:3.4.2-1) ...
Setting up libobjc4:amd64 (4.9.0-6) ...
Setting up libobjc-4.9-dev:amd64 (4.9.0-6) ...
Setting up libclang1-3.4:amd64 (1:3.4.2-1) ...
Setting up libclang-common-3.4-dev (1:3.4.2-1) ...
Setting up clang-3.4 (1:3.4.2-1) ...
Processing triggers for libc-bin (2.19-2) ...
+ echo 'Replace gcc, g++ & cpp by clang'
Replace gcc, g++ & cpp by clang
+ VERSIONS='4.6 4.7 4.8 4.9'
+ cd /usr/bin
+ for VERSION in '$VERSIONS'
+ rm -f g++-4.6 gcc-4.6 cpp-4.6
+ ln -s clang++ g++-4.6
+ ln -s clang gcc-4.6
+ ln -s clang cpp-4.6
+ echo 'gcc-4.6 hold'
+ dpkg --set-selections
+ echo 'g++-4.6 hold'
+ dpkg --set-selections
+ for VERSION in '$VERSIONS'
+ rm -f g++-4.7 gcc-4.7 cpp-4.7
+ ln -s clang++ g++-4.7
+ ln -s clang gcc-4.7
+ ln -s clang cpp-4.7
+ echo 'gcc-4.7 hold'
+ dpkg --set-selections
+ echo 'g++-4.7 hold'
+ dpkg --set-selections
+ for VERSION in '$VERSIONS'
+ rm -f g++-4.8 gcc-4.8 cpp-4.8
+ ln -s clang++ g++-4.8
+ ln -s clang gcc-4.8
+ ln -s clang cpp-4.8
+ echo 'gcc-4.8 hold'
+ dpkg --set-selections
dpkg: warning: package not in database at line 1: gcc-4.8
dpkg: warning: found unknown packages; this might mean the available database
is outdated, and needs to be updated through a frontend method
+ echo 'g++-4.8 hold'
+ dpkg --set-selections
dpkg: warning: package not in database at line 1: g++-4.8
dpkg: warning: found unknown packages; this might mean the available database
is outdated, and needs to be updated through a frontend method
+ for VERSION in '$VERSIONS'
+ rm -f g++-4.9 gcc-4.9 cpp-4.9
+ ln -s clang++ g++-4.9
+ ln -s clang gcc-4.9
+ ln -s clang cpp-4.9
+ echo 'gcc-4.9 hold'
+ dpkg --set-selections
+ echo 'g++-4.9 hold'
+ dpkg --set-selections
+ cd -
/«BUILDDIR»
+ echo 'Check if gcc, g++ & cpp are actually clang'
Check if gcc, g++ & cpp are actually clang
+ gcc --version
+ grep clang
+ cpp --version
+ grep clang
+ g++ --version
+ grep clang

I: Finished running '/tmp/switch-to-clang'.

Finished processing commands.
────────────────────────────────────────────────────────────────────────────────
Merged Build-Depends: build-essential, fakeroot
Filtered Build-Depends: build-essential, fakeroot
dpkg-deb: building package `sbuild-build-depends-core-dummy' in `/«BUILDDIR»/resolver-Mdg5rW/apt_archive/sbuild-build-depends-core-dummy.deb'.
OK
Reading package lists...

┌──────────────────────────────────────────────────────────────────────────────┐
│ Install core build dependencies (apt-based resolver)                         │
└──────────────────────────────────────────────────────────────────────────────┘

Installing build dependencies
Reading package lists...
Building dependency tree...
Reading state information...
The following NEW packages will be installed:
  sbuild-build-depends-core-dummy
debconf: delaying package configuration, since apt-utils is not installed
0 upgraded, 1 newly installed, 0 to remove and 0 not upgraded.
Need to get 0 B/816 B of archives.
After this operation, 0 B of additional disk space will be used.
Selecting previously unselected package sbuild-build-depends-core-dummy.
(Reading database ... 14431 files and directories currently installed.)
Preparing to unpack .../sbuild-build-depends-core-dummy.deb ...
Unpacking sbuild-build-depends-core-dummy (0.invalid.0) ...
Setting up sbuild-build-depends-core-dummy (0.invalid.0) ...
Merged Build-Depends: base-files, base-passwd, bash, bsdutils, coreutils, dash, debianutils, diffutils, dpkg, e2fsprogs, findutils, grep, gzip, hostname, libc-bin, login, mount, ncurses-base, ncurses-bin, perl-base, sed, sysvinit, sysvinit-utils, tar, util-linux, libc6-dev | libc-dev, gcc (>= 4:4.4.3), g++ (>= 4:4.4.3), make, dpkg-dev (>= 1.13.5), debhelper (>> 7), dpkg-dev (>= 1.16.0~), lsb-release, python-dev, bcc, gcc-multilib, e2fslibs-dev, iasl, ipxe-qemu, seabios, libaio-dev, libglib2.0-dev, libgnutls-dev, liblzma-dev, libncurses5-dev, libpci-dev, libyajl-dev, libssl-dev, pkg-config, uuid-dev, zlib1g-dev, ocaml-nox, dh-ocaml, ocaml-findlib
Filtered Build-Depends: base-files, base-passwd, bash, bsdutils, coreutils, dash, debianutils, diffutils, dpkg, e2fsprogs, findutils, grep, gzip, hostname, libc-bin, login, mount, ncurses-base, ncurses-bin, perl-base, sed, sysvinit, sysvinit-utils, tar, util-linux, libc6-dev, gcc (>= 4:4.4.3), g++ (>= 4:4.4.3), make, dpkg-dev (>= 1.13.5), debhelper (>> 7), dpkg-dev (>= 1.16.0~), lsb-release, python-dev, bcc, gcc-multilib, e2fslibs-dev, iasl, ipxe-qemu, seabios, libaio-dev, libglib2.0-dev, libgnutls-dev, liblzma-dev, libncurses5-dev, libpci-dev, libyajl-dev, libssl-dev, pkg-config, uuid-dev, zlib1g-dev, ocaml-nox, dh-ocaml, ocaml-findlib
dpkg-deb: building package `sbuild-build-depends-xen-dummy' in `/«BUILDDIR»/resolver-bPMwZ0/apt_archive/sbuild-build-depends-xen-dummy.deb'.
OK
Reading package lists...

┌──────────────────────────────────────────────────────────────────────────────┐
│ Install xen build dependencies (apt-based resolver)                          │
└──────────────────────────────────────────────────────────────────────────────┘

Installing build dependencies
Reading package lists...
Building dependency tree...
Reading state information...
The following extra packages will be installed:
  acpica-tools bcc bin86 bsdmainutils comerr-dev debhelper dh-ocaml
  e2fslibs-dev file gcc-4.9-multilib gcc-multilib gettext gettext-base
  groff-base iasl intltool-debian ipxe-qemu lib32asan1 lib32atomic1
  lib32cilkrts5 lib32gcc-4.9-dev lib32gcc1 lib32gomp1 lib32itm1 lib32quadmath0
  lib32stdc++6 lib32ubsan0 lib32vtv0 libaio-dev libaio1 libasprintf0c2
  libc6-dev-i386 libc6-dev-x32 libc6-i386 libc6-x32 libcroco3 libelfg0
  libexpat1 libexpat1-dev libfindlib-ocaml libgcrypt11 libgcrypt11-dev
  libglib2.0-0 libglib2.0-bin libglib2.0-data libglib2.0-dev libgnutls-dev
  libgnutls26 libgnutlsxx27 libgpg-error-dev libgpg-error0 liblzma-dev
  libmagic1 libncurses5-dev libncursesw5 libp11-kit-dev libp11-kit0 libpci-dev
  libpci3 libpcre3-dev libpcrecpp0 libpipeline1 libpython-dev libpython-stdlib
  libpython2.7 libpython2.7-dev libpython2.7-minimal libpython2.7-stdlib
  libsqlite3-0 libssl-dev libssl1.0.0 libtasn1-6 libtasn1-6-dev libtinfo-dev
  libunistring0 libx32asan1 libx32atomic1 libx32cilkrts5 libx32gcc-4.9-dev
  libx32gcc1 libx32gomp1 libx32itm1 libx32quadmath0 libx32ubsan0 libx32vtv0
  libxml2 libyajl-dev libyajl2 lsb-release man-db mime-support ocaml-base-nox
  ocaml-compiler-libs ocaml-findlib ocaml-interp ocaml-nox pkg-config
  po-debconf python python-dev python-minimal python2.7 python2.7-dev
  python2.7-minimal seabios uuid-dev zlib1g-dev
Suggested packages:
  wamerican wordlist whois vacation doc-base dh-make git gettext-doc groff
  rng-tools libgcrypt11-doc libglib2.0-doc gnutls26-doc liblzma-doc
  ncurses-doc lsb less www-browser camlp4 ocaml-findlib-wizard ocaml-doc
  tuareg-mode ocaml-mode libmail-box-perl python-doc python-tk python2.7-doc
  binfmt-support
Recommended packages:
  elks-libc curl wget lynx-cur autopoint libasprintf-dev libgettextpo-dev
  shared-mime-info libssl-doc libtasn1-doc xml-core libfindlib-ocaml-dev ledit
  readline-editor libmail-sendmail-perl
The following NEW packages will be installed:
  acpica-tools bcc bin86 bsdmainutils comerr-dev debhelper dh-ocaml
  e2fslibs-dev file gcc-4.9-multilib gcc-multilib gettext gettext-base
  groff-base iasl intltool-debian ipxe-qemu lib32asan1 lib32atomic1
  lib32cilkrts5 lib32gcc-4.9-dev lib32gcc1 lib32gomp1 lib32itm1 lib32quadmath0
  lib32stdc++6 lib32ubsan0 lib32vtv0 libaio-dev libaio1 libasprintf0c2
  libc6-dev-i386 libc6-dev-x32 libc6-i386 libc6-x32 libcroco3 libelfg0
  libexpat1 libexpat1-dev libfindlib-ocaml libgcrypt11 libgcrypt11-dev
  libglib2.0-0 libglib2.0-bin libglib2.0-data libglib2.0-dev libgnutls-dev
  libgnutls26 libgnutlsxx27 libgpg-error-dev libgpg-error0 liblzma-dev
  libmagic1 libncurses5-dev libncursesw5 libp11-kit-dev libp11-kit0 libpci-dev
  libpci3 libpcre3-dev libpcrecpp0 libpipeline1 libpython-dev libpython-stdlib
  libpython2.7 libpython2.7-dev libpython2.7-minimal libpython2.7-stdlib
  libsqlite3-0 libssl-dev libssl1.0.0 libtasn1-6 libtasn1-6-dev libtinfo-dev
  libunistring0 libx32asan1 libx32atomic1 libx32cilkrts5 libx32gcc-4.9-dev
  libx32gcc1 libx32gomp1 libx32itm1 libx32quadmath0 libx32ubsan0 libx32vtv0
  libxml2 libyajl-dev libyajl2 lsb-release man-db mime-support ocaml-base-nox
  ocaml-compiler-libs ocaml-findlib ocaml-interp ocaml-nox pkg-config
  po-debconf python python-dev python-minimal python2.7 python2.7-dev
  python2.7-minimal sbuild-build-depends-xen-dummy seabios uuid-dev zlib1g-dev
0 upgraded, 108 newly installed, 0 to remove and 0 not upgraded.
Need to get 70.4 MB/70.4 MB of archives.
After this operation, 223 MB of additional disk space will be used.
Get:1 http://localhost:9999/debian/ unstable/main libncursesw5 amd64 5.9+20140118-1 [120 kB]
Get:2 http://localhost:9999/debian/ unstable/main libpipeline1 amd64 1.3.0-1 [25.8 kB]
Get:3 http://localhost:9999/debian/ unstable/main libssl1.0.0 amd64 1.0.1h-3 [1011 kB]
Get:4 http://localhost:9999/debian/ unstable/main groff-base amd64 1.22.2-5 [1043 kB]
Get:5 http://localhost:9999/debian/ unstable/main bsdmainutils amd64 9.0.5 [211 kB]
Get:6 http://localhost:9999/debian/ unstable/main man-db amd64 2.6.7.1-1 [990 kB]
Get:7 http://localhost:9999/debian/ unstable/main libasprintf0c2 amd64 0.18.3.2-2 [29.4 kB]
Get:8 http://localhost:9999/debian/ unstable/main libgpg-error0 amd64 1.12-0.2 [56.5 kB]
Get:9 http://localhost:9999/debian/ unstable/main libgcrypt11 amd64 1.5.3-4 [250 kB]
Get:10 http://localhost:9999/debian/ unstable/main libp11-kit0 amd64 0.20.2-5 [81.1 kB]
Get:11 http://localhost:9999/debian/ unstable/main libtasn1-6 amd64 3.6-3 [50.2 kB]
Get:12 http://localhost:9999/debian/ unstable/main libgnutls26 amd64 2.12.23-16 [530 kB]
Get:13 http://localhost:9999/debian/ unstable/main libmagic1 amd64 1:5.19-1 [237 kB]
Get:14 http://localhost:9999/debian/ unstable/main libpci3 amd64 1:3.2.1-2 [59.4 kB]
Get:15 http://localhost:9999/debian/ unstable/main libsqlite3-0 amd64 3.8.5-1 [420 kB]
Get:16 http://localhost:9999/debian/ unstable/main libxml2 amd64 2.9.1+dfsg1-3 [791 kB]
Get:17 http://localhost:9999/debian/ unstable/main libaio1 amd64 0.3.109-4 [9162 B]
Get:18 http://localhost:9999/debian/ unstable/main libglib2.0-0 amd64 2.40.0-3 [2405 kB]
Get:19 http://localhost:9999/debian/ unstable/main libcroco3 amd64 0.6.8-2 [133 kB]
Get:20 http://localhost:9999/debian/ unstable/main libelfg0 amd64 0.8.13-5 [51.6 kB]
Get:21 http://localhost:9999/debian/ unstable/main libexpat1 amd64 2.1.0-6 [80.6 kB]
Get:22 http://localhost:9999/debian/ unstable/main libpcrecpp0 amd64 1:8.31-5 [128 kB]
Get:23 http://localhost:9999/debian/ unstable/main libpython2.7-minimal amd64 2.7.7-2 [348 kB]
Get:24 http://localhost:9999/debian/ unstable/main mime-support all 3.56 [35.5 kB]
Get:25 http://localhost:9999/debian/ unstable/main libpython2.7-stdlib amd64 2.7.7-2 [1871 kB]
Get:26 http://localhost:9999/debian/ unstable/main libpython2.7 amd64 2.7.7-2 [1046 kB]
Get:27 http://localhost:9999/debian/ unstable/main libexpat1-dev amd64 2.1.0-6 [126 kB]
Get:28 http://localhost:9999/debian/ unstable/main libpython2.7-dev amd64 2.7.7-2 [22.0 MB]
Get:29 http://localhost:9999/debian/ unstable/main libunistring0 amd64 0.9.3-5 [434 kB]
Get:30 http://localhost:9999/debian/ unstable/main python2.7-minimal amd64 2.7.7-2 [1231 kB]
Get:31 http://localhost:9999/debian/ unstable/main libgnutlsxx27 amd64 2.12.23-16 [220 kB]
Get:32 http://localhost:9999/debian/ unstable/main libyajl2 amd64 2.1.0-1 [22.9 kB]
Get:33 http://localhost:9999/debian/ unstable/main file amd64 1:5.19-1 [58.0 kB]
Get:34 http://localhost:9999/debian/ unstable/main gettext-base amd64 0.18.3.2-2 [116 kB]
Get:35 http://localhost:9999/debian/ unstable/main python2.7 amd64 2.7.7-2 [242 kB]
Get:36 http://localhost:9999/debian/ unstable/main python-minimal amd64 2.7.6-2 [39.3 kB]
Get:37 http://localhost:9999/debian/ unstable/main libpython-stdlib amd64 2.7.6-2 [18.8 kB]
Get:38 http://localhost:9999/debian/ unstable/main python amd64 2.7.6-2 [150 kB]
Get:39 http://localhost:9999/debian/ unstable/main acpica-tools amd64 20140424-1 [643 kB]
Get:40 http://localhost:9999/debian/ unstable/main bin86 amd64 0.16.17-3.1 [101 kB]
Get:41 http://localhost:9999/debian/ unstable/main bcc amd64 0.16.17-3.1 [131 kB]
Get:42 http://localhost:9999/debian/ unstable/main gettext amd64 0.18.3.2-2 [1202 kB]
Get:43 http://localhost:9999/debian/ unstable/main intltool-debian all 0.35.0+20060710.1 [30.8 kB]
Get:44 http://localhost:9999/debian/ unstable/main po-debconf all 1.0.16+nmu2 [224 kB]
Get:45 http://localhost:9999/debian/ unstable/main debhelper all 9.20140613 [692 kB]
Get:46 http://localhost:9999/debian/ unstable/main libc6-i386 amd64 2.19-2 [2368 kB]
Get:47 http://localhost:9999/debian/ unstable/main libc6-dev-i386 amd64 2.19-2 [1311 kB]
Get:48 http://localhost:9999/debian/ unstable/main libc6-x32 amd64 2.19-2 [2595 kB]
Get:49 http://localhost:9999/debian/ unstable/main libc6-dev-x32 amd64 2.19-2 [1578 kB]
Get:50 http://localhost:9999/debian/ unstable/main lib32gcc1 amd64 1:4.9.0-6 [47.9 kB]
Get:51 http://localhost:9999/debian/ unstable/main libx32gcc1 amd64 1:4.9.0-6 [38.7 kB]
Get:52 http://localhost:9999/debian/ unstable/main lib32gomp1 amd64 4.9.0-6 [38.9 kB]
Get:53 http://localhost:9999/debian/ unstable/main libx32gomp1 amd64 4.9.0-6 [35.6 kB]
Get:54 http://localhost:9999/debian/ unstable/main lib32itm1 amd64 4.9.0-6 [31.6 kB]
Get:55 http://localhost:9999/debian/ unstable/main libx32itm1 amd64 4.9.0-6 [28.7 kB]
Get:56 http://localhost:9999/debian/ unstable/main lib32atomic1 amd64 4.9.0-6 [8608 B]
Get:57 http://localhost:9999/debian/ unstable/main libx32atomic1 amd64 4.9.0-6 [8988 B]
Get:58 http://localhost:9999/debian/ unstable/main lib32stdc++6 amd64 4.9.0-6 [280 kB]
Get:59 http://localhost:9999/debian/ unstable/main lib32asan1 amd64 4.9.0-6 [185 kB]
Get:60 http://localhost:9999/debian/ unstable/main libx32asan1 amd64 4.9.0-6 [187 kB]
Get:61 http://localhost:9999/debian/ unstable/main lib32ubsan0 amd64 4.9.0-6 [87.9 kB]
Get:62 http://localhost:9999/debian/ unstable/main libx32ubsan0 amd64 4.9.0-6 [82.1 kB]
Get:63 http://localhost:9999/debian/ unstable/main lib32vtv0 amd64 4.9.0-6 [2420 B]
Get:64 http://localhost:9999/debian/ unstable/main libx32vtv0 amd64 4.9.0-6 [2398 B]
Get:65 http://localhost:9999/debian/ unstable/main lib32cilkrts5 amd64 4.9.0-6 [42.8 kB]
Get:66 http://localhost:9999/debian/ unstable/main libx32cilkrts5 amd64 4.9.0-6 [39.1 kB]
Get:67 http://localhost:9999/debian/ unstable/main lib32quadmath0 amd64 4.9.0-6 [193 kB]
Get:68 http://localhost:9999/debian/ unstable/main libx32quadmath0 amd64 4.9.0-6 [132 kB]
Get:69 http://localhost:9999/debian/ unstable/main lib32gcc-4.9-dev amd64 4.9.0-6 [1908 kB]
Get:70 http://localhost:9999/debian/ unstable/main libx32gcc-4.9-dev amd64 4.9.0-6 [1775 kB]
Get:71 http://localhost:9999/debian/ unstable/main gcc-4.9-multilib amd64 4.9.0-6 [974 B]
Get:72 http://localhost:9999/debian/ unstable/main gcc-multilib amd64 4:4.9.0-3 [994 B]
Get:73 http://localhost:9999/debian/ unstable/main iasl all 20140424-1 [164 kB]
Get:74 http://localhost:9999/debian/ unstable/main ipxe-qemu all 1.0.0+git-20131111.c3d1e78-2 [421 kB]
Get:75 http://localhost:9999/debian/ unstable/main libaio-dev amd64 0.3.109-4 [18.7 kB]
Get:76 http://localhost:9999/debian/ unstable/main ocaml-base-nox amd64 4.01.0-4 [521 kB]
Get:77 http://localhost:9999/debian/ unstable/main libfindlib-ocaml amd64 1.4.1-1 [102 kB]
Get:78 http://localhost:9999/debian/ unstable/main libgpg-error-dev amd64 1.12-0.2 [28.1 kB]
Get:79 http://localhost:9999/debian/ unstable/main libgcrypt11-dev amd64 1.5.3-4 [285 kB]
Get:80 http://localhost:9999/debian/ unstable/main libglib2.0-data all 2.40.0-3 [2183 kB]
Get:81 http://localhost:9999/debian/ unstable/main libglib2.0-bin amd64 2.40.0-3 [1360 kB]
Get:82 http://localhost:9999/debian/ unstable/main libpcre3-dev amd64 1:8.31-5 [407 kB]
Get:83 http://localhost:9999/debian/ unstable/main pkg-config amd64 0.28-1 [57.5 kB]
Get:84 http://localhost:9999/debian/ unstable/main zlib1g-dev amd64 1:1.2.8.dfsg-1 [217 kB]
Get:85 http://localhost:9999/debian/ unstable/main libglib2.0-dev amd64 2.40.0-3 [2645 kB]
Get:86 http://localhost:9999/debian/ unstable/main libtasn1-6-dev amd64 3.6-3 [90.1 kB]
Get:87 http://localhost:9999/debian/ unstable/main libp11-kit-dev amd64 0.20.2-5 [62.1 kB]
Get:88 http://localhost:9999/debian/ unstable/main libgnutls-dev amd64 2.12.23-16 [564 kB]
Get:89 http://localhost:9999/debian/ unstable/main liblzma-dev amd64 5.1.1alpha+20120614-2 [277 kB]
Get:90 http://localhost:9999/debian/ unstable/main libtinfo-dev amd64 5.9+20140118-1 [76.3 kB]
Get:91 http://localhost:9999/debian/ unstable/main libncurses5-dev amd64 5.9+20140118-1 [170 kB]
Get:92 http://localhost:9999/debian/ unstable/main libpci-dev amd64 1:3.2.1-2 [80.0 kB]
Get:93 http://localhost:9999/debian/ unstable/main libpython-dev amd64 2.7.6-2 [18.9 kB]
Get:94 http://localhost:9999/debian/ unstable/main libssl-dev amd64 1.0.1h-3 [1245 kB]
Get:95 http://localhost:9999/debian/ unstable/main lsb-release all 4.1+Debian13 [26.3 kB]
Get:96 http://localhost:9999/debian/ unstable/main ocaml-interp amd64 4.01.0-4 [305 kB]
Get:97 http://localhost:9999/debian/ unstable/main ocaml-nox amd64 4.01.0-4 [3912 kB]
Get:98 http://localhost:9999/debian/ unstable/main ocaml-compiler-libs amd64 4.01.0-4 [1376 kB]
Get:99 http://localhost:9999/debian/ unstable/main ocaml-findlib amd64 1.4.1-1 [230 kB]
Get:100 http://localhost:9999/debian/ unstable/main python2.7-dev amd64 2.7.7-2 [276 kB]
Get:101 http://localhost:9999/debian/ unstable/main python-dev amd64 2.7.6-2 [1190 B]
Get:102 http://localhost:9999/debian/ unstable/main comerr-dev amd64 2.1-1.42.10-1 [38.3 kB]
Get:103 http://localhost:9999/debian/ unstable/main dh-ocaml all 1.0.9 [83.5 kB]
Get:104 http://localhost:9999/debian/ unstable/main e2fslibs-dev amd64 1.42.10-1 [200 kB]
Get:105 http://localhost:9999/debian/ unstable/main libyajl-dev amd64 2.1.0-1 [30.5 kB]
Get:106 http://localhost:9999/debian/ unstable/main seabios all 1.7.5-1 [112 kB]
Get:107 http://localhost:9999/debian/ unstable/main uuid-dev amd64 2.20.1-5.8 [70.6 kB]
debconf: delaying package configuration, since apt-utils is not installed
Fetched 70.4 MB in 11s (6052 kB/s)
Selecting previously unselected package libncursesw5:amd64.
(Reading database ... 14431 files and directories currently installed.)
Preparing to unpack .../libncursesw5_5.9+20140118-1_amd64.deb ...
Unpacking libncursesw5:amd64 (5.9+20140118-1) ...
Selecting previously unselected package libpipeline1:amd64.
Preparing to unpack .../libpipeline1_1.3.0-1_amd64.deb ...
Unpacking libpipeline1:amd64 (1.3.0-1) ...
Selecting previously unselected package libssl1.0.0:amd64.
Preparing to unpack .../libssl1.0.0_1.0.1h-3_amd64.deb ...
Unpacking libssl1.0.0:amd64 (1.0.1h-3) ...
Selecting previously unselected package groff-base.
Preparing to unpack .../groff-base_1.22.2-5_amd64.deb ...
Unpacking groff-base (1.22.2-5) ...
Selecting previously unselected package bsdmainutils.
Preparing to unpack .../bsdmainutils_9.0.5_amd64.deb ...
Unpacking bsdmainutils (9.0.5) ...
Selecting previously unselected package man-db.
Preparing to unpack .../man-db_2.6.7.1-1_amd64.deb ...
Unpacking man-db (2.6.7.1-1) ...
Selecting previously unselected package libasprintf0c2:amd64.
Preparing to unpack .../libasprintf0c2_0.18.3.2-2_amd64.deb ...
Unpacking libasprintf0c2:amd64 (0.18.3.2-2) ...
Selecting previously unselected package libgpg-error0:amd64.
Preparing to unpack .../libgpg-error0_1.12-0.2_amd64.deb ...
Unpacking libgpg-error0:amd64 (1.12-0.2) ...
Selecting previously unselected package libgcrypt11:amd64.
Preparing to unpack .../libgcrypt11_1.5.3-4_amd64.deb ...
Unpacking libgcrypt11:amd64 (1.5.3-4) ...
Selecting previously unselected package libp11-kit0:amd64.
Preparing to unpack .../libp11-kit0_0.20.2-5_amd64.deb ...
Unpacking libp11-kit0:amd64 (0.20.2-5) ...
Selecting previously unselected package libtasn1-6:amd64.
Preparing to unpack .../libtasn1-6_3.6-3_amd64.deb ...
Unpacking libtasn1-6:amd64 (3.6-3) ...
Selecting previously unselected package libgnutls26:amd64.
Preparing to unpack .../libgnutls26_2.12.23-16_amd64.deb ...
Unpacking libgnutls26:amd64 (2.12.23-16) ...
Selecting previously unselected package libmagic1:amd64.
Preparing to unpack .../libmagic1_1%3a5.19-1_amd64.deb ...
Unpacking libmagic1:amd64 (1:5.19-1) ...
Selecting previously unselected package libpci3:amd64.
Preparing to unpack .../libpci3_1%3a3.2.1-2_amd64.deb ...
Unpacking libpci3:amd64 (1:3.2.1-2) ...
Selecting previously unselected package libsqlite3-0:amd64.
Preparing to unpack .../libsqlite3-0_3.8.5-1_amd64.deb ...
Unpacking libsqlite3-0:amd64 (3.8.5-1) ...
Selecting previously unselected package libxml2:amd64.
Preparing to unpack .../libxml2_2.9.1+dfsg1-3_amd64.deb ...
Unpacking libxml2:amd64 (2.9.1+dfsg1-3) ...
Selecting previously unselected package libaio1:amd64.
Preparing to unpack .../libaio1_0.3.109-4_amd64.deb ...
Unpacking libaio1:amd64 (0.3.109-4) ...
Selecting previously unselected package libglib2.0-0:amd64.
Preparing to unpack .../libglib2.0-0_2.40.0-3_amd64.deb ...
Unpacking libglib2.0-0:amd64 (2.40.0-3) ...
Selecting previously unselected package libcroco3:amd64.
Preparing to unpack .../libcroco3_0.6.8-2_amd64.deb ...
Unpacking libcroco3:amd64 (0.6.8-2) ...
Selecting previously unselected package libelfg0:amd64.
Preparing to unpack .../libelfg0_0.8.13-5_amd64.deb ...
Unpacking libelfg0:amd64 (0.8.13-5) ...
Selecting previously unselected package libexpat1:amd64.
Preparing to unpack .../libexpat1_2.1.0-6_amd64.deb ...
Unpacking libexpat1:amd64 (2.1.0-6) ...
Selecting previously unselected package libpcrecpp0:amd64.
Preparing to unpack .../libpcrecpp0_1%3a8.31-5_amd64.deb ...
Unpacking libpcrecpp0:amd64 (1:8.31-5) ...
Selecting previously unselected package libpython2.7-minimal:amd64.
Preparing to unpack .../libpython2.7-minimal_2.7.7-2_amd64.deb ...
Unpacking libpython2.7-minimal:amd64 (2.7.7-2) ...
Selecting previously unselected package mime-support.
Preparing to unpack .../mime-support_3.56_all.deb ...
Unpacking mime-support (3.56) ...
Selecting previously unselected package libpython2.7-stdlib:amd64.
Preparing to unpack .../libpython2.7-stdlib_2.7.7-2_amd64.deb ...
Unpacking libpython2.7-stdlib:amd64 (2.7.7-2) ...
Selecting previously unselected package libpython2.7:amd64.
Preparing to unpack .../libpython2.7_2.7.7-2_amd64.deb ...
Unpacking libpython2.7:amd64 (2.7.7-2) ...
Selecting previously unselected package libexpat1-dev:amd64.
Preparing to unpack .../libexpat1-dev_2.1.0-6_amd64.deb ...
Unpacking libexpat1-dev:amd64 (2.1.0-6) ...
Selecting previously unselected package libpython2.7-dev:amd64.
Preparing to unpack .../libpython2.7-dev_2.7.7-2_amd64.deb ...
Unpacking libpython2.7-dev:amd64 (2.7.7-2) ...
Selecting previously unselected package libunistring0:amd64.
Preparing to unpack .../libunistring0_0.9.3-5_amd64.deb ...
Unpacking libunistring0:amd64 (0.9.3-5) ...
Selecting previously unselected package python2.7-minimal.
Preparing to unpack .../python2.7-minimal_2.7.7-2_amd64.deb ...
Unpacking python2.7-minimal (2.7.7-2) ...
Selecting previously unselected package libgnutlsxx27:amd64.
Preparing to unpack .../libgnutlsxx27_2.12.23-16_amd64.deb ...
Unpacking libgnutlsxx27:amd64 (2.12.23-16) ...
Selecting previously unselected package libyajl2:amd64.
Preparing to unpack .../libyajl2_2.1.0-1_amd64.deb ...
Unpacking libyajl2:amd64 (2.1.0-1) ...
Selecting previously unselected package file.
Preparing to unpack .../file_1%3a5.19-1_amd64.deb ...
Unpacking file (1:5.19-1) ...
Selecting previously unselected package gettext-base.
Preparing to unpack .../gettext-base_0.18.3.2-2_amd64.deb ...
Unpacking gettext-base (0.18.3.2-2) ...
Selecting previously unselected package python2.7.
Preparing to unpack .../python2.7_2.7.7-2_amd64.deb ...
Unpacking python2.7 (2.7.7-2) ...
Selecting previously unselected package python-minimal.
Preparing to unpack .../python-minimal_2.7.6-2_amd64.deb ...
Unpacking python-minimal (2.7.6-2) ...
Selecting previously unselected package libpython-stdlib:amd64.
Preparing to unpack .../libpython-stdlib_2.7.6-2_amd64.deb ...
Unpacking libpython-stdlib:amd64 (2.7.6-2) ...
Selecting previously unselected package python.
Preparing to unpack .../python_2.7.6-2_amd64.deb ...
Unpacking python (2.7.6-2) ...
Selecting previously unselected package acpica-tools.
Preparing to unpack .../acpica-tools_20140424-1_amd64.deb ...
Unpacking acpica-tools (20140424-1) ...
Selecting previously unselected package bin86.
Preparing to unpack .../bin86_0.16.17-3.1_amd64.deb ...
Unpacking bin86 (0.16.17-3.1) ...
Selecting previously unselected package bcc.
Preparing to unpack .../bcc_0.16.17-3.1_amd64.deb ...
Unpacking bcc (0.16.17-3.1) ...
Selecting previously unselected package gettext.
Preparing to unpack .../gettext_0.18.3.2-2_amd64.deb ...
Unpacking gettext (0.18.3.2-2) ...
Selecting previously unselected package intltool-debian.
Preparing to unpack .../intltool-debian_0.35.0+20060710.1_all.deb ...
Unpacking intltool-debian (0.35.0+20060710.1) ...
Selecting previously unselected package po-debconf.
Preparing to unpack .../po-debconf_1.0.16+nmu2_all.deb ...
Unpacking po-debconf (1.0.16+nmu2) ...
Selecting previously unselected package debhelper.
Preparing to unpack .../debhelper_9.20140613_all.deb ...
Unpacking debhelper (9.20140613) ...
Selecting previously unselected package libc6-i386.
Preparing to unpack .../libc6-i386_2.19-2_amd64.deb ...
Unpacking libc6-i386 (2.19-2) ...
Selecting previously unselected package libc6-dev-i386.
Preparing to unpack .../libc6-dev-i386_2.19-2_amd64.deb ...
Unpacking libc6-dev-i386 (2.19-2) ...
Selecting previously unselected package libc6-x32.
Preparing to unpack .../libc6-x32_2.19-2_amd64.deb ...
Unpacking libc6-x32 (2.19-2) ...
Selecting previously unselected package libc6-dev-x32.
Preparing to unpack .../libc6-dev-x32_2.19-2_amd64.deb ...
Unpacking libc6-dev-x32 (2.19-2) ...
Selecting previously unselected package lib32gcc1.
Preparing to unpack .../lib32gcc1_1%3a4.9.0-6_amd64.deb ...
Unpacking lib32gcc1 (1:4.9.0-6) ...
Selecting previously unselected package libx32gcc1.
Preparing to unpack .../libx32gcc1_1%3a4.9.0-6_amd64.deb ...
Unpacking libx32gcc1 (1:4.9.0-6) ...
Selecting previously unselected package lib32gomp1.
Preparing to unpack .../lib32gomp1_4.9.0-6_amd64.deb ...
Unpacking lib32gomp1 (4.9.0-6) ...
Selecting previously unselected package libx32gomp1.
Preparing to unpack .../libx32gomp1_4.9.0-6_amd64.deb ...
Unpacking libx32gomp1 (4.9.0-6) ...
Selecting previously unselected package lib32itm1.
Preparing to unpack .../lib32itm1_4.9.0-6_amd64.deb ...
Unpacking lib32itm1 (4.9.0-6) ...
Selecting previously unselected package libx32itm1.
Preparing to unpack .../libx32itm1_4.9.0-6_amd64.deb ...
Unpacking libx32itm1 (4.9.0-6) ...
Selecting previously unselected package lib32atomic1.
Preparing to unpack .../lib32atomic1_4.9.0-6_amd64.deb ...
Unpacking lib32atomic1 (4.9.0-6) ...
Selecting previously unselected package libx32atomic1.
Preparing to unpack .../libx32atomic1_4.9.0-6_amd64.deb ...
Unpacking libx32atomic1 (4.9.0-6) ...
Selecting previously unselected package lib32stdc++6.
Preparing to unpack .../lib32stdc++6_4.9.0-6_amd64.deb ...
Unpacking lib32stdc++6 (4.9.0-6) ...
Selecting previously unselected package lib32asan1.
Preparing to unpack .../lib32asan1_4.9.0-6_amd64.deb ...
Unpacking lib32asan1 (4.9.0-6) ...
Selecting previously unselected package libx32asan1.
Preparing to unpack .../libx32asan1_4.9.0-6_amd64.deb ...
Unpacking libx32asan1 (4.9.0-6) ...
Selecting previously unselected package lib32ubsan0.
Preparing to unpack .../lib32ubsan0_4.9.0-6_amd64.deb ...
Unpacking lib32ubsan0 (4.9.0-6) ...
Selecting previously unselected package libx32ubsan0.
Preparing to unpack .../libx32ubsan0_4.9.0-6_amd64.deb ...
Unpacking libx32ubsan0 (4.9.0-6) ...
Selecting previously unselected package lib32vtv0.
Preparing to unpack .../lib32vtv0_4.9.0-6_amd64.deb ...
Unpacking lib32vtv0 (4.9.0-6) ...
Selecting previously unselected package libx32vtv0.
Preparing to unpack .../libx32vtv0_4.9.0-6_amd64.deb ...
Unpacking libx32vtv0 (4.9.0-6) ...
Selecting previously unselected package lib32cilkrts5.
Preparing to unpack .../lib32cilkrts5_4.9.0-6_amd64.deb ...
Unpacking lib32cilkrts5 (4.9.0-6) ...
Selecting previously unselected package libx32cilkrts5.
Preparing to unpack .../libx32cilkrts5_4.9.0-6_amd64.deb ...
Unpacking libx32cilkrts5 (4.9.0-6) ...
Selecting previously unselected package lib32quadmath0.
Preparing to unpack .../lib32quadmath0_4.9.0-6_amd64.deb ...
Unpacking lib32quadmath0 (4.9.0-6) ...
Selecting previously unselected package libx32quadmath0.
Preparing to unpack .../libx32quadmath0_4.9.0-6_amd64.deb ...
Unpacking libx32quadmath0 (4.9.0-6) ...
Selecting previously unselected package lib32gcc-4.9-dev.
Preparing to unpack .../lib32gcc-4.9-dev_4.9.0-6_amd64.deb ...
Unpacking lib32gcc-4.9-dev (4.9.0-6) ...
Selecting previously unselected package libx32gcc-4.9-dev.
Preparing to unpack .../libx32gcc-4.9-dev_4.9.0-6_amd64.deb ...
Unpacking libx32gcc-4.9-dev (4.9.0-6) ...
Selecting previously unselected package gcc-4.9-multilib.
Preparing to unpack .../gcc-4.9-multilib_4.9.0-6_amd64.deb ...
Unpacking gcc-4.9-multilib (4.9.0-6) ...
Selecting previously unselected package gcc-multilib.
Preparing to unpack .../gcc-multilib_4%3a4.9.0-3_amd64.deb ...
Unpacking gcc-multilib (4:4.9.0-3) ...
Selecting previously unselected package iasl.
Preparing to unpack .../iasl_20140424-1_all.deb ...
Unpacking iasl (20140424-1) ...
Selecting previously unselected package ipxe-qemu.
Preparing to unpack .../ipxe-qemu_1.0.0+git-20131111.c3d1e78-2_all.deb ...
Unpacking ipxe-qemu (1.0.0+git-20131111.c3d1e78-2) ...
Selecting previously unselected package libaio-dev.
Preparing to unpack .../libaio-dev_0.3.109-4_amd64.deb ...
Unpacking libaio-dev (0.3.109-4) ...
Selecting previously unselected package ocaml-base-nox.
Preparing to unpack .../ocaml-base-nox_4.01.0-4_amd64.deb ...
Unpacking ocaml-base-nox (4.01.0-4) ...
Selecting previously unselected package libfindlib-ocaml.
Preparing to unpack .../libfindlib-ocaml_1.4.1-1_amd64.deb ...
Unpacking libfindlib-ocaml (1.4.1-1) ...
Selecting previously unselected package libgpg-error-dev.
Preparing to unpack .../libgpg-error-dev_1.12-0.2_amd64.deb ...
Unpacking libgpg-error-dev (1.12-0.2) ...
Selecting previously unselected package libgcrypt11-dev.
Preparing to unpack .../libgcrypt11-dev_1.5.3-4_amd64.deb ...
Unpacking libgcrypt11-dev (1.5.3-4) ...
Selecting previously unselected package libglib2.0-data.
Preparing to unpack .../libglib2.0-data_2.40.0-3_all.deb ...
Unpacking libglib2.0-data (2.40.0-3) ...
Selecting previously unselected package libglib2.0-bin.
Preparing to unpack .../libglib2.0-bin_2.40.0-3_amd64.deb ...
Unpacking libglib2.0-bin (2.40.0-3) ...
Selecting previously unselected package libpcre3-dev:amd64.
Preparing to unpack .../libpcre3-dev_1%3a8.31-5_amd64.deb ...
Unpacking libpcre3-dev:amd64 (1:8.31-5) ...
Selecting previously unselected package pkg-config.
Preparing to unpack .../pkg-config_0.28-1_amd64.deb ...
Unpacking pkg-config (0.28-1) ...
Selecting previously unselected package zlib1g-dev:amd64.
Preparing to unpack .../zlib1g-dev_1%3a1.2.8.dfsg-1_amd64.deb ...
Unpacking zlib1g-dev:amd64 (1:1.2.8.dfsg-1) ...
Selecting previously unselected package libglib2.0-dev.
Preparing to unpack .../libglib2.0-dev_2.40.0-3_amd64.deb ...
Unpacking libglib2.0-dev (2.40.0-3) ...
Selecting previously unselected package libtasn1-6-dev.
Preparing to unpack .../libtasn1-6-dev_3.6-3_amd64.deb ...
Unpacking libtasn1-6-dev (3.6-3) ...
Selecting previously unselected package libp11-kit-dev.
Preparing to unpack .../libp11-kit-dev_0.20.2-5_amd64.deb ...
Unpacking libp11-kit-dev (0.20.2-5) ...
Selecting previously unselected package libgnutls-dev.
Preparing to unpack .../libgnutls-dev_2.12.23-16_amd64.deb ...
Unpacking libgnutls-dev (2.12.23-16) ...
Selecting previously unselected package liblzma-dev:amd64.
Preparing to unpack .../liblzma-dev_5.1.1alpha+20120614-2_amd64.deb ...
Unpacking liblzma-dev:amd64 (5.1.1alpha+20120614-2) ...
Selecting previously unselected package libtinfo-dev:amd64.
Preparing to unpack .../libtinfo-dev_5.9+20140118-1_amd64.deb ...
Unpacking libtinfo-dev:amd64 (5.9+20140118-1) ...
Selecting previously unselected package libncurses5-dev:amd64.
Preparing to unpack .../libncurses5-dev_5.9+20140118-1_amd64.deb ...
Unpacking libncurses5-dev:amd64 (5.9+20140118-1) ...
Selecting previously unselected package libpci-dev.
Preparing to unpack .../libpci-dev_1%3a3.2.1-2_amd64.deb ...
Unpacking libpci-dev (1:3.2.1-2) ...
Selecting previously unselected package libpython-dev:amd64.
Preparing to unpack .../libpython-dev_2.7.6-2_amd64.deb ...
Unpacking libpython-dev:amd64 (2.7.6-2) ...
Selecting previously unselected package libssl-dev:amd64.
Preparing to unpack .../libssl-dev_1.0.1h-3_amd64.deb ...
Unpacking libssl-dev:amd64 (1.0.1h-3) ...
Selecting previously unselected package lsb-release.
Preparing to unpack .../lsb-release_4.1+Debian13_all.deb ...
Unpacking lsb-release (4.1+Debian13) ...
Selecting previously unselected package ocaml-interp.
Preparing to unpack .../ocaml-interp_4.01.0-4_amd64.deb ...
Unpacking ocaml-interp (4.01.0-4) ...
Selecting previously unselected package ocaml-nox.
Preparing to unpack .../ocaml-nox_4.01.0-4_amd64.deb ...
Unpacking ocaml-nox (4.01.0-4) ...
Selecting previously unselected package ocaml-compiler-libs.
Preparing to unpack .../ocaml-compiler-libs_4.01.0-4_amd64.deb ...
Unpacking ocaml-compiler-libs (4.01.0-4) ...
Selecting previously unselected package ocaml-findlib.
Preparing to unpack .../ocaml-findlib_1.4.1-1_amd64.deb ...
Unpacking ocaml-findlib (1.4.1-1) ...
Selecting previously unselected package python2.7-dev.
Preparing to unpack .../python2.7-dev_2.7.7-2_amd64.deb ...
Unpacking python2.7-dev (2.7.7-2) ...
Selecting previously unselected package python-dev.
Preparing to unpack .../python-dev_2.7.6-2_amd64.deb ...
Unpacking python-dev (2.7.6-2) ...
Selecting previously unselected package comerr-dev.
Preparing to unpack .../comerr-dev_2.1-1.42.10-1_amd64.deb ...
Unpacking comerr-dev (2.1-1.42.10-1) ...
Selecting previously unselected package dh-ocaml.
Preparing to unpack .../dh-ocaml_1.0.9_all.deb ...
Unpacking dh-ocaml (1.0.9) ...
Selecting previously unselected package e2fslibs-dev.
Preparing to unpack .../e2fslibs-dev_1.42.10-1_amd64.deb ...
Unpacking e2fslibs-dev (1.42.10-1) ...
Selecting previously unselected package libyajl-dev:amd64.
Preparing to unpack .../libyajl-dev_2.1.0-1_amd64.deb ...
Unpacking libyajl-dev:amd64 (2.1.0-1) ...
Selecting previously unselected package seabios.
Preparing to unpack .../seabios_1.7.5-1_all.deb ...
Unpacking seabios (1.7.5-1) ...
Selecting previously unselected package uuid-dev.
Preparing to unpack .../uuid-dev_2.20.1-5.8_amd64.deb ...
Unpacking uuid-dev (2.20.1-5.8) ...
Selecting previously unselected package sbuild-build-depends-xen-dummy.
Preparing to unpack .../sbuild-build-depends-xen-dummy.deb ...
Unpacking sbuild-build-depends-xen-dummy (0.invalid.0) ...
Setting up libncursesw5:amd64 (5.9+20140118-1) ...
Setting up libpipeline1:amd64 (1.3.0-1) ...
Setting up libssl1.0.0:amd64 (1.0.1h-3) ...
Setting up groff-base (1.22.2-5) ...
Setting up bsdmainutils (9.0.5) ...
update-alternatives: using /usr/bin/bsd-write to provide /usr/bin/write (write) in auto mode
update-alternatives: using /usr/bin/bsd-from to provide /usr/bin/from (from) in auto mode
Setting up man-db (2.6.7.1-1) ...
Not building database; man-db/auto-update is not 'true'.
Setting up libasprintf0c2:amd64 (0.18.3.2-2) ...
Setting up libgpg-error0:amd64 (1.12-0.2) ...
Setting up libgcrypt11:amd64 (1.5.3-4) ...
Setting up libp11-kit0:amd64 (0.20.2-5) ...
Setting up libtasn1-6:amd64 (3.6-3) ...
Setting up libgnutls26:amd64 (2.12.23-16) ...
Setting up libmagic1:amd64 (1:5.19-1) ...
Setting up libpci3:amd64 (1:3.2.1-2) ...
Setting up libsqlite3-0:amd64 (3.8.5-1) ...
Setting up libxml2:amd64 (2.9.1+dfsg1-3) ...
Setting up libaio1:amd64 (0.3.109-4) ...
Setting up libglib2.0-0:amd64 (2.40.0-3) ...
No schema files found: doing nothing.
Setting up libcroco3:amd64 (0.6.8-2) ...
Setting up libelfg0:amd64 (0.8.13-5) ...
Setting up libexpat1:amd64 (2.1.0-6) ...
Setting up libpcrecpp0:amd64 (1:8.31-5) ...
Setting up libpython2.7-minimal:amd64 (2.7.7-2) ...
Setting up mime-support (3.56) ...
Setting up libpython2.7-stdlib:amd64 (2.7.7-2) ...
Setting up libpython2.7:amd64 (2.7.7-2) ...
Setting up libexpat1-dev:amd64 (2.1.0-6) ...
Setting up libpython2.7-dev:amd64 (2.7.7-2) ...
Setting up libunistring0:amd64 (0.9.3-5) ...
Setting up python2.7-minimal (2.7.7-2) ...
Setting up libgnutlsxx27:amd64 (2.12.23-16) ...
Setting up libyajl2:amd64 (2.1.0-1) ...
Setting up file (1:5.19-1) ...
Setting up gettext-base (0.18.3.2-2) ...
Setting up python2.7 (2.7.7-2) ...
Setting up python-minimal (2.7.6-2) ...
Setting up libpython-stdlib:amd64 (2.7.6-2) ...
Setting up python (2.7.6-2) ...
Setting up acpica-tools (20140424-1) ...
update-alternatives: using /usr/bin/acpixtract-acpica to provide /usr/bin/acpixtract (acpixtract) in auto mode
update-alternatives: warning: skip creation of /usr/share/man/man1/acpixtract.1.gz because associated file /usr/share/man/man1/acpixtract-acpica.1 (of link group acpixtract) doesn't exist
update-alternatives: using /usr/bin/acpidump-acpica to provide /usr/bin/acpidump (acpidump) in auto mode
update-alternatives: warning: skip creation of /usr/share/man/man1/acpidump.1.gz because associated file /usr/share/man/man1/acpidump-acpica.1 (of link group acpidump) doesn't exist
Setting up bin86 (0.16.17-3.1) ...
Setting up bcc (0.16.17-3.1) ...
Setting up gettext (0.18.3.2-2) ...
Setting up intltool-debian (0.35.0+20060710.1) ...
Setting up po-debconf (1.0.16+nmu2) ...
Setting up debhelper (9.20140613) ...
Setting up libc6-i386 (2.19-2) ...
Setting up libc6-dev-i386 (2.19-2) ...
Setting up libc6-x32 (2.19-2) ...
Setting up libc6-dev-x32 (2.19-2) ...
Setting up lib32gcc1 (1:4.9.0-6) ...
Setting up libx32gcc1 (1:4.9.0-6) ...
Setting up lib32gomp1 (4.9.0-6) ...
Setting up libx32gomp1 (4.9.0-6) ...
Setting up lib32itm1 (4.9.0-6) ...
Setting up libx32itm1 (4.9.0-6) ...
Setting up lib32atomic1 (4.9.0-6) ...
Setting up libx32atomic1 (4.9.0-6) ...
Setting up lib32stdc++6 (4.9.0-6) ...
Setting up lib32asan1 (4.9.0-6) ...
Setting up libx32asan1 (4.9.0-6) ...
Setting up lib32ubsan0 (4.9.0-6) ...
Setting up libx32ubsan0 (4.9.0-6) ...
Setting up lib32vtv0 (4.9.0-6) ...
Setting up libx32vtv0 (4.9.0-6) ...
Setting up lib32cilkrts5 (4.9.0-6) ...
Setting up libx32cilkrts5 (4.9.0-6) ...
Setting up lib32quadmath0 (4.9.0-6) ...
Setting up libx32quadmath0 (4.9.0-6) ...
Setting up lib32gcc-4.9-dev (4.9.0-6) ...
Setting up libx32gcc-4.9-dev (4.9.0-6) ...
Setting up gcc-4.9-multilib (4.9.0-6) ...
Setting up gcc-multilib (4:4.9.0-3) ...
Setting up iasl (20140424-1) ...
Setting up ipxe-qemu (1.0.0+git-20131111.c3d1e78-2) ...
Setting up libaio-dev (0.3.109-4) ...
Setting up ocaml-base-nox (4.01.0-4) ...
Setting up libfindlib-ocaml (1.4.1-1) ...
Setting up libgpg-error-dev (1.12-0.2) ...
Setting up libgcrypt11-dev (1.5.3-4) ...
Setting up libglib2.0-data (2.40.0-3) ...
Setting up libglib2.0-bin (2.40.0-3) ...
Setting up libpcre3-dev:amd64 (1:8.31-5) ...
Setting up pkg-config (0.28-1) ...
Setting up zlib1g-dev:amd64 (1:1.2.8.dfsg-1) ...
Setting up libglib2.0-dev (2.40.0-3) ...
Setting up libtasn1-6-dev (3.6-3) ...
Setting up libp11-kit-dev (0.20.2-5) ...
Setting up libgnutls-dev (2.12.23-16) ...
Setting up liblzma-dev:amd64 (5.1.1alpha+20120614-2) ...
Setting up libtinfo-dev:amd64 (5.9+20140118-1) ...
Setting up libncurses5-dev:amd64 (5.9+20140118-1) ...
Setting up libpci-dev (1:3.2.1-2) ...
Setting up libpython-dev:amd64 (2.7.6-2) ...
Setting up libssl-dev:amd64 (1.0.1h-3) ...
Setting up lsb-release (4.1+Debian13) ...
Setting up ocaml-findlib (1.4.1-1) ...
Setting up python2.7-dev (2.7.7-2) ...
Setting up python-dev (2.7.6-2) ...
Setting up comerr-dev (2.1-1.42.10-1) ...
Setting up dh-ocaml (1.0.9) ...
Setting up e2fslibs-dev (1.42.10-1) ...
Setting up libyajl-dev:amd64 (2.1.0-1) ...
Setting up seabios (1.7.5-1) ...
Setting up uuid-dev (2.20.1-5.8) ...
Setting up ocaml-compiler-libs (4.01.0-4) ...
Setting up ocaml-interp (4.01.0-4) ...
Setting up ocaml-nox (4.01.0-4) ...
Setting up sbuild-build-depends-xen-dummy (0.invalid.0) ...
Processing triggers for libc-bin (2.19-2) ...

┌──────────────────────────────────────────────────────────────────────────────┐
│ Build environment                                                            │
└──────────────────────────────────────────────────────────────────────────────┘

Kernel: Linux 2.6.32-5-xen-amd64 amd64 (x86_64)
Toolchain package versions: binutils_2.24.51.20140604-3 dpkg-dev_1.17.10 g++-4.6_4.6.4-7 g++-4.9_4.9.0-6 gcc-4.6_4.6.4-7 gcc-4.7_4.7.4-1 gcc-4.9_4.9.0-6 libc6-dev_2.19-2 libstdc++-4.9-dev_4.9.0-6 libstdc++6_4.9.0-6 libstdc++6-4.6-dev_4.6.4-7 linux-libc-dev_3.14.7-1
Package versions: acpica-tools_20140424-1 apt_1.0.4 base-files_7.3 base-passwd_3.5.33 bash_4.3-7 bcc_0.16.17-3.1 bin86_0.16.17-3.1 binutils_2.24.51.20140604-3 bsdmainutils_9.0.5 bsdutils_1:2.20.1-5.8 build-essential_11.6 bzip2_1.0.6-5 clang-3.4_1:3.4.2-1 comerr-dev_2.1-1.42.10-1 coreutils_8.21-1.2 cpp_4:4.9.0-3 cpp-4.6_4.6.4-7 cpp-4.7_4.7.4-1 cpp-4.9_4.9.0-6 dash_0.5.7-4 debconf_1.5.53 debconf-i18n_1.5.53 debfoster_2.7-1.2 debhelper_9.20140613 debian-archive-keyring_2012.4 debianutils_4.4 dh-ocaml_1.0.9 diffutils_1:3.3-1 dpkg_1.17.10 dpkg-dev_1.17.10 e2fslibs_1.42.10-1 e2fslibs-dev_1.42.10-1 e2fsprogs_1.42.10-1 fakeroot_1.20-3 file_1:5.19-1 findutils_4.4.2-8 g++_4:4.9.0-3 g++-4.6_4.6.4-7 g++-4.9_4.9.0-6 gcc_4:4.9.0-3 gcc-4.4-base_4.4.7-8 gcc-4.5-base_4.5.4-1 gcc-4.6_4.6.4-7 gcc-4.6-base_4.6.4-7 gcc-4.7_4.7.4-1 gcc-4.7-base_4.7.4-1 gcc-4.8-base_4.8.3-3 gcc-4.9_4.9.0-6 gcc-4.9-base_4.9.0-6 gcc-4.9-multilib_4.9.0-6 gcc-multilib_4:4.9.0-3 gettext_0.18.3.2-2 gettext-base_0.18.3.2-2 gnupg_1.4.16-1.1 gpgv_1.4.16-1.1 grep_2.18-2 groff-base_1.22.2-5 gzip_1.6-3 hostname_3.15 iasl_20140424-1 initscripts_2.88dsf-53.2 insserv_1.14.0-5 intltool-debian_0.35.0+20060710.1 ipxe-qemu_1.0.0+git-20131111.c3d1e78-2 lib32asan1_4.9.0-6 lib32atomic1_4.9.0-6 lib32cilkrts5_4.9.0-6 lib32gcc-4.9-dev_4.9.0-6 lib32gcc1_1:4.9.0-6 lib32gomp1_4.9.0-6 lib32itm1_4.9.0-6 lib32quadmath0_4.9.0-6 lib32stdc++6_4.9.0-6 lib32ubsan0_4.9.0-6 lib32vtv0_4.9.0-6 libacl1_2.2.52-1 libaio-dev_0.3.109-4 libaio1_0.3.109-4 libapt-pkg4.12_1.0.4 libarchive-extract-perl_0.72-1 libasan1_4.9.0-6 libasprintf0c2_0.18.3.2-2 libatomic1_4.9.0-6 libattr1_1:2.4.47-1 libaudit-common_1:2.3.7-1 libaudit1_1:2.3.7-1 libblkid1_2.20.1-5.8 libbz2-1.0_1.0.6-5 libc-bin_2.19-2 libc-dev-bin_2.19-2 libc6_2.19-2 libc6-dev_2.19-2 libc6-dev-i386_2.19-2 libc6-dev-x32_2.19-2 libc6-i386_2.19-2 libc6-x32_2.19-2 libcap2_1:2.22-1.2 libcilkrts5_4.9.0-6 libclang-common-3.4-dev_1:3.4.2-1 libclang1-3.4_1:3.4.2-1 libclass-isa-perl_0.36-5 libcloog-isl4_0.18.2-1 libcloog-ppl1_0.16.1-5 libcomerr2_1.42.10-1 libcroco3_0.6.8-2 libdb5.1_5.1.29-5 libdb5.3_5.3.28-3 libdebconfclient0_0.191 libdpkg-perl_1.17.10 libelfg0_0.8.13-5 libexpat1_2.1.0-6 libexpat1-dev_2.1.0-6 libfakeroot_1.20-3 libffi6_3.1-2 libfile-fcntllock-perl_0.20-1 libfindlib-ocaml_1.4.1-1 libgc1c2_1:7.2d-6 libgcc-4.7-dev_4.7.4-1 libgcc-4.9-dev_4.9.0-6 libgcc1_1:4.9.0-6 libgcrypt11_1.5.3-4 libgcrypt11-dev_1.5.3-4 libgdbm3_1.8.3-12 libglib2.0-0_2.40.0-3 libglib2.0-bin_2.40.0-3 libglib2.0-data_2.40.0-3 libglib2.0-dev_2.40.0-3 libgmp10_2:6.0.0+dfsg-4 libgmpxx4ldbl_2:6.0.0+dfsg-4 libgnutls-dev_2.12.23-16 libgnutls26_2.12.23-16 libgnutlsxx27_2.12.23-16 libgomp1_4.9.0-6 libgpg-error-dev_1.12-0.2 libgpg-error0_1.12-0.2 libgpm2_1.20.4-6.1 libisl10_0.12.2-1 libitm1_4.9.0-6 libllvm3.4_1:3.4.2-1 liblocale-gettext-perl_1.05-8 liblog-message-simple-perl_0.10-1 liblsan0_4.9.0-6 liblzma-dev_5.1.1alpha+20120614-2 liblzma5_5.1.1alpha+20120614-2 libmagic1_1:5.19-1 libmodule-pluggable-perl_5.1-1 libmount1_2.20.1-5.8 libmpc2_0.9-4 libmpc3_1.0.1-1 libmpfr4_3.1.2-1 libncurses5_5.9+20140118-1 libncurses5-dev_5.9+20140118-1 libncursesw5_5.9+20140118-1 libobjc-4.9-dev_4.9.0-6 libobjc4_4.9.0-6 libp11-kit-dev_0.20.2-5 libp11-kit0_0.20.2-5 libpam-modules_1.1.8-3 libpam-modules-bin_1.1.8-3 libpam-runtime_1.1.8-3 libpam0g_1.1.8-3 libpci-dev_1:3.2.1-2 libpci3_1:3.2.1-2 libpcre3_1:8.31-5 libpcre3-dev_1:8.31-5 libpcrecpp0_1:8.31-5 libpipeline1_1.3.0-1 libpod-latex-perl_0.61-1 libppl-c4_1:1.1-2+b1 libppl13_1:1.1-2+b1 libpython-dev_2.7.6-2 libpython-stdlib_2.7.6-2 libpython2.7_2.7.7-2 libpython2.7-dev_2.7.7-2 libpython2.7-minimal_2.7.7-2 libpython2.7-stdlib_2.7.7-2 libquadmath0_4.9.0-6 libreadline6_6.3-6 libselinux1_2.3-1 libsemanage-common_2.3-1 libsemanage1_2.3-1 libsepol1_2.3-1 libslang2_2.2.4-16 libsqlite3-0_3.8.5-1 libss2_1.42.10-1 libssl-dev_1.0.1h-3 libssl1.0.0_1.0.1h-3 libstdc++-4.9-dev_4.9.0-6 libstdc++6_4.9.0-6 libstdc++6-4.6-dev_4.6.4-7 libswitch-perl_2.17-1 libtasn1-6_3.6-3 libtasn1-6-dev_3.6-3 libterm-ui-perl_0.42-1 libtext-charwidth-perl_0.04-7+b2 libtext-iconv-perl_1.7-5+b1 libtext-soundex-perl_3.4-1+b1 libtext-wrapi18n-perl_0.06-7 libtimedate-perl_2.3000-2 libtinfo-dev_5.9+20140118-1 libtinfo5_5.9+20140118-1 libtsan0_4.9.0-6 libubsan0_4.9.0-6 libunistring0_0.9.3-5 libusb-0.1-4_2:0.1.12-23.3 libustr-1.0-1_1.0.4-3 libuuid1_2.20.1-5.8 libvtv0_4.9.0-6 libx32asan1_4.9.0-6 libx32atomic1_4.9.0-6 libx32cilkrts5_4.9.0-6 libx32gcc-4.9-dev_4.9.0-6 libx32gcc1_1:4.9.0-6 libx32gomp1_4.9.0-6 libx32itm1_4.9.0-6 libx32quadmath0_4.9.0-6 libx32ubsan0_4.9.0-6 libx32vtv0_4.9.0-6 libxml2_2.9.1+dfsg1-3 libyajl-dev_2.1.0-1 libyajl2_2.1.0-1 linux-libc-dev_3.14.7-1 login_1:4.2-2 lsb-base_4.1+Debian13 lsb-release_4.1+Debian13 make_4.0-8 man-db_2.6.7.1-1 mawk_1.3.3-17 mime-support_3.56 mount_2.20.1-5.8 multiarch-support_2.19-2 ncurses-base_5.9+20140118-1 ncurses-bin_5.9+20140118-1 ocaml-base-nox_4.01.0-4 ocaml-compiler-libs_4.01.0-4 ocaml-findlib_1.4.1-1 ocaml-interp_4.01.0-4 ocaml-nox_4.01.0-4 passwd_1:4.2-2 patch_2.7.1-5 perl_5.18.2-4 perl-base_5.18.2-4 perl-modules_5.18.2-4 pkg-config_0.28-1 po-debconf_1.0.16+nmu2 python_2.7.6-2 python-dev_2.7.6-2 python-minimal_2.7.6-2 python2.7_2.7.7-2 python2.7-dev_2.7.7-2 python2.7-minimal_2.7.7-2 readline-common_6.3-6 rename_0.20-3 sbuild-build-depends-core-dummy_0.invalid.0 sbuild-build-depends-xen-dummy_0.invalid.0 seabios_1.7.5-1 sed_4.2.2-4 sensible-utils_0.0.9 startpar_0.59-3 sudo_1.8.9p5-1 sysv-rc_2.88dsf-53.2 sysvinit_2.88dsf-53.2 sysvinit-core_2.88dsf-53.2 sysvinit-utils_2.88dsf-53.2 tar_1.27.1-2 tzdata_2014e-1 ucf_3.0030 util-linux_2.20.1-5.8 uuid-dev_2.20.1-5.8 vim_2:7.4.273-2+b1 vim-common_2:7.4.273-2+b1 vim-runtime_2:7.4.273-2 xz-utils_5.1.1alpha+20120614-2 zlib1g_1:1.2.8.dfsg-1 zlib1g-dev_1:1.2.8.dfsg-1

┌──────────────────────────────────────────────────────────────────────────────┐
│ Build                                                                        │
└──────────────────────────────────────────────────────────────────────────────┘


Unpack source
─────────────

gpgv: keyblock resource `/sbuild-nonexistent/.gnupg/trustedkeys.gpg': file open error
gpgv: Signature made Thu Oct 17 22:31:56 2013 UTC using DSA key ID 7F4E0E11
gpgv: Can't check signature: public key not found
dpkg-source: warning: failed to verify signature on ./xen_4.3.0-3.dsc
dpkg-source: info: extracting xen in xen-4.3.0
dpkg-source: info: unpacking xen_4.3.0.orig.tar.gz
dpkg-source: info: unpacking xen_4.3.0-3.debian.tar.gz
dpkg-source: info: applying version.patch
dpkg-source: info: applying config-etherboot.diff
dpkg-source: info: applying config-prefix.diff
dpkg-source: info: applying tools-libfsimage-abiname.diff
dpkg-source: info: applying tools-libxc-abiname.diff
dpkg-source: info: applying tools-libxl-abiname.diff
dpkg-source: info: applying tools-xenstat-abiname.diff
dpkg-source: info: applying tools-rpath.diff
dpkg-source: info: applying tools-blktap2-prefix.diff
dpkg-source: info: applying tools-console-prefix.diff
dpkg-source: info: applying tools-libfsimage-prefix.diff
dpkg-source: info: applying tools-libfsimage-rpath.diff
dpkg-source: info: applying tools-libxl-prefix.diff
dpkg-source: info: applying tools-misc-prefix.diff
dpkg-source: info: applying tools-misc-rpath.diff
dpkg-source: info: applying tools-pygrub-prefix.diff
dpkg-source: info: applying tools-python-prefix.diff
dpkg-source: info: applying tools-python-rpath.diff
dpkg-source: info: applying tools-xcutils-rpath.diff
dpkg-source: info: applying tools-xenmon-prefix.diff
dpkg-source: info: applying tools-xenmon-rpath.diff
dpkg-source: info: applying tools-xenpaging-prefix.diff
dpkg-source: info: applying tools-xenstat-prefix.diff
dpkg-source: info: applying tools-xenstat-rpath.diff
dpkg-source: info: applying tools-xenstore-prefix.diff
dpkg-source: info: applying tools-xenstore-rpath.diff
dpkg-source: info: applying tools-xentrace-prefix.diff
dpkg-source: info: applying tools-xentrace-rpath.diff
dpkg-source: info: applying tools-flags.diff
dpkg-source: info: applying tools-tests-hardening-fallout.patch
dpkg-source: info: applying tools-python-xen-relative-path.diff
dpkg-source: info: applying tools-misc-xend-startup.diff
dpkg-source: info: applying tools-libxl-nopidfile.diff
dpkg-source: info: applying tools-disable.diff
dpkg-source: info: applying tools-examples-xend-disable-network.diff
dpkg-source: info: applying tools-examples-xend-disable-relocation.diff
dpkg-source: info: applying tools-firmware-etherboot-packaged.diff
dpkg-source: info: applying tools-firmware-seabios-packaged.diff
dpkg-source: info: applying tools-pygrub-remove-static-solaris-support.patch
dpkg-source: info: applying tools-include-install.diff
dpkg-source: info: applying tools-xenmon-install.diff
dpkg-source: info: applying tools-hotplug-udevrules.diff
dpkg-source: info: applying tools-python-shebang.diff
dpkg-source: info: applying tools-ocaml-fix-build.diff
dpkg-source: info: applying tools-xenstore-compatibility.diff

Check disc space
────────────────

Sufficient free space for build

Hack binNMU version
───────────────────

Created changelog entry for binNMU version 4.3.0-3clang1

User Environment
────────────────

DEB_BUILD_OPTIONS=parallel=10
HOME=/sbuild-nonexistent
LOGNAME=user
PATH=/usr/local/sbin:/usr/local/bin:/usr/sbin:/usr/bin:/sbin:/bin:/usr/games
SCHROOT_ALIAS_NAME=unstable-amd64-sbuild
SCHROOT_CHROOT_NAME=unstable-amd64-sbuild
SCHROOT_COMMAND=env
SCHROOT_GID=1000
SCHROOT_GROUP=user
SCHROOT_SESSION_ID=unstable-amd64-sbuild-a6da80ec-c3a7-4be8-9182-c5fa430c6477
SCHROOT_UID=1000
SCHROOT_USER=user
SHELL=/bin/sh
USER=user

dpkg-buildpackage
─────────────────

dpkg-buildpackage: source package xen
dpkg-buildpackage: source version 4.3.0-3clang1
dpkg-buildpackage: source distribution unstable
 dpkg-source --before-build xen-4.3.0
dpkg-buildpackage: host architecture amd64
 fakeroot debian/rules clean
md5sum --check debian/control.md5sum --status || \
	/usr/bin/make -f debian/rules debian/control-real
make[1]: Entering directory '/«PKGBUILDDIR»'
debian/bin/gencontrol.py
Traceback (most recent call last):
  File "debian/bin/gencontrol.py", line 6, in <module>
    from debian_xen.debian import VersionXen
  File "/«PKGBUILDDIR»/debian/bin/../lib/python/debian_xen/__init__.py", line 19, in <module>
    _setup()
  File "/«PKGBUILDDIR»/debian/bin/../lib/python/debian_xen/__init__.py", line 16, in _setup
    raise RuntimeError("Can't find %s, please install the linux-support-%s package" % (support, version))
RuntimeError: Can't find /usr/src/linux-support-3.10-3, please install the linux-support-3.10-3 package
debian/rules:83: recipe for target 'debian/control-real' failed
make[1]: *** [debian/control-real] Error 1
make[1]: Leaving directory '/«PKGBUILDDIR»'
make: *** [debian/control] Error 2
debian/rules:75: recipe for target 'debian/control' failed
dpkg-buildpackage: error: fakeroot debian/rules clean gave error exit status 2
────────────────────────────────────────────────────────────────────────────────
Build finished at 20140617-1133

Finished
────────

E: Build failure (dpkg-buildpackage died)

┌──────────────────────────────────────────────────────────────────────────────┐
│ Cleanup                                                                      │
└──────────────────────────────────────────────────────────────────────────────┘

Purging /«BUILDDIR»
Not cleaning session: cloned chroot in use

┌──────────────────────────────────────────────────────────────────────────────┐
│ Summary                                                                      │
└──────────────────────────────────────────────────────────────────────────────┘

Build Architecture: amd64
Build-Space: 31752
Build-Time: 7
Distribution: unstable
Fail-Stage: build
Host Architecture: amd64
Install-Time: 35
Job: xen_4.3.0-3
Machine Architecture: amd64
Package: xen
Package-Time: 75
Source-Version: 4.3.0-3
Space: 31752
Status: attempted
Version: 4.3.0-3clang1
────────────────────────────────────────────────────────────────────────────────
Finished at 20140617-1133
Build needed 00:01:15, 31752k disc space
DC-Status: Failed 76.489705199s
DC-Time-Estimation: 76.489705199 versus expected 1642 (r/m: 20.46694114885237 ; m: 76.489705199)
