DC-Build-Header: abook 0.6.0~pre2-3 / Sat Jun 23 16:43:11 +0000 2012
DC-Task: logfile:/tmp/abook_0.6.0~pre2-3_unstable_clang.log version:0.6.0~pre2-3 chroot:unstable modes:binary-only:clang source:abook architecture:any esttime:39
DC-Sbuild-call: su user -c 'sbuild -n --apt-update -d unstable -v  --chroot-setup-commands=/tmp/switch-to-clang abook_0.6.0~pre2-3'
sbuild (Debian sbuild) 0.62.5 (13 Jul 2011) on ip-10-28-100-189.ec2.internal

╔══════════════════════════════════════════════════════════════════════════════╗
║ abook 0.6.0~pre2-3 (amd64)                                 23 Jun 2012 16:43 ║
╚══════════════════════════════════════════════════════════════════════════════╝

Package: abook
Version: 0.6.0~pre2-3
Source Version: 0.6.0~pre2-3
Distribution: unstable
Architecture: amd64

I: NOTICE: Log filtering will replace 'build/abook-VohyqH/abook-0.6.0~pre2' with '«PKGBUILDDIR»'
I: NOTICE: Log filtering will replace 'build/abook-VohyqH' with '«BUILDDIR»'
I: NOTICE: Log filtering will replace 'var/lib/schroot/mount/unstable-amd64-sbuild-d3c0a176-bac0-4230-9c30-ee521307baa1' with '«CHROOT»'

┌──────────────────────────────────────────────────────────────────────────────┐
│ Update chroot                                                                │
└──────────────────────────────────────────────────────────────────────────────┘

Ign http://localhost unstable InRelease
Get:1 http://localhost unstable Release.gpg [836 B]
Get:2 http://localhost unstable Release [233 kB]
Get:3 http://localhost unstable/main Sources/DiffIndex [7876 B]
Get:4 http://localhost unstable/main amd64 Packages/DiffIndex [7876 B]
Get:5 http://localhost unstable/main Translation-en/DiffIndex [7876 B]
Get:6 http://localhost unstable/main 2012-06-23-0814.36.pdiff [8967 B]
Get:7 http://localhost unstable/main 2012-06-23-0814.36.pdiff [8967 B]
Get:8 http://localhost unstable/main amd64 2012-06-23-0814.36.pdiff [6101 B]
Get:9 http://localhost unstable/main 2012-06-23-0814.36.pdiff [1297 B]
Get:10 http://localhost unstable/main amd64 2012-06-23-0814.36.pdiff [6101 B]
Get:11 http://localhost unstable/main 2012-06-23-1414.42.pdiff [10.6 kB]
Get:12 http://localhost unstable/main 2012-06-23-0814.36.pdiff [1297 B]
Get:13 http://localhost unstable/main amd64 2012-06-23-1414.42.pdiff [11.3 kB]
Get:14 http://localhost unstable/main 2012-06-23-1414.42.pdiff [10.6 kB]
Get:15 http://localhost unstable/main 2012-06-23-1414.42.pdiff [696 B]
Get:16 http://localhost unstable/main amd64 2012-06-23-1414.42.pdiff [11.3 kB]
Get:17 http://localhost unstable/main 2012-06-23-1414.42.pdiff [696 B]
Fetched 296 kB in 7s (40.9 kB/s)
Reading package lists...
Reading package lists...
Building dependency tree...
Reading state information...
The following packages will be upgraded:
  base-passwd bsdutils libblkid1 libmount1 libuuid1 mount util-linux
7 upgraded, 0 newly installed, 0 to remove and 0 not upgraded.
Need to get 1300 kB of archives.
After this operation, 308 kB disk space will be freed.
Get:1 http://localhost/debian/ unstable/main mount amd64 2.20.1-5.1 [213 kB]
Get:2 http://localhost/debian/ unstable/main util-linux amd64 2.20.1-5.1 [659 kB]
Get:3 http://localhost/debian/ unstable/main base-passwd amd64 3.5.26 [46.3 kB]
Get:4 http://localhost/debian/ unstable/main bsdutils amd64 1:2.20.1-5.1 [85.3 kB]
Get:5 http://localhost/debian/ unstable/main libuuid1 amd64 2.20.1-5.1 [56.9 kB]
Get:6 http://localhost/debian/ unstable/main libblkid1 amd64 2.20.1-5.1 [120 kB]
Get:7 http://localhost/debian/ unstable/main libmount1 amd64 2.20.1-5.1 [120 kB]
debconf: delaying package configuration, since apt-utils is not installed
Fetched 1300 kB in 0s (13.4 MB/s)
(Reading database ... 11730 files and directories currently installed.)
Preparing to replace mount 2.20.1-5 (using .../mount_2.20.1-5.1_amd64.deb) ...
Unpacking replacement mount ...
Setting up mount (2.20.1-5.1) ...
(Reading database ... 11730 files and directories currently installed.)
Preparing to replace util-linux 2.20.1-5 (using .../util-linux_2.20.1-5.1_amd64.deb) ...
Unpacking replacement util-linux ...
Setting up util-linux (2.20.1-5.1) ...
(Reading database ... 11730 files and directories currently installed.)
Preparing to replace base-passwd 3.5.25 (using .../base-passwd_3.5.26_amd64.deb) ...
Unpacking replacement base-passwd ...
Setting up base-passwd (3.5.26) ...
(Reading database ... 11730 files and directories currently installed.)
Preparing to replace bsdutils 1:2.20.1-5 (using .../bsdutils_1%3a2.20.1-5.1_amd64.deb) ...
Unpacking replacement bsdutils ...
Setting up bsdutils (1:2.20.1-5.1) ...
(Reading database ... 11730 files and directories currently installed.)
Preparing to replace libuuid1:amd64 2.20.1-5 (using .../libuuid1_2.20.1-5.1_amd64.deb) ...
Unpacking replacement libuuid1:amd64 ...
Setting up libuuid1:amd64 (2.20.1-5.1) ...
(Reading database ... 11730 files and directories currently installed.)
Preparing to replace libblkid1:amd64 2.20.1-5 (using .../libblkid1_2.20.1-5.1_amd64.deb) ...
Unpacking replacement libblkid1:amd64 ...
Setting up libblkid1:amd64 (2.20.1-5.1) ...
(Reading database ... 11730 files and directories currently installed.)
Preparing to replace libmount1 2.20.1-5 (using .../libmount1_2.20.1-5.1_amd64.deb) ...
Unpacking replacement libmount1 ...
Setting up libmount1 (2.20.1-5.1) ...

┌──────────────────────────────────────────────────────────────────────────────┐
│ Fetch source files                                                           │
└──────────────────────────────────────────────────────────────────────────────┘


Check APT
─────────

Checking available source versions...

Download source files with APT
──────────────────────────────

Reading package lists...
Building dependency tree...
Reading state information...
NOTICE: 'abook' packaging is maintained in the 'Git' version control system at:
git://git.deb.at/g/pkg/abook.git
Need to get 428 kB of source archives.
Get:1 http://localhost/debian/ unstable/main abook 0.6.0~pre2-3 (dsc) [1508 B]
Get:2 http://localhost/debian/ unstable/main abook 0.6.0~pre2-3 (tar) [411 kB]
Get:3 http://localhost/debian/ unstable/main abook 0.6.0~pre2-3 (diff) [15.0 kB]
Fetched 428 kB in 0s (1668 kB/s)
Download complete and in download only mode

Check arch
──────────


┌──────────────────────────────────────────────────────────────────────────────┐
│ Chroot Setup Commands                                                        │
└──────────────────────────────────────────────────────────────────────────────┘


/tmp/switch-to-clang
────────────────────

+ echo 'Entering customization script...'
Entering customization script...
+ apt-get update
Ign http://localhost unstable InRelease
Hit http://localhost unstable Release.gpg
Hit http://localhost unstable Release
Hit http://localhost unstable/main Sources/DiffIndex
Hit http://localhost unstable/main amd64 Packages/DiffIndex
Hit http://localhost unstable/main Translation-en/DiffIndex
Reading package lists...
+ echo 'Install of clang'
Install of clang
+ apt-get update
Ign http://localhost unstable InRelease
Hit http://localhost unstable Release.gpg
Hit http://localhost unstable Release
Hit http://localhost unstable/main Sources/DiffIndex
Hit http://localhost unstable/main amd64 Packages/DiffIndex
Hit http://localhost unstable/main Translation-en/DiffIndex
Reading package lists...
+ apt-get install --yes --no-install-recommends clang -t unstable
Reading package lists...
Building dependency tree...
Reading state information...
The following extra packages will be installed:
  libclang-common-dev libffi5 libllvm3.1
Recommended packages:
  llvm-3.1-dev python
The following NEW packages will be installed:
  clang libclang-common-dev libffi5 libllvm3.1
0 upgraded, 4 newly installed, 0 to remove and 0 not upgraded.
Need to get 13.1 MB of archives.
After this operation, 35.6 MB of additional disk space will be used.
Get:1 http://localhost/debian/ unstable/main libffi5 amd64 3.0.10-3 [24.8 kB]
Get:2 http://localhost/debian/ unstable/main libllvm3.1 amd64 3.1-1 [7276 kB]
Get:3 http://localhost/debian/ unstable/main libclang-common-dev amd64 3.1-6 [84.0 kB]
Get:4 http://localhost/debian/ unstable/main clang amd64 3.1-6 [5755 kB]
debconf: delaying package configuration, since apt-utils is not installed
Fetched 13.1 MB in 0s (29.8 MB/s)
Selecting previously unselected package libffi5:amd64.
(Reading database ... 11730 files and directories currently installed.)
Unpacking libffi5:amd64 (from .../libffi5_3.0.10-3_amd64.deb) ...
Selecting previously unselected package libllvm3.1:amd64.
Unpacking libllvm3.1:amd64 (from .../libllvm3.1_3.1-1_amd64.deb) ...
Selecting previously unselected package libclang-common-dev.
Unpacking libclang-common-dev (from .../libclang-common-dev_3.1-6_amd64.deb) ...
Selecting previously unselected package clang.
Unpacking clang (from .../archives/clang_3.1-6_amd64.deb) ...
Setting up libffi5:amd64 (3.0.10-3) ...
Setting up libllvm3.1:amd64 (3.1-1) ...
Setting up libclang-common-dev (3.1-6) ...
Setting up clang (3.1-6) ...
+ echo 'Replace gcc, g++ & cpp by clang'
Replace gcc, g++ & cpp by clang
+ VERSION=4.7
+ cd /usr/bin
+ rm g++-4.7 gcc-4.7 cpp-4.7
+ ln -s clang++ g++-4.7
+ ln -s clang gcc-4.7
+ ln -s clang cpp-4.7
+ cd -
/«BUILDDIR»
+ echo 'Block the installation of new gcc version'
Block the installation of new gcc version
+ dpkg --set-selections
+ echo 'gcc-4.6 hold'
+ dpkg --set-selections
+ echo 'cpp-4.6 hold'
+ dpkg --set-selections
+ echo 'g++-4.6 hold'
+ dpkg --set-selections
+ echo 'gcc-4.7 hold'
+ dpkg --set-selections
+ echo 'cpp-4.7 hold'
+ dpkg --set-selections
+ echo 'g++-4.7 hold'
+ echo 'Check if gcc, g++ & cpp are actually clang'
Check if gcc, g++ & cpp are actually clang
+ grep clang
+ gcc --version

I: Finished running '/tmp/switch-to-clang'.

Finished processing commands.
────────────────────────────────────────────────────────────────────────────────
Merged Build-Depends: build-essential, fakeroot
Filtered Build-Depends: build-essential, fakeroot
dpkg-deb: building package `sbuild-build-depends-core-dummy' in `/«BUILDDIR»/resolver-PAXtm4/apt_archive/sbuild-build-depends-core-dummy.deb'.
OK
Reading package lists...

┌──────────────────────────────────────────────────────────────────────────────┐
│ Install core build dependencies (apt-based resolver)                         │
└──────────────────────────────────────────────────────────────────────────────┘

Installing build dependencies
Reading package lists...
Building dependency tree...
Reading state information...
The following NEW packages will be installed:
  sbuild-build-depends-core-dummy
debconf: delaying package configuration, since apt-utils is not installed
0 upgraded, 1 newly installed, 0 to remove and 0 not upgraded.
Need to get 0 B/708 B of archives.
After this operation, 0 B of additional disk space will be used.
Selecting previously unselected package sbuild-build-depends-core-dummy.
(Reading database ... 11810 files and directories currently installed.)
Unpacking sbuild-build-depends-core-dummy (from .../sbuild-build-depends-core-dummy.deb) ...
Setting up sbuild-build-depends-core-dummy (0.invalid.0) ...
Merged Build-Depends: base-files, base-passwd, bash, coreutils, dash, debianutils, diffutils, dpkg, e2fsprogs, findutils, grep, gzip, hostname, ncurses-base, ncurses-bin, perl-base, sed, login, sysvinit-utils, sysvinit, tar, bsdutils, mount, util-linux, libc6-dev | libc-dev, gcc (>= 4:4.4.3), g++ (>= 4:4.4.3), make, dpkg-dev (>= 1.13.5), libncursesw5-dev, libreadline6-dev | libreadline-dev, po-debconf, quilt (>= 0.40), autotools-dev
Filtered Build-Depends: base-files, base-passwd, bash, coreutils, dash, debianutils, diffutils, dpkg, e2fsprogs, findutils, grep, gzip, hostname, ncurses-base, ncurses-bin, perl-base, sed, login, sysvinit-utils, sysvinit, tar, bsdutils, mount, util-linux, libc6-dev, gcc (>= 4:4.4.3), g++ (>= 4:4.4.3), make, dpkg-dev (>= 1.13.5), libncursesw5-dev, libreadline6-dev, po-debconf, quilt (>= 0.40), autotools-dev
dpkg-deb: building package `sbuild-build-depends-abook-dummy' in `/«BUILDDIR»/resolver-sKX5TA/apt_archive/sbuild-build-depends-abook-dummy.deb'.
OK
Reading package lists...

┌──────────────────────────────────────────────────────────────────────────────┐
│ Install abook build dependencies (apt-based resolver)                        │
└──────────────────────────────────────────────────────────────────────────────┘

Installing build dependencies
Reading package lists...
Building dependency tree...
Reading state information...
The following extra packages will be installed:
  autotools-dev bsdmainutils diffstat gettext gettext-base intltool-debian
  libasprintf0c2 libcroco3 libgettextpo0 libglib2.0-0 libncursesw5
  libncursesw5-dev libpcre3 libreadline6-dev libtinfo-dev libunistring0
  libxml2 po-debconf quilt
Suggested packages:
  wamerican wordlist whois vacation gettext-doc ncurses-doc libmail-box-perl
  procmail graphviz default-mta mail-transport-agent
Recommended packages:
  curl wget lynx-cur autopoint libglib2.0-data shared-mime-info libgpm2
  xml-core libmail-sendmail-perl
The following NEW packages will be installed:
  autotools-dev bsdmainutils diffstat gettext gettext-base intltool-debian
  libasprintf0c2 libcroco3 libgettextpo0 libglib2.0-0 libncursesw5
  libncursesw5-dev libpcre3 libreadline6-dev libtinfo-dev libunistring0
  libxml2 po-debconf quilt sbuild-build-depends-abook-dummy
0 upgraded, 20 newly installed, 0 to remove and 0 not upgraded.
Need to get 7818 kB/7819 kB of archives.
After this operation, 20.4 MB of additional disk space will be used.
Get:1 http://localhost/debian/ unstable/main libncursesw5 amd64 5.9-9 [141 kB]
Get:2 http://localhost/debian/ unstable/main libasprintf0c2 amd64 0.18.1.1-9 [26.8 kB]
Get:3 http://localhost/debian/ unstable/main libpcre3 amd64 1:8.30-5 [242 kB]
Get:4 http://localhost/debian/ unstable/main libxml2 amd64 2.8.0+dfsg1-4 [903 kB]
Get:5 http://localhost/debian/ unstable/main libglib2.0-0 amd64 2.32.3-1 [2081 kB]
Get:6 http://localhost/debian/ unstable/main libcroco3 amd64 0.6.5-1 [151 kB]
Get:7 http://localhost/debian/ unstable/main libunistring0 amd64 0.9.3-5 [434 kB]
Get:8 http://localhost/debian/ unstable/main libgettextpo0 amd64 0.18.1.1-9 [145 kB]
Get:9 http://localhost/debian/ unstable/main bsdmainutils amd64 9.0.3 [209 kB]
Get:10 http://localhost/debian/ unstable/main gettext-base amd64 0.18.1.1-9 [154 kB]
Get:11 http://localhost/debian/ unstable/main autotools-dev all 20120608.1 [73.0 kB]
Get:12 http://localhost/debian/ unstable/main diffstat amd64 1.55-3 [30.0 kB]
Get:13 http://localhost/debian/ unstable/main gettext amd64 0.18.1.1-9 [1975 kB]
Get:14 http://localhost/debian/ unstable/main intltool-debian all 0.35.0+20060710.1 [30.8 kB]
Get:15 http://localhost/debian/ unstable/main libtinfo-dev amd64 5.9-9 [105 kB]
Get:16 http://localhost/debian/ unstable/main libncursesw5-dev amd64 5.9-9 [254 kB]
Get:17 http://localhost/debian/ unstable/main libreadline6-dev amd64 6.2-8 [264 kB]
Get:18 http://localhost/debian/ unstable/main po-debconf all 1.0.16+nmu2 [224 kB]
Get:19 http://localhost/debian/ unstable/main quilt all 0.60-2 [377 kB]
debconf: delaying package configuration, since apt-utils is not installed
Fetched 7818 kB in 0s (24.6 MB/s)
Selecting previously unselected package libncursesw5:amd64.
(Reading database ... 11810 files and directories currently installed.)
Unpacking libncursesw5:amd64 (from .../libncursesw5_5.9-9_amd64.deb) ...
Selecting previously unselected package libasprintf0c2:amd64.
Unpacking libasprintf0c2:amd64 (from .../libasprintf0c2_0.18.1.1-9_amd64.deb) ...
Selecting previously unselected package libpcre3:amd64.
Unpacking libpcre3:amd64 (from .../libpcre3_1%3a8.30-5_amd64.deb) ...
Selecting previously unselected package libxml2:amd64.
Unpacking libxml2:amd64 (from .../libxml2_2.8.0+dfsg1-4_amd64.deb) ...
Selecting previously unselected package libglib2.0-0:amd64.
Unpacking libglib2.0-0:amd64 (from .../libglib2.0-0_2.32.3-1_amd64.deb) ...
Selecting previously unselected package libcroco3:amd64.
Unpacking libcroco3:amd64 (from .../libcroco3_0.6.5-1_amd64.deb) ...
Selecting previously unselected package libunistring0:amd64.
Unpacking libunistring0:amd64 (from .../libunistring0_0.9.3-5_amd64.deb) ...
Selecting previously unselected package libgettextpo0:amd64.
Unpacking libgettextpo0:amd64 (from .../libgettextpo0_0.18.1.1-9_amd64.deb) ...
Selecting previously unselected package bsdmainutils.
Unpacking bsdmainutils (from .../bsdmainutils_9.0.3_amd64.deb) ...
Selecting previously unselected package gettext-base.
Unpacking gettext-base (from .../gettext-base_0.18.1.1-9_amd64.deb) ...
Selecting previously unselected package autotools-dev.
Unpacking autotools-dev (from .../autotools-dev_20120608.1_all.deb) ...
Selecting previously unselected package diffstat.
Unpacking diffstat (from .../diffstat_1.55-3_amd64.deb) ...
Selecting previously unselected package gettext.
Unpacking gettext (from .../gettext_0.18.1.1-9_amd64.deb) ...
Selecting previously unselected package intltool-debian.
Unpacking intltool-debian (from .../intltool-debian_0.35.0+20060710.1_all.deb) ...
Selecting previously unselected package libtinfo-dev:amd64.
Unpacking libtinfo-dev:amd64 (from .../libtinfo-dev_5.9-9_amd64.deb) ...
Selecting previously unselected package libncursesw5-dev.
Unpacking libncursesw5-dev (from .../libncursesw5-dev_5.9-9_amd64.deb) ...
Selecting previously unselected package libreadline6-dev:amd64.
Unpacking libreadline6-dev:amd64 (from .../libreadline6-dev_6.2-8_amd64.deb) ...
Selecting previously unselected package po-debconf.
Unpacking po-debconf (from .../po-debconf_1.0.16+nmu2_all.deb) ...
Selecting previously unselected package quilt.
Unpacking quilt (from .../archives/quilt_0.60-2_all.deb) ...
Selecting previously unselected package sbuild-build-depends-abook-dummy.
Unpacking sbuild-build-depends-abook-dummy (from .../sbuild-build-depends-abook-dummy.deb) ...
Setting up libncursesw5:amd64 (5.9-9) ...
Setting up libasprintf0c2:amd64 (0.18.1.1-9) ...
Setting up libpcre3:amd64 (1:8.30-5) ...
Setting up libxml2:amd64 (2.8.0+dfsg1-4) ...
Setting up libglib2.0-0:amd64 (2.32.3-1) ...
No schema files found: doing nothing.
Setting up libcroco3:amd64 (0.6.5-1) ...
Setting up libunistring0:amd64 (0.9.3-5) ...
Setting up libgettextpo0:amd64 (0.18.1.1-9) ...
Setting up bsdmainutils (9.0.3) ...
update-alternatives: using /usr/bin/bsd-write to provide /usr/bin/write (write) in auto mode.
update-alternatives: using /usr/bin/bsd-from to provide /usr/bin/from (from) in auto mode.
Setting up gettext-base (0.18.1.1-9) ...
Setting up autotools-dev (20120608.1) ...
Setting up diffstat (1.55-3) ...
Setting up gettext (0.18.1.1-9) ...
Setting up intltool-debian (0.35.0+20060710.1) ...
Setting up libtinfo-dev:amd64 (5.9-9) ...
Setting up libncursesw5-dev (5.9-9) ...
Setting up libreadline6-dev:amd64 (6.2-8) ...
Setting up po-debconf (1.0.16+nmu2) ...
Setting up quilt (0.60-2) ...
Setting up sbuild-build-depends-abook-dummy (0.invalid.0) ...

┌──────────────────────────────────────────────────────────────────────────────┐
│ Build environment                                                            │
└──────────────────────────────────────────────────────────────────────────────┘

Kernel: Linux 2.6.32-5-xen-amd64 amd64 (x86_64)
Toolchain package versions: binutils_2.22-6.1 dpkg-dev_1.16.4.3 g++-4.6_4.6.3-7 g++-4.7_4.7.1-1 gcc-4.6_4.6.3-7 gcc-4.7_4.7.1-1 libc6-dev_2.13-33 libstdc++6_4.7.1-1 libstdc++6-4.6-dev_4.6.3-7 libstdc++6-4.7-dev_4.7.1-1 linux-libc-dev_3.2.20-1
Package versions: apt_0.9.7 autotools-dev_20120608.1 base-files_6.11 base-passwd_3.5.26 bash_4.2-2 binutils_2.22-6.1 bsdmainutils_9.0.3 bsdutils_1:2.20.1-5.1 build-essential_11.5 bzip2_1.0.6-3 clang_3.1-6 coreutils_8.13-3.2 cpp_4:4.7.0-6 cpp-4.6_4.6.3-7 cpp-4.7_4.7.1-1 dash_0.5.7-3 debconf_1.5.44 debconf-i18n_1.5.44 debfoster_2.7-1.1 debian-archive-keyring_2012.4 debianutils_4.3.1 diffstat_1.55-3 diffutils_1:3.2-6 dpkg_1.16.4.3 dpkg-dev_1.16.4.3 e2fslibs_1.42.4-3 e2fsprogs_1.42.4-3 fakeroot_1.18.4-2 findutils_4.4.2-4 g++_4:4.7.0-6 g++-4.6_4.6.3-7 g++-4.7_4.7.1-1 gcc_4:4.7.0-6 gcc-4.4-base_4.4.7-1 gcc-4.5-base_4.5.3-12 gcc-4.6_4.6.3-7 gcc-4.6-base_4.6.3-7 gcc-4.7_4.7.1-1 gcc-4.7-base_4.7.1-1 gettext_0.18.1.1-9 gettext-base_0.18.1.1-9 gnupg_1.4.12-4 gpgv_1.4.12-4 grep_2.12-2 gzip_1.5-1.1 hostname_3.11 initscripts_2.88dsf-27 insserv_1.14.0-3 intltool-debian_0.35.0+20060710.1 libacl1_2.2.51-8 libapt-pkg4.12_0.9.7 libasprintf0c2_0.18.1.1-9 libattr1_1:2.4.46-8 libblkid1_2.20.1-5.1 libbz2-1.0_1.0.6-3 libc-bin_2.13-33 libc-dev-bin_2.13-33 libc6_2.13-33 libc6-dev_2.13-33 libclang-common-dev_3.1-6 libclass-isa-perl_0.36-3 libcomerr2_1.42.4-3 libcroco3_0.6.5-1 libdb5.1_5.1.29-4 libdpkg-perl_1.16.4.3 libffi5_3.0.10-3 libfile-fcntllock-perl_0.14-2 libgc1c2_1:7.1-8 libgcc1_1:4.7.1-1 libgdbm3_1.8.3-11 libgettextpo0_0.18.1.1-9 libglib2.0-0_2.32.3-1 libgmp10_2:5.0.5+dfsg-2 libgomp1_4.7.1-1 libitm1_4.7.1-1 libllvm3.1_3.1-1 liblocale-gettext-perl_1.05-7+b1 liblzma5_5.1.1alpha+20120614-1 libmount1_2.20.1-5.1 libmpc2_0.9-4 libmpfr4_3.1.0-5 libncurses5_5.9-9 libncursesw5_5.9-9 libncursesw5-dev_5.9-9 libpam-modules_1.1.3-7.1 libpam-modules-bin_1.1.3-7.1 libpam-runtime_1.1.3-7.1 libpam0g_1.1.3-7.1 libpcre3_1:8.30-5 libquadmath0_4.7.1-1 libreadline6_6.2-8 libreadline6-dev_6.2-8 libselinux1_2.1.9-5 libsemanage-common_2.1.6-6 libsemanage1_2.1.6-6 libsepol1_2.1.4-3 libslang2_2.2.4-13 libss2_1.42.4-3 libstdc++6_4.7.1-1 libstdc++6-4.6-dev_4.6.3-7 libstdc++6-4.7-dev_4.7.1-1 libswitch-perl_2.16-2 libtext-charwidth-perl_0.04-7+b1 libtext-iconv-perl_1.7-5 libtext-wrapi18n-perl_0.06-7 libtimedate-perl_1.2000-1 libtinfo-dev_5.9-9 libtinfo5_5.9-9 libunistring0_0.9.3-5 libusb-0.1-4_2:0.1.12-23 libustr-1.0-1_1.0.4-3 libuuid1_2.20.1-5.1 libxml2_2.8.0+dfsg1-4 linux-libc-dev_3.2.20-1 login_1:4.1.5.1-1 lsb-base_4.1+Debian7 make_3.81-8.2 mawk_1.3.3-17 mount_2.20.1-5.1 multiarch-support_2.13-33 ncurses-base_5.9-9 ncurses-bin_5.9-9 passwd_1:4.1.5.1-1 patch_2.6.1-3 perl_5.14.2-12 perl-base_5.14.2-12 perl-modules_5.14.2-12 po-debconf_1.0.16+nmu2 quilt_0.60-2 readline-common_6.2-8 sbuild-build-depends-abook-dummy_0.invalid.0 sbuild-build-depends-core-dummy_0.invalid.0 sed_4.2.1-10 sensible-utils_0.0.7 sysv-rc_2.88dsf-27 sysvinit_2.88dsf-27 sysvinit-utils_2.88dsf-27 tar_1.26-4 tzdata_2012c-1 ucf_3.0025+nmu3 util-linux_2.20.1-5.1 xz-utils_5.1.1alpha+20120614-1 zlib1g_1:1.2.7.dfsg-13

┌──────────────────────────────────────────────────────────────────────────────┐
│ Build                                                                        │
└──────────────────────────────────────────────────────────────────────────────┘


Unpack source
─────────────

gpgv: keyblock resource `/sbuild-nonexistent/.gnupg/trustedkeys.gpg': file open error
gpgv: Signature made Wed Apr 25 22:23:01 2012 UTC using RSA key ID DD079461
gpgv: Can't check signature: public key not found
dpkg-source: warning: failed to verify signature on ./abook_0.6.0~pre2-3.dsc
dpkg-source: info: extracting abook in abook-0.6.0~pre2
dpkg-source: info: unpacking abook_0.6.0~pre2.orig.tar.gz
dpkg-source: info: applying abook_0.6.0~pre2-3.diff.gz

Check disc space
────────────────

Sufficient free space for build

User Environment
────────────────

HOME=/sbuild-nonexistent
LOGNAME=root
PATH=/usr/local/sbin:/usr/local/bin:/usr/sbin:/usr/bin:/sbin:/bin:/usr/bin/X11
SCHROOT_CHROOT_NAME=unstable-amd64-sbuild
SCHROOT_COMMAND=env
SCHROOT_GID=0
SCHROOT_GROUP=root
SCHROOT_SESSION_ID=unstable-amd64-sbuild-d3c0a176-bac0-4230-9c30-ee521307baa1
SCHROOT_UID=0
SCHROOT_USER=root
SHELL=/bin/sh
USER=root

dpkg-buildpackage
─────────────────

dpkg-buildpackage: warning: using a gain-root-command while being root
dpkg-buildpackage: source package abook
dpkg-buildpackage: source version 0.6.0~pre2-3
dpkg-buildpackage: source changed by Gerfried Fuchs <rhonda@debian.org>
 dpkg-source --before-build abook-0.6.0~pre2
dpkg-buildpackage: host architecture amd64
 fakeroot debian/rules clean
QUILT_PATCHES=debian/patches \
		quilt --quiltrc /dev/null pop -a -R || test $? = 2
No patch removed
rm -rf .pc patch-stamp
test -f debian/rules
test root = "`whoami`"
rm -rf build-stamp /«PKGBUILDDIR»/debian/abook debian/files debian/substvars \
		config.guess config.sub
[ ! -f Makefile ] || /usr/bin/make distclean
 debian/rules build-arch
QUILT_PATCHES=debian/patches \
		quilt --quiltrc /dev/null push -a || test $? = 2
Applying patch 02_fix-manpage
patching file abook.1
patching file abookrc.5

Applying patch 03_datafile-f-switch
patching file abook.c

Now at patch 03_datafile-f-switch
touch patch-stamp
test -f debian/rules
cp /usr/share/misc/config.guess /usr/share/misc/config.sub .
./configure --prefix=/usr --mandir=\${prefix}/share/man \
		 --infodir=\${prefix}/share/info
checking for a BSD-compatible install... /usr/bin/install -c
checking whether build environment is sane... yes
checking for gawk... no
checking for mawk... mawk
checking whether make sets $(MAKE)... yes
checking whether NLS is requested... yes
checking for msgfmt... /usr/bin/msgfmt
checking for gmsgfmt... /usr/bin/msgfmt
checking for xgettext... /usr/bin/xgettext
checking for msgmerge... /usr/bin/msgmerge
checking for style of include used by make... GNU
checking for gcc... gcc
checking for C compiler default output file name... a.out
checking whether the C compiler works... yes
checking whether we are cross compiling... no
checking for suffix of executables... 
checking for suffix of object files... o
checking whether we are using the GNU C compiler... yes
checking whether gcc accepts -g... yes
checking for gcc option to accept ANSI C... none needed
checking dependency style of gcc... gcc3
checking build system type... x86_64-unknown-linux-gnu
checking host system type... x86_64-unknown-linux-gnu
checking how to run the C preprocessor... gcc -E
checking for egrep... grep -E
checking whether we are using the GNU C Library 2 or newer... yes
checking for ranlib... ranlib
checking for library containing strerror... none required
checking for ANSI C header files... yes
checking for an ANSI C-conforming const... yes
checking for signed... yes
checking for inline... inline
checking for sys/types.h... yes
checking for sys/stat.h... yes
checking for stdlib.h... yes
checking for string.h... yes
checking for memory.h... yes
checking for strings.h... yes
checking for inttypes.h... yes
checking for stdint.h... yes
checking for unistd.h... yes
checking for off_t... yes
checking for size_t... yes
checking for long long... yes
checking for long double... yes
checking for wchar_t... yes
checking for wint_t... yes
checking for inttypes.h... yes
checking for stdint.h... yes
checking for intmax_t... yes
checking whether printf() supports POSIX/XSI format strings... yes
checking for working alloca.h... yes
checking for alloca... yes
checking for stdlib.h... (cached) yes
checking for unistd.h... (cached) yes
checking for getpagesize... yes
checking for working mmap... yes
checking whether we are using the GNU C Library 2.1 or newer... yes
checking whether integer division by zero raises SIGFPE... yes
checking for unsigned long long... yes
checking for inttypes.h... yes
checking whether the inttypes.h PRIxNN macros are broken... no
checking for stdint.h... (cached) yes
checking for SIZE_MAX... yes
checking for stdint.h... (cached) yes
checking for CFPreferencesCopyAppValue... no
checking for CFLocaleCopyCurrent... no
checking for ld used by GCC... /usr/bin/ld
checking if the linker (/usr/bin/ld) is GNU ld... yes
checking for shared library run path origin... done
checking for ptrdiff_t... yes
checking argz.h usability... yes
checking argz.h presence... yes
checking for argz.h... yes
checking limits.h usability... yes
checking limits.h presence... yes
checking for limits.h... yes
checking locale.h usability... yes
checking locale.h presence... yes
checking for locale.h... yes
checking nl_types.h usability... yes
checking nl_types.h presence... yes
checking for nl_types.h... yes
checking malloc.h usability... yes
checking malloc.h presence... yes
checking for malloc.h... yes
checking stddef.h usability... yes
checking stddef.h presence... yes
checking for stddef.h... yes
checking for stdlib.h... (cached) yes
checking for string.h... (cached) yes
checking for unistd.h... (cached) yes
checking sys/param.h usability... yes
checking sys/param.h presence... yes
checking for sys/param.h... yes
checking for asprintf... yes
checking for fwprintf... yes
checking for getcwd... yes
checking for getegid... yes
checking for geteuid... yes
checking for getgid... yes
checking for getuid... yes
checking for mempcpy... yes
checking for munmap... yes
checking for putenv... yes
checking for setenv... yes
checking for setlocale... yes
checking for snprintf... yes
checking for stpcpy... yes
checking for strcasecmp... yes
checking for strdup... yes
checking for strtoul... yes
checking for tsearch... yes
checking for wcslen... yes
checking for __argz_count... yes
checking for __argz_stringify... yes
checking for __argz_next... yes
checking for __fsetlocking... yes
checking whether _snprintf is declared... no
checking whether _snwprintf is declared... no
checking whether feof_unlocked is declared... yes
checking whether fgets_unlocked is declared... no
checking whether getc_unlocked is declared... yes
checking for iconv... yes
checking for iconv declaration... 
         extern size_t iconv (iconv_t cd, char * *inbuf, size_t *inbytesleft, char * *outbuf, size_t *outbytesleft);
checking for nl_langinfo and CODESET... yes
checking for LC_MESSAGES... yes
checking for bison... no
checking for CFPreferencesCopyAppValue... (cached) no
checking for CFLocaleCopyCurrent... (cached) no
checking whether NLS is requested... yes
checking whether included gettext is requested... no
checking for GNU gettext in libc... yes
checking whether to use NLS... yes
checking where the gettext function comes from... libc
checking for gcc... (cached) gcc
checking whether we are using the GNU C compiler... (cached) yes
checking whether gcc accepts -g... (cached) yes
checking for gcc option to accept ANSI C... (cached) none needed
checking dependency style of gcc... (cached) gcc3
checking for library containing strerror... (cached) none required
checking for function prototypes... yes
checking for string.h... (cached) yes
checking for inline... (cached) inline
checking for a BSD-compatible install... /usr/bin/install -c
checking for ANSI C header files... (cached) yes
checking for unistd.h... (cached) yes
checking for locale.h... (cached) yes
checking sys/ioctl.h usability... yes
checking sys/ioctl.h presence... yes
checking for sys/ioctl.h... yes
checking iconv.h usability... yes
checking iconv.h presence... yes
checking for iconv.h... yes
checking stdarg.h usability... yes
checking stdarg.h presence... yes
checking for stdarg.h... yes
checking for working strcoll... yes
checking for setlocale... (cached) yes
checking wchar.h usability... yes
checking wchar.h presence... yes
checking for wchar.h... yes
checking for mbtowc... yes
checking for wcwidth... yes
checking for mbrtowc... yes
checking for mbsinit... yes
checking whether wcwidth is declared... no
checking for wchar_t... yes
checking for initscr in -lncursesw... yes
checking ncurses.h usability... yes
checking ncurses.h presence... yes
checking for ncurses.h... yes
checking for a readline compatible library... -lreadline
checking readline.h usability... no
checking readline.h presence... no
checking for readline.h... no
checking readline/readline.h usability... yes
checking readline/readline.h presence... yes
checking for readline/readline.h... yes
checking whether readline supports history... yes
checking history.h usability... no
checking history.h presence... no
checking for history.h... no
checking readline/history.h usability... yes
checking readline/history.h presence... yes
checking for readline/history.h... yes
checking for resizeterm... yes
checking for snprintf... (cached) yes
checking for vsnprintf... yes
configure: creating ./config.status
config.status: creating Makefile
config.status: creating abook.spec
config.status: creating intl/Makefile
config.status: creating po/Makefile.in
config.status: creating config.h
config.status: executing default-1 commands
config.status: creating po/POTFILES
config.status: creating po/Makefile
config.status: executing depfiles commands
/usr/bin/make CFLAGS="-g -Wall -O2"
make[1]: Entering directory `/«PKGBUILDDIR»'
/usr/bin/make  all-recursive
make[2]: Entering directory `/«PKGBUILDDIR»'
Making all in intl
make[3]: Entering directory `/«PKGBUILDDIR»/intl'
make[3]: Nothing to be done for `all'.
make[3]: Leaving directory `/«PKGBUILDDIR»/intl'
Making all in po
make[3]: Entering directory `/«PKGBUILDDIR»/po'
make[3]: Nothing to be done for `all'.
make[3]: Leaving directory `/«PKGBUILDDIR»/po'
make[3]: Entering directory `/«PKGBUILDDIR»'
if gcc -DHAVE_CONFIG_H -I. -I. -I.   -I/usr/include/ncursesw  -g -Wall -O2 -MT abook.o -MD -MP -MF ".deps/abook.Tpo" -c -o abook.o abook.c; \
	then mv -f ".deps/abook.Tpo" ".deps/abook.Po"; else rm -f ".deps/abook.Tpo"; exit 1; fi
if gcc -DHAVE_CONFIG_H -I. -I. -I.   -I/usr/include/ncursesw  -g -Wall -O2 -MT abook_rl.o -MD -MP -MF ".deps/abook_rl.Tpo" -c -o abook_rl.o abook_rl.c; \
	then mv -f ".deps/abook_rl.Tpo" ".deps/abook_rl.Po"; else rm -f ".deps/abook_rl.Tpo"; exit 1; fi
if gcc -DHAVE_CONFIG_H -I. -I. -I.   -I/usr/include/ncursesw  -g -Wall -O2 -MT database.o -MD -MP -MF ".deps/database.Tpo" -c -o database.o database.c; \
	then mv -f ".deps/database.Tpo" ".deps/database.Po"; else rm -f ".deps/database.Tpo"; exit 1; fi
if gcc -DHAVE_CONFIG_H -I. -I. -I.   -I/usr/include/ncursesw  -g -Wall -O2 -MT edit.o -MD -MP -MF ".deps/edit.Tpo" -c -o edit.o edit.c; \
	then mv -f ".deps/edit.Tpo" ".deps/edit.Po"; else rm -f ".deps/edit.Tpo"; exit 1; fi
if gcc -DHAVE_CONFIG_H -I. -I. -I.   -I/usr/include/ncursesw  -g -Wall -O2 -MT filter.o -MD -MP -MF ".deps/filter.Tpo" -c -o filter.o filter.c; \
	then mv -f ".deps/filter.Tpo" ".deps/filter.Po"; else rm -f ".deps/filter.Tpo"; exit 1; fi
if gcc -DHAVE_CONFIG_H -I. -I. -I.   -I/usr/include/ncursesw  -g -Wall -O2 -MT getname.o -MD -MP -MF ".deps/getname.Tpo" -c -o getname.o getname.c; \
	then mv -f ".deps/getname.Tpo" ".deps/getname.Po"; else rm -f ".deps/getname.Tpo"; exit 1; fi
if gcc -DHAVE_CONFIG_H -I. -I. -I.   -I/usr/include/ncursesw  -g -Wall -O2 -MT getopt.o -MD -MP -MF ".deps/getopt.Tpo" -c -o getopt.o getopt.c; \
	then mv -f ".deps/getopt.Tpo" ".deps/getopt.Po"; else rm -f ".deps/getopt.Tpo"; exit 1; fi
if gcc -DHAVE_CONFIG_H -I. -I. -I.   -I/usr/include/ncursesw  -g -Wall -O2 -MT getopt1.o -MD -MP -MF ".deps/getopt1.Tpo" -c -o getopt1.o getopt1.c; \
	then mv -f ".deps/getopt1.Tpo" ".deps/getopt1.Po"; else rm -f ".deps/getopt1.Tpo"; exit 1; fi
if gcc -DHAVE_CONFIG_H -I. -I. -I.   -I/usr/include/ncursesw  -g -Wall -O2 -MT gettext.o -MD -MP -MF ".deps/gettext.Tpo" -c -o gettext.o gettext.c; \
	then mv -f ".deps/gettext.Tpo" ".deps/gettext.Po"; else rm -f ".deps/gettext.Tpo"; exit 1; fi
if gcc -DHAVE_CONFIG_H -I. -I. -I.   -I/usr/include/ncursesw  -g -Wall -O2 -MT ldif.o -MD -MP -MF ".deps/ldif.Tpo" -c -o ldif.o ldif.c; \
	then mv -f ".deps/ldif.Tpo" ".deps/ldif.Po"; else rm -f ".deps/ldif.Tpo"; exit 1; fi
if gcc -DHAVE_CONFIG_H -I. -I. -I.   -I/usr/include/ncursesw  -g -Wall -O2 -MT list.o -MD -MP -MF ".deps/list.Tpo" -c -o list.o list.c; \
	then mv -f ".deps/list.Tpo" ".deps/list.Po"; else rm -f ".deps/list.Tpo"; exit 1; fi
if gcc -DHAVE_CONFIG_H -I. -I. -I.   -I/usr/include/ncursesw  -g -Wall -O2 -MT mbswidth.o -MD -MP -MF ".deps/mbswidth.Tpo" -c -o mbswidth.o mbswidth.c; \
	then mv -f ".deps/mbswidth.Tpo" ".deps/mbswidth.Po"; else rm -f ".deps/mbswidth.Tpo"; exit 1; fi
if gcc -DHAVE_CONFIG_H -I. -I. -I.   -I/usr/include/ncursesw  -g -Wall -O2 -MT misc.o -MD -MP -MF ".deps/misc.Tpo" -c -o misc.o misc.c; \
	then mv -f ".deps/misc.Tpo" ".deps/misc.Po"; else rm -f ".deps/misc.Tpo"; exit 1; fi
if gcc -DHAVE_CONFIG_H -I. -I. -I.   -I/usr/include/ncursesw  -g -Wall -O2 -MT options.o -MD -MP -MF ".deps/options.Tpo" -c -o options.o options.c; \
	then mv -f ".deps/options.Tpo" ".deps/options.Po"; else rm -f ".deps/options.Tpo"; exit 1; fi
if gcc -DHAVE_CONFIG_H -I. -I. -I.   -I/usr/include/ncursesw  -g -Wall -O2 -MT ui.o -MD -MP -MF ".deps/ui.Tpo" -c -o ui.o ui.c; \
	then mv -f ".deps/ui.Tpo" ".deps/ui.Po"; else rm -f ".deps/ui.Tpo"; exit 1; fi
if gcc -DHAVE_CONFIG_H -I. -I. -I.   -I/usr/include/ncursesw  -g -Wall -O2 -MT views.o -MD -MP -MF ".deps/views.Tpo" -c -o views.o views.c; \
	then mv -f ".deps/views.Tpo" ".deps/views.Po"; else rm -f ".deps/views.Tpo"; exit 1; fi
if gcc -DHAVE_CONFIG_H -I. -I. -I.   -I/usr/include/ncursesw  -g -Wall -O2 -MT xmalloc.o -MD -MP -MF ".deps/xmalloc.Tpo" -c -o xmalloc.o xmalloc.c; \
	then mv -f ".deps/xmalloc.Tpo" ".deps/xmalloc.Po"; else rm -f ".deps/xmalloc.Tpo"; exit 1; fi
gcc  -g -Wall -O2   -o abook  abook.o abook_rl.o database.o edit.o filter.o getname.o getopt.o getopt1.o gettext.o ldif.o list.o mbswidth.o misc.o options.o ui.o views.o xmalloc.o  -lncursesw -lreadline
filter.o: In function `mutt_parse_file':
/«PKGBUILDDIR»/filter.c:754: undefined reference to `field_id'
/«PKGBUILDDIR»/filter.c:755: undefined reference to `field_id'
/«PKGBUILDDIR»/filter.c:756: undefined reference to `field_id'
filter.o: In function `text_export_database':
/«PKGBUILDDIR»/filter.c:1769: undefined reference to `field_id'
/«PKGBUILDDIR»/filter.c:1769: undefined reference to `field_id'
filter.o:/«PKGBUILDDIR»/filter.c:1769: more undefined references to `field_id' follow
clang: error: linker command failed with exit code 1 (use -v to see invocation)
make[3]: *** [abook] Error 1
make[3]: Leaving directory `/«PKGBUILDDIR»'
make[2]: *** [all-recursive] Error 1
make[1]: *** [all] Error 2
make: *** [build-stamp] Error 2
dpkg-buildpackage: error: debian/rules build-arch gave error exit status 2
make[2]: Leaving directory `/«PKGBUILDDIR»'
make[1]: Leaving directory `/«PKGBUILDDIR»'
────────────────────────────────────────────────────────────────────────────────
Build finished at 20120623-1644

Finished
────────

E: Build failure (dpkg-buildpackage died)

┌──────────────────────────────────────────────────────────────────────────────┐
│ Cleanup                                                                      │
└──────────────────────────────────────────────────────────────────────────────┘

Purging /«BUILDDIR»
Not cleaning session: cloned chroot in use

┌──────────────────────────────────────────────────────────────────────────────┐
│ Summary                                                                      │
└──────────────────────────────────────────────────────────────────────────────┘

Architecture: amd64
Build-Space: 3328
Build-Time: 18
Distribution: unstable
Fail-Stage: build
Install-Time: 7
Job: abook_0.6.0~pre2-3
Package: abook
Package-Time: 52
Source-Version: 0.6.0~pre2-3
Space: 3328
Status: attempted
Version: 0.6.0~pre2-3
────────────────────────────────────────────────────────────────────────────────
Finished at 20120623-1644
Build needed 00:00:52, 3328k disc space
DC-Status: Failed 52.2221s
