DC-Build-Header: gauche-c-wrapper 0.6.1-4.1 / Sat Jun 23 16:43:30 +0000 2012
DC-Task: logfile:/tmp/gauche-c-wrapper_0.6.1-4.1_unstable_clang.log version:0.6.1-4.1 chroot:unstable modes:binary-only:clang source:gauche-c-wrapper architecture:any esttime:38
DC-Sbuild-call: su user -c 'sbuild -n --apt-update -d unstable -v  --chroot-setup-commands=/tmp/switch-to-clang gauche-c-wrapper_0.6.1-4.1'
sbuild (Debian sbuild) 0.62.5 (13 Jul 2011) on ip-10-28-192-36.ec2.internal

╔══════════════════════════════════════════════════════════════════════════════╗
║ gauche-c-wrapper 0.6.1-4.1 (amd64)                         23 Jun 2012 16:43 ║
╚══════════════════════════════════════════════════════════════════════════════╝

Package: gauche-c-wrapper
Version: 0.6.1-4.1
Source Version: 0.6.1-4.1
Distribution: unstable
Architecture: amd64

I: NOTICE: Log filtering will replace 'build/gauche-c-wrapper-2vXNGD/gauche-c-wrapper-0.6.1' with '«PKGBUILDDIR»'
I: NOTICE: Log filtering will replace 'build/gauche-c-wrapper-2vXNGD' with '«BUILDDIR»'
I: NOTICE: Log filtering will replace 'var/lib/schroot/mount/unstable-amd64-sbuild-79333bdf-475d-4d62-a047-571d356a1971' with '«CHROOT»'

┌──────────────────────────────────────────────────────────────────────────────┐
│ Update chroot                                                                │
└──────────────────────────────────────────────────────────────────────────────┘

Ign http://localhost unstable InRelease
Get:1 http://localhost unstable Release.gpg [836 B]
Get:2 http://localhost unstable Release [233 kB]
Get:3 http://localhost unstable/main Sources/DiffIndex [7876 B]
Get:4 http://localhost unstable/main amd64 Packages/DiffIndex [7876 B]
Get:5 http://localhost unstable/main Translation-en/DiffIndex [7876 B]
Get:6 http://localhost unstable/main 2012-06-23-0814.36.pdiff [8967 B]
Get:7 http://localhost unstable/main 2012-06-23-0814.36.pdiff [8967 B]
Get:8 http://localhost unstable/main amd64 2012-06-23-0814.36.pdiff [6101 B]
Get:9 http://localhost unstable/main 2012-06-23-0814.36.pdiff [1297 B]
Get:10 http://localhost unstable/main amd64 2012-06-23-0814.36.pdiff [6101 B]
Get:11 http://localhost unstable/main 2012-06-23-1414.42.pdiff [10.6 kB]
Get:12 http://localhost unstable/main 2012-06-23-0814.36.pdiff [1297 B]
Get:13 http://localhost unstable/main amd64 2012-06-23-1414.42.pdiff [11.3 kB]
Get:14 http://localhost unstable/main 2012-06-23-1414.42.pdiff [10.6 kB]
Get:15 http://localhost unstable/main 2012-06-23-1414.42.pdiff [696 B]
Get:16 http://localhost unstable/main amd64 2012-06-23-1414.42.pdiff [11.3 kB]
Get:17 http://localhost unstable/main 2012-06-23-1414.42.pdiff [696 B]
Fetched 296 kB in 7s (41.6 kB/s)
Reading package lists...
Reading package lists...
Building dependency tree...
Reading state information...
The following packages will be upgraded:
  base-passwd bsdutils libblkid1 libmount1 libuuid1 mount util-linux
7 upgraded, 0 newly installed, 0 to remove and 0 not upgraded.
Need to get 1300 kB of archives.
After this operation, 308 kB disk space will be freed.
Get:1 http://localhost/debian/ unstable/main mount amd64 2.20.1-5.1 [213 kB]
Get:2 http://localhost/debian/ unstable/main util-linux amd64 2.20.1-5.1 [659 kB]
Get:3 http://localhost/debian/ unstable/main base-passwd amd64 3.5.26 [46.3 kB]
Get:4 http://localhost/debian/ unstable/main bsdutils amd64 1:2.20.1-5.1 [85.3 kB]
Get:5 http://localhost/debian/ unstable/main libuuid1 amd64 2.20.1-5.1 [56.9 kB]
Get:6 http://localhost/debian/ unstable/main libblkid1 amd64 2.20.1-5.1 [120 kB]
Get:7 http://localhost/debian/ unstable/main libmount1 amd64 2.20.1-5.1 [120 kB]
debconf: delaying package configuration, since apt-utils is not installed
Fetched 1300 kB in 0s (22.0 MB/s)
(Reading database ... 11730 files and directories currently installed.)
Preparing to replace mount 2.20.1-5 (using .../mount_2.20.1-5.1_amd64.deb) ...
Unpacking replacement mount ...
Setting up mount (2.20.1-5.1) ...
(Reading database ... 11730 files and directories currently installed.)
Preparing to replace util-linux 2.20.1-5 (using .../util-linux_2.20.1-5.1_amd64.deb) ...
Unpacking replacement util-linux ...
Setting up util-linux (2.20.1-5.1) ...
(Reading database ... 11730 files and directories currently installed.)
Preparing to replace base-passwd 3.5.25 (using .../base-passwd_3.5.26_amd64.deb) ...
Unpacking replacement base-passwd ...
Setting up base-passwd (3.5.26) ...
(Reading database ... 11730 files and directories currently installed.)
Preparing to replace bsdutils 1:2.20.1-5 (using .../bsdutils_1%3a2.20.1-5.1_amd64.deb) ...
Unpacking replacement bsdutils ...
Setting up bsdutils (1:2.20.1-5.1) ...
(Reading database ... 11730 files and directories currently installed.)
Preparing to replace libuuid1:amd64 2.20.1-5 (using .../libuuid1_2.20.1-5.1_amd64.deb) ...
Unpacking replacement libuuid1:amd64 ...
Setting up libuuid1:amd64 (2.20.1-5.1) ...
(Reading database ... 11730 files and directories currently installed.)
Preparing to replace libblkid1:amd64 2.20.1-5 (using .../libblkid1_2.20.1-5.1_amd64.deb) ...
Unpacking replacement libblkid1:amd64 ...
Setting up libblkid1:amd64 (2.20.1-5.1) ...
(Reading database ... 11730 files and directories currently installed.)
Preparing to replace libmount1 2.20.1-5 (using .../libmount1_2.20.1-5.1_amd64.deb) ...
Unpacking replacement libmount1 ...
Setting up libmount1 (2.20.1-5.1) ...

┌──────────────────────────────────────────────────────────────────────────────┐
│ Fetch source files                                                           │
└──────────────────────────────────────────────────────────────────────────────┘


Check APT
─────────

Checking available source versions...

Download source files with APT
──────────────────────────────

Reading package lists...
Building dependency tree...
Reading state information...
Need to get 851 kB of source archives.
Get:1 http://localhost/debian/ unstable/main gauche-c-wrapper 0.6.1-4.1 (dsc) [1914 B]
Get:2 http://localhost/debian/ unstable/main gauche-c-wrapper 0.6.1-4.1 (tar) [844 kB]
Get:3 http://localhost/debian/ unstable/main gauche-c-wrapper 0.6.1-4.1 (diff) [4998 B]
Fetched 851 kB in 0s (3475 kB/s)
Download complete and in download only mode

Check arch
──────────


┌──────────────────────────────────────────────────────────────────────────────┐
│ Chroot Setup Commands                                                        │
└──────────────────────────────────────────────────────────────────────────────┘


/tmp/switch-to-clang
────────────────────

+ echo 'Entering customization script...'
Entering customization script...
+ apt-get update
Ign http://localhost unstable InRelease
Hit http://localhost unstable Release.gpg
Hit http://localhost unstable Release
Hit http://localhost unstable/main Sources/DiffIndex
Hit http://localhost unstable/main amd64 Packages/DiffIndex
Hit http://localhost unstable/main Translation-en/DiffIndex
Reading package lists...
+ echo 'Install of clang'
Install of clang
+ apt-get update
Ign http://localhost unstable InRelease
Hit http://localhost unstable Release.gpg
Hit http://localhost unstable Release
Hit http://localhost unstable/main Sources/DiffIndex
Hit http://localhost unstable/main amd64 Packages/DiffIndex
Hit http://localhost unstable/main Translation-en/DiffIndex
Reading package lists...
+ apt-get install --yes --no-install-recommends clang -t unstable
Reading package lists...
Building dependency tree...
Reading state information...
The following extra packages will be installed:
  libclang-common-dev libffi5 libllvm3.1
Recommended packages:
  llvm-3.1-dev python
The following NEW packages will be installed:
  clang libclang-common-dev libffi5 libllvm3.1
0 upgraded, 4 newly installed, 0 to remove and 0 not upgraded.
Need to get 13.1 MB of archives.
After this operation, 35.6 MB of additional disk space will be used.
Get:1 http://localhost/debian/ unstable/main libffi5 amd64 3.0.10-3 [24.8 kB]
Get:2 http://localhost/debian/ unstable/main libllvm3.1 amd64 3.1-1 [7276 kB]
Get:3 http://localhost/debian/ unstable/main libclang-common-dev amd64 3.1-6 [84.0 kB]
Get:4 http://localhost/debian/ unstable/main clang amd64 3.1-6 [5755 kB]
debconf: delaying package configuration, since apt-utils is not installed
Fetched 13.1 MB in 0s (30.4 MB/s)
Selecting previously unselected package libffi5:amd64.
(Reading database ... 11730 files and directories currently installed.)
Unpacking libffi5:amd64 (from .../libffi5_3.0.10-3_amd64.deb) ...
Selecting previously unselected package libllvm3.1:amd64.
Unpacking libllvm3.1:amd64 (from .../libllvm3.1_3.1-1_amd64.deb) ...
Selecting previously unselected package libclang-common-dev.
Unpacking libclang-common-dev (from .../libclang-common-dev_3.1-6_amd64.deb) ...
Selecting previously unselected package clang.
Unpacking clang (from .../archives/clang_3.1-6_amd64.deb) ...
Setting up libffi5:amd64 (3.0.10-3) ...
Setting up libllvm3.1:amd64 (3.1-1) ...
Setting up libclang-common-dev (3.1-6) ...
Setting up clang (3.1-6) ...
+ echo 'Replace gcc, g++ & cpp by clang'
Replace gcc, g++ & cpp by clang
+ VERSION=4.7
+ cd /usr/bin
+ rm g++-4.7 gcc-4.7 cpp-4.7
+ ln -s clang++ g++-4.7
+ ln -s clang gcc-4.7
+ ln -s clang cpp-4.7
+ cd -
/«BUILDDIR»
+ echo 'Block the installation of new gcc version'
Block the installation of new gcc version
+ dpkg --set-selections
+ echo 'gcc-4.6 hold'
+ dpkg --set-selections
+ echo 'cpp-4.6 hold'
+ dpkg --set-selections
+ echo 'g++-4.6 hold'
+ dpkg --set-selections
+ echo 'gcc-4.7 hold'
+ dpkg --set-selections
+ echo 'cpp-4.7 hold'
+ dpkg --set-selections
+ echo 'g++-4.7 hold'
+ echo 'Check if gcc, g++ & cpp are actually clang'
Check if gcc, g++ & cpp are actually clang
+ grep clang
+ gcc --version

I: Finished running '/tmp/switch-to-clang'.

Finished processing commands.
────────────────────────────────────────────────────────────────────────────────
Merged Build-Depends: build-essential, fakeroot
Filtered Build-Depends: build-essential, fakeroot
dpkg-deb: building package `sbuild-build-depends-core-dummy' in `/«BUILDDIR»/resolver-E6izCi/apt_archive/sbuild-build-depends-core-dummy.deb'.
OK
Reading package lists...

┌──────────────────────────────────────────────────────────────────────────────┐
│ Install core build dependencies (apt-based resolver)                         │
└──────────────────────────────────────────────────────────────────────────────┘

Installing build dependencies
Reading package lists...
Building dependency tree...
Reading state information...
The following NEW packages will be installed:
  sbuild-build-depends-core-dummy
debconf: delaying package configuration, since apt-utils is not installed
0 upgraded, 1 newly installed, 0 to remove and 0 not upgraded.
Need to get 0 B/708 B of archives.
After this operation, 0 B of additional disk space will be used.
Selecting previously unselected package sbuild-build-depends-core-dummy.
(Reading database ... 11810 files and directories currently installed.)
Unpacking sbuild-build-depends-core-dummy (from .../sbuild-build-depends-core-dummy.deb) ...
Setting up sbuild-build-depends-core-dummy (0.invalid.0) ...
Merged Build-Depends: base-files, base-passwd, bash, coreutils, dash, debianutils, diffutils, dpkg, e2fsprogs, findutils, grep, gzip, hostname, ncurses-base, ncurses-bin, perl-base, sed, login, sysvinit-utils, sysvinit, tar, bsdutils, mount, util-linux, libc6-dev | libc-dev, gcc (>= 4:4.4.3), g++ (>= 4:4.4.3), make, dpkg-dev (>= 1.13.5), quilt (>= 0.46-7~), debhelper (>= 7.0.50~), autotools-dev, gauche-dev (>= 0.9), texinfo, libffi-dev, autoconf, dpkg-dev (>= 1.16.0)
Filtered Build-Depends: base-files, base-passwd, bash, coreutils, dash, debianutils, diffutils, dpkg, e2fsprogs, findutils, grep, gzip, hostname, ncurses-base, ncurses-bin, perl-base, sed, login, sysvinit-utils, sysvinit, tar, bsdutils, mount, util-linux, libc6-dev, gcc (>= 4:4.4.3), g++ (>= 4:4.4.3), make, dpkg-dev (>= 1.13.5), quilt (>= 0.46-7~), debhelper (>= 7.0.50~), autotools-dev, gauche-dev (>= 0.9), texinfo, libffi-dev, autoconf, dpkg-dev (>= 1.16.0)
dpkg-deb: building package `sbuild-build-depends-gauche-c-wrapper-dummy' in `/«BUILDDIR»/resolver-21rFVz/apt_archive/sbuild-build-depends-gauche-c-wrapper-dummy.deb'.
OK
Reading package lists...

┌──────────────────────────────────────────────────────────────────────────────┐
│ Install gauche-c-wrapper build dependencies (apt-based resolver)             │
└──────────────────────────────────────────────────────────────────────────────┘

Installing build dependencies
Reading package lists...
Building dependency tree...
Reading state information...
The following extra packages will be installed:
  autoconf autotools-dev bsdmainutils debhelper diffstat file gauche
  gauche-dev gettext gettext-base groff-base html2text intltool-debian
  libasprintf0c2 libcroco3 libffi-dev libgauche-0.9-0 libgettextpo0
  libglib2.0-0 libmagic1 libpcre3 libpipeline1 libunistring0 libxml2 m4 man-db
  po-debconf quilt texinfo
Suggested packages:
  autoconf2.13 autoconf-archive gnu-standards autoconf-doc libtool wamerican
  wordlist whois vacation dh-make r5rs-doc gauche-doc gauche-zlib gauche-gdbm
  gettext-doc groff less www-browser libmail-box-perl procmail graphviz
  default-mta mail-transport-agent texlive-base texlive-latex-base
  texlive-generic-recommended texinfo-doc-nonfree
Recommended packages:
  automake automaken slib curl wget lynx-cur autopoint libglib2.0-data
  shared-mime-info xml-core libmail-sendmail-perl
The following NEW packages will be installed:
  autoconf autotools-dev bsdmainutils debhelper diffstat file gauche
  gauche-dev gettext gettext-base groff-base html2text intltool-debian
  libasprintf0c2 libcroco3 libffi-dev libgauche-0.9-0 libgettextpo0
  libglib2.0-0 libmagic1 libpcre3 libpipeline1 libunistring0 libxml2 m4 man-db
  po-debconf quilt sbuild-build-depends-gauche-c-wrapper-dummy texinfo
0 upgraded, 30 newly installed, 0 to remove and 0 not upgraded.
Need to get 15.4 MB/15.4 MB of archives.
After this operation, 43.5 MB of additional disk space will be used.
Get:1 http://localhost/debian/ unstable/main libpipeline1 amd64 1.2.1-1 [39.2 kB]
Get:2 http://localhost/debian/ unstable/main libasprintf0c2 amd64 0.18.1.1-9 [26.8 kB]
Get:3 http://localhost/debian/ unstable/main libmagic1 amd64 5.11-1 [250 kB]
Get:4 http://localhost/debian/ unstable/main libpcre3 amd64 1:8.30-5 [242 kB]
Get:5 http://localhost/debian/ unstable/main libxml2 amd64 2.8.0+dfsg1-4 [903 kB]
Get:6 http://localhost/debian/ unstable/main libglib2.0-0 amd64 2.32.3-1 [2081 kB]
Get:7 http://localhost/debian/ unstable/main libcroco3 amd64 0.6.5-1 [151 kB]
Get:8 http://localhost/debian/ unstable/main libunistring0 amd64 0.9.3-5 [434 kB]
Get:9 http://localhost/debian/ unstable/main libgettextpo0 amd64 0.18.1.1-9 [145 kB]
Get:10 http://localhost/debian/ unstable/main bsdmainutils amd64 9.0.3 [209 kB]
Get:11 http://localhost/debian/ unstable/main groff-base amd64 1.21-8 [1152 kB]
Get:12 http://localhost/debian/ unstable/main man-db amd64 2.6.2-1 [1061 kB]
Get:13 http://localhost/debian/ unstable/main file amd64 5.11-1 [53.2 kB]
Get:14 http://localhost/debian/ unstable/main gettext-base amd64 0.18.1.1-9 [154 kB]
Get:15 http://localhost/debian/ unstable/main m4 amd64 1.4.16-3 [260 kB]
Get:16 http://localhost/debian/ unstable/main texinfo amd64 4.13a.dfsg.1-10 [983 kB]
Get:17 http://localhost/debian/ unstable/main autoconf all 2.69-1 [589 kB]
Get:18 http://localhost/debian/ unstable/main autotools-dev all 20120608.1 [73.0 kB]
Get:19 http://localhost/debian/ unstable/main html2text amd64 1.3.2a-15 [103 kB]
Get:20 http://localhost/debian/ unstable/main gettext amd64 0.18.1.1-9 [1975 kB]
Get:21 http://localhost/debian/ unstable/main intltool-debian all 0.35.0+20060710.1 [30.8 kB]
Get:22 http://localhost/debian/ unstable/main po-debconf all 1.0.16+nmu2 [224 kB]
Get:23 http://localhost/debian/ unstable/main debhelper all 9.20120608 [700 kB]
Get:24 http://localhost/debian/ unstable/main diffstat amd64 1.55-3 [30.0 kB]
Get:25 http://localhost/debian/ unstable/main libgauche-0.9-0 amd64 0.9.1-5 [1434 kB]
Get:26 http://localhost/debian/ unstable/main gauche amd64 0.9.1-5 [1301 kB]
Get:27 http://localhost/debian/ unstable/main gauche-dev amd64 0.9.1-5 [315 kB]
Get:28 http://localhost/debian/ unstable/main libffi-dev amd64 3.0.10-3 [116 kB]
Get:29 http://localhost/debian/ unstable/main quilt all 0.60-2 [377 kB]
debconf: delaying package configuration, since apt-utils is not installed
Fetched 15.4 MB in 0s (15.6 MB/s)
Selecting previously unselected package libpipeline1:amd64.
(Reading database ... 11810 files and directories currently installed.)
Unpacking libpipeline1:amd64 (from .../libpipeline1_1.2.1-1_amd64.deb) ...
Selecting previously unselected package libasprintf0c2:amd64.
Unpacking libasprintf0c2:amd64 (from .../libasprintf0c2_0.18.1.1-9_amd64.deb) ...
Selecting previously unselected package libmagic1:amd64.
Unpacking libmagic1:amd64 (from .../libmagic1_5.11-1_amd64.deb) ...
Selecting previously unselected package libpcre3:amd64.
Unpacking libpcre3:amd64 (from .../libpcre3_1%3a8.30-5_amd64.deb) ...
Selecting previously unselected package libxml2:amd64.
Unpacking libxml2:amd64 (from .../libxml2_2.8.0+dfsg1-4_amd64.deb) ...
Selecting previously unselected package libglib2.0-0:amd64.
Unpacking libglib2.0-0:amd64 (from .../libglib2.0-0_2.32.3-1_amd64.deb) ...
Selecting previously unselected package libcroco3:amd64.
Unpacking libcroco3:amd64 (from .../libcroco3_0.6.5-1_amd64.deb) ...
Selecting previously unselected package libunistring0:amd64.
Unpacking libunistring0:amd64 (from .../libunistring0_0.9.3-5_amd64.deb) ...
Selecting previously unselected package libgettextpo0:amd64.
Unpacking libgettextpo0:amd64 (from .../libgettextpo0_0.18.1.1-9_amd64.deb) ...
Selecting previously unselected package bsdmainutils.
Unpacking bsdmainutils (from .../bsdmainutils_9.0.3_amd64.deb) ...
Selecting previously unselected package groff-base.
Unpacking groff-base (from .../groff-base_1.21-8_amd64.deb) ...
Selecting previously unselected package man-db.
Unpacking man-db (from .../man-db_2.6.2-1_amd64.deb) ...
Selecting previously unselected package file.
Unpacking file (from .../archives/file_5.11-1_amd64.deb) ...
Selecting previously unselected package gettext-base.
Unpacking gettext-base (from .../gettext-base_0.18.1.1-9_amd64.deb) ...
Selecting previously unselected package m4.
Unpacking m4 (from .../archives/m4_1.4.16-3_amd64.deb) ...
Selecting previously unselected package texinfo.
Unpacking texinfo (from .../texinfo_4.13a.dfsg.1-10_amd64.deb) ...
Selecting previously unselected package autoconf.
Unpacking autoconf (from .../autoconf_2.69-1_all.deb) ...
Selecting previously unselected package autotools-dev.
Unpacking autotools-dev (from .../autotools-dev_20120608.1_all.deb) ...
Selecting previously unselected package html2text.
Unpacking html2text (from .../html2text_1.3.2a-15_amd64.deb) ...
Selecting previously unselected package gettext.
Unpacking gettext (from .../gettext_0.18.1.1-9_amd64.deb) ...
Selecting previously unselected package intltool-debian.
Unpacking intltool-debian (from .../intltool-debian_0.35.0+20060710.1_all.deb) ...
Selecting previously unselected package po-debconf.
Unpacking po-debconf (from .../po-debconf_1.0.16+nmu2_all.deb) ...
Selecting previously unselected package debhelper.
Unpacking debhelper (from .../debhelper_9.20120608_all.deb) ...
Selecting previously unselected package diffstat.
Unpacking diffstat (from .../diffstat_1.55-3_amd64.deb) ...
Selecting previously unselected package libgauche-0.9-0.
Unpacking libgauche-0.9-0 (from .../libgauche-0.9-0_0.9.1-5_amd64.deb) ...
Selecting previously unselected package gauche.
Unpacking gauche (from .../gauche_0.9.1-5_amd64.deb) ...
Selecting previously unselected package gauche-dev.
Unpacking gauche-dev (from .../gauche-dev_0.9.1-5_amd64.deb) ...
Selecting previously unselected package libffi-dev:amd64.
Unpacking libffi-dev:amd64 (from .../libffi-dev_3.0.10-3_amd64.deb) ...
Selecting previously unselected package quilt.
Unpacking quilt (from .../archives/quilt_0.60-2_all.deb) ...
Selecting previously unselected package sbuild-build-depends-gauche-c-wrapper-dummy.
Unpacking sbuild-build-depends-gauche-c-wrapper-dummy (from .../sbuild-build-depends-gauche-c-wrapper-dummy.deb) ...
Setting up libpipeline1:amd64 (1.2.1-1) ...
Setting up libasprintf0c2:amd64 (0.18.1.1-9) ...
Setting up libmagic1:amd64 (5.11-1) ...
Setting up libpcre3:amd64 (1:8.30-5) ...
Setting up libxml2:amd64 (2.8.0+dfsg1-4) ...
Setting up libglib2.0-0:amd64 (2.32.3-1) ...
No schema files found: doing nothing.
Setting up libcroco3:amd64 (0.6.5-1) ...
Setting up libunistring0:amd64 (0.9.3-5) ...
Setting up libgettextpo0:amd64 (0.18.1.1-9) ...
Setting up bsdmainutils (9.0.3) ...
update-alternatives: using /usr/bin/bsd-write to provide /usr/bin/write (write) in auto mode.
update-alternatives: using /usr/bin/bsd-from to provide /usr/bin/from (from) in auto mode.
Setting up groff-base (1.21-8) ...
Setting up man-db (2.6.2-1) ...
Building database of manual pages ...
Setting up file (5.11-1) ...
Setting up gettext-base (0.18.1.1-9) ...
Setting up m4 (1.4.16-3) ...
Setting up texinfo (4.13a.dfsg.1-10) ...
Setting up autoconf (2.69-1) ...
Setting up autotools-dev (20120608.1) ...
Setting up html2text (1.3.2a-15) ...
Setting up gettext (0.18.1.1-9) ...
Setting up intltool-debian (0.35.0+20060710.1) ...
Setting up po-debconf (1.0.16+nmu2) ...
Setting up debhelper (9.20120608) ...
Setting up diffstat (1.55-3) ...
Setting up libgauche-0.9-0 (0.9.1-5) ...
Setting up gauche (0.9.1-5) ...
Setting up gauche-dev (0.9.1-5) ...
Setting up libffi-dev:amd64 (3.0.10-3) ...
Setting up quilt (0.60-2) ...
Setting up sbuild-build-depends-gauche-c-wrapper-dummy (0.invalid.0) ...

┌──────────────────────────────────────────────────────────────────────────────┐
│ Build environment                                                            │
└──────────────────────────────────────────────────────────────────────────────┘

Kernel: Linux 2.6.32-5-xen-amd64 amd64 (x86_64)
Toolchain package versions: binutils_2.22-6.1 dpkg-dev_1.16.4.3 g++-4.6_4.6.3-7 g++-4.7_4.7.1-1 gcc-4.6_4.6.3-7 gcc-4.7_4.7.1-1 libc6-dev_2.13-33 libstdc++6_4.7.1-1 libstdc++6-4.6-dev_4.6.3-7 libstdc++6-4.7-dev_4.7.1-1 linux-libc-dev_3.2.20-1
Package versions: apt_0.9.7 autoconf_2.69-1 autotools-dev_20120608.1 base-files_6.11 base-passwd_3.5.26 bash_4.2-2 binutils_2.22-6.1 bsdmainutils_9.0.3 bsdutils_1:2.20.1-5.1 build-essential_11.5 bzip2_1.0.6-3 clang_3.1-6 coreutils_8.13-3.2 cpp_4:4.7.0-6 cpp-4.6_4.6.3-7 cpp-4.7_4.7.1-1 dash_0.5.7-3 debconf_1.5.44 debconf-i18n_1.5.44 debfoster_2.7-1.1 debhelper_9.20120608 debian-archive-keyring_2012.4 debianutils_4.3.1 diffstat_1.55-3 diffutils_1:3.2-6 dpkg_1.16.4.3 dpkg-dev_1.16.4.3 e2fslibs_1.42.4-3 e2fsprogs_1.42.4-3 fakeroot_1.18.4-2 file_5.11-1 findutils_4.4.2-4 g++_4:4.7.0-6 g++-4.6_4.6.3-7 g++-4.7_4.7.1-1 gauche_0.9.1-5 gauche-dev_0.9.1-5 gcc_4:4.7.0-6 gcc-4.4-base_4.4.7-1 gcc-4.5-base_4.5.3-12 gcc-4.6_4.6.3-7 gcc-4.6-base_4.6.3-7 gcc-4.7_4.7.1-1 gcc-4.7-base_4.7.1-1 gettext_0.18.1.1-9 gettext-base_0.18.1.1-9 gnupg_1.4.12-4 gpgv_1.4.12-4 grep_2.12-2 groff-base_1.21-8 gzip_1.5-1.1 hostname_3.11 html2text_1.3.2a-15 initscripts_2.88dsf-27 insserv_1.14.0-3 intltool-debian_0.35.0+20060710.1 libacl1_2.2.51-8 libapt-pkg4.12_0.9.7 libasprintf0c2_0.18.1.1-9 libattr1_1:2.4.46-8 libblkid1_2.20.1-5.1 libbz2-1.0_1.0.6-3 libc-bin_2.13-33 libc-dev-bin_2.13-33 libc6_2.13-33 libc6-dev_2.13-33 libclang-common-dev_3.1-6 libclass-isa-perl_0.36-3 libcomerr2_1.42.4-3 libcroco3_0.6.5-1 libdb5.1_5.1.29-4 libdpkg-perl_1.16.4.3 libffi-dev_3.0.10-3 libffi5_3.0.10-3 libfile-fcntllock-perl_0.14-2 libgauche-0.9-0_0.9.1-5 libgc1c2_1:7.1-8 libgcc1_1:4.7.1-1 libgdbm3_1.8.3-11 libgettextpo0_0.18.1.1-9 libglib2.0-0_2.32.3-1 libgmp10_2:5.0.5+dfsg-2 libgomp1_4.7.1-1 libitm1_4.7.1-1 libllvm3.1_3.1-1 liblocale-gettext-perl_1.05-7+b1 liblzma5_5.1.1alpha+20120614-1 libmagic1_5.11-1 libmount1_2.20.1-5.1 libmpc2_0.9-4 libmpfr4_3.1.0-5 libncurses5_5.9-9 libpam-modules_1.1.3-7.1 libpam-modules-bin_1.1.3-7.1 libpam-runtime_1.1.3-7.1 libpam0g_1.1.3-7.1 libpcre3_1:8.30-5 libpipeline1_1.2.1-1 libquadmath0_4.7.1-1 libreadline6_6.2-8 libselinux1_2.1.9-5 libsemanage-common_2.1.6-6 libsemanage1_2.1.6-6 libsepol1_2.1.4-3 libslang2_2.2.4-13 libss2_1.42.4-3 libstdc++6_4.7.1-1 libstdc++6-4.6-dev_4.6.3-7 libstdc++6-4.7-dev_4.7.1-1 libswitch-perl_2.16-2 libtext-charwidth-perl_0.04-7+b1 libtext-iconv-perl_1.7-5 libtext-wrapi18n-perl_0.06-7 libtimedate-perl_1.2000-1 libtinfo5_5.9-9 libunistring0_0.9.3-5 libusb-0.1-4_2:0.1.12-23 libustr-1.0-1_1.0.4-3 libuuid1_2.20.1-5.1 libxml2_2.8.0+dfsg1-4 linux-libc-dev_3.2.20-1 login_1:4.1.5.1-1 lsb-base_4.1+Debian7 m4_1.4.16-3 make_3.81-8.2 man-db_2.6.2-1 mawk_1.3.3-17 mount_2.20.1-5.1 multiarch-support_2.13-33 ncurses-base_5.9-9 ncurses-bin_5.9-9 passwd_1:4.1.5.1-1 patch_2.6.1-3 perl_5.14.2-12 perl-base_5.14.2-12 perl-modules_5.14.2-12 po-debconf_1.0.16+nmu2 quilt_0.60-2 readline-common_6.2-8 sbuild-build-depends-core-dummy_0.invalid.0 sbuild-build-depends-gauche-c-wrapper-dummy_0.invalid.0 sed_4.2.1-10 sensible-utils_0.0.7 sysv-rc_2.88dsf-27 sysvinit_2.88dsf-27 sysvinit-utils_2.88dsf-27 tar_1.26-4 texinfo_4.13a.dfsg.1-10 tzdata_2012c-1 ucf_3.0025+nmu3 util-linux_2.20.1-5.1 xz-utils_5.1.1alpha+20120614-1 zlib1g_1:1.2.7.dfsg-13

┌──────────────────────────────────────────────────────────────────────────────┐
│ Build                                                                        │
└──────────────────────────────────────────────────────────────────────────────┘


Unpack source
─────────────

gpgv: keyblock resource `/sbuild-nonexistent/.gnupg/trustedkeys.gpg': file open error
gpgv: Signature made Sun Oct  9 12:55:48 2011 UTC using RSA key ID 8649AA06
gpgv: Can't check signature: public key not found
dpkg-source: warning: failed to verify signature on ./gauche-c-wrapper_0.6.1-4.1.dsc
dpkg-source: info: extracting gauche-c-wrapper in gauche-c-wrapper-0.6.1
dpkg-source: info: unpacking gauche-c-wrapper_0.6.1.orig.tar.gz
dpkg-source: info: unpacking gauche-c-wrapper_0.6.1-4.1.debian.tar.gz
dpkg-source: info: applying 00_info_no_install.patch
dpkg-source: info: applying 01_use_installed_libffi.patch
dpkg-source: info: applying 02_multilib.patch
dpkg-source: info: applying 03_target_gnu.patch

Check disc space
────────────────

Sufficient free space for build

User Environment
────────────────

HOME=/sbuild-nonexistent
LOGNAME=root
PATH=/usr/local/sbin:/usr/local/bin:/usr/sbin:/usr/bin:/sbin:/bin:/usr/bin/X11
SCHROOT_CHROOT_NAME=unstable-amd64-sbuild
SCHROOT_COMMAND=env
SCHROOT_GID=0
SCHROOT_GROUP=root
SCHROOT_SESSION_ID=unstable-amd64-sbuild-79333bdf-475d-4d62-a047-571d356a1971
SCHROOT_UID=0
SCHROOT_USER=root
SHELL=/bin/sh
USER=root

dpkg-buildpackage
─────────────────

dpkg-buildpackage: warning: using a gain-root-command while being root
dpkg-buildpackage: source package gauche-c-wrapper
dpkg-buildpackage: source version 0.6.1-4.1
dpkg-buildpackage: source changed by gregor herrmann <gregoa@debian.org>
 dpkg-source --before-build gauche-c-wrapper-0.6.1
dpkg-buildpackage: host architecture amd64
 fakeroot debian/rules clean
dh --with quilt  clean
   dh_testdir
   debian/rules override_dh_auto_clean
make[1]: Entering directory `/«PKGBUILDDIR»'
dh_auto_clean
rm -f configure config.sub config.guess
make[1]: Leaving directory `/«PKGBUILDDIR»'
   dh_quilt_unpatch
Removing patch 03_target_gnu.patch
Restoring configure.ac

Removing patch 02_multilib.patch
Restoring configure.ac

Removing patch 01_use_installed_libffi.patch
Restoring src/Makefile.in

Removing patch 00_info_no_install.patch
Restoring Makefile.in

No patches applied
   dh_clean
 debian/rules build-arch
dh --with quilt  build-arch
   dh_testdir -a
   dh_quilt_patch -a
Applying patch 00_info_no_install.patch
patching file Makefile.in

Applying patch 01_use_installed_libffi.patch
patching file src/Makefile.in

Applying patch 02_multilib.patch
patching file configure.ac

Applying patch 03_target_gnu.patch
patching file configure.ac

Now at patch 03_target_gnu.patch
   debian/rules override_dh_auto_configure
make[1]: Entering directory `/«PKGBUILDDIR»'
ln -sf /usr/share/misc/config.sub .
ln -sf /usr/share/misc/config.guess .
autoconf
dh_auto_configure
configure: WARNING: unrecognized options: --disable-maintainer-mode, --disable-dependency-tracking
checking build system type... x86_64-pc-linux-gnu
checking host system type... x86_64-pc-linux-gnu
checking target system type... x86_64-pc-linux-gnu
checking for gosh... /usr/bin/gosh
checking for gauche-config... /usr/bin/gauche-config
checking for gauche-package... /usr/bin/gauche-package
checking for gauche-install... /usr/bin/gauche-install
checking for gauche-cesconv... /usr/bin/gauche-cesconv
checking for gcc... gcc
checking whether the C compiler works... yes
checking for C compiler default output file name... a.out
checking for suffix of executables... 
checking whether we are cross compiling... no
checking for suffix of object files... o
checking whether we are using the GNU C compiler... yes
checking whether gcc accepts -g... yes
checking for gcc option to accept ISO C89... none needed
checking for bison... no
checking for byacc... no
checking for makeinfo... makeinfo
checking for gzip... gzip
checking for sed... sed
checking for ldconfig... /sbin/ldconfig
configure: creating c-wrapper.gpd
configure: creating ./config.status
config.status: creating Makefile
config.status: creating src/Makefile
config.status: creating lib/Makefile
config.status: creating objc/Makefile
config.status: creating testsuite/Makefile
config.status: creating src/cwcompile
config.status: creating lib/c-wrapper/config.scm
config.status: creating lib/c-wrapper/stubgen.scm
config.status: creating doc/Makefile
configure: WARNING: unrecognized options: --disable-maintainer-mode, --disable-dependency-tracking
make[1]: Leaving directory `/«PKGBUILDDIR»'
   dh_auto_build -a
make[1]: Entering directory `/«PKGBUILDDIR»'
cd src; make all
make[2]: Entering directory `/«PKGBUILDDIR»/src'
/usr/bin/gauche-package compile --cppflags="-DGAUCHE_API_0_8_8  -D_GNU_SOURCE" --ldflags="" --libs="/usr/lib/x86_64-linux-gnu/libffi_pic.a " --verbose c-ffi c-ffi.c c-ffilib.stub closure_alloc.c
c-ffi.c:354:1: warning: control may reach end of non-void function [-Wreturn-type]
}
^
c-ffi.c:983:1: warning: control reaches end of non-void function [-Wreturn-type]
}
^
2 warnings generated.
c-ffilib.c:768:1: warning: control reaches end of non-void function [-Wreturn-type]
}
^
1 warning generated.
gcc -std=gnu99 -c -DGAUCHE_API_0_8_8  -D_GNU_SOURCE '-I/usr/lib/gauche-0.9/0.9.1/include'  -fPIC -o 'c-ffi.o' 'c-ffi.c'
gcc -std=gnu99 -c -DGAUCHE_API_0_8_8  -D_GNU_SOURCE '-I/usr/lib/gauche-0.9/0.9.1/include'  -fPIC -o 'c-ffilib.o' 'c-ffilib.c'
gcc -std=gnu99 -c -DGAUCHE_API_0_8_8  -D_GNU_SOURCE '-I/usr/lib/gauche-0.9/0.9.1/include'  -fPIC -o 'closure_alloc.o' 'closure_alloc.c'
gcc -std=gnu99  '-L/usr/lib/gauche-0.9/0.9.1/x86_64-pc-linux-gnu'  -shared -o c-ffi.so 'c-ffi.o' 'c-ffilib.o' 'closure_alloc.o' -lgauche-0.9 -ldl -lcrypt -lm  -lpthread /usr/lib/x86_64-linux-gnu/libffi_pic.a 
/usr/bin/gauche-package compile --cppflags="-DGAUCHE_API_0_8_8  -D_GNU_SOURCE" --ldflags="" --libs="/usr/lib/x86_64-linux-gnu/libffi_pic.a " --verbose c-lex c-lex.c c-lexlib.stub
c-lex.c:109:1: warning: control reaches end of non-void function [-Wreturn-type]
}
^
c-lex.c:817:1: warning: control may reach end of non-void function [-Wreturn-type]
}
^
c-lex.c:888:32: warning: too many arguments in call to 'readx'
                return readx(c1);
                       ~~~~~   ^
c-lex.c:935:42: warning: too many arguments in call to 'buffer_read_char'
                return buffer_read_char(c);
                       ~~~~~~~~~~~~~~~~  ^
c-lex.c:1567:1: warning: control reaches end of non-void function [-Wreturn-type]
}
^
5 warnings generated.
gcc -std=gnu99 -c -DGAUCHE_API_0_8_8  -D_GNU_SOURCE '-I/usr/lib/gauche-0.9/0.9.1/include'  -fPIC -o 'c-lex.o' 'c-lex.c'
gcc -std=gnu99 -c -DGAUCHE_API_0_8_8  -D_GNU_SOURCE '-I/usr/lib/gauche-0.9/0.9.1/include'  -fPIC -o 'c-lexlib.o' 'c-lexlib.c'
gcc -std=gnu99  '-L/usr/lib/gauche-0.9/0.9.1/x86_64-pc-linux-gnu'  -shared -o c-lex.so 'c-lex.o' 'c-lexlib.o' -lgauche-0.9 -ldl -lcrypt -lm  -lpthread /usr/lib/x86_64-linux-gnu/libffi_pic.a 
/usr/bin/gauche-package compile --cppflags="-DGAUCHE_API_0_8_8  -D_GNU_SOURCE" --ldflags="" --libs="/usr/lib/x86_64-linux-gnu/libffi_pic.a  " --verbose c-parser c-parser.c c-parserlib.stub
c-parser.c:1015:1: warning: control reaches end of non-void function [-Wreturn-type]
}
^
c-parser.c:1168:1: warning: control may reach end of non-void function [-Wreturn-type]
}
^
c-parser.c:1939:1: warning: control reaches end of non-void function [-Wreturn-type]
}
^
3 warnings generated.
gcc -std=gnu99 -c -DGAUCHE_API_0_8_8  -D_GNU_SOURCE '-I/usr/lib/gauche-0.9/0.9.1/include'  -fPIC -o 'c-parser.o' 'c-parser.c'
gcc -std=gnu99 -c -DGAUCHE_API_0_8_8  -D_GNU_SOURCE '-I/usr/lib/gauche-0.9/0.9.1/include'  -fPIC -o 'c-parserlib.o' 'c-parserlib.c'
gcc -std=gnu99  '-L/usr/lib/gauche-0.9/0.9.1/x86_64-pc-linux-gnu'  -shared -o c-parser.so 'c-parser.o' 'c-parserlib.o' -lgauche-0.9 -ldl -lcrypt -lm  -lpthread /usr/lib/x86_64-linux-gnu/libffi_pic.a  
make[2]: Leaving directory `/«PKGBUILDDIR»/src'
cd lib; make all
make[2]: Entering directory `/«PKGBUILDDIR»/lib'
make[2]: Nothing to be done for `all'.
make[2]: Leaving directory `/«PKGBUILDDIR»/lib'
cd objc; make all
make[2]: Entering directory `/«PKGBUILDDIR»/objc'
make[2]: Nothing to be done for `all'.
make[2]: Leaving directory `/«PKGBUILDDIR»/objc'
cd doc; make all
make[2]: Entering directory `/«PKGBUILDDIR»/doc'
/usr/bin/gosh ./extract -en -o c-wrapper-refe.texi c-wrapper-ref.texi
if test Xmakeinfo != X -a Xgzip != X; then \
	  makeinfo --no-warn c-wrapper-refe.texi; \
	  rm -rf c-wrapper-refe.info*.gz; \
	  gzip c-wrapper-refe.info; \
	fi
/usr/bin/gosh ./extract -jp -o c-wrapper-refj.texi c-wrapper-ref.texi
if test Xmakeinfo != X -a Xgzip != X; then \
	  makeinfo --no-warn c-wrapper-refj.texi; \
	  rm -rf c-wrapper-refj.info*.gz; \
	  gzip c-wrapper-refj.info ; \
	fi
make[2]: Leaving directory `/«PKGBUILDDIR»/doc'
make[1]: Leaving directory `/«PKGBUILDDIR»'
   dh_auto_test -a
make[1]: Entering directory `/«PKGBUILDDIR»'
cd src; make all
make[2]: Entering directory `/«PKGBUILDDIR»/src'
make[2]: Nothing to be done for `all'.
make[2]: Leaving directory `/«PKGBUILDDIR»/src'
cd lib; make all
make[2]: Entering directory `/«PKGBUILDDIR»/lib'
make[2]: Nothing to be done for `all'.
make[2]: Leaving directory `/«PKGBUILDDIR»/lib'
cd objc; make all
make[2]: Entering directory `/«PKGBUILDDIR»/objc'
make[2]: Nothing to be done for `all'.
make[2]: Leaving directory `/«PKGBUILDDIR»/objc'
cd doc; make all
make[2]: Entering directory `/«PKGBUILDDIR»/doc'
make[2]: Nothing to be done for `all'.
make[2]: Leaving directory `/«PKGBUILDDIR»/doc'
cd testsuite; make check
make[2]: Entering directory `/«PKGBUILDDIR»/testsuite'
gcc -c -fPIC -o ffitest.o ffitest.c
In file included from ffitest.c:31:
./ffitest.h:610:15: warning: expression result unused [-Wunused-value]
    return (a + b), (a - b), (a * b);
            ~ ^ ~
./ffitest.h:610:24: warning: expression result unused [-Wunused-value]
    return (a + b), (a - b), (a * b);
                     ~ ^ ~
2 warnings generated.
gcc -shared -o ffitest.so ffitest.o 
gcc -c -fPIC -o fptr_array.o fptr_array.c
gcc -shared -o fptr_array.so fptr_array.o
gcc -c -fPIC -o gcc_extension.o gcc_extension.c
gcc -shared -o gcc_extension.so gcc_extension.o
/usr/bin/gosh -I../src -I../lib attr-test.scm >> test.log
Testing parse-attribute ...                                      passed.
/usr/bin/gosh -I../src -I../lib ffitest.scm >> test.log
Testing c-wrapper (ffi) ...                                      passed.
/usr/bin/gosh -I../src -I../lib ctypestest.scm >> test.log
Testing c-types ...                                              passed.
/usr/bin/gosh -I../src -I../lib cwrappertest.scm >> test.log
Testing c-wrapper ...                                            /usr/include/clang/3.1/include/stddef.h:31: typedef __typeof__(((int*)0)-((int*)0)) ptrdiff_t;
/usr/include/clang/3.1/include/stddef.h:31: syntax error (at token: LPAREN)
clang: error: unable to execute command: Broken pipe
clang: error: clang frontend command failed due to signal (use -v to see invocation)
clang: note: diagnostic msg: Please submit a bug report to http://llvm.org/bugs/ and include command line arguments and all diagnostic information.
clang: note: diagnostic msg: Error generating preprocessed source(s) - ignoring input from stdin.
clang: note: diagnostic msg: Error generating preprocessed source(s) - no preprocessable inputs.
/usr/include/clang/3.1/include/stddef.h:31: GCC exitted abnormally (at token: LPAREN)
gosh: "error": syntax error
make[2]: *** [check-c] Error 1
make[2]: Leaving directory `/«PKGBUILDDIR»/testsuite'
make[1]: *** [check] Error 2
dh_auto_test: make -j1 check returned exit code 2
make: *** [build-arch] Error 29
dpkg-buildpackage: error: debian/rules build-arch gave error exit status 2
make[1]: Leaving directory `/«PKGBUILDDIR»'
────────────────────────────────────────────────────────────────────────────────
Build finished at 20120623-1644

Finished
────────

E: Build failure (dpkg-buildpackage died)

┌──────────────────────────────────────────────────────────────────────────────┐
│ Cleanup                                                                      │
└──────────────────────────────────────────────────────────────────────────────┘

Purging /«BUILDDIR»
Not cleaning session: cloned chroot in use

┌──────────────────────────────────────────────────────────────────────────────┐
│ Summary                                                                      │
└──────────────────────────────────────────────────────────────────────────────┘

Architecture: amd64
Build-Space: 5696
Build-Time: 8
Distribution: unstable
Fail-Stage: build
Install-Time: 8
Job: gauche-c-wrapper_0.6.1-4.1
Package: gauche-c-wrapper
Package-Time: 43
Source-Version: 0.6.1-4.1
Space: 5696
Status: attempted
Version: 0.6.1-4.1
────────────────────────────────────────────────────────────────────────────────
Finished at 20120623-1644
Build needed 00:00:43, 5696k disc space
DC-Status: Failed 44.330003s
