DC-Build-Header: hsqldb 1.8.0.10-12 / Sat Jun 23 16:48:49 +0000 2012
DC-Task: logfile:/tmp/hsqldb_1.8.0.10-12_unstable_clang.log version:1.8.0.10-12 chroot:unstable modes:binary-only:clang source:hsqldb architecture:any esttime:11
DC-Sbuild-call: su user -c 'sbuild -n --apt-update -d unstable -v  --chroot-setup-commands=/tmp/switch-to-clang hsqldb_1.8.0.10-12'
sbuild (Debian sbuild) 0.62.5 (13 Jul 2011) on ip-10-28-211-123.ec2.internal

╔══════════════════════════════════════════════════════════════════════════════╗
║ hsqldb 1.8.0.10-12 (amd64)                                 23 Jun 2012 16:48 ║
╚══════════════════════════════════════════════════════════════════════════════╝

Package: hsqldb
Version: 1.8.0.10-12
Source Version: 1.8.0.10-12
Distribution: unstable
Architecture: amd64

I: NOTICE: Log filtering will replace 'build/hsqldb-MpUEcc/hsqldb-1.8.0.10' with '«PKGBUILDDIR»'
I: NOTICE: Log filtering will replace 'build/hsqldb-MpUEcc' with '«BUILDDIR»'
I: NOTICE: Log filtering will replace 'var/lib/schroot/mount/unstable-amd64-sbuild-e6c9c1e1-854f-42ae-b678-12867fee2c53' with '«CHROOT»'

┌──────────────────────────────────────────────────────────────────────────────┐
│ Update chroot                                                                │
└──────────────────────────────────────────────────────────────────────────────┘

Ign http://localhost unstable InRelease
Get:1 http://localhost unstable Release.gpg [836 B]
Get:2 http://localhost unstable Release [233 kB]
Get:3 http://localhost unstable/main Sources/DiffIndex [7876 B]
Get:4 http://localhost unstable/main amd64 Packages/DiffIndex [7876 B]
Get:5 http://localhost unstable/main Translation-en/DiffIndex [7876 B]
Get:6 http://localhost unstable/main 2012-06-23-0814.36.pdiff [8967 B]
Get:7 http://localhost unstable/main 2012-06-23-0814.36.pdiff [8967 B]
Get:8 http://localhost unstable/main amd64 2012-06-23-0814.36.pdiff [6101 B]
Get:9 http://localhost unstable/main 2012-06-23-0814.36.pdiff [1297 B]
Get:10 http://localhost unstable/main amd64 2012-06-23-0814.36.pdiff [6101 B]
Get:11 http://localhost unstable/main 2012-06-23-1414.42.pdiff [10.6 kB]
Get:12 http://localhost unstable/main 2012-06-23-0814.36.pdiff [1297 B]
Get:13 http://localhost unstable/main amd64 2012-06-23-1414.42.pdiff [11.3 kB]
Get:14 http://localhost unstable/main 2012-06-23-1414.42.pdiff [10.6 kB]
Get:15 http://localhost unstable/main 2012-06-23-1414.42.pdiff [696 B]
Get:16 http://localhost unstable/main amd64 2012-06-23-1414.42.pdiff [11.3 kB]
Get:17 http://localhost unstable/main 2012-06-23-1414.42.pdiff [696 B]
Fetched 296 kB in 7s (41.4 kB/s)
Reading package lists...
Reading package lists...
Building dependency tree...
Reading state information...
The following packages will be upgraded:
  base-passwd bsdutils libblkid1 libmount1 libuuid1 mount util-linux
7 upgraded, 0 newly installed, 0 to remove and 0 not upgraded.
Need to get 1300 kB of archives.
After this operation, 308 kB disk space will be freed.
Get:1 http://localhost/debian/ unstable/main mount amd64 2.20.1-5.1 [213 kB]
Get:2 http://localhost/debian/ unstable/main util-linux amd64 2.20.1-5.1 [659 kB]
Get:3 http://localhost/debian/ unstable/main base-passwd amd64 3.5.26 [46.3 kB]
Get:4 http://localhost/debian/ unstable/main bsdutils amd64 1:2.20.1-5.1 [85.3 kB]
Get:5 http://localhost/debian/ unstable/main libuuid1 amd64 2.20.1-5.1 [56.9 kB]
Get:6 http://localhost/debian/ unstable/main libblkid1 amd64 2.20.1-5.1 [120 kB]
Get:7 http://localhost/debian/ unstable/main libmount1 amd64 2.20.1-5.1 [120 kB]
debconf: delaying package configuration, since apt-utils is not installed
Fetched 1300 kB in 0s (13.9 MB/s)
(Reading database ... 11730 files and directories currently installed.)
Preparing to replace mount 2.20.1-5 (using .../mount_2.20.1-5.1_amd64.deb) ...
Unpacking replacement mount ...
Setting up mount (2.20.1-5.1) ...
(Reading database ... 11730 files and directories currently installed.)
Preparing to replace util-linux 2.20.1-5 (using .../util-linux_2.20.1-5.1_amd64.deb) ...
Unpacking replacement util-linux ...
Setting up util-linux (2.20.1-5.1) ...
(Reading database ... 11730 files and directories currently installed.)
Preparing to replace base-passwd 3.5.25 (using .../base-passwd_3.5.26_amd64.deb) ...
Unpacking replacement base-passwd ...
Setting up base-passwd (3.5.26) ...
(Reading database ... 11730 files and directories currently installed.)
Preparing to replace bsdutils 1:2.20.1-5 (using .../bsdutils_1%3a2.20.1-5.1_amd64.deb) ...
Unpacking replacement bsdutils ...
Setting up bsdutils (1:2.20.1-5.1) ...
(Reading database ... 11730 files and directories currently installed.)
Preparing to replace libuuid1:amd64 2.20.1-5 (using .../libuuid1_2.20.1-5.1_amd64.deb) ...
Unpacking replacement libuuid1:amd64 ...
Setting up libuuid1:amd64 (2.20.1-5.1) ...
(Reading database ... 11730 files and directories currently installed.)
Preparing to replace libblkid1:amd64 2.20.1-5 (using .../libblkid1_2.20.1-5.1_amd64.deb) ...
Unpacking replacement libblkid1:amd64 ...
Setting up libblkid1:amd64 (2.20.1-5.1) ...
(Reading database ... 11730 files and directories currently installed.)
Preparing to replace libmount1 2.20.1-5 (using .../libmount1_2.20.1-5.1_amd64.deb) ...
Unpacking replacement libmount1 ...
Setting up libmount1 (2.20.1-5.1) ...

┌──────────────────────────────────────────────────────────────────────────────┐
│ Fetch source files                                                           │
└──────────────────────────────────────────────────────────────────────────────┘


Check APT
─────────

Checking available source versions...
Can't find source for hsqldb_1.8.0.10-12
(only different version(s) hsqldb 1.8.0.10-11, hsqldb 1.8.0.10-13 found)

┌──────────────────────────────────────────────────────────────────────────────┐
│ Cleanup                                                                      │
└──────────────────────────────────────────────────────────────────────────────┘

Purging /«BUILDDIR»
Not cleaning session: cloned chroot in use
E: Failed to fetch source files

┌──────────────────────────────────────────────────────────────────────────────┐
│ Summary                                                                      │
└──────────────────────────────────────────────────────────────────────────────┘

Architecture: amd64
Build-Space: 0
Build-Time: 0
Distribution: unstable
Fail-Stage: fetch-src
Install-Time: 0
Job: hsqldb_1.8.0.10-12
Package: hsqldb
Package-Time: 0
Source-Version: 1.8.0.10-12
Space: 0
Status: failed
Version: 1.8.0.10-12
────────────────────────────────────────────────────────────────────────────────
Finished at 20120623-1648
Build needed 00:00:00, 0k disc space
E: Failed to fetch source files
DC-Status: Failed 17.649056s
