DC-Build-Header: isdnutils 1:3.22+dfsg1-6 / Sat Jun 23 16:13:13 +0000 2012
DC-Task: logfile:/tmp/isdnutils_3.22+dfsg1-6_unstable_clang.log version:1:3.22+dfsg1-6 chroot:unstable modes:binary-only:clang source:isdnutils architecture:any esttime:619
DC-Sbuild-call: su user -c 'sbuild -n --apt-update -d unstable -v  --chroot-setup-commands=/tmp/switch-to-clang isdnutils_1:3.22+dfsg1-6'
sbuild (Debian sbuild) 0.62.5 (13 Jul 2011) on ip-10-28-153-144.ec2.internal

╔══════════════════════════════════════════════════════════════════════════════╗
║ isdnutils 1:3.22+dfsg1-6 (amd64)                           23 Jun 2012 16:13 ║
╚══════════════════════════════════════════════════════════════════════════════╝

Package: isdnutils
Version: 1:3.22+dfsg1-6
Source Version: 1:3.22+dfsg1-6
Distribution: unstable
Architecture: amd64

I: NOTICE: Log filtering will replace 'build/isdnutils-K8IUGc/isdnutils-3.22+dfsg1' with '«PKGBUILDDIR»'
I: NOTICE: Log filtering will replace 'build/isdnutils-K8IUGc' with '«BUILDDIR»'
I: NOTICE: Log filtering will replace 'var/lib/schroot/mount/unstable-amd64-sbuild-f9a9e20f-6fa6-4a83-b6e7-e4af7034571c' with '«CHROOT»'

┌──────────────────────────────────────────────────────────────────────────────┐
│ Update chroot                                                                │
└──────────────────────────────────────────────────────────────────────────────┘

Ign http://localhost unstable InRelease
Get:1 http://localhost unstable Release.gpg [836 B]
Get:2 http://localhost unstable Release [233 kB]
Get:3 http://localhost unstable/main Sources/DiffIndex [7876 B]
Get:4 http://localhost unstable/main amd64 Packages/DiffIndex [7876 B]
Get:5 http://localhost unstable/main Translation-en/DiffIndex [7876 B]
Get:6 http://localhost unstable/main 2012-06-23-0814.36.pdiff [8967 B]
Get:7 http://localhost unstable/main 2012-06-23-0814.36.pdiff [8967 B]
Get:8 http://localhost unstable/main amd64 2012-06-23-0814.36.pdiff [6101 B]
Get:9 http://localhost unstable/main 2012-06-23-0814.36.pdiff [1297 B]
Get:10 http://localhost unstable/main amd64 2012-06-23-0814.36.pdiff [6101 B]
Get:11 http://localhost unstable/main 2012-06-23-0814.36.pdiff [1297 B]
Fetched 274 kB in 4s (60.5 kB/s)
Reading package lists...
Reading package lists...
Building dependency tree...
Reading state information...
0 upgraded, 0 newly installed, 0 to remove and 0 not upgraded.

┌──────────────────────────────────────────────────────────────────────────────┐
│ Fetch source files                                                           │
└──────────────────────────────────────────────────────────────────────────────┘


Check APT
─────────

Checking available source versions...

Download source files with APT
──────────────────────────────

Reading package lists...
Building dependency tree...
Reading state information...
NOTICE: 'isdnutils' packaging is maintained in the 'Git' version control system at:
git://git.debian.org/git/collab-maint/isdnutils.git
Need to get 4542 kB of source archives.
Get:1 http://localhost/debian/ unstable/main isdnutils 1:3.22+dfsg1-6 (dsc) [2768 B]
Get:2 http://localhost/debian/ unstable/main isdnutils 1:3.22+dfsg1-6 (tar) [4296 kB]
Get:3 http://localhost/debian/ unstable/main isdnutils 1:3.22+dfsg1-6 (diff) [243 kB]
Fetched 4542 kB in 1s (4263 kB/s)
Download complete and in download only mode

Check arch
──────────


┌──────────────────────────────────────────────────────────────────────────────┐
│ Chroot Setup Commands                                                        │
└──────────────────────────────────────────────────────────────────────────────┘


/tmp/switch-to-clang
────────────────────

+ echo 'Entering customization script...'
Entering customization script...
+ apt-get update
Ign http://localhost unstable InRelease
Hit http://localhost unstable Release.gpg
Hit http://localhost unstable Release
Hit http://localhost unstable/main Sources/DiffIndex
Hit http://localhost unstable/main amd64 Packages/DiffIndex
Hit http://localhost unstable/main Translation-en/DiffIndex
Reading package lists...
+ echo 'Install of clang'
Install of clang
+ apt-get update
Ign http://localhost unstable InRelease
Hit http://localhost unstable Release.gpg
Hit http://localhost unstable Release
Hit http://localhost unstable/main Sources/DiffIndex
Hit http://localhost unstable/main amd64 Packages/DiffIndex
Hit http://localhost unstable/main Translation-en/DiffIndex
Reading package lists...
+ apt-get install --yes --no-install-recommends clang -t unstable
Reading package lists...
Building dependency tree...
Reading state information...
The following extra packages will be installed:
  libclang-common-dev libffi5 libllvm3.1
Recommended packages:
  llvm-3.1-dev python
The following NEW packages will be installed:
  clang libclang-common-dev libffi5 libllvm3.1
0 upgraded, 4 newly installed, 0 to remove and 0 not upgraded.
Need to get 13.1 MB of archives.
After this operation, 35.6 MB of additional disk space will be used.
Get:1 http://localhost/debian/ unstable/main libffi5 amd64 3.0.10-3 [24.8 kB]
Get:2 http://localhost/debian/ unstable/main libllvm3.1 amd64 3.1-1 [7276 kB]
Get:3 http://localhost/debian/ unstable/main libclang-common-dev amd64 3.1-6 [84.0 kB]
Get:4 http://localhost/debian/ unstable/main clang amd64 3.1-6 [5755 kB]
debconf: delaying package configuration, since apt-utils is not installed
Fetched 13.1 MB in 0s (30.2 MB/s)
Selecting previously unselected package libffi5:amd64.
(Reading database ... 11730 files and directories currently installed.)
Unpacking libffi5:amd64 (from .../libffi5_3.0.10-3_amd64.deb) ...
Selecting previously unselected package libllvm3.1:amd64.
Unpacking libllvm3.1:amd64 (from .../libllvm3.1_3.1-1_amd64.deb) ...
Selecting previously unselected package libclang-common-dev.
Unpacking libclang-common-dev (from .../libclang-common-dev_3.1-6_amd64.deb) ...
Selecting previously unselected package clang.
Unpacking clang (from .../archives/clang_3.1-6_amd64.deb) ...
Setting up libffi5:amd64 (3.0.10-3) ...
Setting up libllvm3.1:amd64 (3.1-1) ...
Setting up libclang-common-dev (3.1-6) ...
Setting up clang (3.1-6) ...
+ echo 'Replace gcc, g++ & cpp by clang'
Replace gcc, g++ & cpp by clang
+ VERSION=4.7
+ cd /usr/bin
+ rm g++-4.7 gcc-4.7 cpp-4.7
+ ln -s clang++ g++-4.7
+ ln -s clang gcc-4.7
+ ln -s clang cpp-4.7
+ cd -
/«BUILDDIR»
+ echo 'Block the installation of new gcc version'
Block the installation of new gcc version
+ dpkg --set-selections
+ echo 'gcc-4.6 hold'
+ dpkg --set-selections
+ echo 'cpp-4.6 hold'
+ dpkg --set-selections
+ echo 'g++-4.6 hold'
+ dpkg --set-selections
+ echo 'gcc-4.7 hold'
+ dpkg --set-selections
+ echo 'cpp-4.7 hold'
+ dpkg --set-selections
+ echo 'g++-4.7 hold'
+ echo 'Check if gcc, g++ & cpp are actually clang'
Check if gcc, g++ & cpp are actually clang
+ grep clang
+ gcc --version

I: Finished running '/tmp/switch-to-clang'.

Finished processing commands.
────────────────────────────────────────────────────────────────────────────────
Merged Build-Depends: build-essential, fakeroot
Filtered Build-Depends: build-essential, fakeroot
dpkg-deb: building package `sbuild-build-depends-core-dummy' in `/«BUILDDIR»/resolver-_oNS_G/apt_archive/sbuild-build-depends-core-dummy.deb'.
OK
Reading package lists...

┌──────────────────────────────────────────────────────────────────────────────┐
│ Install core build dependencies (apt-based resolver)                         │
└──────────────────────────────────────────────────────────────────────────────┘

Installing build dependencies
Reading package lists...
Building dependency tree...
Reading state information...
The following NEW packages will be installed:
  sbuild-build-depends-core-dummy
debconf: delaying package configuration, since apt-utils is not installed
0 upgraded, 1 newly installed, 0 to remove and 0 not upgraded.
Need to get 0 B/708 B of archives.
After this operation, 0 B of additional disk space will be used.
Selecting previously unselected package sbuild-build-depends-core-dummy.
(Reading database ... 11810 files and directories currently installed.)
Unpacking sbuild-build-depends-core-dummy (from .../sbuild-build-depends-core-dummy.deb) ...
Setting up sbuild-build-depends-core-dummy (0.invalid.0) ...
Merged Build-Depends: base-files, base-passwd, bash, coreutils, dash, debianutils, diffutils, dpkg, e2fsprogs, findutils, grep, gzip, hostname, ncurses-base, ncurses-bin, perl-base, sed, login, sysvinit-utils, sysvinit, tar, bsdutils, mount, util-linux, libc6-dev | libc-dev, gcc (>= 4:4.4.3), g++ (>= 4:4.4.3), make, dpkg-dev (>= 1.13.5), debhelper (>= 8.1.0), bzip2, libncurses5-dev | libncurses-dev, xutils-dev | imake, tcl-dev, linuxdoc-tools (>= 0.9.20), groff, libtool, libxaw7-dev, libreadline-dev, libpcap0.8-dev, autotools-dev, automake1.7, automake1.9, autoconf2.13, autoconf, libssl-dev, psutils, lsb-release, po-debconf, ppp-dev
Filtered Build-Depends: base-files, base-passwd, bash, coreutils, dash, debianutils, diffutils, dpkg, e2fsprogs, findutils, grep, gzip, hostname, ncurses-base, ncurses-bin, perl-base, sed, login, sysvinit-utils, sysvinit, tar, bsdutils, mount, util-linux, libc6-dev, gcc (>= 4:4.4.3), g++ (>= 4:4.4.3), make, dpkg-dev (>= 1.13.5), debhelper (>= 8.1.0), bzip2, libncurses5-dev, xutils-dev, tcl-dev, linuxdoc-tools (>= 0.9.20), groff, libtool, libxaw7-dev, libreadline-dev, libpcap0.8-dev, autotools-dev, automake1.7, automake1.9, autoconf2.13, autoconf, libssl-dev, psutils, lsb-release, po-debconf, ppp-dev
dpkg-deb: building package `sbuild-build-depends-isdnutils-dummy' in `/«BUILDDIR»/resolver-hQv969/apt_archive/sbuild-build-depends-isdnutils-dummy.deb'.
OK
Reading package lists...

┌──────────────────────────────────────────────────────────────────────────────┐
│ Install isdnutils build dependencies (apt-based resolver)                    │
└──────────────────────────────────────────────────────────────────────────────┘

Installing build dependencies
Reading package lists...
Building dependency tree...
Reading state information...
The following extra packages will be installed:
  autoconf autoconf2.13 automake1.7 automake1.9 autotools-dev bsdmainutils
  debhelper file gettext gettext-base groff groff-base html2text
  intltool-debian libasprintf0c2 libcroco3 libexpat1 libgettextpo0
  libglib2.0-0 libice-dev libice6 libmagic1 libncurses5-dev libncursesw5
  libpaper1 libpcap0.8 libpcap0.8-dev libpcre3 libpipeline1 libpthread-stubs0
  libpthread-stubs0-dev libreadline-dev libreadline6-dev libsm-dev libsm6
  libsp1c2 libsqlite3-0 libssl-dev libssl1.0.0 libtinfo-dev libtool
  libunistring0 libx11-6 libx11-data libx11-dev libxau-dev libxau6 libxaw7
  libxaw7-dev libxcb1 libxcb1-dev libxdmcp-dev libxdmcp6 libxext-dev libxext6
  libxml2 libxmu-dev libxmu-headers libxmu6 libxpm-dev libxpm4 libxt-dev
  libxt6 linuxdoc-tools lsb-release m4 man-db mime-support po-debconf ppp-dev
  psutils python python-minimal python2.7 python2.7-minimal sgml-base
  sgml-data sp tcl tcl-dev tcl8.5 tcl8.5-dev x11-common x11proto-core-dev
  x11proto-input-dev x11proto-kb-dev x11proto-xext-dev xml-core
  xorg-sgml-doctools xtrans-dev xutils-dev zlib1g-dev
Suggested packages:
  autoconf-archive gnu-standards autoconf-doc automake1.9-doc wamerican
  wordlist whois vacation dh-make gettext-doc libice-doc ncurses-doc libsm-doc
  libtool-doc gfortran fortran95-compiler gcj libxaw-doc libxcb-doc
  libxext-doc libxt-doc texinfo info-browser texlive-latex-base tetex-base
  texlive-base-bin tetex-bin texlive-latex-recommended tetex-extra
  linuxdoc-tools-text linuxdoc-tools-latex linuxdoc-tools-info lsb less
  www-browser libmail-box-perl python-doc python-tk python2.7-doc
  binfmt-support sgml-base-doc perlsgml doc-html-w3 opensp libxml2-utils
  doc-base tcl-doc tcl-tclreadline tcl8.5-doc
Recommended packages:
  automake automaken automake1.4 curl wget lynx-cur autopoint ghostscript
  imagemagick netpbm libglib2.0-data shared-mime-info libgpm2 libpaper-utils
  libssl-doc libltdl-dev libx11-doc libmail-sendmail-perl
The following NEW packages will be installed:
  autoconf autoconf2.13 automake1.7 automake1.9 autotools-dev bsdmainutils
  debhelper file gettext gettext-base groff groff-base html2text
  intltool-debian libasprintf0c2 libcroco3 libexpat1 libgettextpo0
  libglib2.0-0 libice-dev libice6 libmagic1 libncurses5-dev libncursesw5
  libpaper1 libpcap0.8 libpcap0.8-dev libpcre3 libpipeline1 libpthread-stubs0
  libpthread-stubs0-dev libreadline-dev libreadline6-dev libsm-dev libsm6
  libsp1c2 libsqlite3-0 libssl-dev libssl1.0.0 libtinfo-dev libtool
  libunistring0 libx11-6 libx11-data libx11-dev libxau-dev libxau6 libxaw7
  libxaw7-dev libxcb1 libxcb1-dev libxdmcp-dev libxdmcp6 libxext-dev libxext6
  libxml2 libxmu-dev libxmu-headers libxmu6 libxpm-dev libxpm4 libxt-dev
  libxt6 linuxdoc-tools lsb-release m4 man-db mime-support po-debconf ppp-dev
  psutils python python-minimal python2.7 python2.7-minimal
  sbuild-build-depends-isdnutils-dummy sgml-base sgml-data sp tcl tcl-dev
  tcl8.5 tcl8.5-dev x11-common x11proto-core-dev x11proto-input-dev
  x11proto-kb-dev x11proto-xext-dev xml-core xorg-sgml-doctools xtrans-dev
  xutils-dev zlib1g-dev
0 upgraded, 93 newly installed, 0 to remove and 0 not upgraded.
Need to get 37.9 MB/37.9 MB of archives.
After this operation, 108 MB of additional disk space will be used.
Get:1 http://localhost/debian/ unstable/main libncursesw5 amd64 5.9-9 [141 kB]
Get:2 http://localhost/debian/ unstable/main libpipeline1 amd64 1.2.1-1 [39.2 kB]
Get:3 http://localhost/debian/ unstable/main libssl1.0.0 amd64 1.0.1c-3 [1211 kB]
Get:4 http://localhost/debian/ unstable/main libasprintf0c2 amd64 0.18.1.1-9 [26.8 kB]
Get:5 http://localhost/debian/ unstable/main libmagic1 amd64 5.11-1 [250 kB]
Get:6 http://localhost/debian/ unstable/main libpcre3 amd64 1:8.30-5 [242 kB]
Get:7 http://localhost/debian/ unstable/main libsqlite3-0 amd64 3.7.13-1 [455 kB]
Get:8 http://localhost/debian/ unstable/main libxml2 amd64 2.8.0+dfsg1-4 [903 kB]
Get:9 http://localhost/debian/ unstable/main libglib2.0-0 amd64 2.32.3-1 [2081 kB]
Get:10 http://localhost/debian/ unstable/main libcroco3 amd64 0.6.5-1 [151 kB]
Get:11 http://localhost/debian/ unstable/main libexpat1 amd64 2.1.0-1 [141 kB]
Get:12 http://localhost/debian/ unstable/main libunistring0 amd64 0.9.3-5 [434 kB]
Get:13 http://localhost/debian/ unstable/main libgettextpo0 amd64 0.18.1.1-9 [145 kB]
Get:14 http://localhost/debian/ unstable/main x11-common all 1:7.6+13 [278 kB]
Get:15 http://localhost/debian/ unstable/main libice6 amd64 2:1.0.8-2 [63.1 kB]
Get:16 http://localhost/debian/ unstable/main libpaper1 amd64 1.1.24+nmu2 [22.0 kB]
Get:17 http://localhost/debian/ unstable/main libpcap0.8 amd64 1.3.0-1 [142 kB]
Get:18 http://localhost/debian/ unstable/main libsm6 amd64 2:1.2.1-2 [34.2 kB]
Get:19 http://localhost/debian/ unstable/main libxau6 amd64 1:1.0.7-1 [18.8 kB]
Get:20 http://localhost/debian/ unstable/main libxdmcp6 amd64 1:1.1.1-1 [26.3 kB]
Get:21 http://localhost/debian/ unstable/main libxcb1 amd64 1.8.1-1 [50.0 kB]
Get:22 http://localhost/debian/ unstable/main libx11-data all 2:1.5.0-1 [189 kB]
Get:23 http://localhost/debian/ unstable/main libx11-6 amd64 2:1.5.0-1 [901 kB]
Get:24 http://localhost/debian/ unstable/main libxext6 amd64 2:1.3.1-2 [55.3 kB]
Get:25 http://localhost/debian/ unstable/main libxt6 amd64 1:1.1.3-1 [211 kB]
Get:26 http://localhost/debian/ unstable/main libxmu6 amd64 2:1.1.1-1 [66.6 kB]
Get:27 http://localhost/debian/ unstable/main libxpm4 amd64 1:3.5.10-1 [49.4 kB]
Get:28 http://localhost/debian/ unstable/main libxaw7 amd64 2:1.0.10-2 [226 kB]
Get:29 http://localhost/debian/ unstable/main bsdmainutils amd64 9.0.3 [209 kB]
Get:30 http://localhost/debian/ unstable/main groff-base amd64 1.21-8 [1152 kB]
Get:31 http://localhost/debian/ unstable/main man-db amd64 2.6.2-1 [1061 kB]
Get:32 http://localhost/debian/ unstable/main file amd64 5.11-1 [53.2 kB]
Get:33 http://localhost/debian/ unstable/main gettext-base amd64 0.18.1.1-9 [154 kB]
Get:34 http://localhost/debian/ unstable/main m4 amd64 1.4.16-3 [260 kB]
Get:35 http://localhost/debian/ unstable/main mime-support all 3.52-1 [35.5 kB]
Get:36 http://localhost/debian/ unstable/main python2.7-minimal amd64 2.7.3-1 [1770 kB]
Get:37 http://localhost/debian/ unstable/main python2.7 amd64 2.7.3-1 [2726 kB]
Get:38 http://localhost/debian/ unstable/main python-minimal all 2.7.3~rc2-1 [40.4 kB]
Get:39 http://localhost/debian/ unstable/main python all 2.7.3~rc2-1 [179 kB]
Get:40 http://localhost/debian/ unstable/main autoconf all 2.69-1 [589 kB]
Get:41 http://localhost/debian/ unstable/main autoconf2.13 all 2.13-62 [380 kB]
Get:42 http://localhost/debian/ unstable/main autotools-dev all 20120608.1 [73.0 kB]
Get:43 http://localhost/debian/ unstable/main automake1.7 all 1.7.9-9.1 [394 kB]
Get:44 http://localhost/debian/ unstable/main automake1.9 all 1.9.6+nogfdl-3.1 [392 kB]
Get:45 http://localhost/debian/ unstable/main html2text amd64 1.3.2a-15 [103 kB]
Get:46 http://localhost/debian/ unstable/main gettext amd64 0.18.1.1-9 [1975 kB]
Get:47 http://localhost/debian/ unstable/main intltool-debian all 0.35.0+20060710.1 [30.8 kB]
Get:48 http://localhost/debian/ unstable/main po-debconf all 1.0.16+nmu2 [224 kB]
Get:49 http://localhost/debian/ unstable/main debhelper all 9.20120608 [700 kB]
Get:50 http://localhost/debian/ unstable/main groff amd64 1.21-8 [3594 kB]
Get:51 http://localhost/debian/ unstable/main xorg-sgml-doctools all 1:1.10-1 [24.1 kB]
Get:52 http://localhost/debian/ unstable/main x11proto-core-dev all 7.0.23-1 [774 kB]
Get:53 http://localhost/debian/ unstable/main libice-dev amd64 2:1.0.8-2 [74.1 kB]
Get:54 http://localhost/debian/ unstable/main libtinfo-dev amd64 5.9-9 [105 kB]
Get:55 http://localhost/debian/ unstable/main libncurses5-dev amd64 5.9-9 [220 kB]
Get:56 http://localhost/debian/ unstable/main libpcap0.8-dev amd64 1.3.0-1 [264 kB]
Get:57 http://localhost/debian/ unstable/main libpthread-stubs0 amd64 0.3-3 [3228 B]
Get:58 http://localhost/debian/ unstable/main libpthread-stubs0-dev amd64 0.3-3 [3998 B]
Get:59 http://localhost/debian/ unstable/main libreadline6-dev amd64 6.2-8 [264 kB]
Get:60 http://localhost/debian/ unstable/main libreadline-dev amd64 6.2-8 [890 B]
Get:61 http://localhost/debian/ unstable/main libsm-dev amd64 2:1.2.1-2 [37.0 kB]
Get:62 http://localhost/debian/ unstable/main libsp1c2 amd64 1.3.4-1.2.1-47.1+b1 [1455 kB]
Get:63 http://localhost/debian/ unstable/main zlib1g-dev amd64 1:1.2.7.dfsg-13 [215 kB]
Get:64 http://localhost/debian/ unstable/main libssl-dev amd64 1.0.1c-3 [1696 kB]
Get:65 http://localhost/debian/ unstable/main libtool amd64 2.4.2-1.1 [619 kB]
Get:66 http://localhost/debian/ unstable/main libxau-dev amd64 1:1.0.7-1 [21.7 kB]
Get:67 http://localhost/debian/ unstable/main libxdmcp-dev amd64 1:1.1.1-1 [42.3 kB]
Get:68 http://localhost/debian/ unstable/main x11proto-input-dev all 2.2-1 [172 kB]
Get:69 http://localhost/debian/ unstable/main x11proto-kb-dev all 1.0.6-2 [269 kB]
Get:70 http://localhost/debian/ unstable/main xtrans-dev all 1.2.7-1 [112 kB]
Get:71 http://localhost/debian/ unstable/main libxcb1-dev amd64 1.8.1-1 [86.6 kB]
Get:72 http://localhost/debian/ unstable/main libx11-dev amd64 2:1.5.0-1 [1037 kB]
Get:73 http://localhost/debian/ unstable/main x11proto-xext-dev all 7.2.1-1 [273 kB]
Get:74 http://localhost/debian/ unstable/main libxext-dev amd64 2:1.3.1-2 [115 kB]
Get:75 http://localhost/debian/ unstable/main libxt-dev amd64 1:1.1.3-1 [516 kB]
Get:76 http://localhost/debian/ unstable/main libxmu-headers all 2:1.1.1-1 [77.8 kB]
Get:77 http://localhost/debian/ unstable/main libxmu-dev amd64 2:1.1.1-1 [74.6 kB]
Get:78 http://localhost/debian/ unstable/main libxpm-dev amd64 1:3.5.10-1 [107 kB]
Get:79 http://localhost/debian/ unstable/main libxaw7-dev amd64 2:1.0.10-2 [323 kB]
Get:80 http://localhost/debian/ unstable/main sgml-base all 1.26+nmu3 [13.5 kB]
Get:81 http://localhost/debian/ unstable/main sp amd64 1.3.4-1.2.1-47.1+b1 [176 kB]
Get:82 http://localhost/debian/ unstable/main xml-core all 0.13+nmu1 [23.8 kB]
Get:83 http://localhost/debian/ unstable/main sgml-data all 2.0.6 [284 kB]
Get:84 http://localhost/debian/ unstable/main linuxdoc-tools amd64 0.9.68 [557 kB]
Get:85 http://localhost/debian/ unstable/main lsb-release all 4.1+Debian7 [25.8 kB]
Get:86 http://localhost/debian/ unstable/main psutils amd64 1.17-31 [97.6 kB]
Get:87 http://localhost/debian/ unstable/main tcl8.5 amd64 8.5.11-2 [1627 kB]
Get:88 http://localhost/debian/ unstable/main tcl all 8.5.0-2 [4636 B]
Get:89 http://localhost/debian/ unstable/main tcl8.5-dev amd64 8.5.11-2 [1089 kB]
Get:90 http://localhost/debian/ unstable/main tcl-dev all 8.5.0-2 [6968 B]
Get:91 http://localhost/debian/ unstable/main xutils-dev amd64 1:7.7~1 [350 kB]
Get:92 http://localhost/debian/ unstable/main ppp-dev all 2.4.5-5.1 [58.1 kB]
debconf: delaying package configuration, since apt-utils is not installed
Fetched 37.9 MB in 1s (19.0 MB/s)
Selecting previously unselected package libncursesw5:amd64.
(Reading database ... 11810 files and directories currently installed.)
Unpacking libncursesw5:amd64 (from .../libncursesw5_5.9-9_amd64.deb) ...
Selecting previously unselected package libpipeline1:amd64.
Unpacking libpipeline1:amd64 (from .../libpipeline1_1.2.1-1_amd64.deb) ...
Selecting previously unselected package libssl1.0.0:amd64.
Unpacking libssl1.0.0:amd64 (from .../libssl1.0.0_1.0.1c-3_amd64.deb) ...
Selecting previously unselected package libasprintf0c2:amd64.
Unpacking libasprintf0c2:amd64 (from .../libasprintf0c2_0.18.1.1-9_amd64.deb) ...
Selecting previously unselected package libmagic1:amd64.
Unpacking libmagic1:amd64 (from .../libmagic1_5.11-1_amd64.deb) ...
Selecting previously unselected package libpcre3:amd64.
Unpacking libpcre3:amd64 (from .../libpcre3_1%3a8.30-5_amd64.deb) ...
Selecting previously unselected package libsqlite3-0:amd64.
Unpacking libsqlite3-0:amd64 (from .../libsqlite3-0_3.7.13-1_amd64.deb) ...
Selecting previously unselected package libxml2:amd64.
Unpacking libxml2:amd64 (from .../libxml2_2.8.0+dfsg1-4_amd64.deb) ...
Selecting previously unselected package libglib2.0-0:amd64.
Unpacking libglib2.0-0:amd64 (from .../libglib2.0-0_2.32.3-1_amd64.deb) ...
Selecting previously unselected package libcroco3:amd64.
Unpacking libcroco3:amd64 (from .../libcroco3_0.6.5-1_amd64.deb) ...
Selecting previously unselected package libexpat1:amd64.
Unpacking libexpat1:amd64 (from .../libexpat1_2.1.0-1_amd64.deb) ...
Selecting previously unselected package libunistring0:amd64.
Unpacking libunistring0:amd64 (from .../libunistring0_0.9.3-5_amd64.deb) ...
Selecting previously unselected package libgettextpo0:amd64.
Unpacking libgettextpo0:amd64 (from .../libgettextpo0_0.18.1.1-9_amd64.deb) ...
Selecting previously unselected package x11-common.
Unpacking x11-common (from .../x11-common_1%3a7.6+13_all.deb) ...
Selecting previously unselected package libice6:amd64.
Unpacking libice6:amd64 (from .../libice6_2%3a1.0.8-2_amd64.deb) ...
Selecting previously unselected package libpaper1:amd64.
Unpacking libpaper1:amd64 (from .../libpaper1_1.1.24+nmu2_amd64.deb) ...
Selecting previously unselected package libpcap0.8:amd64.
Unpacking libpcap0.8:amd64 (from .../libpcap0.8_1.3.0-1_amd64.deb) ...
Selecting previously unselected package libsm6:amd64.
Unpacking libsm6:amd64 (from .../libsm6_2%3a1.2.1-2_amd64.deb) ...
Selecting previously unselected package libxau6:amd64.
Unpacking libxau6:amd64 (from .../libxau6_1%3a1.0.7-1_amd64.deb) ...
Selecting previously unselected package libxdmcp6:amd64.
Unpacking libxdmcp6:amd64 (from .../libxdmcp6_1%3a1.1.1-1_amd64.deb) ...
Selecting previously unselected package libxcb1:amd64.
Unpacking libxcb1:amd64 (from .../libxcb1_1.8.1-1_amd64.deb) ...
Selecting previously unselected package libx11-data.
Unpacking libx11-data (from .../libx11-data_2%3a1.5.0-1_all.deb) ...
Selecting previously unselected package libx11-6:amd64.
Unpacking libx11-6:amd64 (from .../libx11-6_2%3a1.5.0-1_amd64.deb) ...
Selecting previously unselected package libxext6:amd64.
Unpacking libxext6:amd64 (from .../libxext6_2%3a1.3.1-2_amd64.deb) ...
Selecting previously unselected package libxt6:amd64.
Unpacking libxt6:amd64 (from .../libxt6_1%3a1.1.3-1_amd64.deb) ...
Selecting previously unselected package libxmu6:amd64.
Unpacking libxmu6:amd64 (from .../libxmu6_2%3a1.1.1-1_amd64.deb) ...
Selecting previously unselected package libxpm4:amd64.
Unpacking libxpm4:amd64 (from .../libxpm4_1%3a3.5.10-1_amd64.deb) ...
Selecting previously unselected package libxaw7:amd64.
Unpacking libxaw7:amd64 (from .../libxaw7_2%3a1.0.10-2_amd64.deb) ...
Selecting previously unselected package bsdmainutils.
Unpacking bsdmainutils (from .../bsdmainutils_9.0.3_amd64.deb) ...
Selecting previously unselected package groff-base.
Unpacking groff-base (from .../groff-base_1.21-8_amd64.deb) ...
Selecting previously unselected package man-db.
Unpacking man-db (from .../man-db_2.6.2-1_amd64.deb) ...
Selecting previously unselected package file.
Unpacking file (from .../archives/file_5.11-1_amd64.deb) ...
Selecting previously unselected package gettext-base.
Unpacking gettext-base (from .../gettext-base_0.18.1.1-9_amd64.deb) ...
Selecting previously unselected package m4.
Unpacking m4 (from .../archives/m4_1.4.16-3_amd64.deb) ...
Selecting previously unselected package mime-support.
Unpacking mime-support (from .../mime-support_3.52-1_all.deb) ...
Selecting previously unselected package python2.7-minimal.
Unpacking python2.7-minimal (from .../python2.7-minimal_2.7.3-1_amd64.deb) ...
Selecting previously unselected package python2.7.
Unpacking python2.7 (from .../python2.7_2.7.3-1_amd64.deb) ...
Selecting previously unselected package python-minimal.
Unpacking python-minimal (from .../python-minimal_2.7.3~rc2-1_all.deb) ...
Selecting previously unselected package python.
Unpacking python (from .../python_2.7.3~rc2-1_all.deb) ...
Selecting previously unselected package autoconf.
Unpacking autoconf (from .../autoconf_2.69-1_all.deb) ...
Selecting previously unselected package autoconf2.13.
Unpacking autoconf2.13 (from .../autoconf2.13_2.13-62_all.deb) ...
Adding 'diversion of /usr/bin/autoconf to /usr/bin/autoconf2.50 by autoconf2.13'
Adding 'diversion of /usr/share/man/man1/autoconf.1.gz to /usr/share/man/man1/autoconf2.50.1.gz by autoconf2.13'
Adding 'diversion of /usr/bin/autoheader to /usr/bin/autoheader2.50 by autoconf2.13'
Adding 'diversion of /usr/share/man/man1/autoheader.1.gz to /usr/share/man/man1/autoheader2.50.1.gz by autoconf2.13'
Adding 'diversion of /usr/bin/autoreconf to /usr/bin/autoreconf2.50 by autoconf2.13'
Adding 'diversion of /usr/share/man/man1/autoreconf.1.gz to /usr/share/man/man1/autoreconf2.50.1.gz by autoconf2.13'
Selecting previously unselected package autotools-dev.
Unpacking autotools-dev (from .../autotools-dev_20120608.1_all.deb) ...
Selecting previously unselected package automake1.7.
Unpacking automake1.7 (from .../automake1.7_1.7.9-9.1_all.deb) ...
Selecting previously unselected package automake1.9.
Unpacking automake1.9 (from .../automake1.9_1.9.6+nogfdl-3.1_all.deb) ...
Selecting previously unselected package html2text.
Unpacking html2text (from .../html2text_1.3.2a-15_amd64.deb) ...
Selecting previously unselected package gettext.
Unpacking gettext (from .../gettext_0.18.1.1-9_amd64.deb) ...
Selecting previously unselected package intltool-debian.
Unpacking intltool-debian (from .../intltool-debian_0.35.0+20060710.1_all.deb) ...
Selecting previously unselected package po-debconf.
Unpacking po-debconf (from .../po-debconf_1.0.16+nmu2_all.deb) ...
Selecting previously unselected package debhelper.
Unpacking debhelper (from .../debhelper_9.20120608_all.deb) ...
Selecting previously unselected package groff.
Unpacking groff (from .../groff_1.21-8_amd64.deb) ...
Selecting previously unselected package xorg-sgml-doctools.
Unpacking xorg-sgml-doctools (from .../xorg-sgml-doctools_1%3a1.10-1_all.deb) ...
Selecting previously unselected package x11proto-core-dev.
Unpacking x11proto-core-dev (from .../x11proto-core-dev_7.0.23-1_all.deb) ...
Selecting previously unselected package libice-dev:amd64.
Unpacking libice-dev:amd64 (from .../libice-dev_2%3a1.0.8-2_amd64.deb) ...
Selecting previously unselected package libtinfo-dev:amd64.
Unpacking libtinfo-dev:amd64 (from .../libtinfo-dev_5.9-9_amd64.deb) ...
Selecting previously unselected package libncurses5-dev.
Unpacking libncurses5-dev (from .../libncurses5-dev_5.9-9_amd64.deb) ...
Selecting previously unselected package libpcap0.8-dev.
Unpacking libpcap0.8-dev (from .../libpcap0.8-dev_1.3.0-1_amd64.deb) ...
Selecting previously unselected package libpthread-stubs0:amd64.
Unpacking libpthread-stubs0:amd64 (from .../libpthread-stubs0_0.3-3_amd64.deb) ...
Selecting previously unselected package libpthread-stubs0-dev:amd64.
Unpacking libpthread-stubs0-dev:amd64 (from .../libpthread-stubs0-dev_0.3-3_amd64.deb) ...
Selecting previously unselected package libreadline6-dev:amd64.
Unpacking libreadline6-dev:amd64 (from .../libreadline6-dev_6.2-8_amd64.deb) ...
Selecting previously unselected package libreadline-dev:amd64.
Unpacking libreadline-dev:amd64 (from .../libreadline-dev_6.2-8_amd64.deb) ...
Selecting previously unselected package libsm-dev:amd64.
Unpacking libsm-dev:amd64 (from .../libsm-dev_2%3a1.2.1-2_amd64.deb) ...
Selecting previously unselected package libsp1c2.
Unpacking libsp1c2 (from .../libsp1c2_1.3.4-1.2.1-47.1+b1_amd64.deb) ...
Selecting previously unselected package zlib1g-dev:amd64.
Unpacking zlib1g-dev:amd64 (from .../zlib1g-dev_1%3a1.2.7.dfsg-13_amd64.deb) ...
Selecting previously unselected package libssl-dev.
Unpacking libssl-dev (from .../libssl-dev_1.0.1c-3_amd64.deb) ...
Selecting previously unselected package libtool.
Unpacking libtool (from .../libtool_2.4.2-1.1_amd64.deb) ...
Selecting previously unselected package libxau-dev:amd64.
Unpacking libxau-dev:amd64 (from .../libxau-dev_1%3a1.0.7-1_amd64.deb) ...
Selecting previously unselected package libxdmcp-dev:amd64.
Unpacking libxdmcp-dev:amd64 (from .../libxdmcp-dev_1%3a1.1.1-1_amd64.deb) ...
Selecting previously unselected package x11proto-input-dev.
Unpacking x11proto-input-dev (from .../x11proto-input-dev_2.2-1_all.deb) ...
Selecting previously unselected package x11proto-kb-dev.
Unpacking x11proto-kb-dev (from .../x11proto-kb-dev_1.0.6-2_all.deb) ...
Selecting previously unselected package xtrans-dev.
Unpacking xtrans-dev (from .../xtrans-dev_1.2.7-1_all.deb) ...
Selecting previously unselected package libxcb1-dev:amd64.
Unpacking libxcb1-dev:amd64 (from .../libxcb1-dev_1.8.1-1_amd64.deb) ...
Selecting previously unselected package libx11-dev:amd64.
Unpacking libx11-dev:amd64 (from .../libx11-dev_2%3a1.5.0-1_amd64.deb) ...
Selecting previously unselected package x11proto-xext-dev.
Unpacking x11proto-xext-dev (from .../x11proto-xext-dev_7.2.1-1_all.deb) ...
Selecting previously unselected package libxext-dev:amd64.
Unpacking libxext-dev:amd64 (from .../libxext-dev_2%3a1.3.1-2_amd64.deb) ...
Selecting previously unselected package libxt-dev:amd64.
Unpacking libxt-dev:amd64 (from .../libxt-dev_1%3a1.1.3-1_amd64.deb) ...
Selecting previously unselected package libxmu-headers.
Unpacking libxmu-headers (from .../libxmu-headers_2%3a1.1.1-1_all.deb) ...
Selecting previously unselected package libxmu-dev:amd64.
Unpacking libxmu-dev:amd64 (from .../libxmu-dev_2%3a1.1.1-1_amd64.deb) ...
Selecting previously unselected package libxpm-dev:amd64.
Unpacking libxpm-dev:amd64 (from .../libxpm-dev_1%3a3.5.10-1_amd64.deb) ...
Selecting previously unselected package libxaw7-dev:amd64.
Unpacking libxaw7-dev:amd64 (from .../libxaw7-dev_2%3a1.0.10-2_amd64.deb) ...
Selecting previously unselected package sgml-base.
Unpacking sgml-base (from .../sgml-base_1.26+nmu3_all.deb) ...
Selecting previously unselected package sp.
Unpacking sp (from .../sp_1.3.4-1.2.1-47.1+b1_amd64.deb) ...
Selecting previously unselected package xml-core.
Unpacking xml-core (from .../xml-core_0.13+nmu1_all.deb) ...
Selecting previously unselected package sgml-data.
Unpacking sgml-data (from .../sgml-data_2.0.6_all.deb) ...
Selecting previously unselected package linuxdoc-tools.
Unpacking linuxdoc-tools (from .../linuxdoc-tools_0.9.68_amd64.deb) ...
Selecting previously unselected package lsb-release.
Unpacking lsb-release (from .../lsb-release_4.1+Debian7_all.deb) ...
Selecting previously unselected package psutils.
Unpacking psutils (from .../psutils_1.17-31_amd64.deb) ...
Selecting previously unselected package tcl8.5.
Unpacking tcl8.5 (from .../tcl8.5_8.5.11-2_amd64.deb) ...
Selecting previously unselected package tcl.
Unpacking tcl (from .../archives/tcl_8.5.0-2_all.deb) ...
Selecting previously unselected package tcl8.5-dev.
Unpacking tcl8.5-dev (from .../tcl8.5-dev_8.5.11-2_amd64.deb) ...
Selecting previously unselected package tcl-dev.
Unpacking tcl-dev (from .../tcl-dev_8.5.0-2_all.deb) ...
Selecting previously unselected package xutils-dev.
Unpacking xutils-dev (from .../xutils-dev_1%3a7.7~1_amd64.deb) ...
Selecting previously unselected package ppp-dev.
Unpacking ppp-dev (from .../ppp-dev_2.4.5-5.1_all.deb) ...
Selecting previously unselected package sbuild-build-depends-isdnutils-dummy.
Unpacking sbuild-build-depends-isdnutils-dummy (from .../sbuild-build-depends-isdnutils-dummy.deb) ...
Setting up libncursesw5:amd64 (5.9-9) ...
Setting up libpipeline1:amd64 (1.2.1-1) ...
Setting up libssl1.0.0:amd64 (1.0.1c-3) ...
Setting up libasprintf0c2:amd64 (0.18.1.1-9) ...
Setting up libmagic1:amd64 (5.11-1) ...
Setting up libpcre3:amd64 (1:8.30-5) ...
Setting up libsqlite3-0:amd64 (3.7.13-1) ...
Setting up libxml2:amd64 (2.8.0+dfsg1-4) ...
Setting up libglib2.0-0:amd64 (2.32.3-1) ...
No schema files found: doing nothing.
Setting up libcroco3:amd64 (0.6.5-1) ...
Setting up libexpat1:amd64 (2.1.0-1) ...
Setting up libunistring0:amd64 (0.9.3-5) ...
Setting up libgettextpo0:amd64 (0.18.1.1-9) ...
Setting up x11-common (1:7.6+13) ...
All runlevel operations denied by policy
invoke-rc.d: policy-rc.d denied execution of start.
Setting up libice6:amd64 (2:1.0.8-2) ...
Setting up libpaper1:amd64 (1.1.24+nmu2) ...

Creating config file /etc/papersize with new version
Setting up libpcap0.8:amd64 (1.3.0-1) ...
Setting up libsm6:amd64 (2:1.2.1-2) ...
Setting up libxau6:amd64 (1:1.0.7-1) ...
Setting up libxdmcp6:amd64 (1:1.1.1-1) ...
Setting up libxcb1:amd64 (1.8.1-1) ...
Setting up libx11-data (2:1.5.0-1) ...
Setting up libx11-6:amd64 (2:1.5.0-1) ...
Setting up libxext6:amd64 (2:1.3.1-2) ...
Setting up libxt6:amd64 (1:1.1.3-1) ...
Setting up libxmu6:amd64 (2:1.1.1-1) ...
Setting up libxpm4:amd64 (1:3.5.10-1) ...
Setting up libxaw7:amd64 (2:1.0.10-2) ...
Setting up bsdmainutils (9.0.3) ...
update-alternatives: using /usr/bin/bsd-write to provide /usr/bin/write (write) in auto mode.
update-alternatives: using /usr/bin/bsd-from to provide /usr/bin/from (from) in auto mode.
Setting up groff-base (1.21-8) ...
Setting up man-db (2.6.2-1) ...
Building database of manual pages ...
Setting up file (5.11-1) ...
Setting up gettext-base (0.18.1.1-9) ...
Setting up m4 (1.4.16-3) ...
Setting up mime-support (3.52-1) ...
update-alternatives: using /usr/bin/see to provide /usr/bin/view (view) in auto mode.
Setting up python2.7-minimal (2.7.3-1) ...
Setting up python2.7 (2.7.3-1) ...
Setting up python-minimal (2.7.3~rc2-1) ...
Setting up python (2.7.3~rc2-1) ...
Setting up autoconf (2.69-1) ...
Setting up autoconf2.13 (2.13-62) ...
Setting up autotools-dev (20120608.1) ...
Setting up automake1.7 (1.7.9-9.1) ...
update-alternatives: using /usr/bin/automake-1.7 to provide /usr/bin/automake (automake) in auto mode.
Setting up automake1.9 (1.9.6+nogfdl-3.1) ...
update-alternatives: using /usr/bin/automake-1.9 to provide /usr/bin/automake (automake) in auto mode.
Setting up html2text (1.3.2a-15) ...
Setting up gettext (0.18.1.1-9) ...
Setting up intltool-debian (0.35.0+20060710.1) ...
Setting up po-debconf (1.0.16+nmu2) ...
Setting up debhelper (9.20120608) ...
Setting up groff (1.21-8) ...
Setting up xorg-sgml-doctools (1:1.10-1) ...
Setting up x11proto-core-dev (7.0.23-1) ...
Setting up libice-dev:amd64 (2:1.0.8-2) ...
Setting up libtinfo-dev:amd64 (5.9-9) ...
Setting up libncurses5-dev (5.9-9) ...
Setting up libpcap0.8-dev (1.3.0-1) ...
Setting up libpthread-stubs0:amd64 (0.3-3) ...
Setting up libpthread-stubs0-dev:amd64 (0.3-3) ...
Setting up libreadline6-dev:amd64 (6.2-8) ...
Setting up libreadline-dev:amd64 (6.2-8) ...
Setting up libsm-dev:amd64 (2:1.2.1-2) ...
Setting up libsp1c2 (1.3.4-1.2.1-47.1+b1) ...
Setting up zlib1g-dev:amd64 (1:1.2.7.dfsg-13) ...
Setting up libssl-dev (1.0.1c-3) ...
Setting up libtool (2.4.2-1.1) ...
Setting up libxau-dev:amd64 (1:1.0.7-1) ...
Setting up libxdmcp-dev:amd64 (1:1.1.1-1) ...
Setting up x11proto-input-dev (2.2-1) ...
Setting up x11proto-kb-dev (1.0.6-2) ...
Setting up xtrans-dev (1.2.7-1) ...
Setting up libxcb1-dev:amd64 (1.8.1-1) ...
Setting up libx11-dev:amd64 (2:1.5.0-1) ...
Setting up x11proto-xext-dev (7.2.1-1) ...
Setting up libxext-dev:amd64 (2:1.3.1-2) ...
Setting up libxt-dev:amd64 (1:1.1.3-1) ...
Setting up libxmu-headers (2:1.1.1-1) ...
Setting up libxmu-dev:amd64 (2:1.1.1-1) ...
Setting up libxpm-dev:amd64 (1:3.5.10-1) ...
Setting up libxaw7-dev:amd64 (2:1.0.10-2) ...
Setting up sgml-base (1.26+nmu3) ...
Updating the super catalog...
Setting up sp (1.3.4-1.2.1-47.1+b1) ...
Setting up xml-core (0.13+nmu1) ...
Setting up lsb-release (4.1+Debian7) ...
Setting up psutils (1.17-31) ...
Setting up tcl8.5 (8.5.11-2) ...
update-alternatives: using /usr/bin/tclsh8.5 to provide /usr/bin/tclsh (tclsh) in auto mode.
Setting up tcl (8.5.0-2) ...
update-alternatives: using /usr/bin/tclsh-default to provide /usr/bin/tclsh (tclsh) in auto mode.
Setting up tcl8.5-dev (8.5.11-2) ...
Setting up tcl-dev (8.5.0-2) ...
Setting up xutils-dev (1:7.7~1) ...
Setting up ppp-dev (2.4.5-5.1) ...
Processing triggers for sgml-base ...
Updating the super catalog...
Setting up sgml-data (2.0.6) ...
update-catalog: Suppressing action on super catalog. Invoking trigger instead.
update-catalog: Please rebuild the package being set up with a version of debhelper fixing #477751.
Processing triggers for sgml-base ...
Updating the super catalog...
Setting up linuxdoc-tools (0.9.68) ...
Processing triggers for sgml-base ...
Updating the super catalog...
Setting up sbuild-build-depends-isdnutils-dummy (0.invalid.0) ...

┌──────────────────────────────────────────────────────────────────────────────┐
│ Build environment                                                            │
└──────────────────────────────────────────────────────────────────────────────┘

Kernel: Linux 2.6.32-5-xen-amd64 amd64 (x86_64)
Toolchain package versions: binutils_2.22-6.1 dpkg-dev_1.16.4.3 g++-4.6_4.6.3-7 g++-4.7_4.7.1-1 gcc-4.6_4.6.3-7 gcc-4.7_4.7.1-1 libc6-dev_2.13-33 libstdc++6_4.7.1-1 libstdc++6-4.6-dev_4.6.3-7 libstdc++6-4.7-dev_4.7.1-1 linux-libc-dev_3.2.20-1
Package versions: apt_0.9.7 autoconf_2.69-1 autoconf2.13_2.13-62 automake1.7_1.7.9-9.1 automake1.9_1.9.6+nogfdl-3.1 autotools-dev_20120608.1 base-files_6.11 base-passwd_3.5.25 bash_4.2-2 binutils_2.22-6.1 bsdmainutils_9.0.3 bsdutils_1:2.20.1-5 build-essential_11.5 bzip2_1.0.6-3 clang_3.1-6 coreutils_8.13-3.2 cpp_4:4.7.0-6 cpp-4.6_4.6.3-7 cpp-4.7_4.7.1-1 dash_0.5.7-3 debconf_1.5.44 debconf-i18n_1.5.44 debfoster_2.7-1.1 debhelper_9.20120608 debian-archive-keyring_2012.4 debianutils_4.3.1 diffutils_1:3.2-6 dpkg_1.16.4.3 dpkg-dev_1.16.4.3 e2fslibs_1.42.4-3 e2fsprogs_1.42.4-3 fakeroot_1.18.4-2 file_5.11-1 findutils_4.4.2-4 g++_4:4.7.0-6 g++-4.6_4.6.3-7 g++-4.7_4.7.1-1 gcc_4:4.7.0-6 gcc-4.4-base_4.4.7-1 gcc-4.5-base_4.5.3-12 gcc-4.6_4.6.3-7 gcc-4.6-base_4.6.3-7 gcc-4.7_4.7.1-1 gcc-4.7-base_4.7.1-1 gettext_0.18.1.1-9 gettext-base_0.18.1.1-9 gnupg_1.4.12-4 gpgv_1.4.12-4 grep_2.12-2 groff_1.21-8 groff-base_1.21-8 gzip_1.5-1.1 hostname_3.11 html2text_1.3.2a-15 initscripts_2.88dsf-27 insserv_1.14.0-3 intltool-debian_0.35.0+20060710.1 libacl1_2.2.51-8 libapt-pkg4.12_0.9.7 libasprintf0c2_0.18.1.1-9 libattr1_1:2.4.46-8 libblkid1_2.20.1-5 libbz2-1.0_1.0.6-3 libc-bin_2.13-33 libc-dev-bin_2.13-33 libc6_2.13-33 libc6-dev_2.13-33 libclang-common-dev_3.1-6 libclass-isa-perl_0.36-3 libcomerr2_1.42.4-3 libcroco3_0.6.5-1 libdb5.1_5.1.29-4 libdpkg-perl_1.16.4.3 libexpat1_2.1.0-1 libffi5_3.0.10-3 libfile-fcntllock-perl_0.14-2 libgc1c2_1:7.1-8 libgcc1_1:4.7.1-1 libgdbm3_1.8.3-11 libgettextpo0_0.18.1.1-9 libglib2.0-0_2.32.3-1 libgmp10_2:5.0.5+dfsg-2 libgomp1_4.7.1-1 libice-dev_2:1.0.8-2 libice6_2:1.0.8-2 libitm1_4.7.1-1 libllvm3.1_3.1-1 liblocale-gettext-perl_1.05-7+b1 liblzma5_5.1.1alpha+20120614-1 libmagic1_5.11-1 libmount1_2.20.1-5 libmpc2_0.9-4 libmpfr4_3.1.0-5 libncurses5_5.9-9 libncurses5-dev_5.9-9 libncursesw5_5.9-9 libpam-modules_1.1.3-7.1 libpam-modules-bin_1.1.3-7.1 libpam-runtime_1.1.3-7.1 libpam0g_1.1.3-7.1 libpaper1_1.1.24+nmu2 libpcap0.8_1.3.0-1 libpcap0.8-dev_1.3.0-1 libpcre3_1:8.30-5 libpipeline1_1.2.1-1 libpthread-stubs0_0.3-3 libpthread-stubs0-dev_0.3-3 libquadmath0_4.7.1-1 libreadline-dev_6.2-8 libreadline6_6.2-8 libreadline6-dev_6.2-8 libselinux1_2.1.9-5 libsemanage-common_2.1.6-6 libsemanage1_2.1.6-6 libsepol1_2.1.4-3 libslang2_2.2.4-13 libsm-dev_2:1.2.1-2 libsm6_2:1.2.1-2 libsp1c2_1.3.4-1.2.1-47.1+b1 libsqlite3-0_3.7.13-1 libss2_1.42.4-3 libssl-dev_1.0.1c-3 libssl1.0.0_1.0.1c-3 libstdc++6_4.7.1-1 libstdc++6-4.6-dev_4.6.3-7 libstdc++6-4.7-dev_4.7.1-1 libswitch-perl_2.16-2 libtext-charwidth-perl_0.04-7+b1 libtext-iconv-perl_1.7-5 libtext-wrapi18n-perl_0.06-7 libtimedate-perl_1.2000-1 libtinfo-dev_5.9-9 libtinfo5_5.9-9 libtool_2.4.2-1.1 libunistring0_0.9.3-5 libusb-0.1-4_2:0.1.12-23 libustr-1.0-1_1.0.4-3 libuuid1_2.20.1-5 libx11-6_2:1.5.0-1 libx11-data_2:1.5.0-1 libx11-dev_2:1.5.0-1 libxau-dev_1:1.0.7-1 libxau6_1:1.0.7-1 libxaw7_2:1.0.10-2 libxaw7-dev_2:1.0.10-2 libxcb1_1.8.1-1 libxcb1-dev_1.8.1-1 libxdmcp-dev_1:1.1.1-1 libxdmcp6_1:1.1.1-1 libxext-dev_2:1.3.1-2 libxext6_2:1.3.1-2 libxml2_2.8.0+dfsg1-4 libxmu-dev_2:1.1.1-1 libxmu-headers_2:1.1.1-1 libxmu6_2:1.1.1-1 libxpm-dev_1:3.5.10-1 libxpm4_1:3.5.10-1 libxt-dev_1:1.1.3-1 libxt6_1:1.1.3-1 linux-libc-dev_3.2.20-1 linuxdoc-tools_0.9.68 login_1:4.1.5.1-1 lsb-base_4.1+Debian7 lsb-release_4.1+Debian7 m4_1.4.16-3 make_3.81-8.2 man-db_2.6.2-1 mawk_1.3.3-17 mime-support_3.52-1 mount_2.20.1-5 multiarch-support_2.13-33 ncurses-base_5.9-9 ncurses-bin_5.9-9 passwd_1:4.1.5.1-1 patch_2.6.1-3 perl_5.14.2-12 perl-base_5.14.2-12 perl-modules_5.14.2-12 po-debconf_1.0.16+nmu2 ppp-dev_2.4.5-5.1 psutils_1.17-31 python_2.7.3~rc2-1 python-minimal_2.7.3~rc2-1 python2.7_2.7.3-1 python2.7-minimal_2.7.3-1 readline-common_6.2-8 sbuild-build-depends-core-dummy_0.invalid.0 sbuild-build-depends-isdnutils-dummy_0.invalid.0 sed_4.2.1-10 sensible-utils_0.0.7 sgml-base_1.26+nmu3 sgml-data_2.0.6 sp_1.3.4-1.2.1-47.1+b1 sysv-rc_2.88dsf-27 sysvinit_2.88dsf-27 sysvinit-utils_2.88dsf-27 tar_1.26-4 tcl_8.5.0-2 tcl-dev_8.5.0-2 tcl8.5_8.5.11-2 tcl8.5-dev_8.5.11-2 tzdata_2012c-1 ucf_3.0025+nmu3 util-linux_2.20.1-5 x11-common_1:7.6+13 x11proto-core-dev_7.0.23-1 x11proto-input-dev_2.2-1 x11proto-kb-dev_1.0.6-2 x11proto-xext-dev_7.2.1-1 xml-core_0.13+nmu1 xorg-sgml-doctools_1:1.10-1 xtrans-dev_1.2.7-1 xutils-dev_1:7.7~1 xz-utils_5.1.1alpha+20120614-1 zlib1g_1:1.2.7.dfsg-13 zlib1g-dev_1:1.2.7.dfsg-13

┌──────────────────────────────────────────────────────────────────────────────┐
│ Build                                                                        │
└──────────────────────────────────────────────────────────────────────────────┘


Unpack source
─────────────

gpgv: keyblock resource `/sbuild-nonexistent/.gnupg/trustedkeys.gpg': file open error
gpgv: Signature made Tue May  8 03:58:10 2012 UTC using RSA key ID 6E511C31
gpgv: Can't check signature: public key not found
dpkg-source: warning: failed to verify signature on ./isdnutils_3.22+dfsg1-6.dsc
dpkg-source: info: extracting isdnutils in isdnutils-3.22+dfsg1
dpkg-source: info: unpacking isdnutils_3.22+dfsg1.orig.tar.bz2
dpkg-source: info: unpacking isdnutils_3.22+dfsg1-6.debian.tar.gz
dpkg-source: info: applying deb-build.patch
dpkg-source: info: applying hisax-firmware.patch
dpkg-source: info: applying capiinit-conffile.patch
dpkg-source: info: applying capiinit-fwpath.patch
dpkg-source: info: applying libtool.patch
dpkg-source: info: applying ipppd-replace-gpl-code.patch
dpkg-source: info: applying vbox-upstream-bce267ea07dc70.patch

Check disc space
────────────────

Sufficient free space for build

User Environment
────────────────

HOME=/sbuild-nonexistent
LOGNAME=root
PATH=/usr/local/sbin:/usr/local/bin:/usr/sbin:/usr/bin:/sbin:/bin:/usr/bin/X11
SCHROOT_CHROOT_NAME=unstable-amd64-sbuild
SCHROOT_COMMAND=env
SCHROOT_GID=0
SCHROOT_GROUP=root
SCHROOT_SESSION_ID=unstable-amd64-sbuild-f9a9e20f-6fa6-4a83-b6e7-e4af7034571c
SCHROOT_UID=0
SCHROOT_USER=root
SHELL=/bin/sh
USER=root

dpkg-buildpackage
─────────────────

dpkg-buildpackage: warning: using a gain-root-command while being root
dpkg-buildpackage: source package isdnutils
dpkg-buildpackage: source version 1:3.22+dfsg1-6
dpkg-buildpackage: source changed by Rolf Leggewie <foss@rolf.leggewie.biz>
 dpkg-source --before-build isdnutils-3.22+dfsg1
dpkg-buildpackage: host architecture amd64
 fakeroot debian/rules clean
dh clean
   dh_testdir
   dh_auto_clean
make[1]: Entering directory `/«BUILDDIR»/isdnutils-3.22+dfsg1'
set -e; \
	for i in `echo `; do \
		make -i -C `dirname $i` clean; \
	done;
set -e; \
	for i in `echo Mini-FAQ/Makefile eurofile/Makefile imontty/Makefile isdnlog/Makefile lib/Makefile pppdcapiplugin/Makefile ttyId/Makefile`; do \
		make -i -C `dirname $i` clean; \
	done;
make[2]: Entering directory `/«BUILDDIR»/isdnutils-3.22+dfsg1/Mini-FAQ'
rm -f isdn-faq.html
make[2]: Leaving directory `/«BUILDDIR»/isdnutils-3.22+dfsg1/Mini-FAQ'
make[2]: Entering directory `/«BUILDDIR»/isdnutils-3.22+dfsg1/eurofile'
rm -f  xx[0-9][0-9] CHANGES.tmp
make -C src clean
make[3]: Entering directory `/«BUILDDIR»/isdnutils-3.22+dfsg1/eurofile/src'
for i in eft  wuauth eftp eftd   testing; do make -C $i clean; done
make[4]: Entering directory `/«BUILDDIR»/isdnutils-3.22+dfsg1/eurofile/src/eft'
rm -f *.o *~ libeft.a extra_version_.h
make[4]: Leaving directory `/«BUILDDIR»/isdnutils-3.22+dfsg1/eurofile/src/eft'
make: Entering an unknown directory
make: *** wuauth: No such file or directory.  Stop.
make: Leaving an unknown directory
make[4]: Entering directory `/«BUILDDIR»/isdnutils-3.22+dfsg1/eurofile/src/eftp'
rm -f eftp *.o 
make[4]: Leaving directory `/«BUILDDIR»/isdnutils-3.22+dfsg1/eurofile/src/eftp'
make[4]: Entering directory `/«BUILDDIR»/isdnutils-3.22+dfsg1/eurofile/src/eftd'
rm -f eftd *.o 
make[4]: Leaving directory `/«BUILDDIR»/isdnutils-3.22+dfsg1/eurofile/src/eftd'
make[4]: Entering directory `/«BUILDDIR»/isdnutils-3.22+dfsg1/eurofile/src/testing'
rm -f x25.echod tdu.echod wuauth_test *.o 
make[4]: Leaving directory `/«BUILDDIR»/isdnutils-3.22+dfsg1/eurofile/src/testing'
make[3]: Leaving directory `/«BUILDDIR»/isdnutils-3.22+dfsg1/eurofile/src'
make[2]: Leaving directory `/«BUILDDIR»/isdnutils-3.22+dfsg1/eurofile'
make[2]: Entering directory `/«BUILDDIR»/isdnutils-3.22+dfsg1/imontty'
rm -f *.o imontty *~
make[2]: Leaving directory `/«BUILDDIR»/isdnutils-3.22+dfsg1/imontty'
make[2]: Entering directory `/«BUILDDIR»/isdnutils-3.22+dfsg1/isdnlog'
rm -f *.o */*.o */*/*.o
set -e; for i in ; do make -C $i clean; done
make[2]: Leaving directory `/«BUILDDIR»/isdnutils-3.22+dfsg1/isdnlog'
make[2]: Entering directory `/«BUILDDIR»/isdnutils-3.22+dfsg1/lib'
rm -f *.o *.a
make[2]: Leaving directory `/«BUILDDIR»/isdnutils-3.22+dfsg1/lib'
make[2]: Entering directory `/«BUILDDIR»/isdnutils-3.22+dfsg1/pppdcapiplugin'
echo make -C ppp-"2.4.5" PPPVERSION="2.4.5" clean ;
make -C ppp-2.4.5 PPPVERSION=2.4.5 clean
make -C ppp-"2.4.5" PPPVERSION="2.4.5" clean ;
make: Entering an unknown directory
make: *** ppp-2.4.5: No such file or directory.  Stop.
make: Leaving an unknown directory
make[2]: [clean] Error 2 (ignored)
make[2]: Leaving directory `/«BUILDDIR»/isdnutils-3.22+dfsg1/pppdcapiplugin'
make[2]: Entering directory `/«BUILDDIR»/isdnutils-3.22+dfsg1/ttyId'
make[2]: Leaving directory `/«BUILDDIR»/isdnutils-3.22+dfsg1/ttyId'
for i in `echo  isdnlog/tools/zone isdnlog/tools/dest`; do \
		if [ -f $i/Makefile ]; then make -i -C $i clean; fi; \
	done;
rm -f *~ *.o
make -C scripts/lxdialog clean
make[2]: Entering directory `/«BUILDDIR»/isdnutils-3.22+dfsg1/scripts/lxdialog'
rm -f core *.o *~ lxdialog
make[2]: Leaving directory `/«BUILDDIR»/isdnutils-3.22+dfsg1/scripts/lxdialog'
set -e; \
	for i in `echo `; do \
		make -i -C `dirname $i` distclean; \
	done;
set -e; \
	for i in `echo Mini-FAQ/Makefile eurofile/Makefile imontty/Makefile isdnlog/Makefile lib/Makefile pppdcapiplugin/Makefile ttyId/Makefile`; do \
		if [ -f $i ] ; then \
			make -i -C `dirname $i` distclean; \
		fi ; \
	done;
make[2]: Entering directory `/«BUILDDIR»/isdnutils-3.22+dfsg1/Mini-FAQ'
rm -f isdn-faq.html
make[2]: Leaving directory `/«BUILDDIR»/isdnutils-3.22+dfsg1/Mini-FAQ'
make[2]: Entering directory `/«BUILDDIR»/isdnutils-3.22+dfsg1/eurofile'
rm -f  xx[0-9][0-9] CHANGES.tmp
make -C src clean
make[3]: Entering directory `/«BUILDDIR»/isdnutils-3.22+dfsg1/eurofile/src'
for i in eft  wuauth eftp eftd   testing; do make -C $i clean; done
make[4]: Entering directory `/«BUILDDIR»/isdnutils-3.22+dfsg1/eurofile/src/eft'
rm -f *.o *~ libeft.a extra_version_.h
make[4]: Leaving directory `/«BUILDDIR»/isdnutils-3.22+dfsg1/eurofile/src/eft'
make: Entering an unknown directory
make: *** wuauth: No such file or directory.  Stop.
make: Leaving an unknown directory
make[4]: Entering directory `/«BUILDDIR»/isdnutils-3.22+dfsg1/eurofile/src/eftp'
rm -f eftp *.o 
make[4]: Leaving directory `/«BUILDDIR»/isdnutils-3.22+dfsg1/eurofile/src/eftp'
make[4]: Entering directory `/«BUILDDIR»/isdnutils-3.22+dfsg1/eurofile/src/eftd'
rm -f eftd *.o 
make[4]: Leaving directory `/«BUILDDIR»/isdnutils-3.22+dfsg1/eurofile/src/eftd'
make[4]: Entering directory `/«BUILDDIR»/isdnutils-3.22+dfsg1/eurofile/src/testing'
rm -f x25.echod tdu.echod wuauth_test *.o 
make[4]: Leaving directory `/«BUILDDIR»/isdnutils-3.22+dfsg1/eurofile/src/testing'
make[3]: Leaving directory `/«BUILDDIR»/isdnutils-3.22+dfsg1/eurofile/src'
rm -f config.* *~ '#'*'#' Rules.make scripts/eftd.sh scripts/eftp.sh examples/eft.conf 
make -C src distclean
make[3]: Entering directory `/«BUILDDIR»/isdnutils-3.22+dfsg1/eurofile/src'
for i in eft  wuauth eftp eftd   testing; do make -C $i clean; done
make[4]: Entering directory `/«BUILDDIR»/isdnutils-3.22+dfsg1/eurofile/src/eft'
rm -f *.o *~ libeft.a extra_version_.h
make[4]: Leaving directory `/«BUILDDIR»/isdnutils-3.22+dfsg1/eurofile/src/eft'
make: Entering an unknown directory
make: *** wuauth: No such file or directory.  Stop.
make: Leaving an unknown directory
make[4]: Entering directory `/«BUILDDIR»/isdnutils-3.22+dfsg1/eurofile/src/eftp'
rm -f eftp *.o 
make[4]: Leaving directory `/«BUILDDIR»/isdnutils-3.22+dfsg1/eurofile/src/eftp'
make[4]: Entering directory `/«BUILDDIR»/isdnutils-3.22+dfsg1/eurofile/src/eftd'
rm -f eftd *.o 
make[4]: Leaving directory `/«BUILDDIR»/isdnutils-3.22+dfsg1/eurofile/src/eftd'
make[4]: Entering directory `/«BUILDDIR»/isdnutils-3.22+dfsg1/eurofile/src/testing'
rm -f x25.echod tdu.echod wuauth_test *.o 
make[4]: Leaving directory `/«BUILDDIR»/isdnutils-3.22+dfsg1/eurofile/src/testing'
rm -f config.h `find . \( -name '*~' -o -name '#*#' -o -name core \)`
make[3]: Leaving directory `/«BUILDDIR»/isdnutils-3.22+dfsg1/eurofile/src'
rm -f  Rules.make eftp4linux*.tar.gz
rm -f `find . \( -name core -o -name '*.orig' -o -name '*.rej' -o \
		-name '*~' -o -name '*.bak' -o -name '#*#' -o -name '.*.orig'\
		-o -name '.*.rej' -o -name '.SUMS' -o -size 0 \) -print` TAGS
make[2]: Leaving directory `/«BUILDDIR»/isdnutils-3.22+dfsg1/eurofile'
make[2]: Entering directory `/«BUILDDIR»/isdnutils-3.22+dfsg1/imontty'
rm -f *.o imontty *~
rm -f imontty.8
make[2]: Leaving directory `/«BUILDDIR»/isdnutils-3.22+dfsg1/imontty'
make[2]: Entering directory `/«BUILDDIR»/isdnutils-3.22+dfsg1/isdnlog'
rm -f *.o */*.o */*/*.o
set -e; for i in ; do make -C $i clean; done
rm -f bin/isdnlog bin/isdnrep bin/isdnconf
rm -f .depend
set -e; for i in ; do make -C $i distclean; done
make[2]: Leaving directory `/«BUILDDIR»/isdnutils-3.22+dfsg1/isdnlog'
make[2]: Entering directory `/«BUILDDIR»/isdnutils-3.22+dfsg1/lib'
rm -f *.o *.a
rm -f .depend policy.h
make[2]: Leaving directory `/«BUILDDIR»/isdnutils-3.22+dfsg1/lib'
make[2]: Entering directory `/«BUILDDIR»/isdnutils-3.22+dfsg1/pppdcapiplugin'
echo make -C ppp-"2.4.5" PPPVERSION="2.4.5" clean ;
make -C ppp-2.4.5 PPPVERSION=2.4.5 clean
make -C ppp-"2.4.5" PPPVERSION="2.4.5" clean ;
make: Entering an unknown directory
make: *** ppp-2.4.5: No such file or directory.  Stop.
make: Leaving an unknown directory
make[2]: [clean] Error 2 (ignored)
make[2]: Leaving directory `/«BUILDDIR»/isdnutils-3.22+dfsg1/pppdcapiplugin'
make[2]: Entering directory `/«BUILDDIR»/isdnutils-3.22+dfsg1/ttyId'
rm -f ttyId
make[2]: Leaving directory `/«BUILDDIR»/isdnutils-3.22+dfsg1/ttyId'
for i in `echo  isdnlog/tools/zone isdnlog/tools/dest`; do \
		if [ -f $i/Makefile ]; then make -i -C $i distclean; fi; \
	done;
rm -f *~ .config .config.old scripts/autoconf.h .menuconfig \
		Makefile.tmp .menuconfig.log scripts/defconfig.old
find . -name '.#*' -exec rm -f {} \;
make[1]: Leaving directory `/«BUILDDIR»/isdnutils-3.22+dfsg1'
   dh_clean
 debian/rules build-arch
dh build-arch
   dh_testdir -a
   dh_auto_configure -a
   debian/rules override_dh_auto_build
make[1]: Entering directory `/«BUILDDIR»/isdnutils-3.22+dfsg1'
dh_testdir
: # update autotools files
for d in capi20 isdnlog/client vbox3; do \
	  cp -p /usr/share/misc/config.* $d/; \
	done
Regenerating autotools files in capi20 ...
  libtool
libtoolize: putting auxiliary files in `.'.
libtoolize: copying file `./ltmain.sh'
libtoolize: You should add the contents of the following files to `aclocal.m4':
libtoolize:   `/usr/share/aclocal/libtool.m4'
libtoolize:   `/usr/share/aclocal/ltoptions.m4'
libtoolize:   `/usr/share/aclocal/ltversion.m4'
libtoolize:   `/usr/share/aclocal/lt~obsolete.m4'
libtoolize: Consider adding `AC_CONFIG_MACRO_DIR([m4])' to configure.ac and
libtoolize: rerunning libtoolize, to keep the correct libtool macros in-tree.
libtoolize: Consider adding `-I m4' to ACLOCAL_AMFLAGS in Makefile.am.
  aclocal-1.9
  automake-1.9
Useless use of /d modifier in transliteration operator at /usr/share/automake-1.9/Automake/Wrap.pm line 60.
Makefile.am: installing `./compile'
Regenerating autotools files in capifax ...
  aclocal
  autoconf
  autoheader
autoheader2.50: WARNING: Using auxiliary files such as `acconfig.h', `config.h.bot'
autoheader2.50: WARNING: and `config.h.top', to define templates for `config.h.in'
autoheader2.50: WARNING: is deprecated and discouraged.
autoheader2.50: 
autoheader2.50: WARNING: Using the third argument of `AC_DEFINE' and
autoheader2.50: WARNING: `AC_DEFINE_UNQUOTED' allows one to define a template without
autoheader2.50: WARNING: `acconfig.h':
autoheader2.50: 
autoheader2.50: WARNING:   AC_DEFINE([NEED_FUNC_MAIN], 1,
autoheader2.50: 		[Define if a function `main' is needed.])
autoheader2.50: 
autoheader2.50: WARNING: More sophisticated templates can also be produced, see the
autoheader2.50: WARNING: documentation.
  automake
Useless use of /d modifier in transliteration operator at /usr/share/automake-1.9/Automake/Wrap.pm line 60.
Makefile.am: installing `./depcomp'
Regenerating autotools files in capiinfo ...
  aclocal
  autoconf
  autoheader
autoheader2.50: WARNING: Using auxiliary files such as `acconfig.h', `config.h.bot'
autoheader2.50: WARNING: and `config.h.top', to define templates for `config.h.in'
autoheader2.50: WARNING: is deprecated and discouraged.
autoheader2.50: 
autoheader2.50: WARNING: Using the third argument of `AC_DEFINE' and
autoheader2.50: WARNING: `AC_DEFINE_UNQUOTED' allows one to define a template without
autoheader2.50: WARNING: `acconfig.h':
autoheader2.50: 
autoheader2.50: WARNING:   AC_DEFINE([NEED_FUNC_MAIN], 1,
autoheader2.50: 		[Define if a function `main' is needed.])
autoheader2.50: 
autoheader2.50: WARNING: More sophisticated templates can also be produced, see the
autoheader2.50: WARNING: documentation.
  automake
Useless use of /d modifier in transliteration operator at /usr/share/automake-1.9/Automake/Wrap.pm line 60.
Makefile.am: installing `./depcomp'
Regenerating autotools files in capiinit ...
  aclocal
  autoconf
  autoheader
  automake
Useless use of /d modifier in transliteration operator at /usr/share/automake-1.9/Automake/Wrap.pm line 60.
Makefile.am: installing `./depcomp'
Regenerating autotools files in rcapid ...
  aclocal
  autoconf
  automake
Useless use of /d modifier in transliteration operator at /usr/share/automake-1.9/Automake/Wrap.pm line 60.
Makefile.am: installing `./depcomp'
Regenerating autotools files in vbox ...
  aclocal-1.7
  autoconf
configure.in:8: warning: AC_INIT: not a literal: '2.0.0BETA5'
  automake-1.7
Useless use of /d modifier in transliteration operator at /usr/bin/automake-1.7 line 5985.
configure.in:8: warning: AC_INIT: not a literal: '2.0.0BETA5'
Regenerating autotools files in eicon ...
  autoconf2.13
cd ipppd && autoconf
#### normal MAKE process continues here ###
# we need a .config file. Try isdnutils.config in parent directory first
# so that local choice can be preserved.
test -f ../isdnutils.config && cp ../isdnutils.config .config || \
	    sed -e "s#@KERNELDIR@#`pwd`/linux#" \
		< debian/dotconfig > .config
/usr/bin/make subconfig
make[2]: Entering directory `/«BUILDDIR»/isdnutils-3.22+dfsg1'
perl scripts/mk_autoconf.pl
Selected subdirs: isdnlog/tools/cdb lib isdnlog/tools/zone isdnlog/tools/dest isdnlog isdnctrl divertctrl iprofd hisax capi20 capiinfo avmb1 capiinit imon imontty ipppstats xmonisdn xisdnload ipppd vbox rcapid capifax pppdcapiplugin doc FAQ

Running configure in isdnlog/tools/cdb ...

creating cache ./config.cache
checking for gcc... gcc
checking whether the C compiler (gcc  ) works... yes
checking whether the C compiler (gcc  ) is a cross-compiler... no
checking whether we are using GNU C... yes
checking whether gcc accepts -g... yes
checking for a BSD compatible install... /usr/bin/install -c
checking how to run the C preprocessor... gcc -E
checking for ANSI C header files... yes
checking for unistd.h... yes
checking size of long... 8
checking size of int... 4
checking whether byte ordering is bigendian... no
updating cache ./config.cache
creating ./config.status
creating Makefile
creating config.h

Running make -f Makefile.in config in lib ...

make[3]: Entering directory `/«BUILDDIR»/isdnutils-3.22+dfsg1/lib'
make[3]: Leaving directory `/«BUILDDIR»/isdnutils-3.22+dfsg1/lib'

Running configure in isdnlog/tools/zone ...

creating cache ./config.cache
checking for gcc... gcc
checking whether the C compiler (gcc  ) works... yes
checking whether the C compiler (gcc  ) is a cross-compiler... no
checking whether we are using GNU C... yes
checking whether gcc accepts -g... yes
checking for a BSD compatible install... /usr/bin/install -c
checking for bzip2... bzip2
Using 'cdb' as database
checking how to run the C preprocessor... gcc -E
checking for ANSI C header files... yes
checking for unistd.h... yes
checking for size_t... yes
checking size of char... 1
checking size of short... 2
checking size of long... 8
checking size of int... 4
checking whether byte ordering is bigendian... no
checking for strdup... yes
checking for strtoul... yes
updating cache ./config.cache
creating ./config.status
creating Makefile
creating mkzonedb.man
creating config.h

Running configure in isdnlog/tools/dest ...

creating cache ./config.cache
checking for gcc... gcc
checking whether the C compiler (gcc  ) works... yes
checking whether the C compiler (gcc  ) is a cross-compiler... no
checking whether we are using GNU C... yes
checking whether gcc accepts -g... yes
checking for a BSD compatible install... /usr/bin/install -c
checking for bzip2... bzip2
Using 'cdb' as database
checking how to run the C preprocessor... gcc -E
checking for ANSI C header files... yes
checking for unistd.h... yes
checking for size_t... yes
checking for strdup... yes
checking for strtoul... yes
updating cache ./config.cache
creating ./config.status
creating Makefile

Running configure in isdnlog ...

checking for gcc... gcc
checking for C compiler default output... a.out
checking whether the C compiler works... yes
checking whether we are cross compiling... no
checking for suffix of executables... 
checking for suffix of object files... o
checking whether we are using the GNU C compiler... yes
checking whether gcc accepts -g... yes
checking for a BSD-compatible install... /usr/bin/install -c
checking for gawk... no
checking for mawk... mawk
checking for sed... /bin/sed
checking whether make sets ${MAKE}... yes
checking for bzip2... /bin/bzip2
Using 'cdb' as database
checking how to run the C preprocessor... gcc -E
"no POSTGRES DISABLED"
"no MYSQL DISABLED"
"no ORACLE DISABLED"
checking for ANSI C header files... yes
checking for sys/wait.h that is POSIX.1 compatible... yes
checking for sys/types.h... yes
checking for sys/stat.h... yes
checking for stdlib.h... yes
checking for string.h... yes
checking for memory.h... yes
checking for strings.h... yes
checking for inttypes.h... yes
checking for stdint.h... yes
checking for unistd.h... yes
checking fcntl.h usability... yes
checking fcntl.h presence... yes
checking for fcntl.h... yes
checking limits.h usability... yes
checking limits.h presence... yes
checking for limits.h... yes
checking sys/ioctl.h usability... yes
checking sys/ioctl.h presence... yes
checking for sys/ioctl.h... yes
checking sys/time.h usability... yes
checking sys/time.h presence... yes
checking for sys/time.h... yes
checking syslog.h usability... yes
checking syslog.h presence... yes
checking for syslog.h... yes
checking for unistd.h... (cached) yes
checking for gcc option to accept ANSI C... none needed
checking for an ANSI C-conforming const... yes
checking for pid_t... yes
checking for size_t... yes
checking whether time.h and sys/time.h may both be included... yes
checking whether struct tm is in sys/time.h or time.h... time.h
checking whether gcc needs -traditional... no
checking for working memcmp... yes
checking return type of signal handlers... void
checking whether utime accepts a null argument... yes
checking for mktime... yes
checking for select... yes
checking for socket... yes
checking for stime... yes
checking for strdup... yes
checking for strerror... yes
checking for strftime... yes
checking for strstr... yes
checking for strtod... yes
checking for strtol... yes
configure: creating ./config.status
config.status: creating Makefile
config.status: creating isdnlog/callerid.conf.5
config.status: creating isdnlog/isdn.conf.5
config.status: creating tools/rate.conf.5
config.status: creating isdnlog/isdnformat.5
config.status: creating isdnlog/isdnlog.5
config.status: creating isdnlog/isdnlog.8
config.status: creating isdnlog/isdnlog.users.5
config.status: creating isdnrep/isdnrep.1
config.status: creating isdnrep/isdnbill.1
config.status: creating isdnconf/isdnconf.1
config.status: creating samples/isdn.conf
config.status: creating samples/isdn.conf.at
config.status: creating samples/isdn.conf.de
config.status: creating samples/isdn.conf.lu
config.status: creating samples/isdn.conf.nl
config.status: creating samples/isdn.conf.no
config.status: creating samples/isdn.conf.pl
config.status: creating policy.h

Running configure in isdnctrl ...

checking for a BSD-compatible install... /usr/bin/install -c
checking for gcc... gcc
checking for C compiler default output... a.out
checking whether the C compiler works... yes
checking whether we are cross compiling... no
checking for suffix of executables... 
checking for suffix of object files... o
checking whether we are using the GNU C compiler... yes
checking whether gcc accepts -g... yes
checking return type of signal handlers... void
checking how to run the C preprocessor... gcc -E
checking for ANSI C header files... yes
checking for sys/types.h... yes
checking for sys/stat.h... yes
checking for stdlib.h... yes
checking for string.h... yes
checking for memory.h... yes
checking for strings.h... yes
checking for inttypes.h... yes
checking for stdint.h... yes
checking for unistd.h... yes
checking sys/ioctl.h usability... yes
checking sys/ioctl.h presence... yes
checking for sys/ioctl.h... yes
checking for unistd.h... (cached) yes
configure: creating ./config.status
config.status: creating Makefile
config.status: creating isdnctrl.man
config.status: creating .isdnctrl_conf.man
config.status: creating config.h

Running configure in divertctrl ...

checking for a BSD-compatible install... /usr/bin/install -c
checking for gcc... gcc
checking for C compiler default output... a.out
checking whether the C compiler works... yes
checking whether we are cross compiling... no
checking for suffix of executables... 
checking for suffix of object files... o
checking whether we are using the GNU C compiler... yes
checking whether gcc accepts -g... yes
checking how to run the C preprocessor... gcc -E
checking for ANSI C header files... yes
checking for sys/types.h... yes
checking for sys/stat.h... yes
checking for stdlib.h... yes
checking for string.h... yes
checking for memory.h... yes
checking for strings.h... yes
checking for inttypes.h... yes
checking for stdint.h... yes
checking for unistd.h... yes
checking fcntl.h usability... yes
checking fcntl.h presence... yes
checking for fcntl.h... yes
checking sys/ioctl.h usability... yes
checking sys/ioctl.h presence... yes
checking for sys/ioctl.h... yes
checking for unistd.h... (cached) yes
checking linux/isdn.h usability... yes
checking linux/isdn.h presence... yes
checking for linux/isdn.h... yes
checking whether gcc needs -traditional... no
checking for stdlib.h... (cached) yes
checking for unistd.h... (cached) yes
checking for getpagesize... yes
checking for working mmap... yes
configure: creating ./config.status
config.status: creating Makefile
config.status: creating divertctrl.man

Running configure in iprofd ...

checking for a BSD-compatible install... /usr/bin/install -c
checking for gcc... gcc
checking for C compiler default output... a.out
checking whether the C compiler works... yes
checking whether we are cross compiling... no
checking for suffix of executables... 
checking for suffix of object files... o
checking whether we are using the GNU C compiler... yes
checking whether gcc accepts -g... yes
checking how to run the C preprocessor... gcc -E
checking for ANSI C header files... yes
checking for sys/types.h... yes
checking for sys/stat.h... yes
checking for stdlib.h... yes
checking for string.h... yes
checking for memory.h... yes
checking for strings.h... yes
checking for inttypes.h... yes
checking for stdint.h... yes
checking for unistd.h... yes
checking sys/ioctl.h usability... yes
checking sys/ioctl.h presence... yes
checking for sys/ioctl.h... yes
checking for unistd.h... (cached) yes
checking return type of signal handlers... void
configure: creating ./config.status
config.status: creating Makefile
config.status: creating iprofd.man

Running configure in hisax ...

checking for gcc... gcc
checking for C compiler default output... a.out
checking whether the C compiler works... yes
checking whether we are cross compiling... no
checking for suffix of executables... 
checking for suffix of object files... o
checking whether we are using the GNU C compiler... yes
checking whether gcc accepts -g... yes
checking for a BSD-compatible install... /usr/bin/install -c
checking how to run the C preprocessor... gcc -E
checking for ANSI C header files... yes
checking for sys/types.h... yes
checking for sys/stat.h... yes
checking for stdlib.h... yes
checking for string.h... yes
checking for memory.h... yes
checking for strings.h... yes
checking for inttypes.h... yes
checking for stdint.h... yes
checking for unistd.h... yes
checking fcntl.h usability... yes
checking fcntl.h presence... yes
checking for fcntl.h... yes
checking sys/ioctl.h usability... yes
checking sys/ioctl.h presence... yes
checking for sys/ioctl.h... yes
checking for unistd.h... (cached) yes
checking whether gcc needs -traditional... no
checking for strtol... yes
configure: creating ./config.status
config.status: creating Makefile
config.status: creating hisaxctrl.man

Running configure in capi20 ...

checking for a BSD-compatible install... /usr/bin/install -c
checking whether build environment is sane... yes
checking for a thread-safe mkdir -p... /bin/mkdir -p
checking for gawk... no
checking for mawk... mawk
checking whether make sets $(MAKE)... yes
checking for gcc... gcc
checking whether the C compiler works... yes
checking for C compiler default output file name... a.out
checking for suffix of executables... 
checking whether we are cross compiling... no
checking for suffix of object files... o
checking whether we are using the GNU C compiler... yes
checking whether gcc accepts -g... yes
checking for gcc option to accept ISO C89... none needed
checking for style of include used by make... GNU
checking dependency style of gcc... none
checking build system type... x86_64-unknown-linux-gnu
checking host system type... x86_64-unknown-linux-gnu
checking for a sed that does not truncate output... /bin/sed
checking for grep that handles long lines and -e... /bin/grep
checking for egrep... /bin/grep -E
checking for fgrep... /bin/grep -F
checking for ld used by gcc... /usr/bin/ld
checking if the linker (/usr/bin/ld) is GNU ld... yes
checking for BSD- or MS-compatible name lister (nm)... /usr/bin/nm -B
checking the name lister (/usr/bin/nm -B) interface... BSD nm
checking whether ln -s works... yes
checking the maximum length of command line arguments... 3458764513820540925
checking whether the shell understands some XSI constructs... yes
checking whether the shell understands "+="... yes
checking for /usr/bin/ld option to reload object files... -r
checking for objdump... objdump
checking how to recognize dependent libraries... pass_all
checking for ar... ar
checking for strip... strip
checking for ranlib... ranlib
checking command to parse /usr/bin/nm -B output from gcc object... ok
checking how to run the C preprocessor... gcc -E
checking for ANSI C header files... yes
checking for sys/types.h... yes
checking for sys/stat.h... yes
checking for stdlib.h... yes
checking for string.h... yes
checking for memory.h... yes
checking for strings.h... yes
checking for inttypes.h... yes
checking for stdint.h... yes
checking for unistd.h... yes
checking for dlfcn.h... yes
checking for objdir... .libs
checking if gcc supports -fno-rtti -fno-exceptions... yes
checking for gcc option to produce PIC... -fPIC -DPIC
checking if gcc PIC flag -fPIC -DPIC works... yes
checking if gcc static flag -static works... yes
checking if gcc supports -c -o file.o... yes
checking if gcc supports -c -o file.o... (cached) yes
checking whether the gcc linker (/usr/bin/ld -m elf_x86_64) supports shared libraries... yes
checking whether -lc should be explicitly linked in... no
checking dynamic linker characteristics... GNU/Linux ld.so
checking how to hardcode library paths into programs... immediate
checking whether stripping libraries is possible... yes
checking if libtool supports shared libraries... yes
checking whether to build shared libraries... yes
checking whether to build static libraries... yes
checking for sed... (cached) /bin/sed
checking for ANSI C header files... (cached) yes
checking fcntl.h usability... yes
checking fcntl.h presence... yes
checking for fcntl.h... yes
checking sys/ioctl.h usability... yes
checking sys/ioctl.h presence... yes
checking for sys/ioctl.h... yes
checking for unistd.h... (cached) yes
checking linux/capi.h usability... yes
checking linux/capi.h presence... yes
checking for linux/capi.h... yes
Capi library module loader version 2 detected
checking for select... yes
configure: creating ./config.status
config.status: creating Makefile
config.status: creating capi20.pc
config.status: executing depfiles commands
config.status: executing libtool commands

Running configure in capiinfo ...

checking for a BSD-compatible install... /usr/bin/install -c
checking whether build environment is sane... yes
/«BUILDDIR»/isdnutils-3.22+dfsg1/capiinfo/missing: Unknown `--run' option
Try `/«BUILDDIR»/isdnutils-3.22+dfsg1/capiinfo/missing --help' for more information
configure: WARNING: `missing' script is too old or missing
checking for gawk... no
checking for mawk... mawk
checking whether make sets $(MAKE)... yes
checking for gcc... gcc
checking whether the C compiler works... yes
checking for C compiler default output file name... a.out
checking for suffix of executables... 
checking whether we are cross compiling... no
checking for suffix of object files... o
checking whether we are using the GNU C compiler... yes
checking whether gcc accepts -g... yes
checking for gcc option to accept ISO C89... none needed
checking for style of include used by make... GNU
checking dependency style of gcc... gcc3
checking how to run the C preprocessor... gcc -E
checking for grep that handles long lines and -e... /bin/grep
checking for egrep... /bin/grep -E
checking for ANSI C header files... yes
checking for sys/types.h... yes
checking for sys/stat.h... yes
checking for stdlib.h... yes
checking for string.h... yes
checking for memory.h... yes
checking for strings.h... yes
checking for inttypes.h... yes
checking for stdint.h... yes
checking for unistd.h... yes
checking linux/capi.h usability... yes
checking linux/capi.h presence... yes
checking for linux/capi.h... yes
configure: creating ./config.status
config.status: creating Makefile
config.status: creating config.h
config.status: executing depfiles commands

Running configure in avmb1 ...

checking for gcc... gcc
checking for C compiler default output... a.out
checking whether the C compiler works... yes
checking whether we are cross compiling... no
checking for suffix of executables... 
checking for suffix of object files... o
checking whether we are using the GNU C compiler... yes
checking whether gcc accepts -g... yes
checking for a BSD-compatible install... /usr/bin/install -c
checking how to run the C preprocessor... gcc -E
checking for ANSI C header files... yes
checking for sys/types.h... yes
checking for sys/stat.h... yes
checking for stdlib.h... yes
checking for string.h... yes
checking for memory.h... yes
checking for strings.h... yes
checking for inttypes.h... yes
checking for stdint.h... yes
checking for unistd.h... yes
checking fcntl.h usability... yes
checking fcntl.h presence... yes
checking for fcntl.h... yes
checking sys/ioctl.h usability... yes
checking sys/ioctl.h presence... yes
checking for sys/ioctl.h... yes
checking for unistd.h... (cached) yes
checking whether gcc needs -traditional... no
checking for mmap... yes
configure: creating ./config.status
config.status: creating Makefile
config.status: creating avmcapictrl.man

Running configure in capiinit ...

checking for a BSD-compatible install... /usr/bin/install -c
checking whether build environment is sane... yes
/«BUILDDIR»/isdnutils-3.22+dfsg1/capiinit/missing: Unknown `--run' option
Try `/«BUILDDIR»/isdnutils-3.22+dfsg1/capiinit/missing --help' for more information
configure: WARNING: `missing' script is too old or missing
checking for gawk... no
checking for mawk... mawk
checking whether make sets $(MAKE)... yes
./configure: line 2474: CONFIG_SBINDIR$=/sbin: No such file or directory
checking for gcc... gcc
checking whether the C compiler works... yes
checking for C compiler default output file name... a.out
checking for suffix of executables... 
checking whether we are cross compiling... no
checking for suffix of object files... o
checking whether we are using the GNU C compiler... yes
checking whether gcc accepts -g... yes
checking for gcc option to accept ISO C89... none needed
checking for style of include used by make... GNU
checking dependency style of gcc... gcc3
checking how to run the C preprocessor... gcc -E
checking for grep that handles long lines and -e... /bin/grep
checking for egrep... /bin/grep -E
checking for ANSI C header files... yes
checking for sys/types.h... yes
checking for sys/stat.h... yes
checking for stdlib.h... yes
checking for string.h... yes
checking for memory.h... yes
checking for strings.h... yes
checking for inttypes.h... yes
checking for stdint.h... yes
checking for unistd.h... yes
checking linux/capi.h usability... yes
checking linux/capi.h presence... yes
checking for linux/capi.h... yes
checking capi20.h usability... no
checking capi20.h presence... no
checking for capi20.h... no
configure: creating ./config.status
config.status: creating Makefile
config.status: creating config.h
config.status: executing depfiles commands

Running configure in imon ...

checking for a BSD-compatible install... /usr/bin/install -c
checking for gcc... gcc
checking for C compiler default output... a.out
checking whether the C compiler works... yes
checking whether we are cross compiling... no
checking for suffix of executables... 
checking for suffix of object files... o
checking whether we are using the GNU C compiler... yes
checking whether gcc accepts -g... yes
checking for newpad in -lncurses... yes
checking how to run the C preprocessor... gcc -E
checking for ANSI C header files... yes
checking for sys/types.h... yes
checking for sys/stat.h... yes
checking for stdlib.h... yes
checking for string.h... yes
checking for memory.h... yes
checking for strings.h... yes
checking for inttypes.h... yes
checking for stdint.h... yes
checking for unistd.h... yes
checking sys/time.h usability... yes
checking sys/time.h presence... yes
checking for sys/time.h... yes
checking for unistd.h... (cached) yes
checking ncurses.h usability... yes
checking ncurses.h presence... yes
checking for ncurses.h... yes
checking whether time.h and sys/time.h may both be included... yes
checking whether struct tm is in sys/time.h or time.h... time.h
checking return type of signal handlers... void
checking for select... yes
configure: creating ./config.status
config.status: creating Makefile
config.status: creating imon.man
config.status: creating config.h

Running make config in imontty ...

make[3]: Entering directory `/«BUILDDIR»/isdnutils-3.22+dfsg1/imontty'
make[3]: Nothing to be done for `config'.
make[3]: Leaving directory `/«BUILDDIR»/isdnutils-3.22+dfsg1/imontty'

Running configure in ipppstats ...

checking for gcc... gcc
checking for C compiler default output... a.out
checking whether the C compiler works... yes
checking whether we are cross compiling... no
checking for suffix of executables... 
checking for suffix of object files... o
checking whether we are using the GNU C compiler... yes
checking whether gcc accepts -g... yes
checking how to run the C preprocessor... gcc -E
checking for a BSD-compatible install... /usr/bin/install -c
checking for ANSI C header files... yes
checking for sys/types.h... yes
checking for sys/stat.h... yes
checking for stdlib.h... yes
checking for string.h... yes
checking for memory.h... yes
checking for strings.h... yes
checking for inttypes.h... yes
checking for stdint.h... yes
checking for unistd.h... yes
checking fcntl.h usability... yes
checking fcntl.h presence... yes
checking for fcntl.h... yes
checking sys/ioctl.h usability... yes
checking sys/ioctl.h presence... yes
checking for sys/ioctl.h... yes
checking whether gcc needs -traditional... no
checking for ANSI C header files... (cached) yes
checking return type of signal handlers... void
checking for socket... yes
configure: creating ./config.status
config.status: creating Makefile
config.status: creating ipppstats.man

Running make -f Makefile.in config in xmonisdn ...

make[3]: Entering directory `/«BUILDDIR»/isdnutils-3.22+dfsg1/xmonisdn'
imake -DUseInstalled -I/usr/lib/X11/config
In file included from Imakefile.c:34:
In file included from /usr/lib/X11/config/Imake.tmpl:316:
/usr/lib/X11/config/Imake.rules:1674:27: error: empty character constant
        for flag in ${MAKEFLAGS} ''; do \                               @@\
                                 ^
In file included from Imakefile.c:34:
/usr/lib/X11/config/Imake.tmpl:2243:10: fatal error: ' X11 .rules' file not found
#include ProjectRulesFile
         ^
/usr/lib/X11/config/Imake.tmpl:2241:35: note: expanded from macro 'ProjectRulesFile'
# define ProjectRulesFile       Concat3(<,TopLevelProject,.rules>)
                                        ^
/usr/lib/X11/config/Imake.rules:256:23: note: expanded from macro 'Concat3'
#define Concat3(a,b,c)a/**/b/**/c
                      ^
2 errors generated.
imake: Exit code 1.
  Stop.
make[3]: *** [config] Error 1
make[3]: Leaving directory `/«BUILDDIR»/isdnutils-3.22+dfsg1/xmonisdn'
make[2]: *** [subconfig] Error 2
make[1]: *** [override_dh_auto_build] Error 2
make[2]: Leaving directory `/«BUILDDIR»/isdnutils-3.22+dfsg1'
make[1]: Leaving directory `/«BUILDDIR»/isdnutils-3.22+dfsg1'
make: *** [build-arch] Error 2
dpkg-buildpackage: error: debian/rules build-arch gave error exit status 2
────────────────────────────────────────────────────────────────────────────────
Build finished at 20120623-1615

Finished
────────

E: Build failure (dpkg-buildpackage died)

┌──────────────────────────────────────────────────────────────────────────────┐
│ Cleanup                                                                      │
└──────────────────────────────────────────────────────────────────────────────┘

Purging /«BUILDDIR»
Not cleaning session: cloned chroot in use

┌──────────────────────────────────────────────────────────────────────────────┐
│ Summary                                                                      │
└──────────────────────────────────────────────────────────────────────────────┘

Architecture: amd64
Build-Space: 25192
Build-Time: 71
Distribution: unstable
Fail-Stage: build
Install-Time: 16
Job: isdnutils_1:3.22+dfsg1-6
Package: isdnutils
Package-Time: 112
Source-Version: 1:3.22+dfsg1-6
Space: 25192
Status: attempted
Version: 1:3.22+dfsg1-6
────────────────────────────────────────────────────────────────────────────────
Finished at 20120623-1615
Build needed 00:01:52, 25192k disc space
DC-Status: Failed 112.991262s
DC-Time-Estimation: 112.991262 versus expected 619 (r/m: 4.47829972905338 ; m: 112.991262)
