DC-Build-Header: lasso 2.3.6-2 / Sat Jun 23 16:07:17 +0000 2012
DC-Task: logfile:/tmp/lasso_2.3.6-2_unstable_clang.log version:2.3.6-2 chroot:unstable modes:binary-only:clang source:lasso architecture:any esttime:
DC-Sbuild-call: su user -c 'sbuild -n --apt-update -d unstable -v  --chroot-setup-commands=/tmp/switch-to-clang lasso_2.3.6-2'
sbuild (Debian sbuild) 0.62.5 (13 Jul 2011) on ip-10-28-33-247.ec2.internal

╔══════════════════════════════════════════════════════════════════════════════╗
║ lasso 2.3.6-2 (amd64)                                      23 Jun 2012 16:07 ║
╚══════════════════════════════════════════════════════════════════════════════╝

Package: lasso
Version: 2.3.6-2
Source Version: 2.3.6-2
Distribution: unstable
Architecture: amd64

I: NOTICE: Log filtering will replace 'build/lasso-47QSVK/lasso-2.3.6' with '«PKGBUILDDIR»'
I: NOTICE: Log filtering will replace 'build/lasso-47QSVK' with '«BUILDDIR»'
I: NOTICE: Log filtering will replace 'var/lib/schroot/mount/unstable-amd64-sbuild-a9879858-ace6-4331-80fa-28f9fc22e98b' with '«CHROOT»'

┌──────────────────────────────────────────────────────────────────────────────┐
│ Update chroot                                                                │
└──────────────────────────────────────────────────────────────────────────────┘

Ign http://localhost unstable InRelease
Get:1 http://localhost unstable Release.gpg [836 B]
Get:2 http://localhost unstable Release [233 kB]
Get:3 http://localhost unstable/main Sources/DiffIndex [7876 B]
Get:4 http://localhost unstable/main amd64 Packages/DiffIndex [7876 B]
Get:5 http://localhost unstable/main Translation-en/DiffIndex [7876 B]
Get:6 http://localhost unstable/main 2012-06-23-0814.36.pdiff [8967 B]
Get:7 http://localhost unstable/main 2012-06-23-0814.36.pdiff [8967 B]
Get:8 http://localhost unstable/main amd64 2012-06-23-0814.36.pdiff [6101 B]
Get:9 http://localhost unstable/main 2012-06-23-0814.36.pdiff [1297 B]
Get:10 http://localhost unstable/main amd64 2012-06-23-0814.36.pdiff [6101 B]
Get:11 http://localhost unstable/main 2012-06-23-0814.36.pdiff [1297 B]
Fetched 274 kB in 4s (60.7 kB/s)
Reading package lists...
Reading package lists...
Building dependency tree...
Reading state information...
0 upgraded, 0 newly installed, 0 to remove and 0 not upgraded.

┌──────────────────────────────────────────────────────────────────────────────┐
│ Fetch source files                                                           │
└──────────────────────────────────────────────────────────────────────────────┘


Check APT
─────────

Checking available source versions...

Download source files with APT
──────────────────────────────

Reading package lists...
Building dependency tree...
Reading state information...
Need to get 3958 kB of source archives.
Get:1 http://localhost/debian/ unstable/main lasso 2.3.6-2 (dsc) [2067 B]
Get:2 http://localhost/debian/ unstable/main lasso 2.3.6-2 (tar) [3940 kB]
Get:3 http://localhost/debian/ unstable/main lasso 2.3.6-2 (diff) [16.2 kB]
Fetched 3958 kB in 0s (6238 kB/s)
Download complete and in download only mode

Check arch
──────────


┌──────────────────────────────────────────────────────────────────────────────┐
│ Chroot Setup Commands                                                        │
└──────────────────────────────────────────────────────────────────────────────┘


/tmp/switch-to-clang
────────────────────

+ echo 'Entering customization script...'
Entering customization script...
+ apt-get update
Ign http://localhost unstable InRelease
Hit http://localhost unstable Release.gpg
Hit http://localhost unstable Release
Hit http://localhost unstable/main Sources/DiffIndex
Hit http://localhost unstable/main amd64 Packages/DiffIndex
Hit http://localhost unstable/main Translation-en/DiffIndex
Reading package lists...
+ echo 'Install of clang'
Install of clang
+ apt-get update
Ign http://localhost unstable InRelease
Hit http://localhost unstable Release.gpg
Hit http://localhost unstable Release
Hit http://localhost unstable/main Sources/DiffIndex
Hit http://localhost unstable/main amd64 Packages/DiffIndex
Hit http://localhost unstable/main Translation-en/DiffIndex
Reading package lists...
+ apt-get install --yes --no-install-recommends clang -t unstable
Reading package lists...
Building dependency tree...
Reading state information...
The following extra packages will be installed:
  libclang-common-dev libffi5 libllvm3.1
Recommended packages:
  llvm-3.1-dev python
The following NEW packages will be installed:
  clang libclang-common-dev libffi5 libllvm3.1
0 upgraded, 4 newly installed, 0 to remove and 0 not upgraded.
Need to get 13.1 MB of archives.
After this operation, 35.6 MB of additional disk space will be used.
Get:1 http://localhost/debian/ unstable/main libffi5 amd64 3.0.10-3 [24.8 kB]
Get:2 http://localhost/debian/ unstable/main libllvm3.1 amd64 3.1-1 [7276 kB]
Get:3 http://localhost/debian/ unstable/main libclang-common-dev amd64 3.1-6 [84.0 kB]
Get:4 http://localhost/debian/ unstable/main clang amd64 3.1-6 [5755 kB]
debconf: delaying package configuration, since apt-utils is not installed
Fetched 13.1 MB in 0s (30.1 MB/s)
Selecting previously unselected package libffi5:amd64.
(Reading database ... 11730 files and directories currently installed.)
Unpacking libffi5:amd64 (from .../libffi5_3.0.10-3_amd64.deb) ...
Selecting previously unselected package libllvm3.1:amd64.
Unpacking libllvm3.1:amd64 (from .../libllvm3.1_3.1-1_amd64.deb) ...
Selecting previously unselected package libclang-common-dev.
Unpacking libclang-common-dev (from .../libclang-common-dev_3.1-6_amd64.deb) ...
Selecting previously unselected package clang.
Unpacking clang (from .../archives/clang_3.1-6_amd64.deb) ...
Setting up libffi5:amd64 (3.0.10-3) ...
Setting up libllvm3.1:amd64 (3.1-1) ...
Setting up libclang-common-dev (3.1-6) ...
Setting up clang (3.1-6) ...
+ echo 'Replace gcc, g++ & cpp by clang'
Replace gcc, g++ & cpp by clang
+ VERSION=4.7
+ cd /usr/bin
+ rm g++-4.7 gcc-4.7 cpp-4.7
+ ln -s clang++ g++-4.7
+ ln -s clang gcc-4.7
+ ln -s clang cpp-4.7
+ cd -
/«BUILDDIR»
+ echo 'Block the installation of new gcc version'
Block the installation of new gcc version
+ dpkg --set-selections
+ echo 'gcc-4.6 hold'
+ dpkg --set-selections
+ echo 'cpp-4.6 hold'
+ dpkg --set-selections
+ echo 'g++-4.6 hold'
+ dpkg --set-selections
+ echo 'gcc-4.7 hold'
+ dpkg --set-selections
+ echo 'cpp-4.7 hold'
+ dpkg --set-selections
+ echo 'g++-4.7 hold'
+ echo 'Check if gcc, g++ & cpp are actually clang'
Check if gcc, g++ & cpp are actually clang
+ grep clang
+ gcc --version

I: Finished running '/tmp/switch-to-clang'.

Finished processing commands.
────────────────────────────────────────────────────────────────────────────────
Merged Build-Depends: build-essential, fakeroot
Filtered Build-Depends: build-essential, fakeroot
dpkg-deb: building package `sbuild-build-depends-core-dummy' in `/«BUILDDIR»/resolver-S56LWp/apt_archive/sbuild-build-depends-core-dummy.deb'.
OK
Reading package lists...

┌──────────────────────────────────────────────────────────────────────────────┐
│ Install core build dependencies (apt-based resolver)                         │
└──────────────────────────────────────────────────────────────────────────────┘

Installing build dependencies
Reading package lists...
Building dependency tree...
Reading state information...
The following NEW packages will be installed:
  sbuild-build-depends-core-dummy
debconf: delaying package configuration, since apt-utils is not installed
0 upgraded, 1 newly installed, 0 to remove and 0 not upgraded.
Need to get 0 B/708 B of archives.
After this operation, 0 B of additional disk space will be used.
Selecting previously unselected package sbuild-build-depends-core-dummy.
(Reading database ... 11810 files and directories currently installed.)
Unpacking sbuild-build-depends-core-dummy (from .../sbuild-build-depends-core-dummy.deb) ...
Setting up sbuild-build-depends-core-dummy (0.invalid.0) ...
Merged Build-Depends: base-files, base-passwd, bash, coreutils, dash, debianutils, diffutils, dpkg, e2fsprogs, findutils, grep, gzip, hostname, ncurses-base, ncurses-bin, perl-base, sed, login, sysvinit-utils, sysvinit, tar, bsdutils, mount, util-linux, libc6-dev | libc-dev, gcc (>= 4:4.4.3), g++ (>= 4:4.4.3), make, dpkg-dev (>= 1.13.5), debhelper (>= 5.0.37.2), libxml2-dev, libxslt1-dev, libxmlsec1-dev, libxmlsec1-openssl, libglib2.0-dev, python-all-dev (>= 2.3.5-11), libexpat1-dev, fastjar, python-central (>= 0.5), php5-dev, python-lxml, chrpath
Filtered Build-Depends: base-files, base-passwd, bash, coreutils, dash, debianutils, diffutils, dpkg, e2fsprogs, findutils, grep, gzip, hostname, ncurses-base, ncurses-bin, perl-base, sed, login, sysvinit-utils, sysvinit, tar, bsdutils, mount, util-linux, libc6-dev, gcc (>= 4:4.4.3), g++ (>= 4:4.4.3), make, dpkg-dev (>= 1.13.5), debhelper (>= 5.0.37.2), libxml2-dev, libxslt1-dev, libxmlsec1-dev, libxmlsec1-openssl, libglib2.0-dev, python-all-dev (>= 2.3.5-11), libexpat1-dev, fastjar, python-central (>= 0.5), php5-dev, python-lxml, chrpath
dpkg-deb: building package `sbuild-build-depends-lasso-dummy' in `/«BUILDDIR»/resolver-U1dAfL/apt_archive/sbuild-build-depends-lasso-dummy.deb'.
OK
Reading package lists...

┌──────────────────────────────────────────────────────────────────────────────┐
│ Install lasso build dependencies (apt-based resolver)                        │
└──────────────────────────────────────────────────────────────────────────────┘

Installing build dependencies
Reading package lists...
Building dependency tree...
Reading state information...
The following extra packages will be installed:
  autoconf automake autotools-dev bsdmainutils chrpath debhelper fastjar file
  gettext gettext-base groff-base html2text intltool-debian libasprintf0c2
  libcroco3 libdb4.8 libelf1 libexpat1 libexpat1-dev libgcrypt11
  libgcrypt11-dev libgettextpo0 libglib2.0-0 libglib2.0-bin libglib2.0-data
  libglib2.0-dev libgnutls-dev libgnutls-openssl27 libgnutls26 libgnutlsxx27
  libgpg-error-dev libgpg-error0 libmagic1 libncursesw5 libnspr4 libnspr4-0d
  libnspr4-dev libnss3 libnss3-1d libnss3-dev libp11-kit-dev libp11-kit0
  libpcre3 libpcre3-dev libpcrecpp0 libpipeline1 libpopt0 libpython2.6
  libpython2.7 libsqlite3-0 libssl-dev libssl1.0.0 libtasn1-3 libtasn1-3-dev
  libtool libunistring0 libxml2 libxml2-dev libxmlsec1 libxmlsec1-dev
  libxmlsec1-gcrypt libxmlsec1-gnutls libxmlsec1-nss libxmlsec1-openssl
  libxslt1-dev libxslt1.1 m4 man-db mime-support php5-common php5-dev
  pkg-config po-debconf psmisc python python-all python-all-dev python-central
  python-dev python-lxml python-minimal python2.6 python2.6-dev
  python2.6-minimal python2.7 python2.7-dev python2.7-minimal shtool
  zlib1g-dev
Suggested packages:
  autoconf2.13 autoconf-archive gnu-standards autoconf-doc wamerican wordlist
  whois vacation dh-make gettext-doc groff rng-tools libgcrypt11-doc
  libglib2.0-doc gnutls-doc libtool-doc automaken gfortran fortran95-compiler
  gcj less www-browser libmail-box-perl python-doc python-tk python-lxml-dbg
  python2.6-doc binfmt-support python2.7-doc
Recommended packages:
  curl wget lynx-cur autopoint shared-mime-info libgpm2 libssl-doc libltdl-dev
  xml-core libmail-sendmail-perl
The following NEW packages will be installed:
  autoconf automake autotools-dev bsdmainutils chrpath debhelper fastjar file
  gettext gettext-base groff-base html2text intltool-debian libasprintf0c2
  libcroco3 libdb4.8 libelf1 libexpat1 libexpat1-dev libgcrypt11
  libgcrypt11-dev libgettextpo0 libglib2.0-0 libglib2.0-bin libglib2.0-data
  libglib2.0-dev libgnutls-dev libgnutls-openssl27 libgnutls26 libgnutlsxx27
  libgpg-error-dev libgpg-error0 libmagic1 libncursesw5 libnspr4 libnspr4-0d
  libnspr4-dev libnss3 libnss3-1d libnss3-dev libp11-kit-dev libp11-kit0
  libpcre3 libpcre3-dev libpcrecpp0 libpipeline1 libpopt0 libpython2.6
  libpython2.7 libsqlite3-0 libssl-dev libssl1.0.0 libtasn1-3 libtasn1-3-dev
  libtool libunistring0 libxml2 libxml2-dev libxmlsec1 libxmlsec1-dev
  libxmlsec1-gcrypt libxmlsec1-gnutls libxmlsec1-nss libxmlsec1-openssl
  libxslt1-dev libxslt1.1 m4 man-db mime-support php5-common php5-dev
  pkg-config po-debconf psmisc python python-all python-all-dev python-central
  python-dev python-lxml python-minimal python2.6 python2.6-dev
  python2.6-minimal python2.7 python2.7-dev python2.7-minimal
  sbuild-build-depends-lasso-dummy shtool zlib1g-dev
0 upgraded, 90 newly installed, 0 to remove and 0 not upgraded.
Need to get 74.1 MB/74.1 MB of archives.
After this operation, 187 MB of additional disk space will be used.
Get:1 http://localhost/debian/ unstable/main libncursesw5 amd64 5.9-9 [141 kB]
Get:2 http://localhost/debian/ unstable/main libpipeline1 amd64 1.2.1-1 [39.2 kB]
Get:3 http://localhost/debian/ unstable/main libpopt0 amd64 1.16-7 [56.4 kB]
Get:4 http://localhost/debian/ unstable/main libssl1.0.0 amd64 1.0.1c-3 [1211 kB]
Get:5 http://localhost/debian/ unstable/main libasprintf0c2 amd64 0.18.1.1-9 [26.8 kB]
Get:6 http://localhost/debian/ unstable/main libgpg-error0 amd64 1.10-3 [66.8 kB]
Get:7 http://localhost/debian/ unstable/main libgcrypt11 amd64 1.5.0-3 [298 kB]
Get:8 http://localhost/debian/ unstable/main libp11-kit0 amd64 0.12-3 [52.8 kB]
Get:9 http://localhost/debian/ unstable/main libtasn1-3 amd64 2.13-2 [67.7 kB]
Get:10 http://localhost/debian/ unstable/main libgnutls26 amd64 2.12.20-1 [616 kB]
Get:11 http://localhost/debian/ unstable/main libgnutls-openssl27 amd64 2.12.20-1 [220 kB]
Get:12 http://localhost/debian/ unstable/main libmagic1 amd64 5.11-1 [250 kB]
Get:13 http://localhost/debian/ unstable/main libpcre3 amd64 1:8.30-5 [242 kB]
Get:14 http://localhost/debian/ unstable/main libsqlite3-0 amd64 3.7.13-1 [455 kB]
Get:15 http://localhost/debian/ unstable/main libxml2 amd64 2.8.0+dfsg1-4 [903 kB]
Get:16 http://localhost/debian/ unstable/main libglib2.0-0 amd64 2.32.3-1 [2081 kB]
Get:17 http://localhost/debian/ unstable/main libcroco3 amd64 0.6.5-1 [151 kB]
Get:18 http://localhost/debian/ unstable/main libelf1 amd64 0.153-1 [304 kB]
Get:19 http://localhost/debian/ unstable/main libexpat1 amd64 2.1.0-1 [141 kB]
Get:20 http://localhost/debian/ unstable/main libunistring0 amd64 0.9.3-5 [434 kB]
Get:21 http://localhost/debian/ unstable/main libgettextpo0 amd64 0.18.1.1-9 [145 kB]
Get:22 http://localhost/debian/ unstable/main libnspr4 amd64 2:4.9.1-1 [140 kB]
Get:23 http://localhost/debian/ unstable/main libnspr4-0d amd64 2:4.9.1-1 [11.3 kB]
Get:24 http://localhost/debian/ unstable/main libnss3 amd64 2:3.13.5-1 [1888 kB]
Get:25 http://localhost/debian/ unstable/main libpcrecpp0 amd64 1:8.30-5 [125 kB]
Get:26 http://localhost/debian/ unstable/main libxslt1.1 amd64 1.1.26-12+rebuild1 [252 kB]
Get:27 http://localhost/debian/ unstable/main psmisc amd64 22.19-1 [135 kB]
Get:28 http://localhost/debian/ unstable/main php5-common amd64 5.4.4-2 [582 kB]
Get:29 http://localhost/debian/ unstable/main libdb4.8 amd64 4.8.30-11 [694 kB]
Get:30 http://localhost/debian/ unstable/main libgnutlsxx27 amd64 2.12.20-1 [224 kB]
Get:31 http://localhost/debian/ unstable/main bsdmainutils amd64 9.0.3 [209 kB]
Get:32 http://localhost/debian/ unstable/main groff-base amd64 1.21-8 [1152 kB]
Get:33 http://localhost/debian/ unstable/main man-db amd64 2.6.2-1 [1061 kB]
Get:34 http://localhost/debian/ unstable/main file amd64 5.11-1 [53.2 kB]
Get:35 http://localhost/debian/ unstable/main gettext-base amd64 0.18.1.1-9 [154 kB]
Get:36 http://localhost/debian/ unstable/main m4 amd64 1.4.16-3 [260 kB]
Get:37 http://localhost/debian/ unstable/main mime-support all 3.52-1 [35.5 kB]
Get:38 http://localhost/debian/ unstable/main python2.7-minimal amd64 2.7.3-1 [1770 kB]
Get:39 http://localhost/debian/ unstable/main python2.7 amd64 2.7.3-1 [2726 kB]
Get:40 http://localhost/debian/ unstable/main python-minimal all 2.7.3~rc2-1 [40.4 kB]
Get:41 http://localhost/debian/ unstable/main python all 2.7.3~rc2-1 [179 kB]
Get:42 http://localhost/debian/ unstable/main python-central all 0.6.17 [47.8 kB]
Get:43 http://localhost/debian/ unstable/main python2.6-minimal amd64 2.6.7-4 [1524 kB]
Get:44 http://localhost/debian/ unstable/main python2.6 amd64 2.6.7-4 [2483 kB]
Get:45 http://localhost/debian/ unstable/main autoconf all 2.69-1 [589 kB]
Get:46 http://localhost/debian/ unstable/main autotools-dev all 20120608.1 [73.0 kB]
Get:47 http://localhost/debian/ unstable/main automake all 1:1.11.5-2 [606 kB]
Get:48 http://localhost/debian/ unstable/main chrpath amd64 0.13-2 [13.9 kB]
Get:49 http://localhost/debian/ unstable/main html2text amd64 1.3.2a-15 [103 kB]
Get:50 http://localhost/debian/ unstable/main gettext amd64 0.18.1.1-9 [1975 kB]
Get:51 http://localhost/debian/ unstable/main intltool-debian all 0.35.0+20060710.1 [30.8 kB]
Get:52 http://localhost/debian/ unstable/main po-debconf all 1.0.16+nmu2 [224 kB]
Get:53 http://localhost/debian/ unstable/main debhelper all 9.20120608 [700 kB]
Get:54 http://localhost/debian/ unstable/main fastjar amd64 2:0.98-3 [90.2 kB]
Get:55 http://localhost/debian/ unstable/main libexpat1-dev amd64 2.1.0-1 [229 kB]
Get:56 http://localhost/debian/ unstable/main libgpg-error-dev amd64 1.10-3 [42.5 kB]
Get:57 http://localhost/debian/ unstable/main libgcrypt11-dev amd64 1.5.0-3 [402 kB]
Get:58 http://localhost/debian/ unstable/main libglib2.0-data all 2.32.3-1 [2711 kB]
Get:59 http://localhost/debian/ unstable/main libglib2.0-bin amd64 2.32.3-1 [861 kB]
Get:60 http://localhost/debian/ unstable/main libpcre3-dev amd64 1:8.30-5 [349 kB]
Get:61 http://localhost/debian/ unstable/main pkg-config amd64 0.26-1 [59.5 kB]
Get:62 http://localhost/debian/ unstable/main zlib1g-dev amd64 1:1.2.7.dfsg-13 [215 kB]
Get:63 http://localhost/debian/ unstable/main libglib2.0-dev amd64 2.32.3-1 [2631 kB]
Get:64 http://localhost/debian/ unstable/main libtasn1-3-dev amd64 2.13-2 [389 kB]
Get:65 http://localhost/debian/ unstable/main libp11-kit-dev amd64 0.12-3 [67.8 kB]
Get:66 http://localhost/debian/ unstable/main libgnutls-dev amd64 2.12.20-1 [751 kB]
Get:67 http://localhost/debian/ unstable/main libnspr4-dev amd64 2:4.9.1-1 [278 kB]
Get:68 http://localhost/debian/ unstable/main libnss3-dev amd64 2:3.13.5-1 [281 kB]
Get:69 http://localhost/debian/ unstable/main libpython2.6 amd64 2.6.7-4 [1087 kB]
Get:70 http://localhost/debian/ unstable/main libpython2.7 amd64 2.7.3-1 [1212 kB]
Get:71 http://localhost/debian/ unstable/main libssl-dev amd64 1.0.1c-3 [1696 kB]
Get:72 http://localhost/debian/ unstable/main libtool amd64 2.4.2-1.1 [619 kB]
Get:73 http://localhost/debian/ unstable/main libxml2-dev amd64 2.8.0+dfsg1-4 [899 kB]
Get:74 http://localhost/debian/ unstable/main libxmlsec1 amd64 1.2.18-1 [171 kB]
Get:75 http://localhost/debian/ unstable/main libxmlsec1-openssl amd64 1.2.18-1 [102 kB]
Get:76 http://localhost/debian/ unstable/main libxmlsec1-gcrypt amd64 1.2.18-1 [74.2 kB]
Get:77 http://localhost/debian/ unstable/main libxmlsec1-gnutls amd64 1.2.18-1 [62.8 kB]
Get:78 http://localhost/debian/ unstable/main libnss3-1d amd64 2:3.13.5-1 [21.6 kB]
Get:79 http://localhost/debian/ unstable/main libxmlsec1-nss amd64 1.2.18-1 [96.2 kB]
Get:80 http://localhost/debian/ unstable/main libxslt1-dev amd64 1.1.26-12+rebuild1 [649 kB]
Get:81 http://localhost/debian/ unstable/main libxmlsec1-dev amd64 1.2.18-1 [1036 kB]
Get:82 http://localhost/debian/ unstable/main shtool all 2.0.8-6 [159 kB]
Get:83 http://localhost/debian/ unstable/main php5-dev amd64 5.4.4-2 [498 kB]
Get:84 http://localhost/debian/ unstable/main python-all all 2.7.3~rc2-1 [880 B]
Get:85 http://localhost/debian/ unstable/main python2.7-dev amd64 2.7.3-1 [22.3 MB]
Get:86 http://localhost/debian/ unstable/main python-dev all 2.7.3~rc2-1 [912 B]
Get:87 http://localhost/debian/ unstable/main python2.6-dev amd64 2.6.7-4 [4832 kB]
Get:88 http://localhost/debian/ unstable/main python-all-dev all 2.7.3~rc2-1 [894 B]
Get:89 http://localhost/debian/ unstable/main python-lxml amd64 2.3.2-1 [1234 kB]
debconf: delaying package configuration, since apt-utils is not installed
Fetched 74.1 MB in 3s (19.0 MB/s)
Selecting previously unselected package libncursesw5:amd64.
(Reading database ... 11810 files and directories currently installed.)
Unpacking libncursesw5:amd64 (from .../libncursesw5_5.9-9_amd64.deb) ...
Selecting previously unselected package libpipeline1:amd64.
Unpacking libpipeline1:amd64 (from .../libpipeline1_1.2.1-1_amd64.deb) ...
Selecting previously unselected package libpopt0:amd64.
Unpacking libpopt0:amd64 (from .../libpopt0_1.16-7_amd64.deb) ...
Selecting previously unselected package libssl1.0.0:amd64.
Unpacking libssl1.0.0:amd64 (from .../libssl1.0.0_1.0.1c-3_amd64.deb) ...
Selecting previously unselected package libasprintf0c2:amd64.
Unpacking libasprintf0c2:amd64 (from .../libasprintf0c2_0.18.1.1-9_amd64.deb) ...
Selecting previously unselected package libgpg-error0:amd64.
Unpacking libgpg-error0:amd64 (from .../libgpg-error0_1.10-3_amd64.deb) ...
Selecting previously unselected package libgcrypt11:amd64.
Unpacking libgcrypt11:amd64 (from .../libgcrypt11_1.5.0-3_amd64.deb) ...
Selecting previously unselected package libp11-kit0:amd64.
Unpacking libp11-kit0:amd64 (from .../libp11-kit0_0.12-3_amd64.deb) ...
Selecting previously unselected package libtasn1-3:amd64.
Unpacking libtasn1-3:amd64 (from .../libtasn1-3_2.13-2_amd64.deb) ...
Selecting previously unselected package libgnutls26:amd64.
Unpacking libgnutls26:amd64 (from .../libgnutls26_2.12.20-1_amd64.deb) ...
Selecting previously unselected package libgnutls-openssl27:amd64.
Unpacking libgnutls-openssl27:amd64 (from .../libgnutls-openssl27_2.12.20-1_amd64.deb) ...
Selecting previously unselected package libmagic1:amd64.
Unpacking libmagic1:amd64 (from .../libmagic1_5.11-1_amd64.deb) ...
Selecting previously unselected package libpcre3:amd64.
Unpacking libpcre3:amd64 (from .../libpcre3_1%3a8.30-5_amd64.deb) ...
Selecting previously unselected package libsqlite3-0:amd64.
Unpacking libsqlite3-0:amd64 (from .../libsqlite3-0_3.7.13-1_amd64.deb) ...
Selecting previously unselected package libxml2:amd64.
Unpacking libxml2:amd64 (from .../libxml2_2.8.0+dfsg1-4_amd64.deb) ...
Selecting previously unselected package libglib2.0-0:amd64.
Unpacking libglib2.0-0:amd64 (from .../libglib2.0-0_2.32.3-1_amd64.deb) ...
Selecting previously unselected package libcroco3:amd64.
Unpacking libcroco3:amd64 (from .../libcroco3_0.6.5-1_amd64.deb) ...
Selecting previously unselected package libelf1:amd64.
Unpacking libelf1:amd64 (from .../libelf1_0.153-1_amd64.deb) ...
Selecting previously unselected package libexpat1:amd64.
Unpacking libexpat1:amd64 (from .../libexpat1_2.1.0-1_amd64.deb) ...
Selecting previously unselected package libunistring0:amd64.
Unpacking libunistring0:amd64 (from .../libunistring0_0.9.3-5_amd64.deb) ...
Selecting previously unselected package libgettextpo0:amd64.
Unpacking libgettextpo0:amd64 (from .../libgettextpo0_0.18.1.1-9_amd64.deb) ...
Selecting previously unselected package libnspr4:amd64.
Unpacking libnspr4:amd64 (from .../libnspr4_2%3a4.9.1-1_amd64.deb) ...
Selecting previously unselected package libnspr4-0d:amd64.
Unpacking libnspr4-0d:amd64 (from .../libnspr4-0d_2%3a4.9.1-1_amd64.deb) ...
Selecting previously unselected package libnss3:amd64.
Unpacking libnss3:amd64 (from .../libnss3_2%3a3.13.5-1_amd64.deb) ...
Selecting previously unselected package libpcrecpp0:amd64.
Unpacking libpcrecpp0:amd64 (from .../libpcrecpp0_1%3a8.30-5_amd64.deb) ...
Selecting previously unselected package libxslt1.1:amd64.
Unpacking libxslt1.1:amd64 (from .../libxslt1.1_1.1.26-12+rebuild1_amd64.deb) ...
Selecting previously unselected package psmisc.
Unpacking psmisc (from .../psmisc_22.19-1_amd64.deb) ...
Selecting previously unselected package php5-common.
Unpacking php5-common (from .../php5-common_5.4.4-2_amd64.deb) ...
Selecting previously unselected package libdb4.8:amd64.
Unpacking libdb4.8:amd64 (from .../libdb4.8_4.8.30-11_amd64.deb) ...
Selecting previously unselected package libgnutlsxx27:amd64.
Unpacking libgnutlsxx27:amd64 (from .../libgnutlsxx27_2.12.20-1_amd64.deb) ...
Selecting previously unselected package bsdmainutils.
Unpacking bsdmainutils (from .../bsdmainutils_9.0.3_amd64.deb) ...
Selecting previously unselected package groff-base.
Unpacking groff-base (from .../groff-base_1.21-8_amd64.deb) ...
Selecting previously unselected package man-db.
Unpacking man-db (from .../man-db_2.6.2-1_amd64.deb) ...
Selecting previously unselected package file.
Unpacking file (from .../archives/file_5.11-1_amd64.deb) ...
Selecting previously unselected package gettext-base.
Unpacking gettext-base (from .../gettext-base_0.18.1.1-9_amd64.deb) ...
Selecting previously unselected package m4.
Unpacking m4 (from .../archives/m4_1.4.16-3_amd64.deb) ...
Selecting previously unselected package mime-support.
Unpacking mime-support (from .../mime-support_3.52-1_all.deb) ...
Selecting previously unselected package python2.7-minimal.
Unpacking python2.7-minimal (from .../python2.7-minimal_2.7.3-1_amd64.deb) ...
Selecting previously unselected package python2.7.
Unpacking python2.7 (from .../python2.7_2.7.3-1_amd64.deb) ...
Selecting previously unselected package python-minimal.
Unpacking python-minimal (from .../python-minimal_2.7.3~rc2-1_all.deb) ...
Selecting previously unselected package python.
Unpacking python (from .../python_2.7.3~rc2-1_all.deb) ...
Selecting previously unselected package python-central.
Unpacking python-central (from .../python-central_0.6.17_all.deb) ...
Selecting previously unselected package python2.6-minimal.
Unpacking python2.6-minimal (from .../python2.6-minimal_2.6.7-4_amd64.deb) ...
Selecting previously unselected package python2.6.
Unpacking python2.6 (from .../python2.6_2.6.7-4_amd64.deb) ...
Selecting previously unselected package autoconf.
Unpacking autoconf (from .../autoconf_2.69-1_all.deb) ...
Selecting previously unselected package autotools-dev.
Unpacking autotools-dev (from .../autotools-dev_20120608.1_all.deb) ...
Selecting previously unselected package automake.
Unpacking automake (from .../automake_1%3a1.11.5-2_all.deb) ...
Selecting previously unselected package chrpath.
Unpacking chrpath (from .../chrpath_0.13-2_amd64.deb) ...
Selecting previously unselected package html2text.
Unpacking html2text (from .../html2text_1.3.2a-15_amd64.deb) ...
Selecting previously unselected package gettext.
Unpacking gettext (from .../gettext_0.18.1.1-9_amd64.deb) ...
Selecting previously unselected package intltool-debian.
Unpacking intltool-debian (from .../intltool-debian_0.35.0+20060710.1_all.deb) ...
Selecting previously unselected package po-debconf.
Unpacking po-debconf (from .../po-debconf_1.0.16+nmu2_all.deb) ...
Selecting previously unselected package debhelper.
Unpacking debhelper (from .../debhelper_9.20120608_all.deb) ...
Selecting previously unselected package fastjar.
Unpacking fastjar (from .../fastjar_2%3a0.98-3_amd64.deb) ...
Selecting previously unselected package libexpat1-dev.
Unpacking libexpat1-dev (from .../libexpat1-dev_2.1.0-1_amd64.deb) ...
Selecting previously unselected package libgpg-error-dev.
Unpacking libgpg-error-dev (from .../libgpg-error-dev_1.10-3_amd64.deb) ...
Selecting previously unselected package libgcrypt11-dev.
Unpacking libgcrypt11-dev (from .../libgcrypt11-dev_1.5.0-3_amd64.deb) ...
Selecting previously unselected package libglib2.0-data.
Unpacking libglib2.0-data (from .../libglib2.0-data_2.32.3-1_all.deb) ...
Selecting previously unselected package libglib2.0-bin.
Unpacking libglib2.0-bin (from .../libglib2.0-bin_2.32.3-1_amd64.deb) ...
Selecting previously unselected package libpcre3-dev.
Unpacking libpcre3-dev (from .../libpcre3-dev_1%3a8.30-5_amd64.deb) ...
Selecting previously unselected package pkg-config.
Unpacking pkg-config (from .../pkg-config_0.26-1_amd64.deb) ...
Selecting previously unselected package zlib1g-dev:amd64.
Unpacking zlib1g-dev:amd64 (from .../zlib1g-dev_1%3a1.2.7.dfsg-13_amd64.deb) ...
Selecting previously unselected package libglib2.0-dev.
Unpacking libglib2.0-dev (from .../libglib2.0-dev_2.32.3-1_amd64.deb) ...
Selecting previously unselected package libtasn1-3-dev.
Unpacking libtasn1-3-dev (from .../libtasn1-3-dev_2.13-2_amd64.deb) ...
Selecting previously unselected package libp11-kit-dev.
Unpacking libp11-kit-dev (from .../libp11-kit-dev_0.12-3_amd64.deb) ...
Selecting previously unselected package libgnutls-dev.
Unpacking libgnutls-dev (from .../libgnutls-dev_2.12.20-1_amd64.deb) ...
Selecting previously unselected package libnspr4-dev.
Unpacking libnspr4-dev (from .../libnspr4-dev_2%3a4.9.1-1_amd64.deb) ...
Selecting previously unselected package libnss3-dev.
Unpacking libnss3-dev (from .../libnss3-dev_2%3a3.13.5-1_amd64.deb) ...
Selecting previously unselected package libpython2.6.
Unpacking libpython2.6 (from .../libpython2.6_2.6.7-4_amd64.deb) ...
Selecting previously unselected package libpython2.7.
Unpacking libpython2.7 (from .../libpython2.7_2.7.3-1_amd64.deb) ...
Selecting previously unselected package libssl-dev.
Unpacking libssl-dev (from .../libssl-dev_1.0.1c-3_amd64.deb) ...
Selecting previously unselected package libtool.
Unpacking libtool (from .../libtool_2.4.2-1.1_amd64.deb) ...
Selecting previously unselected package libxml2-dev:amd64.
Unpacking libxml2-dev:amd64 (from .../libxml2-dev_2.8.0+dfsg1-4_amd64.deb) ...
Selecting previously unselected package libxmlsec1.
Unpacking libxmlsec1 (from .../libxmlsec1_1.2.18-1_amd64.deb) ...
Selecting previously unselected package libxmlsec1-openssl.
Unpacking libxmlsec1-openssl (from .../libxmlsec1-openssl_1.2.18-1_amd64.deb) ...
Selecting previously unselected package libxmlsec1-gcrypt.
Unpacking libxmlsec1-gcrypt (from .../libxmlsec1-gcrypt_1.2.18-1_amd64.deb) ...
Selecting previously unselected package libxmlsec1-gnutls.
Unpacking libxmlsec1-gnutls (from .../libxmlsec1-gnutls_1.2.18-1_amd64.deb) ...
Selecting previously unselected package libnss3-1d:amd64.
Unpacking libnss3-1d:amd64 (from .../libnss3-1d_2%3a3.13.5-1_amd64.deb) ...
Selecting previously unselected package libxmlsec1-nss.
Unpacking libxmlsec1-nss (from .../libxmlsec1-nss_1.2.18-1_amd64.deb) ...
Selecting previously unselected package libxslt1-dev.
Unpacking libxslt1-dev (from .../libxslt1-dev_1.1.26-12+rebuild1_amd64.deb) ...
Selecting previously unselected package libxmlsec1-dev.
Unpacking libxmlsec1-dev (from .../libxmlsec1-dev_1.2.18-1_amd64.deb) ...
Selecting previously unselected package shtool.
Unpacking shtool (from .../shtool_2.0.8-6_all.deb) ...
Selecting previously unselected package php5-dev.
Unpacking php5-dev (from .../php5-dev_5.4.4-2_amd64.deb) ...
Selecting previously unselected package python-all.
Unpacking python-all (from .../python-all_2.7.3~rc2-1_all.deb) ...
Selecting previously unselected package python2.7-dev.
Unpacking python2.7-dev (from .../python2.7-dev_2.7.3-1_amd64.deb) ...
Selecting previously unselected package python-dev.
Unpacking python-dev (from .../python-dev_2.7.3~rc2-1_all.deb) ...
Selecting previously unselected package python2.6-dev.
Unpacking python2.6-dev (from .../python2.6-dev_2.6.7-4_amd64.deb) ...
Selecting previously unselected package python-all-dev.
Unpacking python-all-dev (from .../python-all-dev_2.7.3~rc2-1_all.deb) ...
Selecting previously unselected package python-lxml.
Unpacking python-lxml (from .../python-lxml_2.3.2-1_amd64.deb) ...
Selecting previously unselected package sbuild-build-depends-lasso-dummy.
Unpacking sbuild-build-depends-lasso-dummy (from .../sbuild-build-depends-lasso-dummy.deb) ...
Setting up libncursesw5:amd64 (5.9-9) ...
Setting up libpipeline1:amd64 (1.2.1-1) ...
Setting up libpopt0:amd64 (1.16-7) ...
Setting up libssl1.0.0:amd64 (1.0.1c-3) ...
Setting up libasprintf0c2:amd64 (0.18.1.1-9) ...
Setting up libgpg-error0:amd64 (1.10-3) ...
Setting up libgcrypt11:amd64 (1.5.0-3) ...
Setting up libp11-kit0:amd64 (0.12-3) ...
Setting up libtasn1-3:amd64 (2.13-2) ...
Setting up libgnutls26:amd64 (2.12.20-1) ...
Setting up libgnutls-openssl27:amd64 (2.12.20-1) ...
Setting up libmagic1:amd64 (5.11-1) ...
Setting up libpcre3:amd64 (1:8.30-5) ...
Setting up libsqlite3-0:amd64 (3.7.13-1) ...
Setting up libxml2:amd64 (2.8.0+dfsg1-4) ...
Setting up libglib2.0-0:amd64 (2.32.3-1) ...
No schema files found: doing nothing.
Setting up libcroco3:amd64 (0.6.5-1) ...
Setting up libelf1:amd64 (0.153-1) ...
Setting up libexpat1:amd64 (2.1.0-1) ...
Setting up libunistring0:amd64 (0.9.3-5) ...
Setting up libgettextpo0:amd64 (0.18.1.1-9) ...
Setting up libnspr4:amd64 (2:4.9.1-1) ...
Setting up libnspr4-0d:amd64 (2:4.9.1-1) ...
Setting up libnss3:amd64 (2:3.13.5-1) ...
Setting up libpcrecpp0:amd64 (1:8.30-5) ...
Setting up libxslt1.1:amd64 (1.1.26-12+rebuild1) ...
Setting up psmisc (22.19-1) ...
Setting up php5-common (5.4.4-2) ...

Creating config file /etc/php5/mods-available/pdo.ini with new version
Setting up libdb4.8:amd64 (4.8.30-11) ...
Setting up libgnutlsxx27:amd64 (2.12.20-1) ...
Setting up bsdmainutils (9.0.3) ...
update-alternatives: using /usr/bin/bsd-write to provide /usr/bin/write (write) in auto mode.
update-alternatives: using /usr/bin/bsd-from to provide /usr/bin/from (from) in auto mode.
Setting up groff-base (1.21-8) ...
Setting up man-db (2.6.2-1) ...
Building database of manual pages ...
Setting up file (5.11-1) ...
Setting up gettext-base (0.18.1.1-9) ...
Setting up m4 (1.4.16-3) ...
Setting up mime-support (3.52-1) ...
update-alternatives: using /usr/bin/see to provide /usr/bin/view (view) in auto mode.
Setting up python2.7-minimal (2.7.3-1) ...
Setting up python2.7 (2.7.3-1) ...
Setting up python-minimal (2.7.3~rc2-1) ...
Setting up python (2.7.3~rc2-1) ...
Setting up python-central (0.6.17) ...
Setting up python2.6-minimal (2.6.7-4) ...
Setting up python2.6 (2.6.7-4) ...
Setting up autoconf (2.69-1) ...
Setting up autotools-dev (20120608.1) ...
Setting up automake (1:1.11.5-2) ...
update-alternatives: using /usr/bin/automake-1.11 to provide /usr/bin/automake (automake) in auto mode.
Setting up chrpath (0.13-2) ...
Setting up html2text (1.3.2a-15) ...
Setting up gettext (0.18.1.1-9) ...
Setting up intltool-debian (0.35.0+20060710.1) ...
Setting up po-debconf (1.0.16+nmu2) ...
Setting up debhelper (9.20120608) ...
Setting up fastjar (2:0.98-3) ...
Setting up libexpat1-dev (2.1.0-1) ...
Setting up libgpg-error-dev (1.10-3) ...
Setting up libgcrypt11-dev (1.5.0-3) ...
Setting up libglib2.0-data (2.32.3-1) ...
Setting up libglib2.0-bin (2.32.3-1) ...
Setting up libpcre3-dev (1:8.30-5) ...
Setting up pkg-config (0.26-1) ...
Setting up zlib1g-dev:amd64 (1:1.2.7.dfsg-13) ...
Setting up libglib2.0-dev (2.32.3-1) ...
Setting up libtasn1-3-dev (2.13-2) ...
Setting up libp11-kit-dev (0.12-3) ...
Setting up libgnutls-dev (2.12.20-1) ...
Setting up libnspr4-dev (2:4.9.1-1) ...
Setting up libnss3-dev (2:3.13.5-1) ...
Setting up libpython2.6 (2.6.7-4) ...
Setting up libpython2.7 (2.7.3-1) ...
Setting up libssl-dev (1.0.1c-3) ...
Setting up libtool (2.4.2-1.1) ...
Setting up libxml2-dev:amd64 (2.8.0+dfsg1-4) ...
Setting up libxmlsec1 (1.2.18-1) ...
Setting up libxmlsec1-openssl (1.2.18-1) ...
Setting up libxmlsec1-gcrypt (1.2.18-1) ...
Setting up libxmlsec1-gnutls (1.2.18-1) ...
Setting up libnss3-1d:amd64 (2:3.13.5-1) ...
Setting up libxmlsec1-nss (1.2.18-1) ...
Setting up libxslt1-dev (1.1.26-12+rebuild1) ...
Setting up libxmlsec1-dev (1.2.18-1) ...
Setting up shtool (2.0.8-6) ...
Setting up php5-dev (5.4.4-2) ...
update-alternatives: using /usr/bin/php-config5 to provide /usr/bin/php-config (php-config) in auto mode.
update-alternatives: using /usr/bin/phpize5 to provide /usr/bin/phpize (phpize) in auto mode.
Setting up python-all (2.7.3~rc2-1) ...
Setting up python2.7-dev (2.7.3-1) ...
Setting up python-dev (2.7.3~rc2-1) ...
Setting up python2.6-dev (2.6.7-4) ...
Setting up python-all-dev (2.7.3~rc2-1) ...
Setting up python-lxml (2.3.2-1) ...
Setting up sbuild-build-depends-lasso-dummy (0.invalid.0) ...

┌──────────────────────────────────────────────────────────────────────────────┐
│ Build environment                                                            │
└──────────────────────────────────────────────────────────────────────────────┘

Kernel: Linux 2.6.32-5-xen-amd64 amd64 (x86_64)
Toolchain package versions: binutils_2.22-6.1 dpkg-dev_1.16.4.3 g++-4.6_4.6.3-7 g++-4.7_4.7.1-1 gcc-4.6_4.6.3-7 gcc-4.7_4.7.1-1 libc6-dev_2.13-33 libstdc++6_4.7.1-1 libstdc++6-4.6-dev_4.6.3-7 libstdc++6-4.7-dev_4.7.1-1 linux-libc-dev_3.2.20-1
Package versions: apt_0.9.7 autoconf_2.69-1 automake_1:1.11.5-2 autotools-dev_20120608.1 base-files_6.11 base-passwd_3.5.25 bash_4.2-2 binutils_2.22-6.1 bsdmainutils_9.0.3 bsdutils_1:2.20.1-5 build-essential_11.5 bzip2_1.0.6-3 chrpath_0.13-2 clang_3.1-6 coreutils_8.13-3.2 cpp_4:4.7.0-6 cpp-4.6_4.6.3-7 cpp-4.7_4.7.1-1 dash_0.5.7-3 debconf_1.5.44 debconf-i18n_1.5.44 debfoster_2.7-1.1 debhelper_9.20120608 debian-archive-keyring_2012.4 debianutils_4.3.1 diffutils_1:3.2-6 dpkg_1.16.4.3 dpkg-dev_1.16.4.3 e2fslibs_1.42.4-3 e2fsprogs_1.42.4-3 fakeroot_1.18.4-2 fastjar_2:0.98-3 file_5.11-1 findutils_4.4.2-4 g++_4:4.7.0-6 g++-4.6_4.6.3-7 g++-4.7_4.7.1-1 gcc_4:4.7.0-6 gcc-4.4-base_4.4.7-1 gcc-4.5-base_4.5.3-12 gcc-4.6_4.6.3-7 gcc-4.6-base_4.6.3-7 gcc-4.7_4.7.1-1 gcc-4.7-base_4.7.1-1 gettext_0.18.1.1-9 gettext-base_0.18.1.1-9 gnupg_1.4.12-4 gpgv_1.4.12-4 grep_2.12-2 groff-base_1.21-8 gzip_1.5-1.1 hostname_3.11 html2text_1.3.2a-15 initscripts_2.88dsf-27 insserv_1.14.0-3 intltool-debian_0.35.0+20060710.1 libacl1_2.2.51-8 libapt-pkg4.12_0.9.7 libasprintf0c2_0.18.1.1-9 libattr1_1:2.4.46-8 libblkid1_2.20.1-5 libbz2-1.0_1.0.6-3 libc-bin_2.13-33 libc-dev-bin_2.13-33 libc6_2.13-33 libc6-dev_2.13-33 libclang-common-dev_3.1-6 libclass-isa-perl_0.36-3 libcomerr2_1.42.4-3 libcroco3_0.6.5-1 libdb4.8_4.8.30-11 libdb5.1_5.1.29-4 libdpkg-perl_1.16.4.3 libelf1_0.153-1 libexpat1_2.1.0-1 libexpat1-dev_2.1.0-1 libffi5_3.0.10-3 libfile-fcntllock-perl_0.14-2 libgc1c2_1:7.1-8 libgcc1_1:4.7.1-1 libgcrypt11_1.5.0-3 libgcrypt11-dev_1.5.0-3 libgdbm3_1.8.3-11 libgettextpo0_0.18.1.1-9 libglib2.0-0_2.32.3-1 libglib2.0-bin_2.32.3-1 libglib2.0-data_2.32.3-1 libglib2.0-dev_2.32.3-1 libgmp10_2:5.0.5+dfsg-2 libgnutls-dev_2.12.20-1 libgnutls-openssl27_2.12.20-1 libgnutls26_2.12.20-1 libgnutlsxx27_2.12.20-1 libgomp1_4.7.1-1 libgpg-error-dev_1.10-3 libgpg-error0_1.10-3 libitm1_4.7.1-1 libllvm3.1_3.1-1 liblocale-gettext-perl_1.05-7+b1 liblzma5_5.1.1alpha+20120614-1 libmagic1_5.11-1 libmount1_2.20.1-5 libmpc2_0.9-4 libmpfr4_3.1.0-5 libncurses5_5.9-9 libncursesw5_5.9-9 libnspr4_2:4.9.1-1 libnspr4-0d_2:4.9.1-1 libnspr4-dev_2:4.9.1-1 libnss3_2:3.13.5-1 libnss3-1d_2:3.13.5-1 libnss3-dev_2:3.13.5-1 libp11-kit-dev_0.12-3 libp11-kit0_0.12-3 libpam-modules_1.1.3-7.1 libpam-modules-bin_1.1.3-7.1 libpam-runtime_1.1.3-7.1 libpam0g_1.1.3-7.1 libpcre3_1:8.30-5 libpcre3-dev_1:8.30-5 libpcrecpp0_1:8.30-5 libpipeline1_1.2.1-1 libpopt0_1.16-7 libpython2.6_2.6.7-4 libpython2.7_2.7.3-1 libquadmath0_4.7.1-1 libreadline6_6.2-8 libselinux1_2.1.9-5 libsemanage-common_2.1.6-6 libsemanage1_2.1.6-6 libsepol1_2.1.4-3 libslang2_2.2.4-13 libsqlite3-0_3.7.13-1 libss2_1.42.4-3 libssl-dev_1.0.1c-3 libssl1.0.0_1.0.1c-3 libstdc++6_4.7.1-1 libstdc++6-4.6-dev_4.6.3-7 libstdc++6-4.7-dev_4.7.1-1 libswitch-perl_2.16-2 libtasn1-3_2.13-2 libtasn1-3-dev_2.13-2 libtext-charwidth-perl_0.04-7+b1 libtext-iconv-perl_1.7-5 libtext-wrapi18n-perl_0.06-7 libtimedate-perl_1.2000-1 libtinfo5_5.9-9 libtool_2.4.2-1.1 libunistring0_0.9.3-5 libusb-0.1-4_2:0.1.12-23 libustr-1.0-1_1.0.4-3 libuuid1_2.20.1-5 libxml2_2.8.0+dfsg1-4 libxml2-dev_2.8.0+dfsg1-4 libxmlsec1_1.2.18-1 libxmlsec1-dev_1.2.18-1 libxmlsec1-gcrypt_1.2.18-1 libxmlsec1-gnutls_1.2.18-1 libxmlsec1-nss_1.2.18-1 libxmlsec1-openssl_1.2.18-1 libxslt1-dev_1.1.26-12+rebuild1 libxslt1.1_1.1.26-12+rebuild1 linux-libc-dev_3.2.20-1 login_1:4.1.5.1-1 lsb-base_4.1+Debian7 m4_1.4.16-3 make_3.81-8.2 man-db_2.6.2-1 mawk_1.3.3-17 mime-support_3.52-1 mount_2.20.1-5 multiarch-support_2.13-33 ncurses-base_5.9-9 ncurses-bin_5.9-9 passwd_1:4.1.5.1-1 patch_2.6.1-3 perl_5.14.2-12 perl-base_5.14.2-12 perl-modules_5.14.2-12 php5-common_5.4.4-2 php5-dev_5.4.4-2 pkg-config_0.26-1 po-debconf_1.0.16+nmu2 psmisc_22.19-1 python_2.7.3~rc2-1 python-all_2.7.3~rc2-1 python-all-dev_2.7.3~rc2-1 python-central_0.6.17 python-dev_2.7.3~rc2-1 python-lxml_2.3.2-1 python-minimal_2.7.3~rc2-1 python2.6_2.6.7-4 python2.6-dev_2.6.7-4 python2.6-minimal_2.6.7-4 python2.7_2.7.3-1 python2.7-dev_2.7.3-1 python2.7-minimal_2.7.3-1 readline-common_6.2-8 sbuild-build-depends-core-dummy_0.invalid.0 sbuild-build-depends-lasso-dummy_0.invalid.0 sed_4.2.1-10 sensible-utils_0.0.7 shtool_2.0.8-6 sysv-rc_2.88dsf-27 sysvinit_2.88dsf-27 sysvinit-utils_2.88dsf-27 tar_1.26-4 tzdata_2012c-1 ucf_3.0025+nmu3 util-linux_2.20.1-5 xz-utils_5.1.1alpha+20120614-1 zlib1g_1:1.2.7.dfsg-13 zlib1g-dev_1:1.2.7.dfsg-13

┌──────────────────────────────────────────────────────────────────────────────┐
│ Build                                                                        │
└──────────────────────────────────────────────────────────────────────────────┘


Unpack source
─────────────

gpgv: keyblock resource `/sbuild-nonexistent/.gnupg/trustedkeys.gpg': file open error
gpgv: Signature made Tue Apr  3 05:24:54 2012 UTC using RSA key ID C70218D2
gpgv: Can't check signature: public key not found
dpkg-source: warning: failed to verify signature on ./lasso_2.3.6-2.dsc
dpkg-source: info: extracting lasso in lasso-2.3.6
dpkg-source: info: unpacking lasso_2.3.6.orig.tar.gz
dpkg-source: info: applying lasso_2.3.6-2.diff.gz
dpkg-source: info: upstream files that have been modified: 
 lasso-2.3.6/bindings/php5/wrapper_source.py
 lasso-2.3.6/config.guess
 lasso-2.3.6/config.sub
 lasso-2.3.6/lasso/errors.c
 lasso-2.3.6/lasso/errors.c.in
 lasso-2.3.6/lasso/xml/xml.h

Check disc space
────────────────

Sufficient free space for build

User Environment
────────────────

HOME=/sbuild-nonexistent
LOGNAME=root
PATH=/usr/local/sbin:/usr/local/bin:/usr/sbin:/usr/bin:/sbin:/bin:/usr/bin/X11
SCHROOT_CHROOT_NAME=unstable-amd64-sbuild
SCHROOT_COMMAND=env
SCHROOT_GID=0
SCHROOT_GROUP=root
SCHROOT_SESSION_ID=unstable-amd64-sbuild-a9879858-ace6-4331-80fa-28f9fc22e98b
SCHROOT_UID=0
SCHROOT_USER=root
SHELL=/bin/sh
USER=root

dpkg-buildpackage
─────────────────

dpkg-buildpackage: warning: using a gain-root-command while being root
dpkg-buildpackage: source package lasso
dpkg-buildpackage: source version 2.3.6-2
dpkg-buildpackage: source changed by Frederic Peters <fpeters@debian.org>
 dpkg-source --before-build lasso-2.3.6
dpkg-buildpackage: host architecture amd64
 fakeroot debian/rules clean
dh_testdir
dh_testroot
rm -f build-stamp 
sed -e 's/^#JAVA#.*//' < debian/control.in > debian/control
[ ! -f Makefile ] || /usr/bin/make distclean
cp -f /usr/share/misc/config.sub config.sub
cp -f /usr/share/misc/config.guess config.guess
for v in 2.6; do \
	  rm -rf bindings/python$v; \
	done
rm -f config.log
dh_clean 
dpkg-buildpackage: warning: debian/rules must be updated to support the 'build-arch' and 'build-indep' targets (at least 'build-arch' seems to be missing)
 debian/rules build
dh_testdir
# Add here commands to configure the package.
CFLAGS="-Wall -g -O2" ./configure --host=x86_64-linux-gnu --build=x86_64-linux-gnu --prefix=/usr --mandir=\${prefix}/share/man --infodir=\${prefix}/share/info --enable-tests=no --disable-gtk-doc --enable-perl --disable-csharp --disable-php4 --with-php5-config-dir=/etc/php5/conf.d/ --disable-java
configure: WARNING: unrecognized options: --disable-csharp, --disable-php4
checking build system type... x86_64-pc-linux-gnu
checking host system type... x86_64-pc-linux-gnu
checking target system type... x86_64-pc-linux-gnu
checking for a BSD-compatible install... /usr/bin/install -c
checking whether build environment is sane... yes
checking for a thread-safe mkdir -p... /bin/mkdir -p
checking for gawk... no
checking for mawk... mawk
checking whether make sets $(MAKE)... yes
checking how to create a pax tar archive... gnutar
checking whether to enable maintainer-specific portions of Makefiles... no
checking for x86_64-linux-gnu-gcc... x86_64-linux-gnu-gcc
checking whether the C compiler works... yes
checking for C compiler default output file name... a.out
checking for suffix of executables... 
checking whether we are cross compiling... no
checking for suffix of object files... o
checking whether we are using the GNU C compiler... yes
checking whether x86_64-linux-gnu-gcc accepts -g... yes
checking for x86_64-linux-gnu-gcc option to accept ISO C89... none needed
checking for style of include used by make... GNU
checking dependency style of x86_64-linux-gnu-gcc... gcc3
checking how to run the C preprocessor... x86_64-linux-gnu-gcc -E
checking for grep that handles long lines and -e... /bin/grep
checking for egrep... /bin/grep -E
checking for ANSI C header files... yes
checking for x86_64-linux-gnu-windres... no
checking for windres... no
checking whether x86_64-linux-gnu-gcc and cc understand -c and -o together... yes
checking whether build environment is sane... yes
checking for gawk... (cached) mawk
checking whether ln -s works... yes
checking for a sed that does not truncate output... /bin/sed
checking for fgrep... /bin/grep -F
checking for ld used by x86_64-linux-gnu-gcc... /usr/bin/ld
checking if the linker (/usr/bin/ld) is GNU ld... yes
checking for BSD- or MS-compatible name lister (nm)... /usr/bin/nm -B
checking the name lister (/usr/bin/nm -B) interface... BSD nm
checking the maximum length of command line arguments... 3458764513820540925
checking whether the shell understands some XSI constructs... yes
checking whether the shell understands "+="... yes
checking for /usr/bin/ld option to reload object files... -r
checking for x86_64-linux-gnu-objdump... objdump
checking how to recognize dependent libraries... pass_all
checking for x86_64-linux-gnu-ar... no
checking for ar... ar
checking for x86_64-linux-gnu-strip... no
checking for strip... strip
checking for x86_64-linux-gnu-ranlib... no
checking for ranlib... ranlib
checking command to parse /usr/bin/nm -B output from x86_64-linux-gnu-gcc object... ok
checking for sys/types.h... yes
checking for sys/stat.h... yes
checking for stdlib.h... yes
checking for string.h... yes
checking for memory.h... yes
checking for strings.h... yes
checking for inttypes.h... yes
checking for stdint.h... yes
checking for unistd.h... yes
checking for dlfcn.h... yes
checking for objdir... .libs
checking if x86_64-linux-gnu-gcc supports -fno-rtti -fno-exceptions... yes
checking for x86_64-linux-gnu-gcc option to produce PIC... -fPIC -DPIC
checking if x86_64-linux-gnu-gcc PIC flag -fPIC -DPIC works... yes
checking if x86_64-linux-gnu-gcc static flag -static works... yes
checking if x86_64-linux-gnu-gcc supports -c -o file.o... yes
checking if x86_64-linux-gnu-gcc supports -c -o file.o... (cached) yes
checking whether the x86_64-linux-gnu-gcc linker (/usr/bin/ld -m elf_x86_64) supports shared libraries... yes
checking whether -lc should be explicitly linked in... no
checking dynamic linker characteristics... GNU/Linux ld.so
checking how to hardcode library paths into programs... immediate
checking whether stripping libraries is possible... yes
checking if libtool supports shared libraries... yes
checking whether to build shared libraries... yes
checking whether to build static libraries... yes
checking for supported compiler flags...  -Wall -Wextra -Wno-missing-field-initializers -Wno-unused-parameter -Wold-style-definition -Wdeclaration-after-statement -Wmissing-declarations -Wredundant-decls -Wmissing-noreturn -Wshadow -Wpointer-arith -Wcast-align -Wwrite-strings -Winline -Wformat-nonliteral -Wformat-security -Wswitch-enum -Wswitch-default -Winit-self -Wmissing-include-dirs -Wundef -Waggregate-return -Wmissing-format-attribute -Wnested-externs
checking for gnutar... no
checking for gtar... no
checking for tar... tar
You have no CLASSPATH, I hope it is good
checking for gcj... no
checking for jikes... no
checking for guavac... no
checking for javac... no
checking if  works... 
checking for kaffe... no
checking for java... no
checking for uudecode... no
configure: WARNING: I have to compile Test.class from scratch
checking for gcj... no
checking for jikes... no
checking for guavac... no
checking for javac... no
checking if  works... 
checking if  works... 
checking for gjavah... no
checking for gcjh... no
checking for javah... no
checking for jar... jar
checking for sed... /bin/sed
checking if the junit.framework.Test class is available... no
checking for junit.textui.TestRunner class... no
checking for junit... 
checking for perl... perl
checking for php5... no
checking for php... no
checking for php-config5... php-config5
checking for python... python
checking for swig... no
checking for function prototypes... yes
checking for string.h... (cached) yes
checking for variadic cpp macros... yes
checking SWIG support... not present - using pre-generated interface files
checking for Python development files... yes
checking for XML_ParserCreate in -lexpat... yes
checking for PHP 5 development files... yes
checking for gacutil... no
checking for Perl API... yes
checking zlib.h usability... yes
checking zlib.h presence... yes
checking for zlib.h... yes
checking for library containing gzread... -lz
checking for x86_64-linux-gnu-pkg-config... no
checking for pkg-config... /usr/bin/pkg-config
checking pkg-config is at least version 0.9.0... yes
checking for gtkdoc-check... no
checking for gtkdoc-rebase... no
checking for gtkdoc-mkpdf... no
checking whether to build gtk-doc documentation... no
checking for LASSO... yes
checking for rest2html... no
checking for rst2html... no
checking for xsltproc... no
checking for inkscape... no
checking for debugging... no
checking for profiling... no
checking for pedantic... no
checking for static linking... no
configure: creating ./config.status
config.status: creating lasso-src-config
config.status: creating Makefile
config.status: creating docs/Makefile
config.status: creating docs/lasso-book/Makefile
config.status: creating docs/lasso-book/figures/Makefile
config.status: creating docs/reference/Makefile
config.status: creating docs/reference/lasso/version.xml
config.status: creating docs/reference/lasso/Makefile
config.status: creating lasso/Makefile
config.status: creating lasso/id-ff/Makefile
config.status: creating lasso/id-wsf/Makefile
config.status: creating lasso/saml-2.0/Makefile
config.status: creating lasso/id-wsf-2.0/Makefile
config.status: creating lasso/xml/Makefile
config.status: creating lasso/xml/saml-2.0/Makefile
config.status: creating lasso/xml/soap-1.1/Makefile
config.status: creating lasso/xml/id-wsf-2.0/Makefile
config.status: creating lasso/xml/ws/Makefile
config.status: creating tests/Makefile
config.status: creating tests/data/Makefile
config.status: creating lasso.pc
config.status: creating win32/Makefile
config.status: creating win32/lasso.rc
config.status: creating win32/msvc/Makefile
config.status: creating win32/msvc/lasso.dsp
config.status: creating win32/msvc/lasso_config.h
config.status: creating win32/msvc/java/Makefile
config.status: creating win32/msvc/php/Makefile
config.status: creating win32/msvc/python/Makefile
config.status: creating win32/nsis/Makefile
config.status: creating win32/nsis/jlasso-lite.nsi
config.status: creating win32/nsis/lasso-deps.nsi
config.status: creating win32/nsis/lasso-full.nsi
config.status: creating win32/nsis/lasso-lite.nsi
config.status: creating win32/nsis/python.nsi
config.status: creating bindings/Makefile
config.status: creating bindings/java/Makefile
config.status: creating bindings/python/Makefile
config.status: creating bindings/python/tests/Makefile
config.status: creating bindings/php5/Makefile
config.status: creating bindings/php5/examples/Makefile
config.status: creating bindings/php5/tests/Makefile
config.status: creating bindings/perl/Makefile
config.status: creating config.h
config.status: creating lasso/lasso_config.h
config.status: lasso/lasso_config.h is unchanged
config.status: executing depfiles commands
config.status: executing libtool commands
configure: WARNING: unrecognized options: --disable-csharp, --disable-php4
=============
Configuration
=============

Main
----

Compiler:                x86_64-linux-gnu-gcc
CFLAGS:                   
Install prefix:          /usr
Debugging:               no
Experimental ID-WSF:     no

Optionals builds
----------------

Available languages:    python(2.7) php5(5.4.4-2) perl(5.14.2)

Java binding:           no
Perl binding:           yes
PHP 5 binding:          yes
Python binding:         yes

C API references:       no
Tests suite:            no

dh_testdir
# Add here commands to compile the package.
/usr/bin/make
make[1]: Entering directory `/«PKGBUILDDIR»'
/usr/bin/make  all-recursive
make[2]: Entering directory `/«PKGBUILDDIR»'
Making all in lasso
make[3]: Entering directory `/«PKGBUILDDIR»/lasso'
python2.7 ./extract_types.py . 
python2.7 ./extract_symbols.py .  > symbols.sym
/usr/bin/make  all-recursive
make[4]: Entering directory `/«PKGBUILDDIR»/lasso'
Making all in xml
make[5]: Entering directory `/«PKGBUILDDIR»/lasso/xml'
Making all in saml-2.0
make[6]: Entering directory `/«PKGBUILDDIR»/lasso/xml/saml-2.0'
  CC     saml2_action.lo
  CC     saml2_advice.lo
  CC     saml2_assertion.lo
  CC     saml2_attribute.lo
  CC     saml2_attribute_statement.lo
  CC     saml2_attribute_value.lo
  CC     saml2_audience_restriction.lo
  CC     saml2_authn_context.lo
  CC     saml2_authn_statement.lo
  CC     saml2_authz_decision_statement.lo
  CC     saml2_base_idabstract.lo
  CC     saml2_condition_abstract.lo
  CC     saml2_conditions.lo
  CC     saml2_encrypted_element.lo
  CC     saml2_evidence.lo
  CC     saml2_key_info_confirmation_data.lo
  CC     saml2_name_id.lo
  CC     saml2_one_time_use.lo
  CC     saml2_proxy_restriction.lo
  CC     saml2_statement_abstract.lo
  CC     saml2_subject.lo
  CC     saml2_subject_confirmation.lo
  CC     saml2_subject_confirmation_data.lo
  CC     saml2_subject_locality.lo
  CC     samlp2_artifact_resolve.lo
  CC     samlp2_artifact_response.lo
  CC     samlp2_assertion_id_request.lo
  CC     samlp2_attribute_query.lo
  CC     samlp2_authn_query.lo
  CC     samlp2_authn_request.lo
  CC     samlp2_authz_decision_query.lo
  CC     samlp2_extensions.lo
  CC     samlp2_idp_entry.lo
  CC     samlp2_idp_list.lo
  CC     samlp2_logout_request.lo
  CC     samlp2_logout_response.lo
  CC     samlp2_manage_name_id_request.lo
  CC     samlp2_manage_name_id_response.lo
  CC     samlp2_name_id_mapping_request.lo
  CC     samlp2_name_id_mapping_response.lo
  CC     samlp2_name_id_policy.lo
  CC     samlp2_request_abstract.lo
  CC     samlp2_requested_authn_context.lo
  CC     samlp2_response.lo
  CC     samlp2_scoping.lo
  CC     samlp2_status.lo
  CC     samlp2_status_code.lo
  CC     samlp2_status_detail.lo
  CC     samlp2_status_response.lo
  CC     samlp2_subject_query_abstract.lo
  CC     samlp2_terminate.lo
  CCLD   liblasso-xml-saml2.la
make[6]: Leaving directory `/«PKGBUILDDIR»/lasso/xml/saml-2.0'
Making all in soap-1.1
make[6]: Entering directory `/«PKGBUILDDIR»/lasso/xml/soap-1.1'
  CC     soap_body.lo
  CC     soap_detail.lo
  CC     soap_fault.lo
  CC     soap_envelope.lo
  CC     soap_header.lo
  CCLD   liblasso-xml-soap11.la
make[6]: Leaving directory `/«PKGBUILDDIR»/lasso/xml/soap-1.1'
make[6]: Entering directory `/«PKGBUILDDIR»/lasso/xml'
  CC     tools.lo
tools.c:1208:76: error: expected ';' at end of declaration
        void structuredErrorFunc (G_GNUC_UNUSED void *userData, xmlErrorPtr error) {
                                                                                  ^
                                                                                  ;
1 error generated.
make[6]: *** [tools.lo] Error 1
make[6]: Leaving directory `/«PKGBUILDDIR»/lasso/xml'
make[5]: *** [all-recursive] Error 1
make[4]: *** [all-recursive] Error 1
make[3]: *** [all] Error 2
make[2]: *** [all-recursive] Error 1
make[1]: *** [all] Error 2
make: *** [build-stamp] Error 2
dpkg-buildpackage: error: debian/rules build gave error exit status 2
make[5]: Leaving directory `/«PKGBUILDDIR»/lasso/xml'
make[4]: Leaving directory `/«PKGBUILDDIR»/lasso'
make[3]: Leaving directory `/«PKGBUILDDIR»/lasso'
make[2]: Leaving directory `/«PKGBUILDDIR»'
make[1]: Leaving directory `/«PKGBUILDDIR»'
────────────────────────────────────────────────────────────────────────────────
Build finished at 20120623-1608

Finished
────────

E: Build failure (dpkg-buildpackage died)

┌──────────────────────────────────────────────────────────────────────────────┐
│ Cleanup                                                                      │
└──────────────────────────────────────────────────────────────────────────────┘

Purging /«BUILDDIR»
Not cleaning session: cloned chroot in use

┌──────────────────────────────────────────────────────────────────────────────┐
│ Summary                                                                      │
└──────────────────────────────────────────────────────────────────────────────┘

Architecture: amd64
Build-Space: 28480
Build-Time: 42
Distribution: unstable
Fail-Stage: build
Install-Time: 21
Job: lasso_2.3.6-2
Package: lasso
Package-Time: 87
Source-Version: 2.3.6-2
Space: 28480
Status: attempted
Version: 2.3.6-2
────────────────────────────────────────────────────────────────────────────────
Finished at 20120623-1608
Build needed 00:01:27, 28480k disc space
DC-Status: Failed 87.847201s
DC-Time-Estimation: 87.847201 versus expected 1 (r/m: 86.847201 ; m: 1.0)
