DC-Build-Header: mccs 1:1.1-2 / Sat Jun 23 16:41:05 +0000 2012
DC-Task: logfile:/tmp/mccs_1.1-2_unstable_clang.log version:1:1.1-2 chroot:unstable modes:binary-only:clang source:mccs architecture:any esttime:50
DC-Sbuild-call: su user -c 'sbuild -n --apt-update -d unstable -v  --chroot-setup-commands=/tmp/switch-to-clang mccs_1:1.1-2'
sbuild (Debian sbuild) 0.62.5 (13 Jul 2011) on ip-10-28-92-252.ec2.internal

╔══════════════════════════════════════════════════════════════════════════════╗
║ mccs 1:1.1-2 (amd64)                                       23 Jun 2012 16:41 ║
╚══════════════════════════════════════════════════════════════════════════════╝

Package: mccs
Version: 1:1.1-2
Source Version: 1:1.1-2
Distribution: unstable
Architecture: amd64

I: NOTICE: Log filtering will replace 'build/mccs-ACA5ij/mccs-1.1' with '«PKGBUILDDIR»'
I: NOTICE: Log filtering will replace 'build/mccs-ACA5ij' with '«BUILDDIR»'
I: NOTICE: Log filtering will replace 'var/lib/schroot/mount/unstable-amd64-sbuild-263f6404-3335-4ba6-aadd-49f193a7d7e7' with '«CHROOT»'

┌──────────────────────────────────────────────────────────────────────────────┐
│ Update chroot                                                                │
└──────────────────────────────────────────────────────────────────────────────┘

Ign http://localhost unstable InRelease
Get:1 http://localhost unstable Release.gpg [836 B]
Get:2 http://localhost unstable Release [233 kB]
Get:3 http://localhost unstable/main Sources/DiffIndex [7876 B]
Get:4 http://localhost unstable/main amd64 Packages/DiffIndex [7876 B]
Get:5 http://localhost unstable/main Translation-en/DiffIndex [7876 B]
Get:6 http://localhost unstable/main 2012-06-23-0814.36.pdiff [8967 B]
Get:7 http://localhost unstable/main 2012-06-23-0814.36.pdiff [8967 B]
Get:8 http://localhost unstable/main amd64 2012-06-23-0814.36.pdiff [6101 B]
Get:9 http://localhost unstable/main 2012-06-23-0814.36.pdiff [1297 B]
Get:10 http://localhost unstable/main amd64 2012-06-23-0814.36.pdiff [6101 B]
Get:11 http://localhost unstable/main 2012-06-23-1414.42.pdiff [10.6 kB]
Get:12 http://localhost unstable/main 2012-06-23-0814.36.pdiff [1297 B]
Get:13 http://localhost unstable/main amd64 2012-06-23-1414.42.pdiff [11.3 kB]
Get:14 http://localhost unstable/main 2012-06-23-1414.42.pdiff [10.6 kB]
Get:15 http://localhost unstable/main 2012-06-23-1414.42.pdiff [696 B]
Get:16 http://localhost unstable/main amd64 2012-06-23-1414.42.pdiff [11.3 kB]
Get:17 http://localhost unstable/main 2012-06-23-1414.42.pdiff [696 B]
Fetched 296 kB in 7s (41.4 kB/s)
Reading package lists...
Reading package lists...
Building dependency tree...
Reading state information...
The following packages will be upgraded:
  base-passwd bsdutils libblkid1 libmount1 libuuid1 mount util-linux
7 upgraded, 0 newly installed, 0 to remove and 0 not upgraded.
Need to get 1300 kB of archives.
After this operation, 308 kB disk space will be freed.
Get:1 http://localhost/debian/ unstable/main mount amd64 2.20.1-5.1 [213 kB]
Get:2 http://localhost/debian/ unstable/main util-linux amd64 2.20.1-5.1 [659 kB]
Get:3 http://localhost/debian/ unstable/main base-passwd amd64 3.5.26 [46.3 kB]
Get:4 http://localhost/debian/ unstable/main bsdutils amd64 1:2.20.1-5.1 [85.3 kB]
Get:5 http://localhost/debian/ unstable/main libuuid1 amd64 2.20.1-5.1 [56.9 kB]
Get:6 http://localhost/debian/ unstable/main libblkid1 amd64 2.20.1-5.1 [120 kB]
Get:7 http://localhost/debian/ unstable/main libmount1 amd64 2.20.1-5.1 [120 kB]
debconf: delaying package configuration, since apt-utils is not installed
Fetched 1300 kB in 0s (22.3 MB/s)
(Reading database ... 11730 files and directories currently installed.)
Preparing to replace mount 2.20.1-5 (using .../mount_2.20.1-5.1_amd64.deb) ...
Unpacking replacement mount ...
Setting up mount (2.20.1-5.1) ...
(Reading database ... 11730 files and directories currently installed.)
Preparing to replace util-linux 2.20.1-5 (using .../util-linux_2.20.1-5.1_amd64.deb) ...
Unpacking replacement util-linux ...
Setting up util-linux (2.20.1-5.1) ...
(Reading database ... 11730 files and directories currently installed.)
Preparing to replace base-passwd 3.5.25 (using .../base-passwd_3.5.26_amd64.deb) ...
Unpacking replacement base-passwd ...
Setting up base-passwd (3.5.26) ...
(Reading database ... 11730 files and directories currently installed.)
Preparing to replace bsdutils 1:2.20.1-5 (using .../bsdutils_1%3a2.20.1-5.1_amd64.deb) ...
Unpacking replacement bsdutils ...
Setting up bsdutils (1:2.20.1-5.1) ...
(Reading database ... 11730 files and directories currently installed.)
Preparing to replace libuuid1:amd64 2.20.1-5 (using .../libuuid1_2.20.1-5.1_amd64.deb) ...
Unpacking replacement libuuid1:amd64 ...
Setting up libuuid1:amd64 (2.20.1-5.1) ...
(Reading database ... 11730 files and directories currently installed.)
Preparing to replace libblkid1:amd64 2.20.1-5 (using .../libblkid1_2.20.1-5.1_amd64.deb) ...
Unpacking replacement libblkid1:amd64 ...
Setting up libblkid1:amd64 (2.20.1-5.1) ...
(Reading database ... 11730 files and directories currently installed.)
Preparing to replace libmount1 2.20.1-5 (using .../libmount1_2.20.1-5.1_amd64.deb) ...
Unpacking replacement libmount1 ...
Setting up libmount1 (2.20.1-5.1) ...

┌──────────────────────────────────────────────────────────────────────────────┐
│ Fetch source files                                                           │
└──────────────────────────────────────────────────────────────────────────────┘


Check APT
─────────

Checking available source versions...

Download source files with APT
──────────────────────────────

Reading package lists...
Building dependency tree...
Reading state information...
NOTICE: 'mccs' packaging is maintained in the 'Svn' version control system at:
https://gforge.info.ucl.ac.be/svn/mancoosi/trunk/updb/debian-packages/mccs/trunk
Need to get 73.0 kB of source archives.
Get:1 http://localhost/debian/ unstable/main mccs 1:1.1-2 (dsc) [1279 B]
Get:2 http://localhost/debian/ unstable/main mccs 1:1.1-2 (tar) [65.6 kB]
Get:3 http://localhost/debian/ unstable/main mccs 1:1.1-2 (diff) [6182 B]
Fetched 73.0 kB in 0s (304 kB/s)
Download complete and in download only mode

Check arch
──────────


┌──────────────────────────────────────────────────────────────────────────────┐
│ Chroot Setup Commands                                                        │
└──────────────────────────────────────────────────────────────────────────────┘


/tmp/switch-to-clang
────────────────────

+ echo 'Entering customization script...'
Entering customization script...
+ apt-get update
Ign http://localhost unstable InRelease
Hit http://localhost unstable Release.gpg
Hit http://localhost unstable Release
Hit http://localhost unstable/main Sources/DiffIndex
Hit http://localhost unstable/main amd64 Packages/DiffIndex
Hit http://localhost unstable/main Translation-en/DiffIndex
Reading package lists...
+ echo 'Install of clang'
Install of clang
+ apt-get update
Ign http://localhost unstable InRelease
Hit http://localhost unstable Release.gpg
Hit http://localhost unstable Release
Hit http://localhost unstable/main Sources/DiffIndex
Hit http://localhost unstable/main amd64 Packages/DiffIndex
Hit http://localhost unstable/main Translation-en/DiffIndex
Reading package lists...
+ apt-get install --yes --no-install-recommends clang -t unstable
Reading package lists...
Building dependency tree...
Reading state information...
The following extra packages will be installed:
  libclang-common-dev libffi5 libllvm3.1
Recommended packages:
  llvm-3.1-dev python
The following NEW packages will be installed:
  clang libclang-common-dev libffi5 libllvm3.1
0 upgraded, 4 newly installed, 0 to remove and 0 not upgraded.
Need to get 13.1 MB of archives.
After this operation, 35.6 MB of additional disk space will be used.
Get:1 http://localhost/debian/ unstable/main libffi5 amd64 3.0.10-3 [24.8 kB]
Get:2 http://localhost/debian/ unstable/main libllvm3.1 amd64 3.1-1 [7276 kB]
Get:3 http://localhost/debian/ unstable/main libclang-common-dev amd64 3.1-6 [84.0 kB]
Get:4 http://localhost/debian/ unstable/main clang amd64 3.1-6 [5755 kB]
debconf: delaying package configuration, since apt-utils is not installed
Fetched 13.1 MB in 0s (29.9 MB/s)
Selecting previously unselected package libffi5:amd64.
(Reading database ... 11730 files and directories currently installed.)
Unpacking libffi5:amd64 (from .../libffi5_3.0.10-3_amd64.deb) ...
Selecting previously unselected package libllvm3.1:amd64.
Unpacking libllvm3.1:amd64 (from .../libllvm3.1_3.1-1_amd64.deb) ...
Selecting previously unselected package libclang-common-dev.
Unpacking libclang-common-dev (from .../libclang-common-dev_3.1-6_amd64.deb) ...
Selecting previously unselected package clang.
Unpacking clang (from .../archives/clang_3.1-6_amd64.deb) ...
Setting up libffi5:amd64 (3.0.10-3) ...
Setting up libllvm3.1:amd64 (3.1-1) ...
Setting up libclang-common-dev (3.1-6) ...
Setting up clang (3.1-6) ...
+ echo 'Replace gcc, g++ & cpp by clang'
Replace gcc, g++ & cpp by clang
+ VERSION=4.7
+ cd /usr/bin
+ rm g++-4.7 gcc-4.7 cpp-4.7
+ ln -s clang++ g++-4.7
+ ln -s clang gcc-4.7
+ ln -s clang cpp-4.7
+ cd -
/«BUILDDIR»
+ echo 'Block the installation of new gcc version'
Block the installation of new gcc version
+ dpkg --set-selections
+ echo 'gcc-4.6 hold'
+ dpkg --set-selections
+ echo 'cpp-4.6 hold'
+ dpkg --set-selections
+ echo 'g++-4.6 hold'
+ dpkg --set-selections
+ echo 'gcc-4.7 hold'
+ dpkg --set-selections
+ echo 'cpp-4.7 hold'
+ dpkg --set-selections
+ echo 'g++-4.7 hold'
+ echo 'Check if gcc, g++ & cpp are actually clang'
Check if gcc, g++ & cpp are actually clang
+ grep clang
+ gcc --version

I: Finished running '/tmp/switch-to-clang'.

Finished processing commands.
────────────────────────────────────────────────────────────────────────────────
Merged Build-Depends: build-essential, fakeroot
Filtered Build-Depends: build-essential, fakeroot
dpkg-deb: building package `sbuild-build-depends-core-dummy' in `/«BUILDDIR»/resolver-YlCvnW/apt_archive/sbuild-build-depends-core-dummy.deb'.
OK
Reading package lists...

┌──────────────────────────────────────────────────────────────────────────────┐
│ Install core build dependencies (apt-based resolver)                         │
└──────────────────────────────────────────────────────────────────────────────┘

Installing build dependencies
Reading package lists...
Building dependency tree...
Reading state information...
The following NEW packages will be installed:
  sbuild-build-depends-core-dummy
debconf: delaying package configuration, since apt-utils is not installed
0 upgraded, 1 newly installed, 0 to remove and 0 not upgraded.
Need to get 0 B/708 B of archives.
After this operation, 0 B of additional disk space will be used.
Selecting previously unselected package sbuild-build-depends-core-dummy.
(Reading database ... 11810 files and directories currently installed.)
Unpacking sbuild-build-depends-core-dummy (from .../sbuild-build-depends-core-dummy.deb) ...
Setting up sbuild-build-depends-core-dummy (0.invalid.0) ...
Merged Build-Depends: base-files, base-passwd, bash, coreutils, dash, debianutils, diffutils, dpkg, e2fsprogs, findutils, grep, gzip, hostname, ncurses-base, ncurses-bin, perl-base, sed, login, sysvinit-utils, sysvinit, tar, bsdutils, mount, util-linux, libc6-dev | libc-dev, gcc (>= 4:4.4.3), g++ (>= 4:4.4.3), make, dpkg-dev (>= 1.13.5), debhelper (>= 8), bison, flex, libsuitesparse-dev, liblpsolve55-dev, coinor-libcbc0
Filtered Build-Depends: base-files, base-passwd, bash, coreutils, dash, debianutils, diffutils, dpkg, e2fsprogs, findutils, grep, gzip, hostname, ncurses-base, ncurses-bin, perl-base, sed, login, sysvinit-utils, sysvinit, tar, bsdutils, mount, util-linux, libc6-dev, gcc (>= 4:4.4.3), g++ (>= 4:4.4.3), make, dpkg-dev (>= 1.13.5), debhelper (>= 8), bison, flex, libsuitesparse-dev, liblpsolve55-dev, coinor-libcbc0
dpkg-deb: building package `sbuild-build-depends-mccs-dummy' in `/«BUILDDIR»/resolver-wq_aKR/apt_archive/sbuild-build-depends-mccs-dummy.deb'.
OK
Reading package lists...

┌──────────────────────────────────────────────────────────────────────────────┐
│ Install mccs build dependencies (apt-based resolver)                         │
└──────────────────────────────────────────────────────────────────────────────┘

Installing build dependencies
Reading package lists...
Building dependency tree...
Reading state information...
The following extra packages will be installed:
  bison bsdmainutils coinor-libcbc0 coinor-libcgl0 coinor-libclp0
  coinor-libcoinutils0 coinor-libdylp0 coinor-libosi0 coinor-libvol0 debhelper
  file flex gettext gettext-base groff-base html2text intltool-debian
  libamd2.2.0 libasprintf0c2 libatlas3-base libatlas3gf-base libbison-dev
  libblas-dev libblas3 libblas3gf libbtf1.1.0 libcamd2.2.0 libccolamd2.7.1
  libcholmod1.7.1 libcolamd2.7.1 libcroco3 libcsparse2.2.3 libcxsparse2.2.3
  libgettextpo0 libgfortran3 libglib2.0-0 libklu1.1.0 liblapack-dev liblapack3
  liblapack3gf libldl2.0.1 liblpsolve55-dev libmagic1 libpcre3 libpipeline1
  libsuitesparse-dev libumfpack5.4.0 libunistring0 libxml2 m4 man-db
  po-debconf
Suggested packages:
  bison-doc wamerican wordlist whois vacation dh-make gettext-doc groff less
  www-browser libmail-box-perl
Recommended packages:
  curl wget lynx-cur autopoint libglib2.0-data shared-mime-info xml-core
  libmail-sendmail-perl
The following NEW packages will be installed:
  bison bsdmainutils coinor-libcbc0 coinor-libcgl0 coinor-libclp0
  coinor-libcoinutils0 coinor-libdylp0 coinor-libosi0 coinor-libvol0 debhelper
  file flex gettext gettext-base groff-base html2text intltool-debian
  libamd2.2.0 libasprintf0c2 libatlas3-base libatlas3gf-base libbison-dev
  libblas-dev libblas3 libblas3gf libbtf1.1.0 libcamd2.2.0 libccolamd2.7.1
  libcholmod1.7.1 libcolamd2.7.1 libcroco3 libcsparse2.2.3 libcxsparse2.2.3
  libgettextpo0 libgfortran3 libglib2.0-0 libklu1.1.0 liblapack-dev liblapack3
  liblapack3gf libldl2.0.1 liblpsolve55-dev libmagic1 libpcre3 libpipeline1
  libsuitesparse-dev libumfpack5.4.0 libunistring0 libxml2 m4 man-db
  po-debconf sbuild-build-depends-mccs-dummy
0 upgraded, 53 newly installed, 0 to remove and 0 not upgraded.
Need to get 37.0 MB/37.0 MB of archives.
After this operation, 97.4 MB of additional disk space will be used.
Get:1 http://localhost/debian/ unstable/main libpipeline1 amd64 1.2.1-1 [39.2 kB]
Get:2 http://localhost/debian/ unstable/main libasprintf0c2 amd64 0.18.1.1-9 [26.8 kB]
Get:3 http://localhost/debian/ unstable/main libmagic1 amd64 5.11-1 [250 kB]
Get:4 http://localhost/debian/ unstable/main libpcre3 amd64 1:8.30-5 [242 kB]
Get:5 http://localhost/debian/ unstable/main libxml2 amd64 2.8.0+dfsg1-4 [903 kB]
Get:6 http://localhost/debian/ unstable/main m4 amd64 1.4.16-3 [260 kB]
Get:7 http://localhost/debian/ unstable/main flex amd64 2.5.35-10 [332 kB]
Get:8 http://localhost/debian/ unstable/main libglib2.0-0 amd64 2.32.3-1 [2081 kB]
Get:9 http://localhost/debian/ unstable/main libcroco3 amd64 0.6.5-1 [151 kB]
Get:10 http://localhost/debian/ unstable/main libunistring0 amd64 0.9.3-5 [434 kB]
Get:11 http://localhost/debian/ unstable/main libgettextpo0 amd64 0.18.1.1-9 [145 kB]
Get:12 http://localhost/debian/ unstable/main libgfortran3 amd64 4.7.1-1 [352 kB]
Get:13 http://localhost/debian/ unstable/main bsdmainutils amd64 9.0.3 [209 kB]
Get:14 http://localhost/debian/ unstable/main groff-base amd64 1.21-8 [1152 kB]
Get:15 http://localhost/debian/ unstable/main man-db amd64 2.6.2-1 [1061 kB]
Get:16 http://localhost/debian/ unstable/main file amd64 5.11-1 [53.2 kB]
Get:17 http://localhost/debian/ unstable/main gettext-base amd64 0.18.1.1-9 [154 kB]
Get:18 http://localhost/debian/ unstable/main libbison-dev amd64 1:2.5.dfsg-2.1 [289 kB]
Get:19 http://localhost/debian/ unstable/main bison amd64 1:2.5.dfsg-2.1 [689 kB]
Get:20 http://localhost/debian/ unstable/main html2text amd64 1.3.2a-15 [103 kB]
Get:21 http://localhost/debian/ unstable/main gettext amd64 0.18.1.1-9 [1975 kB]
Get:22 http://localhost/debian/ unstable/main intltool-debian all 0.35.0+20060710.1 [30.8 kB]
Get:23 http://localhost/debian/ unstable/main po-debconf all 1.0.16+nmu2 [224 kB]
Get:24 http://localhost/debian/ unstable/main debhelper all 9.20120608 [700 kB]
Get:25 http://localhost/debian/ unstable/main libamd2.2.0 amd64 1:3.4.0-2 [29.2 kB]
Get:26 http://localhost/debian/ unstable/main libatlas3-base amd64 3.8.4-7 [7128 kB]
Get:27 http://localhost/debian/ unstable/main libatlas3gf-base amd64 3.8.4-7 [33.5 kB]
Get:28 http://localhost/debian/ unstable/main libblas3 amd64 1.2.20110419-3 [293 kB]
Get:29 http://localhost/debian/ unstable/main libblas-dev amd64 1.2.20110419-3 [312 kB]
Get:30 http://localhost/debian/ unstable/main libblas3gf amd64 1.2.20110419-3 [7804 B]
Get:31 http://localhost/debian/ unstable/main libbtf1.1.0 amd64 1:3.4.0-2 [13.9 kB]
Get:32 http://localhost/debian/ unstable/main libcamd2.2.0 amd64 1:3.4.0-2 [27.7 kB]
Get:33 http://localhost/debian/ unstable/main libccolamd2.7.1 amd64 1:3.4.0-2 [31.0 kB]
Get:34 http://localhost/debian/ unstable/main libcolamd2.7.1 amd64 1:3.4.0-2 [22.2 kB]
Get:35 http://localhost/debian/ unstable/main liblapack3 amd64 3.4.1-3 [5035 kB]
Get:36 http://localhost/debian/ unstable/main liblapack3gf amd64 3.4.1-3 [10.5 kB]
Get:37 http://localhost/debian/ unstable/main libcholmod1.7.1 amd64 1:3.4.0-2 [456 kB]
Get:38 http://localhost/debian/ unstable/main libcsparse2.2.3 amd64 1:3.4.0-2 [29.8 kB]
Get:39 http://localhost/debian/ unstable/main libcxsparse2.2.3 amd64 1:3.4.0-2 [110 kB]
Get:40 http://localhost/debian/ unstable/main libklu1.1.0 amd64 1:3.4.0-2 [109 kB]
Get:41 http://localhost/debian/ unstable/main liblapack-dev amd64 3.4.1-3 [5549 kB]
Get:42 http://localhost/debian/ unstable/main libldl2.0.1 amd64 1:3.4.0-2 [12.5 kB]
Get:43 http://localhost/debian/ unstable/main libumfpack5.4.0 amd64 1:3.4.0-2 [388 kB]
Get:44 http://localhost/debian/ unstable/main libsuitesparse-dev amd64 1:3.4.0-2 [1578 kB]
Get:45 http://localhost/debian/ unstable/main liblpsolve55-dev amd64 5.5.0.13-7 [725 kB]
Get:46 http://localhost/debian/ unstable/main coinor-libcoinutils0 amd64 2.6.4-3 [570 kB]
Get:47 http://localhost/debian/ unstable/main coinor-libclp0 amd64 1.12.0-2.1 [874 kB]
Get:48 http://localhost/debian/ unstable/main coinor-libdylp0 amd64 1.6.0-1.1 [230 kB]
Get:49 http://localhost/debian/ unstable/main coinor-libvol0 amd64 1.1.7-1 [17.8 kB]
Get:50 http://localhost/debian/ unstable/main coinor-libosi0 amd64 0.103.0-1 [378 kB]
Get:51 http://localhost/debian/ unstable/main coinor-libcgl0 amd64 0.55.0-1.1 [437 kB]
Get:52 http://localhost/debian/ unstable/main coinor-libcbc0 amd64 2.5.0-2.3 [727 kB]
debconf: delaying package configuration, since apt-utils is not installed
Fetched 37.0 MB in 3s (10.1 MB/s)
Selecting previously unselected package libpipeline1:amd64.
(Reading database ... 11810 files and directories currently installed.)
Unpacking libpipeline1:amd64 (from .../libpipeline1_1.2.1-1_amd64.deb) ...
Selecting previously unselected package libasprintf0c2:amd64.
Unpacking libasprintf0c2:amd64 (from .../libasprintf0c2_0.18.1.1-9_amd64.deb) ...
Selecting previously unselected package libmagic1:amd64.
Unpacking libmagic1:amd64 (from .../libmagic1_5.11-1_amd64.deb) ...
Selecting previously unselected package libpcre3:amd64.
Unpacking libpcre3:amd64 (from .../libpcre3_1%3a8.30-5_amd64.deb) ...
Selecting previously unselected package libxml2:amd64.
Unpacking libxml2:amd64 (from .../libxml2_2.8.0+dfsg1-4_amd64.deb) ...
Selecting previously unselected package m4.
Unpacking m4 (from .../archives/m4_1.4.16-3_amd64.deb) ...
Selecting previously unselected package flex.
Unpacking flex (from .../flex_2.5.35-10_amd64.deb) ...
Selecting previously unselected package libglib2.0-0:amd64.
Unpacking libglib2.0-0:amd64 (from .../libglib2.0-0_2.32.3-1_amd64.deb) ...
Selecting previously unselected package libcroco3:amd64.
Unpacking libcroco3:amd64 (from .../libcroco3_0.6.5-1_amd64.deb) ...
Selecting previously unselected package libunistring0:amd64.
Unpacking libunistring0:amd64 (from .../libunistring0_0.9.3-5_amd64.deb) ...
Selecting previously unselected package libgettextpo0:amd64.
Unpacking libgettextpo0:amd64 (from .../libgettextpo0_0.18.1.1-9_amd64.deb) ...
Selecting previously unselected package libgfortran3:amd64.
Unpacking libgfortran3:amd64 (from .../libgfortran3_4.7.1-1_amd64.deb) ...
Selecting previously unselected package bsdmainutils.
Unpacking bsdmainutils (from .../bsdmainutils_9.0.3_amd64.deb) ...
Selecting previously unselected package groff-base.
Unpacking groff-base (from .../groff-base_1.21-8_amd64.deb) ...
Selecting previously unselected package man-db.
Unpacking man-db (from .../man-db_2.6.2-1_amd64.deb) ...
Selecting previously unselected package file.
Unpacking file (from .../archives/file_5.11-1_amd64.deb) ...
Selecting previously unselected package gettext-base.
Unpacking gettext-base (from .../gettext-base_0.18.1.1-9_amd64.deb) ...
Selecting previously unselected package libbison-dev:amd64.
Unpacking libbison-dev:amd64 (from .../libbison-dev_1%3a2.5.dfsg-2.1_amd64.deb) ...
Selecting previously unselected package bison.
Unpacking bison (from .../bison_1%3a2.5.dfsg-2.1_amd64.deb) ...
Selecting previously unselected package html2text.
Unpacking html2text (from .../html2text_1.3.2a-15_amd64.deb) ...
Selecting previously unselected package gettext.
Unpacking gettext (from .../gettext_0.18.1.1-9_amd64.deb) ...
Selecting previously unselected package intltool-debian.
Unpacking intltool-debian (from .../intltool-debian_0.35.0+20060710.1_all.deb) ...
Selecting previously unselected package po-debconf.
Unpacking po-debconf (from .../po-debconf_1.0.16+nmu2_all.deb) ...
Selecting previously unselected package debhelper.
Unpacking debhelper (from .../debhelper_9.20120608_all.deb) ...
Selecting previously unselected package libamd2.2.0.
Unpacking libamd2.2.0 (from .../libamd2.2.0_1%3a3.4.0-2_amd64.deb) ...
Selecting previously unselected package libatlas3-base.
Unpacking libatlas3-base (from .../libatlas3-base_3.8.4-7_amd64.deb) ...
Selecting previously unselected package libatlas3gf-base.
Unpacking libatlas3gf-base (from .../libatlas3gf-base_3.8.4-7_amd64.deb) ...
Selecting previously unselected package libblas3.
Unpacking libblas3 (from .../libblas3_1.2.20110419-3_amd64.deb) ...
Selecting previously unselected package libblas-dev.
Unpacking libblas-dev (from .../libblas-dev_1.2.20110419-3_amd64.deb) ...
Selecting previously unselected package libblas3gf.
Unpacking libblas3gf (from .../libblas3gf_1.2.20110419-3_amd64.deb) ...
Selecting previously unselected package libbtf1.1.0.
Unpacking libbtf1.1.0 (from .../libbtf1.1.0_1%3a3.4.0-2_amd64.deb) ...
Selecting previously unselected package libcamd2.2.0.
Unpacking libcamd2.2.0 (from .../libcamd2.2.0_1%3a3.4.0-2_amd64.deb) ...
Selecting previously unselected package libccolamd2.7.1.
Unpacking libccolamd2.7.1 (from .../libccolamd2.7.1_1%3a3.4.0-2_amd64.deb) ...
Selecting previously unselected package libcolamd2.7.1.
Unpacking libcolamd2.7.1 (from .../libcolamd2.7.1_1%3a3.4.0-2_amd64.deb) ...
Selecting previously unselected package liblapack3.
Unpacking liblapack3 (from .../liblapack3_3.4.1-3_amd64.deb) ...
Selecting previously unselected package liblapack3gf.
Unpacking liblapack3gf (from .../liblapack3gf_3.4.1-3_amd64.deb) ...
Selecting previously unselected package libcholmod1.7.1.
Unpacking libcholmod1.7.1 (from .../libcholmod1.7.1_1%3a3.4.0-2_amd64.deb) ...
Selecting previously unselected package libcsparse2.2.3.
Unpacking libcsparse2.2.3 (from .../libcsparse2.2.3_1%3a3.4.0-2_amd64.deb) ...
Selecting previously unselected package libcxsparse2.2.3.
Unpacking libcxsparse2.2.3 (from .../libcxsparse2.2.3_1%3a3.4.0-2_amd64.deb) ...
Selecting previously unselected package libklu1.1.0.
Unpacking libklu1.1.0 (from .../libklu1.1.0_1%3a3.4.0-2_amd64.deb) ...
Selecting previously unselected package liblapack-dev.
Unpacking liblapack-dev (from .../liblapack-dev_3.4.1-3_amd64.deb) ...
Selecting previously unselected package libldl2.0.1.
Unpacking libldl2.0.1 (from .../libldl2.0.1_1%3a3.4.0-2_amd64.deb) ...
Selecting previously unselected package libumfpack5.4.0.
Unpacking libumfpack5.4.0 (from .../libumfpack5.4.0_1%3a3.4.0-2_amd64.deb) ...
Selecting previously unselected package libsuitesparse-dev.
Unpacking libsuitesparse-dev (from .../libsuitesparse-dev_1%3a3.4.0-2_amd64.deb) ...
Selecting previously unselected package liblpsolve55-dev.
Unpacking liblpsolve55-dev (from .../liblpsolve55-dev_5.5.0.13-7_amd64.deb) ...
Selecting previously unselected package coinor-libcoinutils0.
Unpacking coinor-libcoinutils0 (from .../coinor-libcoinutils0_2.6.4-3_amd64.deb) ...
Selecting previously unselected package coinor-libclp0.
Unpacking coinor-libclp0 (from .../coinor-libclp0_1.12.0-2.1_amd64.deb) ...
Selecting previously unselected package coinor-libdylp0.
Unpacking coinor-libdylp0 (from .../coinor-libdylp0_1.6.0-1.1_amd64.deb) ...
Selecting previously unselected package coinor-libvol0.
Unpacking coinor-libvol0 (from .../coinor-libvol0_1.1.7-1_amd64.deb) ...
Selecting previously unselected package coinor-libosi0.
Unpacking coinor-libosi0 (from .../coinor-libosi0_0.103.0-1_amd64.deb) ...
Selecting previously unselected package coinor-libcgl0.
Unpacking coinor-libcgl0 (from .../coinor-libcgl0_0.55.0-1.1_amd64.deb) ...
Selecting previously unselected package coinor-libcbc0.
Unpacking coinor-libcbc0 (from .../coinor-libcbc0_2.5.0-2.3_amd64.deb) ...
Selecting previously unselected package sbuild-build-depends-mccs-dummy.
Unpacking sbuild-build-depends-mccs-dummy (from .../sbuild-build-depends-mccs-dummy.deb) ...
Setting up libpipeline1:amd64 (1.2.1-1) ...
Setting up libasprintf0c2:amd64 (0.18.1.1-9) ...
Setting up libmagic1:amd64 (5.11-1) ...
Setting up libpcre3:amd64 (1:8.30-5) ...
Setting up libxml2:amd64 (2.8.0+dfsg1-4) ...
Setting up m4 (1.4.16-3) ...
Setting up flex (2.5.35-10) ...
Setting up libglib2.0-0:amd64 (2.32.3-1) ...
No schema files found: doing nothing.
Setting up libcroco3:amd64 (0.6.5-1) ...
Setting up libunistring0:amd64 (0.9.3-5) ...
Setting up libgettextpo0:amd64 (0.18.1.1-9) ...
Setting up libgfortran3:amd64 (4.7.1-1) ...
Setting up bsdmainutils (9.0.3) ...
update-alternatives: using /usr/bin/bsd-write to provide /usr/bin/write (write) in auto mode.
update-alternatives: using /usr/bin/bsd-from to provide /usr/bin/from (from) in auto mode.
Setting up groff-base (1.21-8) ...
Setting up man-db (2.6.2-1) ...
Building database of manual pages ...
Setting up file (5.11-1) ...
Setting up gettext-base (0.18.1.1-9) ...
Setting up libbison-dev:amd64 (1:2.5.dfsg-2.1) ...
Setting up bison (1:2.5.dfsg-2.1) ...
update-alternatives: using /usr/bin/bison.yacc to provide /usr/bin/yacc (yacc) in auto mode.
Setting up html2text (1.3.2a-15) ...
Setting up gettext (0.18.1.1-9) ...
Setting up intltool-debian (0.35.0+20060710.1) ...
Setting up po-debconf (1.0.16+nmu2) ...
Setting up debhelper (9.20120608) ...
Setting up libamd2.2.0 (1:3.4.0-2) ...
Setting up libatlas3-base (3.8.4-7) ...
update-alternatives: using /usr/lib/atlas-base/atlas/libblas.so.3 to provide /usr/lib/libblas.so.3 (libblas.so.3) in auto mode.
update-alternatives: using /usr/lib/atlas-base/atlas/liblapack.so.3 to provide /usr/lib/liblapack.so.3 (liblapack.so.3) in auto mode.
Setting up libatlas3gf-base (3.8.4-7) ...
Setting up libblas3 (1.2.20110419-3) ...
Setting up libblas-dev (1.2.20110419-3) ...
update-alternatives: using /usr/lib/libblas/libblas.so to provide /usr/lib/libblas.so (libblas.so) in auto mode.
Setting up libblas3gf (1.2.20110419-3) ...
Setting up libbtf1.1.0 (1:3.4.0-2) ...
Setting up libcamd2.2.0 (1:3.4.0-2) ...
Setting up libccolamd2.7.1 (1:3.4.0-2) ...
Setting up libcolamd2.7.1 (1:3.4.0-2) ...
Setting up liblapack3 (3.4.1-3) ...
Setting up liblapack3gf (3.4.1-3) ...
Setting up libcholmod1.7.1 (1:3.4.0-2) ...
Setting up libcsparse2.2.3 (1:3.4.0-2) ...
Setting up libcxsparse2.2.3 (1:3.4.0-2) ...
Setting up libklu1.1.0 (1:3.4.0-2) ...
Setting up liblapack-dev (3.4.1-3) ...
update-alternatives: using /usr/lib/lapack/liblapack.so to provide /usr/lib/liblapack.so (liblapack.so) in auto mode.
Setting up libldl2.0.1 (1:3.4.0-2) ...
Setting up libumfpack5.4.0 (1:3.4.0-2) ...
Setting up libsuitesparse-dev (1:3.4.0-2) ...
Setting up liblpsolve55-dev (5.5.0.13-7) ...
Setting up coinor-libcoinutils0 (2.6.4-3) ...
Setting up coinor-libclp0 (1.12.0-2.1) ...
Setting up coinor-libdylp0 (1.6.0-1.1) ...
Setting up coinor-libvol0 (1.1.7-1) ...
Setting up coinor-libosi0 (0.103.0-1) ...
Setting up coinor-libcgl0 (0.55.0-1.1) ...
Setting up coinor-libcbc0 (2.5.0-2.3) ...
Setting up sbuild-build-depends-mccs-dummy (0.invalid.0) ...

┌──────────────────────────────────────────────────────────────────────────────┐
│ Build environment                                                            │
└──────────────────────────────────────────────────────────────────────────────┘

Kernel: Linux 2.6.32-5-xen-amd64 amd64 (x86_64)
Toolchain package versions: binutils_2.22-6.1 dpkg-dev_1.16.4.3 g++-4.6_4.6.3-7 g++-4.7_4.7.1-1 gcc-4.6_4.6.3-7 gcc-4.7_4.7.1-1 libc6-dev_2.13-33 libstdc++6_4.7.1-1 libstdc++6-4.6-dev_4.6.3-7 libstdc++6-4.7-dev_4.7.1-1 linux-libc-dev_3.2.20-1
Package versions: apt_0.9.7 base-files_6.11 base-passwd_3.5.26 bash_4.2-2 binutils_2.22-6.1 bison_1:2.5.dfsg-2.1 bsdmainutils_9.0.3 bsdutils_1:2.20.1-5.1 build-essential_11.5 bzip2_1.0.6-3 clang_3.1-6 coinor-libcbc0_2.5.0-2.3 coinor-libcgl0_0.55.0-1.1 coinor-libclp0_1.12.0-2.1 coinor-libcoinutils0_2.6.4-3 coinor-libdylp0_1.6.0-1.1 coinor-libosi0_0.103.0-1 coinor-libvol0_1.1.7-1 coreutils_8.13-3.2 cpp_4:4.7.0-6 cpp-4.6_4.6.3-7 cpp-4.7_4.7.1-1 dash_0.5.7-3 debconf_1.5.44 debconf-i18n_1.5.44 debfoster_2.7-1.1 debhelper_9.20120608 debian-archive-keyring_2012.4 debianutils_4.3.1 diffutils_1:3.2-6 dpkg_1.16.4.3 dpkg-dev_1.16.4.3 e2fslibs_1.42.4-3 e2fsprogs_1.42.4-3 fakeroot_1.18.4-2 file_5.11-1 findutils_4.4.2-4 flex_2.5.35-10 g++_4:4.7.0-6 g++-4.6_4.6.3-7 g++-4.7_4.7.1-1 gcc_4:4.7.0-6 gcc-4.4-base_4.4.7-1 gcc-4.5-base_4.5.3-12 gcc-4.6_4.6.3-7 gcc-4.6-base_4.6.3-7 gcc-4.7_4.7.1-1 gcc-4.7-base_4.7.1-1 gettext_0.18.1.1-9 gettext-base_0.18.1.1-9 gnupg_1.4.12-4 gpgv_1.4.12-4 grep_2.12-2 groff-base_1.21-8 gzip_1.5-1.1 hostname_3.11 html2text_1.3.2a-15 initscripts_2.88dsf-27 insserv_1.14.0-3 intltool-debian_0.35.0+20060710.1 libacl1_2.2.51-8 libamd2.2.0_1:3.4.0-2 libapt-pkg4.12_0.9.7 libasprintf0c2_0.18.1.1-9 libatlas3-base_3.8.4-7 libatlas3gf-base_3.8.4-7 libattr1_1:2.4.46-8 libbison-dev_1:2.5.dfsg-2.1 libblas-dev_1.2.20110419-3 libblas3_1.2.20110419-3 libblas3gf_1.2.20110419-3 libblkid1_2.20.1-5.1 libbtf1.1.0_1:3.4.0-2 libbz2-1.0_1.0.6-3 libc-bin_2.13-33 libc-dev-bin_2.13-33 libc6_2.13-33 libc6-dev_2.13-33 libcamd2.2.0_1:3.4.0-2 libccolamd2.7.1_1:3.4.0-2 libcholmod1.7.1_1:3.4.0-2 libclang-common-dev_3.1-6 libclass-isa-perl_0.36-3 libcolamd2.7.1_1:3.4.0-2 libcomerr2_1.42.4-3 libcroco3_0.6.5-1 libcsparse2.2.3_1:3.4.0-2 libcxsparse2.2.3_1:3.4.0-2 libdb5.1_5.1.29-4 libdpkg-perl_1.16.4.3 libffi5_3.0.10-3 libfile-fcntllock-perl_0.14-2 libgc1c2_1:7.1-8 libgcc1_1:4.7.1-1 libgdbm3_1.8.3-11 libgettextpo0_0.18.1.1-9 libgfortran3_4.7.1-1 libglib2.0-0_2.32.3-1 libgmp10_2:5.0.5+dfsg-2 libgomp1_4.7.1-1 libitm1_4.7.1-1 libklu1.1.0_1:3.4.0-2 liblapack-dev_3.4.1-3 liblapack3_3.4.1-3 liblapack3gf_3.4.1-3 libldl2.0.1_1:3.4.0-2 libllvm3.1_3.1-1 liblocale-gettext-perl_1.05-7+b1 liblpsolve55-dev_5.5.0.13-7 liblzma5_5.1.1alpha+20120614-1 libmagic1_5.11-1 libmount1_2.20.1-5.1 libmpc2_0.9-4 libmpfr4_3.1.0-5 libncurses5_5.9-9 libpam-modules_1.1.3-7.1 libpam-modules-bin_1.1.3-7.1 libpam-runtime_1.1.3-7.1 libpam0g_1.1.3-7.1 libpcre3_1:8.30-5 libpipeline1_1.2.1-1 libquadmath0_4.7.1-1 libreadline6_6.2-8 libselinux1_2.1.9-5 libsemanage-common_2.1.6-6 libsemanage1_2.1.6-6 libsepol1_2.1.4-3 libslang2_2.2.4-13 libss2_1.42.4-3 libstdc++6_4.7.1-1 libstdc++6-4.6-dev_4.6.3-7 libstdc++6-4.7-dev_4.7.1-1 libsuitesparse-dev_1:3.4.0-2 libswitch-perl_2.16-2 libtext-charwidth-perl_0.04-7+b1 libtext-iconv-perl_1.7-5 libtext-wrapi18n-perl_0.06-7 libtimedate-perl_1.2000-1 libtinfo5_5.9-9 libumfpack5.4.0_1:3.4.0-2 libunistring0_0.9.3-5 libusb-0.1-4_2:0.1.12-23 libustr-1.0-1_1.0.4-3 libuuid1_2.20.1-5.1 libxml2_2.8.0+dfsg1-4 linux-libc-dev_3.2.20-1 login_1:4.1.5.1-1 lsb-base_4.1+Debian7 m4_1.4.16-3 make_3.81-8.2 man-db_2.6.2-1 mawk_1.3.3-17 mount_2.20.1-5.1 multiarch-support_2.13-33 ncurses-base_5.9-9 ncurses-bin_5.9-9 passwd_1:4.1.5.1-1 patch_2.6.1-3 perl_5.14.2-12 perl-base_5.14.2-12 perl-modules_5.14.2-12 po-debconf_1.0.16+nmu2 readline-common_6.2-8 sbuild-build-depends-core-dummy_0.invalid.0 sbuild-build-depends-mccs-dummy_0.invalid.0 sed_4.2.1-10 sensible-utils_0.0.7 sysv-rc_2.88dsf-27 sysvinit_2.88dsf-27 sysvinit-utils_2.88dsf-27 tar_1.26-4 tzdata_2012c-1 ucf_3.0025+nmu3 util-linux_2.20.1-5.1 xz-utils_5.1.1alpha+20120614-1 zlib1g_1:1.2.7.dfsg-13

┌──────────────────────────────────────────────────────────────────────────────┐
│ Build                                                                        │
└──────────────────────────────────────────────────────────────────────────────┘


Unpack source
─────────────

gpgv: keyblock resource `/sbuild-nonexistent/.gnupg/trustedkeys.gpg': file open error
gpgv: Signature made Wed May 23 20:30:06 2012 UTC using DSA key ID E0BA04C1
gpgv: Can't check signature: public key not found
dpkg-source: warning: failed to verify signature on ./mccs_1.1-2.dsc
dpkg-source: info: extracting mccs in mccs-1.1
dpkg-source: info: unpacking mccs_1.1.orig.tar.gz
dpkg-source: info: unpacking mccs_1.1-2.debian.tar.gz
dpkg-source: info: applying lpsolve
dpkg-source: info: applying calling-engines
dpkg-source: info: applying cbc-default

Check disc space
────────────────

Sufficient free space for build

User Environment
────────────────

HOME=/sbuild-nonexistent
LOGNAME=root
PATH=/usr/local/sbin:/usr/local/bin:/usr/sbin:/usr/bin:/sbin:/bin:/usr/bin/X11
SCHROOT_CHROOT_NAME=unstable-amd64-sbuild
SCHROOT_COMMAND=env
SCHROOT_GID=0
SCHROOT_GROUP=root
SCHROOT_SESSION_ID=unstable-amd64-sbuild-263f6404-3335-4ba6-aadd-49f193a7d7e7
SCHROOT_UID=0
SCHROOT_USER=root
SHELL=/bin/sh
USER=root

dpkg-buildpackage
─────────────────

dpkg-buildpackage: warning: using a gain-root-command while being root
dpkg-buildpackage: source package mccs
dpkg-buildpackage: source version 1:1.1-2
dpkg-buildpackage: source changed by Ralf Treinen <treinen@debian.org>
 dpkg-source --before-build mccs-1.1
dpkg-buildpackage: host architecture amd64
 fakeroot debian/rules clean
dh clean
   dh_testdir
   dh_auto_clean
make[1]: Entering directory `/«PKGBUILDDIR»'
rm -f *~
rm -f libsrcs/*~
rm -f sources/*~
rm -f objs/*
rm -f mccs
rm -f libccudf.a
rm -f libccudf.so
rm -f *.lp
rm -f pblib.opb
rm -f ctpblib.opb
rm -f lppbs.out
rm -f pbsolver.out
rm -f lpsolver.out
rm -f installed.txt removed.txt
rm -f sol
rm -f cplex.log clone0.log
rm -f */*~
make[1]: Leaving directory `/«PKGBUILDDIR»'
   dh_clean
 debian/rules build-arch
dh build-arch
   dh_testdir -a
   dh_auto_configure -a
   dh_auto_build -a
make[1]: Entering directory `/«PKGBUILDDIR»'
g++ -Wall -O6  -DUSELPSOLVE -c -Iobjs -Isources -Ilibsrcs sources/cudf.c -o objs/cudf.o
clang: warning: treating 'c' input as 'c++' when in C++ mode, this behavior is deprecated
error: invalid value '6' in '-O6'
make[1]: *** [objs/cudf.o] Error 1
make[1]: Leaving directory `/«PKGBUILDDIR»'
dh_auto_build: make -j1 returned exit code 2
make: *** [build-arch] Error 2
dpkg-buildpackage: error: debian/rules build-arch gave error exit status 2
────────────────────────────────────────────────────────────────────────────────
Build finished at 20120623-1641

Finished
────────

E: Build failure (dpkg-buildpackage died)

┌──────────────────────────────────────────────────────────────────────────────┐
│ Cleanup                                                                      │
└──────────────────────────────────────────────────────────────────────────────┘

Purging /«BUILDDIR»
Not cleaning session: cloned chroot in use

┌──────────────────────────────────────────────────────────────────────────────┐
│ Summary                                                                      │
└──────────────────────────────────────────────────────────────────────────────┘

Architecture: amd64
Build-Space: 680
Build-Time: 2
Distribution: unstable
Fail-Stage: build
Install-Time: 13
Job: mccs_1:1.1-2
Package: mccs
Package-Time: 41
Source-Version: 1:1.1-2
Space: 680
Status: attempted
Version: 1:1.1-2
────────────────────────────────────────────────────────────────────────────────
Finished at 20120623-1641
Build needed 00:00:41, 680k disc space
DC-Status: Failed 42.182181s
