DC-Build-Header: modemmanager 0.5.2.0-1 / Sat Jun 23 16:31:55 +0000 2012
DC-Task: logfile:/tmp/modemmanager_0.5.2.0-1_unstable_clang.log version:0.5.2.0-1 chroot:unstable modes:binary-only:clang source:modemmanager architecture:any esttime:111
DC-Sbuild-call: su user -c 'sbuild -n --apt-update -d unstable -v  --chroot-setup-commands=/tmp/switch-to-clang modemmanager_0.5.2.0-1'
sbuild (Debian sbuild) 0.62.5 (13 Jul 2011) on ip-10-28-6-103.ec2.internal

╔══════════════════════════════════════════════════════════════════════════════╗
║ modemmanager 0.5.2.0-1 (amd64)                             23 Jun 2012 16:31 ║
╚══════════════════════════════════════════════════════════════════════════════╝

Package: modemmanager
Version: 0.5.2.0-1
Source Version: 0.5.2.0-1
Distribution: unstable
Architecture: amd64

I: NOTICE: Log filtering will replace 'build/modemmanager-eCbHKn/modemmanager-0.5.2.0' with '«PKGBUILDDIR»'
I: NOTICE: Log filtering will replace 'build/modemmanager-eCbHKn' with '«BUILDDIR»'
I: NOTICE: Log filtering will replace 'var/lib/schroot/mount/unstable-amd64-sbuild-1567df27-b29b-43c8-b99f-d734cb1a5ff9' with '«CHROOT»'

┌──────────────────────────────────────────────────────────────────────────────┐
│ Update chroot                                                                │
└──────────────────────────────────────────────────────────────────────────────┘

Ign http://localhost unstable InRelease
Get:1 http://localhost unstable Release.gpg [836 B]
Get:2 http://localhost unstable Release [233 kB]
Get:3 http://localhost unstable/main Sources/DiffIndex [7876 B]
Get:4 http://localhost unstable/main amd64 Packages/DiffIndex [7876 B]
Get:5 http://localhost unstable/main Translation-en/DiffIndex [7876 B]
Get:6 http://localhost unstable/main 2012-06-23-0814.36.pdiff [8967 B]
Get:7 http://localhost unstable/main 2012-06-23-0814.36.pdiff [8967 B]
Get:8 http://localhost unstable/main amd64 2012-06-23-0814.36.pdiff [6101 B]
Get:9 http://localhost unstable/main 2012-06-23-0814.36.pdiff [1297 B]
Get:10 http://localhost unstable/main amd64 2012-06-23-0814.36.pdiff [6101 B]
Get:11 http://localhost unstable/main 2012-06-23-1414.42.pdiff [10.6 kB]
Get:12 http://localhost unstable/main 2012-06-23-0814.36.pdiff [1297 B]
Get:13 http://localhost unstable/main amd64 2012-06-23-1414.42.pdiff [11.3 kB]
Get:14 http://localhost unstable/main 2012-06-23-1414.42.pdiff [10.6 kB]
Get:15 http://localhost unstable/main 2012-06-23-1414.42.pdiff [696 B]
Get:16 http://localhost unstable/main amd64 2012-06-23-1414.42.pdiff [11.3 kB]
Get:17 http://localhost unstable/main 2012-06-23-1414.42.pdiff [696 B]
Fetched 296 kB in 7s (41.2 kB/s)
Reading package lists...
Reading package lists...
Building dependency tree...
Reading state information...
The following packages will be upgraded:
  base-passwd bsdutils libblkid1 libmount1 libuuid1 mount util-linux
7 upgraded, 0 newly installed, 0 to remove and 0 not upgraded.
Need to get 1300 kB of archives.
After this operation, 308 kB disk space will be freed.
Get:1 http://localhost/debian/ unstable/main mount amd64 2.20.1-5.1 [213 kB]
Get:2 http://localhost/debian/ unstable/main util-linux amd64 2.20.1-5.1 [659 kB]
Get:3 http://localhost/debian/ unstable/main base-passwd amd64 3.5.26 [46.3 kB]
Get:4 http://localhost/debian/ unstable/main bsdutils amd64 1:2.20.1-5.1 [85.3 kB]
Get:5 http://localhost/debian/ unstable/main libuuid1 amd64 2.20.1-5.1 [56.9 kB]
Get:6 http://localhost/debian/ unstable/main libblkid1 amd64 2.20.1-5.1 [120 kB]
Get:7 http://localhost/debian/ unstable/main libmount1 amd64 2.20.1-5.1 [120 kB]
debconf: delaying package configuration, since apt-utils is not installed
Fetched 1300 kB in 0s (22.0 MB/s)
(Reading database ... 11730 files and directories currently installed.)
Preparing to replace mount 2.20.1-5 (using .../mount_2.20.1-5.1_amd64.deb) ...
Unpacking replacement mount ...
Setting up mount (2.20.1-5.1) ...
(Reading database ... 11730 files and directories currently installed.)
Preparing to replace util-linux 2.20.1-5 (using .../util-linux_2.20.1-5.1_amd64.deb) ...
Unpacking replacement util-linux ...
Setting up util-linux (2.20.1-5.1) ...
(Reading database ... 11730 files and directories currently installed.)
Preparing to replace base-passwd 3.5.25 (using .../base-passwd_3.5.26_amd64.deb) ...
Unpacking replacement base-passwd ...
Setting up base-passwd (3.5.26) ...
(Reading database ... 11730 files and directories currently installed.)
Preparing to replace bsdutils 1:2.20.1-5 (using .../bsdutils_1%3a2.20.1-5.1_amd64.deb) ...
Unpacking replacement bsdutils ...
Setting up bsdutils (1:2.20.1-5.1) ...
(Reading database ... 11730 files and directories currently installed.)
Preparing to replace libuuid1:amd64 2.20.1-5 (using .../libuuid1_2.20.1-5.1_amd64.deb) ...
Unpacking replacement libuuid1:amd64 ...
Setting up libuuid1:amd64 (2.20.1-5.1) ...
(Reading database ... 11730 files and directories currently installed.)
Preparing to replace libblkid1:amd64 2.20.1-5 (using .../libblkid1_2.20.1-5.1_amd64.deb) ...
Unpacking replacement libblkid1:amd64 ...
Setting up libblkid1:amd64 (2.20.1-5.1) ...
(Reading database ... 11730 files and directories currently installed.)
Preparing to replace libmount1 2.20.1-5 (using .../libmount1_2.20.1-5.1_amd64.deb) ...
Unpacking replacement libmount1 ...
Setting up libmount1 (2.20.1-5.1) ...

┌──────────────────────────────────────────────────────────────────────────────┐
│ Fetch source files                                                           │
└──────────────────────────────────────────────────────────────────────────────┘


Check APT
─────────

Checking available source versions...

Download source files with APT
──────────────────────────────

Reading package lists...
Building dependency tree...
Reading state information...
NOTICE: 'modemmanager' packaging is maintained in the 'Bzr' version control system at:
https://code.launchpad.net/~modemmanager/modemmanager/ubuntu
Please use:
bzr branch https://code.launchpad.net/~modemmanager/modemmanager/ubuntu
to retrieve the latest (possibly unreleased) updates to the package.
Need to get 508 kB of source archives.
Get:1 http://localhost/debian/ unstable/main modemmanager 0.5.2.0-1 (dsc) [2121 B]
Get:2 http://localhost/debian/ unstable/main modemmanager 0.5.2.0-1 (tar) [493 kB]
Get:3 http://localhost/debian/ unstable/main modemmanager 0.5.2.0-1 (diff) [13.0 kB]
Fetched 508 kB in 0s (2008 kB/s)
Download complete and in download only mode

Check arch
──────────


┌──────────────────────────────────────────────────────────────────────────────┐
│ Chroot Setup Commands                                                        │
└──────────────────────────────────────────────────────────────────────────────┘


/tmp/switch-to-clang
────────────────────

+ echo 'Entering customization script...'
Entering customization script...
+ apt-get update
Ign http://localhost unstable InRelease
Hit http://localhost unstable Release.gpg
Hit http://localhost unstable Release
Hit http://localhost unstable/main Sources/DiffIndex
Hit http://localhost unstable/main amd64 Packages/DiffIndex
Hit http://localhost unstable/main Translation-en/DiffIndex
Reading package lists...
+ echo 'Install of clang'
Install of clang
+ apt-get update
Ign http://localhost unstable InRelease
Hit http://localhost unstable Release.gpg
Hit http://localhost unstable Release
Hit http://localhost unstable/main Sources/DiffIndex
Hit http://localhost unstable/main amd64 Packages/DiffIndex
Hit http://localhost unstable/main Translation-en/DiffIndex
Reading package lists...
+ apt-get install --yes --no-install-recommends clang -t unstable
Reading package lists...
Building dependency tree...
Reading state information...
The following extra packages will be installed:
  libclang-common-dev libffi5 libllvm3.1
Recommended packages:
  llvm-3.1-dev python
The following NEW packages will be installed:
  clang libclang-common-dev libffi5 libllvm3.1
0 upgraded, 4 newly installed, 0 to remove and 0 not upgraded.
Need to get 13.1 MB of archives.
After this operation, 35.6 MB of additional disk space will be used.
Get:1 http://localhost/debian/ unstable/main libffi5 amd64 3.0.10-3 [24.8 kB]
Get:2 http://localhost/debian/ unstable/main libllvm3.1 amd64 3.1-1 [7276 kB]
Get:3 http://localhost/debian/ unstable/main libclang-common-dev amd64 3.1-6 [84.0 kB]
Get:4 http://localhost/debian/ unstable/main clang amd64 3.1-6 [5755 kB]
debconf: delaying package configuration, since apt-utils is not installed
Fetched 13.1 MB in 0s (30.1 MB/s)
Selecting previously unselected package libffi5:amd64.
(Reading database ... 11730 files and directories currently installed.)
Unpacking libffi5:amd64 (from .../libffi5_3.0.10-3_amd64.deb) ...
Selecting previously unselected package libllvm3.1:amd64.
Unpacking libllvm3.1:amd64 (from .../libllvm3.1_3.1-1_amd64.deb) ...
Selecting previously unselected package libclang-common-dev.
Unpacking libclang-common-dev (from .../libclang-common-dev_3.1-6_amd64.deb) ...
Selecting previously unselected package clang.
Unpacking clang (from .../archives/clang_3.1-6_amd64.deb) ...
Setting up libffi5:amd64 (3.0.10-3) ...
Setting up libllvm3.1:amd64 (3.1-1) ...
Setting up libclang-common-dev (3.1-6) ...
Setting up clang (3.1-6) ...
+ echo 'Replace gcc, g++ & cpp by clang'
Replace gcc, g++ & cpp by clang
+ VERSION=4.7
+ cd /usr/bin
+ rm g++-4.7 gcc-4.7 cpp-4.7
+ ln -s clang++ g++-4.7
+ ln -s clang gcc-4.7
+ ln -s clang cpp-4.7
+ cd -
/«BUILDDIR»
+ echo 'Block the installation of new gcc version'
Block the installation of new gcc version
+ dpkg --set-selections
+ echo 'gcc-4.6 hold'
+ dpkg --set-selections
+ echo 'cpp-4.6 hold'
+ dpkg --set-selections
+ echo 'g++-4.6 hold'
+ dpkg --set-selections
+ echo 'gcc-4.7 hold'
+ dpkg --set-selections
+ echo 'cpp-4.7 hold'
+ dpkg --set-selections
+ echo 'g++-4.7 hold'
+ echo 'Check if gcc, g++ & cpp are actually clang'
Check if gcc, g++ & cpp are actually clang
+ grep clang
+ gcc --version

I: Finished running '/tmp/switch-to-clang'.

Finished processing commands.
────────────────────────────────────────────────────────────────────────────────
Merged Build-Depends: build-essential, fakeroot
Filtered Build-Depends: build-essential, fakeroot
dpkg-deb: building package `sbuild-build-depends-core-dummy' in `/«BUILDDIR»/resolver-pZE6zn/apt_archive/sbuild-build-depends-core-dummy.deb'.
OK
Reading package lists...

┌──────────────────────────────────────────────────────────────────────────────┐
│ Install core build dependencies (apt-based resolver)                         │
└──────────────────────────────────────────────────────────────────────────────┘

Installing build dependencies
Reading package lists...
Building dependency tree...
Reading state information...
The following NEW packages will be installed:
  sbuild-build-depends-core-dummy
debconf: delaying package configuration, since apt-utils is not installed
0 upgraded, 1 newly installed, 0 to remove and 0 not upgraded.
Need to get 0 B/706 B of archives.
After this operation, 0 B of additional disk space will be used.
Selecting previously unselected package sbuild-build-depends-core-dummy.
(Reading database ... 11810 files and directories currently installed.)
Unpacking sbuild-build-depends-core-dummy (from .../sbuild-build-depends-core-dummy.deb) ...
Setting up sbuild-build-depends-core-dummy (0.invalid.0) ...
Merged Build-Depends: base-files, base-passwd, bash, coreutils, dash, debianutils, diffutils, dpkg, e2fsprogs, findutils, grep, gzip, hostname, ncurses-base, ncurses-bin, perl-base, sed, login, sysvinit-utils, sysvinit, tar, bsdutils, mount, util-linux, libc6-dev | libc-dev, gcc (>= 4:4.4.3), g++ (>= 4:4.4.3), make, dpkg-dev (>= 1.13.5), debhelper (>= 8), dh-autoreconf, automake (>= 1:1.10), automake (<< 1:1.12), libtool, libdbus-glib-1-dev (>= 0.86), libglib2.0-dev (>= 2.18), libgudev-1.0-dev, xsltproc, intltool
Filtered Build-Depends: base-files, base-passwd, bash, coreutils, dash, debianutils, diffutils, dpkg, e2fsprogs, findutils, grep, gzip, hostname, ncurses-base, ncurses-bin, perl-base, sed, login, sysvinit-utils, sysvinit, tar, bsdutils, mount, util-linux, libc6-dev, gcc (>= 4:4.4.3), g++ (>= 4:4.4.3), make, dpkg-dev (>= 1.13.5), debhelper (>= 8), dh-autoreconf, automake (>= 1:1.10), automake (<< 1:1.12), libtool, libdbus-glib-1-dev (>= 0.86), libglib2.0-dev (>= 2.18), libgudev-1.0-dev, xsltproc, intltool
dpkg-deb: building package `sbuild-build-depends-modemmanager-dummy' in `/«BUILDDIR»/resolver-9gdQ0C/apt_archive/sbuild-build-depends-modemmanager-dummy.deb'.
OK
Reading package lists...

┌──────────────────────────────────────────────────────────────────────────────┐
│ Install modemmanager build dependencies (apt-based resolver)                 │
└──────────────────────────────────────────────────────────────────────────────┘

Installing build dependencies
Reading package lists...
Building dependency tree...
Reading state information...
The following extra packages will be installed:
  autoconf automake autotools-dev bsdmainutils ca-certificates debhelper
  dh-autoreconf file gettext gettext-base groff-base html2text intltool
  intltool-debian libasprintf0c2 libcroco3 libdbus-1-3 libdbus-1-dev
  libdbus-glib-1-2 libdbus-glib-1-dev libelf1 libencode-locale-perl libexpat1
  libfile-listing-perl libgcrypt11 libgettextpo0 libglib2.0-0 libglib2.0-bin
  libglib2.0-data libglib2.0-dev libgpg-error0 libgudev-1.0-0 libgudev-1.0-dev
  libhtml-parser-perl libhtml-tagset-perl libhtml-tree-perl
  libhttp-cookies-perl libhttp-date-perl libhttp-message-perl
  libhttp-negotiate-perl libio-socket-ssl-perl liblwp-mediatypes-perl
  liblwp-protocol-https-perl libmagic1 libnet-http-perl libnet-ssleay-perl
  libpcre3 libpcre3-dev libpcrecpp0 libpipeline1 libpopt0 libssl1.0.0 libtool
  libudev0 libunistring0 liburi-perl libwww-perl libwww-robotrules-perl
  libxml-parser-perl libxml2 libxslt1.1 m4 man-db netbase openssl pkg-config
  po-debconf xsltproc zlib1g-dev
Suggested packages:
  autoconf2.13 autoconf-archive gnu-standards autoconf-doc wamerican wordlist
  whois vacation dh-make gettext-doc groff rng-tools libglib2.0-doc
  libdata-dump-perl libcrypt-ssleay-perl libtool-doc automaken gfortran
  fortran95-compiler gcj libauthen-ntlm-perl less www-browser libmail-box-perl
Recommended packages:
  autopoint curl wget lynx-cur dbus shared-mime-info python
  libhtml-format-perl libio-socket-ip-perl libio-socket-inet6-perl libltdl-dev
  libhtml-form-perl libhttp-daemon-perl libmailtools-perl xml-core ifupdown
  libmail-sendmail-perl
The following NEW packages will be installed:
  autoconf automake autotools-dev bsdmainutils ca-certificates debhelper
  dh-autoreconf file gettext gettext-base groff-base html2text intltool
  intltool-debian libasprintf0c2 libcroco3 libdbus-1-3 libdbus-1-dev
  libdbus-glib-1-2 libdbus-glib-1-dev libelf1 libencode-locale-perl libexpat1
  libfile-listing-perl libgcrypt11 libgettextpo0 libglib2.0-0 libglib2.0-bin
  libglib2.0-data libglib2.0-dev libgpg-error0 libgudev-1.0-0 libgudev-1.0-dev
  libhtml-parser-perl libhtml-tagset-perl libhtml-tree-perl
  libhttp-cookies-perl libhttp-date-perl libhttp-message-perl
  libhttp-negotiate-perl libio-socket-ssl-perl liblwp-mediatypes-perl
  liblwp-protocol-https-perl libmagic1 libnet-http-perl libnet-ssleay-perl
  libpcre3 libpcre3-dev libpcrecpp0 libpipeline1 libpopt0 libssl1.0.0 libtool
  libudev0 libunistring0 liburi-perl libwww-perl libwww-robotrules-perl
  libxml-parser-perl libxml2 libxslt1.1 m4 man-db netbase openssl pkg-config
  po-debconf sbuild-build-depends-modemmanager-dummy xsltproc zlib1g-dev
0 upgraded, 70 newly installed, 0 to remove and 0 not upgraded.
Need to get 25.2 MB/25.2 MB of archives.
After this operation, 64.9 MB of additional disk space will be used.
Get:1 http://localhost/debian/ unstable/main libpipeline1 amd64 1.2.1-1 [39.2 kB]
Get:2 http://localhost/debian/ unstable/main libpopt0 amd64 1.16-7 [56.4 kB]
Get:3 http://localhost/debian/ unstable/main libssl1.0.0 amd64 1.0.1c-3 [1211 kB]
Get:4 http://localhost/debian/ unstable/main libudev0 amd64 175-3.1 [126 kB]
Get:5 http://localhost/debian/ unstable/main libasprintf0c2 amd64 0.18.1.1-9 [26.8 kB]
Get:6 http://localhost/debian/ unstable/main libgpg-error0 amd64 1.10-3 [66.8 kB]
Get:7 http://localhost/debian/ unstable/main libgcrypt11 amd64 1.5.0-3 [298 kB]
Get:8 http://localhost/debian/ unstable/main libmagic1 amd64 5.11-1 [250 kB]
Get:9 http://localhost/debian/ unstable/main libpcre3 amd64 1:8.30-5 [242 kB]
Get:10 http://localhost/debian/ unstable/main libxml2 amd64 2.8.0+dfsg1-4 [903 kB]
Get:11 http://localhost/debian/ unstable/main libglib2.0-0 amd64 2.32.3-1 [2081 kB]
Get:12 http://localhost/debian/ unstable/main libcroco3 amd64 0.6.5-1 [151 kB]
Get:13 http://localhost/debian/ unstable/main libdbus-1-3 amd64 1.6.0-1 [171 kB]
Get:14 http://localhost/debian/ unstable/main libdbus-glib-1-2 amd64 0.98-1 [197 kB]
Get:15 http://localhost/debian/ unstable/main libelf1 amd64 0.153-1 [304 kB]
Get:16 http://localhost/debian/ unstable/main libexpat1 amd64 2.1.0-1 [141 kB]
Get:17 http://localhost/debian/ unstable/main libunistring0 amd64 0.9.3-5 [434 kB]
Get:18 http://localhost/debian/ unstable/main libgettextpo0 amd64 0.18.1.1-9 [145 kB]
Get:19 http://localhost/debian/ unstable/main libgudev-1.0-0 amd64 175-3.1 [112 kB]
Get:20 http://localhost/debian/ unstable/main libpcrecpp0 amd64 1:8.30-5 [125 kB]
Get:21 http://localhost/debian/ unstable/main libxslt1.1 amd64 1.1.26-12+rebuild1 [252 kB]
Get:22 http://localhost/debian/ unstable/main bsdmainutils amd64 9.0.3 [209 kB]
Get:23 http://localhost/debian/ unstable/main groff-base amd64 1.21-8 [1152 kB]
Get:24 http://localhost/debian/ unstable/main man-db amd64 2.6.2-1 [1061 kB]
Get:25 http://localhost/debian/ unstable/main netbase all 5.0 [20.1 kB]
Get:26 http://localhost/debian/ unstable/main file amd64 5.11-1 [53.2 kB]
Get:27 http://localhost/debian/ unstable/main gettext-base amd64 0.18.1.1-9 [154 kB]
Get:28 http://localhost/debian/ unstable/main m4 amd64 1.4.16-3 [260 kB]
Get:29 http://localhost/debian/ unstable/main autoconf all 2.69-1 [589 kB]
Get:30 http://localhost/debian/ unstable/main autotools-dev all 20120608.1 [73.0 kB]
Get:31 http://localhost/debian/ unstable/main automake all 1:1.11.5-2 [606 kB]
Get:32 http://localhost/debian/ unstable/main openssl amd64 1.0.1c-3 [697 kB]
Get:33 http://localhost/debian/ unstable/main ca-certificates all 20120212 [177 kB]
Get:34 http://localhost/debian/ unstable/main html2text amd64 1.3.2a-15 [103 kB]
Get:35 http://localhost/debian/ unstable/main gettext amd64 0.18.1.1-9 [1975 kB]
Get:36 http://localhost/debian/ unstable/main intltool-debian all 0.35.0+20060710.1 [30.8 kB]
Get:37 http://localhost/debian/ unstable/main po-debconf all 1.0.16+nmu2 [224 kB]
Get:38 http://localhost/debian/ unstable/main debhelper all 9.20120608 [700 kB]
Get:39 http://localhost/debian/ unstable/main libtool amd64 2.4.2-1.1 [619 kB]
Get:40 http://localhost/debian/ unstable/main dh-autoreconf all 6 [15.3 kB]
Get:41 http://localhost/debian/ unstable/main liburi-perl all 1.60-1 [100 kB]
Get:42 http://localhost/debian/ unstable/main libencode-locale-perl all 1.03-1 [13.6 kB]
Get:43 http://localhost/debian/ unstable/main libhttp-date-perl all 6.02-1 [10.7 kB]
Get:44 http://localhost/debian/ unstable/main libfile-listing-perl all 6.04-1 [10.3 kB]
Get:45 http://localhost/debian/ unstable/main libhtml-tagset-perl all 3.20-2 [13.5 kB]
Get:46 http://localhost/debian/ unstable/main libhtml-parser-perl amd64 3.69-2 [114 kB]
Get:47 http://localhost/debian/ unstable/main libhtml-tree-perl all 5.00-1 [225 kB]
Get:48 http://localhost/debian/ unstable/main liblwp-mediatypes-perl all 6.02-1 [22.1 kB]
Get:49 http://localhost/debian/ unstable/main libhttp-message-perl all 6.03-1 [78.5 kB]
Get:50 http://localhost/debian/ unstable/main libhttp-cookies-perl all 6.00-2 [23.5 kB]
Get:51 http://localhost/debian/ unstable/main libhttp-negotiate-perl all 6.00-2 [13.6 kB]
Get:52 http://localhost/debian/ unstable/main libnet-ssleay-perl amd64 1.48-1+b1 [335 kB]
Get:53 http://localhost/debian/ unstable/main libio-socket-ssl-perl all 1.76-1 [67.8 kB]
Get:54 http://localhost/debian/ unstable/main libnet-http-perl all 6.03-2 [24.3 kB]
Get:55 http://localhost/debian/ unstable/main liblwp-protocol-https-perl all 6.03-1 [7580 B]
Get:56 http://localhost/debian/ unstable/main libwww-robotrules-perl all 6.01-1 [14.3 kB]
Get:57 http://localhost/debian/ unstable/main libwww-perl all 6.04-1 [203 kB]
Get:58 http://localhost/debian/ unstable/main libxml-parser-perl amd64 2.41-1+b1 [278 kB]
Get:59 http://localhost/debian/ unstable/main intltool all 0.50.2-2 [101 kB]
Get:60 http://localhost/debian/ unstable/main pkg-config amd64 0.26-1 [59.5 kB]
Get:61 http://localhost/debian/ unstable/main libdbus-1-dev amd64 1.6.0-1 [245 kB]
Get:62 http://localhost/debian/ unstable/main libglib2.0-data all 2.32.3-1 [2711 kB]
Get:63 http://localhost/debian/ unstable/main libglib2.0-bin amd64 2.32.3-1 [861 kB]
Get:64 http://localhost/debian/ unstable/main libpcre3-dev amd64 1:8.30-5 [349 kB]
Get:65 http://localhost/debian/ unstable/main zlib1g-dev amd64 1:1.2.7.dfsg-13 [215 kB]
Get:66 http://localhost/debian/ unstable/main libglib2.0-dev amd64 2.32.3-1 [2631 kB]
Get:67 http://localhost/debian/ unstable/main libdbus-glib-1-dev amd64 0.98-1 [254 kB]
Get:68 http://localhost/debian/ unstable/main libgudev-1.0-dev amd64 175-3.1 [44.0 kB]
Get:69 http://localhost/debian/ unstable/main xsltproc amd64 1.1.26-12+rebuild1 [116 kB]
debconf: delaying package configuration, since apt-utils is not installed
Fetched 25.2 MB in 1s (19.0 MB/s)
Selecting previously unselected package libpipeline1:amd64.
(Reading database ... 11810 files and directories currently installed.)
Unpacking libpipeline1:amd64 (from .../libpipeline1_1.2.1-1_amd64.deb) ...
Selecting previously unselected package libpopt0:amd64.
Unpacking libpopt0:amd64 (from .../libpopt0_1.16-7_amd64.deb) ...
Selecting previously unselected package libssl1.0.0:amd64.
Unpacking libssl1.0.0:amd64 (from .../libssl1.0.0_1.0.1c-3_amd64.deb) ...
Selecting previously unselected package libudev0:amd64.
Unpacking libudev0:amd64 (from .../libudev0_175-3.1_amd64.deb) ...
Selecting previously unselected package libasprintf0c2:amd64.
Unpacking libasprintf0c2:amd64 (from .../libasprintf0c2_0.18.1.1-9_amd64.deb) ...
Selecting previously unselected package libgpg-error0:amd64.
Unpacking libgpg-error0:amd64 (from .../libgpg-error0_1.10-3_amd64.deb) ...
Selecting previously unselected package libgcrypt11:amd64.
Unpacking libgcrypt11:amd64 (from .../libgcrypt11_1.5.0-3_amd64.deb) ...
Selecting previously unselected package libmagic1:amd64.
Unpacking libmagic1:amd64 (from .../libmagic1_5.11-1_amd64.deb) ...
Selecting previously unselected package libpcre3:amd64.
Unpacking libpcre3:amd64 (from .../libpcre3_1%3a8.30-5_amd64.deb) ...
Selecting previously unselected package libxml2:amd64.
Unpacking libxml2:amd64 (from .../libxml2_2.8.0+dfsg1-4_amd64.deb) ...
Selecting previously unselected package libglib2.0-0:amd64.
Unpacking libglib2.0-0:amd64 (from .../libglib2.0-0_2.32.3-1_amd64.deb) ...
Selecting previously unselected package libcroco3:amd64.
Unpacking libcroco3:amd64 (from .../libcroco3_0.6.5-1_amd64.deb) ...
Selecting previously unselected package libdbus-1-3:amd64.
Unpacking libdbus-1-3:amd64 (from .../libdbus-1-3_1.6.0-1_amd64.deb) ...
Selecting previously unselected package libdbus-glib-1-2:amd64.
Unpacking libdbus-glib-1-2:amd64 (from .../libdbus-glib-1-2_0.98-1_amd64.deb) ...
Selecting previously unselected package libelf1:amd64.
Unpacking libelf1:amd64 (from .../libelf1_0.153-1_amd64.deb) ...
Selecting previously unselected package libexpat1:amd64.
Unpacking libexpat1:amd64 (from .../libexpat1_2.1.0-1_amd64.deb) ...
Selecting previously unselected package libunistring0:amd64.
Unpacking libunistring0:amd64 (from .../libunistring0_0.9.3-5_amd64.deb) ...
Selecting previously unselected package libgettextpo0:amd64.
Unpacking libgettextpo0:amd64 (from .../libgettextpo0_0.18.1.1-9_amd64.deb) ...
Selecting previously unselected package libgudev-1.0-0:amd64.
Unpacking libgudev-1.0-0:amd64 (from .../libgudev-1.0-0_175-3.1_amd64.deb) ...
Selecting previously unselected package libpcrecpp0:amd64.
Unpacking libpcrecpp0:amd64 (from .../libpcrecpp0_1%3a8.30-5_amd64.deb) ...
Selecting previously unselected package libxslt1.1:amd64.
Unpacking libxslt1.1:amd64 (from .../libxslt1.1_1.1.26-12+rebuild1_amd64.deb) ...
Selecting previously unselected package bsdmainutils.
Unpacking bsdmainutils (from .../bsdmainutils_9.0.3_amd64.deb) ...
Selecting previously unselected package groff-base.
Unpacking groff-base (from .../groff-base_1.21-8_amd64.deb) ...
Selecting previously unselected package man-db.
Unpacking man-db (from .../man-db_2.6.2-1_amd64.deb) ...
Selecting previously unselected package netbase.
Unpacking netbase (from .../archives/netbase_5.0_all.deb) ...
Selecting previously unselected package file.
Unpacking file (from .../archives/file_5.11-1_amd64.deb) ...
Selecting previously unselected package gettext-base.
Unpacking gettext-base (from .../gettext-base_0.18.1.1-9_amd64.deb) ...
Selecting previously unselected package m4.
Unpacking m4 (from .../archives/m4_1.4.16-3_amd64.deb) ...
Selecting previously unselected package autoconf.
Unpacking autoconf (from .../autoconf_2.69-1_all.deb) ...
Selecting previously unselected package autotools-dev.
Unpacking autotools-dev (from .../autotools-dev_20120608.1_all.deb) ...
Selecting previously unselected package automake.
Unpacking automake (from .../automake_1%3a1.11.5-2_all.deb) ...
Selecting previously unselected package openssl.
Unpacking openssl (from .../openssl_1.0.1c-3_amd64.deb) ...
Selecting previously unselected package ca-certificates.
Unpacking ca-certificates (from .../ca-certificates_20120212_all.deb) ...
Selecting previously unselected package html2text.
Unpacking html2text (from .../html2text_1.3.2a-15_amd64.deb) ...
Selecting previously unselected package gettext.
Unpacking gettext (from .../gettext_0.18.1.1-9_amd64.deb) ...
Selecting previously unselected package intltool-debian.
Unpacking intltool-debian (from .../intltool-debian_0.35.0+20060710.1_all.deb) ...
Selecting previously unselected package po-debconf.
Unpacking po-debconf (from .../po-debconf_1.0.16+nmu2_all.deb) ...
Selecting previously unselected package debhelper.
Unpacking debhelper (from .../debhelper_9.20120608_all.deb) ...
Selecting previously unselected package libtool.
Unpacking libtool (from .../libtool_2.4.2-1.1_amd64.deb) ...
Selecting previously unselected package dh-autoreconf.
Unpacking dh-autoreconf (from .../dh-autoreconf_6_all.deb) ...
Selecting previously unselected package liburi-perl.
Unpacking liburi-perl (from .../liburi-perl_1.60-1_all.deb) ...
Selecting previously unselected package libencode-locale-perl.
Unpacking libencode-locale-perl (from .../libencode-locale-perl_1.03-1_all.deb) ...
Selecting previously unselected package libhttp-date-perl.
Unpacking libhttp-date-perl (from .../libhttp-date-perl_6.02-1_all.deb) ...
Selecting previously unselected package libfile-listing-perl.
Unpacking libfile-listing-perl (from .../libfile-listing-perl_6.04-1_all.deb) ...
Selecting previously unselected package libhtml-tagset-perl.
Unpacking libhtml-tagset-perl (from .../libhtml-tagset-perl_3.20-2_all.deb) ...
Selecting previously unselected package libhtml-parser-perl.
Unpacking libhtml-parser-perl (from .../libhtml-parser-perl_3.69-2_amd64.deb) ...
Selecting previously unselected package libhtml-tree-perl.
Unpacking libhtml-tree-perl (from .../libhtml-tree-perl_5.00-1_all.deb) ...
Selecting previously unselected package liblwp-mediatypes-perl.
Unpacking liblwp-mediatypes-perl (from .../liblwp-mediatypes-perl_6.02-1_all.deb) ...
Selecting previously unselected package libhttp-message-perl.
Unpacking libhttp-message-perl (from .../libhttp-message-perl_6.03-1_all.deb) ...
Selecting previously unselected package libhttp-cookies-perl.
Unpacking libhttp-cookies-perl (from .../libhttp-cookies-perl_6.00-2_all.deb) ...
Selecting previously unselected package libhttp-negotiate-perl.
Unpacking libhttp-negotiate-perl (from .../libhttp-negotiate-perl_6.00-2_all.deb) ...
Selecting previously unselected package libnet-ssleay-perl.
Unpacking libnet-ssleay-perl (from .../libnet-ssleay-perl_1.48-1+b1_amd64.deb) ...
Selecting previously unselected package libio-socket-ssl-perl.
Unpacking libio-socket-ssl-perl (from .../libio-socket-ssl-perl_1.76-1_all.deb) ...
Selecting previously unselected package libnet-http-perl.
Unpacking libnet-http-perl (from .../libnet-http-perl_6.03-2_all.deb) ...
Selecting previously unselected package liblwp-protocol-https-perl.
Unpacking liblwp-protocol-https-perl (from .../liblwp-protocol-https-perl_6.03-1_all.deb) ...
Selecting previously unselected package libwww-robotrules-perl.
Unpacking libwww-robotrules-perl (from .../libwww-robotrules-perl_6.01-1_all.deb) ...
Selecting previously unselected package libwww-perl.
Unpacking libwww-perl (from .../libwww-perl_6.04-1_all.deb) ...
Selecting previously unselected package libxml-parser-perl.
Unpacking libxml-parser-perl (from .../libxml-parser-perl_2.41-1+b1_amd64.deb) ...
Selecting previously unselected package intltool.
Unpacking intltool (from .../intltool_0.50.2-2_all.deb) ...
Selecting previously unselected package pkg-config.
Unpacking pkg-config (from .../pkg-config_0.26-1_amd64.deb) ...
Selecting previously unselected package libdbus-1-dev.
Unpacking libdbus-1-dev (from .../libdbus-1-dev_1.6.0-1_amd64.deb) ...
Selecting previously unselected package libglib2.0-data.
Unpacking libglib2.0-data (from .../libglib2.0-data_2.32.3-1_all.deb) ...
Selecting previously unselected package libglib2.0-bin.
Unpacking libglib2.0-bin (from .../libglib2.0-bin_2.32.3-1_amd64.deb) ...
Selecting previously unselected package libpcre3-dev.
Unpacking libpcre3-dev (from .../libpcre3-dev_1%3a8.30-5_amd64.deb) ...
Selecting previously unselected package zlib1g-dev:amd64.
Unpacking zlib1g-dev:amd64 (from .../zlib1g-dev_1%3a1.2.7.dfsg-13_amd64.deb) ...
Selecting previously unselected package libglib2.0-dev.
Unpacking libglib2.0-dev (from .../libglib2.0-dev_2.32.3-1_amd64.deb) ...
Selecting previously unselected package libdbus-glib-1-dev.
Unpacking libdbus-glib-1-dev (from .../libdbus-glib-1-dev_0.98-1_amd64.deb) ...
Selecting previously unselected package libgudev-1.0-dev.
Unpacking libgudev-1.0-dev (from .../libgudev-1.0-dev_175-3.1_amd64.deb) ...
Selecting previously unselected package xsltproc.
Unpacking xsltproc (from .../xsltproc_1.1.26-12+rebuild1_amd64.deb) ...
Selecting previously unselected package sbuild-build-depends-modemmanager-dummy.
Unpacking sbuild-build-depends-modemmanager-dummy (from .../sbuild-build-depends-modemmanager-dummy.deb) ...
Setting up libpipeline1:amd64 (1.2.1-1) ...
Setting up libpopt0:amd64 (1.16-7) ...
Setting up libssl1.0.0:amd64 (1.0.1c-3) ...
Setting up libudev0:amd64 (175-3.1) ...
Setting up libasprintf0c2:amd64 (0.18.1.1-9) ...
Setting up libgpg-error0:amd64 (1.10-3) ...
Setting up libgcrypt11:amd64 (1.5.0-3) ...
Setting up libmagic1:amd64 (5.11-1) ...
Setting up libpcre3:amd64 (1:8.30-5) ...
Setting up libxml2:amd64 (2.8.0+dfsg1-4) ...
Setting up libglib2.0-0:amd64 (2.32.3-1) ...
No schema files found: doing nothing.
Setting up libcroco3:amd64 (0.6.5-1) ...
Setting up libdbus-1-3:amd64 (1.6.0-1) ...
Setting up libdbus-glib-1-2:amd64 (0.98-1) ...
Setting up libelf1:amd64 (0.153-1) ...
Setting up libexpat1:amd64 (2.1.0-1) ...
Setting up libunistring0:amd64 (0.9.3-5) ...
Setting up libgettextpo0:amd64 (0.18.1.1-9) ...
Setting up libgudev-1.0-0:amd64 (175-3.1) ...
Setting up libpcrecpp0:amd64 (1:8.30-5) ...
Setting up libxslt1.1:amd64 (1.1.26-12+rebuild1) ...
Setting up bsdmainutils (9.0.3) ...
update-alternatives: using /usr/bin/bsd-write to provide /usr/bin/write (write) in auto mode.
update-alternatives: using /usr/bin/bsd-from to provide /usr/bin/from (from) in auto mode.
Setting up groff-base (1.21-8) ...
Setting up man-db (2.6.2-1) ...
Building database of manual pages ...
Setting up netbase (5.0) ...
Setting up file (5.11-1) ...
Setting up gettext-base (0.18.1.1-9) ...
Setting up m4 (1.4.16-3) ...
Setting up autoconf (2.69-1) ...
Setting up autotools-dev (20120608.1) ...
Setting up automake (1:1.11.5-2) ...
update-alternatives: using /usr/bin/automake-1.11 to provide /usr/bin/automake (automake) in auto mode.
Setting up openssl (1.0.1c-3) ...
Setting up ca-certificates (20120212) ...
Updating certificates in /etc/ssl/certs... 151 added, 0 removed; done.
Running hooks in /etc/ca-certificates/update.d....done.
Setting up html2text (1.3.2a-15) ...
Setting up gettext (0.18.1.1-9) ...
Setting up intltool-debian (0.35.0+20060710.1) ...
Setting up po-debconf (1.0.16+nmu2) ...
Setting up debhelper (9.20120608) ...
Setting up libtool (2.4.2-1.1) ...
Setting up dh-autoreconf (6) ...
Setting up liburi-perl (1.60-1) ...
Setting up libencode-locale-perl (1.03-1) ...
Setting up libhttp-date-perl (6.02-1) ...
Setting up libfile-listing-perl (6.04-1) ...
Setting up libhtml-tagset-perl (3.20-2) ...
Setting up libhtml-parser-perl (3.69-2) ...
Setting up libhtml-tree-perl (5.00-1) ...
Setting up liblwp-mediatypes-perl (6.02-1) ...
Setting up libhttp-message-perl (6.03-1) ...
Setting up libhttp-cookies-perl (6.00-2) ...
Setting up libhttp-negotiate-perl (6.00-2) ...
Setting up libnet-ssleay-perl (1.48-1+b1) ...
Setting up libio-socket-ssl-perl (1.76-1) ...
Setting up libnet-http-perl (6.03-2) ...
Setting up libwww-robotrules-perl (6.01-1) ...
Setting up pkg-config (0.26-1) ...
Setting up libdbus-1-dev (1.6.0-1) ...
Setting up libglib2.0-data (2.32.3-1) ...
Setting up libglib2.0-bin (2.32.3-1) ...
Setting up libpcre3-dev (1:8.30-5) ...
Setting up zlib1g-dev:amd64 (1:1.2.7.dfsg-13) ...
Setting up libglib2.0-dev (2.32.3-1) ...
Setting up libdbus-glib-1-dev (0.98-1) ...
Setting up libgudev-1.0-dev (175-3.1) ...
Setting up xsltproc (1.1.26-12+rebuild1) ...
Setting up liblwp-protocol-https-perl (6.03-1) ...
Setting up libwww-perl (6.04-1) ...
Setting up libxml-parser-perl (2.41-1+b1) ...
Setting up intltool (0.50.2-2) ...
Setting up sbuild-build-depends-modemmanager-dummy (0.invalid.0) ...

┌──────────────────────────────────────────────────────────────────────────────┐
│ Build environment                                                            │
└──────────────────────────────────────────────────────────────────────────────┘

Kernel: Linux 2.6.32-5-xen-amd64 amd64 (x86_64)
Toolchain package versions: binutils_2.22-6.1 dpkg-dev_1.16.4.3 g++-4.6_4.6.3-7 g++-4.7_4.7.1-1 gcc-4.6_4.6.3-7 gcc-4.7_4.7.1-1 libc6-dev_2.13-33 libstdc++6_4.7.1-1 libstdc++6-4.6-dev_4.6.3-7 libstdc++6-4.7-dev_4.7.1-1 linux-libc-dev_3.2.20-1
Package versions: apt_0.9.7 autoconf_2.69-1 automake_1:1.11.5-2 autotools-dev_20120608.1 base-files_6.11 base-passwd_3.5.26 bash_4.2-2 binutils_2.22-6.1 bsdmainutils_9.0.3 bsdutils_1:2.20.1-5.1 build-essential_11.5 bzip2_1.0.6-3 ca-certificates_20120212 clang_3.1-6 coreutils_8.13-3.2 cpp_4:4.7.0-6 cpp-4.6_4.6.3-7 cpp-4.7_4.7.1-1 dash_0.5.7-3 debconf_1.5.44 debconf-i18n_1.5.44 debfoster_2.7-1.1 debhelper_9.20120608 debian-archive-keyring_2012.4 debianutils_4.3.1 dh-autoreconf_6 diffutils_1:3.2-6 dpkg_1.16.4.3 dpkg-dev_1.16.4.3 e2fslibs_1.42.4-3 e2fsprogs_1.42.4-3 fakeroot_1.18.4-2 file_5.11-1 findutils_4.4.2-4 g++_4:4.7.0-6 g++-4.6_4.6.3-7 g++-4.7_4.7.1-1 gcc_4:4.7.0-6 gcc-4.4-base_4.4.7-1 gcc-4.5-base_4.5.3-12 gcc-4.6_4.6.3-7 gcc-4.6-base_4.6.3-7 gcc-4.7_4.7.1-1 gcc-4.7-base_4.7.1-1 gettext_0.18.1.1-9 gettext-base_0.18.1.1-9 gnupg_1.4.12-4 gpgv_1.4.12-4 grep_2.12-2 groff-base_1.21-8 gzip_1.5-1.1 hostname_3.11 html2text_1.3.2a-15 initscripts_2.88dsf-27 insserv_1.14.0-3 intltool_0.50.2-2 intltool-debian_0.35.0+20060710.1 libacl1_2.2.51-8 libapt-pkg4.12_0.9.7 libasprintf0c2_0.18.1.1-9 libattr1_1:2.4.46-8 libblkid1_2.20.1-5.1 libbz2-1.0_1.0.6-3 libc-bin_2.13-33 libc-dev-bin_2.13-33 libc6_2.13-33 libc6-dev_2.13-33 libclang-common-dev_3.1-6 libclass-isa-perl_0.36-3 libcomerr2_1.42.4-3 libcroco3_0.6.5-1 libdb5.1_5.1.29-4 libdbus-1-3_1.6.0-1 libdbus-1-dev_1.6.0-1 libdbus-glib-1-2_0.98-1 libdbus-glib-1-dev_0.98-1 libdpkg-perl_1.16.4.3 libelf1_0.153-1 libencode-locale-perl_1.03-1 libexpat1_2.1.0-1 libffi5_3.0.10-3 libfile-fcntllock-perl_0.14-2 libfile-listing-perl_6.04-1 libgc1c2_1:7.1-8 libgcc1_1:4.7.1-1 libgcrypt11_1.5.0-3 libgdbm3_1.8.3-11 libgettextpo0_0.18.1.1-9 libglib2.0-0_2.32.3-1 libglib2.0-bin_2.32.3-1 libglib2.0-data_2.32.3-1 libglib2.0-dev_2.32.3-1 libgmp10_2:5.0.5+dfsg-2 libgomp1_4.7.1-1 libgpg-error0_1.10-3 libgudev-1.0-0_175-3.1 libgudev-1.0-dev_175-3.1 libhtml-parser-perl_3.69-2 libhtml-tagset-perl_3.20-2 libhtml-tree-perl_5.00-1 libhttp-cookies-perl_6.00-2 libhttp-date-perl_6.02-1 libhttp-message-perl_6.03-1 libhttp-negotiate-perl_6.00-2 libio-socket-ssl-perl_1.76-1 libitm1_4.7.1-1 libllvm3.1_3.1-1 liblocale-gettext-perl_1.05-7+b1 liblwp-mediatypes-perl_6.02-1 liblwp-protocol-https-perl_6.03-1 liblzma5_5.1.1alpha+20120614-1 libmagic1_5.11-1 libmount1_2.20.1-5.1 libmpc2_0.9-4 libmpfr4_3.1.0-5 libncurses5_5.9-9 libnet-http-perl_6.03-2 libnet-ssleay-perl_1.48-1+b1 libpam-modules_1.1.3-7.1 libpam-modules-bin_1.1.3-7.1 libpam-runtime_1.1.3-7.1 libpam0g_1.1.3-7.1 libpcre3_1:8.30-5 libpcre3-dev_1:8.30-5 libpcrecpp0_1:8.30-5 libpipeline1_1.2.1-1 libpopt0_1.16-7 libquadmath0_4.7.1-1 libreadline6_6.2-8 libselinux1_2.1.9-5 libsemanage-common_2.1.6-6 libsemanage1_2.1.6-6 libsepol1_2.1.4-3 libslang2_2.2.4-13 libss2_1.42.4-3 libssl1.0.0_1.0.1c-3 libstdc++6_4.7.1-1 libstdc++6-4.6-dev_4.6.3-7 libstdc++6-4.7-dev_4.7.1-1 libswitch-perl_2.16-2 libtext-charwidth-perl_0.04-7+b1 libtext-iconv-perl_1.7-5 libtext-wrapi18n-perl_0.06-7 libtimedate-perl_1.2000-1 libtinfo5_5.9-9 libtool_2.4.2-1.1 libudev0_175-3.1 libunistring0_0.9.3-5 liburi-perl_1.60-1 libusb-0.1-4_2:0.1.12-23 libustr-1.0-1_1.0.4-3 libuuid1_2.20.1-5.1 libwww-perl_6.04-1 libwww-robotrules-perl_6.01-1 libxml-parser-perl_2.41-1+b1 libxml2_2.8.0+dfsg1-4 libxslt1.1_1.1.26-12+rebuild1 linux-libc-dev_3.2.20-1 login_1:4.1.5.1-1 lsb-base_4.1+Debian7 m4_1.4.16-3 make_3.81-8.2 man-db_2.6.2-1 mawk_1.3.3-17 mount_2.20.1-5.1 multiarch-support_2.13-33 ncurses-base_5.9-9 ncurses-bin_5.9-9 netbase_5.0 openssl_1.0.1c-3 passwd_1:4.1.5.1-1 patch_2.6.1-3 perl_5.14.2-12 perl-base_5.14.2-12 perl-modules_5.14.2-12 pkg-config_0.26-1 po-debconf_1.0.16+nmu2 readline-common_6.2-8 sbuild-build-depends-core-dummy_0.invalid.0 sbuild-build-depends-modemmanager-dummy_0.invalid.0 sed_4.2.1-10 sensible-utils_0.0.7 sysv-rc_2.88dsf-27 sysvinit_2.88dsf-27 sysvinit-utils_2.88dsf-27 tar_1.26-4 tzdata_2012c-1 ucf_3.0025+nmu3 util-linux_2.20.1-5.1 xsltproc_1.1.26-12+rebuild1 xz-utils_5.1.1alpha+20120614-1 zlib1g_1:1.2.7.dfsg-13 zlib1g-dev_1:1.2.7.dfsg-13

┌──────────────────────────────────────────────────────────────────────────────┐
│ Build                                                                        │
└──────────────────────────────────────────────────────────────────────────────┘


Unpack source
─────────────

gpgv: keyblock resource `/sbuild-nonexistent/.gnupg/trustedkeys.gpg': file open error
gpgv: Signature made Sat Mar 24 00:51:31 2012 UTC using RSA key ID 608F22DC
gpgv: Can't check signature: public key not found
dpkg-source: warning: failed to verify signature on ./modemmanager_0.5.2.0-1.dsc
dpkg-source: info: extracting modemmanager in modemmanager-0.5.2.0
dpkg-source: info: unpacking modemmanager_0.5.2.0.orig.tar.xz
dpkg-source: info: unpacking modemmanager_0.5.2.0-1.debian.tar.gz
dpkg-source: info: applying qdl-blacklist.patch
dpkg-source: info: applying lp700316_usb_blacklist.patch
dpkg-source: info: applying arduino-blacklist.patch

Check disc space
────────────────

Sufficient free space for build

User Environment
────────────────

HOME=/sbuild-nonexistent
LOGNAME=root
PATH=/usr/local/sbin:/usr/local/bin:/usr/sbin:/usr/bin:/sbin:/bin:/usr/bin/X11
SCHROOT_CHROOT_NAME=unstable-amd64-sbuild
SCHROOT_COMMAND=env
SCHROOT_GID=0
SCHROOT_GROUP=root
SCHROOT_SESSION_ID=unstable-amd64-sbuild-1567df27-b29b-43c8-b99f-d734cb1a5ff9
SCHROOT_UID=0
SCHROOT_USER=root
SHELL=/bin/sh
USER=root

dpkg-buildpackage
─────────────────

dpkg-buildpackage: warning: using a gain-root-command while being root
dpkg-buildpackage: source package modemmanager
dpkg-buildpackage: source version 0.5.2.0-1
dpkg-buildpackage: source changed by Michael Biebl <biebl@debian.org>
 dpkg-source --before-build modemmanager-0.5.2.0
dpkg-buildpackage: host architecture amd64
 fakeroot debian/rules clean
dh clean --with autoreconf
   dh_testdir
   debian/rules override_dh_auto_clean
make[1]: Entering directory `/«PKGBUILDDIR»'
rm -f /«PKGBUILDDIR»/debian/modemmanager.upstart
dh_auto_clean
make[1]: Leaving directory `/«PKGBUILDDIR»'
   dh_autoreconf_clean
   dh_clean
 debian/rules build-arch
dh build-arch --with autoreconf
   dh_testdir -a
   debian/rules override_dh_autoreconf
make[1]: Entering directory `/«PKGBUILDDIR»'
dh_autoreconf debian/rules -- autoreconf
make[2]: Entering directory `/«PKGBUILDDIR»'
intltoolize -f
You should update your 'aclocal.m4' by running aclocal.
autoreconf -f -i
libtoolize: putting auxiliary files in `.'.
libtoolize: copying file `./ltmain.sh'
libtoolize: putting macros in AC_CONFIG_MACRO_DIR, `m4'.
libtoolize: copying file `m4/libtool.m4'
libtoolize: copying file `m4/ltoptions.m4'
libtoolize: copying file `m4/ltsugar.m4'
libtoolize: copying file `m4/ltversion.m4'
libtoolize: copying file `m4/lt~obsolete.m4'
make[2]: Leaving directory `/«PKGBUILDDIR»'
make[1]: Leaving directory `/«PKGBUILDDIR»'
   debian/rules override_dh_auto_configure
make[1]: Entering directory `/«PKGBUILDDIR»'
dh_auto_configure -- \
		--with-docs
checking for a BSD-compatible install... /usr/bin/install -c
checking whether build environment is sane... yes
checking for a thread-safe mkdir -p... /bin/mkdir -p
checking for gawk... no
checking for mawk... mawk
checking whether make sets $(MAKE)... yes
checking how to create a ustar tar archive... gnutar
checking whether make supports nested variables... yes
checking whether to enable maintainer-specific portions of Makefiles... no
checking for style of include used by make... GNU
checking for gcc... gcc
checking whether the C compiler works... yes
checking for C compiler default output file name... a.out
checking for suffix of executables... 
checking whether we are cross compiling... no
checking for suffix of object files... o
checking whether we are using the GNU C compiler... yes
checking whether gcc accepts -g... yes
checking for gcc option to accept ISO C89... none needed
checking dependency style of gcc... none
checking how to run the C preprocessor... gcc -E
checking for grep that handles long lines and -e... /bin/grep
checking for egrep... /bin/grep -E
checking for ANSI C header files... yes
checking for sys/types.h... yes
checking for sys/stat.h... yes
checking for stdlib.h... yes
checking for string.h... yes
checking for memory.h... yes
checking for strings.h... yes
checking for inttypes.h... yes
checking for stdint.h... yes
checking for unistd.h... yes
checking minix/config.h usability... no
checking minix/config.h presence... no
checking for minix/config.h... no
checking whether it is safe to define __EXTENSIONS__... yes
checking for gcc... (cached) gcc
checking whether we are using the GNU C compiler... (cached) yes
checking whether gcc accepts -g... (cached) yes
checking for gcc option to accept ISO C89... (cached) none needed
checking dependency style of gcc... (cached) none
checking whether gcc and cc understand -c and -o together... yes
checking build system type... x86_64-pc-linux-gnu
checking host system type... x86_64-pc-linux-gnu
checking how to print strings... printf
checking for a sed that does not truncate output... /bin/sed
checking for fgrep... /bin/grep -F
checking for ld used by gcc... /usr/bin/ld
checking if the linker (/usr/bin/ld) is GNU ld... yes
checking for BSD- or MS-compatible name lister (nm)... /usr/bin/nm -B
checking the name lister (/usr/bin/nm -B) interface... BSD nm
checking whether ln -s works... yes
checking the maximum length of command line arguments... 3458764513820540925
checking whether the shell understands some XSI constructs... yes
checking whether the shell understands "+="... yes
checking how to convert x86_64-pc-linux-gnu file names to x86_64-pc-linux-gnu format... func_convert_file_noop
checking how to convert x86_64-pc-linux-gnu file names to toolchain format... func_convert_file_noop
checking for /usr/bin/ld option to reload object files... -r
checking for objdump... objdump
checking how to recognize dependent libraries... pass_all
checking for dlltool... no
checking how to associate runtime and link libraries... printf %s\n
checking for ar... ar
checking for archiver @FILE support... @
checking for strip... strip
checking for ranlib... ranlib
checking command to parse /usr/bin/nm -B output from gcc object... ok
checking for sysroot... no
checking for mt... no
checking if : is a manifest tool... no
checking for dlfcn.h... yes
checking for objdir... .libs
checking if gcc supports -fno-rtti -fno-exceptions... yes
checking for gcc option to produce PIC... -fPIC -DPIC
checking if gcc PIC flag -fPIC -DPIC works... yes
checking if gcc static flag -static works... yes
checking if gcc supports -c -o file.o... yes
checking if gcc supports -c -o file.o... (cached) yes
checking whether the gcc linker (/usr/bin/ld -m elf_x86_64) supports shared libraries... yes
checking whether -lc should be explicitly linked in... no
checking dynamic linker characteristics... GNU/Linux ld.so
checking how to hardcode library paths into programs... immediate
checking whether stripping libraries is possible... yes
checking if libtool supports shared libraries... yes
checking whether to build shared libraries... yes
checking whether to build static libraries... yes
checking whether NLS is requested... yes
checking for intltool >= 0.35.0... 0.50.2 found
checking for intltool-update... /usr/bin/intltool-update
checking for intltool-merge... /usr/bin/intltool-merge
checking for intltool-extract... /usr/bin/intltool-extract
checking for xgettext... /usr/bin/xgettext
checking for msgmerge... /usr/bin/msgmerge
checking for msgfmt... /usr/bin/msgfmt
checking for gmsgfmt... /usr/bin/msgfmt
checking for perl... /usr/bin/perl
checking for perl >= 5.8.1... 5.14.2
checking for XML::Parser... ok
checking for pkg-config... /usr/bin/pkg-config
checking pkg-config is at least version 0.9.0... yes
checking for MM... yes
checking for GUDEV... yes
checking for dbus_glib_global_set_disable_legacy_property_access in -ldbus-glib-1... yes
checking pppd/pppd.h usability... no
checking pppd/pppd.h presence... no
checking for pppd/pppd.h... no
checking for more warnings... yes
checking whether gcc understands -Wshadow... yes
checking whether gcc understands -Wmissing-declarations... yes
checking whether gcc understands -Wmissing-prototypes... yes
checking whether gcc understands -Wdeclaration-after-statement... yes
checking whether gcc understands -Wstrict-prototypes... yes
checking whether gcc understands -Wfloat-equal... yes
checking whether gcc understands -Wno-unused-parameter... yes
checking whether gcc understands -Wno-sign-compare... yes
checking whether gcc understands -fno-strict-aliasing... yes
checking whether gcc understands -Wno-deprecated-declarations... yes
configure: creating ./config.status
config.status: creating Makefile
config.status: creating marshallers/Makefile
config.status: creating libqcdm/Makefile
config.status: creating libqcdm/src/Makefile
config.status: creating libqcdm/tests/Makefile
config.status: creating src/Makefile
config.status: creating src/tests/Makefile
config.status: creating plugins/Makefile
config.status: creating test/Makefile
config.status: creating introspection/Makefile
config.status: creating po/Makefile.in
config.status: creating policy/Makefile
config.status: creating config.h
config.status: executing depfiles commands
config.status: executing libtool commands
config.status: executing po/stamp-it commands

Building with D-Bus system directory: /etc/dbus-1/system.d

Building with udev base directory: /lib/udev

Building documentation: yes

Building PPP-enabled tests: no

Building with PolicyKit support: no

make[1]: Leaving directory `/«PKGBUILDDIR»'
   dh_auto_build -a
make[1]: Entering directory `/«PKGBUILDDIR»'
xsltproc --xinclude --nonet ./doc-generator.xsl ./introspection/all.xml > docs/spec.html
make  all-recursive
make[2]: Entering directory `/«PKGBUILDDIR»'
Making all in marshallers
make[3]: Entering directory `/«PKGBUILDDIR»/marshallers'
  GEN    mm-marshal.h
  GEN    mm-marshal.c
make  all-am
make[4]: Entering directory `/«PKGBUILDDIR»/marshallers'
  CC     libmarshallers_la-mm-marshal-main.lo
  CCLD   libmarshallers.la
make[4]: Leaving directory `/«PKGBUILDDIR»/marshallers'
make[3]: Leaving directory `/«PKGBUILDDIR»/marshallers'
Making all in libqcdm
make[3]: Entering directory `/«PKGBUILDDIR»/libqcdm'
Making all in src
make[4]: Entering directory `/«PKGBUILDDIR»/libqcdm/src'
  CC     libqcdm_la-com.lo
  CC     libqcdm_la-commands.lo
  CC     libqcdm_la-errors.lo
  CC     libqcdm_la-result.lo
result.c:59:27: error: if statement has empty body [-Werror,-Wempty-body]
        if (v->u.u8_array);
                          ^
result.c:59:27: note: put the semicolon on a separate line to silence this warning [-Wempty-body]
result.c:62:28: error: if statement has empty body [-Werror,-Wempty-body]
        if (v->u.u16_array);
                           ^
result.c:62:28: note: put the semicolon on a separate line to silence this warning [-Wempty-body]
2 errors generated.
make[4]: *** [libqcdm_la-result.lo] Error 1
make[4]: Leaving directory `/«PKGBUILDDIR»/libqcdm/src'
make[3]: *** [all-recursive] Error 1
make[2]: *** [all-recursive] Error 1
make[1]: *** [all] Error 2
dh_auto_build: make -j1 returned exit code 2
make[3]: Leaving directory `/«PKGBUILDDIR»/libqcdm'
make[2]: Leaving directory `/«PKGBUILDDIR»'
make[1]: Leaving directory `/«PKGBUILDDIR»'
make: *** [build-arch] Error 2
dpkg-buildpackage: error: debian/rules build-arch gave error exit status 2
────────────────────────────────────────────────────────────────────────────────
Build finished at 20120623-1633

Finished
────────

E: Build failure (dpkg-buildpackage died)

┌──────────────────────────────────────────────────────────────────────────────┐
│ Cleanup                                                                      │
└──────────────────────────────────────────────────────────────────────────────┘

Purging /«BUILDDIR»
Not cleaning session: cloned chroot in use

┌──────────────────────────────────────────────────────────────────────────────┐
│ Summary                                                                      │
└──────────────────────────────────────────────────────────────────────────────┘

Architecture: amd64
Build-Space: 7404
Build-Time: 27
Distribution: unstable
Fail-Stage: build
Install-Time: 17
Job: modemmanager_0.5.2.0-1
Package: modemmanager
Package-Time: 70
Source-Version: 0.5.2.0-1
Space: 7404
Status: attempted
Version: 0.5.2.0-1
────────────────────────────────────────────────────────────────────────────────
Finished at 20120623-1633
Build needed 00:01:10, 7404k disc space
DC-Status: Failed 70.491109s
