DC-Build-Header: ncmpcpp 0.5.10-1 / Sat Jun 23 16:33:17 +0000 2012
DC-Task: logfile:/tmp/ncmpcpp_0.5.10-1_unstable_clang.log version:0.5.10-1 chroot:unstable modes:binary-only:clang source:ncmpcpp architecture:any esttime:99
DC-Sbuild-call: su user -c 'sbuild -n --apt-update -d unstable -v  --chroot-setup-commands=/tmp/switch-to-clang ncmpcpp_0.5.10-1'
sbuild (Debian sbuild) 0.62.5 (13 Jul 2011) on ip-10-28-195-92.ec2.internal

╔══════════════════════════════════════════════════════════════════════════════╗
║ ncmpcpp 0.5.10-1 (amd64)                                   23 Jun 2012 16:33 ║
╚══════════════════════════════════════════════════════════════════════════════╝

Package: ncmpcpp
Version: 0.5.10-1
Source Version: 0.5.10-1
Distribution: unstable
Architecture: amd64

I: NOTICE: Log filtering will replace 'build/ncmpcpp-vJSybc/ncmpcpp-0.5.10' with '«PKGBUILDDIR»'
I: NOTICE: Log filtering will replace 'build/ncmpcpp-vJSybc' with '«BUILDDIR»'
I: NOTICE: Log filtering will replace 'var/lib/schroot/mount/unstable-amd64-sbuild-ddf5640a-ac77-4e7e-9614-03e7542944f2' with '«CHROOT»'

┌──────────────────────────────────────────────────────────────────────────────┐
│ Update chroot                                                                │
└──────────────────────────────────────────────────────────────────────────────┘

Ign http://localhost unstable InRelease
Get:1 http://localhost unstable Release.gpg [836 B]
Get:2 http://localhost unstable Release [233 kB]
Get:3 http://localhost unstable/main Sources/DiffIndex [7876 B]
Get:4 http://localhost unstable/main amd64 Packages/DiffIndex [7876 B]
Get:5 http://localhost unstable/main Translation-en/DiffIndex [7876 B]
Get:6 http://localhost unstable/main 2012-06-23-0814.36.pdiff [8967 B]
Get:7 http://localhost unstable/main 2012-06-23-0814.36.pdiff [8967 B]
Get:8 http://localhost unstable/main amd64 2012-06-23-0814.36.pdiff [6101 B]
Get:9 http://localhost unstable/main 2012-06-23-0814.36.pdiff [1297 B]
Get:10 http://localhost unstable/main amd64 2012-06-23-0814.36.pdiff [6101 B]
Get:11 http://localhost unstable/main 2012-06-23-1414.42.pdiff [10.6 kB]
Get:12 http://localhost unstable/main 2012-06-23-0814.36.pdiff [1297 B]
Get:13 http://localhost unstable/main amd64 2012-06-23-1414.42.pdiff [11.3 kB]
Get:14 http://localhost unstable/main 2012-06-23-1414.42.pdiff [10.6 kB]
Get:15 http://localhost unstable/main 2012-06-23-1414.42.pdiff [696 B]
Get:16 http://localhost unstable/main amd64 2012-06-23-1414.42.pdiff [11.3 kB]
Get:17 http://localhost unstable/main 2012-06-23-1414.42.pdiff [696 B]
Fetched 296 kB in 7s (41.6 kB/s)
Reading package lists...
Reading package lists...
Building dependency tree...
Reading state information...
The following packages will be upgraded:
  base-passwd bsdutils libblkid1 libmount1 libuuid1 mount util-linux
7 upgraded, 0 newly installed, 0 to remove and 0 not upgraded.
Need to get 1300 kB of archives.
After this operation, 308 kB disk space will be freed.
Get:1 http://localhost/debian/ unstable/main mount amd64 2.20.1-5.1 [213 kB]
Get:2 http://localhost/debian/ unstable/main util-linux amd64 2.20.1-5.1 [659 kB]
Get:3 http://localhost/debian/ unstable/main base-passwd amd64 3.5.26 [46.3 kB]
Get:4 http://localhost/debian/ unstable/main bsdutils amd64 1:2.20.1-5.1 [85.3 kB]
Get:5 http://localhost/debian/ unstable/main libuuid1 amd64 2.20.1-5.1 [56.9 kB]
Get:6 http://localhost/debian/ unstable/main libblkid1 amd64 2.20.1-5.1 [120 kB]
Get:7 http://localhost/debian/ unstable/main libmount1 amd64 2.20.1-5.1 [120 kB]
debconf: delaying package configuration, since apt-utils is not installed
Fetched 1300 kB in 0s (22.4 MB/s)
(Reading database ... 11730 files and directories currently installed.)
Preparing to replace mount 2.20.1-5 (using .../mount_2.20.1-5.1_amd64.deb) ...
Unpacking replacement mount ...
Setting up mount (2.20.1-5.1) ...
(Reading database ... 11730 files and directories currently installed.)
Preparing to replace util-linux 2.20.1-5 (using .../util-linux_2.20.1-5.1_amd64.deb) ...
Unpacking replacement util-linux ...
Setting up util-linux (2.20.1-5.1) ...
(Reading database ... 11730 files and directories currently installed.)
Preparing to replace base-passwd 3.5.25 (using .../base-passwd_3.5.26_amd64.deb) ...
Unpacking replacement base-passwd ...
Setting up base-passwd (3.5.26) ...
(Reading database ... 11730 files and directories currently installed.)
Preparing to replace bsdutils 1:2.20.1-5 (using .../bsdutils_1%3a2.20.1-5.1_amd64.deb) ...
Unpacking replacement bsdutils ...
Setting up bsdutils (1:2.20.1-5.1) ...
(Reading database ... 11730 files and directories currently installed.)
Preparing to replace libuuid1:amd64 2.20.1-5 (using .../libuuid1_2.20.1-5.1_amd64.deb) ...
Unpacking replacement libuuid1:amd64 ...
Setting up libuuid1:amd64 (2.20.1-5.1) ...
(Reading database ... 11730 files and directories currently installed.)
Preparing to replace libblkid1:amd64 2.20.1-5 (using .../libblkid1_2.20.1-5.1_amd64.deb) ...
Unpacking replacement libblkid1:amd64 ...
Setting up libblkid1:amd64 (2.20.1-5.1) ...
(Reading database ... 11730 files and directories currently installed.)
Preparing to replace libmount1 2.20.1-5 (using .../libmount1_2.20.1-5.1_amd64.deb) ...
Unpacking replacement libmount1 ...
Setting up libmount1 (2.20.1-5.1) ...

┌──────────────────────────────────────────────────────────────────────────────┐
│ Fetch source files                                                           │
└──────────────────────────────────────────────────────────────────────────────┘


Check APT
─────────

Checking available source versions...

Download source files with APT
──────────────────────────────

Reading package lists...
Building dependency tree...
Reading state information...
Need to get 411 kB of source archives.
Get:1 http://localhost/debian/ unstable/main ncmpcpp 0.5.10-1 (dsc) [1215 B]
Get:2 http://localhost/debian/ unstable/main ncmpcpp 0.5.10-1 (tar) [381 kB]
Get:3 http://localhost/debian/ unstable/main ncmpcpp 0.5.10-1 (diff) [28.3 kB]
Fetched 411 kB in 0s (1472 kB/s)
Download complete and in download only mode

Check arch
──────────


┌──────────────────────────────────────────────────────────────────────────────┐
│ Chroot Setup Commands                                                        │
└──────────────────────────────────────────────────────────────────────────────┘


/tmp/switch-to-clang
────────────────────

+ echo 'Entering customization script...'
Entering customization script...
+ apt-get update
Ign http://localhost unstable InRelease
Hit http://localhost unstable Release.gpg
Hit http://localhost unstable Release
Hit http://localhost unstable/main Sources/DiffIndex
Hit http://localhost unstable/main amd64 Packages/DiffIndex
Hit http://localhost unstable/main Translation-en/DiffIndex
Reading package lists...
+ echo 'Install of clang'
Install of clang
+ apt-get update
Ign http://localhost unstable InRelease
Hit http://localhost unstable Release.gpg
Hit http://localhost unstable Release
Hit http://localhost unstable/main Sources/DiffIndex
Hit http://localhost unstable/main amd64 Packages/DiffIndex
Hit http://localhost unstable/main Translation-en/DiffIndex
Reading package lists...
+ apt-get install --yes --no-install-recommends clang -t unstable
Reading package lists...
Building dependency tree...
Reading state information...
The following extra packages will be installed:
  libclang-common-dev libffi5 libllvm3.1
Recommended packages:
  llvm-3.1-dev python
The following NEW packages will be installed:
  clang libclang-common-dev libffi5 libllvm3.1
0 upgraded, 4 newly installed, 0 to remove and 0 not upgraded.
Need to get 13.1 MB of archives.
After this operation, 35.6 MB of additional disk space will be used.
Get:1 http://localhost/debian/ unstable/main libffi5 amd64 3.0.10-3 [24.8 kB]
Get:2 http://localhost/debian/ unstable/main libllvm3.1 amd64 3.1-1 [7276 kB]
Get:3 http://localhost/debian/ unstable/main libclang-common-dev amd64 3.1-6 [84.0 kB]
Get:4 http://localhost/debian/ unstable/main clang amd64 3.1-6 [5755 kB]
debconf: delaying package configuration, since apt-utils is not installed
Fetched 13.1 MB in 0s (30.2 MB/s)
Selecting previously unselected package libffi5:amd64.
(Reading database ... 11730 files and directories currently installed.)
Unpacking libffi5:amd64 (from .../libffi5_3.0.10-3_amd64.deb) ...
Selecting previously unselected package libllvm3.1:amd64.
Unpacking libllvm3.1:amd64 (from .../libllvm3.1_3.1-1_amd64.deb) ...
Selecting previously unselected package libclang-common-dev.
Unpacking libclang-common-dev (from .../libclang-common-dev_3.1-6_amd64.deb) ...
Selecting previously unselected package clang.
Unpacking clang (from .../archives/clang_3.1-6_amd64.deb) ...
Setting up libffi5:amd64 (3.0.10-3) ...
Setting up libllvm3.1:amd64 (3.1-1) ...
Setting up libclang-common-dev (3.1-6) ...
Setting up clang (3.1-6) ...
+ echo 'Replace gcc, g++ & cpp by clang'
Replace gcc, g++ & cpp by clang
+ VERSION=4.7
+ cd /usr/bin
+ rm g++-4.7 gcc-4.7 cpp-4.7
+ ln -s clang++ g++-4.7
+ ln -s clang gcc-4.7
+ ln -s clang cpp-4.7
+ cd -
/«BUILDDIR»
+ echo 'Block the installation of new gcc version'
Block the installation of new gcc version
+ dpkg --set-selections
+ echo 'gcc-4.6 hold'
+ dpkg --set-selections
+ echo 'cpp-4.6 hold'
+ dpkg --set-selections
+ echo 'g++-4.6 hold'
+ dpkg --set-selections
+ echo 'gcc-4.7 hold'
+ dpkg --set-selections
+ echo 'cpp-4.7 hold'
+ dpkg --set-selections
+ echo 'g++-4.7 hold'
+ echo 'Check if gcc, g++ & cpp are actually clang'
Check if gcc, g++ & cpp are actually clang
+ grep clang
+ gcc --version

I: Finished running '/tmp/switch-to-clang'.

Finished processing commands.
────────────────────────────────────────────────────────────────────────────────
Merged Build-Depends: build-essential, fakeroot
Filtered Build-Depends: build-essential, fakeroot
dpkg-deb: building package `sbuild-build-depends-core-dummy' in `/«BUILDDIR»/resolver-ihFw8V/apt_archive/sbuild-build-depends-core-dummy.deb'.
OK
Reading package lists...

┌──────────────────────────────────────────────────────────────────────────────┐
│ Install core build dependencies (apt-based resolver)                         │
└──────────────────────────────────────────────────────────────────────────────┘

Installing build dependencies
Reading package lists...
Building dependency tree...
Reading state information...
The following NEW packages will be installed:
  sbuild-build-depends-core-dummy
debconf: delaying package configuration, since apt-utils is not installed
0 upgraded, 1 newly installed, 0 to remove and 0 not upgraded.
Need to get 0 B/708 B of archives.
After this operation, 0 B of additional disk space will be used.
Selecting previously unselected package sbuild-build-depends-core-dummy.
(Reading database ... 11810 files and directories currently installed.)
Unpacking sbuild-build-depends-core-dummy (from .../sbuild-build-depends-core-dummy.deb) ...
Setting up sbuild-build-depends-core-dummy (0.invalid.0) ...
Merged Build-Depends: base-files, base-passwd, bash, coreutils, dash, debianutils, diffutils, dpkg, e2fsprogs, findutils, grep, gzip, hostname, ncurses-base, ncurses-bin, perl-base, sed, login, sysvinit-utils, sysvinit, tar, bsdutils, mount, util-linux, libc6-dev | libc-dev, gcc (>= 4:4.4.3), g++ (>= 4:4.4.3), make, dpkg-dev (>= 1.13.5), cdbs (>= 0.4.23-1.1), debhelper (>= 9), dpkg-dev (>= 1.16.1~), autotools-dev, libncursesw5-dev, libcurl4-gnutls-dev, libtag1-dev, libfftw3-dev, libmpdclient-dev
Filtered Build-Depends: base-files, base-passwd, bash, coreutils, dash, debianutils, diffutils, dpkg, e2fsprogs, findutils, grep, gzip, hostname, ncurses-base, ncurses-bin, perl-base, sed, login, sysvinit-utils, sysvinit, tar, bsdutils, mount, util-linux, libc6-dev, gcc (>= 4:4.4.3), g++ (>= 4:4.4.3), make, dpkg-dev (>= 1.13.5), cdbs (>= 0.4.23-1.1), debhelper (>= 9), dpkg-dev (>= 1.16.1~), autotools-dev, libncursesw5-dev, libcurl4-gnutls-dev, libtag1-dev, libfftw3-dev, libmpdclient-dev
dpkg-deb: building package `sbuild-build-depends-ncmpcpp-dummy' in `/«BUILDDIR»/resolver-V1r4WM/apt_archive/sbuild-build-depends-ncmpcpp-dummy.deb'.
OK
Reading package lists...

┌──────────────────────────────────────────────────────────────────────────────┐
│ Install ncmpcpp build dependencies (apt-based resolver)                      │
└──────────────────────────────────────────────────────────────────────────────┘

Installing build dependencies
Reading package lists...
Building dependency tree...
Reading state information...
The following extra packages will be installed:
  autotools-dev bsdmainutils cdbs comerr-dev debhelper file gettext
  gettext-base groff-base html2text intltool-debian krb5-multidev
  libasprintf0c2 libcroco3 libcurl3-gnutls libcurl4-gnutls-dev libfftw3-3
  libfftw3-bin libfftw3-dev libgcrypt11 libgcrypt11-dev libgettextpo0
  libglib2.0-0 libgnutls-dev libgnutls-openssl27 libgnutls26 libgnutlsxx27
  libgpg-error-dev libgpg-error0 libgssapi-krb5-2 libgssrpc4 libidn11
  libidn11-dev libk5crypto3 libkadm5clnt-mit8 libkadm5srv-mit8 libkdb5-6
  libkeyutils1 libkrb5-3 libkrb5-dev libkrb5support0 libldap-2.4-2
  libldap2-dev libmagic1 libmpdclient-dev libmpdclient2 libncursesw5
  libncursesw5-dev libp11-kit-dev libp11-kit0 libpcre3 libpipeline1 libpopt0
  librtmp-dev librtmp0 libsasl2-2 libssh2-1 libssh2-1-dev libtag1-dev
  libtag1-vanilla libtag1c2a libtasn1-3 libtasn1-3-dev libtinfo-dev
  libunistring0 libxml2 man-db pkg-config po-debconf zlib1g-dev
Suggested packages:
  wamerican wordlist whois vacation devscripts doc-base dh-make gettext-doc
  groff krb5-doc libcurl3-dbg rng-tools libgcrypt11-doc gnutls-doc krb5-user
  ncurses-doc less www-browser libmail-box-perl
Recommended packages:
  curl wget lynx-cur autopoint ca-certificates libglib2.0-data
  shared-mime-info krb5-locales libgpm2 libsasl2-modules xml-core
  libmail-sendmail-perl
The following NEW packages will be installed:
  autotools-dev bsdmainutils cdbs comerr-dev debhelper file gettext
  gettext-base groff-base html2text intltool-debian krb5-multidev
  libasprintf0c2 libcroco3 libcurl3-gnutls libcurl4-gnutls-dev libfftw3-3
  libfftw3-bin libfftw3-dev libgcrypt11 libgcrypt11-dev libgettextpo0
  libglib2.0-0 libgnutls-dev libgnutls-openssl27 libgnutls26 libgnutlsxx27
  libgpg-error-dev libgpg-error0 libgssapi-krb5-2 libgssrpc4 libidn11
  libidn11-dev libk5crypto3 libkadm5clnt-mit8 libkadm5srv-mit8 libkdb5-6
  libkeyutils1 libkrb5-3 libkrb5-dev libkrb5support0 libldap-2.4-2
  libldap2-dev libmagic1 libmpdclient-dev libmpdclient2 libncursesw5
  libncursesw5-dev libp11-kit-dev libp11-kit0 libpcre3 libpipeline1 libpopt0
  librtmp-dev librtmp0 libsasl2-2 libssh2-1 libssh2-1-dev libtag1-dev
  libtag1-vanilla libtag1c2a libtasn1-3 libtasn1-3-dev libtinfo-dev
  libunistring0 libxml2 man-db pkg-config po-debconf
  sbuild-build-depends-ncmpcpp-dummy zlib1g-dev
0 upgraded, 71 newly installed, 0 to remove and 0 not upgraded.
Need to get 25.0 MB/25.0 MB of archives.
After this operation, 66.5 MB of additional disk space will be used.
Get:1 http://localhost/debian/ unstable/main libncursesw5 amd64 5.9-9 [141 kB]
Get:2 http://localhost/debian/ unstable/main libpipeline1 amd64 1.2.1-1 [39.2 kB]
Get:3 http://localhost/debian/ unstable/main libpopt0 amd64 1.16-7 [56.4 kB]
Get:4 http://localhost/debian/ unstable/main libasprintf0c2 amd64 0.18.1.1-9 [26.8 kB]
Get:5 http://localhost/debian/ unstable/main libgpg-error0 amd64 1.10-3 [66.8 kB]
Get:6 http://localhost/debian/ unstable/main libgcrypt11 amd64 1.5.0-3 [298 kB]
Get:7 http://localhost/debian/ unstable/main libp11-kit0 amd64 0.12-3 [52.8 kB]
Get:8 http://localhost/debian/ unstable/main libtasn1-3 amd64 2.13-2 [67.7 kB]
Get:9 http://localhost/debian/ unstable/main libgnutls26 amd64 2.12.20-1 [616 kB]
Get:10 http://localhost/debian/ unstable/main libgnutls-openssl27 amd64 2.12.20-1 [220 kB]
Get:11 http://localhost/debian/ unstable/main libkeyutils1 amd64 1.5.5-2 [9300 B]
Get:12 http://localhost/debian/ unstable/main libkrb5support0 amd64 1.10.1+dfsg-1 [49.0 kB]
Get:13 http://localhost/debian/ unstable/main libk5crypto3 amd64 1.10.1+dfsg-1 [112 kB]
Get:14 http://localhost/debian/ unstable/main libkrb5-3 amd64 1.10.1+dfsg-1 [393 kB]
Get:15 http://localhost/debian/ unstable/main libgssapi-krb5-2 amd64 1.10.1+dfsg-1 [147 kB]
Get:16 http://localhost/debian/ unstable/main libgssrpc4 amd64 1.10.1+dfsg-1 [87.3 kB]
Get:17 http://localhost/debian/ unstable/main libidn11 amd64 1.25-2 [178 kB]
Get:18 http://localhost/debian/ unstable/main libkadm5clnt-mit8 amd64 1.10.1+dfsg-1 [67.4 kB]
Get:19 http://localhost/debian/ unstable/main libkdb5-6 amd64 1.10.1+dfsg-1 [66.2 kB]
Get:20 http://localhost/debian/ unstable/main libkadm5srv-mit8 amd64 1.10.1+dfsg-1 [84.4 kB]
Get:21 http://localhost/debian/ unstable/main libsasl2-2 amd64 2.1.25.dfsg1-4+b1 [120 kB]
Get:22 http://localhost/debian/ unstable/main libldap-2.4-2 amd64 2.4.28-1.3 [240 kB]
Get:23 http://localhost/debian/ unstable/main libmagic1 amd64 5.11-1 [250 kB]
Get:24 http://localhost/debian/ unstable/main libpcre3 amd64 1:8.30-5 [242 kB]
Get:25 http://localhost/debian/ unstable/main libxml2 amd64 2.8.0+dfsg1-4 [903 kB]
Get:26 http://localhost/debian/ unstable/main libglib2.0-0 amd64 2.32.3-1 [2081 kB]
Get:27 http://localhost/debian/ unstable/main libcroco3 amd64 0.6.5-1 [151 kB]
Get:28 http://localhost/debian/ unstable/main librtmp0 amd64 2.4+20111222.git4e06e21-1 [62.3 kB]
Get:29 http://localhost/debian/ unstable/main libssh2-1 amd64 1.4.2-1 [79.0 kB]
Get:30 http://localhost/debian/ unstable/main libcurl3-gnutls amd64 7.26.0-1 [321 kB]
Get:31 http://localhost/debian/ unstable/main libfftw3-3 amd64 3.3.2-3 [2240 kB]
Get:32 http://localhost/debian/ unstable/main libunistring0 amd64 0.9.3-5 [434 kB]
Get:33 http://localhost/debian/ unstable/main libgettextpo0 amd64 0.18.1.1-9 [145 kB]
Get:34 http://localhost/debian/ unstable/main libtag1-vanilla amd64 1.7.1-3 [244 kB]
Get:35 http://localhost/debian/ unstable/main libgnutlsxx27 amd64 2.12.20-1 [224 kB]
Get:36 http://localhost/debian/ unstable/main bsdmainutils amd64 9.0.3 [209 kB]
Get:37 http://localhost/debian/ unstable/main groff-base amd64 1.21-8 [1152 kB]
Get:38 http://localhost/debian/ unstable/main man-db amd64 2.6.2-1 [1061 kB]
Get:39 http://localhost/debian/ unstable/main file amd64 5.11-1 [53.2 kB]
Get:40 http://localhost/debian/ unstable/main gettext-base amd64 0.18.1.1-9 [154 kB]
Get:41 http://localhost/debian/ unstable/main autotools-dev all 20120608.1 [73.0 kB]
Get:42 http://localhost/debian/ unstable/main cdbs all 0.4.115 [80.2 kB]
Get:43 http://localhost/debian/ unstable/main html2text amd64 1.3.2a-15 [103 kB]
Get:44 http://localhost/debian/ unstable/main gettext amd64 0.18.1.1-9 [1975 kB]
Get:45 http://localhost/debian/ unstable/main intltool-debian all 0.35.0+20060710.1 [30.8 kB]
Get:46 http://localhost/debian/ unstable/main po-debconf all 1.0.16+nmu2 [224 kB]
Get:47 http://localhost/debian/ unstable/main debhelper all 9.20120608 [700 kB]
Get:48 http://localhost/debian/ unstable/main comerr-dev amd64 2.1-1.42.4-3 [42.8 kB]
Get:49 http://localhost/debian/ unstable/main krb5-multidev amd64 1.10.1+dfsg-1 [153 kB]
Get:50 http://localhost/debian/ unstable/main libgpg-error-dev amd64 1.10-3 [42.5 kB]
Get:51 http://localhost/debian/ unstable/main libgcrypt11-dev amd64 1.5.0-3 [402 kB]
Get:52 http://localhost/debian/ unstable/main zlib1g-dev amd64 1:1.2.7.dfsg-13 [215 kB]
Get:53 http://localhost/debian/ unstable/main libtasn1-3-dev amd64 2.13-2 [389 kB]
Get:54 http://localhost/debian/ unstable/main libp11-kit-dev amd64 0.12-3 [67.8 kB]
Get:55 http://localhost/debian/ unstable/main libgnutls-dev amd64 2.12.20-1 [751 kB]
Get:56 http://localhost/debian/ unstable/main pkg-config amd64 0.26-1 [59.5 kB]
Get:57 http://localhost/debian/ unstable/main libidn11-dev amd64 1.25-2 [664 kB]
Get:58 http://localhost/debian/ unstable/main libkrb5-dev amd64 1.10.1+dfsg-1 [39.4 kB]
Get:59 http://localhost/debian/ unstable/main libldap2-dev amd64 2.4.28-1.3 [535 kB]
Get:60 http://localhost/debian/ unstable/main librtmp-dev amd64 2.4+20111222.git4e06e21-1 [72.8 kB]
Get:61 http://localhost/debian/ unstable/main libssh2-1-dev amd64 1.4.2-1 [257 kB]
Get:62 http://localhost/debian/ unstable/main libcurl4-gnutls-dev amd64 7.26.0-1 [1257 kB]
Get:63 http://localhost/debian/ unstable/main libfftw3-bin amd64 3.3.2-3 [235 kB]
Get:64 http://localhost/debian/ unstable/main libfftw3-dev amd64 3.3.2-3 [2910 kB]
Get:65 http://localhost/debian/ unstable/main libmpdclient2 amd64 2.3-1 [34.3 kB]
Get:66 http://localhost/debian/ unstable/main libmpdclient-dev amd64 2.3-1 [55.2 kB]
Get:67 http://localhost/debian/ unstable/main libtinfo-dev amd64 5.9-9 [105 kB]
Get:68 http://localhost/debian/ unstable/main libncursesw5-dev amd64 5.9-9 [254 kB]
Get:69 http://localhost/debian/ unstable/main libtag1c2a amd64 1.7.1-3 [9226 B]
Get:70 http://localhost/debian/ unstable/main libtag1-dev amd64 1.7.1-3 [80.9 kB]
debconf: delaying package configuration, since apt-utils is not installed
Fetched 25.0 MB in 1s (22.0 MB/s)
Selecting previously unselected package libncursesw5:amd64.
(Reading database ... 11810 files and directories currently installed.)
Unpacking libncursesw5:amd64 (from .../libncursesw5_5.9-9_amd64.deb) ...
Selecting previously unselected package libpipeline1:amd64.
Unpacking libpipeline1:amd64 (from .../libpipeline1_1.2.1-1_amd64.deb) ...
Selecting previously unselected package libpopt0:amd64.
Unpacking libpopt0:amd64 (from .../libpopt0_1.16-7_amd64.deb) ...
Selecting previously unselected package libasprintf0c2:amd64.
Unpacking libasprintf0c2:amd64 (from .../libasprintf0c2_0.18.1.1-9_amd64.deb) ...
Selecting previously unselected package libgpg-error0:amd64.
Unpacking libgpg-error0:amd64 (from .../libgpg-error0_1.10-3_amd64.deb) ...
Selecting previously unselected package libgcrypt11:amd64.
Unpacking libgcrypt11:amd64 (from .../libgcrypt11_1.5.0-3_amd64.deb) ...
Selecting previously unselected package libp11-kit0:amd64.
Unpacking libp11-kit0:amd64 (from .../libp11-kit0_0.12-3_amd64.deb) ...
Selecting previously unselected package libtasn1-3:amd64.
Unpacking libtasn1-3:amd64 (from .../libtasn1-3_2.13-2_amd64.deb) ...
Selecting previously unselected package libgnutls26:amd64.
Unpacking libgnutls26:amd64 (from .../libgnutls26_2.12.20-1_amd64.deb) ...
Selecting previously unselected package libgnutls-openssl27:amd64.
Unpacking libgnutls-openssl27:amd64 (from .../libgnutls-openssl27_2.12.20-1_amd64.deb) ...
Selecting previously unselected package libkeyutils1:amd64.
Unpacking libkeyutils1:amd64 (from .../libkeyutils1_1.5.5-2_amd64.deb) ...
Selecting previously unselected package libkrb5support0:amd64.
Unpacking libkrb5support0:amd64 (from .../libkrb5support0_1.10.1+dfsg-1_amd64.deb) ...
Selecting previously unselected package libk5crypto3:amd64.
Unpacking libk5crypto3:amd64 (from .../libk5crypto3_1.10.1+dfsg-1_amd64.deb) ...
Selecting previously unselected package libkrb5-3:amd64.
Unpacking libkrb5-3:amd64 (from .../libkrb5-3_1.10.1+dfsg-1_amd64.deb) ...
Selecting previously unselected package libgssapi-krb5-2:amd64.
Unpacking libgssapi-krb5-2:amd64 (from .../libgssapi-krb5-2_1.10.1+dfsg-1_amd64.deb) ...
Selecting previously unselected package libgssrpc4:amd64.
Unpacking libgssrpc4:amd64 (from .../libgssrpc4_1.10.1+dfsg-1_amd64.deb) ...
Selecting previously unselected package libidn11:amd64.
Unpacking libidn11:amd64 (from .../libidn11_1.25-2_amd64.deb) ...
Selecting previously unselected package libkadm5clnt-mit8:amd64.
Unpacking libkadm5clnt-mit8:amd64 (from .../libkadm5clnt-mit8_1.10.1+dfsg-1_amd64.deb) ...
Selecting previously unselected package libkdb5-6:amd64.
Unpacking libkdb5-6:amd64 (from .../libkdb5-6_1.10.1+dfsg-1_amd64.deb) ...
Selecting previously unselected package libkadm5srv-mit8:amd64.
Unpacking libkadm5srv-mit8:amd64 (from .../libkadm5srv-mit8_1.10.1+dfsg-1_amd64.deb) ...
Selecting previously unselected package libsasl2-2:amd64.
Unpacking libsasl2-2:amd64 (from .../libsasl2-2_2.1.25.dfsg1-4+b1_amd64.deb) ...
Selecting previously unselected package libldap-2.4-2:amd64.
Unpacking libldap-2.4-2:amd64 (from .../libldap-2.4-2_2.4.28-1.3_amd64.deb) ...
Selecting previously unselected package libmagic1:amd64.
Unpacking libmagic1:amd64 (from .../libmagic1_5.11-1_amd64.deb) ...
Selecting previously unselected package libpcre3:amd64.
Unpacking libpcre3:amd64 (from .../libpcre3_1%3a8.30-5_amd64.deb) ...
Selecting previously unselected package libxml2:amd64.
Unpacking libxml2:amd64 (from .../libxml2_2.8.0+dfsg1-4_amd64.deb) ...
Selecting previously unselected package libglib2.0-0:amd64.
Unpacking libglib2.0-0:amd64 (from .../libglib2.0-0_2.32.3-1_amd64.deb) ...
Selecting previously unselected package libcroco3:amd64.
Unpacking libcroco3:amd64 (from .../libcroco3_0.6.5-1_amd64.deb) ...
Selecting previously unselected package librtmp0:amd64.
Unpacking librtmp0:amd64 (from .../librtmp0_2.4+20111222.git4e06e21-1_amd64.deb) ...
Selecting previously unselected package libssh2-1:amd64.
Unpacking libssh2-1:amd64 (from .../libssh2-1_1.4.2-1_amd64.deb) ...
Selecting previously unselected package libcurl3-gnutls:amd64.
Unpacking libcurl3-gnutls:amd64 (from .../libcurl3-gnutls_7.26.0-1_amd64.deb) ...
Selecting previously unselected package libfftw3-3:amd64.
Unpacking libfftw3-3:amd64 (from .../libfftw3-3_3.3.2-3_amd64.deb) ...
Selecting previously unselected package libunistring0:amd64.
Unpacking libunistring0:amd64 (from .../libunistring0_0.9.3-5_amd64.deb) ...
Selecting previously unselected package libgettextpo0:amd64.
Unpacking libgettextpo0:amd64 (from .../libgettextpo0_0.18.1.1-9_amd64.deb) ...
Selecting previously unselected package libtag1-vanilla:amd64.
Unpacking libtag1-vanilla:amd64 (from .../libtag1-vanilla_1.7.1-3_amd64.deb) ...
Selecting previously unselected package libgnutlsxx27:amd64.
Unpacking libgnutlsxx27:amd64 (from .../libgnutlsxx27_2.12.20-1_amd64.deb) ...
Selecting previously unselected package bsdmainutils.
Unpacking bsdmainutils (from .../bsdmainutils_9.0.3_amd64.deb) ...
Selecting previously unselected package groff-base.
Unpacking groff-base (from .../groff-base_1.21-8_amd64.deb) ...
Selecting previously unselected package man-db.
Unpacking man-db (from .../man-db_2.6.2-1_amd64.deb) ...
Selecting previously unselected package file.
Unpacking file (from .../archives/file_5.11-1_amd64.deb) ...
Selecting previously unselected package gettext-base.
Unpacking gettext-base (from .../gettext-base_0.18.1.1-9_amd64.deb) ...
Selecting previously unselected package autotools-dev.
Unpacking autotools-dev (from .../autotools-dev_20120608.1_all.deb) ...
Selecting previously unselected package cdbs.
Unpacking cdbs (from .../archives/cdbs_0.4.115_all.deb) ...
Selecting previously unselected package html2text.
Unpacking html2text (from .../html2text_1.3.2a-15_amd64.deb) ...
Selecting previously unselected package gettext.
Unpacking gettext (from .../gettext_0.18.1.1-9_amd64.deb) ...
Selecting previously unselected package intltool-debian.
Unpacking intltool-debian (from .../intltool-debian_0.35.0+20060710.1_all.deb) ...
Selecting previously unselected package po-debconf.
Unpacking po-debconf (from .../po-debconf_1.0.16+nmu2_all.deb) ...
Selecting previously unselected package debhelper.
Unpacking debhelper (from .../debhelper_9.20120608_all.deb) ...
Selecting previously unselected package comerr-dev.
Unpacking comerr-dev (from .../comerr-dev_2.1-1.42.4-3_amd64.deb) ...
Selecting previously unselected package krb5-multidev.
Unpacking krb5-multidev (from .../krb5-multidev_1.10.1+dfsg-1_amd64.deb) ...
Selecting previously unselected package libgpg-error-dev.
Unpacking libgpg-error-dev (from .../libgpg-error-dev_1.10-3_amd64.deb) ...
Selecting previously unselected package libgcrypt11-dev.
Unpacking libgcrypt11-dev (from .../libgcrypt11-dev_1.5.0-3_amd64.deb) ...
Selecting previously unselected package zlib1g-dev:amd64.
Unpacking zlib1g-dev:amd64 (from .../zlib1g-dev_1%3a1.2.7.dfsg-13_amd64.deb) ...
Selecting previously unselected package libtasn1-3-dev.
Unpacking libtasn1-3-dev (from .../libtasn1-3-dev_2.13-2_amd64.deb) ...
Selecting previously unselected package libp11-kit-dev.
Unpacking libp11-kit-dev (from .../libp11-kit-dev_0.12-3_amd64.deb) ...
Selecting previously unselected package libgnutls-dev.
Unpacking libgnutls-dev (from .../libgnutls-dev_2.12.20-1_amd64.deb) ...
Selecting previously unselected package pkg-config.
Unpacking pkg-config (from .../pkg-config_0.26-1_amd64.deb) ...
Selecting previously unselected package libidn11-dev.
Unpacking libidn11-dev (from .../libidn11-dev_1.25-2_amd64.deb) ...
Selecting previously unselected package libkrb5-dev.
Unpacking libkrb5-dev (from .../libkrb5-dev_1.10.1+dfsg-1_amd64.deb) ...
Selecting previously unselected package libldap2-dev:amd64.
Unpacking libldap2-dev:amd64 (from .../libldap2-dev_2.4.28-1.3_amd64.deb) ...
Selecting previously unselected package librtmp-dev.
Unpacking librtmp-dev (from .../librtmp-dev_2.4+20111222.git4e06e21-1_amd64.deb) ...
Selecting previously unselected package libssh2-1-dev.
Unpacking libssh2-1-dev (from .../libssh2-1-dev_1.4.2-1_amd64.deb) ...
Selecting previously unselected package libcurl4-gnutls-dev.
Unpacking libcurl4-gnutls-dev (from .../libcurl4-gnutls-dev_7.26.0-1_amd64.deb) ...
Selecting previously unselected package libfftw3-bin.
Unpacking libfftw3-bin (from .../libfftw3-bin_3.3.2-3_amd64.deb) ...
Selecting previously unselected package libfftw3-dev:amd64.
Unpacking libfftw3-dev:amd64 (from .../libfftw3-dev_3.3.2-3_amd64.deb) ...
Selecting previously unselected package libmpdclient2.
Unpacking libmpdclient2 (from .../libmpdclient2_2.3-1_amd64.deb) ...
Selecting previously unselected package libmpdclient-dev.
Unpacking libmpdclient-dev (from .../libmpdclient-dev_2.3-1_amd64.deb) ...
Selecting previously unselected package libtinfo-dev:amd64.
Unpacking libtinfo-dev:amd64 (from .../libtinfo-dev_5.9-9_amd64.deb) ...
Selecting previously unselected package libncursesw5-dev.
Unpacking libncursesw5-dev (from .../libncursesw5-dev_5.9-9_amd64.deb) ...
Selecting previously unselected package libtag1c2a:amd64.
Unpacking libtag1c2a:amd64 (from .../libtag1c2a_1.7.1-3_amd64.deb) ...
Selecting previously unselected package libtag1-dev.
Unpacking libtag1-dev (from .../libtag1-dev_1.7.1-3_amd64.deb) ...
Selecting previously unselected package sbuild-build-depends-ncmpcpp-dummy.
Unpacking sbuild-build-depends-ncmpcpp-dummy (from .../sbuild-build-depends-ncmpcpp-dummy.deb) ...
Setting up libncursesw5:amd64 (5.9-9) ...
Setting up libpipeline1:amd64 (1.2.1-1) ...
Setting up libpopt0:amd64 (1.16-7) ...
Setting up libasprintf0c2:amd64 (0.18.1.1-9) ...
Setting up libgpg-error0:amd64 (1.10-3) ...
Setting up libgcrypt11:amd64 (1.5.0-3) ...
Setting up libp11-kit0:amd64 (0.12-3) ...
Setting up libtasn1-3:amd64 (2.13-2) ...
Setting up libgnutls26:amd64 (2.12.20-1) ...
Setting up libgnutls-openssl27:amd64 (2.12.20-1) ...
Setting up libkeyutils1:amd64 (1.5.5-2) ...
Setting up libkrb5support0:amd64 (1.10.1+dfsg-1) ...
Setting up libk5crypto3:amd64 (1.10.1+dfsg-1) ...
Setting up libkrb5-3:amd64 (1.10.1+dfsg-1) ...
Setting up libgssapi-krb5-2:amd64 (1.10.1+dfsg-1) ...
Setting up libgssrpc4:amd64 (1.10.1+dfsg-1) ...
Setting up libidn11:amd64 (1.25-2) ...
Setting up libkadm5clnt-mit8:amd64 (1.10.1+dfsg-1) ...
Setting up libkdb5-6:amd64 (1.10.1+dfsg-1) ...
Setting up libkadm5srv-mit8:amd64 (1.10.1+dfsg-1) ...
Setting up libsasl2-2:amd64 (2.1.25.dfsg1-4+b1) ...
Setting up libldap-2.4-2:amd64 (2.4.28-1.3) ...
Setting up libmagic1:amd64 (5.11-1) ...
Setting up libpcre3:amd64 (1:8.30-5) ...
Setting up libxml2:amd64 (2.8.0+dfsg1-4) ...
Setting up libglib2.0-0:amd64 (2.32.3-1) ...
No schema files found: doing nothing.
Setting up libcroco3:amd64 (0.6.5-1) ...
Setting up librtmp0:amd64 (2.4+20111222.git4e06e21-1) ...
Setting up libssh2-1:amd64 (1.4.2-1) ...
Setting up libcurl3-gnutls:amd64 (7.26.0-1) ...
Setting up libfftw3-3:amd64 (3.3.2-3) ...
Setting up libunistring0:amd64 (0.9.3-5) ...
Setting up libgettextpo0:amd64 (0.18.1.1-9) ...
Setting up libtag1-vanilla:amd64 (1.7.1-3) ...
Setting up libgnutlsxx27:amd64 (2.12.20-1) ...
Setting up bsdmainutils (9.0.3) ...
update-alternatives: using /usr/bin/bsd-write to provide /usr/bin/write (write) in auto mode.
update-alternatives: using /usr/bin/bsd-from to provide /usr/bin/from (from) in auto mode.
Setting up groff-base (1.21-8) ...
Setting up man-db (2.6.2-1) ...
Building database of manual pages ...
Setting up file (5.11-1) ...
Setting up gettext-base (0.18.1.1-9) ...
Setting up autotools-dev (20120608.1) ...
Setting up cdbs (0.4.115) ...
Setting up html2text (1.3.2a-15) ...
Setting up gettext (0.18.1.1-9) ...
Setting up intltool-debian (0.35.0+20060710.1) ...
Setting up po-debconf (1.0.16+nmu2) ...
Setting up debhelper (9.20120608) ...
Setting up comerr-dev (2.1-1.42.4-3) ...
Setting up krb5-multidev (1.10.1+dfsg-1) ...
Setting up libgpg-error-dev (1.10-3) ...
Setting up libgcrypt11-dev (1.5.0-3) ...
Setting up zlib1g-dev:amd64 (1:1.2.7.dfsg-13) ...
Setting up libtasn1-3-dev (2.13-2) ...
Setting up libp11-kit-dev (0.12-3) ...
Setting up libgnutls-dev (2.12.20-1) ...
Setting up pkg-config (0.26-1) ...
Setting up libidn11-dev (1.25-2) ...
Setting up libkrb5-dev (1.10.1+dfsg-1) ...
Setting up libldap2-dev:amd64 (2.4.28-1.3) ...
Setting up librtmp-dev (2.4+20111222.git4e06e21-1) ...
Setting up libssh2-1-dev (1.4.2-1) ...
Setting up libcurl4-gnutls-dev (7.26.0-1) ...
Setting up libfftw3-bin (3.3.2-3) ...
Setting up libfftw3-dev:amd64 (3.3.2-3) ...
Setting up libmpdclient2 (2.3-1) ...
Setting up libmpdclient-dev (2.3-1) ...
Setting up libtinfo-dev:amd64 (5.9-9) ...
Setting up libncursesw5-dev (5.9-9) ...
Setting up libtag1c2a:amd64 (1.7.1-3) ...
Setting up libtag1-dev (1.7.1-3) ...
Setting up sbuild-build-depends-ncmpcpp-dummy (0.invalid.0) ...

┌──────────────────────────────────────────────────────────────────────────────┐
│ Build environment                                                            │
└──────────────────────────────────────────────────────────────────────────────┘

Kernel: Linux 2.6.32-5-xen-amd64 amd64 (x86_64)
Toolchain package versions: binutils_2.22-6.1 dpkg-dev_1.16.4.3 g++-4.6_4.6.3-7 g++-4.7_4.7.1-1 gcc-4.6_4.6.3-7 gcc-4.7_4.7.1-1 libc6-dev_2.13-33 libstdc++6_4.7.1-1 libstdc++6-4.6-dev_4.6.3-7 libstdc++6-4.7-dev_4.7.1-1 linux-libc-dev_3.2.20-1
Package versions: apt_0.9.7 autotools-dev_20120608.1 base-files_6.11 base-passwd_3.5.26 bash_4.2-2 binutils_2.22-6.1 bsdmainutils_9.0.3 bsdutils_1:2.20.1-5.1 build-essential_11.5 bzip2_1.0.6-3 cdbs_0.4.115 clang_3.1-6 comerr-dev_2.1-1.42.4-3 coreutils_8.13-3.2 cpp_4:4.7.0-6 cpp-4.6_4.6.3-7 cpp-4.7_4.7.1-1 dash_0.5.7-3 debconf_1.5.44 debconf-i18n_1.5.44 debfoster_2.7-1.1 debhelper_9.20120608 debian-archive-keyring_2012.4 debianutils_4.3.1 diffutils_1:3.2-6 dpkg_1.16.4.3 dpkg-dev_1.16.4.3 e2fslibs_1.42.4-3 e2fsprogs_1.42.4-3 fakeroot_1.18.4-2 file_5.11-1 findutils_4.4.2-4 g++_4:4.7.0-6 g++-4.6_4.6.3-7 g++-4.7_4.7.1-1 gcc_4:4.7.0-6 gcc-4.4-base_4.4.7-1 gcc-4.5-base_4.5.3-12 gcc-4.6_4.6.3-7 gcc-4.6-base_4.6.3-7 gcc-4.7_4.7.1-1 gcc-4.7-base_4.7.1-1 gettext_0.18.1.1-9 gettext-base_0.18.1.1-9 gnupg_1.4.12-4 gpgv_1.4.12-4 grep_2.12-2 groff-base_1.21-8 gzip_1.5-1.1 hostname_3.11 html2text_1.3.2a-15 initscripts_2.88dsf-27 insserv_1.14.0-3 intltool-debian_0.35.0+20060710.1 krb5-multidev_1.10.1+dfsg-1 libacl1_2.2.51-8 libapt-pkg4.12_0.9.7 libasprintf0c2_0.18.1.1-9 libattr1_1:2.4.46-8 libblkid1_2.20.1-5.1 libbz2-1.0_1.0.6-3 libc-bin_2.13-33 libc-dev-bin_2.13-33 libc6_2.13-33 libc6-dev_2.13-33 libclang-common-dev_3.1-6 libclass-isa-perl_0.36-3 libcomerr2_1.42.4-3 libcroco3_0.6.5-1 libcurl3-gnutls_7.26.0-1 libcurl4-gnutls-dev_7.26.0-1 libdb5.1_5.1.29-4 libdpkg-perl_1.16.4.3 libffi5_3.0.10-3 libfftw3-3_3.3.2-3 libfftw3-bin_3.3.2-3 libfftw3-dev_3.3.2-3 libfile-fcntllock-perl_0.14-2 libgc1c2_1:7.1-8 libgcc1_1:4.7.1-1 libgcrypt11_1.5.0-3 libgcrypt11-dev_1.5.0-3 libgdbm3_1.8.3-11 libgettextpo0_0.18.1.1-9 libglib2.0-0_2.32.3-1 libgmp10_2:5.0.5+dfsg-2 libgnutls-dev_2.12.20-1 libgnutls-openssl27_2.12.20-1 libgnutls26_2.12.20-1 libgnutlsxx27_2.12.20-1 libgomp1_4.7.1-1 libgpg-error-dev_1.10-3 libgpg-error0_1.10-3 libgssapi-krb5-2_1.10.1+dfsg-1 libgssrpc4_1.10.1+dfsg-1 libidn11_1.25-2 libidn11-dev_1.25-2 libitm1_4.7.1-1 libk5crypto3_1.10.1+dfsg-1 libkadm5clnt-mit8_1.10.1+dfsg-1 libkadm5srv-mit8_1.10.1+dfsg-1 libkdb5-6_1.10.1+dfsg-1 libkeyutils1_1.5.5-2 libkrb5-3_1.10.1+dfsg-1 libkrb5-dev_1.10.1+dfsg-1 libkrb5support0_1.10.1+dfsg-1 libldap-2.4-2_2.4.28-1.3 libldap2-dev_2.4.28-1.3 libllvm3.1_3.1-1 liblocale-gettext-perl_1.05-7+b1 liblzma5_5.1.1alpha+20120614-1 libmagic1_5.11-1 libmount1_2.20.1-5.1 libmpc2_0.9-4 libmpdclient-dev_2.3-1 libmpdclient2_2.3-1 libmpfr4_3.1.0-5 libncurses5_5.9-9 libncursesw5_5.9-9 libncursesw5-dev_5.9-9 libp11-kit-dev_0.12-3 libp11-kit0_0.12-3 libpam-modules_1.1.3-7.1 libpam-modules-bin_1.1.3-7.1 libpam-runtime_1.1.3-7.1 libpam0g_1.1.3-7.1 libpcre3_1:8.30-5 libpipeline1_1.2.1-1 libpopt0_1.16-7 libquadmath0_4.7.1-1 libreadline6_6.2-8 librtmp-dev_2.4+20111222.git4e06e21-1 librtmp0_2.4+20111222.git4e06e21-1 libsasl2-2_2.1.25.dfsg1-4+b1 libselinux1_2.1.9-5 libsemanage-common_2.1.6-6 libsemanage1_2.1.6-6 libsepol1_2.1.4-3 libslang2_2.2.4-13 libss2_1.42.4-3 libssh2-1_1.4.2-1 libssh2-1-dev_1.4.2-1 libstdc++6_4.7.1-1 libstdc++6-4.6-dev_4.6.3-7 libstdc++6-4.7-dev_4.7.1-1 libswitch-perl_2.16-2 libtag1-dev_1.7.1-3 libtag1-vanilla_1.7.1-3 libtag1c2a_1.7.1-3 libtasn1-3_2.13-2 libtasn1-3-dev_2.13-2 libtext-charwidth-perl_0.04-7+b1 libtext-iconv-perl_1.7-5 libtext-wrapi18n-perl_0.06-7 libtimedate-perl_1.2000-1 libtinfo-dev_5.9-9 libtinfo5_5.9-9 libunistring0_0.9.3-5 libusb-0.1-4_2:0.1.12-23 libustr-1.0-1_1.0.4-3 libuuid1_2.20.1-5.1 libxml2_2.8.0+dfsg1-4 linux-libc-dev_3.2.20-1 login_1:4.1.5.1-1 lsb-base_4.1+Debian7 make_3.81-8.2 man-db_2.6.2-1 mawk_1.3.3-17 mount_2.20.1-5.1 multiarch-support_2.13-33 ncurses-base_5.9-9 ncurses-bin_5.9-9 passwd_1:4.1.5.1-1 patch_2.6.1-3 perl_5.14.2-12 perl-base_5.14.2-12 perl-modules_5.14.2-12 pkg-config_0.26-1 po-debconf_1.0.16+nmu2 readline-common_6.2-8 sbuild-build-depends-core-dummy_0.invalid.0 sbuild-build-depends-ncmpcpp-dummy_0.invalid.0 sed_4.2.1-10 sensible-utils_0.0.7 sysv-rc_2.88dsf-27 sysvinit_2.88dsf-27 sysvinit-utils_2.88dsf-27 tar_1.26-4 tzdata_2012c-1 ucf_3.0025+nmu3 util-linux_2.20.1-5.1 xz-utils_5.1.1alpha+20120614-1 zlib1g_1:1.2.7.dfsg-13 zlib1g-dev_1:1.2.7.dfsg-13

┌──────────────────────────────────────────────────────────────────────────────┐
│ Build                                                                        │
└──────────────────────────────────────────────────────────────────────────────┘


Unpack source
─────────────

gpgv: keyblock resource `/sbuild-nonexistent/.gnupg/trustedkeys.gpg': file open error
gpgv: Signature made Mon May 28 05:30:03 2012 UTC using DSA key ID 5E3619D3
gpgv: Can't check signature: public key not found
dpkg-source: warning: failed to verify signature on ./ncmpcpp_0.5.10-1.dsc
dpkg-source: info: extracting ncmpcpp in ncmpcpp-0.5.10
dpkg-source: info: unpacking ncmpcpp_0.5.10.orig.tar.bz2
dpkg-source: info: unpacking ncmpcpp_0.5.10-1.debian.tar.gz
dpkg-source: info: applying changelog.patch
dpkg-source: info: applying check-return-value-of-system.patch
dpkg-source: info: applying fix-typo.patch
dpkg-source: info: applying fix-manpage.patch

Check disc space
────────────────

Sufficient free space for build

User Environment
────────────────

HOME=/sbuild-nonexistent
LOGNAME=root
PATH=/usr/local/sbin:/usr/local/bin:/usr/sbin:/usr/bin:/sbin:/bin:/usr/bin/X11
SCHROOT_CHROOT_NAME=unstable-amd64-sbuild
SCHROOT_COMMAND=env
SCHROOT_GID=0
SCHROOT_GROUP=root
SCHROOT_SESSION_ID=unstable-amd64-sbuild-ddf5640a-ac77-4e7e-9614-03e7542944f2
SCHROOT_UID=0
SCHROOT_USER=root
SHELL=/bin/sh
USER=root

dpkg-buildpackage
─────────────────

dpkg-buildpackage: warning: using a gain-root-command while being root
dpkg-buildpackage: source package ncmpcpp
dpkg-buildpackage: source version 0.5.10-1
dpkg-buildpackage: source changed by Damien Leone <damien.leone@fensalir.fr>
 dpkg-source --before-build ncmpcpp-0.5.10
dpkg-buildpackage: host architecture amd64
 fakeroot debian/rules clean
test -x debian/rules
dh_testroot
rm -f debian/stamp-makefile-build debian/stamp-makefile-install
/usr/bin/make  -C .  -k distclean
make[1]: Entering directory `/«PKGBUILDDIR»'
make[1]: *** No rule to make target `distclean'.
make[1]: Leaving directory `/«PKGBUILDDIR»'
make: [makefile-clean] Error 2 (ignored)
rm -f debian/stamp-autotools
rmdir --ignore-fail-on-non-empty .
rmdir: failed to remove `.': Invalid argument
make: [makefile-clean] Error 1 (ignored)
for i in ./config.guess ./config.sub  ; do \
		if test -e $i.cdbs-orig ; then \
			mv $i.cdbs-orig $i ; \
		fi ; \
	done
dh_clean 
rm -f debian/stamp-autotools-files
 debian/rules build-arch
test -x debian/rules
mkdir -p "."
if test -e /usr/share/misc/config.guess ; then \
		for i in ./config.guess ; do \
			if ! test -e $i.cdbs-orig ; then \
				mv $i $i.cdbs-orig ; \
				cp --remove-destination /usr/share/misc/config.guess $i ; \
			fi ; \
		done ; \
	fi
if test -e /usr/share/misc/config.sub ; then \
		for i in ./config.sub ; do \
			if ! test -e $i.cdbs-orig ; then \
				mv $i $i.cdbs-orig ; \
				cp --remove-destination /usr/share/misc/config.sub $i ; \
			fi ; \
		done ; \
	fi
touch debian/stamp-autotools-files
chmod a+x /«PKGBUILDDIR»/./configure
mkdir -p .
cd . &&   CFLAGS="-g -O2 -fPIE -fstack-protector --param=ssp-buffer-size=4 -Wformat -Werror=format-security" CXXFLAGS="-g -O2 -fPIE -fstack-protector --param=ssp-buffer-size=4 -Wformat -Werror=format-security" CPPFLAGS="-D_FORTIFY_SOURCE=2" LDFLAGS="-fPIE -pie -Wl,-z,relro -Wl,-z,now" /«PKGBUILDDIR»/./configure --build=x86_64-linux-gnu  --prefix=/usr --includedir="\${prefix}/include" --mandir="\${prefix}/share/man" --infodir="\${prefix}/share/info" --sysconfdir=/etc --localstatedir=/var --libexecdir="\${prefix}/lib/ncmpcpp" --srcdir=. --disable-maintainer-mode --disable-dependency-tracking --disable-silent-rules   --enable-clock --enable-unicode --without-iconv --enable-outputs --enable-visualizer --with-curl --with-taglib 
configure: WARNING: unrecognized options: --disable-maintainer-mode, --disable-silent-rules
checking for a BSD-compatible install... /usr/bin/install -c
checking whether build environment is sane... yes
checking for a thread-safe mkdir -p... /bin/mkdir -p
checking for gawk... no
checking for mawk... mawk
checking whether make sets $(MAKE)... yes
checking for g++... g++
checking whether the C++ compiler works... yes
checking for C++ compiler default output file name... a.out
checking for suffix of executables... 
checking whether we are cross compiling... no
checking for suffix of object files... o
checking whether we are using the GNU C++ compiler... yes
checking whether g++ accepts -g... yes
checking for style of include used by make... GNU
checking dependency style of g++... none
checking build system type... x86_64-pc-linux-gnu
checking host system type... x86_64-pc-linux-gnu
checking how to print strings... printf
checking for gcc... gcc
checking whether we are using the GNU C compiler... yes
checking whether gcc accepts -g... yes
checking for gcc option to accept ISO C89... none needed
checking dependency style of gcc... none
checking for a sed that does not truncate output... /bin/sed
checking for grep that handles long lines and -e... /bin/grep
checking for egrep... /bin/grep -E
checking for fgrep... /bin/grep -F
checking for ld used by gcc... /usr/bin/ld
checking if the linker (/usr/bin/ld) is GNU ld... yes
checking for BSD- or MS-compatible name lister (nm)... /usr/bin/nm -B
checking the name lister (/usr/bin/nm -B) interface... BSD nm
checking whether ln -s works... yes
checking the maximum length of command line arguments... 3458764513820540925
checking whether the shell understands some XSI constructs... yes
checking whether the shell understands "+="... yes
checking how to convert x86_64-pc-linux-gnu file names to x86_64-pc-linux-gnu format... func_convert_file_noop
checking how to convert x86_64-pc-linux-gnu file names to toolchain format... func_convert_file_noop
checking for /usr/bin/ld option to reload object files... -r
checking for objdump... objdump
checking how to recognize dependent libraries... pass_all
checking for dlltool... no
checking how to associate runtime and link libraries... printf %s\n
checking for ar... ar
checking for archiver @FILE support... @
checking for strip... strip
checking for ranlib... ranlib
checking command to parse /usr/bin/nm -B output from gcc object... ok
checking for sysroot... no
checking for mt... no
checking if : is a manifest tool... no
checking how to run the C preprocessor... gcc -E
checking for ANSI C header files... yes
checking for sys/types.h... yes
checking for sys/stat.h... yes
checking for stdlib.h... yes
checking for string.h... yes
checking for memory.h... yes
checking for strings.h... yes
checking for inttypes.h... yes
checking for stdint.h... yes
checking for unistd.h... yes
checking for dlfcn.h... yes
checking for objdir... .libs
checking if gcc supports -fno-rtti -fno-exceptions... yes
checking for gcc option to produce PIC... -fPIC -DPIC
checking if gcc PIC flag -fPIC -DPIC works... yes
checking if gcc static flag -static works... no
checking if gcc supports -c -o file.o... yes
checking if gcc supports -c -o file.o... (cached) yes
checking whether the gcc linker (/usr/bin/ld -m elf_x86_64) supports shared libraries... yes
checking whether -lc should be explicitly linked in... no
checking dynamic linker characteristics... GNU/Linux ld.so
checking how to hardcode library paths into programs... immediate
checking whether stripping libraries is possible... yes
checking if libtool supports shared libraries... yes
checking whether to build shared libraries... yes
checking whether to build static libraries... yes
checking how to run the C++ preprocessor... g++ -E
checking for ld used by g++... /usr/bin/ld -m elf_x86_64
checking if the linker (/usr/bin/ld -m elf_x86_64) is GNU ld... yes
checking whether the g++ linker (/usr/bin/ld -m elf_x86_64) supports shared libraries... yes
checking for g++ option to produce PIC... -fPIC -DPIC
checking if g++ PIC flag -fPIC -DPIC works... yes
checking if g++ static flag -static works... no
checking if g++ supports -c -o file.o... yes
checking if g++ supports -c -o file.o... (cached) yes
checking whether the g++ linker (/usr/bin/ld -m elf_x86_64) supports shared libraries... yes
checking dynamic linker characteristics... (cached) GNU/Linux ld.so
checking how to hardcode library paths into programs... immediate
checking whether compiler supports -fno-exceptions... yes
checking for _head_libws2_32_a in -lws2_32... no
checking for regcomp in -lregex... no
checking dirent.h usability... yes
checking dirent.h presence... yes
checking for dirent.h... yes
checking regex.h usability... yes
checking regex.h presence... yes
checking for regex.h... yes
checking langinfo.h usability... yes
checking langinfo.h presence... yes
checking for langinfo.h... yes
checking for pkg-config... /usr/bin/pkg-config
checking pkg-config is at least version 0.9.0... yes
checking for libmpdclient... yes
checking mpd/client.h usability... yes
checking mpd/client.h presence... yes
checking for mpd/client.h... yes
checking pthread.h usability... yes
checking pthread.h presence... yes
checking for pthread.h... yes
checking for pthread_create in -lpthread... yes
checking for ncursesw6-config... no
checking for ncursesw5-config... /usr/bin/ncursesw5-config
checking for initscr in -lncursesw... yes
checking for initscr in -lncursesw... yes
checking curses.h usability... yes
checking curses.h presence... yes
checking for curses.h... yes
checking for fftw3... yes
checking fftw3.h usability... yes
checking fftw3.h presence... yes
checking for fftw3.h... yes
checking for curl-config... /usr/bin/curl-config
checking for curl_easy_init in -lcurl... yes
checking curl/curl.h usability... yes
checking curl/curl.h presence... yes
checking for curl/curl.h... yes
checking for taglib-config... /usr/bin/taglib-config
checking taglib.h usability... yes
checking taglib.h presence... yes
checking for taglib.h... yes
configure: creating ./config.status
config.status: creating Makefile
config.status: creating src/Makefile
config.status: creating doc/Makefile
config.status: creating config.h
config.status: executing depfiles commands
config.status: executing libtool commands
configure: WARNING: unrecognized options: --disable-maintainer-mode, --disable-silent-rules
touch debian/stamp-autotools
/usr/bin/make  -C .  
make[1]: Entering directory `/«PKGBUILDDIR»'
/usr/bin/make  all-recursive
make[2]: Entering directory `/«PKGBUILDDIR»'
Making all in src
make[3]: Entering directory `/«PKGBUILDDIR»/src'
g++ -DHAVE_CONFIG_H -I. -I..   -D_FORTIFY_SOURCE=2   -I/usr/include/ncursesw    -I/usr/include/taglib  -g -O2 -fPIE -fstack-protector --param=ssp-buffer-size=4 -Wformat -Werror=format-security -fno-exceptions -c -o browser.o browser.cpp
clang: warning: argument unused during compilation: '--param ssp-buffer-size=4'
In file included from browser.cpp:27:
In file included from ./browser.h:24:
In file included from ./ncmpcpp.h:26:
./scrollpad.h:85:69: warning: control reaches end of non-void function [-Wreturn-type]
                        std::basic_string<my_char_t> Content() { return itsBuffer.Str(); }
                                                                                         ^
In file included from browser.cpp:27:
In file included from ./browser.h:24:
In file included from ./ncmpcpp.h:25:
In file included from ./menu.h:30:
./strbuffer.h:369:38: error: 'itsTempString' is a private member of 'NCurses::basic_buffer<char>'
        const std::basic_string<C> &s = buf.itsTempString ? *buf.itsTempString : buf.itsString.str();
                                            ^
./menu.h:771:10: note: in instantiation of function template specialization 'operator<<<char>' requested here
                        *this << *itsSelectedPrefix;
                              ^
browser.cpp:584:5: note: in instantiation of member function 'NCurses::Menu<MPD::Item>::Refresh' requested here
        w->Refresh();
           ^
./strbuffer.h:68:25: note: implicitly declared private here
                std::basic_string<C> *itsTempString;
                                      ^
./strbuffer.h:369:59: error: 'itsTempString' is a private member of 'NCurses::basic_buffer<char>'
        const std::basic_string<C> &s = buf.itsTempString ? *buf.itsTempString : buf.itsString.str();
                                                                 ^
./strbuffer.h:68:25: note: implicitly declared private here
                std::basic_string<C> *itsTempString;
                                      ^
./strbuffer.h:369:79: error: 'itsString' is a private member of 'NCurses::basic_buffer<char>'
        const std::basic_string<C> &s = buf.itsTempString ? *buf.itsTempString : buf.itsString.str();
                                                                                     ^
./strbuffer.h:59:31: note: implicitly declared private here
                std::basic_ostringstream<C> itsString;
                                            ^
./strbuffer.h:370:10: error: 'itsFormat' is a private member of 'NCurses::basic_buffer<char>'
        if (buf.itsFormat.empty())
                ^
./strbuffer.h:63:24: note: implicitly declared private here
                std::list<FormatPos> itsFormat;
                                     ^
./strbuffer.h:377:57: error: 'FormatPos' is a private member of 'NCurses::basic_buffer<char>'
                typename std::list<typename NCurses::basic_buffer<C>::FormatPos>::const_iterator b = buf.itsFormat.begin();
                                                                      ^
./strbuffer.h:41:10: note: implicitly declared private here
                struct FormatPos
                       ^
./strbuffer.h:377:92: error: 'itsFormat' is a private member of 'NCurses::basic_buffer<char>'
                typename std::list<typename NCurses::basic_buffer<C>::FormatPos>::const_iterator b = buf.itsFormat.begin();
                                                                                                         ^
./strbuffer.h:63:24: note: implicitly declared private here
                std::list<FormatPos> itsFormat;
                                     ^
./strbuffer.h:378:57: error: 'FormatPos' is a private member of 'NCurses::basic_buffer<char>'
                typename std::list<typename NCurses::basic_buffer<C>::FormatPos>::const_iterator e = buf.itsFormat.end();
                                                                      ^
./strbuffer.h:41:10: note: implicitly declared private here
                struct FormatPos
                       ^
./strbuffer.h:378:92: error: 'itsFormat' is a private member of 'NCurses::basic_buffer<char>'
                typename std::list<typename NCurses::basic_buffer<C>::FormatPos>::const_iterator e = buf.itsFormat.end();
                                                                                                         ^
./strbuffer.h:63:24: note: implicitly declared private here
                std::list<FormatPos> itsFormat;
                                     ^
./strbuffer.h:388:9: error: 'LoadAttribute' is a private member of 'NCurses::basic_buffer<char>'
                                buf.LoadAttribute(w, b->Value);
                                    ^
./strbuffer.h:173:9: note: declared private here
                        void LoadAttribute(Window &w, short value) const;
                             ^
1 warning and 9 errors generated.
make[3]: *** [browser.o] Error 1
make[3]: Leaving directory `/«PKGBUILDDIR»/src'
make[2]: *** [all-recursive] Error 1
make[1]: *** [all] Error 2
make: *** [debian/stamp-makefile-build] Error 2
dpkg-buildpackage: error: debian/rules build-arch gave error exit status 2
make[2]: Leaving directory `/«PKGBUILDDIR»'
make[1]: Leaving directory `/«PKGBUILDDIR»'
────────────────────────────────────────────────────────────────────────────────
Build finished at 20120623-1634

Finished
────────

E: Build failure (dpkg-buildpackage died)

┌──────────────────────────────────────────────────────────────────────────────┐
│ Cleanup                                                                      │
└──────────────────────────────────────────────────────────────────────────────┘

Purging /«BUILDDIR»
Not cleaning session: cloned chroot in use

┌──────────────────────────────────────────────────────────────────────────────┐
│ Summary                                                                      │
└──────────────────────────────────────────────────────────────────────────────┘

Architecture: amd64
Build-Space: 3304
Build-Time: 15
Distribution: unstable
Fail-Stage: build
Install-Time: 10
Job: ncmpcpp_0.5.10-1
Package: ncmpcpp
Package-Time: 52
Source-Version: 0.5.10-1
Space: 3304
Status: attempted
Version: 0.5.10-1
────────────────────────────────────────────────────────────────────────────────
Finished at 20120623-1634
Build needed 00:00:52, 3304k disc space
DC-Status: Failed 52.757759s
