DC-Build-Header: pingus 0.7.6-1.1 / Mon Jul 02 18:38:30 +0000 2012
DC-Task: logfile:/tmp/pingus_0.7.6-1.1_unstable_clang.log version:0.7.6-1.1 modes:clang chroot:unstable source:pingus esttime: architecture:any
DC-Sbuild-call: su user -c 'sbuild -n -A -s --force-orig-source --apt-update -d unstable -v  --chroot-setup-commands=/tmp/switch-to-clang pingus_0.7.6-1.1'
sbuild (Debian sbuild) 0.62.5 (13 Jul 2011) on ip-10-29-135-146.ec2.internal

╔══════════════════════════════════════════════════════════════════════════════╗
║ pingus 0.7.6-1.1 (amd64)                                   02 Jul 2012 18:38 ║
╚══════════════════════════════════════════════════════════════════════════════╝

Package: pingus
Version: 0.7.6-1.1
Source Version: 0.7.6-1.1
Distribution: unstable
Architecture: amd64

I: NOTICE: Log filtering will replace 'build/pingus-9ntbGe/pingus-0.7.6' with '«PKGBUILDDIR»'
I: NOTICE: Log filtering will replace 'build/pingus-9ntbGe' with '«BUILDDIR»'
I: NOTICE: Log filtering will replace 'var/lib/schroot/mount/unstable-amd64-sbuild-609381fc-3623-492d-8113-64d392a29009' with '«CHROOT»'

┌──────────────────────────────────────────────────────────────────────────────┐
│ Update chroot                                                                │
└──────────────────────────────────────────────────────────────────────────────┘

Ign http://localhost unstable InRelease
Hit http://localhost unstable Release.gpg
Hit http://localhost unstable Release
Hit http://localhost unstable/main Sources/DiffIndex
Hit http://localhost unstable/main amd64 Packages/DiffIndex
Hit http://localhost unstable/main Translation-en/DiffIndex
Reading package lists...
Reading package lists...
Building dependency tree...
Reading state information...
0 upgraded, 0 newly installed, 0 to remove and 0 not upgraded.

┌──────────────────────────────────────────────────────────────────────────────┐
│ Fetch source files                                                           │
└──────────────────────────────────────────────────────────────────────────────┘


Check APT
─────────

Checking available source versions...

Download source files with APT
──────────────────────────────

Reading package lists...
Building dependency tree...
Reading state information...
NOTICE: 'pingus' packaging is maintained in the 'Svn' version control system at:
svn://svn.debian.org/svn/pkg-games/packages/trunk/pingus/
Need to get 12.6 MB of source archives.
Get:1 http://localhost/debian/ unstable/main pingus 0.7.6-1.1 (dsc) [1490 B]
Get:2 http://localhost/debian/ unstable/main pingus 0.7.6-1.1 (tar) [12.6 MB]
Get:3 http://localhost/debian/ unstable/main pingus 0.7.6-1.1 (diff) [15.7 kB]
Fetched 12.6 MB in 1s (7432 kB/s)
Download complete and in download only mode

Check arch
──────────


┌──────────────────────────────────────────────────────────────────────────────┐
│ Chroot Setup Commands                                                        │
└──────────────────────────────────────────────────────────────────────────────┘


/tmp/switch-to-clang
────────────────────

+ echo 'Entering customization script...'
Entering customization script...
+ apt-get update
Ign http://localhost unstable InRelease
Hit http://localhost unstable Release.gpg
Hit http://localhost unstable Release
Hit http://localhost unstable/main Sources/DiffIndex
Hit http://localhost unstable/main amd64 Packages/DiffIndex
Hit http://localhost unstable/main Translation-en/DiffIndex
Reading package lists...
+ echo 'Install of clang'
Install of clang
+ apt-get update
Ign http://localhost unstable InRelease
Hit http://localhost unstable Release.gpg
Hit http://localhost unstable Release
Hit http://localhost unstable/main Sources/DiffIndex
Hit http://localhost unstable/main amd64 Packages/DiffIndex
Hit http://localhost unstable/main Translation-en/DiffIndex
Reading package lists...
+ apt-get install --yes --no-install-recommends clang -t unstable
Reading package lists...
Building dependency tree...
Reading state information...
The following extra packages will be installed:
  libclang-common-dev libffi5 libllvm3.1
Recommended packages:
  llvm-3.1-dev python
The following NEW packages will be installed:
  clang libclang-common-dev libffi5 libllvm3.1
0 upgraded, 4 newly installed, 0 to remove and 0 not upgraded.
Need to get 13.1 MB of archives.
After this operation, 35.6 MB of additional disk space will be used.
Get:1 http://localhost/debian/ unstable/main libffi5 amd64 3.0.10-3 [24.8 kB]
Get:2 http://localhost/debian/ unstable/main libllvm3.1 amd64 3.1-2 [7275 kB]
Get:3 http://localhost/debian/ unstable/main libclang-common-dev amd64 3.1-8 [84.3 kB]
Get:4 http://localhost/debian/ unstable/main clang amd64 3.1-8 [5755 kB]
debconf: delaying package configuration, since apt-utils is not installed
Fetched 13.1 MB in 3s (3785 kB/s)
Selecting previously unselected package libffi5:amd64.
(Reading database ... 11725 files and directories currently installed.)
Unpacking libffi5:amd64 (from .../libffi5_3.0.10-3_amd64.deb) ...
Selecting previously unselected package libllvm3.1:amd64.
Unpacking libllvm3.1:amd64 (from .../libllvm3.1_3.1-2_amd64.deb) ...
Selecting previously unselected package libclang-common-dev.
Unpacking libclang-common-dev (from .../libclang-common-dev_3.1-8_amd64.deb) ...
Selecting previously unselected package clang.
Unpacking clang (from .../archives/clang_3.1-8_amd64.deb) ...
Setting up libffi5:amd64 (3.0.10-3) ...
Setting up libllvm3.1:amd64 (3.1-2) ...
Setting up libclang-common-dev (3.1-8) ...
Setting up clang (3.1-8) ...
+ echo 'Replace gcc, g++ & cpp by clang'
Replace gcc, g++ & cpp by clang
+ VERSION=4.7
+ cd /usr/bin
+ rm g++-4.7 gcc-4.7 cpp-4.7
+ ln -s clang++ g++-4.7
+ ln -s clang gcc-4.7
+ ln -s clang cpp-4.7
+ cd -
/«BUILDDIR»
+ echo 'Block the installation of new gcc version'
Block the installation of new gcc version
+ echo 'gcc-4.6 hold'
+ dpkg --set-selections
+ dpkg --set-selections
+ echo 'cpp-4.6 hold'
+ dpkg --set-selections
+ echo 'g++-4.6 hold'
+ dpkg --set-selections
+ echo 'gcc-4.7 hold'
+ dpkg --set-selections
+ echo 'cpp-4.7 hold'
+ dpkg --set-selections
+ echo 'g++-4.7 hold'
+ echo 'Check if gcc, g++ & cpp are actually clang'
Check if gcc, g++ & cpp are actually clang
+ gcc --version
+ grep clang

I: Finished running '/tmp/switch-to-clang'.

Finished processing commands.
────────────────────────────────────────────────────────────────────────────────
Merged Build-Depends: build-essential, fakeroot
Filtered Build-Depends: build-essential, fakeroot
dpkg-deb: building package `sbuild-build-depends-core-dummy' in `/«BUILDDIR»/resolver-dgKoSb/apt_archive/sbuild-build-depends-core-dummy.deb'.
OK
Reading package lists...

┌──────────────────────────────────────────────────────────────────────────────┐
│ Install core build dependencies (apt-based resolver)                         │
└──────────────────────────────────────────────────────────────────────────────┘

Installing build dependencies
Reading package lists...
Building dependency tree...
Reading state information...
The following NEW packages will be installed:
  sbuild-build-depends-core-dummy
debconf: delaying package configuration, since apt-utils is not installed
0 upgraded, 1 newly installed, 0 to remove and 0 not upgraded.
Need to get 0 B/708 B of archives.
After this operation, 0 B of additional disk space will be used.
Selecting previously unselected package sbuild-build-depends-core-dummy.
(Reading database ... 11805 files and directories currently installed.)
Unpacking sbuild-build-depends-core-dummy (from .../sbuild-build-depends-core-dummy.deb) ...
Setting up sbuild-build-depends-core-dummy (0.invalid.0) ...
Merged Build-Depends: base-files, base-passwd, bash, coreutils, dash, debianutils, diffutils, dpkg, e2fsprogs, findutils, grep, gzip, hostname, ncurses-base, ncurses-bin, perl-base, sed, login, sysvinit-utils, sysvinit, tar, bsdutils, mount, util-linux, libc6-dev | libc-dev, gcc (>= 4:4.4.3), g++ (>= 4:4.4.3), make, dpkg-dev (>= 1.13.5), debhelper (>= 5), scons, libsdl1.2-dev, libsdl-mixer1.2-dev, libsdl-image1.2-dev, libphysfs-dev, libboost-signals-dev
Filtered Build-Depends: base-files, base-passwd, bash, coreutils, dash, debianutils, diffutils, dpkg, e2fsprogs, findutils, grep, gzip, hostname, ncurses-base, ncurses-bin, perl-base, sed, login, sysvinit-utils, sysvinit, tar, bsdutils, mount, util-linux, libc6-dev, gcc (>= 4:4.4.3), g++ (>= 4:4.4.3), make, dpkg-dev (>= 1.13.5), debhelper (>= 5), scons, libsdl1.2-dev, libsdl-mixer1.2-dev, libsdl-image1.2-dev, libphysfs-dev, libboost-signals-dev
dpkg-deb: building package `sbuild-build-depends-pingus-dummy' in `/«BUILDDIR»/resolver-DryyNo/apt_archive/sbuild-build-depends-pingus-dummy.deb'.
OK
Reading package lists...

┌──────────────────────────────────────────────────────────────────────────────┐
│ Install pingus build dependencies (apt-based resolver)                       │
└──────────────────────────────────────────────────────────────────────────────┘

Installing build dependencies
Reading package lists...
Building dependency tree...
Reading state information...
The following extra packages will be installed:
  bsdmainutils debhelper file gettext gettext-base groff-base html2text
  intltool-debian libasound2 libasound2-dev libasprintf0c2 libasyncns0
  libavahi-client-dev libavahi-client3 libavahi-common-data
  libavahi-common-dev libavahi-common3 libboost-signals-dev
  libboost-signals1.49-dev libboost-signals1.49.0 libboost1.49-dev libcaca-dev
  libcaca0 libcap2 libcroco3 libdbus-1-3 libdbus-1-dev libdirectfb-1.2-9
  libdirectfb-dev libdirectfb-extra libdrm2 libelf1 libexpat1 libflac-dev
  libflac8 libfreetype6 libfreetype6-dev libgettextpo0 libgl1-mesa-dev
  libgl1-mesa-glx libglapi-mesa libglib2.0-0 libglib2.0-bin libglib2.0-data
  libglib2.0-dev libglu1-mesa libglu1-mesa-dev libice6 libicu48 libjbig-dev
  libjbig0 libjpeg8 libjpeg8-dev libjson0 libmad0 libmad0-dev libmagic1
  libmikmod2 libmikmod2-dev libncursesw5 libogg-dev libogg0 libpcre3
  libpcre3-dev libpcrecpp0 libphysfs-dev libphysfs1 libpipeline1 libpng12-0
  libpng12-dev libpopt0 libpthread-stubs0 libpthread-stubs0-dev libpulse-dev
  libpulse-mainloop-glib0 libpulse0 libsdl-image1.2 libsdl-image1.2-dev
  libsdl-mixer1.2 libsdl-mixer1.2-dev libsdl1.2-dev libsdl1.2debian
  libslang2-dev libsm6 libsndfile1 libsqlite3-0 libssl1.0.0 libtiff4
  libtiff4-dev libtiffxx0c2 libts-0.0-0 libts-dev libunistring0 libvorbis-dev
  libvorbis0a libvorbisenc2 libvorbisfile3 libwebp-dev libwebp2 libwrap0
  libx11-6 libx11-data libx11-dev libx11-xcb1 libxau-dev libxau6 libxcb-glx0
  libxcb1 libxcb1-dev libxdamage1 libxdmcp-dev libxdmcp6 libxext-dev libxext6
  libxfixes3 libxi6 libxml2 libxtst6 libxxf86vm1 man-db mesa-common-dev
  mime-support pkg-config po-debconf python python-minimal python2.7
  python2.7-minimal scons tsconf x11-common x11proto-core-dev
  x11proto-input-dev x11proto-kb-dev x11proto-xext-dev xorg-sgml-doctools
  xtrans-dev zlib1g-dev
Suggested packages:
  wamerican wordlist whois vacation dh-make gettext-doc groff
  libasound2-plugins libasound2-doc libboost1.49-doc libboost-chrono1.49-dev
  libboost-date-time1.49-dev libboost-filesystem1.49-dev
  libboost-graph-parallel1.49-dev libboost-graph1.49-dev
  libboost-iostreams1.49-dev libboost-locale1.49-dev libboost-math1.49-dev
  libboost-mpi1.49-dev libboost-program-options1.49-dev
  libboost-python1.49-dev libboost-random1.49-dev libboost-regex1.49-dev
  libboost-serialization1.49-dev libboost-system1.49-dev libboost-test1.49-dev
  libboost-thread1.49-dev libboost-timer1.49-dev libboost-wave1.49-dev
  xsltproc doxygen docbook-xml docbook-xsl default-jdk fop libglib2.0-doc
  oss-compat pulseaudio libxcb-doc libxext-doc less www-browser
  libmail-box-perl python-doc python-tk python2.7-doc binfmt-support
Recommended packages:
  curl wget lynx-cur autopoint dbus libgl1-mesa-dri shared-mime-info libgpm2
  tcpd libx11-doc xml-core libmail-sendmail-perl
The following NEW packages will be installed:
  bsdmainutils debhelper file gettext gettext-base groff-base html2text
  intltool-debian libasound2 libasound2-dev libasprintf0c2 libasyncns0
  libavahi-client-dev libavahi-client3 libavahi-common-data
  libavahi-common-dev libavahi-common3 libboost-signals-dev
  libboost-signals1.49-dev libboost-signals1.49.0 libboost1.49-dev libcaca-dev
  libcaca0 libcap2 libcroco3 libdbus-1-3 libdbus-1-dev libdirectfb-1.2-9
  libdirectfb-dev libdirectfb-extra libdrm2 libelf1 libexpat1 libflac-dev
  libflac8 libfreetype6 libfreetype6-dev libgettextpo0 libgl1-mesa-dev
  libgl1-mesa-glx libglapi-mesa libglib2.0-0 libglib2.0-bin libglib2.0-data
  libglib2.0-dev libglu1-mesa libglu1-mesa-dev libice6 libicu48 libjbig-dev
  libjbig0 libjpeg8 libjpeg8-dev libjson0 libmad0 libmad0-dev libmagic1
  libmikmod2 libmikmod2-dev libncursesw5 libogg-dev libogg0 libpcre3
  libpcre3-dev libpcrecpp0 libphysfs-dev libphysfs1 libpipeline1 libpng12-0
  libpng12-dev libpopt0 libpthread-stubs0 libpthread-stubs0-dev libpulse-dev
  libpulse-mainloop-glib0 libpulse0 libsdl-image1.2 libsdl-image1.2-dev
  libsdl-mixer1.2 libsdl-mixer1.2-dev libsdl1.2-dev libsdl1.2debian
  libslang2-dev libsm6 libsndfile1 libsqlite3-0 libssl1.0.0 libtiff4
  libtiff4-dev libtiffxx0c2 libts-0.0-0 libts-dev libunistring0 libvorbis-dev
  libvorbis0a libvorbisenc2 libvorbisfile3 libwebp-dev libwebp2 libwrap0
  libx11-6 libx11-data libx11-dev libx11-xcb1 libxau-dev libxau6 libxcb-glx0
  libxcb1 libxcb1-dev libxdamage1 libxdmcp-dev libxdmcp6 libxext-dev libxext6
  libxfixes3 libxi6 libxml2 libxtst6 libxxf86vm1 man-db mesa-common-dev
  mime-support pkg-config po-debconf python python-minimal python2.7
  python2.7-minimal sbuild-build-depends-pingus-dummy scons tsconf x11-common
  x11proto-core-dev x11proto-input-dev x11proto-kb-dev x11proto-xext-dev
  xorg-sgml-doctools xtrans-dev zlib1g-dev
0 upgraded, 139 newly installed, 0 to remove and 0 not upgraded.
Need to get 61.4 MB/61.4 MB of archives.
After this operation, 246 MB of additional disk space will be used.
Get:1 http://localhost/debian/ unstable/main libncursesw5 amd64 5.9-10 [141 kB]
Get:2 http://localhost/debian/ unstable/main libpipeline1 amd64 1.2.1-1 [39.2 kB]
Get:3 http://localhost/debian/ unstable/main libpopt0 amd64 1.16-7 [56.4 kB]
Get:4 http://localhost/debian/ unstable/main libssl1.0.0 amd64 1.0.1c-3 [1211 kB]
Get:5 http://localhost/debian/ unstable/main libasprintf0c2 amd64 0.18.1.1-9 [26.8 kB]
Get:6 http://localhost/debian/ unstable/main libcap2 amd64 1:2.22-1.1 [13.5 kB]
Get:7 http://localhost/debian/ unstable/main libmagic1 amd64 5.11-2 [202 kB]
Get:8 http://localhost/debian/ unstable/main libpcre3 amd64 1:8.30-5 [242 kB]
Get:9 http://localhost/debian/ unstable/main libsqlite3-0 amd64 3.7.13-1 [455 kB]
Get:10 http://localhost/debian/ unstable/main libwrap0 amd64 7.6.q-23 [62.3 kB]
Get:11 http://localhost/debian/ unstable/main libxml2 amd64 2.8.0+dfsg1-4 [903 kB]
Get:12 http://localhost/debian/ unstable/main libasound2 amd64 1.0.25-3 [461 kB]
Get:13 http://localhost/debian/ unstable/main libasyncns0 amd64 0.8-4 [13.6 kB]
Get:14 http://localhost/debian/ unstable/main libavahi-common-data amd64 0.6.31-1 [134 kB]
Get:15 http://localhost/debian/ unstable/main libavahi-common3 amd64 0.6.31-1 [54.3 kB]
Get:16 http://localhost/debian/ unstable/main libdbus-1-3 amd64 1.6.2-1 [227 kB]
Get:17 http://localhost/debian/ unstable/main libavahi-client3 amd64 0.6.31-1 [59.1 kB]
Get:18 http://localhost/debian/ unstable/main libcaca0 amd64 0.99.beta18-1 [395 kB]
Get:19 http://localhost/debian/ unstable/main libglib2.0-0 amd64 2.32.3-1 [2081 kB]
Get:20 http://localhost/debian/ unstable/main libcroco3 amd64 0.6.5-1 [151 kB]
Get:21 http://localhost/debian/ unstable/main tsconf all 1.0-11 [13.4 kB]
Get:22 http://localhost/debian/ unstable/main libts-0.0-0 amd64 1.0-11 [29.9 kB]
Get:23 http://localhost/debian/ unstable/main libdirectfb-1.2-9 amd64 1.2.10.0-5 [1203 kB]
Get:24 http://localhost/debian/ unstable/main libfreetype6 amd64 2.4.9-1 [450 kB]
Get:25 http://localhost/debian/ unstable/main libjpeg8 amd64 8d-1 [134 kB]
Get:26 http://localhost/debian/ unstable/main libpng12-0 amd64 1.2.49-1 [190 kB]
Get:27 http://localhost/debian/ unstable/main libxau6 amd64 1:1.0.7-1 [18.8 kB]
Get:28 http://localhost/debian/ unstable/main libxdmcp6 amd64 1:1.1.1-1 [26.3 kB]
Get:29 http://localhost/debian/ unstable/main libxcb1 amd64 1.8.1-1 [50.0 kB]
Get:30 http://localhost/debian/ unstable/main libx11-data all 2:1.5.0-1 [189 kB]
Get:31 http://localhost/debian/ unstable/main libx11-6 amd64 2:1.5.0-1 [901 kB]
Get:32 http://localhost/debian/ unstable/main libxext6 amd64 2:1.3.1-2 [55.3 kB]
Get:33 http://localhost/debian/ unstable/main libdirectfb-extra amd64 1.2.10.0-5 [36.9 kB]
Get:34 http://localhost/debian/ unstable/main libdrm2 amd64 2.4.33-3 [444 kB]
Get:35 http://localhost/debian/ unstable/main libelf1 amd64 0.153-1 [304 kB]
Get:36 http://localhost/debian/ unstable/main libexpat1 amd64 2.1.0-1 [141 kB]
Get:37 http://localhost/debian/ unstable/main libogg0 amd64 1.3.0-4 [20.6 kB]
Get:38 http://localhost/debian/ unstable/main libflac8 amd64 1.2.1-6 [154 kB]
Get:39 http://localhost/debian/ unstable/main libunistring0 amd64 0.9.3-5 [434 kB]
Get:40 http://localhost/debian/ unstable/main libgettextpo0 amd64 0.18.1.1-9 [145 kB]
Get:41 http://localhost/debian/ unstable/main libglapi-mesa amd64 8.0.3-1 [57.3 kB]
Get:42 http://localhost/debian/ unstable/main libx11-xcb1 amd64 2:1.5.0-1 [139 kB]
Get:43 http://localhost/debian/ unstable/main libxcb-glx0 amd64 1.8.1-1 [32.0 kB]
Get:44 http://localhost/debian/ unstable/main libxfixes3 amd64 1:5.0-4 [21.5 kB]
Get:45 http://localhost/debian/ unstable/main libxdamage1 amd64 1:1.1.3-2 [14.3 kB]
Get:46 http://localhost/debian/ unstable/main libxxf86vm1 amd64 1:1.1.2-1 [19.0 kB]
Get:47 http://localhost/debian/ unstable/main libgl1-mesa-glx amd64 8.0.3-1 [165 kB]
Get:48 http://localhost/debian/ unstable/main libglu1-mesa amd64 8.0.3-1 [223 kB]
Get:49 http://localhost/debian/ unstable/main x11-common all 1:7.7+1 [278 kB]
Get:50 http://localhost/debian/ unstable/main libice6 amd64 2:1.0.8-2 [63.1 kB]
Get:51 http://localhost/debian/ unstable/main libicu48 amd64 4.8.1.1-8 [8138 kB]
Get:52 http://localhost/debian/ unstable/main libmikmod2 amd64 3.1.12-4 [163 kB]
Get:53 http://localhost/debian/ unstable/main libpcrecpp0 amd64 1:8.30-5 [125 kB]
Get:54 http://localhost/debian/ unstable/main libjson0 amd64 0.9-1.1 [19.4 kB]
Get:55 http://localhost/debian/ unstable/main libsm6 amd64 2:1.2.1-2 [34.2 kB]
Get:56 http://localhost/debian/ unstable/main libvorbis0a amd64 1.3.2-1.3 [109 kB]
Get:57 http://localhost/debian/ unstable/main libvorbisenc2 amd64 1.3.2-1.3 [143 kB]
Get:58 http://localhost/debian/ unstable/main libsndfile1 amd64 1.0.25-5 [240 kB]
Get:59 http://localhost/debian/ unstable/main libxi6 amd64 2:1.6.1-1 [75.0 kB]
Get:60 http://localhost/debian/ unstable/main libxtst6 amd64 2:1.2.1-1 [26.6 kB]
Get:61 http://localhost/debian/ unstable/main libpulse0 amd64 2.0-3 [305 kB]
Get:62 http://localhost/debian/ unstable/main libpulse-mainloop-glib0 amd64 2.0-3 [25.4 kB]
Get:63 http://localhost/debian/ unstable/main libsdl1.2debian amd64 1.2.15-5 [220 kB]
Get:64 http://localhost/debian/ unstable/main libjbig0 amd64 2.0-2 [32.2 kB]
Get:65 http://localhost/debian/ unstable/main libtiff4 amd64 3.9.6-6 [202 kB]
Get:66 http://localhost/debian/ unstable/main libwebp2 amd64 0.1.3-3 [115 kB]
Get:67 http://localhost/debian/ unstable/main libsdl-image1.2 amd64 1.2.12-2 [37.6 kB]
Get:68 http://localhost/debian/ unstable/main libmad0 amd64 0.15.1b-7 [78.5 kB]
Get:69 http://localhost/debian/ unstable/main libvorbisfile3 amd64 1.3.2-1.3 [24.9 kB]
Get:70 http://localhost/debian/ unstable/main libsdl-mixer1.2 amd64 1.2.12-2 [93.0 kB]
Get:71 http://localhost/debian/ unstable/main libtiffxx0c2 amd64 3.9.6-6 [63.0 kB]
Get:72 http://localhost/debian/ unstable/main libjbig-dev amd64 2.0-2 [11.3 kB]
Get:73 http://localhost/debian/ unstable/main bsdmainutils amd64 9.0.3 [209 kB]
Get:74 http://localhost/debian/ unstable/main groff-base amd64 1.21-9 [1153 kB]
Get:75 http://localhost/debian/ unstable/main man-db amd64 2.6.2-1 [1061 kB]
Get:76 http://localhost/debian/ unstable/main file amd64 5.11-2 [51.8 kB]
Get:77 http://localhost/debian/ unstable/main gettext-base amd64 0.18.1.1-9 [154 kB]
Get:78 http://localhost/debian/ unstable/main mime-support all 3.52-1 [35.5 kB]
Get:79 http://localhost/debian/ unstable/main python2.7-minimal amd64 2.7.3-1 [1770 kB]
Get:80 http://localhost/debian/ unstable/main python2.7 amd64 2.7.3-1 [2726 kB]
Get:81 http://localhost/debian/ unstable/main python-minimal all 2.7.3-1 [42.1 kB]
Get:82 http://localhost/debian/ unstable/main python all 2.7.3-1 [179 kB]
Get:83 http://localhost/debian/ unstable/main html2text amd64 1.3.2a-15 [103 kB]
Get:84 http://localhost/debian/ unstable/main gettext amd64 0.18.1.1-9 [1975 kB]
Get:85 http://localhost/debian/ unstable/main intltool-debian all 0.35.0+20060710.1 [30.8 kB]
Get:86 http://localhost/debian/ unstable/main po-debconf all 1.0.16+nmu2 [224 kB]
Get:87 http://localhost/debian/ unstable/main debhelper all 9.20120608 [700 kB]
Get:88 http://localhost/debian/ unstable/main libasound2-dev amd64 1.0.25-3 [69.4 kB]
Get:89 http://localhost/debian/ unstable/main libavahi-common-dev amd64 0.6.31-1 [72.0 kB]
Get:90 http://localhost/debian/ unstable/main pkg-config amd64 0.26-1 [59.5 kB]
Get:91 http://localhost/debian/ unstable/main libdbus-1-dev amd64 1.6.2-1 [318 kB]
Get:92 http://localhost/debian/ unstable/main libavahi-client-dev amd64 0.6.31-1 [66.3 kB]
Get:93 http://localhost/debian/ unstable/main libboost1.49-dev amd64 1.49.0-3.1 [9203 kB]
Get:94 http://localhost/debian/ unstable/main libboost-signals1.49.0 amd64 1.49.0-3.1 [57.0 kB]
Get:95 http://localhost/debian/ unstable/main libboost-signals1.49-dev amd64 1.49.0-3.1 [66.5 kB]
Get:96 http://localhost/debian/ unstable/main libboost-signals-dev amd64 1.49.0.1 [2778 B]
Get:97 http://localhost/debian/ unstable/main zlib1g-dev amd64 1:1.2.7.dfsg-13 [215 kB]
Get:98 http://localhost/debian/ unstable/main libpng12-dev amd64 1.2.49-1 [266 kB]
Get:99 http://localhost/debian/ unstable/main libslang2-dev amd64 2.2.4-15 [595 kB]
Get:100 http://localhost/debian/ unstable/main libcaca-dev amd64 0.99.beta18-1 [1005 kB]
Get:101 http://localhost/debian/ unstable/main libfreetype6-dev amd64 2.4.9-1 [803 kB]
Get:102 http://localhost/debian/ unstable/main libjpeg8-dev amd64 8d-1 [242 kB]
Get:103 http://localhost/debian/ unstable/main xorg-sgml-doctools all 1:1.10-1 [24.1 kB]
Get:104 http://localhost/debian/ unstable/main x11proto-core-dev all 7.0.23-1 [774 kB]
Get:105 http://localhost/debian/ unstable/main libxau-dev amd64 1:1.0.7-1 [21.7 kB]
Get:106 http://localhost/debian/ unstable/main libxdmcp-dev amd64 1:1.1.1-1 [42.3 kB]
Get:107 http://localhost/debian/ unstable/main x11proto-input-dev all 2.2-1 [172 kB]
Get:108 http://localhost/debian/ unstable/main x11proto-kb-dev all 1.0.6-2 [269 kB]
Get:109 http://localhost/debian/ unstable/main xtrans-dev all 1.2.7-1 [112 kB]
Get:110 http://localhost/debian/ unstable/main libpthread-stubs0 amd64 0.3-3 [3228 B]
Get:111 http://localhost/debian/ unstable/main libpthread-stubs0-dev amd64 0.3-3 [3998 B]
Get:112 http://localhost/debian/ unstable/main libxcb1-dev amd64 1.8.1-1 [86.6 kB]
Get:113 http://localhost/debian/ unstable/main libx11-dev amd64 2:1.5.0-1 [1037 kB]
Get:114 http://localhost/debian/ unstable/main x11proto-xext-dev all 7.2.1-1 [273 kB]
Get:115 http://localhost/debian/ unstable/main libxext-dev amd64 2:1.3.1-2 [115 kB]
Get:116 http://localhost/debian/ unstable/main libdirectfb-dev amd64 1.2.10.0-5 [928 kB]
Get:117 http://localhost/debian/ unstable/main libogg-dev amd64 1.3.0-4 [94.4 kB]
Get:118 http://localhost/debian/ unstable/main libflac-dev amd64 1.2.1-6 [227 kB]
Get:119 http://localhost/debian/ unstable/main mesa-common-dev amd64 8.0.3-1 [362 kB]
Get:120 http://localhost/debian/ unstable/main libgl1-mesa-dev amd64 8.0.3-1 [32.7 kB]
Get:121 http://localhost/debian/ unstable/main libglib2.0-data all 2.32.3-1 [2711 kB]
Get:122 http://localhost/debian/ unstable/main libglib2.0-bin amd64 2.32.3-1 [861 kB]
Get:123 http://localhost/debian/ unstable/main libpcre3-dev amd64 1:8.30-5 [349 kB]
Get:124 http://localhost/debian/ unstable/main libglib2.0-dev amd64 2.32.3-1 [2631 kB]
Get:125 http://localhost/debian/ unstable/main libglu1-mesa-dev amd64 8.0.3-1 [299 kB]
Get:126 http://localhost/debian/ unstable/main libmad0-dev amd64 0.15.1b-7 [91.1 kB]
Get:127 http://localhost/debian/ unstable/main libmikmod2-dev amd64 3.1.12-4 [267 kB]
Get:128 http://localhost/debian/ unstable/main libphysfs1 amd64 2.0.2-6 [62.1 kB]
Get:129 http://localhost/debian/ unstable/main libphysfs-dev amd64 2.0.2-6 [213 kB]
Get:130 http://localhost/debian/ unstable/main libpulse-dev amd64 2.0-3 [94.8 kB]
Get:131 http://localhost/debian/ unstable/main libts-dev amd64 1.0-11 [11.7 kB]
Get:132 http://localhost/debian/ unstable/main libsdl1.2-dev amd64 1.2.15-5 [905 kB]
Get:133 http://localhost/debian/ unstable/main libtiff4-dev amd64 3.9.6-6 [337 kB]
Get:134 http://localhost/debian/ unstable/main libwebp-dev amd64 0.1.3-3 [151 kB]
Get:135 http://localhost/debian/ unstable/main libsdl-image1.2-dev amd64 1.2.12-2 [43.6 kB]
Get:136 http://localhost/debian/ unstable/main libvorbis-dev amd64 1.3.2-1.3 [476 kB]
Get:137 http://localhost/debian/ unstable/main libsdl-mixer1.2-dev amd64 1.2.12-2 [128 kB]
Get:138 http://localhost/debian/ unstable/main scons all 2.1.0-1 [582 kB]
debconf: delaying package configuration, since apt-utils is not installed
Fetched 61.4 MB in 24s (2498 kB/s)
Selecting previously unselected package libncursesw5:amd64.
(Reading database ... 11805 files and directories currently installed.)
Unpacking libncursesw5:amd64 (from .../libncursesw5_5.9-10_amd64.deb) ...
Selecting previously unselected package libpipeline1:amd64.
Unpacking libpipeline1:amd64 (from .../libpipeline1_1.2.1-1_amd64.deb) ...
Selecting previously unselected package libpopt0:amd64.
Unpacking libpopt0:amd64 (from .../libpopt0_1.16-7_amd64.deb) ...
Selecting previously unselected package libssl1.0.0:amd64.
Unpacking libssl1.0.0:amd64 (from .../libssl1.0.0_1.0.1c-3_amd64.deb) ...
Selecting previously unselected package libasprintf0c2:amd64.
Unpacking libasprintf0c2:amd64 (from .../libasprintf0c2_0.18.1.1-9_amd64.deb) ...
Selecting previously unselected package libcap2:amd64.
Unpacking libcap2:amd64 (from .../libcap2_1%3a2.22-1.1_amd64.deb) ...
Selecting previously unselected package libmagic1:amd64.
Unpacking libmagic1:amd64 (from .../libmagic1_5.11-2_amd64.deb) ...
Selecting previously unselected package libpcre3:amd64.
Unpacking libpcre3:amd64 (from .../libpcre3_1%3a8.30-5_amd64.deb) ...
Selecting previously unselected package libsqlite3-0:amd64.
Unpacking libsqlite3-0:amd64 (from .../libsqlite3-0_3.7.13-1_amd64.deb) ...
Selecting previously unselected package libwrap0:amd64.
Unpacking libwrap0:amd64 (from .../libwrap0_7.6.q-23_amd64.deb) ...
Selecting previously unselected package libxml2:amd64.
Unpacking libxml2:amd64 (from .../libxml2_2.8.0+dfsg1-4_amd64.deb) ...
Selecting previously unselected package libasound2:amd64.
Unpacking libasound2:amd64 (from .../libasound2_1.0.25-3_amd64.deb) ...
Selecting previously unselected package libasyncns0:amd64.
Unpacking libasyncns0:amd64 (from .../libasyncns0_0.8-4_amd64.deb) ...
Selecting previously unselected package libavahi-common-data:amd64.
Unpacking libavahi-common-data:amd64 (from .../libavahi-common-data_0.6.31-1_amd64.deb) ...
Selecting previously unselected package libavahi-common3:amd64.
Unpacking libavahi-common3:amd64 (from .../libavahi-common3_0.6.31-1_amd64.deb) ...
Selecting previously unselected package libdbus-1-3:amd64.
Unpacking libdbus-1-3:amd64 (from .../libdbus-1-3_1.6.2-1_amd64.deb) ...
Selecting previously unselected package libavahi-client3:amd64.
Unpacking libavahi-client3:amd64 (from .../libavahi-client3_0.6.31-1_amd64.deb) ...
Selecting previously unselected package libcaca0:amd64.
Unpacking libcaca0:amd64 (from .../libcaca0_0.99.beta18-1_amd64.deb) ...
Selecting previously unselected package libglib2.0-0:amd64.
Unpacking libglib2.0-0:amd64 (from .../libglib2.0-0_2.32.3-1_amd64.deb) ...
Selecting previously unselected package libcroco3:amd64.
Unpacking libcroco3:amd64 (from .../libcroco3_0.6.5-1_amd64.deb) ...
Selecting previously unselected package tsconf.
Unpacking tsconf (from .../archives/tsconf_1.0-11_all.deb) ...
Selecting previously unselected package libts-0.0-0:amd64.
Unpacking libts-0.0-0:amd64 (from .../libts-0.0-0_1.0-11_amd64.deb) ...
Selecting previously unselected package libdirectfb-1.2-9:amd64.
Unpacking libdirectfb-1.2-9:amd64 (from .../libdirectfb-1.2-9_1.2.10.0-5_amd64.deb) ...
Selecting previously unselected package libfreetype6:amd64.
Unpacking libfreetype6:amd64 (from .../libfreetype6_2.4.9-1_amd64.deb) ...
Selecting previously unselected package libjpeg8:amd64.
Unpacking libjpeg8:amd64 (from .../libjpeg8_8d-1_amd64.deb) ...
Selecting previously unselected package libpng12-0:amd64.
Unpacking libpng12-0:amd64 (from .../libpng12-0_1.2.49-1_amd64.deb) ...
Selecting previously unselected package libxau6:amd64.
Unpacking libxau6:amd64 (from .../libxau6_1%3a1.0.7-1_amd64.deb) ...
Selecting previously unselected package libxdmcp6:amd64.
Unpacking libxdmcp6:amd64 (from .../libxdmcp6_1%3a1.1.1-1_amd64.deb) ...
Selecting previously unselected package libxcb1:amd64.
Unpacking libxcb1:amd64 (from .../libxcb1_1.8.1-1_amd64.deb) ...
Selecting previously unselected package libx11-data.
Unpacking libx11-data (from .../libx11-data_2%3a1.5.0-1_all.deb) ...
Selecting previously unselected package libx11-6:amd64.
Unpacking libx11-6:amd64 (from .../libx11-6_2%3a1.5.0-1_amd64.deb) ...
Selecting previously unselected package libxext6:amd64.
Unpacking libxext6:amd64 (from .../libxext6_2%3a1.3.1-2_amd64.deb) ...
Selecting previously unselected package libdirectfb-extra:amd64.
Unpacking libdirectfb-extra:amd64 (from .../libdirectfb-extra_1.2.10.0-5_amd64.deb) ...
Selecting previously unselected package libdrm2:amd64.
Unpacking libdrm2:amd64 (from .../libdrm2_2.4.33-3_amd64.deb) ...
Selecting previously unselected package libelf1:amd64.
Unpacking libelf1:amd64 (from .../libelf1_0.153-1_amd64.deb) ...
Selecting previously unselected package libexpat1:amd64.
Unpacking libexpat1:amd64 (from .../libexpat1_2.1.0-1_amd64.deb) ...
Selecting previously unselected package libogg0:amd64.
Unpacking libogg0:amd64 (from .../libogg0_1.3.0-4_amd64.deb) ...
Selecting previously unselected package libflac8:amd64.
Unpacking libflac8:amd64 (from .../libflac8_1.2.1-6_amd64.deb) ...
Selecting previously unselected package libunistring0:amd64.
Unpacking libunistring0:amd64 (from .../libunistring0_0.9.3-5_amd64.deb) ...
Selecting previously unselected package libgettextpo0:amd64.
Unpacking libgettextpo0:amd64 (from .../libgettextpo0_0.18.1.1-9_amd64.deb) ...
Selecting previously unselected package libglapi-mesa:amd64.
Unpacking libglapi-mesa:amd64 (from .../libglapi-mesa_8.0.3-1_amd64.deb) ...
Selecting previously unselected package libx11-xcb1:amd64.
Unpacking libx11-xcb1:amd64 (from .../libx11-xcb1_2%3a1.5.0-1_amd64.deb) ...
Selecting previously unselected package libxcb-glx0:amd64.
Unpacking libxcb-glx0:amd64 (from .../libxcb-glx0_1.8.1-1_amd64.deb) ...
Selecting previously unselected package libxfixes3:amd64.
Unpacking libxfixes3:amd64 (from .../libxfixes3_1%3a5.0-4_amd64.deb) ...
Selecting previously unselected package libxdamage1:amd64.
Unpacking libxdamage1:amd64 (from .../libxdamage1_1%3a1.1.3-2_amd64.deb) ...
Selecting previously unselected package libxxf86vm1:amd64.
Unpacking libxxf86vm1:amd64 (from .../libxxf86vm1_1%3a1.1.2-1_amd64.deb) ...
Selecting previously unselected package libgl1-mesa-glx:amd64.
Unpacking libgl1-mesa-glx:amd64 (from .../libgl1-mesa-glx_8.0.3-1_amd64.deb) ...
Selecting previously unselected package libglu1-mesa:amd64.
Unpacking libglu1-mesa:amd64 (from .../libglu1-mesa_8.0.3-1_amd64.deb) ...
Selecting previously unselected package x11-common.
Unpacking x11-common (from .../x11-common_1%3a7.7+1_all.deb) ...
Selecting previously unselected package libice6:amd64.
Unpacking libice6:amd64 (from .../libice6_2%3a1.0.8-2_amd64.deb) ...
Selecting previously unselected package libicu48:amd64.
Unpacking libicu48:amd64 (from .../libicu48_4.8.1.1-8_amd64.deb) ...
Selecting previously unselected package libmikmod2:amd64.
Unpacking libmikmod2:amd64 (from .../libmikmod2_3.1.12-4_amd64.deb) ...
Selecting previously unselected package libpcrecpp0:amd64.
Unpacking libpcrecpp0:amd64 (from .../libpcrecpp0_1%3a8.30-5_amd64.deb) ...
Selecting previously unselected package libjson0:amd64.
Unpacking libjson0:amd64 (from .../libjson0_0.9-1.1_amd64.deb) ...
Selecting previously unselected package libsm6:amd64.
Unpacking libsm6:amd64 (from .../libsm6_2%3a1.2.1-2_amd64.deb) ...
Selecting previously unselected package libvorbis0a:amd64.
Unpacking libvorbis0a:amd64 (from .../libvorbis0a_1.3.2-1.3_amd64.deb) ...
Selecting previously unselected package libvorbisenc2:amd64.
Unpacking libvorbisenc2:amd64 (from .../libvorbisenc2_1.3.2-1.3_amd64.deb) ...
Selecting previously unselected package libsndfile1:amd64.
Unpacking libsndfile1:amd64 (from .../libsndfile1_1.0.25-5_amd64.deb) ...
Selecting previously unselected package libxi6:amd64.
Unpacking libxi6:amd64 (from .../libxi6_2%3a1.6.1-1_amd64.deb) ...
Selecting previously unselected package libxtst6:amd64.
Unpacking libxtst6:amd64 (from .../libxtst6_2%3a1.2.1-1_amd64.deb) ...
Selecting previously unselected package libpulse0:amd64.
Unpacking libpulse0:amd64 (from .../libpulse0_2.0-3_amd64.deb) ...
Selecting previously unselected package libpulse-mainloop-glib0:amd64.
Unpacking libpulse-mainloop-glib0:amd64 (from .../libpulse-mainloop-glib0_2.0-3_amd64.deb) ...
Selecting previously unselected package libsdl1.2debian:amd64.
Unpacking libsdl1.2debian:amd64 (from .../libsdl1.2debian_1.2.15-5_amd64.deb) ...
Selecting previously unselected package libjbig0:amd64.
Unpacking libjbig0:amd64 (from .../libjbig0_2.0-2_amd64.deb) ...
Selecting previously unselected package libtiff4:amd64.
Unpacking libtiff4:amd64 (from .../libtiff4_3.9.6-6_amd64.deb) ...
Selecting previously unselected package libwebp2:amd64.
Unpacking libwebp2:amd64 (from .../libwebp2_0.1.3-3_amd64.deb) ...
Selecting previously unselected package libsdl-image1.2:amd64.
Unpacking libsdl-image1.2:amd64 (from .../libsdl-image1.2_1.2.12-2_amd64.deb) ...
Selecting previously unselected package libmad0.
Unpacking libmad0 (from .../libmad0_0.15.1b-7_amd64.deb) ...
Selecting previously unselected package libvorbisfile3:amd64.
Unpacking libvorbisfile3:amd64 (from .../libvorbisfile3_1.3.2-1.3_amd64.deb) ...
Selecting previously unselected package libsdl-mixer1.2:amd64.
Unpacking libsdl-mixer1.2:amd64 (from .../libsdl-mixer1.2_1.2.12-2_amd64.deb) ...
Selecting previously unselected package libtiffxx0c2:amd64.
Unpacking libtiffxx0c2:amd64 (from .../libtiffxx0c2_3.9.6-6_amd64.deb) ...
Selecting previously unselected package libjbig-dev:amd64.
Unpacking libjbig-dev:amd64 (from .../libjbig-dev_2.0-2_amd64.deb) ...
Selecting previously unselected package bsdmainutils.
Unpacking bsdmainutils (from .../bsdmainutils_9.0.3_amd64.deb) ...
Selecting previously unselected package groff-base.
Unpacking groff-base (from .../groff-base_1.21-9_amd64.deb) ...
Selecting previously unselected package man-db.
Unpacking man-db (from .../man-db_2.6.2-1_amd64.deb) ...
Selecting previously unselected package file.
Unpacking file (from .../archives/file_5.11-2_amd64.deb) ...
Selecting previously unselected package gettext-base.
Unpacking gettext-base (from .../gettext-base_0.18.1.1-9_amd64.deb) ...
Selecting previously unselected package mime-support.
Unpacking mime-support (from .../mime-support_3.52-1_all.deb) ...
Selecting previously unselected package python2.7-minimal.
Unpacking python2.7-minimal (from .../python2.7-minimal_2.7.3-1_amd64.deb) ...
Selecting previously unselected package python2.7.
Unpacking python2.7 (from .../python2.7_2.7.3-1_amd64.deb) ...
Selecting previously unselected package python-minimal.
Unpacking python-minimal (from .../python-minimal_2.7.3-1_all.deb) ...
Selecting previously unselected package python.
Unpacking python (from .../python_2.7.3-1_all.deb) ...
Selecting previously unselected package html2text.
Unpacking html2text (from .../html2text_1.3.2a-15_amd64.deb) ...
Selecting previously unselected package gettext.
Unpacking gettext (from .../gettext_0.18.1.1-9_amd64.deb) ...
Selecting previously unselected package intltool-debian.
Unpacking intltool-debian (from .../intltool-debian_0.35.0+20060710.1_all.deb) ...
Selecting previously unselected package po-debconf.
Unpacking po-debconf (from .../po-debconf_1.0.16+nmu2_all.deb) ...
Selecting previously unselected package debhelper.
Unpacking debhelper (from .../debhelper_9.20120608_all.deb) ...
Selecting previously unselected package libasound2-dev:amd64.
Unpacking libasound2-dev:amd64 (from .../libasound2-dev_1.0.25-3_amd64.deb) ...
Selecting previously unselected package libavahi-common-dev.
Unpacking libavahi-common-dev (from .../libavahi-common-dev_0.6.31-1_amd64.deb) ...
Selecting previously unselected package pkg-config.
Unpacking pkg-config (from .../pkg-config_0.26-1_amd64.deb) ...
Selecting previously unselected package libdbus-1-dev.
Unpacking libdbus-1-dev (from .../libdbus-1-dev_1.6.2-1_amd64.deb) ...
Selecting previously unselected package libavahi-client-dev.
Unpacking libavahi-client-dev (from .../libavahi-client-dev_0.6.31-1_amd64.deb) ...
Selecting previously unselected package libboost1.49-dev.
Unpacking libboost1.49-dev (from .../libboost1.49-dev_1.49.0-3.1_amd64.deb) ...
Selecting previously unselected package libboost-signals1.49.0.
Unpacking libboost-signals1.49.0 (from .../libboost-signals1.49.0_1.49.0-3.1_amd64.deb) ...
Selecting previously unselected package libboost-signals1.49-dev.
Unpacking libboost-signals1.49-dev (from .../libboost-signals1.49-dev_1.49.0-3.1_amd64.deb) ...
Selecting previously unselected package libboost-signals-dev.
Unpacking libboost-signals-dev (from .../libboost-signals-dev_1.49.0.1_amd64.deb) ...
Selecting previously unselected package zlib1g-dev:amd64.
Unpacking zlib1g-dev:amd64 (from .../zlib1g-dev_1%3a1.2.7.dfsg-13_amd64.deb) ...
Selecting previously unselected package libpng12-dev.
Unpacking libpng12-dev (from .../libpng12-dev_1.2.49-1_amd64.deb) ...
Selecting previously unselected package libslang2-dev:amd64.
Unpacking libslang2-dev:amd64 (from .../libslang2-dev_2.2.4-15_amd64.deb) ...
Selecting previously unselected package libcaca-dev.
Unpacking libcaca-dev (from .../libcaca-dev_0.99.beta18-1_amd64.deb) ...
Selecting previously unselected package libfreetype6-dev.
Unpacking libfreetype6-dev (from .../libfreetype6-dev_2.4.9-1_amd64.deb) ...
Selecting previously unselected package libjpeg8-dev:amd64.
Unpacking libjpeg8-dev:amd64 (from .../libjpeg8-dev_8d-1_amd64.deb) ...
Selecting previously unselected package xorg-sgml-doctools.
Unpacking xorg-sgml-doctools (from .../xorg-sgml-doctools_1%3a1.10-1_all.deb) ...
Selecting previously unselected package x11proto-core-dev.
Unpacking x11proto-core-dev (from .../x11proto-core-dev_7.0.23-1_all.deb) ...
Selecting previously unselected package libxau-dev:amd64.
Unpacking libxau-dev:amd64 (from .../libxau-dev_1%3a1.0.7-1_amd64.deb) ...
Selecting previously unselected package libxdmcp-dev:amd64.
Unpacking libxdmcp-dev:amd64 (from .../libxdmcp-dev_1%3a1.1.1-1_amd64.deb) ...
Selecting previously unselected package x11proto-input-dev.
Unpacking x11proto-input-dev (from .../x11proto-input-dev_2.2-1_all.deb) ...
Selecting previously unselected package x11proto-kb-dev.
Unpacking x11proto-kb-dev (from .../x11proto-kb-dev_1.0.6-2_all.deb) ...
Selecting previously unselected package xtrans-dev.
Unpacking xtrans-dev (from .../xtrans-dev_1.2.7-1_all.deb) ...
Selecting previously unselected package libpthread-stubs0:amd64.
Unpacking libpthread-stubs0:amd64 (from .../libpthread-stubs0_0.3-3_amd64.deb) ...
Selecting previously unselected package libpthread-stubs0-dev:amd64.
Unpacking libpthread-stubs0-dev:amd64 (from .../libpthread-stubs0-dev_0.3-3_amd64.deb) ...
Selecting previously unselected package libxcb1-dev:amd64.
Unpacking libxcb1-dev:amd64 (from .../libxcb1-dev_1.8.1-1_amd64.deb) ...
Selecting previously unselected package libx11-dev:amd64.
Unpacking libx11-dev:amd64 (from .../libx11-dev_2%3a1.5.0-1_amd64.deb) ...
Selecting previously unselected package x11proto-xext-dev.
Unpacking x11proto-xext-dev (from .../x11proto-xext-dev_7.2.1-1_all.deb) ...
Selecting previously unselected package libxext-dev:amd64.
Unpacking libxext-dev:amd64 (from .../libxext-dev_2%3a1.3.1-2_amd64.deb) ...
Selecting previously unselected package libdirectfb-dev.
Unpacking libdirectfb-dev (from .../libdirectfb-dev_1.2.10.0-5_amd64.deb) ...
Selecting previously unselected package libogg-dev:amd64.
Unpacking libogg-dev:amd64 (from .../libogg-dev_1.3.0-4_amd64.deb) ...
Selecting previously unselected package libflac-dev:amd64.
Unpacking libflac-dev:amd64 (from .../libflac-dev_1.2.1-6_amd64.deb) ...
Selecting previously unselected package mesa-common-dev.
Unpacking mesa-common-dev (from .../mesa-common-dev_8.0.3-1_amd64.deb) ...
Selecting previously unselected package libgl1-mesa-dev.
Unpacking libgl1-mesa-dev (from .../libgl1-mesa-dev_8.0.3-1_amd64.deb) ...
Selecting previously unselected package libglib2.0-data.
Unpacking libglib2.0-data (from .../libglib2.0-data_2.32.3-1_all.deb) ...
Selecting previously unselected package libglib2.0-bin.
Unpacking libglib2.0-bin (from .../libglib2.0-bin_2.32.3-1_amd64.deb) ...
Selecting previously unselected package libpcre3-dev.
Unpacking libpcre3-dev (from .../libpcre3-dev_1%3a8.30-5_amd64.deb) ...
Selecting previously unselected package libglib2.0-dev.
Unpacking libglib2.0-dev (from .../libglib2.0-dev_2.32.3-1_amd64.deb) ...
Selecting previously unselected package libglu1-mesa-dev.
Unpacking libglu1-mesa-dev (from .../libglu1-mesa-dev_8.0.3-1_amd64.deb) ...
Selecting previously unselected package libmad0-dev.
Unpacking libmad0-dev (from .../libmad0-dev_0.15.1b-7_amd64.deb) ...
Selecting previously unselected package libmikmod2-dev:amd64.
Unpacking libmikmod2-dev:amd64 (from .../libmikmod2-dev_3.1.12-4_amd64.deb) ...
Selecting previously unselected package libphysfs1.
Unpacking libphysfs1 (from .../libphysfs1_2.0.2-6_amd64.deb) ...
Selecting previously unselected package libphysfs-dev.
Unpacking libphysfs-dev (from .../libphysfs-dev_2.0.2-6_amd64.deb) ...
Selecting previously unselected package libpulse-dev:amd64.
Unpacking libpulse-dev:amd64 (from .../libpulse-dev_2.0-3_amd64.deb) ...
Selecting previously unselected package libts-dev:amd64.
Unpacking libts-dev:amd64 (from .../libts-dev_1.0-11_amd64.deb) ...
Selecting previously unselected package libsdl1.2-dev.
Unpacking libsdl1.2-dev (from .../libsdl1.2-dev_1.2.15-5_amd64.deb) ...
Selecting previously unselected package libtiff4-dev.
Unpacking libtiff4-dev (from .../libtiff4-dev_3.9.6-6_amd64.deb) ...
Selecting previously unselected package libwebp-dev:amd64.
Unpacking libwebp-dev:amd64 (from .../libwebp-dev_0.1.3-3_amd64.deb) ...
Selecting previously unselected package libsdl-image1.2-dev:amd64.
Unpacking libsdl-image1.2-dev:amd64 (from .../libsdl-image1.2-dev_1.2.12-2_amd64.deb) ...
Selecting previously unselected package libvorbis-dev:amd64.
Unpacking libvorbis-dev:amd64 (from .../libvorbis-dev_1.3.2-1.3_amd64.deb) ...
Selecting previously unselected package libsdl-mixer1.2-dev:amd64.
Unpacking libsdl-mixer1.2-dev:amd64 (from .../libsdl-mixer1.2-dev_1.2.12-2_amd64.deb) ...
Selecting previously unselected package scons.
Unpacking scons (from .../archives/scons_2.1.0-1_all.deb) ...
Selecting previously unselected package sbuild-build-depends-pingus-dummy.
Unpacking sbuild-build-depends-pingus-dummy (from .../sbuild-build-depends-pingus-dummy.deb) ...
Setting up libncursesw5:amd64 (5.9-10) ...
Setting up libpipeline1:amd64 (1.2.1-1) ...
Setting up libpopt0:amd64 (1.16-7) ...
Setting up libssl1.0.0:amd64 (1.0.1c-3) ...
Setting up libasprintf0c2:amd64 (0.18.1.1-9) ...
Setting up libcap2:amd64 (1:2.22-1.1) ...
Setting up libmagic1:amd64 (5.11-2) ...
Setting up libpcre3:amd64 (1:8.30-5) ...
Setting up libsqlite3-0:amd64 (3.7.13-1) ...
Setting up libwrap0:amd64 (7.6.q-23) ...
Setting up libxml2:amd64 (2.8.0+dfsg1-4) ...
Setting up libasound2:amd64 (1.0.25-3) ...
Setting up libasyncns0:amd64 (0.8-4) ...
Setting up libavahi-common-data:amd64 (0.6.31-1) ...
Setting up libavahi-common3:amd64 (0.6.31-1) ...
Setting up libdbus-1-3:amd64 (1.6.2-1) ...
Setting up libavahi-client3:amd64 (0.6.31-1) ...
Setting up libcaca0:amd64 (0.99.beta18-1) ...
Setting up libglib2.0-0:amd64 (2.32.3-1) ...
No schema files found: doing nothing.
Setting up libcroco3:amd64 (0.6.5-1) ...
Setting up tsconf (1.0-11) ...
Setting up libts-0.0-0:amd64 (1.0-11) ...
Setting up libdirectfb-1.2-9:amd64 (1.2.10.0-5) ...
Setting up libfreetype6:amd64 (2.4.9-1) ...
Setting up libjpeg8:amd64 (8d-1) ...
Setting up libpng12-0:amd64 (1.2.49-1) ...
Setting up libxau6:amd64 (1:1.0.7-1) ...
Setting up libxdmcp6:amd64 (1:1.1.1-1) ...
Setting up libxcb1:amd64 (1.8.1-1) ...
Setting up libx11-data (2:1.5.0-1) ...
Setting up libx11-6:amd64 (2:1.5.0-1) ...
Setting up libxext6:amd64 (2:1.3.1-2) ...
Setting up libdirectfb-extra:amd64 (1.2.10.0-5) ...
Setting up libdrm2:amd64 (2.4.33-3) ...
Setting up libelf1:amd64 (0.153-1) ...
Setting up libexpat1:amd64 (2.1.0-1) ...
Setting up libogg0:amd64 (1.3.0-4) ...
Setting up libflac8:amd64 (1.2.1-6) ...
Setting up libunistring0:amd64 (0.9.3-5) ...
Setting up libgettextpo0:amd64 (0.18.1.1-9) ...
Setting up libglapi-mesa:amd64 (8.0.3-1) ...
Setting up libx11-xcb1:amd64 (2:1.5.0-1) ...
Setting up libxcb-glx0:amd64 (1.8.1-1) ...
Setting up libxfixes3:amd64 (1:5.0-4) ...
Setting up libxdamage1:amd64 (1:1.1.3-2) ...
Setting up libxxf86vm1:amd64 (1:1.1.2-1) ...
Setting up libgl1-mesa-glx:amd64 (8.0.3-1) ...
Setting up libglu1-mesa:amd64 (8.0.3-1) ...
Setting up x11-common (1:7.7+1) ...
All runlevel operations denied by policy
invoke-rc.d: policy-rc.d denied execution of start.
Setting up libice6:amd64 (2:1.0.8-2) ...
Setting up libicu48:amd64 (4.8.1.1-8) ...
Setting up libmikmod2:amd64 (3.1.12-4) ...
Setting up libpcrecpp0:amd64 (1:8.30-5) ...
Setting up libjson0:amd64 (0.9-1.1) ...
Setting up libsm6:amd64 (2:1.2.1-2) ...
Setting up libvorbis0a:amd64 (1.3.2-1.3) ...
Setting up libvorbisenc2:amd64 (1.3.2-1.3) ...
Setting up libsndfile1:amd64 (1.0.25-5) ...
Setting up libxi6:amd64 (2:1.6.1-1) ...
Setting up libxtst6:amd64 (2:1.2.1-1) ...
Setting up libpulse0:amd64 (2.0-3) ...
Setting up libpulse-mainloop-glib0:amd64 (2.0-3) ...
Setting up libsdl1.2debian:amd64 (1.2.15-5) ...
Setting up libjbig0:amd64 (2.0-2) ...
Setting up libtiff4:amd64 (3.9.6-6) ...
Setting up libwebp2:amd64 (0.1.3-3) ...
Setting up libsdl-image1.2:amd64 (1.2.12-2) ...
Setting up libmad0 (0.15.1b-7) ...
Setting up libvorbisfile3:amd64 (1.3.2-1.3) ...
Setting up libsdl-mixer1.2:amd64 (1.2.12-2) ...
Setting up libtiffxx0c2:amd64 (3.9.6-6) ...
Setting up libjbig-dev:amd64 (2.0-2) ...
Setting up bsdmainutils (9.0.3) ...
update-alternatives: using /usr/bin/bsd-write to provide /usr/bin/write (write) in auto mode
update-alternatives: using /usr/bin/bsd-from to provide /usr/bin/from (from) in auto mode
Setting up groff-base (1.21-9) ...
Setting up man-db (2.6.2-1) ...
Building database of manual pages ...
Setting up file (5.11-2) ...
Setting up gettext-base (0.18.1.1-9) ...
Setting up mime-support (3.52-1) ...
update-alternatives: using /usr/bin/see to provide /usr/bin/view (view) in auto mode
Setting up python2.7-minimal (2.7.3-1) ...
Setting up python2.7 (2.7.3-1) ...
Setting up python-minimal (2.7.3-1) ...
Setting up python (2.7.3-1) ...
Setting up html2text (1.3.2a-15) ...
Setting up gettext (0.18.1.1-9) ...
Setting up intltool-debian (0.35.0+20060710.1) ...
Setting up po-debconf (1.0.16+nmu2) ...
Setting up debhelper (9.20120608) ...
Setting up libasound2-dev:amd64 (1.0.25-3) ...
Setting up libavahi-common-dev (0.6.31-1) ...
Setting up pkg-config (0.26-1) ...
Setting up libdbus-1-dev (1.6.2-1) ...
Setting up libavahi-client-dev (0.6.31-1) ...
Setting up libboost1.49-dev (1.49.0-3.1) ...
Setting up libboost-signals1.49.0 (1.49.0-3.1) ...
Setting up libboost-signals1.49-dev (1.49.0-3.1) ...
Setting up libboost-signals-dev (1.49.0.1) ...
Setting up zlib1g-dev:amd64 (1:1.2.7.dfsg-13) ...
Setting up libpng12-dev (1.2.49-1) ...
Setting up libslang2-dev:amd64 (2.2.4-15) ...
Setting up libcaca-dev (0.99.beta18-1) ...
Setting up libfreetype6-dev (2.4.9-1) ...
Setting up libjpeg8-dev:amd64 (8d-1) ...
Setting up xorg-sgml-doctools (1:1.10-1) ...
Setting up x11proto-core-dev (7.0.23-1) ...
Setting up libxau-dev:amd64 (1:1.0.7-1) ...
Setting up libxdmcp-dev:amd64 (1:1.1.1-1) ...
Setting up x11proto-input-dev (2.2-1) ...
Setting up x11proto-kb-dev (1.0.6-2) ...
Setting up xtrans-dev (1.2.7-1) ...
Setting up libpthread-stubs0:amd64 (0.3-3) ...
Setting up libpthread-stubs0-dev:amd64 (0.3-3) ...
Setting up libxcb1-dev:amd64 (1.8.1-1) ...
Setting up libx11-dev:amd64 (2:1.5.0-1) ...
Setting up x11proto-xext-dev (7.2.1-1) ...
Setting up libxext-dev:amd64 (2:1.3.1-2) ...
Setting up libdirectfb-dev (1.2.10.0-5) ...
Setting up libogg-dev:amd64 (1.3.0-4) ...
Setting up libflac-dev:amd64 (1.2.1-6) ...
Setting up mesa-common-dev (8.0.3-1) ...
Setting up libgl1-mesa-dev (8.0.3-1) ...
Setting up libglib2.0-data (2.32.3-1) ...
Setting up libglib2.0-bin (2.32.3-1) ...
Setting up libpcre3-dev (1:8.30-5) ...
Setting up libglib2.0-dev (2.32.3-1) ...
Setting up libglu1-mesa-dev (8.0.3-1) ...
Setting up libmad0-dev (0.15.1b-7) ...
Setting up libmikmod2-dev:amd64 (3.1.12-4) ...
Setting up libphysfs1 (2.0.2-6) ...
Setting up libphysfs-dev (2.0.2-6) ...
Setting up libpulse-dev:amd64 (2.0-3) ...
Setting up libts-dev:amd64 (1.0-11) ...
Setting up libsdl1.2-dev (1.2.15-5) ...
Setting up libtiff4-dev (3.9.6-6) ...
Setting up libwebp-dev:amd64 (0.1.3-3) ...
Setting up libsdl-image1.2-dev:amd64 (1.2.12-2) ...
Setting up libvorbis-dev:amd64 (1.3.2-1.3) ...
Setting up libsdl-mixer1.2-dev:amd64 (1.2.12-2) ...
Setting up scons (2.1.0-1) ...
Setting up sbuild-build-depends-pingus-dummy (0.invalid.0) ...

┌──────────────────────────────────────────────────────────────────────────────┐
│ Build environment                                                            │
└──────────────────────────────────────────────────────────────────────────────┘

Kernel: Linux 2.6.32-5-xen-amd64 amd64 (x86_64)
Toolchain package versions: binutils_2.22-6.1 dpkg-dev_1.16.6 g++-4.6_4.6.3-8 g++-4.7_4.7.1-2 gcc-4.6_4.6.3-8 gcc-4.7_4.7.1-2 libc6-dev_2.13-34 libstdc++6_4.7.1-2 libstdc++6-4.6-dev_4.6.3-8 libstdc++6-4.7-dev_4.7.1-2 linux-libc-dev_3.2.21-3
Package versions: apt_0.9.7.1 base-files_6.11 base-passwd_3.5.26 bash_4.2-3 binutils_2.22-6.1 bsdmainutils_9.0.3 bsdutils_1:2.20.1-5.1 build-essential_11.5 bzip2_1.0.6-3 clang_3.1-8 coreutils_8.13-3.2 cpp_4:4.7.1-1 cpp-4.6_4.6.3-8 cpp-4.7_4.7.1-2 dash_0.5.7-3 debconf_1.5.44 debconf-i18n_1.5.44 debfoster_2.7-1.1 debhelper_9.20120608 debian-archive-keyring_2012.4 debianutils_4.3.2 diffutils_1:3.2-6 dpkg_1.16.6 dpkg-dev_1.16.6 e2fslibs_1.42.4-3 e2fsprogs_1.42.4-3 fakeroot_1.18.4-2 file_5.11-2 findutils_4.4.2-4 g++_4:4.7.1-1 g++-4.6_4.6.3-8 g++-4.7_4.7.1-2 gcc_4:4.7.1-1 gcc-4.4-base_4.4.7-1 gcc-4.5-base_4.5.3-12 gcc-4.6_4.6.3-8 gcc-4.6-base_4.6.3-8 gcc-4.7_4.7.1-2 gcc-4.7-base_4.7.1-2 gettext_0.18.1.1-9 gettext-base_0.18.1.1-9 gnupg_1.4.12-4+b1 gpgv_1.4.12-4+b1 grep_2.12-2 groff-base_1.21-9 gzip_1.5-1.1 hostname_3.11 html2text_1.3.2a-15 initscripts_2.88dsf-28 insserv_1.14.0-3 intltool-debian_0.35.0+20060710.1 libacl1_2.2.51-8 libapt-pkg4.12_0.9.7.1 libasound2_1.0.25-3 libasound2-dev_1.0.25-3 libasprintf0c2_0.18.1.1-9 libasyncns0_0.8-4 libattr1_1:2.4.46-8 libavahi-client-dev_0.6.31-1 libavahi-client3_0.6.31-1 libavahi-common-data_0.6.31-1 libavahi-common-dev_0.6.31-1 libavahi-common3_0.6.31-1 libblkid1_2.20.1-5.1 libboost-signals-dev_1.49.0.1 libboost-signals1.49-dev_1.49.0-3.1 libboost-signals1.49.0_1.49.0-3.1 libboost1.49-dev_1.49.0-3.1 libbz2-1.0_1.0.6-3 libc-bin_2.13-34 libc-dev-bin_2.13-34 libc6_2.13-34 libc6-dev_2.13-34 libcaca-dev_0.99.beta18-1 libcaca0_0.99.beta18-1 libcap2_1:2.22-1.1 libclang-common-dev_3.1-8 libclass-isa-perl_0.36-3 libcomerr2_1.42.4-3 libcroco3_0.6.5-1 libdb5.1_5.1.29-5 libdbus-1-3_1.6.2-1 libdbus-1-dev_1.6.2-1 libdirectfb-1.2-9_1.2.10.0-5 libdirectfb-dev_1.2.10.0-5 libdirectfb-extra_1.2.10.0-5 libdpkg-perl_1.16.6 libdrm2_2.4.33-3 libelf1_0.153-1 libexpat1_2.1.0-1 libffi5_3.0.10-3 libfile-fcntllock-perl_0.14-2 libflac-dev_1.2.1-6 libflac8_1.2.1-6 libfreetype6_2.4.9-1 libfreetype6-dev_2.4.9-1 libgc1c2_1:7.1-8 libgcc1_1:4.7.1-2 libgdbm3_1.8.3-11 libgettextpo0_0.18.1.1-9 libgl1-mesa-dev_8.0.3-1 libgl1-mesa-glx_8.0.3-1 libglapi-mesa_8.0.3-1 libglib2.0-0_2.32.3-1 libglib2.0-bin_2.32.3-1 libglib2.0-data_2.32.3-1 libglib2.0-dev_2.32.3-1 libglu1-mesa_8.0.3-1 libglu1-mesa-dev_8.0.3-1 libgmp10_2:5.0.5+dfsg-2 libgomp1_4.7.1-2 libice6_2:1.0.8-2 libicu48_4.8.1.1-8 libitm1_4.7.1-2 libjbig-dev_2.0-2 libjbig0_2.0-2 libjpeg8_8d-1 libjpeg8-dev_8d-1 libjson0_0.9-1.1 libllvm3.1_3.1-2 liblocale-gettext-perl_1.05-7+b1 liblzma5_5.1.1alpha+20120614-1 libmad0_0.15.1b-7 libmad0-dev_0.15.1b-7 libmagic1_5.11-2 libmikmod2_3.1.12-4 libmikmod2-dev_3.1.12-4 libmount1_2.20.1-5.1 libmpc2_0.9-4 libmpfr4_3.1.0-5 libncurses5_5.9-10 libncursesw5_5.9-10 libogg-dev_1.3.0-4 libogg0_1.3.0-4 libpam-modules_1.1.3-7.1 libpam-modules-bin_1.1.3-7.1 libpam-runtime_1.1.3-7.1 libpam0g_1.1.3-7.1 libpcre3_1:8.30-5 libpcre3-dev_1:8.30-5 libpcrecpp0_1:8.30-5 libphysfs-dev_2.0.2-6 libphysfs1_2.0.2-6 libpipeline1_1.2.1-1 libpng12-0_1.2.49-1 libpng12-dev_1.2.49-1 libpopt0_1.16-7 libpthread-stubs0_0.3-3 libpthread-stubs0-dev_0.3-3 libpulse-dev_2.0-3 libpulse-mainloop-glib0_2.0-3 libpulse0_2.0-3 libquadmath0_4.7.1-2 libreadline6_6.2-8 libsdl-image1.2_1.2.12-2 libsdl-image1.2-dev_1.2.12-2 libsdl-mixer1.2_1.2.12-2 libsdl-mixer1.2-dev_1.2.12-2 libsdl1.2-dev_1.2.15-5 libsdl1.2debian_1.2.15-5 libselinux1_2.1.9-5 libsemanage-common_2.1.6-6 libsemanage1_2.1.6-6 libsepol1_2.1.4-3 libslang2_2.2.4-15 libslang2-dev_2.2.4-15 libsm6_2:1.2.1-2 libsndfile1_1.0.25-5 libsqlite3-0_3.7.13-1 libss2_1.42.4-3 libssl1.0.0_1.0.1c-3 libstdc++6_4.7.1-2 libstdc++6-4.6-dev_4.6.3-8 libstdc++6-4.7-dev_4.7.1-2 libswitch-perl_2.16-2 libtext-charwidth-perl_0.04-7+b1 libtext-iconv-perl_1.7-5 libtext-wrapi18n-perl_0.06-7 libtiff4_3.9.6-6 libtiff4-dev_3.9.6-6 libtiffxx0c2_3.9.6-6 libtimedate-perl_1.2000-1 libtinfo5_5.9-10 libts-0.0-0_1.0-11 libts-dev_1.0-11 libunistring0_0.9.3-5 libusb-0.1-4_2:0.1.12-23 libustr-1.0-1_1.0.4-3 libuuid1_2.20.1-5.1 libvorbis-dev_1.3.2-1.3 libvorbis0a_1.3.2-1.3 libvorbisenc2_1.3.2-1.3 libvorbisfile3_1.3.2-1.3 libwebp-dev_0.1.3-3 libwebp2_0.1.3-3 libwrap0_7.6.q-23 libx11-6_2:1.5.0-1 libx11-data_2:1.5.0-1 libx11-dev_2:1.5.0-1 libx11-xcb1_2:1.5.0-1 libxau-dev_1:1.0.7-1 libxau6_1:1.0.7-1 libxcb-glx0_1.8.1-1 libxcb1_1.8.1-1 libxcb1-dev_1.8.1-1 libxdamage1_1:1.1.3-2 libxdmcp-dev_1:1.1.1-1 libxdmcp6_1:1.1.1-1 libxext-dev_2:1.3.1-2 libxext6_2:1.3.1-2 libxfixes3_1:5.0-4 libxi6_2:1.6.1-1 libxml2_2.8.0+dfsg1-4 libxtst6_2:1.2.1-1 libxxf86vm1_1:1.1.2-1 linux-libc-dev_3.2.21-3 login_1:4.1.5.1-1 lsb-base_4.1+Debian7 make_3.81-8.2 man-db_2.6.2-1 mawk_1.3.3-17 mesa-common-dev_8.0.3-1 mime-support_3.52-1 mount_2.20.1-5.1 multiarch-support_2.13-34 ncurses-base_5.9-10 ncurses-bin_5.9-10 passwd_1:4.1.5.1-1 patch_2.6.1-3 perl_5.14.2-12 perl-base_5.14.2-12 perl-modules_5.14.2-12 pkg-config_0.26-1 po-debconf_1.0.16+nmu2 python_2.7.3-1 python-minimal_2.7.3-1 python2.7_2.7.3-1 python2.7-minimal_2.7.3-1 readline-common_6.2-8 sbuild-build-depends-core-dummy_0.invalid.0 sbuild-build-depends-pingus-dummy_0.invalid.0 scons_2.1.0-1 sed_4.2.1-10 sensible-utils_0.0.7 sysv-rc_2.88dsf-28 sysvinit_2.88dsf-28 sysvinit-utils_2.88dsf-28 tar_1.26-4 tsconf_1.0-11 tzdata_2012c-1 ucf_3.0025+nmu3 util-linux_2.20.1-5.1 x11-common_1:7.7+1 x11proto-core-dev_7.0.23-1 x11proto-input-dev_2.2-1 x11proto-kb-dev_1.0.6-2 x11proto-xext-dev_7.2.1-1 xorg-sgml-doctools_1:1.10-1 xtrans-dev_1.2.7-1 xz-utils_5.1.1alpha+20120614-1 zlib1g_1:1.2.7.dfsg-13 zlib1g-dev_1:1.2.7.dfsg-13

┌──────────────────────────────────────────────────────────────────────────────┐
│ Build                                                                        │
└──────────────────────────────────────────────────────────────────────────────┘


Unpack source
─────────────

gpgv: keyblock resource `/sbuild-nonexistent/.gnupg/trustedkeys.gpg': file open error
gpgv: Signature made Sat May 19 10:39:06 2012 UTC using DSA key ID C42B63CA
gpgv: Can't check signature: public key not found
dpkg-source: warning: failed to verify signature on ./pingus_0.7.6-1.1.dsc
dpkg-source: info: extracting pingus in pingus-0.7.6
dpkg-source: info: unpacking pingus_0.7.6.orig.tar.bz2
dpkg-source: info: unpacking pingus_0.7.6-1.1.debian.tar.gz
dpkg-source: info: applying 20_gcc_4.7

Check disc space
────────────────

Sufficient free space for build

User Environment
────────────────

HOME=/sbuild-nonexistent
LOGNAME=root
PATH=/usr/local/sbin:/usr/local/bin:/usr/sbin:/usr/bin:/sbin:/bin:/usr/bin/X11
SCHROOT_CHROOT_NAME=unstable-amd64-sbuild
SCHROOT_COMMAND=env
SCHROOT_GID=0
SCHROOT_GROUP=root
SCHROOT_SESSION_ID=unstable-amd64-sbuild-609381fc-3623-492d-8113-64d392a29009
SCHROOT_UID=0
SCHROOT_USER=root
SHELL=/bin/sh
USER=root

dpkg-buildpackage
─────────────────

dpkg-buildpackage: warning: using a gain-root-command while being root
dpkg-buildpackage: source package pingus
dpkg-buildpackage: source version 0.7.6-1.1
dpkg-buildpackage: source changed by Matej Vela <vela@debian.org>
 dpkg-source --before-build pingus-0.7.6
dpkg-buildpackage: host architecture amd64
 fakeroot debian/rules clean
dh_testdir
dh_testroot
scons -c
scons: Reading SConscript files ...
Checking for C++ library boost_signals... yes
Checking for pkg-config...(cached) /usr/bin/pkg-config
Checking for sdl-config...(cached) /usr/bin/sdl-config
Checking for SDL_image...ok
Checking for SDL_mixer...ok
Check how to call iconv...use ''
Checking for C library iconv... no
Reports:
  * OpenGL support: enabled
  * Linux evdev support: ok
  * Wiimote support: disabled
  * XInput support: disabled

scons: done reading SConscript files.
scons: Cleaning targets ...
scons: done cleaning targets.
rm -f build-stamp configure-stamp
rm -f config.log options.cache .sconsign.dblite
rm -rf .sconf_temp build/
dh_testdir
dh_testroot
dh_clean
 dpkg-source -b pingus-0.7.6
dpkg-source: info: using source format `3.0 (quilt)'
dpkg-source: info: building pingus using existing ./pingus_0.7.6.orig.tar.bz2
dpkg-source: info: building pingus in pingus_0.7.6-1.1.debian.tar.gz
dpkg-source: info: building pingus in pingus_0.7.6-1.1.dsc
 debian/rules build
dh_testdir
cat debian/options.cache | sed -e 's/:CFLAGS://g' > options.cache
touch configure-stamp
dh_testdir
scons 
scons: Reading SConscript files ...
Checking for C++ library boost_signals... yes
Checking for pkg-config...(cached) /usr/bin/pkg-config
Checking for sdl-config...(cached) /usr/bin/sdl-config
Checking for SDL_image...ok
Checking for SDL_mixer...ok
Check how to call iconv...use ''
Checking for C library iconv... no
Reports:
  * OpenGL support: enabled
  * Linux evdev support: ok
  * Wiimote support: disabled
  * XInput support: disabled

scons: done reading SConscript files.
scons: Building targets ...
g++ -o build/src/main.o -c -O2 -s -std=c++0x -isystem/usr/include/libpng12 -isystem/usr/include/SDL -DVERSION="\"0.7.6\"" -DHAVE_OPENGL=1 -DHAVE_LINUXEVDEV=1 -D_GNU_SOURCE=1 -D_REENTRANT -DHAVE_ICONV_CONST -DICONV_CONST= -Ibuild/src -Isrc -Ibuild -I. -Ibuild/src -Isrc -Ibuild/external/tinygettext -Iexternal/tinygettext src/main.cpp
clang: warning: argument unused during compilation: '-s'
g++ -o build/external/tinygettext/tinygettext/dictionary.o -c -O2 -s -std=c++0x -isystem/usr/include/libpng12 -isystem/usr/include/SDL -DVERSION="\"0.7.6\"" -DHAVE_OPENGL=1 -DHAVE_LINUXEVDEV=1 -D_GNU_SOURCE=1 -D_REENTRANT -DHAVE_ICONV_CONST -DICONV_CONST= -Ibuild/src -Isrc -Ibuild -I. -Ibuild/src -Isrc -Ibuild/external/tinygettext -Iexternal/tinygettext external/tinygettext/tinygettext/dictionary.cpp
clang: warning: argument unused during compilation: '-s'
g++ -o build/external/tinygettext/tinygettext/dictionary_manager.o -c -O2 -s -std=c++0x -isystem/usr/include/libpng12 -isystem/usr/include/SDL -DVERSION="\"0.7.6\"" -DHAVE_OPENGL=1 -DHAVE_LINUXEVDEV=1 -D_GNU_SOURCE=1 -D_REENTRANT -DHAVE_ICONV_CONST -DICONV_CONST= -Ibuild/src -Isrc -Ibuild -I. -Ibuild/src -Isrc -Ibuild/external/tinygettext -Iexternal/tinygettext external/tinygettext/tinygettext/dictionary_manager.cpp
clang: warning: argument unused during compilation: '-s'
g++ -o build/external/tinygettext/tinygettext/iconv.o -c -O2 -s -std=c++0x -isystem/usr/include/libpng12 -isystem/usr/include/SDL -DVERSION="\"0.7.6\"" -DHAVE_OPENGL=1 -DHAVE_LINUXEVDEV=1 -D_GNU_SOURCE=1 -D_REENTRANT -DHAVE_ICONV_CONST -DICONV_CONST= -Ibuild/src -Isrc -Ibuild -I. -Ibuild/src -Isrc -Ibuild/external/tinygettext -Iexternal/tinygettext external/tinygettext/tinygettext/iconv.cpp
clang: warning: argument unused during compilation: '-s'
g++ -o build/external/tinygettext/tinygettext/language.o -c -O2 -s -std=c++0x -isystem/usr/include/libpng12 -isystem/usr/include/SDL -DVERSION="\"0.7.6\"" -DHAVE_OPENGL=1 -DHAVE_LINUXEVDEV=1 -D_GNU_SOURCE=1 -D_REENTRANT -DHAVE_ICONV_CONST -DICONV_CONST= -Ibuild/src -Isrc -Ibuild -I. -Ibuild/src -Isrc -Ibuild/external/tinygettext -Iexternal/tinygettext external/tinygettext/tinygettext/language.cpp
clang: warning: argument unused during compilation: '-s'
external/tinygettext/tinygettext/language.cpp:194:20: warning: illegal character encoding in string literal [-Winvalid-source-encoding]
  { "nb", "NO", 0, "Norwegian Bokm<E5>l (Norway)"   },
                   ^
external/tinygettext/tinygettext/language.cpp:298:22: warning: illegal character encoding in string literal [-Winvalid-source-encoding]
    language_aliases["bokm<E5>l"]           = "nb_NO.ISO-8859-1";
                     ^
external/tinygettext/tinygettext/language.cpp:309:22: warning: illegal character encoding in string literal [-Winvalid-source-encoding]
    language_aliases["fran<E7>ais"]         = "fr_FR.ISO-8859-1";
                     ^
3 warnings generated.
g++ -o build/external/tinygettext/tinygettext/log.o -c -O2 -s -std=c++0x -isystem/usr/include/libpng12 -isystem/usr/include/SDL -DVERSION="\"0.7.6\"" -DHAVE_OPENGL=1 -DHAVE_LINUXEVDEV=1 -D_GNU_SOURCE=1 -D_REENTRANT -DHAVE_ICONV_CONST -DICONV_CONST= -Ibuild/src -Isrc -Ibuild -I. -Ibuild/src -Isrc -Ibuild/external/tinygettext -Iexternal/tinygettext external/tinygettext/tinygettext/log.cpp
clang: warning: argument unused during compilation: '-s'
g++ -o build/external/tinygettext/tinygettext/plural_forms.o -c -O2 -s -std=c++0x -isystem/usr/include/libpng12 -isystem/usr/include/SDL -DVERSION="\"0.7.6\"" -DHAVE_OPENGL=1 -DHAVE_LINUXEVDEV=1 -D_GNU_SOURCE=1 -D_REENTRANT -DHAVE_ICONV_CONST -DICONV_CONST= -Ibuild/src -Isrc -Ibuild -I. -Ibuild/src -Isrc -Ibuild/external/tinygettext -Iexternal/tinygettext external/tinygettext/tinygettext/plural_forms.cpp
clang: warning: argument unused during compilation: '-s'
g++ -o build/external/tinygettext/tinygettext/po_parser.o -c -O2 -s -std=c++0x -isystem/usr/include/libpng12 -isystem/usr/include/SDL -DVERSION="\"0.7.6\"" -DHAVE_OPENGL=1 -DHAVE_LINUXEVDEV=1 -D_GNU_SOURCE=1 -D_REENTRANT -DHAVE_ICONV_CONST -DICONV_CONST= -Ibuild/src -Isrc -Ibuild -I. -Ibuild/src -Isrc -Ibuild/external/tinygettext -Iexternal/tinygettext external/tinygettext/tinygettext/po_parser.cpp
clang: warning: argument unused during compilation: '-s'
g++ -o build/external/tinygettext/tinygettext/tinygettext.o -c -O2 -s -std=c++0x -isystem/usr/include/libpng12 -isystem/usr/include/SDL -DVERSION="\"0.7.6\"" -DHAVE_OPENGL=1 -DHAVE_LINUXEVDEV=1 -D_GNU_SOURCE=1 -D_REENTRANT -DHAVE_ICONV_CONST -DICONV_CONST= -Ibuild/src -Isrc -Ibuild -I. -Ibuild/src -Isrc -Ibuild/external/tinygettext -Iexternal/tinygettext external/tinygettext/tinygettext/tinygettext.cpp
clang: warning: argument unused during compilation: '-s'
g++ -o build/external/tinygettext/tinygettext/unix_file_system.o -c -O2 -s -std=c++0x -isystem/usr/include/libpng12 -isystem/usr/include/SDL -DVERSION="\"0.7.6\"" -DHAVE_OPENGL=1 -DHAVE_LINUXEVDEV=1 -D_GNU_SOURCE=1 -D_REENTRANT -DHAVE_ICONV_CONST -DICONV_CONST= -Ibuild/src -Isrc -Ibuild -I. -Ibuild/src -Isrc -Ibuild/external/tinygettext -Iexternal/tinygettext external/tinygettext/tinygettext/unix_file_system.cpp
clang: warning: argument unused during compilation: '-s'
g++ -o build/src/editor/action_properties.o -c -O2 -s -std=c++0x -isystem/usr/include/libpng12 -isystem/usr/include/SDL -DVERSION="\"0.7.6\"" -DHAVE_OPENGL=1 -DHAVE_LINUXEVDEV=1 -D_GNU_SOURCE=1 -D_REENTRANT -DHAVE_ICONV_CONST -DICONV_CONST= -Ibuild/src -Isrc -Ibuild -I. -Ibuild/src -Isrc -Ibuild/external/tinygettext -Iexternal/tinygettext src/editor/action_properties.cpp
clang: warning: argument unused during compilation: '-s'
g++ -o build/src/editor/button.o -c -O2 -s -std=c++0x -isystem/usr/include/libpng12 -isystem/usr/include/SDL -DVERSION="\"0.7.6\"" -DHAVE_OPENGL=1 -DHAVE_LINUXEVDEV=1 -D_GNU_SOURCE=1 -D_REENTRANT -DHAVE_ICONV_CONST -DICONV_CONST= -Ibuild/src -Isrc -Ibuild -I. -Ibuild/src -Isrc -Ibuild/external/tinygettext -Iexternal/tinygettext src/editor/button.cpp
clang: warning: argument unused during compilation: '-s'
g++ -o build/src/editor/checkbox.o -c -O2 -s -std=c++0x -isystem/usr/include/libpng12 -isystem/usr/include/SDL -DVERSION="\"0.7.6\"" -DHAVE_OPENGL=1 -DHAVE_LINUXEVDEV=1 -D_GNU_SOURCE=1 -D_REENTRANT -DHAVE_ICONV_CONST -DICONV_CONST= -Ibuild/src -Isrc -Ibuild -I. -Ibuild/src -Isrc -Ibuild/external/tinygettext -Iexternal/tinygettext src/editor/checkbox.cpp
clang: warning: argument unused during compilation: '-s'
g++ -o build/src/editor/combobox.o -c -O2 -s -std=c++0x -isystem/usr/include/libpng12 -isystem/usr/include/SDL -DVERSION="\"0.7.6\"" -DHAVE_OPENGL=1 -DHAVE_LINUXEVDEV=1 -D_GNU_SOURCE=1 -D_REENTRANT -DHAVE_ICONV_CONST -DICONV_CONST= -Ibuild/src -Isrc -Ibuild -I. -Ibuild/src -Isrc -Ibuild/external/tinygettext -Iexternal/tinygettext src/editor/combobox.cpp
clang: warning: argument unused during compilation: '-s'
g++ -o build/src/editor/editor_level.o -c -O2 -s -std=c++0x -isystem/usr/include/libpng12 -isystem/usr/include/SDL -DVERSION="\"0.7.6\"" -DHAVE_OPENGL=1 -DHAVE_LINUXEVDEV=1 -D_GNU_SOURCE=1 -D_REENTRANT -DHAVE_ICONV_CONST -DICONV_CONST= -Ibuild/src -Isrc -Ibuild -I. -Ibuild/src -Isrc -Ibuild/external/tinygettext -Iexternal/tinygettext src/editor/editor_level.cpp
clang: warning: argument unused during compilation: '-s'
g++ -o build/src/editor/editor_screen.o -c -O2 -s -std=c++0x -isystem/usr/include/libpng12 -isystem/usr/include/SDL -DVERSION="\"0.7.6\"" -DHAVE_OPENGL=1 -DHAVE_LINUXEVDEV=1 -D_GNU_SOURCE=1 -D_REENTRANT -DHAVE_ICONV_CONST -DICONV_CONST= -Ibuild/src -Isrc -Ibuild -I. -Ibuild/src -Isrc -Ibuild/external/tinygettext -Iexternal/tinygettext src/editor/editor_screen.cpp
clang: warning: argument unused during compilation: '-s'
g++ -o build/src/editor/file_dialog.o -c -O2 -s -std=c++0x -isystem/usr/include/libpng12 -isystem/usr/include/SDL -DVERSION="\"0.7.6\"" -DHAVE_OPENGL=1 -DHAVE_LINUXEVDEV=1 -D_GNU_SOURCE=1 -D_REENTRANT -DHAVE_ICONV_CONST -DICONV_CONST= -Ibuild/src -Isrc -Ibuild -I. -Ibuild/src -Isrc -Ibuild/external/tinygettext -Iexternal/tinygettext src/editor/file_dialog.cpp
clang: warning: argument unused during compilation: '-s'
g++ -o build/src/editor/file_list.o -c -O2 -s -std=c++0x -isystem/usr/include/libpng12 -isystem/usr/include/SDL -DVERSION="\"0.7.6\"" -DHAVE_OPENGL=1 -DHAVE_LINUXEVDEV=1 -D_GNU_SOURCE=1 -D_REENTRANT -DHAVE_ICONV_CONST -DICONV_CONST= -Ibuild/src -Isrc -Ibuild -I. -Ibuild/src -Isrc -Ibuild/external/tinygettext -Iexternal/tinygettext src/editor/file_list.cpp
clang: warning: argument unused during compilation: '-s'
g++ -o build/src/editor/generic_level_obj.o -c -O2 -s -std=c++0x -isystem/usr/include/libpng12 -isystem/usr/include/SDL -DVERSION="\"0.7.6\"" -DHAVE_OPENGL=1 -DHAVE_LINUXEVDEV=1 -D_GNU_SOURCE=1 -D_REENTRANT -DHAVE_ICONV_CONST -DICONV_CONST= -Ibuild/src -Isrc -Ibuild -I. -Ibuild/src -Isrc -Ibuild/external/tinygettext -Iexternal/tinygettext src/editor/generic_level_obj.cpp
clang: warning: argument unused during compilation: '-s'
g++ -o build/src/editor/group_level_obj.o -c -O2 -s -std=c++0x -isystem/usr/include/libpng12 -isystem/usr/include/SDL -DVERSION="\"0.7.6\"" -DHAVE_OPENGL=1 -DHAVE_LINUXEVDEV=1 -D_GNU_SOURCE=1 -D_REENTRANT -DHAVE_ICONV_CONST -DICONV_CONST= -Ibuild/src -Isrc -Ibuild -I. -Ibuild/src -Isrc -Ibuild/external/tinygettext -Iexternal/tinygettext src/editor/group_level_obj.cpp
clang: warning: argument unused during compilation: '-s'
g++ -o build/src/editor/gui_style.o -c -O2 -s -std=c++0x -isystem/usr/include/libpng12 -isystem/usr/include/SDL -DVERSION="\"0.7.6\"" -DHAVE_OPENGL=1 -DHAVE_LINUXEVDEV=1 -D_GNU_SOURCE=1 -D_REENTRANT -DHAVE_ICONV_CONST -DICONV_CONST= -Ibuild/src -Isrc -Ibuild -I. -Ibuild/src -Isrc -Ibuild/external/tinygettext -Iexternal/tinygettext src/editor/gui_style.cpp
clang: warning: argument unused during compilation: '-s'
g++ -o build/src/editor/inputbox.o -c -O2 -s -std=c++0x -isystem/usr/include/libpng12 -isystem/usr/include/SDL -DVERSION="\"0.7.6\"" -DHAVE_OPENGL=1 -DHAVE_LINUXEVDEV=1 -D_GNU_SOURCE=1 -D_REENTRANT -DHAVE_ICONV_CONST -DICONV_CONST= -Ibuild/src -Isrc -Ibuild -I. -Ibuild/src -Isrc -Ibuild/external/tinygettext -Iexternal/tinygettext src/editor/inputbox.cpp
clang: warning: argument unused during compilation: '-s'
g++ -o build/src/editor/label.o -c -O2 -s -std=c++0x -isystem/usr/include/libpng12 -isystem/usr/include/SDL -DVERSION="\"0.7.6\"" -DHAVE_OPENGL=1 -DHAVE_LINUXEVDEV=1 -D_GNU_SOURCE=1 -D_REENTRANT -DHAVE_ICONV_CONST -DICONV_CONST= -Ibuild/src -Isrc -Ibuild -I. -Ibuild/src -Isrc -Ibuild/external/tinygettext -Iexternal/tinygettext src/editor/label.cpp
clang: warning: argument unused during compilation: '-s'
g++ -o build/src/editor/level_obj.o -c -O2 -s -std=c++0x -isystem/usr/include/libpng12 -isystem/usr/include/SDL -DVERSION="\"0.7.6\"" -DHAVE_OPENGL=1 -DHAVE_LINUXEVDEV=1 -D_GNU_SOURCE=1 -D_REENTRANT -DHAVE_ICONV_CONST -DICONV_CONST= -Ibuild/src -Isrc -Ibuild -I. -Ibuild/src -Isrc -Ibuild/external/tinygettext -Iexternal/tinygettext src/editor/level_obj.cpp
clang: warning: argument unused during compilation: '-s'
g++ -o build/src/editor/level_obj_factory.o -c -O2 -s -std=c++0x -isystem/usr/include/libpng12 -isystem/usr/include/SDL -DVERSION="\"0.7.6\"" -DHAVE_OPENGL=1 -DHAVE_LINUXEVDEV=1 -D_GNU_SOURCE=1 -D_REENTRANT -DHAVE_ICONV_CONST -DICONV_CONST= -Ibuild/src -Isrc -Ibuild -I. -Ibuild/src -Isrc -Ibuild/external/tinygettext -Iexternal/tinygettext src/editor/level_obj_factory.cpp
clang: warning: argument unused during compilation: '-s'
g++ -o build/src/editor/level_properties.o -c -O2 -s -std=c++0x -isystem/usr/include/libpng12 -isystem/usr/include/SDL -DVERSION="\"0.7.6\"" -DHAVE_OPENGL=1 -DHAVE_LINUXEVDEV=1 -D_GNU_SOURCE=1 -D_REENTRANT -DHAVE_ICONV_CONST -DICONV_CONST= -Ibuild/src -Isrc -Ibuild -I. -Ibuild/src -Isrc -Ibuild/external/tinygettext -Iexternal/tinygettext src/editor/level_properties.cpp
clang: warning: argument unused during compilation: '-s'
g++ -o build/src/editor/message_box.o -c -O2 -s -std=c++0x -isystem/usr/include/libpng12 -isystem/usr/include/SDL -DVERSION="\"0.7.6\"" -DHAVE_OPENGL=1 -DHAVE_LINUXEVDEV=1 -D_GNU_SOURCE=1 -D_REENTRANT -DHAVE_ICONV_CONST -DICONV_CONST= -Ibuild/src -Isrc -Ibuild -I. -Ibuild/src -Isrc -Ibuild/external/tinygettext -Iexternal/tinygettext src/editor/message_box.cpp
clang: warning: argument unused during compilation: '-s'
g++ -o build/src/editor/minimap.o -c -O2 -s -std=c++0x -isystem/usr/include/libpng12 -isystem/usr/include/SDL -DVERSION="\"0.7.6\"" -DHAVE_OPENGL=1 -DHAVE_LINUXEVDEV=1 -D_GNU_SOURCE=1 -D_REENTRANT -DHAVE_ICONV_CONST -DICONV_CONST= -Ibuild/src -Isrc -Ibuild -I. -Ibuild/src -Isrc -Ibuild/external/tinygettext -Iexternal/tinygettext src/editor/minimap.cpp
clang: warning: argument unused during compilation: '-s'
g++ -o build/src/editor/object_properties.o -c -O2 -s -std=c++0x -isystem/usr/include/libpng12 -isystem/usr/include/SDL -DVERSION="\"0.7.6\"" -DHAVE_OPENGL=1 -DHAVE_LINUXEVDEV=1 -D_GNU_SOURCE=1 -D_REENTRANT -DHAVE_ICONV_CONST -DICONV_CONST= -Ibuild/src -Isrc -Ibuild -I. -Ibuild/src -Isrc -Ibuild/external/tinygettext -Iexternal/tinygettext src/editor/object_properties.cpp
clang: warning: argument unused during compilation: '-s'
g++ -o build/src/editor/object_selector.o -c -O2 -s -std=c++0x -isystem/usr/include/libpng12 -isystem/usr/include/SDL -DVERSION="\"0.7.6\"" -DHAVE_OPENGL=1 -DHAVE_LINUXEVDEV=1 -D_GNU_SOURCE=1 -D_REENTRANT -DHAVE_ICONV_CONST -DICONV_CONST= -Ibuild/src -Isrc -Ibuild -I. -Ibuild/src -Isrc -Ibuild/external/tinygettext -Iexternal/tinygettext src/editor/object_selector.cpp
clang: warning: argument unused during compilation: '-s'
g++ -o build/src/editor/object_selector_list.o -c -O2 -s -std=c++0x -isystem/usr/include/libpng12 -isystem/usr/include/SDL -DVERSION="\"0.7.6\"" -DHAVE_OPENGL=1 -DHAVE_LINUXEVDEV=1 -D_GNU_SOURCE=1 -D_REENTRANT -DHAVE_ICONV_CONST -DICONV_CONST= -Ibuild/src -Isrc -Ibuild -I. -Ibuild/src -Isrc -Ibuild/external/tinygettext -Iexternal/tinygettext src/editor/object_selector_list.cpp
clang: warning: argument unused during compilation: '-s'
g++ -o build/src/editor/object_selector_set.o -c -O2 -s -std=c++0x -isystem/usr/include/libpng12 -isystem/usr/include/SDL -DVERSION="\"0.7.6\"" -DHAVE_OPENGL=1 -DHAVE_LINUXEVDEV=1 -D_GNU_SOURCE=1 -D_REENTRANT -DHAVE_ICONV_CONST -DICONV_CONST= -Ibuild/src -Isrc -Ibuild -I. -Ibuild/src -Isrc -Ibuild/external/tinygettext -Iexternal/tinygettext src/editor/object_selector_set.cpp
clang: warning: argument unused during compilation: '-s'
g++ -o build/src/editor/panel.o -c -O2 -s -std=c++0x -isystem/usr/include/libpng12 -isystem/usr/include/SDL -DVERSION="\"0.7.6\"" -DHAVE_OPENGL=1 -DHAVE_LINUXEVDEV=1 -D_GNU_SOURCE=1 -D_REENTRANT -DHAVE_ICONV_CONST -DICONV_CONST= -Ibuild/src -Isrc -Ibuild -I. -Ibuild/src -Isrc -Ibuild/external/tinygettext -Iexternal/tinygettext src/editor/panel.cpp
clang: warning: argument unused during compilation: '-s'
g++ -o build/src/editor/viewport.o -c -O2 -s -std=c++0x -isystem/usr/include/libpng12 -isystem/usr/include/SDL -DVERSION="\"0.7.6\"" -DHAVE_OPENGL=1 -DHAVE_LINUXEVDEV=1 -D_GNU_SOURCE=1 -D_REENTRANT -DHAVE_ICONV_CONST -DICONV_CONST= -Ibuild/src -Isrc -Ibuild -I. -Ibuild/src -Isrc -Ibuild/external/tinygettext -Iexternal/tinygettext src/editor/viewport.cpp
clang: warning: argument unused during compilation: '-s'
g++ -o build/src/engine/display/blitter.o -c -O2 -s -std=c++0x -isystem/usr/include/libpng12 -isystem/usr/include/SDL -DVERSION="\"0.7.6\"" -DHAVE_OPENGL=1 -DHAVE_LINUXEVDEV=1 -D_GNU_SOURCE=1 -D_REENTRANT -DHAVE_ICONV_CONST -DICONV_CONST= -Ibuild/src -Isrc -Ibuild -I. -Ibuild/src -Isrc -Ibuild/external/tinygettext -Iexternal/tinygettext src/engine/display/blitter.cpp
clang: warning: argument unused during compilation: '-s'
g++ -o build/src/engine/display/display.o -c -O2 -s -std=c++0x -isystem/usr/include/libpng12 -isystem/usr/include/SDL -DVERSION="\"0.7.6\"" -DHAVE_OPENGL=1 -DHAVE_LINUXEVDEV=1 -D_GNU_SOURCE=1 -D_REENTRANT -DHAVE_ICONV_CONST -DICONV_CONST= -Ibuild/src -Isrc -Ibuild -I. -Ibuild/src -Isrc -Ibuild/external/tinygettext -Iexternal/tinygettext src/engine/display/display.cpp
clang: warning: argument unused during compilation: '-s'
g++ -o build/src/engine/display/drawing_context.o -c -O2 -s -std=c++0x -isystem/usr/include/libpng12 -isystem/usr/include/SDL -DVERSION="\"0.7.6\"" -DHAVE_OPENGL=1 -DHAVE_LINUXEVDEV=1 -D_GNU_SOURCE=1 -D_REENTRANT -DHAVE_ICONV_CONST -DICONV_CONST= -Ibuild/src -Isrc -Ibuild -I. -Ibuild/src -Isrc -Ibuild/external/tinygettext -Iexternal/tinygettext src/engine/display/drawing_context.cpp
clang: warning: argument unused during compilation: '-s'
g++ -o build/src/engine/display/font.o -c -O2 -s -std=c++0x -isystem/usr/include/libpng12 -isystem/usr/include/SDL -DVERSION="\"0.7.6\"" -DHAVE_OPENGL=1 -DHAVE_LINUXEVDEV=1 -D_GNU_SOURCE=1 -D_REENTRANT -DHAVE_ICONV_CONST -DICONV_CONST= -Ibuild/src -Isrc -Ibuild -I. -Ibuild/src -Isrc -Ibuild/external/tinygettext -Iexternal/tinygettext src/engine/display/font.cpp
clang: warning: argument unused during compilation: '-s'
g++ -o build/src/engine/display/font_description.o -c -O2 -s -std=c++0x -isystem/usr/include/libpng12 -isystem/usr/include/SDL -DVERSION="\"0.7.6\"" -DHAVE_OPENGL=1 -DHAVE_LINUXEVDEV=1 -D_GNU_SOURCE=1 -D_REENTRANT -DHAVE_ICONV_CONST -DICONV_CONST= -Ibuild/src -Isrc -Ibuild -I. -Ibuild/src -Isrc -Ibuild/external/tinygettext -Iexternal/tinygettext src/engine/display/font_description.cpp
clang: warning: argument unused during compilation: '-s'
g++ -o build/src/engine/display/framebuffer_surface.o -c -O2 -s -std=c++0x -isystem/usr/include/libpng12 -isystem/usr/include/SDL -DVERSION="\"0.7.6\"" -DHAVE_OPENGL=1 -DHAVE_LINUXEVDEV=1 -D_GNU_SOURCE=1 -D_REENTRANT -DHAVE_ICONV_CONST -DICONV_CONST= -Ibuild/src -Isrc -Ibuild -I. -Ibuild/src -Isrc -Ibuild/external/tinygettext -Iexternal/tinygettext src/engine/display/framebuffer_surface.cpp
clang: warning: argument unused during compilation: '-s'
g++ -o build/src/engine/display/graphic_context_state.o -c -O2 -s -std=c++0x -isystem/usr/include/libpng12 -isystem/usr/include/SDL -DVERSION="\"0.7.6\"" -DHAVE_OPENGL=1 -DHAVE_LINUXEVDEV=1 -D_GNU_SOURCE=1 -D_REENTRANT -DHAVE_ICONV_CONST -DICONV_CONST= -Ibuild/src -Isrc -Ibuild -I. -Ibuild/src -Isrc -Ibuild/external/tinygettext -Iexternal/tinygettext src/engine/display/graphic_context_state.cpp
clang: warning: argument unused during compilation: '-s'
g++ -o build/src/engine/display/null_framebuffer.o -c -O2 -s -std=c++0x -isystem/usr/include/libpng12 -isystem/usr/include/SDL -DVERSION="\"0.7.6\"" -DHAVE_OPENGL=1 -DHAVE_LINUXEVDEV=1 -D_GNU_SOURCE=1 -D_REENTRANT -DHAVE_ICONV_CONST -DICONV_CONST= -Ibuild/src -Isrc -Ibuild -I. -Ibuild/src -Isrc -Ibuild/external/tinygettext -Iexternal/tinygettext src/engine/display/null_framebuffer.cpp
clang: warning: argument unused during compilation: '-s'
g++ -o build/src/engine/display/resource_modifier.o -c -O2 -s -std=c++0x -isystem/usr/include/libpng12 -isystem/usr/include/SDL -DVERSION="\"0.7.6\"" -DHAVE_OPENGL=1 -DHAVE_LINUXEVDEV=1 -D_GNU_SOURCE=1 -D_REENTRANT -DHAVE_ICONV_CONST -DICONV_CONST= -Ibuild/src -Isrc -Ibuild -I. -Ibuild/src -Isrc -Ibuild/external/tinygettext -Iexternal/tinygettext src/engine/display/resource_modifier.cpp
clang: warning: argument unused during compilation: '-s'
g++ -o build/src/engine/display/scene_context.o -c -O2 -s -std=c++0x -isystem/usr/include/libpng12 -isystem/usr/include/SDL -DVERSION="\"0.7.6\"" -DHAVE_OPENGL=1 -DHAVE_LINUXEVDEV=1 -D_GNU_SOURCE=1 -D_REENTRANT -DHAVE_ICONV_CONST -DICONV_CONST= -Ibuild/src -Isrc -Ibuild -I. -Ibuild/src -Isrc -Ibuild/external/tinygettext -Iexternal/tinygettext src/engine/display/scene_context.cpp
clang: warning: argument unused during compilation: '-s'
g++ -o build/src/engine/display/screenshot.o -c -O2 -s -std=c++0x -isystem/usr/include/libpng12 -isystem/usr/include/SDL -DVERSION="\"0.7.6\"" -DHAVE_OPENGL=1 -DHAVE_LINUXEVDEV=1 -D_GNU_SOURCE=1 -D_REENTRANT -DHAVE_ICONV_CONST -DICONV_CONST= -Ibuild/src -Isrc -Ibuild -I. -Ibuild/src -Isrc -Ibuild/external/tinygettext -Iexternal/tinygettext src/engine/display/screenshot.cpp
clang: warning: argument unused during compilation: '-s'
g++ -o build/src/engine/display/sdl_framebuffer.o -c -O2 -s -std=c++0x -isystem/usr/include/libpng12 -isystem/usr/include/SDL -DVERSION="\"0.7.6\"" -DHAVE_OPENGL=1 -DHAVE_LINUXEVDEV=1 -D_GNU_SOURCE=1 -D_REENTRANT -DHAVE_ICONV_CONST -DICONV_CONST= -Ibuild/src -Isrc -Ibuild -I. -Ibuild/src -Isrc -Ibuild/external/tinygettext -Iexternal/tinygettext src/engine/display/sdl_framebuffer.cpp
clang: warning: argument unused during compilation: '-s'
g++ -o build/src/engine/display/sdl_framebuffer_surface_impl.o -c -O2 -s -std=c++0x -isystem/usr/include/libpng12 -isystem/usr/include/SDL -DVERSION="\"0.7.6\"" -DHAVE_OPENGL=1 -DHAVE_LINUXEVDEV=1 -D_GNU_SOURCE=1 -D_REENTRANT -DHAVE_ICONV_CONST -DICONV_CONST= -Ibuild/src -Isrc -Ibuild -I. -Ibuild/src -Isrc -Ibuild/external/tinygettext -Iexternal/tinygettext src/engine/display/sdl_framebuffer_surface_impl.cpp
clang: warning: argument unused during compilation: '-s'
g++ -o build/src/engine/display/sprite.o -c -O2 -s -std=c++0x -isystem/usr/include/libpng12 -isystem/usr/include/SDL -DVERSION="\"0.7.6\"" -DHAVE_OPENGL=1 -DHAVE_LINUXEVDEV=1 -D_GNU_SOURCE=1 -D_REENTRANT -DHAVE_ICONV_CONST -DICONV_CONST= -Ibuild/src -Isrc -Ibuild -I. -Ibuild/src -Isrc -Ibuild/external/tinygettext -Iexternal/tinygettext src/engine/display/sprite.cpp
clang: warning: argument unused during compilation: '-s'
g++ -o build/src/engine/display/sprite_description.o -c -O2 -s -std=c++0x -isystem/usr/include/libpng12 -isystem/usr/include/SDL -DVERSION="\"0.7.6\"" -DHAVE_OPENGL=1 -DHAVE_LINUXEVDEV=1 -D_GNU_SOURCE=1 -D_REENTRANT -DHAVE_ICONV_CONST -DICONV_CONST= -Ibuild/src -Isrc -Ibuild -I. -Ibuild/src -Isrc -Ibuild/external/tinygettext -Iexternal/tinygettext src/engine/display/sprite_description.cpp
clang: warning: argument unused during compilation: '-s'
g++ -o build/src/engine/display/sprite_impl.o -c -O2 -s -std=c++0x -isystem/usr/include/libpng12 -isystem/usr/include/SDL -DVERSION="\"0.7.6\"" -DHAVE_OPENGL=1 -DHAVE_LINUXEVDEV=1 -D_GNU_SOURCE=1 -D_REENTRANT -DHAVE_ICONV_CONST -DICONV_CONST= -Ibuild/src -Isrc -Ibuild -I. -Ibuild/src -Isrc -Ibuild/external/tinygettext -Iexternal/tinygettext src/engine/display/sprite_impl.cpp
clang: warning: argument unused during compilation: '-s'
g++ -o build/src/engine/display/surface.o -c -O2 -s -std=c++0x -isystem/usr/include/libpng12 -isystem/usr/include/SDL -DVERSION="\"0.7.6\"" -DHAVE_OPENGL=1 -DHAVE_LINUXEVDEV=1 -D_GNU_SOURCE=1 -D_REENTRANT -DHAVE_ICONV_CONST -DICONV_CONST= -Ibuild/src -Isrc -Ibuild -I. -Ibuild/src -Isrc -Ibuild/external/tinygettext -Iexternal/tinygettext src/engine/display/surface.cpp
clang: warning: argument unused during compilation: '-s'
g++ -o build/src/engine/display/delta/delta_framebuffer.o -c -O2 -s -std=c++0x -isystem/usr/include/libpng12 -isystem/usr/include/SDL -DVERSION="\"0.7.6\"" -DHAVE_OPENGL=1 -DHAVE_LINUXEVDEV=1 -D_GNU_SOURCE=1 -D_REENTRANT -DHAVE_ICONV_CONST -DICONV_CONST= -Ibuild/src -Isrc -Ibuild -I. -Ibuild/src -Isrc -Ibuild/external/tinygettext -Iexternal/tinygettext src/engine/display/delta/delta_framebuffer.cpp
clang: warning: argument unused during compilation: '-s'
g++ -o build/src/engine/display/delta/draw_op.o -c -O2 -s -std=c++0x -isystem/usr/include/libpng12 -isystem/usr/include/SDL -DVERSION="\"0.7.6\"" -DHAVE_OPENGL=1 -DHAVE_LINUXEVDEV=1 -D_GNU_SOURCE=1 -D_REENTRANT -DHAVE_ICONV_CONST -DICONV_CONST= -Ibuild/src -Isrc -Ibuild -I. -Ibuild/src -Isrc -Ibuild/external/tinygettext -Iexternal/tinygettext src/engine/display/delta/draw_op.cpp
clang: warning: argument unused during compilation: '-s'
g++ -o build/src/engine/display/delta/draw_op_buffer.o -c -O2 -s -std=c++0x -isystem/usr/include/libpng12 -isystem/usr/include/SDL -DVERSION="\"0.7.6\"" -DHAVE_OPENGL=1 -DHAVE_LINUXEVDEV=1 -D_GNU_SOURCE=1 -D_REENTRANT -DHAVE_ICONV_CONST -DICONV_CONST= -Ibuild/src -Isrc -Ibuild -I. -Ibuild/src -Isrc -Ibuild/external/tinygettext -Iexternal/tinygettext src/engine/display/delta/draw_op_buffer.cpp
clang: warning: argument unused during compilation: '-s'
g++ -o build/src/engine/display/delta/rect_merger.o -c -O2 -s -std=c++0x -isystem/usr/include/libpng12 -isystem/usr/include/SDL -DVERSION="\"0.7.6\"" -DHAVE_OPENGL=1 -DHAVE_LINUXEVDEV=1 -D_GNU_SOURCE=1 -D_REENTRANT -DHAVE_ICONV_CONST -DICONV_CONST= -Ibuild/src -Isrc -Ibuild -I. -Ibuild/src -Isrc -Ibuild/external/tinygettext -Iexternal/tinygettext src/engine/display/delta/rect_merger.cpp
clang: warning: argument unused during compilation: '-s'
g++ -o build/src/engine/gui/component.o -c -O2 -s -std=c++0x -isystem/usr/include/libpng12 -isystem/usr/include/SDL -DVERSION="\"0.7.6\"" -DHAVE_OPENGL=1 -DHAVE_LINUXEVDEV=1 -D_GNU_SOURCE=1 -D_REENTRANT -DHAVE_ICONV_CONST -DICONV_CONST= -Ibuild/src -Isrc -Ibuild -I. -Ibuild/src -Isrc -Ibuild/external/tinygettext -Iexternal/tinygettext src/engine/gui/component.cpp
clang: warning: argument unused during compilation: '-s'
g++ -o build/src/engine/gui/group_component.o -c -O2 -s -std=c++0x -isystem/usr/include/libpng12 -isystem/usr/include/SDL -DVERSION="\"0.7.6\"" -DHAVE_OPENGL=1 -DHAVE_LINUXEVDEV=1 -D_GNU_SOURCE=1 -D_REENTRANT -DHAVE_ICONV_CONST -DICONV_CONST= -Ibuild/src -Isrc -Ibuild -I. -Ibuild/src -Isrc -Ibuild/external/tinygettext -Iexternal/tinygettext src/engine/gui/group_component.cpp
clang: warning: argument unused during compilation: '-s'
g++ -o build/src/engine/gui/gui_manager.o -c -O2 -s -std=c++0x -isystem/usr/include/libpng12 -isystem/usr/include/SDL -DVERSION="\"0.7.6\"" -DHAVE_OPENGL=1 -DHAVE_LINUXEVDEV=1 -D_GNU_SOURCE=1 -D_REENTRANT -DHAVE_ICONV_CONST -DICONV_CONST= -Ibuild/src -Isrc -Ibuild -I. -Ibuild/src -Isrc -Ibuild/external/tinygettext -Iexternal/tinygettext src/engine/gui/gui_manager.cpp
clang: warning: argument unused during compilation: '-s'
g++ -o build/src/engine/gui/surface_button.o -c -O2 -s -std=c++0x -isystem/usr/include/libpng12 -isystem/usr/include/SDL -DVERSION="\"0.7.6\"" -DHAVE_OPENGL=1 -DHAVE_LINUXEVDEV=1 -D_GNU_SOURCE=1 -D_REENTRANT -DHAVE_ICONV_CONST -DICONV_CONST= -Ibuild/src -Isrc -Ibuild -I. -Ibuild/src -Isrc -Ibuild/external/tinygettext -Iexternal/tinygettext src/engine/gui/surface_button.cpp
clang: warning: argument unused during compilation: '-s'
g++ -o build/src/engine/input/controller.o -c -O2 -s -std=c++0x -isystem/usr/include/libpng12 -isystem/usr/include/SDL -DVERSION="\"0.7.6\"" -DHAVE_OPENGL=1 -DHAVE_LINUXEVDEV=1 -D_GNU_SOURCE=1 -D_REENTRANT -DHAVE_ICONV_CONST -DICONV_CONST= -Ibuild/src -Isrc -Ibuild -I. -Ibuild/src -Isrc -Ibuild/external/tinygettext -Iexternal/tinygettext src/engine/input/controller.cpp
clang: warning: argument unused during compilation: '-s'
g++ -o build/src/engine/input/controller_description.o -c -O2 -s -std=c++0x -isystem/usr/include/libpng12 -isystem/usr/include/SDL -DVERSION="\"0.7.6\"" -DHAVE_OPENGL=1 -DHAVE_LINUXEVDEV=1 -D_GNU_SOURCE=1 -D_REENTRANT -DHAVE_ICONV_CONST -DICONV_CONST= -Ibuild/src -Isrc -Ibuild -I. -Ibuild/src -Isrc -Ibuild/external/tinygettext -Iexternal/tinygettext src/engine/input/controller_description.cpp
clang: warning: argument unused during compilation: '-s'
g++ -o build/src/engine/input/core_driver.o -c -O2 -s -std=c++0x -isystem/usr/include/libpng12 -isystem/usr/include/SDL -DVERSION="\"0.7.6\"" -DHAVE_OPENGL=1 -DHAVE_LINUXEVDEV=1 -D_GNU_SOURCE=1 -D_REENTRANT -DHAVE_ICONV_CONST -DICONV_CONST= -Ibuild/src -Isrc -Ibuild -I. -Ibuild/src -Isrc -Ibuild/external/tinygettext -Iexternal/tinygettext src/engine/input/core_driver.cpp
clang: warning: argument unused during compilation: '-s'
g++ -o build/src/engine/input/driver_factory.o -c -O2 -s -std=c++0x -isystem/usr/include/libpng12 -isystem/usr/include/SDL -DVERSION="\"0.7.6\"" -DHAVE_OPENGL=1 -DHAVE_LINUXEVDEV=1 -D_GNU_SOURCE=1 -D_REENTRANT -DHAVE_ICONV_CONST -DICONV_CONST= -Ibuild/src -Isrc -Ibuild -I. -Ibuild/src -Isrc -Ibuild/external/tinygettext -Iexternal/tinygettext src/engine/input/driver_factory.cpp
clang: warning: argument unused during compilation: '-s'
g++ -o build/src/engine/input/manager.o -c -O2 -s -std=c++0x -isystem/usr/include/libpng12 -isystem/usr/include/SDL -DVERSION="\"0.7.6\"" -DHAVE_OPENGL=1 -DHAVE_LINUXEVDEV=1 -D_GNU_SOURCE=1 -D_REENTRANT -DHAVE_ICONV_CONST -DICONV_CONST= -Ibuild/src -Isrc -Ibuild -I. -Ibuild/src -Isrc -Ibuild/external/tinygettext -Iexternal/tinygettext src/engine/input/manager.cpp
clang: warning: argument unused during compilation: '-s'
g++ -o build/src/engine/input/sdl_driver.o -c -O2 -s -std=c++0x -isystem/usr/include/libpng12 -isystem/usr/include/SDL -DVERSION="\"0.7.6\"" -DHAVE_OPENGL=1 -DHAVE_LINUXEVDEV=1 -D_GNU_SOURCE=1 -D_REENTRANT -DHAVE_ICONV_CONST -DICONV_CONST= -Ibuild/src -Isrc -Ibuild -I. -Ibuild/src -Isrc -Ibuild/external/tinygettext -Iexternal/tinygettext src/engine/input/sdl_driver.cpp
clang: warning: argument unused during compilation: '-s'
g++ -o build/src/engine/screen/gui_screen.o -c -O2 -s -std=c++0x -isystem/usr/include/libpng12 -isystem/usr/include/SDL -DVERSION="\"0.7.6\"" -DHAVE_OPENGL=1 -DHAVE_LINUXEVDEV=1 -D_GNU_SOURCE=1 -D_REENTRANT -DHAVE_ICONV_CONST -DICONV_CONST= -Ibuild/src -Isrc -Ibuild -I. -Ibuild/src -Isrc -Ibuild/external/tinygettext -Iexternal/tinygettext src/engine/screen/gui_screen.cpp
clang: warning: argument unused during compilation: '-s'
g++ -o build/src/engine/screen/screen.o -c -O2 -s -std=c++0x -isystem/usr/include/libpng12 -isystem/usr/include/SDL -DVERSION="\"0.7.6\"" -DHAVE_OPENGL=1 -DHAVE_LINUXEVDEV=1 -D_GNU_SOURCE=1 -D_REENTRANT -DHAVE_ICONV_CONST -DICONV_CONST= -Ibuild/src -Isrc -Ibuild -I. -Ibuild/src -Isrc -Ibuild/external/tinygettext -Iexternal/tinygettext src/engine/screen/screen.cpp
clang: warning: argument unused during compilation: '-s'
g++ -o build/src/engine/screen/screen_manager.o -c -O2 -s -std=c++0x -isystem/usr/include/libpng12 -isystem/usr/include/SDL -DVERSION="\"0.7.6\"" -DHAVE_OPENGL=1 -DHAVE_LINUXEVDEV=1 -D_GNU_SOURCE=1 -D_REENTRANT -DHAVE_ICONV_CONST -DICONV_CONST= -Ibuild/src -Isrc -Ibuild -I. -Ibuild/src -Isrc -Ibuild/external/tinygettext -Iexternal/tinygettext src/engine/screen/screen_manager.cpp
clang: warning: argument unused during compilation: '-s'
g++ -o build/src/engine/sound/sound.o -c -O2 -s -std=c++0x -isystem/usr/include/libpng12 -isystem/usr/include/SDL -DVERSION="\"0.7.6\"" -DHAVE_OPENGL=1 -DHAVE_LINUXEVDEV=1 -D_GNU_SOURCE=1 -D_REENTRANT -DHAVE_ICONV_CONST -DICONV_CONST= -Ibuild/src -Isrc -Ibuild -I. -Ibuild/src -Isrc -Ibuild/external/tinygettext -Iexternal/tinygettext src/engine/sound/sound.cpp
clang: warning: argument unused during compilation: '-s'
g++ -o build/src/engine/sound/sound_dummy.o -c -O2 -s -std=c++0x -isystem/usr/include/libpng12 -isystem/usr/include/SDL -DVERSION="\"0.7.6\"" -DHAVE_OPENGL=1 -DHAVE_LINUXEVDEV=1 -D_GNU_SOURCE=1 -D_REENTRANT -DHAVE_ICONV_CONST -DICONV_CONST= -Ibuild/src -Isrc -Ibuild -I. -Ibuild/src -Isrc -Ibuild/external/tinygettext -Iexternal/tinygettext src/engine/sound/sound_dummy.cpp
clang: warning: argument unused during compilation: '-s'
g++ -o build/src/engine/sound/sound_real.o -c -O2 -s -std=c++0x -isystem/usr/include/libpng12 -isystem/usr/include/SDL -DVERSION="\"0.7.6\"" -DHAVE_OPENGL=1 -DHAVE_LINUXEVDEV=1 -D_GNU_SOURCE=1 -D_REENTRANT -DHAVE_ICONV_CONST -DICONV_CONST= -Ibuild/src -Isrc -Ibuild -I. -Ibuild/src -Isrc -Ibuild/external/tinygettext -Iexternal/tinygettext src/engine/sound/sound_real.cpp
clang: warning: argument unused during compilation: '-s'
g++ -o build/src/engine/sound/sound_res_mgr.o -c -O2 -s -std=c++0x -isystem/usr/include/libpng12 -isystem/usr/include/SDL -DVERSION="\"0.7.6\"" -DHAVE_OPENGL=1 -DHAVE_LINUXEVDEV=1 -D_GNU_SOURCE=1 -D_REENTRANT -DHAVE_ICONV_CONST -DICONV_CONST= -Ibuild/src -Isrc -Ibuild -I. -Ibuild/src -Isrc -Ibuild/external/tinygettext -Iexternal/tinygettext src/engine/sound/sound_res_mgr.cpp
clang: warning: argument unused during compilation: '-s'
g++ -o build/src/engine/system/sdl_system.o -c -O2 -s -std=c++0x -isystem/usr/include/libpng12 -isystem/usr/include/SDL -DVERSION="\"0.7.6\"" -DHAVE_OPENGL=1 -DHAVE_LINUXEVDEV=1 -D_GNU_SOURCE=1 -D_REENTRANT -DHAVE_ICONV_CONST -DICONV_CONST= -Ibuild/src -Isrc -Ibuild -I. -Ibuild/src -Isrc -Ibuild/external/tinygettext -Iexternal/tinygettext src/engine/system/sdl_system.cpp
clang: warning: argument unused during compilation: '-s'
g++ -o build/src/lisp/getters.o -c -O2 -s -std=c++0x -isystem/usr/include/libpng12 -isystem/usr/include/SDL -DVERSION="\"0.7.6\"" -DHAVE_OPENGL=1 -DHAVE_LINUXEVDEV=1 -D_GNU_SOURCE=1 -D_REENTRANT -DHAVE_ICONV_CONST -DICONV_CONST= -Ibuild/src -Isrc -Ibuild -I. -Ibuild/src -Isrc -Ibuild/external/tinygettext -Iexternal/tinygettext src/lisp/getters.cpp
clang: warning: argument unused during compilation: '-s'
In file included from src/lisp/getters.cpp:2:
src/lisp/getters.hpp:33:15: error: no viable conversion from 'std::shared_ptr<Lisp>' to 'const lisp::Lisp *'
  const Lisp* el = lisp->get_list_elem(1);
              ^    ~~~~~~~~~~~~~~~~~~~~~~
1 error generated.
scons: *** [build/src/lisp/getters.o] Error 1
scons: building terminated because of errors.
make: *** [build-stamp] Error 2
dpkg-buildpackage: error: debian/rules build gave error exit status 2
────────────────────────────────────────────────────────────────────────────────
Build finished at 20120702-1845

Finished
────────

E: Build failure (dpkg-buildpackage died)

┌──────────────────────────────────────────────────────────────────────────────┐
│ Cleanup                                                                      │
└──────────────────────────────────────────────────────────────────────────────┘

Purging /«BUILDDIR»
Not cleaning session: cloned chroot in use

┌──────────────────────────────────────────────────────────────────────────────┐
│ Summary                                                                      │
└──────────────────────────────────────────────────────────────────────────────┘

Architecture: amd64
Build-Space: 35068
Build-Time: 294
Distribution: unstable
Fail-Stage: build
Install-Time: 80
Job: pingus_0.7.6-1.1
Package: pingus
Package-Time: 447
Source-Version: 0.7.6-1.1
Space: 35068
Status: attempted
Version: 0.7.6-1.1
────────────────────────────────────────────────────────────────────────────────
Finished at 20120702-1845
Build needed 00:07:27, 35068k disc space
DC-Status: Failed 450.999798s
DC-Time-Estimation: 450.999798 versus expected 1 (r/m: 449.999798 ; m: 1.0)
