DC-Build-Header: prison 1.0+dfsg-1 / Mon Jul 09 20:38:41 +0000 2012
DC-Task: logfile:/tmp/prison_1.0+dfsg-1_unstable_clang.log version:1.0+dfsg-1 modes:clang chroot:unstable source:prison esttime:59 architecture:any
DC-Sbuild-call: su user -c 'sbuild -n -A -s --force-orig-source --apt-update -d unstable -v  --chroot-setup-commands=/tmp/switch-to-clang prison_1.0+dfsg-1'
sbuild (Debian sbuild) 0.62.5 (13 Jul 2011) on ip-10-28-247-130.ec2.internal

╔══════════════════════════════════════════════════════════════════════════════╗
║ prison 1.0+dfsg-1 (amd64)                                  09 Jul 2012 20:38 ║
╚══════════════════════════════════════════════════════════════════════════════╝

Package: prison
Version: 1.0+dfsg-1
Source Version: 1.0+dfsg-1
Distribution: unstable
Architecture: amd64

I: NOTICE: Log filtering will replace 'build/prison-5_s1ON/prison-1.0+dfsg' with '«PKGBUILDDIR»'
I: NOTICE: Log filtering will replace 'build/prison-5_s1ON' with '«BUILDDIR»'
I: NOTICE: Log filtering will replace 'var/lib/schroot/mount/unstable-amd64-sbuild-752803fd-156a-4761-94aa-b6c03dae5bc4' with '«CHROOT»'

┌──────────────────────────────────────────────────────────────────────────────┐
│ Update chroot                                                                │
└──────────────────────────────────────────────────────────────────────────────┘

Ign http://localhost unstable InRelease
Hit http://localhost unstable Release.gpg
Hit http://localhost unstable Release
Ign http://localhost unstable/main Sources/DiffIndex
Ign http://localhost unstable/main amd64 Packages/DiffIndex
Hit http://localhost unstable/main Translation-en/DiffIndex
Hit http://localhost unstable/main Sources
Hit http://localhost unstable/main amd64 Packages
Reading package lists...
Reading package lists...
Building dependency tree...
Reading state information...
0 upgraded, 0 newly installed, 0 to remove and 0 not upgraded.

┌──────────────────────────────────────────────────────────────────────────────┐
│ Fetch source files                                                           │
└──────────────────────────────────────────────────────────────────────────────┘


Check APT
─────────

Checking available source versions...

Download source files with APT
──────────────────────────────

Reading package lists...
Building dependency tree...
Reading state information...
NOTICE: 'prison' packaging is maintained in the 'Git' version control system at:
git://anonscm.debian.org/pkg-kde/krap/prison.git
Need to get 16.3 kB of source archives.
Get:1 http://localhost/debian/ unstable/main prison 1.0+dfsg-1 (dsc) [2142 B]
Get:2 http://localhost/debian/ unstable/main prison 1.0+dfsg-1 (tar) [10.4 kB]
Get:3 http://localhost/debian/ unstable/main prison 1.0+dfsg-1 (diff) [3752 B]
Fetched 16.3 kB in 0s (77.0 kB/s)
Download complete and in download only mode

Check arch
──────────


┌──────────────────────────────────────────────────────────────────────────────┐
│ Chroot Setup Commands                                                        │
└──────────────────────────────────────────────────────────────────────────────┘


/tmp/switch-to-clang
────────────────────

+ echo 'Entering customization script...'
Entering customization script...
+ apt-get update
Ign http://localhost unstable InRelease
Hit http://localhost unstable Release.gpg
Hit http://localhost unstable Release
Ign http://localhost unstable/main Sources/DiffIndex
Ign http://localhost unstable/main amd64 Packages/DiffIndex
Hit http://localhost unstable/main Translation-en/DiffIndex
Hit http://localhost unstable/main Sources
Hit http://localhost unstable/main amd64 Packages
Reading package lists...
+ echo 'Install of clang'
Install of clang
+ apt-get update
Ign http://localhost unstable InRelease
Hit http://localhost unstable Release.gpg
Hit http://localhost unstable Release
Ign http://localhost unstable/main Sources/DiffIndex
Ign http://localhost unstable/main amd64 Packages/DiffIndex
Hit http://localhost unstable/main Translation-en/DiffIndex
Hit http://localhost unstable/main Sources
Hit http://localhost unstable/main amd64 Packages
Reading package lists...
+ apt-get install --yes --no-install-recommends clang -t unstable
Reading package lists...
Building dependency tree...
Reading state information...
The following extra packages will be installed:
  libclang-common-dev libffi5 libllvm3.1
Recommended packages:
  llvm-3.1-dev python
The following NEW packages will be installed:
  clang libclang-common-dev libffi5 libllvm3.1
0 upgraded, 4 newly installed, 0 to remove and 0 not upgraded.
Need to get 13.1 MB of archives.
After this operation, 35.6 MB of additional disk space will be used.
Get:1 http://localhost/debian/ unstable/main libffi5 amd64 3.0.10-3 [24.8 kB]
Get:2 http://localhost/debian/ unstable/main libllvm3.1 amd64 3.1-2 [7275 kB]
Get:3 http://localhost/debian/ unstable/main libclang-common-dev amd64 3.1-8 [84.3 kB]
Get:4 http://localhost/debian/ unstable/main clang amd64 3.1-8 [5755 kB]
debconf: delaying package configuration, since apt-utils is not installed
Fetched 13.1 MB in 0s (29.7 MB/s)
Selecting previously unselected package libffi5:amd64.
(Reading database ... 11729 files and directories currently installed.)
Unpacking libffi5:amd64 (from .../libffi5_3.0.10-3_amd64.deb) ...
Selecting previously unselected package libllvm3.1:amd64.
Unpacking libllvm3.1:amd64 (from .../libllvm3.1_3.1-2_amd64.deb) ...
Selecting previously unselected package libclang-common-dev.
Unpacking libclang-common-dev (from .../libclang-common-dev_3.1-8_amd64.deb) ...
Selecting previously unselected package clang.
Unpacking clang (from .../archives/clang_3.1-8_amd64.deb) ...
Setting up libffi5:amd64 (3.0.10-3) ...
Setting up libllvm3.1:amd64 (3.1-2) ...
Setting up libclang-common-dev (3.1-8) ...
Setting up clang (3.1-8) ...
+ echo 'Replace gcc, g++ & cpp by clang'
Replace gcc, g++ & cpp by clang
+ VERSION=4.7
+ cd /usr/bin
+ rm g++-4.7 gcc-4.7 cpp-4.7
+ ln -s clang++ g++-4.7
+ ln -s clang gcc-4.7
+ ln -s clang cpp-4.7
+ cd -
/«BUILDDIR»
+ echo 'Block the installation of new gcc version'
Block the installation of new gcc version
+ dpkg --set-selections
+ echo 'gcc-4.6 hold'
+ dpkg --set-selections
+ echo 'cpp-4.6 hold'
+ dpkg --set-selections
+ echo 'g++-4.6 hold'
+ dpkg --set-selections
+ echo 'gcc-4.7 hold'
+ dpkg --set-selections
+ echo 'cpp-4.7 hold'
+ dpkg --set-selections
+ echo 'g++-4.7 hold'
+ echo 'Check if gcc, g++ & cpp are actually clang'
Check if gcc, g++ & cpp are actually clang
+ grep clang
+ gcc --version

I: Finished running '/tmp/switch-to-clang'.

Finished processing commands.
────────────────────────────────────────────────────────────────────────────────
Merged Build-Depends: build-essential, fakeroot
Filtered Build-Depends: build-essential, fakeroot
dpkg-deb: building package `sbuild-build-depends-core-dummy' in `/«BUILDDIR»/resolver-1ohqL4/apt_archive/sbuild-build-depends-core-dummy.deb'.
OK
Reading package lists...

┌──────────────────────────────────────────────────────────────────────────────┐
│ Install core build dependencies (apt-based resolver)                         │
└──────────────────────────────────────────────────────────────────────────────┘

Installing build dependencies
Reading package lists...
Building dependency tree...
Reading state information...
The following NEW packages will be installed:
  sbuild-build-depends-core-dummy
debconf: delaying package configuration, since apt-utils is not installed
0 upgraded, 1 newly installed, 0 to remove and 0 not upgraded.
Need to get 0 B/706 B of archives.
After this operation, 0 B of additional disk space will be used.
Selecting previously unselected package sbuild-build-depends-core-dummy.
(Reading database ... 11809 files and directories currently installed.)
Unpacking sbuild-build-depends-core-dummy (from .../sbuild-build-depends-core-dummy.deb) ...
Setting up sbuild-build-depends-core-dummy (0.invalid.0) ...
Merged Build-Depends: base-files, base-passwd, bash, coreutils, dash, debianutils, diffutils, dpkg, e2fsprogs, findutils, grep, gzip, hostname, ncurses-base, ncurses-bin, perl-base, sed, login, sysvinit-utils, sysvinit, tar, bsdutils, mount, util-linux, libc6-dev | libc-dev, gcc (>= 4:4.4.3), g++ (>= 4:4.4.3), make, dpkg-dev (>= 1.13.5), cmake, debhelper (>= 8.1.3~), libdmtx-dev, libqrencode-dev, libqt4-dev, pkg-kde-tools (>= 0.12)
Filtered Build-Depends: base-files, base-passwd, bash, coreutils, dash, debianutils, diffutils, dpkg, e2fsprogs, findutils, grep, gzip, hostname, ncurses-base, ncurses-bin, perl-base, sed, login, sysvinit-utils, sysvinit, tar, bsdutils, mount, util-linux, libc6-dev, gcc (>= 4:4.4.3), g++ (>= 4:4.4.3), make, dpkg-dev (>= 1.13.5), cmake, debhelper (>= 8.1.3~), libdmtx-dev, libqrencode-dev, libqt4-dev, pkg-kde-tools (>= 0.12)
dpkg-deb: building package `sbuild-build-depends-prison-dummy' in `/«BUILDDIR»/resolver-l4dlfR/apt_archive/sbuild-build-depends-prison-dummy.deb'.
OK
Reading package lists...

┌──────────────────────────────────────────────────────────────────────────────┐
│ Install prison build dependencies (apt-based resolver)                       │
└──────────────────────────────────────────────────────────────────────────────┘

Installing build dependencies
Reading package lists...
Building dependency tree...
Reading state information...
The following extra packages will be installed:
  bsdmainutils cmake cmake-data debhelper emacsen-common file fontconfig
  fontconfig-config gettext gettext-base groff-base html2text intltool-debian
  libarchive12 libasprintf0c2 libaudio2 libcroco3 libcurl3 libcurl3-gnutls
  libdbus-1-3 libdmtx-dev libdmtx0a libexpat1 libfontconfig1 libfreetype6
  libgcrypt11 libgettextpo0 libglib2.0-0 libgnutls26 libgpg-error0
  libgssapi-krb5-2 libice6 libidn11 libjbig0 libjpeg8 libk5crypto3
  libkeyutils1 libkrb5-3 libkrb5support0 liblcms1 libldap-2.4-2 libmagic1
  libmng1 libncursesw5 libnettle4 libp11-kit0 libpcre3 libpipeline1 libpng12-0
  libprocps0 libqrencode-dev libqrencode3 libqt4-dbus libqt4-declarative
  libqt4-designer libqt4-dev libqt4-dev-bin libqt4-help libqt4-network
  libqt4-qt3support libqt4-script libqt4-scripttools libqt4-sql libqt4-svg
  libqt4-test libqt4-xml libqt4-xmlpatterns libqtcore4 libqtgui4 librtmp0
  libsasl2-2 libsm6 libssh2-1 libssl1.0.0 libtasn1-3 libtiff4 libunistring0
  libx11-6 libx11-data libxau6 libxcb1 libxdmcp6 libxext6 libxml2
  libxmlrpc-core-c3 libxrender1 libxt6 man-db pkg-kde-tools po-debconf procps
  qdbus qt4-linguist-tools qt4-qmake ttf-dejavu-core x11-common
Suggested packages:
  wamerican wordlist whois vacation dh-make gettext-doc groff nas rng-tools
  krb5-doc krb5-user liblcms-utils libqt4-declarative-folderlistmodel
  libqt4-declarative-gestures libqt4-declarative-particles
  libqt4-declarative-shaders qt4-qmlviewer firebird-dev libmysqlclient-dev
  libpq-dev libsqlite0-dev libsqlite3-dev qt4-dev-tools qt4-doc unixodbc-dev
  libthai0 libicu48 qt4-qtconfig less www-browser cdbs libmail-box-perl
Recommended packages:
  curl wget lynx-cur autopoint ca-certificates dbus libglib2.0-data
  shared-mime-info krb5-locales libgpm2 libqt4-opengl-dev libqtwebkit-dev
  libqt4-sql-mysql libqt4-sql-odbc libqt4-sql-psql libqt4-sql-sqlite
  libqt4-sql-sqlite2 libqt4-sql-ibase libcups2 libsasl2-modules xml-core
  libwww-perl libmail-sendmail-perl psmisc
The following NEW packages will be installed:
  bsdmainutils cmake cmake-data debhelper emacsen-common file fontconfig
  fontconfig-config gettext gettext-base groff-base html2text intltool-debian
  libarchive12 libasprintf0c2 libaudio2 libcroco3 libcurl3 libcurl3-gnutls
  libdbus-1-3 libdmtx-dev libdmtx0a libexpat1 libfontconfig1 libfreetype6
  libgcrypt11 libgettextpo0 libglib2.0-0 libgnutls26 libgpg-error0
  libgssapi-krb5-2 libice6 libidn11 libjbig0 libjpeg8 libk5crypto3
  libkeyutils1 libkrb5-3 libkrb5support0 liblcms1 libldap-2.4-2 libmagic1
  libmng1 libncursesw5 libnettle4 libp11-kit0 libpcre3 libpipeline1 libpng12-0
  libprocps0 libqrencode-dev libqrencode3 libqt4-dbus libqt4-declarative
  libqt4-designer libqt4-dev libqt4-dev-bin libqt4-help libqt4-network
  libqt4-qt3support libqt4-script libqt4-scripttools libqt4-sql libqt4-svg
  libqt4-test libqt4-xml libqt4-xmlpatterns libqtcore4 libqtgui4 librtmp0
  libsasl2-2 libsm6 libssh2-1 libssl1.0.0 libtasn1-3 libtiff4 libunistring0
  libx11-6 libx11-data libxau6 libxcb1 libxdmcp6 libxext6 libxml2
  libxmlrpc-core-c3 libxrender1 libxt6 man-db pkg-kde-tools po-debconf procps
  qdbus qt4-linguist-tools qt4-qmake sbuild-build-depends-prison-dummy
  ttf-dejavu-core x11-common
0 upgraded, 97 newly installed, 0 to remove and 0 not upgraded.
Need to get 55.6 MB/55.6 MB of archives.
After this operation, 144 MB of additional disk space will be used.
Get:1 http://localhost/debian/ unstable/main libncursesw5 amd64 5.9-10 [141 kB]
Get:2 http://localhost/debian/ unstable/main libpipeline1 amd64 1.2.1-1 [39.2 kB]
Get:3 http://localhost/debian/ unstable/main libprocps0 amd64 1:3.3.3-2 [58.1 kB]
Get:4 http://localhost/debian/ unstable/main libssl1.0.0 amd64 1.0.1c-3 [1211 kB]
Get:5 http://localhost/debian/ unstable/main libasprintf0c2 amd64 0.18.1.1-9 [26.8 kB]
Get:6 http://localhost/debian/ unstable/main libgpg-error0 amd64 1.10-3 [66.8 kB]
Get:7 http://localhost/debian/ unstable/main libgcrypt11 amd64 1.5.0-3 [298 kB]
Get:8 http://localhost/debian/ unstable/main libp11-kit0 amd64 0.12-3 [52.8 kB]
Get:9 http://localhost/debian/ unstable/main libtasn1-3 amd64 2.13-2 [67.7 kB]
Get:10 http://localhost/debian/ unstable/main libgnutls26 amd64 2.12.20-1 [616 kB]
Get:11 http://localhost/debian/ unstable/main libkeyutils1 amd64 1.5.5-3 [8552 B]
Get:12 http://localhost/debian/ unstable/main libkrb5support0 amd64 1.10.1+dfsg-1 [49.0 kB]
Get:13 http://localhost/debian/ unstable/main libk5crypto3 amd64 1.10.1+dfsg-1 [112 kB]
Get:14 http://localhost/debian/ unstable/main libkrb5-3 amd64 1.10.1+dfsg-1 [393 kB]
Get:15 http://localhost/debian/ unstable/main libgssapi-krb5-2 amd64 1.10.1+dfsg-1 [147 kB]
Get:16 http://localhost/debian/ unstable/main libidn11 amd64 1.25-2 [178 kB]
Get:17 http://localhost/debian/ unstable/main libsasl2-2 amd64 2.1.25.dfsg1-4+b1 [120 kB]
Get:18 http://localhost/debian/ unstable/main libldap-2.4-2 amd64 2.4.31-1 [243 kB]
Get:19 http://localhost/debian/ unstable/main libmagic1 amd64 5.11-2 [202 kB]
Get:20 http://localhost/debian/ unstable/main libpcre3 amd64 1:8.30-5 [242 kB]
Get:21 http://localhost/debian/ unstable/main libxml2 amd64 2.8.0+dfsg1-4 [903 kB]
Get:22 http://localhost/debian/ unstable/main libnettle4 amd64 2.4-2 [149 kB]
Get:23 http://localhost/debian/ unstable/main libarchive12 amd64 3.0.4-2 [303 kB]
Get:24 http://localhost/debian/ unstable/main libxau6 amd64 1:1.0.7-1 [18.8 kB]
Get:25 http://localhost/debian/ unstable/main x11-common all 1:7.7+1 [278 kB]
Get:26 http://localhost/debian/ unstable/main libice6 amd64 2:1.0.8-2 [63.1 kB]
Get:27 http://localhost/debian/ unstable/main libsm6 amd64 2:1.2.1-2 [34.2 kB]
Get:28 http://localhost/debian/ unstable/main libxdmcp6 amd64 1:1.1.1-1 [26.3 kB]
Get:29 http://localhost/debian/ unstable/main libxcb1 amd64 1.8.1-1 [50.0 kB]
Get:30 http://localhost/debian/ unstable/main libx11-data all 2:1.5.0-1 [189 kB]
Get:31 http://localhost/debian/ unstable/main libx11-6 amd64 2:1.5.0-1 [901 kB]
Get:32 http://localhost/debian/ unstable/main libxt6 amd64 1:1.1.3-1 [211 kB]
Get:33 http://localhost/debian/ unstable/main libaudio2 amd64 1.9.3-5 [86.4 kB]
Get:34 http://localhost/debian/ unstable/main libglib2.0-0 amd64 2.32.3-1 [2081 kB]
Get:35 http://localhost/debian/ unstable/main libcroco3 amd64 0.6.5-1 [151 kB]
Get:36 http://localhost/debian/ unstable/main librtmp0 amd64 2.4+20111222.git4e06e21-1 [62.3 kB]
Get:37 http://localhost/debian/ unstable/main libssh2-1 amd64 1.4.2-1 [79.0 kB]
Get:38 http://localhost/debian/ unstable/main libcurl3 amd64 7.26.0-1 [330 kB]
Get:39 http://localhost/debian/ unstable/main libcurl3-gnutls amd64 7.26.0-1 [321 kB]
Get:40 http://localhost/debian/ unstable/main libdbus-1-3 amd64 1.6.2-2 [171 kB]
Get:41 http://localhost/debian/ unstable/main libdmtx0a amd64 0.7.2-2+b1 [60.4 kB]
Get:42 http://localhost/debian/ unstable/main libexpat1 amd64 2.1.0-1 [141 kB]
Get:43 http://localhost/debian/ unstable/main libfreetype6 amd64 2.4.9-1 [450 kB]
Get:44 http://localhost/debian/ unstable/main ttf-dejavu-core all 2.33-2 [1552 kB]
Get:45 http://localhost/debian/ unstable/main fontconfig-config all 2.9.0-6 [232 kB]
Get:46 http://localhost/debian/ unstable/main libfontconfig1 amd64 2.9.0-6 [299 kB]
Get:47 http://localhost/debian/ unstable/main libunistring0 amd64 0.9.3-5 [434 kB]
Get:48 http://localhost/debian/ unstable/main libgettextpo0 amd64 0.18.1.1-9 [145 kB]
Get:49 http://localhost/debian/ unstable/main libjpeg8 amd64 8d-1 [134 kB]
Get:50 http://localhost/debian/ unstable/main liblcms1 amd64 1.19.dfsg-1.1 [112 kB]
Get:51 http://localhost/debian/ unstable/main libmng1 amd64 1.0.10-3 [235 kB]
Get:52 http://localhost/debian/ unstable/main libpng12-0 amd64 1.2.49-1 [190 kB]
Get:53 http://localhost/debian/ unstable/main libqrencode3 amd64 3.3.0-2 [36.7 kB]
Get:54 http://localhost/debian/ unstable/main libqtcore4 amd64 4:4.8.2-1 [3194 kB]
Get:55 http://localhost/debian/ unstable/main libqt4-xml amd64 4:4.8.2-1 [150 kB]
Get:56 http://localhost/debian/ unstable/main qdbus amd64 4:4.8.2-1 [73.1 kB]
Get:57 http://localhost/debian/ unstable/main libqt4-dbus amd64 4:4.8.2-1 [261 kB]
Get:58 http://localhost/debian/ unstable/main libqt4-network amd64 4:4.8.2-1 [750 kB]
Get:59 http://localhost/debian/ unstable/main libqt4-script amd64 4:4.8.2-1 [1064 kB]
Get:60 http://localhost/debian/ unstable/main libqt4-sql amd64 4:4.8.2-1 [155 kB]
Get:61 http://localhost/debian/ unstable/main libqt4-xmlpatterns amd64 4:4.8.2-1 [1495 kB]
Get:62 http://localhost/debian/ unstable/main fontconfig amd64 2.9.0-6 [349 kB]
Get:63 http://localhost/debian/ unstable/main libjbig0 amd64 2.0-2 [32.2 kB]
Get:64 http://localhost/debian/ unstable/main libtiff4 amd64 3.9.6-6 [202 kB]
Get:65 http://localhost/debian/ unstable/main libxext6 amd64 2:1.3.1-2 [55.3 kB]
Get:66 http://localhost/debian/ unstable/main libxrender1 amd64 1:0.9.7-1 [32.2 kB]
Get:67 http://localhost/debian/ unstable/main libqtgui4 amd64 4:4.8.2-1 [5204 kB]
Get:68 http://localhost/debian/ unstable/main libqt4-declarative amd64 4:4.8.2-1 [1484 kB]
Get:69 http://localhost/debian/ unstable/main libqt4-designer amd64 4:4.8.2-1 [4310 kB]
Get:70 http://localhost/debian/ unstable/main libqt4-help amd64 4:4.8.2-1 [288 kB]
Get:71 http://localhost/debian/ unstable/main libqt4-qt3support amd64 4:4.8.2-1 [1358 kB]
Get:72 http://localhost/debian/ unstable/main libqt4-scripttools amd64 4:4.8.2-1 [316 kB]
Get:73 http://localhost/debian/ unstable/main libqt4-svg amd64 4:4.8.2-1 [214 kB]
Get:74 http://localhost/debian/ unstable/main libqt4-test amd64 4:4.8.2-1 [111 kB]
Get:75 http://localhost/debian/ unstable/main bsdmainutils amd64 9.0.3 [209 kB]
Get:76 http://localhost/debian/ unstable/main groff-base amd64 1.21-9 [1153 kB]
Get:77 http://localhost/debian/ unstable/main man-db amd64 2.6.2-1 [1061 kB]
Get:78 http://localhost/debian/ unstable/main procps amd64 1:3.3.3-2 [252 kB]
Get:79 http://localhost/debian/ unstable/main file amd64 5.11-2 [51.8 kB]
Get:80 http://localhost/debian/ unstable/main gettext-base amd64 0.18.1.1-9 [154 kB]
Get:81 http://localhost/debian/ unstable/main libxmlrpc-core-c3 amd64 1.16.33-3.1 [181 kB]
Get:82 http://localhost/debian/ unstable/main emacsen-common all 2.0.3 [20.3 kB]
Get:83 http://localhost/debian/ unstable/main cmake-data all 2.8.9~rc1-1 [1359 kB]
Get:84 http://localhost/debian/ unstable/main cmake amd64 2.8.9~rc1-1 [4714 kB]
Get:85 http://localhost/debian/ unstable/main html2text amd64 1.3.2a-15 [103 kB]
Get:86 http://localhost/debian/ unstable/main gettext amd64 0.18.1.1-9 [1975 kB]
Get:87 http://localhost/debian/ unstable/main intltool-debian all 0.35.0+20060710.1 [30.8 kB]
Get:88 http://localhost/debian/ unstable/main po-debconf all 1.0.16+nmu2 [224 kB]
Get:89 http://localhost/debian/ unstable/main debhelper all 9.20120608 [700 kB]
Get:90 http://localhost/debian/ unstable/main libdmtx-dev amd64 0.7.2-2+b1 [230 kB]
Get:91 http://localhost/debian/ unstable/main libqrencode-dev amd64 3.3.0-2 [16.8 kB]
Get:92 http://localhost/debian/ unstable/main libqt4-dev-bin amd64 4:4.8.2-1 [2710 kB]
Get:93 http://localhost/debian/ unstable/main qt4-linguist-tools amd64 4:4.8.2-1 [1122 kB]
Get:94 http://localhost/debian/ unstable/main qt4-qmake amd64 4:4.8.2-1 [1636 kB]
Get:95 http://localhost/debian/ unstable/main libqt4-dev amd64 4:4.8.2-1 [1832 kB]
Get:96 http://localhost/debian/ unstable/main pkg-kde-tools all 0.15.1 [108 kB]
debconf: delaying package configuration, since apt-utils is not installed
Fetched 55.6 MB in 6s (8725 kB/s)
Selecting previously unselected package libncursesw5:amd64.
(Reading database ... 11809 files and directories currently installed.)
Unpacking libncursesw5:amd64 (from .../libncursesw5_5.9-10_amd64.deb) ...
Selecting previously unselected package libpipeline1:amd64.
Unpacking libpipeline1:amd64 (from .../libpipeline1_1.2.1-1_amd64.deb) ...
Selecting previously unselected package libprocps0:amd64.
Unpacking libprocps0:amd64 (from .../libprocps0_1%3a3.3.3-2_amd64.deb) ...
Selecting previously unselected package libssl1.0.0:amd64.
Unpacking libssl1.0.0:amd64 (from .../libssl1.0.0_1.0.1c-3_amd64.deb) ...
Selecting previously unselected package libasprintf0c2:amd64.
Unpacking libasprintf0c2:amd64 (from .../libasprintf0c2_0.18.1.1-9_amd64.deb) ...
Selecting previously unselected package libgpg-error0:amd64.
Unpacking libgpg-error0:amd64 (from .../libgpg-error0_1.10-3_amd64.deb) ...
Selecting previously unselected package libgcrypt11:amd64.
Unpacking libgcrypt11:amd64 (from .../libgcrypt11_1.5.0-3_amd64.deb) ...
Selecting previously unselected package libp11-kit0:amd64.
Unpacking libp11-kit0:amd64 (from .../libp11-kit0_0.12-3_amd64.deb) ...
Selecting previously unselected package libtasn1-3:amd64.
Unpacking libtasn1-3:amd64 (from .../libtasn1-3_2.13-2_amd64.deb) ...
Selecting previously unselected package libgnutls26:amd64.
Unpacking libgnutls26:amd64 (from .../libgnutls26_2.12.20-1_amd64.deb) ...
Selecting previously unselected package libkeyutils1:amd64.
Unpacking libkeyutils1:amd64 (from .../libkeyutils1_1.5.5-3_amd64.deb) ...
Selecting previously unselected package libkrb5support0:amd64.
Unpacking libkrb5support0:amd64 (from .../libkrb5support0_1.10.1+dfsg-1_amd64.deb) ...
Selecting previously unselected package libk5crypto3:amd64.
Unpacking libk5crypto3:amd64 (from .../libk5crypto3_1.10.1+dfsg-1_amd64.deb) ...
Selecting previously unselected package libkrb5-3:amd64.
Unpacking libkrb5-3:amd64 (from .../libkrb5-3_1.10.1+dfsg-1_amd64.deb) ...
Selecting previously unselected package libgssapi-krb5-2:amd64.
Unpacking libgssapi-krb5-2:amd64 (from .../libgssapi-krb5-2_1.10.1+dfsg-1_amd64.deb) ...
Selecting previously unselected package libidn11:amd64.
Unpacking libidn11:amd64 (from .../libidn11_1.25-2_amd64.deb) ...
Selecting previously unselected package libsasl2-2:amd64.
Unpacking libsasl2-2:amd64 (from .../libsasl2-2_2.1.25.dfsg1-4+b1_amd64.deb) ...
Selecting previously unselected package libldap-2.4-2:amd64.
Unpacking libldap-2.4-2:amd64 (from .../libldap-2.4-2_2.4.31-1_amd64.deb) ...
Selecting previously unselected package libmagic1:amd64.
Unpacking libmagic1:amd64 (from .../libmagic1_5.11-2_amd64.deb) ...
Selecting previously unselected package libpcre3:amd64.
Unpacking libpcre3:amd64 (from .../libpcre3_1%3a8.30-5_amd64.deb) ...
Selecting previously unselected package libxml2:amd64.
Unpacking libxml2:amd64 (from .../libxml2_2.8.0+dfsg1-4_amd64.deb) ...
Selecting previously unselected package libnettle4:amd64.
Unpacking libnettle4:amd64 (from .../libnettle4_2.4-2_amd64.deb) ...
Selecting previously unselected package libarchive12:amd64.
Unpacking libarchive12:amd64 (from .../libarchive12_3.0.4-2_amd64.deb) ...
Selecting previously unselected package libxau6:amd64.
Unpacking libxau6:amd64 (from .../libxau6_1%3a1.0.7-1_amd64.deb) ...
Selecting previously unselected package x11-common.
Unpacking x11-common (from .../x11-common_1%3a7.7+1_all.deb) ...
Selecting previously unselected package libice6:amd64.
Unpacking libice6:amd64 (from .../libice6_2%3a1.0.8-2_amd64.deb) ...
Selecting previously unselected package libsm6:amd64.
Unpacking libsm6:amd64 (from .../libsm6_2%3a1.2.1-2_amd64.deb) ...
Selecting previously unselected package libxdmcp6:amd64.
Unpacking libxdmcp6:amd64 (from .../libxdmcp6_1%3a1.1.1-1_amd64.deb) ...
Selecting previously unselected package libxcb1:amd64.
Unpacking libxcb1:amd64 (from .../libxcb1_1.8.1-1_amd64.deb) ...
Selecting previously unselected package libx11-data.
Unpacking libx11-data (from .../libx11-data_2%3a1.5.0-1_all.deb) ...
Selecting previously unselected package libx11-6:amd64.
Unpacking libx11-6:amd64 (from .../libx11-6_2%3a1.5.0-1_amd64.deb) ...
Selecting previously unselected package libxt6:amd64.
Unpacking libxt6:amd64 (from .../libxt6_1%3a1.1.3-1_amd64.deb) ...
Selecting previously unselected package libaudio2:amd64.
Unpacking libaudio2:amd64 (from .../libaudio2_1.9.3-5_amd64.deb) ...
Selecting previously unselected package libglib2.0-0:amd64.
Unpacking libglib2.0-0:amd64 (from .../libglib2.0-0_2.32.3-1_amd64.deb) ...
Selecting previously unselected package libcroco3:amd64.
Unpacking libcroco3:amd64 (from .../libcroco3_0.6.5-1_amd64.deb) ...
Selecting previously unselected package librtmp0:amd64.
Unpacking librtmp0:amd64 (from .../librtmp0_2.4+20111222.git4e06e21-1_amd64.deb) ...
Selecting previously unselected package libssh2-1:amd64.
Unpacking libssh2-1:amd64 (from .../libssh2-1_1.4.2-1_amd64.deb) ...
Selecting previously unselected package libcurl3:amd64.
Unpacking libcurl3:amd64 (from .../libcurl3_7.26.0-1_amd64.deb) ...
Selecting previously unselected package libcurl3-gnutls:amd64.
Unpacking libcurl3-gnutls:amd64 (from .../libcurl3-gnutls_7.26.0-1_amd64.deb) ...
Selecting previously unselected package libdbus-1-3:amd64.
Unpacking libdbus-1-3:amd64 (from .../libdbus-1-3_1.6.2-2_amd64.deb) ...
Selecting previously unselected package libdmtx0a:amd64.
Unpacking libdmtx0a:amd64 (from .../libdmtx0a_0.7.2-2+b1_amd64.deb) ...
Selecting previously unselected package libexpat1:amd64.
Unpacking libexpat1:amd64 (from .../libexpat1_2.1.0-1_amd64.deb) ...
Selecting previously unselected package libfreetype6:amd64.
Unpacking libfreetype6:amd64 (from .../libfreetype6_2.4.9-1_amd64.deb) ...
Selecting previously unselected package ttf-dejavu-core.
Unpacking ttf-dejavu-core (from .../ttf-dejavu-core_2.33-2_all.deb) ...
Selecting previously unselected package fontconfig-config.
Unpacking fontconfig-config (from .../fontconfig-config_2.9.0-6_all.deb) ...
Selecting previously unselected package libfontconfig1:amd64.
Unpacking libfontconfig1:amd64 (from .../libfontconfig1_2.9.0-6_amd64.deb) ...
Selecting previously unselected package libunistring0:amd64.
Unpacking libunistring0:amd64 (from .../libunistring0_0.9.3-5_amd64.deb) ...
Selecting previously unselected package libgettextpo0:amd64.
Unpacking libgettextpo0:amd64 (from .../libgettextpo0_0.18.1.1-9_amd64.deb) ...
Selecting previously unselected package libjpeg8:amd64.
Unpacking libjpeg8:amd64 (from .../libjpeg8_8d-1_amd64.deb) ...
Selecting previously unselected package liblcms1:amd64.
Unpacking liblcms1:amd64 (from .../liblcms1_1.19.dfsg-1.1_amd64.deb) ...
Selecting previously unselected package libmng1:amd64.
Unpacking libmng1:amd64 (from .../libmng1_1.0.10-3_amd64.deb) ...
Selecting previously unselected package libpng12-0:amd64.
Unpacking libpng12-0:amd64 (from .../libpng12-0_1.2.49-1_amd64.deb) ...
Selecting previously unselected package libqrencode3:amd64.
Unpacking libqrencode3:amd64 (from .../libqrencode3_3.3.0-2_amd64.deb) ...
Selecting previously unselected package libqtcore4:amd64.
Unpacking libqtcore4:amd64 (from .../libqtcore4_4%3a4.8.2-1_amd64.deb) ...
Selecting previously unselected package libqt4-xml:amd64.
Unpacking libqt4-xml:amd64 (from .../libqt4-xml_4%3a4.8.2-1_amd64.deb) ...
Selecting previously unselected package qdbus.
Unpacking qdbus (from .../qdbus_4%3a4.8.2-1_amd64.deb) ...
Selecting previously unselected package libqt4-dbus:amd64.
Unpacking libqt4-dbus:amd64 (from .../libqt4-dbus_4%3a4.8.2-1_amd64.deb) ...
Selecting previously unselected package libqt4-network:amd64.
Unpacking libqt4-network:amd64 (from .../libqt4-network_4%3a4.8.2-1_amd64.deb) ...
Selecting previously unselected package libqt4-script:amd64.
Unpacking libqt4-script:amd64 (from .../libqt4-script_4%3a4.8.2-1_amd64.deb) ...
Selecting previously unselected package libqt4-sql:amd64.
Unpacking libqt4-sql:amd64 (from .../libqt4-sql_4%3a4.8.2-1_amd64.deb) ...
Selecting previously unselected package libqt4-xmlpatterns:amd64.
Unpacking libqt4-xmlpatterns:amd64 (from .../libqt4-xmlpatterns_4%3a4.8.2-1_amd64.deb) ...
Selecting previously unselected package fontconfig.
Unpacking fontconfig (from .../fontconfig_2.9.0-6_amd64.deb) ...
Selecting previously unselected package libjbig0:amd64.
Unpacking libjbig0:amd64 (from .../libjbig0_2.0-2_amd64.deb) ...
Selecting previously unselected package libtiff4:amd64.
Unpacking libtiff4:amd64 (from .../libtiff4_3.9.6-6_amd64.deb) ...
Selecting previously unselected package libxext6:amd64.
Unpacking libxext6:amd64 (from .../libxext6_2%3a1.3.1-2_amd64.deb) ...
Selecting previously unselected package libxrender1:amd64.
Unpacking libxrender1:amd64 (from .../libxrender1_1%3a0.9.7-1_amd64.deb) ...
Selecting previously unselected package libqtgui4:amd64.
Unpacking libqtgui4:amd64 (from .../libqtgui4_4%3a4.8.2-1_amd64.deb) ...
Selecting previously unselected package libqt4-declarative:amd64.
Unpacking libqt4-declarative:amd64 (from .../libqt4-declarative_4%3a4.8.2-1_amd64.deb) ...
Selecting previously unselected package libqt4-designer:amd64.
Unpacking libqt4-designer:amd64 (from .../libqt4-designer_4%3a4.8.2-1_amd64.deb) ...
Selecting previously unselected package libqt4-help:amd64.
Unpacking libqt4-help:amd64 (from .../libqt4-help_4%3a4.8.2-1_amd64.deb) ...
Selecting previously unselected package libqt4-qt3support:amd64.
Unpacking libqt4-qt3support:amd64 (from .../libqt4-qt3support_4%3a4.8.2-1_amd64.deb) ...
Selecting previously unselected package libqt4-scripttools:amd64.
Unpacking libqt4-scripttools:amd64 (from .../libqt4-scripttools_4%3a4.8.2-1_amd64.deb) ...
Selecting previously unselected package libqt4-svg:amd64.
Unpacking libqt4-svg:amd64 (from .../libqt4-svg_4%3a4.8.2-1_amd64.deb) ...
Selecting previously unselected package libqt4-test:amd64.
Unpacking libqt4-test:amd64 (from .../libqt4-test_4%3a4.8.2-1_amd64.deb) ...
Selecting previously unselected package bsdmainutils.
Unpacking bsdmainutils (from .../bsdmainutils_9.0.3_amd64.deb) ...
Selecting previously unselected package groff-base.
Unpacking groff-base (from .../groff-base_1.21-9_amd64.deb) ...
Selecting previously unselected package man-db.
Unpacking man-db (from .../man-db_2.6.2-1_amd64.deb) ...
Selecting previously unselected package procps.
Unpacking procps (from .../procps_1%3a3.3.3-2_amd64.deb) ...
Selecting previously unselected package file.
Unpacking file (from .../archives/file_5.11-2_amd64.deb) ...
Selecting previously unselected package gettext-base.
Unpacking gettext-base (from .../gettext-base_0.18.1.1-9_amd64.deb) ...
Selecting previously unselected package libxmlrpc-core-c3.
Unpacking libxmlrpc-core-c3 (from .../libxmlrpc-core-c3_1.16.33-3.1_amd64.deb) ...
Selecting previously unselected package emacsen-common.
Unpacking emacsen-common (from .../emacsen-common_2.0.3_all.deb) ...
Selecting previously unselected package cmake-data.
Unpacking cmake-data (from .../cmake-data_2.8.9~rc1-1_all.deb) ...
Selecting previously unselected package cmake.
Unpacking cmake (from .../cmake_2.8.9~rc1-1_amd64.deb) ...
Selecting previously unselected package html2text.
Unpacking html2text (from .../html2text_1.3.2a-15_amd64.deb) ...
Selecting previously unselected package gettext.
Unpacking gettext (from .../gettext_0.18.1.1-9_amd64.deb) ...
Selecting previously unselected package intltool-debian.
Unpacking intltool-debian (from .../intltool-debian_0.35.0+20060710.1_all.deb) ...
Selecting previously unselected package po-debconf.
Unpacking po-debconf (from .../po-debconf_1.0.16+nmu2_all.deb) ...
Selecting previously unselected package debhelper.
Unpacking debhelper (from .../debhelper_9.20120608_all.deb) ...
Selecting previously unselected package libdmtx-dev:amd64.
Unpacking libdmtx-dev:amd64 (from .../libdmtx-dev_0.7.2-2+b1_amd64.deb) ...
Selecting previously unselected package libqrencode-dev.
Unpacking libqrencode-dev (from .../libqrencode-dev_3.3.0-2_amd64.deb) ...
Selecting previously unselected package libqt4-dev-bin.
Unpacking libqt4-dev-bin (from .../libqt4-dev-bin_4%3a4.8.2-1_amd64.deb) ...
Selecting previously unselected package qt4-linguist-tools.
Unpacking qt4-linguist-tools (from .../qt4-linguist-tools_4%3a4.8.2-1_amd64.deb) ...
Selecting previously unselected package qt4-qmake.
Unpacking qt4-qmake (from .../qt4-qmake_4%3a4.8.2-1_amd64.deb) ...
Selecting previously unselected package libqt4-dev.
Unpacking libqt4-dev (from .../libqt4-dev_4%3a4.8.2-1_amd64.deb) ...
Selecting previously unselected package pkg-kde-tools.
Unpacking pkg-kde-tools (from .../pkg-kde-tools_0.15.1_all.deb) ...
Selecting previously unselected package sbuild-build-depends-prison-dummy.
Unpacking sbuild-build-depends-prison-dummy (from .../sbuild-build-depends-prison-dummy.deb) ...
Setting up libncursesw5:amd64 (5.9-10) ...
Setting up libpipeline1:amd64 (1.2.1-1) ...
Setting up libprocps0:amd64 (1:3.3.3-2) ...
Setting up libssl1.0.0:amd64 (1.0.1c-3) ...
Setting up libasprintf0c2:amd64 (0.18.1.1-9) ...
Setting up libgpg-error0:amd64 (1.10-3) ...
Setting up libgcrypt11:amd64 (1.5.0-3) ...
Setting up libp11-kit0:amd64 (0.12-3) ...
Setting up libtasn1-3:amd64 (2.13-2) ...
Setting up libgnutls26:amd64 (2.12.20-1) ...
Setting up libkeyutils1:amd64 (1.5.5-3) ...
Setting up libkrb5support0:amd64 (1.10.1+dfsg-1) ...
Setting up libk5crypto3:amd64 (1.10.1+dfsg-1) ...
Setting up libkrb5-3:amd64 (1.10.1+dfsg-1) ...
Setting up libgssapi-krb5-2:amd64 (1.10.1+dfsg-1) ...
Setting up libidn11:amd64 (1.25-2) ...
Setting up libsasl2-2:amd64 (2.1.25.dfsg1-4+b1) ...
Setting up libldap-2.4-2:amd64 (2.4.31-1) ...
Setting up libmagic1:amd64 (5.11-2) ...
Setting up libpcre3:amd64 (1:8.30-5) ...
Setting up libxml2:amd64 (2.8.0+dfsg1-4) ...
Setting up libnettle4:amd64 (2.4-2) ...
Setting up libarchive12:amd64 (3.0.4-2) ...
Setting up libxau6:amd64 (1:1.0.7-1) ...
Setting up x11-common (1:7.7+1) ...
All runlevel operations denied by policy
invoke-rc.d: policy-rc.d denied execution of start.
Setting up libice6:amd64 (2:1.0.8-2) ...
Setting up libsm6:amd64 (2:1.2.1-2) ...
Setting up libxdmcp6:amd64 (1:1.1.1-1) ...
Setting up libxcb1:amd64 (1.8.1-1) ...
Setting up libx11-data (2:1.5.0-1) ...
Setting up libx11-6:amd64 (2:1.5.0-1) ...
Setting up libxt6:amd64 (1:1.1.3-1) ...
Setting up libaudio2:amd64 (1.9.3-5) ...
Setting up libglib2.0-0:amd64 (2.32.3-1) ...
No schema files found: doing nothing.
Setting up libcroco3:amd64 (0.6.5-1) ...
Setting up librtmp0:amd64 (2.4+20111222.git4e06e21-1) ...
Setting up libssh2-1:amd64 (1.4.2-1) ...
Setting up libcurl3:amd64 (7.26.0-1) ...
Setting up libcurl3-gnutls:amd64 (7.26.0-1) ...
Setting up libdbus-1-3:amd64 (1.6.2-2) ...
Setting up libdmtx0a:amd64 (0.7.2-2+b1) ...
Setting up libexpat1:amd64 (2.1.0-1) ...
Setting up libfreetype6:amd64 (2.4.9-1) ...
Setting up ttf-dejavu-core (2.33-2) ...
Setting up fontconfig-config (2.9.0-6) ...
Setting up libfontconfig1:amd64 (2.9.0-6) ...
Setting up libunistring0:amd64 (0.9.3-5) ...
Setting up libgettextpo0:amd64 (0.18.1.1-9) ...
Setting up libjpeg8:amd64 (8d-1) ...
Setting up liblcms1:amd64 (1.19.dfsg-1.1) ...
Setting up libmng1:amd64 (1.0.10-3) ...
Setting up libpng12-0:amd64 (1.2.49-1) ...
Setting up libqrencode3:amd64 (3.3.0-2) ...
Setting up libqtcore4:amd64 (4:4.8.2-1) ...
Setting up libqt4-xml:amd64 (4:4.8.2-1) ...
Setting up libqt4-sql:amd64 (4:4.8.2-1) ...
Setting up fontconfig (2.9.0-6) ...
Cleaning up old fontconfig caches... done.
Regenerating fonts cache... done.
Setting up libjbig0:amd64 (2.0-2) ...
Setting up libtiff4:amd64 (3.9.6-6) ...
Setting up libxext6:amd64 (2:1.3.1-2) ...
Setting up libxrender1:amd64 (1:0.9.7-1) ...
Setting up libqtgui4:amd64 (4:4.8.2-1) ...
Setting up libqt4-svg:amd64 (4:4.8.2-1) ...
Setting up libqt4-test:amd64 (4:4.8.2-1) ...
Setting up bsdmainutils (9.0.3) ...
update-alternatives: using /usr/bin/bsd-write to provide /usr/bin/write (write) in auto mode
update-alternatives: using /usr/bin/bsd-from to provide /usr/bin/from (from) in auto mode
Setting up groff-base (1.21-9) ...
Setting up man-db (2.6.2-1) ...
Building database of manual pages ...
Setting up procps (1:3.3.3-2) ...
update-alternatives: using /usr/bin/w.procps to provide /usr/bin/w (w) in auto mode
All runlevel operations denied by policy
invoke-rc.d: policy-rc.d denied execution of start.
Setting up file (5.11-2) ...
Setting up gettext-base (0.18.1.1-9) ...
Setting up libxmlrpc-core-c3 (1.16.33-3.1) ...
Setting up emacsen-common (2.0.3) ...
Setting up cmake-data (2.8.9~rc1-1) ...
Install emacsen-common for emacs
Install cmake-data for emacs
Setting up cmake (2.8.9~rc1-1) ...
Setting up html2text (1.3.2a-15) ...
Setting up gettext (0.18.1.1-9) ...
Setting up intltool-debian (0.35.0+20060710.1) ...
Setting up po-debconf (1.0.16+nmu2) ...
Setting up debhelper (9.20120608) ...
Setting up libdmtx-dev:amd64 (0.7.2-2+b1) ...
Setting up libqrencode-dev (3.3.0-2) ...
Setting up qt4-linguist-tools (4:4.8.2-1) ...
update-alternatives: using /usr/bin/lupdate-qt4 to provide /usr/bin/lupdate (lupdate) in auto mode
update-alternatives: using /usr/bin/lrelease-qt4 to provide /usr/bin/lrelease (lrelease) in auto mode
Setting up qt4-qmake (4:4.8.2-1) ...
update-alternatives: using /usr/bin/qmake-qt4 to provide /usr/bin/qmake (qmake) in auto mode
Setting up pkg-kde-tools (0.15.1) ...
Setting up qdbus (4:4.8.2-1) ...
Setting up libqt4-dbus:amd64 (4:4.8.2-1) ...
Setting up libqt4-network:amd64 (4:4.8.2-1) ...
Setting up libqt4-script:amd64 (4:4.8.2-1) ...
Setting up libqt4-xmlpatterns:amd64 (4:4.8.2-1) ...
Setting up libqt4-declarative:amd64 (4:4.8.2-1) ...
Setting up libqt4-designer:amd64 (4:4.8.2-1) ...
Setting up libqt4-help:amd64 (4:4.8.2-1) ...
Setting up libqt4-qt3support:amd64 (4:4.8.2-1) ...
Setting up libqt4-scripttools:amd64 (4:4.8.2-1) ...
Setting up libqt4-dev-bin (4:4.8.2-1) ...
update-alternatives: using /usr/bin/moc-qt4 to provide /usr/bin/moc (moc) in auto mode
update-alternatives: using /usr/bin/uic-qt4 to provide /usr/bin/uic (uic) in auto mode
update-alternatives: warning: skip creation of /usr/share/man/man1/uic.1.gz because associated file /usr/share/man/man1/uic-qt4.1.gz (of link group uic) doesn't exist
Setting up libqt4-dev (4:4.8.2-1) ...
Setting up sbuild-build-depends-prison-dummy (0.invalid.0) ...

┌──────────────────────────────────────────────────────────────────────────────┐
│ Build environment                                                            │
└──────────────────────────────────────────────────────────────────────────────┘

Kernel: Linux 2.6.32-5-xen-amd64 amd64 (x86_64)
Toolchain package versions: binutils_2.22-7 dpkg-dev_1.16.7 g++-4.6_4.6.3-8 g++-4.7_4.7.1-3 gcc-4.6_4.6.3-8 gcc-4.7_4.7.1-3 libc6-dev_2.13-34 libstdc++6_4.7.1-3 libstdc++6-4.6-dev_4.6.3-8 libstdc++6-4.7-dev_4.7.1-3 linux-libc-dev_3.2.21-3
Package versions: apt_0.9.7.1 base-files_6.11 base-passwd_3.5.26 bash_4.2-3 binutils_2.22-7 bsdmainutils_9.0.3 bsdutils_1:2.20.1-5.1 build-essential_11.5 bzip2_1.0.6-3 clang_3.1-8 cmake_2.8.9~rc1-1 cmake-data_2.8.9~rc1-1 coreutils_8.13-3.2 cpp_4:4.7.1-1 cpp-4.6_4.6.3-8 cpp-4.7_4.7.1-3 dash_0.5.7-3 debconf_1.5.45 debconf-i18n_1.5.45 debfoster_2.7-1.1 debhelper_9.20120608 debian-archive-keyring_2012.4 debianutils_4.3.2 diffutils_1:3.2-6 dpkg_1.16.7 dpkg-dev_1.16.7 e2fslibs_1.42.4-3 e2fsprogs_1.42.4-3 emacsen-common_2.0.3 fakeroot_1.18.4-2 file_5.11-2 findutils_4.4.2-4 fontconfig_2.9.0-6 fontconfig-config_2.9.0-6 g++_4:4.7.1-1 g++-4.6_4.6.3-8 g++-4.7_4.7.1-3 gcc_4:4.7.1-1 gcc-4.4-base_4.4.7-1 gcc-4.5-base_4.5.4-1 gcc-4.6_4.6.3-8 gcc-4.6-base_4.6.3-8 gcc-4.7_4.7.1-3 gcc-4.7-base_4.7.1-3 gettext_0.18.1.1-9 gettext-base_0.18.1.1-9 gnupg_1.4.12-4+b1 gpgv_1.4.12-4+b1 grep_2.12-2 groff-base_1.21-9 gzip_1.5-1.1 hostname_3.11 html2text_1.3.2a-15 initscripts_2.88dsf-28 insserv_1.14.0-4 intltool-debian_0.35.0+20060710.1 libacl1_2.2.51-8 libapt-pkg4.12_0.9.7.1 libarchive12_3.0.4-2 libasprintf0c2_0.18.1.1-9 libattr1_1:2.4.46-8 libaudio2_1.9.3-5 libblkid1_2.20.1-5.1 libbz2-1.0_1.0.6-3 libc-bin_2.13-34 libc-dev-bin_2.13-34 libc6_2.13-34 libc6-dev_2.13-34 libclang-common-dev_3.1-8 libclass-isa-perl_0.36-3 libcomerr2_1.42.4-3 libcroco3_0.6.5-1 libcurl3_7.26.0-1 libcurl3-gnutls_7.26.0-1 libdb5.1_5.1.29-5 libdbus-1-3_1.6.2-2 libdmtx-dev_0.7.2-2+b1 libdmtx0a_0.7.2-2+b1 libdpkg-perl_1.16.7 libexpat1_2.1.0-1 libffi5_3.0.10-3 libfile-fcntllock-perl_0.14-2 libfontconfig1_2.9.0-6 libfreetype6_2.4.9-1 libgc1c2_1:7.1-8 libgcc1_1:4.7.1-3 libgcrypt11_1.5.0-3 libgdbm3_1.8.3-11 libgettextpo0_0.18.1.1-9 libglib2.0-0_2.32.3-1 libgmp10_2:5.0.5+dfsg-2 libgnutls26_2.12.20-1 libgomp1_4.7.1-3 libgpg-error0_1.10-3 libgssapi-krb5-2_1.10.1+dfsg-1 libice6_2:1.0.8-2 libidn11_1.25-2 libitm1_4.7.1-3 libjbig0_2.0-2 libjpeg8_8d-1 libk5crypto3_1.10.1+dfsg-1 libkeyutils1_1.5.5-3 libkrb5-3_1.10.1+dfsg-1 libkrb5support0_1.10.1+dfsg-1 liblcms1_1.19.dfsg-1.1 libldap-2.4-2_2.4.31-1 libllvm3.1_3.1-2 liblocale-gettext-perl_1.05-7+b1 liblzma5_5.1.1alpha+20120614-1 libmagic1_5.11-2 libmng1_1.0.10-3 libmount1_2.20.1-5.1 libmpc2_0.9-4 libmpfr4_3.1.0-5 libncurses5_5.9-10 libncursesw5_5.9-10 libnettle4_2.4-2 libp11-kit0_0.12-3 libpam-modules_1.1.3-7.1 libpam-modules-bin_1.1.3-7.1 libpam-runtime_1.1.3-7.1 libpam0g_1.1.3-7.1 libpcre3_1:8.30-5 libpipeline1_1.2.1-1 libpng12-0_1.2.49-1 libprocps0_1:3.3.3-2 libqrencode-dev_3.3.0-2 libqrencode3_3.3.0-2 libqt4-dbus_4:4.8.2-1 libqt4-declarative_4:4.8.2-1 libqt4-designer_4:4.8.2-1 libqt4-dev_4:4.8.2-1 libqt4-dev-bin_4:4.8.2-1 libqt4-help_4:4.8.2-1 libqt4-network_4:4.8.2-1 libqt4-qt3support_4:4.8.2-1 libqt4-script_4:4.8.2-1 libqt4-scripttools_4:4.8.2-1 libqt4-sql_4:4.8.2-1 libqt4-svg_4:4.8.2-1 libqt4-test_4:4.8.2-1 libqt4-xml_4:4.8.2-1 libqt4-xmlpatterns_4:4.8.2-1 libqtcore4_4:4.8.2-1 libqtgui4_4:4.8.2-1 libquadmath0_4.7.1-3 libreadline6_6.2-8 librtmp0_2.4+20111222.git4e06e21-1 libsasl2-2_2.1.25.dfsg1-4+b1 libselinux1_2.1.9-5 libsemanage-common_2.1.6-6 libsemanage1_2.1.6-6 libsepol1_2.1.4-3 libslang2_2.2.4-15 libsm6_2:1.2.1-2 libss2_1.42.4-3 libssh2-1_1.4.2-1 libssl1.0.0_1.0.1c-3 libstdc++6_4.7.1-3 libstdc++6-4.6-dev_4.6.3-8 libstdc++6-4.7-dev_4.7.1-3 libswitch-perl_2.16-2 libtasn1-3_2.13-2 libtext-charwidth-perl_0.04-7+b1 libtext-iconv-perl_1.7-5 libtext-wrapi18n-perl_0.06-7 libtiff4_3.9.6-6 libtimedate-perl_1.2000-1 libtinfo5_5.9-10 libunistring0_0.9.3-5 libusb-0.1-4_2:0.1.12-23 libustr-1.0-1_1.0.4-3 libuuid1_2.20.1-5.1 libx11-6_2:1.5.0-1 libx11-data_2:1.5.0-1 libxau6_1:1.0.7-1 libxcb1_1.8.1-1 libxdmcp6_1:1.1.1-1 libxext6_2:1.3.1-2 libxml2_2.8.0+dfsg1-4 libxmlrpc-core-c3_1.16.33-3.1 libxrender1_1:0.9.7-1 libxt6_1:1.1.3-1 linux-libc-dev_3.2.21-3 login_1:4.1.5.1-1 lsb-base_4.1+Debian7 make_3.81-8.2 man-db_2.6.2-1 mawk_1.3.3-17 mount_2.20.1-5.1 multiarch-support_2.13-34 ncurses-base_5.9-10 ncurses-bin_5.9-10 passwd_1:4.1.5.1-1 patch_2.6.1-3 perl_5.14.2-12 perl-base_5.14.2-12 perl-modules_5.14.2-12 pkg-kde-tools_0.15.1 po-debconf_1.0.16+nmu2 procps_1:3.3.3-2 qdbus_4:4.8.2-1 qt4-linguist-tools_4:4.8.2-1 qt4-qmake_4:4.8.2-1 readline-common_6.2-8 sbuild-build-depends-core-dummy_0.invalid.0 sbuild-build-depends-prison-dummy_0.invalid.0 sed_4.2.1-10 sensible-utils_0.0.7 sysv-rc_2.88dsf-28 sysvinit_2.88dsf-28 sysvinit-utils_2.88dsf-28 tar_1.26-4 ttf-dejavu-core_2.33-2 tzdata_2012c-1 ucf_3.0025+nmu3 util-linux_2.20.1-5.1 x11-common_1:7.7+1 xz-utils_5.1.1alpha+20120614-1 zlib1g_1:1.2.7.dfsg-13

┌──────────────────────────────────────────────────────────────────────────────┐
│ Build                                                                        │
└──────────────────────────────────────────────────────────────────────────────┘


Unpack source
─────────────

gpgv: keyblock resource `/sbuild-nonexistent/.gnupg/trustedkeys.gpg': file open error
gpgv: Signature made Sun Dec  4 12:55:57 2011 UTC using RSA key ID 6286A7D0
gpgv: Can't check signature: public key not found
dpkg-source: warning: failed to verify signature on ./prison_1.0+dfsg-1.dsc
dpkg-source: info: extracting prison in prison-1.0+dfsg
dpkg-source: info: unpacking prison_1.0+dfsg.orig.tar.gz
dpkg-source: info: unpacking prison_1.0+dfsg-1.debian.tar.gz

Check disc space
────────────────

Sufficient free space for build

User Environment
────────────────

HOME=/sbuild-nonexistent
LOGNAME=root
PATH=/usr/local/sbin:/usr/local/bin:/usr/sbin:/usr/bin:/sbin:/bin:/usr/bin/X11
SCHROOT_CHROOT_NAME=unstable-amd64-sbuild
SCHROOT_COMMAND=env
SCHROOT_GID=0
SCHROOT_GROUP=root
SCHROOT_SESSION_ID=unstable-amd64-sbuild-752803fd-156a-4761-94aa-b6c03dae5bc4
SCHROOT_UID=0
SCHROOT_USER=root
SHELL=/bin/sh
USER=root

dpkg-buildpackage
─────────────────

dpkg-buildpackage: warning: using a gain-root-command while being root
dpkg-buildpackage: source package prison
dpkg-buildpackage: source version 1.0+dfsg-1
dpkg-buildpackage: source changed by Debian Krap Maintainers <debian-qt-kde@lists.debian.org>
 dpkg-source --before-build prison-1.0+dfsg
dpkg-buildpackage: host architecture amd64
 fakeroot debian/rules clean
/usr/share/pkg-kde-tools/qt-kde-team/2/dhmk.pl --with=kde,pkgkde-symbolshelper 
dpkg-buildflags --export=make > debian/dhmk_env.mk
/usr/bin/make -f debian/rules dhmk_run_clean_commands DHMK_TARGET="clean"
make[1]: Entering directory `/«BUILDDIR»/prison-1.0+dfsg'
dh_testdir  
dh_auto_clean '--buildsystem=kde' --parallel  
dh_clean  
rm -rf debian/man/out
rmdir debian/man
rmdir: failed to remove `debian/man': No such file or directory
make[1]: [cleanup_manpages] Error 1 (ignored)
rm -f debian/stamp-man-pages
rm -f debian/dhmk-install-list debian/dhmk-package-list
make[1]: Leaving directory `/«BUILDDIR»/prison-1.0+dfsg'
rm -f debian/dhmk_rules.mk debian/dhmk_env.mk debian/dhmk_configure debian/dhmk_build-indep debian/dhmk_build-arch debian/dhmk_build
# "clean" target is done
-- SUCCESS making standard target 'clean'.
 dpkg-source -b prison-1.0+dfsg
dpkg-source: info: using source format `3.0 (quilt)'
dpkg-source: info: building prison using existing ./prison_1.0+dfsg.orig.tar.gz
dpkg-source: info: building prison in prison_1.0+dfsg-1.debian.tar.gz
dpkg-source: info: building prison in prison_1.0+dfsg-1.dsc
 debian/rules build
/usr/share/pkg-kde-tools/qt-kde-team/2/dhmk.pl --with=kde,pkgkde-symbolshelper 
dpkg-buildflags --export=make > debian/dhmk_env.mk
/usr/bin/make -f debian/rules dhmk_run_configure_commands DHMK_TARGET="configure"
make[1]: Entering directory `/«BUILDDIR»/prison-1.0+dfsg'
dh_testdir  
# Running override target (override_dh_auto_configure)
test -z "`ls debian/*.debhelper.log 2>/dev/null`" || sed -i '/^override_dh_auto_configure[[:space:]]/d' debian/*.debhelper.log
/usr/bin/make -f debian/rules override_dh_auto_configure DH_INTERNAL_OVERRIDE="dh_auto_configure"  
make[2]: Entering directory `/«BUILDDIR»/prison-1.0+dfsg'
dh_auto_configure '--buildsystem=kde' --parallel "-u-DCMAKE_USE_RELATIVE_PATHS=ON"  -- -DLIB_SUFFIX="/x86_64-linux-gnu"
-- The C compiler identification is Clang 3.1.0
-- The CXX compiler identification is Clang 3.1.0
-- Check for working C compiler: /usr/bin/gcc
-- Check for working C compiler: /usr/bin/gcc -- works
-- Detecting C compiler ABI info
-- Detecting C compiler ABI info - done
-- Check for working CXX compiler: /usr/bin/c++
-- Check for working CXX compiler: /usr/bin/c++ -- works
-- Detecting CXX compiler ABI info
-- Detecting CXX compiler ABI info - done
-- Looking for Q_WS_X11
-- Looking for Q_WS_X11 - found
-- Looking for Q_WS_WIN
-- Looking for Q_WS_WIN - not found.
-- Looking for Q_WS_QWS
-- Looking for Q_WS_QWS - not found.
-- Looking for Q_WS_MAC
-- Looking for Q_WS_MAC - not found.
-- Found Qt4: /usr/bin/qmake (found version "4.8.2") 
-- Found Qt4: /usr/bin/qmake (found version "4.8.2") 
-- Configuring done
-- Generating done
-- Build files have been written to: /«BUILDDIR»/prison-1.0+dfsg/obj-x86_64-linux-gnu
make[2]: Leaving directory `/«BUILDDIR»/prison-1.0+dfsg'
make[1]: Leaving directory `/«BUILDDIR»/prison-1.0+dfsg'
touch debian/dhmk_configure
# "configure" target is done
/usr/bin/make -f debian/rules dhmk_run_build_commands DHMK_TARGET="build"
make[1]: Entering directory `/«BUILDDIR»/prison-1.0+dfsg'
dh_testdir  
dh_auto_build '--buildsystem=kde' --parallel  
make[2]: Entering directory `/«BUILDDIR»/prison-1.0+dfsg/obj-x86_64-linux-gnu'
/usr/bin/cmake -H/«BUILDDIR»/prison-1.0+dfsg -B/«BUILDDIR»/prison-1.0+dfsg/obj-x86_64-linux-gnu --check-build-system CMakeFiles/Makefile.cmake 0
/usr/bin/cmake -E cmake_progress_start /«BUILDDIR»/prison-1.0+dfsg/obj-x86_64-linux-gnu/CMakeFiles /«BUILDDIR»/prison-1.0+dfsg/obj-x86_64-linux-gnu/CMakeFiles/progress.marks
make -f CMakeFiles/Makefile2 all
make[3]: Entering directory `/«BUILDDIR»/prison-1.0+dfsg/obj-x86_64-linux-gnu'
make -f lib/prison/CMakeFiles/prison.dir/build.make lib/prison/CMakeFiles/prison.dir/depend
make[4]: Entering directory `/«BUILDDIR»/prison-1.0+dfsg/obj-x86_64-linux-gnu'
cd /«BUILDDIR»/prison-1.0+dfsg/obj-x86_64-linux-gnu && /usr/bin/cmake -E cmake_depends "Unix Makefiles" /«BUILDDIR»/prison-1.0+dfsg /«BUILDDIR»/prison-1.0+dfsg/lib/prison /«BUILDDIR»/prison-1.0+dfsg/obj-x86_64-linux-gnu /«BUILDDIR»/prison-1.0+dfsg/obj-x86_64-linux-gnu/lib/prison /«BUILDDIR»/prison-1.0+dfsg/obj-x86_64-linux-gnu/lib/prison/CMakeFiles/prison.dir/DependInfo.cmake --color=
Scanning dependencies of target prison
make[4]: Leaving directory `/«BUILDDIR»/prison-1.0+dfsg/obj-x86_64-linux-gnu'
make -f lib/prison/CMakeFiles/prison.dir/build.make lib/prison/CMakeFiles/prison.dir/build
make[4]: Entering directory `/«BUILDDIR»/prison-1.0+dfsg/obj-x86_64-linux-gnu'
/usr/bin/cmake -E cmake_progress_report /«BUILDDIR»/prison-1.0+dfsg/obj-x86_64-linux-gnu/CMakeFiles 1
[ 11%] Building CXX object lib/prison/CMakeFiles/prison.dir/abstractbarcode.cpp.o
cd lib/prison && /usr/bin/c++   -DBUILDING_PRISON -g -O2 -fstack-protector --param=ssp-buffer-size=4 -Wformat -Werror=format-security -D_FORTIFY_SOURCE=2 -fvisibility=hidden -fvisibility-inlines-hidden  -fPIC -I/usr/include/qt4/QtDesigner -I/usr/include/qt4/QtDeclarative -I/usr/include/qt4/QtScriptTools -I/usr/include/qt4/QtDBus -I/usr/include/qt4/QtXml -I/usr/include/qt4/QtSql -I/usr/include/qt4/QtNetwork -I/usr/include/qt4/QtXmlPatterns -I/usr/include/qt4/QtHelp -I/usr/include/qt4/QtUiTools -I/usr/include/qt4/QtTest -I/usr/include/qt4/QtScript -I/usr/include/qt4/QtSvg -I/usr/include/qt4/Qt3Support -I/usr/include/qt4/QtGui -I/usr/include/qt4/QtCore -I/usr/share/qt4/mkspecs/default -I/usr/include/qt4 -I../.. -I../../../lib    -o CMakeFiles/prison.dir/abstractbarcode.cpp.o -c ../../../lib/prison/abstractbarcode.cpp
clang: warning: argument unused during compilation: '--param ssp-buffer-size=4'
/usr/bin/cmake -E cmake_progress_report /«BUILDDIR»/prison-1.0+dfsg/obj-x86_64-linux-gnu/CMakeFiles 2
[ 22%] Building CXX object lib/prison/CMakeFiles/prison.dir/barcodewidget.cpp.o
cd lib/prison && /usr/bin/c++   -DBUILDING_PRISON -g -O2 -fstack-protector --param=ssp-buffer-size=4 -Wformat -Werror=format-security -D_FORTIFY_SOURCE=2 -fvisibility=hidden -fvisibility-inlines-hidden  -fPIC -I/usr/include/qt4/QtDesigner -I/usr/include/qt4/QtDeclarative -I/usr/include/qt4/QtScriptTools -I/usr/include/qt4/QtDBus -I/usr/include/qt4/QtXml -I/usr/include/qt4/QtSql -I/usr/include/qt4/QtNetwork -I/usr/include/qt4/QtXmlPatterns -I/usr/include/qt4/QtHelp -I/usr/include/qt4/QtUiTools -I/usr/include/qt4/QtTest -I/usr/include/qt4/QtScript -I/usr/include/qt4/QtSvg -I/usr/include/qt4/Qt3Support -I/usr/include/qt4/QtGui -I/usr/include/qt4/QtCore -I/usr/share/qt4/mkspecs/default -I/usr/include/qt4 -I../.. -I../../../lib    -o CMakeFiles/prison.dir/barcodewidget.cpp.o -c ../../../lib/prison/barcodewidget.cpp
clang: warning: argument unused during compilation: '--param ssp-buffer-size=4'
/usr/bin/cmake -E cmake_progress_report /«BUILDDIR»/prison-1.0+dfsg/obj-x86_64-linux-gnu/CMakeFiles 3
[ 33%] Building CXX object lib/prison/CMakeFiles/prison.dir/barcodeitem.cpp.o
cd lib/prison && /usr/bin/c++   -DBUILDING_PRISON -g -O2 -fstack-protector --param=ssp-buffer-size=4 -Wformat -Werror=format-security -D_FORTIFY_SOURCE=2 -fvisibility=hidden -fvisibility-inlines-hidden  -fPIC -I/usr/include/qt4/QtDesigner -I/usr/include/qt4/QtDeclarative -I/usr/include/qt4/QtScriptTools -I/usr/include/qt4/QtDBus -I/usr/include/qt4/QtXml -I/usr/include/qt4/QtSql -I/usr/include/qt4/QtNetwork -I/usr/include/qt4/QtXmlPatterns -I/usr/include/qt4/QtHelp -I/usr/include/qt4/QtUiTools -I/usr/include/qt4/QtTest -I/usr/include/qt4/QtScript -I/usr/include/qt4/QtSvg -I/usr/include/qt4/Qt3Support -I/usr/include/qt4/QtGui -I/usr/include/qt4/QtCore -I/usr/share/qt4/mkspecs/default -I/usr/include/qt4 -I../.. -I../../../lib    -o CMakeFiles/prison.dir/barcodeitem.cpp.o -c ../../../lib/prison/barcodeitem.cpp
clang: warning: argument unused during compilation: '--param ssp-buffer-size=4'
/usr/bin/cmake -E cmake_progress_report /«BUILDDIR»/prison-1.0+dfsg/obj-x86_64-linux-gnu/CMakeFiles 4
[ 44%] Building CXX object lib/prison/CMakeFiles/prison.dir/datamatrixbarcode.cpp.o
cd lib/prison && /usr/bin/c++   -DBUILDING_PRISON -g -O2 -fstack-protector --param=ssp-buffer-size=4 -Wformat -Werror=format-security -D_FORTIFY_SOURCE=2 -fvisibility=hidden -fvisibility-inlines-hidden  -fPIC -I/usr/include/qt4/QtDesigner -I/usr/include/qt4/QtDeclarative -I/usr/include/qt4/QtScriptTools -I/usr/include/qt4/QtDBus -I/usr/include/qt4/QtXml -I/usr/include/qt4/QtSql -I/usr/include/qt4/QtNetwork -I/usr/include/qt4/QtXmlPatterns -I/usr/include/qt4/QtHelp -I/usr/include/qt4/QtUiTools -I/usr/include/qt4/QtTest -I/usr/include/qt4/QtScript -I/usr/include/qt4/QtSvg -I/usr/include/qt4/Qt3Support -I/usr/include/qt4/QtGui -I/usr/include/qt4/QtCore -I/usr/share/qt4/mkspecs/default -I/usr/include/qt4 -I../.. -I../../../lib    -o CMakeFiles/prison.dir/datamatrixbarcode.cpp.o -c ../../../lib/prison/datamatrixbarcode.cpp
clang: warning: argument unused during compilation: '--param ssp-buffer-size=4'
/usr/bin/cmake -E cmake_progress_report /«BUILDDIR»/prison-1.0+dfsg/obj-x86_64-linux-gnu/CMakeFiles 5
[ 55%] Building CXX object lib/prison/CMakeFiles/prison.dir/qrcodebarcode.cpp.o
cd lib/prison && /usr/bin/c++   -DBUILDING_PRISON -g -O2 -fstack-protector --param=ssp-buffer-size=4 -Wformat -Werror=format-security -D_FORTIFY_SOURCE=2 -fvisibility=hidden -fvisibility-inlines-hidden  -fPIC -I/usr/include/qt4/QtDesigner -I/usr/include/qt4/QtDeclarative -I/usr/include/qt4/QtScriptTools -I/usr/include/qt4/QtDBus -I/usr/include/qt4/QtXml -I/usr/include/qt4/QtSql -I/usr/include/qt4/QtNetwork -I/usr/include/qt4/QtXmlPatterns -I/usr/include/qt4/QtHelp -I/usr/include/qt4/QtUiTools -I/usr/include/qt4/QtTest -I/usr/include/qt4/QtScript -I/usr/include/qt4/QtSvg -I/usr/include/qt4/Qt3Support -I/usr/include/qt4/QtGui -I/usr/include/qt4/QtCore -I/usr/share/qt4/mkspecs/default -I/usr/include/qt4 -I../.. -I../../../lib    -o CMakeFiles/prison.dir/qrcodebarcode.cpp.o -c ../../../lib/prison/qrcodebarcode.cpp
clang: warning: argument unused during compilation: '--param ssp-buffer-size=4'
Linking CXX shared library libprison.so
cd lib/prison && /usr/bin/cmake -E cmake_link_script CMakeFiles/prison.dir/link.txt --verbose=1
/usr/bin/c++  -fPIC -g -O2 -fstack-protector --param=ssp-buffer-size=4 -Wformat -Werror=format-security -D_FORTIFY_SOURCE=2 -fvisibility=hidden -fvisibility-inlines-hidden   -Wl,-z,relro -Wl,--as-needed -Wl,--no-undefined -shared -Wl,-soname,libprison.so.0 -o libprison.so.0.0.0 CMakeFiles/prison.dir/abstractbarcode.cpp.o CMakeFiles/prison.dir/barcodewidget.cpp.o CMakeFiles/prison.dir/barcodeitem.cpp.o CMakeFiles/prison.dir/datamatrixbarcode.cpp.o CMakeFiles/prison.dir/qrcodebarcode.cpp.o -ldmtx -lqrencode -lQtCore -lQtGui 
clang: warning: argument unused during compilation: '--param ssp-buffer-size=4'
cd lib/prison && /usr/bin/cmake -E cmake_symlink_library libprison.so.0.0.0 libprison.so.0 libprison.so
make[4]: Leaving directory `/«BUILDDIR»/prison-1.0+dfsg/obj-x86_64-linux-gnu'
/usr/bin/cmake -E cmake_progress_report /«BUILDDIR»/prison-1.0+dfsg/obj-x86_64-linux-gnu/CMakeFiles  1 2 3 4 5
[ 55%] Built target prison
make -f testapp/CMakeFiles/test-prison.dir/build.make testapp/CMakeFiles/test-prison.dir/depend
make[4]: Entering directory `/«BUILDDIR»/prison-1.0+dfsg/obj-x86_64-linux-gnu'
/usr/bin/cmake -E cmake_progress_report /«BUILDDIR»/prison-1.0+dfsg/obj-x86_64-linux-gnu/CMakeFiles 7
[ 66%] Generating prison.moc
cd testapp && /usr/bin/moc-qt4 -I/usr/include/qt4/QtDesigner -I/usr/include/qt4/QtDeclarative -I/usr/include/qt4/QtScriptTools -I/usr/include/qt4/QtDBus -I/usr/include/qt4/QtDesigner -I/usr/include/qt4/QtXml -I/usr/include/qt4/QtSql -I/usr/include/qt4/QtNetwork -I/usr/include/qt4/QtXmlPatterns -I/usr/include/qt4/QtHelp -I/usr/include/qt4/QtUiTools -I/usr/include/qt4/QtTest -I/usr/include/qt4/QtScript -I/usr/include/qt4/QtSvg -I/usr/include/qt4/Qt3Support -I/usr/include/qt4/QtGui -I/usr/include/qt4/QtCore -I/usr/share/qt4/mkspecs/default -I/usr/include/qt4 -I/usr/include/qt4/QtCore -I/«BUILDDIR»/prison-1.0+dfsg/obj-x86_64-linux-gnu -I/«BUILDDIR»/prison-1.0+dfsg/lib -I/«BUILDDIR»/prison-1.0+dfsg/lib -I/«BUILDDIR»/prison-1.0+dfsg/obj-x86_64-linux-gnu/testapp -o /«BUILDDIR»/prison-1.0+dfsg/obj-x86_64-linux-gnu/testapp/prison.moc /«BUILDDIR»/prison-1.0+dfsg/testapp/prison.h
cd /«BUILDDIR»/prison-1.0+dfsg/obj-x86_64-linux-gnu && /usr/bin/cmake -E cmake_depends "Unix Makefiles" /«BUILDDIR»/prison-1.0+dfsg /«BUILDDIR»/prison-1.0+dfsg/testapp /«BUILDDIR»/prison-1.0+dfsg/obj-x86_64-linux-gnu /«BUILDDIR»/prison-1.0+dfsg/obj-x86_64-linux-gnu/testapp /«BUILDDIR»/prison-1.0+dfsg/obj-x86_64-linux-gnu/testapp/CMakeFiles/test-prison.dir/DependInfo.cmake --color=
Scanning dependencies of target test-prison
make[4]: Leaving directory `/«BUILDDIR»/prison-1.0+dfsg/obj-x86_64-linux-gnu'
make -f testapp/CMakeFiles/test-prison.dir/build.make testapp/CMakeFiles/test-prison.dir/build
make[4]: Entering directory `/«BUILDDIR»/prison-1.0+dfsg/obj-x86_64-linux-gnu'
/usr/bin/cmake -E cmake_progress_report /«BUILDDIR»/prison-1.0+dfsg/obj-x86_64-linux-gnu/CMakeFiles 8
[ 77%] Building CXX object testapp/CMakeFiles/test-prison.dir/prison.cpp.o
cd testapp && /usr/bin/c++    -g -O2 -fstack-protector --param=ssp-buffer-size=4 -Wformat -Werror=format-security -D_FORTIFY_SOURCE=2 -fvisibility=hidden -fvisibility-inlines-hidden  -I/usr/include/qt4/QtDesigner -I/usr/include/qt4/QtDeclarative -I/usr/include/qt4/QtScriptTools -I/usr/include/qt4/QtDBus -I/usr/include/qt4/QtXml -I/usr/include/qt4/QtSql -I/usr/include/qt4/QtNetwork -I/usr/include/qt4/QtXmlPatterns -I/usr/include/qt4/QtHelp -I/usr/include/qt4/QtUiTools -I/usr/include/qt4/QtTest -I/usr/include/qt4/QtScript -I/usr/include/qt4/QtSvg -I/usr/include/qt4/Qt3Support -I/usr/include/qt4/QtGui -I/usr/include/qt4/QtCore -I/usr/share/qt4/mkspecs/default -I/usr/include/qt4 -I.. -I../../lib -I.    -o CMakeFiles/test-prison.dir/prison.cpp.o -c ../../testapp/prison.cpp
clang: warning: argument unused during compilation: '--param ssp-buffer-size=4'
/usr/bin/cmake -E cmake_progress_report /«BUILDDIR»/prison-1.0+dfsg/obj-x86_64-linux-gnu/CMakeFiles 9
[ 88%] Building CXX object testapp/CMakeFiles/test-prison.dir/main.cpp.o
cd testapp && /usr/bin/c++    -g -O2 -fstack-protector --param=ssp-buffer-size=4 -Wformat -Werror=format-security -D_FORTIFY_SOURCE=2 -fvisibility=hidden -fvisibility-inlines-hidden  -I/usr/include/qt4/QtDesigner -I/usr/include/qt4/QtDeclarative -I/usr/include/qt4/QtScriptTools -I/usr/include/qt4/QtDBus -I/usr/include/qt4/QtXml -I/usr/include/qt4/QtSql -I/usr/include/qt4/QtNetwork -I/usr/include/qt4/QtXmlPatterns -I/usr/include/qt4/QtHelp -I/usr/include/qt4/QtUiTools -I/usr/include/qt4/QtTest -I/usr/include/qt4/QtScript -I/usr/include/qt4/QtSvg -I/usr/include/qt4/Qt3Support -I/usr/include/qt4/QtGui -I/usr/include/qt4/QtCore -I/usr/share/qt4/mkspecs/default -I/usr/include/qt4 -I.. -I../../lib -I.    -o CMakeFiles/test-prison.dir/main.cpp.o -c ../../testapp/main.cpp
clang: warning: argument unused during compilation: '--param ssp-buffer-size=4'
Linking CXX executable test-prison
cd testapp && /usr/bin/cmake -E cmake_link_script CMakeFiles/test-prison.dir/link.txt --verbose=1
/usr/bin/c++   -g -O2 -fstack-protector --param=ssp-buffer-size=4 -Wformat -Werror=format-security -D_FORTIFY_SOURCE=2 -fvisibility=hidden -fvisibility-inlines-hidden    -Wl,-z,relro -Wl,--as-needed -Wl,--no-undefined CMakeFiles/test-prison.dir/prison.cpp.o CMakeFiles/test-prison.dir/main.cpp.o  -o test-prison -rdynamic -lQtCore -lQtGui ../lib/prison/libprison.so.0.0.0 -Wl,-rpath,/«BUILDDIR»/prison-1.0+dfsg/obj-x86_64-linux-gnu/lib/prison 
clang: warning: argument unused during compilation: '--param ssp-buffer-size=4'
make[4]: Leaving directory `/«BUILDDIR»/prison-1.0+dfsg/obj-x86_64-linux-gnu'
/usr/bin/cmake -E cmake_progress_report /«BUILDDIR»/prison-1.0+dfsg/obj-x86_64-linux-gnu/CMakeFiles  7 8 9
[ 88%] Built target test-prison
make -f tools/CMakeFiles/prison-datamatrix.dir/build.make tools/CMakeFiles/prison-datamatrix.dir/depend
make[4]: Entering directory `/«BUILDDIR»/prison-1.0+dfsg/obj-x86_64-linux-gnu'
cd /«BUILDDIR»/prison-1.0+dfsg/obj-x86_64-linux-gnu && /usr/bin/cmake -E cmake_depends "Unix Makefiles" /«BUILDDIR»/prison-1.0+dfsg /«BUILDDIR»/prison-1.0+dfsg/tools /«BUILDDIR»/prison-1.0+dfsg/obj-x86_64-linux-gnu /«BUILDDIR»/prison-1.0+dfsg/obj-x86_64-linux-gnu/tools /«BUILDDIR»/prison-1.0+dfsg/obj-x86_64-linux-gnu/tools/CMakeFiles/prison-datamatrix.dir/DependInfo.cmake --color=
Scanning dependencies of target prison-datamatrix
make[4]: Leaving directory `/«BUILDDIR»/prison-1.0+dfsg/obj-x86_64-linux-gnu'
make -f tools/CMakeFiles/prison-datamatrix.dir/build.make tools/CMakeFiles/prison-datamatrix.dir/build
make[4]: Entering directory `/«BUILDDIR»/prison-1.0+dfsg/obj-x86_64-linux-gnu'
/usr/bin/cmake -E cmake_progress_report /«BUILDDIR»/prison-1.0+dfsg/obj-x86_64-linux-gnu/CMakeFiles 6
[100%] Building CXX object tools/CMakeFiles/prison-datamatrix.dir/prison-datamatrix.cpp.o
cd tools && /usr/bin/c++    -g -O2 -fstack-protector --param=ssp-buffer-size=4 -Wformat -Werror=format-security -D_FORTIFY_SOURCE=2 -fvisibility=hidden -fvisibility-inlines-hidden  -I/usr/include/qt4/QtDesigner -I/usr/include/qt4/QtDeclarative -I/usr/include/qt4/QtScriptTools -I/usr/include/qt4/QtDBus -I/usr/include/qt4/QtXml -I/usr/include/qt4/QtSql -I/usr/include/qt4/QtNetwork -I/usr/include/qt4/QtXmlPatterns -I/usr/include/qt4/QtHelp -I/usr/include/qt4/QtUiTools -I/usr/include/qt4/QtTest -I/usr/include/qt4/QtScript -I/usr/include/qt4/QtSvg -I/usr/include/qt4/Qt3Support -I/usr/include/qt4/QtGui -I/usr/include/qt4/QtCore -I/usr/share/qt4/mkspecs/default -I/usr/include/qt4 -I.. -I../../lib    -o CMakeFiles/prison-datamatrix.dir/prison-datamatrix.cpp.o -c ../../tools/prison-datamatrix.cpp
clang: warning: argument unused during compilation: '--param ssp-buffer-size=4'
Linking CXX executable prison-datamatrix
cd tools && /usr/bin/cmake -E cmake_link_script CMakeFiles/prison-datamatrix.dir/link.txt --verbose=1
/usr/bin/c++   -g -O2 -fstack-protector --param=ssp-buffer-size=4 -Wformat -Werror=format-security -D_FORTIFY_SOURCE=2 -fvisibility=hidden -fvisibility-inlines-hidden    -Wl,-z,relro -Wl,--as-needed -Wl,--no-undefined CMakeFiles/prison-datamatrix.dir/prison-datamatrix.cpp.o  -o prison-datamatrix -rdynamic ../lib/prison/libprison.so.0.0.0 -lQtGui -lQtCore -Wl,-rpath,/«BUILDDIR»/prison-1.0+dfsg/obj-x86_64-linux-gnu/lib/prison 
clang: warning: argument unused during compilation: '--param ssp-buffer-size=4'
make[4]: Leaving directory `/«BUILDDIR»/prison-1.0+dfsg/obj-x86_64-linux-gnu'
/usr/bin/cmake -E cmake_progress_report /«BUILDDIR»/prison-1.0+dfsg/obj-x86_64-linux-gnu/CMakeFiles  6
[100%] Built target prison-datamatrix
make[3]: Leaving directory `/«BUILDDIR»/prison-1.0+dfsg/obj-x86_64-linux-gnu'
/usr/bin/cmake -E cmake_progress_start /«BUILDDIR»/prison-1.0+dfsg/obj-x86_64-linux-gnu/CMakeFiles 0
make[2]: Leaving directory `/«BUILDDIR»/prison-1.0+dfsg/obj-x86_64-linux-gnu'
if ! test -d debian/man/out; then mkdir -p debian/man/out; fi
for f in $(find debian/man -name '*.sgml'); do \
		docbook-to-man $f > debian/man/out/`basename $f .sgml`.1; \
	done
for f in $(find debian/man -name '*.man'); do \
		soelim -I debian/man $f \
		> debian/man/out/`basename $f .man`.`head -n1 $f | awk '{print $NF}'`; \
	done
touch debian/stamp-man-pages
dh_auto_test '--buildsystem=kde' --parallel  
make[1]: Leaving directory `/«BUILDDIR»/prison-1.0+dfsg'
touch debian/dhmk_build
# "build" target is done
-- SUCCESS making standard target 'build'.
 fakeroot debian/rules binary
/usr/bin/make -f debian/rules dhmk_run_install_commands DHMK_TARGET="install"
make[1]: Entering directory `/«BUILDDIR»/prison-1.0+dfsg'
dh_testroot  
dh_prep  
dh_installdirs  
dh_auto_install '--buildsystem=kde' --parallel  
make[2]: Entering directory `/«BUILDDIR»/prison-1.0+dfsg/obj-x86_64-linux-gnu'
/usr/bin/cmake -H/«BUILDDIR»/prison-1.0+dfsg -B/«BUILDDIR»/prison-1.0+dfsg/obj-x86_64-linux-gnu --check-build-system CMakeFiles/Makefile.cmake 0
/usr/bin/cmake -E cmake_progress_start /«BUILDDIR»/prison-1.0+dfsg/obj-x86_64-linux-gnu/CMakeFiles /«BUILDDIR»/prison-1.0+dfsg/obj-x86_64-linux-gnu/CMakeFiles/progress.marks
make -f CMakeFiles/Makefile2 all
make[3]: Entering directory `/«BUILDDIR»/prison-1.0+dfsg/obj-x86_64-linux-gnu'
make -f lib/prison/CMakeFiles/prison.dir/build.make lib/prison/CMakeFiles/prison.dir/depend
make[4]: Entering directory `/«BUILDDIR»/prison-1.0+dfsg/obj-x86_64-linux-gnu'
cd /«BUILDDIR»/prison-1.0+dfsg/obj-x86_64-linux-gnu && /usr/bin/cmake -E cmake_depends "Unix Makefiles" /«BUILDDIR»/prison-1.0+dfsg /«BUILDDIR»/prison-1.0+dfsg/lib/prison /«BUILDDIR»/prison-1.0+dfsg/obj-x86_64-linux-gnu /«BUILDDIR»/prison-1.0+dfsg/obj-x86_64-linux-gnu/lib/prison /«BUILDDIR»/prison-1.0+dfsg/obj-x86_64-linux-gnu/lib/prison/CMakeFiles/prison.dir/DependInfo.cmake --color=
make[4]: Leaving directory `/«BUILDDIR»/prison-1.0+dfsg/obj-x86_64-linux-gnu'
make -f lib/prison/CMakeFiles/prison.dir/build.make lib/prison/CMakeFiles/prison.dir/build
make[4]: Entering directory `/«BUILDDIR»/prison-1.0+dfsg/obj-x86_64-linux-gnu'
make[4]: Nothing to be done for `lib/prison/CMakeFiles/prison.dir/build'.
make[4]: Leaving directory `/«BUILDDIR»/prison-1.0+dfsg/obj-x86_64-linux-gnu'
/usr/bin/cmake -E cmake_progress_report /«BUILDDIR»/prison-1.0+dfsg/obj-x86_64-linux-gnu/CMakeFiles  1 2 3 4 5
[ 55%] Built target prison
make -f testapp/CMakeFiles/test-prison.dir/build.make testapp/CMakeFiles/test-prison.dir/depend
make[4]: Entering directory `/«BUILDDIR»/prison-1.0+dfsg/obj-x86_64-linux-gnu'
cd /«BUILDDIR»/prison-1.0+dfsg/obj-x86_64-linux-gnu && /usr/bin/cmake -E cmake_depends "Unix Makefiles" /«BUILDDIR»/prison-1.0+dfsg /«BUILDDIR»/prison-1.0+dfsg/testapp /«BUILDDIR»/prison-1.0+dfsg/obj-x86_64-linux-gnu /«BUILDDIR»/prison-1.0+dfsg/obj-x86_64-linux-gnu/testapp /«BUILDDIR»/prison-1.0+dfsg/obj-x86_64-linux-gnu/testapp/CMakeFiles/test-prison.dir/DependInfo.cmake --color=
make[4]: Leaving directory `/«BUILDDIR»/prison-1.0+dfsg/obj-x86_64-linux-gnu'
make -f testapp/CMakeFiles/test-prison.dir/build.make testapp/CMakeFiles/test-prison.dir/build
make[4]: Entering directory `/«BUILDDIR»/prison-1.0+dfsg/obj-x86_64-linux-gnu'
make[4]: Nothing to be done for `testapp/CMakeFiles/test-prison.dir/build'.
make[4]: Leaving directory `/«BUILDDIR»/prison-1.0+dfsg/obj-x86_64-linux-gnu'
/usr/bin/cmake -E cmake_progress_report /«BUILDDIR»/prison-1.0+dfsg/obj-x86_64-linux-gnu/CMakeFiles  7 8 9
[ 88%] Built target test-prison
make -f tools/CMakeFiles/prison-datamatrix.dir/build.make tools/CMakeFiles/prison-datamatrix.dir/depend
make[4]: Entering directory `/«BUILDDIR»/prison-1.0+dfsg/obj-x86_64-linux-gnu'
cd /«BUILDDIR»/prison-1.0+dfsg/obj-x86_64-linux-gnu && /usr/bin/cmake -E cmake_depends "Unix Makefiles" /«BUILDDIR»/prison-1.0+dfsg /«BUILDDIR»/prison-1.0+dfsg/tools /«BUILDDIR»/prison-1.0+dfsg/obj-x86_64-linux-gnu /«BUILDDIR»/prison-1.0+dfsg/obj-x86_64-linux-gnu/tools /«BUILDDIR»/prison-1.0+dfsg/obj-x86_64-linux-gnu/tools/CMakeFiles/prison-datamatrix.dir/DependInfo.cmake --color=
make[4]: Leaving directory `/«BUILDDIR»/prison-1.0+dfsg/obj-x86_64-linux-gnu'
make -f tools/CMakeFiles/prison-datamatrix.dir/build.make tools/CMakeFiles/prison-datamatrix.dir/build
make[4]: Entering directory `/«BUILDDIR»/prison-1.0+dfsg/obj-x86_64-linux-gnu'
make[4]: Nothing to be done for `tools/CMakeFiles/prison-datamatrix.dir/build'.
make[4]: Leaving directory `/«BUILDDIR»/prison-1.0+dfsg/obj-x86_64-linux-gnu'
/usr/bin/cmake -E cmake_progress_report /«BUILDDIR»/prison-1.0+dfsg/obj-x86_64-linux-gnu/CMakeFiles  6
[100%] Built target prison-datamatrix
make[3]: Leaving directory `/«BUILDDIR»/prison-1.0+dfsg/obj-x86_64-linux-gnu'
/usr/bin/cmake -E cmake_progress_start /«BUILDDIR»/prison-1.0+dfsg/obj-x86_64-linux-gnu/CMakeFiles 0
make -f CMakeFiles/Makefile2 preinstall
make[3]: Entering directory `/«BUILDDIR»/prison-1.0+dfsg/obj-x86_64-linux-gnu'
make[3]: Nothing to be done for `preinstall'.
make[3]: Leaving directory `/«BUILDDIR»/prison-1.0+dfsg/obj-x86_64-linux-gnu'
Install the project...
/usr/bin/cmake -P cmake_install.cmake
-- Install configuration: "Debian"
-- Installing: /«BUILDDIR»/prison-1.0+dfsg/debian/tmp/usr/lib/x86_64-linux-gnu/libprison.so.0.0.0
-- Installing: /«BUILDDIR»/prison-1.0+dfsg/debian/tmp/usr/lib/x86_64-linux-gnu/libprison.so.0
-- Installing: /«BUILDDIR»/prison-1.0+dfsg/debian/tmp/usr/lib/x86_64-linux-gnu/libprison.so
-- Installing: /«BUILDDIR»/prison-1.0+dfsg/debian/tmp/usr/include/prison/abstractbarcode.h
-- Installing: /«BUILDDIR»/prison-1.0+dfsg/debian/tmp/usr/include/prison/AbstractBarcode
-- Installing: /«BUILDDIR»/prison-1.0+dfsg/debian/tmp/usr/include/prison/barcodeitem.h
-- Installing: /«BUILDDIR»/prison-1.0+dfsg/debian/tmp/usr/include/prison/BarcodeItem
-- Installing: /«BUILDDIR»/prison-1.0+dfsg/debian/tmp/usr/include/prison/barcodewidget.h
-- Installing: /«BUILDDIR»/prison-1.0+dfsg/debian/tmp/usr/include/prison/BarcodeWidget
-- Installing: /«BUILDDIR»/prison-1.0+dfsg/debian/tmp/usr/include/prison/datamatrixbarcode.h
-- Installing: /«BUILDDIR»/prison-1.0+dfsg/debian/tmp/usr/include/prison/DataMatrixBarcode
-- Installing: /«BUILDDIR»/prison-1.0+dfsg/debian/tmp/usr/include/prison/qrcodebarcode.h
-- Installing: /«BUILDDIR»/prison-1.0+dfsg/debian/tmp/usr/include/prison/QRCodeBarcode
-- Installing: /«BUILDDIR»/prison-1.0+dfsg/debian/tmp/usr/include/prison/prison_export.h
-- Installing: /«BUILDDIR»/prison-1.0+dfsg/debian/tmp/usr/lib/x86_64-linux-gnu/cmake/Prison/PrisonConfig.cmake
make[2]: Leaving directory `/«BUILDDIR»/prison-1.0+dfsg/obj-x86_64-linux-gnu'
# Running override target (override_dh_install)
test -z "`ls debian/*.debhelper.log 2>/dev/null`" || sed -i '/^override_dh_install[[:space:]]/d' debian/*.debhelper.log
/usr/bin/make -f debian/rules override_dh_install DH_INTERNAL_OVERRIDE="dh_install"  
make[2]: Entering directory `/«BUILDDIR»/prison-1.0+dfsg'
dh_install  --fail-missing
make[2]: Leaving directory `/«BUILDDIR»/prison-1.0+dfsg'
set -e; \
	if [ -d "/«BUILDDIR»/prison-1.0+dfsg/debian/prison-doc-html" ]; then \
	    for doc in `cd /«BUILDDIR»/prison-1.0+dfsg/debian/tmp/usr/share/doc/kde/HTML/en; find . -name index.docbook`; do \
	        pkg=${doc%/index.docbook}; pkg=${pkg#./}; \
	        echo Building $pkg HTML docs...; \
	        mkdir -p /«BUILDDIR»/prison-1.0+dfsg/debian/prison-doc-html/usr/share/doc/kde/HTML/en/$pkg; \
	        cd /«BUILDDIR»/prison-1.0+dfsg/debian/prison-doc-html/usr/share/doc/kde/HTML/en/$pkg; \
	        meinproc4 /«BUILDDIR»/prison-1.0+dfsg/debian/tmp/usr/share/doc/kde/HTML/en/$pkg/index.docbook; \
	    done; \
	    for pkg in  ; do \
	        rm -rf /«BUILDDIR»/prison-1.0+dfsg/debian/prison-doc-html/usr/share/doc/kde/HTML/en/$pkg; \
	    done; \
	fi
dh_movelibkdeinit  
dh_installdocs  
dh_installchangelogs  
dh_installexamples  
dh_installman  
dh_installcatalogs  
dh_installcron  
dh_installdebconf  
dh_installemacsen  
dh_installifupdown  
dh_installinfo  
dh_installinit  
dh_installmenu  
dh_installmime  
dh_installmodules  
dh_installlogcheck  
dh_installlogrotate  
dh_installpam  
dh_installppp  
dh_installudev  
dh_installwm  
dh_installxfonts  
dh_bugfiles  
dh_lintian  
dh_gconf  
dh_icons  
dh_perl  
dh_usrlocal  
dh_link  
dh_compress '-X.dcl' '-X.docbook' '-X-license' '-X.tag' '-X.sty' '-X.el'  
dh_fixperms  
make[1]: Leaving directory `/«BUILDDIR»/prison-1.0+dfsg'
# "install" target is done
/usr/bin/make -f debian/rules dhmk_run_binary_commands DHMK_TARGET="binary"
make[1]: Entering directory `/«BUILDDIR»/prison-1.0+dfsg'
# Running override target (override_dh_strip)
test -z "`ls debian/*.debhelper.log 2>/dev/null`" || sed -i '/^override_dh_strip[[:space:]]/d' debian/*.debhelper.log
/usr/bin/make -f debian/rules override_dh_strip DH_INTERNAL_OVERRIDE="dh_strip"  
make[2]: Entering directory `/«BUILDDIR»/prison-1.0+dfsg'
dh_strip  --dbg-package=libprison-dbg
make[2]: Leaving directory `/«BUILDDIR»/prison-1.0+dfsg'
dh_makeshlibs '-Xusr/lib/kde4/'  
dpkg-gensymbols: warning: some symbols or patterns disappeared in the symbols file: see diff output below
dpkg-gensymbols: warning: debian/libprison0/DEBIAN/symbols doesn't match completely debian/libprison0.symbols
--- debian/libprison0.symbols (libprison0_1.0+dfsg-1_amd64)
+++ dpkg-gensymbolsJpj1W9	2012-07-09 20:39:49.059812986 +0000
@@ -30,7 +30,7 @@
  _ZN6prison15AbstractBarcode14setMinimumSizeERK6QSizeF@Base 1.0
  _ZN6prison15AbstractBarcode5paintEP8QPainterRK6QRectF@Base 1.0
  _ZN6prison15AbstractBarcode7setDataERK7QString@Base 1.0
- _ZN6prison15AbstractBarcodeC1Ev@Base 1.0
+#MISSING: 1.0+dfsg-1# _ZN6prison15AbstractBarcodeC1Ev@Base 1.0
  _ZN6prison15AbstractBarcodeC2Ev@Base 1.0
  _ZN6prison15AbstractBarcodeD0Ev@Base 1.0
  _ZN6prison15AbstractBarcodeD1Ev@Base 1.0
dh_makeshlibs: dpkg-gensymbols -plibprison0 -Idebian/libprison0.symbols -Pdebian/libprison0 -edebian/libprison0/usr/lib/x86_64-linux-gnu/libprison.so.0.0.0
 returned exit code 1
make[1]: *** [pre_binary_dh_makeshlibs] Error 1
make[1]: Leaving directory `/«BUILDDIR»/prison-1.0+dfsg'
make: *** [debian/dhmk_binary] Error 2
dpkg-buildpackage: error: fakeroot debian/rules binary gave error exit status 2
────────────────────────────────────────────────────────────────────────────────
Build finished at 20120709-2039

Finished
────────

E: Build failure (dpkg-buildpackage died)

┌──────────────────────────────────────────────────────────────────────────────┐
│ Cleanup                                                                      │
└──────────────────────────────────────────────────────────────────────────────┘

Purging /«BUILDDIR»
Not cleaning session: cloned chroot in use

┌──────────────────────────────────────────────────────────────────────────────┐
│ Summary                                                                      │
└──────────────────────────────────────────────────────────────────────────────┘

Architecture: amd64
Build-Space: 9060
Build-Time: 26
Distribution: unstable
Fail-Stage: build
Install-Time: 22
Job: prison_1.0+dfsg-1
Package: prison
Package-Time: 68
Source-Version: 1.0+dfsg-1
Space: 9060
Status: attempted
Version: 1.0+dfsg-1
────────────────────────────────────────────────────────────────────────────────
Finished at 20120709-2039
Build needed 00:01:08, 9060k disc space
DC-Status: Failed 68.168666s
