DC-Build-Header: srcinst 0.8.10 / Mon Jul 02 18:41:08 +0000 2012
DC-Task: logfile:/tmp/srcinst_0.8.10_unstable_clang.log version:0.8.10 modes:clang chroot:unstable source:srcinst esttime: architecture:any
DC-Sbuild-call: su user -c 'sbuild -n -A -s --force-orig-source --apt-update -d unstable -v  --chroot-setup-commands=/tmp/switch-to-clang srcinst_0.8.10'
sbuild (Debian sbuild) 0.62.5 (13 Jul 2011) on ip-10-29-155-14.ec2.internal

╔══════════════════════════════════════════════════════════════════════════════╗
║ srcinst 0.8.10 (amd64)                                     02 Jul 2012 18:41 ║
╚══════════════════════════════════════════════════════════════════════════════╝

Package: srcinst
Version: 0.8.10
Source Version: 0.8.10
Distribution: unstable
Architecture: amd64

I: NOTICE: Log filtering will replace 'build/srcinst-_s9gS7/srcinst-0.8.10' with '«PKGBUILDDIR»'
I: NOTICE: Log filtering will replace 'build/srcinst-_s9gS7' with '«BUILDDIR»'
I: NOTICE: Log filtering will replace 'var/lib/schroot/mount/unstable-amd64-sbuild-c4e54242-e738-4ad2-94cb-5b2677cbc8b9' with '«CHROOT»'

┌──────────────────────────────────────────────────────────────────────────────┐
│ Update chroot                                                                │
└──────────────────────────────────────────────────────────────────────────────┘

Ign http://localhost unstable InRelease
Hit http://localhost unstable Release.gpg
Hit http://localhost unstable Release
Hit http://localhost unstable/main Sources/DiffIndex
Hit http://localhost unstable/main amd64 Packages/DiffIndex
Hit http://localhost unstable/main Translation-en/DiffIndex
Reading package lists...
Reading package lists...
Building dependency tree...
Reading state information...
0 upgraded, 0 newly installed, 0 to remove and 0 not upgraded.

┌──────────────────────────────────────────────────────────────────────────────┐
│ Fetch source files                                                           │
└──────────────────────────────────────────────────────────────────────────────┘


Check APT
─────────

Checking available source versions...

Download source files with APT
──────────────────────────────

Reading package lists...
Building dependency tree...
Reading state information...
Need to get 14.7 kB of source archives.
Get:1 http://localhost/debian/ unstable/main srcinst 0.8.10 (dsc) [604 B]
Get:2 http://localhost/debian/ unstable/main srcinst 0.8.10 (tar) [14.1 kB]
Fetched 14.7 kB in 0s (105 kB/s)
Download complete and in download only mode

Check arch
──────────


┌──────────────────────────────────────────────────────────────────────────────┐
│ Chroot Setup Commands                                                        │
└──────────────────────────────────────────────────────────────────────────────┘


/tmp/switch-to-clang
────────────────────

+ echo 'Entering customization script...'
Entering customization script...
+ apt-get update
Ign http://localhost unstable InRelease
Hit http://localhost unstable Release.gpg
Hit http://localhost unstable Release
Hit http://localhost unstable/main Sources/DiffIndex
Hit http://localhost unstable/main amd64 Packages/DiffIndex
Hit http://localhost unstable/main Translation-en/DiffIndex
Reading package lists...
+ echo 'Install of clang'
Install of clang
+ apt-get update
Ign http://localhost unstable InRelease
Hit http://localhost unstable Release.gpg
Hit http://localhost unstable Release
Hit http://localhost unstable/main Sources/DiffIndex
Hit http://localhost unstable/main amd64 Packages/DiffIndex
Hit http://localhost unstable/main Translation-en/DiffIndex
Reading package lists...
+ apt-get install --yes --no-install-recommends clang -t unstable
Reading package lists...
Building dependency tree...
Reading state information...
The following extra packages will be installed:
  libclang-common-dev libffi5 libllvm3.1
Recommended packages:
  llvm-3.1-dev python
The following NEW packages will be installed:
  clang libclang-common-dev libffi5 libllvm3.1
0 upgraded, 4 newly installed, 0 to remove and 0 not upgraded.
Need to get 13.1 MB of archives.
After this operation, 35.6 MB of additional disk space will be used.
Get:1 http://localhost/debian/ unstable/main libffi5 amd64 3.0.10-3 [24.8 kB]
Get:2 http://localhost/debian/ unstable/main libllvm3.1 amd64 3.1-2 [7275 kB]
Get:3 http://localhost/debian/ unstable/main libclang-common-dev amd64 3.1-8 [84.3 kB]
Get:4 http://localhost/debian/ unstable/main clang amd64 3.1-8 [5755 kB]
debconf: delaying package configuration, since apt-utils is not installed
Fetched 13.1 MB in 0s (30.0 MB/s)
Selecting previously unselected package libffi5:amd64.
(Reading database ... 11725 files and directories currently installed.)
Unpacking libffi5:amd64 (from .../libffi5_3.0.10-3_amd64.deb) ...
Selecting previously unselected package libllvm3.1:amd64.
Unpacking libllvm3.1:amd64 (from .../libllvm3.1_3.1-2_amd64.deb) ...
Selecting previously unselected package libclang-common-dev.
Unpacking libclang-common-dev (from .../libclang-common-dev_3.1-8_amd64.deb) ...
Selecting previously unselected package clang.
Unpacking clang (from .../archives/clang_3.1-8_amd64.deb) ...
Setting up libffi5:amd64 (3.0.10-3) ...
Setting up libllvm3.1:amd64 (3.1-2) ...
Setting up libclang-common-dev (3.1-8) ...
Setting up clang (3.1-8) ...
+ echo 'Replace gcc, g++ & cpp by clang'
Replace gcc, g++ & cpp by clang
+ VERSION=4.7
+ cd /usr/bin
+ rm g++-4.7 gcc-4.7 cpp-4.7
+ ln -s clang++ g++-4.7
+ ln -s clang gcc-4.7
+ ln -s clang cpp-4.7
+ cd -
/«BUILDDIR»
+ echo 'Block the installation of new gcc version'
Block the installation of new gcc version
+ dpkg --set-selections
+ echo 'gcc-4.6 hold'
+ dpkg --set-selections
+ echo 'cpp-4.6 hold'
+ dpkg --set-selections
+ echo 'g++-4.6 hold'
+ dpkg --set-selections
+ echo 'gcc-4.7 hold'
+ dpkg --set-selections
+ echo 'cpp-4.7 hold'
+ dpkg --set-selections
+ echo 'g++-4.7 hold'
+ echo 'Check if gcc, g++ & cpp are actually clang'
Check if gcc, g++ & cpp are actually clang
+ grep clang
+ gcc --version

I: Finished running '/tmp/switch-to-clang'.

Finished processing commands.
────────────────────────────────────────────────────────────────────────────────
Merged Build-Depends: build-essential, fakeroot
Filtered Build-Depends: build-essential, fakeroot
dpkg-deb: building package `sbuild-build-depends-core-dummy' in `/«BUILDDIR»/resolver-V7QQTl/apt_archive/sbuild-build-depends-core-dummy.deb'.
OK
Reading package lists...

┌──────────────────────────────────────────────────────────────────────────────┐
│ Install core build dependencies (apt-based resolver)                         │
└──────────────────────────────────────────────────────────────────────────────┘

Installing build dependencies
Reading package lists...
Building dependency tree...
Reading state information...
The following NEW packages will be installed:
  sbuild-build-depends-core-dummy
debconf: delaying package configuration, since apt-utils is not installed
0 upgraded, 1 newly installed, 0 to remove and 0 not upgraded.
Need to get 0 B/710 B of archives.
After this operation, 0 B of additional disk space will be used.
Selecting previously unselected package sbuild-build-depends-core-dummy.
(Reading database ... 11805 files and directories currently installed.)
Unpacking sbuild-build-depends-core-dummy (from .../sbuild-build-depends-core-dummy.deb) ...
Setting up sbuild-build-depends-core-dummy (0.invalid.0) ...
Merged Build-Depends: base-files, base-passwd, bash, coreutils, dash, debianutils, diffutils, dpkg, e2fsprogs, findutils, grep, gzip, hostname, ncurses-base, ncurses-bin, perl-base, sed, login, sysvinit-utils, sysvinit, tar, bsdutils, mount, util-linux, libc6-dev | libc-dev, gcc (>= 4:4.4.3), g++ (>= 4:4.4.3), make, dpkg-dev (>= 1.13.5), debhelper (>= 4.0.0), ghc6 (>= 6.8), libghc6-hslogger-dev, libghc6-missingh-dev (>= 1.0.0), libghc6-network-dev, libghc6-unix-dev
Filtered Build-Depends: base-files, base-passwd, bash, coreutils, dash, debianutils, diffutils, dpkg, e2fsprogs, findutils, grep, gzip, hostname, ncurses-base, ncurses-bin, perl-base, sed, login, sysvinit-utils, sysvinit, tar, bsdutils, mount, util-linux, libc6-dev, gcc (>= 4:4.4.3), g++ (>= 4:4.4.3), make, dpkg-dev (>= 1.13.5), debhelper (>= 4.0.0), ghc6 (>= 6.8), libghc6-hslogger-dev, libghc6-missingh-dev (>= 1.0.0), libghc6-network-dev, libghc6-unix-dev
dpkg-deb: building package `sbuild-build-depends-srcinst-dummy' in `/«BUILDDIR»/resolver-RSYfTc/apt_archive/sbuild-build-depends-srcinst-dummy.deb'.
OK
Reading package lists...

┌──────────────────────────────────────────────────────────────────────────────┐
│ Install srcinst build dependencies (apt-based resolver)                      │
└──────────────────────────────────────────────────────────────────────────────┘

Installing build dependencies
Reading package lists...
Building dependency tree...
Reading state information...
Some packages could not be installed. This may mean that you have
requested an impossible situation or if you are using the unstable
distribution that some required packages have not yet been created
or been moved out of Incoming.
The following information may help to resolve the situation:

The following packages have unmet dependencies:
 sbuild-build-depends-srcinst-dummy : Depends: libghc6-unix-dev but it is not installable
E: Unable to correct problems, you have held broken packages.
apt-get failed.
Package installation failed
Not removing build depends: cloned chroot in use

┌──────────────────────────────────────────────────────────────────────────────┐
│ Cleanup                                                                      │
└──────────────────────────────────────────────────────────────────────────────┘

Purging /«BUILDDIR»
Not cleaning session: cloned chroot in use
E: Package build dependencies not satisfied; skipping

┌──────────────────────────────────────────────────────────────────────────────┐
│ Summary                                                                      │
└──────────────────────────────────────────────────────────────────────────────┘

Architecture: amd64
Build-Space: 0
Build-Time: 0
Distribution: unstable
Fail-Stage: install-deps
Install-Time: 0
Job: srcinst_0.8.10
Package: srcinst
Package-Time: 0
Source-Version: 0.8.10
Space: 0
Status: failed
Version: 0.8.10
────────────────────────────────────────────────────────────────────────────────
Finished at 20120702-1841
Build needed 00:00:00, 0k disc space
E: Package build dependencies not satisfied; skipping
DC-Status: Failed 26.600145s
DC-Time-Estimation: 26.600145 versus expected 1 (r/m: 25.600145 ; m: 1.0)
