DC-Build-Header: sslsniff 0.8-3 / Sat Jun 23 16:32:12 +0000 2012
DC-Task: logfile:/tmp/sslsniff_0.8-3_unstable_clang.log version:0.8-3 chroot:unstable modes:binary-only:clang source:sslsniff architecture:any esttime:108
DC-Sbuild-call: su user -c 'sbuild -n --apt-update -d unstable -v  --chroot-setup-commands=/tmp/switch-to-clang sslsniff_0.8-3'
sbuild (Debian sbuild) 0.62.5 (13 Jul 2011) on ip-10-28-241-59.ec2.internal

╔══════════════════════════════════════════════════════════════════════════════╗
║ sslsniff 0.8-3 (amd64)                                     23 Jun 2012 16:32 ║
╚══════════════════════════════════════════════════════════════════════════════╝

Package: sslsniff
Version: 0.8-3
Source Version: 0.8-3
Distribution: unstable
Architecture: amd64

I: NOTICE: Log filtering will replace 'build/sslsniff-SexWjl/sslsniff-0.8' with '«PKGBUILDDIR»'
I: NOTICE: Log filtering will replace 'build/sslsniff-SexWjl' with '«BUILDDIR»'
I: NOTICE: Log filtering will replace 'var/lib/schroot/mount/unstable-amd64-sbuild-0bbc3458-f0e1-44bd-bbc0-d3620e1c687b' with '«CHROOT»'

┌──────────────────────────────────────────────────────────────────────────────┐
│ Update chroot                                                                │
└──────────────────────────────────────────────────────────────────────────────┘

Ign http://localhost unstable InRelease
Get:1 http://localhost unstable Release.gpg [836 B]
Get:2 http://localhost unstable Release [233 kB]
Get:3 http://localhost unstable/main Sources/DiffIndex [7876 B]
Get:4 http://localhost unstable/main amd64 Packages/DiffIndex [7876 B]
Get:5 http://localhost unstable/main Translation-en/DiffIndex [7876 B]
Get:6 http://localhost unstable/main 2012-06-23-0814.36.pdiff [8967 B]
Get:7 http://localhost unstable/main 2012-06-23-0814.36.pdiff [8967 B]
Get:8 http://localhost unstable/main amd64 2012-06-23-0814.36.pdiff [6101 B]
Get:9 http://localhost unstable/main 2012-06-23-0814.36.pdiff [1297 B]
Get:10 http://localhost unstable/main amd64 2012-06-23-0814.36.pdiff [6101 B]
Get:11 http://localhost unstable/main 2012-06-23-1414.42.pdiff [10.6 kB]
Get:12 http://localhost unstable/main 2012-06-23-0814.36.pdiff [1297 B]
Get:13 http://localhost unstable/main amd64 2012-06-23-1414.42.pdiff [11.3 kB]
Get:14 http://localhost unstable/main 2012-06-23-1414.42.pdiff [10.6 kB]
Get:15 http://localhost unstable/main 2012-06-23-1414.42.pdiff [696 B]
Get:16 http://localhost unstable/main amd64 2012-06-23-1414.42.pdiff [11.3 kB]
Get:17 http://localhost unstable/main 2012-06-23-1414.42.pdiff [696 B]
Fetched 296 kB in 7s (40.2 kB/s)
Reading package lists...
Reading package lists...
Building dependency tree...
Reading state information...
The following packages will be upgraded:
  base-passwd bsdutils libblkid1 libmount1 libuuid1 mount util-linux
7 upgraded, 0 newly installed, 0 to remove and 0 not upgraded.
Need to get 1300 kB of archives.
After this operation, 308 kB disk space will be freed.
Get:1 http://localhost/debian/ unstable/main mount amd64 2.20.1-5.1 [213 kB]
Get:2 http://localhost/debian/ unstable/main util-linux amd64 2.20.1-5.1 [659 kB]
Get:3 http://localhost/debian/ unstable/main base-passwd amd64 3.5.26 [46.3 kB]
Get:4 http://localhost/debian/ unstable/main bsdutils amd64 1:2.20.1-5.1 [85.3 kB]
Get:5 http://localhost/debian/ unstable/main libuuid1 amd64 2.20.1-5.1 [56.9 kB]
Get:6 http://localhost/debian/ unstable/main libblkid1 amd64 2.20.1-5.1 [120 kB]
Get:7 http://localhost/debian/ unstable/main libmount1 amd64 2.20.1-5.1 [120 kB]
debconf: delaying package configuration, since apt-utils is not installed
Fetched 1300 kB in 0s (2127 kB/s)
(Reading database ... 11730 files and directories currently installed.)
Preparing to replace mount 2.20.1-5 (using .../mount_2.20.1-5.1_amd64.deb) ...
Unpacking replacement mount ...
Setting up mount (2.20.1-5.1) ...
(Reading database ... 11730 files and directories currently installed.)
Preparing to replace util-linux 2.20.1-5 (using .../util-linux_2.20.1-5.1_amd64.deb) ...
Unpacking replacement util-linux ...
Setting up util-linux (2.20.1-5.1) ...
(Reading database ... 11730 files and directories currently installed.)
Preparing to replace base-passwd 3.5.25 (using .../base-passwd_3.5.26_amd64.deb) ...
Unpacking replacement base-passwd ...
Setting up base-passwd (3.5.26) ...
(Reading database ... 11730 files and directories currently installed.)
Preparing to replace bsdutils 1:2.20.1-5 (using .../bsdutils_1%3a2.20.1-5.1_amd64.deb) ...
Unpacking replacement bsdutils ...
Setting up bsdutils (1:2.20.1-5.1) ...
(Reading database ... 11730 files and directories currently installed.)
Preparing to replace libuuid1:amd64 2.20.1-5 (using .../libuuid1_2.20.1-5.1_amd64.deb) ...
Unpacking replacement libuuid1:amd64 ...
Setting up libuuid1:amd64 (2.20.1-5.1) ...
(Reading database ... 11730 files and directories currently installed.)
Preparing to replace libblkid1:amd64 2.20.1-5 (using .../libblkid1_2.20.1-5.1_amd64.deb) ...
Unpacking replacement libblkid1:amd64 ...
Setting up libblkid1:amd64 (2.20.1-5.1) ...
(Reading database ... 11730 files and directories currently installed.)
Preparing to replace libmount1 2.20.1-5 (using .../libmount1_2.20.1-5.1_amd64.deb) ...
Unpacking replacement libmount1 ...
Setting up libmount1 (2.20.1-5.1) ...

┌──────────────────────────────────────────────────────────────────────────────┐
│ Fetch source files                                                           │
└──────────────────────────────────────────────────────────────────────────────┘


Check APT
─────────

Checking available source versions...

Download source files with APT
──────────────────────────────

Reading package lists...
Building dependency tree...
Reading state information...
Need to get 215 kB of source archives.
Get:1 http://localhost/debian/ unstable/main sslsniff 0.8-3 (dsc) [1827 B]
Get:2 http://localhost/debian/ unstable/main sslsniff 0.8-3 (tar) [208 kB]
Get:3 http://localhost/debian/ unstable/main sslsniff 0.8-3 (diff) [5589 B]
Fetched 215 kB in 0s (690 kB/s)
Download complete and in download only mode

Check arch
──────────


┌──────────────────────────────────────────────────────────────────────────────┐
│ Chroot Setup Commands                                                        │
└──────────────────────────────────────────────────────────────────────────────┘


/tmp/switch-to-clang
────────────────────

+ echo 'Entering customization script...'
Entering customization script...
+ apt-get update
Ign http://localhost unstable InRelease
Hit http://localhost unstable Release.gpg
Hit http://localhost unstable Release
Hit http://localhost unstable/main Sources/DiffIndex
Hit http://localhost unstable/main amd64 Packages/DiffIndex
Hit http://localhost unstable/main Translation-en/DiffIndex
Reading package lists...
+ echo 'Install of clang'
Install of clang
+ apt-get update
Ign http://localhost unstable InRelease
Hit http://localhost unstable Release.gpg
Hit http://localhost unstable Release
Hit http://localhost unstable/main Sources/DiffIndex
Hit http://localhost unstable/main amd64 Packages/DiffIndex
Hit http://localhost unstable/main Translation-en/DiffIndex
Reading package lists...
+ apt-get install --yes --no-install-recommends clang -t unstable
Reading package lists...
Building dependency tree...
Reading state information...
The following extra packages will be installed:
  libclang-common-dev libffi5 libllvm3.1
Recommended packages:
  llvm-3.1-dev python
The following NEW packages will be installed:
  clang libclang-common-dev libffi5 libllvm3.1
0 upgraded, 4 newly installed, 0 to remove and 0 not upgraded.
Need to get 13.1 MB of archives.
After this operation, 35.6 MB of additional disk space will be used.
Get:1 http://localhost/debian/ unstable/main libffi5 amd64 3.0.10-3 [24.8 kB]
Get:2 http://localhost/debian/ unstable/main libllvm3.1 amd64 3.1-1 [7276 kB]
Get:3 http://localhost/debian/ unstable/main libclang-common-dev amd64 3.1-6 [84.0 kB]
Get:4 http://localhost/debian/ unstable/main clang amd64 3.1-6 [5755 kB]
debconf: delaying package configuration, since apt-utils is not installed
Fetched 13.1 MB in 0s (30.1 MB/s)
Selecting previously unselected package libffi5:amd64.
(Reading database ... 11730 files and directories currently installed.)
Unpacking libffi5:amd64 (from .../libffi5_3.0.10-3_amd64.deb) ...
Selecting previously unselected package libllvm3.1:amd64.
Unpacking libllvm3.1:amd64 (from .../libllvm3.1_3.1-1_amd64.deb) ...
Selecting previously unselected package libclang-common-dev.
Unpacking libclang-common-dev (from .../libclang-common-dev_3.1-6_amd64.deb) ...
Selecting previously unselected package clang.
Unpacking clang (from .../archives/clang_3.1-6_amd64.deb) ...
Setting up libffi5:amd64 (3.0.10-3) ...
Setting up libllvm3.1:amd64 (3.1-1) ...
Setting up libclang-common-dev (3.1-6) ...
Setting up clang (3.1-6) ...
+ echo 'Replace gcc, g++ & cpp by clang'
Replace gcc, g++ & cpp by clang
+ VERSION=4.7
+ cd /usr/bin
+ rm g++-4.7 gcc-4.7 cpp-4.7
+ ln -s clang++ g++-4.7
+ ln -s clang gcc-4.7
+ ln -s clang cpp-4.7
+ cd -
/«BUILDDIR»
+ echo 'Block the installation of new gcc version'
Block the installation of new gcc version
+ dpkg --set-selections
+ echo 'gcc-4.6 hold'
+ dpkg --set-selections
+ echo 'cpp-4.6 hold'
+ dpkg --set-selections
+ echo 'g++-4.6 hold'
+ dpkg --set-selections
+ echo 'gcc-4.7 hold'
+ dpkg --set-selections
+ echo 'cpp-4.7 hold'
+ dpkg --set-selections
+ echo 'g++-4.7 hold'
+ echo 'Check if gcc, g++ & cpp are actually clang'
Check if gcc, g++ & cpp are actually clang
+ grep clang
+ gcc --version

I: Finished running '/tmp/switch-to-clang'.

Finished processing commands.
────────────────────────────────────────────────────────────────────────────────
Merged Build-Depends: build-essential, fakeroot
Filtered Build-Depends: build-essential, fakeroot
dpkg-deb: building package `sbuild-build-depends-core-dummy' in `/«BUILDDIR»/resolver-RzhPwU/apt_archive/sbuild-build-depends-core-dummy.deb'.
OK
Reading package lists...

┌──────────────────────────────────────────────────────────────────────────────┐
│ Install core build dependencies (apt-based resolver)                         │
└──────────────────────────────────────────────────────────────────────────────┘

Installing build dependencies
Reading package lists...
Building dependency tree...
Reading state information...
The following NEW packages will be installed:
  sbuild-build-depends-core-dummy
debconf: delaying package configuration, since apt-utils is not installed
0 upgraded, 1 newly installed, 0 to remove and 0 not upgraded.
Need to get 0 B/706 B of archives.
After this operation, 0 B of additional disk space will be used.
Selecting previously unselected package sbuild-build-depends-core-dummy.
(Reading database ... 11810 files and directories currently installed.)
Unpacking sbuild-build-depends-core-dummy (from .../sbuild-build-depends-core-dummy.deb) ...
Setting up sbuild-build-depends-core-dummy (0.invalid.0) ...
Merged Build-Depends: base-files, base-passwd, bash, coreutils, dash, debianutils, diffutils, dpkg, e2fsprogs, findutils, grep, gzip, hostname, ncurses-base, ncurses-bin, perl-base, sed, login, sysvinit-utils, sysvinit, tar, bsdutils, mount, util-linux, libc6-dev | libc-dev, gcc (>= 4:4.4.3), g++ (>= 4:4.4.3), make, dpkg-dev (>= 1.13.5), debhelper (>= 7), autotools-dev, libssl-dev, liblog4cpp5-dev, libboost-dev, libboost-regex-dev, libboost-filesystem-dev, libboost-thread-dev
Filtered Build-Depends: base-files, base-passwd, bash, coreutils, dash, debianutils, diffutils, dpkg, e2fsprogs, findutils, grep, gzip, hostname, ncurses-base, ncurses-bin, perl-base, sed, login, sysvinit-utils, sysvinit, tar, bsdutils, mount, util-linux, libc6-dev, gcc (>= 4:4.4.3), g++ (>= 4:4.4.3), make, dpkg-dev (>= 1.13.5), debhelper (>= 7), autotools-dev, libssl-dev, liblog4cpp5-dev, libboost-dev, libboost-regex-dev, libboost-filesystem-dev, libboost-thread-dev
dpkg-deb: building package `sbuild-build-depends-sslsniff-dummy' in `/«BUILDDIR»/resolver-Tg_XVT/apt_archive/sbuild-build-depends-sslsniff-dummy.deb'.
OK
Reading package lists...

┌──────────────────────────────────────────────────────────────────────────────┐
│ Install sslsniff build dependencies (apt-based resolver)                     │
└──────────────────────────────────────────────────────────────────────────────┘

Installing build dependencies
Reading package lists...
Building dependency tree...
Reading state information...
The following extra packages will be installed:
  autotools-dev bsdmainutils debhelper file gettext gettext-base groff-base
  html2text intltool-debian libasprintf0c2 libboost-date-time1.49-dev
  libboost-date-time1.49.0 libboost-dev libboost-filesystem-dev
  libboost-filesystem1.49-dev libboost-filesystem1.49.0 libboost-regex-dev
  libboost-regex1.49-dev libboost-regex1.49.0 libboost-serialization1.49-dev
  libboost-serialization1.49.0 libboost-system1.49-dev libboost-system1.49.0
  libboost-thread-dev libboost-thread1.49-dev libboost-thread1.49.0
  libboost1.49-dev libcroco3 libgettextpo0 libglib2.0-0 libicu-dev libicu48
  liblog4cpp5 liblog4cpp5-dev libmagic1 libpcre3 libpipeline1 libssl-dev
  libssl1.0.0 libunistring0 libxml2 man-db po-debconf zlib1g-dev
Suggested packages:
  wamerican wordlist whois vacation dh-make gettext-doc groff libboost-doc
  libboost1.49-doc libboost-chrono1.49-dev libboost-graph-parallel1.49-dev
  libboost-graph1.49-dev libboost-iostreams1.49-dev libboost-locale1.49-dev
  libboost-math1.49-dev libboost-mpi1.49-dev libboost-program-options1.49-dev
  libboost-python1.49-dev libboost-random1.49-dev libboost-signals1.49-dev
  libboost-test1.49-dev libboost-timer1.49-dev libboost-wave1.49-dev xsltproc
  doxygen docbook-xml docbook-xsl default-jdk fop icu-doc less www-browser
  libmail-box-perl
Recommended packages:
  curl wget lynx-cur autopoint libglib2.0-data shared-mime-info libssl-doc
  xml-core libmail-sendmail-perl
The following NEW packages will be installed:
  autotools-dev bsdmainutils debhelper file gettext gettext-base groff-base
  html2text intltool-debian libasprintf0c2 libboost-date-time1.49-dev
  libboost-date-time1.49.0 libboost-dev libboost-filesystem-dev
  libboost-filesystem1.49-dev libboost-filesystem1.49.0 libboost-regex-dev
  libboost-regex1.49-dev libboost-regex1.49.0 libboost-serialization1.49-dev
  libboost-serialization1.49.0 libboost-system1.49-dev libboost-system1.49.0
  libboost-thread-dev libboost-thread1.49-dev libboost-thread1.49.0
  libboost1.49-dev libcroco3 libgettextpo0 libglib2.0-0 libicu-dev libicu48
  liblog4cpp5 liblog4cpp5-dev libmagic1 libpcre3 libpipeline1 libssl-dev
  libssl1.0.0 libunistring0 libxml2 man-db po-debconf
  sbuild-build-depends-sslsniff-dummy zlib1g-dev
0 upgraded, 45 newly installed, 0 to remove and 0 not upgraded.
Need to get 42.8 MB/42.8 MB of archives.
After this operation, 192 MB of additional disk space will be used.
Get:1 http://localhost/debian/ unstable/main libpipeline1 amd64 1.2.1-1 [39.2 kB]
Get:2 http://localhost/debian/ unstable/main libssl1.0.0 amd64 1.0.1c-3 [1211 kB]
Get:3 http://localhost/debian/ unstable/main libasprintf0c2 amd64 0.18.1.1-9 [26.8 kB]
Get:4 http://localhost/debian/ unstable/main libmagic1 amd64 5.11-1 [250 kB]
Get:5 http://localhost/debian/ unstable/main libpcre3 amd64 1:8.30-5 [242 kB]
Get:6 http://localhost/debian/ unstable/main libxml2 amd64 2.8.0+dfsg1-4 [903 kB]
Get:7 http://localhost/debian/ unstable/main libglib2.0-0 amd64 2.32.3-1 [2081 kB]
Get:8 http://localhost/debian/ unstable/main libcroco3 amd64 0.6.5-1 [151 kB]
Get:9 http://localhost/debian/ unstable/main libunistring0 amd64 0.9.3-5 [434 kB]
Get:10 http://localhost/debian/ unstable/main libgettextpo0 amd64 0.18.1.1-9 [145 kB]
Get:11 http://localhost/debian/ unstable/main libicu48 amd64 4.8.1.1-8 [8138 kB]
Get:12 http://localhost/debian/ unstable/main bsdmainutils amd64 9.0.3 [209 kB]
Get:13 http://localhost/debian/ unstable/main groff-base amd64 1.21-8 [1152 kB]
Get:14 http://localhost/debian/ unstable/main man-db amd64 2.6.2-1 [1061 kB]
Get:15 http://localhost/debian/ unstable/main file amd64 5.11-1 [53.2 kB]
Get:16 http://localhost/debian/ unstable/main gettext-base amd64 0.18.1.1-9 [154 kB]
Get:17 http://localhost/debian/ unstable/main autotools-dev all 20120608.1 [73.0 kB]
Get:18 http://localhost/debian/ unstable/main html2text amd64 1.3.2a-15 [103 kB]
Get:19 http://localhost/debian/ unstable/main gettext amd64 0.18.1.1-9 [1975 kB]
Get:20 http://localhost/debian/ unstable/main intltool-debian all 0.35.0+20060710.1 [30.8 kB]
Get:21 http://localhost/debian/ unstable/main po-debconf all 1.0.16+nmu2 [224 kB]
Get:22 http://localhost/debian/ unstable/main debhelper all 9.20120608 [700 kB]
Get:23 http://localhost/debian/ unstable/main libboost1.49-dev amd64 1.49.0-3 [9266 kB]
Get:24 http://localhost/debian/ unstable/main libboost-date-time1.49.0 amd64 1.49.0-3 [46.1 kB]
Get:25 http://localhost/debian/ unstable/main libboost-serialization1.49.0 amd64 1.49.0-3 [209 kB]
Get:26 http://localhost/debian/ unstable/main libboost-serialization1.49-dev amd64 1.49.0-3 [305 kB]
Get:27 http://localhost/debian/ unstable/main libboost-date-time1.49-dev amd64 1.49.0-3 [49.0 kB]
Get:28 http://localhost/debian/ unstable/main libboost-dev amd64 1.49.0.1 [3022 B]
Get:29 http://localhost/debian/ unstable/main libboost-system1.49.0 amd64 1.49.0-3 [32.7 kB]
Get:30 http://localhost/debian/ unstable/main libboost-filesystem1.49.0 amd64 1.49.0-3 [77.0 kB]
Get:31 http://localhost/debian/ unstable/main libboost-system1.49-dev amd64 1.49.0-3 [36.0 kB]
Get:32 http://localhost/debian/ unstable/main libboost-filesystem1.49-dev amd64 1.49.0-3 [108 kB]
Get:33 http://localhost/debian/ unstable/main libboost-filesystem-dev amd64 1.49.0.1 [2744 B]
Get:34 http://localhost/debian/ unstable/main libboost-regex1.49.0 amd64 1.49.0-3 [433 kB]
Get:35 http://localhost/debian/ unstable/main libicu-dev amd64 4.8.1.1-8 [9835 kB]
Get:36 http://localhost/debian/ unstable/main libboost-regex1.49-dev amd64 1.49.0-3 [617 kB]
Get:37 http://localhost/debian/ unstable/main libboost-regex-dev amd64 1.49.0.1 [2970 B]
Get:38 http://localhost/debian/ unstable/main libboost-thread1.49.0 amd64 1.49.0-3 [60.5 kB]
Get:39 http://localhost/debian/ unstable/main libboost-thread1.49-dev amd64 1.49.0-3 [65.7 kB]
Get:40 http://localhost/debian/ unstable/main libboost-thread-dev amd64 1.49.0.1 [2736 B]
Get:41 http://localhost/debian/ unstable/main liblog4cpp5 amd64 1.0-4 [129 kB]
Get:42 http://localhost/debian/ unstable/main liblog4cpp5-dev amd64 1.0-4 [214 kB]
Get:43 http://localhost/debian/ unstable/main zlib1g-dev amd64 1:1.2.7.dfsg-13 [215 kB]
Get:44 http://localhost/debian/ unstable/main libssl-dev amd64 1.0.1c-3 [1696 kB]
debconf: delaying package configuration, since apt-utils is not installed
Fetched 42.8 MB in 2s (18.0 MB/s)
Selecting previously unselected package libpipeline1:amd64.
(Reading database ... 11810 files and directories currently installed.)
Unpacking libpipeline1:amd64 (from .../libpipeline1_1.2.1-1_amd64.deb) ...
Selecting previously unselected package libssl1.0.0:amd64.
Unpacking libssl1.0.0:amd64 (from .../libssl1.0.0_1.0.1c-3_amd64.deb) ...
Selecting previously unselected package libasprintf0c2:amd64.
Unpacking libasprintf0c2:amd64 (from .../libasprintf0c2_0.18.1.1-9_amd64.deb) ...
Selecting previously unselected package libmagic1:amd64.
Unpacking libmagic1:amd64 (from .../libmagic1_5.11-1_amd64.deb) ...
Selecting previously unselected package libpcre3:amd64.
Unpacking libpcre3:amd64 (from .../libpcre3_1%3a8.30-5_amd64.deb) ...
Selecting previously unselected package libxml2:amd64.
Unpacking libxml2:amd64 (from .../libxml2_2.8.0+dfsg1-4_amd64.deb) ...
Selecting previously unselected package libglib2.0-0:amd64.
Unpacking libglib2.0-0:amd64 (from .../libglib2.0-0_2.32.3-1_amd64.deb) ...
Selecting previously unselected package libcroco3:amd64.
Unpacking libcroco3:amd64 (from .../libcroco3_0.6.5-1_amd64.deb) ...
Selecting previously unselected package libunistring0:amd64.
Unpacking libunistring0:amd64 (from .../libunistring0_0.9.3-5_amd64.deb) ...
Selecting previously unselected package libgettextpo0:amd64.
Unpacking libgettextpo0:amd64 (from .../libgettextpo0_0.18.1.1-9_amd64.deb) ...
Selecting previously unselected package libicu48:amd64.
Unpacking libicu48:amd64 (from .../libicu48_4.8.1.1-8_amd64.deb) ...
Selecting previously unselected package bsdmainutils.
Unpacking bsdmainutils (from .../bsdmainutils_9.0.3_amd64.deb) ...
Selecting previously unselected package groff-base.
Unpacking groff-base (from .../groff-base_1.21-8_amd64.deb) ...
Selecting previously unselected package man-db.
Unpacking man-db (from .../man-db_2.6.2-1_amd64.deb) ...
Selecting previously unselected package file.
Unpacking file (from .../archives/file_5.11-1_amd64.deb) ...
Selecting previously unselected package gettext-base.
Unpacking gettext-base (from .../gettext-base_0.18.1.1-9_amd64.deb) ...
Selecting previously unselected package autotools-dev.
Unpacking autotools-dev (from .../autotools-dev_20120608.1_all.deb) ...
Selecting previously unselected package html2text.
Unpacking html2text (from .../html2text_1.3.2a-15_amd64.deb) ...
Selecting previously unselected package gettext.
Unpacking gettext (from .../gettext_0.18.1.1-9_amd64.deb) ...
Selecting previously unselected package intltool-debian.
Unpacking intltool-debian (from .../intltool-debian_0.35.0+20060710.1_all.deb) ...
Selecting previously unselected package po-debconf.
Unpacking po-debconf (from .../po-debconf_1.0.16+nmu2_all.deb) ...
Selecting previously unselected package debhelper.
Unpacking debhelper (from .../debhelper_9.20120608_all.deb) ...
Selecting previously unselected package libboost1.49-dev.
Unpacking libboost1.49-dev (from .../libboost1.49-dev_1.49.0-3_amd64.deb) ...
Selecting previously unselected package libboost-date-time1.49.0.
Unpacking libboost-date-time1.49.0 (from .../libboost-date-time1.49.0_1.49.0-3_amd64.deb) ...
Selecting previously unselected package libboost-serialization1.49.0.
Unpacking libboost-serialization1.49.0 (from .../libboost-serialization1.49.0_1.49.0-3_amd64.deb) ...
Selecting previously unselected package libboost-serialization1.49-dev.
Unpacking libboost-serialization1.49-dev (from .../libboost-serialization1.49-dev_1.49.0-3_amd64.deb) ...
Selecting previously unselected package libboost-date-time1.49-dev.
Unpacking libboost-date-time1.49-dev (from .../libboost-date-time1.49-dev_1.49.0-3_amd64.deb) ...
Selecting previously unselected package libboost-dev.
Unpacking libboost-dev (from .../libboost-dev_1.49.0.1_amd64.deb) ...
Selecting previously unselected package libboost-system1.49.0.
Unpacking libboost-system1.49.0 (from .../libboost-system1.49.0_1.49.0-3_amd64.deb) ...
Selecting previously unselected package libboost-filesystem1.49.0.
Unpacking libboost-filesystem1.49.0 (from .../libboost-filesystem1.49.0_1.49.0-3_amd64.deb) ...
Selecting previously unselected package libboost-system1.49-dev.
Unpacking libboost-system1.49-dev (from .../libboost-system1.49-dev_1.49.0-3_amd64.deb) ...
Selecting previously unselected package libboost-filesystem1.49-dev.
Unpacking libboost-filesystem1.49-dev (from .../libboost-filesystem1.49-dev_1.49.0-3_amd64.deb) ...
Selecting previously unselected package libboost-filesystem-dev.
Unpacking libboost-filesystem-dev (from .../libboost-filesystem-dev_1.49.0.1_amd64.deb) ...
Selecting previously unselected package libboost-regex1.49.0.
Unpacking libboost-regex1.49.0 (from .../libboost-regex1.49.0_1.49.0-3_amd64.deb) ...
Selecting previously unselected package libicu-dev.
Unpacking libicu-dev (from .../libicu-dev_4.8.1.1-8_amd64.deb) ...
Selecting previously unselected package libboost-regex1.49-dev.
Unpacking libboost-regex1.49-dev (from .../libboost-regex1.49-dev_1.49.0-3_amd64.deb) ...
Selecting previously unselected package libboost-regex-dev.
Unpacking libboost-regex-dev (from .../libboost-regex-dev_1.49.0.1_amd64.deb) ...
Selecting previously unselected package libboost-thread1.49.0.
Unpacking libboost-thread1.49.0 (from .../libboost-thread1.49.0_1.49.0-3_amd64.deb) ...
Selecting previously unselected package libboost-thread1.49-dev.
Unpacking libboost-thread1.49-dev (from .../libboost-thread1.49-dev_1.49.0-3_amd64.deb) ...
Selecting previously unselected package libboost-thread-dev.
Unpacking libboost-thread-dev (from .../libboost-thread-dev_1.49.0.1_amd64.deb) ...
Selecting previously unselected package liblog4cpp5.
Unpacking liblog4cpp5 (from .../liblog4cpp5_1.0-4_amd64.deb) ...
Selecting previously unselected package liblog4cpp5-dev.
Unpacking liblog4cpp5-dev (from .../liblog4cpp5-dev_1.0-4_amd64.deb) ...
Selecting previously unselected package zlib1g-dev:amd64.
Unpacking zlib1g-dev:amd64 (from .../zlib1g-dev_1%3a1.2.7.dfsg-13_amd64.deb) ...
Selecting previously unselected package libssl-dev.
Unpacking libssl-dev (from .../libssl-dev_1.0.1c-3_amd64.deb) ...
Selecting previously unselected package sbuild-build-depends-sslsniff-dummy.
Unpacking sbuild-build-depends-sslsniff-dummy (from .../sbuild-build-depends-sslsniff-dummy.deb) ...
Setting up libpipeline1:amd64 (1.2.1-1) ...
Setting up libssl1.0.0:amd64 (1.0.1c-3) ...
Setting up libasprintf0c2:amd64 (0.18.1.1-9) ...
Setting up libmagic1:amd64 (5.11-1) ...
Setting up libpcre3:amd64 (1:8.30-5) ...
Setting up libxml2:amd64 (2.8.0+dfsg1-4) ...
Setting up libglib2.0-0:amd64 (2.32.3-1) ...
No schema files found: doing nothing.
Setting up libcroco3:amd64 (0.6.5-1) ...
Setting up libunistring0:amd64 (0.9.3-5) ...
Setting up libgettextpo0:amd64 (0.18.1.1-9) ...
Setting up libicu48:amd64 (4.8.1.1-8) ...
Setting up bsdmainutils (9.0.3) ...
update-alternatives: using /usr/bin/bsd-write to provide /usr/bin/write (write) in auto mode.
update-alternatives: using /usr/bin/bsd-from to provide /usr/bin/from (from) in auto mode.
Setting up groff-base (1.21-8) ...
Setting up man-db (2.6.2-1) ...
Building database of manual pages ...
Setting up file (5.11-1) ...
Setting up gettext-base (0.18.1.1-9) ...
Setting up autotools-dev (20120608.1) ...
Setting up html2text (1.3.2a-15) ...
Setting up gettext (0.18.1.1-9) ...
Setting up intltool-debian (0.35.0+20060710.1) ...
Setting up po-debconf (1.0.16+nmu2) ...
Setting up debhelper (9.20120608) ...
Setting up libboost1.49-dev (1.49.0-3) ...
Setting up libboost-date-time1.49.0 (1.49.0-3) ...
Setting up libboost-serialization1.49.0 (1.49.0-3) ...
Setting up libboost-serialization1.49-dev (1.49.0-3) ...
Setting up libboost-date-time1.49-dev (1.49.0-3) ...
Setting up libboost-dev (1.49.0.1) ...
Setting up libboost-system1.49.0 (1.49.0-3) ...
Setting up libboost-filesystem1.49.0 (1.49.0-3) ...
Setting up libboost-system1.49-dev (1.49.0-3) ...
Setting up libboost-filesystem1.49-dev (1.49.0-3) ...
Setting up libboost-filesystem-dev (1.49.0.1) ...
Setting up libboost-regex1.49.0 (1.49.0-3) ...
Setting up libicu-dev (4.8.1.1-8) ...
Setting up libboost-regex1.49-dev (1.49.0-3) ...
Setting up libboost-regex-dev (1.49.0.1) ...
Setting up libboost-thread1.49.0 (1.49.0-3) ...
Setting up libboost-thread1.49-dev (1.49.0-3) ...
Setting up libboost-thread-dev (1.49.0.1) ...
Setting up liblog4cpp5 (1.0-4) ...
Setting up liblog4cpp5-dev (1.0-4) ...
Setting up zlib1g-dev:amd64 (1:1.2.7.dfsg-13) ...
Setting up libssl-dev (1.0.1c-3) ...
Setting up sbuild-build-depends-sslsniff-dummy (0.invalid.0) ...

┌──────────────────────────────────────────────────────────────────────────────┐
│ Build environment                                                            │
└──────────────────────────────────────────────────────────────────────────────┘

Kernel: Linux 2.6.32-5-xen-amd64 amd64 (x86_64)
Toolchain package versions: binutils_2.22-6.1 dpkg-dev_1.16.4.3 g++-4.6_4.6.3-7 g++-4.7_4.7.1-1 gcc-4.6_4.6.3-7 gcc-4.7_4.7.1-1 libc6-dev_2.13-33 libstdc++6_4.7.1-1 libstdc++6-4.6-dev_4.6.3-7 libstdc++6-4.7-dev_4.7.1-1 linux-libc-dev_3.2.20-1
Package versions: apt_0.9.7 autotools-dev_20120608.1 base-files_6.11 base-passwd_3.5.26 bash_4.2-2 binutils_2.22-6.1 bsdmainutils_9.0.3 bsdutils_1:2.20.1-5.1 build-essential_11.5 bzip2_1.0.6-3 clang_3.1-6 coreutils_8.13-3.2 cpp_4:4.7.0-6 cpp-4.6_4.6.3-7 cpp-4.7_4.7.1-1 dash_0.5.7-3 debconf_1.5.44 debconf-i18n_1.5.44 debfoster_2.7-1.1 debhelper_9.20120608 debian-archive-keyring_2012.4 debianutils_4.3.1 diffutils_1:3.2-6 dpkg_1.16.4.3 dpkg-dev_1.16.4.3 e2fslibs_1.42.4-3 e2fsprogs_1.42.4-3 fakeroot_1.18.4-2 file_5.11-1 findutils_4.4.2-4 g++_4:4.7.0-6 g++-4.6_4.6.3-7 g++-4.7_4.7.1-1 gcc_4:4.7.0-6 gcc-4.4-base_4.4.7-1 gcc-4.5-base_4.5.3-12 gcc-4.6_4.6.3-7 gcc-4.6-base_4.6.3-7 gcc-4.7_4.7.1-1 gcc-4.7-base_4.7.1-1 gettext_0.18.1.1-9 gettext-base_0.18.1.1-9 gnupg_1.4.12-4 gpgv_1.4.12-4 grep_2.12-2 groff-base_1.21-8 gzip_1.5-1.1 hostname_3.11 html2text_1.3.2a-15 initscripts_2.88dsf-27 insserv_1.14.0-3 intltool-debian_0.35.0+20060710.1 libacl1_2.2.51-8 libapt-pkg4.12_0.9.7 libasprintf0c2_0.18.1.1-9 libattr1_1:2.4.46-8 libblkid1_2.20.1-5.1 libboost-date-time1.49-dev_1.49.0-3 libboost-date-time1.49.0_1.49.0-3 libboost-dev_1.49.0.1 libboost-filesystem-dev_1.49.0.1 libboost-filesystem1.49-dev_1.49.0-3 libboost-filesystem1.49.0_1.49.0-3 libboost-regex-dev_1.49.0.1 libboost-regex1.49-dev_1.49.0-3 libboost-regex1.49.0_1.49.0-3 libboost-serialization1.49-dev_1.49.0-3 libboost-serialization1.49.0_1.49.0-3 libboost-system1.49-dev_1.49.0-3 libboost-system1.49.0_1.49.0-3 libboost-thread-dev_1.49.0.1 libboost-thread1.49-dev_1.49.0-3 libboost-thread1.49.0_1.49.0-3 libboost1.49-dev_1.49.0-3 libbz2-1.0_1.0.6-3 libc-bin_2.13-33 libc-dev-bin_2.13-33 libc6_2.13-33 libc6-dev_2.13-33 libclang-common-dev_3.1-6 libclass-isa-perl_0.36-3 libcomerr2_1.42.4-3 libcroco3_0.6.5-1 libdb5.1_5.1.29-4 libdpkg-perl_1.16.4.3 libffi5_3.0.10-3 libfile-fcntllock-perl_0.14-2 libgc1c2_1:7.1-8 libgcc1_1:4.7.1-1 libgdbm3_1.8.3-11 libgettextpo0_0.18.1.1-9 libglib2.0-0_2.32.3-1 libgmp10_2:5.0.5+dfsg-2 libgomp1_4.7.1-1 libicu-dev_4.8.1.1-8 libicu48_4.8.1.1-8 libitm1_4.7.1-1 libllvm3.1_3.1-1 liblocale-gettext-perl_1.05-7+b1 liblog4cpp5_1.0-4 liblog4cpp5-dev_1.0-4 liblzma5_5.1.1alpha+20120614-1 libmagic1_5.11-1 libmount1_2.20.1-5.1 libmpc2_0.9-4 libmpfr4_3.1.0-5 libncurses5_5.9-9 libpam-modules_1.1.3-7.1 libpam-modules-bin_1.1.3-7.1 libpam-runtime_1.1.3-7.1 libpam0g_1.1.3-7.1 libpcre3_1:8.30-5 libpipeline1_1.2.1-1 libquadmath0_4.7.1-1 libreadline6_6.2-8 libselinux1_2.1.9-5 libsemanage-common_2.1.6-6 libsemanage1_2.1.6-6 libsepol1_2.1.4-3 libslang2_2.2.4-13 libss2_1.42.4-3 libssl-dev_1.0.1c-3 libssl1.0.0_1.0.1c-3 libstdc++6_4.7.1-1 libstdc++6-4.6-dev_4.6.3-7 libstdc++6-4.7-dev_4.7.1-1 libswitch-perl_2.16-2 libtext-charwidth-perl_0.04-7+b1 libtext-iconv-perl_1.7-5 libtext-wrapi18n-perl_0.06-7 libtimedate-perl_1.2000-1 libtinfo5_5.9-9 libunistring0_0.9.3-5 libusb-0.1-4_2:0.1.12-23 libustr-1.0-1_1.0.4-3 libuuid1_2.20.1-5.1 libxml2_2.8.0+dfsg1-4 linux-libc-dev_3.2.20-1 login_1:4.1.5.1-1 lsb-base_4.1+Debian7 make_3.81-8.2 man-db_2.6.2-1 mawk_1.3.3-17 mount_2.20.1-5.1 multiarch-support_2.13-33 ncurses-base_5.9-9 ncurses-bin_5.9-9 passwd_1:4.1.5.1-1 patch_2.6.1-3 perl_5.14.2-12 perl-base_5.14.2-12 perl-modules_5.14.2-12 po-debconf_1.0.16+nmu2 readline-common_6.2-8 sbuild-build-depends-core-dummy_0.invalid.0 sbuild-build-depends-sslsniff-dummy_0.invalid.0 sed_4.2.1-10 sensible-utils_0.0.7 sysv-rc_2.88dsf-27 sysvinit_2.88dsf-27 sysvinit-utils_2.88dsf-27 tar_1.26-4 tzdata_2012c-1 ucf_3.0025+nmu3 util-linux_2.20.1-5.1 xz-utils_5.1.1alpha+20120614-1 zlib1g_1:1.2.7.dfsg-13 zlib1g-dev_1:1.2.7.dfsg-13

┌──────────────────────────────────────────────────────────────────────────────┐
│ Build                                                                        │
└──────────────────────────────────────────────────────────────────────────────┘


Unpack source
─────────────

gpgv: keyblock resource `/sbuild-nonexistent/.gnupg/trustedkeys.gpg': file open error
gpgv: Signature made Sat Dec 31 08:32:31 2011 UTC using RSA key ID F1393998
gpgv: Can't check signature: public key not found
dpkg-source: warning: failed to verify signature on ./sslsniff_0.8-3.dsc
dpkg-source: info: extracting sslsniff in sslsniff-0.8
dpkg-source: info: unpacking sslsniff_0.8.orig.tar.gz
dpkg-source: info: unpacking sslsniff_0.8-3.debian.tar.gz
dpkg-source: info: applying 01-fix-compatibility-with-boost-1.48.patch

Check disc space
────────────────

Sufficient free space for build

User Environment
────────────────

HOME=/sbuild-nonexistent
LOGNAME=root
PATH=/usr/local/sbin:/usr/local/bin:/usr/sbin:/usr/bin:/sbin:/bin:/usr/bin/X11
SCHROOT_CHROOT_NAME=unstable-amd64-sbuild
SCHROOT_COMMAND=env
SCHROOT_GID=0
SCHROOT_GROUP=root
SCHROOT_SESSION_ID=unstable-amd64-sbuild-0bbc3458-f0e1-44bd-bbc0-d3620e1c687b
SCHROOT_UID=0
SCHROOT_USER=root
SHELL=/bin/sh
USER=root

dpkg-buildpackage
─────────────────

dpkg-buildpackage: warning: using a gain-root-command while being root
dpkg-buildpackage: source package sslsniff
dpkg-buildpackage: source version 0.8-3
dpkg-buildpackage: source changed by Pierre Chifflier <pollux@debian.org>
 dpkg-source --before-build sslsniff-0.8
dpkg-buildpackage: host architecture amd64
 fakeroot debian/rules clean
dh_testdir
dh_testroot
rm -f build-stamp 
# Add here commands to clean up after the build process.
[ ! -f Makefile ] || /usr/bin/make distclean
rm -f config.sub config.guess
dh_clean 
dpkg-buildpackage: warning: debian/rules must be updated to support the 'build-arch' and 'build-indep' targets (at least 'build-arch' seems to be missing)
 debian/rules build
dh_testdir
# Add here commands to configure the package.
cp -f /usr/share/misc/config.sub config.sub
cp -f /usr/share/misc/config.guess config.guess
./configure --build x86_64-linux-gnu --prefix=/usr --mandir=\${prefix}/share/man --infodir=\${prefix}/share/info CFLAGS="" LDFLAGS="-Wl,--as-needed -Wl,-z,defs" LIBS="-lssl -lboost_filesystem -lpthread -lboost_thread -llog4cpp -lcrypto -lboost_system"
checking for a BSD-compatible install... /usr/bin/install -c
checking whether build environment is sane... yes
checking for a thread-safe mkdir -p... /bin/mkdir -p
checking for gawk... no
checking for mawk... mawk
checking whether make sets $(MAKE)... yes
checking for gcc... gcc
checking whether the C compiler works... yes
checking for C compiler default output file name... a.out
checking for suffix of executables... 
checking whether we are cross compiling... no
checking for suffix of object files... o
checking whether we are using the GNU C compiler... yes
checking whether gcc accepts -g... yes
checking for gcc option to accept ISO C89... none needed
checking for style of include used by make... GNU
checking dependency style of gcc... gcc3
checking for g++... g++
checking whether we are using the GNU C++ compiler... yes
checking whether g++ accepts -g... yes
checking dependency style of g++... gcc3
checking how to run the C++ preprocessor... g++ -E
checking for grep that handles long lines and -e... /bin/grep
checking for egrep... /bin/grep -E
checking for ANSI C header files... yes
checking for sys/types.h... yes
checking for sys/stat.h... yes
checking for stdlib.h... yes
checking for string.h... yes
checking for memory.h... yes
checking for strings.h... yes
checking for inttypes.h... yes
checking for stdint.h... yes
checking for unistd.h... yes
checking log4cpp/Category.hh usability... yes
checking log4cpp/Category.hh presence... yes
checking for log4cpp/Category.hh... yes
checking boost/asio.hpp usability... yes
checking boost/asio.hpp presence... yes
checking for boost/asio.hpp... yes
checking boost/filesystem.hpp usability... yes
checking boost/filesystem.hpp presence... yes
checking for boost/filesystem.hpp... yes
checking boost/thread.hpp usability... yes
checking boost/thread.hpp presence... yes
checking for boost/thread.hpp... yes
checking openssl/ssl.h usability... yes
checking openssl/ssl.h presence... yes
checking for openssl/ssl.h... yes
configure: creating ./config.status
config.status: creating Makefile
config.status: executing depfiles commands
### Fix incorrect LDFLAGS in generated Makefile
sed -i \
	  -e 's/-lboost_filesystem/-lboost_filesystem-mt/' \
	  -e 's/-lboost_thread/-lboost_thread-mt/' \
	  Makefile
dh_testdir
# Add here commands to compile the package.
/usr/bin/make
make[1]: Entering directory `/«PKGBUILDDIR»'
g++ -DPACKAGE_NAME=\"\" -DPACKAGE_TARNAME=\"\" -DPACKAGE_VERSION=\"\" -DPACKAGE_STRING=\"\" -DPACKAGE_BUGREPORT=\"\" -DPACKAGE_URL=\"\" -DPACKAGE=\"sslsniff\" -DVERSION=\"0.8\" -DSTDC_HEADERS=1 -DHAVE_SYS_TYPES_H=1 -DHAVE_SYS_STAT_H=1 -DHAVE_STDLIB_H=1 -DHAVE_STRING_H=1 -DHAVE_MEMORY_H=1 -DHAVE_STRINGS_H=1 -DHAVE_INTTYPES_H=1 -DHAVE_STDINT_H=1 -DHAVE_UNISTD_H=1 -I.    -ggdb -g -O2 -MT SSLConnectionManager.o -MD -MP -MF .deps/SSLConnectionManager.Tpo -c -o SSLConnectionManager.o SSLConnectionManager.cpp
In file included from SSLConnectionManager.cpp:20:
In file included from ./FirefoxAddonUpdater.hpp:26:
In file included from ./FirefoxUpdater.hpp:23:
In file included from ./HTTPSBridge.hpp:24:
In file included from ./SSLBridge.hpp:41:
./certificate/Certificate.hpp:60:39: warning: implicit conversion from 'const size_type' (aka 'const unsigned long') to 'int' changes value from 18446744073709551615 to -1 [-Wconstant-conversion]
    else              forwardSlash  = std::string::npos;
                                    ~ ^~~~~~~~~~~~~~~~~
SSLConnectionManager.cpp:98:17: error: redefinition of 'error' with a different type
    std::string error = errorStream.str();    
                ^
SSLConnectionManager.cpp:95:32: note: previous definition is here
  } catch (SSLConnectionError &error) {
                               ^
SSLConnectionManager.cpp:99:22: error: no viable conversion from 'SSLConnectionError' to 'std::string' (aka 'basic_string<char>')
    Logger::logError(error);
                     ^~~~~
/usr/bin/../lib/gcc/x86_64-linux-gnu/4.7/../../../../include/c++/4.7/bits/basic_string.h:451:7: note: candidate constructor not viable: no known conversion from 'SSLConnectionError' to 'const std::basic_string<char> &' for 1st argument; 
      basic_string(const basic_string& __str);
      ^
/usr/bin/../lib/gcc/x86_64-linux-gnu/4.7/../../../../include/c++/4.7/bits/basic_string.h:486:7: note: candidate constructor not viable: no known conversion from 'SSLConnectionError' to 'const char *' for 1st argument; 
      basic_string(const _CharT* __s, const _Alloc& __a = _Alloc());
      ^
./certificate/../Logger.hpp:33:36: note: passing argument to parameter 'error' here
  static void logError(std::string error);
                                   ^
SSLConnectionManager.cpp:103:17: error: redefinition of 'error' with a different type
    std::string error = errorStream.str();    
                ^
SSLConnectionManager.cpp:100:36: note: previous definition is here
  } catch (FirefoxUpdateException &error) {
                                   ^
SSLConnectionManager.cpp:104:22: error: no viable conversion from 'FirefoxUpdateException' to 'std::string' (aka 'basic_string<char>')
    Logger::logError(error);
                     ^~~~~
/usr/bin/../lib/gcc/x86_64-linux-gnu/4.7/../../../../include/c++/4.7/bits/basic_string.h:451:7: note: candidate constructor not viable: no known conversion from 'FirefoxUpdateException' to 'const std::basic_string<char> &' for 1st argument; 
      basic_string(const basic_string& __str);
      ^
/usr/bin/../lib/gcc/x86_64-linux-gnu/4.7/../../../../include/c++/4.7/bits/basic_string.h:486:7: note: candidate constructor not viable: no known conversion from 'FirefoxUpdateException' to 'const char *' for 1st argument; 
      basic_string(const _CharT* __s, const _Alloc& __a = _Alloc());
      ^
./certificate/../Logger.hpp:33:36: note: passing argument to parameter 'error' here
  static void logError(std::string error);
                                   ^
SSLConnectionManager.cpp:123:17: error: redefinition of 'error' with a different type
    std::string error = errorStream.str();    
                ^
SSLConnectionManager.cpp:120:32: note: previous definition is here
  } catch (SSLConnectionError &error) {
                               ^
SSLConnectionManager.cpp:124:22: error: no viable conversion from 'SSLConnectionError' to 'std::string' (aka 'basic_string<char>')
    Logger::logError(error);
                     ^~~~~
/usr/bin/../lib/gcc/x86_64-linux-gnu/4.7/../../../../include/c++/4.7/bits/basic_string.h:451:7: note: candidate constructor not viable: no known conversion from 'SSLConnectionError' to 'const std::basic_string<char> &' for 1st argument; 
      basic_string(const basic_string& __str);
      ^
/usr/bin/../lib/gcc/x86_64-linux-gnu/4.7/../../../../include/c++/4.7/bits/basic_string.h:486:7: note: candidate constructor not viable: no known conversion from 'SSLConnectionError' to 'const char *' for 1st argument; 
      basic_string(const _CharT* __s, const _Alloc& __a = _Alloc());
      ^
./certificate/../Logger.hpp:33:36: note: passing argument to parameter 'error' here
  static void logError(std::string error);
                                   ^
SSLConnectionManager.cpp:128:17: error: redefinition of 'error' with a different type
    std::string error = errorStream.str();    
                ^
SSLConnectionManager.cpp:125:36: note: previous definition is here
  } catch (FirefoxUpdateException &error) {
                                   ^
SSLConnectionManager.cpp:129:22: error: no viable conversion from 'FirefoxUpdateException' to 'std::string' (aka 'basic_string<char>')
    Logger::logError(error);
                     ^~~~~
/usr/bin/../lib/gcc/x86_64-linux-gnu/4.7/../../../../include/c++/4.7/bits/basic_string.h:451:7: note: candidate constructor not viable: no known conversion from 'FirefoxUpdateException' to 'const std::basic_string<char> &' for 1st argument; 
      basic_string(const basic_string& __str);
      ^
/usr/bin/../lib/gcc/x86_64-linux-gnu/4.7/../../../../include/c++/4.7/bits/basic_string.h:486:7: note: candidate constructor not viable: no known conversion from 'FirefoxUpdateException' to 'const char *' for 1st argument; 
      basic_string(const _CharT* __s, const _Alloc& __a = _Alloc());
      ^
./certificate/../Logger.hpp:33:36: note: passing argument to parameter 'error' here
  static void logError(std::string error);
                                   ^
SSLConnectionManager.cpp:154:19: error: redefinition of 'error' with a different type
      std::string error = errorStream.str();
                  ^
SSLConnectionManager.cpp:151:34: note: previous definition is here
    } catch (SSLConnectionError &error) {
                                 ^
SSLConnectionManager.cpp:156:24: error: no viable conversion from 'SSLConnectionError' to 'std::string' (aka 'basic_string<char>')
      Logger::logError(error);
                       ^~~~~
/usr/bin/../lib/gcc/x86_64-linux-gnu/4.7/../../../../include/c++/4.7/bits/basic_string.h:451:7: note: candidate constructor not viable: no known conversion from 'SSLConnectionError' to 'const std::basic_string<char> &' for 1st argument; 
      basic_string(const basic_string& __str);
      ^
/usr/bin/../lib/gcc/x86_64-linux-gnu/4.7/../../../../include/c++/4.7/bits/basic_string.h:486:7: note: candidate constructor not viable: no known conversion from 'SSLConnectionError' to 'const char *' for 1st argument; 
      basic_string(const _CharT* __s, const _Alloc& __a = _Alloc());
      ^
./certificate/../Logger.hpp:33:36: note: passing argument to parameter 'error' here
  static void logError(std::string error);
                                   ^
1 warning and 10 errors generated.
make[1]: *** [SSLConnectionManager.o] Error 1
make[1]: Leaving directory `/«PKGBUILDDIR»'
make: *** [build-stamp] Error 2
dpkg-buildpackage: error: debian/rules build gave error exit status 2
────────────────────────────────────────────────────────────────────────────────
Build finished at 20120623-1633

Finished
────────

E: Build failure (dpkg-buildpackage died)

┌──────────────────────────────────────────────────────────────────────────────┐
│ Cleanup                                                                      │
└──────────────────────────────────────────────────────────────────────────────┘

Purging /«BUILDDIR»
Not cleaning session: cloned chroot in use

┌──────────────────────────────────────────────────────────────────────────────┐
│ Summary                                                                      │
└──────────────────────────────────────────────────────────────────────────────┘

Architecture: amd64
Build-Space: 1252
Build-Time: 13
Distribution: unstable
Fail-Stage: build
Install-Time: 14
Job: sslsniff_0.8-3
Package: sslsniff
Package-Time: 55
Source-Version: 0.8-3
Space: 1252
Status: attempted
Version: 0.8-3
────────────────────────────────────────────────────────────────────────────────
Finished at 20120623-1633
Build needed 00:00:55, 1252k disc space
DC-Status: Failed 55.454151s
