DC-Build-Header: totd 1.5.1-1.1 / Sat Jun 23 16:44:55 +0000 2012
DC-Task: logfile:/tmp/totd_1.5.1-1.1_unstable_clang.log version:1.5.1-1.1 chroot:unstable modes:binary-only:clang source:totd architecture:any esttime:33
DC-Sbuild-call: su user -c 'sbuild -n --apt-update -d unstable -v  --chroot-setup-commands=/tmp/switch-to-clang totd_1.5.1-1.1'
sbuild (Debian sbuild) 0.62.5 (13 Jul 2011) on ip-10-28-77-89.ec2.internal

╔══════════════════════════════════════════════════════════════════════════════╗
║ totd 1.5.1-1.1 (amd64)                                     23 Jun 2012 16:44 ║
╚══════════════════════════════════════════════════════════════════════════════╝

Package: totd
Version: 1.5.1-1.1
Source Version: 1.5.1-1.1
Distribution: unstable
Architecture: amd64

I: NOTICE: Log filtering will replace 'build/totd-0uEijE/totd-1.5.1' with '«PKGBUILDDIR»'
I: NOTICE: Log filtering will replace 'build/totd-0uEijE' with '«BUILDDIR»'
I: NOTICE: Log filtering will replace 'var/lib/schroot/mount/unstable-amd64-sbuild-9b889770-a181-4bd2-9752-1b2bfe353017' with '«CHROOT»'

┌──────────────────────────────────────────────────────────────────────────────┐
│ Update chroot                                                                │
└──────────────────────────────────────────────────────────────────────────────┘

Err http://localhost unstable InRelease
  
Err http://localhost unstable Release.gpg
  Connection failed [IP: 127.0.0.1 9999]
Reading package lists...
W: Failed to fetch http://localhost:9999/debian/dists/unstable/InRelease  

W: Failed to fetch http://localhost:9999/debian/dists/unstable/Release.gpg  Connection failed [IP: 127.0.0.1 9999]

W: Some index files failed to download. They have been ignored, or old ones used instead.
Reading package lists...
Building dependency tree...
Reading state information...
0 upgraded, 0 newly installed, 0 to remove and 0 not upgraded.

┌──────────────────────────────────────────────────────────────────────────────┐
│ Fetch source files                                                           │
└──────────────────────────────────────────────────────────────────────────────┘


Check APT
─────────

Checking available source versions...
W: Unable to locate package totd
apt-cache returned no information about totd source
Are there any deb-src lines in your /etc/apt/sources.list?

┌──────────────────────────────────────────────────────────────────────────────┐
│ Cleanup                                                                      │
└──────────────────────────────────────────────────────────────────────────────┘

Purging /«BUILDDIR»
Not cleaning session: cloned chroot in use
E: Failed to fetch source files

┌──────────────────────────────────────────────────────────────────────────────┐
│ Summary                                                                      │
└──────────────────────────────────────────────────────────────────────────────┘

Architecture: amd64
Build-Space: 0
Build-Time: 0
Distribution: unstable
Fail-Stage: fetch-src
Install-Time: 0
Job: totd_1.5.1-1.1
Package: totd
Package-Time: 0
Source-Version: 1.5.1-1.1
Space: 0
Status: failed
Version: 1.5.1-1.1
────────────────────────────────────────────────────────────────────────────────
Finished at 20120623-1644
Build needed 00:00:00, 0k disc space
E: Failed to fetch source files
DC-Status: Failed 115.237016s
DC-Time-Estimation: 115.237016 versus expected 33 (r/m: 2.49203078787879 ; m: 33.0)
