DC-Build-Header: ucommon 5.2.2-3 / Sat Jun 23 16:15:33 +0000 2012
DC-Task: logfile:/tmp/ucommon_5.2.2-3_unstable_clang.log version:5.2.2-3 chroot:unstable modes:binary-only:clang source:ucommon architecture:any esttime:462
DC-Sbuild-call: su user -c 'sbuild -n --apt-update -d unstable -v  --chroot-setup-commands=/tmp/switch-to-clang ucommon_5.2.2-3'
sbuild (Debian sbuild) 0.62.5 (13 Jul 2011) on ip-10-28-211-123.ec2.internal

╔══════════════════════════════════════════════════════════════════════════════╗
║ ucommon 5.2.2-3 (amd64)                                    23 Jun 2012 16:15 ║
╚══════════════════════════════════════════════════════════════════════════════╝

Package: ucommon
Version: 5.2.2-3
Source Version: 5.2.2-3
Distribution: unstable
Architecture: amd64

I: NOTICE: Log filtering will replace 'build/ucommon-wp0gGe/ucommon-5.2.2' with '«PKGBUILDDIR»'
I: NOTICE: Log filtering will replace 'build/ucommon-wp0gGe' with '«BUILDDIR»'
I: NOTICE: Log filtering will replace 'var/lib/schroot/mount/unstable-amd64-sbuild-d4ed6448-1a27-4476-8c1b-0d1e7e13714a' with '«CHROOT»'

┌──────────────────────────────────────────────────────────────────────────────┐
│ Update chroot                                                                │
└──────────────────────────────────────────────────────────────────────────────┘

Ign http://localhost unstable InRelease
Get:1 http://localhost unstable Release.gpg [836 B]
Get:2 http://localhost unstable Release [233 kB]
Get:3 http://localhost unstable/main Sources/DiffIndex [7876 B]
Get:4 http://localhost unstable/main amd64 Packages/DiffIndex [7876 B]
Get:5 http://localhost unstable/main Translation-en/DiffIndex [7876 B]
Get:6 http://localhost unstable/main 2012-06-23-0814.36.pdiff [8967 B]
Get:7 http://localhost unstable/main 2012-06-23-0814.36.pdiff [8967 B]
Get:8 http://localhost unstable/main amd64 2012-06-23-0814.36.pdiff [6101 B]
Get:9 http://localhost unstable/main 2012-06-23-0814.36.pdiff [1297 B]
Get:10 http://localhost unstable/main amd64 2012-06-23-0814.36.pdiff [6101 B]
Get:11 http://localhost unstable/main 2012-06-23-0814.36.pdiff [1297 B]
Fetched 274 kB in 4s (60.7 kB/s)
Reading package lists...
Reading package lists...
Building dependency tree...
Reading state information...
0 upgraded, 0 newly installed, 0 to remove and 0 not upgraded.

┌──────────────────────────────────────────────────────────────────────────────┐
│ Fetch source files                                                           │
└──────────────────────────────────────────────────────────────────────────────┘


Check APT
─────────

Checking available source versions...

Download source files with APT
──────────────────────────────

Reading package lists...
Building dependency tree...
Reading state information...
NOTICE: 'ucommon' packaging is maintained in the 'Git' version control system at:
git://git.debian.org/git/collab-maint/ucommon.git
Need to get 803 kB of source archives.
Get:1 http://localhost/debian/ unstable/main ucommon 5.2.2-3 (dsc) [2221 B]
Get:2 http://localhost/debian/ unstable/main ucommon 5.2.2-3 (tar) [792 kB]
Get:3 http://localhost/debian/ unstable/main ucommon 5.2.2-3 (diff) [8283 B]
Fetched 803 kB in 0s (2486 kB/s)
Download complete and in download only mode

Check arch
──────────


┌──────────────────────────────────────────────────────────────────────────────┐
│ Chroot Setup Commands                                                        │
└──────────────────────────────────────────────────────────────────────────────┘


/tmp/switch-to-clang
────────────────────

+ echo 'Entering customization script...'
Entering customization script...
+ apt-get update
Ign http://localhost unstable InRelease
Hit http://localhost unstable Release.gpg
Hit http://localhost unstable Release
Hit http://localhost unstable/main Sources/DiffIndex
Hit http://localhost unstable/main amd64 Packages/DiffIndex
Hit http://localhost unstable/main Translation-en/DiffIndex
Reading package lists...
+ echo 'Install of clang'
Install of clang
+ apt-get update
Ign http://localhost unstable InRelease
Hit http://localhost unstable Release.gpg
Hit http://localhost unstable Release
Hit http://localhost unstable/main Sources/DiffIndex
Hit http://localhost unstable/main amd64 Packages/DiffIndex
Hit http://localhost unstable/main Translation-en/DiffIndex
Reading package lists...
+ apt-get install --yes --no-install-recommends clang -t unstable
Reading package lists...
Building dependency tree...
Reading state information...
The following extra packages will be installed:
  libclang-common-dev libffi5 libllvm3.1
Recommended packages:
  llvm-3.1-dev python
The following NEW packages will be installed:
  clang libclang-common-dev libffi5 libllvm3.1
0 upgraded, 4 newly installed, 0 to remove and 0 not upgraded.
Need to get 13.1 MB of archives.
After this operation, 35.6 MB of additional disk space will be used.
Get:1 http://localhost/debian/ unstable/main libffi5 amd64 3.0.10-3 [24.8 kB]
Get:2 http://localhost/debian/ unstable/main libllvm3.1 amd64 3.1-1 [7276 kB]
Get:3 http://localhost/debian/ unstable/main libclang-common-dev amd64 3.1-6 [84.0 kB]
Get:4 http://localhost/debian/ unstable/main clang amd64 3.1-6 [5755 kB]
debconf: delaying package configuration, since apt-utils is not installed
Fetched 13.1 MB in 0s (30.1 MB/s)
Selecting previously unselected package libffi5:amd64.
(Reading database ... 11730 files and directories currently installed.)
Unpacking libffi5:amd64 (from .../libffi5_3.0.10-3_amd64.deb) ...
Selecting previously unselected package libllvm3.1:amd64.
Unpacking libllvm3.1:amd64 (from .../libllvm3.1_3.1-1_amd64.deb) ...
Selecting previously unselected package libclang-common-dev.
Unpacking libclang-common-dev (from .../libclang-common-dev_3.1-6_amd64.deb) ...
Selecting previously unselected package clang.
Unpacking clang (from .../archives/clang_3.1-6_amd64.deb) ...
Setting up libffi5:amd64 (3.0.10-3) ...
Setting up libllvm3.1:amd64 (3.1-1) ...
Setting up libclang-common-dev (3.1-6) ...
Setting up clang (3.1-6) ...
+ echo 'Replace gcc, g++ & cpp by clang'
Replace gcc, g++ & cpp by clang
+ VERSION=4.7
+ cd /usr/bin
+ rm g++-4.7 gcc-4.7 cpp-4.7
+ ln -s clang++ g++-4.7
+ ln -s clang gcc-4.7
+ ln -s clang cpp-4.7
+ cd -
/«BUILDDIR»
+ echo 'Block the installation of new gcc version'
Block the installation of new gcc version
+ dpkg --set-selections
+ echo 'gcc-4.6 hold'
+ dpkg --set-selections
+ echo 'cpp-4.6 hold'
+ dpkg --set-selections
+ echo 'g++-4.6 hold'
+ dpkg --set-selections
+ echo 'gcc-4.7 hold'
+ dpkg --set-selections
+ echo 'cpp-4.7 hold'
+ dpkg --set-selections
+ echo 'g++-4.7 hold'
+ echo 'Check if gcc, g++ & cpp are actually clang'
Check if gcc, g++ & cpp are actually clang
+ grep clang
+ gcc --version

I: Finished running '/tmp/switch-to-clang'.

Finished processing commands.
────────────────────────────────────────────────────────────────────────────────
Merged Build-Depends: build-essential, fakeroot
Filtered Build-Depends: build-essential, fakeroot
dpkg-deb: building package `sbuild-build-depends-core-dummy' in `/«BUILDDIR»/resolver-BpIrb8/apt_archive/sbuild-build-depends-core-dummy.deb'.
OK
Reading package lists...

┌──────────────────────────────────────────────────────────────────────────────┐
│ Install core build dependencies (apt-based resolver)                         │
└──────────────────────────────────────────────────────────────────────────────┘

Installing build dependencies
Reading package lists...
Building dependency tree...
Reading state information...
The following NEW packages will be installed:
  sbuild-build-depends-core-dummy
debconf: delaying package configuration, since apt-utils is not installed
0 upgraded, 1 newly installed, 0 to remove and 0 not upgraded.
Need to get 0 B/708 B of archives.
After this operation, 0 B of additional disk space will be used.
Selecting previously unselected package sbuild-build-depends-core-dummy.
(Reading database ... 11810 files and directories currently installed.)
Unpacking sbuild-build-depends-core-dummy (from .../sbuild-build-depends-core-dummy.deb) ...
Setting up sbuild-build-depends-core-dummy (0.invalid.0) ...
Merged Build-Depends: base-files, base-passwd, bash, coreutils, dash, debianutils, diffutils, dpkg, e2fsprogs, findutils, grep, gzip, hostname, ncurses-base, ncurses-bin, perl-base, sed, login, sysvinit-utils, sysvinit, tar, bsdutils, mount, util-linux, libc6-dev | libc-dev, gcc (>= 4:4.4.3), g++ (>= 4:4.4.3), make, dpkg-dev (>= 1.13.5), cdbs (>= 0.4.70~), autotools-dev, devscripts, libtool, automake1.11, autoconf, debhelper, dh-buildinfo, pkg-config, libgnutls-dev, d-shlibs (>= 0.45~), graphviz, gcc (>= 4:4.4)
Filtered Build-Depends: base-files, base-passwd, bash, coreutils, dash, debianutils, diffutils, dpkg, e2fsprogs, findutils, grep, gzip, hostname, ncurses-base, ncurses-bin, perl-base, sed, login, sysvinit-utils, sysvinit, tar, bsdutils, mount, util-linux, libc6-dev, gcc (>= 4:4.4.3), g++ (>= 4:4.4.3), make, dpkg-dev (>= 1.13.5), cdbs (>= 0.4.70~), autotools-dev, devscripts, libtool, automake1.11, autoconf, debhelper, dh-buildinfo, pkg-config, libgnutls-dev, d-shlibs (>= 0.45~), graphviz, gcc (>= 4:4.4)
dpkg-deb: building package `sbuild-build-depends-ucommon-dummy' in `/«BUILDDIR»/resolver-2bCHjQ/apt_archive/sbuild-build-depends-ucommon-dummy.deb'.
OK
Reading package lists...

┌──────────────────────────────────────────────────────────────────────────────┐
│ Install ucommon build dependencies (apt-based resolver)                      │
└──────────────────────────────────────────────────────────────────────────────┘

Installing build dependencies
Reading package lists...
Building dependency tree...
Reading state information...
The following extra packages will be installed:
  autoconf automake autotools-dev bsdmainutils cdbs d-shlibs debhelper
  devscripts dh-buildinfo file fontconfig fontconfig-config gettext
  gettext-base graphviz groff-base html2text intltool-debian libasprintf0c2
  libcairo2 libcdt4 libcgraph5 libcroco3 libdatrie1 libexpat1 libfontconfig1
  libfreetype6 libgcrypt11 libgcrypt11-dev libgd2-noxpm libgettextpo0
  libglib2.0-0 libgnutls-dev libgnutls-openssl27 libgnutls26 libgnutlsxx27
  libgpg-error-dev libgpg-error0 libgraph4 libgvc5 libgvpr1 libice6 libjpeg8
  libmagic1 libncursesw5 libp11-kit-dev libp11-kit0 libpango1.0-0 libpathplan4
  libpcre3 libpipeline1 libpixman-1-0 libpng12-0 libpopt0 libsm6 libsqlite3-0
  libssl1.0.0 libtasn1-3 libtasn1-3-dev libthai-data libthai0 libtool
  libunistring0 libx11-6 libx11-data libxau6 libxaw7 libxcb-render0
  libxcb-shm0 libxcb1 libxdmcp6 libxdot4 libxext6 libxft2 libxml2 libxmu6
  libxpm4 libxrender1 libxt6 m4 man-db mime-support pkg-config po-debconf
  python python-minimal python2.7 python2.7-minimal ttf-dejavu-core x11-common
  zlib1g-dev
Suggested packages:
  autoconf2.13 autoconf-archive gnu-standards autoconf-doc wamerican wordlist
  whois vacation dh-make bsd-mailx mailx cvs-buildpackage devscripts-el
  gnuplot libauthen-sasl-perl libfile-desktopentry-perl libnet-smtp-ssl-perl
  libterm-size-perl libyaml-syck-perl mutt ssh-client svn-buildpackage w3m
  gettext-doc gsfonts graphviz-doc groff rng-tools libgcrypt11-doc libgd-tools
  gnutls-doc ttf-baekmuk ttf-arphic-gbsn00lp ttf-arphic-bsmi00lp
  ttf-arphic-gkai00mp ttf-arphic-bkai00mp libtool-doc automaken gfortran
  fortran95-compiler gcj less www-browser libmail-box-perl python-doc
  python-tk python2.7-doc binfmt-support
Recommended packages:
  at curl wget dctrl-tools dput dupload libdistro-info-perl libjson-perl
  libparse-debcontrol-perl liburi-perl libwww-perl lintian patchutils
  python-debian python-magic strace unzip wdiff debian-keyring equivs
  libcrypt-ssleay-perl libsoap-lite-perl autopoint ttf-liberation
  libglib2.0-data shared-mime-info libgpm2 libltdl-dev xml-core
  libmail-sendmail-perl
The following NEW packages will be installed:
  autoconf automake autotools-dev bsdmainutils cdbs d-shlibs debhelper
  devscripts dh-buildinfo file fontconfig fontconfig-config gettext
  gettext-base graphviz groff-base html2text intltool-debian libasprintf0c2
  libcairo2 libcdt4 libcgraph5 libcroco3 libdatrie1 libexpat1 libfontconfig1
  libfreetype6 libgcrypt11 libgcrypt11-dev libgd2-noxpm libgettextpo0
  libglib2.0-0 libgnutls-dev libgnutls-openssl27 libgnutls26 libgnutlsxx27
  libgpg-error-dev libgpg-error0 libgraph4 libgvc5 libgvpr1 libice6 libjpeg8
  libmagic1 libncursesw5 libp11-kit-dev libp11-kit0 libpango1.0-0 libpathplan4
  libpcre3 libpipeline1 libpixman-1-0 libpng12-0 libpopt0 libsm6 libsqlite3-0
  libssl1.0.0 libtasn1-3 libtasn1-3-dev libthai-data libthai0 libtool
  libunistring0 libx11-6 libx11-data libxau6 libxaw7 libxcb-render0
  libxcb-shm0 libxcb1 libxdmcp6 libxdot4 libxext6 libxft2 libxml2 libxmu6
  libxpm4 libxrender1 libxt6 m4 man-db mime-support pkg-config po-debconf
  python python-minimal python2.7 python2.7-minimal
  sbuild-build-depends-ucommon-dummy ttf-dejavu-core x11-common zlib1g-dev
0 upgraded, 92 newly installed, 0 to remove and 0 not upgraded.
Need to get 32.4 MB/32.4 MB of archives.
After this operation, 81.3 MB of additional disk space will be used.
Get:1 http://localhost/debian/ unstable/main libncursesw5 amd64 5.9-9 [141 kB]
Get:2 http://localhost/debian/ unstable/main libpipeline1 amd64 1.2.1-1 [39.2 kB]
Get:3 http://localhost/debian/ unstable/main libpopt0 amd64 1.16-7 [56.4 kB]
Get:4 http://localhost/debian/ unstable/main libssl1.0.0 amd64 1.0.1c-3 [1211 kB]
Get:5 http://localhost/debian/ unstable/main libasprintf0c2 amd64 0.18.1.1-9 [26.8 kB]
Get:6 http://localhost/debian/ unstable/main libgpg-error0 amd64 1.10-3 [66.8 kB]
Get:7 http://localhost/debian/ unstable/main libgcrypt11 amd64 1.5.0-3 [298 kB]
Get:8 http://localhost/debian/ unstable/main libp11-kit0 amd64 0.12-3 [52.8 kB]
Get:9 http://localhost/debian/ unstable/main libtasn1-3 amd64 2.13-2 [67.7 kB]
Get:10 http://localhost/debian/ unstable/main libgnutls26 amd64 2.12.20-1 [616 kB]
Get:11 http://localhost/debian/ unstable/main libgnutls-openssl27 amd64 2.12.20-1 [220 kB]
Get:12 http://localhost/debian/ unstable/main libmagic1 amd64 5.11-1 [250 kB]
Get:13 http://localhost/debian/ unstable/main libpcre3 amd64 1:8.30-5 [242 kB]
Get:14 http://localhost/debian/ unstable/main libsqlite3-0 amd64 3.7.13-1 [455 kB]
Get:15 http://localhost/debian/ unstable/main libxml2 amd64 2.8.0+dfsg1-4 [903 kB]
Get:16 http://localhost/debian/ unstable/main libexpat1 amd64 2.1.0-1 [141 kB]
Get:17 http://localhost/debian/ unstable/main libfreetype6 amd64 2.4.9-1 [450 kB]
Get:18 http://localhost/debian/ unstable/main ttf-dejavu-core all 2.33-2 [1552 kB]
Get:19 http://localhost/debian/ unstable/main fontconfig-config all 2.9.0-6 [232 kB]
Get:20 http://localhost/debian/ unstable/main libfontconfig1 amd64 2.9.0-6 [299 kB]
Get:21 http://localhost/debian/ unstable/main libpixman-1-0 amd64 0.26.0-2 [427 kB]
Get:22 http://localhost/debian/ unstable/main libpng12-0 amd64 1.2.49-1 [190 kB]
Get:23 http://localhost/debian/ unstable/main libxau6 amd64 1:1.0.7-1 [18.8 kB]
Get:24 http://localhost/debian/ unstable/main libxdmcp6 amd64 1:1.1.1-1 [26.3 kB]
Get:25 http://localhost/debian/ unstable/main libxcb1 amd64 1.8.1-1 [50.0 kB]
Get:26 http://localhost/debian/ unstable/main libx11-data all 2:1.5.0-1 [189 kB]
Get:27 http://localhost/debian/ unstable/main libx11-6 amd64 2:1.5.0-1 [901 kB]
Get:28 http://localhost/debian/ unstable/main libxcb-render0 amd64 1.8.1-1 [18.4 kB]
Get:29 http://localhost/debian/ unstable/main libxcb-shm0 amd64 1.8.1-1 [10.1 kB]
Get:30 http://localhost/debian/ unstable/main libxrender1 amd64 1:0.9.7-1 [32.2 kB]
Get:31 http://localhost/debian/ unstable/main libcairo2 amd64 1.12.2-2 [912 kB]
Get:32 http://localhost/debian/ unstable/main libglib2.0-0 amd64 2.32.3-1 [2081 kB]
Get:33 http://localhost/debian/ unstable/main libcroco3 amd64 0.6.5-1 [151 kB]
Get:34 http://localhost/debian/ unstable/main libdatrie1 amd64 0.2.5-3 [28.6 kB]
Get:35 http://localhost/debian/ unstable/main libjpeg8 amd64 8d-1 [134 kB]
Get:36 http://localhost/debian/ unstable/main libgd2-noxpm amd64 2.0.36~rc1~dfsg-6.1 [229 kB]
Get:37 http://localhost/debian/ unstable/main libunistring0 amd64 0.9.3-5 [434 kB]
Get:38 http://localhost/debian/ unstable/main libgettextpo0 amd64 0.18.1.1-9 [145 kB]
Get:39 http://localhost/debian/ unstable/main x11-common all 1:7.6+13 [278 kB]
Get:40 http://localhost/debian/ unstable/main libice6 amd64 2:1.0.8-2 [63.1 kB]
Get:41 http://localhost/debian/ unstable/main libthai-data all 0.1.18-1 [205 kB]
Get:42 http://localhost/debian/ unstable/main libthai0 amd64 0.1.18-1 [45.0 kB]
Get:43 http://localhost/debian/ unstable/main libxft2 amd64 2.3.1-1 [61.0 kB]
Get:44 http://localhost/debian/ unstable/main fontconfig amd64 2.9.0-6 [349 kB]
Get:45 http://localhost/debian/ unstable/main libpango1.0-0 amd64 1.30.0-1 [461 kB]
Get:46 http://localhost/debian/ unstable/main libsm6 amd64 2:1.2.1-2 [34.2 kB]
Get:47 http://localhost/debian/ unstable/main libxext6 amd64 2:1.3.1-2 [55.3 kB]
Get:48 http://localhost/debian/ unstable/main libxt6 amd64 1:1.1.3-1 [211 kB]
Get:49 http://localhost/debian/ unstable/main libxmu6 amd64 2:1.1.1-1 [66.6 kB]
Get:50 http://localhost/debian/ unstable/main libxpm4 amd64 1:3.5.10-1 [49.4 kB]
Get:51 http://localhost/debian/ unstable/main libxaw7 amd64 2:1.0.10-2 [226 kB]
Get:52 http://localhost/debian/ unstable/main libgnutlsxx27 amd64 2.12.20-1 [224 kB]
Get:53 http://localhost/debian/ unstable/main bsdmainutils amd64 9.0.3 [209 kB]
Get:54 http://localhost/debian/ unstable/main groff-base amd64 1.21-8 [1152 kB]
Get:55 http://localhost/debian/ unstable/main man-db amd64 2.6.2-1 [1061 kB]
Get:56 http://localhost/debian/ unstable/main file amd64 5.11-1 [53.2 kB]
Get:57 http://localhost/debian/ unstable/main gettext-base amd64 0.18.1.1-9 [154 kB]
Get:58 http://localhost/debian/ unstable/main m4 amd64 1.4.16-3 [260 kB]
Get:59 http://localhost/debian/ unstable/main mime-support all 3.52-1 [35.5 kB]
Get:60 http://localhost/debian/ unstable/main python2.7-minimal amd64 2.7.3-1 [1770 kB]
Get:61 http://localhost/debian/ unstable/main python2.7 amd64 2.7.3-1 [2726 kB]
Get:62 http://localhost/debian/ unstable/main python-minimal all 2.7.3~rc2-1 [40.4 kB]
Get:63 http://localhost/debian/ unstable/main python all 2.7.3~rc2-1 [179 kB]
Get:64 http://localhost/debian/ unstable/main autoconf all 2.69-1 [589 kB]
Get:65 http://localhost/debian/ unstable/main autotools-dev all 20120608.1 [73.0 kB]
Get:66 http://localhost/debian/ unstable/main automake all 1:1.11.5-2 [606 kB]
Get:67 http://localhost/debian/ unstable/main cdbs all 0.4.115 [80.2 kB]
Get:68 http://localhost/debian/ unstable/main d-shlibs all 0.52 [16.1 kB]
Get:69 http://localhost/debian/ unstable/main html2text amd64 1.3.2a-15 [103 kB]
Get:70 http://localhost/debian/ unstable/main gettext amd64 0.18.1.1-9 [1975 kB]
Get:71 http://localhost/debian/ unstable/main intltool-debian all 0.35.0+20060710.1 [30.8 kB]
Get:72 http://localhost/debian/ unstable/main po-debconf all 1.0.16+nmu2 [224 kB]
Get:73 http://localhost/debian/ unstable/main debhelper all 9.20120608 [700 kB]
Get:74 http://localhost/debian/ unstable/main devscripts amd64 2.11.9 [708 kB]
Get:75 http://localhost/debian/ unstable/main dh-buildinfo all 0.9+nmu1 [15.7 kB]
Get:76 http://localhost/debian/ unstable/main libcdt4 amd64 2.26.3-11 [59.1 kB]
Get:77 http://localhost/debian/ unstable/main libcgraph5 amd64 2.26.3-11 [87.3 kB]
Get:78 http://localhost/debian/ unstable/main libgraph4 amd64 2.26.3-11 [73.3 kB]
Get:79 http://localhost/debian/ unstable/main libpathplan4 amd64 2.26.3-11 [64.5 kB]
Get:80 http://localhost/debian/ unstable/main libxdot4 amd64 2.26.3-11 [53.7 kB]
Get:81 http://localhost/debian/ unstable/main libgvc5 amd64 2.26.3-11 [555 kB]
Get:82 http://localhost/debian/ unstable/main libgvpr1 amd64 2.26.3-11 [244 kB]
Get:83 http://localhost/debian/ unstable/main graphviz amd64 2.26.3-11 [375 kB]
Get:84 http://localhost/debian/ unstable/main libgpg-error-dev amd64 1.10-3 [42.5 kB]
Get:85 http://localhost/debian/ unstable/main libgcrypt11-dev amd64 1.5.0-3 [402 kB]
Get:86 http://localhost/debian/ unstable/main zlib1g-dev amd64 1:1.2.7.dfsg-13 [215 kB]
Get:87 http://localhost/debian/ unstable/main libtasn1-3-dev amd64 2.13-2 [389 kB]
Get:88 http://localhost/debian/ unstable/main libp11-kit-dev amd64 0.12-3 [67.8 kB]
Get:89 http://localhost/debian/ unstable/main libgnutls-dev amd64 2.12.20-1 [751 kB]
Get:90 http://localhost/debian/ unstable/main libtool amd64 2.4.2-1.1 [619 kB]
Get:91 http://localhost/debian/ unstable/main pkg-config amd64 0.26-1 [59.5 kB]
debconf: delaying package configuration, since apt-utils is not installed
Fetched 32.4 MB in 1s (17.7 MB/s)
Selecting previously unselected package libncursesw5:amd64.
(Reading database ... 11810 files and directories currently installed.)
Unpacking libncursesw5:amd64 (from .../libncursesw5_5.9-9_amd64.deb) ...
Selecting previously unselected package libpipeline1:amd64.
Unpacking libpipeline1:amd64 (from .../libpipeline1_1.2.1-1_amd64.deb) ...
Selecting previously unselected package libpopt0:amd64.
Unpacking libpopt0:amd64 (from .../libpopt0_1.16-7_amd64.deb) ...
Selecting previously unselected package libssl1.0.0:amd64.
Unpacking libssl1.0.0:amd64 (from .../libssl1.0.0_1.0.1c-3_amd64.deb) ...
Selecting previously unselected package libasprintf0c2:amd64.
Unpacking libasprintf0c2:amd64 (from .../libasprintf0c2_0.18.1.1-9_amd64.deb) ...
Selecting previously unselected package libgpg-error0:amd64.
Unpacking libgpg-error0:amd64 (from .../libgpg-error0_1.10-3_amd64.deb) ...
Selecting previously unselected package libgcrypt11:amd64.
Unpacking libgcrypt11:amd64 (from .../libgcrypt11_1.5.0-3_amd64.deb) ...
Selecting previously unselected package libp11-kit0:amd64.
Unpacking libp11-kit0:amd64 (from .../libp11-kit0_0.12-3_amd64.deb) ...
Selecting previously unselected package libtasn1-3:amd64.
Unpacking libtasn1-3:amd64 (from .../libtasn1-3_2.13-2_amd64.deb) ...
Selecting previously unselected package libgnutls26:amd64.
Unpacking libgnutls26:amd64 (from .../libgnutls26_2.12.20-1_amd64.deb) ...
Selecting previously unselected package libgnutls-openssl27:amd64.
Unpacking libgnutls-openssl27:amd64 (from .../libgnutls-openssl27_2.12.20-1_amd64.deb) ...
Selecting previously unselected package libmagic1:amd64.
Unpacking libmagic1:amd64 (from .../libmagic1_5.11-1_amd64.deb) ...
Selecting previously unselected package libpcre3:amd64.
Unpacking libpcre3:amd64 (from .../libpcre3_1%3a8.30-5_amd64.deb) ...
Selecting previously unselected package libsqlite3-0:amd64.
Unpacking libsqlite3-0:amd64 (from .../libsqlite3-0_3.7.13-1_amd64.deb) ...
Selecting previously unselected package libxml2:amd64.
Unpacking libxml2:amd64 (from .../libxml2_2.8.0+dfsg1-4_amd64.deb) ...
Selecting previously unselected package libexpat1:amd64.
Unpacking libexpat1:amd64 (from .../libexpat1_2.1.0-1_amd64.deb) ...
Selecting previously unselected package libfreetype6:amd64.
Unpacking libfreetype6:amd64 (from .../libfreetype6_2.4.9-1_amd64.deb) ...
Selecting previously unselected package ttf-dejavu-core.
Unpacking ttf-dejavu-core (from .../ttf-dejavu-core_2.33-2_all.deb) ...
Selecting previously unselected package fontconfig-config.
Unpacking fontconfig-config (from .../fontconfig-config_2.9.0-6_all.deb) ...
Selecting previously unselected package libfontconfig1:amd64.
Unpacking libfontconfig1:amd64 (from .../libfontconfig1_2.9.0-6_amd64.deb) ...
Selecting previously unselected package libpixman-1-0:amd64.
Unpacking libpixman-1-0:amd64 (from .../libpixman-1-0_0.26.0-2_amd64.deb) ...
Selecting previously unselected package libpng12-0:amd64.
Unpacking libpng12-0:amd64 (from .../libpng12-0_1.2.49-1_amd64.deb) ...
Selecting previously unselected package libxau6:amd64.
Unpacking libxau6:amd64 (from .../libxau6_1%3a1.0.7-1_amd64.deb) ...
Selecting previously unselected package libxdmcp6:amd64.
Unpacking libxdmcp6:amd64 (from .../libxdmcp6_1%3a1.1.1-1_amd64.deb) ...
Selecting previously unselected package libxcb1:amd64.
Unpacking libxcb1:amd64 (from .../libxcb1_1.8.1-1_amd64.deb) ...
Selecting previously unselected package libx11-data.
Unpacking libx11-data (from .../libx11-data_2%3a1.5.0-1_all.deb) ...
Selecting previously unselected package libx11-6:amd64.
Unpacking libx11-6:amd64 (from .../libx11-6_2%3a1.5.0-1_amd64.deb) ...
Selecting previously unselected package libxcb-render0:amd64.
Unpacking libxcb-render0:amd64 (from .../libxcb-render0_1.8.1-1_amd64.deb) ...
Selecting previously unselected package libxcb-shm0:amd64.
Unpacking libxcb-shm0:amd64 (from .../libxcb-shm0_1.8.1-1_amd64.deb) ...
Selecting previously unselected package libxrender1:amd64.
Unpacking libxrender1:amd64 (from .../libxrender1_1%3a0.9.7-1_amd64.deb) ...
Selecting previously unselected package libcairo2:amd64.
Unpacking libcairo2:amd64 (from .../libcairo2_1.12.2-2_amd64.deb) ...
Selecting previously unselected package libglib2.0-0:amd64.
Unpacking libglib2.0-0:amd64 (from .../libglib2.0-0_2.32.3-1_amd64.deb) ...
Selecting previously unselected package libcroco3:amd64.
Unpacking libcroco3:amd64 (from .../libcroco3_0.6.5-1_amd64.deb) ...
Selecting previously unselected package libdatrie1:amd64.
Unpacking libdatrie1:amd64 (from .../libdatrie1_0.2.5-3_amd64.deb) ...
Selecting previously unselected package libjpeg8:amd64.
Unpacking libjpeg8:amd64 (from .../libjpeg8_8d-1_amd64.deb) ...
Selecting previously unselected package libgd2-noxpm:amd64.
Unpacking libgd2-noxpm:amd64 (from .../libgd2-noxpm_2.0.36~rc1~dfsg-6.1_amd64.deb) ...
Selecting previously unselected package libunistring0:amd64.
Unpacking libunistring0:amd64 (from .../libunistring0_0.9.3-5_amd64.deb) ...
Selecting previously unselected package libgettextpo0:amd64.
Unpacking libgettextpo0:amd64 (from .../libgettextpo0_0.18.1.1-9_amd64.deb) ...
Selecting previously unselected package x11-common.
Unpacking x11-common (from .../x11-common_1%3a7.6+13_all.deb) ...
Selecting previously unselected package libice6:amd64.
Unpacking libice6:amd64 (from .../libice6_2%3a1.0.8-2_amd64.deb) ...
Selecting previously unselected package libthai-data.
Unpacking libthai-data (from .../libthai-data_0.1.18-1_all.deb) ...
Selecting previously unselected package libthai0:amd64.
Unpacking libthai0:amd64 (from .../libthai0_0.1.18-1_amd64.deb) ...
Selecting previously unselected package libxft2:amd64.
Unpacking libxft2:amd64 (from .../libxft2_2.3.1-1_amd64.deb) ...
Selecting previously unselected package fontconfig.
Unpacking fontconfig (from .../fontconfig_2.9.0-6_amd64.deb) ...
Selecting previously unselected package libpango1.0-0:amd64.
Unpacking libpango1.0-0:amd64 (from .../libpango1.0-0_1.30.0-1_amd64.deb) ...
Selecting previously unselected package libsm6:amd64.
Unpacking libsm6:amd64 (from .../libsm6_2%3a1.2.1-2_amd64.deb) ...
Selecting previously unselected package libxext6:amd64.
Unpacking libxext6:amd64 (from .../libxext6_2%3a1.3.1-2_amd64.deb) ...
Selecting previously unselected package libxt6:amd64.
Unpacking libxt6:amd64 (from .../libxt6_1%3a1.1.3-1_amd64.deb) ...
Selecting previously unselected package libxmu6:amd64.
Unpacking libxmu6:amd64 (from .../libxmu6_2%3a1.1.1-1_amd64.deb) ...
Selecting previously unselected package libxpm4:amd64.
Unpacking libxpm4:amd64 (from .../libxpm4_1%3a3.5.10-1_amd64.deb) ...
Selecting previously unselected package libxaw7:amd64.
Unpacking libxaw7:amd64 (from .../libxaw7_2%3a1.0.10-2_amd64.deb) ...
Selecting previously unselected package libgnutlsxx27:amd64.
Unpacking libgnutlsxx27:amd64 (from .../libgnutlsxx27_2.12.20-1_amd64.deb) ...
Selecting previously unselected package bsdmainutils.
Unpacking bsdmainutils (from .../bsdmainutils_9.0.3_amd64.deb) ...
Selecting previously unselected package groff-base.
Unpacking groff-base (from .../groff-base_1.21-8_amd64.deb) ...
Selecting previously unselected package man-db.
Unpacking man-db (from .../man-db_2.6.2-1_amd64.deb) ...
Selecting previously unselected package file.
Unpacking file (from .../archives/file_5.11-1_amd64.deb) ...
Selecting previously unselected package gettext-base.
Unpacking gettext-base (from .../gettext-base_0.18.1.1-9_amd64.deb) ...
Selecting previously unselected package m4.
Unpacking m4 (from .../archives/m4_1.4.16-3_amd64.deb) ...
Selecting previously unselected package mime-support.
Unpacking mime-support (from .../mime-support_3.52-1_all.deb) ...
Selecting previously unselected package python2.7-minimal.
Unpacking python2.7-minimal (from .../python2.7-minimal_2.7.3-1_amd64.deb) ...
Selecting previously unselected package python2.7.
Unpacking python2.7 (from .../python2.7_2.7.3-1_amd64.deb) ...
Selecting previously unselected package python-minimal.
Unpacking python-minimal (from .../python-minimal_2.7.3~rc2-1_all.deb) ...
Selecting previously unselected package python.
Unpacking python (from .../python_2.7.3~rc2-1_all.deb) ...
Selecting previously unselected package autoconf.
Unpacking autoconf (from .../autoconf_2.69-1_all.deb) ...
Selecting previously unselected package autotools-dev.
Unpacking autotools-dev (from .../autotools-dev_20120608.1_all.deb) ...
Selecting previously unselected package automake.
Unpacking automake (from .../automake_1%3a1.11.5-2_all.deb) ...
Selecting previously unselected package cdbs.
Unpacking cdbs (from .../archives/cdbs_0.4.115_all.deb) ...
Selecting previously unselected package d-shlibs.
Unpacking d-shlibs (from .../archives/d-shlibs_0.52_all.deb) ...
Selecting previously unselected package html2text.
Unpacking html2text (from .../html2text_1.3.2a-15_amd64.deb) ...
Selecting previously unselected package gettext.
Unpacking gettext (from .../gettext_0.18.1.1-9_amd64.deb) ...
Selecting previously unselected package intltool-debian.
Unpacking intltool-debian (from .../intltool-debian_0.35.0+20060710.1_all.deb) ...
Selecting previously unselected package po-debconf.
Unpacking po-debconf (from .../po-debconf_1.0.16+nmu2_all.deb) ...
Selecting previously unselected package debhelper.
Unpacking debhelper (from .../debhelper_9.20120608_all.deb) ...
Selecting previously unselected package devscripts.
Unpacking devscripts (from .../devscripts_2.11.9_amd64.deb) ...
Selecting previously unselected package dh-buildinfo.
Unpacking dh-buildinfo (from .../dh-buildinfo_0.9+nmu1_all.deb) ...
Selecting previously unselected package libcdt4.
Unpacking libcdt4 (from .../libcdt4_2.26.3-11_amd64.deb) ...
Selecting previously unselected package libcgraph5.
Unpacking libcgraph5 (from .../libcgraph5_2.26.3-11_amd64.deb) ...
Selecting previously unselected package libgraph4.
Unpacking libgraph4 (from .../libgraph4_2.26.3-11_amd64.deb) ...
Selecting previously unselected package libpathplan4.
Unpacking libpathplan4 (from .../libpathplan4_2.26.3-11_amd64.deb) ...
Selecting previously unselected package libxdot4.
Unpacking libxdot4 (from .../libxdot4_2.26.3-11_amd64.deb) ...
Selecting previously unselected package libgvc5.
Unpacking libgvc5 (from .../libgvc5_2.26.3-11_amd64.deb) ...
Selecting previously unselected package libgvpr1.
Unpacking libgvpr1 (from .../libgvpr1_2.26.3-11_amd64.deb) ...
Selecting previously unselected package graphviz.
Unpacking graphviz (from .../graphviz_2.26.3-11_amd64.deb) ...
Selecting previously unselected package libgpg-error-dev.
Unpacking libgpg-error-dev (from .../libgpg-error-dev_1.10-3_amd64.deb) ...
Selecting previously unselected package libgcrypt11-dev.
Unpacking libgcrypt11-dev (from .../libgcrypt11-dev_1.5.0-3_amd64.deb) ...
Selecting previously unselected package zlib1g-dev:amd64.
Unpacking zlib1g-dev:amd64 (from .../zlib1g-dev_1%3a1.2.7.dfsg-13_amd64.deb) ...
Selecting previously unselected package libtasn1-3-dev.
Unpacking libtasn1-3-dev (from .../libtasn1-3-dev_2.13-2_amd64.deb) ...
Selecting previously unselected package libp11-kit-dev.
Unpacking libp11-kit-dev (from .../libp11-kit-dev_0.12-3_amd64.deb) ...
Selecting previously unselected package libgnutls-dev.
Unpacking libgnutls-dev (from .../libgnutls-dev_2.12.20-1_amd64.deb) ...
Selecting previously unselected package libtool.
Unpacking libtool (from .../libtool_2.4.2-1.1_amd64.deb) ...
Selecting previously unselected package pkg-config.
Unpacking pkg-config (from .../pkg-config_0.26-1_amd64.deb) ...
Selecting previously unselected package sbuild-build-depends-ucommon-dummy.
Unpacking sbuild-build-depends-ucommon-dummy (from .../sbuild-build-depends-ucommon-dummy.deb) ...
Setting up libncursesw5:amd64 (5.9-9) ...
Setting up libpipeline1:amd64 (1.2.1-1) ...
Setting up libpopt0:amd64 (1.16-7) ...
Setting up libssl1.0.0:amd64 (1.0.1c-3) ...
Setting up libasprintf0c2:amd64 (0.18.1.1-9) ...
Setting up libgpg-error0:amd64 (1.10-3) ...
Setting up libgcrypt11:amd64 (1.5.0-3) ...
Setting up libp11-kit0:amd64 (0.12-3) ...
Setting up libtasn1-3:amd64 (2.13-2) ...
Setting up libgnutls26:amd64 (2.12.20-1) ...
Setting up libgnutls-openssl27:amd64 (2.12.20-1) ...
Setting up libmagic1:amd64 (5.11-1) ...
Setting up libpcre3:amd64 (1:8.30-5) ...
Setting up libsqlite3-0:amd64 (3.7.13-1) ...
Setting up libxml2:amd64 (2.8.0+dfsg1-4) ...
Setting up libexpat1:amd64 (2.1.0-1) ...
Setting up libfreetype6:amd64 (2.4.9-1) ...
Setting up ttf-dejavu-core (2.33-2) ...
Setting up fontconfig-config (2.9.0-6) ...
Setting up libfontconfig1:amd64 (2.9.0-6) ...
Setting up libpixman-1-0:amd64 (0.26.0-2) ...
Setting up libpng12-0:amd64 (1.2.49-1) ...
Setting up libxau6:amd64 (1:1.0.7-1) ...
Setting up libxdmcp6:amd64 (1:1.1.1-1) ...
Setting up libxcb1:amd64 (1.8.1-1) ...
Setting up libx11-data (2:1.5.0-1) ...
Setting up libx11-6:amd64 (2:1.5.0-1) ...
Setting up libxcb-render0:amd64 (1.8.1-1) ...
Setting up libxcb-shm0:amd64 (1.8.1-1) ...
Setting up libxrender1:amd64 (1:0.9.7-1) ...
Setting up libcairo2:amd64 (1.12.2-2) ...
Setting up libglib2.0-0:amd64 (2.32.3-1) ...
No schema files found: doing nothing.
Setting up libcroco3:amd64 (0.6.5-1) ...
Setting up libdatrie1:amd64 (0.2.5-3) ...
Setting up libjpeg8:amd64 (8d-1) ...
Setting up libgd2-noxpm:amd64 (2.0.36~rc1~dfsg-6.1) ...
Setting up libunistring0:amd64 (0.9.3-5) ...
Setting up libgettextpo0:amd64 (0.18.1.1-9) ...
Setting up x11-common (1:7.6+13) ...
All runlevel operations denied by policy
invoke-rc.d: policy-rc.d denied execution of start.
Setting up libice6:amd64 (2:1.0.8-2) ...
Setting up libthai-data (0.1.18-1) ...
Setting up libthai0:amd64 (0.1.18-1) ...
Setting up libxft2:amd64 (2.3.1-1) ...
Setting up fontconfig (2.9.0-6) ...
Cleaning up old fontconfig caches... done.
Regenerating fonts cache... done.
Setting up libpango1.0-0:amd64 (1.30.0-1) ...
Setting up libsm6:amd64 (2:1.2.1-2) ...
Setting up libxext6:amd64 (2:1.3.1-2) ...
Setting up libxt6:amd64 (1:1.1.3-1) ...
Setting up libxmu6:amd64 (2:1.1.1-1) ...
Setting up libxpm4:amd64 (1:3.5.10-1) ...
Setting up libxaw7:amd64 (2:1.0.10-2) ...
Setting up libgnutlsxx27:amd64 (2.12.20-1) ...
Setting up bsdmainutils (9.0.3) ...
update-alternatives: using /usr/bin/bsd-write to provide /usr/bin/write (write) in auto mode.
update-alternatives: using /usr/bin/bsd-from to provide /usr/bin/from (from) in auto mode.
Setting up groff-base (1.21-8) ...
Setting up man-db (2.6.2-1) ...
Building database of manual pages ...
Setting up file (5.11-1) ...
Setting up gettext-base (0.18.1.1-9) ...
Setting up m4 (1.4.16-3) ...
Setting up mime-support (3.52-1) ...
update-alternatives: using /usr/bin/see to provide /usr/bin/view (view) in auto mode.
Setting up python2.7-minimal (2.7.3-1) ...
Setting up python2.7 (2.7.3-1) ...
Setting up python-minimal (2.7.3~rc2-1) ...
Setting up python (2.7.3~rc2-1) ...
Setting up autoconf (2.69-1) ...
Setting up autotools-dev (20120608.1) ...
Setting up automake (1:1.11.5-2) ...
update-alternatives: using /usr/bin/automake-1.11 to provide /usr/bin/automake (automake) in auto mode.
Setting up cdbs (0.4.115) ...
Setting up d-shlibs (0.52) ...
Setting up html2text (1.3.2a-15) ...
Setting up gettext (0.18.1.1-9) ...
Setting up intltool-debian (0.35.0+20060710.1) ...
Setting up po-debconf (1.0.16+nmu2) ...
Setting up debhelper (9.20120608) ...
Setting up devscripts (2.11.9) ...
Setting up dh-buildinfo (0.9+nmu1) ...
Setting up libcdt4 (2.26.3-11) ...
Setting up libcgraph5 (2.26.3-11) ...
Setting up libgraph4 (2.26.3-11) ...
Setting up libpathplan4 (2.26.3-11) ...
Setting up libxdot4 (2.26.3-11) ...
Setting up libgvc5 (2.26.3-11) ...
Setting up libgvpr1 (2.26.3-11) ...
Setting up graphviz (2.26.3-11) ...
Setting up libgpg-error-dev (1.10-3) ...
Setting up libgcrypt11-dev (1.5.0-3) ...
Setting up zlib1g-dev:amd64 (1:1.2.7.dfsg-13) ...
Setting up libtasn1-3-dev (2.13-2) ...
Setting up libp11-kit-dev (0.12-3) ...
Setting up libgnutls-dev (2.12.20-1) ...
Setting up libtool (2.4.2-1.1) ...
Setting up pkg-config (0.26-1) ...
Setting up sbuild-build-depends-ucommon-dummy (0.invalid.0) ...

┌──────────────────────────────────────────────────────────────────────────────┐
│ Build environment                                                            │
└──────────────────────────────────────────────────────────────────────────────┘

Kernel: Linux 2.6.32-5-xen-amd64 amd64 (x86_64)
Toolchain package versions: binutils_2.22-6.1 dpkg-dev_1.16.4.3 g++-4.6_4.6.3-7 g++-4.7_4.7.1-1 gcc-4.6_4.6.3-7 gcc-4.7_4.7.1-1 libc6-dev_2.13-33 libstdc++6_4.7.1-1 libstdc++6-4.6-dev_4.6.3-7 libstdc++6-4.7-dev_4.7.1-1 linux-libc-dev_3.2.20-1
Package versions: apt_0.9.7 autoconf_2.69-1 automake_1:1.11.5-2 autotools-dev_20120608.1 base-files_6.11 base-passwd_3.5.25 bash_4.2-2 binutils_2.22-6.1 bsdmainutils_9.0.3 bsdutils_1:2.20.1-5 build-essential_11.5 bzip2_1.0.6-3 cdbs_0.4.115 clang_3.1-6 coreutils_8.13-3.2 cpp_4:4.7.0-6 cpp-4.6_4.6.3-7 cpp-4.7_4.7.1-1 d-shlibs_0.52 dash_0.5.7-3 debconf_1.5.44 debconf-i18n_1.5.44 debfoster_2.7-1.1 debhelper_9.20120608 debian-archive-keyring_2012.4 debianutils_4.3.1 devscripts_2.11.9 dh-buildinfo_0.9+nmu1 diffutils_1:3.2-6 dpkg_1.16.4.3 dpkg-dev_1.16.4.3 e2fslibs_1.42.4-3 e2fsprogs_1.42.4-3 fakeroot_1.18.4-2 file_5.11-1 findutils_4.4.2-4 fontconfig_2.9.0-6 fontconfig-config_2.9.0-6 g++_4:4.7.0-6 g++-4.6_4.6.3-7 g++-4.7_4.7.1-1 gcc_4:4.7.0-6 gcc-4.4-base_4.4.7-1 gcc-4.5-base_4.5.3-12 gcc-4.6_4.6.3-7 gcc-4.6-base_4.6.3-7 gcc-4.7_4.7.1-1 gcc-4.7-base_4.7.1-1 gettext_0.18.1.1-9 gettext-base_0.18.1.1-9 gnupg_1.4.12-4 gpgv_1.4.12-4 graphviz_2.26.3-11 grep_2.12-2 groff-base_1.21-8 gzip_1.5-1.1 hostname_3.11 html2text_1.3.2a-15 initscripts_2.88dsf-27 insserv_1.14.0-3 intltool-debian_0.35.0+20060710.1 libacl1_2.2.51-8 libapt-pkg4.12_0.9.7 libasprintf0c2_0.18.1.1-9 libattr1_1:2.4.46-8 libblkid1_2.20.1-5 libbz2-1.0_1.0.6-3 libc-bin_2.13-33 libc-dev-bin_2.13-33 libc6_2.13-33 libc6-dev_2.13-33 libcairo2_1.12.2-2 libcdt4_2.26.3-11 libcgraph5_2.26.3-11 libclang-common-dev_3.1-6 libclass-isa-perl_0.36-3 libcomerr2_1.42.4-3 libcroco3_0.6.5-1 libdatrie1_0.2.5-3 libdb5.1_5.1.29-4 libdpkg-perl_1.16.4.3 libexpat1_2.1.0-1 libffi5_3.0.10-3 libfile-fcntllock-perl_0.14-2 libfontconfig1_2.9.0-6 libfreetype6_2.4.9-1 libgc1c2_1:7.1-8 libgcc1_1:4.7.1-1 libgcrypt11_1.5.0-3 libgcrypt11-dev_1.5.0-3 libgd2-noxpm_2.0.36~rc1~dfsg-6.1 libgdbm3_1.8.3-11 libgettextpo0_0.18.1.1-9 libglib2.0-0_2.32.3-1 libgmp10_2:5.0.5+dfsg-2 libgnutls-dev_2.12.20-1 libgnutls-openssl27_2.12.20-1 libgnutls26_2.12.20-1 libgnutlsxx27_2.12.20-1 libgomp1_4.7.1-1 libgpg-error-dev_1.10-3 libgpg-error0_1.10-3 libgraph4_2.26.3-11 libgvc5_2.26.3-11 libgvpr1_2.26.3-11 libice6_2:1.0.8-2 libitm1_4.7.1-1 libjpeg8_8d-1 libllvm3.1_3.1-1 liblocale-gettext-perl_1.05-7+b1 liblzma5_5.1.1alpha+20120614-1 libmagic1_5.11-1 libmount1_2.20.1-5 libmpc2_0.9-4 libmpfr4_3.1.0-5 libncurses5_5.9-9 libncursesw5_5.9-9 libp11-kit-dev_0.12-3 libp11-kit0_0.12-3 libpam-modules_1.1.3-7.1 libpam-modules-bin_1.1.3-7.1 libpam-runtime_1.1.3-7.1 libpam0g_1.1.3-7.1 libpango1.0-0_1.30.0-1 libpathplan4_2.26.3-11 libpcre3_1:8.30-5 libpipeline1_1.2.1-1 libpixman-1-0_0.26.0-2 libpng12-0_1.2.49-1 libpopt0_1.16-7 libquadmath0_4.7.1-1 libreadline6_6.2-8 libselinux1_2.1.9-5 libsemanage-common_2.1.6-6 libsemanage1_2.1.6-6 libsepol1_2.1.4-3 libslang2_2.2.4-13 libsm6_2:1.2.1-2 libsqlite3-0_3.7.13-1 libss2_1.42.4-3 libssl1.0.0_1.0.1c-3 libstdc++6_4.7.1-1 libstdc++6-4.6-dev_4.6.3-7 libstdc++6-4.7-dev_4.7.1-1 libswitch-perl_2.16-2 libtasn1-3_2.13-2 libtasn1-3-dev_2.13-2 libtext-charwidth-perl_0.04-7+b1 libtext-iconv-perl_1.7-5 libtext-wrapi18n-perl_0.06-7 libthai-data_0.1.18-1 libthai0_0.1.18-1 libtimedate-perl_1.2000-1 libtinfo5_5.9-9 libtool_2.4.2-1.1 libunistring0_0.9.3-5 libusb-0.1-4_2:0.1.12-23 libustr-1.0-1_1.0.4-3 libuuid1_2.20.1-5 libx11-6_2:1.5.0-1 libx11-data_2:1.5.0-1 libxau6_1:1.0.7-1 libxaw7_2:1.0.10-2 libxcb-render0_1.8.1-1 libxcb-shm0_1.8.1-1 libxcb1_1.8.1-1 libxdmcp6_1:1.1.1-1 libxdot4_2.26.3-11 libxext6_2:1.3.1-2 libxft2_2.3.1-1 libxml2_2.8.0+dfsg1-4 libxmu6_2:1.1.1-1 libxpm4_1:3.5.10-1 libxrender1_1:0.9.7-1 libxt6_1:1.1.3-1 linux-libc-dev_3.2.20-1 login_1:4.1.5.1-1 lsb-base_4.1+Debian7 m4_1.4.16-3 make_3.81-8.2 man-db_2.6.2-1 mawk_1.3.3-17 mime-support_3.52-1 mount_2.20.1-5 multiarch-support_2.13-33 ncurses-base_5.9-9 ncurses-bin_5.9-9 passwd_1:4.1.5.1-1 patch_2.6.1-3 perl_5.14.2-12 perl-base_5.14.2-12 perl-modules_5.14.2-12 pkg-config_0.26-1 po-debconf_1.0.16+nmu2 python_2.7.3~rc2-1 python-minimal_2.7.3~rc2-1 python2.7_2.7.3-1 python2.7-minimal_2.7.3-1 readline-common_6.2-8 sbuild-build-depends-core-dummy_0.invalid.0 sbuild-build-depends-ucommon-dummy_0.invalid.0 sed_4.2.1-10 sensible-utils_0.0.7 sysv-rc_2.88dsf-27 sysvinit_2.88dsf-27 sysvinit-utils_2.88dsf-27 tar_1.26-4 ttf-dejavu-core_2.33-2 tzdata_2012c-1 ucf_3.0025+nmu3 util-linux_2.20.1-5 x11-common_1:7.6+13 xz-utils_5.1.1alpha+20120614-1 zlib1g_1:1.2.7.dfsg-13 zlib1g-dev_1:1.2.7.dfsg-13

┌──────────────────────────────────────────────────────────────────────────────┐
│ Build                                                                        │
└──────────────────────────────────────────────────────────────────────────────┘


Unpack source
─────────────

gpgv: keyblock resource `/sbuild-nonexistent/.gnupg/trustedkeys.gpg': file open error
gpgv: Signature made Sat May 12 21:55:14 2012 UTC using RSA key ID C1A00121
gpgv: Can't check signature: public key not found
dpkg-source: warning: failed to verify signature on ./ucommon_5.2.2-3.dsc
dpkg-source: info: extracting ucommon in ucommon-5.2.2
dpkg-source: info: unpacking ucommon_5.2.2.orig.tar.gz
dpkg-source: info: unpacking ucommon_5.2.2-3.debian.tar.gz

Check disc space
────────────────

Sufficient free space for build

User Environment
────────────────

HOME=/sbuild-nonexistent
LOGNAME=root
PATH=/usr/local/sbin:/usr/local/bin:/usr/sbin:/usr/bin:/sbin:/bin:/usr/bin/X11
SCHROOT_CHROOT_NAME=unstable-amd64-sbuild
SCHROOT_COMMAND=env
SCHROOT_GID=0
SCHROOT_GROUP=root
SCHROOT_SESSION_ID=unstable-amd64-sbuild-d4ed6448-1a27-4476-8c1b-0d1e7e13714a
SCHROOT_UID=0
SCHROOT_USER=root
SHELL=/bin/sh
USER=root

dpkg-buildpackage
─────────────────

dpkg-buildpackage: warning: using a gain-root-command while being root
dpkg-buildpackage: source package ucommon
dpkg-buildpackage: source version 5.2.2-3
dpkg-buildpackage: source changed by Jonas Smedegaard <dr@jones.dk>
 dpkg-source --before-build ucommon-5.2.2
dpkg-buildpackage: host architecture amd64
 fakeroot debian/rules clean
sed -e 's/__LIBPKGNAME__/libucommon5/g' <debian/control.in.in >debian/control.in
test -x debian/rules
dh_testroot
rm -f debian/stamp-makefile-build debian/stamp-makefile-install
/usr/bin/make  -C .  -k distclean
make[1]: Entering directory `/«PKGBUILDDIR»'
make[1]: *** No rule to make target `distclean'.
make[1]: Leaving directory `/«PKGBUILDDIR»'
make: [makefile-clean] Error 2 (ignored)
rm -f debian/stamp-makefile-check
rm -f debian/stamp-autotools
rmdir --ignore-fail-on-non-empty .
rmdir: failed to remove `.': Invalid argument
make: [makefile-clean] Error 1 (ignored)
for i in ./autoconf/config.guess ./autoconf/config.sub  ; do \
		if test -e $i.cdbs-orig ; then \
			mv $i.cdbs-orig $i ; \
		fi ; \
	done
rm -f debian/copyright_newhints
rm -f debian/cdbs-install-list debian/cdbs-package-list debian/stamp-copyright-check
rm -rf "debian/upstream-cruft"
rm -f debian/stamp-upstream-cruft
rm -f debian/stamp-autotools-files
dh_clean 
for file in Makefile.in commoncpp/Makefile.in corelib/Makefile.in gnutls/Makefile.in inc/Makefile.in inc/commoncpp/Makefile.in inc/ucommon/Makefile.in nossl/Makefile.in openssl/Makefile.in test/Makefile.in utils/Makefile.in aclocal.m4 autoconf/ltmain.sh configure ucommon.spec; do \
		[ ! -e $file.upstream ] || mv -f $file.upstream $file; \
	done
rm -f debian/stamp-upstreamtmpstuff
rm -f debian/stamp-docs
rm -f debian/stamp-local-shlibs-libucommon
 debian/rules build-arch
sed -e 's/__LIBPKGNAME__/libucommon5/g' <debian/control.in.in >debian/control.in
test -x debian/rules
mkdir -p "."
/usr/share/cdbs/1/rules/buildcore.mk:109: WARNING:  DEB_DH_STRIP_ARGS is a deprecated variable

Scanning upstream source for new/changed copyright notices...

licensecheck -c '.*' -r --copyright -i '^debian/(changelog|copyright(|_hints|_newhints))' -l '99999' * | /usr/lib/cdbs/licensecheck2dep5 > debian/copyright_newhints
24 combinations of copyright and licensing found.
WARNING: The following (and possibly more) new or changed notices discovered:

License: GPL-ever

To fix the situation please do the following:
  1) Fully compare debian/copyright_hints with debian/copyright_newhints
  2) Update debian/copyright as needed
  3) Replace debian/copyright_hints with debian/copyright_newhints
touch debian/stamp-copyright-check
touch debian/stamp-upstream-cruft
for file in Makefile.in commoncpp/Makefile.in corelib/Makefile.in gnutls/Makefile.in inc/Makefile.in inc/commoncpp/Makefile.in inc/ucommon/Makefile.in nossl/Makefile.in openssl/Makefile.in test/Makefile.in utils/Makefile.in aclocal.m4 autoconf/ltmain.sh configure ucommon.spec; do \
		[ ! -e $file ] || [ -e $file.upstream ] || cp -a $file $file.upstream; \
	done
touch debian/stamp-upstreamtmpstuff
if test -e /usr/share/misc/config.guess ; then \
		for i in ./autoconf/config.guess ; do \
			if ! test -e $i.cdbs-orig ; then \
				mv $i $i.cdbs-orig ; \
				cp --remove-destination /usr/share/misc/config.guess $i ; \
			fi ; \
		done ; \
	fi
if test -e /usr/share/misc/config.sub ; then \
		for i in ./autoconf/config.sub ; do \
			if ! test -e $i.cdbs-orig ; then \
				mv $i $i.cdbs-orig ; \
				cp --remove-destination /usr/share/misc/config.sub $i ; \
			fi ; \
		done ; \
	fi
cd . && libtoolize -c -f
libtoolize: putting auxiliary files in AC_CONFIG_AUX_DIR, `autoconf'.
libtoolize: copying file `autoconf/ltmain.sh'
libtoolize: You should add the contents of the following files to `aclocal.m4':
libtoolize:   `/usr/share/aclocal/ltversion.m4'
libtoolize: Consider adding `AC_CONFIG_MACRO_DIR([m4])' to configure.ac and
libtoolize: rerunning libtoolize, to keep the correct libtool macros in-tree.
libtoolize: Consider adding `-I m4' to ACLOCAL_AMFLAGS in Makefile.am.
cd . && aclocal-1.11 
if [ -e ./configure.ac ] || [ -e ./configure.in ]; then cd . && `which autoconf2.68 || which autoconf`; fi
if [ -e ./configure.ac ] || [ -e ./configure.in ]; then cd . && `which autoheader2.68 || which autoheader` ; fi
if [ -e ./Makefile.am ]; then cd . && automake-1.11  ; fi
touch debian/stamp-autotools-files
chmod a+x /«PKGBUILDDIR»/./configure
mkdir -p .
cd . &&   CFLAGS="-g -O2 -fstack-protector --param=ssp-buffer-size=4 -Wformat -Werror=format-security -Wall" CXXFLAGS="-g -O2 -fstack-protector --param=ssp-buffer-size=4 -Wformat -Werror=format-security -Wall" CPPFLAGS="-D_FORTIFY_SOURCE=2" LDFLAGS="-Wl,-z,relro" /«PKGBUILDDIR»/./configure --build=x86_64-linux-gnu  --prefix=/usr --includedir="\${prefix}/include" --mandir="\${prefix}/share/man" --infodir="\${prefix}/share/info" --sysconfdir=/etc --localstatedir=/var --libexecdir="\${prefix}/lib/ucommon" --srcdir=. --disable-maintainer-mode --disable-dependency-tracking --disable-silent-rules   --enable-atomics 
configure: WARNING: unrecognized options: --disable-maintainer-mode, --disable-silent-rules
checking build system type... x86_64-pc-linux-gnu
checking host system type... x86_64-pc-linux-gnu
checking target system type... x86_64-pc-linux-gnu
checking for gcc... gcc
checking whether the C compiler works... yes
checking for C compiler default output file name... a.out
checking for suffix of executables... 
checking whether we are cross compiling... no
checking for suffix of object files... o
checking whether we are using the GNU C compiler... yes
checking whether gcc accepts -g... yes
checking for gcc option to accept ISO C89... none needed
checking how to run the C preprocessor... gcc -E
checking for gcc... (cached) gcc
checking whether we are using the GNU C compiler... (cached) yes
checking whether gcc accepts -g... (cached) yes
checking for gcc option to accept ISO C89... (cached) none needed
checking for g++... g++
checking whether we are using the GNU C++ compiler... yes
checking whether g++ accepts -g... yes
checking how to run the C++ preprocessor... g++ -E
checking whether we are using the GNU C++ compiler... (cached) yes
checking whether g++ accepts -g... (cached) yes
checking how to print strings... printf
checking for a sed that does not truncate output... /bin/sed
checking for grep that handles long lines and -e... /bin/grep
checking for egrep... /bin/grep -E
checking for fgrep... /bin/grep -F
checking for ld used by gcc... /usr/bin/ld
checking if the linker (/usr/bin/ld) is GNU ld... yes
checking for BSD- or MS-compatible name lister (nm)... /usr/bin/nm -B
checking the name lister (/usr/bin/nm -B) interface... BSD nm
checking whether ln -s works... yes
checking the maximum length of command line arguments... 3458764513820540925
checking whether the shell understands some XSI constructs... yes
checking whether the shell understands "+="... yes
checking how to convert x86_64-pc-linux-gnu file names to x86_64-pc-linux-gnu format... func_convert_file_noop
checking how to convert x86_64-pc-linux-gnu file names to toolchain format... func_convert_file_noop
checking for /usr/bin/ld option to reload object files... -r
checking for objdump... objdump
checking how to recognize dependent libraries... pass_all
checking for dlltool... dlltool
checking how to associate runtime and link libraries... printf %s\n
checking for ar... ar
checking for archiver @FILE support... @
checking for strip... strip
checking for ranlib... ranlib
checking for gawk... no
checking for mawk... mawk
checking command to parse /usr/bin/nm -B output from gcc object... ok
checking for sysroot... no
checking for mt... no
checking if : is a manifest tool... no
checking for ANSI C header files... yes
checking for sys/types.h... yes
checking for sys/stat.h... yes
checking for stdlib.h... yes
checking for string.h... yes
checking for memory.h... yes
checking for strings.h... yes
checking for inttypes.h... yes
checking for stdint.h... yes
checking for unistd.h... yes
checking for dlfcn.h... yes
checking for objdir... .libs
checking if gcc supports -fno-rtti -fno-exceptions... yes
checking for gcc option to produce PIC... -fPIC -DPIC
checking if gcc PIC flag -fPIC -DPIC works... yes
checking if gcc static flag -static works... yes
checking if gcc supports -c -o file.o... yes
checking if gcc supports -c -o file.o... (cached) yes
checking whether the gcc linker (/usr/bin/ld -m elf_x86_64) supports shared libraries... yes
checking whether -lc should be explicitly linked in... no
checking dynamic linker characteristics... GNU/Linux ld.so
checking how to hardcode library paths into programs... immediate
checking whether stripping libraries is possible... yes
checking if libtool supports shared libraries... yes
checking whether to build shared libraries... yes
checking whether to build static libraries... yes
checking how to run the C++ preprocessor... g++ -E
checking for ld used by g++... /usr/bin/ld -m elf_x86_64
checking if the linker (/usr/bin/ld -m elf_x86_64) is GNU ld... yes
checking whether the g++ linker (/usr/bin/ld -m elf_x86_64) supports shared libraries... yes
checking for g++ option to produce PIC... -fPIC -DPIC
checking if g++ PIC flag -fPIC -DPIC works... yes
checking if g++ static flag -static works... yes
checking if g++ supports -c -o file.o... yes
checking if g++ supports -c -o file.o... (cached) yes
checking whether the g++ linker (/usr/bin/ld -m elf_x86_64) supports shared libraries... yes
checking dynamic linker characteristics... (cached) GNU/Linux ld.so
checking how to hardcode library paths into programs... immediate
checking for a BSD-compatible install... /usr/bin/install -c
checking whether build environment is sane... yes
checking for a thread-safe mkdir -p... /bin/mkdir -p
checking whether make sets $(MAKE)... yes
checking for style of include used by make... GNU
checking dependency style of gcc... none
checking dependency style of g++... none
checking for C/C++ restrict keyword... __restrict
checking for working volatile... yes
checking for inline... inline
checking full c++ support and linking model... yes
checking for stdint.h... (cached) yes
checking poll.h usability... yes
checking poll.h presence... yes
checking for poll.h... yes
checking sys/mman.h usability... yes
checking sys/mman.h presence... yes
checking for sys/mman.h... yes
checking sys/shm.h usability... yes
checking sys/shm.h presence... yes
checking for sys/shm.h... yes
checking sys/poll.h usability... yes
checking sys/poll.h presence... yes
checking for sys/poll.h... yes
checking sys/timeb.h usability... yes
checking sys/timeb.h presence... yes
checking for sys/timeb.h... yes
checking endian.h usability... yes
checking endian.h presence... yes
checking for endian.h... yes
checking sys/filio.h usability... no
checking sys/filio.h presence... no
checking for sys/filio.h... no
checking dirent.h usability... yes
checking dirent.h presence... yes
checking for dirent.h... yes
checking sys/resource.h usability... yes
checking sys/resource.h presence... yes
checking for sys/resource.h... yes
checking wchar.h usability... yes
checking wchar.h presence... yes
checking for wchar.h... yes
checking netinet/in.h usability... yes
checking netinet/in.h presence... yes
checking for netinet/in.h... yes
checking net/if.h usability... yes
checking net/if.h presence... yes
checking for net/if.h... yes
checking mach/clock.h usability... no
checking mach/clock.h presence... no
checking for mach/clock.h... no
checking mach-o/dyld.h usability... no
checking mach-o/dyld.h presence... no
checking for mach-o/dyld.h... no
checking linux/version.h usability... yes
checking linux/version.h presence... yes
checking for linux/version.h... yes
checking regex.h usability... yes
checking regex.h presence... yes
checking for regex.h... yes
checking sys/inotify.h usability... yes
checking sys/inotify.h presence... yes
checking for sys/inotify.h... yes
checking sys/event.h usability... no
checking sys/event.h presence... no
checking for sys/event.h... no
checking syslog.h usability... yes
checking syslog.h presence... yes
checking for syslog.h... yes
checking sys/wait.h usability... yes
checking sys/wait.h presence... yes
checking for sys/wait.h... yes
checking termios.h usability... yes
checking termios.h presence... yes
checking for termios.h... yes
checking termio.h usability... yes
checking termio.h presence... yes
checking for termio.h... yes
checking fcntl.h usability... yes
checking fcntl.h presence... yes
checking for fcntl.h... yes
checking for unistd.h... (cached) yes
checking sys/param.h usability... yes
checking sys/param.h presence... yes
checking for sys/param.h... yes
checking sys/lockf.h usability... no
checking sys/lockf.h presence... no
checking for sys/lockf.h... no
checking sys/file.h usability... yes
checking sys/file.h presence... yes
checking for sys/file.h... yes
checking for fopen in -lmsvcrt... no
checking for __modsi3 in -lgcc... no
checking for socketpair in -lc... yes
checking for getaddrinfo in -lc... yes
checking for gethostbyname2 in -lc... yes
checking for inet_ntop in -lc... yes
checking for socket in -lsocket... no
checking for inet_ntop in -lnsl... yes
checking for socks proxy support... no
checking for lstat in -lc... yes
checking for strcoll in -lc... yes
checking for stricmp in -lc... no
checking for stristr in -lc... no
checking for sysconf in -lc... yes
checking for posix_memalign in -lc... yes
checking for dlopen in -lc... no
checking for dlopen in -ldl... yes
checking pthread.h usability... yes
checking pthread.h presence... yes
checking for pthread.h... yes
checking for pthread_create in -lpthread... yes
checking for pthread_condattr_setclock in -lpthread... yes
checking for pthread_setconcurrency in -lpthread... yes
checking for pthread_yield in -lpthread... yes
checking for pthread_delay in -lpthread... no
checking for pthread_delay_np in -lpthread... no
checking for pthread_setschedprio in -lpthread... yes
checking for ftok... yes
checking for shm_open... no
checking for shm_open in -lposix4... no
checking for shm_open in -lrt... yes
checking for nanosleep... yes
checking for clock_nanosleep... no
checking for clock_nanosleep in -lposix4... no
checking for clock_nanosleep in -lrt... yes
checking for clock_gettime... no
checking for clock_gettime in -lposix4... no
checking for clock_gettime in -lrt... yes
checking for strerror_r... yes
checking for localtime_r... yes
checking for posix_fadvise... yes
checking for ftruncate... yes
checking for pwrite... yes
checking for setpgrp... yes
checking for setlocale... yes
checking for gettext... yes
checking for execvp... yes
checking for atexit... yes
checking for realpath... yes
checking for symlink... yes
checking for readlink... yes
checking for waitpid... yes
checking for wait4... yes
checking stdexcept usability... yes
checking stdexcept presence... yes
checking for stdexcept... yes
checking for old style iostream... no
checking whether g++ supports -mt... no
checking whether g++ supports -pthread... yes
checking whether g++ supports -fno-check-new... no
checking whether g++ supports -finline... yes
checking whether g++ supports visibility... yes
checking for pkg-config... /usr/bin/pkg-config
checking pkg-config is at least version 0.9.0... yes
checking openssl/ssl.h usability... no
checking openssl/ssl.h presence... no
checking for openssl/ssl.h... no
checking openssl/fips.h usability... no
checking openssl/fips.h presence... no
checking for openssl/fips.h... no
checking for gnutls_init in -lgnutls... yes
checking secure library mode... gnutls
checking libintl.h usability... yes
checking libintl.h presence... yes
checking for libintl.h... yes
checking for doxygen... doxygen
configure: creating ./config.status
config.status: creating Makefile
config.status: creating corelib/Makefile
config.status: creating commoncpp/Makefile
config.status: creating openssl/Makefile
config.status: creating gnutls/Makefile
config.status: creating nossl/Makefile
config.status: creating utils/Makefile
config.status: creating inc/Makefile
config.status: creating inc/ucommon/Makefile
config.status: creating inc/commoncpp/Makefile
config.status: creating test/Makefile
config.status: creating commoncpp.pc
config.status: creating ucommon.pc
config.status: creating ucommon.spec
config.status: creating ucommon-config
config.status: creating commoncpp-config
config.status: creating config.h
config.status: executing libtool commands
config.status: executing depfiles commands
configure: WARNING: unrecognized options: --disable-maintainer-mode, --disable-silent-rules
touch debian/stamp-autotools
/usr/bin/make  -C .  
make[1]: Entering directory `/«PKGBUILDDIR»'
(CDPATH="${ZSH_VERSION+.}:" && cd . && /bin/bash /«PKGBUILDDIR»/autoconf/missing --run autoheader)
rm -f stamp-h1
touch config.h.in
cd . && /bin/bash ./config.status config.h
config.status: creating config.h
config.status: config.h is unchanged
/usr/bin/make  all-recursive
make[2]: Entering directory `/«PKGBUILDDIR»'
Making all in corelib
make[3]: Entering directory `/«PKGBUILDDIR»/corelib'
/bin/bash ../libtool --tag=CXX   --mode=compile g++ -DHAVE_CONFIG_H -I. -I..   -D_FORTIFY_SOURCE=2 -I../inc -Wno-long-long -DNEW_STDCPP -pthread -finline -fvisibility=hidden -DUCOMMON_VISIBILITY=1 -g -O2 -fstack-protector --param=ssp-buffer-size=4 -Wformat -Werror=format-security -Wall -c -o object.lo object.cpp
libtool: compile:  g++ -DHAVE_CONFIG_H -I. -I.. -D_FORTIFY_SOURCE=2 -I../inc -Wno-long-long -DNEW_STDCPP -pthread -finline -fvisibility=hidden -DUCOMMON_VISIBILITY=1 -g -O2 -fstack-protector --param=ssp-buffer-size=4 -Wformat -Werror=format-security -Wall -c object.cpp  -fPIC -DPIC -o .libs/object.o
clang: warning: argument unused during compilation: '--param ssp-buffer-size=4'
libtool: compile:  g++ -DHAVE_CONFIG_H -I. -I.. -D_FORTIFY_SOURCE=2 -I../inc -Wno-long-long -DNEW_STDCPP -pthread -finline -fvisibility=hidden -DUCOMMON_VISIBILITY=1 -g -O2 -fstack-protector --param=ssp-buffer-size=4 -Wformat -Werror=format-security -Wall -c object.cpp -o object.o >/dev/null 2>&1
/bin/bash ../libtool --tag=CXX   --mode=compile g++ -DHAVE_CONFIG_H -I. -I..   -D_FORTIFY_SOURCE=2 -I../inc -Wno-long-long -DNEW_STDCPP -pthread -finline -fvisibility=hidden -DUCOMMON_VISIBILITY=1 -g -O2 -fstack-protector --param=ssp-buffer-size=4 -Wformat -Werror=format-security -Wall -c -o linked.lo linked.cpp
libtool: compile:  g++ -DHAVE_CONFIG_H -I. -I.. -D_FORTIFY_SOURCE=2 -I../inc -Wno-long-long -DNEW_STDCPP -pthread -finline -fvisibility=hidden -DUCOMMON_VISIBILITY=1 -g -O2 -fstack-protector --param=ssp-buffer-size=4 -Wformat -Werror=format-security -Wall -c linked.cpp  -fPIC -DPIC -o .libs/linked.o
clang: warning: argument unused during compilation: '--param ssp-buffer-size=4'
In file included from linked.cpp:20:
../inc/ucommon/linked.h:1846:17: error: cannot initialize return object of type 'ucommon::NamedObject **' with an rvalue of type 'ucommon::NamedObject *'
        {return static_cast<NamedObject*>(&head);};
                ^~~~~~~~~~~~~~~~~~~~~~~~~~~~~~~~
In file included from linked.cpp:22:
In file included from ../inc/ucommon/thread.h:69:
../inc/ucommon/memory.h:807:20: error: call to non-static member function without an object argument
        {mempager::purge();};
         ~~~~~~~~~~^~~~~
linked.cpp:580:12: warning: destination for this 'memcpy' call is a pointer to dynamic class 'ucommon::OrderedIndex'; vtable pointer will be overwritten [-Wdynamic-class-memaccess]
    memcpy(&child, &source.child, sizeof(child));
    ~~~~~~ ^
linked.cpp:580:12: note: explicitly cast the pointer to silence this warning
    memcpy(&child, &source.child, sizeof(child));
           ^
           (void*)
1 warning and 2 errors generated.
make[3]: *** [linked.lo] Error 1
make[3]: Leaving directory `/«PKGBUILDDIR»/corelib'
make[2]: *** [all-recursive] Error 1
make[1]: *** [all] Error 2
make: *** [debian/stamp-makefile-build] Error 2
dpkg-buildpackage: error: debian/rules build-arch gave error exit status 2
make[2]: Leaving directory `/«PKGBUILDDIR»'
make[1]: Leaving directory `/«PKGBUILDDIR»'
────────────────────────────────────────────────────────────────────────────────
Build finished at 20120623-1616

Finished
────────

E: Build failure (dpkg-buildpackage died)

┌──────────────────────────────────────────────────────────────────────────────┐
│ Cleanup                                                                      │
└──────────────────────────────────────────────────────────────────────────────┘

Purging /«BUILDDIR»
Not cleaning session: cloned chroot in use

┌──────────────────────────────────────────────────────────────────────────────┐
│ Summary                                                                      │
└──────────────────────────────────────────────────────────────────────────────┘

Architecture: amd64
Build-Space: 8208
Build-Time: 31
Distribution: unstable
Fail-Stage: build
Install-Time: 17
Job: ucommon_5.2.2-3
Package: ucommon
Package-Time: 71
Source-Version: 5.2.2-3
Space: 8208
Status: attempted
Version: 5.2.2-3
────────────────────────────────────────────────────────────────────────────────
Finished at 20120623-1616
Build needed 00:01:11, 8208k disc space
DC-Status: Failed 72.096036s
DC-Time-Estimation: 72.096036 versus expected 462 (r/m: 5.40811930353563 ; m: 72.096036)
