DC-Build-Header: binutils-arm-none-eabi 4 / 2014-01-04 16:50:37 +0000
DC-Task: source:binutils-arm-none-eabi version:4 architecture:any chroot:unstable esttime: logfile:/tmp/binutils-arm-none-eabi_4_unstable_clang.log modes:binary-only:parallel:clang
DC-Sbuild-call: su user -c 'sbuild -n --apt-update -d unstable -v  --chroot-setup-commands=/tmp/switch-to-clang --append-to-version "clang1" --maintainer "Lucas Nussbaum <lucas@debian.org>" --uploader "Lucas Nussbaum <lucas@debian.org>" binutils-arm-none-eabi_4'
sbuild (Debian sbuild) 0.63.2 (18 Aug 2012) on ip-172-31-15-145.us-west-2.compute.internal

╔══════════════════════════════════════════════════════════════════════════════╗
║ binutils-arm-none-eabi 4clang1 (amd64)                     04 Jan 2014 16:50 ║
╚══════════════════════════════════════════════════════════════════════════════╝

Package: binutils-arm-none-eabi
Version: 4clang1
Source Version: 4
Distribution: unstable
Machine Architecture: amd64
Host Architecture: amd64
Build Architecture: amd64

I: NOTICE: Log filtering will replace 'build/binutils-arm-none-eabi-A_Q0Zg/binutils-arm-none-eabi-4clang1' with '«PKGBUILDDIR»'
I: NOTICE: Log filtering will replace 'build/binutils-arm-none-eabi-A_Q0Zg' with '«BUILDDIR»'
I: NOTICE: Log filtering will replace 'var/lib/schroot/mount/unstable-amd64-sbuild-7898de12-d145-463f-9695-90d7b08609a4' with '«CHROOT»'

┌──────────────────────────────────────────────────────────────────────────────┐
│ Update chroot                                                                │
└──────────────────────────────────────────────────────────────────────────────┘

Get:1 http://localhost:9999 unstable InRelease [206 kB]
Ign http://localhost:9999 unstable/main Sources/DiffIndex
Ign http://localhost:9999 unstable/main amd64 Packages/DiffIndex
Hit http://localhost:9999 unstable/main Translation-en/DiffIndex
Hit http://localhost:9999 unstable/main Sources
Hit http://localhost:9999 unstable/main amd64 Packages
Fetched 206 kB in 4s (45.5 kB/s)
Reading package lists...
Reading package lists...
Building dependency tree...
Reading state information...
0 upgraded, 0 newly installed, 0 to remove and 0 not upgraded.

┌──────────────────────────────────────────────────────────────────────────────┐
│ Fetch source files                                                           │
└──────────────────────────────────────────────────────────────────────────────┘


Check APT
─────────

Checking available source versions...

Download source files with APT
──────────────────────────────

Reading package lists...
Building dependency tree...
Reading state information...
NOTICE: 'binutils-arm-none-eabi' packaging is maintained in the 'Git' version control system at:
git://anonscm.debian.org/collab-maint/binutils-arm-none-eabi.git
Need to get 4725 B of source archives.
Get:1 http://localhost:9999/debian/ unstable/main binutils-arm-none-eabi 4 (dsc) [1833 B]
Get:2 http://localhost:9999/debian/ unstable/main binutils-arm-none-eabi 4 (tar) [2892 B]
Fetched 4725 B in 0s (7565 B/s)
Download complete and in download only mode

Check arch
──────────


┌──────────────────────────────────────────────────────────────────────────────┐
│ Chroot Setup Commands                                                        │
└──────────────────────────────────────────────────────────────────────────────┘


/tmp/switch-to-clang
────────────────────

+ echo 'Entering customization script...'
Entering customization script...
+ echo 'Install of clang-3.4'
Install of clang-3.4
+ apt-get update
Hit http://localhost:9999 unstable InRelease
Ign http://localhost:9999 unstable/main Sources/DiffIndex
Ign http://localhost:9999 unstable/main amd64 Packages/DiffIndex
Hit http://localhost:9999 unstable/main Translation-en/DiffIndex
Hit http://localhost:9999 unstable/main Sources
Hit http://localhost:9999 unstable/main amd64 Packages
Reading package lists...
+ apt-get install --yes --no-install-recommends --force-yes clang-3.4
Reading package lists...
Building dependency tree...
Reading state information...
The following extra packages will be installed:
  libclang-common-3.4-dev libclang1-3.4 libffi6 libllvm3.4 libobjc-4.8-dev
  libobjc4
Recommended packages:
  llvm-3.4-dev python
The following NEW packages will be installed:
  clang-3.4 libclang-common-3.4-dev libclang1-3.4 libffi6 libllvm3.4
  libobjc-4.8-dev libobjc4
0 upgraded, 7 newly installed, 0 to remove and 0 not upgraded.
Need to get 19.9 MB of archives.
After this operation, 82.1 MB of additional disk space will be used.
Get:1 http://localhost:9999/debian/ unstable/main libffi6 amd64 3.0.13-10 [19.3 kB]
Get:2 http://localhost:9999/debian/ unstable/main libllvm3.4 amd64 1:3.4-1 [6528 kB]
Get:3 http://localhost:9999/debian/ unstable/main libobjc4 amd64 4.8.2-11 [110 kB]
Get:4 http://localhost:9999/debian/ unstable/main libobjc-4.8-dev amd64 4.8.2-11 [370 kB]
Get:5 http://localhost:9999/debian/ unstable/main libclang1-3.4 amd64 1:3.4-1 [3526 kB]
Get:6 http://localhost:9999/debian/ unstable/main libclang-common-3.4-dev amd64 1:3.4-1 [516 kB]
Get:7 http://localhost:9999/debian/ unstable/main clang-3.4 amd64 1:3.4-1 [8878 kB]
debconf: delaying package configuration, since apt-utils is not installed
Fetched 19.9 MB in 2s (8455 kB/s)
Selecting previously unselected package libffi6:amd64.
(Reading database ... 13944 files and directories currently installed.)
Preparing to unpack .../libffi6_3.0.13-10_amd64.deb ...
Unpacking libffi6:amd64 (3.0.13-10) ...
Selecting previously unselected package libllvm3.4:amd64.
Preparing to unpack .../libllvm3.4_1%3a3.4-1_amd64.deb ...
Unpacking libllvm3.4:amd64 (1:3.4-1) ...
Selecting previously unselected package libobjc4:amd64.
Preparing to unpack .../libobjc4_4.8.2-11_amd64.deb ...
Unpacking libobjc4:amd64 (4.8.2-11) ...
Selecting previously unselected package libobjc-4.8-dev:amd64.
Preparing to unpack .../libobjc-4.8-dev_4.8.2-11_amd64.deb ...
Unpacking libobjc-4.8-dev:amd64 (4.8.2-11) ...
Selecting previously unselected package libclang1-3.4:amd64.
Preparing to unpack .../libclang1-3.4_1%3a3.4-1_amd64.deb ...
Unpacking libclang1-3.4:amd64 (1:3.4-1) ...
Selecting previously unselected package libclang-common-3.4-dev.
Preparing to unpack .../libclang-common-3.4-dev_1%3a3.4-1_amd64.deb ...
Unpacking libclang-common-3.4-dev (1:3.4-1) ...
Selecting previously unselected package clang-3.4.
Preparing to unpack .../clang-3.4_1%3a3.4-1_amd64.deb ...
Unpacking clang-3.4 (1:3.4-1) ...
Setting up libffi6:amd64 (3.0.13-10) ...
Setting up libllvm3.4:amd64 (1:3.4-1) ...
Setting up libobjc4:amd64 (4.8.2-11) ...
Setting up libobjc-4.8-dev:amd64 (4.8.2-11) ...
Setting up libclang1-3.4:amd64 (1:3.4-1) ...
Setting up libclang-common-3.4-dev (1:3.4-1) ...
Setting up clang-3.4 (1:3.4-1) ...
Processing triggers for libc-bin (2.17-97) ...
+ echo 'Replace gcc, g++ & cpp by clang'
Replace gcc, g++ & cpp by clang
+ VERSIONS='4.6 4.7 4.8'
+ cd /usr/bin
+ for VERSION in '$VERSIONS'
+ rm -f g++-4.6 gcc-4.6 cpp-4.6
+ ln -s clang++ g++-4.6
+ ln -s clang gcc-4.6
+ ln -s clang cpp-4.6
+ for VERSION in '$VERSIONS'
+ rm -f g++-4.7 gcc-4.7 cpp-4.7
+ ln -s clang++ g++-4.7
+ ln -s clang gcc-4.7
+ ln -s clang cpp-4.7
+ for VERSION in '$VERSIONS'
+ rm -f g++-4.8 gcc-4.8 cpp-4.8
+ ln -s clang++ g++-4.8
+ ln -s clang gcc-4.8
+ ln -s clang cpp-4.8
+ cd -
/«BUILDDIR»
+ echo 'Block the installation of new gcc version'
Block the installation of new gcc version
+ echo 'gcc-4.6 hold'
+ dpkg --set-selections
+ dpkg --set-selections
+ echo 'cpp-4.6 hold'
+ dpkg --set-selections
+ echo 'g++-4.6 hold'
+ dpkg --set-selections
+ echo 'gcc-4.7 hold'
+ dpkg --set-selections
+ echo 'cpp-4.7 hold'
+ echo 'g++-4.7 hold'
+ dpkg --set-selections
+ echo 'gcc-4.8 hold'
+ dpkg --set-selections
+ dpkg --set-selections
+ echo 'cpp-4.8 hold'
+ dpkg --set-selections
+ echo 'g++-4.8 hold'
+ echo 'Check if gcc, g++ & cpp are actually clang'
Check if gcc, g++ & cpp are actually clang
+ gcc --version
+ grep clang
+ grep clang
+ cpp --version
+ grep clang
+ g++ --version

I: Finished running '/tmp/switch-to-clang'.

Finished processing commands.
────────────────────────────────────────────────────────────────────────────────
Merged Build-Depends: build-essential, fakeroot
Filtered Build-Depends: build-essential, fakeroot
dpkg-deb: building package `sbuild-build-depends-core-dummy' in `/«BUILDDIR»/resolver-FLqFIH/apt_archive/sbuild-build-depends-core-dummy.deb'.
OK
Reading package lists...

┌──────────────────────────────────────────────────────────────────────────────┐
│ Install core build dependencies (apt-based resolver)                         │
└──────────────────────────────────────────────────────────────────────────────┘

Installing build dependencies
Reading package lists...
Building dependency tree...
Reading state information...
The following NEW packages will be installed:
  sbuild-build-depends-core-dummy
debconf: delaying package configuration, since apt-utils is not installed
0 upgraded, 1 newly installed, 0 to remove and 0 not upgraded.
Need to get 0 B/766 B of archives.
After this operation, 0 B of additional disk space will be used.
Selecting previously unselected package sbuild-build-depends-core-dummy.
(Reading database ... 14105 files and directories currently installed.)
Preparing to unpack .../sbuild-build-depends-core-dummy.deb ...
Unpacking sbuild-build-depends-core-dummy (0.invalid.0) ...
Setting up sbuild-build-depends-core-dummy (0.invalid.0) ...
Merged Build-Depends: base-files, base-passwd, bash, bsdutils, coreutils, dash, debianutils, diffutils, dpkg, e2fsprogs, findutils, grep, gzip, hostname, libc-bin, login, mount, ncurses-base, ncurses-bin, perl-base, sed, sysvinit, sysvinit-utils, tar, util-linux, libc6-dev | libc-dev, gcc (>= 4:4.4.3), g++ (>= 4:4.4.3), make, dpkg-dev (>= 1.13.5), binutils-source, debhelper (>= 8.0.0), autotools-dev, bison, flex, gettext, texinfo, dejagnu (>= 1.4.2-1.1), python3, file, xz-utils, lsb-release, zlib1g-dev
Filtered Build-Depends: base-files, base-passwd, bash, bsdutils, coreutils, dash, debianutils, diffutils, dpkg, e2fsprogs, findutils, grep, gzip, hostname, libc-bin, login, mount, ncurses-base, ncurses-bin, perl-base, sed, sysvinit, sysvinit-utils, tar, util-linux, libc6-dev, gcc (>= 4:4.4.3), g++ (>= 4:4.4.3), make, dpkg-dev (>= 1.13.5), binutils-source, debhelper (>= 8.0.0), autotools-dev, bison, flex, gettext, texinfo, dejagnu (>= 1.4.2-1.1), python3, file, xz-utils, lsb-release, zlib1g-dev
dpkg-deb: building package `sbuild-build-depends-binutils-arm-none-eabi-dummy' in `/«BUILDDIR»/resolver-EbR_T_/apt_archive/sbuild-build-depends-binutils-arm-none-eabi-dummy.deb'.
OK
Reading package lists...

┌──────────────────────────────────────────────────────────────────────────────┐
│ Install binutils-arm-none-eabi build dependencies (apt-based resolver)       │
└──────────────────────────────────────────────────────────────────────────────┘

Installing build dependencies
Reading package lists...
Building dependency tree...
Reading state information...
The following extra packages will be installed:
  autotools-dev binutils-source bison bsdmainutils debhelper dejagnu dh-python
  expect file flex gettext gettext-base groff-base intltool-debian
  libasprintf0c2 libbison-dev libcroco3 libexpat1 libglib2.0-0 libintl-perl
  libmagic1 libncursesw5 libpipeline1 libpython-stdlib libpython2.7-minimal
  libpython2.7-stdlib libpython3-stdlib libpython3.3-minimal
  libpython3.3-stdlib libsigsegv2 libsqlite3-0 libssl1.0.0
  libtext-unidecode-perl libunistring0 libxml-libxml-perl
  libxml-namespacesupport-perl libxml-sax-base-perl libxml-sax-perl libxml2
  lsb-release m4 man-db mime-support po-debconf python python-minimal
  python2.7 python2.7-minimal python3 python3-minimal python3.3
  python3.3-minimal tcl8.5 texinfo zlib1g-dev
Suggested packages:
  bison-doc wamerican wordlist whois vacation dh-make gettext-doc groff
  libintl-xs-perl lsb less www-browser libmail-box-perl python-doc python-tk
  python2.7-doc binfmt-support python3-doc python3-tk python3.3-doc
  tcl-tclreadline texlive-base texlive-latex-base texlive-generic-recommended
  texinfo-doc-nonfree
Recommended packages:
  curl wget lynx-cur autopoint libasprintf-dev libgettextpo-dev
  libglib2.0-data shared-mime-info libxml-sax-expat-perl xml-core
  libmail-sendmail-perl
The following NEW packages will be installed:
  autotools-dev binutils-source bison bsdmainutils debhelper dejagnu dh-python
  expect file flex gettext gettext-base groff-base intltool-debian
  libasprintf0c2 libbison-dev libcroco3 libexpat1 libglib2.0-0 libintl-perl
  libmagic1 libncursesw5 libpipeline1 libpython-stdlib libpython2.7-minimal
  libpython2.7-stdlib libpython3-stdlib libpython3.3-minimal
  libpython3.3-stdlib libsigsegv2 libsqlite3-0 libssl1.0.0
  libtext-unidecode-perl libunistring0 libxml-libxml-perl
  libxml-namespacesupport-perl libxml-sax-base-perl libxml-sax-perl libxml2
  lsb-release m4 man-db mime-support po-debconf python python-minimal
  python2.7 python2.7-minimal python3 python3-minimal python3.3
  python3.3-minimal sbuild-build-depends-binutils-arm-none-eabi-dummy tcl8.5
  texinfo zlib1g-dev
0 upgraded, 56 newly installed, 0 to remove and 0 not upgraded.
Need to get 41.9 MB/41.9 MB of archives.
After this operation, 102 MB of additional disk space will be used.
Get:1 http://localhost:9999/debian/ unstable/main libncursesw5 amd64 5.9+20130608-1 [141 kB]
Get:2 http://localhost:9999/debian/ unstable/main libpipeline1 amd64 1.2.6-1 [24.8 kB]
Get:3 http://localhost:9999/debian/ unstable/main libssl1.0.0 amd64 1.0.1e-6 [1003 kB]
Get:4 http://localhost:9999/debian/ unstable/main groff-base amd64 1.22.2-3 [747 kB]
Get:5 http://localhost:9999/debian/ unstable/main bsdmainutils amd64 9.0.5 [211 kB]
Get:6 http://localhost:9999/debian/ unstable/main man-db amd64 2.6.5-3 [975 kB]
Get:7 http://localhost:9999/debian/ unstable/main libasprintf0c2 amd64 0.18.3.1-2 [29.1 kB]
Get:8 http://localhost:9999/debian/ unstable/main libmagic1 amd64 1:5.14-2 [216 kB]
Get:9 http://localhost:9999/debian/ unstable/main libsqlite3-0 amd64 3.8.2-1 [403 kB]
Get:10 http://localhost:9999/debian/ unstable/main libxml2 amd64 2.9.1+dfsg1-3 [791 kB]
Get:11 http://localhost:9999/debian/ unstable/main libsigsegv2 amd64 2.10-2 [29.8 kB]
Get:12 http://localhost:9999/debian/ unstable/main m4 amd64 1.4.17-2 [255 kB]
Get:13 http://localhost:9999/debian/ unstable/main flex amd64 2.5.35-10.1 [332 kB]
Get:14 http://localhost:9999/debian/ unstable/main libglib2.0-0 amd64 2.36.4-1 [2055 kB]
Get:15 http://localhost:9999/debian/ unstable/main libcroco3 amd64 0.6.8-2 [133 kB]
Get:16 http://localhost:9999/debian/ unstable/main libexpat1 amd64 2.1.0-4 [138 kB]
Get:17 http://localhost:9999/debian/ unstable/main libpython3.3-minimal amd64 3.3.3-5 [422 kB]
Get:18 http://localhost:9999/debian/ unstable/main mime-support all 3.54 [36.4 kB]
Get:19 http://localhost:9999/debian/ unstable/main libpython3.3-stdlib amd64 3.3.3-5 [2054 kB]
Get:20 http://localhost:9999/debian/ unstable/main libunistring0 amd64 0.9.3-5 [434 kB]
Get:21 http://localhost:9999/debian/ unstable/main libpython2.7-minimal amd64 2.7.6-4 [346 kB]
Get:22 http://localhost:9999/debian/ unstable/main python2.7-minimal amd64 2.7.6-4 [1222 kB]
Get:23 http://localhost:9999/debian/ unstable/main python3.3-minimal amd64 3.3.3-5 [1402 kB]
Get:24 http://localhost:9999/debian/ unstable/main file amd64 1:5.14-2 [54.0 kB]
Get:25 http://localhost:9999/debian/ unstable/main gettext-base amd64 0.18.3.1-2 [116 kB]
Get:26 http://localhost:9999/debian/ unstable/main libpython2.7-stdlib amd64 2.7.6-4 [1864 kB]
Get:27 http://localhost:9999/debian/ unstable/main python2.7 amd64 2.7.6-4 [234 kB]
Get:28 http://localhost:9999/debian/ unstable/main python-minimal amd64 2.7.5-5 [39.3 kB]
Get:29 http://localhost:9999/debian/ unstable/main libpython-stdlib amd64 2.7.5-5 [18.7 kB]
Get:30 http://localhost:9999/debian/ unstable/main python amd64 2.7.5-5 [146 kB]
Get:31 http://localhost:9999/debian/ unstable/main libtext-unidecode-perl all 0.04-2 [115 kB]
Get:32 http://localhost:9999/debian/ unstable/main libintl-perl all 1.23-1 [1209 kB]
Get:33 http://localhost:9999/debian/ unstable/main libxml-namespacesupport-perl all 1.11-1 [14.8 kB]
Get:34 http://localhost:9999/debian/ unstable/main libxml-sax-base-perl all 1.07-1 [23.1 kB]
Get:35 http://localhost:9999/debian/ unstable/main libxml-sax-perl all 0.99+dfsg-2 [68.3 kB]
Get:36 http://localhost:9999/debian/ unstable/main libxml-libxml-perl amd64 2.0108+dfsg-1 [358 kB]
Get:37 http://localhost:9999/debian/ unstable/main texinfo amd64 5.2.0.dfsg.1-2 [954 kB]
Get:38 http://localhost:9999/debian/ unstable/main autotools-dev all 20130810.1 [69.6 kB]
Get:39 http://localhost:9999/debian/ unstable/main zlib1g-dev amd64 1:1.2.8.dfsg-1 [217 kB]
Get:40 http://localhost:9999/debian/ unstable/main binutils-source all 2.24-2 [16.6 MB]
Get:41 http://localhost:9999/debian/ unstable/main libbison-dev amd64 2:3.0.2.dfsg-2 [426 kB]
Get:42 http://localhost:9999/debian/ unstable/main bison amd64 2:3.0.2.dfsg-2 [765 kB]
Get:43 http://localhost:9999/debian/ unstable/main gettext amd64 0.18.3.1-2 [1202 kB]
Get:44 http://localhost:9999/debian/ unstable/main intltool-debian all 0.35.0+20060710.1 [30.8 kB]
Get:45 http://localhost:9999/debian/ unstable/main po-debconf all 1.0.16+nmu2 [224 kB]
Get:46 http://localhost:9999/debian/ unstable/main debhelper all 9.20131227 [687 kB]
Get:47 http://localhost:9999/debian/ unstable/main tcl8.5 amd64 8.5.14-2 [1639 kB]
Get:48 http://localhost:9999/debian/ unstable/main expect amd64 5.45-5 [178 kB]
Get:49 http://localhost:9999/debian/ unstable/main dejagnu all 1.5-3 [885 kB]
Get:50 http://localhost:9999/debian/ unstable/main python3.3 amd64 3.3.3-5 [159 kB]
Get:51 http://localhost:9999/debian/ unstable/main python3-minimal amd64 3.3.2-17 [33.9 kB]
Get:52 http://localhost:9999/debian/ unstable/main libpython3-stdlib amd64 3.3.2-17 [17.6 kB]
Get:53 http://localhost:9999/debian/ unstable/main python3 amd64 3.3.2-17 [20.5 kB]
Get:54 http://localhost:9999/debian/ unstable/main dh-python all 1.20131021-1 [51.3 kB]
Get:55 http://localhost:9999/debian/ unstable/main lsb-release all 4.1+Debian12 [26.6 kB]
debconf: delaying package configuration, since apt-utils is not installed
Fetched 41.9 MB in 12s (3387 kB/s)
Selecting previously unselected package libncursesw5:amd64.
(Reading database ... 14105 files and directories currently installed.)
Preparing to unpack .../libncursesw5_5.9+20130608-1_amd64.deb ...
Unpacking libncursesw5:amd64 (5.9+20130608-1) ...
Selecting previously unselected package libpipeline1:amd64.
Preparing to unpack .../libpipeline1_1.2.6-1_amd64.deb ...
Unpacking libpipeline1:amd64 (1.2.6-1) ...
Selecting previously unselected package libssl1.0.0:amd64.
Preparing to unpack .../libssl1.0.0_1.0.1e-6_amd64.deb ...
Unpacking libssl1.0.0:amd64 (1.0.1e-6) ...
Selecting previously unselected package groff-base.
Preparing to unpack .../groff-base_1.22.2-3_amd64.deb ...
Unpacking groff-base (1.22.2-3) ...
Selecting previously unselected package bsdmainutils.
Preparing to unpack .../bsdmainutils_9.0.5_amd64.deb ...
Unpacking bsdmainutils (9.0.5) ...
Selecting previously unselected package man-db.
Preparing to unpack .../man-db_2.6.5-3_amd64.deb ...
Unpacking man-db (2.6.5-3) ...
Selecting previously unselected package libasprintf0c2:amd64.
Preparing to unpack .../libasprintf0c2_0.18.3.1-2_amd64.deb ...
Unpacking libasprintf0c2:amd64 (0.18.3.1-2) ...
Selecting previously unselected package libmagic1:amd64.
Preparing to unpack .../libmagic1_1%3a5.14-2_amd64.deb ...
Unpacking libmagic1:amd64 (1:5.14-2) ...
Selecting previously unselected package libsqlite3-0:amd64.
Preparing to unpack .../libsqlite3-0_3.8.2-1_amd64.deb ...
Unpacking libsqlite3-0:amd64 (3.8.2-1) ...
Selecting previously unselected package libxml2:amd64.
Preparing to unpack .../libxml2_2.9.1+dfsg1-3_amd64.deb ...
Unpacking libxml2:amd64 (2.9.1+dfsg1-3) ...
Selecting previously unselected package libsigsegv2:amd64.
Preparing to unpack .../libsigsegv2_2.10-2_amd64.deb ...
Unpacking libsigsegv2:amd64 (2.10-2) ...
Selecting previously unselected package m4.
Preparing to unpack .../archives/m4_1.4.17-2_amd64.deb ...
Unpacking m4 (1.4.17-2) ...
Selecting previously unselected package flex.
Preparing to unpack .../flex_2.5.35-10.1_amd64.deb ...
Unpacking flex (2.5.35-10.1) ...
Selecting previously unselected package libglib2.0-0:amd64.
Preparing to unpack .../libglib2.0-0_2.36.4-1_amd64.deb ...
Unpacking libglib2.0-0:amd64 (2.36.4-1) ...
Selecting previously unselected package libcroco3:amd64.
Preparing to unpack .../libcroco3_0.6.8-2_amd64.deb ...
Unpacking libcroco3:amd64 (0.6.8-2) ...
Selecting previously unselected package libexpat1:amd64.
Preparing to unpack .../libexpat1_2.1.0-4_amd64.deb ...
Unpacking libexpat1:amd64 (2.1.0-4) ...
Selecting previously unselected package libpython3.3-minimal:amd64.
Preparing to unpack .../libpython3.3-minimal_3.3.3-5_amd64.deb ...
Unpacking libpython3.3-minimal:amd64 (3.3.3-5) ...
Selecting previously unselected package mime-support.
Preparing to unpack .../mime-support_3.54_all.deb ...
Unpacking mime-support (3.54) ...
Selecting previously unselected package libpython3.3-stdlib:amd64.
Preparing to unpack .../libpython3.3-stdlib_3.3.3-5_amd64.deb ...
Unpacking libpython3.3-stdlib:amd64 (3.3.3-5) ...
Selecting previously unselected package libunistring0:amd64.
Preparing to unpack .../libunistring0_0.9.3-5_amd64.deb ...
Unpacking libunistring0:amd64 (0.9.3-5) ...
Selecting previously unselected package libpython2.7-minimal:amd64.
Preparing to unpack .../libpython2.7-minimal_2.7.6-4_amd64.deb ...
Unpacking libpython2.7-minimal:amd64 (2.7.6-4) ...
Selecting previously unselected package python2.7-minimal.
Preparing to unpack .../python2.7-minimal_2.7.6-4_amd64.deb ...
Unpacking python2.7-minimal (2.7.6-4) ...
Selecting previously unselected package python3.3-minimal.
Preparing to unpack .../python3.3-minimal_3.3.3-5_amd64.deb ...
Unpacking python3.3-minimal (3.3.3-5) ...
Selecting previously unselected package file.
Preparing to unpack .../file_1%3a5.14-2_amd64.deb ...
Unpacking file (1:5.14-2) ...
Selecting previously unselected package gettext-base.
Preparing to unpack .../gettext-base_0.18.3.1-2_amd64.deb ...
Unpacking gettext-base (0.18.3.1-2) ...
Selecting previously unselected package libpython2.7-stdlib:amd64.
Preparing to unpack .../libpython2.7-stdlib_2.7.6-4_amd64.deb ...
Unpacking libpython2.7-stdlib:amd64 (2.7.6-4) ...
Selecting previously unselected package python2.7.
Preparing to unpack .../python2.7_2.7.6-4_amd64.deb ...
Unpacking python2.7 (2.7.6-4) ...
Selecting previously unselected package python-minimal.
Preparing to unpack .../python-minimal_2.7.5-5_amd64.deb ...
Unpacking python-minimal (2.7.5-5) ...
Selecting previously unselected package libpython-stdlib:amd64.
Preparing to unpack .../libpython-stdlib_2.7.5-5_amd64.deb ...
Unpacking libpython-stdlib:amd64 (2.7.5-5) ...
Selecting previously unselected package python.
Preparing to unpack .../python_2.7.5-5_amd64.deb ...
Unpacking python (2.7.5-5) ...
Selecting previously unselected package libtext-unidecode-perl.
Preparing to unpack .../libtext-unidecode-perl_0.04-2_all.deb ...
Unpacking libtext-unidecode-perl (0.04-2) ...
Selecting previously unselected package libintl-perl.
Preparing to unpack .../libintl-perl_1.23-1_all.deb ...
Unpacking libintl-perl (1.23-1) ...
Selecting previously unselected package libxml-namespacesupport-perl.
Preparing to unpack .../libxml-namespacesupport-perl_1.11-1_all.deb ...
Unpacking libxml-namespacesupport-perl (1.11-1) ...
Selecting previously unselected package libxml-sax-base-perl.
Preparing to unpack .../libxml-sax-base-perl_1.07-1_all.deb ...
Unpacking libxml-sax-base-perl (1.07-1) ...
Selecting previously unselected package libxml-sax-perl.
Preparing to unpack .../libxml-sax-perl_0.99+dfsg-2_all.deb ...
Unpacking libxml-sax-perl (0.99+dfsg-2) ...
Selecting previously unselected package libxml-libxml-perl.
Preparing to unpack .../libxml-libxml-perl_2.0108+dfsg-1_amd64.deb ...
Unpacking libxml-libxml-perl (2.0108+dfsg-1) ...
Selecting previously unselected package texinfo.
Preparing to unpack .../texinfo_5.2.0.dfsg.1-2_amd64.deb ...
Unpacking texinfo (5.2.0.dfsg.1-2) ...
Selecting previously unselected package autotools-dev.
Preparing to unpack .../autotools-dev_20130810.1_all.deb ...
Unpacking autotools-dev (20130810.1) ...
Selecting previously unselected package zlib1g-dev:amd64.
Preparing to unpack .../zlib1g-dev_1%3a1.2.8.dfsg-1_amd64.deb ...
Unpacking zlib1g-dev:amd64 (1:1.2.8.dfsg-1) ...
Selecting previously unselected package binutils-source.
Preparing to unpack .../binutils-source_2.24-2_all.deb ...
Unpacking binutils-source (2.24-2) ...
Selecting previously unselected package libbison-dev:amd64.
Preparing to unpack .../libbison-dev_2%3a3.0.2.dfsg-2_amd64.deb ...
Unpacking libbison-dev:amd64 (2:3.0.2.dfsg-2) ...
Selecting previously unselected package bison.
Preparing to unpack .../bison_2%3a3.0.2.dfsg-2_amd64.deb ...
Unpacking bison (2:3.0.2.dfsg-2) ...
Selecting previously unselected package gettext.
Preparing to unpack .../gettext_0.18.3.1-2_amd64.deb ...
Unpacking gettext (0.18.3.1-2) ...
Selecting previously unselected package intltool-debian.
Preparing to unpack .../intltool-debian_0.35.0+20060710.1_all.deb ...
Unpacking intltool-debian (0.35.0+20060710.1) ...
Selecting previously unselected package po-debconf.
Preparing to unpack .../po-debconf_1.0.16+nmu2_all.deb ...
Unpacking po-debconf (1.0.16+nmu2) ...
Selecting previously unselected package debhelper.
Preparing to unpack .../debhelper_9.20131227_all.deb ...
Unpacking debhelper (9.20131227) ...
Selecting previously unselected package tcl8.5.
Preparing to unpack .../tcl8.5_8.5.14-2_amd64.deb ...
Unpacking tcl8.5 (8.5.14-2) ...
Selecting previously unselected package expect.
Preparing to unpack .../expect_5.45-5_amd64.deb ...
Unpacking expect (5.45-5) ...
Selecting previously unselected package dejagnu.
Preparing to unpack .../archives/dejagnu_1.5-3_all.deb ...
Unpacking dejagnu (1.5-3) ...
Selecting previously unselected package python3.3.
Preparing to unpack .../python3.3_3.3.3-5_amd64.deb ...
Unpacking python3.3 (3.3.3-5) ...
Selecting previously unselected package python3-minimal.
Preparing to unpack .../python3-minimal_3.3.2-17_amd64.deb ...
Unpacking python3-minimal (3.3.2-17) ...
Selecting previously unselected package libpython3-stdlib:amd64.
Preparing to unpack .../libpython3-stdlib_3.3.2-17_amd64.deb ...
Unpacking libpython3-stdlib:amd64 (3.3.2-17) ...
Selecting previously unselected package python3.
Preparing to unpack .../python3_3.3.2-17_amd64.deb ...
Unpacking python3 (3.3.2-17) ...
Selecting previously unselected package dh-python.
Preparing to unpack .../dh-python_1.20131021-1_all.deb ...
Unpacking dh-python (1.20131021-1) ...
Selecting previously unselected package lsb-release.
Preparing to unpack .../lsb-release_4.1+Debian12_all.deb ...
Unpacking lsb-release (4.1+Debian12) ...
Selecting previously unselected package sbuild-build-depends-binutils-arm-none-eabi-dummy.
Preparing to unpack .../sbuild-build-depends-binutils-arm-none-eabi-dummy.deb ...
Unpacking sbuild-build-depends-binutils-arm-none-eabi-dummy (0.invalid.0) ...
Setting up libncursesw5:amd64 (5.9+20130608-1) ...
Setting up libpipeline1:amd64 (1.2.6-1) ...
Setting up libssl1.0.0:amd64 (1.0.1e-6) ...
Setting up groff-base (1.22.2-3) ...
Setting up bsdmainutils (9.0.5) ...
update-alternatives: using /usr/bin/bsd-write to provide /usr/bin/write (write) in auto mode
update-alternatives: using /usr/bin/bsd-from to provide /usr/bin/from (from) in auto mode
Setting up man-db (2.6.5-3) ...
Not building database; man-db/auto-update is not 'true'.
Setting up libasprintf0c2:amd64 (0.18.3.1-2) ...
Setting up libmagic1:amd64 (1:5.14-2) ...
Setting up libsqlite3-0:amd64 (3.8.2-1) ...
Setting up libxml2:amd64 (2.9.1+dfsg1-3) ...
Setting up libsigsegv2:amd64 (2.10-2) ...
Setting up m4 (1.4.17-2) ...
Setting up flex (2.5.35-10.1) ...
Setting up libglib2.0-0:amd64 (2.36.4-1) ...
No schema files found: doing nothing.
Setting up libcroco3:amd64 (0.6.8-2) ...
Setting up libexpat1:amd64 (2.1.0-4) ...
Setting up libpython3.3-minimal:amd64 (3.3.3-5) ...
Setting up mime-support (3.54) ...
Setting up libpython3.3-stdlib:amd64 (3.3.3-5) ...
Setting up libunistring0:amd64 (0.9.3-5) ...
Setting up libpython2.7-minimal:amd64 (2.7.6-4) ...
Setting up python2.7-minimal (2.7.6-4) ...
Setting up python3.3-minimal (3.3.3-5) ...
Setting up file (1:5.14-2) ...
Setting up gettext-base (0.18.3.1-2) ...
Setting up libpython2.7-stdlib:amd64 (2.7.6-4) ...
Setting up python2.7 (2.7.6-4) ...
Setting up python-minimal (2.7.5-5) ...
Setting up libpython-stdlib:amd64 (2.7.5-5) ...
Setting up python (2.7.5-5) ...
Setting up libtext-unidecode-perl (0.04-2) ...
Setting up libintl-perl (1.23-1) ...
Setting up libxml-namespacesupport-perl (1.11-1) ...
Setting up libxml-sax-base-perl (1.07-1) ...
Setting up libxml-sax-perl (0.99+dfsg-2) ...
update-perl-sax-parsers: Registering Perl SAX parser XML::SAX::PurePerl with priority 10...
update-perl-sax-parsers: Updating overall Perl SAX parser modules info file...

Creating config file /etc/perl/XML/SAX/ParserDetails.ini with new version
Setting up libxml-libxml-perl (2.0108+dfsg-1) ...
update-perl-sax-parsers: Registering Perl SAX parser XML::LibXML::SAX::Parser with priority 50...
update-perl-sax-parsers: Registering Perl SAX parser XML::LibXML::SAX with priority 50...
update-perl-sax-parsers: Updating overall Perl SAX parser modules info file...
Replacing config file /etc/perl/XML/SAX/ParserDetails.ini with new version
Setting up texinfo (5.2.0.dfsg.1-2) ...
Setting up autotools-dev (20130810.1) ...
Setting up zlib1g-dev:amd64 (1:1.2.8.dfsg-1) ...
Setting up binutils-source (2.24-2) ...
Setting up libbison-dev:amd64 (2:3.0.2.dfsg-2) ...
Setting up bison (2:3.0.2.dfsg-2) ...
update-alternatives: using /usr/bin/bison.yacc to provide /usr/bin/yacc (yacc) in auto mode
Setting up gettext (0.18.3.1-2) ...
Setting up intltool-debian (0.35.0+20060710.1) ...
Setting up po-debconf (1.0.16+nmu2) ...
Setting up debhelper (9.20131227) ...
Setting up tcl8.5 (8.5.14-2) ...
update-alternatives: using /usr/bin/tclsh8.5 to provide /usr/bin/tclsh (tclsh) in auto mode
Setting up expect (5.45-5) ...
Setting up dejagnu (1.5-3) ...
Setting up python3.3 (3.3.3-5) ...
Setting up python3-minimal (3.3.2-17) ...
Setting up libpython3-stdlib:amd64 (3.3.2-17) ...
Setting up lsb-release (4.1+Debian12) ...
Setting up python3 (3.3.2-17) ...
Setting up dh-python (1.20131021-1) ...
Setting up sbuild-build-depends-binutils-arm-none-eabi-dummy (0.invalid.0) ...
Processing triggers for libc-bin (2.17-97) ...

┌──────────────────────────────────────────────────────────────────────────────┐
│ Build environment                                                            │
└──────────────────────────────────────────────────────────────────────────────┘

Kernel: Linux 2.6.32-5-xen-amd64 amd64 (x86_64)
Toolchain package versions: binutils_2.24-2 dpkg-dev_1.17.5 g++-4.6_4.6.4-5 g++-4.8_4.8.2-11 gcc-4.6_4.6.4-5 gcc-4.7_4.7.3-9 gcc-4.8_4.8.2-11 libc6-dev_2.17-97 libstdc++-4.8-dev_4.8.2-11 libstdc++6_4.8.2-11 libstdc++6-4.6-dev_4.6.4-5 linux-libc-dev_3.12.6-2
Package versions: apt_0.9.14.2 autotools-dev_20130810.1 base-files_7.2 base-passwd_3.5.29 bash_4.2+dfsg-1 binutils_2.24-2 binutils-source_2.24-2 bison_2:3.0.2.dfsg-2 bsdmainutils_9.0.5 bsdutils_1:2.20.1-5.5 build-essential_11.6 bzip2_1.0.6-5 clang-3.4_1:3.4-1 coreutils_8.21-1 cpp_4:4.8.2-1 cpp-4.6_4.6.4-5 cpp-4.7_4.7.3-9 cpp-4.8_4.8.2-11 dash_0.5.7-3+nmu1 debconf_1.5.52 debconf-i18n_1.5.52 debfoster_2.7-1.2 debhelper_9.20131227 debian-archive-keyring_2012.4 debianutils_4.4 dejagnu_1.5-3 dh-python_1.20131021-1 diffutils_1:3.3-1 dpkg_1.17.5 dpkg-dev_1.17.5 e2fslibs_1.42.9-2 e2fsprogs_1.42.9-2 expect_5.45-5 fakeroot_1.20-3 file_1:5.14-2 findutils_4.4.2-7 flex_2.5.35-10.1 g++_4:4.8.2-1 g++-4.6_4.6.4-5 g++-4.8_4.8.2-11 gcc_4:4.8.2-1 gcc-4.4-base_4.4.7-6 gcc-4.5-base_4.5.4-1 gcc-4.6_4.6.4-5 gcc-4.6-base_4.6.4-5 gcc-4.7_4.7.3-9 gcc-4.7-base_4.7.3-9 gcc-4.8_4.8.2-11 gcc-4.8-base_4.8.2-11 gettext_0.18.3.1-2 gettext-base_0.18.3.1-2 gnupg_1.4.15-3 gpgv_1.4.15-3 grep_2.15-2 groff-base_1.22.2-3 gzip_1.6-3 hostname_3.15 initscripts_2.88dsf-45 insserv_1.14.0-5 intltool-debian_0.35.0+20060710.1 libacl1_2.2.52-1 libapt-pkg4.12_0.9.14.2 libarchive-extract-perl_0.70-1 libasan0_4.8.2-11 libasprintf0c2_0.18.3.1-2 libatomic1_4.8.2-11 libattr1_1:2.4.47-1 libaudit-common_1:2.3.2-3 libaudit1_1:2.3.2-3 libbison-dev_2:3.0.2.dfsg-2 libblkid1_2.20.1-5.5 libbz2-1.0_1.0.6-5 libc-bin_2.17-97 libc-dev-bin_2.17-97 libc6_2.17-97 libc6-dev_2.17-97 libcap2_1:2.22-1.2 libclang-common-3.4-dev_1:3.4-1 libclang1-3.4_1:3.4-1 libclass-isa-perl_0.36-5 libcloog-isl4_0.18.1-3 libcloog-ppl1_0.16.1-4 libcomerr2_1.42.9-2 libcroco3_0.6.8-2 libdb5.1_5.1.29-7 libdpkg-perl_1.17.5 libexpat1_2.1.0-4 libfakeroot_1.20-3 libffi6_3.0.13-10 libfile-fcntllock-perl_0.14-2+b1 libgc1c2_1:7.2d-6 libgcc-4.7-dev_4.7.3-9 libgcc-4.8-dev_4.8.2-11 libgcc1_1:4.8.2-11 libgdbm3_1.8.3-12 libglib2.0-0_2.36.4-1 libgmp10_2:5.1.3+dfsg-1 libgmpxx4ldbl_2:5.1.3+dfsg-1 libgomp1_4.8.2-11 libgpm2_1.20.4-6.1 libintl-perl_1.23-1 libisl10_0.12.1-2 libitm1_4.8.2-11 libllvm3.4_1:3.4-1 liblocale-gettext-perl_1.05-7+b2 liblog-message-simple-perl_0.10-1 liblzma5_5.1.1alpha+20120614-2 libmagic1_1:5.14-2 libmodule-pluggable-perl_4.8-1 libmount1_2.20.1-5.5 libmpc2_0.9-4 libmpc3_1.0.1-1 libmpfr4_3.1.2-1 libncurses5_5.9+20130608-1 libncursesw5_5.9+20130608-1 libobjc-4.8-dev_4.8.2-11 libobjc4_4.8.2-11 libpam-modules_1.1.3-10 libpam-modules-bin_1.1.3-10 libpam-runtime_1.1.3-10 libpam0g_1.1.3-10 libpcre3_1:8.31-2 libpipeline1_1.2.6-1 libpod-latex-perl_0.61-1 libppl-c4_1:1.0-7 libppl12_1:1.0-7 libpython-stdlib_2.7.5-5 libpython2.7-minimal_2.7.6-4 libpython2.7-stdlib_2.7.6-4 libpython3-stdlib_3.3.2-17 libpython3.3-minimal_3.3.3-5 libpython3.3-stdlib_3.3.3-5 libquadmath0_4.8.2-11 libreadline6_6.2+dfsg-0.1 libselinux1_2.2.1-1 libsemanage-common_2.2-1 libsemanage1_2.2-1 libsepol1_2.2-1 libsigsegv2_2.10-2 libslang2_2.2.4-16 libsqlite3-0_3.8.2-1 libss2_1.42.9-2 libssl1.0.0_1.0.1e-6 libstdc++-4.8-dev_4.8.2-11 libstdc++6_4.8.2-11 libstdc++6-4.6-dev_4.6.4-5 libswitch-perl_2.16-2 libterm-ui-perl_0.38-1 libtext-charwidth-perl_0.04-7+b2 libtext-iconv-perl_1.7-5+b1 libtext-soundex-perl_3.4-1+b1 libtext-unidecode-perl_0.04-2 libtext-wrapi18n-perl_0.06-7 libtimedate-perl_2.3000-1 libtinfo5_5.9+20130608-1 libtsan0_4.8.2-11 libunistring0_0.9.3-5 libusb-0.1-4_2:0.1.12-23.3 libustr-1.0-1_1.0.4-3 libuuid1_2.20.1-5.5 libxml-libxml-perl_2.0108+dfsg-1 libxml-namespacesupport-perl_1.11-1 libxml-sax-base-perl_1.07-1 libxml-sax-perl_0.99+dfsg-2 libxml2_2.9.1+dfsg1-3 linux-libc-dev_3.12.6-2 login_1:4.1.5.1-1 lsb-base_4.1+Debian12 lsb-release_4.1+Debian12 m4_1.4.17-2 make_3.81-8.3 man-db_2.6.5-3 mawk_1.3.3-17 mime-support_3.54 mount_2.20.1-5.5 multiarch-support_2.17-97 ncurses-base_5.9+20130608-1 ncurses-bin_5.9+20130608-1 passwd_1:4.1.5.1-1 patch_2.7.1-4 perl_5.18.1-5 perl-base_5.18.1-5 perl-modules_5.18.1-5 po-debconf_1.0.16+nmu2 python_2.7.5-5 python-minimal_2.7.5-5 python2.7_2.7.6-4 python2.7-minimal_2.7.6-4 python3_3.3.2-17 python3-minimal_3.3.2-17 python3.3_3.3.3-5 python3.3-minimal_3.3.3-5 readline-common_6.2+dfsg-0.1 sbuild-build-depends-binutils-arm-none-eabi-dummy_0.invalid.0 sbuild-build-depends-core-dummy_0.invalid.0 sed_4.2.2-3 sensible-utils_0.0.9 sudo_1.8.8-2 sysv-rc_2.88dsf-45 sysvinit_2.88dsf-45 sysvinit-core_2.88dsf-45 sysvinit-utils_2.88dsf-45 tar_1.27-4 tcl8.5_8.5.14-2 texinfo_5.2.0.dfsg.1-2 tzdata_2013i-1 ucf_3.0027+nmu1 util-linux_2.20.1-5.5 vim_2:7.4.052-1 vim-common_2:7.4.052-1 vim-runtime_2:7.4.052-1 xz-utils_5.1.1alpha+20120614-2 zlib1g_1:1.2.8.dfsg-1 zlib1g-dev_1:1.2.8.dfsg-1

┌──────────────────────────────────────────────────────────────────────────────┐
│ Build                                                                        │
└──────────────────────────────────────────────────────────────────────────────┘


Unpack source
─────────────

gpgv: keyblock resource `/sbuild-nonexistent/.gnupg/trustedkeys.gpg': file open error
gpgv: Signature made Fri Jan  3 16:55:52 2014 UTC using RSA key ID 789038F2
gpgv: Can't check signature: public key not found
dpkg-source: warning: failed to verify signature on ./binutils-arm-none-eabi_4.dsc
dpkg-source: info: extracting binutils-arm-none-eabi in binutils-arm-none-eabi-4clang1
dpkg-source: info: unpacking binutils-arm-none-eabi_4.tar.gz

Check disc space
────────────────

Sufficient free space for build

Hack binNMU version
───────────────────

Created changelog entry for binNMU version 4clang1

User Environment
────────────────

DEB_BUILD_OPTIONS=parallel=10
HOME=/sbuild-nonexistent
LOGNAME=user
PATH=/usr/local/sbin:/usr/local/bin:/usr/sbin:/usr/bin:/sbin:/bin:/usr/games
SCHROOT_ALIAS_NAME=unstable-amd64-sbuild
SCHROOT_CHROOT_NAME=unstable-amd64-sbuild
SCHROOT_COMMAND=env
SCHROOT_GID=1000
SCHROOT_GROUP=user
SCHROOT_SESSION_ID=unstable-amd64-sbuild-7898de12-d145-463f-9695-90d7b08609a4
SCHROOT_UID=1000
SCHROOT_USER=user
SHELL=/bin/sh
USER=user

dpkg-buildpackage
─────────────────

dpkg-buildpackage: source package binutils-arm-none-eabi
dpkg-buildpackage: source version 4clang1
dpkg-buildpackage: source distribution unstable
 dpkg-source --before-build binutils-arm-none-eabi-4clang1
dpkg-buildpackage: host architecture amd64
 fakeroot debian/rules clean
dh clean -Dbinutils-2.24 -Bbuild --with autotools-dev --parallel
   dh_testdir -O-Dbinutils-2.24 -O-Bbuild -O--parallel
   debian/rules override_dh_auto_clean
make[1]: Entering directory `/«PKGBUILDDIR»'
rm -rf binutils-2.24 build debian/stamp
make[1]: Leaving directory `/«PKGBUILDDIR»'
   dh_autotools-dev_restoreconfig -O-Dbinutils-2.24 -O-Bbuild -O--parallel
	for c_g in `find . -type f -name config.guess` ; do if test -e "$c_g.dh-orig" ; then mv -f "$c_g.dh-orig" "$c_g" ; fi ; done
	for c_s in `find . -type f -name config.sub`   ; do if test -e "$c_s.dh-orig" ; then mv -f "$c_s.dh-orig" "$c_s" ; fi ; done
	find . -type f \( -name config.guess.dh-orig -o -name config.sub.dh-orig \) -delete
   dh_clean -O-Dbinutils-2.24 -O-Bbuild -O--parallel
	rm -f debian/binutils-arm-none-eabi.substvars
	rm -f debian/binutils-arm-none-eabi.*.debhelper
	rm -rf debian/binutils-arm-none-eabi/
	rm -f debian/*.debhelper.log
	rm -f debian/files
	find .  \( \( -type f -a \
	        \( -name '#*#' -o -name '.*~' -o -name '*~' -o -name DEADJOE \
		 -o -name '*.orig' -o -name '*.rej' -o -name '*.bak' \
		 -o -name '.*.orig' -o -name .*.rej -o -name '.SUMS' \
		 -o -name TAGS -o \( -path '*/.deps/*' -a -name '*.P' \) \
		\) -exec rm -f {} + \) -o \
		\( -type d -a -name autom4te.cache -prune -exec rm -rf {} + \) \)
	rm -f *-stamp
 debian/rules build-arch
dh build-arch -Dbinutils-2.24 -Bbuild --with autotools-dev --parallel
   dh_testdir -a -O-Dbinutils-2.24 -O-Bbuild -O--parallel
   dh_autotools-dev_updateconfig -a -O-Dbinutils-2.24 -O-Bbuild -O--parallel
	for c_g in `find -type f -name config.guess` ; do if ! test -e "$c_g.dh-orig" ; then mv -f "$c_g" "$c_g.dh-orig" ; cp -f /usr/share/misc/config.guess "$c_g" ; fi ; done
	for c_s in `find -type f -name config.sub`   ; do if ! test -e "$c_s.dh-orig" ; then mv -f "$c_s" "$c_s.dh-orig" ; cp -f /usr/share/misc/config.sub   "$c_s" ; fi ; done
   debian/rules override_dh_auto_configure
make[1]: Entering directory `/«PKGBUILDDIR»'
tar xf /usr/src/binutils/binutils-*.tar.*
mkdir -p debian/stamp
cp /usr/share/doc/binutils-source/copyright debian/copyright
touch debian/stamp/unpack
dh_auto_configure -Dbinutils-2.24 -Bbuild -- --target=arm-none-eabi --prefix=/usr/lib --bindir=/usr/bin --libdir=/usr/lib/arm-none-eabi --infodir=/usr/share/doc/binutils-arm-none-eabi/info --htmldir=/usr/share/doc/binutils-arm-none-eabi/html --pdfdir=/usr/share/doc/binutils-arm-none-eabi/pdf --mandir=/usr/share/man --disable-nls --enable-plugins --enable-interwork "--with-pkgversion=2.24-2+4clang1" CFLAGS="-g -O2 -fstack-protector --param=ssp-buffer-size=4 -Wformat -Werror=format-security" CPPFLAGS="-D_FORTIFY_SOURCE=2" CXXFLAGS="-g -O2 -fstack-protector --param=ssp-buffer-size=4 -Wformat -Werror=format-security" FFLAGS="-g -O2 -fstack-protector --param=ssp-buffer-size=4" GCJFLAGS="-g -O2 -fstack-protector --param=ssp-buffer-size=4" LDFLAGS="-Wl,-z,relro" 
	mkdir -p build
	cd build
	../binutils-2.24/configure --build=x86_64-linux-gnu --prefix=/usr --includedir=\${prefix}/include --mandir=\${prefix}/share/man --infodir=\${prefix}/share/info --sysconfdir=/etc --localstatedir=/var --libexecdir=\${prefix}/lib/binutils-arm-none-eabi --disable-maintainer-mode --disable-dependency-tracking --target=arm-none-eabi --prefix=/usr/lib --bindir=/usr/bin --libdir=/usr/lib/arm-none-eabi --infodir=/usr/share/doc/binutils-arm-none-eabi/info --htmldir=/usr/share/doc/binutils-arm-none-eabi/html --pdfdir=/usr/share/doc/binutils-arm-none-eabi/pdf --mandir=/usr/share/man --disable-nls --enable-plugins --enable-interwork --with-pkgversion=2.24-2\+4clang1 "CFLAGS=-g -O2 -fstack-protector --param=ssp-buffer-size=4 -Wformat -Werror=format-security" CPPFLAGS=-D_FORTIFY_SOURCE=2 "CXXFLAGS=-g -O2 -fstack-protector --param=ssp-buffer-size=4 -Wformat -Werror=format-security" "FFLAGS=-g -O2 -fstack-protector --param=ssp-buffer-size=4" "GCJFLAGS=-g -O2 -fstack-protector --param=ssp-buffer-size=4" LDFLAGS=-Wl,-z,relro
checking build system type... x86_64-pc-linux-gnu
checking host system type... x86_64-pc-linux-gnu
checking target system type... arm-none-eabi
checking for a BSD-compatible install... /usr/bin/install -c
checking whether ln works... yes
checking whether ln -s works... yes
checking for a sed that does not truncate output... /bin/sed
checking for gawk... no
checking for mawk... mawk
checking for gcc... gcc
checking for C compiler default output file name... a.out
checking whether the C compiler works... yes
checking whether we are cross compiling... no
checking for suffix of executables... 
checking for suffix of object files... o
checking whether we are using the GNU C compiler... yes
checking whether gcc accepts -g... yes
checking for gcc option to accept ISO C89... none needed
checking for g++... g++
checking whether we are using the GNU C++ compiler... yes
checking whether g++ accepts -g... yes
checking whether g++ accepts -static-libstdc++ -static-libgcc... no
checking for gnatbind... no
checking for gnatmake... no
make: *** [build-arch] Terminated
make[1]: *** wait: No child processes.  Stop.
make[1]: *** Waiting for unfinished jobs....
make[1]: *** wait: No child processes.  Stop.
E: Caught signal ‘Terminated’: terminating immediately
checking whether compiler driver understands Ada... Build killed with signal TERM after 64 minutes of inactivity
────────────────────────────────────────────────────────────────────────────────
Build finished at 20140104-1804

Finished
────────

E: Build failure (dpkg-buildpackage died)

┌──────────────────────────────────────────────────────────────────────────────┐
│ Cleanup                                                                      │
└──────────────────────────────────────────────────────────────────────────────┘

Purging /«BUILDDIR»
Not cleaning session: cloned chroot in use

┌──────────────────────────────────────────────────────────────────────────────┐
│ Summary                                                                      │
└──────────────────────────────────────────────────────────────────────────────┘

Build Architecture: amd64
Build-Space: 210220
Build-Time: 4292
Distribution: unstable
Fail-Stage: build
Host Architecture: amd64
Install-Time: 76
Job: binutils-arm-none-eabi_4
Machine Architecture: amd64
Package: binutils-arm-none-eabi
Package-Time: 4441
Source-Version: 4
Space: 210220
Status: attempted
Version: 4clang1
────────────────────────────────────────────────────────────────────────────────
Finished at 20140104-1804
Build needed 01:14:01, 210220k disc space
DC-Status: Failed 4459.489058631s
DC-Time-Estimation: 4459.489058631 versus expected 1 (r/m: 4458.489058631 ; m: 1.0)
