DC-Build-Header: dmalloc 5.5.2-5 / 2014-01-06 08:21:22 +0000
DC-Task: source:dmalloc version:5.5.2-5 architecture:any chroot:unstable esttime:65 logfile:/tmp/dmalloc_5.5.2-5_unstable_clang.log modes:binary-only:parallel:clang
DC-Sbuild-call: su user -c 'sbuild -n --apt-update -d unstable -v  --chroot-setup-commands=/tmp/switch-to-clang --append-to-version "clang1" --maintainer "Lucas Nussbaum <lucas@debian.org>" --uploader "Lucas Nussbaum <lucas@debian.org>" dmalloc_5.5.2-5'
sbuild (Debian sbuild) 0.63.2 (18 Aug 2012) on ip-172-31-14-211.us-west-2.compute.internal

╔══════════════════════════════════════════════════════════════════════════════╗
║ dmalloc 5.5.2-5clang1 (amd64)                              06 Jan 2014 08:21 ║
╚══════════════════════════════════════════════════════════════════════════════╝

Package: dmalloc
Version: 5.5.2-5clang1
Source Version: 5.5.2-5
Distribution: unstable
Machine Architecture: amd64
Host Architecture: amd64
Build Architecture: amd64

I: NOTICE: Log filtering will replace 'build/dmalloc-pEFnkD/dmalloc-5.5.2' with '«PKGBUILDDIR»'
I: NOTICE: Log filtering will replace 'build/dmalloc-pEFnkD' with '«BUILDDIR»'
I: NOTICE: Log filtering will replace 'var/lib/schroot/mount/unstable-amd64-sbuild-b2f160f3-6e92-484d-87d7-dd534055c80a' with '«CHROOT»'

┌──────────────────────────────────────────────────────────────────────────────┐
│ Update chroot                                                                │
└──────────────────────────────────────────────────────────────────────────────┘

Get:1 http://localhost:9999 unstable InRelease [206 kB]
Get:2 http://localhost:9999 unstable/main Sources/DiffIndex [7876 B]
Get:3 http://localhost:9999 unstable/main amd64 Packages/DiffIndex [7876 B]
Get:4 http://localhost:9999 unstable/main Translation-en/DiffIndex [7876 B]
Get:5 http://localhost:9999 unstable/main 2014-01-04-1439.27.pdiff [11.3 kB]
Get:6 http://localhost:9999 unstable/main 2014-01-04-1439.27.pdiff [11.3 kB]
Get:7 http://localhost:9999 unstable/main amd64 2014-01-04-1439.27.pdiff [11.8 kB]
Get:8 http://localhost:9999 unstable/main 2014-01-04-1439.27.pdiff [1898 B]
Get:9 http://localhost:9999 unstable/main amd64 2014-01-04-1439.27.pdiff [11.8 kB]
Get:10 http://localhost:9999 unstable/main 2014-01-04-2039.41.pdiff [12.3 kB]
Get:11 http://localhost:9999 unstable/main 2014-01-04-1439.27.pdiff [1898 B]
Get:12 http://localhost:9999 unstable/main amd64 2014-01-04-2039.41.pdiff [24.3 kB]
Get:13 http://localhost:9999 unstable/main 2014-01-04-2039.41.pdiff [12.3 kB]
Get:14 http://localhost:9999 unstable/main 2014-01-04-2039.41.pdiff [2358 B]
Get:15 http://localhost:9999 unstable/main amd64 2014-01-04-2039.41.pdiff [24.3 kB]
Get:16 http://localhost:9999 unstable/main 2014-01-05-0239.35.pdiff [9640 B]
Get:17 http://localhost:9999 unstable/main 2014-01-04-2039.41.pdiff [2358 B]
Get:18 http://localhost:9999 unstable/main amd64 2014-01-05-0239.35.pdiff [18.3 kB]
Get:19 http://localhost:9999 unstable/main 2014-01-05-0239.35.pdiff [9640 B]
Get:20 http://localhost:9999 unstable/main 2014-01-05-0239.35.pdiff [504 B]
Get:21 http://localhost:9999 unstable/main amd64 2014-01-05-0239.35.pdiff [18.3 kB]
Get:22 http://localhost:9999 unstable/main 2014-01-05-0840.32.pdiff [4885 B]
Get:23 http://localhost:9999 unstable/main 2014-01-05-0239.35.pdiff [504 B]
Get:24 http://localhost:9999 unstable/main amd64 2014-01-05-0840.32.pdiff [3950 B]
Get:25 http://localhost:9999 unstable/main 2014-01-05-0840.32.pdiff [4885 B]
Get:26 http://localhost:9999 unstable/main 2014-01-05-0840.32.pdiff [214 B]
Get:27 http://localhost:9999 unstable/main amd64 2014-01-05-0840.32.pdiff [3950 B]
Get:28 http://localhost:9999 unstable/main 2014-01-05-1438.24.pdiff [7183 B]
Get:29 http://localhost:9999 unstable/main 2014-01-05-0840.32.pdiff [214 B]
Get:30 http://localhost:9999 unstable/main amd64 2014-01-05-1438.24.pdiff [3882 B]
Get:31 http://localhost:9999 unstable/main 2014-01-05-1438.24.pdiff [7183 B]
Get:32 http://localhost:9999 unstable/main 2014-01-05-1438.24.pdiff [1111 B]
Get:33 http://localhost:9999 unstable/main amd64 2014-01-05-1438.24.pdiff [3882 B]
Get:34 http://localhost:9999 unstable/main 2014-01-05-2041.02.pdiff [20.2 kB]
Get:35 http://localhost:9999 unstable/main 2014-01-05-1438.24.pdiff [1111 B]
Get:36 http://localhost:9999 unstable/main amd64 2014-01-05-2041.02.pdiff [17.0 kB]
Get:37 http://localhost:9999 unstable/main 2014-01-05-2041.02.pdiff [20.2 kB]
Get:38 http://localhost:9999 unstable/main 2014-01-05-2041.02.pdiff [2166 B]
Get:39 http://localhost:9999 unstable/main amd64 2014-01-05-2041.02.pdiff [17.0 kB]
Get:40 http://localhost:9999 unstable/main 2014-01-06-0239.34.pdiff [7972 B]
Get:41 http://localhost:9999 unstable/main 2014-01-05-2041.02.pdiff [2166 B]
Get:42 http://localhost:9999 unstable/main amd64 2014-01-06-0239.34.pdiff [21.1 kB]
Get:43 http://localhost:9999 unstable/main 2014-01-06-0239.34.pdiff [7972 B]
Get:44 http://localhost:9999 unstable/main 2014-01-06-0239.34.pdiff [238 B]
Get:45 http://localhost:9999 unstable/main amd64 2014-01-06-0239.34.pdiff [21.1 kB]
Get:46 http://localhost:9999 unstable/main 2014-01-06-0239.34.pdiff [238 B]
Fetched 412 kB in 28s (14.5 kB/s)
Reading package lists...
Reading package lists...
Building dependency tree...
Reading state information...
The following packages will be upgraded:
  libterm-ui-perl
1 upgraded, 0 newly installed, 0 to remove and 0 not upgraded.
Need to get 19.1 kB of archives.
After this operation, 1024 B of additional disk space will be used.
Get:1 http://localhost:9999/debian/ unstable/main libterm-ui-perl all 0.42-1 [19.1 kB]
debconf: delaying package configuration, since apt-utils is not installed
Fetched 19.1 kB in 0s (1146 kB/s)
(Reading database ... 13944 files and directories currently installed.)
Preparing to unpack .../libterm-ui-perl_0.42-1_all.deb ...
Unpacking libterm-ui-perl (0.42-1) over (0.38-1) ...
Setting up libterm-ui-perl (0.42-1) ...

┌──────────────────────────────────────────────────────────────────────────────┐
│ Fetch source files                                                           │
└──────────────────────────────────────────────────────────────────────────────┘


Check APT
─────────

Checking available source versions...

Download source files with APT
──────────────────────────────

Reading package lists...
Building dependency tree...
Reading state information...
Need to get 693 kB of source archives.
Get:1 http://localhost:9999/debian/ unstable/main dmalloc 5.5.2-5 (dsc) [1113 B]
Get:2 http://localhost:9999/debian/ unstable/main dmalloc 5.5.2-5 (tar) [667 kB]
Get:3 http://localhost:9999/debian/ unstable/main dmalloc 5.5.2-5 (diff) [25.0 kB]
Fetched 693 kB in 1s (402 kB/s)
Download complete and in download only mode

Check arch
──────────


┌──────────────────────────────────────────────────────────────────────────────┐
│ Chroot Setup Commands                                                        │
└──────────────────────────────────────────────────────────────────────────────┘


/tmp/switch-to-clang
────────────────────

+ echo 'Entering customization script...'
Entering customization script...
+ echo 'Install of clang-3.4'
Install of clang-3.4
+ apt-get update
Hit http://localhost:9999 unstable InRelease
Hit http://localhost:9999 unstable/main Sources/DiffIndex
Hit http://localhost:9999 unstable/main amd64 Packages/DiffIndex
Hit http://localhost:9999 unstable/main Translation-en/DiffIndex
Reading package lists...
+ apt-get install --yes --no-install-recommends --force-yes clang-3.4
Reading package lists...
Building dependency tree...
Reading state information...
The following extra packages will be installed:
  libclang-common-3.4-dev libclang1-3.4 libffi6 libllvm3.4 libobjc-4.8-dev
  libobjc4
Recommended packages:
  llvm-3.4-dev python
The following NEW packages will be installed:
  clang-3.4 libclang-common-3.4-dev libclang1-3.4 libffi6 libllvm3.4
  libobjc-4.8-dev libobjc4
0 upgraded, 7 newly installed, 0 to remove and 0 not upgraded.
Need to get 19.9 MB of archives.
After this operation, 82.1 MB of additional disk space will be used.
Get:1 http://localhost:9999/debian/ unstable/main libffi6 amd64 3.0.13-10 [19.3 kB]
Get:2 http://localhost:9999/debian/ unstable/main libllvm3.4 amd64 1:3.4-1 [6528 kB]
Get:3 http://localhost:9999/debian/ unstable/main libobjc4 amd64 4.8.2-11 [110 kB]
Get:4 http://localhost:9999/debian/ unstable/main libobjc-4.8-dev amd64 4.8.2-11 [370 kB]
Get:5 http://localhost:9999/debian/ unstable/main libclang1-3.4 amd64 1:3.4-1 [3526 kB]
Get:6 http://localhost:9999/debian/ unstable/main libclang-common-3.4-dev amd64 1:3.4-1 [516 kB]
Get:7 http://localhost:9999/debian/ unstable/main clang-3.4 amd64 1:3.4-1 [8878 kB]
debconf: delaying package configuration, since apt-utils is not installed
Fetched 19.9 MB in 0s (25.4 MB/s)
Selecting previously unselected package libffi6:amd64.
(Reading database ... 13944 files and directories currently installed.)
Preparing to unpack .../libffi6_3.0.13-10_amd64.deb ...
Unpacking libffi6:amd64 (3.0.13-10) ...
Selecting previously unselected package libllvm3.4:amd64.
Preparing to unpack .../libllvm3.4_1%3a3.4-1_amd64.deb ...
Unpacking libllvm3.4:amd64 (1:3.4-1) ...
Selecting previously unselected package libobjc4:amd64.
Preparing to unpack .../libobjc4_4.8.2-11_amd64.deb ...
Unpacking libobjc4:amd64 (4.8.2-11) ...
Selecting previously unselected package libobjc-4.8-dev:amd64.
Preparing to unpack .../libobjc-4.8-dev_4.8.2-11_amd64.deb ...
Unpacking libobjc-4.8-dev:amd64 (4.8.2-11) ...
Selecting previously unselected package libclang1-3.4:amd64.
Preparing to unpack .../libclang1-3.4_1%3a3.4-1_amd64.deb ...
Unpacking libclang1-3.4:amd64 (1:3.4-1) ...
Selecting previously unselected package libclang-common-3.4-dev.
Preparing to unpack .../libclang-common-3.4-dev_1%3a3.4-1_amd64.deb ...
Unpacking libclang-common-3.4-dev (1:3.4-1) ...
Selecting previously unselected package clang-3.4.
Preparing to unpack .../clang-3.4_1%3a3.4-1_amd64.deb ...
Unpacking clang-3.4 (1:3.4-1) ...
Setting up libffi6:amd64 (3.0.13-10) ...
Setting up libllvm3.4:amd64 (1:3.4-1) ...
Setting up libobjc4:amd64 (4.8.2-11) ...
Setting up libobjc-4.8-dev:amd64 (4.8.2-11) ...
Setting up libclang1-3.4:amd64 (1:3.4-1) ...
Setting up libclang-common-3.4-dev (1:3.4-1) ...
Setting up clang-3.4 (1:3.4-1) ...
Processing triggers for libc-bin (2.17-97) ...
+ echo 'Replace gcc, g++ & cpp by clang'
Replace gcc, g++ & cpp by clang
+ VERSIONS='4.6 4.7 4.8'
+ cd /usr/bin
+ for VERSION in '$VERSIONS'
+ rm -f g++-4.6 gcc-4.6 cpp-4.6
+ ln -s clang++ g++-4.6
+ ln -s clang gcc-4.6
+ ln -s clang cpp-4.6
+ for VERSION in '$VERSIONS'
+ rm -f g++-4.7 gcc-4.7 cpp-4.7
+ ln -s clang++ g++-4.7
+ ln -s clang gcc-4.7
+ ln -s clang cpp-4.7
+ for VERSION in '$VERSIONS'
+ rm -f g++-4.8 gcc-4.8 cpp-4.8
+ ln -s clang++ g++-4.8
+ ln -s clang gcc-4.8
+ ln -s clang cpp-4.8
+ cd -
/«BUILDDIR»
+ echo 'Block the installation of new gcc version'
Block the installation of new gcc version
+ dpkg --set-selections
+ echo 'gcc-4.6 hold'
+ dpkg --set-selections
+ echo 'cpp-4.6 hold'
+ dpkg --set-selections
+ echo 'g++-4.6 hold'
+ dpkg --set-selections
+ echo 'gcc-4.7 hold'
+ dpkg --set-selections
+ echo 'cpp-4.7 hold'
+ dpkg --set-selections
+ echo 'g++-4.7 hold'
+ dpkg --set-selections
+ echo 'gcc-4.8 hold'
+ dpkg --set-selections
+ echo 'cpp-4.8 hold'
+ dpkg --set-selections
+ echo 'g++-4.8 hold'
+ echo 'Check if gcc, g++ & cpp are actually clang'
Check if gcc, g++ & cpp are actually clang
+ grep clang
+ gcc --version
+ grep clang
+ cpp --version
+ grep clang
+ g++ --version

I: Finished running '/tmp/switch-to-clang'.

Finished processing commands.
────────────────────────────────────────────────────────────────────────────────
Merged Build-Depends: build-essential, fakeroot
Filtered Build-Depends: build-essential, fakeroot
dpkg-deb: building package `sbuild-build-depends-core-dummy' in `/«BUILDDIR»/resolver-HKgj0J/apt_archive/sbuild-build-depends-core-dummy.deb'.
OK
Reading package lists...

┌──────────────────────────────────────────────────────────────────────────────┐
│ Install core build dependencies (apt-based resolver)                         │
└──────────────────────────────────────────────────────────────────────────────┘

Installing build dependencies
Reading package lists...
Building dependency tree...
Reading state information...
The following NEW packages will be installed:
  sbuild-build-depends-core-dummy
debconf: delaying package configuration, since apt-utils is not installed
0 upgraded, 1 newly installed, 0 to remove and 0 not upgraded.
Need to get 0 B/766 B of archives.
After this operation, 0 B of additional disk space will be used.
Selecting previously unselected package sbuild-build-depends-core-dummy.
(Reading database ... 14105 files and directories currently installed.)
Preparing to unpack .../sbuild-build-depends-core-dummy.deb ...
Unpacking sbuild-build-depends-core-dummy (0.invalid.0) ...
Setting up sbuild-build-depends-core-dummy (0.invalid.0) ...
Merged Build-Depends: base-files, base-passwd, bash, bsdutils, coreutils, dash, debianutils, diffutils, dpkg, e2fsprogs, findutils, grep, gzip, hostname, libc-bin, login, mount, ncurses-base, ncurses-bin, perl-base, sed, sysvinit, sysvinit-utils, tar, util-linux, libc6-dev | libc-dev, gcc (>= 4:4.4.3), g++ (>= 4:4.4.3), make, dpkg-dev (>= 1.13.5), debhelper (>= 9), autoconf, texinfo
Filtered Build-Depends: base-files, base-passwd, bash, bsdutils, coreutils, dash, debianutils, diffutils, dpkg, e2fsprogs, findutils, grep, gzip, hostname, libc-bin, login, mount, ncurses-base, ncurses-bin, perl-base, sed, sysvinit, sysvinit-utils, tar, util-linux, libc6-dev, gcc (>= 4:4.4.3), g++ (>= 4:4.4.3), make, dpkg-dev (>= 1.13.5), debhelper (>= 9), autoconf, texinfo
dpkg-deb: building package `sbuild-build-depends-dmalloc-dummy' in `/«BUILDDIR»/resolver-LnJ8DW/apt_archive/sbuild-build-depends-dmalloc-dummy.deb'.
OK
Reading package lists...

┌──────────────────────────────────────────────────────────────────────────────┐
│ Install dmalloc build dependencies (apt-based resolver)                      │
└──────────────────────────────────────────────────────────────────────────────┘

Installing build dependencies
Reading package lists...
Building dependency tree...
Reading state information...
The following extra packages will be installed:
  autoconf bsdmainutils debhelper file gettext gettext-base groff-base
  intltool-debian libasprintf0c2 libcroco3 libglib2.0-0 libintl-perl libmagic1
  libpipeline1 libsigsegv2 libtext-unidecode-perl libunistring0
  libxml-libxml-perl libxml-namespacesupport-perl libxml-sax-base-perl
  libxml-sax-perl libxml2 m4 man-db po-debconf texinfo
Suggested packages:
  autoconf2.13 autoconf-archive gnu-standards autoconf-doc libtool wamerican
  wordlist whois vacation dh-make gettext-doc groff libintl-xs-perl less
  www-browser libmail-box-perl texlive-base texlive-latex-base
  texlive-generic-recommended texinfo-doc-nonfree
Recommended packages:
  automake automaken curl wget lynx-cur autopoint libasprintf-dev
  libgettextpo-dev libglib2.0-data shared-mime-info libxml-sax-expat-perl
  xml-core libmail-sendmail-perl
The following NEW packages will be installed:
  autoconf bsdmainutils debhelper file gettext gettext-base groff-base
  intltool-debian libasprintf0c2 libcroco3 libglib2.0-0 libintl-perl libmagic1
  libpipeline1 libsigsegv2 libtext-unidecode-perl libunistring0
  libxml-libxml-perl libxml-namespacesupport-perl libxml-sax-base-perl
  libxml-sax-perl libxml2 m4 man-db po-debconf
  sbuild-build-depends-dmalloc-dummy texinfo
0 upgraded, 27 newly installed, 0 to remove and 0 not upgraded.
Need to get 11.3 MB/11.3 MB of archives.
After this operation, 38.6 MB of additional disk space will be used.
Get:1 http://localhost:9999/debian/ unstable/main libpipeline1 amd64 1.2.6-1 [24.8 kB]
Get:2 http://localhost:9999/debian/ unstable/main groff-base amd64 1.22.2-3 [747 kB]
Get:3 http://localhost:9999/debian/ unstable/main bsdmainutils amd64 9.0.5 [211 kB]
Get:4 http://localhost:9999/debian/ unstable/main man-db amd64 2.6.5-3 [975 kB]
Get:5 http://localhost:9999/debian/ unstable/main libasprintf0c2 amd64 0.18.3.1-2 [29.1 kB]
Get:6 http://localhost:9999/debian/ unstable/main libmagic1 amd64 1:5.14-2 [216 kB]
Get:7 http://localhost:9999/debian/ unstable/main libxml2 amd64 2.9.1+dfsg1-3 [791 kB]
Get:8 http://localhost:9999/debian/ unstable/main libglib2.0-0 amd64 2.36.4-1 [2055 kB]
Get:9 http://localhost:9999/debian/ unstable/main libcroco3 amd64 0.6.8-2 [133 kB]
Get:10 http://localhost:9999/debian/ unstable/main libsigsegv2 amd64 2.10-2 [29.8 kB]
Get:11 http://localhost:9999/debian/ unstable/main libunistring0 amd64 0.9.3-5 [434 kB]
Get:12 http://localhost:9999/debian/ unstable/main file amd64 1:5.14-2 [54.0 kB]
Get:13 http://localhost:9999/debian/ unstable/main gettext-base amd64 0.18.3.1-2 [116 kB]
Get:14 http://localhost:9999/debian/ unstable/main m4 amd64 1.4.17-2 [255 kB]
Get:15 http://localhost:9999/debian/ unstable/main libtext-unidecode-perl all 0.04-2 [115 kB]
Get:16 http://localhost:9999/debian/ unstable/main libintl-perl all 1.23-1 [1209 kB]
Get:17 http://localhost:9999/debian/ unstable/main libxml-namespacesupport-perl all 1.11-1 [14.8 kB]
Get:18 http://localhost:9999/debian/ unstable/main libxml-sax-base-perl all 1.07-1 [23.1 kB]
Get:19 http://localhost:9999/debian/ unstable/main libxml-sax-perl all 0.99+dfsg-2 [68.3 kB]
Get:20 http://localhost:9999/debian/ unstable/main libxml-libxml-perl amd64 2.0108+dfsg-1 [358 kB]
Get:21 http://localhost:9999/debian/ unstable/main texinfo amd64 5.2.0.dfsg.1-2 [954 kB]
Get:22 http://localhost:9999/debian/ unstable/main autoconf all 2.69-2 [339 kB]
Get:23 http://localhost:9999/debian/ unstable/main gettext amd64 0.18.3.1-2 [1202 kB]
Get:24 http://localhost:9999/debian/ unstable/main intltool-debian all 0.35.0+20060710.1 [30.8 kB]
Get:25 http://localhost:9999/debian/ unstable/main po-debconf all 1.0.16+nmu2 [224 kB]
Get:26 http://localhost:9999/debian/ unstable/main debhelper all 9.20131227 [687 kB]
debconf: delaying package configuration, since apt-utils is not installed
Fetched 11.3 MB in 0s (19.6 MB/s)
Selecting previously unselected package libpipeline1:amd64.
(Reading database ... 14105 files and directories currently installed.)
Preparing to unpack .../libpipeline1_1.2.6-1_amd64.deb ...
Unpacking libpipeline1:amd64 (1.2.6-1) ...
Selecting previously unselected package groff-base.
Preparing to unpack .../groff-base_1.22.2-3_amd64.deb ...
Unpacking groff-base (1.22.2-3) ...
Selecting previously unselected package bsdmainutils.
Preparing to unpack .../bsdmainutils_9.0.5_amd64.deb ...
Unpacking bsdmainutils (9.0.5) ...
Selecting previously unselected package man-db.
Preparing to unpack .../man-db_2.6.5-3_amd64.deb ...
Unpacking man-db (2.6.5-3) ...
Selecting previously unselected package libasprintf0c2:amd64.
Preparing to unpack .../libasprintf0c2_0.18.3.1-2_amd64.deb ...
Unpacking libasprintf0c2:amd64 (0.18.3.1-2) ...
Selecting previously unselected package libmagic1:amd64.
Preparing to unpack .../libmagic1_1%3a5.14-2_amd64.deb ...
Unpacking libmagic1:amd64 (1:5.14-2) ...
Selecting previously unselected package libxml2:amd64.
Preparing to unpack .../libxml2_2.9.1+dfsg1-3_amd64.deb ...
Unpacking libxml2:amd64 (2.9.1+dfsg1-3) ...
Selecting previously unselected package libglib2.0-0:amd64.
Preparing to unpack .../libglib2.0-0_2.36.4-1_amd64.deb ...
Unpacking libglib2.0-0:amd64 (2.36.4-1) ...
Selecting previously unselected package libcroco3:amd64.
Preparing to unpack .../libcroco3_0.6.8-2_amd64.deb ...
Unpacking libcroco3:amd64 (0.6.8-2) ...
Selecting previously unselected package libsigsegv2:amd64.
Preparing to unpack .../libsigsegv2_2.10-2_amd64.deb ...
Unpacking libsigsegv2:amd64 (2.10-2) ...
Selecting previously unselected package libunistring0:amd64.
Preparing to unpack .../libunistring0_0.9.3-5_amd64.deb ...
Unpacking libunistring0:amd64 (0.9.3-5) ...
Selecting previously unselected package file.
Preparing to unpack .../file_1%3a5.14-2_amd64.deb ...
Unpacking file (1:5.14-2) ...
Selecting previously unselected package gettext-base.
Preparing to unpack .../gettext-base_0.18.3.1-2_amd64.deb ...
Unpacking gettext-base (0.18.3.1-2) ...
Selecting previously unselected package m4.
Preparing to unpack .../archives/m4_1.4.17-2_amd64.deb ...
Unpacking m4 (1.4.17-2) ...
Selecting previously unselected package libtext-unidecode-perl.
Preparing to unpack .../libtext-unidecode-perl_0.04-2_all.deb ...
Unpacking libtext-unidecode-perl (0.04-2) ...
Selecting previously unselected package libintl-perl.
Preparing to unpack .../libintl-perl_1.23-1_all.deb ...
Unpacking libintl-perl (1.23-1) ...
Selecting previously unselected package libxml-namespacesupport-perl.
Preparing to unpack .../libxml-namespacesupport-perl_1.11-1_all.deb ...
Unpacking libxml-namespacesupport-perl (1.11-1) ...
Selecting previously unselected package libxml-sax-base-perl.
Preparing to unpack .../libxml-sax-base-perl_1.07-1_all.deb ...
Unpacking libxml-sax-base-perl (1.07-1) ...
Selecting previously unselected package libxml-sax-perl.
Preparing to unpack .../libxml-sax-perl_0.99+dfsg-2_all.deb ...
Unpacking libxml-sax-perl (0.99+dfsg-2) ...
Selecting previously unselected package libxml-libxml-perl.
Preparing to unpack .../libxml-libxml-perl_2.0108+dfsg-1_amd64.deb ...
Unpacking libxml-libxml-perl (2.0108+dfsg-1) ...
Selecting previously unselected package texinfo.
Preparing to unpack .../texinfo_5.2.0.dfsg.1-2_amd64.deb ...
Unpacking texinfo (5.2.0.dfsg.1-2) ...
Selecting previously unselected package autoconf.
Preparing to unpack .../autoconf_2.69-2_all.deb ...
Unpacking autoconf (2.69-2) ...
Selecting previously unselected package gettext.
Preparing to unpack .../gettext_0.18.3.1-2_amd64.deb ...
Unpacking gettext (0.18.3.1-2) ...
Selecting previously unselected package intltool-debian.
Preparing to unpack .../intltool-debian_0.35.0+20060710.1_all.deb ...
Unpacking intltool-debian (0.35.0+20060710.1) ...
Selecting previously unselected package po-debconf.
Preparing to unpack .../po-debconf_1.0.16+nmu2_all.deb ...
Unpacking po-debconf (1.0.16+nmu2) ...
Selecting previously unselected package debhelper.
Preparing to unpack .../debhelper_9.20131227_all.deb ...
Unpacking debhelper (9.20131227) ...
Selecting previously unselected package sbuild-build-depends-dmalloc-dummy.
Preparing to unpack .../sbuild-build-depends-dmalloc-dummy.deb ...
Unpacking sbuild-build-depends-dmalloc-dummy (0.invalid.0) ...
Setting up libpipeline1:amd64 (1.2.6-1) ...
Setting up groff-base (1.22.2-3) ...
Setting up bsdmainutils (9.0.5) ...
update-alternatives: using /usr/bin/bsd-write to provide /usr/bin/write (write) in auto mode
update-alternatives: using /usr/bin/bsd-from to provide /usr/bin/from (from) in auto mode
Setting up man-db (2.6.5-3) ...
Not building database; man-db/auto-update is not 'true'.
Setting up libasprintf0c2:amd64 (0.18.3.1-2) ...
Setting up libmagic1:amd64 (1:5.14-2) ...
Setting up libxml2:amd64 (2.9.1+dfsg1-3) ...
Setting up libglib2.0-0:amd64 (2.36.4-1) ...
No schema files found: doing nothing.
Setting up libcroco3:amd64 (0.6.8-2) ...
Setting up libsigsegv2:amd64 (2.10-2) ...
Setting up libunistring0:amd64 (0.9.3-5) ...
Setting up file (1:5.14-2) ...
Setting up gettext-base (0.18.3.1-2) ...
Setting up m4 (1.4.17-2) ...
Setting up libtext-unidecode-perl (0.04-2) ...
Setting up libintl-perl (1.23-1) ...
Setting up libxml-namespacesupport-perl (1.11-1) ...
Setting up libxml-sax-base-perl (1.07-1) ...
Setting up libxml-sax-perl (0.99+dfsg-2) ...
update-perl-sax-parsers: Registering Perl SAX parser XML::SAX::PurePerl with priority 10...
update-perl-sax-parsers: Updating overall Perl SAX parser modules info file...

Creating config file /etc/perl/XML/SAX/ParserDetails.ini with new version
Setting up libxml-libxml-perl (2.0108+dfsg-1) ...
update-perl-sax-parsers: Registering Perl SAX parser XML::LibXML::SAX::Parser with priority 50...
update-perl-sax-parsers: Registering Perl SAX parser XML::LibXML::SAX with priority 50...
update-perl-sax-parsers: Updating overall Perl SAX parser modules info file...
Replacing config file /etc/perl/XML/SAX/ParserDetails.ini with new version
Setting up texinfo (5.2.0.dfsg.1-2) ...
Setting up autoconf (2.69-2) ...
Setting up gettext (0.18.3.1-2) ...
Setting up intltool-debian (0.35.0+20060710.1) ...
Setting up po-debconf (1.0.16+nmu2) ...
Setting up debhelper (9.20131227) ...
Setting up sbuild-build-depends-dmalloc-dummy (0.invalid.0) ...
Processing triggers for libc-bin (2.17-97) ...

┌──────────────────────────────────────────────────────────────────────────────┐
│ Build environment                                                            │
└──────────────────────────────────────────────────────────────────────────────┘

Kernel: Linux 2.6.32-5-xen-amd64 amd64 (x86_64)
Toolchain package versions: binutils_2.24-2 dpkg-dev_1.17.5 g++-4.6_4.6.4-5 g++-4.8_4.8.2-11 gcc-4.6_4.6.4-5 gcc-4.7_4.7.3-9 gcc-4.8_4.8.2-11 libc6-dev_2.17-97 libstdc++-4.8-dev_4.8.2-11 libstdc++6_4.8.2-11 libstdc++6-4.6-dev_4.6.4-5 linux-libc-dev_3.12.6-2
Package versions: apt_0.9.14.2 autoconf_2.69-2 base-files_7.2 base-passwd_3.5.29 bash_4.2+dfsg-1 binutils_2.24-2 bsdmainutils_9.0.5 bsdutils_1:2.20.1-5.5 build-essential_11.6 bzip2_1.0.6-5 clang-3.4_1:3.4-1 coreutils_8.21-1 cpp_4:4.8.2-1 cpp-4.6_4.6.4-5 cpp-4.7_4.7.3-9 cpp-4.8_4.8.2-11 dash_0.5.7-3+nmu1 debconf_1.5.52 debconf-i18n_1.5.52 debfoster_2.7-1.2 debhelper_9.20131227 debian-archive-keyring_2012.4 debianutils_4.4 diffutils_1:3.3-1 dpkg_1.17.5 dpkg-dev_1.17.5 e2fslibs_1.42.9-2 e2fsprogs_1.42.9-2 fakeroot_1.20-3 file_1:5.14-2 findutils_4.4.2-7 g++_4:4.8.2-1 g++-4.6_4.6.4-5 g++-4.8_4.8.2-11 gcc_4:4.8.2-1 gcc-4.4-base_4.4.7-6 gcc-4.5-base_4.5.4-1 gcc-4.6_4.6.4-5 gcc-4.6-base_4.6.4-5 gcc-4.7_4.7.3-9 gcc-4.7-base_4.7.3-9 gcc-4.8_4.8.2-11 gcc-4.8-base_4.8.2-11 gettext_0.18.3.1-2 gettext-base_0.18.3.1-2 gnupg_1.4.15-3 gpgv_1.4.15-3 grep_2.15-2 groff-base_1.22.2-3 gzip_1.6-3 hostname_3.15 initscripts_2.88dsf-45 insserv_1.14.0-5 intltool-debian_0.35.0+20060710.1 libacl1_2.2.52-1 libapt-pkg4.12_0.9.14.2 libarchive-extract-perl_0.70-1 libasan0_4.8.2-11 libasprintf0c2_0.18.3.1-2 libatomic1_4.8.2-11 libattr1_1:2.4.47-1 libaudit-common_1:2.3.2-3 libaudit1_1:2.3.2-3 libblkid1_2.20.1-5.5 libbz2-1.0_1.0.6-5 libc-bin_2.17-97 libc-dev-bin_2.17-97 libc6_2.17-97 libc6-dev_2.17-97 libcap2_1:2.22-1.2 libclang-common-3.4-dev_1:3.4-1 libclang1-3.4_1:3.4-1 libclass-isa-perl_0.36-5 libcloog-isl4_0.18.1-3 libcloog-ppl1_0.16.1-4 libcomerr2_1.42.9-2 libcroco3_0.6.8-2 libdb5.1_5.1.29-7 libdpkg-perl_1.17.5 libfakeroot_1.20-3 libffi6_3.0.13-10 libfile-fcntllock-perl_0.14-2+b1 libgc1c2_1:7.2d-6 libgcc-4.7-dev_4.7.3-9 libgcc-4.8-dev_4.8.2-11 libgcc1_1:4.8.2-11 libgdbm3_1.8.3-12 libglib2.0-0_2.36.4-1 libgmp10_2:5.1.3+dfsg-1 libgmpxx4ldbl_2:5.1.3+dfsg-1 libgomp1_4.8.2-11 libgpm2_1.20.4-6.1 libintl-perl_1.23-1 libisl10_0.12.1-2 libitm1_4.8.2-11 libllvm3.4_1:3.4-1 liblocale-gettext-perl_1.05-7+b2 liblog-message-simple-perl_0.10-1 liblzma5_5.1.1alpha+20120614-2 libmagic1_1:5.14-2 libmodule-pluggable-perl_4.8-1 libmount1_2.20.1-5.5 libmpc2_0.9-4 libmpc3_1.0.1-1 libmpfr4_3.1.2-1 libncurses5_5.9+20130608-1 libobjc-4.8-dev_4.8.2-11 libobjc4_4.8.2-11 libpam-modules_1.1.3-10 libpam-modules-bin_1.1.3-10 libpam-runtime_1.1.3-10 libpam0g_1.1.3-10 libpcre3_1:8.31-2 libpipeline1_1.2.6-1 libpod-latex-perl_0.61-1 libppl-c4_1:1.0-7 libppl12_1:1.0-7 libquadmath0_4.8.2-11 libreadline6_6.2+dfsg-0.1 libselinux1_2.2.1-1 libsemanage-common_2.2-1 libsemanage1_2.2-1 libsepol1_2.2-1 libsigsegv2_2.10-2 libslang2_2.2.4-16 libss2_1.42.9-2 libstdc++-4.8-dev_4.8.2-11 libstdc++6_4.8.2-11 libstdc++6-4.6-dev_4.6.4-5 libswitch-perl_2.16-2 libterm-ui-perl_0.42-1 libtext-charwidth-perl_0.04-7+b2 libtext-iconv-perl_1.7-5+b1 libtext-soundex-perl_3.4-1+b1 libtext-unidecode-perl_0.04-2 libtext-wrapi18n-perl_0.06-7 libtimedate-perl_2.3000-1 libtinfo5_5.9+20130608-1 libtsan0_4.8.2-11 libunistring0_0.9.3-5 libusb-0.1-4_2:0.1.12-23.3 libustr-1.0-1_1.0.4-3 libuuid1_2.20.1-5.5 libxml-libxml-perl_2.0108+dfsg-1 libxml-namespacesupport-perl_1.11-1 libxml-sax-base-perl_1.07-1 libxml-sax-perl_0.99+dfsg-2 libxml2_2.9.1+dfsg1-3 linux-libc-dev_3.12.6-2 login_1:4.1.5.1-1 lsb-base_4.1+Debian12 m4_1.4.17-2 make_3.81-8.3 man-db_2.6.5-3 mawk_1.3.3-17 mount_2.20.1-5.5 multiarch-support_2.17-97 ncurses-base_5.9+20130608-1 ncurses-bin_5.9+20130608-1 passwd_1:4.1.5.1-1 patch_2.7.1-4 perl_5.18.1-5 perl-base_5.18.1-5 perl-modules_5.18.1-5 po-debconf_1.0.16+nmu2 readline-common_6.2+dfsg-0.1 sbuild-build-depends-core-dummy_0.invalid.0 sbuild-build-depends-dmalloc-dummy_0.invalid.0 sed_4.2.2-3 sensible-utils_0.0.9 sudo_1.8.8-2 sysv-rc_2.88dsf-45 sysvinit_2.88dsf-45 sysvinit-core_2.88dsf-45 sysvinit-utils_2.88dsf-45 tar_1.27-4 texinfo_5.2.0.dfsg.1-2 tzdata_2013i-1 ucf_3.0027+nmu1 util-linux_2.20.1-5.5 vim_2:7.4.052-1 vim-common_2:7.4.052-1 vim-runtime_2:7.4.052-1 xz-utils_5.1.1alpha+20120614-2 zlib1g_1:1.2.8.dfsg-1

┌──────────────────────────────────────────────────────────────────────────────┐
│ Build                                                                        │
└──────────────────────────────────────────────────────────────────────────────┘


Unpack source
─────────────

gpgv: keyblock resource `/sbuild-nonexistent/.gnupg/trustedkeys.gpg': file open error
gpgv: Signature made Sun Jun 24 16:22:16 2012 UTC using DSA key ID 1BF8DE0F
gpgv: Can't check signature: public key not found
dpkg-source: warning: failed to verify signature on ./dmalloc_5.5.2-5.dsc
dpkg-source: info: extracting dmalloc in dmalloc-5.5.2
dpkg-source: info: unpacking dmalloc_5.5.2.orig.tar.gz
dpkg-source: info: unpacking dmalloc_5.5.2-5.debian.tar.gz
dpkg-source: info: applying 01-configure.ac.patch
dpkg-source: info: applying 02-Makefile.in.patch
dpkg-source: info: applying 03-threads.patch
dpkg-source: info: applying 04-fix-strndup-macro.patch
dpkg-source: info: applying 05-posix-memalign.patch
dpkg-source: info: applying 06-dmalloc-tag.patch
dpkg-source: info: applying 07-doc-update.patch
dpkg-source: info: applying 08-align2.patch
dpkg-source: info: applying 09-strdup-macro-fix.patch
dpkg-source: info: applying 10-recursion-fix.patch
dpkg-source: info: applying 11-pnt-info-fix.patch

Check disc space
────────────────

Sufficient free space for build

Hack binNMU version
───────────────────

Created changelog entry for binNMU version 5.5.2-5clang1

User Environment
────────────────

DEB_BUILD_OPTIONS=parallel=10
HOME=/sbuild-nonexistent
LOGNAME=user
PATH=/usr/local/sbin:/usr/local/bin:/usr/sbin:/usr/bin:/sbin:/bin:/usr/games
SCHROOT_ALIAS_NAME=unstable-amd64-sbuild
SCHROOT_CHROOT_NAME=unstable-amd64-sbuild
SCHROOT_COMMAND=env
SCHROOT_GID=1000
SCHROOT_GROUP=user
SCHROOT_SESSION_ID=unstable-amd64-sbuild-b2f160f3-6e92-484d-87d7-dd534055c80a
SCHROOT_UID=1000
SCHROOT_USER=user
SHELL=/bin/sh
USER=user

dpkg-buildpackage
─────────────────

dpkg-buildpackage: source package dmalloc
dpkg-buildpackage: source version 5.5.2-5clang1
dpkg-buildpackage: source distribution unstable
 dpkg-source --before-build dmalloc-5.5.2
dpkg-buildpackage: host architecture amd64
 fakeroot debian/rules clean
dh clean
   dh_testdir
   dh_auto_clean
   dh_clean
 debian/rules build-arch
dh build-arch
   dh_testdir -a
   debian/rules override_dh_auto_configure
make[1]: Entering directory `/«PKGBUILDDIR»'
mv -f configure configure.orig
autoconf
configure.ac:129: warning: AC_LANG_CONFTEST: no AC_LANG_SOURCE call detected in body
../../lib/autoconf/lang.m4:193: AC_LANG_CONFTEST is expanded from...
../../lib/autoconf/general.m4:2590: _AC_COMPILE_IFELSE is expanded from...
../../lib/autoconf/general.m4:2606: AC_COMPILE_IFELSE is expanded from...
configure.ac:129: the top level
configure.ac:350: warning: AC_LANG_CONFTEST: no AC_LANG_SOURCE call detected in body
../../lib/autoconf/lang.m4:193: AC_LANG_CONFTEST is expanded from...
../../lib/autoconf/general.m4:2729: _AC_RUN_IFELSE is expanded from...
../../lib/m4sugar/m4sh.m4:639: AS_IF is expanded from...
../../lib/autoconf/general.m4:2748: AC_RUN_IFELSE is expanded from...
configure.ac:350: the top level
configure.ac:354: warning: AC_LANG_CONFTEST: no AC_LANG_SOURCE call detected in body
../../lib/autoconf/lang.m4:193: AC_LANG_CONFTEST is expanded from...
../../lib/autoconf/general.m4:2729: _AC_RUN_IFELSE is expanded from...
../../lib/m4sugar/m4sh.m4:639: AS_IF is expanded from...
../../lib/autoconf/general.m4:2748: AC_RUN_IFELSE is expanded from...
configure.ac:354: the top level
configure.ac:358: warning: AC_LANG_CONFTEST: no AC_LANG_SOURCE call detected in body
../../lib/autoconf/lang.m4:193: AC_LANG_CONFTEST is expanded from...
../../lib/autoconf/general.m4:2729: _AC_RUN_IFELSE is expanded from...
../../lib/m4sugar/m4sh.m4:639: AS_IF is expanded from...
../../lib/autoconf/general.m4:2748: AC_RUN_IFELSE is expanded from...
configure.ac:358: the top level
configure.ac:362: warning: AC_LANG_CONFTEST: no AC_LANG_SOURCE call detected in body
../../lib/autoconf/lang.m4:193: AC_LANG_CONFTEST is expanded from...
../../lib/autoconf/general.m4:2729: _AC_RUN_IFELSE is expanded from...
../../lib/m4sugar/m4sh.m4:639: AS_IF is expanded from...
../../lib/autoconf/general.m4:2748: AC_RUN_IFELSE is expanded from...
configure.ac:362: the top level
configure.ac:390: warning: AC_LANG_CONFTEST: no AC_LANG_SOURCE call detected in body
../../lib/autoconf/lang.m4:193: AC_LANG_CONFTEST is expanded from...
../../lib/autoconf/general.m4:2729: _AC_RUN_IFELSE is expanded from...
../../lib/m4sugar/m4sh.m4:639: AS_IF is expanded from...
../../lib/autoconf/general.m4:2748: AC_RUN_IFELSE is expanded from...
configure.ac:390: the top level
configure.ac:453: warning: AC_LANG_CONFTEST: no AC_LANG_SOURCE call detected in body
../../lib/autoconf/lang.m4:193: AC_LANG_CONFTEST is expanded from...
../../lib/autoconf/general.m4:2729: _AC_RUN_IFELSE is expanded from...
../../lib/m4sugar/m4sh.m4:639: AS_IF is expanded from...
../../lib/autoconf/general.m4:2748: AC_RUN_IFELSE is expanded from...
configure.ac:453: the top level
configure.ac:512: warning: AC_LANG_CONFTEST: no AC_LANG_SOURCE call detected in body
../../lib/autoconf/lang.m4:193: AC_LANG_CONFTEST is expanded from...
../../lib/autoconf/general.m4:2729: _AC_RUN_IFELSE is expanded from...
../../lib/m4sugar/m4sh.m4:639: AS_IF is expanded from...
../../lib/autoconf/general.m4:2748: AC_RUN_IFELSE is expanded from...
configure.ac:512: the top level
configure.ac:556: warning: AC_LANG_CONFTEST: no AC_LANG_SOURCE call detected in body
../../lib/autoconf/lang.m4:193: AC_LANG_CONFTEST is expanded from...
../../lib/autoconf/general.m4:2729: _AC_RUN_IFELSE is expanded from...
../../lib/m4sugar/m4sh.m4:639: AS_IF is expanded from...
../../lib/autoconf/general.m4:2748: AC_RUN_IFELSE is expanded from...
configure.ac:556: the top level
configure.ac:571: warning: AC_LANG_CONFTEST: no AC_LANG_SOURCE call detected in body
../../lib/autoconf/lang.m4:193: AC_LANG_CONFTEST is expanded from...
../../lib/autoconf/general.m4:2729: _AC_RUN_IFELSE is expanded from...
../../lib/m4sugar/m4sh.m4:639: AS_IF is expanded from...
../../lib/autoconf/general.m4:2748: AC_RUN_IFELSE is expanded from...
configure.ac:571: the top level
configure.ac:594: warning: AC_LANG_CONFTEST: no AC_LANG_SOURCE call detected in body
../../lib/autoconf/lang.m4:193: AC_LANG_CONFTEST is expanded from...
../../lib/autoconf/general.m4:2729: _AC_RUN_IFELSE is expanded from...
../../lib/m4sugar/m4sh.m4:639: AS_IF is expanded from...
../../lib/autoconf/general.m4:2748: AC_RUN_IFELSE is expanded from...
configure.ac:594: the top level
configure.ac:625: warning: AC_LANG_CONFTEST: no AC_LANG_SOURCE call detected in body
../../lib/autoconf/lang.m4:193: AC_LANG_CONFTEST is expanded from...
../../lib/autoconf/general.m4:2590: _AC_COMPILE_IFELSE is expanded from...
../../lib/autoconf/general.m4:2606: AC_COMPILE_IFELSE is expanded from...
configure.ac:625: the top level
dh_auto_configure -- --enable-threads --enable-shlib
configure: WARNING: unrecognized options: --disable-maintainer-mode, --disable-dependency-tracking
configure: configurations for the dmalloc library
configure: build utilities
checking for gcc... gcc
checking whether the C compiler works... yes
checking for C compiler default output file name... a.out
checking for suffix of executables... 
checking whether we are cross compiling... no
checking for suffix of object files... o
checking whether we are using the GNU C compiler... yes
checking whether gcc accepts -g... yes
checking for gcc option to accept ISO C89... none needed
checking for g++... g++
checking whether we are using the GNU C++ compiler... yes
checking whether g++ accepts -g... yes
checking for a BSD-compatible install... /usr/bin/install -c
checking for ranlib... ranlib
checking for an ANSI C-conforming const... yes
checking how to run the C preprocessor... gcc -E
checking for grep that handles long lines and -e... /bin/grep
checking for egrep... /bin/grep -E
checking for ANSI C header files... yes
checking for sys/types.h... yes
checking for sys/stat.h... yes
checking for stdlib.h... yes
checking for string.h... yes
checking for memory.h... yes
checking for strings.h... yes
checking for inttypes.h... yes
checking for stdint.h... yes
checking for unistd.h... yes
checking stdarg.h usability... yes
checking stdarg.h presence... yes
checking for stdarg.h... yes
checking for stdlib.h... (cached) yes
checking for string.h... (cached) yes
checking for unistd.h... (cached) yes
checking errno.h usability... yes
checking errno.h presence... yes
checking for errno.h... yes
checking for sys/types.h... (cached) yes
checking sys/mman.h usability... yes
checking sys/mman.h presence... yes
checking for sys/mman.h... yes
checking shared library link args... ld -shared --whole-archive -soname $@ -o $@.t
checking shared library extension... so
checking C++ support... enabled
checking thread support... enabled
checking shlib support... enabled
checking for size_t... yes
checking dmalloc size unsigned... yes
checking strdup macro... yes
checking for mprotect... yes
checking mprotect works... yes
configure: important functionality
checking for mmap... yes
checking for sbrk... yes
checking mmap usage... yes
checking for getpagesize... yes
checking basic-block size... 12
checking size of long... 8
checking data-alignment size... 8
checking for abort... yes
checking abort safe... yes
checking return type of signal handlers... void
checking signal works... checking signal.h usability... yes
checking signal.h presence... yes
checking for signal.h... yes
yes
checking for getenv... yes
checking getenv safe... yes
checking sys/cygwin.h usability... no
checking sys/cygwin.h presence... no
checking for sys/cygwin.h... no
checking w32api/windef.h usability... no
checking w32api/windef.h presence... no
checking for w32api/windef.h... no
checking for w32api/winbase.h... no
checking for GetEnvironmentVariableA... no
checking constructor attribute... yes
checking destructor attribute... yes
checking return.h macros work... yes
checking if ident works... yes
configure: pthread particulars
checking for library containing pthread_mutex_init... none required
checking pthread.h usability... yes
checking pthread.h presence... yes
checking for pthread.h... yes
checking pthreads.h usability... no
checking pthreads.h presence... no
checking for pthreads.h... no
checking for pthread_mutex_init... yes
checking for pthread_mutex_lock... yes
checking for pthread_mutex_unlock... yes
checking pthread mutex type... pthread_mutex_t
checking pthread attribute initialization... 0
configure: functions
checking for atexit... yes
checking for on_exit... yes
checking for fork... yes
checking for gethostname... yes
checking for getpid... yes
checking for getuid... yes
checking for time... yes
checking for ctime... yes
checking for vprintf... yes
checking for snprintf... yes
checking for vsnprintf... yes
checking for recalloc... no
checking for memalign... yes
checking for valloc... yes
checking for memcmp... yes
checking for memcpy... yes
checking for memmove... yes
checking for memset... yes
checking for strchr... yes
checking for strrchr... yes
checking for strlen... yes
checking for strcmp... yes
checking for strcpy... yes
checking for strsep... yes
configure: various functions for argv files
checking for atoi... yes
checking for atol... yes
checking for getenv... (cached) yes
checking for strchr... (cached) yes
checking for strcmp... (cached) yes
checking for strcpy... (cached) yes
checking for strlen... (cached) yes
checking for strncmp... yes
checking for strncpy... yes
checking for strsep... (cached) yes
configure: various functions for argument checking
checking for atoi... (cached) yes
checking for atol... (cached) yes
checking for bcmp... yes
checking for bcopy... yes
checking for bzero... yes
checking for index... yes
checking for memccpy... yes
checking for memchr... yes
checking for memcmp... (cached) yes
checking for memcpy... (cached) yes
checking for memmove... (cached) yes
checking for memset... (cached) yes
checking for rindex... yes
checking for strcasecmp... yes
checking for strcat... yes
checking for strchr... (cached) yes
checking for strcmp... (cached) yes
checking for strcpy... (cached) yes
checking for strcspn... yes
checking for strlen... (cached) yes
checking for strncasecmp... yes
checking for strncat... yes
checking for strncmp... (cached) yes
checking for strncpy... (cached) yes
checking for strpbrk... yes
checking for strrchr... (cached) yes
checking for strspn... yes
checking for strstr... yes
checking for strtok... yes
configure: creating ./config.status
config.status: creating Makefile
config.status: creating conf.h
config.status: executing dmalloc.h.2 commands
config.status: executing settings.h commands
configure: WARNING: unrecognized options: --disable-maintainer-mode, --disable-dependency-tracking
configure: 
configure: Please check-out Makefile and conf.h to make sure that
configure: sane configuration values were a result.
configure: 
configure: You may want to change values in settings.h before
configure: running 'make'.
configure: 
configure: To run the basic library tests, you can execute:
configure:   make light
configure: or
configure:   make heavy
configure: 
mv -f configure.orig configure
make[1]: Leaving directory `/«PKGBUILDDIR»'
   debian/rules override_dh_auto_build
make[1]: Entering directory `/«PKGBUILDDIR»'
dh_auto_build
make[2]: Entering directory `/«PKGBUILDDIR»'
rm -f dmalloc.h dmalloc.h.t
cat ./dmalloc.h.1 dmalloc.h.2 ./dmalloc.h.3 > dmalloc.h.t
mv dmalloc.h.t dmalloc.h
rm -f arg_check.o
gcc -g -O2 -fstack-protector --param=ssp-buffer-size=4 -Wformat -Werror=format-security -D_FORTIFY_SOURCE=2 -DHAVE_STDARG_H=1 -DHAVE_STDLIB_H=1 -DHAVE_STRING_H=1 -DHAVE_UNISTD_H=1 -DHAVE_ERRNO_H=1 -DHAVE_SYS_MMAN_H=1 -DHAVE_SYS_TYPES_H=1 -DHAVE_W32API_WINBASE_H=0 -DHAVE_W32API_WINDEF_H=0 -DHAVE_SYS_CYGWIN_H=0 -DHAVE_SIGNAL_H=1  -I. -I.  -c arg_check.c -o ./arg_check.o
rm -f compat.o
gcc -g -O2 -fstack-protector --param=ssp-buffer-size=4 -Wformat -Werror=format-security -D_FORTIFY_SOURCE=2 -DHAVE_STDARG_H=1 -DHAVE_STDLIB_H=1 -DHAVE_STRING_H=1 -DHAVE_UNISTD_H=1 -DHAVE_ERRNO_H=1 -DHAVE_SYS_MMAN_H=1 -DHAVE_SYS_TYPES_H=1 -DHAVE_W32API_WINBASE_H=0 -DHAVE_W32API_WINDEF_H=0 -DHAVE_SYS_CYGWIN_H=0 -DHAVE_SIGNAL_H=1  -I. -I.  -c compat.c -o ./compat.o
rm -f dmalloc_rand.o
gcc -g -O2 -fstack-protector --param=ssp-buffer-size=4 -Wformat -Werror=format-security -D_FORTIFY_SOURCE=2 -DHAVE_STDARG_H=1 -DHAVE_STDLIB_H=1 -DHAVE_STRING_H=1 -DHAVE_UNISTD_H=1 -DHAVE_ERRNO_H=1 -DHAVE_SYS_MMAN_H=1 -DHAVE_SYS_TYPES_H=1 -DHAVE_W32API_WINBASE_H=0 -DHAVE_W32API_WINDEF_H=0 -DHAVE_SYS_CYGWIN_H=0 -DHAVE_SIGNAL_H=1  -I. -I.  -c dmalloc_rand.c -o ./dmalloc_rand.o
rm -f dmalloc_tab.o
gcc -g -O2 -fstack-protector --param=ssp-buffer-size=4 -Wformat -Werror=format-security -D_FORTIFY_SOURCE=2 -DHAVE_STDARG_H=1 -DHAVE_STDLIB_H=1 -DHAVE_STRING_H=1 -DHAVE_UNISTD_H=1 -DHAVE_ERRNO_H=1 -DHAVE_SYS_MMAN_H=1 -DHAVE_SYS_TYPES_H=1 -DHAVE_W32API_WINBASE_H=0 -DHAVE_W32API_WINDEF_H=0 -DHAVE_SYS_CYGWIN_H=0 -DHAVE_SIGNAL_H=1  -I. -I.  -c dmalloc_tab.c -o ./dmalloc_tab.o
rm -f env.o
gcc -g -O2 -fstack-protector --param=ssp-buffer-size=4 -Wformat -Werror=format-security -D_FORTIFY_SOURCE=2 -DHAVE_STDARG_H=1 -DHAVE_STDLIB_H=1 -DHAVE_STRING_H=1 -DHAVE_UNISTD_H=1 -DHAVE_ERRNO_H=1 -DHAVE_SYS_MMAN_H=1 -DHAVE_SYS_TYPES_H=1 -DHAVE_W32API_WINBASE_H=0 -DHAVE_W32API_WINDEF_H=0 -DHAVE_SYS_CYGWIN_H=0 -DHAVE_SIGNAL_H=1  -I. -I.  -c env.c -o ./env.o
rm -f heap.o
gcc -g -O2 -fstack-protector --param=ssp-buffer-size=4 -Wformat -Werror=format-security -D_FORTIFY_SOURCE=2 -DHAVE_STDARG_H=1 -DHAVE_STDLIB_H=1 -DHAVE_STRING_H=1 -DHAVE_UNISTD_H=1 -DHAVE_ERRNO_H=1 -DHAVE_SYS_MMAN_H=1 -DHAVE_SYS_TYPES_H=1 -DHAVE_W32API_WINBASE_H=0 -DHAVE_W32API_WINDEF_H=0 -DHAVE_SYS_CYGWIN_H=0 -DHAVE_SIGNAL_H=1  -I. -I.  -c heap.c -o ./heap.o
rm -f chunk.o
gcc -g -O2 -fstack-protector --param=ssp-buffer-size=4 -Wformat -Werror=format-security -D_FORTIFY_SOURCE=2 -DHAVE_STDARG_H=1 -DHAVE_STDLIB_H=1 -DHAVE_STRING_H=1 -DHAVE_UNISTD_H=1 -DHAVE_ERRNO_H=1 -DHAVE_SYS_MMAN_H=1 -DHAVE_SYS_TYPES_H=1 -DHAVE_W32API_WINBASE_H=0 -DHAVE_W32API_WINDEF_H=0 -DHAVE_SYS_CYGWIN_H=0 -DHAVE_SIGNAL_H=1  -I. -I.  -c chunk.c -o ./chunk.o
rm -f error.o
gcc -g -O2 -fstack-protector --param=ssp-buffer-size=4 -Wformat -Werror=format-security -D_FORTIFY_SOURCE=2 -DHAVE_STDARG_H=1 -DHAVE_STDLIB_H=1 -DHAVE_STRING_H=1 -DHAVE_UNISTD_H=1 -DHAVE_ERRNO_H=1 -DHAVE_SYS_MMAN_H=1 -DHAVE_SYS_TYPES_H=1 -DHAVE_W32API_WINBASE_H=0 -DHAVE_W32API_WINDEF_H=0 -DHAVE_SYS_CYGWIN_H=0 -DHAVE_SIGNAL_H=1  -I. -I.  -c error.c -o ./error.o
rm -f malloc.o
gcc -g -O2 -fstack-protector --param=ssp-buffer-size=4 -Wformat -Werror=format-security -D_FORTIFY_SOURCE=2 -DHAVE_STDARG_H=1 -DHAVE_STDLIB_H=1 -DHAVE_STRING_H=1 -DHAVE_UNISTD_H=1 -DHAVE_ERRNO_H=1 -DHAVE_SYS_MMAN_H=1 -DHAVE_SYS_TYPES_H=1 -DHAVE_W32API_WINBASE_H=0 -DHAVE_W32API_WINDEF_H=0 -DHAVE_SYS_CYGWIN_H=0 -DHAVE_SIGNAL_H=1  -I. -I.  -c malloc.c -o ./malloc.o
malloc.c:301:7: warning: passing 'long *' to parameter of type 'unsigned long *' converts between pointers to integer types with different sign [-Wpointer-sign]
                           (long *)&_dmalloc_address_seen_n, &_dmalloc_flags,
                           ^~~~~~~~~~~~~~~~~~~~~~~~~~~~~~~~
./env.h:50:21: note: passing argument to parameter 'addr_count_p' here
                                 unsigned long *addr_count_p,
                                                ^
malloc.c:1911:3: error: non-void function 'dmalloc_tag_pnt' should return a value [-Wreturn-type]
                return;
                ^
1 warning and 1 error generated.
make[2]: *** [malloc.o] Error 1
make[2]: Leaving directory `/«PKGBUILDDIR»'
dh_auto_build: make -j1 returned exit code 2
make[1]: *** [override_dh_auto_build] Error 2
make[1]: Leaving directory `/«PKGBUILDDIR»'
make: *** [build-arch] Error 2
dpkg-buildpackage: error: debian/rules build-arch gave error exit status 2
────────────────────────────────────────────────────────────────────────────────
Build finished at 20140106-0822

Finished
────────

E: Build failure (dpkg-buildpackage died)

┌──────────────────────────────────────────────────────────────────────────────┐
│ Cleanup                                                                      │
└──────────────────────────────────────────────────────────────────────────────┘

Purging /«BUILDDIR»
Not cleaning session: cloned chroot in use

┌──────────────────────────────────────────────────────────────────────────────┐
│ Summary                                                                      │
└──────────────────────────────────────────────────────────────────────────────┘

Build Architecture: amd64
Build-Space: 4780
Build-Time: 16
Distribution: unstable
Fail-Stage: build
Host Architecture: amd64
Install-Time: 12
Job: dmalloc_5.5.2-5
Machine Architecture: amd64
Package: dmalloc
Package-Time: 81
Source-Version: 5.5.2-5
Space: 4780
Status: attempted
Version: 5.5.2-5clang1
────────────────────────────────────────────────────────────────────────────────
Finished at 20140106-0822
Build needed 00:01:21, 4780k disc space
DC-Status: Failed 81.217135435s
