DC-Build-Header: libraw 0.15.4-1 / 2014-01-06 07:31:57 +0000
DC-Task: source:libraw version:0.15.4-1 architecture:any chroot:unstable esttime:90 logfile:/tmp/libraw_0.15.4-1_unstable_clang.log modes:binary-only:parallel:clang
DC-Sbuild-call: su user -c 'sbuild -n --apt-update -d unstable -v  --chroot-setup-commands=/tmp/switch-to-clang --append-to-version "clang1" --maintainer "Lucas Nussbaum <lucas@debian.org>" --uploader "Lucas Nussbaum <lucas@debian.org>" libraw_0.15.4-1'
sbuild (Debian sbuild) 0.63.2 (18 Aug 2012) on ip-172-31-2-119.us-west-2.compute.internal

╔══════════════════════════════════════════════════════════════════════════════╗
║ libraw 0.15.4-1clang1 (amd64)                              06 Jan 2014 07:31 ║
╚══════════════════════════════════════════════════════════════════════════════╝

Package: libraw
Version: 0.15.4-1clang1
Source Version: 0.15.4-1
Distribution: unstable
Machine Architecture: amd64
Host Architecture: amd64
Build Architecture: amd64

I: NOTICE: Log filtering will replace 'build/libraw-Hsaw6j/libraw-0.15.4' with '«PKGBUILDDIR»'
I: NOTICE: Log filtering will replace 'build/libraw-Hsaw6j' with '«BUILDDIR»'
I: NOTICE: Log filtering will replace 'var/lib/schroot/mount/unstable-amd64-sbuild-91417b04-8468-466b-8a64-5d57ea9641fa' with '«CHROOT»'

┌──────────────────────────────────────────────────────────────────────────────┐
│ Update chroot                                                                │
└──────────────────────────────────────────────────────────────────────────────┘

Get:1 http://localhost:9999 unstable InRelease [206 kB]
Get:2 http://localhost:9999 unstable/main Sources/DiffIndex [7876 B]
Get:3 http://localhost:9999 unstable/main amd64 Packages/DiffIndex [7876 B]
Get:4 http://localhost:9999 unstable/main Translation-en/DiffIndex [7876 B]
Get:5 http://localhost:9999 unstable/main 2014-01-04-1439.27.pdiff [11.3 kB]
Get:6 http://localhost:9999 unstable/main 2014-01-04-1439.27.pdiff [11.3 kB]
Get:7 http://localhost:9999 unstable/main amd64 2014-01-04-1439.27.pdiff [11.8 kB]
Get:8 http://localhost:9999 unstable/main 2014-01-04-1439.27.pdiff [1898 B]
Get:9 http://localhost:9999 unstable/main amd64 2014-01-04-1439.27.pdiff [11.8 kB]
Get:10 http://localhost:9999 unstable/main 2014-01-04-2039.41.pdiff [12.3 kB]
Get:11 http://localhost:9999 unstable/main 2014-01-04-1439.27.pdiff [1898 B]
Get:12 http://localhost:9999 unstable/main amd64 2014-01-04-2039.41.pdiff [24.3 kB]
Get:13 http://localhost:9999 unstable/main 2014-01-04-2039.41.pdiff [12.3 kB]
Get:14 http://localhost:9999 unstable/main 2014-01-04-2039.41.pdiff [2358 B]
Get:15 http://localhost:9999 unstable/main amd64 2014-01-04-2039.41.pdiff [24.3 kB]
Get:16 http://localhost:9999 unstable/main 2014-01-05-0239.35.pdiff [9640 B]
Get:17 http://localhost:9999 unstable/main 2014-01-04-2039.41.pdiff [2358 B]
Get:18 http://localhost:9999 unstable/main amd64 2014-01-05-0239.35.pdiff [18.3 kB]
Get:19 http://localhost:9999 unstable/main 2014-01-05-0239.35.pdiff [9640 B]
Get:20 http://localhost:9999 unstable/main 2014-01-05-0239.35.pdiff [504 B]
Get:21 http://localhost:9999 unstable/main amd64 2014-01-05-0239.35.pdiff [18.3 kB]
Get:22 http://localhost:9999 unstable/main 2014-01-05-0840.32.pdiff [4885 B]
Get:23 http://localhost:9999 unstable/main 2014-01-05-0239.35.pdiff [504 B]
Get:24 http://localhost:9999 unstable/main amd64 2014-01-05-0840.32.pdiff [3950 B]
Get:25 http://localhost:9999 unstable/main 2014-01-05-0840.32.pdiff [4885 B]
Get:26 http://localhost:9999 unstable/main 2014-01-05-0840.32.pdiff [214 B]
Get:27 http://localhost:9999 unstable/main amd64 2014-01-05-0840.32.pdiff [3950 B]
Get:28 http://localhost:9999 unstable/main 2014-01-05-1438.24.pdiff [7183 B]
Get:29 http://localhost:9999 unstable/main 2014-01-05-0840.32.pdiff [214 B]
Get:30 http://localhost:9999 unstable/main amd64 2014-01-05-1438.24.pdiff [3882 B]
Get:31 http://localhost:9999 unstable/main 2014-01-05-1438.24.pdiff [7183 B]
Get:32 http://localhost:9999 unstable/main 2014-01-05-1438.24.pdiff [1111 B]
Get:33 http://localhost:9999 unstable/main amd64 2014-01-05-1438.24.pdiff [3882 B]
Get:34 http://localhost:9999 unstable/main 2014-01-05-2041.02.pdiff [20.2 kB]
Get:35 http://localhost:9999 unstable/main 2014-01-05-1438.24.pdiff [1111 B]
Get:36 http://localhost:9999 unstable/main amd64 2014-01-05-2041.02.pdiff [17.0 kB]
Get:37 http://localhost:9999 unstable/main 2014-01-05-2041.02.pdiff [20.2 kB]
Get:38 http://localhost:9999 unstable/main 2014-01-05-2041.02.pdiff [2166 B]
Get:39 http://localhost:9999 unstable/main amd64 2014-01-05-2041.02.pdiff [17.0 kB]
Get:40 http://localhost:9999 unstable/main 2014-01-06-0239.34.pdiff [7972 B]
Get:41 http://localhost:9999 unstable/main 2014-01-05-2041.02.pdiff [2166 B]
Get:42 http://localhost:9999 unstable/main amd64 2014-01-06-0239.34.pdiff [21.1 kB]
Get:43 http://localhost:9999 unstable/main 2014-01-06-0239.34.pdiff [7972 B]
Get:44 http://localhost:9999 unstable/main 2014-01-06-0239.34.pdiff [238 B]
Get:45 http://localhost:9999 unstable/main amd64 2014-01-06-0239.34.pdiff [21.1 kB]
Get:46 http://localhost:9999 unstable/main 2014-01-06-0239.34.pdiff [238 B]
Fetched 412 kB in 28s (14.5 kB/s)
Reading package lists...
Reading package lists...
Building dependency tree...
Reading state information...
The following packages will be upgraded:
  libterm-ui-perl
1 upgraded, 0 newly installed, 0 to remove and 0 not upgraded.
Need to get 19.1 kB of archives.
After this operation, 1024 B of additional disk space will be used.
Get:1 http://localhost:9999/debian/ unstable/main libterm-ui-perl all 0.42-1 [19.1 kB]
debconf: delaying package configuration, since apt-utils is not installed
Fetched 19.1 kB in 0s (1144 kB/s)
(Reading database ... 13944 files and directories currently installed.)
Preparing to unpack .../libterm-ui-perl_0.42-1_all.deb ...
Unpacking libterm-ui-perl (0.42-1) over (0.38-1) ...
Setting up libterm-ui-perl (0.42-1) ...

┌──────────────────────────────────────────────────────────────────────────────┐
│ Fetch source files                                                           │
└──────────────────────────────────────────────────────────────────────────────┘


Check APT
─────────

Checking available source versions...

Download source files with APT
──────────────────────────────

Reading package lists...
Building dependency tree...
Reading state information...
Need to get 1438 kB of source archives.
Get:1 http://localhost:9999/debian/ unstable/main libraw 0.15.4-1 (dsc) [2015 B]
Get:2 http://localhost:9999/debian/ unstable/main libraw 0.15.4-1 (tar) [1428 kB]
Get:3 http://localhost:9999/debian/ unstable/main libraw 0.15.4-1 (diff) [8070 B]
Fetched 1438 kB in 2s (595 kB/s)
Download complete and in download only mode

Check arch
──────────


┌──────────────────────────────────────────────────────────────────────────────┐
│ Chroot Setup Commands                                                        │
└──────────────────────────────────────────────────────────────────────────────┘


/tmp/switch-to-clang
────────────────────

+ echo 'Entering customization script...'
Entering customization script...
+ echo 'Install of clang-3.4'
Install of clang-3.4
+ apt-get update
Hit http://localhost:9999 unstable InRelease
Hit http://localhost:9999 unstable/main Sources/DiffIndex
Hit http://localhost:9999 unstable/main amd64 Packages/DiffIndex
Hit http://localhost:9999 unstable/main Translation-en/DiffIndex
Reading package lists...
+ apt-get install --yes --no-install-recommends --force-yes clang-3.4
Reading package lists...
Building dependency tree...
Reading state information...
The following extra packages will be installed:
  libclang-common-3.4-dev libclang1-3.4 libffi6 libllvm3.4 libobjc-4.8-dev
  libobjc4
Recommended packages:
  llvm-3.4-dev python
The following NEW packages will be installed:
  clang-3.4 libclang-common-3.4-dev libclang1-3.4 libffi6 libllvm3.4
  libobjc-4.8-dev libobjc4
0 upgraded, 7 newly installed, 0 to remove and 0 not upgraded.
Need to get 19.9 MB of archives.
After this operation, 82.1 MB of additional disk space will be used.
Get:1 http://localhost:9999/debian/ unstable/main libffi6 amd64 3.0.13-10 [19.3 kB]
Get:2 http://localhost:9999/debian/ unstable/main libllvm3.4 amd64 1:3.4-1 [6528 kB]
Get:3 http://localhost:9999/debian/ unstable/main libobjc4 amd64 4.8.2-11 [110 kB]
Get:4 http://localhost:9999/debian/ unstable/main libobjc-4.8-dev amd64 4.8.2-11 [370 kB]
Get:5 http://localhost:9999/debian/ unstable/main libclang1-3.4 amd64 1:3.4-1 [3526 kB]
Get:6 http://localhost:9999/debian/ unstable/main libclang-common-3.4-dev amd64 1:3.4-1 [516 kB]
Get:7 http://localhost:9999/debian/ unstable/main clang-3.4 amd64 1:3.4-1 [8878 kB]
debconf: delaying package configuration, since apt-utils is not installed
Fetched 19.9 MB in 0s (25.4 MB/s)
Selecting previously unselected package libffi6:amd64.
(Reading database ... 13944 files and directories currently installed.)
Preparing to unpack .../libffi6_3.0.13-10_amd64.deb ...
Unpacking libffi6:amd64 (3.0.13-10) ...
Selecting previously unselected package libllvm3.4:amd64.
Preparing to unpack .../libllvm3.4_1%3a3.4-1_amd64.deb ...
Unpacking libllvm3.4:amd64 (1:3.4-1) ...
Selecting previously unselected package libobjc4:amd64.
Preparing to unpack .../libobjc4_4.8.2-11_amd64.deb ...
Unpacking libobjc4:amd64 (4.8.2-11) ...
Selecting previously unselected package libobjc-4.8-dev:amd64.
Preparing to unpack .../libobjc-4.8-dev_4.8.2-11_amd64.deb ...
Unpacking libobjc-4.8-dev:amd64 (4.8.2-11) ...
Selecting previously unselected package libclang1-3.4:amd64.
Preparing to unpack .../libclang1-3.4_1%3a3.4-1_amd64.deb ...
Unpacking libclang1-3.4:amd64 (1:3.4-1) ...
Selecting previously unselected package libclang-common-3.4-dev.
Preparing to unpack .../libclang-common-3.4-dev_1%3a3.4-1_amd64.deb ...
Unpacking libclang-common-3.4-dev (1:3.4-1) ...
Selecting previously unselected package clang-3.4.
Preparing to unpack .../clang-3.4_1%3a3.4-1_amd64.deb ...
Unpacking clang-3.4 (1:3.4-1) ...
Setting up libffi6:amd64 (3.0.13-10) ...
Setting up libllvm3.4:amd64 (1:3.4-1) ...
Setting up libobjc4:amd64 (4.8.2-11) ...
Setting up libobjc-4.8-dev:amd64 (4.8.2-11) ...
Setting up libclang1-3.4:amd64 (1:3.4-1) ...
Setting up libclang-common-3.4-dev (1:3.4-1) ...
Setting up clang-3.4 (1:3.4-1) ...
Processing triggers for libc-bin (2.17-97) ...
+ echo 'Replace gcc, g++ & cpp by clang'
Replace gcc, g++ & cpp by clang
+ VERSIONS='4.6 4.7 4.8'
+ cd /usr/bin
+ for VERSION in '$VERSIONS'
+ rm -f g++-4.6 gcc-4.6 cpp-4.6
+ ln -s clang++ g++-4.6
+ ln -s clang gcc-4.6
+ ln -s clang cpp-4.6
+ for VERSION in '$VERSIONS'
+ rm -f g++-4.7 gcc-4.7 cpp-4.7
+ ln -s clang++ g++-4.7
+ ln -s clang gcc-4.7
+ ln -s clang cpp-4.7
+ for VERSION in '$VERSIONS'
+ rm -f g++-4.8 gcc-4.8 cpp-4.8
+ ln -s clang++ g++-4.8
+ ln -s clang gcc-4.8
+ ln -s clang cpp-4.8
+ cd -
/«BUILDDIR»
+ echo 'Block the installation of new gcc version'
Block the installation of new gcc version
+ dpkg --set-selections
+ echo 'gcc-4.6 hold'
+ dpkg --set-selections
+ echo 'cpp-4.6 hold'
+ dpkg --set-selections
+ echo 'g++-4.6 hold'
+ dpkg --set-selections
+ echo 'gcc-4.7 hold'
+ dpkg --set-selections
+ echo 'cpp-4.7 hold'
+ dpkg --set-selections
+ echo 'g++-4.7 hold'
+ dpkg --set-selections
+ echo 'gcc-4.8 hold'
+ dpkg --set-selections
+ echo 'cpp-4.8 hold'
+ dpkg --set-selections
+ echo 'g++-4.8 hold'
+ echo 'Check if gcc, g++ & cpp are actually clang'
Check if gcc, g++ & cpp are actually clang
+ grep clang
+ gcc --version
+ grep clang
+ cpp --version
+ grep clang
+ g++ --version

I: Finished running '/tmp/switch-to-clang'.

Finished processing commands.
────────────────────────────────────────────────────────────────────────────────
Merged Build-Depends: build-essential, fakeroot
Filtered Build-Depends: build-essential, fakeroot
dpkg-deb: building package `sbuild-build-depends-core-dummy' in `/«BUILDDIR»/resolver-8bHyK5/apt_archive/sbuild-build-depends-core-dummy.deb'.
OK
Reading package lists...

┌──────────────────────────────────────────────────────────────────────────────┐
│ Install core build dependencies (apt-based resolver)                         │
└──────────────────────────────────────────────────────────────────────────────┘

Installing build dependencies
Reading package lists...
Building dependency tree...
Reading state information...
The following NEW packages will be installed:
  sbuild-build-depends-core-dummy
debconf: delaying package configuration, since apt-utils is not installed
0 upgraded, 1 newly installed, 0 to remove and 0 not upgraded.
Need to get 0 B/770 B of archives.
After this operation, 0 B of additional disk space will be used.
Selecting previously unselected package sbuild-build-depends-core-dummy.
(Reading database ... 14105 files and directories currently installed.)
Preparing to unpack .../sbuild-build-depends-core-dummy.deb ...
Unpacking sbuild-build-depends-core-dummy (0.invalid.0) ...
Setting up sbuild-build-depends-core-dummy (0.invalid.0) ...
Merged Build-Depends: base-files, base-passwd, bash, bsdutils, coreutils, dash, debianutils, diffutils, dpkg, e2fsprogs, findutils, grep, gzip, hostname, libc-bin, login, mount, ncurses-base, ncurses-bin, perl-base, sed, sysvinit, sysvinit-utils, tar, util-linux, libc6-dev | libc-dev, gcc (>= 4:4.4.3), g++ (>= 4:4.4.3), make, dpkg-dev (>= 1.13.5), debhelper (>= 9), autotools-dev, dh-autoreconf, pkg-config, libjasper-dev, liblcms2-dev, libjpeg8-dev | libjpeg-dev
Filtered Build-Depends: base-files, base-passwd, bash, bsdutils, coreutils, dash, debianutils, diffutils, dpkg, e2fsprogs, findutils, grep, gzip, hostname, libc-bin, login, mount, ncurses-base, ncurses-bin, perl-base, sed, sysvinit, sysvinit-utils, tar, util-linux, libc6-dev, gcc (>= 4:4.4.3), g++ (>= 4:4.4.3), make, dpkg-dev (>= 1.13.5), debhelper (>= 9), autotools-dev, dh-autoreconf, pkg-config, libjasper-dev, liblcms2-dev, libjpeg8-dev
dpkg-deb: building package `sbuild-build-depends-libraw-dummy' in `/«BUILDDIR»/resolver-_XY6Tc/apt_archive/sbuild-build-depends-libraw-dummy.deb'.
OK
Reading package lists...

┌──────────────────────────────────────────────────────────────────────────────┐
│ Install libraw build dependencies (apt-based resolver)                       │
└──────────────────────────────────────────────────────────────────────────────┘

Installing build dependencies
Reading package lists...
Building dependency tree...
Reading state information...
The following extra packages will be installed:
  autoconf automake autopoint autotools-dev bsdmainutils debhelper
  dh-autoreconf file gettext gettext-base groff-base intltool-debian
  libasprintf0c2 libcroco3 libglib2.0-0 libjasper-dev libjasper1 libjpeg8
  libjpeg8-dev liblcms2-2 liblcms2-dev libmagic1 libpipeline1 libpopt0
  libsigsegv2 libtool libunistring0 libxml2 m4 man-db pkg-config po-debconf
Suggested packages:
  autoconf2.13 autoconf-archive gnu-standards autoconf-doc wamerican wordlist
  whois vacation dh-make gettext-doc groff libjasper-runtime liblcms2-utils
  libtool-doc automaken gfortran fortran95-compiler gcj-jdk less www-browser
  libmail-box-perl
Recommended packages:
  curl wget lynx-cur libasprintf-dev libgettextpo-dev libglib2.0-data
  shared-mime-info libltdl-dev xml-core libmail-sendmail-perl
The following NEW packages will be installed:
  autoconf automake autopoint autotools-dev bsdmainutils debhelper
  dh-autoreconf file gettext gettext-base groff-base intltool-debian
  libasprintf0c2 libcroco3 libglib2.0-0 libjasper-dev libjasper1 libjpeg8
  libjpeg8-dev liblcms2-2 liblcms2-dev libmagic1 libpipeline1 libpopt0
  libsigsegv2 libtool libunistring0 libxml2 m4 man-db pkg-config po-debconf
  sbuild-build-depends-libraw-dummy
0 upgraded, 33 newly installed, 0 to remove and 0 not upgraded.
Need to get 14.1 MB/14.1 MB of archives.
After this operation, 36.6 MB of additional disk space will be used.
Get:1 http://localhost:9999/debian/ unstable/main libpipeline1 amd64 1.2.6-1 [24.8 kB]
Get:2 http://localhost:9999/debian/ unstable/main libpopt0 amd64 1.16-8 [48.9 kB]
Get:3 http://localhost:9999/debian/ unstable/main groff-base amd64 1.22.2-3 [747 kB]
Get:4 http://localhost:9999/debian/ unstable/main bsdmainutils amd64 9.0.5 [211 kB]
Get:5 http://localhost:9999/debian/ unstable/main man-db amd64 2.6.5-3 [975 kB]
Get:6 http://localhost:9999/debian/ unstable/main libasprintf0c2 amd64 0.18.3.1-2 [29.1 kB]
Get:7 http://localhost:9999/debian/ unstable/main libmagic1 amd64 1:5.14-2 [216 kB]
Get:8 http://localhost:9999/debian/ unstable/main libxml2 amd64 2.9.1+dfsg1-3 [791 kB]
Get:9 http://localhost:9999/debian/ unstable/main libglib2.0-0 amd64 2.36.4-1 [2055 kB]
Get:10 http://localhost:9999/debian/ unstable/main libcroco3 amd64 0.6.8-2 [133 kB]
Get:11 http://localhost:9999/debian/ unstable/main libjpeg8 amd64 8d-2 [120 kB]
Get:12 http://localhost:9999/debian/ unstable/main libjasper1 amd64 1.900.1-14 [160 kB]
Get:13 http://localhost:9999/debian/ unstable/main liblcms2-2 amd64 2.2+git20110628-2.3+b1 [121 kB]
Get:14 http://localhost:9999/debian/ unstable/main libsigsegv2 amd64 2.10-2 [29.8 kB]
Get:15 http://localhost:9999/debian/ unstable/main libunistring0 amd64 0.9.3-5 [434 kB]
Get:16 http://localhost:9999/debian/ unstable/main file amd64 1:5.14-2 [54.0 kB]
Get:17 http://localhost:9999/debian/ unstable/main gettext-base amd64 0.18.3.1-2 [116 kB]
Get:18 http://localhost:9999/debian/ unstable/main m4 amd64 1.4.17-2 [255 kB]
Get:19 http://localhost:9999/debian/ unstable/main autoconf all 2.69-2 [339 kB]
Get:20 http://localhost:9999/debian/ unstable/main autotools-dev all 20130810.1 [69.6 kB]
Get:21 http://localhost:9999/debian/ unstable/main automake all 1:1.14.1-2 [724 kB]
Get:22 http://localhost:9999/debian/ unstable/main autopoint all 0.18.3.1-2 [392 kB]
Get:23 http://localhost:9999/debian/ unstable/main gettext amd64 0.18.3.1-2 [1202 kB]
Get:24 http://localhost:9999/debian/ unstable/main intltool-debian all 0.35.0+20060710.1 [30.8 kB]
Get:25 http://localhost:9999/debian/ unstable/main po-debconf all 1.0.16+nmu2 [224 kB]
Get:26 http://localhost:9999/debian/ unstable/main debhelper all 9.20131227 [687 kB]
Get:27 http://localhost:9999/debian/ unstable/main libtool amd64 2.4.2-1.6 [505 kB]
Get:28 http://localhost:9999/debian/ unstable/main dh-autoreconf all 9 [15.5 kB]
Get:29 http://localhost:9999/debian/ unstable/main libjasper-dev amd64 1.900.1-14 [570 kB]
Get:30 http://localhost:9999/debian/ unstable/main libjpeg8-dev amd64 8d-2 [217 kB]
Get:31 http://localhost:9999/debian/ unstable/main liblcms2-dev amd64 2.2+git20110628-2.3+b1 [2559 kB]
Get:32 http://localhost:9999/debian/ unstable/main pkg-config amd64 0.26-1 [59.5 kB]
debconf: delaying package configuration, since apt-utils is not installed
Fetched 14.1 MB in 0s (19.8 MB/s)
Selecting previously unselected package libpipeline1:amd64.
(Reading database ... 14105 files and directories currently installed.)
Preparing to unpack .../libpipeline1_1.2.6-1_amd64.deb ...
Unpacking libpipeline1:amd64 (1.2.6-1) ...
Selecting previously unselected package libpopt0:amd64.
Preparing to unpack .../libpopt0_1.16-8_amd64.deb ...
Unpacking libpopt0:amd64 (1.16-8) ...
Selecting previously unselected package groff-base.
Preparing to unpack .../groff-base_1.22.2-3_amd64.deb ...
Unpacking groff-base (1.22.2-3) ...
Selecting previously unselected package bsdmainutils.
Preparing to unpack .../bsdmainutils_9.0.5_amd64.deb ...
Unpacking bsdmainutils (9.0.5) ...
Selecting previously unselected package man-db.
Preparing to unpack .../man-db_2.6.5-3_amd64.deb ...
Unpacking man-db (2.6.5-3) ...
Selecting previously unselected package libasprintf0c2:amd64.
Preparing to unpack .../libasprintf0c2_0.18.3.1-2_amd64.deb ...
Unpacking libasprintf0c2:amd64 (0.18.3.1-2) ...
Selecting previously unselected package libmagic1:amd64.
Preparing to unpack .../libmagic1_1%3a5.14-2_amd64.deb ...
Unpacking libmagic1:amd64 (1:5.14-2) ...
Selecting previously unselected package libxml2:amd64.
Preparing to unpack .../libxml2_2.9.1+dfsg1-3_amd64.deb ...
Unpacking libxml2:amd64 (2.9.1+dfsg1-3) ...
Selecting previously unselected package libglib2.0-0:amd64.
Preparing to unpack .../libglib2.0-0_2.36.4-1_amd64.deb ...
Unpacking libglib2.0-0:amd64 (2.36.4-1) ...
Selecting previously unselected package libcroco3:amd64.
Preparing to unpack .../libcroco3_0.6.8-2_amd64.deb ...
Unpacking libcroco3:amd64 (0.6.8-2) ...
Selecting previously unselected package libjpeg8:amd64.
Preparing to unpack .../libjpeg8_8d-2_amd64.deb ...
Unpacking libjpeg8:amd64 (8d-2) ...
Selecting previously unselected package libjasper1:amd64.
Preparing to unpack .../libjasper1_1.900.1-14_amd64.deb ...
Unpacking libjasper1:amd64 (1.900.1-14) ...
Selecting previously unselected package liblcms2-2:amd64.
Preparing to unpack .../liblcms2-2_2.2+git20110628-2.3+b1_amd64.deb ...
Unpacking liblcms2-2:amd64 (2.2+git20110628-2.3+b1) ...
Selecting previously unselected package libsigsegv2:amd64.
Preparing to unpack .../libsigsegv2_2.10-2_amd64.deb ...
Unpacking libsigsegv2:amd64 (2.10-2) ...
Selecting previously unselected package libunistring0:amd64.
Preparing to unpack .../libunistring0_0.9.3-5_amd64.deb ...
Unpacking libunistring0:amd64 (0.9.3-5) ...
Selecting previously unselected package file.
Preparing to unpack .../file_1%3a5.14-2_amd64.deb ...
Unpacking file (1:5.14-2) ...
Selecting previously unselected package gettext-base.
Preparing to unpack .../gettext-base_0.18.3.1-2_amd64.deb ...
Unpacking gettext-base (0.18.3.1-2) ...
Selecting previously unselected package m4.
Preparing to unpack .../archives/m4_1.4.17-2_amd64.deb ...
Unpacking m4 (1.4.17-2) ...
Selecting previously unselected package autoconf.
Preparing to unpack .../autoconf_2.69-2_all.deb ...
Unpacking autoconf (2.69-2) ...
Selecting previously unselected package autotools-dev.
Preparing to unpack .../autotools-dev_20130810.1_all.deb ...
Unpacking autotools-dev (20130810.1) ...
Selecting previously unselected package automake.
Preparing to unpack .../automake_1%3a1.14.1-2_all.deb ...
Unpacking automake (1:1.14.1-2) ...
Selecting previously unselected package autopoint.
Preparing to unpack .../autopoint_0.18.3.1-2_all.deb ...
Unpacking autopoint (0.18.3.1-2) ...
Selecting previously unselected package gettext.
Preparing to unpack .../gettext_0.18.3.1-2_amd64.deb ...
Unpacking gettext (0.18.3.1-2) ...
Selecting previously unselected package intltool-debian.
Preparing to unpack .../intltool-debian_0.35.0+20060710.1_all.deb ...
Unpacking intltool-debian (0.35.0+20060710.1) ...
Selecting previously unselected package po-debconf.
Preparing to unpack .../po-debconf_1.0.16+nmu2_all.deb ...
Unpacking po-debconf (1.0.16+nmu2) ...
Selecting previously unselected package debhelper.
Preparing to unpack .../debhelper_9.20131227_all.deb ...
Unpacking debhelper (9.20131227) ...
Selecting previously unselected package libtool.
Preparing to unpack .../libtool_2.4.2-1.6_amd64.deb ...
Unpacking libtool (2.4.2-1.6) ...
Selecting previously unselected package dh-autoreconf.
Preparing to unpack .../dh-autoreconf_9_all.deb ...
Unpacking dh-autoreconf (9) ...
Selecting previously unselected package libjasper-dev.
Preparing to unpack .../libjasper-dev_1.900.1-14_amd64.deb ...
Unpacking libjasper-dev (1.900.1-14) ...
Selecting previously unselected package libjpeg8-dev:amd64.
Preparing to unpack .../libjpeg8-dev_8d-2_amd64.deb ...
Unpacking libjpeg8-dev:amd64 (8d-2) ...
Selecting previously unselected package liblcms2-dev:amd64.
Preparing to unpack .../liblcms2-dev_2.2+git20110628-2.3+b1_amd64.deb ...
Unpacking liblcms2-dev:amd64 (2.2+git20110628-2.3+b1) ...
Selecting previously unselected package pkg-config.
Preparing to unpack .../pkg-config_0.26-1_amd64.deb ...
Unpacking pkg-config (0.26-1) ...
Selecting previously unselected package sbuild-build-depends-libraw-dummy.
Preparing to unpack .../sbuild-build-depends-libraw-dummy.deb ...
Unpacking sbuild-build-depends-libraw-dummy (0.invalid.0) ...
Setting up libpipeline1:amd64 (1.2.6-1) ...
Setting up libpopt0:amd64 (1.16-8) ...
Setting up groff-base (1.22.2-3) ...
Setting up bsdmainutils (9.0.5) ...
update-alternatives: using /usr/bin/bsd-write to provide /usr/bin/write (write) in auto mode
update-alternatives: using /usr/bin/bsd-from to provide /usr/bin/from (from) in auto mode
Setting up man-db (2.6.5-3) ...
Not building database; man-db/auto-update is not 'true'.
Setting up libasprintf0c2:amd64 (0.18.3.1-2) ...
Setting up libmagic1:amd64 (1:5.14-2) ...
Setting up libxml2:amd64 (2.9.1+dfsg1-3) ...
Setting up libglib2.0-0:amd64 (2.36.4-1) ...
No schema files found: doing nothing.
Setting up libcroco3:amd64 (0.6.8-2) ...
Setting up libjpeg8:amd64 (8d-2) ...
Setting up libjasper1:amd64 (1.900.1-14) ...
Setting up liblcms2-2:amd64 (2.2+git20110628-2.3+b1) ...
Setting up libsigsegv2:amd64 (2.10-2) ...
Setting up libunistring0:amd64 (0.9.3-5) ...
Setting up file (1:5.14-2) ...
Setting up gettext-base (0.18.3.1-2) ...
Setting up m4 (1.4.17-2) ...
Setting up autoconf (2.69-2) ...
Setting up autotools-dev (20130810.1) ...
Setting up automake (1:1.14.1-2) ...
update-alternatives: using /usr/bin/automake-1.14 to provide /usr/bin/automake (automake) in auto mode
Setting up autopoint (0.18.3.1-2) ...
Setting up gettext (0.18.3.1-2) ...
Setting up intltool-debian (0.35.0+20060710.1) ...
Setting up po-debconf (1.0.16+nmu2) ...
Setting up debhelper (9.20131227) ...
Setting up libtool (2.4.2-1.6) ...
Setting up dh-autoreconf (9) ...
Setting up libjasper-dev (1.900.1-14) ...
Setting up libjpeg8-dev:amd64 (8d-2) ...
Setting up liblcms2-dev:amd64 (2.2+git20110628-2.3+b1) ...
Setting up pkg-config (0.26-1) ...
Setting up sbuild-build-depends-libraw-dummy (0.invalid.0) ...
Processing triggers for libc-bin (2.17-97) ...

┌──────────────────────────────────────────────────────────────────────────────┐
│ Build environment                                                            │
└──────────────────────────────────────────────────────────────────────────────┘

Kernel: Linux 2.6.32-5-xen-amd64 amd64 (x86_64)
Toolchain package versions: binutils_2.24-2 dpkg-dev_1.17.5 g++-4.6_4.6.4-5 g++-4.8_4.8.2-11 gcc-4.6_4.6.4-5 gcc-4.7_4.7.3-9 gcc-4.8_4.8.2-11 libc6-dev_2.17-97 libstdc++-4.8-dev_4.8.2-11 libstdc++6_4.8.2-11 libstdc++6-4.6-dev_4.6.4-5 linux-libc-dev_3.12.6-2
Package versions: apt_0.9.14.2 autoconf_2.69-2 automake_1:1.14.1-2 autopoint_0.18.3.1-2 autotools-dev_20130810.1 base-files_7.2 base-passwd_3.5.29 bash_4.2+dfsg-1 binutils_2.24-2 bsdmainutils_9.0.5 bsdutils_1:2.20.1-5.5 build-essential_11.6 bzip2_1.0.6-5 clang-3.4_1:3.4-1 coreutils_8.21-1 cpp_4:4.8.2-1 cpp-4.6_4.6.4-5 cpp-4.7_4.7.3-9 cpp-4.8_4.8.2-11 dash_0.5.7-3+nmu1 debconf_1.5.52 debconf-i18n_1.5.52 debfoster_2.7-1.2 debhelper_9.20131227 debian-archive-keyring_2012.4 debianutils_4.4 dh-autoreconf_9 diffutils_1:3.3-1 dpkg_1.17.5 dpkg-dev_1.17.5 e2fslibs_1.42.9-2 e2fsprogs_1.42.9-2 fakeroot_1.20-3 file_1:5.14-2 findutils_4.4.2-7 g++_4:4.8.2-1 g++-4.6_4.6.4-5 g++-4.8_4.8.2-11 gcc_4:4.8.2-1 gcc-4.4-base_4.4.7-6 gcc-4.5-base_4.5.4-1 gcc-4.6_4.6.4-5 gcc-4.6-base_4.6.4-5 gcc-4.7_4.7.3-9 gcc-4.7-base_4.7.3-9 gcc-4.8_4.8.2-11 gcc-4.8-base_4.8.2-11 gettext_0.18.3.1-2 gettext-base_0.18.3.1-2 gnupg_1.4.15-3 gpgv_1.4.15-3 grep_2.15-2 groff-base_1.22.2-3 gzip_1.6-3 hostname_3.15 initscripts_2.88dsf-45 insserv_1.14.0-5 intltool-debian_0.35.0+20060710.1 libacl1_2.2.52-1 libapt-pkg4.12_0.9.14.2 libarchive-extract-perl_0.70-1 libasan0_4.8.2-11 libasprintf0c2_0.18.3.1-2 libatomic1_4.8.2-11 libattr1_1:2.4.47-1 libaudit-common_1:2.3.2-3 libaudit1_1:2.3.2-3 libblkid1_2.20.1-5.5 libbz2-1.0_1.0.6-5 libc-bin_2.17-97 libc-dev-bin_2.17-97 libc6_2.17-97 libc6-dev_2.17-97 libcap2_1:2.22-1.2 libclang-common-3.4-dev_1:3.4-1 libclang1-3.4_1:3.4-1 libclass-isa-perl_0.36-5 libcloog-isl4_0.18.1-3 libcloog-ppl1_0.16.1-4 libcomerr2_1.42.9-2 libcroco3_0.6.8-2 libdb5.1_5.1.29-7 libdpkg-perl_1.17.5 libfakeroot_1.20-3 libffi6_3.0.13-10 libfile-fcntllock-perl_0.14-2+b1 libgc1c2_1:7.2d-6 libgcc-4.7-dev_4.7.3-9 libgcc-4.8-dev_4.8.2-11 libgcc1_1:4.8.2-11 libgdbm3_1.8.3-12 libglib2.0-0_2.36.4-1 libgmp10_2:5.1.3+dfsg-1 libgmpxx4ldbl_2:5.1.3+dfsg-1 libgomp1_4.8.2-11 libgpm2_1.20.4-6.1 libisl10_0.12.1-2 libitm1_4.8.2-11 libjasper-dev_1.900.1-14 libjasper1_1.900.1-14 libjpeg8_8d-2 libjpeg8-dev_8d-2 liblcms2-2_2.2+git20110628-2.3+b1 liblcms2-dev_2.2+git20110628-2.3+b1 libllvm3.4_1:3.4-1 liblocale-gettext-perl_1.05-7+b2 liblog-message-simple-perl_0.10-1 liblzma5_5.1.1alpha+20120614-2 libmagic1_1:5.14-2 libmodule-pluggable-perl_4.8-1 libmount1_2.20.1-5.5 libmpc2_0.9-4 libmpc3_1.0.1-1 libmpfr4_3.1.2-1 libncurses5_5.9+20130608-1 libobjc-4.8-dev_4.8.2-11 libobjc4_4.8.2-11 libpam-modules_1.1.3-10 libpam-modules-bin_1.1.3-10 libpam-runtime_1.1.3-10 libpam0g_1.1.3-10 libpcre3_1:8.31-2 libpipeline1_1.2.6-1 libpod-latex-perl_0.61-1 libpopt0_1.16-8 libppl-c4_1:1.0-7 libppl12_1:1.0-7 libquadmath0_4.8.2-11 libreadline6_6.2+dfsg-0.1 libselinux1_2.2.1-1 libsemanage-common_2.2-1 libsemanage1_2.2-1 libsepol1_2.2-1 libsigsegv2_2.10-2 libslang2_2.2.4-16 libss2_1.42.9-2 libstdc++-4.8-dev_4.8.2-11 libstdc++6_4.8.2-11 libstdc++6-4.6-dev_4.6.4-5 libswitch-perl_2.16-2 libterm-ui-perl_0.42-1 libtext-charwidth-perl_0.04-7+b2 libtext-iconv-perl_1.7-5+b1 libtext-soundex-perl_3.4-1+b1 libtext-wrapi18n-perl_0.06-7 libtimedate-perl_2.3000-1 libtinfo5_5.9+20130608-1 libtool_2.4.2-1.6 libtsan0_4.8.2-11 libunistring0_0.9.3-5 libusb-0.1-4_2:0.1.12-23.3 libustr-1.0-1_1.0.4-3 libuuid1_2.20.1-5.5 libxml2_2.9.1+dfsg1-3 linux-libc-dev_3.12.6-2 login_1:4.1.5.1-1 lsb-base_4.1+Debian12 m4_1.4.17-2 make_3.81-8.3 man-db_2.6.5-3 mawk_1.3.3-17 mount_2.20.1-5.5 multiarch-support_2.17-97 ncurses-base_5.9+20130608-1 ncurses-bin_5.9+20130608-1 passwd_1:4.1.5.1-1 patch_2.7.1-4 perl_5.18.1-5 perl-base_5.18.1-5 perl-modules_5.18.1-5 pkg-config_0.26-1 po-debconf_1.0.16+nmu2 readline-common_6.2+dfsg-0.1 sbuild-build-depends-core-dummy_0.invalid.0 sbuild-build-depends-libraw-dummy_0.invalid.0 sed_4.2.2-3 sensible-utils_0.0.9 sudo_1.8.8-2 sysv-rc_2.88dsf-45 sysvinit_2.88dsf-45 sysvinit-core_2.88dsf-45 sysvinit-utils_2.88dsf-45 tar_1.27-4 tzdata_2013i-1 ucf_3.0027+nmu1 util-linux_2.20.1-5.5 vim_2:7.4.052-1 vim-common_2:7.4.052-1 vim-runtime_2:7.4.052-1 xz-utils_5.1.1alpha+20120614-2 zlib1g_1:1.2.8.dfsg-1

┌──────────────────────────────────────────────────────────────────────────────┐
│ Build                                                                        │
└──────────────────────────────────────────────────────────────────────────────┘


Unpack source
─────────────

gpgv: keyblock resource `/sbuild-nonexistent/.gnupg/trustedkeys.gpg': file open error
gpgv: Signature made Sat Oct  5 16:15:10 2013 UTC using RSA key ID EBE2F31F
gpgv: Can't check signature: public key not found
dpkg-source: warning: failed to verify signature on ./libraw_0.15.4-1.dsc
dpkg-source: info: extracting libraw in libraw-0.15.4
dpkg-source: info: unpacking libraw_0.15.4.orig.tar.gz
dpkg-source: info: unpacking libraw_0.15.4-1.debian.tar.gz

Check disc space
────────────────

Sufficient free space for build

Hack binNMU version
───────────────────

Created changelog entry for binNMU version 0.15.4-1clang1

User Environment
────────────────

DEB_BUILD_OPTIONS=parallel=10
HOME=/sbuild-nonexistent
LOGNAME=user
PATH=/usr/local/sbin:/usr/local/bin:/usr/sbin:/usr/bin:/sbin:/bin:/usr/games
SCHROOT_ALIAS_NAME=unstable-amd64-sbuild
SCHROOT_CHROOT_NAME=unstable-amd64-sbuild
SCHROOT_COMMAND=env
SCHROOT_GID=1000
SCHROOT_GROUP=user
SCHROOT_SESSION_ID=unstable-amd64-sbuild-91417b04-8468-466b-8a64-5d57ea9641fa
SCHROOT_UID=1000
SCHROOT_USER=user
SHELL=/bin/sh
USER=user

dpkg-buildpackage
─────────────────

dpkg-buildpackage: source package libraw
dpkg-buildpackage: source version 0.15.4-1clang1
dpkg-buildpackage: source distribution unstable
 dpkg-source --before-build libraw-0.15.4
dpkg-buildpackage: host architecture amd64
 fakeroot debian/rules clean
dh clean --with autotools_dev,autoreconf
   dh_testdir
   dh_auto_clean
   dh_autotools-dev_restoreconfig
   dh_autoreconf_clean
   dh_clean
 debian/rules build-arch
dh build-arch --with autotools_dev,autoreconf
   dh_testdir -a
   dh_autotools-dev_updateconfig -a
   dh_autoreconf -a
libtoolize: putting auxiliary files in `.'.
libtoolize: copying file `./ltmain.sh'
libtoolize: putting macros in AC_CONFIG_MACRO_DIR, `m4'.
libtoolize: copying file `m4/libtool.m4'
libtoolize: copying file `m4/ltoptions.m4'
libtoolize: copying file `m4/ltsugar.m4'
libtoolize: copying file `m4/ltversion.m4'
libtoolize: copying file `m4/lt~obsolete.m4'
   debian/rules override_dh_auto_configure
make[1]: Entering directory `/«PKGBUILDDIR»'
dh_auto_configure -- --prefix=/usr	\
		--bindir=/usr/lib/libraw	\
		--enable-jpeg
configure: WARNING: unrecognized options: --disable-maintainer-mode
checking for a BSD-compatible install... /usr/bin/install -c
checking whether build environment is sane... yes
checking for a thread-safe mkdir -p... /bin/mkdir -p
checking for gawk... no
checking for mawk... mawk
checking whether make sets $(MAKE)... yes
checking whether make supports nested variables... yes
checking for g++... g++
checking whether the C++ compiler works... yes
checking for C++ compiler default output file name... a.out
checking for suffix of executables... 
checking whether we are cross compiling... no
checking for suffix of object files... o
checking whether we are using the GNU C++ compiler... yes
checking whether g++ accepts -g... yes
checking for style of include used by make... GNU
checking dependency style of g++... none
checking for gcc... gcc
checking whether we are using the GNU C compiler... yes
checking whether gcc accepts -g... yes
checking for gcc option to accept ISO C89... none needed
checking whether gcc understands -c and -o together... yes
checking dependency style of gcc... none
checking build system type... x86_64-pc-linux-gnu
checking host system type... x86_64-pc-linux-gnu
checking how to print strings... printf
checking for a sed that does not truncate output... /bin/sed
checking for grep that handles long lines and -e... /bin/grep
checking for egrep... /bin/grep -E
checking for fgrep... /bin/grep -F
checking for ld used by gcc... /usr/bin/ld
checking if the linker (/usr/bin/ld) is GNU ld... yes
checking for BSD- or MS-compatible name lister (nm)... /usr/bin/nm -B
checking the name lister (/usr/bin/nm -B) interface... BSD nm
checking whether ln -s works... yes
checking the maximum length of command line arguments... 3458764513820540925
checking whether the shell understands some XSI constructs... yes
checking whether the shell understands "+="... yes
checking how to convert x86_64-pc-linux-gnu file names to x86_64-pc-linux-gnu format... func_convert_file_noop
checking how to convert x86_64-pc-linux-gnu file names to toolchain format... func_convert_file_noop
checking for /usr/bin/ld option to reload object files... -r
checking for objdump... objdump
checking how to recognize dependent libraries... pass_all
checking for dlltool... no
checking how to associate runtime and link libraries... printf %s\n
checking for ar... ar
checking for archiver @FILE support... @
checking for strip... strip
checking for ranlib... ranlib
checking command to parse /usr/bin/nm -B output from gcc object... ok
checking for sysroot... no
checking for mt... no
checking if : is a manifest tool... no
checking how to run the C preprocessor... gcc -E
checking for ANSI C header files... yes
checking for sys/types.h... yes
checking for sys/stat.h... yes
checking for stdlib.h... yes
checking for string.h... yes
checking for memory.h... yes
checking for strings.h... yes
checking for inttypes.h... yes
checking for stdint.h... yes
checking for unistd.h... yes
checking for dlfcn.h... yes
checking for objdir... .libs
checking if gcc supports -fno-rtti -fno-exceptions... yes
checking for gcc option to produce PIC... -fPIC -DPIC
checking if gcc PIC flag -fPIC -DPIC works... yes
checking if gcc static flag -static works... yes
checking if gcc supports -c -o file.o... yes
checking if gcc supports -c -o file.o... (cached) yes
checking whether the gcc linker (/usr/bin/ld -m elf_x86_64) supports shared libraries... yes
checking whether -lc should be explicitly linked in... no
checking dynamic linker characteristics... GNU/Linux ld.so
checking how to hardcode library paths into programs... immediate
checking whether stripping libraries is possible... yes
checking if libtool supports shared libraries... yes
checking whether to build shared libraries... yes
checking whether to build static libraries... yes
checking how to run the C++ preprocessor... g++ -E
checking for ld used by g++... /usr/bin/ld -m elf_x86_64
checking if the linker (/usr/bin/ld -m elf_x86_64) is GNU ld... yes
checking whether the g++ linker (/usr/bin/ld -m elf_x86_64) supports shared libraries... yes
checking for g++ option to produce PIC... -fPIC -DPIC
checking if g++ PIC flag -fPIC -DPIC works... yes
checking if g++ static flag -static works... yes
checking if g++ supports -c -o file.o... yes
checking if g++ supports -c -o file.o... (cached) yes
checking whether the g++ linker (/usr/bin/ld -m elf_x86_64) supports shared libraries... yes
checking dynamic linker characteristics... (cached) GNU/Linux ld.so
checking how to hardcode library paths into programs... immediate
checking for OpenMP flag of C compiler... -fopenmp
checking for jpeg_stdio_src in -ljpeg... yes
checking jpeglib.h usability... yes
checking jpeglib.h presence... yes
checking for jpeglib.h... yes
checking for jpeg_mem_src in -ljpeg... yes
checking for jpeglib.h... (cached) yes
checking for jas_init in -ljasper... yes
checking jasper/jasper.h usability... yes
checking jasper/jasper.h presence... yes
checking for jasper/jasper.h... yes
checking for pkg-config... /usr/bin/pkg-config
checking pkg-config is at least version 0.9.0... yes
checking for LCMS2... yes
configure: WARNING: Unable to find working LibRaw-demosaic-pack-GPL2 in , disabling the feature. Use --enable-demosaic-pack-gpl2=directory to override
configure: WARNING: Unable to find working LibRaw-demosaic-pack-GPL3 in , disabling the feature. Use --enable-demosaic-pack-gpl3=directory to override
checking that generated files are newer than configure... done
configure: creating ./config.status
config.status: creating Makefile
config.status: creating libraw.pc
config.status: creating libraw_r.pc
config.status: executing depfiles commands
config.status: executing libtool commands
configure: WARNING: unrecognized options: --disable-maintainer-mode
make[1]: Leaving directory `/«PKGBUILDDIR»'
   dh_auto_build -a
make[1]: Entering directory `/«PKGBUILDDIR»'
/bin/bash ./libtool  --tag=CXX   --mode=compile g++ -DPACKAGE_NAME=\"LibRaw\" -DPACKAGE_TARNAME=\"libraw\" -DPACKAGE_VERSION=\"0.15.4\" -DPACKAGE_STRING=\"LibRaw\ 0.15.4\" -DPACKAGE_BUGREPORT=\"info@libraw.org\" -DPACKAGE_URL=\"http://www.libraw.org\" -DSTDC_HEADERS=1 -DHAVE_SYS_TYPES_H=1 -DHAVE_SYS_STAT_H=1 -DHAVE_STDLIB_H=1 -DHAVE_STRING_H=1 -DHAVE_MEMORY_H=1 -DHAVE_STRINGS_H=1 -DHAVE_INTTYPES_H=1 -DHAVE_STDINT_H=1 -DHAVE_UNISTD_H=1 -DHAVE_DLFCN_H=1 -DLT_OBJDIR=\".libs/\" -DHAVE_JPEGLIB_H=1 -DHAVE_JPEGLIB_H=1 -DHAVE_JASPER_JASPER_H=1 -I.   -D_FORTIFY_SOURCE=2 -I/usr/local/include -DUSE_JPEG -DUSE_JPEG8 -DUSE_JASPER   -DUSE_LCMS2  -g -O2 -fstack-protector --param=ssp-buffer-size=4 -Wformat -Werror=format-security -fopenmp -c -o internal/dcraw_common.lo internal/dcraw_common.cpp
libtool: compile:  g++ -DPACKAGE_NAME=\"LibRaw\" -DPACKAGE_TARNAME=\"libraw\" -DPACKAGE_VERSION=\"0.15.4\" "-DPACKAGE_STRING=\"LibRaw 0.15.4\"" -DPACKAGE_BUGREPORT=\"info@libraw.org\" -DPACKAGE_URL=\"http://www.libraw.org\" -DSTDC_HEADERS=1 -DHAVE_SYS_TYPES_H=1 -DHAVE_SYS_STAT_H=1 -DHAVE_STDLIB_H=1 -DHAVE_STRING_H=1 -DHAVE_MEMORY_H=1 -DHAVE_STRINGS_H=1 -DHAVE_INTTYPES_H=1 -DHAVE_STDINT_H=1 -DHAVE_UNISTD_H=1 -DHAVE_DLFCN_H=1 -DLT_OBJDIR=\".libs/\" -DHAVE_JPEGLIB_H=1 -DHAVE_JPEGLIB_H=1 -DHAVE_JASPER_JASPER_H=1 -I. -D_FORTIFY_SOURCE=2 -I/usr/local/include -DUSE_JPEG -DUSE_JPEG8 -DUSE_JASPER -DUSE_LCMS2 -g -O2 -fstack-protector --param=ssp-buffer-size=4 -Wformat -Werror=format-security -fopenmp -c internal/dcraw_common.cpp  -fPIC -DPIC -o internal/.libs/dcraw_common.o
clang: warning: argument unused during compilation: '-fopenmp'
internal/dcraw_common.cpp:932:4: warning: add explicit braces to avoid dangling else [-Wdangling-else]
          else ip[col][c] = (ip[col-width][c] + ip[col+width][c] + 1) >> 1;
          ^
internal/dcraw_common.cpp:7458:30: warning: use of logical '&&' with constant operand [-Wconstant-logical-operand]
      is_raw += (i = get4()) && 1;
                             ^  ~
internal/dcraw_common.cpp:7458:30: note: use '&' for a bitwise operation
      is_raw += (i = get4()) && 1;
                             ^~
                             &
internal/dcraw_common.cpp:7458:30: note: remove constant to silence this warning
      is_raw += (i = get4()) && 1;
                            ~^~~~
2 warnings generated.
libtool: compile:  g++ -DPACKAGE_NAME=\"LibRaw\" -DPACKAGE_TARNAME=\"libraw\" -DPACKAGE_VERSION=\"0.15.4\" "-DPACKAGE_STRING=\"LibRaw 0.15.4\"" -DPACKAGE_BUGREPORT=\"info@libraw.org\" -DPACKAGE_URL=\"http://www.libraw.org\" -DSTDC_HEADERS=1 -DHAVE_SYS_TYPES_H=1 -DHAVE_SYS_STAT_H=1 -DHAVE_STDLIB_H=1 -DHAVE_STRING_H=1 -DHAVE_MEMORY_H=1 -DHAVE_STRINGS_H=1 -DHAVE_INTTYPES_H=1 -DHAVE_STDINT_H=1 -DHAVE_UNISTD_H=1 -DHAVE_DLFCN_H=1 -DLT_OBJDIR=\".libs/\" -DHAVE_JPEGLIB_H=1 -DHAVE_JPEGLIB_H=1 -DHAVE_JASPER_JASPER_H=1 -I. -D_FORTIFY_SOURCE=2 -I/usr/local/include -DUSE_JPEG -DUSE_JPEG8 -DUSE_JASPER -DUSE_LCMS2 -g -O2 -fstack-protector --param=ssp-buffer-size=4 -Wformat -Werror=format-security -fopenmp -c internal/dcraw_common.cpp -o internal/dcraw_common.o >/dev/null 2>&1
/bin/bash ./libtool  --tag=CXX   --mode=compile g++ -DPACKAGE_NAME=\"LibRaw\" -DPACKAGE_TARNAME=\"libraw\" -DPACKAGE_VERSION=\"0.15.4\" -DPACKAGE_STRING=\"LibRaw\ 0.15.4\" -DPACKAGE_BUGREPORT=\"info@libraw.org\" -DPACKAGE_URL=\"http://www.libraw.org\" -DSTDC_HEADERS=1 -DHAVE_SYS_TYPES_H=1 -DHAVE_SYS_STAT_H=1 -DHAVE_STDLIB_H=1 -DHAVE_STRING_H=1 -DHAVE_MEMORY_H=1 -DHAVE_STRINGS_H=1 -DHAVE_INTTYPES_H=1 -DHAVE_STDINT_H=1 -DHAVE_UNISTD_H=1 -DHAVE_DLFCN_H=1 -DLT_OBJDIR=\".libs/\" -DHAVE_JPEGLIB_H=1 -DHAVE_JPEGLIB_H=1 -DHAVE_JASPER_JASPER_H=1 -I.   -D_FORTIFY_SOURCE=2 -I/usr/local/include -DUSE_JPEG -DUSE_JPEG8 -DUSE_JASPER   -DUSE_LCMS2  -g -O2 -fstack-protector --param=ssp-buffer-size=4 -Wformat -Werror=format-security -fopenmp -c -o internal/dcraw_fileio.lo internal/dcraw_fileio.cpp
libtool: compile:  g++ -DPACKAGE_NAME=\"LibRaw\" -DPACKAGE_TARNAME=\"libraw\" -DPACKAGE_VERSION=\"0.15.4\" "-DPACKAGE_STRING=\"LibRaw 0.15.4\"" -DPACKAGE_BUGREPORT=\"info@libraw.org\" -DPACKAGE_URL=\"http://www.libraw.org\" -DSTDC_HEADERS=1 -DHAVE_SYS_TYPES_H=1 -DHAVE_SYS_STAT_H=1 -DHAVE_STDLIB_H=1 -DHAVE_STRING_H=1 -DHAVE_MEMORY_H=1 -DHAVE_STRINGS_H=1 -DHAVE_INTTYPES_H=1 -DHAVE_STDINT_H=1 -DHAVE_UNISTD_H=1 -DHAVE_DLFCN_H=1 -DLT_OBJDIR=\".libs/\" -DHAVE_JPEGLIB_H=1 -DHAVE_JPEGLIB_H=1 -DHAVE_JASPER_JASPER_H=1 -I. -D_FORTIFY_SOURCE=2 -I/usr/local/include -DUSE_JPEG -DUSE_JPEG8 -DUSE_JASPER -DUSE_LCMS2 -g -O2 -fstack-protector --param=ssp-buffer-size=4 -Wformat -Werror=format-security -fopenmp -c internal/dcraw_fileio.cpp  -fPIC -DPIC -o internal/.libs/dcraw_fileio.o
clang: warning: argument unused during compilation: '-fopenmp'
internal/dcraw_fileio.cpp:142:5: warning: ignoring return value of function declared with warn_unused_result attribute [-Wunused-result]
    fread (pixel, 2, width, fp);
    ^~~~~  ~~~~~~~~~~~~~~~~~~~
internal/dcraw_fileio.cpp:198:5: warning: ignoring return value of function declared with warn_unused_result attribute [-Wunused-result]
    fread (&size, 4, 1, fp);
    ^~~~~  ~~~~~~~~~~~~~~~
internal/dcraw_fileio.cpp:202:5: warning: ignoring return value of function declared with warn_unused_result attribute [-Wunused-result]
    fread (oprof, 1, size, fp);
    ^~~~~  ~~~~~~~~~~~~~~~~~~
3 warnings generated.
libtool: compile:  g++ -DPACKAGE_NAME=\"LibRaw\" -DPACKAGE_TARNAME=\"libraw\" -DPACKAGE_VERSION=\"0.15.4\" "-DPACKAGE_STRING=\"LibRaw 0.15.4\"" -DPACKAGE_BUGREPORT=\"info@libraw.org\" -DPACKAGE_URL=\"http://www.libraw.org\" -DSTDC_HEADERS=1 -DHAVE_SYS_TYPES_H=1 -DHAVE_SYS_STAT_H=1 -DHAVE_STDLIB_H=1 -DHAVE_STRING_H=1 -DHAVE_MEMORY_H=1 -DHAVE_STRINGS_H=1 -DHAVE_INTTYPES_H=1 -DHAVE_STDINT_H=1 -DHAVE_UNISTD_H=1 -DHAVE_DLFCN_H=1 -DLT_OBJDIR=\".libs/\" -DHAVE_JPEGLIB_H=1 -DHAVE_JPEGLIB_H=1 -DHAVE_JASPER_JASPER_H=1 -I. -D_FORTIFY_SOURCE=2 -I/usr/local/include -DUSE_JPEG -DUSE_JPEG8 -DUSE_JASPER -DUSE_LCMS2 -g -O2 -fstack-protector --param=ssp-buffer-size=4 -Wformat -Werror=format-security -fopenmp -c internal/dcraw_fileio.cpp -o internal/dcraw_fileio.o >/dev/null 2>&1
/bin/bash ./libtool  --tag=CXX   --mode=compile g++ -DPACKAGE_NAME=\"LibRaw\" -DPACKAGE_TARNAME=\"libraw\" -DPACKAGE_VERSION=\"0.15.4\" -DPACKAGE_STRING=\"LibRaw\ 0.15.4\" -DPACKAGE_BUGREPORT=\"info@libraw.org\" -DPACKAGE_URL=\"http://www.libraw.org\" -DSTDC_HEADERS=1 -DHAVE_SYS_TYPES_H=1 -DHAVE_SYS_STAT_H=1 -DHAVE_STDLIB_H=1 -DHAVE_STRING_H=1 -DHAVE_MEMORY_H=1 -DHAVE_STRINGS_H=1 -DHAVE_INTTYPES_H=1 -DHAVE_STDINT_H=1 -DHAVE_UNISTD_H=1 -DHAVE_DLFCN_H=1 -DLT_OBJDIR=\".libs/\" -DHAVE_JPEGLIB_H=1 -DHAVE_JPEGLIB_H=1 -DHAVE_JASPER_JASPER_H=1 -I.   -D_FORTIFY_SOURCE=2 -I/usr/local/include -DUSE_JPEG -DUSE_JPEG8 -DUSE_JASPER   -DUSE_LCMS2  -g -O2 -fstack-protector --param=ssp-buffer-size=4 -Wformat -Werror=format-security -fopenmp -c -o internal/demosaic_packs.lo internal/demosaic_packs.cpp
libtool: compile:  g++ -DPACKAGE_NAME=\"LibRaw\" -DPACKAGE_TARNAME=\"libraw\" -DPACKAGE_VERSION=\"0.15.4\" "-DPACKAGE_STRING=\"LibRaw 0.15.4\"" -DPACKAGE_BUGREPORT=\"info@libraw.org\" -DPACKAGE_URL=\"http://www.libraw.org\" -DSTDC_HEADERS=1 -DHAVE_SYS_TYPES_H=1 -DHAVE_SYS_STAT_H=1 -DHAVE_STDLIB_H=1 -DHAVE_STRING_H=1 -DHAVE_MEMORY_H=1 -DHAVE_STRINGS_H=1 -DHAVE_INTTYPES_H=1 -DHAVE_STDINT_H=1 -DHAVE_UNISTD_H=1 -DHAVE_DLFCN_H=1 -DLT_OBJDIR=\".libs/\" -DHAVE_JPEGLIB_H=1 -DHAVE_JPEGLIB_H=1 -DHAVE_JASPER_JASPER_H=1 -I. -D_FORTIFY_SOURCE=2 -I/usr/local/include -DUSE_JPEG -DUSE_JPEG8 -DUSE_JASPER -DUSE_LCMS2 -g -O2 -fstack-protector --param=ssp-buffer-size=4 -Wformat -Werror=format-security -fopenmp -c internal/demosaic_packs.cpp  -fPIC -DPIC -o internal/.libs/demosaic_packs.o
clang: warning: argument unused during compilation: '-fopenmp'
In file included from internal/demosaic_packs.cpp:38:
internal/./wf_filtering.cpp:686:1: warning: control may reach end of non-void function [-Wreturn-type]
}
^
internal/./wf_filtering.cpp:1169:33: warning: & has lower precedence than ==; == will be evaluated first [-Wparentheses]
                int padding = i<2 && (S.width & 1 == 1) ? 1 : 0;
                                              ^~~~~~~~
internal/./wf_filtering.cpp:1169:33: note: place parentheses around the '==' expression to silence this warning
                int padding = i<2 && (S.width & 1 == 1) ? 1 : 0;
                                              ^
                                                (     )
internal/./wf_filtering.cpp:1169:33: note: place parentheses around the & expression to evaluate it first
                int padding = i<2 && (S.width & 1 == 1) ? 1 : 0;
                                      ~~~~~~~~^~~
internal/./wf_filtering.cpp:1332:34: warning: & has lower precedence than ==; == will be evaluated first [-Wparentheses]
                int padding = i<2 && (S.height & 1 == 1) ? 1 : 0;
                                               ^~~~~~~~
internal/./wf_filtering.cpp:1332:34: note: place parentheses around the '==' expression to silence this warning
                int padding = i<2 && (S.height & 1 == 1) ? 1 : 0;
                                               ^
                                                 (     )
internal/./wf_filtering.cpp:1332:34: note: place parentheses around the & expression to evaluate it first
                int padding = i<2 && (S.height & 1 == 1) ? 1 : 0;
                                      ~~~~~~~~~^~~
internal/./wf_filtering.cpp:1623:15: warning: & has lower precedence than ==; == will be evaluated first [-Wparentheses]
                if (S.width & 1 == 1)
                            ^~~~~~~~
internal/./wf_filtering.cpp:1623:15: note: place parentheses around the '==' expression to silence this warning
                if (S.width & 1 == 1)
                            ^
                              (     )
internal/./wf_filtering.cpp:1623:15: note: place parentheses around the & expression to evaluate it first
                if (S.width & 1 == 1)
                    ~~~~~~~~^~~
internal/./wf_filtering.cpp:1682:35: warning: & has lower precedence than ==; == will be evaluated first [-Wparentheses]
                                int padding = i<2 && (S.width & 1 == 1) ? 1 : 0;
                                                              ^~~~~~~~
internal/./wf_filtering.cpp:1682:35: note: place parentheses around the '==' expression to silence this warning
                                int padding = i<2 && (S.width & 1 == 1) ? 1 : 0;
                                                              ^
                                                                (     )
internal/./wf_filtering.cpp:1682:35: note: place parentheses around the & expression to evaluate it first
                                int padding = i<2 && (S.width & 1 == 1) ? 1 : 0;
                                                      ~~~~~~~~^~~
internal/./wf_filtering.cpp:1703:17: warning: & has lower precedence than ==; == will be evaluated first [-Wparentheses]
                                if (S.width & 1 == 1)
                                            ^~~~~~~~
internal/./wf_filtering.cpp:1703:17: note: place parentheses around the '==' expression to silence this warning
                                if (S.width & 1 == 1)
                                            ^
                                              (     )
internal/./wf_filtering.cpp:1703:17: note: place parentheses around the & expression to evaluate it first
                                if (S.width & 1 == 1)
                                    ~~~~~~~~^~~
internal/./wf_filtering.cpp:1720:17: warning: & has lower precedence than ==; == will be evaluated first [-Wparentheses]
                                if (S.width & 1 == 1)
                                            ^~~~~~~~
internal/./wf_filtering.cpp:1720:17: note: place parentheses around the '==' expression to silence this warning
                                if (S.width & 1 == 1)
                                            ^
                                              (     )
internal/./wf_filtering.cpp:1720:17: note: place parentheses around the & expression to evaluate it first
                                if (S.width & 1 == 1)
                                    ~~~~~~~~^~~
internal/./wf_filtering.cpp:1759:15: warning: & has lower precedence than ==; == will be evaluated first [-Wparentheses]
                if (S.width & 1 == 1)
                            ^~~~~~~~
internal/./wf_filtering.cpp:1759:15: note: place parentheses around the '==' expression to silence this warning
                if (S.width & 1 == 1)
                            ^
                              (     )
internal/./wf_filtering.cpp:1759:15: note: place parentheses around the & expression to evaluate it first
                if (S.width & 1 == 1)
                    ~~~~~~~~^~~
internal/./wf_filtering.cpp:1798:16: warning: & has lower precedence than ==; == will be evaluated first [-Wparentheses]
                if (S.height & 1 == 1)
                             ^~~~~~~~
internal/./wf_filtering.cpp:1798:16: note: place parentheses around the '==' expression to silence this warning
                if (S.height & 1 == 1)
                             ^
                               (     )
internal/./wf_filtering.cpp:1798:16: note: place parentheses around the & expression to evaluate it first
                if (S.height & 1 == 1)
                    ~~~~~~~~~^~~
internal/./wf_filtering.cpp:1857:38: warning: & has lower precedence than ==; == will be evaluated first [-Wparentheses]
                                int padding = (i<2) && (S.height & 1 == 1) ? 1 : 0;
                                                                 ^~~~~~~~
internal/./wf_filtering.cpp:1857:38: note: place parentheses around the '==' expression to silence this warning
                                int padding = (i<2) && (S.height & 1 == 1) ? 1 : 0;
                                                                 ^
                                                                   (     )
internal/./wf_filtering.cpp:1857:38: note: place parentheses around the & expression to evaluate it first
                                int padding = (i<2) && (S.height & 1 == 1) ? 1 : 0;
                                                        ~~~~~~~~~^~~
internal/./wf_filtering.cpp:1878:18: warning: & has lower precedence than ==; == will be evaluated first [-Wparentheses]
                                if (S.height & 1 == 1)
                                             ^~~~~~~~
internal/./wf_filtering.cpp:1878:18: note: place parentheses around the '==' expression to silence this warning
                                if (S.height & 1 == 1)
                                             ^
                                               (     )
internal/./wf_filtering.cpp:1878:18: note: place parentheses around the & expression to evaluate it first
                                if (S.height & 1 == 1)
                                    ~~~~~~~~~^~~
internal/./wf_filtering.cpp:1895:18: warning: & has lower precedence than ==; == will be evaluated first [-Wparentheses]
                                if (S.height & 1 == 1)
                                             ^~~~~~~~
internal/./wf_filtering.cpp:1895:18: note: place parentheses around the '==' expression to silence this warning
                                if (S.height & 1 == 1)
                                             ^
                                               (     )
internal/./wf_filtering.cpp:1895:18: note: place parentheses around the & expression to evaluate it first
                                if (S.height & 1 == 1)
                                    ~~~~~~~~~^~~
internal/./wf_filtering.cpp:1934:16: warning: & has lower precedence than ==; == will be evaluated first [-Wparentheses]
                if (S.height & 1 == 1)
                             ^~~~~~~~
internal/./wf_filtering.cpp:1934:16: note: place parentheses around the '==' expression to silence this warning
                if (S.height & 1 == 1)
                             ^
                               (     )
internal/./wf_filtering.cpp:1934:16: note: place parentheses around the & expression to evaluate it first
                if (S.height & 1 == 1)
                    ~~~~~~~~~^~~
13 warnings generated.
libtool: compile:  g++ -DPACKAGE_NAME=\"LibRaw\" -DPACKAGE_TARNAME=\"libraw\" -DPACKAGE_VERSION=\"0.15.4\" "-DPACKAGE_STRING=\"LibRaw 0.15.4\"" -DPACKAGE_BUGREPORT=\"info@libraw.org\" -DPACKAGE_URL=\"http://www.libraw.org\" -DSTDC_HEADERS=1 -DHAVE_SYS_TYPES_H=1 -DHAVE_SYS_STAT_H=1 -DHAVE_STDLIB_H=1 -DHAVE_STRING_H=1 -DHAVE_MEMORY_H=1 -DHAVE_STRINGS_H=1 -DHAVE_INTTYPES_H=1 -DHAVE_STDINT_H=1 -DHAVE_UNISTD_H=1 -DHAVE_DLFCN_H=1 -DLT_OBJDIR=\".libs/\" -DHAVE_JPEGLIB_H=1 -DHAVE_JPEGLIB_H=1 -DHAVE_JASPER_JASPER_H=1 -I. -D_FORTIFY_SOURCE=2 -I/usr/local/include -DUSE_JPEG -DUSE_JPEG8 -DUSE_JASPER -DUSE_LCMS2 -g -O2 -fstack-protector --param=ssp-buffer-size=4 -Wformat -Werror=format-security -fopenmp -c internal/demosaic_packs.cpp -o internal/demosaic_packs.o >/dev/null 2>&1
/bin/bash ./libtool  --tag=CXX   --mode=compile g++ -DPACKAGE_NAME=\"LibRaw\" -DPACKAGE_TARNAME=\"libraw\" -DPACKAGE_VERSION=\"0.15.4\" -DPACKAGE_STRING=\"LibRaw\ 0.15.4\" -DPACKAGE_BUGREPORT=\"info@libraw.org\" -DPACKAGE_URL=\"http://www.libraw.org\" -DSTDC_HEADERS=1 -DHAVE_SYS_TYPES_H=1 -DHAVE_SYS_STAT_H=1 -DHAVE_STDLIB_H=1 -DHAVE_STRING_H=1 -DHAVE_MEMORY_H=1 -DHAVE_STRINGS_H=1 -DHAVE_INTTYPES_H=1 -DHAVE_STDINT_H=1 -DHAVE_UNISTD_H=1 -DHAVE_DLFCN_H=1 -DLT_OBJDIR=\".libs/\" -DHAVE_JPEGLIB_H=1 -DHAVE_JPEGLIB_H=1 -DHAVE_JASPER_JASPER_H=1 -I.   -D_FORTIFY_SOURCE=2 -I/usr/local/include -DUSE_JPEG -DUSE_JPEG8 -DUSE_JASPER   -DUSE_LCMS2  -g -O2 -fstack-protector --param=ssp-buffer-size=4 -Wformat -Werror=format-security -fopenmp -c -o src/libraw_cxx.lo src/libraw_cxx.cpp
libtool: compile:  g++ -DPACKAGE_NAME=\"LibRaw\" -DPACKAGE_TARNAME=\"libraw\" -DPACKAGE_VERSION=\"0.15.4\" "-DPACKAGE_STRING=\"LibRaw 0.15.4\"" -DPACKAGE_BUGREPORT=\"info@libraw.org\" -DPACKAGE_URL=\"http://www.libraw.org\" -DSTDC_HEADERS=1 -DHAVE_SYS_TYPES_H=1 -DHAVE_SYS_STAT_H=1 -DHAVE_STDLIB_H=1 -DHAVE_STRING_H=1 -DHAVE_MEMORY_H=1 -DHAVE_STRINGS_H=1 -DHAVE_INTTYPES_H=1 -DHAVE_STDINT_H=1 -DHAVE_UNISTD_H=1 -DHAVE_DLFCN_H=1 -DLT_OBJDIR=\".libs/\" -DHAVE_JPEGLIB_H=1 -DHAVE_JPEGLIB_H=1 -DHAVE_JASPER_JASPER_H=1 -I. -D_FORTIFY_SOURCE=2 -I/usr/local/include -DUSE_JPEG -DUSE_JPEG8 -DUSE_JASPER -DUSE_LCMS2 -g -O2 -fstack-protector --param=ssp-buffer-size=4 -Wformat -Werror=format-security -fopenmp -c src/libraw_cxx.cpp  -fPIC -DPIC -o src/.libs/libraw_cxx.o
clang: warning: argument unused during compilation: '-fopenmp'
libtool: compile:  g++ -DPACKAGE_NAME=\"LibRaw\" -DPACKAGE_TARNAME=\"libraw\" -DPACKAGE_VERSION=\"0.15.4\" "-DPACKAGE_STRING=\"LibRaw 0.15.4\"" -DPACKAGE_BUGREPORT=\"info@libraw.org\" -DPACKAGE_URL=\"http://www.libraw.org\" -DSTDC_HEADERS=1 -DHAVE_SYS_TYPES_H=1 -DHAVE_SYS_STAT_H=1 -DHAVE_STDLIB_H=1 -DHAVE_STRING_H=1 -DHAVE_MEMORY_H=1 -DHAVE_STRINGS_H=1 -DHAVE_INTTYPES_H=1 -DHAVE_STDINT_H=1 -DHAVE_UNISTD_H=1 -DHAVE_DLFCN_H=1 -DLT_OBJDIR=\".libs/\" -DHAVE_JPEGLIB_H=1 -DHAVE_JPEGLIB_H=1 -DHAVE_JASPER_JASPER_H=1 -I. -D_FORTIFY_SOURCE=2 -I/usr/local/include -DUSE_JPEG -DUSE_JPEG8 -DUSE_JASPER -DUSE_LCMS2 -g -O2 -fstack-protector --param=ssp-buffer-size=4 -Wformat -Werror=format-security -fopenmp -c src/libraw_cxx.cpp -o src/libraw_cxx.o >/dev/null 2>&1
/bin/bash ./libtool  --tag=CXX   --mode=compile g++ -DPACKAGE_NAME=\"LibRaw\" -DPACKAGE_TARNAME=\"libraw\" -DPACKAGE_VERSION=\"0.15.4\" -DPACKAGE_STRING=\"LibRaw\ 0.15.4\" -DPACKAGE_BUGREPORT=\"info@libraw.org\" -DPACKAGE_URL=\"http://www.libraw.org\" -DSTDC_HEADERS=1 -DHAVE_SYS_TYPES_H=1 -DHAVE_SYS_STAT_H=1 -DHAVE_STDLIB_H=1 -DHAVE_STRING_H=1 -DHAVE_MEMORY_H=1 -DHAVE_STRINGS_H=1 -DHAVE_INTTYPES_H=1 -DHAVE_STDINT_H=1 -DHAVE_UNISTD_H=1 -DHAVE_DLFCN_H=1 -DLT_OBJDIR=\".libs/\" -DHAVE_JPEGLIB_H=1 -DHAVE_JPEGLIB_H=1 -DHAVE_JASPER_JASPER_H=1 -I.   -D_FORTIFY_SOURCE=2 -I/usr/local/include -DUSE_JPEG -DUSE_JPEG8 -DUSE_JASPER   -DUSE_LCMS2  -g -O2 -fstack-protector --param=ssp-buffer-size=4 -Wformat -Werror=format-security -fopenmp -c -o src/libraw_datastream.lo src/libraw_datastream.cpp
libtool: compile:  g++ -DPACKAGE_NAME=\"LibRaw\" -DPACKAGE_TARNAME=\"libraw\" -DPACKAGE_VERSION=\"0.15.4\" "-DPACKAGE_STRING=\"LibRaw 0.15.4\"" -DPACKAGE_BUGREPORT=\"info@libraw.org\" -DPACKAGE_URL=\"http://www.libraw.org\" -DSTDC_HEADERS=1 -DHAVE_SYS_TYPES_H=1 -DHAVE_SYS_STAT_H=1 -DHAVE_STDLIB_H=1 -DHAVE_STRING_H=1 -DHAVE_MEMORY_H=1 -DHAVE_STRINGS_H=1 -DHAVE_INTTYPES_H=1 -DHAVE_STDINT_H=1 -DHAVE_UNISTD_H=1 -DHAVE_DLFCN_H=1 -DLT_OBJDIR=\".libs/\" -DHAVE_JPEGLIB_H=1 -DHAVE_JPEGLIB_H=1 -DHAVE_JASPER_JASPER_H=1 -I. -D_FORTIFY_SOURCE=2 -I/usr/local/include -DUSE_JPEG -DUSE_JPEG8 -DUSE_JASPER -DUSE_LCMS2 -g -O2 -fstack-protector --param=ssp-buffer-size=4 -Wformat -Werror=format-security -fopenmp -c src/libraw_datastream.cpp  -fPIC -DPIC -o src/.libs/libraw_datastream.o
clang: warning: argument unused during compilation: '-fopenmp'
libtool: compile:  g++ -DPACKAGE_NAME=\"LibRaw\" -DPACKAGE_TARNAME=\"libraw\" -DPACKAGE_VERSION=\"0.15.4\" "-DPACKAGE_STRING=\"LibRaw 0.15.4\"" -DPACKAGE_BUGREPORT=\"info@libraw.org\" -DPACKAGE_URL=\"http://www.libraw.org\" -DSTDC_HEADERS=1 -DHAVE_SYS_TYPES_H=1 -DHAVE_SYS_STAT_H=1 -DHAVE_STDLIB_H=1 -DHAVE_STRING_H=1 -DHAVE_MEMORY_H=1 -DHAVE_STRINGS_H=1 -DHAVE_INTTYPES_H=1 -DHAVE_STDINT_H=1 -DHAVE_UNISTD_H=1 -DHAVE_DLFCN_H=1 -DLT_OBJDIR=\".libs/\" -DHAVE_JPEGLIB_H=1 -DHAVE_JPEGLIB_H=1 -DHAVE_JASPER_JASPER_H=1 -I. -D_FORTIFY_SOURCE=2 -I/usr/local/include -DUSE_JPEG -DUSE_JPEG8 -DUSE_JASPER -DUSE_LCMS2 -g -O2 -fstack-protector --param=ssp-buffer-size=4 -Wformat -Werror=format-security -fopenmp -c src/libraw_datastream.cpp -o src/libraw_datastream.o >/dev/null 2>&1
/bin/bash ./libtool  --tag=CXX   --mode=compile g++ -DPACKAGE_NAME=\"LibRaw\" -DPACKAGE_TARNAME=\"libraw\" -DPACKAGE_VERSION=\"0.15.4\" -DPACKAGE_STRING=\"LibRaw\ 0.15.4\" -DPACKAGE_BUGREPORT=\"info@libraw.org\" -DPACKAGE_URL=\"http://www.libraw.org\" -DSTDC_HEADERS=1 -DHAVE_SYS_TYPES_H=1 -DHAVE_SYS_STAT_H=1 -DHAVE_STDLIB_H=1 -DHAVE_STRING_H=1 -DHAVE_MEMORY_H=1 -DHAVE_STRINGS_H=1 -DHAVE_INTTYPES_H=1 -DHAVE_STDINT_H=1 -DHAVE_UNISTD_H=1 -DHAVE_DLFCN_H=1 -DLT_OBJDIR=\".libs/\" -DHAVE_JPEGLIB_H=1 -DHAVE_JPEGLIB_H=1 -DHAVE_JASPER_JASPER_H=1 -I.   -D_FORTIFY_SOURCE=2 -I/usr/local/include -DUSE_JPEG -DUSE_JPEG8 -DUSE_JASPER   -DUSE_LCMS2  -g -O2 -fstack-protector --param=ssp-buffer-size=4 -Wformat -Werror=format-security -fopenmp -c -o src/libraw_c_api.lo src/libraw_c_api.cpp
libtool: compile:  g++ -DPACKAGE_NAME=\"LibRaw\" -DPACKAGE_TARNAME=\"libraw\" -DPACKAGE_VERSION=\"0.15.4\" "-DPACKAGE_STRING=\"LibRaw 0.15.4\"" -DPACKAGE_BUGREPORT=\"info@libraw.org\" -DPACKAGE_URL=\"http://www.libraw.org\" -DSTDC_HEADERS=1 -DHAVE_SYS_TYPES_H=1 -DHAVE_SYS_STAT_H=1 -DHAVE_STDLIB_H=1 -DHAVE_STRING_H=1 -DHAVE_MEMORY_H=1 -DHAVE_STRINGS_H=1 -DHAVE_INTTYPES_H=1 -DHAVE_STDINT_H=1 -DHAVE_UNISTD_H=1 -DHAVE_DLFCN_H=1 -DLT_OBJDIR=\".libs/\" -DHAVE_JPEGLIB_H=1 -DHAVE_JPEGLIB_H=1 -DHAVE_JASPER_JASPER_H=1 -I. -D_FORTIFY_SOURCE=2 -I/usr/local/include -DUSE_JPEG -DUSE_JPEG8 -DUSE_JASPER -DUSE_LCMS2 -g -O2 -fstack-protector --param=ssp-buffer-size=4 -Wformat -Werror=format-security -fopenmp -c src/libraw_c_api.cpp  -fPIC -DPIC -o src/.libs/libraw_c_api.o
clang: warning: argument unused during compilation: '-fopenmp'
libtool: compile:  g++ -DPACKAGE_NAME=\"LibRaw\" -DPACKAGE_TARNAME=\"libraw\" -DPACKAGE_VERSION=\"0.15.4\" "-DPACKAGE_STRING=\"LibRaw 0.15.4\"" -DPACKAGE_BUGREPORT=\"info@libraw.org\" -DPACKAGE_URL=\"http://www.libraw.org\" -DSTDC_HEADERS=1 -DHAVE_SYS_TYPES_H=1 -DHAVE_SYS_STAT_H=1 -DHAVE_STDLIB_H=1 -DHAVE_STRING_H=1 -DHAVE_MEMORY_H=1 -DHAVE_STRINGS_H=1 -DHAVE_INTTYPES_H=1 -DHAVE_STDINT_H=1 -DHAVE_UNISTD_H=1 -DHAVE_DLFCN_H=1 -DLT_OBJDIR=\".libs/\" -DHAVE_JPEGLIB_H=1 -DHAVE_JPEGLIB_H=1 -DHAVE_JASPER_JASPER_H=1 -I. -D_FORTIFY_SOURCE=2 -I/usr/local/include -DUSE_JPEG -DUSE_JPEG8 -DUSE_JASPER -DUSE_LCMS2 -g -O2 -fstack-protector --param=ssp-buffer-size=4 -Wformat -Werror=format-security -fopenmp -c src/libraw_c_api.cpp -o src/libraw_c_api.o >/dev/null 2>&1
/bin/bash ./libtool  --tag=CXX   --mode=link g++  -g -O2 -fstack-protector --param=ssp-buffer-size=4 -Wformat -Werror=format-security -fopenmp -no-undefined -version-info 9:0:0 -Wl,-z,relro -Wl,-z,defs -Wl,--as-needed -L/usr/local/lib -o lib/libraw.la -rpath /usr/lib/x86_64-linux-gnu internal/dcraw_common.lo internal/dcraw_fileio.lo internal/demosaic_packs.lo src/libraw_cxx.lo src/libraw_datastream.lo src/libraw_c_api.lo  -ljpeg -ljasper -llcms2   -lm -lstdc++
libtool: link: g++  -fPIC -DPIC -shared -nostdlib /usr/bin/../lib/gcc/x86_64-linux-gnu/4.8/../../../x86_64-linux-gnu/crti.o /usr/bin/../lib/gcc/x86_64-linux-gnu/4.8/crtbeginS.o  internal/.libs/dcraw_common.o internal/.libs/dcraw_fileio.o internal/.libs/demosaic_packs.o src/.libs/libraw_cxx.o src/.libs/libraw_datastream.o src/.libs/libraw_c_api.o   -L/usr/local/lib -ljpeg -ljasper -llcms2 -L/usr/bin/../lib/gcc/x86_64-linux-gnu/4.8 -L/usr/bin/../lib/gcc/x86_64-linux-gnu/4.8/../../../x86_64-linux-gnu -L/lib/x86_64-linux-gnu -L/lib/../lib64 -L/usr/lib/x86_64-linux-gnu -L/usr/bin/../lib/gcc/x86_64-linux-gnu/4.8/../../.. -L/lib -L/usr/lib -lstdc++ -lm -lc -lgcc_s /usr/bin/../lib/gcc/x86_64-linux-gnu/4.8/crtendS.o /usr/bin/../lib/gcc/x86_64-linux-gnu/4.8/../../../x86_64-linux-gnu/crtn.o  -O2 -fopenmp -Wl,-z -Wl,relro -Wl,-z -Wl,defs -Wl,--as-needed   -fopenmp -Wl,-soname -Wl,libraw.so.9 -o lib/.libs/libraw.so.9.0.0
libtool: link: (cd "lib/.libs" && rm -f "libraw.so.9" && ln -s "libraw.so.9.0.0" "libraw.so.9")
libtool: link: (cd "lib/.libs" && rm -f "libraw.so" && ln -s "libraw.so.9.0.0" "libraw.so")
libtool: link: ar cru lib/.libs/libraw.a  internal/dcraw_common.o internal/dcraw_fileio.o internal/demosaic_packs.o src/libraw_cxx.o src/libraw_datastream.o src/libraw_c_api.o
libtool: link: ranlib lib/.libs/libraw.a
libtool: link: ( cd "lib/.libs" && rm -f "libraw.la" && ln -s "../libraw.la" "libraw.la" )
/bin/bash ./libtool  --tag=CXX   --mode=link g++  -g -O2 -fstack-protector --param=ssp-buffer-size=4 -Wformat -Werror=format-security -fopenmp -no-undefined -version-info 9:0:0 -Wl,-z,relro -Wl,-z,defs -Wl,--as-needed -L/usr/local/lib -o lib/libraw_r.la -rpath /usr/lib/x86_64-linux-gnu internal/dcraw_common.lo internal/dcraw_fileio.lo internal/demosaic_packs.lo src/libraw_cxx.lo src/libraw_datastream.lo src/libraw_c_api.lo  -ljpeg -ljasper -llcms2   -lm -lstdc++
libtool: link: g++  -fPIC -DPIC -shared -nostdlib /usr/bin/../lib/gcc/x86_64-linux-gnu/4.8/../../../x86_64-linux-gnu/crti.o /usr/bin/../lib/gcc/x86_64-linux-gnu/4.8/crtbeginS.o  internal/.libs/dcraw_common.o internal/.libs/dcraw_fileio.o internal/.libs/demosaic_packs.o src/.libs/libraw_cxx.o src/.libs/libraw_datastream.o src/.libs/libraw_c_api.o   -L/usr/local/lib -ljpeg -ljasper -llcms2 -L/usr/bin/../lib/gcc/x86_64-linux-gnu/4.8 -L/usr/bin/../lib/gcc/x86_64-linux-gnu/4.8/../../../x86_64-linux-gnu -L/lib/x86_64-linux-gnu -L/lib/../lib64 -L/usr/lib/x86_64-linux-gnu -L/usr/bin/../lib/gcc/x86_64-linux-gnu/4.8/../../.. -L/lib -L/usr/lib -lstdc++ -lm -lc -lgcc_s /usr/bin/../lib/gcc/x86_64-linux-gnu/4.8/crtendS.o /usr/bin/../lib/gcc/x86_64-linux-gnu/4.8/../../../x86_64-linux-gnu/crtn.o  -O2 -fopenmp -Wl,-z -Wl,relro -Wl,-z -Wl,defs -Wl,--as-needed   -fopenmp -Wl,-soname -Wl,libraw_r.so.9 -o lib/.libs/libraw_r.so.9.0.0
libtool: link: (cd "lib/.libs" && rm -f "libraw_r.so.9" && ln -s "libraw_r.so.9.0.0" "libraw_r.so.9")
libtool: link: (cd "lib/.libs" && rm -f "libraw_r.so" && ln -s "libraw_r.so.9.0.0" "libraw_r.so")
libtool: link: ar cru lib/.libs/libraw_r.a  internal/dcraw_common.o internal/dcraw_fileio.o internal/demosaic_packs.o src/libraw_cxx.o src/libraw_datastream.o src/libraw_c_api.o
libtool: link: ranlib lib/.libs/libraw_r.a
libtool: link: ( cd "lib/.libs" && rm -f "libraw_r.la" && ln -s "../libraw_r.la" "libraw_r.la" )
g++ -DPACKAGE_NAME=\"LibRaw\" -DPACKAGE_TARNAME=\"libraw\" -DPACKAGE_VERSION=\"0.15.4\" -DPACKAGE_STRING=\"LibRaw\ 0.15.4\" -DPACKAGE_BUGREPORT=\"info@libraw.org\" -DPACKAGE_URL=\"http://www.libraw.org\" -DSTDC_HEADERS=1 -DHAVE_SYS_TYPES_H=1 -DHAVE_SYS_STAT_H=1 -DHAVE_STDLIB_H=1 -DHAVE_STRING_H=1 -DHAVE_MEMORY_H=1 -DHAVE_STRINGS_H=1 -DHAVE_INTTYPES_H=1 -DHAVE_STDINT_H=1 -DHAVE_UNISTD_H=1 -DHAVE_DLFCN_H=1 -DLT_OBJDIR=\".libs/\" -DHAVE_JPEGLIB_H=1 -DHAVE_JPEGLIB_H=1 -DHAVE_JASPER_JASPER_H=1 -I.  -DLIBRAW_NOTHREADS -w -D_FORTIFY_SOURCE=2 -I/usr/local/include -DUSE_JPEG -DUSE_JPEG8 -DUSE_JASPER   -DUSE_LCMS2  -g -O2 -fstack-protector --param=ssp-buffer-size=4 -Wformat -Werror=format-security -fopenmp -c -o samples/bin_raw_identify-raw-identify.o `test -f 'samples/raw-identify.cpp' || echo './'`samples/raw-identify.cpp
/bin/bash ./libtool  --tag=CXX   --mode=link g++  -g -O2 -fstack-protector --param=ssp-buffer-size=4 -Wformat -Werror=format-security -fopenmp  -Wl,-z,relro -Wl,-z,defs -Wl,--as-needed -L/usr/local/lib -o bin/raw-identify samples/bin_raw_identify-raw-identify.o lib/libraw.la -ljpeg -ljasper -llcms2   -lm -lstdc++
libtool: link: g++ -g -O2 -fstack-protector --param=ssp-buffer-size=4 -Wformat -Werror=format-security -fopenmp -Wl,-z -Wl,relro -Wl,-z -Wl,defs -Wl,--as-needed -o bin/.libs/raw-identify samples/bin_raw_identify-raw-identify.o  -L/usr/local/lib lib/.libs/libraw.so -ljpeg -ljasper -llcms2 -lm -lstdc++ -fopenmp
g++ -DPACKAGE_NAME=\"LibRaw\" -DPACKAGE_TARNAME=\"libraw\" -DPACKAGE_VERSION=\"0.15.4\" -DPACKAGE_STRING=\"LibRaw\ 0.15.4\" -DPACKAGE_BUGREPORT=\"info@libraw.org\" -DPACKAGE_URL=\"http://www.libraw.org\" -DSTDC_HEADERS=1 -DHAVE_SYS_TYPES_H=1 -DHAVE_SYS_STAT_H=1 -DHAVE_STDLIB_H=1 -DHAVE_STRING_H=1 -DHAVE_MEMORY_H=1 -DHAVE_STRINGS_H=1 -DHAVE_INTTYPES_H=1 -DHAVE_STDINT_H=1 -DHAVE_UNISTD_H=1 -DHAVE_DLFCN_H=1 -DLT_OBJDIR=\".libs/\" -DHAVE_JPEGLIB_H=1 -DHAVE_JPEGLIB_H=1 -DHAVE_JASPER_JASPER_H=1 -I.  -DLIBRAW_NOTHREADS -w -D_FORTIFY_SOURCE=2 -I/usr/local/include -DUSE_JPEG -DUSE_JPEG8 -DUSE_JASPER   -DUSE_LCMS2  -g -O2 -fstack-protector --param=ssp-buffer-size=4 -Wformat -Werror=format-security -fopenmp -c -o samples/bin_unprocessed_raw-unprocessed_raw.o `test -f 'samples/unprocessed_raw.cpp' || echo './'`samples/unprocessed_raw.cpp
/bin/bash ./libtool  --tag=CXX   --mode=link g++  -g -O2 -fstack-protector --param=ssp-buffer-size=4 -Wformat -Werror=format-security -fopenmp  -Wl,-z,relro -Wl,-z,defs -Wl,--as-needed -L/usr/local/lib -o bin/unprocessed_raw samples/bin_unprocessed_raw-unprocessed_raw.o lib/libraw.la -ljpeg -ljasper -llcms2   -lm -lstdc++
libtool: link: g++ -g -O2 -fstack-protector --param=ssp-buffer-size=4 -Wformat -Werror=format-security -fopenmp -Wl,-z -Wl,relro -Wl,-z -Wl,defs -Wl,--as-needed -o bin/.libs/unprocessed_raw samples/bin_unprocessed_raw-unprocessed_raw.o  -L/usr/local/lib lib/.libs/libraw.so -ljpeg -ljasper -llcms2 -lm -lstdc++ -fopenmp
g++ -DPACKAGE_NAME=\"LibRaw\" -DPACKAGE_TARNAME=\"libraw\" -DPACKAGE_VERSION=\"0.15.4\" -DPACKAGE_STRING=\"LibRaw\ 0.15.4\" -DPACKAGE_BUGREPORT=\"info@libraw.org\" -DPACKAGE_URL=\"http://www.libraw.org\" -DSTDC_HEADERS=1 -DHAVE_SYS_TYPES_H=1 -DHAVE_SYS_STAT_H=1 -DHAVE_STDLIB_H=1 -DHAVE_STRING_H=1 -DHAVE_MEMORY_H=1 -DHAVE_STRINGS_H=1 -DHAVE_INTTYPES_H=1 -DHAVE_STDINT_H=1 -DHAVE_UNISTD_H=1 -DHAVE_DLFCN_H=1 -DLT_OBJDIR=\".libs/\" -DHAVE_JPEGLIB_H=1 -DHAVE_JPEGLIB_H=1 -DHAVE_JASPER_JASPER_H=1 -I.  -DLIBRAW_NOTHREADS -w -D_FORTIFY_SOURCE=2 -I/usr/local/include -DUSE_JPEG -DUSE_JPEG8 -DUSE_JASPER   -DUSE_LCMS2  -g -O2 -fstack-protector --param=ssp-buffer-size=4 -Wformat -Werror=format-security -fopenmp -c -o samples/bin_4channels-4channels.o `test -f 'samples/4channels.cpp' || echo './'`samples/4channels.cpp
/bin/bash ./libtool  --tag=CXX   --mode=link g++  -g -O2 -fstack-protector --param=ssp-buffer-size=4 -Wformat -Werror=format-security -fopenmp  -Wl,-z,relro -Wl,-z,defs -Wl,--as-needed -L/usr/local/lib -o bin/4channels samples/bin_4channels-4channels.o lib/libraw.la -ljpeg -ljasper -llcms2   -lm -lstdc++
libtool: link: g++ -g -O2 -fstack-protector --param=ssp-buffer-size=4 -Wformat -Werror=format-security -fopenmp -Wl,-z -Wl,relro -Wl,-z -Wl,defs -Wl,--as-needed -o bin/.libs/4channels samples/bin_4channels-4channels.o  -L/usr/local/lib lib/.libs/libraw.so -ljpeg -ljasper -llcms2 -lm -lstdc++ -fopenmp
g++ -DPACKAGE_NAME=\"LibRaw\" -DPACKAGE_TARNAME=\"libraw\" -DPACKAGE_VERSION=\"0.15.4\" -DPACKAGE_STRING=\"LibRaw\ 0.15.4\" -DPACKAGE_BUGREPORT=\"info@libraw.org\" -DPACKAGE_URL=\"http://www.libraw.org\" -DSTDC_HEADERS=1 -DHAVE_SYS_TYPES_H=1 -DHAVE_SYS_STAT_H=1 -DHAVE_STDLIB_H=1 -DHAVE_STRING_H=1 -DHAVE_MEMORY_H=1 -DHAVE_STRINGS_H=1 -DHAVE_INTTYPES_H=1 -DHAVE_STDINT_H=1 -DHAVE_UNISTD_H=1 -DHAVE_DLFCN_H=1 -DLT_OBJDIR=\".libs/\" -DHAVE_JPEGLIB_H=1 -DHAVE_JPEGLIB_H=1 -DHAVE_JASPER_JASPER_H=1 -I.  -DLIBRAW_NOTHREADS -w -D_FORTIFY_SOURCE=2 -I/usr/local/include -DUSE_JPEG -DUSE_JPEG8 -DUSE_JASPER   -DUSE_LCMS2  -g -O2 -fstack-protector --param=ssp-buffer-size=4 -Wformat -Werror=format-security -fopenmp -c -o samples/bin_simple_dcraw-simple_dcraw.o `test -f 'samples/simple_dcraw.cpp' || echo './'`samples/simple_dcraw.cpp
/bin/bash ./libtool  --tag=CXX   --mode=link g++  -g -O2 -fstack-protector --param=ssp-buffer-size=4 -Wformat -Werror=format-security -fopenmp  -Wl,-z,relro -Wl,-z,defs -Wl,--as-needed -L/usr/local/lib -o bin/simple_dcraw samples/bin_simple_dcraw-simple_dcraw.o lib/libraw.la -ljpeg -ljasper -llcms2   -lm -lstdc++
libtool: link: g++ -g -O2 -fstack-protector --param=ssp-buffer-size=4 -Wformat -Werror=format-security -fopenmp -Wl,-z -Wl,relro -Wl,-z -Wl,defs -Wl,--as-needed -o bin/.libs/simple_dcraw samples/bin_simple_dcraw-simple_dcraw.o  -L/usr/local/lib lib/.libs/libraw.so -ljpeg -ljasper -llcms2 -lm -lstdc++ -fopenmp
g++ -DPACKAGE_NAME=\"LibRaw\" -DPACKAGE_TARNAME=\"libraw\" -DPACKAGE_VERSION=\"0.15.4\" -DPACKAGE_STRING=\"LibRaw\ 0.15.4\" -DPACKAGE_BUGREPORT=\"info@libraw.org\" -DPACKAGE_URL=\"http://www.libraw.org\" -DSTDC_HEADERS=1 -DHAVE_SYS_TYPES_H=1 -DHAVE_SYS_STAT_H=1 -DHAVE_STDLIB_H=1 -DHAVE_STRING_H=1 -DHAVE_MEMORY_H=1 -DHAVE_STRINGS_H=1 -DHAVE_INTTYPES_H=1 -DHAVE_STDINT_H=1 -DHAVE_UNISTD_H=1 -DHAVE_DLFCN_H=1 -DLT_OBJDIR=\".libs/\" -DHAVE_JPEGLIB_H=1 -DHAVE_JPEGLIB_H=1 -DHAVE_JASPER_JASPER_H=1 -I.  -DLIBRAW_NOTHREADS -w -D_FORTIFY_SOURCE=2 -I/usr/local/include -DUSE_JPEG -DUSE_JPEG8 -DUSE_JASPER   -DUSE_LCMS2  -g -O2 -fstack-protector --param=ssp-buffer-size=4 -Wformat -Werror=format-security -fopenmp -c -o samples/bin_mem_image-mem_image.o `test -f 'samples/mem_image.cpp' || echo './'`samples/mem_image.cpp
/bin/bash ./libtool  --tag=CXX   --mode=link g++  -g -O2 -fstack-protector --param=ssp-buffer-size=4 -Wformat -Werror=format-security -fopenmp  -Wl,-z,relro -Wl,-z,defs -Wl,--as-needed -L/usr/local/lib -o bin/mem_image samples/bin_mem_image-mem_image.o lib/libraw.la -ljpeg -ljasper -llcms2   -lm -lstdc++
libtool: link: g++ -g -O2 -fstack-protector --param=ssp-buffer-size=4 -Wformat -Werror=format-security -fopenmp -Wl,-z -Wl,relro -Wl,-z -Wl,defs -Wl,--as-needed -o bin/.libs/mem_image samples/bin_mem_image-mem_image.o  -L/usr/local/lib lib/.libs/libraw.so -ljpeg -ljasper -llcms2 -lm -lstdc++ -fopenmp
gcc -DPACKAGE_NAME=\"LibRaw\" -DPACKAGE_TARNAME=\"libraw\" -DPACKAGE_VERSION=\"0.15.4\" -DPACKAGE_STRING=\"LibRaw\ 0.15.4\" -DPACKAGE_BUGREPORT=\"info@libraw.org\" -DPACKAGE_URL=\"http://www.libraw.org\" -DSTDC_HEADERS=1 -DHAVE_SYS_TYPES_H=1 -DHAVE_SYS_STAT_H=1 -DHAVE_STDLIB_H=1 -DHAVE_STRING_H=1 -DHAVE_MEMORY_H=1 -DHAVE_STRINGS_H=1 -DHAVE_INTTYPES_H=1 -DHAVE_STDINT_H=1 -DHAVE_UNISTD_H=1 -DHAVE_DLFCN_H=1 -DLT_OBJDIR=\".libs/\" -DHAVE_JPEGLIB_H=1 -DHAVE_JPEGLIB_H=1 -DHAVE_JASPER_JASPER_H=1 -I.  -DLIBRAW_NOTHREADS -w -D_FORTIFY_SOURCE=2 -I/usr/local/include -DUSE_JPEG -DUSE_JPEG8 -DUSE_JASPER   -DUSE_LCMS2  -g -O2 -fstack-protector --param=ssp-buffer-size=4 -Wformat -Werror=format-security -fopenmp -c -o samples/bin_dcraw_half-dcraw_half.o `test -f 'samples/dcraw_half.c' || echo './'`samples/dcraw_half.c
/bin/bash ./libtool  --tag=CC   --mode=link gcc  -g -O2 -fstack-protector --param=ssp-buffer-size=4 -Wformat -Werror=format-security -fopenmp  -Wl,-z,relro -Wl,-z,defs -Wl,--as-needed -L/usr/local/lib -o bin/dcraw_half samples/bin_dcraw_half-dcraw_half.o lib/libraw.la -ljpeg -ljasper -llcms2   -lm -lstdc++
libtool: link: gcc -g -O2 -fstack-protector --param=ssp-buffer-size=4 -Wformat -Werror=format-security -fopenmp -Wl,-z -Wl,relro -Wl,-z -Wl,defs -Wl,--as-needed -o bin/.libs/dcraw_half samples/bin_dcraw_half-dcraw_half.o  -L/usr/local/lib lib/.libs/libraw.so -ljpeg -ljasper -llcms2 -lm -lstdc++ -fopenmp
gcc -DPACKAGE_NAME=\"LibRaw\" -DPACKAGE_TARNAME=\"libraw\" -DPACKAGE_VERSION=\"0.15.4\" -DPACKAGE_STRING=\"LibRaw\ 0.15.4\" -DPACKAGE_BUGREPORT=\"info@libraw.org\" -DPACKAGE_URL=\"http://www.libraw.org\" -DSTDC_HEADERS=1 -DHAVE_SYS_TYPES_H=1 -DHAVE_SYS_STAT_H=1 -DHAVE_STDLIB_H=1 -DHAVE_STRING_H=1 -DHAVE_MEMORY_H=1 -DHAVE_STRINGS_H=1 -DHAVE_INTTYPES_H=1 -DHAVE_STDINT_H=1 -DHAVE_UNISTD_H=1 -DHAVE_DLFCN_H=1 -DLT_OBJDIR=\".libs/\" -DHAVE_JPEGLIB_H=1 -DHAVE_JPEGLIB_H=1 -DHAVE_JASPER_JASPER_H=1 -I.   -D_FORTIFY_SOURCE=2 -I/usr/local/include -DUSE_JPEG -DUSE_JPEG8 -DUSE_JASPER   -DUSE_LCMS2 -pthread -w -g -O2 -fstack-protector --param=ssp-buffer-size=4 -Wformat -Werror=format-security -fopenmp -c -o samples/bin_half_mt-half_mt.o `test -f 'samples/half_mt.c' || echo './'`samples/half_mt.c
/bin/bash ./libtool  --tag=CC   --mode=link gcc -pthread -w -g -O2 -fstack-protector --param=ssp-buffer-size=4 -Wformat -Werror=format-security -fopenmp  -Wl,-z,relro -Wl,-z,defs -Wl,--as-needed -L/usr/local/lib -o bin/half_mt samples/bin_half_mt-half_mt.o lib/libraw_r.la -ljpeg -ljasper -llcms2   -lm -lstdc++
libtool: link: gcc -pthread -w -g -O2 -fstack-protector --param=ssp-buffer-size=4 -Wformat -Werror=format-security -fopenmp -Wl,-z -Wl,relro -Wl,-z -Wl,defs -Wl,--as-needed -o bin/.libs/half_mt samples/bin_half_mt-half_mt.o  -L/usr/local/lib lib/.libs/libraw_r.so -ljpeg -ljasper -llcms2 -lm -lstdc++ -fopenmp -pthread
g++ -DPACKAGE_NAME=\"LibRaw\" -DPACKAGE_TARNAME=\"libraw\" -DPACKAGE_VERSION=\"0.15.4\" -DPACKAGE_STRING=\"LibRaw\ 0.15.4\" -DPACKAGE_BUGREPORT=\"info@libraw.org\" -DPACKAGE_URL=\"http://www.libraw.org\" -DSTDC_HEADERS=1 -DHAVE_SYS_TYPES_H=1 -DHAVE_SYS_STAT_H=1 -DHAVE_STDLIB_H=1 -DHAVE_STRING_H=1 -DHAVE_MEMORY_H=1 -DHAVE_STRINGS_H=1 -DHAVE_INTTYPES_H=1 -DHAVE_STDINT_H=1 -DHAVE_UNISTD_H=1 -DHAVE_DLFCN_H=1 -DLT_OBJDIR=\".libs/\" -DHAVE_JPEGLIB_H=1 -DHAVE_JPEGLIB_H=1 -DHAVE_JASPER_JASPER_H=1 -I.  -DLIBRAW_NOTHREADS -w -D_FORTIFY_SOURCE=2 -I/usr/local/include -DUSE_JPEG -DUSE_JPEG8 -DUSE_JASPER   -DUSE_LCMS2  -g -O2 -fstack-protector --param=ssp-buffer-size=4 -Wformat -Werror=format-security -fopenmp -c -o samples/bin_multirender_test-multirender_test.o `test -f 'samples/multirender_test.cpp' || echo './'`samples/multirender_test.cpp
/bin/bash ./libtool  --tag=CXX   --mode=link g++  -g -O2 -fstack-protector --param=ssp-buffer-size=4 -Wformat -Werror=format-security -fopenmp  -Wl,-z,relro -Wl,-z,defs -Wl,--as-needed -L/usr/local/lib -o bin/multirender_test samples/bin_multirender_test-multirender_test.o lib/libraw.la -ljpeg -ljasper -llcms2   -lm -lstdc++
libtool: link: g++ -g -O2 -fstack-protector --param=ssp-buffer-size=4 -Wformat -Werror=format-security -fopenmp -Wl,-z -Wl,relro -Wl,-z -Wl,defs -Wl,--as-needed -o bin/.libs/multirender_test samples/bin_multirender_test-multirender_test.o  -L/usr/local/lib lib/.libs/libraw.so -ljpeg -ljasper -llcms2 -lm -lstdc++ -fopenmp
g++ -DPACKAGE_NAME=\"LibRaw\" -DPACKAGE_TARNAME=\"libraw\" -DPACKAGE_VERSION=\"0.15.4\" -DPACKAGE_STRING=\"LibRaw\ 0.15.4\" -DPACKAGE_BUGREPORT=\"info@libraw.org\" -DPACKAGE_URL=\"http://www.libraw.org\" -DSTDC_HEADERS=1 -DHAVE_SYS_TYPES_H=1 -DHAVE_SYS_STAT_H=1 -DHAVE_STDLIB_H=1 -DHAVE_STRING_H=1 -DHAVE_MEMORY_H=1 -DHAVE_STRINGS_H=1 -DHAVE_INTTYPES_H=1 -DHAVE_STDINT_H=1 -DHAVE_UNISTD_H=1 -DHAVE_DLFCN_H=1 -DLT_OBJDIR=\".libs/\" -DHAVE_JPEGLIB_H=1 -DHAVE_JPEGLIB_H=1 -DHAVE_JASPER_JASPER_H=1 -I.  -DLIBRAW_NOTHREADS -w -D_FORTIFY_SOURCE=2 -I/usr/local/include -DUSE_JPEG -DUSE_JPEG8 -DUSE_JASPER   -DUSE_LCMS2  -g -O2 -fstack-protector --param=ssp-buffer-size=4 -Wformat -Werror=format-security -fopenmp -c -o samples/bin_postprocessing_benchmark-postprocessing_benchmark.o `test -f 'samples/postprocessing_benchmark.cpp' || echo './'`samples/postprocessing_benchmark.cpp
/bin/bash ./libtool  --tag=CXX   --mode=link g++  -g -O2 -fstack-protector --param=ssp-buffer-size=4 -Wformat -Werror=format-security -fopenmp  -Wl,-z,relro -Wl,-z,defs -Wl,--as-needed -L/usr/local/lib -o bin/postprocessing_benchmark samples/bin_postprocessing_benchmark-postprocessing_benchmark.o lib/libraw.la -ljpeg -ljasper -llcms2   -lm -lstdc++
libtool: link: g++ -g -O2 -fstack-protector --param=ssp-buffer-size=4 -Wformat -Werror=format-security -fopenmp -Wl,-z -Wl,relro -Wl,-z -Wl,defs -Wl,--as-needed -o bin/.libs/postprocessing_benchmark samples/bin_postprocessing_benchmark-postprocessing_benchmark.o  -L/usr/local/lib lib/.libs/libraw.so -ljpeg -ljasper -llcms2 -lm -lstdc++ -fopenmp
g++ -DPACKAGE_NAME=\"LibRaw\" -DPACKAGE_TARNAME=\"libraw\" -DPACKAGE_VERSION=\"0.15.4\" -DPACKAGE_STRING=\"LibRaw\ 0.15.4\" -DPACKAGE_BUGREPORT=\"info@libraw.org\" -DPACKAGE_URL=\"http://www.libraw.org\" -DSTDC_HEADERS=1 -DHAVE_SYS_TYPES_H=1 -DHAVE_SYS_STAT_H=1 -DHAVE_STDLIB_H=1 -DHAVE_STRING_H=1 -DHAVE_MEMORY_H=1 -DHAVE_STRINGS_H=1 -DHAVE_INTTYPES_H=1 -DHAVE_STDINT_H=1 -DHAVE_UNISTD_H=1 -DHAVE_DLFCN_H=1 -DLT_OBJDIR=\".libs/\" -DHAVE_JPEGLIB_H=1 -DHAVE_JPEGLIB_H=1 -DHAVE_JASPER_JASPER_H=1 -I.  -DLIBRAW_NOTHREADS -w -D_FORTIFY_SOURCE=2 -I/usr/local/include -DUSE_JPEG -DUSE_JPEG8 -DUSE_JASPER   -DUSE_LCMS2  -g -O2 -fstack-protector --param=ssp-buffer-size=4 -Wformat -Werror=format-security -fopenmp -c -o samples/bin_dcraw_emu-dcraw_emu.o `test -f 'samples/dcraw_emu.cpp' || echo './'`samples/dcraw_emu.cpp
/bin/bash ./libtool  --tag=CXX   --mode=link g++  -g -O2 -fstack-protector --param=ssp-buffer-size=4 -Wformat -Werror=format-security -fopenmp  -Wl,-z,relro -Wl,-z,defs -Wl,--as-needed -L/usr/local/lib -o bin/dcraw_emu samples/bin_dcraw_emu-dcraw_emu.o lib/libraw.la -ljpeg -ljasper -llcms2   -lm -lstdc++
libtool: link: g++ -g -O2 -fstack-protector --param=ssp-buffer-size=4 -Wformat -Werror=format-security -fopenmp -Wl,-z -Wl,relro -Wl,-z -Wl,defs -Wl,--as-needed -o bin/.libs/dcraw_emu samples/bin_dcraw_emu-dcraw_emu.o  -L/usr/local/lib lib/.libs/libraw.so -ljpeg -ljasper -llcms2 -lm -lstdc++ -fopenmp
make[1]: Leaving directory `/«PKGBUILDDIR»'
   dh_auto_test -a
 fakeroot debian/rules binary-arch
dh binary-arch --with autotools_dev,autoreconf
   dh_testroot -a
   dh_prep -a
   dh_auto_install -a
make[1]: Entering directory `/«PKGBUILDDIR»'
make[2]: Entering directory `/«PKGBUILDDIR»'
 /bin/mkdir -p '/«PKGBUILDDIR»/debian/tmp/usr/lib/x86_64-linux-gnu'
 /bin/bash ./libtool   --mode=install /usr/bin/install -c   lib/libraw.la lib/libraw_r.la '/«PKGBUILDDIR»/debian/tmp/usr/lib/x86_64-linux-gnu'
libtool: install: /usr/bin/install -c lib/.libs/libraw.so.9.0.0 /«PKGBUILDDIR»/debian/tmp/usr/lib/x86_64-linux-gnu/libraw.so.9.0.0
libtool: install: (cd /«PKGBUILDDIR»/debian/tmp/usr/lib/x86_64-linux-gnu && { ln -s -f libraw.so.9.0.0 libraw.so.9 || { rm -f libraw.so.9 && ln -s libraw.so.9.0.0 libraw.so.9; }; })
libtool: install: (cd /«PKGBUILDDIR»/debian/tmp/usr/lib/x86_64-linux-gnu && { ln -s -f libraw.so.9.0.0 libraw.so || { rm -f libraw.so && ln -s libraw.so.9.0.0 libraw.so; }; })
libtool: install: /usr/bin/install -c lib/.libs/libraw.lai /«PKGBUILDDIR»/debian/tmp/usr/lib/x86_64-linux-gnu/libraw.la
libtool: install: /usr/bin/install -c lib/.libs/libraw_r.so.9.0.0 /«PKGBUILDDIR»/debian/tmp/usr/lib/x86_64-linux-gnu/libraw_r.so.9.0.0
libtool: install: (cd /«PKGBUILDDIR»/debian/tmp/usr/lib/x86_64-linux-gnu && { ln -s -f libraw_r.so.9.0.0 libraw_r.so.9 || { rm -f libraw_r.so.9 && ln -s libraw_r.so.9.0.0 libraw_r.so.9; }; })
libtool: install: (cd /«PKGBUILDDIR»/debian/tmp/usr/lib/x86_64-linux-gnu && { ln -s -f libraw_r.so.9.0.0 libraw_r.so || { rm -f libraw_r.so && ln -s libraw_r.so.9.0.0 libraw_r.so; }; })
libtool: install: /usr/bin/install -c lib/.libs/libraw_r.lai /«PKGBUILDDIR»/debian/tmp/usr/lib/x86_64-linux-gnu/libraw_r.la
libtool: install: /usr/bin/install -c lib/.libs/libraw.a /«PKGBUILDDIR»/debian/tmp/usr/lib/x86_64-linux-gnu/libraw.a
libtool: install: chmod 644 /«PKGBUILDDIR»/debian/tmp/usr/lib/x86_64-linux-gnu/libraw.a
libtool: install: ranlib /«PKGBUILDDIR»/debian/tmp/usr/lib/x86_64-linux-gnu/libraw.a
libtool: install: /usr/bin/install -c lib/.libs/libraw_r.a /«PKGBUILDDIR»/debian/tmp/usr/lib/x86_64-linux-gnu/libraw_r.a
libtool: install: chmod 644 /«PKGBUILDDIR»/debian/tmp/usr/lib/x86_64-linux-gnu/libraw_r.a
libtool: install: ranlib /«PKGBUILDDIR»/debian/tmp/usr/lib/x86_64-linux-gnu/libraw_r.a
libtool: install: warning: remember to run `libtool --finish /usr/lib/x86_64-linux-gnu'
 /bin/mkdir -p '/«PKGBUILDDIR»/debian/tmp/usr/lib/libraw'
  /bin/bash ./libtool   --mode=install /usr/bin/install -c bin/raw-identify bin/unprocessed_raw bin/4channels bin/simple_dcraw bin/mem_image bin/dcraw_half bin/half_mt bin/multirender_test bin/postprocessing_benchmark bin/dcraw_emu '/«PKGBUILDDIR»/debian/tmp/usr/lib/libraw'
libtool: install: warning: `lib/libraw.la' has not been installed in `/usr/lib/x86_64-linux-gnu'
libtool: install: /usr/bin/install -c bin/.libs/raw-identify /«PKGBUILDDIR»/debian/tmp/usr/lib/libraw/raw-identify
libtool: install: warning: `lib/libraw.la' has not been installed in `/usr/lib/x86_64-linux-gnu'
libtool: install: /usr/bin/install -c bin/.libs/unprocessed_raw /«PKGBUILDDIR»/debian/tmp/usr/lib/libraw/unprocessed_raw
libtool: install: warning: `lib/libraw.la' has not been installed in `/usr/lib/x86_64-linux-gnu'
libtool: install: /usr/bin/install -c bin/.libs/4channels /«PKGBUILDDIR»/debian/tmp/usr/lib/libraw/4channels
libtool: install: warning: `lib/libraw.la' has not been installed in `/usr/lib/x86_64-linux-gnu'
libtool: install: /usr/bin/install -c bin/.libs/simple_dcraw /«PKGBUILDDIR»/debian/tmp/usr/lib/libraw/simple_dcraw
libtool: install: warning: `lib/libraw.la' has not been installed in `/usr/lib/x86_64-linux-gnu'
libtool: install: /usr/bin/install -c bin/.libs/mem_image /«PKGBUILDDIR»/debian/tmp/usr/lib/libraw/mem_image
libtool: install: warning: `lib/libraw.la' has not been installed in `/usr/lib/x86_64-linux-gnu'
libtool: install: /usr/bin/install -c bin/.libs/dcraw_half /«PKGBUILDDIR»/debian/tmp/usr/lib/libraw/dcraw_half
libtool: install: warning: `lib/libraw_r.la' has not been installed in `/usr/lib/x86_64-linux-gnu'
libtool: install: /usr/bin/install -c bin/.libs/half_mt /«PKGBUILDDIR»/debian/tmp/usr/lib/libraw/half_mt
libtool: install: warning: `lib/libraw.la' has not been installed in `/usr/lib/x86_64-linux-gnu'
libtool: install: /usr/bin/install -c bin/.libs/multirender_test /«PKGBUILDDIR»/debian/tmp/usr/lib/libraw/multirender_test
libtool: install: warning: `lib/libraw.la' has not been installed in `/usr/lib/x86_64-linux-gnu'
libtool: install: /usr/bin/install -c bin/.libs/postprocessing_benchmark /«PKGBUILDDIR»/debian/tmp/usr/lib/libraw/postprocessing_benchmark
libtool: install: warning: `lib/libraw.la' has not been installed in `/usr/lib/x86_64-linux-gnu'
libtool: install: /usr/bin/install -c bin/.libs/dcraw_emu /«PKGBUILDDIR»/debian/tmp/usr/lib/libraw/dcraw_emu
 /bin/mkdir -p '/«PKGBUILDDIR»/debian/tmp/usr/share/doc/libraw'
 /usr/bin/install -c -m 644 COPYRIGHT LICENSE.CDDL LICENSE.LGPL LICENSE.LibRaw.pdf Changelog.txt '/«PKGBUILDDIR»/debian/tmp/usr/share/doc/libraw'
 /bin/mkdir -p '/«PKGBUILDDIR»/debian/tmp/usr/include'
 /bin/mkdir -p '/«PKGBUILDDIR»/debian/tmp/usr/include/libraw'
 /usr/bin/install -c -m 644  libraw/libraw.h libraw/libraw_alloc.h libraw/libraw_const.h libraw/libraw_datastream.h libraw/libraw_internal.h libraw/libraw_types.h libraw/libraw_version.h '/«PKGBUILDDIR»/debian/tmp/usr/include/libraw'
 /bin/mkdir -p '/«PKGBUILDDIR»/debian/tmp/usr/lib/x86_64-linux-gnu/pkgconfig'
 /usr/bin/install -c -m 644 libraw.pc libraw_r.pc '/«PKGBUILDDIR»/debian/tmp/usr/lib/x86_64-linux-gnu/pkgconfig'
make[2]: Leaving directory `/«PKGBUILDDIR»'
make[1]: Leaving directory `/«PKGBUILDDIR»'
   dh_install -a
   dh_installdocs -a
   dh_installchangelogs -a
   dh_perl -a
   dh_link -a
   dh_compress -a
   dh_fixperms -a
   dh_strip -a
   debian/rules override_dh_makeshlibs
make[1]: Entering directory `/«PKGBUILDDIR»'
dh_makeshlibs -V 'libraw9 (>= 0.15.1-1)'
dpkg-gensymbols: warning: some new symbols appeared in the symbols file: see diff output below
dpkg-gensymbols: warning: some symbols or patterns disappeared in the symbols file: see diff output below
dpkg-gensymbols: warning: debian/libraw9/DEBIAN/symbols doesn't match completely debian/libraw9.symbols.amd64
--- debian/libraw9.symbols.amd64 (libraw9_0.15.4-1clang1_amd64)
+++ dpkg-gensymbolsIXm665	2014-01-06 07:33:58.964891392 +0000
@@ -1,7 +1,10 @@
 libraw.so.9 libraw9 #MINVER#
- .gomp_critical_user_dataupdate@Base 0.15.1
+#MISSING: 0.15.4-1clang1# .gomp_critical_user_dataupdate@Base 0.15.1
  _ZN16LibRaw_constants7xyz_rgbE@Base 0.15.1
  _ZN16LibRaw_constants9d65_whiteE@Base 0.15.1
+ _ZN17LibRaw_bit_buffer7fill_ljEP18LibRaw_byte_bufferi@Base 0.15.4-1clang1
+ _ZN17LibRaw_bit_buffer8_getbitsEP18LibRaw_byte_bufferii@Base 0.15.4-1clang1
+ _ZN17LibRaw_bit_buffer8_gethuffEP18LibRaw_byte_bufferiPti@Base 0.15.4-1clang1
  _ZN18LibRaw_byte_buffer10set_bufferEPvj@Base 0.15.1
  _ZN18LibRaw_byte_bufferC1Ej@Base 0.15.1
  _ZN18LibRaw_byte_bufferC2Ej@Base 0.15.1
@@ -71,7 +74,7 @@
  _ZN26LibRaw_abstract_datastream5fnameEv@Base 0.15.1
  _ZN26LibRaw_abstract_datastream8jpeg_srcEPv@Base 0.15.1
  _ZN26LibRaw_abstract_datastreamD0Ev@Base 0.15.1
- _ZN26LibRaw_abstract_datastreamD1Ev@Base 0.15.1
+#MISSING: 0.15.4-1clang1# _ZN26LibRaw_abstract_datastreamD1Ev@Base 0.15.1
  _ZN26LibRaw_abstract_datastreamD2Ev@Base 0.15.1
  _ZN6LibRaw10apply_tiffEv@Base 0.15.1
  _ZN6LibRaw10bad_pixelsEPKc@Base 0.15.1
@@ -380,9 +383,12 @@
  libraw_version@Base 0.15.1
  libraw_versionNumber@Base 0.15.1
 libraw_r.so.9 libraw9 #MINVER#
- .gomp_critical_user_dataupdate@Base 0.15.1
+#MISSING: 0.15.4-1clang1# .gomp_critical_user_dataupdate@Base 0.15.1
  _ZN16LibRaw_constants7xyz_rgbE@Base 0.15.1
  _ZN16LibRaw_constants9d65_whiteE@Base 0.15.1
+ _ZN17LibRaw_bit_buffer7fill_ljEP18LibRaw_byte_bufferi@Base 0.15.4-1clang1
+ _ZN17LibRaw_bit_buffer8_getbitsEP18LibRaw_byte_bufferii@Base 0.15.4-1clang1
+ _ZN17LibRaw_bit_buffer8_gethuffEP18LibRaw_byte_bufferiPti@Base 0.15.4-1clang1
  _ZN18LibRaw_byte_buffer10set_bufferEPvj@Base 0.15.1
  _ZN18LibRaw_byte_bufferC1Ej@Base 0.15.1
  _ZN18LibRaw_byte_bufferC2Ej@Base 0.15.1
@@ -452,7 +458,7 @@
  _ZN26LibRaw_abstract_datastream5fnameEv@Base 0.15.1
  _ZN26LibRaw_abstract_datastream8jpeg_srcEPv@Base 0.15.1
  _ZN26LibRaw_abstract_datastreamD0Ev@Base 0.15.1
- _ZN26LibRaw_abstract_datastreamD1Ev@Base 0.15.1
+#MISSING: 0.15.4-1clang1# _ZN26LibRaw_abstract_datastreamD1Ev@Base 0.15.1
  _ZN26LibRaw_abstract_datastreamD2Ev@Base 0.15.1
  _ZN6LibRaw10apply_tiffEv@Base 0.15.1
  _ZN6LibRaw10bad_pixelsEPKc@Base 0.15.1
dh_makeshlibs: dpkg-gensymbols -plibraw9 -Idebian/libraw9.symbols.amd64 -Pdebian/libraw9 -edebian/libraw9/usr/lib/x86_64-linux-gnu/libraw.so.9.0.0
 -edebian/libraw9/usr/lib/x86_64-linux-gnu/libraw_r.so.9.0.0
 returned exit code 1
make[1]: *** [override_dh_makeshlibs] Error 1
make[1]: Leaving directory `/«PKGBUILDDIR»'
make: *** [binary-arch] Error 2
dpkg-buildpackage: error: fakeroot debian/rules binary-arch gave error exit status 2
────────────────────────────────────────────────────────────────────────────────
Build finished at 20140106-0733

Finished
────────

E: Build failure (dpkg-buildpackage died)

┌──────────────────────────────────────────────────────────────────────────────┐
│ Cleanup                                                                      │
└──────────────────────────────────────────────────────────────────────────────┘

Purging /«BUILDDIR»
Not cleaning session: cloned chroot in use

┌──────────────────────────────────────────────────────────────────────────────┐
│ Summary                                                                      │
└──────────────────────────────────────────────────────────────────────────────┘

Build Architecture: amd64
Build-Space: 28732
Build-Time: 57
Distribution: unstable
Fail-Stage: build
Host Architecture: amd64
Install-Time: 11
Job: libraw_0.15.4-1
Machine Architecture: amd64
Package: libraw
Package-Time: 121
Source-Version: 0.15.4-1
Space: 28732
Status: attempted
Version: 0.15.4-1clang1
────────────────────────────────────────────────────────────────────────────────
Finished at 20140106-0733
Build needed 00:02:01, 28732k disc space
DC-Status: Failed 121.605856317s
