DC-Build-Header: linbox 1.3.2-1 / 2014-01-05 18:24:31 +0000
DC-Task: source:linbox version:1.3.2-1 architecture:any chroot:unstable esttime: logfile:/tmp/linbox_1.3.2-1_unstable_clang.log modes:binary-only:parallel:clang
DC-Sbuild-call: su user -c 'sbuild -n --apt-update -d unstable -v  --chroot-setup-commands=/tmp/switch-to-clang --append-to-version "clang1" --maintainer "Lucas Nussbaum <lucas@debian.org>" --uploader "Lucas Nussbaum <lucas@debian.org>" linbox_1.3.2-1'
sbuild (Debian sbuild) 0.63.2 (18 Aug 2012) on ip-172-31-12-19.us-west-2.compute.internal

╔══════════════════════════════════════════════════════════════════════════════╗
║ linbox 1.3.2-1clang1 (amd64)                               05 Jan 2014 18:24 ║
╚══════════════════════════════════════════════════════════════════════════════╝

Package: linbox
Version: 1.3.2-1clang1
Source Version: 1.3.2-1
Distribution: unstable
Machine Architecture: amd64
Host Architecture: amd64
Build Architecture: amd64

I: NOTICE: Log filtering will replace 'build/linbox-QA3OHL/linbox-1.3.2' with '«PKGBUILDDIR»'
I: NOTICE: Log filtering will replace 'build/linbox-QA3OHL' with '«BUILDDIR»'
I: NOTICE: Log filtering will replace 'var/lib/schroot/mount/unstable-amd64-sbuild-49509900-09fe-4c65-ba55-485eaf96596f' with '«CHROOT»'

┌──────────────────────────────────────────────────────────────────────────────┐
│ Update chroot                                                                │
└──────────────────────────────────────────────────────────────────────────────┘

Get:1 http://localhost:9999 unstable InRelease [206 kB]
Get:2 http://localhost:9999 unstable/main Sources/DiffIndex [7876 B]
Get:3 http://localhost:9999 unstable/main amd64 Packages/DiffIndex [7876 B]
Get:4 http://localhost:9999 unstable/main Translation-en/DiffIndex [7876 B]
Get:5 http://localhost:9999 unstable/main 2014-01-04-1439.27.pdiff [11.3 kB]
Get:6 http://localhost:9999 unstable/main 2014-01-04-1439.27.pdiff [11.3 kB]
Get:7 http://localhost:9999 unstable/main amd64 2014-01-04-1439.27.pdiff [11.8 kB]
Get:8 http://localhost:9999 unstable/main 2014-01-04-1439.27.pdiff [1898 B]
Get:9 http://localhost:9999 unstable/main amd64 2014-01-04-1439.27.pdiff [11.8 kB]
Get:10 http://localhost:9999 unstable/main 2014-01-04-2039.41.pdiff [12.3 kB]
Get:11 http://localhost:9999 unstable/main 2014-01-04-1439.27.pdiff [1898 B]
Get:12 http://localhost:9999 unstable/main amd64 2014-01-04-2039.41.pdiff [24.3 kB]
Get:13 http://localhost:9999 unstable/main 2014-01-04-2039.41.pdiff [12.3 kB]
Get:14 http://localhost:9999 unstable/main 2014-01-04-2039.41.pdiff [2358 B]
Get:15 http://localhost:9999 unstable/main amd64 2014-01-04-2039.41.pdiff [24.3 kB]
Get:16 http://localhost:9999 unstable/main 2014-01-05-0239.35.pdiff [9640 B]
Get:17 http://localhost:9999 unstable/main 2014-01-04-2039.41.pdiff [2358 B]
Get:18 http://localhost:9999 unstable/main amd64 2014-01-05-0239.35.pdiff [18.3 kB]
Get:19 http://localhost:9999 unstable/main 2014-01-05-0239.35.pdiff [9640 B]
Get:20 http://localhost:9999 unstable/main 2014-01-05-0239.35.pdiff [504 B]
Get:21 http://localhost:9999 unstable/main amd64 2014-01-05-0239.35.pdiff [18.3 kB]
Get:22 http://localhost:9999 unstable/main 2014-01-05-0840.32.pdiff [4885 B]
Get:23 http://localhost:9999 unstable/main 2014-01-05-0239.35.pdiff [504 B]
Get:24 http://localhost:9999 unstable/main amd64 2014-01-05-0840.32.pdiff [3950 B]
Get:25 http://localhost:9999 unstable/main 2014-01-05-0840.32.pdiff [4885 B]
Get:26 http://localhost:9999 unstable/main 2014-01-05-0840.32.pdiff [214 B]
Get:27 http://localhost:9999 unstable/main amd64 2014-01-05-0840.32.pdiff [3950 B]
Get:28 http://localhost:9999 unstable/main 2014-01-05-1438.24.pdiff [7183 B]
Get:29 http://localhost:9999 unstable/main 2014-01-05-0840.32.pdiff [214 B]
Get:30 http://localhost:9999 unstable/main amd64 2014-01-05-1438.24.pdiff [3882 B]
Get:31 http://localhost:9999 unstable/main 2014-01-05-1438.24.pdiff [7183 B]
Get:32 http://localhost:9999 unstable/main 2014-01-05-1438.24.pdiff [1111 B]
Get:33 http://localhost:9999 unstable/main amd64 2014-01-05-1438.24.pdiff [3882 B]
Get:34 http://localhost:9999 unstable/main 2014-01-05-1438.24.pdiff [1111 B]
Fetched 343 kB in 21s (16.3 kB/s)
Reading package lists...
Reading package lists...
Building dependency tree...
Reading state information...
The following packages will be upgraded:
  libterm-ui-perl
1 upgraded, 0 newly installed, 0 to remove and 0 not upgraded.
Need to get 19.1 kB of archives.
After this operation, 1024 B of additional disk space will be used.
Get:1 http://localhost:9999/debian/ unstable/main libterm-ui-perl all 0.42-1 [19.1 kB]
debconf: delaying package configuration, since apt-utils is not installed
Fetched 19.1 kB in 0s (1155 kB/s)
(Reading database ... 13944 files and directories currently installed.)
Preparing to unpack .../libterm-ui-perl_0.42-1_all.deb ...
Unpacking libterm-ui-perl (0.42-1) over (0.38-1) ...
Setting up libterm-ui-perl (0.42-1) ...

┌──────────────────────────────────────────────────────────────────────────────┐
│ Fetch source files                                                           │
└──────────────────────────────────────────────────────────────────────────────┘


Check APT
─────────

Checking available source versions...

Download source files with APT
──────────────────────────────

Reading package lists...
Building dependency tree...
Reading state information...
Need to get 1506 kB of source archives.
Get:1 http://localhost:9999/debian/ unstable/main linbox 1.3.2-1 (dsc) [2333 B]
Get:2 http://localhost:9999/debian/ unstable/main linbox 1.3.2-1 (tar) [1497 kB]
Get:3 http://localhost:9999/debian/ unstable/main linbox 1.3.2-1 (diff) [6335 B]
Fetched 1506 kB in 2s (703 kB/s)
Download complete and in download only mode

Check arch
──────────


┌──────────────────────────────────────────────────────────────────────────────┐
│ Chroot Setup Commands                                                        │
└──────────────────────────────────────────────────────────────────────────────┘


/tmp/switch-to-clang
────────────────────

+ echo 'Entering customization script...'
Entering customization script...
+ echo 'Install of clang-3.4'
Install of clang-3.4
+ apt-get update
Hit http://localhost:9999 unstable InRelease
Hit http://localhost:9999 unstable/main Sources/DiffIndex
Hit http://localhost:9999 unstable/main amd64 Packages/DiffIndex
Hit http://localhost:9999 unstable/main Translation-en/DiffIndex
Reading package lists...
+ apt-get install --yes --no-install-recommends --force-yes clang-3.4
Reading package lists...
Building dependency tree...
Reading state information...
The following extra packages will be installed:
  libclang-common-3.4-dev libclang1-3.4 libffi6 libllvm3.4 libobjc-4.8-dev
  libobjc4
Recommended packages:
  llvm-3.4-dev python
The following NEW packages will be installed:
  clang-3.4 libclang-common-3.4-dev libclang1-3.4 libffi6 libllvm3.4
  libobjc-4.8-dev libobjc4
0 upgraded, 7 newly installed, 0 to remove and 0 not upgraded.
Need to get 19.9 MB of archives.
After this operation, 82.1 MB of additional disk space will be used.
Get:1 http://localhost:9999/debian/ unstable/main libffi6 amd64 3.0.13-10 [19.3 kB]
Get:2 http://localhost:9999/debian/ unstable/main libllvm3.4 amd64 1:3.4-1 [6528 kB]
Get:3 http://localhost:9999/debian/ unstable/main libobjc4 amd64 4.8.2-11 [110 kB]
Get:4 http://localhost:9999/debian/ unstable/main libobjc-4.8-dev amd64 4.8.2-11 [370 kB]
Get:5 http://localhost:9999/debian/ unstable/main libclang1-3.4 amd64 1:3.4-1 [3526 kB]
Get:6 http://localhost:9999/debian/ unstable/main libclang-common-3.4-dev amd64 1:3.4-1 [516 kB]
Get:7 http://localhost:9999/debian/ unstable/main clang-3.4 amd64 1:3.4-1 [8878 kB]
debconf: delaying package configuration, since apt-utils is not installed
Fetched 19.9 MB in 0s (25.4 MB/s)
Selecting previously unselected package libffi6:amd64.
(Reading database ... 13944 files and directories currently installed.)
Preparing to unpack .../libffi6_3.0.13-10_amd64.deb ...
Unpacking libffi6:amd64 (3.0.13-10) ...
Selecting previously unselected package libllvm3.4:amd64.
Preparing to unpack .../libllvm3.4_1%3a3.4-1_amd64.deb ...
Unpacking libllvm3.4:amd64 (1:3.4-1) ...
Selecting previously unselected package libobjc4:amd64.
Preparing to unpack .../libobjc4_4.8.2-11_amd64.deb ...
Unpacking libobjc4:amd64 (4.8.2-11) ...
Selecting previously unselected package libobjc-4.8-dev:amd64.
Preparing to unpack .../libobjc-4.8-dev_4.8.2-11_amd64.deb ...
Unpacking libobjc-4.8-dev:amd64 (4.8.2-11) ...
Selecting previously unselected package libclang1-3.4:amd64.
Preparing to unpack .../libclang1-3.4_1%3a3.4-1_amd64.deb ...
Unpacking libclang1-3.4:amd64 (1:3.4-1) ...
Selecting previously unselected package libclang-common-3.4-dev.
Preparing to unpack .../libclang-common-3.4-dev_1%3a3.4-1_amd64.deb ...
Unpacking libclang-common-3.4-dev (1:3.4-1) ...
Selecting previously unselected package clang-3.4.
Preparing to unpack .../clang-3.4_1%3a3.4-1_amd64.deb ...
Unpacking clang-3.4 (1:3.4-1) ...
Setting up libffi6:amd64 (3.0.13-10) ...
Setting up libllvm3.4:amd64 (1:3.4-1) ...
Setting up libobjc4:amd64 (4.8.2-11) ...
Setting up libobjc-4.8-dev:amd64 (4.8.2-11) ...
Setting up libclang1-3.4:amd64 (1:3.4-1) ...
Setting up libclang-common-3.4-dev (1:3.4-1) ...
Setting up clang-3.4 (1:3.4-1) ...
Processing triggers for libc-bin (2.17-97) ...
+ echo 'Replace gcc, g++ & cpp by clang'
Replace gcc, g++ & cpp by clang
+ VERSIONS='4.6 4.7 4.8'
+ cd /usr/bin
+ for VERSION in '$VERSIONS'
+ rm -f g++-4.6 gcc-4.6 cpp-4.6
+ ln -s clang++ g++-4.6
+ ln -s clang gcc-4.6
+ ln -s clang cpp-4.6
+ for VERSION in '$VERSIONS'
+ rm -f g++-4.7 gcc-4.7 cpp-4.7
+ ln -s clang++ g++-4.7
+ ln -s clang gcc-4.7
+ ln -s clang cpp-4.7
+ for VERSION in '$VERSIONS'
+ rm -f g++-4.8 gcc-4.8 cpp-4.8
+ ln -s clang++ g++-4.8
+ ln -s clang gcc-4.8
+ ln -s clang cpp-4.8
+ cd -
/«BUILDDIR»
+ echo 'Block the installation of new gcc version'
Block the installation of new gcc version
+ dpkg --set-selections
+ echo 'gcc-4.6 hold'
+ dpkg --set-selections
+ echo 'cpp-4.6 hold'
+ dpkg --set-selections
+ echo 'g++-4.6 hold'
+ dpkg --set-selections
+ echo 'gcc-4.7 hold'
+ dpkg --set-selections
+ echo 'cpp-4.7 hold'
+ dpkg --set-selections
+ echo 'g++-4.7 hold'
+ dpkg --set-selections
+ echo 'gcc-4.8 hold'
+ dpkg --set-selections
+ echo 'cpp-4.8 hold'
+ dpkg --set-selections
+ echo 'g++-4.8 hold'
+ echo 'Check if gcc, g++ & cpp are actually clang'
Check if gcc, g++ & cpp are actually clang
+ grep clang
+ gcc --version
+ grep clang
+ cpp --version
+ grep clang
+ g++ --version

I: Finished running '/tmp/switch-to-clang'.

Finished processing commands.
────────────────────────────────────────────────────────────────────────────────
Merged Build-Depends: build-essential, fakeroot
Filtered Build-Depends: build-essential, fakeroot
dpkg-deb: building package `sbuild-build-depends-core-dummy' in `/«BUILDDIR»/resolver-i11Xyk/apt_archive/sbuild-build-depends-core-dummy.deb'.
OK
Reading package lists...

┌──────────────────────────────────────────────────────────────────────────────┐
│ Install core build dependencies (apt-based resolver)                         │
└──────────────────────────────────────────────────────────────────────────────┘

Installing build dependencies
Reading package lists...
Building dependency tree...
Reading state information...
The following NEW packages will be installed:
  sbuild-build-depends-core-dummy
debconf: delaying package configuration, since apt-utils is not installed
0 upgraded, 1 newly installed, 0 to remove and 0 not upgraded.
Need to get 0 B/766 B of archives.
After this operation, 0 B of additional disk space will be used.
Selecting previously unselected package sbuild-build-depends-core-dummy.
(Reading database ... 14105 files and directories currently installed.)
Preparing to unpack .../sbuild-build-depends-core-dummy.deb ...
Unpacking sbuild-build-depends-core-dummy (0.invalid.0) ...
Setting up sbuild-build-depends-core-dummy (0.invalid.0) ...
Merged Build-Depends: base-files, base-passwd, bash, bsdutils, coreutils, dash, debianutils, diffutils, dpkg, e2fsprogs, findutils, grep, gzip, hostname, libc-bin, login, mount, ncurses-base, ncurses-bin, perl-base, sed, sysvinit, sysvinit-utils, tar, util-linux, libc6-dev | libc-dev, gcc (>= 4:4.4.3), g++ (>= 4:4.4.3), make, dpkg-dev (>= 1.13.5), dh-autoreconf, debhelper (>= 8.0.0), libgivaro-dev (>= 3.7.1), libgivaro-dev (<< 3.8.0), libiml-dev, libntl-dev, libgmp-dev, libatlas-dev, libgsl0-dev, liblapack-dev, fflas-ffpack, libm4ri-dev, libm4rie-dev, libmpfr-dev, gnuplot
Filtered Build-Depends: base-files, base-passwd, bash, bsdutils, coreutils, dash, debianutils, diffutils, dpkg, e2fsprogs, findutils, grep, gzip, hostname, libc-bin, login, mount, ncurses-base, ncurses-bin, perl-base, sed, sysvinit, sysvinit-utils, tar, util-linux, libc6-dev, gcc (>= 4:4.4.3), g++ (>= 4:4.4.3), make, dpkg-dev (>= 1.13.5), dh-autoreconf, debhelper (>= 8.0.0), libgivaro-dev (>= 3.7.1), libgivaro-dev (<< 3.8.0), libiml-dev, libntl-dev, libgmp-dev, libatlas-dev, libgsl0-dev, liblapack-dev, fflas-ffpack, libm4ri-dev, libm4rie-dev, libmpfr-dev, gnuplot
dpkg-deb: building package `sbuild-build-depends-linbox-dummy' in `/«BUILDDIR»/resolver-koNxt6/apt_archive/sbuild-build-depends-linbox-dummy.deb'.
OK
Reading package lists...

┌──────────────────────────────────────────────────────────────────────────────┐
│ Install linbox build dependencies (apt-based resolver)                       │
└──────────────────────────────────────────────────────────────────────────────┘

Installing build dependencies
Reading package lists...
Building dependency tree...
Reading state information...
The following extra packages will be installed:
  aglfn autoconf automake autopoint autotools-dev bsdmainutils debhelper
  dh-autoreconf fflas-ffpack fflas-ffpack-common file fontconfig
  fontconfig-config fonts-dejavu-core gettext gettext-base gnuplot gnuplot-nox
  groff-base intltool-debian libasprintf0c2 libatlas-dev libatlas3-base
  libblas-dev libblas3 libbsd0 libcairo2 libcroco3 libdatrie1 libdrm2 libedit2
  libegl1-mesa libexpat1 libfontconfig1 libfreetype6 libgbm1 libgd3
  libgfortran3 libgivaro-dev libgivaro1 libgl1-mesa-glx libglapi-mesa
  libglib2.0-0 libgmp-dev libgraphite2-3 libgsl0-dev libgsl0ldbl libharfbuzz0b
  libiml-dev libiml0 libjbig0 libjpeg8 liblapack-dev liblapack3 libllvm3.3
  liblua5.1-0 libm4ri-0.0.20130416 libm4ri-dev libm4rie-0.0.20130416
  libm4rie-dev libmagic1 libmpfr-dev libntl-dev libntl0 libpango-1.0-0
  libpangocairo-1.0-0 libpangoft2-1.0-0 libpipeline1 libpixman-1-0 libpng12-0
  libsigsegv2 libthai-data libthai0 libtiff5 libtool libudev1 libunistring0
  libvpx1 libwayland-client0 libwayland-server0 libx11-6 libx11-data
  libx11-xcb1 libxau6 libxcb-dri2-0 libxcb-glx0 libxcb-render0 libxcb-shape0
  libxcb-shm0 libxcb-xfixes0 libxcb1 libxdamage1 libxdmcp6 libxext6 libxfixes3
  libxml2 libxpm4 libxrender1 libxxf86vm1 m4 man-db po-debconf
Suggested packages:
  autoconf2.13 autoconf-archive gnu-standards autoconf-doc wamerican wordlist
  whois vacation dh-make fflas-ffpack-user-doc fflas-ffpack-dev-doc
  gettext-doc feedgnuplot gnuplot-doc libgnuplot-iostream-dev python-gnuplot
  liblapack-doc libgd-tools libgivaro-doc libgmp10-doc gsl-ref-psdoc
  gsl-doc-pdf gsl-doc-info gsl-ref-html libmpfr-doc ttf-baekmuk
  ttf-arphic-gbsn00lp ttf-arphic-bsmi00lp ttf-arphic-gkai00mp
  ttf-arphic-bkai00mp libtool-doc automaken gfortran fortran95-compiler
  gcj-jdk less www-browser libmail-box-perl
Recommended packages:
  curl wget lynx-cur libasprintf-dev libgettextpo-dev fonts-liberation groff
  libegl1-mesa-drivers libgl1-mesa-dri libglib2.0-data shared-mime-info
  libltdl-dev xml-core libmail-sendmail-perl
The following NEW packages will be installed:
  aglfn autoconf automake autopoint autotools-dev bsdmainutils debhelper
  dh-autoreconf fflas-ffpack fflas-ffpack-common file fontconfig
  fontconfig-config fonts-dejavu-core gettext gettext-base gnuplot gnuplot-nox
  groff-base intltool-debian libasprintf0c2 libatlas-dev libatlas3-base
  libblas-dev libblas3 libbsd0 libcairo2 libcroco3 libdatrie1 libdrm2 libedit2
  libegl1-mesa libexpat1 libfontconfig1 libfreetype6 libgbm1 libgd3
  libgfortran3 libgivaro-dev libgivaro1 libgl1-mesa-glx libglapi-mesa
  libglib2.0-0 libgmp-dev libgraphite2-3 libgsl0-dev libgsl0ldbl libharfbuzz0b
  libiml-dev libiml0 libjbig0 libjpeg8 liblapack-dev liblapack3 libllvm3.3
  liblua5.1-0 libm4ri-0.0.20130416 libm4ri-dev libm4rie-0.0.20130416
  libm4rie-dev libmagic1 libmpfr-dev libntl-dev libntl0 libpango-1.0-0
  libpangocairo-1.0-0 libpangoft2-1.0-0 libpipeline1 libpixman-1-0 libpng12-0
  libsigsegv2 libthai-data libthai0 libtiff5 libtool libudev1 libunistring0
  libvpx1 libwayland-client0 libwayland-server0 libx11-6 libx11-data
  libx11-xcb1 libxau6 libxcb-dri2-0 libxcb-glx0 libxcb-render0 libxcb-shape0
  libxcb-shm0 libxcb-xfixes0 libxcb1 libxdamage1 libxdmcp6 libxext6 libxfixes3
  libxml2 libxpm4 libxrender1 libxxf86vm1 m4 man-db po-debconf
  sbuild-build-depends-linbox-dummy
0 upgraded, 103 newly installed, 0 to remove and 0 not upgraded.
Need to get 45.4 MB/45.4 MB of archives.
After this operation, 144 MB of additional disk space will be used.
Get:1 http://localhost:9999/debian/ unstable/main libpipeline1 amd64 1.2.6-1 [24.8 kB]
Get:2 http://localhost:9999/debian/ unstable/main libudev1 amd64 204-6 [43.0 kB]
Get:3 http://localhost:9999/debian/ unstable/main groff-base amd64 1.22.2-3 [747 kB]
Get:4 http://localhost:9999/debian/ unstable/main bsdmainutils amd64 9.0.5 [211 kB]
Get:5 http://localhost:9999/debian/ unstable/main man-db amd64 2.6.5-3 [975 kB]
Get:6 http://localhost:9999/debian/ unstable/main libasprintf0c2 amd64 0.18.3.1-2 [29.1 kB]
Get:7 http://localhost:9999/debian/ unstable/main libbsd0 amd64 0.6.0-1 [67.4 kB]
Get:8 http://localhost:9999/debian/ unstable/main libedit2 amd64 3.1-20130712-2 [75.6 kB]
Get:9 http://localhost:9999/debian/ unstable/main libmagic1 amd64 1:5.14-2 [216 kB]
Get:10 http://localhost:9999/debian/ unstable/main libxml2 amd64 2.9.1+dfsg1-3 [791 kB]
Get:11 http://localhost:9999/debian/ unstable/main libdrm2 amd64 2.4.50-1 [475 kB]
Get:12 http://localhost:9999/debian/ unstable/main libglapi-mesa amd64 9.2.2-1 [49.5 kB]
Get:13 http://localhost:9999/debian/ unstable/main libllvm3.3 amd64 1:3.3-16 [6096 kB]
Get:14 http://localhost:9999/debian/ unstable/main libwayland-client0 amd64 1.3.0-1 [21.2 kB]
Get:15 http://localhost:9999/debian/ unstable/main libwayland-server0 amd64 1.3.0-1 [26.1 kB]
Get:16 http://localhost:9999/debian/ unstable/main libxau6 amd64 1:1.0.8-1 [20.7 kB]
Get:17 http://localhost:9999/debian/ unstable/main libxdmcp6 amd64 1:1.1.1-1 [26.3 kB]
Get:18 http://localhost:9999/debian/ unstable/main libxcb1 amd64 1.10-2 [41.8 kB]
Get:19 http://localhost:9999/debian/ unstable/main libxcb-dri2-0 amd64 1.10-2 [12.1 kB]
Get:20 http://localhost:9999/debian/ unstable/main libgbm1 amd64 9.2.2-1 [507 kB]
Get:21 http://localhost:9999/debian/ unstable/main libx11-data all 2:1.6.2-1 [125 kB]
Get:22 http://localhost:9999/debian/ unstable/main libx11-6 amd64 2:1.6.2-1 [716 kB]
Get:23 http://localhost:9999/debian/ unstable/main libx11-xcb1 amd64 2:1.6.2-1 [162 kB]
Get:24 http://localhost:9999/debian/ unstable/main libxcb-render0 amd64 1.10-2 [16.5 kB]
Get:25 http://localhost:9999/debian/ unstable/main libxcb-shape0 amd64 1.10-2 [11.0 kB]
Get:26 http://localhost:9999/debian/ unstable/main libxcb-xfixes0 amd64 1.10-2 [13.9 kB]
Get:27 http://localhost:9999/debian/ unstable/main libegl1-mesa amd64 9.2.2-1 [83.9 kB]
Get:28 http://localhost:9999/debian/ unstable/main libexpat1 amd64 2.1.0-4 [138 kB]
Get:29 http://localhost:9999/debian/ unstable/main libpng12-0 amd64 1.2.49-5 [189 kB]
Get:30 http://localhost:9999/debian/ unstable/main libfreetype6 amd64 2.5.2-1 [454 kB]
Get:31 http://localhost:9999/debian/ unstable/main fonts-dejavu-core all 2.33+svn2514-3 [1042 kB]
Get:32 http://localhost:9999/debian/ unstable/main fontconfig-config all 2.11.0-2 [270 kB]
Get:33 http://localhost:9999/debian/ unstable/main libfontconfig1 amd64 2.11.0-2 [326 kB]
Get:34 http://localhost:9999/debian/ unstable/main libxcb-glx0 amd64 1.10-2 [25.3 kB]
Get:35 http://localhost:9999/debian/ unstable/main libxfixes3 amd64 1:5.0.1-1 [22.5 kB]
Get:36 http://localhost:9999/debian/ unstable/main libxdamage1 amd64 1:1.1.4-1 [15.1 kB]
Get:37 http://localhost:9999/debian/ unstable/main libxext6 amd64 2:1.3.2-1 [56.5 kB]
Get:38 http://localhost:9999/debian/ unstable/main libxxf86vm1 amd64 1:1.1.3-1 [19.1 kB]
Get:39 http://localhost:9999/debian/ unstable/main libgl1-mesa-glx amd64 9.2.2-1 [134 kB]
Get:40 http://localhost:9999/debian/ unstable/main libpixman-1-0 amd64 0.32.4-1 [496 kB]
Get:41 http://localhost:9999/debian/ unstable/main libxcb-shm0 amd64 1.10-2 [10.8 kB]
Get:42 http://localhost:9999/debian/ unstable/main libxrender1 amd64 1:0.9.8-1 [33.5 kB]
Get:43 http://localhost:9999/debian/ unstable/main libcairo2 amd64 1.12.16-2 [987 kB]
Get:44 http://localhost:9999/debian/ unstable/main libglib2.0-0 amd64 2.36.4-1 [2055 kB]
Get:45 http://localhost:9999/debian/ unstable/main libcroco3 amd64 0.6.8-2 [133 kB]
Get:46 http://localhost:9999/debian/ unstable/main libdatrie1 amd64 0.2.7.1-1 [31.4 kB]
Get:47 http://localhost:9999/debian/ unstable/main libjpeg8 amd64 8d-2 [120 kB]
Get:48 http://localhost:9999/debian/ unstable/main libjbig0 amd64 2.0-2 [32.2 kB]
Get:49 http://localhost:9999/debian/ unstable/main libtiff5 amd64 4.0.3-7 [208 kB]
Get:50 http://localhost:9999/debian/ unstable/main libvpx1 amd64 1.3.0-1 [565 kB]
Get:51 http://localhost:9999/debian/ unstable/main libxpm4 amd64 1:3.5.10-1 [49.4 kB]
Get:52 http://localhost:9999/debian/ unstable/main libgd3 amd64 2.1.0-3+b1 [144 kB]
Get:53 http://localhost:9999/debian/ unstable/main libgfortran3 amd64 4.8.2-11 [248 kB]
Get:54 http://localhost:9999/debian/ unstable/main libgivaro1 amd64 3.7.2-1 [106 kB]
Get:55 http://localhost:9999/debian/ unstable/main libgraphite2-3 amd64 1.2.4-1 [57.2 kB]
Get:56 http://localhost:9999/debian/ unstable/main libharfbuzz0b amd64 0.9.25-1+b1 [442 kB]
Get:57 http://localhost:9999/debian/ unstable/main libatlas3-base amd64 3.10.1-2 [7242 kB]
Get:58 http://localhost:9999/debian/ unstable/main libiml0 amd64 1.0.3-5 [50.9 kB]
Get:59 http://localhost:9999/debian/ unstable/main liblua5.1-0 amd64 5.1.5-5 [105 kB]
Get:60 http://localhost:9999/debian/ unstable/main libm4ri-0.0.20130416 amd64 20130416-6 [85.9 kB]
Get:61 http://localhost:9999/debian/ unstable/main libm4rie-0.0.20130416 amd64 20130416-2 [150 kB]
Get:62 http://localhost:9999/debian/ unstable/main libthai-data all 0.1.20-1 [157 kB]
Get:63 http://localhost:9999/debian/ unstable/main libthai0 amd64 0.1.20-1 [43.9 kB]
Get:64 http://localhost:9999/debian/ unstable/main fontconfig amd64 2.11.0-2 [402 kB]
Get:65 http://localhost:9999/debian/ unstable/main libpango-1.0-0 amd64 1.36.0-1+b1 [273 kB]
Get:66 http://localhost:9999/debian/ unstable/main libpangoft2-1.0-0 amd64 1.36.0-1+b1 [198 kB]
Get:67 http://localhost:9999/debian/ unstable/main libpangocairo-1.0-0 amd64 1.36.0-1+b1 [185 kB]
Get:68 http://localhost:9999/debian/ unstable/main libsigsegv2 amd64 2.10-2 [29.8 kB]
Get:69 http://localhost:9999/debian/ unstable/main libunistring0 amd64 0.9.3-5 [434 kB]
Get:70 http://localhost:9999/debian/ unstable/main file amd64 1:5.14-2 [54.0 kB]
Get:71 http://localhost:9999/debian/ unstable/main gettext-base amd64 0.18.3.1-2 [116 kB]
Get:72 http://localhost:9999/debian/ unstable/main m4 amd64 1.4.17-2 [255 kB]
Get:73 http://localhost:9999/debian/ unstable/main autoconf all 2.69-2 [339 kB]
Get:74 http://localhost:9999/debian/ unstable/main autotools-dev all 20130810.1 [69.6 kB]
Get:75 http://localhost:9999/debian/ unstable/main automake all 1:1.14.1-2 [724 kB]
Get:76 http://localhost:9999/debian/ unstable/main autopoint all 0.18.3.1-2 [392 kB]
Get:77 http://localhost:9999/debian/ unstable/main gettext amd64 0.18.3.1-2 [1202 kB]
Get:78 http://localhost:9999/debian/ unstable/main intltool-debian all 0.35.0+20060710.1 [30.8 kB]
Get:79 http://localhost:9999/debian/ unstable/main po-debconf all 1.0.16+nmu2 [224 kB]
Get:80 http://localhost:9999/debian/ unstable/main debhelper all 9.20131227 [687 kB]
Get:81 http://localhost:9999/debian/ unstable/main libtool amd64 2.4.2-1.6 [505 kB]
Get:82 http://localhost:9999/debian/ unstable/main dh-autoreconf all 9 [15.5 kB]
Get:83 http://localhost:9999/debian/ unstable/main fflas-ffpack-common all 1.6.0-1 [90.7 kB]
Get:84 http://localhost:9999/debian/ unstable/main fflas-ffpack amd64 1.6.0-1 [8308 B]
Get:85 http://localhost:9999/debian/ unstable/main aglfn all 1.7-3 [29.2 kB]
Get:86 http://localhost:9999/debian/ unstable/main gnuplot-nox amd64 4.6.4-1 [849 kB]
Get:87 http://localhost:9999/debian/ unstable/main gnuplot all 4.6.4-1 [90.1 kB]
Get:88 http://localhost:9999/debian/ unstable/main libblas3 amd64 1.2.20110419-7 [159 kB]
Get:89 http://localhost:9999/debian/ unstable/main libblas-dev amd64 1.2.20110419-7 [154 kB]
Get:90 http://localhost:9999/debian/ unstable/main libatlas-dev all 3.10.1-2 [78.8 kB]
Get:91 http://localhost:9999/debian/ unstable/main libgivaro-dev amd64 3.7.2-1 [338 kB]
Get:92 http://localhost:9999/debian/ unstable/main libgmp-dev amd64 2:5.1.3+dfsg-1 [582 kB]
Get:93 http://localhost:9999/debian/ unstable/main libgsl0ldbl amd64 1.16+dfsg-1 [1140 kB]
Get:94 http://localhost:9999/debian/ unstable/main libgsl0-dev amd64 1.16+dfsg-1 [1444 kB]
Get:95 http://localhost:9999/debian/ unstable/main libiml-dev amd64 1.0.3-5 [57.3 kB]
Get:96 http://localhost:9999/debian/ unstable/main liblapack3 amd64 3.5.0-2 [1735 kB]
Get:97 http://localhost:9999/debian/ unstable/main liblapack-dev amd64 3.5.0-2 [1747 kB]
Get:98 http://localhost:9999/debian/ unstable/main libm4ri-dev amd64 20130416-6 [110 kB]
Get:99 http://localhost:9999/debian/ unstable/main libm4rie-dev amd64 20130416-2 [194 kB]
Get:100 http://localhost:9999/debian/ unstable/main libmpfr-dev amd64 3.1.2-1 [547 kB]
Get:101 http://localhost:9999/debian/ unstable/main libntl0 amd64 5.5.2-2 [792 kB]
Get:102 http://localhost:9999/debian/ unstable/main libntl-dev amd64 5.5.2-2 [1276 kB]
debconf: delaying package configuration, since apt-utils is not installed
Fetched 45.4 MB in 15s (2856 kB/s)
Selecting previously unselected package libpipeline1:amd64.
(Reading database ... 14105 files and directories currently installed.)
Preparing to unpack .../libpipeline1_1.2.6-1_amd64.deb ...
Unpacking libpipeline1:amd64 (1.2.6-1) ...
Selecting previously unselected package libudev1:amd64.
Preparing to unpack .../libudev1_204-6_amd64.deb ...
Unpacking libudev1:amd64 (204-6) ...
Selecting previously unselected package groff-base.
Preparing to unpack .../groff-base_1.22.2-3_amd64.deb ...
Unpacking groff-base (1.22.2-3) ...
Selecting previously unselected package bsdmainutils.
Preparing to unpack .../bsdmainutils_9.0.5_amd64.deb ...
Unpacking bsdmainutils (9.0.5) ...
Selecting previously unselected package man-db.
Preparing to unpack .../man-db_2.6.5-3_amd64.deb ...
Unpacking man-db (2.6.5-3) ...
Selecting previously unselected package libasprintf0c2:amd64.
Preparing to unpack .../libasprintf0c2_0.18.3.1-2_amd64.deb ...
Unpacking libasprintf0c2:amd64 (0.18.3.1-2) ...
Selecting previously unselected package libbsd0:amd64.
Preparing to unpack .../libbsd0_0.6.0-1_amd64.deb ...
Unpacking libbsd0:amd64 (0.6.0-1) ...
Selecting previously unselected package libedit2:amd64.
Preparing to unpack .../libedit2_3.1-20130712-2_amd64.deb ...
Unpacking libedit2:amd64 (3.1-20130712-2) ...
Selecting previously unselected package libmagic1:amd64.
Preparing to unpack .../libmagic1_1%3a5.14-2_amd64.deb ...
Unpacking libmagic1:amd64 (1:5.14-2) ...
Selecting previously unselected package libxml2:amd64.
Preparing to unpack .../libxml2_2.9.1+dfsg1-3_amd64.deb ...
Unpacking libxml2:amd64 (2.9.1+dfsg1-3) ...
Selecting previously unselected package libdrm2:amd64.
Preparing to unpack .../libdrm2_2.4.50-1_amd64.deb ...
Unpacking libdrm2:amd64 (2.4.50-1) ...
Selecting previously unselected package libglapi-mesa:amd64.
Preparing to unpack .../libglapi-mesa_9.2.2-1_amd64.deb ...
Unpacking libglapi-mesa:amd64 (9.2.2-1) ...
Selecting previously unselected package libllvm3.3:amd64.
Preparing to unpack .../libllvm3.3_1%3a3.3-16_amd64.deb ...
Unpacking libllvm3.3:amd64 (1:3.3-16) ...
Selecting previously unselected package libwayland-client0:amd64.
Preparing to unpack .../libwayland-client0_1.3.0-1_amd64.deb ...
Unpacking libwayland-client0:amd64 (1.3.0-1) ...
Selecting previously unselected package libwayland-server0:amd64.
Preparing to unpack .../libwayland-server0_1.3.0-1_amd64.deb ...
Unpacking libwayland-server0:amd64 (1.3.0-1) ...
Selecting previously unselected package libxau6:amd64.
Preparing to unpack .../libxau6_1%3a1.0.8-1_amd64.deb ...
Unpacking libxau6:amd64 (1:1.0.8-1) ...
Selecting previously unselected package libxdmcp6:amd64.
Preparing to unpack .../libxdmcp6_1%3a1.1.1-1_amd64.deb ...
Unpacking libxdmcp6:amd64 (1:1.1.1-1) ...
Selecting previously unselected package libxcb1:amd64.
Preparing to unpack .../libxcb1_1.10-2_amd64.deb ...
Unpacking libxcb1:amd64 (1.10-2) ...
Selecting previously unselected package libxcb-dri2-0:amd64.
Preparing to unpack .../libxcb-dri2-0_1.10-2_amd64.deb ...
Unpacking libxcb-dri2-0:amd64 (1.10-2) ...
Selecting previously unselected package libgbm1:amd64.
Preparing to unpack .../libgbm1_9.2.2-1_amd64.deb ...
Unpacking libgbm1:amd64 (9.2.2-1) ...
Selecting previously unselected package libx11-data.
Preparing to unpack .../libx11-data_2%3a1.6.2-1_all.deb ...
Unpacking libx11-data (2:1.6.2-1) ...
Selecting previously unselected package libx11-6:amd64.
Preparing to unpack .../libx11-6_2%3a1.6.2-1_amd64.deb ...
Unpacking libx11-6:amd64 (2:1.6.2-1) ...
Selecting previously unselected package libx11-xcb1:amd64.
Preparing to unpack .../libx11-xcb1_2%3a1.6.2-1_amd64.deb ...
Unpacking libx11-xcb1:amd64 (2:1.6.2-1) ...
Selecting previously unselected package libxcb-render0:amd64.
Preparing to unpack .../libxcb-render0_1.10-2_amd64.deb ...
Unpacking libxcb-render0:amd64 (1.10-2) ...
Selecting previously unselected package libxcb-shape0:amd64.
Preparing to unpack .../libxcb-shape0_1.10-2_amd64.deb ...
Unpacking libxcb-shape0:amd64 (1.10-2) ...
Selecting previously unselected package libxcb-xfixes0:amd64.
Preparing to unpack .../libxcb-xfixes0_1.10-2_amd64.deb ...
Unpacking libxcb-xfixes0:amd64 (1.10-2) ...
Selecting previously unselected package libegl1-mesa:amd64.
Preparing to unpack .../libegl1-mesa_9.2.2-1_amd64.deb ...
Unpacking libegl1-mesa:amd64 (9.2.2-1) ...
Selecting previously unselected package libexpat1:amd64.
Preparing to unpack .../libexpat1_2.1.0-4_amd64.deb ...
Unpacking libexpat1:amd64 (2.1.0-4) ...
Selecting previously unselected package libpng12-0:amd64.
Preparing to unpack .../libpng12-0_1.2.49-5_amd64.deb ...
Unpacking libpng12-0:amd64 (1.2.49-5) ...
Selecting previously unselected package libfreetype6:amd64.
Preparing to unpack .../libfreetype6_2.5.2-1_amd64.deb ...
Unpacking libfreetype6:amd64 (2.5.2-1) ...
Selecting previously unselected package fonts-dejavu-core.
Preparing to unpack .../fonts-dejavu-core_2.33+svn2514-3_all.deb ...
Unpacking fonts-dejavu-core (2.33+svn2514-3) ...
Selecting previously unselected package fontconfig-config.
Preparing to unpack .../fontconfig-config_2.11.0-2_all.deb ...
Unpacking fontconfig-config (2.11.0-2) ...
Selecting previously unselected package libfontconfig1:amd64.
Preparing to unpack .../libfontconfig1_2.11.0-2_amd64.deb ...
Unpacking libfontconfig1:amd64 (2.11.0-2) ...
Selecting previously unselected package libxcb-glx0:amd64.
Preparing to unpack .../libxcb-glx0_1.10-2_amd64.deb ...
Unpacking libxcb-glx0:amd64 (1.10-2) ...
Selecting previously unselected package libxfixes3:amd64.
Preparing to unpack .../libxfixes3_1%3a5.0.1-1_amd64.deb ...
Unpacking libxfixes3:amd64 (1:5.0.1-1) ...
Selecting previously unselected package libxdamage1:amd64.
Preparing to unpack .../libxdamage1_1%3a1.1.4-1_amd64.deb ...
Unpacking libxdamage1:amd64 (1:1.1.4-1) ...
Selecting previously unselected package libxext6:amd64.
Preparing to unpack .../libxext6_2%3a1.3.2-1_amd64.deb ...
Unpacking libxext6:amd64 (2:1.3.2-1) ...
Selecting previously unselected package libxxf86vm1:amd64.
Preparing to unpack .../libxxf86vm1_1%3a1.1.3-1_amd64.deb ...
Unpacking libxxf86vm1:amd64 (1:1.1.3-1) ...
Selecting previously unselected package libgl1-mesa-glx:amd64.
Preparing to unpack .../libgl1-mesa-glx_9.2.2-1_amd64.deb ...
Unpacking libgl1-mesa-glx:amd64 (9.2.2-1) ...
Selecting previously unselected package libpixman-1-0:amd64.
Preparing to unpack .../libpixman-1-0_0.32.4-1_amd64.deb ...
Unpacking libpixman-1-0:amd64 (0.32.4-1) ...
Selecting previously unselected package libxcb-shm0:amd64.
Preparing to unpack .../libxcb-shm0_1.10-2_amd64.deb ...
Unpacking libxcb-shm0:amd64 (1.10-2) ...
Selecting previously unselected package libxrender1:amd64.
Preparing to unpack .../libxrender1_1%3a0.9.8-1_amd64.deb ...
Unpacking libxrender1:amd64 (1:0.9.8-1) ...
Selecting previously unselected package libcairo2:amd64.
Preparing to unpack .../libcairo2_1.12.16-2_amd64.deb ...
Unpacking libcairo2:amd64 (1.12.16-2) ...
Selecting previously unselected package libglib2.0-0:amd64.
Preparing to unpack .../libglib2.0-0_2.36.4-1_amd64.deb ...
Unpacking libglib2.0-0:amd64 (2.36.4-1) ...
Selecting previously unselected package libcroco3:amd64.
Preparing to unpack .../libcroco3_0.6.8-2_amd64.deb ...
Unpacking libcroco3:amd64 (0.6.8-2) ...
Selecting previously unselected package libdatrie1:amd64.
Preparing to unpack .../libdatrie1_0.2.7.1-1_amd64.deb ...
Unpacking libdatrie1:amd64 (0.2.7.1-1) ...
Selecting previously unselected package libjpeg8:amd64.
Preparing to unpack .../libjpeg8_8d-2_amd64.deb ...
Unpacking libjpeg8:amd64 (8d-2) ...
Selecting previously unselected package libjbig0:amd64.
Preparing to unpack .../libjbig0_2.0-2_amd64.deb ...
Unpacking libjbig0:amd64 (2.0-2) ...
Selecting previously unselected package libtiff5:amd64.
Preparing to unpack .../libtiff5_4.0.3-7_amd64.deb ...
Unpacking libtiff5:amd64 (4.0.3-7) ...
Selecting previously unselected package libvpx1:amd64.
Preparing to unpack .../libvpx1_1.3.0-1_amd64.deb ...
Unpacking libvpx1:amd64 (1.3.0-1) ...
Selecting previously unselected package libxpm4:amd64.
Preparing to unpack .../libxpm4_1%3a3.5.10-1_amd64.deb ...
Unpacking libxpm4:amd64 (1:3.5.10-1) ...
Selecting previously unselected package libgd3:amd64.
Preparing to unpack .../libgd3_2.1.0-3+b1_amd64.deb ...
Unpacking libgd3:amd64 (2.1.0-3+b1) ...
Selecting previously unselected package libgfortran3:amd64.
Preparing to unpack .../libgfortran3_4.8.2-11_amd64.deb ...
Unpacking libgfortran3:amd64 (4.8.2-11) ...
Selecting previously unselected package libgivaro1:amd64.
Preparing to unpack .../libgivaro1_3.7.2-1_amd64.deb ...
Unpacking libgivaro1:amd64 (3.7.2-1) ...
Selecting previously unselected package libgraphite2-3:amd64.
Preparing to unpack .../libgraphite2-3_1.2.4-1_amd64.deb ...
Unpacking libgraphite2-3:amd64 (1.2.4-1) ...
Selecting previously unselected package libharfbuzz0b:amd64.
Preparing to unpack .../libharfbuzz0b_0.9.25-1+b1_amd64.deb ...
Unpacking libharfbuzz0b:amd64 (0.9.25-1+b1) ...
Selecting previously unselected package libatlas3-base.
Preparing to unpack .../libatlas3-base_3.10.1-2_amd64.deb ...
Unpacking libatlas3-base (3.10.1-2) ...
Selecting previously unselected package libiml0:amd64.
Preparing to unpack .../libiml0_1.0.3-5_amd64.deb ...
Unpacking libiml0:amd64 (1.0.3-5) ...
Selecting previously unselected package liblua5.1-0:amd64.
Preparing to unpack .../liblua5.1-0_5.1.5-5_amd64.deb ...
Unpacking liblua5.1-0:amd64 (5.1.5-5) ...
Selecting previously unselected package libm4ri-0.0.20130416:amd64.
Preparing to unpack .../libm4ri-0.0.20130416_20130416-6_amd64.deb ...
Unpacking libm4ri-0.0.20130416:amd64 (20130416-6) ...
Selecting previously unselected package libm4rie-0.0.20130416:amd64.
Preparing to unpack .../libm4rie-0.0.20130416_20130416-2_amd64.deb ...
Unpacking libm4rie-0.0.20130416:amd64 (20130416-2) ...
Selecting previously unselected package libthai-data.
Preparing to unpack .../libthai-data_0.1.20-1_all.deb ...
Unpacking libthai-data (0.1.20-1) ...
Selecting previously unselected package libthai0:amd64.
Preparing to unpack .../libthai0_0.1.20-1_amd64.deb ...
Unpacking libthai0:amd64 (0.1.20-1) ...
Selecting previously unselected package fontconfig.
Preparing to unpack .../fontconfig_2.11.0-2_amd64.deb ...
Unpacking fontconfig (2.11.0-2) ...
Selecting previously unselected package libpango-1.0-0:amd64.
Preparing to unpack .../libpango-1.0-0_1.36.0-1+b1_amd64.deb ...
Unpacking libpango-1.0-0:amd64 (1.36.0-1+b1) ...
Selecting previously unselected package libpangoft2-1.0-0:amd64.
Preparing to unpack .../libpangoft2-1.0-0_1.36.0-1+b1_amd64.deb ...
Unpacking libpangoft2-1.0-0:amd64 (1.36.0-1+b1) ...
Selecting previously unselected package libpangocairo-1.0-0:amd64.
Preparing to unpack .../libpangocairo-1.0-0_1.36.0-1+b1_amd64.deb ...
Unpacking libpangocairo-1.0-0:amd64 (1.36.0-1+b1) ...
Selecting previously unselected package libsigsegv2:amd64.
Preparing to unpack .../libsigsegv2_2.10-2_amd64.deb ...
Unpacking libsigsegv2:amd64 (2.10-2) ...
Selecting previously unselected package libunistring0:amd64.
Preparing to unpack .../libunistring0_0.9.3-5_amd64.deb ...
Unpacking libunistring0:amd64 (0.9.3-5) ...
Selecting previously unselected package file.
Preparing to unpack .../file_1%3a5.14-2_amd64.deb ...
Unpacking file (1:5.14-2) ...
Selecting previously unselected package gettext-base.
Preparing to unpack .../gettext-base_0.18.3.1-2_amd64.deb ...
Unpacking gettext-base (0.18.3.1-2) ...
Selecting previously unselected package m4.
Preparing to unpack .../archives/m4_1.4.17-2_amd64.deb ...
Unpacking m4 (1.4.17-2) ...
Selecting previously unselected package autoconf.
Preparing to unpack .../autoconf_2.69-2_all.deb ...
Unpacking autoconf (2.69-2) ...
Selecting previously unselected package autotools-dev.
Preparing to unpack .../autotools-dev_20130810.1_all.deb ...
Unpacking autotools-dev (20130810.1) ...
Selecting previously unselected package automake.
Preparing to unpack .../automake_1%3a1.14.1-2_all.deb ...
Unpacking automake (1:1.14.1-2) ...
Selecting previously unselected package autopoint.
Preparing to unpack .../autopoint_0.18.3.1-2_all.deb ...
Unpacking autopoint (0.18.3.1-2) ...
Selecting previously unselected package gettext.
Preparing to unpack .../gettext_0.18.3.1-2_amd64.deb ...
Unpacking gettext (0.18.3.1-2) ...
Selecting previously unselected package intltool-debian.
Preparing to unpack .../intltool-debian_0.35.0+20060710.1_all.deb ...
Unpacking intltool-debian (0.35.0+20060710.1) ...
Selecting previously unselected package po-debconf.
Preparing to unpack .../po-debconf_1.0.16+nmu2_all.deb ...
Unpacking po-debconf (1.0.16+nmu2) ...
Selecting previously unselected package debhelper.
Preparing to unpack .../debhelper_9.20131227_all.deb ...
Unpacking debhelper (9.20131227) ...
Selecting previously unselected package libtool.
Preparing to unpack .../libtool_2.4.2-1.6_amd64.deb ...
Unpacking libtool (2.4.2-1.6) ...
Selecting previously unselected package dh-autoreconf.
Preparing to unpack .../dh-autoreconf_9_all.deb ...
Unpacking dh-autoreconf (9) ...
Selecting previously unselected package fflas-ffpack-common.
Preparing to unpack .../fflas-ffpack-common_1.6.0-1_all.deb ...
Unpacking fflas-ffpack-common (1.6.0-1) ...
Selecting previously unselected package fflas-ffpack.
Preparing to unpack .../fflas-ffpack_1.6.0-1_amd64.deb ...
Unpacking fflas-ffpack (1.6.0-1) ...
Selecting previously unselected package aglfn.
Preparing to unpack .../archives/aglfn_1.7-3_all.deb ...
Unpacking aglfn (1.7-3) ...
Selecting previously unselected package gnuplot-nox.
Preparing to unpack .../gnuplot-nox_4.6.4-1_amd64.deb ...
Unpacking gnuplot-nox (4.6.4-1) ...
Selecting previously unselected package gnuplot.
Preparing to unpack .../gnuplot_4.6.4-1_all.deb ...
Unpacking gnuplot (4.6.4-1) ...
Selecting previously unselected package libblas3.
Preparing to unpack .../libblas3_1.2.20110419-7_amd64.deb ...
Unpacking libblas3 (1.2.20110419-7) ...
Selecting previously unselected package libblas-dev.
Preparing to unpack .../libblas-dev_1.2.20110419-7_amd64.deb ...
Unpacking libblas-dev (1.2.20110419-7) ...
Selecting previously unselected package libatlas-dev.
Preparing to unpack .../libatlas-dev_3.10.1-2_all.deb ...
Unpacking libatlas-dev (3.10.1-2) ...
Selecting previously unselected package libgivaro-dev.
Preparing to unpack .../libgivaro-dev_3.7.2-1_amd64.deb ...
Unpacking libgivaro-dev (3.7.2-1) ...
Selecting previously unselected package libgmp-dev:amd64.
Preparing to unpack .../libgmp-dev_2%3a5.1.3+dfsg-1_amd64.deb ...
Unpacking libgmp-dev:amd64 (2:5.1.3+dfsg-1) ...
Selecting previously unselected package libgsl0ldbl.
Preparing to unpack .../libgsl0ldbl_1.16+dfsg-1_amd64.deb ...
Unpacking libgsl0ldbl (1.16+dfsg-1) ...
Selecting previously unselected package libgsl0-dev.
Preparing to unpack .../libgsl0-dev_1.16+dfsg-1_amd64.deb ...
Unpacking libgsl0-dev (1.16+dfsg-1) ...
Selecting previously unselected package libiml-dev.
Preparing to unpack .../libiml-dev_1.0.3-5_amd64.deb ...
Unpacking libiml-dev (1.0.3-5) ...
Selecting previously unselected package liblapack3.
Preparing to unpack .../liblapack3_3.5.0-2_amd64.deb ...
Unpacking liblapack3 (3.5.0-2) ...
Selecting previously unselected package liblapack-dev.
Preparing to unpack .../liblapack-dev_3.5.0-2_amd64.deb ...
Unpacking liblapack-dev (3.5.0-2) ...
Selecting previously unselected package libm4ri-dev.
Preparing to unpack .../libm4ri-dev_20130416-6_amd64.deb ...
Unpacking libm4ri-dev (20130416-6) ...
Selecting previously unselected package libm4rie-dev.
Preparing to unpack .../libm4rie-dev_20130416-2_amd64.deb ...
Unpacking libm4rie-dev (20130416-2) ...
Selecting previously unselected package libmpfr-dev:amd64.
Preparing to unpack .../libmpfr-dev_3.1.2-1_amd64.deb ...
Unpacking libmpfr-dev:amd64 (3.1.2-1) ...
Selecting previously unselected package libntl0.
Preparing to unpack .../libntl0_5.5.2-2_amd64.deb ...
Unpacking libntl0 (5.5.2-2) ...
Selecting previously unselected package libntl-dev.
Preparing to unpack .../libntl-dev_5.5.2-2_amd64.deb ...
Unpacking libntl-dev (5.5.2-2) ...
Selecting previously unselected package sbuild-build-depends-linbox-dummy.
Preparing to unpack .../sbuild-build-depends-linbox-dummy.deb ...
Unpacking sbuild-build-depends-linbox-dummy (0.invalid.0) ...
Setting up libpipeline1:amd64 (1.2.6-1) ...
Setting up libudev1:amd64 (204-6) ...
Setting up groff-base (1.22.2-3) ...
Setting up bsdmainutils (9.0.5) ...
update-alternatives: using /usr/bin/bsd-write to provide /usr/bin/write (write) in auto mode
update-alternatives: using /usr/bin/bsd-from to provide /usr/bin/from (from) in auto mode
Setting up man-db (2.6.5-3) ...
Not building database; man-db/auto-update is not 'true'.
Setting up libasprintf0c2:amd64 (0.18.3.1-2) ...
Setting up libbsd0:amd64 (0.6.0-1) ...
Setting up libedit2:amd64 (3.1-20130712-2) ...
Setting up libmagic1:amd64 (1:5.14-2) ...
Setting up libxml2:amd64 (2.9.1+dfsg1-3) ...
Setting up libdrm2:amd64 (2.4.50-1) ...
Setting up libglapi-mesa:amd64 (9.2.2-1) ...
Setting up libllvm3.3:amd64 (1:3.3-16) ...
Setting up libwayland-client0:amd64 (1.3.0-1) ...
Setting up libwayland-server0:amd64 (1.3.0-1) ...
Setting up libxau6:amd64 (1:1.0.8-1) ...
Setting up libxdmcp6:amd64 (1:1.1.1-1) ...
Setting up libxcb1:amd64 (1.10-2) ...
Setting up libxcb-dri2-0:amd64 (1.10-2) ...
Setting up libgbm1:amd64 (9.2.2-1) ...
Setting up libx11-data (2:1.6.2-1) ...
Setting up libx11-6:amd64 (2:1.6.2-1) ...
Setting up libx11-xcb1:amd64 (2:1.6.2-1) ...
Setting up libxcb-render0:amd64 (1.10-2) ...
Setting up libxcb-shape0:amd64 (1.10-2) ...
Setting up libxcb-xfixes0:amd64 (1.10-2) ...
Setting up libegl1-mesa:amd64 (9.2.2-1) ...
Setting up libexpat1:amd64 (2.1.0-4) ...
Setting up libpng12-0:amd64 (1.2.49-5) ...
Setting up libfreetype6:amd64 (2.5.2-1) ...
Setting up fonts-dejavu-core (2.33+svn2514-3) ...
Setting up fontconfig-config (2.11.0-2) ...
Setting up libfontconfig1:amd64 (2.11.0-2) ...
Setting up libxcb-glx0:amd64 (1.10-2) ...
Setting up libxfixes3:amd64 (1:5.0.1-1) ...
Setting up libxdamage1:amd64 (1:1.1.4-1) ...
Setting up libxext6:amd64 (2:1.3.2-1) ...
Setting up libxxf86vm1:amd64 (1:1.1.3-1) ...
Setting up libgl1-mesa-glx:amd64 (9.2.2-1) ...
Setting up libpixman-1-0:amd64 (0.32.4-1) ...
Setting up libxcb-shm0:amd64 (1.10-2) ...
Setting up libxrender1:amd64 (1:0.9.8-1) ...
Setting up libcairo2:amd64 (1.12.16-2) ...
Setting up libglib2.0-0:amd64 (2.36.4-1) ...
No schema files found: doing nothing.
Setting up libcroco3:amd64 (0.6.8-2) ...
Setting up libdatrie1:amd64 (0.2.7.1-1) ...
Setting up libjpeg8:amd64 (8d-2) ...
Setting up libjbig0:amd64 (2.0-2) ...
Setting up libtiff5:amd64 (4.0.3-7) ...
Setting up libvpx1:amd64 (1.3.0-1) ...
Setting up libxpm4:amd64 (1:3.5.10-1) ...
Setting up libgd3:amd64 (2.1.0-3+b1) ...
Setting up libgfortran3:amd64 (4.8.2-11) ...
Setting up libgivaro1:amd64 (3.7.2-1) ...
Setting up libgraphite2-3:amd64 (1.2.4-1) ...
Setting up libharfbuzz0b:amd64 (0.9.25-1+b1) ...
Setting up libatlas3-base (3.10.1-2) ...
update-alternatives: using /usr/lib/atlas-base/atlas/libblas.so.3 to provide /usr/lib/libblas.so.3 (libblas.so.3) in auto mode
update-alternatives: using /usr/lib/atlas-base/atlas/liblapack.so.3 to provide /usr/lib/liblapack.so.3 (liblapack.so.3) in auto mode
Setting up libiml0:amd64 (1.0.3-5) ...
Setting up liblua5.1-0:amd64 (5.1.5-5) ...
Setting up libm4ri-0.0.20130416:amd64 (20130416-6) ...
Setting up libm4rie-0.0.20130416:amd64 (20130416-2) ...
Setting up libthai-data (0.1.20-1) ...
Setting up libthai0:amd64 (0.1.20-1) ...
Setting up fontconfig (2.11.0-2) ...
Regenerating fonts cache... done.
Setting up libpango-1.0-0:amd64 (1.36.0-1+b1) ...
Setting up libpangoft2-1.0-0:amd64 (1.36.0-1+b1) ...
Setting up libpangocairo-1.0-0:amd64 (1.36.0-1+b1) ...
Setting up libsigsegv2:amd64 (2.10-2) ...
Setting up libunistring0:amd64 (0.9.3-5) ...
Setting up file (1:5.14-2) ...
Setting up gettext-base (0.18.3.1-2) ...
Setting up m4 (1.4.17-2) ...
Setting up autoconf (2.69-2) ...
Setting up autotools-dev (20130810.1) ...
Setting up automake (1:1.14.1-2) ...
update-alternatives: using /usr/bin/automake-1.14 to provide /usr/bin/automake (automake) in auto mode
Setting up autopoint (0.18.3.1-2) ...
Setting up gettext (0.18.3.1-2) ...
Setting up intltool-debian (0.35.0+20060710.1) ...
Setting up po-debconf (1.0.16+nmu2) ...
Setting up debhelper (9.20131227) ...
Setting up libtool (2.4.2-1.6) ...
Setting up dh-autoreconf (9) ...
Setting up fflas-ffpack-common (1.6.0-1) ...
Setting up fflas-ffpack (1.6.0-1) ...
Setting up aglfn (1.7-3) ...
Setting up gnuplot-nox (4.6.4-1) ...
Setting up gnuplot (4.6.4-1) ...
Setting up libblas3 (1.2.20110419-7) ...
Setting up libblas-dev (1.2.20110419-7) ...
update-alternatives: using /usr/lib/libblas/libblas.so to provide /usr/lib/libblas.so (libblas.so) in auto mode
Setting up libatlas-dev (3.10.1-2) ...
Setting up libgivaro-dev (3.7.2-1) ...
Setting up libgmp-dev:amd64 (2:5.1.3+dfsg-1) ...
Setting up libgsl0ldbl (1.16+dfsg-1) ...
Setting up libgsl0-dev (1.16+dfsg-1) ...
Setting up libiml-dev (1.0.3-5) ...
Setting up liblapack3 (3.5.0-2) ...
update-alternatives: using /usr/lib/lapack/liblapack.so.3 to provide /usr/lib/liblapack.so.3 (liblapack.so.3) in auto mode
Setting up liblapack-dev (3.5.0-2) ...
update-alternatives: using /usr/lib/lapack/liblapack.so to provide /usr/lib/liblapack.so (liblapack.so) in auto mode
Setting up libm4ri-dev (20130416-6) ...
Setting up libm4rie-dev (20130416-2) ...
Setting up libmpfr-dev:amd64 (3.1.2-1) ...
Setting up libntl0 (5.5.2-2) ...
Setting up libntl-dev (5.5.2-2) ...
Setting up sbuild-build-depends-linbox-dummy (0.invalid.0) ...
Processing triggers for libc-bin (2.17-97) ...

┌──────────────────────────────────────────────────────────────────────────────┐
│ Build environment                                                            │
└──────────────────────────────────────────────────────────────────────────────┘

Kernel: Linux 2.6.32-5-xen-amd64 amd64 (x86_64)
Toolchain package versions: binutils_2.24-2 dpkg-dev_1.17.5 g++-4.6_4.6.4-5 g++-4.8_4.8.2-11 gcc-4.6_4.6.4-5 gcc-4.7_4.7.3-9 gcc-4.8_4.8.2-11 libc6-dev_2.17-97 libstdc++-4.8-dev_4.8.2-11 libstdc++6_4.8.2-11 libstdc++6-4.6-dev_4.6.4-5 linux-libc-dev_3.12.6-2
Package versions: aglfn_1.7-3 apt_0.9.14.2 autoconf_2.69-2 automake_1:1.14.1-2 autopoint_0.18.3.1-2 autotools-dev_20130810.1 base-files_7.2 base-passwd_3.5.29 bash_4.2+dfsg-1 binutils_2.24-2 bsdmainutils_9.0.5 bsdutils_1:2.20.1-5.5 build-essential_11.6 bzip2_1.0.6-5 clang-3.4_1:3.4-1 coreutils_8.21-1 cpp_4:4.8.2-1 cpp-4.6_4.6.4-5 cpp-4.7_4.7.3-9 cpp-4.8_4.8.2-11 dash_0.5.7-3+nmu1 debconf_1.5.52 debconf-i18n_1.5.52 debfoster_2.7-1.2 debhelper_9.20131227 debian-archive-keyring_2012.4 debianutils_4.4 dh-autoreconf_9 diffutils_1:3.3-1 dpkg_1.17.5 dpkg-dev_1.17.5 e2fslibs_1.42.9-2 e2fsprogs_1.42.9-2 fakeroot_1.20-3 fflas-ffpack_1.6.0-1 fflas-ffpack-common_1.6.0-1 file_1:5.14-2 findutils_4.4.2-7 fontconfig_2.11.0-2 fontconfig-config_2.11.0-2 fonts-dejavu-core_2.33+svn2514-3 g++_4:4.8.2-1 g++-4.6_4.6.4-5 g++-4.8_4.8.2-11 gcc_4:4.8.2-1 gcc-4.4-base_4.4.7-6 gcc-4.5-base_4.5.4-1 gcc-4.6_4.6.4-5 gcc-4.6-base_4.6.4-5 gcc-4.7_4.7.3-9 gcc-4.7-base_4.7.3-9 gcc-4.8_4.8.2-11 gcc-4.8-base_4.8.2-11 gettext_0.18.3.1-2 gettext-base_0.18.3.1-2 gnupg_1.4.15-3 gnuplot_4.6.4-1 gnuplot-nox_4.6.4-1 gpgv_1.4.15-3 grep_2.15-2 groff-base_1.22.2-3 gzip_1.6-3 hostname_3.15 initscripts_2.88dsf-45 insserv_1.14.0-5 intltool-debian_0.35.0+20060710.1 libacl1_2.2.52-1 libapt-pkg4.12_0.9.14.2 libarchive-extract-perl_0.70-1 libasan0_4.8.2-11 libasprintf0c2_0.18.3.1-2 libatlas-dev_3.10.1-2 libatlas3-base_3.10.1-2 libatomic1_4.8.2-11 libattr1_1:2.4.47-1 libaudit-common_1:2.3.2-3 libaudit1_1:2.3.2-3 libblas-dev_1.2.20110419-7 libblas3_1.2.20110419-7 libblkid1_2.20.1-5.5 libbsd0_0.6.0-1 libbz2-1.0_1.0.6-5 libc-bin_2.17-97 libc-dev-bin_2.17-97 libc6_2.17-97 libc6-dev_2.17-97 libcairo2_1.12.16-2 libcap2_1:2.22-1.2 libclang-common-3.4-dev_1:3.4-1 libclang1-3.4_1:3.4-1 libclass-isa-perl_0.36-5 libcloog-isl4_0.18.1-3 libcloog-ppl1_0.16.1-4 libcomerr2_1.42.9-2 libcroco3_0.6.8-2 libdatrie1_0.2.7.1-1 libdb5.1_5.1.29-7 libdpkg-perl_1.17.5 libdrm2_2.4.50-1 libedit2_3.1-20130712-2 libegl1-mesa_9.2.2-1 libexpat1_2.1.0-4 libfakeroot_1.20-3 libffi6_3.0.13-10 libfile-fcntllock-perl_0.14-2+b1 libfontconfig1_2.11.0-2 libfreetype6_2.5.2-1 libgbm1_9.2.2-1 libgc1c2_1:7.2d-6 libgcc-4.7-dev_4.7.3-9 libgcc-4.8-dev_4.8.2-11 libgcc1_1:4.8.2-11 libgd3_2.1.0-3+b1 libgdbm3_1.8.3-12 libgfortran3_4.8.2-11 libgivaro-dev_3.7.2-1 libgivaro1_3.7.2-1 libgl1-mesa-glx_9.2.2-1 libglapi-mesa_9.2.2-1 libglib2.0-0_2.36.4-1 libgmp-dev_2:5.1.3+dfsg-1 libgmp10_2:5.1.3+dfsg-1 libgmpxx4ldbl_2:5.1.3+dfsg-1 libgomp1_4.8.2-11 libgpm2_1.20.4-6.1 libgraphite2-3_1.2.4-1 libgsl0-dev_1.16+dfsg-1 libgsl0ldbl_1.16+dfsg-1 libharfbuzz0b_0.9.25-1+b1 libiml-dev_1.0.3-5 libiml0_1.0.3-5 libisl10_0.12.1-2 libitm1_4.8.2-11 libjbig0_2.0-2 libjpeg8_8d-2 liblapack-dev_3.5.0-2 liblapack3_3.5.0-2 libllvm3.3_1:3.3-16 libllvm3.4_1:3.4-1 liblocale-gettext-perl_1.05-7+b2 liblog-message-simple-perl_0.10-1 liblua5.1-0_5.1.5-5 liblzma5_5.1.1alpha+20120614-2 libm4ri-0.0.20130416_20130416-6 libm4ri-dev_20130416-6 libm4rie-0.0.20130416_20130416-2 libm4rie-dev_20130416-2 libmagic1_1:5.14-2 libmodule-pluggable-perl_4.8-1 libmount1_2.20.1-5.5 libmpc2_0.9-4 libmpc3_1.0.1-1 libmpfr-dev_3.1.2-1 libmpfr4_3.1.2-1 libncurses5_5.9+20130608-1 libntl-dev_5.5.2-2 libntl0_5.5.2-2 libobjc-4.8-dev_4.8.2-11 libobjc4_4.8.2-11 libpam-modules_1.1.3-10 libpam-modules-bin_1.1.3-10 libpam-runtime_1.1.3-10 libpam0g_1.1.3-10 libpango-1.0-0_1.36.0-1+b1 libpangocairo-1.0-0_1.36.0-1+b1 libpangoft2-1.0-0_1.36.0-1+b1 libpcre3_1:8.31-2 libpipeline1_1.2.6-1 libpixman-1-0_0.32.4-1 libpng12-0_1.2.49-5 libpod-latex-perl_0.61-1 libppl-c4_1:1.0-7 libppl12_1:1.0-7 libquadmath0_4.8.2-11 libreadline6_6.2+dfsg-0.1 libselinux1_2.2.1-1 libsemanage-common_2.2-1 libsemanage1_2.2-1 libsepol1_2.2-1 libsigsegv2_2.10-2 libslang2_2.2.4-16 libss2_1.42.9-2 libstdc++-4.8-dev_4.8.2-11 libstdc++6_4.8.2-11 libstdc++6-4.6-dev_4.6.4-5 libswitch-perl_2.16-2 libterm-ui-perl_0.42-1 libtext-charwidth-perl_0.04-7+b2 libtext-iconv-perl_1.7-5+b1 libtext-soundex-perl_3.4-1+b1 libtext-wrapi18n-perl_0.06-7 libthai-data_0.1.20-1 libthai0_0.1.20-1 libtiff5_4.0.3-7 libtimedate-perl_2.3000-1 libtinfo5_5.9+20130608-1 libtool_2.4.2-1.6 libtsan0_4.8.2-11 libudev1_204-6 libunistring0_0.9.3-5 libusb-0.1-4_2:0.1.12-23.3 libustr-1.0-1_1.0.4-3 libuuid1_2.20.1-5.5 libvpx1_1.3.0-1 libwayland-client0_1.3.0-1 libwayland-server0_1.3.0-1 libx11-6_2:1.6.2-1 libx11-data_2:1.6.2-1 libx11-xcb1_2:1.6.2-1 libxau6_1:1.0.8-1 libxcb-dri2-0_1.10-2 libxcb-glx0_1.10-2 libxcb-render0_1.10-2 libxcb-shape0_1.10-2 libxcb-shm0_1.10-2 libxcb-xfixes0_1.10-2 libxcb1_1.10-2 libxdamage1_1:1.1.4-1 libxdmcp6_1:1.1.1-1 libxext6_2:1.3.2-1 libxfixes3_1:5.0.1-1 libxml2_2.9.1+dfsg1-3 libxpm4_1:3.5.10-1 libxrender1_1:0.9.8-1 libxxf86vm1_1:1.1.3-1 linux-libc-dev_3.12.6-2 login_1:4.1.5.1-1 lsb-base_4.1+Debian12 m4_1.4.17-2 make_3.81-8.3 man-db_2.6.5-3 mawk_1.3.3-17 mount_2.20.1-5.5 multiarch-support_2.17-97 ncurses-base_5.9+20130608-1 ncurses-bin_5.9+20130608-1 passwd_1:4.1.5.1-1 patch_2.7.1-4 perl_5.18.1-5 perl-base_5.18.1-5 perl-modules_5.18.1-5 po-debconf_1.0.16+nmu2 readline-common_6.2+dfsg-0.1 sbuild-build-depends-core-dummy_0.invalid.0 sbuild-build-depends-linbox-dummy_0.invalid.0 sed_4.2.2-3 sensible-utils_0.0.9 sudo_1.8.8-2 sysv-rc_2.88dsf-45 sysvinit_2.88dsf-45 sysvinit-core_2.88dsf-45 sysvinit-utils_2.88dsf-45 tar_1.27-4 tzdata_2013i-1 ucf_3.0027+nmu1 util-linux_2.20.1-5.5 vim_2:7.4.052-1 vim-common_2:7.4.052-1 vim-runtime_2:7.4.052-1 xz-utils_5.1.1alpha+20120614-2 zlib1g_1:1.2.8.dfsg-1

┌──────────────────────────────────────────────────────────────────────────────┐
│ Build                                                                        │
└──────────────────────────────────────────────────────────────────────────────┘


Unpack source
─────────────

gpgv: keyblock resource `/sbuild-nonexistent/.gnupg/trustedkeys.gpg': file open error
gpgv: Signature made Thu Sep 12 20:16:28 2013 UTC using RSA key ID 8ECECD2A
gpgv: Can't check signature: public key not found
dpkg-source: warning: failed to verify signature on ./linbox_1.3.2-1.dsc
dpkg-source: info: extracting linbox in linbox-1.3.2
dpkg-source: info: unpacking linbox_1.3.2.orig.tar.gz
dpkg-source: info: unpacking linbox_1.3.2-1.debian.tar.gz
dpkg-source: info: applying example.patch
dpkg-source: info: applying soname.patch
dpkg-source: info: applying fix-doc-path.patch
dpkg-source: info: applying fix-gmp-detect.patch
dpkg-source: info: applying linboxsage-link-iml.patch

Check disc space
────────────────

Sufficient free space for build

Hack binNMU version
───────────────────

Created changelog entry for binNMU version 1.3.2-1clang1

User Environment
────────────────

DEB_BUILD_OPTIONS=parallel=10
HOME=/sbuild-nonexistent
LOGNAME=user
PATH=/usr/local/sbin:/usr/local/bin:/usr/sbin:/usr/bin:/sbin:/bin:/usr/games
SCHROOT_ALIAS_NAME=unstable-amd64-sbuild
SCHROOT_CHROOT_NAME=unstable-amd64-sbuild
SCHROOT_COMMAND=env
SCHROOT_GID=1000
SCHROOT_GROUP=user
SCHROOT_SESSION_ID=unstable-amd64-sbuild-49509900-09fe-4c65-ba55-485eaf96596f
SCHROOT_UID=1000
SCHROOT_USER=user
SHELL=/bin/sh
USER=user

dpkg-buildpackage
─────────────────

dpkg-buildpackage: source package linbox
dpkg-buildpackage: source version 1.3.2-1clang1
dpkg-buildpackage: source distribution unstable
 dpkg-source --before-build linbox-1.3.2
dpkg-buildpackage: host architecture amd64
 fakeroot debian/rules clean
dh clean --with autoreconf --parallel
   dh_testdir -O--parallel
   dh_auto_clean -O--parallel
   dh_autoreconf_clean -O--parallel
   dh_clean -O--parallel
 debian/rules build-arch
dh build-arch --with autoreconf --parallel
   dh_testdir -a -O--parallel
   dh_autoreconf -a -O--parallel
libtoolize: putting auxiliary files in AC_CONFIG_AUX_DIR, `build-aux'.
libtoolize: copying file `build-aux/ltmain.sh'
libtoolize: putting macros in AC_CONFIG_MACRO_DIR, `macros'.
libtoolize: copying file `macros/libtool.m4'
libtoolize: copying file `macros/ltoptions.m4'
libtoolize: copying file `macros/ltsugar.m4'
libtoolize: copying file `macros/ltversion.m4'
libtoolize: copying file `macros/lt~obsolete.m4'
configure.ac:122: installing 'build-aux/compile'
parallel-tests: installing 'build-aux/test-driver'
   debian/rules override_dh_auto_configure
make[1]: Entering directory `/«PKGBUILDDIR»'
dh_auto_configure -- \
		--prefix=/usr \
		--libdir=/usr/lib/x86_64-linux-gnu \
		--with-gmp \
		--with-m4rie \
		--with-givaro \
		--with-ntl \
		--with-iml \
		--with-m4ri \
		--enable-optimization \
		--enable-sage \
		--enable-shared
checking for a BSD-compatible install... /usr/bin/install -c
checking whether build environment is sane... yes
checking for a thread-safe mkdir -p... /bin/mkdir -p
checking for gawk... no
checking for mawk... mawk
checking whether make sets $(MAKE)... yes
checking whether make supports nested variables... yes
checking for rm... /bin/rm
checking whether to enable maintainer-specific portions of Makefiles... no
-----------------------------------------------
checking whether to enable debugging options in the library... no
checking whether to enable profiling everything in the library... no
checking whether to enable warnings when compiling the library... no
-----------------------------------------------
checking for g++... g++
checking whether the C++ compiler works... yes
checking for C++ compiler default output file name... a.out
checking for suffix of executables... 
checking whether we are cross compiling... no
checking for suffix of object files... o
checking whether we are using the GNU C++ compiler... yes
checking whether g++ accepts -g... yes
checking for family name of compiler... gcc
checking how to run the C++ preprocessor... g++ -E
checking for grep that handles long lines and -e... /bin/grep
checking for egrep... /bin/grep -E
checking for ANSI C header files... yes
checking build system type... x86_64-pc-linux-gnu
checking host system type... x86_64-pc-linux-gnu
checking how to print strings... printf
checking for gcc... gcc
checking whether we are using the GNU C compiler... yes
checking whether gcc accepts -g... yes
checking for gcc option to accept ISO C89... none needed
checking whether gcc understands -c and -o together... yes
checking for a sed that does not truncate output... /bin/sed
checking for fgrep... /bin/grep -F
checking for ld used by gcc... /usr/bin/ld
checking if the linker (/usr/bin/ld) is GNU ld... yes
checking for BSD- or MS-compatible name lister (nm)... /usr/bin/nm -B
checking the name lister (/usr/bin/nm -B) interface... BSD nm
checking whether ln -s works... yes
checking the maximum length of command line arguments... 3458764513820540925
checking whether the shell understands some XSI constructs... yes
checking whether the shell understands "+="... yes
checking how to convert x86_64-pc-linux-gnu file names to x86_64-pc-linux-gnu format... func_convert_file_noop
checking how to convert x86_64-pc-linux-gnu file names to toolchain format... func_convert_file_noop
checking for /usr/bin/ld option to reload object files... -r
checking for objdump... objdump
checking how to recognize dependent libraries... pass_all
checking for dlltool... no
checking how to associate runtime and link libraries... printf %s\n
checking for ar... ar
checking for archiver @FILE support... @
checking for strip... strip
checking for ranlib... ranlib
checking command to parse /usr/bin/nm -B output from gcc object... ok
checking for sysroot... no
checking for mt... no
checking if : is a manifest tool... no
checking for sys/types.h... yes
checking for sys/stat.h... yes
checking for stdlib.h... yes
checking for string.h... yes
checking for memory.h... yes
checking for strings.h... yes
checking for inttypes.h... yes
checking for stdint.h... yes
checking for unistd.h... yes
checking for dlfcn.h... yes
checking for objdir... .libs
checking if gcc supports -fno-rtti -fno-exceptions... yes
checking for gcc option to produce PIC... -fPIC -DPIC
checking if gcc PIC flag -fPIC -DPIC works... yes
checking if gcc static flag -static works... yes
checking if gcc supports -c -o file.o... yes
checking if gcc supports -c -o file.o... (cached) yes
checking whether the gcc linker (/usr/bin/ld -m elf_x86_64) supports shared libraries... yes
checking whether -lc should be explicitly linked in... no
checking dynamic linker characteristics... GNU/Linux ld.so
checking how to hardcode library paths into programs... immediate
checking whether stripping libraries is possible... yes
checking if libtool supports shared libraries... yes
checking whether to build shared libraries... yes
checking whether to build static libraries... yes
checking how to run the C++ preprocessor... g++ -E
checking for ld used by g++... /usr/bin/ld -m elf_x86_64
checking if the linker (/usr/bin/ld -m elf_x86_64) is GNU ld... yes
checking whether the g++ linker (/usr/bin/ld -m elf_x86_64) supports shared libraries... yes
checking for g++ option to produce PIC... -fPIC -DPIC
checking if g++ PIC flag -fPIC -DPIC works... yes
checking if g++ static flag -static works... yes
checking if g++ supports -c -o file.o... yes
checking if g++ supports -c -o file.o... (cached) yes
checking whether the g++ linker (/usr/bin/ld -m elf_x86_64) supports shared libraries... yes
checking dynamic linker characteristics... (cached) GNU/Linux ld.so
checking how to hardcode library paths into programs... immediate
-----------------------------------------------
checking size of char... 1
checking size of short... 2
checking size of int... 4
checking size of long... 8
checking size of long long... 8
checking size of __int64... 0
checking for ANSI C header files... (cached) yes
checking float.h usability... yes
checking float.h presence... yes
checking for float.h... yes
checking limits.h usability... yes
checking limits.h presence... yes
checking for limits.h... yes
checking stddef.h usability... yes
checking stddef.h presence... yes
checking for stddef.h... yes
checking for stdlib.h... (cached) yes
checking for string.h... (cached) yes
checking sys/time.h usability... yes
checking sys/time.h presence... yes
checking for sys/time.h... yes
checking for stdint.h... (cached) yes
checking whether byte ordering is bigendian... no
-----------------------------------------------
Default path = /usr /usr/local 
checking whether to compile the drivers... no
-----------------------------------------------
checking for GMP >= 3.1.1... found
checking whether GMP is 4.0 or greater... yes
checking whether GMP was compiled with --enable-cxx... yes
checking for IML... found
checking for M4RI... found
checking for M4RIE... found
checking for MPFR... found
checking for FPLLL... not found
checking for NTL >= 5.0... found
checking for GIVARO >= 30700 and < 30800... found
checking whether to compile the SAGE interface... yes
checking for FFLAS-FFPACK >= 10600 and < 10700... found
checking for LAPACK in fflas-ffpack... no
checking whether gnuplot works... yes
checking whether ps2pdf works... no

You must have ps2pdf installed to create pdf benchmarks
graphics for LinBox. Download the appropriate package  
for your distribution, or get the source tarball from  
http://pages.cs.wisc.edu/~ghost/                       
checking whether to use run time optimization... OK
checking whether to build documentation... no
checking whether dot works... no
Creating data dir in benchmark
-----------------------------------------------
checking that generated files are newer than configure... done
configure: creating ./config.status
config.status: creating Makefile
config.status: creating linbox-config
config.status: creating examples/Makefile
config.status: creating examples/fields/Makefile
config.status: creating examples/Readme-make
config.status: creating doc/Makefile
config.status: creating linbox/Makefile
config.status: creating linbox/algorithms/Makefile
config.status: creating linbox/algorithms/gauss/Makefile
config.status: creating linbox/algorithms/matrix-blas3/Makefile
config.status: creating linbox/blackbox/Makefile
config.status: creating linbox/element/Makefile
config.status: creating linbox/field/Makefile
config.status: creating linbox/field/NTL/Makefile
config.status: creating linbox/field/Givaro/Makefile
config.status: creating linbox/field/Modular/Makefile
config.status: creating linbox/matrix/Makefile
config.status: creating linbox/randiter/Makefile
config.status: creating linbox/ring/Makefile
config.status: creating linbox/solutions/Makefile
config.status: creating linbox/switch/Makefile
config.status: creating linbox/util/Makefile
config.status: creating linbox/util/formats/Makefile
config.status: creating linbox/vector/Makefile
config.status: creating tests/Makefile
config.status: creating tests/data/Makefile
config.status: creating tests/matrix/Makefile
config.status: creating interfaces/Makefile
config.status: creating interfaces/driver/Makefile
config.status: creating interfaces/maple/Makefile
config.status: creating interfaces/kaapi/Makefile
config.status: creating interfaces/sage/Makefile
config.status: creating macros/Makefile
config.status: creating benchmarks/Makefile
config.status: creating config.h
config.status: executing linbox/linbox-config.h commands
config.status: creating linbox/linbox-config.h - prefix __LINBOX for config.h defines
config.status: executing depfiles commands
config.status: executing libtool commands
make[1]: Leaving directory `/«PKGBUILDDIR»'
   dh_auto_build -a -O--parallel
make[1]: Entering directory `/«PKGBUILDDIR»'
make  all-recursive
make[2]: Entering directory `/«PKGBUILDDIR»'
Making all in linbox
make[3]: Entering directory `/«PKGBUILDDIR»/linbox'
Making all in util
make[4]: Entering directory `/«PKGBUILDDIR»/linbox/util'
Making all in formats
make[5]: Entering directory `/«PKGBUILDDIR»/linbox/util/formats'
make[5]: Nothing to be done for `all'.
make[5]: Leaving directory `/«PKGBUILDDIR»/linbox/util/formats'
make[5]: Entering directory `/«PKGBUILDDIR»/linbox/util'
/bin/bash ../../libtool  --tag=CXX   --mode=compile g++ -DHAVE_CONFIG_H -I. -I../..  -I../.. -I../../linbox   -D_FORTIFY_SOURCE=2 -O2    -g -DNDEBUG -U_LB_DEBUG -I/usr/include/x86_64-linux-gnu -g -O2 -fstack-protector --param=ssp-buffer-size=4 -Wformat -Werror=format-security -c -o error.lo error.C
/bin/bash ../../libtool  --tag=CXX   --mode=compile g++ -DHAVE_CONFIG_H -I. -I../..  -I../.. -I../../linbox   -D_FORTIFY_SOURCE=2 -O2    -g -DNDEBUG -U_LB_DEBUG -I/usr/include/x86_64-linux-gnu -g -O2 -fstack-protector --param=ssp-buffer-size=4 -Wformat -Werror=format-security -c -o debug.lo debug.C
libtool: compile:  g++ -DHAVE_CONFIG_H -I. -I../.. -I../.. -I../../linbox -D_FORTIFY_SOURCE=2 -O2 -g -DNDEBUG -U_LB_DEBUG -I/usr/include/x86_64-linux-gnu -g -O2 -fstack-protector --param=ssp-buffer-size=4 -Wformat -Werror=format-security -c debug.C  -fPIC -DPIC -o .libs/debug.o
libtool: compile:  g++ -DHAVE_CONFIG_H -I. -I../.. -I../.. -I../../linbox -D_FORTIFY_SOURCE=2 -O2 -g -DNDEBUG -U_LB_DEBUG -I/usr/include/x86_64-linux-gnu -g -O2 -fstack-protector --param=ssp-buffer-size=4 -Wformat -Werror=format-security -c error.C  -fPIC -DPIC -o .libs/error.o
In file included from error.C:28:
../../linbox/util/error.h:41:34: warning: expression which evaluates to zero treated as a null pointer constant of type 'const char *' [-Wnon-literal-null-conversion]
                LinboxError (const char* msg = '\0') {
                                               ^~~~
In file included from debug.C:30:
In file included from ../../linbox/util/debug.h:41:
../../linbox/util/error.h:41:34: warning: expression which evaluates to zero treated as a null pointer constant of type 'const char *' [-Wnon-literal-null-conversion]
                LinboxError (const char* msg = '\0') {
                                               ^~~~
1 warning generated.
libtool: compile:  g++ -DHAVE_CONFIG_H -I. -I../.. -I../.. -I../../linbox -D_FORTIFY_SOURCE=2 -O2 -g -DNDEBUG -U_LB_DEBUG -I/usr/include/x86_64-linux-gnu -g -O2 -fstack-protector --param=ssp-buffer-size=4 -Wformat -Werror=format-security -c error.C -o error.o >/dev/null 2>&1
In file included from debug.C:30:
../../linbox/util/debug.h:167:24: warning: expression which evaluates to zero treated as a null pointer constant of type 'const char *' [-Wnon-literal-null-conversion]
                                  const char * why='\0')
                                                   ^~~~
../../linbox/util/debug.h:199:28: warning: expression which evaluates to zero treated as a null pointer constant of type 'const char *' [-Wnon-literal-null-conversion]
                              const char * what='\0')
                                                ^~~~
../../linbox/util/debug.h:229:30: warning: expression which evaluates to zero treated as a null pointer constant of type 'const char *' [-Wnon-literal-null-conversion]
                            const char * function='\0',
                                                  ^~~~
../../linbox/util/debug.h:230:25: warning: expression which evaluates to zero treated as a null pointer constant of type 'const char *' [-Wnon-literal-null-conversion]
                            const char* file='\0',
                                             ^~~~
5 warnings generated.
libtool: compile:  g++ -DHAVE_CONFIG_H -I. -I../.. -I../.. -I../../linbox -D_FORTIFY_SOURCE=2 -O2 -g -DNDEBUG -U_LB_DEBUG -I/usr/include/x86_64-linux-gnu -g -O2 -fstack-protector --param=ssp-buffer-size=4 -Wformat -Werror=format-security -c debug.C -o debug.o >/dev/null 2>&1
/bin/bash ../../libtool  --tag=CXX   --mode=link g++ -O2    -g -DNDEBUG -U_LB_DEBUG -I/usr/include/x86_64-linux-gnu -g -O2 -fstack-protector --param=ssp-buffer-size=4 -Wformat -Werror=format-security -lgivaro  -Wl,-z,relro -Wl,-z,relro -o libutil.la  error.lo debug.lo  -lgivaro
libtool: link: ar cru .libs/libutil.a .libs/error.o .libs/debug.o 
libtool: link: ranlib .libs/libutil.a
libtool: link: ( cd ".libs" && rm -f "libutil.la" && ln -s "../libutil.la" "libutil.la" )
make[5]: Leaving directory `/«PKGBUILDDIR»/linbox/util'
make[4]: Leaving directory `/«PKGBUILDDIR»/linbox/util'
Making all in element
make[4]: Entering directory `/«PKGBUILDDIR»/linbox/element'
make[4]: Nothing to be done for `all'.
make[4]: Leaving directory `/«PKGBUILDDIR»/linbox/element'
Making all in field
make[4]: Entering directory `/«PKGBUILDDIR»/linbox/field'
Making all in NTL
make[5]: Entering directory `/«PKGBUILDDIR»/linbox/field/NTL'
make[5]: Nothing to be done for `all'.
make[5]: Leaving directory `/«PKGBUILDDIR»/linbox/field/NTL'
Making all in Givaro
make[5]: Entering directory `/«PKGBUILDDIR»/linbox/field/Givaro'
make[5]: Nothing to be done for `all'.
make[5]: Leaving directory `/«PKGBUILDDIR»/linbox/field/Givaro'
Making all in Modular
make[5]: Entering directory `/«PKGBUILDDIR»/linbox/field/Modular'
make[5]: Nothing to be done for `all'.
make[5]: Leaving directory `/«PKGBUILDDIR»/linbox/field/Modular'
make[5]: Entering directory `/«PKGBUILDDIR»/linbox/field'
make[5]: Nothing to be done for `all-am'.
make[5]: Leaving directory `/«PKGBUILDDIR»/linbox/field'
make[4]: Leaving directory `/«PKGBUILDDIR»/linbox/field'
Making all in randiter
make[4]: Entering directory `/«PKGBUILDDIR»/linbox/randiter'
/bin/bash ../../libtool  --tag=CXX   --mode=compile g++ -DHAVE_CONFIG_H -I. -I../..  -I../../linbox -D_FORTIFY_SOURCE=2 -O2    -g -DNDEBUG -U_LB_DEBUG -DDISABLE_COMMENTATOR -I/usr/include/x86_64-linux-gnu      -I/usr/include/x86_64-linux-gnu -g -O2 -fstack-protector --param=ssp-buffer-size=4 -Wformat -Werror=format-security -c -o mersenne-twister.lo mersenne-twister.C
libtool: compile:  g++ -DHAVE_CONFIG_H -I. -I../.. -I../../linbox -D_FORTIFY_SOURCE=2 -O2 -g -DNDEBUG -U_LB_DEBUG -DDISABLE_COMMENTATOR -I/usr/include/x86_64-linux-gnu -I/usr/include/x86_64-linux-gnu -g -O2 -fstack-protector --param=ssp-buffer-size=4 -Wformat -Werror=format-security -c mersenne-twister.C  -fPIC -DPIC -o .libs/mersenne-twister.o
In file included from mersenne-twister.C:48:
In file included from ../../linbox/util/debug.h:41:
../../linbox/util/error.h:41:34: warning: expression which evaluates to zero treated as a null pointer constant of type 'const char *' [-Wnon-literal-null-conversion]
                LinboxError (const char* msg = '\0') {
                                               ^~~~
In file included from mersenne-twister.C:48:
../../linbox/util/debug.h:167:24: warning: expression which evaluates to zero treated as a null pointer constant of type 'const char *' [-Wnon-literal-null-conversion]
                                  const char * why='\0')
                                                   ^~~~
../../linbox/util/debug.h:199:28: warning: expression which evaluates to zero treated as a null pointer constant of type 'const char *' [-Wnon-literal-null-conversion]
                              const char * what='\0')
                                                ^~~~
../../linbox/util/debug.h:229:30: warning: expression which evaluates to zero treated as a null pointer constant of type 'const char *' [-Wnon-literal-null-conversion]
                            const char * function='\0',
                                                  ^~~~
../../linbox/util/debug.h:230:25: warning: expression which evaluates to zero treated as a null pointer constant of type 'const char *' [-Wnon-literal-null-conversion]
                            const char* file='\0',
                                             ^~~~
5 warnings generated.
libtool: compile:  g++ -DHAVE_CONFIG_H -I. -I../.. -I../../linbox -D_FORTIFY_SOURCE=2 -O2 -g -DNDEBUG -U_LB_DEBUG -DDISABLE_COMMENTATOR -I/usr/include/x86_64-linux-gnu -I/usr/include/x86_64-linux-gnu -g -O2 -fstack-protector --param=ssp-buffer-size=4 -Wformat -Werror=format-security -c mersenne-twister.C -o mersenne-twister.o >/dev/null 2>&1
/bin/bash ../../libtool  --tag=CXX   --mode=link g++ -O2    -g -DNDEBUG -U_LB_DEBUG -DDISABLE_COMMENTATOR -I/usr/include/x86_64-linux-gnu      -I/usr/include/x86_64-linux-gnu -g -O2 -fstack-protector --param=ssp-buffer-size=4 -Wformat -Werror=format-security  -Wl,-z,relro -o libranditer.la  mersenne-twister.lo  
libtool: link: ar cru .libs/libranditer.a .libs/mersenne-twister.o 
libtool: link: ranlib .libs/libranditer.a
libtool: link: ( cd ".libs" && rm -f "libranditer.la" && ln -s "../libranditer.la" "libranditer.la" )
make[4]: Leaving directory `/«PKGBUILDDIR»/linbox/randiter'
Making all in vector
make[4]: Entering directory `/«PKGBUILDDIR»/linbox/vector'
make[4]: Nothing to be done for `all'.
make[4]: Leaving directory `/«PKGBUILDDIR»/linbox/vector'
Making all in matrix
make[4]: Entering directory `/«PKGBUILDDIR»/linbox/matrix'
make[4]: Nothing to be done for `all'.
make[4]: Leaving directory `/«PKGBUILDDIR»/linbox/matrix'
Making all in blackbox
make[4]: Entering directory `/«PKGBUILDDIR»/linbox/blackbox'
make[4]: Nothing to be done for `all'.
make[4]: Leaving directory `/«PKGBUILDDIR»/linbox/blackbox'
Making all in switch
make[4]: Entering directory `/«PKGBUILDDIR»/linbox/switch'
make[4]: Nothing to be done for `all'.
make[4]: Leaving directory `/«PKGBUILDDIR»/linbox/switch'
Making all in algorithms
make[4]: Entering directory `/«PKGBUILDDIR»/linbox/algorithms'
Making all in gauss
make[5]: Entering directory `/«PKGBUILDDIR»/linbox/algorithms/gauss'
make[5]: Nothing to be done for `all'.
make[5]: Leaving directory `/«PKGBUILDDIR»/linbox/algorithms/gauss'
Making all in matrix-blas3
make[5]: Entering directory `/«PKGBUILDDIR»/linbox/algorithms/matrix-blas3'
make[5]: Nothing to be done for `all'.
make[5]: Leaving directory `/«PKGBUILDDIR»/linbox/algorithms/matrix-blas3'
make[5]: Entering directory `/«PKGBUILDDIR»/linbox/algorithms'
/bin/bash ../../libtool  --tag=CXX   --mode=compile g++ -DHAVE_CONFIG_H -I. -I../..   -D_FORTIFY_SOURCE=2 -O2    -g -DNDEBUG -U_LB_DEBUG -DDISABLE_COMMENTATOR   -I/usr/include/x86_64-linux-gnu      -I/usr/include/x86_64-linux-gnu -g -O2 -fstack-protector --param=ssp-buffer-size=4 -Wformat -Werror=format-security -c -o diophantine-solver.lo diophantine-solver.C
libtool: compile:  g++ -DHAVE_CONFIG_H -I. -I../.. -D_FORTIFY_SOURCE=2 -O2 -g -DNDEBUG -U_LB_DEBUG -DDISABLE_COMMENTATOR -I/usr/include/x86_64-linux-gnu -I/usr/include/x86_64-linux-gnu -g -O2 -fstack-protector --param=ssp-buffer-size=4 -Wformat -Werror=format-security -c diophantine-solver.C  -fPIC -DPIC -o .libs/diophantine-solver.o
In file included from diophantine-solver.C:25:
In file included from ../../linbox/algorithms/diophantine-solver.h:29:
In file included from ../../linbox/algorithms/rational-solver.h:38:
In file included from ../../linbox/util/debug.h:41:
../../linbox/util/error.h:41:34: warning: expression which evaluates to zero treated as a null pointer constant of type 'const char *' [-Wnon-literal-null-conversion]
                LinboxError (const char* msg = '\0') {
                                               ^~~~
In file included from diophantine-solver.C:25:
In file included from ../../linbox/algorithms/diophantine-solver.h:29:
In file included from ../../linbox/algorithms/rational-solver.h:38:
../../linbox/util/debug.h:167:24: warning: expression which evaluates to zero treated as a null pointer constant of type 'const char *' [-Wnon-literal-null-conversion]
                                  const char * why='\0')
                                                   ^~~~
../../linbox/util/debug.h:199:28: warning: expression which evaluates to zero treated as a null pointer constant of type 'const char *' [-Wnon-literal-null-conversion]
                              const char * what='\0')
                                                ^~~~
../../linbox/util/debug.h:229:30: warning: expression which evaluates to zero treated as a null pointer constant of type 'const char *' [-Wnon-literal-null-conversion]
                            const char * function='\0',
                                                  ^~~~
../../linbox/util/debug.h:230:25: warning: expression which evaluates to zero treated as a null pointer constant of type 'const char *' [-Wnon-literal-null-conversion]
                            const char* file='\0',
                                             ^~~~
In file included from diophantine-solver.C:25:
In file included from ../../linbox/algorithms/diophantine-solver.h:29:
In file included from ../../linbox/algorithms/rational-solver.h:43:
In file included from ../../linbox/blackbox/lambda-sparse.h:29:
In file included from ../../linbox/blackbox/sparse.h:62:
In file included from ../../linbox/field/hom.h:548:
In file included from ../../linbox/field/Givaro/givaro-extension.h:43:
In file included from ../../linbox/field/Givaro/givaro-gfq.h:56:
In file included from /usr/include/givaro/givgfq.h:26:
In file included from /usr/include/givaro/givpoly1factor.h:25:
In file included from /usr/include/givaro/givpoly1.h:41:
In file included from /usr/include/givaro/givpoly1denseops.inl:14:
/usr/include/givaro/givpoly1kara.inl:36:35: error: read-only variable is not assignable
        if (sR != sQ+sP) R.reallocate(sR = sP+sQ-1);
                                      ~~ ^
/usr/include/givaro/givpoly1kara.inl:53:35: error: read-only variable is not assignable
        if (sR != sQ+sP) R.reallocate(sR = sP+sQ-1);
                                      ~~ ^
5 warnings and 2 errors generated.
make[5]: *** [diophantine-solver.lo] Error 1
make[5]: Leaving directory `/«PKGBUILDDIR»/linbox/algorithms'
make[4]: *** [all-recursive] Error 1
make[3]: *** [all-recursive] Error 1
make[2]: *** [all-recursive] Error 1
make[1]: *** [all] Error 2
dh_auto_build: make -j10 returned exit code 2
make[4]: Leaving directory `/«PKGBUILDDIR»/linbox/algorithms'
make[3]: Leaving directory `/«PKGBUILDDIR»/linbox'
make[2]: Leaving directory `/«PKGBUILDDIR»'
make[1]: Leaving directory `/«PKGBUILDDIR»'
make: *** [build-arch] Error 2
dpkg-buildpackage: error: debian/rules build-arch gave error exit status 2
────────────────────────────────────────────────────────────────────────────────
Build finished at 20140105-1826

Finished
────────

E: Build failure (dpkg-buildpackage died)

┌──────────────────────────────────────────────────────────────────────────────┐
│ Cleanup                                                                      │
└──────────────────────────────────────────────────────────────────────────────┘

Purging /«BUILDDIR»
Not cleaning session: cloned chroot in use

┌──────────────────────────────────────────────────────────────────────────────┐
│ Summary                                                                      │
└──────────────────────────────────────────────────────────────────────────────┘

Build Architecture: amd64
Build-Space: 12728
Build-Time: 48
Distribution: unstable
Fail-Stage: build
Host Architecture: amd64
Install-Time: 36
Job: linbox_1.3.2-1
Machine Architecture: amd64
Package: linbox
Package-Time: 130
Source-Version: 1.3.2-1
Space: 12728
Status: attempted
Version: 1.3.2-1clang1
────────────────────────────────────────────────────────────────────────────────
Finished at 20140105-1826
Build needed 00:02:10, 12728k disc space
DC-Status: Failed 131.154330944s
DC-Time-Estimation: 131.154330944 versus expected 1 (r/m: 130.154330944 ; m: 1.0)
