DC-Build-Header: lsh-utils 2.1-1 / 2014-01-06 02:41:30 +0000
DC-Task: source:lsh-utils version:2.1-1 architecture:any chroot:unstable esttime:327 logfile:/tmp/lsh-utils_2.1-1_unstable_clang.log modes:binary-only:parallel:clang
DC-Sbuild-call: su user -c 'sbuild -n --apt-update -d unstable -v  --chroot-setup-commands=/tmp/switch-to-clang --append-to-version "clang1" --maintainer "Lucas Nussbaum <lucas@debian.org>" --uploader "Lucas Nussbaum <lucas@debian.org>" lsh-utils_2.1-1'
sbuild (Debian sbuild) 0.63.2 (18 Aug 2012) on ip-172-31-10-15.us-west-2.compute.internal

╔══════════════════════════════════════════════════════════════════════════════╗
║ lsh-utils 2.1-1clang1 (amd64)                              06 Jan 2014 02:41 ║
╚══════════════════════════════════════════════════════════════════════════════╝

Package: lsh-utils
Version: 2.1-1clang1
Source Version: 2.1-1
Distribution: unstable
Machine Architecture: amd64
Host Architecture: amd64
Build Architecture: amd64

I: NOTICE: Log filtering will replace 'build/lsh-utils-4oTiq8/lsh-utils-2.1' with '«PKGBUILDDIR»'
I: NOTICE: Log filtering will replace 'build/lsh-utils-4oTiq8' with '«BUILDDIR»'
I: NOTICE: Log filtering will replace 'var/lib/schroot/mount/unstable-amd64-sbuild-b8a545a7-2bb9-4a2b-9d90-bf29d0c0925e' with '«CHROOT»'

┌──────────────────────────────────────────────────────────────────────────────┐
│ Update chroot                                                                │
└──────────────────────────────────────────────────────────────────────────────┘

Get:1 http://localhost:9999 unstable InRelease [206 kB]
Get:2 http://localhost:9999 unstable/main Sources/DiffIndex [7876 B]
Get:3 http://localhost:9999 unstable/main amd64 Packages/DiffIndex [7876 B]
Get:4 http://localhost:9999 unstable/main Translation-en/DiffIndex [7876 B]
Get:5 http://localhost:9999 unstable/main 2014-01-04-1439.27.pdiff [11.3 kB]
Get:6 http://localhost:9999 unstable/main 2014-01-04-1439.27.pdiff [11.3 kB]
Get:7 http://localhost:9999 unstable/main amd64 2014-01-04-1439.27.pdiff [11.8 kB]
Get:8 http://localhost:9999 unstable/main 2014-01-04-1439.27.pdiff [1898 B]
Get:9 http://localhost:9999 unstable/main amd64 2014-01-04-1439.27.pdiff [11.8 kB]
Get:10 http://localhost:9999 unstable/main 2014-01-04-2039.41.pdiff [12.3 kB]
Get:11 http://localhost:9999 unstable/main 2014-01-04-1439.27.pdiff [1898 B]
Get:12 http://localhost:9999 unstable/main amd64 2014-01-04-2039.41.pdiff [24.3 kB]
Get:13 http://localhost:9999 unstable/main 2014-01-04-2039.41.pdiff [12.3 kB]
Get:14 http://localhost:9999 unstable/main 2014-01-04-2039.41.pdiff [2358 B]
Get:15 http://localhost:9999 unstable/main amd64 2014-01-04-2039.41.pdiff [24.3 kB]
Get:16 http://localhost:9999 unstable/main 2014-01-05-0239.35.pdiff [9640 B]
Get:17 http://localhost:9999 unstable/main 2014-01-04-2039.41.pdiff [2358 B]
Get:18 http://localhost:9999 unstable/main amd64 2014-01-05-0239.35.pdiff [18.3 kB]
Get:19 http://localhost:9999 unstable/main 2014-01-05-0239.35.pdiff [9640 B]
Get:20 http://localhost:9999 unstable/main 2014-01-05-0239.35.pdiff [504 B]
Get:21 http://localhost:9999 unstable/main amd64 2014-01-05-0239.35.pdiff [18.3 kB]
Get:22 http://localhost:9999 unstable/main 2014-01-05-0840.32.pdiff [4885 B]
Get:23 http://localhost:9999 unstable/main 2014-01-05-0239.35.pdiff [504 B]
Get:24 http://localhost:9999 unstable/main amd64 2014-01-05-0840.32.pdiff [3950 B]
Get:25 http://localhost:9999 unstable/main 2014-01-05-0840.32.pdiff [4885 B]
Get:26 http://localhost:9999 unstable/main 2014-01-05-0840.32.pdiff [214 B]
Get:27 http://localhost:9999 unstable/main amd64 2014-01-05-0840.32.pdiff [3950 B]
Get:28 http://localhost:9999 unstable/main 2014-01-05-1438.24.pdiff [7183 B]
Get:29 http://localhost:9999 unstable/main 2014-01-05-0840.32.pdiff [214 B]
Get:30 http://localhost:9999 unstable/main amd64 2014-01-05-1438.24.pdiff [3882 B]
Get:31 http://localhost:9999 unstable/main 2014-01-05-1438.24.pdiff [7183 B]
Get:32 http://localhost:9999 unstable/main 2014-01-05-1438.24.pdiff [1111 B]
Get:33 http://localhost:9999 unstable/main amd64 2014-01-05-1438.24.pdiff [3882 B]
Get:34 http://localhost:9999 unstable/main 2014-01-05-2041.02.pdiff [20.2 kB]
Get:35 http://localhost:9999 unstable/main 2014-01-05-1438.24.pdiff [1111 B]
Get:36 http://localhost:9999 unstable/main amd64 2014-01-05-2041.02.pdiff [17.0 kB]
Get:37 http://localhost:9999 unstable/main 2014-01-05-2041.02.pdiff [20.2 kB]
Get:38 http://localhost:9999 unstable/main 2014-01-05-2041.02.pdiff [2166 B]
Get:39 http://localhost:9999 unstable/main amd64 2014-01-05-2041.02.pdiff [17.0 kB]
Get:40 http://localhost:9999 unstable/main 2014-01-05-2041.02.pdiff [2166 B]
Fetched 382 kB in 24s (15.6 kB/s)
Reading package lists...
Reading package lists...
Building dependency tree...
Reading state information...
The following packages will be upgraded:
  libterm-ui-perl
1 upgraded, 0 newly installed, 0 to remove and 0 not upgraded.
Need to get 19.1 kB of archives.
After this operation, 1024 B of additional disk space will be used.
Get:1 http://localhost:9999/debian/ unstable/main libterm-ui-perl all 0.42-1 [19.1 kB]
debconf: delaying package configuration, since apt-utils is not installed
Fetched 19.1 kB in 0s (1123 kB/s)
(Reading database ... 13944 files and directories currently installed.)
Preparing to unpack .../libterm-ui-perl_0.42-1_all.deb ...
Unpacking libterm-ui-perl (0.42-1) over (0.38-1) ...
Setting up libterm-ui-perl (0.42-1) ...

┌──────────────────────────────────────────────────────────────────────────────┐
│ Fetch source files                                                           │
└──────────────────────────────────────────────────────────────────────────────┘


Check APT
─────────

Checking available source versions...

Download source files with APT
──────────────────────────────

Reading package lists...
Building dependency tree...
Reading state information...
Need to get 1580 kB of source archives.
Get:1 http://localhost:9999/debian/ unstable/main lsh-utils 2.1-1 (dsc) [1501 B]
Get:2 http://localhost:9999/debian/ unstable/main lsh-utils 2.1-1 (tar) [1540 kB]
Get:3 http://localhost:9999/debian/ unstable/main lsh-utils 2.1-1 (diff) [38.1 kB]
Fetched 1580 kB in 2s (773 kB/s)
Download complete and in download only mode

Check arch
──────────


┌──────────────────────────────────────────────────────────────────────────────┐
│ Chroot Setup Commands                                                        │
└──────────────────────────────────────────────────────────────────────────────┘


/tmp/switch-to-clang
────────────────────

+ echo 'Entering customization script...'
Entering customization script...
+ echo 'Install of clang-3.4'
Install of clang-3.4
+ apt-get update
Hit http://localhost:9999 unstable InRelease
Hit http://localhost:9999 unstable/main Sources/DiffIndex
Hit http://localhost:9999 unstable/main amd64 Packages/DiffIndex
Hit http://localhost:9999 unstable/main Translation-en/DiffIndex
Reading package lists...
+ apt-get install --yes --no-install-recommends --force-yes clang-3.4
Reading package lists...
Building dependency tree...
Reading state information...
The following extra packages will be installed:
  libclang-common-3.4-dev libclang1-3.4 libffi6 libllvm3.4 libobjc-4.8-dev
  libobjc4
Recommended packages:
  llvm-3.4-dev python
The following NEW packages will be installed:
  clang-3.4 libclang-common-3.4-dev libclang1-3.4 libffi6 libllvm3.4
  libobjc-4.8-dev libobjc4
0 upgraded, 7 newly installed, 0 to remove and 0 not upgraded.
Need to get 19.9 MB of archives.
After this operation, 82.1 MB of additional disk space will be used.
Get:1 http://localhost:9999/debian/ unstable/main libffi6 amd64 3.0.13-10 [19.3 kB]
Get:2 http://localhost:9999/debian/ unstable/main libllvm3.4 amd64 1:3.4-1 [6528 kB]
Get:3 http://localhost:9999/debian/ unstable/main libobjc4 amd64 4.8.2-11 [110 kB]
Get:4 http://localhost:9999/debian/ unstable/main libobjc-4.8-dev amd64 4.8.2-11 [370 kB]
Get:5 http://localhost:9999/debian/ unstable/main libclang1-3.4 amd64 1:3.4-1 [3526 kB]
Get:6 http://localhost:9999/debian/ unstable/main libclang-common-3.4-dev amd64 1:3.4-1 [516 kB]
Get:7 http://localhost:9999/debian/ unstable/main clang-3.4 amd64 1:3.4-1 [8878 kB]
debconf: delaying package configuration, since apt-utils is not installed
Fetched 19.9 MB in 0s (25.6 MB/s)
Selecting previously unselected package libffi6:amd64.
(Reading database ... 13944 files and directories currently installed.)
Preparing to unpack .../libffi6_3.0.13-10_amd64.deb ...
Unpacking libffi6:amd64 (3.0.13-10) ...
Selecting previously unselected package libllvm3.4:amd64.
Preparing to unpack .../libllvm3.4_1%3a3.4-1_amd64.deb ...
Unpacking libllvm3.4:amd64 (1:3.4-1) ...
Selecting previously unselected package libobjc4:amd64.
Preparing to unpack .../libobjc4_4.8.2-11_amd64.deb ...
Unpacking libobjc4:amd64 (4.8.2-11) ...
Selecting previously unselected package libobjc-4.8-dev:amd64.
Preparing to unpack .../libobjc-4.8-dev_4.8.2-11_amd64.deb ...
Unpacking libobjc-4.8-dev:amd64 (4.8.2-11) ...
Selecting previously unselected package libclang1-3.4:amd64.
Preparing to unpack .../libclang1-3.4_1%3a3.4-1_amd64.deb ...
Unpacking libclang1-3.4:amd64 (1:3.4-1) ...
Selecting previously unselected package libclang-common-3.4-dev.
Preparing to unpack .../libclang-common-3.4-dev_1%3a3.4-1_amd64.deb ...
Unpacking libclang-common-3.4-dev (1:3.4-1) ...
Selecting previously unselected package clang-3.4.
Preparing to unpack .../clang-3.4_1%3a3.4-1_amd64.deb ...
Unpacking clang-3.4 (1:3.4-1) ...
Setting up libffi6:amd64 (3.0.13-10) ...
Setting up libllvm3.4:amd64 (1:3.4-1) ...
Setting up libobjc4:amd64 (4.8.2-11) ...
Setting up libobjc-4.8-dev:amd64 (4.8.2-11) ...
Setting up libclang1-3.4:amd64 (1:3.4-1) ...
Setting up libclang-common-3.4-dev (1:3.4-1) ...
Setting up clang-3.4 (1:3.4-1) ...
Processing triggers for libc-bin (2.17-97) ...
+ echo 'Replace gcc, g++ & cpp by clang'
Replace gcc, g++ & cpp by clang
+ VERSIONS='4.6 4.7 4.8'
+ cd /usr/bin
+ for VERSION in '$VERSIONS'
+ rm -f g++-4.6 gcc-4.6 cpp-4.6
+ ln -s clang++ g++-4.6
+ ln -s clang gcc-4.6
+ ln -s clang cpp-4.6
+ for VERSION in '$VERSIONS'
+ rm -f g++-4.7 gcc-4.7 cpp-4.7
+ ln -s clang++ g++-4.7
+ ln -s clang gcc-4.7
+ ln -s clang cpp-4.7
+ for VERSION in '$VERSIONS'
+ rm -f g++-4.8 gcc-4.8 cpp-4.8
+ ln -s clang++ g++-4.8
+ ln -s clang gcc-4.8
+ ln -s clang cpp-4.8
+ cd -
/«BUILDDIR»
+ echo 'Block the installation of new gcc version'
Block the installation of new gcc version
+ dpkg --set-selections
+ echo 'gcc-4.6 hold'
+ dpkg --set-selections
+ echo 'cpp-4.6 hold'
+ dpkg --set-selections
+ echo 'g++-4.6 hold'
+ dpkg --set-selections
+ echo 'gcc-4.7 hold'
+ dpkg --set-selections
+ echo 'cpp-4.7 hold'
+ dpkg --set-selections
+ echo 'g++-4.7 hold'
+ dpkg --set-selections
+ echo 'gcc-4.8 hold'
+ dpkg --set-selections
+ echo 'cpp-4.8 hold'
+ dpkg --set-selections
+ echo 'g++-4.8 hold'
+ echo 'Check if gcc, g++ & cpp are actually clang'
Check if gcc, g++ & cpp are actually clang
+ grep clang
+ gcc --version
+ grep clang
+ cpp --version
+ grep clang
+ g++ --version

I: Finished running '/tmp/switch-to-clang'.

Finished processing commands.
────────────────────────────────────────────────────────────────────────────────
Merged Build-Depends: build-essential, fakeroot
Filtered Build-Depends: build-essential, fakeroot
dpkg-deb: building package `sbuild-build-depends-core-dummy' in `/«BUILDDIR»/resolver-14EgfZ/apt_archive/sbuild-build-depends-core-dummy.deb'.
OK
Reading package lists...

┌──────────────────────────────────────────────────────────────────────────────┐
│ Install core build dependencies (apt-based resolver)                         │
└──────────────────────────────────────────────────────────────────────────────┘

Installing build dependencies
Reading package lists...
Building dependency tree...
Reading state information...
The following NEW packages will be installed:
  sbuild-build-depends-core-dummy
debconf: delaying package configuration, since apt-utils is not installed
0 upgraded, 1 newly installed, 0 to remove and 0 not upgraded.
Need to get 0 B/766 B of archives.
After this operation, 0 B of additional disk space will be used.
Selecting previously unselected package sbuild-build-depends-core-dummy.
(Reading database ... 14105 files and directories currently installed.)
Preparing to unpack .../sbuild-build-depends-core-dummy.deb ...
Unpacking sbuild-build-depends-core-dummy (0.invalid.0) ...
Setting up sbuild-build-depends-core-dummy (0.invalid.0) ...
Merged Build-Depends: base-files, base-passwd, bash, bsdutils, coreutils, dash, debianutils, diffutils, dpkg, e2fsprogs, findutils, grep, gzip, hostname, libc-bin, login, mount, ncurses-base, ncurses-bin, perl-base, sed, sysvinit, sysvinit-utils, tar, util-linux, libc6-dev | libc-dev, gcc (>= 4:4.4.3), g++ (>= 4:4.4.3), make, dpkg-dev (>= 1.13.5), dpkg-dev (>= 1.15.7), debhelper (>= 7), dh-autoreconf, automake, libgmp-dev, zlib1g-dev | libz-dev, liboop-dev, libxau-dev, nettle-dev (>= 2.2~), nettle-bin, texinfo (>= 4.2), guile-1.6 | scsh-0.6, heimdal-dev, libwrap0-dev | libwrap-dev, libpam0g-dev | libpam-dev, libreadline-dev, m4
Filtered Build-Depends: base-files, base-passwd, bash, bsdutils, coreutils, dash, debianutils, diffutils, dpkg, e2fsprogs, findutils, grep, gzip, hostname, libc-bin, login, mount, ncurses-base, ncurses-bin, perl-base, sed, sysvinit, sysvinit-utils, tar, util-linux, libc6-dev, gcc (>= 4:4.4.3), g++ (>= 4:4.4.3), make, dpkg-dev (>= 1.13.5), dpkg-dev (>= 1.15.7), debhelper (>= 7), dh-autoreconf, automake, libgmp-dev, zlib1g-dev, liboop-dev, libxau-dev, nettle-dev (>= 2.2~), nettle-bin, texinfo (>= 4.2), guile-1.6, heimdal-dev, libwrap0-dev, libpam0g-dev, libreadline-dev, m4
dpkg-deb: building package `sbuild-build-depends-lsh-utils-dummy' in `/«BUILDDIR»/resolver-IoB4gW/apt_archive/sbuild-build-depends-lsh-utils-dummy.deb'.
OK
Reading package lists...

┌──────────────────────────────────────────────────────────────────────────────┐
│ Install lsh-utils build dependencies (apt-based resolver)                    │
└──────────────────────────────────────────────────────────────────────────────┘

Installing build dependencies
Reading package lists...
Building dependency tree...
Reading state information...
The following extra packages will be installed:
  autoconf automake autopoint autotools-dev bsdmainutils comerr-dev debhelper
  dh-autoreconf file gettext gettext-base groff-base guile-1.6 guile-1.6-libs
  heimdal-dev heimdal-multidev intltool-debian libasn1-8-heimdal
  libasprintf0c2 libbsd0 libcroco3 libedit2 libgcrypt11 libglib2.0-0
  libgmp-dev libgnutls26 libgpg-error0 libgssapi3-heimdal libguile-ltdl-1
  libhcrypto4-heimdal libhdb9-heimdal libheimbase1-heimdal
  libheimntlm0-heimdal libhogweed2 libhx509-5-heimdal libintl-perl
  libkadm5clnt7-heimdal libkadm5srv8-heimdal libkafs0-heimdal libkdc2-heimdal
  libkrb5-26-heimdal libldap-2.4-2 libltdl7 libmagic1 libnettle4 liboop-dev
  liboop4 libotp0-heimdal libp11-kit0 libpam0g-dev libpipeline1
  libreadline-dev libreadline6-dev libroken18-heimdal libsasl2-2
  libsasl2-modules-db libsigsegv2 libsl0-heimdal libsqlite3-0 libtasn1-3
  libtext-unidecode-perl libtinfo-dev libtool libunistring0 libwind0-heimdal
  libwrap0 libwrap0-dev libxau-dev libxau6 libxml-libxml-perl
  libxml-namespacesupport-perl libxml-sax-base-perl libxml-sax-perl libxml2 m4
  man-db nettle-bin nettle-dev po-debconf texinfo x11proto-core-dev
  xorg-sgml-doctools zlib1g-dev
Suggested packages:
  autoconf2.13 autoconf-archive gnu-standards autoconf-doc wamerican wordlist
  whois vacation doc-base dh-make gettext-doc groff guile-1.6-doc heimdal-docs
  rng-tools libgmp10-doc libmpfr-dev libintl-xs-perl libtool-doc automaken
  gfortran fortran95-compiler gcj-jdk less www-browser lsh-doc
  libmail-box-perl texlive-base texlive-latex-base texlive-generic-recommended
  texinfo-doc-nonfree
Recommended packages:
  curl wget lynx-cur libasprintf-dev libgettextpo-dev libglib2.0-data
  shared-mime-info libsasl2-modules libltdl-dev tcpd libxml-sax-expat-perl
  xml-core libmail-sendmail-perl
The following NEW packages will be installed:
  autoconf automake autopoint autotools-dev bsdmainutils comerr-dev debhelper
  dh-autoreconf file gettext gettext-base groff-base guile-1.6 guile-1.6-libs
  heimdal-dev heimdal-multidev intltool-debian libasn1-8-heimdal
  libasprintf0c2 libbsd0 libcroco3 libedit2 libgcrypt11 libglib2.0-0
  libgmp-dev libgnutls26 libgpg-error0 libgssapi3-heimdal libguile-ltdl-1
  libhcrypto4-heimdal libhdb9-heimdal libheimbase1-heimdal
  libheimntlm0-heimdal libhogweed2 libhx509-5-heimdal libintl-perl
  libkadm5clnt7-heimdal libkadm5srv8-heimdal libkafs0-heimdal libkdc2-heimdal
  libkrb5-26-heimdal libldap-2.4-2 libltdl7 libmagic1 libnettle4 liboop-dev
  liboop4 libotp0-heimdal libp11-kit0 libpam0g-dev libpipeline1
  libreadline-dev libreadline6-dev libroken18-heimdal libsasl2-2
  libsasl2-modules-db libsigsegv2 libsl0-heimdal libsqlite3-0 libtasn1-3
  libtext-unidecode-perl libtinfo-dev libtool libunistring0 libwind0-heimdal
  libwrap0 libwrap0-dev libxau-dev libxau6 libxml-libxml-perl
  libxml-namespacesupport-perl libxml-sax-base-perl libxml-sax-perl libxml2 m4
  man-db nettle-bin nettle-dev po-debconf sbuild-build-depends-lsh-utils-dummy
  texinfo x11proto-core-dev xorg-sgml-doctools zlib1g-dev
0 upgraded, 84 newly installed, 0 to remove and 0 not upgraded.
Need to get 22.1 MB/22.1 MB of archives.
After this operation, 71.0 MB of additional disk space will be used.
Get:1 http://localhost:9999/debian/ unstable/main libpipeline1 amd64 1.2.6-1 [24.8 kB]
Get:2 http://localhost:9999/debian/ unstable/main groff-base amd64 1.22.2-3 [747 kB]
Get:3 http://localhost:9999/debian/ unstable/main bsdmainutils amd64 9.0.5 [211 kB]
Get:4 http://localhost:9999/debian/ unstable/main man-db amd64 2.6.5-3 [975 kB]
Get:5 http://localhost:9999/debian/ unstable/main libasprintf0c2 amd64 0.18.3.1-2 [29.1 kB]
Get:6 http://localhost:9999/debian/ unstable/main libbsd0 amd64 0.6.0-1 [67.4 kB]
Get:7 http://localhost:9999/debian/ unstable/main libedit2 amd64 3.1-20130712-2 [75.6 kB]
Get:8 http://localhost:9999/debian/ unstable/main libgpg-error0 amd64 1.12-0.2 [56.5 kB]
Get:9 http://localhost:9999/debian/ unstable/main libgcrypt11 amd64 1.5.3-3 [249 kB]
Get:10 http://localhost:9999/debian/ unstable/main libp11-kit0 amd64 0.20.1-3 [148 kB]
Get:11 http://localhost:9999/debian/ unstable/main libtasn1-3 amd64 2.14-3 [68.5 kB]
Get:12 http://localhost:9999/debian/ unstable/main libgnutls26 amd64 2.12.23-8 [529 kB]
Get:13 http://localhost:9999/debian/ unstable/main libsasl2-modules-db amd64 2.1.25.dfsg1-17 [64.3 kB]
Get:14 http://localhost:9999/debian/ unstable/main libsasl2-2 amd64 2.1.25.dfsg1-17 [101 kB]
Get:15 http://localhost:9999/debian/ unstable/main libldap-2.4-2 amd64 2.4.31-1+nmu2+b1 [208 kB]
Get:16 http://localhost:9999/debian/ unstable/main libmagic1 amd64 1:5.14-2 [216 kB]
Get:17 http://localhost:9999/debian/ unstable/main libsqlite3-0 amd64 3.8.2-1 [403 kB]
Get:18 http://localhost:9999/debian/ unstable/main libwrap0 amd64 7.6.q-24 [62.4 kB]
Get:19 http://localhost:9999/debian/ unstable/main libxml2 amd64 2.9.1+dfsg1-3 [791 kB]
Get:20 http://localhost:9999/debian/ unstable/main libroken18-heimdal amd64 1.6~git20131117+dfsg-3 [60.7 kB]
Get:21 http://localhost:9999/debian/ unstable/main libasn1-8-heimdal amd64 1.6~git20131117+dfsg-3 [187 kB]
Get:22 http://localhost:9999/debian/ unstable/main libglib2.0-0 amd64 2.36.4-1 [2055 kB]
Get:23 http://localhost:9999/debian/ unstable/main libcroco3 amd64 0.6.8-2 [133 kB]
Get:24 http://localhost:9999/debian/ unstable/main libhcrypto4-heimdal amd64 1.6~git20131117+dfsg-3 [107 kB]
Get:25 http://localhost:9999/debian/ unstable/main libheimbase1-heimdal amd64 1.6~git20131117+dfsg-3 [49.8 kB]
Get:26 http://localhost:9999/debian/ unstable/main libwind0-heimdal amd64 1.6~git20131117+dfsg-3 [70.0 kB]
Get:27 http://localhost:9999/debian/ unstable/main libhx509-5-heimdal amd64 1.6~git20131117+dfsg-3 [127 kB]
Get:28 http://localhost:9999/debian/ unstable/main libkrb5-26-heimdal amd64 1.6~git20131117+dfsg-3 [222 kB]
Get:29 http://localhost:9999/debian/ unstable/main libheimntlm0-heimdal amd64 1.6~git20131117+dfsg-3 [35.8 kB]
Get:30 http://localhost:9999/debian/ unstable/main libgssapi3-heimdal amd64 1.6~git20131117+dfsg-3 [112 kB]
Get:31 http://localhost:9999/debian/ unstable/main libhdb9-heimdal amd64 1.6~git20131117+dfsg-3 [81.5 kB]
Get:32 http://localhost:9999/debian/ unstable/main libnettle4 amd64 2.7.1-1 [189 kB]
Get:33 http://localhost:9999/debian/ unstable/main libhogweed2 amd64 2.7.1-1 [134 kB]
Get:34 http://localhost:9999/debian/ unstable/main libkadm5clnt7-heimdal amd64 1.6~git20131117+dfsg-3 [40.7 kB]
Get:35 http://localhost:9999/debian/ unstable/main libkadm5srv8-heimdal amd64 1.6~git20131117+dfsg-3 [51.1 kB]
Get:36 http://localhost:9999/debian/ unstable/main libltdl7 amd64 2.4.2-1.6 [352 kB]
Get:37 http://localhost:9999/debian/ unstable/main libsigsegv2 amd64 2.10-2 [29.8 kB]
Get:38 http://localhost:9999/debian/ unstable/main libunistring0 amd64 0.9.3-5 [434 kB]
Get:39 http://localhost:9999/debian/ unstable/main libxau6 amd64 1:1.0.8-1 [20.7 kB]
Get:40 http://localhost:9999/debian/ unstable/main libkafs0-heimdal amd64 1.6~git20131117+dfsg-3 [37.3 kB]
Get:41 http://localhost:9999/debian/ unstable/main libkdc2-heimdal amd64 1.6~git20131117+dfsg-3 [75.0 kB]
Get:42 http://localhost:9999/debian/ unstable/main libotp0-heimdal amd64 1.6~git20131117+dfsg-3 [51.9 kB]
Get:43 http://localhost:9999/debian/ unstable/main libsl0-heimdal amd64 1.6~git20131117+dfsg-3 [33.8 kB]
Get:44 http://localhost:9999/debian/ unstable/main file amd64 1:5.14-2 [54.0 kB]
Get:45 http://localhost:9999/debian/ unstable/main gettext-base amd64 0.18.3.1-2 [116 kB]
Get:46 http://localhost:9999/debian/ unstable/main m4 amd64 1.4.17-2 [255 kB]
Get:47 http://localhost:9999/debian/ unstable/main libtext-unidecode-perl all 0.04-2 [115 kB]
Get:48 http://localhost:9999/debian/ unstable/main libintl-perl all 1.23-1 [1209 kB]
Get:49 http://localhost:9999/debian/ unstable/main libxml-namespacesupport-perl all 1.11-1 [14.8 kB]
Get:50 http://localhost:9999/debian/ unstable/main libxml-sax-base-perl all 1.07-1 [23.1 kB]
Get:51 http://localhost:9999/debian/ unstable/main libxml-sax-perl all 0.99+dfsg-2 [68.3 kB]
Get:52 http://localhost:9999/debian/ unstable/main libxml-libxml-perl amd64 2.0108+dfsg-1 [358 kB]
Get:53 http://localhost:9999/debian/ unstable/main texinfo amd64 5.2.0.dfsg.1-2 [954 kB]
Get:54 http://localhost:9999/debian/ unstable/main autoconf all 2.69-2 [339 kB]
Get:55 http://localhost:9999/debian/ unstable/main autotools-dev all 20130810.1 [69.6 kB]
Get:56 http://localhost:9999/debian/ unstable/main automake all 1:1.14.1-2 [724 kB]
Get:57 http://localhost:9999/debian/ unstable/main autopoint all 0.18.3.1-2 [392 kB]
Get:58 http://localhost:9999/debian/ unstable/main gettext amd64 0.18.3.1-2 [1202 kB]
Get:59 http://localhost:9999/debian/ unstable/main intltool-debian all 0.35.0+20060710.1 [30.8 kB]
Get:60 http://localhost:9999/debian/ unstable/main po-debconf all 1.0.16+nmu2 [224 kB]
Get:61 http://localhost:9999/debian/ unstable/main debhelper all 9.20131227 [687 kB]
Get:62 http://localhost:9999/debian/ unstable/main libtool amd64 2.4.2-1.6 [505 kB]
Get:63 http://localhost:9999/debian/ unstable/main dh-autoreconf all 9 [15.5 kB]
Get:64 http://localhost:9999/debian/ unstable/main libguile-ltdl-1 amd64 1.6.8-10.3 [18.8 kB]
Get:65 http://localhost:9999/debian/ unstable/main guile-1.6-libs amd64 1.6.8-10.3 [648 kB]
Get:66 http://localhost:9999/debian/ unstable/main guile-1.6 amd64 1.6.8-10.3 [19.8 kB]
Get:67 http://localhost:9999/debian/ unstable/main libgmp-dev amd64 2:5.1.3+dfsg-1 [582 kB]
Get:68 http://localhost:9999/debian/ unstable/main liboop4 amd64 1.0-10 [23.1 kB]
Get:69 http://localhost:9999/debian/ unstable/main liboop-dev amd64 1.0-10 [27.3 kB]
Get:70 http://localhost:9999/debian/ unstable/main libpam0g-dev amd64 1.1.3-10 [182 kB]
Get:71 http://localhost:9999/debian/ unstable/main libtinfo-dev amd64 5.9+20130608-1 [108 kB]
Get:72 http://localhost:9999/debian/ unstable/main libreadline6-dev amd64 6.2+dfsg-0.1 [193 kB]
Get:73 http://localhost:9999/debian/ unstable/main libreadline-dev amd64 6.2+dfsg-0.1 [896 B]
Get:74 http://localhost:9999/debian/ unstable/main libwrap0-dev amd64 7.6.q-24 [25.4 kB]
Get:75 http://localhost:9999/debian/ unstable/main xorg-sgml-doctools all 1:1.11-1 [21.9 kB]
Get:76 http://localhost:9999/debian/ unstable/main x11proto-core-dev all 7.0.24-1 [779 kB]
Get:77 http://localhost:9999/debian/ unstable/main libxau-dev amd64 1:1.0.8-1 [23.6 kB]
Get:78 http://localhost:9999/debian/ unstable/main nettle-bin amd64 2.7.1-1 [25.0 kB]
Get:79 http://localhost:9999/debian/ unstable/main nettle-dev amd64 2.7.1-1 [903 kB]
Get:80 http://localhost:9999/debian/ unstable/main zlib1g-dev amd64 1:1.2.8.dfsg-1 [217 kB]
Get:81 http://localhost:9999/debian/ unstable/main comerr-dev amd64 2.1-1.42.9-2 [38.2 kB]
Get:82 http://localhost:9999/debian/ unstable/main heimdal-multidev amd64 1.6~git20131117+dfsg-3 [1084 kB]
Get:83 http://localhost:9999/debian/ unstable/main heimdal-dev amd64 1.6~git20131117+dfsg-3 [142 kB]
debconf: delaying package configuration, since apt-utils is not installed
Fetched 22.1 MB in 8s (2472 kB/s)
Selecting previously unselected package libpipeline1:amd64.
(Reading database ... 14105 files and directories currently installed.)
Preparing to unpack .../libpipeline1_1.2.6-1_amd64.deb ...
Unpacking libpipeline1:amd64 (1.2.6-1) ...
Selecting previously unselected package groff-base.
Preparing to unpack .../groff-base_1.22.2-3_amd64.deb ...
Unpacking groff-base (1.22.2-3) ...
Selecting previously unselected package bsdmainutils.
Preparing to unpack .../bsdmainutils_9.0.5_amd64.deb ...
Unpacking bsdmainutils (9.0.5) ...
Selecting previously unselected package man-db.
Preparing to unpack .../man-db_2.6.5-3_amd64.deb ...
Unpacking man-db (2.6.5-3) ...
Selecting previously unselected package libasprintf0c2:amd64.
Preparing to unpack .../libasprintf0c2_0.18.3.1-2_amd64.deb ...
Unpacking libasprintf0c2:amd64 (0.18.3.1-2) ...
Selecting previously unselected package libbsd0:amd64.
Preparing to unpack .../libbsd0_0.6.0-1_amd64.deb ...
Unpacking libbsd0:amd64 (0.6.0-1) ...
Selecting previously unselected package libedit2:amd64.
Preparing to unpack .../libedit2_3.1-20130712-2_amd64.deb ...
Unpacking libedit2:amd64 (3.1-20130712-2) ...
Selecting previously unselected package libgpg-error0:amd64.
Preparing to unpack .../libgpg-error0_1.12-0.2_amd64.deb ...
Unpacking libgpg-error0:amd64 (1.12-0.2) ...
Selecting previously unselected package libgcrypt11:amd64.
Preparing to unpack .../libgcrypt11_1.5.3-3_amd64.deb ...
Unpacking libgcrypt11:amd64 (1.5.3-3) ...
Selecting previously unselected package libp11-kit0:amd64.
Preparing to unpack .../libp11-kit0_0.20.1-3_amd64.deb ...
Unpacking libp11-kit0:amd64 (0.20.1-3) ...
Selecting previously unselected package libtasn1-3:amd64.
Preparing to unpack .../libtasn1-3_2.14-3_amd64.deb ...
Unpacking libtasn1-3:amd64 (2.14-3) ...
Selecting previously unselected package libgnutls26:amd64.
Preparing to unpack .../libgnutls26_2.12.23-8_amd64.deb ...
Unpacking libgnutls26:amd64 (2.12.23-8) ...
Selecting previously unselected package libsasl2-modules-db:amd64.
Preparing to unpack .../libsasl2-modules-db_2.1.25.dfsg1-17_amd64.deb ...
Unpacking libsasl2-modules-db:amd64 (2.1.25.dfsg1-17) ...
Selecting previously unselected package libsasl2-2:amd64.
Preparing to unpack .../libsasl2-2_2.1.25.dfsg1-17_amd64.deb ...
Unpacking libsasl2-2:amd64 (2.1.25.dfsg1-17) ...
Selecting previously unselected package libldap-2.4-2:amd64.
Preparing to unpack .../libldap-2.4-2_2.4.31-1+nmu2+b1_amd64.deb ...
Unpacking libldap-2.4-2:amd64 (2.4.31-1+nmu2+b1) ...
Selecting previously unselected package libmagic1:amd64.
Preparing to unpack .../libmagic1_1%3a5.14-2_amd64.deb ...
Unpacking libmagic1:amd64 (1:5.14-2) ...
Selecting previously unselected package libsqlite3-0:amd64.
Preparing to unpack .../libsqlite3-0_3.8.2-1_amd64.deb ...
Unpacking libsqlite3-0:amd64 (3.8.2-1) ...
Selecting previously unselected package libwrap0:amd64.
Preparing to unpack .../libwrap0_7.6.q-24_amd64.deb ...
Unpacking libwrap0:amd64 (7.6.q-24) ...
Selecting previously unselected package libxml2:amd64.
Preparing to unpack .../libxml2_2.9.1+dfsg1-3_amd64.deb ...
Unpacking libxml2:amd64 (2.9.1+dfsg1-3) ...
Selecting previously unselected package libroken18-heimdal:amd64.
Preparing to unpack .../libroken18-heimdal_1.6~git20131117+dfsg-3_amd64.deb ...
Unpacking libroken18-heimdal:amd64 (1.6~git20131117+dfsg-3) ...
Selecting previously unselected package libasn1-8-heimdal:amd64.
Preparing to unpack .../libasn1-8-heimdal_1.6~git20131117+dfsg-3_amd64.deb ...
Unpacking libasn1-8-heimdal:amd64 (1.6~git20131117+dfsg-3) ...
Selecting previously unselected package libglib2.0-0:amd64.
Preparing to unpack .../libglib2.0-0_2.36.4-1_amd64.deb ...
Unpacking libglib2.0-0:amd64 (2.36.4-1) ...
Selecting previously unselected package libcroco3:amd64.
Preparing to unpack .../libcroco3_0.6.8-2_amd64.deb ...
Unpacking libcroco3:amd64 (0.6.8-2) ...
Selecting previously unselected package libhcrypto4-heimdal:amd64.
Preparing to unpack .../libhcrypto4-heimdal_1.6~git20131117+dfsg-3_amd64.deb ...
Unpacking libhcrypto4-heimdal:amd64 (1.6~git20131117+dfsg-3) ...
Selecting previously unselected package libheimbase1-heimdal:amd64.
Preparing to unpack .../libheimbase1-heimdal_1.6~git20131117+dfsg-3_amd64.deb ...
Unpacking libheimbase1-heimdal:amd64 (1.6~git20131117+dfsg-3) ...
Selecting previously unselected package libwind0-heimdal:amd64.
Preparing to unpack .../libwind0-heimdal_1.6~git20131117+dfsg-3_amd64.deb ...
Unpacking libwind0-heimdal:amd64 (1.6~git20131117+dfsg-3) ...
Selecting previously unselected package libhx509-5-heimdal:amd64.
Preparing to unpack .../libhx509-5-heimdal_1.6~git20131117+dfsg-3_amd64.deb ...
Unpacking libhx509-5-heimdal:amd64 (1.6~git20131117+dfsg-3) ...
Selecting previously unselected package libkrb5-26-heimdal:amd64.
Preparing to unpack .../libkrb5-26-heimdal_1.6~git20131117+dfsg-3_amd64.deb ...
Unpacking libkrb5-26-heimdal:amd64 (1.6~git20131117+dfsg-3) ...
Selecting previously unselected package libheimntlm0-heimdal:amd64.
Preparing to unpack .../libheimntlm0-heimdal_1.6~git20131117+dfsg-3_amd64.deb ...
Unpacking libheimntlm0-heimdal:amd64 (1.6~git20131117+dfsg-3) ...
Selecting previously unselected package libgssapi3-heimdal:amd64.
Preparing to unpack .../libgssapi3-heimdal_1.6~git20131117+dfsg-3_amd64.deb ...
Unpacking libgssapi3-heimdal:amd64 (1.6~git20131117+dfsg-3) ...
Selecting previously unselected package libhdb9-heimdal:amd64.
Preparing to unpack .../libhdb9-heimdal_1.6~git20131117+dfsg-3_amd64.deb ...
Unpacking libhdb9-heimdal:amd64 (1.6~git20131117+dfsg-3) ...
Selecting previously unselected package libnettle4:amd64.
Preparing to unpack .../libnettle4_2.7.1-1_amd64.deb ...
Unpacking libnettle4:amd64 (2.7.1-1) ...
Selecting previously unselected package libhogweed2:amd64.
Preparing to unpack .../libhogweed2_2.7.1-1_amd64.deb ...
Unpacking libhogweed2:amd64 (2.7.1-1) ...
Selecting previously unselected package libkadm5clnt7-heimdal:amd64.
Preparing to unpack .../libkadm5clnt7-heimdal_1.6~git20131117+dfsg-3_amd64.deb ...
Unpacking libkadm5clnt7-heimdal:amd64 (1.6~git20131117+dfsg-3) ...
Selecting previously unselected package libkadm5srv8-heimdal:amd64.
Preparing to unpack .../libkadm5srv8-heimdal_1.6~git20131117+dfsg-3_amd64.deb ...
Unpacking libkadm5srv8-heimdal:amd64 (1.6~git20131117+dfsg-3) ...
Selecting previously unselected package libltdl7:amd64.
Preparing to unpack .../libltdl7_2.4.2-1.6_amd64.deb ...
Unpacking libltdl7:amd64 (2.4.2-1.6) ...
Selecting previously unselected package libsigsegv2:amd64.
Preparing to unpack .../libsigsegv2_2.10-2_amd64.deb ...
Unpacking libsigsegv2:amd64 (2.10-2) ...
Selecting previously unselected package libunistring0:amd64.
Preparing to unpack .../libunistring0_0.9.3-5_amd64.deb ...
Unpacking libunistring0:amd64 (0.9.3-5) ...
Selecting previously unselected package libxau6:amd64.
Preparing to unpack .../libxau6_1%3a1.0.8-1_amd64.deb ...
Unpacking libxau6:amd64 (1:1.0.8-1) ...
Selecting previously unselected package libkafs0-heimdal:amd64.
Preparing to unpack .../libkafs0-heimdal_1.6~git20131117+dfsg-3_amd64.deb ...
Unpacking libkafs0-heimdal:amd64 (1.6~git20131117+dfsg-3) ...
Selecting previously unselected package libkdc2-heimdal:amd64.
Preparing to unpack .../libkdc2-heimdal_1.6~git20131117+dfsg-3_amd64.deb ...
Unpacking libkdc2-heimdal:amd64 (1.6~git20131117+dfsg-3) ...
Selecting previously unselected package libotp0-heimdal:amd64.
Preparing to unpack .../libotp0-heimdal_1.6~git20131117+dfsg-3_amd64.deb ...
Unpacking libotp0-heimdal:amd64 (1.6~git20131117+dfsg-3) ...
Selecting previously unselected package libsl0-heimdal:amd64.
Preparing to unpack .../libsl0-heimdal_1.6~git20131117+dfsg-3_amd64.deb ...
Unpacking libsl0-heimdal:amd64 (1.6~git20131117+dfsg-3) ...
Selecting previously unselected package file.
Preparing to unpack .../file_1%3a5.14-2_amd64.deb ...
Unpacking file (1:5.14-2) ...
Selecting previously unselected package gettext-base.
Preparing to unpack .../gettext-base_0.18.3.1-2_amd64.deb ...
Unpacking gettext-base (0.18.3.1-2) ...
Selecting previously unselected package m4.
Preparing to unpack .../archives/m4_1.4.17-2_amd64.deb ...
Unpacking m4 (1.4.17-2) ...
Selecting previously unselected package libtext-unidecode-perl.
Preparing to unpack .../libtext-unidecode-perl_0.04-2_all.deb ...
Unpacking libtext-unidecode-perl (0.04-2) ...
Selecting previously unselected package libintl-perl.
Preparing to unpack .../libintl-perl_1.23-1_all.deb ...
Unpacking libintl-perl (1.23-1) ...
Selecting previously unselected package libxml-namespacesupport-perl.
Preparing to unpack .../libxml-namespacesupport-perl_1.11-1_all.deb ...
Unpacking libxml-namespacesupport-perl (1.11-1) ...
Selecting previously unselected package libxml-sax-base-perl.
Preparing to unpack .../libxml-sax-base-perl_1.07-1_all.deb ...
Unpacking libxml-sax-base-perl (1.07-1) ...
Selecting previously unselected package libxml-sax-perl.
Preparing to unpack .../libxml-sax-perl_0.99+dfsg-2_all.deb ...
Unpacking libxml-sax-perl (0.99+dfsg-2) ...
Selecting previously unselected package libxml-libxml-perl.
Preparing to unpack .../libxml-libxml-perl_2.0108+dfsg-1_amd64.deb ...
Unpacking libxml-libxml-perl (2.0108+dfsg-1) ...
Selecting previously unselected package texinfo.
Preparing to unpack .../texinfo_5.2.0.dfsg.1-2_amd64.deb ...
Unpacking texinfo (5.2.0.dfsg.1-2) ...
Selecting previously unselected package autoconf.
Preparing to unpack .../autoconf_2.69-2_all.deb ...
Unpacking autoconf (2.69-2) ...
Selecting previously unselected package autotools-dev.
Preparing to unpack .../autotools-dev_20130810.1_all.deb ...
Unpacking autotools-dev (20130810.1) ...
Selecting previously unselected package automake.
Preparing to unpack .../automake_1%3a1.14.1-2_all.deb ...
Unpacking automake (1:1.14.1-2) ...
Selecting previously unselected package autopoint.
Preparing to unpack .../autopoint_0.18.3.1-2_all.deb ...
Unpacking autopoint (0.18.3.1-2) ...
Selecting previously unselected package gettext.
Preparing to unpack .../gettext_0.18.3.1-2_amd64.deb ...
Unpacking gettext (0.18.3.1-2) ...
Selecting previously unselected package intltool-debian.
Preparing to unpack .../intltool-debian_0.35.0+20060710.1_all.deb ...
Unpacking intltool-debian (0.35.0+20060710.1) ...
Selecting previously unselected package po-debconf.
Preparing to unpack .../po-debconf_1.0.16+nmu2_all.deb ...
Unpacking po-debconf (1.0.16+nmu2) ...
Selecting previously unselected package debhelper.
Preparing to unpack .../debhelper_9.20131227_all.deb ...
Unpacking debhelper (9.20131227) ...
Selecting previously unselected package libtool.
Preparing to unpack .../libtool_2.4.2-1.6_amd64.deb ...
Unpacking libtool (2.4.2-1.6) ...
Selecting previously unselected package dh-autoreconf.
Preparing to unpack .../dh-autoreconf_9_all.deb ...
Unpacking dh-autoreconf (9) ...
Selecting previously unselected package libguile-ltdl-1.
Preparing to unpack .../libguile-ltdl-1_1.6.8-10.3_amd64.deb ...
Unpacking libguile-ltdl-1 (1.6.8-10.3) ...
Selecting previously unselected package guile-1.6-libs.
Preparing to unpack .../guile-1.6-libs_1.6.8-10.3_amd64.deb ...
Unpacking guile-1.6-libs (1.6.8-10.3) ...
Selecting previously unselected package guile-1.6.
Preparing to unpack .../guile-1.6_1.6.8-10.3_amd64.deb ...
Unpacking guile-1.6 (1.6.8-10.3) ...
Selecting previously unselected package libgmp-dev:amd64.
Preparing to unpack .../libgmp-dev_2%3a5.1.3+dfsg-1_amd64.deb ...
Unpacking libgmp-dev:amd64 (2:5.1.3+dfsg-1) ...
Selecting previously unselected package liboop4.
Preparing to unpack .../liboop4_1.0-10_amd64.deb ...
Unpacking liboop4 (1.0-10) ...
Selecting previously unselected package liboop-dev.
Preparing to unpack .../liboop-dev_1.0-10_amd64.deb ...
Unpacking liboop-dev (1.0-10) ...
Selecting previously unselected package libpam0g-dev:amd64.
Preparing to unpack .../libpam0g-dev_1.1.3-10_amd64.deb ...
Unpacking libpam0g-dev:amd64 (1.1.3-10) ...
Selecting previously unselected package libtinfo-dev:amd64.
Preparing to unpack .../libtinfo-dev_5.9+20130608-1_amd64.deb ...
Unpacking libtinfo-dev:amd64 (5.9+20130608-1) ...
Selecting previously unselected package libreadline6-dev:amd64.
Preparing to unpack .../libreadline6-dev_6.2+dfsg-0.1_amd64.deb ...
Unpacking libreadline6-dev:amd64 (6.2+dfsg-0.1) ...
Selecting previously unselected package libreadline-dev:amd64.
Preparing to unpack .../libreadline-dev_6.2+dfsg-0.1_amd64.deb ...
Unpacking libreadline-dev:amd64 (6.2+dfsg-0.1) ...
Selecting previously unselected package libwrap0-dev:amd64.
Preparing to unpack .../libwrap0-dev_7.6.q-24_amd64.deb ...
Unpacking libwrap0-dev:amd64 (7.6.q-24) ...
Selecting previously unselected package xorg-sgml-doctools.
Preparing to unpack .../xorg-sgml-doctools_1%3a1.11-1_all.deb ...
Unpacking xorg-sgml-doctools (1:1.11-1) ...
Selecting previously unselected package x11proto-core-dev.
Preparing to unpack .../x11proto-core-dev_7.0.24-1_all.deb ...
Unpacking x11proto-core-dev (7.0.24-1) ...
Selecting previously unselected package libxau-dev:amd64.
Preparing to unpack .../libxau-dev_1%3a1.0.8-1_amd64.deb ...
Unpacking libxau-dev:amd64 (1:1.0.8-1) ...
Selecting previously unselected package nettle-bin.
Preparing to unpack .../nettle-bin_2.7.1-1_amd64.deb ...
Unpacking nettle-bin (2.7.1-1) ...
Selecting previously unselected package nettle-dev.
Preparing to unpack .../nettle-dev_2.7.1-1_amd64.deb ...
Unpacking nettle-dev (2.7.1-1) ...
Selecting previously unselected package zlib1g-dev:amd64.
Preparing to unpack .../zlib1g-dev_1%3a1.2.8.dfsg-1_amd64.deb ...
Unpacking zlib1g-dev:amd64 (1:1.2.8.dfsg-1) ...
Selecting previously unselected package comerr-dev.
Preparing to unpack .../comerr-dev_2.1-1.42.9-2_amd64.deb ...
Unpacking comerr-dev (2.1-1.42.9-2) ...
Selecting previously unselected package heimdal-multidev.
Preparing to unpack .../heimdal-multidev_1.6~git20131117+dfsg-3_amd64.deb ...
Unpacking heimdal-multidev (1.6~git20131117+dfsg-3) ...
Selecting previously unselected package heimdal-dev.
Preparing to unpack .../heimdal-dev_1.6~git20131117+dfsg-3_amd64.deb ...
Unpacking heimdal-dev (1.6~git20131117+dfsg-3) ...
Selecting previously unselected package sbuild-build-depends-lsh-utils-dummy.
Preparing to unpack .../sbuild-build-depends-lsh-utils-dummy.deb ...
Unpacking sbuild-build-depends-lsh-utils-dummy (0.invalid.0) ...
Setting up libpipeline1:amd64 (1.2.6-1) ...
Setting up groff-base (1.22.2-3) ...
Setting up bsdmainutils (9.0.5) ...
update-alternatives: using /usr/bin/bsd-write to provide /usr/bin/write (write) in auto mode
update-alternatives: using /usr/bin/bsd-from to provide /usr/bin/from (from) in auto mode
Setting up man-db (2.6.5-3) ...
Not building database; man-db/auto-update is not 'true'.
Setting up libasprintf0c2:amd64 (0.18.3.1-2) ...
Setting up libbsd0:amd64 (0.6.0-1) ...
Setting up libedit2:amd64 (3.1-20130712-2) ...
Setting up libgpg-error0:amd64 (1.12-0.2) ...
Setting up libgcrypt11:amd64 (1.5.3-3) ...
Setting up libp11-kit0:amd64 (0.20.1-3) ...
Setting up libtasn1-3:amd64 (2.14-3) ...
Setting up libgnutls26:amd64 (2.12.23-8) ...
Setting up libsasl2-modules-db:amd64 (2.1.25.dfsg1-17) ...
Setting up libsasl2-2:amd64 (2.1.25.dfsg1-17) ...
Setting up libldap-2.4-2:amd64 (2.4.31-1+nmu2+b1) ...
Setting up libmagic1:amd64 (1:5.14-2) ...
Setting up libsqlite3-0:amd64 (3.8.2-1) ...
Setting up libwrap0:amd64 (7.6.q-24) ...
Setting up libxml2:amd64 (2.9.1+dfsg1-3) ...
Setting up libroken18-heimdal:amd64 (1.6~git20131117+dfsg-3) ...
Setting up libasn1-8-heimdal:amd64 (1.6~git20131117+dfsg-3) ...
Setting up libglib2.0-0:amd64 (2.36.4-1) ...
No schema files found: doing nothing.
Setting up libcroco3:amd64 (0.6.8-2) ...
Setting up libhcrypto4-heimdal:amd64 (1.6~git20131117+dfsg-3) ...
Setting up libheimbase1-heimdal:amd64 (1.6~git20131117+dfsg-3) ...
Setting up libwind0-heimdal:amd64 (1.6~git20131117+dfsg-3) ...
Setting up libhx509-5-heimdal:amd64 (1.6~git20131117+dfsg-3) ...
Setting up libkrb5-26-heimdal:amd64 (1.6~git20131117+dfsg-3) ...
Setting up libheimntlm0-heimdal:amd64 (1.6~git20131117+dfsg-3) ...
Setting up libgssapi3-heimdal:amd64 (1.6~git20131117+dfsg-3) ...
Setting up libhdb9-heimdal:amd64 (1.6~git20131117+dfsg-3) ...
Setting up libnettle4:amd64 (2.7.1-1) ...
Setting up libhogweed2:amd64 (2.7.1-1) ...
Setting up libkadm5clnt7-heimdal:amd64 (1.6~git20131117+dfsg-3) ...
Setting up libkadm5srv8-heimdal:amd64 (1.6~git20131117+dfsg-3) ...
Setting up libltdl7:amd64 (2.4.2-1.6) ...
Setting up libsigsegv2:amd64 (2.10-2) ...
Setting up libunistring0:amd64 (0.9.3-5) ...
Setting up libxau6:amd64 (1:1.0.8-1) ...
Setting up libkafs0-heimdal:amd64 (1.6~git20131117+dfsg-3) ...
Setting up libkdc2-heimdal:amd64 (1.6~git20131117+dfsg-3) ...
Setting up libotp0-heimdal:amd64 (1.6~git20131117+dfsg-3) ...
Setting up libsl0-heimdal:amd64 (1.6~git20131117+dfsg-3) ...
Setting up file (1:5.14-2) ...
Setting up gettext-base (0.18.3.1-2) ...
Setting up m4 (1.4.17-2) ...
Setting up libtext-unidecode-perl (0.04-2) ...
Setting up libintl-perl (1.23-1) ...
Setting up libxml-namespacesupport-perl (1.11-1) ...
Setting up libxml-sax-base-perl (1.07-1) ...
Setting up libxml-sax-perl (0.99+dfsg-2) ...
update-perl-sax-parsers: Registering Perl SAX parser XML::SAX::PurePerl with priority 10...
update-perl-sax-parsers: Updating overall Perl SAX parser modules info file...

Creating config file /etc/perl/XML/SAX/ParserDetails.ini with new version
Setting up libxml-libxml-perl (2.0108+dfsg-1) ...
update-perl-sax-parsers: Registering Perl SAX parser XML::LibXML::SAX::Parser with priority 50...
update-perl-sax-parsers: Registering Perl SAX parser XML::LibXML::SAX with priority 50...
update-perl-sax-parsers: Updating overall Perl SAX parser modules info file...
Replacing config file /etc/perl/XML/SAX/ParserDetails.ini with new version
Setting up texinfo (5.2.0.dfsg.1-2) ...
Setting up autoconf (2.69-2) ...
Setting up autotools-dev (20130810.1) ...
Setting up automake (1:1.14.1-2) ...
update-alternatives: using /usr/bin/automake-1.14 to provide /usr/bin/automake (automake) in auto mode
Setting up autopoint (0.18.3.1-2) ...
Setting up gettext (0.18.3.1-2) ...
Setting up intltool-debian (0.35.0+20060710.1) ...
Setting up po-debconf (1.0.16+nmu2) ...
Setting up debhelper (9.20131227) ...
Setting up libtool (2.4.2-1.6) ...
Setting up dh-autoreconf (9) ...
Setting up libguile-ltdl-1 (1.6.8-10.3) ...
Setting up guile-1.6-libs (1.6.8-10.3) ...
Setting up guile-1.6 (1.6.8-10.3) ...
update-alternatives: using /usr/bin/guile-1.6 to provide /usr/bin/guile (guile) in auto mode
Setting up libgmp-dev:amd64 (2:5.1.3+dfsg-1) ...
Setting up liboop4 (1.0-10) ...
Setting up liboop-dev (1.0-10) ...
Setting up libpam0g-dev:amd64 (1.1.3-10) ...
Setting up libtinfo-dev:amd64 (5.9+20130608-1) ...
Setting up libreadline6-dev:amd64 (6.2+dfsg-0.1) ...
Setting up libreadline-dev:amd64 (6.2+dfsg-0.1) ...
Setting up libwrap0-dev:amd64 (7.6.q-24) ...
Setting up xorg-sgml-doctools (1:1.11-1) ...
Setting up x11proto-core-dev (7.0.24-1) ...
Setting up libxau-dev:amd64 (1:1.0.8-1) ...
Setting up nettle-bin (2.7.1-1) ...
Setting up nettle-dev (2.7.1-1) ...
Setting up zlib1g-dev:amd64 (1:1.2.8.dfsg-1) ...
Setting up comerr-dev (2.1-1.42.9-2) ...
Setting up heimdal-multidev (1.6~git20131117+dfsg-3) ...
Setting up heimdal-dev (1.6~git20131117+dfsg-3) ...
Setting up sbuild-build-depends-lsh-utils-dummy (0.invalid.0) ...
Processing triggers for libc-bin (2.17-97) ...

┌──────────────────────────────────────────────────────────────────────────────┐
│ Build environment                                                            │
└──────────────────────────────────────────────────────────────────────────────┘

Kernel: Linux 2.6.32-5-xen-amd64 amd64 (x86_64)
Toolchain package versions: binutils_2.24-2 dpkg-dev_1.17.5 g++-4.6_4.6.4-5 g++-4.8_4.8.2-11 gcc-4.6_4.6.4-5 gcc-4.7_4.7.3-9 gcc-4.8_4.8.2-11 libc6-dev_2.17-97 libstdc++-4.8-dev_4.8.2-11 libstdc++6_4.8.2-11 libstdc++6-4.6-dev_4.6.4-5 linux-libc-dev_3.12.6-2
Package versions: apt_0.9.14.2 autoconf_2.69-2 automake_1:1.14.1-2 autopoint_0.18.3.1-2 autotools-dev_20130810.1 base-files_7.2 base-passwd_3.5.29 bash_4.2+dfsg-1 binutils_2.24-2 bsdmainutils_9.0.5 bsdutils_1:2.20.1-5.5 build-essential_11.6 bzip2_1.0.6-5 clang-3.4_1:3.4-1 comerr-dev_2.1-1.42.9-2 coreutils_8.21-1 cpp_4:4.8.2-1 cpp-4.6_4.6.4-5 cpp-4.7_4.7.3-9 cpp-4.8_4.8.2-11 dash_0.5.7-3+nmu1 debconf_1.5.52 debconf-i18n_1.5.52 debfoster_2.7-1.2 debhelper_9.20131227 debian-archive-keyring_2012.4 debianutils_4.4 dh-autoreconf_9 diffutils_1:3.3-1 dpkg_1.17.5 dpkg-dev_1.17.5 e2fslibs_1.42.9-2 e2fsprogs_1.42.9-2 fakeroot_1.20-3 file_1:5.14-2 findutils_4.4.2-7 g++_4:4.8.2-1 g++-4.6_4.6.4-5 g++-4.8_4.8.2-11 gcc_4:4.8.2-1 gcc-4.4-base_4.4.7-6 gcc-4.5-base_4.5.4-1 gcc-4.6_4.6.4-5 gcc-4.6-base_4.6.4-5 gcc-4.7_4.7.3-9 gcc-4.7-base_4.7.3-9 gcc-4.8_4.8.2-11 gcc-4.8-base_4.8.2-11 gettext_0.18.3.1-2 gettext-base_0.18.3.1-2 gnupg_1.4.15-3 gpgv_1.4.15-3 grep_2.15-2 groff-base_1.22.2-3 guile-1.6_1.6.8-10.3 guile-1.6-libs_1.6.8-10.3 gzip_1.6-3 heimdal-dev_1.6~git20131117+dfsg-3 heimdal-multidev_1.6~git20131117+dfsg-3 hostname_3.15 initscripts_2.88dsf-45 insserv_1.14.0-5 intltool-debian_0.35.0+20060710.1 libacl1_2.2.52-1 libapt-pkg4.12_0.9.14.2 libarchive-extract-perl_0.70-1 libasan0_4.8.2-11 libasn1-8-heimdal_1.6~git20131117+dfsg-3 libasprintf0c2_0.18.3.1-2 libatomic1_4.8.2-11 libattr1_1:2.4.47-1 libaudit-common_1:2.3.2-3 libaudit1_1:2.3.2-3 libblkid1_2.20.1-5.5 libbsd0_0.6.0-1 libbz2-1.0_1.0.6-5 libc-bin_2.17-97 libc-dev-bin_2.17-97 libc6_2.17-97 libc6-dev_2.17-97 libcap2_1:2.22-1.2 libclang-common-3.4-dev_1:3.4-1 libclang1-3.4_1:3.4-1 libclass-isa-perl_0.36-5 libcloog-isl4_0.18.1-3 libcloog-ppl1_0.16.1-4 libcomerr2_1.42.9-2 libcroco3_0.6.8-2 libdb5.1_5.1.29-7 libdpkg-perl_1.17.5 libedit2_3.1-20130712-2 libfakeroot_1.20-3 libffi6_3.0.13-10 libfile-fcntllock-perl_0.14-2+b1 libgc1c2_1:7.2d-6 libgcc-4.7-dev_4.7.3-9 libgcc-4.8-dev_4.8.2-11 libgcc1_1:4.8.2-11 libgcrypt11_1.5.3-3 libgdbm3_1.8.3-12 libglib2.0-0_2.36.4-1 libgmp-dev_2:5.1.3+dfsg-1 libgmp10_2:5.1.3+dfsg-1 libgmpxx4ldbl_2:5.1.3+dfsg-1 libgnutls26_2.12.23-8 libgomp1_4.8.2-11 libgpg-error0_1.12-0.2 libgpm2_1.20.4-6.1 libgssapi3-heimdal_1.6~git20131117+dfsg-3 libguile-ltdl-1_1.6.8-10.3 libhcrypto4-heimdal_1.6~git20131117+dfsg-3 libhdb9-heimdal_1.6~git20131117+dfsg-3 libheimbase1-heimdal_1.6~git20131117+dfsg-3 libheimntlm0-heimdal_1.6~git20131117+dfsg-3 libhogweed2_2.7.1-1 libhx509-5-heimdal_1.6~git20131117+dfsg-3 libintl-perl_1.23-1 libisl10_0.12.1-2 libitm1_4.8.2-11 libkadm5clnt7-heimdal_1.6~git20131117+dfsg-3 libkadm5srv8-heimdal_1.6~git20131117+dfsg-3 libkafs0-heimdal_1.6~git20131117+dfsg-3 libkdc2-heimdal_1.6~git20131117+dfsg-3 libkrb5-26-heimdal_1.6~git20131117+dfsg-3 libldap-2.4-2_2.4.31-1+nmu2+b1 libllvm3.4_1:3.4-1 liblocale-gettext-perl_1.05-7+b2 liblog-message-simple-perl_0.10-1 libltdl7_2.4.2-1.6 liblzma5_5.1.1alpha+20120614-2 libmagic1_1:5.14-2 libmodule-pluggable-perl_4.8-1 libmount1_2.20.1-5.5 libmpc2_0.9-4 libmpc3_1.0.1-1 libmpfr4_3.1.2-1 libncurses5_5.9+20130608-1 libnettle4_2.7.1-1 libobjc-4.8-dev_4.8.2-11 libobjc4_4.8.2-11 liboop-dev_1.0-10 liboop4_1.0-10 libotp0-heimdal_1.6~git20131117+dfsg-3 libp11-kit0_0.20.1-3 libpam-modules_1.1.3-10 libpam-modules-bin_1.1.3-10 libpam-runtime_1.1.3-10 libpam0g_1.1.3-10 libpam0g-dev_1.1.3-10 libpcre3_1:8.31-2 libpipeline1_1.2.6-1 libpod-latex-perl_0.61-1 libppl-c4_1:1.0-7 libppl12_1:1.0-7 libquadmath0_4.8.2-11 libreadline-dev_6.2+dfsg-0.1 libreadline6_6.2+dfsg-0.1 libreadline6-dev_6.2+dfsg-0.1 libroken18-heimdal_1.6~git20131117+dfsg-3 libsasl2-2_2.1.25.dfsg1-17 libsasl2-modules-db_2.1.25.dfsg1-17 libselinux1_2.2.1-1 libsemanage-common_2.2-1 libsemanage1_2.2-1 libsepol1_2.2-1 libsigsegv2_2.10-2 libsl0-heimdal_1.6~git20131117+dfsg-3 libslang2_2.2.4-16 libsqlite3-0_3.8.2-1 libss2_1.42.9-2 libstdc++-4.8-dev_4.8.2-11 libstdc++6_4.8.2-11 libstdc++6-4.6-dev_4.6.4-5 libswitch-perl_2.16-2 libtasn1-3_2.14-3 libterm-ui-perl_0.42-1 libtext-charwidth-perl_0.04-7+b2 libtext-iconv-perl_1.7-5+b1 libtext-soundex-perl_3.4-1+b1 libtext-unidecode-perl_0.04-2 libtext-wrapi18n-perl_0.06-7 libtimedate-perl_2.3000-1 libtinfo-dev_5.9+20130608-1 libtinfo5_5.9+20130608-1 libtool_2.4.2-1.6 libtsan0_4.8.2-11 libunistring0_0.9.3-5 libusb-0.1-4_2:0.1.12-23.3 libustr-1.0-1_1.0.4-3 libuuid1_2.20.1-5.5 libwind0-heimdal_1.6~git20131117+dfsg-3 libwrap0_7.6.q-24 libwrap0-dev_7.6.q-24 libxau-dev_1:1.0.8-1 libxau6_1:1.0.8-1 libxml-libxml-perl_2.0108+dfsg-1 libxml-namespacesupport-perl_1.11-1 libxml-sax-base-perl_1.07-1 libxml-sax-perl_0.99+dfsg-2 libxml2_2.9.1+dfsg1-3 linux-libc-dev_3.12.6-2 login_1:4.1.5.1-1 lsb-base_4.1+Debian12 m4_1.4.17-2 make_3.81-8.3 man-db_2.6.5-3 mawk_1.3.3-17 mount_2.20.1-5.5 multiarch-support_2.17-97 ncurses-base_5.9+20130608-1 ncurses-bin_5.9+20130608-1 nettle-bin_2.7.1-1 nettle-dev_2.7.1-1 passwd_1:4.1.5.1-1 patch_2.7.1-4 perl_5.18.1-5 perl-base_5.18.1-5 perl-modules_5.18.1-5 po-debconf_1.0.16+nmu2 readline-common_6.2+dfsg-0.1 sbuild-build-depends-core-dummy_0.invalid.0 sbuild-build-depends-lsh-utils-dummy_0.invalid.0 sed_4.2.2-3 sensible-utils_0.0.9 sudo_1.8.8-2 sysv-rc_2.88dsf-45 sysvinit_2.88dsf-45 sysvinit-core_2.88dsf-45 sysvinit-utils_2.88dsf-45 tar_1.27-4 texinfo_5.2.0.dfsg.1-2 tzdata_2013i-1 ucf_3.0027+nmu1 util-linux_2.20.1-5.5 vim_2:7.4.052-1 vim-common_2:7.4.052-1 vim-runtime_2:7.4.052-1 x11proto-core-dev_7.0.24-1 xorg-sgml-doctools_1:1.11-1 xz-utils_5.1.1alpha+20120614-2 zlib1g_1:1.2.8.dfsg-1 zlib1g-dev_1:1.2.8.dfsg-1

┌──────────────────────────────────────────────────────────────────────────────┐
│ Build                                                                        │
└──────────────────────────────────────────────────────────────────────────────┘


Unpack source
─────────────

gpgv: keyblock resource `/sbuild-nonexistent/.gnupg/trustedkeys.gpg': file open error
gpgv: Signature made Thu Aug 15 20:26:13 2013 UTC using DSA key ID 7D61E3E6
gpgv: Can't check signature: public key not found
dpkg-source: warning: failed to verify signature on ./lsh-utils_2.1-1.dsc
dpkg-source: info: extracting lsh-utils in lsh-utils-2.1
dpkg-source: info: unpacking lsh-utils_2.1.orig.tar.gz
dpkg-source: info: unpacking lsh-utils_2.1-1.debian.tar.gz
dpkg-source: info: applying sftp-server-mansection.patch
dpkg-source: info: applying blacklist.patch

Check disc space
────────────────

Sufficient free space for build

Hack binNMU version
───────────────────

Created changelog entry for binNMU version 2.1-1clang1

User Environment
────────────────

DEB_BUILD_OPTIONS=parallel=10
HOME=/sbuild-nonexistent
LOGNAME=user
PATH=/usr/local/sbin:/usr/local/bin:/usr/sbin:/usr/bin:/sbin:/bin:/usr/games
SCHROOT_ALIAS_NAME=unstable-amd64-sbuild
SCHROOT_CHROOT_NAME=unstable-amd64-sbuild
SCHROOT_COMMAND=env
SCHROOT_GID=1000
SCHROOT_GROUP=user
SCHROOT_SESSION_ID=unstable-amd64-sbuild-b8a545a7-2bb9-4a2b-9d90-bf29d0c0925e
SCHROOT_UID=1000
SCHROOT_USER=user
SHELL=/bin/sh
USER=user

dpkg-buildpackage
─────────────────

dpkg-buildpackage: source package lsh-utils
dpkg-buildpackage: source version 2.1-1clang1
dpkg-buildpackage: source distribution unstable
 dpkg-source --before-build lsh-utils-2.1
dpkg-buildpackage: host architecture amd64
 fakeroot debian/rules clean
dh_testdir
dh_testroot
rm -f build-stamp 
# Add here commands to clean up after the build process.
[ ! -f Makefile ] || /usr/bin/make distclean
dh_autoreconf_clean
dh_clean
 debian/rules build-arch
dh_testdir
# Add here commands to configure the package.
dh_autoreconf
configure.ac:17: installing './compile'
configure.ac:36: installing './compile'
configure.ac:40: installing './compile'
configure.ac:31: installing './compile'
doc/Makefile.am:38: warning: '%'-style pattern rules are a GNU make extension
doc/Makefile.am:42: warning: '%'-style pattern rules are a GNU make extension
doc/Makefile.am:12: warning: suffix '.texinfo' for Texinfo files is discouraged; use '.texi' instead
src/Makefile.am:164: warning: '%'-style pattern rules are a GNU make extension
./configure --build=x86_64-linux-gnu \
		    --prefix=/usr \
	            --disable-dependency-tracking \
	            --enable-pam --enable-kerberos --enable-srp \
	            --with-pty --enable-tcp-forward --enable-x11-forward \
	            --enable-agent-forward --enable-ipv6 --enable-utmp \
	            --with-zlib --with-tcpwrappers --with-sshd1=/usr/sbin/sshd \
	            --with-x XAUTH_PROGRAM=/usr/bin/xauth \
	            CFLAGS="-g -O2 -fstack-protector --param=ssp-buffer-size=4 -Wformat -Werror=format-security" CPPFLAGS="-D_FORTIFY_SOURCE=2" CXXFLAGS="-g -O2 -fstack-protector --param=ssp-buffer-size=4 -Wformat -Werror=format-security" FFLAGS="-g -O2 -fstack-protector --param=ssp-buffer-size=4" GCJFLAGS="-g -O2 -fstack-protector --param=ssp-buffer-size=4" LDFLAGS="-Wl,-z,defs -Wl,--as-needed -Wl,-z,relro" 
checking for a BSD-compatible install... /usr/bin/install -c
checking whether build environment is sane... yes
checking for a thread-safe mkdir -p... /bin/mkdir -p
checking for gawk... no
checking for mawk... mawk
checking whether make sets $(MAKE)... yes
checking whether make supports nested variables... yes
configure: WARNING:  Converted . to /«PKGBUILDDIR»,
If this does not work, please use an absolute path to the configure script. 
checking for style of include used by make... GNU
checking for gcc... gcc
checking whether the C compiler works... yes
checking for C compiler default output file name... a.out
checking for suffix of executables... 
checking whether we are cross compiling... no
checking for suffix of object files... o
checking whether we are using the GNU C compiler... yes
checking whether gcc accepts -g... yes
checking for gcc option to accept ISO C89... none needed
checking whether gcc understands -c and -o together... yes
checking dependency style of gcc... none
checking how to run the C preprocessor... gcc -E
checking for grep that handles long lines and -e... /bin/grep
checking for egrep... /bin/grep -E
checking for ANSI C header files... yes
checking for sys/types.h... yes
checking for sys/stat.h... yes
checking for stdlib.h... yes
checking for string.h... yes
checking for memory.h... yes
checking for strings.h... yes
checking for inttypes.h... yes
checking for stdint.h... yes
checking for unistd.h... yes
checking minix/config.h usability... no
checking minix/config.h presence... no
checking for minix/config.h... no
checking whether it is safe to define __EXTENSIONS__... yes
checking build system type... x86_64-pc-linux-gnu
checking host system type... x86_64-pc-linux-gnu
checking for -R flag... using -Wl,-rpath,
Searching for libraries
checking /usr/lib... added
checking /usr/local/lib... added
checking /sw/local/lib... not found
checking /sw/lib... not found
checking /usr/gnu/lib... not found
checking /opt/gnu/lib... not found
checking /sw/gnu/lib... not found
checking /usr/freeware/lib... not found
checking /usr/pkg/lib... not found
checking for gcc... (cached) gcc
checking whether we are using the GNU C compiler... (cached) yes
checking whether gcc accepts -g... (cached) yes
checking for gcc option to accept ISO C89... (cached) none needed
checking whether gcc understands -c and -o together... (cached) yes
checking dependency style of gcc... (cached) none
checking whether make sets $(MAKE)... (cached) yes
checking for ranlib... ranlib
checking for guile... /usr/bin/guile
checking for groff... /usr/bin/groff
checking for m4... /usr/bin/m4
checking for ANSI C header files... (cached) yes
checking gmp.h usability... yes
checking gmp.h presence... yes
checking for gmp.h... yes
checking fcntl.h usability... yes
checking fcntl.h presence... yes
checking for fcntl.h... yes
checking for strings.h... (cached) yes
checking sys/time.h usability... yes
checking sys/time.h presence... yes
checking for sys/time.h... yes
checking for unistd.h... (cached) yes
checking shadow.h usability... yes
checking shadow.h presence... yes
checking for shadow.h... yes
checking zlib.h usability... yes
checking zlib.h presence... yes
checking for zlib.h... yes
checking poll.h usability... yes
checking poll.h presence... yes
checking for poll.h... yes
checking sys/poll.h usability... yes
checking sys/poll.h presence... yes
checking for sys/poll.h... yes
checking libutil.h usability... no
checking libutil.h presence... no
checking for libutil.h... no
checking crypt.h usability... yes
checking crypt.h presence... yes
checking for crypt.h... yes
checking pty.h usability... yes
checking pty.h presence... yes
checking for pty.h... yes
checking stropts.h usability... yes
checking stropts.h presence... yes
checking for stropts.h... yes
checking syslog.h usability... yes
checking syslog.h presence... yes
checking for syslog.h... yes
checking argp.h usability... yes
checking argp.h presence... yes
checking for argp.h... yes
checking sys/resource.h usability... yes
checking sys/resource.h presence... yes
checking for sys/resource.h... yes
checking utmp.h usability... yes
checking utmp.h presence... yes
checking for utmp.h... yes
checking utmpx.h usability... yes
checking utmpx.h presence... yes
checking for utmpx.h... yes
checking for struct utmp.ut_host... yes
checking for struct utmp.ut_name... yes
checking for struct utmp.ut_user... yes
checking for struct utmp.ut_time... yes
checking for struct utmp.ut_tv... yes
checking for struct utmp.ut_tv.tv_sec... yes
checking for struct utmp.ut_id... yes
checking for struct utmp.ut_syslen... no
checking for struct utmp.ut_session... yes
checking for struct utmp.ut_pid... yes
checking for struct utmp.ut_exit... yes
checking for struct utmp.ut_exit.e_termination... yes
checking for struct utmp.ut_exit.__e_termination... no
checking for struct utmp.ut_exit.ut_termination... no
checking for struct utmp.ut_addr... yes
checking for struct utmp.ut_addr_v6... yes
checking for struct utmpx.ut_host... yes
checking for struct utmpx.ut_name... no
checking for struct utmpx.ut_user... yes
checking for struct utmpx.ut_time... no
checking for struct utmpx.ut_id... yes
checking for struct utmpx.ut_tv... yes
checking for struct utmpx.ut_tv.tv_sec... yes
checking for struct utmpx.ut_syslen... no
checking for struct utmpx.ut_session... yes
checking for struct utmpx.ut_pid... yes
checking for struct utmpx.ut_exit... yes
checking for struct utmpx.ut_exit.e_termination... yes
checking for struct utmpx.ut_exit.__e_termination... no
checking for struct utmpx.ut_exit.ut_termination... no
checking for struct utmpx.ut_addr... no
checking for struct utmpx.ut_addr_v6... yes
checking gss.h usability... no
checking gss.h presence... no
checking for gss.h... no
checking for gss_check_version in -lgss... no
checking krb5.h usability... yes
checking krb5.h presence... yes
checking for krb5.h... yes
checking security/pam_appl.h usability... yes
checking security/pam_appl.h presence... yes
checking for security/pam_appl.h... yes
checking for socklen_t in sys/socket.h... yes
checking for __gmpz_getlimbn in -lgmp... yes
checking for oop_sys_new in -loop... yes
checking for inflate in -lz... yes
checking for request_init in -lwrap... yes
checking tcpd.h usability... yes
checking tcpd.h presence... yes
checking for tcpd.h... yes
checking for X... no
checking X11/Xauth.h usability... yes
checking X11/Xauth.h presence... yes
checking for X11/Xauth.h... yes
checking for XauGetAuthByAddr in -lXau... yes
checking for library containing gethostbyname... none required
checking for library containing inet_ntop... none required
checking for setsockopt in -lsocket... no
checking for crypt in -lcrypt... yes
checking for inet_addr in -lxnet... no
checking for openpty in -lutil... yes
checking for library containing syslog... none required
checking for strlcpy in -lroken... no
checking for dn_expand in -lresolv... no
checking for des_cbc_encrypt in -ldes... no
checking for der_get_octet_string in -lasn1... yes
checking for krb5_verify_user_lrealm in -lkrb5... yes
checking for pam_start in -lpam... yes
checking for an ANSI C-conforming const... yes
checking for inline... inline
checking for uid_t in sys/types.h... yes
checking for size_t... yes
checking whether time.h and sys/time.h may both be included... yes
checking whether byte ordering is bigendian... no
checking for working alloca.h... yes
checking for alloca... yes
checking malloc.h usability... yes
checking malloc.h presence... yes
checking for malloc.h... yes
checking for strerror... yes
checking for strsignal... yes
checking whether sys_siglist is declared... no
checking whether _sys_siglist is declared... no
checking for working memcmp... yes
checking for vprintf... yes
checking for _doprnt... no
checking for select... yes
checking for socket... yes
checking for strtol... yes
checking for alarm... yes
checking for getrusage... yes
checking for gettimeofday... yes
checking for getspnam... yes
checking for vsnprintf... yes
checking for inet_aton... yes
checking for openpty... yes
checking for cfmakeraw... yes
checking for logwtmp... yes
checking for login... yes
checking for logout... yes
checking for pututline... yes
checking for pututxline... yes
checking for updwtmp... yes
checking for updwtmpx... yes
checking for getaddrinfo... yes
checking for getnameinfo... yes
checking for gai_strerror... yes
checking for setrlimit... yes
checking for getdtablesize... yes
checking whether getpgrp requires zero arguments... yes
checking for syslog... yes
checking for seteuid... yes
checking for setresuid... yes
checking if netdb.h defines AI_NUMERICHOST... yes
checking for poll... yes
checking for library containing argp_parse... none required
checking for working argp... yes
checking for working shutdown on AF_UNIX sockets... yes
checking for working UNIX98 ptys... no
checking for __attribute__... yes
ls: cannot access /dev/pty*: No such file or directory
ls: cannot access /dev/pty*: No such file or directory
checking for BSD pty names... done
checking that generated files are newer than configure... done
configure: creating ./config.status
config.status: creating Makefile
config.status: creating doc/Makefile
config.status: creating misc/Makefile
config.status: creating src/Makefile
config.status: creating src/scm/Makefile
config.status: creating src/testsuite/Makefile
config.status: creating src/rsync/Makefile
config.status: creating contrib/Makefile
config.status: creating contrib/lsh.spec
config.status: creating contrib/solpkg.sh
config.status: WARNING:  'contrib/solpkg.sh.in' seems to ignore the --datarootdir setting
config.status: creating config.h
config.status: executing depfiles commands
=== configuring in src/argp (/«PKGBUILDDIR»/src/argp)
configure: running /bin/bash /«PKGBUILDDIR»/src/argp/configure --disable-option-checking '--prefix=/usr'  '--build=x86_64-linux-gnu' '--disable-dependency-tracking' '--enable-pam' '--enable-kerberos' '--enable-srp' '--with-pty' '--enable-tcp-forward' '--enable-x11-forward' '--enable-agent-forward' '--enable-ipv6' '--enable-utmp' '--with-zlib' '--with-tcpwrappers' '--with-sshd1=/usr/sbin/sshd' '--with-x' 'XAUTH_PROGRAM=/usr/bin/xauth' 'CFLAGS=-g -O2 -fstack-protector --param=ssp-buffer-size=4 -Wformat -Werror=format-security' 'CPPFLAGS=-D_FORTIFY_SOURCE=2' 'CXXFLAGS=-g -O2 -fstack-protector --param=ssp-buffer-size=4 -Wformat -Werror=format-security' 'FFLAGS=-g -O2 -fstack-protector --param=ssp-buffer-size=4' 'GCJFLAGS=-g -O2 -fstack-protector --param=ssp-buffer-size=4' 'LDFLAGS=-Wl,-z,defs -Wl,--as-needed -Wl,-z,relro' 'build_alias=x86_64-linux-gnu' --cache-file=/dev/null --srcdir=/«PKGBUILDDIR»/src/argp
checking for a BSD-compatible install... /usr/bin/install -c
checking whether build environment is sane... yes
checking for a thread-safe mkdir -p... /bin/mkdir -p
checking for gawk... no
checking for mawk... mawk
checking whether make sets $(MAKE)... yes
checking whether make supports nested variables... yes
checking for style of include used by make... GNU
checking for gcc... gcc
checking whether the C compiler works... yes
checking for C compiler default output file name... a.out
checking for suffix of executables... 
checking whether we are cross compiling... no
checking for suffix of object files... o
checking whether we are using the GNU C compiler... yes
checking whether gcc accepts -g... yes
checking for gcc option to accept ISO C89... none needed
checking whether gcc understands -c and -o together... yes
checking dependency style of gcc... none
checking how to run the C preprocessor... gcc -E
checking for grep that handles long lines and -e... /bin/grep
checking for egrep... /bin/grep -E
checking for ANSI C header files... yes
checking for sys/types.h... yes
checking for sys/stat.h... yes
checking for stdlib.h... yes
checking for string.h... yes
checking for memory.h... yes
checking for strings.h... yes
checking for inttypes.h... yes
checking for stdint.h... yes
checking for unistd.h... yes
checking minix/config.h usability... no
checking minix/config.h presence... no
checking for minix/config.h... no
checking whether it is safe to define __EXTENSIONS__... yes
checking for gcc... (cached) gcc
checking whether we are using the GNU C compiler... (cached) yes
checking whether gcc accepts -g... (cached) yes
checking for gcc option to accept ISO C89... (cached) none needed
checking whether gcc understands -c and -o together... (cached) yes
checking dependency style of gcc... (cached) none
checking whether make sets $(MAKE)... (cached) yes
checking for ranlib... ranlib
checking for ANSI C header files... (cached) yes
checking limits.h usability... yes
checking limits.h presence... yes
checking for limits.h... yes
checking malloc.h usability... yes
checking malloc.h presence... yes
checking for malloc.h... yes
checking for unistd.h... (cached) yes
checking sysexits.h usability... yes
checking sysexits.h presence... yes
checking for sysexits.h... yes
checking stdarg.h usability... yes
checking stdarg.h presence... yes
checking for stdarg.h... yes
checking for an ANSI C-conforming const... yes
checking for inline... inline
checking for size_t... yes
checking for __attribute__... yes
checking for working alloca.h... yes
checking for alloca... yes
checking for malloc.h... (cached) yes
checking for vprintf... yes
checking for _doprnt... no
checking for strerror... yes
checking for sleep... yes
checking for getpid... yes
checking for snprintf... yes
checking for mempcpy... yes
checking for strndup... yes
checking for strchrnul... yes
checking for strcasecmp... yes
checking for vsnprintf... yes
checking for putc_unlocked('x', stdout)... yes
checking for flockfile... yes
checking for fputs_unlocked... yes
checking for fwrite_unlocked... yes
checking for strdup... yes
checking for asprintf... yes
checking whether program_invocation_name is declared... yes
checking whether program_invocation_short_name is declared... yes
checking that generated files are newer than configure... done
configure: creating ./config.status
config.status: creating Makefile
config.status: creating testsuite/Makefile
config.status: creating config.h
config.status: executing depfiles commands
=== configuring in src/spki (/«PKGBUILDDIR»/src/spki)
configure: running /bin/bash /«PKGBUILDDIR»/src/spki/configure --disable-option-checking '--prefix=/usr'  '--build=x86_64-linux-gnu' '--disable-dependency-tracking' '--enable-pam' '--enable-kerberos' '--enable-srp' '--with-pty' '--enable-tcp-forward' '--enable-x11-forward' '--enable-agent-forward' '--enable-ipv6' '--enable-utmp' '--with-zlib' '--with-tcpwrappers' '--with-sshd1=/usr/sbin/sshd' '--with-x' 'XAUTH_PROGRAM=/usr/bin/xauth' 'CFLAGS=-g -O2 -fstack-protector --param=ssp-buffer-size=4 -Wformat -Werror=format-security' 'CPPFLAGS=-D_FORTIFY_SOURCE=2' 'CXXFLAGS=-g -O2 -fstack-protector --param=ssp-buffer-size=4 -Wformat -Werror=format-security' 'FFLAGS=-g -O2 -fstack-protector --param=ssp-buffer-size=4' 'GCJFLAGS=-g -O2 -fstack-protector --param=ssp-buffer-size=4' 'LDFLAGS=-Wl,-z,defs -Wl,--as-needed -Wl,-z,relro' 'build_alias=x86_64-linux-gnu' --cache-file=/dev/null --srcdir=/«PKGBUILDDIR»/src/spki
checking for a BSD-compatible install... /usr/bin/install -c
checking whether build environment is sane... yes
checking for a thread-safe mkdir -p... /bin/mkdir -p
checking for gawk... no
checking for mawk... mawk
checking whether make sets $(MAKE)... yes
checking whether make supports nested variables... yes
checking build system type... x86_64-pc-linux-gnu
checking host system type... x86_64-pc-linux-gnu
checking for -R flag... using -Wl,-rpath,
Searching for libraries
checking /usr/lib... added
checking /usr/local/lib... added
checking /sw/local/lib... not found
checking /sw/lib... not found
checking /usr/gnu/lib... not found
checking /opt/gnu/lib... not found
checking /sw/gnu/lib... not found
checking /usr/freeware/lib... not found
checking /usr/pkg/lib... not found
checking for gcc... gcc
checking whether the C compiler works... yes
checking for C compiler default output file name... a.out
checking for suffix of executables... 
checking whether we are cross compiling... no
checking for suffix of object files... o
checking whether we are using the GNU C compiler... yes
checking whether gcc accepts -g... yes
checking for gcc option to accept ISO C89... none needed
checking whether gcc understands -c and -o together... yes
checking for style of include used by make... GNU
checking dependency style of gcc... none
checking whether make sets $(MAKE)... (cached) yes
checking for ranlib... ranlib
checking for an ANSI C-conforming const... yes
checking for inline... inline
checking how to run the C preprocessor... gcc -E
checking for grep that handles long lines and -e... /bin/grep
checking for egrep... /bin/grep -E
checking for uid_t in sys/types.h... yes
checking for ANSI C header files... yes
checking for sys/types.h... yes
checking for sys/stat.h... yes
checking for stdlib.h... yes
checking for string.h... yes
checking for memory.h... yes
checking for strings.h... yes
checking for inttypes.h... yes
checking for stdint.h... yes
checking for unistd.h... yes
checking for size_t... yes
checking whether time.h and sys/time.h may both be included... yes
checking for working alloca.h... yes
checking for alloca... yes
checking malloc.h usability... yes
checking malloc.h presence... yes
checking for malloc.h... yes
checking for gmtime_r... yes
checking whether byte ordering is bigendian... no
checking for __attribute__... yes
checking for __gmpz_getlimbn in -lgmp... yes
checking that generated files are newer than configure... done
configure: creating ./config.status
config.status: creating Makefile
config.status: creating tools/Makefile
config.status: creating testsuite/Makefile
config.status: creating config.h
config.status: executing depfiles commands
=== configuring in src/sftp (/«PKGBUILDDIR»/src/sftp)
configure: running /bin/bash /«PKGBUILDDIR»/src/sftp/configure --disable-option-checking '--prefix=/usr'  '--build=x86_64-linux-gnu' '--disable-dependency-tracking' '--enable-pam' '--enable-kerberos' '--enable-srp' '--with-pty' '--enable-tcp-forward' '--enable-x11-forward' '--enable-agent-forward' '--enable-ipv6' '--enable-utmp' '--with-zlib' '--with-tcpwrappers' '--with-sshd1=/usr/sbin/sshd' '--with-x' 'XAUTH_PROGRAM=/usr/bin/xauth' 'CFLAGS=-g -O2 -fstack-protector --param=ssp-buffer-size=4 -Wformat -Werror=format-security' 'CPPFLAGS=-D_FORTIFY_SOURCE=2' 'CXXFLAGS=-g -O2 -fstack-protector --param=ssp-buffer-size=4 -Wformat -Werror=format-security' 'FFLAGS=-g -O2 -fstack-protector --param=ssp-buffer-size=4' 'GCJFLAGS=-g -O2 -fstack-protector --param=ssp-buffer-size=4' 'LDFLAGS=-Wl,-z,defs -Wl,--as-needed -Wl,-z,relro' 'build_alias=x86_64-linux-gnu' --cache-file=/dev/null --srcdir=/«PKGBUILDDIR»/src/sftp
checking for a BSD-compatible install... /usr/bin/install -c
checking whether build environment is sane... yes
checking for a thread-safe mkdir -p... /bin/mkdir -p
checking for gawk... no
checking for mawk... mawk
checking whether make sets $(MAKE)... yes
checking whether make supports nested variables... yes
checking for gcc... gcc
checking whether the C compiler works... yes
checking for C compiler default output file name... a.out
checking for suffix of executables... 
checking whether we are cross compiling... no
checking for suffix of object files... o
checking whether we are using the GNU C compiler... yes
checking whether gcc accepts -g... yes
checking for gcc option to accept ISO C89... none needed
checking whether gcc understands -c and -o together... yes
checking for style of include used by make... GNU
checking dependency style of gcc... none
checking whether make sets $(MAKE)... (cached) yes
checking for ranlib... ranlib
configure: Using ${exec_prefix}/bin/lshg as secsh-client, adding --subsystem=sftp --no-pty in front of arguments and -G after them.
checking how to run the C preprocessor... gcc -E
checking for grep that handles long lines and -e... /bin/grep
checking for egrep... /bin/grep -E
checking for ANSI C header files... yes
checking for sys/types.h... yes
checking for sys/stat.h... yes
checking for stdlib.h... yes
checking for string.h... yes
checking for memory.h... yes
checking for strings.h... yes
checking for inttypes.h... yes
checking for stdint.h... yes
checking for unistd.h... yes
checking stdarg.h usability... yes
checking stdarg.h presence... yes
checking for stdarg.h... yes
checking for an ANSI C-conforming const... yes
checking for inline... inline
checking for uid_t in sys/types.h... yes
checking for size_t... yes
checking whether time.h and sys/time.h may both be included... yes
checking size of short... 2
checking size of int... 4
checking size of long... 8
checking size of off_t... 8
checking for __attribute__... yes
checking for pread... yes
checking for pwrite... yes
checking for inttypes.h... (cached) yes
checking limits.h usability... yes
checking limits.h presence... yes
checking for limits.h... yes
checking for stdint.h... (cached) yes
checking for stdlib.h... (cached) yes
checking for string.h... (cached) yes
checking sys/acl.h usability... no
checking sys/acl.h presence... no
checking for sys/acl.h... no
checking sys/file.h usability... yes
checking sys/file.h presence... yes
checking for sys/file.h... yes
checking sys/ioctl.h usability... yes
checking sys/ioctl.h presence... yes
checking for sys/ioctl.h... yes
checking termios.h usability... yes
checking termios.h presence... yes
checking for termios.h... yes
checking for unistd.h... (cached) yes
checking glob.h usability... yes
checking glob.h presence... yes
checking for glob.h... yes
checking for memory.h... (cached) yes
checking errno.h usability... yes
checking errno.h presence... yes
checking for errno.h... yes
checking fcntl.h usability... yes
checking fcntl.h presence... yes
checking for fcntl.h... yes
checking readline/readline.h usability... yes
checking readline/readline.h presence... yes
checking for readline/readline.h... yes
checking readline/history.h usability... yes
checking readline/history.h presence... yes
checking for readline/history.h... yes
checking readline.h usability... no
checking readline.h presence... no
checking for readline.h... no
checking history.h usability... no
checking history.h presence... no
checking for history.h... no
checking netinet/in.h usability... yes
checking netinet/in.h presence... yes
checking for netinet/in.h... yes
checking for string.h... (cached) yes
checking for sys/stat.h... (cached) yes
checking for sys/types.h... (cached) yes
checking pwd.h usability... yes
checking pwd.h presence... yes
checking for pwd.h... yes
checking grp.h usability... yes
checking grp.h presence... yes
checking for grp.h... yes
checking for tgetent  in -ltermcap... yes
checking for rl_callback_handler_remove in -lreadline... yes
checking for using_history in -lreadline... yes
checking for struct stat.st_rdev... yes
checking for working alloca.h... yes
checking for alloca... yes
checking malloc.h usability... yes
checking malloc.h presence... yes
checking for malloc.h... yes
checking whether gcc needs -traditional... no
checking whether sys/types.h defines makedev... yes
checking for ANSI C header files... (cached) yes
checking for dirent.h that defines DIR... yes
checking for library containing opendir... none required
checking whether time.h and sys/time.h may both be included... (cached) yes
checking for getcwd... yes
checking for getwd... yes
checking for strcoll... yes
checking for strdup... yes
checking for getenv... yes
checking for fnmatch... yes
checking for dup2... yes
checking for canonicalize_file_name... yes
checking for snprintf... yes
checking for vsnprintf... yes
checking that generated files are newer than configure... done
configure: creating ./config.status
config.status: creating Makefile
config.status: creating testsuite/Makefile
config.status: creating config.h
config.status: executing depfiles commands
dh_testdir
# Add here commands to compile the package.
/usr/bin/make -j10 MAKEINFO='makeinfo --enable-encoding'
make[1]: Entering directory `/«PKGBUILDDIR»'
/usr/bin/make  all-recursive
make[2]: Entering directory `/«PKGBUILDDIR»'
Making all in src
make[3]: Entering directory `/«PKGBUILDDIR»/src'
(echo '/* Automatically generated from environ.h.in, by make. */' ; \
	sed -e 's,@''prefix@,/usr,' \
	    -e 's,@''bindir@,/usr/bin,' \
	    -e 's,@''sbindir@,/usr/sbin,' \
	    -e 's,@''libexecdir@,/usr/libexec,' \
	    -e 's,@''sysconfdir@,/usr/etc,' \
	  < /«PKGBUILDDIR»/src/environ.h.in) >environ.hT
test -s environ.hT && mv -f environ.hT environ.h
/usr/bin/make  all-recursive
make[4]: Entering directory `/«PKGBUILDDIR»/src'
Making all in argp
make[5]: Entering directory `/«PKGBUILDDIR»/src/argp'
/usr/bin/make  all-recursive
make[6]: Entering directory `/«PKGBUILDDIR»/src/argp'
Making all in .
make[7]: Entering directory `/«PKGBUILDDIR»/src/argp'
gcc -DHAVE_CONFIG_H -I.   -D_FORTIFY_SOURCE=2 -I.  -g -O2 -fstack-protector --param=ssp-buffer-size=4 -Wformat -Werror=format-security -ggdb3 -Wall -W  -Wmissing-prototypes -Wmissing-declarations -Wstrict-prototypes  -Waggregate-return  -Wpointer-arith -Wbad-function-cast -Wnested-externs -c -o argp-ba.o argp-ba.c
gcc -DHAVE_CONFIG_H -I.   -D_FORTIFY_SOURCE=2 -I.  -g -O2 -fstack-protector --param=ssp-buffer-size=4 -Wformat -Werror=format-security -ggdb3 -Wall -W  -Wmissing-prototypes -Wmissing-declarations -Wstrict-prototypes  -Waggregate-return  -Wpointer-arith -Wbad-function-cast -Wnested-externs -c -o argp-eexst.o argp-eexst.c
gcc -DHAVE_CONFIG_H -I.   -D_FORTIFY_SOURCE=2 -I.  -g -O2 -fstack-protector --param=ssp-buffer-size=4 -Wformat -Werror=format-security -ggdb3 -Wall -W  -Wmissing-prototypes -Wmissing-declarations -Wstrict-prototypes  -Waggregate-return  -Wpointer-arith -Wbad-function-cast -Wnested-externs -c -o argp-fmtstream.o argp-fmtstream.c
gcc -DHAVE_CONFIG_H -I.   -D_FORTIFY_SOURCE=2 -I.  -g -O2 -fstack-protector --param=ssp-buffer-size=4 -Wformat -Werror=format-security -ggdb3 -Wall -W  -Wmissing-prototypes -Wmissing-declarations -Wstrict-prototypes  -Waggregate-return  -Wpointer-arith -Wbad-function-cast -Wnested-externs -c -o argp-help.o argp-help.c
gcc -DHAVE_CONFIG_H -I.   -D_FORTIFY_SOURCE=2 -I.  -g -O2 -fstack-protector --param=ssp-buffer-size=4 -Wformat -Werror=format-security -ggdb3 -Wall -W  -Wmissing-prototypes -Wmissing-declarations -Wstrict-prototypes  -Waggregate-return  -Wpointer-arith -Wbad-function-cast -Wnested-externs -c -o argp-parse.o argp-parse.c
gcc -DHAVE_CONFIG_H -I.   -D_FORTIFY_SOURCE=2 -I.  -g -O2 -fstack-protector --param=ssp-buffer-size=4 -Wformat -Werror=format-security -ggdb3 -Wall -W  -Wmissing-prototypes -Wmissing-declarations -Wstrict-prototypes  -Waggregate-return  -Wpointer-arith -Wbad-function-cast -Wnested-externs -c -o argp-pv.o argp-pv.c
gcc -DHAVE_CONFIG_H -I.   -D_FORTIFY_SOURCE=2 -I.  -g -O2 -fstack-protector --param=ssp-buffer-size=4 -Wformat -Werror=format-security -ggdb3 -Wall -W  -Wmissing-prototypes -Wmissing-declarations -Wstrict-prototypes  -Waggregate-return  -Wpointer-arith -Wbad-function-cast -Wnested-externs -c -o argp-pvh.o argp-pvh.c
argp-help.c:239:15: warning: passing 'const unsigned char *' to parameter of type 'const char *' converts between pointers to integer types with different sign [-Wpointer-sign]
                val = atoi (arg);
                            ^~~
/usr/include/stdlib.h:278:26: note: passing argument to parameter '__nptr' here
__NTH (atoi (const char *__nptr))
                         ^
/usr/include/x86_64-linux-gnu/sys/cdefs.h:58:59: note: expanded from macro '__NTH'
#  define __NTH(fct)    __attribute__ ((__nothrow__ __LEAF)) fct
                                                             ^
argp-help.cargp-fmtstream.c:247:17: warning: passing 'const unsigned char *' to parameter of type 'const char *' converts between pointers to integer types with different sign [-Wpointer-sign]
                  && strncmp (var, un->name, var_len) == 0)
                              ^~~
/usr/include/x86_64-linux-gnu/bits/string2.h:922:21: note: expanded from macro 'strncmp'
                       && strlen (s1) < ((size_t) (n)))                       \
                                  ^
/usr/include/string.h:395:35: note: passing argument to parameter '__s' here
extern size_t strlen (const char *__s)
                                  ^
argp-help.c:247:17: warning: passing 'const unsigned char *' to parameter of type 'const char *' converts between pointers to integer types with different sign [-Wpointer-sign]
                  && strncmp (var, un->name, var_len) == 0)
                              ^~~
/usr/include/x86_64-linux-gnu/bits/string2.h:925::15395:: 1note::  expanded from macro 'strncmp'error
:                   ? strcmp (s1, s2) : strncmp (s1, s2, n)))redefinition of a 'extern inline' function 'argp_fmtstream_write' is not supported in C99 mode
__argp_fmtstream_write (argp_fmtstream_t __fs,
                            ^
/usr/include/x86_64-linux-gnu/bits/string2.h:
803^:
40./argp-namefrob.h: note:: 62expanded from macro 'strcmp':
32      && (__s1_len = __builtin_strlen (s1), __s2_len = __builtin_strlen (s2), \: note: expanded from macro '__argp_fmtstream_write'

#define __argp_fmtstream_write argp_fmtstream_write                                       ^
argp-help.c
                               ^
./argp-fmtstream.h:223:1: note: previous definition is here
__argp_fmtstream_write (argp_fmtstream_t __fs,
^
./argp-fmtstream.h::247:20917::32 :warning : notepassing 'const unsigned char *' to parameter of type 'const char *' converts between pointers to integer types with different sign [-Wpointer-sign]: expanded from macro '__argp_fmtstream_write'
                  && strncmp (var, un->name, var_len) == 0)
#define __argp_fmtstream_write argp_fmtstream_write

                              ^~~                               ^

/usr/include/x86_64-linux-gnu/bits/string2.hargp-fmtstream.c:925:15: note: expanded from macro 'strncmp'
                  ? strcmp (s1, s2) : strncmp (s1, s2, n)))
                            ^
/usr/include/x86_64-linux-gnu/bits/string2.h:409::8061::27:  errornote: : redefinition of a 'extern inline' function 'argp_fmtstream_puts' is not supported in C99 modeexpanded from macro 'strcmp'

__argp_fmtstream_puts (argp_fmtstream_t __fs, __const char *__str)      ? __builtin_strcmp (s1, s2)                                             \

^                          ^

./argp-namefrob.hargp-help.c:60:31: note: expanded from macro '__argp_fmtstream_puts'
#define __argp_fmtstream_puts argp_fmtstream_puts:247:
17: warning: passing 'const unsigned char *' to parameter of type 'const char *' converts between pointers to integer types with different sign [-Wpointer-sign]
                  && strncmp (var, un->name, var_len) == 0)
                              ^~~
/usr/include/x86_64-linux-gnu/bits/string2.h:925:15: note: expanded from macro 'strncmp'
                  ? strcmp (s1, s2) : strncmp (s1, s2, n)))
                            ^
/usr/include/x86_64-linux-gnu/bits/string2.h:808:36: note: expanded from macro 'strcmp'
         && (__s1_len = __builtin_strlen (s1), __s1_len < 4)                  \
                                          ^
argp-help.c:247:17: warning: passing 'const unsigned char *' to parameter of type 'const char *' converts between pointers to integer types with different sign [-Wpointer-sign]
                  && strncmp (var, un->name, var_len) == 0)
                              ^~~
/usr/include/x86_64-linux-gnu/bits/string2.h:925:15: note: expanded from macro 'strncmp'
                  ? strcmp (s1, s2) : strncmp (s1, s2, n)))
                            ^
/usr/include/x86_64-linux-gnu/bits/string2.h:810:26: note: expanded from macro 'strcmp'
            ? __builtin_strcmp (s1, s2)                                       \
                                ^
argp-help.c:247:17: warning: passing 'const unsigned char *' to parameter of type 'const char *' converts between pointers to integer types with different sign [-Wpointer-sign]
                  && strncmp (var, un->name, var_len) == 0)
                              ^~~
/usr/include/x86_64-linux-gnu/bits/string2.h:925:15: note: expanded from macro 'strncmp'
                  ? strcmp (s1, s2) : strncmp (s1, s2, n)))
                            ^
/usr/include/x86_64-linux-gnu/bits/string2.h:815:29: note: expanded from macro 'strcmp'
               ? __builtin_strcmp (s1, s2)                                    \
                                   ^
argp-help.c:247:17: warning: passing 'const unsigned char *' to parameter of type 'const char *' converts between pointers to integer types with different sign [-Wpointer-sign]
                  && strncmp (var, un->name, var_len) == 0)
                              ^~~
/usr/include/x86_64-linux-gnu/bits/string2.h:925:15: note: expanded from macro 'strncmp'
                  ? strcmp (s1, s2) : strncmp (s1, s2, n)))
                            ^
/usr/include/x86_64-linux-gnu/bits/string2.h:817:26: note: expanded from macro 'strcmp'
            : __builtin_strcmp (s1, s2)))); })
                                ^
argp-help.c:247:17: warning: passing 'const unsigned char *' to parameter of type 'const char *' converts between pointers to integer types with different sign [-Wpointer-sign]
                  && strncmp (var, un->name, var_len) == 0)
                              ^~~
/usr/include/x86_64-linux-gnu/bits/string2.h:925:34: note: expanded from macro 'strncmp'
                  ? strcmp (s1, s2) : strncmp (s1, s2, n)))
                                               ^
/usr/include/string.h:143:33: note: passing argument to parameter '__s1' here
extern int strncmp (const char *__s1, const char *__s2, size_t __n)
                                ^
                              ^
./argp-fmtstream.h:237:1: note: previous definition is here
__argp_fmtstream_puts (argp_fmtstream_t __fs, __const char *__str)
^
./argp-fmtstream.h:208:31: note: expanded from macro '__argp_fmtstream_puts'
#define __argp_fmtstream_puts argp_fmtstream_puts
                              ^
argp-fmtstream.c:422:1: error: redefinition of a 'extern inline' function 'argp_fmtstream_putc' is not supported in C99 mode
__argp_fmtstream_putc (argp_fmtstream_t __fs, int __ch)
^
./argp-namefrob.h:58:31: note: expanded from macro '__argp_fmtstream_putc'
#define __argp_fmtstream_putc argp_fmtstream_putc
                              ^
./argp-fmtstream.h:250:1: note: previous definition is here
__argp_fmtstream_putc (argp_fmtstream_t __fs, int __ch)
^
./argp-fmtstream.h:207:31: note: expanded from macro '__argp_fmtstream_putc'
#define __argp_fmtstream_putc argp_fmtstream_putc
                              ^
argp-fmtstream.c:432:1: error: redefinition of a 'extern inline' function 'argp_fmtstream_set_lmargin' is not supported in C99 mode
__argp_fmtstream_set_lmargin (argp_fmtstream_t __fs, size_t __lmargin)
^
./argp-namefrob.h:66:38: note: expanded from macro '__argp_fmtstream_set_lmargin'
#define __argp_fmtstream_set_lmargin argp_fmtstream_set_lmargin
                                     ^
./argp-fmtstream.h:260:1: note: previous definition is here
__argp_fmtstream_set_lmargin (argp_fmtstream_t __fs, size_t __lmargin)
^
./argp-fmtstream.h:210:38: note: expanded from macro '__argp_fmtstream_set_lmargin'
#define __argp_fmtstream_set_lmargin argp_fmtstream_set_lmargin
                                     ^
argp-fmtstream.c:444:1: error: redefinition of a 'extern inline' function 'argp_fmtstream_set_rmargin' is not supported in C99 mode
__argp_fmtstream_set_rmargin (argp_fmtstream_t __fs, size_t __rmargin)
^
./argp-namefrob.h:68:38: note: expanded from macro '__argp_fmtstream_set_rmargin'
#define __argp_fmtstream_set_rmargin argp_fmtstream_set_rmargin
                                     ^
./argp-fmtstream.h:272:1: note: previous definition is here
__argp_fmtstream_set_rmargin (argp_fmtstream_t __fs, size_t __rmargin)
^
./argp-fmtstream.h:211:38: note: expanded from macro '__argp_fmtstream_set_rmargin'
#define __argp_fmtstream_set_rmargin argp_fmtstream_set_rmargin
                                     ^
argp-fmtstream.c:456:1: error: redefinition of a 'extern inline' function 'argp_fmtstream_set_wmargin' is not supported in C99 mode
__argp_fmtstream_set_wmargin (argp_fmtstream_t __fs, size_t __wmargin)
^
./argp-namefrob.h:70:38: note: expanded from macro '__argp_fmtstream_set_wmargin'
#define __argp_fmtstream_set_wmargin argp_fmtstream_set_wmargin
                                     ^
./argp-fmtstream.h:284:1: note: previous definition is here
__argp_fmtstream_set_wmargin (argp_fmtstream_t __fs, size_t __wmargin)
^
./argp-fmtstream.h:212:38: note: expanded from macro '__argp_fmtstream_set_wmargin'
#define __argp_fmtstream_set_wmargin argp_fmtstream_set_wmargin
                                     ^
argp-fmtstream.c:468:1: error: redefinition of a 'extern inline' function 'argp_fmtstream_point' is not supported in C99 mode
__argp_fmtstream_point (argp_fmtstream_t __fs)
^
./argp-namefrob.h:72:32: note: expanded from macro '__argp_fmtstream_point'
#define __argp_fmtstream_point argp_fmtstream_point
                               ^
./argp-fmtstream.h:296:1: note: previous definition is here
__argp_fmtstream_point (argp_fmtstream_t __fs)
^
./argp-fmtstream.h:213:32: note: expanded from macro '__argp_fmtstream_point'
#define __argp_fmtstream_point argp_fmtstream_point
                               ^
7 errors generated.
argp-parse.cmake[7]: *** [argp-fmtstream.o] Error 1
make[7]: *** Waiting for unfinished jobs....
:1293:1: error: redefinition of a 'extern inline' function 'argp_usage' is not supported in C99 mode
__argp_usage (__const struct argp_state *__state)
^
./argp-namefrob.h:46:22: note: expanded from macro '__argp_usage'
#define __argp_usage argp_usage
                     ^
./argp.h:567:1: note: previous definition is here
__argp_usage (__const struct argp_state *__state)
^
./argp.h:556:24: note: expanded from macro '__argp_usage'
#  define __argp_usage argp_usage
                       ^
argp-parse.c:1299:1: error: redefinition of a 'extern inline' function '_option_is_short' is not supported in C99 mode
__option_is_short (__const struct argp_option *__opt)
^
./argp-namefrob.h:32:27: note: expanded from macro '__option_is_short'
#define __option_is_short _option_is_short
                          ^
./argp.h:573:1: note: previous definition is here
__option_is_short (__const struct argp_option *__opt)
^
./argp.h:558:29: note: expanded from macro '__option_is_short'
#  define __option_is_short _option_is_short
                            ^
argp-parse.c:1313:1: error: redefinition of a 'extern inline' function '_option_is_end' is not supported in C99 mode
__option_is_end (__const struct argp_option *__opt)
^
./argp-namefrob.h:30:25: note: expanded from macro '__option_is_end'
#define __option_is_end _option_is_end
                        ^
./argp.h:585:1: note: previous definition is here
__option_is_end (__const struct argp_option *__opt)
^
./argp.h:559:27: note: expanded from macro '__option_is_end'
#  define __option_is_end _option_is_end
                          ^
3 errors generated.
make[7]: *** [argp-parse.o] Error 1
9 warnings generated.
make[7]: Leaving directory `/«PKGBUILDDIR»/src/argp'
make[6]: *** [all-recursive] Error 1
make[5]: *** [all] Error 2
make[4]: *** [all-recursive] Error 1
make[3]: *** [all] Error 2
make[2]: *** [all-recursive] Error 1
make[1]: *** [all] Error 2
make: *** [build-stamp] Error 2
dpkg-buildpackage: error: debian/rules build-arch gave error exit status 2
make[6]: Leaving directory `/«PKGBUILDDIR»/src/argp'
make[5]: Leaving directory `/«PKGBUILDDIR»/src/argp'
make[4]: Leaving directory `/«PKGBUILDDIR»/src'
make[3]: Leaving directory `/«PKGBUILDDIR»/src'
make[2]: Leaving directory `/«PKGBUILDDIR»'
make[1]: Leaving directory `/«PKGBUILDDIR»'
────────────────────────────────────────────────────────────────────────────────
Build finished at 20140106-0243

Finished
────────

E: Build failure (dpkg-buildpackage died)

┌──────────────────────────────────────────────────────────────────────────────┐
│ Cleanup                                                                      │
└──────────────────────────────────────────────────────────────────────────────┘

Purging /«BUILDDIR»
Not cleaning session: cloned chroot in use

┌──────────────────────────────────────────────────────────────────────────────┐
│ Summary                                                                      │
└──────────────────────────────────────────────────────────────────────────────┘

Build Architecture: amd64
Build-Space: 16620
Build-Time: 66
Distribution: unstable
Fail-Stage: build
Host Architecture: amd64
Install-Time: 24
Job: lsh-utils_2.1-1
Machine Architecture: amd64
Package: lsh-utils
Package-Time: 139
Source-Version: 2.1-1
Space: 16620
Status: attempted
Version: 2.1-1clang1
────────────────────────────────────────────────────────────────────────────────
Finished at 20140106-0243
Build needed 00:02:19, 16620k disc space
DC-Status: Failed 139.459044823s
DC-Time-Estimation: 139.459044823 versus expected 327 (r/m: 1.3447744132696813 ; m: 139.459044823)
