DC-Build-Header: mighttpd2 2.8.7-2 / 2014-01-06 07:47:35 +0000
DC-Task: source:mighttpd2 version:2.8.7-2 architecture:any chroot:unstable esttime:78 logfile:/tmp/mighttpd2_2.8.7-2_unstable_clang.log modes:binary-only:parallel:clang
DC-Sbuild-call: su user -c 'sbuild -n --apt-update -d unstable -v  --chroot-setup-commands=/tmp/switch-to-clang --append-to-version "clang1" --maintainer "Lucas Nussbaum <lucas@debian.org>" --uploader "Lucas Nussbaum <lucas@debian.org>" mighttpd2_2.8.7-2'
sbuild (Debian sbuild) 0.63.2 (18 Aug 2012) on ip-172-31-13-67.us-west-2.compute.internal

╔══════════════════════════════════════════════════════════════════════════════╗
║ mighttpd2 2.8.7-2clang1 (amd64)                            06 Jan 2014 07:47 ║
╚══════════════════════════════════════════════════════════════════════════════╝

Package: mighttpd2
Version: 2.8.7-2clang1
Source Version: 2.8.7-2
Distribution: unstable
Machine Architecture: amd64
Host Architecture: amd64
Build Architecture: amd64

I: NOTICE: Log filtering will replace 'build/mighttpd2-P4Fxh_/mighttpd2-2.8.7' with '«PKGBUILDDIR»'
I: NOTICE: Log filtering will replace 'build/mighttpd2-P4Fxh_' with '«BUILDDIR»'
I: NOTICE: Log filtering will replace 'var/lib/schroot/mount/unstable-amd64-sbuild-6c874168-4208-4646-8dc4-5923e6036220' with '«CHROOT»'

┌──────────────────────────────────────────────────────────────────────────────┐
│ Update chroot                                                                │
└──────────────────────────────────────────────────────────────────────────────┘

Get:1 http://localhost:9999 unstable InRelease [206 kB]
Get:2 http://localhost:9999 unstable/main Sources/DiffIndex [7876 B]
Get:3 http://localhost:9999 unstable/main amd64 Packages/DiffIndex [7876 B]
Get:4 http://localhost:9999 unstable/main Translation-en/DiffIndex [7876 B]
Get:5 http://localhost:9999 unstable/main 2014-01-04-1439.27.pdiff [11.3 kB]
Get:6 http://localhost:9999 unstable/main 2014-01-04-1439.27.pdiff [11.3 kB]
Get:7 http://localhost:9999 unstable/main amd64 2014-01-04-1439.27.pdiff [11.8 kB]
Get:8 http://localhost:9999 unstable/main 2014-01-04-1439.27.pdiff [1898 B]
Get:9 http://localhost:9999 unstable/main amd64 2014-01-04-1439.27.pdiff [11.8 kB]
Get:10 http://localhost:9999 unstable/main 2014-01-04-2039.41.pdiff [12.3 kB]
Get:11 http://localhost:9999 unstable/main 2014-01-04-1439.27.pdiff [1898 B]
Get:12 http://localhost:9999 unstable/main amd64 2014-01-04-2039.41.pdiff [24.3 kB]
Get:13 http://localhost:9999 unstable/main 2014-01-04-2039.41.pdiff [12.3 kB]
Get:14 http://localhost:9999 unstable/main 2014-01-04-2039.41.pdiff [2358 B]
Get:15 http://localhost:9999 unstable/main amd64 2014-01-04-2039.41.pdiff [24.3 kB]
Get:16 http://localhost:9999 unstable/main 2014-01-05-0239.35.pdiff [9640 B]
Get:17 http://localhost:9999 unstable/main 2014-01-04-2039.41.pdiff [2358 B]
Get:18 http://localhost:9999 unstable/main amd64 2014-01-05-0239.35.pdiff [18.3 kB]
Get:19 http://localhost:9999 unstable/main 2014-01-05-0239.35.pdiff [9640 B]
Get:20 http://localhost:9999 unstable/main 2014-01-05-0239.35.pdiff [504 B]
Get:21 http://localhost:9999 unstable/main amd64 2014-01-05-0239.35.pdiff [18.3 kB]
Get:22 http://localhost:9999 unstable/main 2014-01-05-0840.32.pdiff [4885 B]
Get:23 http://localhost:9999 unstable/main 2014-01-05-0239.35.pdiff [504 B]
Get:24 http://localhost:9999 unstable/main amd64 2014-01-05-0840.32.pdiff [3950 B]
Get:25 http://localhost:9999 unstable/main 2014-01-05-0840.32.pdiff [4885 B]
Get:26 http://localhost:9999 unstable/main 2014-01-05-0840.32.pdiff [214 B]
Get:27 http://localhost:9999 unstable/main amd64 2014-01-05-0840.32.pdiff [3950 B]
Get:28 http://localhost:9999 unstable/main 2014-01-05-1438.24.pdiff [7183 B]
Get:29 http://localhost:9999 unstable/main 2014-01-05-0840.32.pdiff [214 B]
Get:30 http://localhost:9999 unstable/main amd64 2014-01-05-1438.24.pdiff [3882 B]
Get:31 http://localhost:9999 unstable/main 2014-01-05-1438.24.pdiff [7183 B]
Get:32 http://localhost:9999 unstable/main 2014-01-05-1438.24.pdiff [1111 B]
Get:33 http://localhost:9999 unstable/main amd64 2014-01-05-1438.24.pdiff [3882 B]
Get:34 http://localhost:9999 unstable/main 2014-01-05-2041.02.pdiff [20.2 kB]
Get:35 http://localhost:9999 unstable/main 2014-01-05-1438.24.pdiff [1111 B]
Get:36 http://localhost:9999 unstable/main amd64 2014-01-05-2041.02.pdiff [17.0 kB]
Get:37 http://localhost:9999 unstable/main 2014-01-05-2041.02.pdiff [20.2 kB]
Get:38 http://localhost:9999 unstable/main 2014-01-05-2041.02.pdiff [2166 B]
Get:39 http://localhost:9999 unstable/main amd64 2014-01-05-2041.02.pdiff [17.0 kB]
Get:40 http://localhost:9999 unstable/main 2014-01-06-0239.34.pdiff [7972 B]
Get:41 http://localhost:9999 unstable/main 2014-01-05-2041.02.pdiff [2166 B]
Get:42 http://localhost:9999 unstable/main amd64 2014-01-06-0239.34.pdiff [21.1 kB]
Get:43 http://localhost:9999 unstable/main 2014-01-06-0239.34.pdiff [7972 B]
Get:44 http://localhost:9999 unstable/main 2014-01-06-0239.34.pdiff [238 B]
Get:45 http://localhost:9999 unstable/main amd64 2014-01-06-0239.34.pdiff [21.1 kB]
Get:46 http://localhost:9999 unstable/main 2014-01-06-0239.34.pdiff [238 B]
Fetched 412 kB in 28s (14.6 kB/s)
Reading package lists...
Reading package lists...
Building dependency tree...
Reading state information...
The following packages will be upgraded:
  libterm-ui-perl
1 upgraded, 0 newly installed, 0 to remove and 0 not upgraded.
Need to get 19.1 kB of archives.
After this operation, 1024 B of additional disk space will be used.
Get:1 http://localhost:9999/debian/ unstable/main libterm-ui-perl all 0.42-1 [19.1 kB]
debconf: delaying package configuration, since apt-utils is not installed
Fetched 19.1 kB in 0s (1191 kB/s)
(Reading database ... 13944 files and directories currently installed.)
Preparing to unpack .../libterm-ui-perl_0.42-1_all.deb ...
Unpacking libterm-ui-perl (0.42-1) over (0.38-1) ...
Setting up libterm-ui-perl (0.42-1) ...

┌──────────────────────────────────────────────────────────────────────────────┐
│ Fetch source files                                                           │
└──────────────────────────────────────────────────────────────────────────────┘


Check APT
─────────

Checking available source versions...

Download source files with APT
──────────────────────────────

Reading package lists...
Building dependency tree...
Reading state information...
NOTICE: 'mighttpd2' packaging is maintained in the 'Darcs' version control system at:
http://darcs.debian.org/pkg-haskell/mighttpd2
Need to get 21.5 kB of source archives.
Get:1 http://localhost:9999/debian/ unstable/main mighttpd2 2.8.7-2 (dsc) [2545 B]
Get:2 http://localhost:9999/debian/ unstable/main mighttpd2 2.8.7-2 (tar) [15.8 kB]
Get:3 http://localhost:9999/debian/ unstable/main mighttpd2 2.8.7-2 (diff) [3192 B]
Fetched 21.5 kB in 0s (25.3 kB/s)
Download complete and in download only mode

Check arch
──────────


┌──────────────────────────────────────────────────────────────────────────────┐
│ Chroot Setup Commands                                                        │
└──────────────────────────────────────────────────────────────────────────────┘


/tmp/switch-to-clang
────────────────────

+ echo 'Entering customization script...'
Entering customization script...
+ echo 'Install of clang-3.4'
Install of clang-3.4
+ apt-get update
Hit http://localhost:9999 unstable InRelease
Hit http://localhost:9999 unstable/main Sources/DiffIndex
Hit http://localhost:9999 unstable/main amd64 Packages/DiffIndex
Hit http://localhost:9999 unstable/main Translation-en/DiffIndex
Reading package lists...
+ apt-get install --yes --no-install-recommends --force-yes clang-3.4
Reading package lists...
Building dependency tree...
Reading state information...
The following extra packages will be installed:
  libclang-common-3.4-dev libclang1-3.4 libffi6 libllvm3.4 libobjc-4.8-dev
  libobjc4
Recommended packages:
  llvm-3.4-dev python
The following NEW packages will be installed:
  clang-3.4 libclang-common-3.4-dev libclang1-3.4 libffi6 libllvm3.4
  libobjc-4.8-dev libobjc4
0 upgraded, 7 newly installed, 0 to remove and 0 not upgraded.
Need to get 19.9 MB of archives.
After this operation, 82.1 MB of additional disk space will be used.
Get:1 http://localhost:9999/debian/ unstable/main libffi6 amd64 3.0.13-10 [19.3 kB]
Get:2 http://localhost:9999/debian/ unstable/main libllvm3.4 amd64 1:3.4-1 [6528 kB]
Get:3 http://localhost:9999/debian/ unstable/main libobjc4 amd64 4.8.2-11 [110 kB]
Get:4 http://localhost:9999/debian/ unstable/main libobjc-4.8-dev amd64 4.8.2-11 [370 kB]
Get:5 http://localhost:9999/debian/ unstable/main libclang1-3.4 amd64 1:3.4-1 [3526 kB]
Get:6 http://localhost:9999/debian/ unstable/main libclang-common-3.4-dev amd64 1:3.4-1 [516 kB]
Get:7 http://localhost:9999/debian/ unstable/main clang-3.4 amd64 1:3.4-1 [8878 kB]
debconf: delaying package configuration, since apt-utils is not installed
Fetched 19.9 MB in 0s (25.5 MB/s)
Selecting previously unselected package libffi6:amd64.
(Reading database ... 13944 files and directories currently installed.)
Preparing to unpack .../libffi6_3.0.13-10_amd64.deb ...
Unpacking libffi6:amd64 (3.0.13-10) ...
Selecting previously unselected package libllvm3.4:amd64.
Preparing to unpack .../libllvm3.4_1%3a3.4-1_amd64.deb ...
Unpacking libllvm3.4:amd64 (1:3.4-1) ...
Selecting previously unselected package libobjc4:amd64.
Preparing to unpack .../libobjc4_4.8.2-11_amd64.deb ...
Unpacking libobjc4:amd64 (4.8.2-11) ...
Selecting previously unselected package libobjc-4.8-dev:amd64.
Preparing to unpack .../libobjc-4.8-dev_4.8.2-11_amd64.deb ...
Unpacking libobjc-4.8-dev:amd64 (4.8.2-11) ...
Selecting previously unselected package libclang1-3.4:amd64.
Preparing to unpack .../libclang1-3.4_1%3a3.4-1_amd64.deb ...
Unpacking libclang1-3.4:amd64 (1:3.4-1) ...
Selecting previously unselected package libclang-common-3.4-dev.
Preparing to unpack .../libclang-common-3.4-dev_1%3a3.4-1_amd64.deb ...
Unpacking libclang-common-3.4-dev (1:3.4-1) ...
Selecting previously unselected package clang-3.4.
Preparing to unpack .../clang-3.4_1%3a3.4-1_amd64.deb ...
Unpacking clang-3.4 (1:3.4-1) ...
Setting up libffi6:amd64 (3.0.13-10) ...
Setting up libllvm3.4:amd64 (1:3.4-1) ...
Setting up libobjc4:amd64 (4.8.2-11) ...
Setting up libobjc-4.8-dev:amd64 (4.8.2-11) ...
Setting up libclang1-3.4:amd64 (1:3.4-1) ...
Setting up libclang-common-3.4-dev (1:3.4-1) ...
Setting up clang-3.4 (1:3.4-1) ...
Processing triggers for libc-bin (2.17-97) ...
+ echo 'Replace gcc, g++ & cpp by clang'
Replace gcc, g++ & cpp by clang
+ VERSIONS='4.6 4.7 4.8'
+ cd /usr/bin
+ for VERSION in '$VERSIONS'
+ rm -f g++-4.6 gcc-4.6 cpp-4.6
+ ln -s clang++ g++-4.6
+ ln -s clang gcc-4.6
+ ln -s clang cpp-4.6
+ for VERSION in '$VERSIONS'
+ rm -f g++-4.7 gcc-4.7 cpp-4.7
+ ln -s clang++ g++-4.7
+ ln -s clang gcc-4.7
+ ln -s clang cpp-4.7
+ for VERSION in '$VERSIONS'
+ rm -f g++-4.8 gcc-4.8 cpp-4.8
+ ln -s clang++ g++-4.8
+ ln -s clang gcc-4.8
+ ln -s clang cpp-4.8
+ cd -
/«BUILDDIR»
+ echo 'Block the installation of new gcc version'
Block the installation of new gcc version
+ dpkg --set-selections
+ echo 'gcc-4.6 hold'
+ dpkg --set-selections
+ echo 'cpp-4.6 hold'
+ dpkg --set-selections
+ echo 'g++-4.6 hold'
+ dpkg --set-selections
+ echo 'gcc-4.7 hold'
+ dpkg --set-selections
+ echo 'cpp-4.7 hold'
+ dpkg --set-selections
+ echo 'g++-4.7 hold'
+ dpkg --set-selections
+ echo 'gcc-4.8 hold'
+ dpkg --set-selections
+ echo 'cpp-4.8 hold'
+ dpkg --set-selections
+ echo 'g++-4.8 hold'
+ echo 'Check if gcc, g++ & cpp are actually clang'
Check if gcc, g++ & cpp are actually clang
+ grep clang
+ gcc --version
+ grep clang
+ cpp --version
+ grep clang
+ g++ --version

I: Finished running '/tmp/switch-to-clang'.

Finished processing commands.
────────────────────────────────────────────────────────────────────────────────
Merged Build-Depends: build-essential, fakeroot
Filtered Build-Depends: build-essential, fakeroot
dpkg-deb: building package `sbuild-build-depends-core-dummy' in `/«BUILDDIR»/resolver-I6oTk2/apt_archive/sbuild-build-depends-core-dummy.deb'.
OK
Reading package lists...

┌──────────────────────────────────────────────────────────────────────────────┐
│ Install core build dependencies (apt-based resolver)                         │
└──────────────────────────────────────────────────────────────────────────────┘

Installing build dependencies
Reading package lists...
Building dependency tree...
Reading state information...
The following NEW packages will be installed:
  sbuild-build-depends-core-dummy
debconf: delaying package configuration, since apt-utils is not installed
0 upgraded, 1 newly installed, 0 to remove and 0 not upgraded.
Need to get 0 B/766 B of archives.
After this operation, 0 B of additional disk space will be used.
Selecting previously unselected package sbuild-build-depends-core-dummy.
(Reading database ... 14105 files and directories currently installed.)
Preparing to unpack .../sbuild-build-depends-core-dummy.deb ...
Unpacking sbuild-build-depends-core-dummy (0.invalid.0) ...
Setting up sbuild-build-depends-core-dummy (0.invalid.0) ...
Merged Build-Depends: base-files, base-passwd, bash, bsdutils, coreutils, dash, debianutils, diffutils, dpkg, e2fsprogs, findutils, grep, gzip, hostname, libc-bin, login, mount, ncurses-base, ncurses-bin, perl-base, sed, sysvinit, sysvinit-utils, tar, util-linux, libc6-dev | libc-dev, gcc (>= 4:4.4.3), g++ (>= 4:4.4.3), make, dpkg-dev (>= 1.13.5), ghc, ghc-prof, libghc-blaze-html-dev (>> 0.5), libghc-conduit-dev, libghc-date-cache-dev, libghc-http-conduit-dev (>> 1.8.2.1), libghc-http-date-dev, libghc-http-types-dev, libghc-io-choice-dev, libghc-network-dev, libghc-network-conduit-dev, libghc-parsec3-dev, libghc-process-conduit-dev, libghc-transformers-dev, libghc-unix-bytestring-dev, libghc-unix-time-dev (>> 0.2), libghc-unordered-containers-dev, libghc-wai-dev (>> 1.3), libghc-wai-app-file-cgi-dev, libghc-wai-logger-dev, libghc-wai-logger-prefork-dev, libghc-warp-dev (>> 1.3), libghc-hspec-dev (>> 1.3)
Filtered Build-Depends: base-files, base-passwd, bash, bsdutils, coreutils, dash, debianutils, diffutils, dpkg, e2fsprogs, findutils, grep, gzip, hostname, libc-bin, login, mount, ncurses-base, ncurses-bin, perl-base, sed, sysvinit, sysvinit-utils, tar, util-linux, libc6-dev, gcc (>= 4:4.4.3), g++ (>= 4:4.4.3), make, dpkg-dev (>= 1.13.5), ghc, ghc-prof, libghc-blaze-html-dev (>> 0.5), libghc-conduit-dev, libghc-date-cache-dev, libghc-http-conduit-dev (>> 1.8.2.1), libghc-http-date-dev, libghc-http-types-dev, libghc-io-choice-dev, libghc-network-dev, libghc-network-conduit-dev, libghc-parsec3-dev, libghc-process-conduit-dev, libghc-transformers-dev, libghc-unix-bytestring-dev, libghc-unix-time-dev (>> 0.2), libghc-unordered-containers-dev, libghc-wai-dev (>> 1.3), libghc-wai-app-file-cgi-dev, libghc-wai-logger-dev, libghc-wai-logger-prefork-dev, libghc-warp-dev (>> 1.3), libghc-hspec-dev (>> 1.3)
dpkg-deb: building package `sbuild-build-depends-mighttpd2-dummy' in `/«BUILDDIR»/resolver-lZlVQi/apt_archive/sbuild-build-depends-mighttpd2-dummy.deb'.
OK
Reading package lists...

┌──────────────────────────────────────────────────────────────────────────────┐
│ Install mighttpd2 build dependencies (apt-based resolver)                    │
└──────────────────────────────────────────────────────────────────────────────┘

Installing build dependencies
Reading package lists...
Building dependency tree...
Reading state information...
The following extra packages will be installed:
  ghc ghc-prof icu-devtools libbsd-dev libbsd0 libffi-dev
  libghc-ansi-terminal-dev libghc-asn1-data-dev libghc-asn1-types-dev
  libghc-attoparsec-conduit-dev libghc-attoparsec-dev
  libghc-base-unicode-symbols-dev libghc-base64-bytestring-dev
  libghc-blaze-builder-conduit-dev libghc-blaze-builder-dev
  libghc-blaze-html-dev libghc-blaze-markup-dev libghc-byteable-dev
  libghc-byteorder-dev libghc-case-insensitive-dev libghc-cereal-dev
  libghc-certificate-dev libghc-cipher-aes-dev libghc-cipher-rc4-dev
  libghc-conduit-dev libghc-control-monad-loop-dev libghc-cookie-dev
  libghc-cprng-aes-dev libghc-crypto-cipher-types-dev
  libghc-crypto-numbers-dev libghc-crypto-pubkey-dev
  libghc-crypto-pubkey-types-dev libghc-crypto-random-dev
  libghc-cryptohash-dev libghc-data-default-dev libghc-date-cache-dev
  libghc-dlist-dev libghc-failure-dev libghc-fast-logger-dev
  libghc-hashable-dev libghc-hspec-dev libghc-hspec-expectations-dev
  libghc-http-attoparsec-dev libghc-http-conduit-dev libghc-http-date-dev
  libghc-http-types-dev libghc-hunit-dev libghc-idna-dev libghc-io-choice-dev
  libghc-lifted-base-dev libghc-mime-types-dev libghc-mmorph-dev
  libghc-monad-control-dev libghc-mtl-dev libghc-nats-dev
  libghc-network-conduit-dev libghc-network-dev libghc-parsec3-dev
  libghc-pem-dev libghc-primes-dev libghc-primitive-dev
  libghc-process-conduit-dev libghc-publicsuffixlist-dev libghc-punycode-dev
  libghc-quickcheck-io-dev libghc-quickcheck2-dev libghc-random-dev
  libghc-ranges-dev libghc-regex-base-dev libghc-regex-compat-dev
  libghc-regex-posix-dev libghc-resourcet-dev libghc-securemem-dev
  libghc-semigroups-dev libghc-setenv-dev libghc-shakespeare-dev
  libghc-shakespeare-text-dev libghc-simple-sendfile-dev libghc-socks-dev
  libghc-static-hash-dev libghc-stringprep-dev libghc-text-dev
  libghc-text-icu-dev libghc-tls-dev libghc-tls-extra-dev
  libghc-transformers-base-dev libghc-transformers-dev
  libghc-unix-bytestring-dev libghc-unix-compat-dev libghc-unix-time-dev
  libghc-unordered-containers-dev libghc-utf8-string-dev libghc-vault-dev
  libghc-vector-dev libghc-void-dev libghc-wai-app-file-cgi-dev libghc-wai-dev
  libghc-wai-logger-dev libghc-wai-logger-prefork-dev libghc-warp-dev
  libghc-word8-dev libghc-zlib-bindings-dev libghc-zlib-conduit-dev
  libghc-zlib-dev libgmp-dev libicu-dev libicu52 publicsuffix zlib1g-dev
Suggested packages:
  ghc-doc haskell-doc llvm libghc-ansi-terminal-doc libghc-ansi-terminal-prof
  libghc-asn1-data-doc libghc-asn1-data-prof libghc-asn1-types-doc
  libghc-asn1-types-prof libghc-attoparsec-conduit-doc
  libghc-attoparsec-conduit-prof libghc-attoparsec-doc libghc-attoparsec-prof
  libghc-base-unicode-symbols-doc libghc-base-unicode-symbols-prof
  libghc-base64-bytestring-doc libghc-base64-bytestring-prof
  libghc-blaze-builder-conduit-doc libghc-blaze-builder-conduit-prof
  libghc-blaze-builder-doc libghc-blaze-builder-prof libghc-blaze-html-doc
  libghc-blaze-html-prof libghc-blaze-markup-doc libghc-blaze-markup-prof
  libghc-byteable-doc libghc-byteable-prof libghc-byteorder-doc
  libghc-byteorder-prof libghc-case-insensitive-doc
  libghc-case-insensitive-prof libghc-cereal-doc libghc-cereal-prof
  libghc-certificate-doc libghc-certificate-prof libghc-cipher-aes-doc
  libghc-cipher-aes-prof libghc-cipher-rc4-doc libghc-cipher-rc4-prof
  libghc-conduit-doc libghc-conduit-prof libghc-control-monad-loop-doc
  libghc-control-monad-loop-prof libghc-cookie-doc libghc-cookie-prof
  libghc-cprng-aes-doc libghc-cprng-aes-prof libghc-crypto-cipher-types-doc
  libghc-crypto-cipher-types-prof libghc-crypto-numbers-doc
  libghc-crypto-numbers-prof libghc-crypto-pubkey-doc
  libghc-crypto-pubkey-prof libghc-crypto-pubkey-types-doc
  libghc-crypto-pubkey-types-prof libghc-crypto-random-doc
  libghc-crypto-random-prof libghc-cryptohash-doc libghc-cryptohash-prof
  libghc-data-default-doc libghc-data-default-prof libghc-date-cache-doc
  libghc-date-cache-prof libghc-dlist-doc libghc-dlist-prof libghc-failure-doc
  libghc-failure-prof libghc-fast-logger-doc libghc-fast-logger-prof
  libghc-hashable-doc libghc-hashable-prof libghc-hspec-doc libghc-hspec-prof
  libghc-hspec-expectations-doc libghc-hspec-expectations-prof
  libghc-http-attoparsec-doc libghc-http-attoparsec-prof
  libghc-http-conduit-doc libghc-http-conduit-prof libghc-http-date-doc
  libghc-http-date-prof libghc-http-types-doc libghc-http-types-prof
  libghc-hunit-doc libghc-hunit-prof libghc-idna-doc libghc-idna-prof
  libghc-io-choice-doc libghc-io-choice-prof libghc-lifted-base-doc
  libghc-lifted-base-prof libghc-mime-types-doc libghc-mime-types-prof
  libghc-mmorph-doc libghc-mmorph-prof libghc-monad-control-doc
  libghc-monad-control-prof libghc-mtl-doc libghc-mtl-prof libghc-nats-doc
  libghc-nats-prof libghc-network-conduit-doc libghc-network-conduit-prof
  libghc-network-doc libghc-network-prof libghc-parsec3-doc
  libghc-parsec3-prof libghc-pem-doc libghc-pem-prof libghc-primes-doc
  libghc-primes-prof libghc-primitive-doc libghc-primitive-prof
  libghc-process-conduit-doc libghc-process-conduit-prof
  libghc-publicsuffixlist-doc libghc-publicsuffixlist-prof libghc-punycode-doc
  libghc-punycode-prof libghc-quickcheck-io-doc libghc-quickcheck-io-prof
  libghc-quickcheck2-doc libghc-quickcheck2-prof libghc-random-doc
  libghc-random-prof libghc-ranges-doc libghc-ranges-prof
  libghc-regex-base-doc libghc-regex-base-prof libghc-regex-compat-doc
  libghc-regex-compat-prof libghc-regex-posix-doc libghc-regex-posix-prof
  libghc-resourcet-doc libghc-resourcet-prof libghc-securemem-doc
  libghc-securemem-prof libghc-semigroups-doc libghc-semigroups-prof
  libghc-setenv-doc libghc-setenv-prof libghc-shakespeare-doc
  libghc-shakespeare-prof libghc-shakespeare-text-doc
  libghc-shakespeare-text-prof libghc-simple-sendfile-doc
  libghc-simple-sendfile-prof libghc-socks-doc libghc-socks-prof
  libghc-static-hash-doc libghc-static-hash-prof libghc-stringprep-doc
  libghc-stringprep-prof libghc-text-doc libghc-text-prof libghc-text-icu-doc
  libghc-text-icu-prof libghc-tls-doc libghc-tls-prof libghc-tls-extra-doc
  libghc-tls-extra-prof libghc-transformers-base-doc
  libghc-transformers-base-prof libghc-transformers-doc
  libghc-transformers-prof libghc-unix-bytestring-doc
  libghc-unix-bytestring-prof libghc-unix-compat-doc libghc-unix-compat-prof
  libghc-unix-time-doc libghc-unix-time-prof libghc-unordered-containers-doc
  libghc-unordered-containers-prof libghc-utf8-string-doc
  libghc-utf8-string-prof libghc-vault-doc libghc-vault-prof libghc-vector-doc
  libghc-vector-prof libghc-void-doc libghc-void-prof
  libghc-wai-app-file-cgi-doc libghc-wai-app-file-cgi-prof libghc-wai-doc
  libghc-wai-prof libghc-wai-logger-doc libghc-wai-logger-prof
  libghc-wai-logger-prefork-doc libghc-wai-logger-prefork-prof libghc-warp-doc
  libghc-warp-prof libghc-word8-doc libghc-word8-prof libghc-zlib-bindings-doc
  libghc-zlib-bindings-prof libghc-zlib-conduit-doc libghc-zlib-conduit-prof
  libghc-zlib-doc libghc-zlib-prof libgmp10-doc libmpfr-dev
The following NEW packages will be installed:
  ghc ghc-prof icu-devtools libbsd-dev libbsd0 libffi-dev
  libghc-ansi-terminal-dev libghc-asn1-data-dev libghc-asn1-types-dev
  libghc-attoparsec-conduit-dev libghc-attoparsec-dev
  libghc-base-unicode-symbols-dev libghc-base64-bytestring-dev
  libghc-blaze-builder-conduit-dev libghc-blaze-builder-dev
  libghc-blaze-html-dev libghc-blaze-markup-dev libghc-byteable-dev
  libghc-byteorder-dev libghc-case-insensitive-dev libghc-cereal-dev
  libghc-certificate-dev libghc-cipher-aes-dev libghc-cipher-rc4-dev
  libghc-conduit-dev libghc-control-monad-loop-dev libghc-cookie-dev
  libghc-cprng-aes-dev libghc-crypto-cipher-types-dev
  libghc-crypto-numbers-dev libghc-crypto-pubkey-dev
  libghc-crypto-pubkey-types-dev libghc-crypto-random-dev
  libghc-cryptohash-dev libghc-data-default-dev libghc-date-cache-dev
  libghc-dlist-dev libghc-failure-dev libghc-fast-logger-dev
  libghc-hashable-dev libghc-hspec-dev libghc-hspec-expectations-dev
  libghc-http-attoparsec-dev libghc-http-conduit-dev libghc-http-date-dev
  libghc-http-types-dev libghc-hunit-dev libghc-idna-dev libghc-io-choice-dev
  libghc-lifted-base-dev libghc-mime-types-dev libghc-mmorph-dev
  libghc-monad-control-dev libghc-mtl-dev libghc-nats-dev
  libghc-network-conduit-dev libghc-network-dev libghc-parsec3-dev
  libghc-pem-dev libghc-primes-dev libghc-primitive-dev
  libghc-process-conduit-dev libghc-publicsuffixlist-dev libghc-punycode-dev
  libghc-quickcheck-io-dev libghc-quickcheck2-dev libghc-random-dev
  libghc-ranges-dev libghc-regex-base-dev libghc-regex-compat-dev
  libghc-regex-posix-dev libghc-resourcet-dev libghc-securemem-dev
  libghc-semigroups-dev libghc-setenv-dev libghc-shakespeare-dev
  libghc-shakespeare-text-dev libghc-simple-sendfile-dev libghc-socks-dev
  libghc-static-hash-dev libghc-stringprep-dev libghc-text-dev
  libghc-text-icu-dev libghc-tls-dev libghc-tls-extra-dev
  libghc-transformers-base-dev libghc-transformers-dev
  libghc-unix-bytestring-dev libghc-unix-compat-dev libghc-unix-time-dev
  libghc-unordered-containers-dev libghc-utf8-string-dev libghc-vault-dev
  libghc-vector-dev libghc-void-dev libghc-wai-app-file-cgi-dev libghc-wai-dev
  libghc-wai-logger-dev libghc-wai-logger-prefork-dev libghc-warp-dev
  libghc-word8-dev libghc-zlib-bindings-dev libghc-zlib-conduit-dev
  libghc-zlib-dev libgmp-dev libicu-dev libicu52 publicsuffix
  sbuild-build-depends-mighttpd2-dummy zlib1g-dev
0 upgraded, 110 newly installed, 0 to remove and 0 not upgraded.
Need to get 79.3 MB/79.3 MB of archives.
After this operation, 790 MB of additional disk space will be used.
Get:1 http://localhost:9999/debian/ unstable/main libbsd0 amd64 0.6.0-1 [67.4 kB]
Get:2 http://localhost:9999/debian/ unstable/main libicu52 amd64 52.1-3 [6751 kB]
Get:3 http://localhost:9999/debian/ unstable/main icu-devtools amd64 52.1-3 [170 kB]
Get:4 http://localhost:9999/debian/ unstable/main libbsd-dev amd64 0.6.0-1 [157 kB]
Get:5 http://localhost:9999/debian/ unstable/main libffi-dev amd64 3.0.13-10 [100 kB]
Get:6 http://localhost:9999/debian/ unstable/main libgmp-dev amd64 2:5.1.3+dfsg-1 [582 kB]
Get:7 http://localhost:9999/debian/ unstable/main ghc amd64 7.6.3-6 [25.3 MB]
Get:8 http://localhost:9999/debian/ unstable/main libghc-text-dev amd64 0.11.3.1-1 [1626 kB]
Get:9 http://localhost:9999/debian/ unstable/main libghc-attoparsec-dev amd64 0.10.4.0-2+b1 [848 kB]
Get:10 http://localhost:9999/debian/ unstable/main libghc-cereal-dev amd64 0.3.5.2-4 [281 kB]
Get:11 http://localhost:9999/debian/ unstable/main libghc-dlist-dev amd64 0.5-6 [19.2 kB]
Get:12 http://localhost:9999/debian/ unstable/main libghc-hunit-dev amd64 1.2.5.2-1 [90.7 kB]
Get:13 http://localhost:9999/debian/ unstable/main libicu-dev amd64 52.1-3 [7586 kB]
Get:14 http://localhost:9999/debian/ unstable/main zlib1g-dev amd64 1:1.2.8.dfsg-1 [217 kB]
Get:15 http://localhost:9999/debian/ unstable/main ghc-prof amd64 7.6.3-6 [23.8 MB]
Get:16 http://localhost:9999/debian/ unstable/main libghc-ansi-terminal-dev amd64 0.6.1-1 [106 kB]
Get:17 http://localhost:9999/debian/ unstable/main libghc-transformers-dev amd64 0.3.0.0-5 [409 kB]
Get:18 http://localhost:9999/debian/ unstable/main libghc-mtl-dev amd64 2.1.2-4 [114 kB]
Get:19 http://localhost:9999/debian/ unstable/main libghc-asn1-data-dev amd64 0.7.1-4+b1 [307 kB]
Get:20 http://localhost:9999/debian/ unstable/main libghc-asn1-types-dev amd64 0.2.2-1 [78.2 kB]
Get:21 http://localhost:9999/debian/ unstable/main libghc-base-unicode-symbols-dev amd64 0.2.2.4-3 [19.8 kB]
Get:22 http://localhost:9999/debian/ unstable/main libghc-transformers-base-dev amd64 0.4.1-5 [18.4 kB]
Get:23 http://localhost:9999/debian/ unstable/main libghc-monad-control-dev amd64 0.3.2.2-1 [41.9 kB]
Get:24 http://localhost:9999/debian/ unstable/main libghc-lifted-base-dev amd64 0.2.0.3-2+b1 [43.5 kB]
Get:25 http://localhost:9999/debian/ unstable/main libghc-mmorph-dev amd64 1.0.0-2 [21.4 kB]
Get:26 http://localhost:9999/debian/ unstable/main libghc-resourcet-dev amd64 0.4.7.1-1+b1 [72.8 kB]
Get:27 http://localhost:9999/debian/ unstable/main libghc-hashable-dev amd64 1.2.1.0-4 [39.3 kB]
Get:28 http://localhost:9999/debian/ unstable/main libghc-nats-dev amd64 0.1.2-1 [24.6 kB]
Get:29 http://localhost:9999/debian/ unstable/main libghc-semigroups-dev amd64 0.9-3+b1 [140 kB]
Get:30 http://localhost:9999/debian/ unstable/main libghc-void-dev amd64 0.6.1-1+b1 [23.7 kB]
Get:31 http://localhost:9999/debian/ unstable/main libghc-conduit-dev amd64 1.0.9.3-1+b2 [156 kB]
Get:32 http://localhost:9999/debian/ unstable/main libghc-attoparsec-conduit-dev amd64 1.0.1.2-1+b2 [39.2 kB]
Get:33 http://localhost:9999/debian/ unstable/main libghc-base64-bytestring-dev amd64 1.0.0.1-1 [32.3 kB]
Get:34 http://localhost:9999/debian/ unstable/main libghc-blaze-builder-dev amd64 0.3.3.0-1 [96.7 kB]
Get:35 http://localhost:9999/debian/ unstable/main libghc-blaze-builder-conduit-dev amd64 1.0.0-2+b3 [15.7 kB]
Get:36 http://localhost:9999/debian/ unstable/main libghc-blaze-markup-dev amd64 0.5.1.6-1 [98.9 kB]
Get:37 http://localhost:9999/debian/ unstable/main libghc-blaze-html-dev amd64 0.6.1.2-1+b1 [554 kB]
Get:38 http://localhost:9999/debian/ unstable/main libghc-byteable-dev amd64 0.1.1-1 [11.8 kB]
Get:39 http://localhost:9999/debian/ unstable/main libghc-byteorder-dev amd64 1.0.4-1 [17.3 kB]
Get:40 http://localhost:9999/debian/ unstable/main libghc-case-insensitive-dev amd64 1.1.0.2-1 [30.3 kB]
Get:41 http://localhost:9999/debian/ unstable/main libghc-crypto-pubkey-types-dev amd64 0.4.1-1+b1 [306 kB]
Get:42 http://localhost:9999/debian/ unstable/main libghc-cryptohash-dev amd64 0.11.1-1 [113 kB]
Get:43 http://localhost:9999/debian/ unstable/main libghc-pem-dev amd64 0.2.1-1 [24.4 kB]
Get:44 http://localhost:9999/debian/ unstable/main libghc-certificate-dev amd64 1.3.9-1+b2 [163 kB]
Get:45 http://localhost:9999/debian/ unstable/main libghc-securemem-dev amd64 0.1.3-1 [34.2 kB]
Get:46 http://localhost:9999/debian/ unstable/main libghc-crypto-cipher-types-dev amd64 0.0.9-1 [60.0 kB]
Get:47 http://localhost:9999/debian/ unstable/main libghc-cipher-aes-dev amd64 0.2.6-1+b1 [46.9 kB]
Get:48 http://localhost:9999/debian/ unstable/main libghc-cipher-rc4-dev amd64 0.1.4-1+b1 [15.0 kB]
Get:49 http://localhost:9999/debian/ unstable/main libghc-control-monad-loop-dev amd64 0.1-2 [22.0 kB]
Get:50 http://localhost:9999/debian/ unstable/main libghc-data-default-dev amd64 0.5.1-1 [15.9 kB]
Get:51 http://localhost:9999/debian/ unstable/main libghc-cookie-dev amd64 0.4.0.1-3+b3 [34.4 kB]
Get:52 http://localhost:9999/debian/ unstable/main libghc-primitive-dev amd64 0.5.0.1-3 [117 kB]
Get:53 http://localhost:9999/debian/ unstable/main libghc-vector-dev amd64 0.10.0.1-3 [1720 kB]
Get:54 http://localhost:9999/debian/ unstable/main libghc-crypto-random-dev amd64 0.0.7-1 [45.6 kB]
Get:55 http://localhost:9999/debian/ unstable/main libghc-random-dev amd64 1.0.1.1-3 [237 kB]
Get:56 http://localhost:9999/debian/ unstable/main libghc-cprng-aes-dev amd64 0.5.2-1+b2 [24.7 kB]
Get:57 http://localhost:9999/debian/ unstable/main libghc-crypto-numbers-dev amd64 0.2.3-1 [101 kB]
Get:58 http://localhost:9999/debian/ unstable/main libghc-crypto-pubkey-dev amd64 0.2.3-1+b1 [88.0 kB]
Get:59 http://localhost:9999/debian/ unstable/main libghc-date-cache-dev amd64 0.3.0-3 [20.0 kB]
Get:60 http://localhost:9999/debian/ unstable/main libghc-failure-dev amd64 0.2.0.1-4 [11.2 kB]
Get:61 http://localhost:9999/debian/ unstable/main libghc-unix-time-dev amd64 0.2.0-1 [33.8 kB]
Get:62 http://localhost:9999/debian/ unstable/main libghc-fast-logger-dev amd64 0.3.3-1+b1 [26.7 kB]
Get:63 http://localhost:9999/debian/ unstable/main libghc-quickcheck2-dev amd64 2.6-1 [581 kB]
Get:64 http://localhost:9999/debian/ unstable/main libghc-hspec-expectations-dev amd64 0.5.0.1-1 [13.9 kB]
Get:65 http://localhost:9999/debian/ unstable/main libghc-quickcheck-io-dev amd64 0.1.0-1 [9084 B]
Get:66 http://localhost:9999/debian/ unstable/main libghc-setenv-dev amd64 0.1.0-2 [8032 B]
Get:67 http://localhost:9999/debian/ unstable/main libghc-hspec-dev amd64 1.8.1.1-1+b1 [336 kB]
Get:68 http://localhost:9999/debian/ unstable/main libghc-http-types-dev amd64 0.8.3-1+b2 [108 kB]
Get:69 http://localhost:9999/debian/ unstable/main libghc-http-attoparsec-dev amd64 0.1.0-1+b3 [15.4 kB]
Get:70 http://localhost:9999/debian/ unstable/main libghc-mime-types-dev amd64 0.1.0.0-3+b1 [78.6 kB]
Get:71 http://localhost:9999/debian/ unstable/main libghc-parsec3-dev amd64 3.1.3-3+b1 [409 kB]
Get:72 http://localhost:9999/debian/ unstable/main libghc-network-dev amd64 2.4.1.2-1+b1 [695 kB]
Get:73 http://localhost:9999/debian/ unstable/main libghc-punycode-dev amd64 2.0-2+b1 [64.9 kB]
Get:74 http://localhost:9999/debian/ unstable/main libghc-ranges-dev amd64 0.2.4-5 [25.3 kB]
Get:75 http://localhost:9999/debian/ unstable/main libghc-text-icu-dev amd64 0.6.3.7-2 [440 kB]
Get:76 http://localhost:9999/debian/ unstable/main libghc-stringprep-dev amd64 0.1.5-2+b3 [143 kB]
Get:77 http://localhost:9999/debian/ unstable/main libghc-idna-dev amd64 0.2-2+b3 [19.7 kB]
Get:78 http://localhost:9999/debian/ unstable/main libghc-utf8-string-dev amd64 0.3.7-3 [143 kB]
Get:79 http://localhost:9999/debian/ unstable/main publicsuffix all 20130603-1 [50.9 kB]
Get:80 http://localhost:9999/debian/ unstable/main libghc-publicsuffixlist-dev amd64 0.1-1+b5 [56.9 kB]
Get:81 http://localhost:9999/debian/ unstable/main libghc-regex-base-dev amd64 0.93.2-4 [86.0 kB]
Get:82 http://localhost:9999/debian/ unstable/main libghc-regex-posix-dev amd64 0.95.2-3 [166 kB]
Get:83 http://localhost:9999/debian/ unstable/main libghc-regex-compat-dev amd64 0.95.1-4 [26.8 kB]
Get:84 http://localhost:9999/debian/ unstable/main libghc-socks-dev amd64 0.4.1-3+b1 [178 kB]
Get:85 http://localhost:9999/debian/ unstable/main libghc-tls-dev amd64 1.1.5-1+b5 [499 kB]
Get:86 http://localhost:9999/debian/ unstable/main libghc-tls-extra-dev amd64 0.6.6-1+b2 [38.5 kB]
Get:87 http://localhost:9999/debian/ unstable/main libghc-zlib-dev amd64 0.5.4.1-1 [97.1 kB]
Get:88 http://localhost:9999/debian/ unstable/main libghc-zlib-bindings-dev amd64 0.1.1.1-3+b1 [58.0 kB]
Get:89 http://localhost:9999/debian/ unstable/main libghc-zlib-conduit-dev amd64 1.0.0-2+b3 [16.7 kB]
Get:90 http://localhost:9999/debian/ unstable/main libghc-http-conduit-dev amd64 1.9.5.2-1+b7 [294 kB]
Get:91 http://localhost:9999/debian/ unstable/main libghc-http-date-dev amd64 0.0.2-3+b1 [75.0 kB]
Get:92 http://localhost:9999/debian/ unstable/main libghc-io-choice-dev amd64 0.0.5-1+b1 [21.6 kB]
Get:93 http://localhost:9999/debian/ unstable/main libghc-network-conduit-dev amd64 1.0.0-2+b3 [43.1 kB]
Get:94 http://localhost:9999/debian/ unstable/main libghc-primes-dev amd64 0.2.1.0-4 [53.9 kB]
Get:95 http://localhost:9999/debian/ unstable/main libghc-shakespeare-dev amd64 1.0.2-3+b1 [259 kB]
Get:96 http://localhost:9999/debian/ unstable/main libghc-shakespeare-text-dev amd64 1.0.0.5-3+b1 [43.4 kB]
Get:97 http://localhost:9999/debian/ unstable/main libghc-process-conduit-dev amd64 1.0.0.0-2+b3 [23.4 kB]
Get:98 http://localhost:9999/debian/ unstable/main libghc-simple-sendfile-dev amd64 0.2.11-2 [22.5 kB]
Get:99 http://localhost:9999/debian/ unstable/main libghc-static-hash-dev amd64 0.0.1-5+b2 [17.7 kB]
Get:100 http://localhost:9999/debian/ unstable/main libghc-unix-bytestring-dev amd64 0.3.5.4-2 [64.4 kB]
Get:101 http://localhost:9999/debian/ unstable/main libghc-unix-compat-dev amd64 0.4.0.0-2 [14.7 kB]
Get:102 http://localhost:9999/debian/ unstable/main libghc-unordered-containers-dev amd64 0.2.3.0-3+b2 [137 kB]
Get:103 http://localhost:9999/debian/ unstable/main libghc-vault-dev amd64 0.3.0.2-1 [46.7 kB]
Get:104 http://localhost:9999/debian/ unstable/main libghc-wai-dev amd64 1.4.0.2-1+b3 [22.5 kB]
Get:105 http://localhost:9999/debian/ unstable/main libghc-wai-logger-dev amd64 0.3.1-1+b5 [30.6 kB]
Get:106 http://localhost:9999/debian/ unstable/main libghc-word8-dev amd64 0.0.4-1 [30.5 kB]
Get:107 http://localhost:9999/debian/ unstable/main libghc-wai-app-file-cgi-dev amd64 0.8.3-2+b18 [169 kB]
Get:108 http://localhost:9999/debian/ unstable/main libghc-wai-logger-prefork-dev amd64 0.3.0-2+b6 [21.5 kB]
Get:109 http://localhost:9999/debian/ unstable/main libghc-warp-dev amd64 1.3.9-1+b5 [144 kB]
debconf: delaying package configuration, since apt-utils is not installed
Fetched 79.3 MB in 13s (6047 kB/s)
Selecting previously unselected package libbsd0:amd64.
(Reading database ... 14105 files and directories currently installed.)
Preparing to unpack .../libbsd0_0.6.0-1_amd64.deb ...
Unpacking libbsd0:amd64 (0.6.0-1) ...
Selecting previously unselected package libicu52:amd64.
Preparing to unpack .../libicu52_52.1-3_amd64.deb ...
Unpacking libicu52:amd64 (52.1-3) ...
Selecting previously unselected package icu-devtools.
Preparing to unpack .../icu-devtools_52.1-3_amd64.deb ...
Unpacking icu-devtools (52.1-3) ...
Selecting previously unselected package libbsd-dev.
Preparing to unpack .../libbsd-dev_0.6.0-1_amd64.deb ...
Unpacking libbsd-dev (0.6.0-1) ...
Selecting previously unselected package libffi-dev:amd64.
Preparing to unpack .../libffi-dev_3.0.13-10_amd64.deb ...
Unpacking libffi-dev:amd64 (3.0.13-10) ...
Selecting previously unselected package libgmp-dev:amd64.
Preparing to unpack .../libgmp-dev_2%3a5.1.3+dfsg-1_amd64.deb ...
Unpacking libgmp-dev:amd64 (2:5.1.3+dfsg-1) ...
Selecting previously unselected package ghc.
Preparing to unpack .../archives/ghc_7.6.3-6_amd64.deb ...
Unpacking ghc (7.6.3-6) ...
Selecting previously unselected package libghc-text-dev.
Preparing to unpack .../libghc-text-dev_0.11.3.1-1_amd64.deb ...
Unpacking libghc-text-dev (0.11.3.1-1) ...
Selecting previously unselected package libghc-attoparsec-dev.
Preparing to unpack .../libghc-attoparsec-dev_0.10.4.0-2+b1_amd64.deb ...
Unpacking libghc-attoparsec-dev (0.10.4.0-2+b1) ...
Selecting previously unselected package libghc-cereal-dev.
Preparing to unpack .../libghc-cereal-dev_0.3.5.2-4_amd64.deb ...
Unpacking libghc-cereal-dev (0.3.5.2-4) ...
Selecting previously unselected package libghc-dlist-dev.
Preparing to unpack .../libghc-dlist-dev_0.5-6_amd64.deb ...
Unpacking libghc-dlist-dev (0.5-6) ...
Selecting previously unselected package libghc-hunit-dev.
Preparing to unpack .../libghc-hunit-dev_1.2.5.2-1_amd64.deb ...
Unpacking libghc-hunit-dev (1.2.5.2-1) ...
Selecting previously unselected package libicu-dev:amd64.
Preparing to unpack .../libicu-dev_52.1-3_amd64.deb ...
Unpacking libicu-dev:amd64 (52.1-3) ...
Selecting previously unselected package zlib1g-dev:amd64.
Preparing to unpack .../zlib1g-dev_1%3a1.2.8.dfsg-1_amd64.deb ...
Unpacking zlib1g-dev:amd64 (1:1.2.8.dfsg-1) ...
Selecting previously unselected package ghc-prof.
Preparing to unpack .../ghc-prof_7.6.3-6_amd64.deb ...
Unpacking ghc-prof (7.6.3-6) ...
Selecting previously unselected package libghc-ansi-terminal-dev.
Preparing to unpack .../libghc-ansi-terminal-dev_0.6.1-1_amd64.deb ...
Unpacking libghc-ansi-terminal-dev (0.6.1-1) ...
Selecting previously unselected package libghc-transformers-dev.
Preparing to unpack .../libghc-transformers-dev_0.3.0.0-5_amd64.deb ...
Unpacking libghc-transformers-dev (0.3.0.0-5) ...
Selecting previously unselected package libghc-mtl-dev.
Preparing to unpack .../libghc-mtl-dev_2.1.2-4_amd64.deb ...
Unpacking libghc-mtl-dev (2.1.2-4) ...
Selecting previously unselected package libghc-asn1-data-dev.
Preparing to unpack .../libghc-asn1-data-dev_0.7.1-4+b1_amd64.deb ...
Unpacking libghc-asn1-data-dev (0.7.1-4+b1) ...
Selecting previously unselected package libghc-asn1-types-dev.
Preparing to unpack .../libghc-asn1-types-dev_0.2.2-1_amd64.deb ...
Unpacking libghc-asn1-types-dev (0.2.2-1) ...
Selecting previously unselected package libghc-base-unicode-symbols-dev.
Preparing to unpack .../libghc-base-unicode-symbols-dev_0.2.2.4-3_amd64.deb ...
Unpacking libghc-base-unicode-symbols-dev (0.2.2.4-3) ...
Selecting previously unselected package libghc-transformers-base-dev.
Preparing to unpack .../libghc-transformers-base-dev_0.4.1-5_amd64.deb ...
Unpacking libghc-transformers-base-dev (0.4.1-5) ...
Selecting previously unselected package libghc-monad-control-dev.
Preparing to unpack .../libghc-monad-control-dev_0.3.2.2-1_amd64.deb ...
Unpacking libghc-monad-control-dev (0.3.2.2-1) ...
Selecting previously unselected package libghc-lifted-base-dev.
Preparing to unpack .../libghc-lifted-base-dev_0.2.0.3-2+b1_amd64.deb ...
Unpacking libghc-lifted-base-dev (0.2.0.3-2+b1) ...
Selecting previously unselected package libghc-mmorph-dev.
Preparing to unpack .../libghc-mmorph-dev_1.0.0-2_amd64.deb ...
Unpacking libghc-mmorph-dev (1.0.0-2) ...
Selecting previously unselected package libghc-resourcet-dev.
Preparing to unpack .../libghc-resourcet-dev_0.4.7.1-1+b1_amd64.deb ...
Unpacking libghc-resourcet-dev (0.4.7.1-1+b1) ...
Selecting previously unselected package libghc-hashable-dev.
Preparing to unpack .../libghc-hashable-dev_1.2.1.0-4_amd64.deb ...
Unpacking libghc-hashable-dev (1.2.1.0-4) ...
Selecting previously unselected package libghc-nats-dev.
Preparing to unpack .../libghc-nats-dev_0.1.2-1_amd64.deb ...
Unpacking libghc-nats-dev (0.1.2-1) ...
Selecting previously unselected package libghc-semigroups-dev.
Preparing to unpack .../libghc-semigroups-dev_0.9-3+b1_amd64.deb ...
Unpacking libghc-semigroups-dev (0.9-3+b1) ...
Selecting previously unselected package libghc-void-dev.
Preparing to unpack .../libghc-void-dev_0.6.1-1+b1_amd64.deb ...
Unpacking libghc-void-dev (0.6.1-1+b1) ...
Selecting previously unselected package libghc-conduit-dev.
Preparing to unpack .../libghc-conduit-dev_1.0.9.3-1+b2_amd64.deb ...
Unpacking libghc-conduit-dev (1.0.9.3-1+b2) ...
Selecting previously unselected package libghc-attoparsec-conduit-dev.
Preparing to unpack .../libghc-attoparsec-conduit-dev_1.0.1.2-1+b2_amd64.deb ...
Unpacking libghc-attoparsec-conduit-dev (1.0.1.2-1+b2) ...
Selecting previously unselected package libghc-base64-bytestring-dev.
Preparing to unpack .../libghc-base64-bytestring-dev_1.0.0.1-1_amd64.deb ...
Unpacking libghc-base64-bytestring-dev (1.0.0.1-1) ...
Selecting previously unselected package libghc-blaze-builder-dev.
Preparing to unpack .../libghc-blaze-builder-dev_0.3.3.0-1_amd64.deb ...
Unpacking libghc-blaze-builder-dev (0.3.3.0-1) ...
Selecting previously unselected package libghc-blaze-builder-conduit-dev.
Preparing to unpack .../libghc-blaze-builder-conduit-dev_1.0.0-2+b3_amd64.deb ...
Unpacking libghc-blaze-builder-conduit-dev (1.0.0-2+b3) ...
Selecting previously unselected package libghc-blaze-markup-dev.
Preparing to unpack .../libghc-blaze-markup-dev_0.5.1.6-1_amd64.deb ...
Unpacking libghc-blaze-markup-dev (0.5.1.6-1) ...
Selecting previously unselected package libghc-blaze-html-dev.
Preparing to unpack .../libghc-blaze-html-dev_0.6.1.2-1+b1_amd64.deb ...
Unpacking libghc-blaze-html-dev (0.6.1.2-1+b1) ...
Selecting previously unselected package libghc-byteable-dev.
Preparing to unpack .../libghc-byteable-dev_0.1.1-1_amd64.deb ...
Unpacking libghc-byteable-dev (0.1.1-1) ...
Selecting previously unselected package libghc-byteorder-dev.
Preparing to unpack .../libghc-byteorder-dev_1.0.4-1_amd64.deb ...
Unpacking libghc-byteorder-dev (1.0.4-1) ...
Selecting previously unselected package libghc-case-insensitive-dev.
Preparing to unpack .../libghc-case-insensitive-dev_1.1.0.2-1_amd64.deb ...
Unpacking libghc-case-insensitive-dev (1.1.0.2-1) ...
Selecting previously unselected package libghc-crypto-pubkey-types-dev.
Preparing to unpack .../libghc-crypto-pubkey-types-dev_0.4.1-1+b1_amd64.deb ...
Unpacking libghc-crypto-pubkey-types-dev (0.4.1-1+b1) ...
Selecting previously unselected package libghc-cryptohash-dev.
Preparing to unpack .../libghc-cryptohash-dev_0.11.1-1_amd64.deb ...
Unpacking libghc-cryptohash-dev (0.11.1-1) ...
Selecting previously unselected package libghc-pem-dev.
Preparing to unpack .../libghc-pem-dev_0.2.1-1_amd64.deb ...
Unpacking libghc-pem-dev (0.2.1-1) ...
Selecting previously unselected package libghc-certificate-dev.
Preparing to unpack .../libghc-certificate-dev_1.3.9-1+b2_amd64.deb ...
Unpacking libghc-certificate-dev (1.3.9-1+b2) ...
Selecting previously unselected package libghc-securemem-dev.
Preparing to unpack .../libghc-securemem-dev_0.1.3-1_amd64.deb ...
Unpacking libghc-securemem-dev (0.1.3-1) ...
Selecting previously unselected package libghc-crypto-cipher-types-dev.
Preparing to unpack .../libghc-crypto-cipher-types-dev_0.0.9-1_amd64.deb ...
Unpacking libghc-crypto-cipher-types-dev (0.0.9-1) ...
Selecting previously unselected package libghc-cipher-aes-dev.
Preparing to unpack .../libghc-cipher-aes-dev_0.2.6-1+b1_amd64.deb ...
Unpacking libghc-cipher-aes-dev (0.2.6-1+b1) ...
Selecting previously unselected package libghc-cipher-rc4-dev.
Preparing to unpack .../libghc-cipher-rc4-dev_0.1.4-1+b1_amd64.deb ...
Unpacking libghc-cipher-rc4-dev (0.1.4-1+b1) ...
Selecting previously unselected package libghc-control-monad-loop-dev.
Preparing to unpack .../libghc-control-monad-loop-dev_0.1-2_amd64.deb ...
Unpacking libghc-control-monad-loop-dev (0.1-2) ...
Selecting previously unselected package libghc-data-default-dev.
Preparing to unpack .../libghc-data-default-dev_0.5.1-1_amd64.deb ...
Unpacking libghc-data-default-dev (0.5.1-1) ...
Selecting previously unselected package libghc-cookie-dev.
Preparing to unpack .../libghc-cookie-dev_0.4.0.1-3+b3_amd64.deb ...
Unpacking libghc-cookie-dev (0.4.0.1-3+b3) ...
Selecting previously unselected package libghc-primitive-dev.
Preparing to unpack .../libghc-primitive-dev_0.5.0.1-3_amd64.deb ...
Unpacking libghc-primitive-dev (0.5.0.1-3) ...
Selecting previously unselected package libghc-vector-dev.
Preparing to unpack .../libghc-vector-dev_0.10.0.1-3_amd64.deb ...
Unpacking libghc-vector-dev (0.10.0.1-3) ...
Selecting previously unselected package libghc-crypto-random-dev.
Preparing to unpack .../libghc-crypto-random-dev_0.0.7-1_amd64.deb ...
Unpacking libghc-crypto-random-dev (0.0.7-1) ...
Selecting previously unselected package libghc-random-dev.
Preparing to unpack .../libghc-random-dev_1.0.1.1-3_amd64.deb ...
Unpacking libghc-random-dev (1.0.1.1-3) ...
Selecting previously unselected package libghc-cprng-aes-dev.
Preparing to unpack .../libghc-cprng-aes-dev_0.5.2-1+b2_amd64.deb ...
Unpacking libghc-cprng-aes-dev (0.5.2-1+b2) ...
Selecting previously unselected package libghc-crypto-numbers-dev.
Preparing to unpack .../libghc-crypto-numbers-dev_0.2.3-1_amd64.deb ...
Unpacking libghc-crypto-numbers-dev (0.2.3-1) ...
Selecting previously unselected package libghc-crypto-pubkey-dev.
Preparing to unpack .../libghc-crypto-pubkey-dev_0.2.3-1+b1_amd64.deb ...
Unpacking libghc-crypto-pubkey-dev (0.2.3-1+b1) ...
Selecting previously unselected package libghc-date-cache-dev.
Preparing to unpack .../libghc-date-cache-dev_0.3.0-3_amd64.deb ...
Unpacking libghc-date-cache-dev (0.3.0-3) ...
Selecting previously unselected package libghc-failure-dev.
Preparing to unpack .../libghc-failure-dev_0.2.0.1-4_amd64.deb ...
Unpacking libghc-failure-dev (0.2.0.1-4) ...
Selecting previously unselected package libghc-unix-time-dev.
Preparing to unpack .../libghc-unix-time-dev_0.2.0-1_amd64.deb ...
Unpacking libghc-unix-time-dev (0.2.0-1) ...
Selecting previously unselected package libghc-fast-logger-dev.
Preparing to unpack .../libghc-fast-logger-dev_0.3.3-1+b1_amd64.deb ...
Unpacking libghc-fast-logger-dev (0.3.3-1+b1) ...
Selecting previously unselected package libghc-quickcheck2-dev.
Preparing to unpack .../libghc-quickcheck2-dev_2.6-1_amd64.deb ...
Unpacking libghc-quickcheck2-dev (2.6-1) ...
Selecting previously unselected package libghc-hspec-expectations-dev.
Preparing to unpack .../libghc-hspec-expectations-dev_0.5.0.1-1_amd64.deb ...
Unpacking libghc-hspec-expectations-dev (0.5.0.1-1) ...
Selecting previously unselected package libghc-quickcheck-io-dev.
Preparing to unpack .../libghc-quickcheck-io-dev_0.1.0-1_amd64.deb ...
Unpacking libghc-quickcheck-io-dev (0.1.0-1) ...
Selecting previously unselected package libghc-setenv-dev.
Preparing to unpack .../libghc-setenv-dev_0.1.0-2_amd64.deb ...
Unpacking libghc-setenv-dev (0.1.0-2) ...
Selecting previously unselected package libghc-hspec-dev.
Preparing to unpack .../libghc-hspec-dev_1.8.1.1-1+b1_amd64.deb ...
Unpacking libghc-hspec-dev (1.8.1.1-1+b1) ...
Selecting previously unselected package libghc-http-types-dev.
Preparing to unpack .../libghc-http-types-dev_0.8.3-1+b2_amd64.deb ...
Unpacking libghc-http-types-dev (0.8.3-1+b2) ...
Selecting previously unselected package libghc-http-attoparsec-dev.
Preparing to unpack .../libghc-http-attoparsec-dev_0.1.0-1+b3_amd64.deb ...
Unpacking libghc-http-attoparsec-dev (0.1.0-1+b3) ...
Selecting previously unselected package libghc-mime-types-dev.
Preparing to unpack .../libghc-mime-types-dev_0.1.0.0-3+b1_amd64.deb ...
Unpacking libghc-mime-types-dev (0.1.0.0-3+b1) ...
Selecting previously unselected package libghc-parsec3-dev.
Preparing to unpack .../libghc-parsec3-dev_3.1.3-3+b1_amd64.deb ...
Unpacking libghc-parsec3-dev (3.1.3-3+b1) ...
Selecting previously unselected package libghc-network-dev.
Preparing to unpack .../libghc-network-dev_2.4.1.2-1+b1_amd64.deb ...
Unpacking libghc-network-dev (2.4.1.2-1+b1) ...
Selecting previously unselected package libghc-punycode-dev.
Preparing to unpack .../libghc-punycode-dev_2.0-2+b1_amd64.deb ...
Unpacking libghc-punycode-dev (2.0-2+b1) ...
Selecting previously unselected package libghc-ranges-dev.
Preparing to unpack .../libghc-ranges-dev_0.2.4-5_amd64.deb ...
Unpacking libghc-ranges-dev (0.2.4-5) ...
Selecting previously unselected package libghc-text-icu-dev.
Preparing to unpack .../libghc-text-icu-dev_0.6.3.7-2_amd64.deb ...
Unpacking libghc-text-icu-dev (0.6.3.7-2) ...
Selecting previously unselected package libghc-stringprep-dev.
Preparing to unpack .../libghc-stringprep-dev_0.1.5-2+b3_amd64.deb ...
Unpacking libghc-stringprep-dev (0.1.5-2+b3) ...
Selecting previously unselected package libghc-idna-dev.
Preparing to unpack .../libghc-idna-dev_0.2-2+b3_amd64.deb ...
Unpacking libghc-idna-dev (0.2-2+b3) ...
Selecting previously unselected package libghc-utf8-string-dev.
Preparing to unpack .../libghc-utf8-string-dev_0.3.7-3_amd64.deb ...
Unpacking libghc-utf8-string-dev (0.3.7-3) ...
Selecting previously unselected package publicsuffix.
Preparing to unpack .../publicsuffix_20130603-1_all.deb ...
Unpacking publicsuffix (20130603-1) ...
Selecting previously unselected package libghc-publicsuffixlist-dev.
Preparing to unpack .../libghc-publicsuffixlist-dev_0.1-1+b5_amd64.deb ...
Unpacking libghc-publicsuffixlist-dev (0.1-1+b5) ...
Selecting previously unselected package libghc-regex-base-dev.
Preparing to unpack .../libghc-regex-base-dev_0.93.2-4_amd64.deb ...
Unpacking libghc-regex-base-dev (0.93.2-4) ...
Selecting previously unselected package libghc-regex-posix-dev.
Preparing to unpack .../libghc-regex-posix-dev_0.95.2-3_amd64.deb ...
Unpacking libghc-regex-posix-dev (0.95.2-3) ...
Selecting previously unselected package libghc-regex-compat-dev.
Preparing to unpack .../libghc-regex-compat-dev_0.95.1-4_amd64.deb ...
Unpacking libghc-regex-compat-dev (0.95.1-4) ...
Selecting previously unselected package libghc-socks-dev.
Preparing to unpack .../libghc-socks-dev_0.4.1-3+b1_amd64.deb ...
Unpacking libghc-socks-dev (0.4.1-3+b1) ...
Selecting previously unselected package libghc-tls-dev.
Preparing to unpack .../libghc-tls-dev_1.1.5-1+b5_amd64.deb ...
Unpacking libghc-tls-dev (1.1.5-1+b5) ...
Selecting previously unselected package libghc-tls-extra-dev.
Preparing to unpack .../libghc-tls-extra-dev_0.6.6-1+b2_amd64.deb ...
Unpacking libghc-tls-extra-dev (0.6.6-1+b2) ...
Selecting previously unselected package libghc-zlib-dev.
Preparing to unpack .../libghc-zlib-dev_0.5.4.1-1_amd64.deb ...
Unpacking libghc-zlib-dev (0.5.4.1-1) ...
Selecting previously unselected package libghc-zlib-bindings-dev.
Preparing to unpack .../libghc-zlib-bindings-dev_0.1.1.1-3+b1_amd64.deb ...
Unpacking libghc-zlib-bindings-dev (0.1.1.1-3+b1) ...
Selecting previously unselected package libghc-zlib-conduit-dev.
Preparing to unpack .../libghc-zlib-conduit-dev_1.0.0-2+b3_amd64.deb ...
Unpacking libghc-zlib-conduit-dev (1.0.0-2+b3) ...
Selecting previously unselected package libghc-http-conduit-dev.
Preparing to unpack .../libghc-http-conduit-dev_1.9.5.2-1+b7_amd64.deb ...
Unpacking libghc-http-conduit-dev (1.9.5.2-1+b7) ...
Selecting previously unselected package libghc-http-date-dev.
Preparing to unpack .../libghc-http-date-dev_0.0.2-3+b1_amd64.deb ...
Unpacking libghc-http-date-dev (0.0.2-3+b1) ...
Selecting previously unselected package libghc-io-choice-dev.
Preparing to unpack .../libghc-io-choice-dev_0.0.5-1+b1_amd64.deb ...
Unpacking libghc-io-choice-dev (0.0.5-1+b1) ...
Selecting previously unselected package libghc-network-conduit-dev.
Preparing to unpack .../libghc-network-conduit-dev_1.0.0-2+b3_amd64.deb ...
Unpacking libghc-network-conduit-dev (1.0.0-2+b3) ...
Selecting previously unselected package libghc-primes-dev.
Preparing to unpack .../libghc-primes-dev_0.2.1.0-4_amd64.deb ...
Unpacking libghc-primes-dev (0.2.1.0-4) ...
Selecting previously unselected package libghc-shakespeare-dev.
Preparing to unpack .../libghc-shakespeare-dev_1.0.2-3+b1_amd64.deb ...
Unpacking libghc-shakespeare-dev (1.0.2-3+b1) ...
Selecting previously unselected package libghc-shakespeare-text-dev.
Preparing to unpack .../libghc-shakespeare-text-dev_1.0.0.5-3+b1_amd64.deb ...
Unpacking libghc-shakespeare-text-dev (1.0.0.5-3+b1) ...
Selecting previously unselected package libghc-process-conduit-dev.
Preparing to unpack .../libghc-process-conduit-dev_1.0.0.0-2+b3_amd64.deb ...
Unpacking libghc-process-conduit-dev (1.0.0.0-2+b3) ...
Selecting previously unselected package libghc-simple-sendfile-dev.
Preparing to unpack .../libghc-simple-sendfile-dev_0.2.11-2_amd64.deb ...
Unpacking libghc-simple-sendfile-dev (0.2.11-2) ...
Selecting previously unselected package libghc-static-hash-dev.
Preparing to unpack .../libghc-static-hash-dev_0.0.1-5+b2_amd64.deb ...
Unpacking libghc-static-hash-dev (0.0.1-5+b2) ...
Selecting previously unselected package libghc-unix-bytestring-dev.
Preparing to unpack .../libghc-unix-bytestring-dev_0.3.5.4-2_amd64.deb ...
Unpacking libghc-unix-bytestring-dev (0.3.5.4-2) ...
Selecting previously unselected package libghc-unix-compat-dev.
Preparing to unpack .../libghc-unix-compat-dev_0.4.0.0-2_amd64.deb ...
Unpacking libghc-unix-compat-dev (0.4.0.0-2) ...
Selecting previously unselected package libghc-unordered-containers-dev.
Preparing to unpack .../libghc-unordered-containers-dev_0.2.3.0-3+b2_amd64.deb ...
Unpacking libghc-unordered-containers-dev (0.2.3.0-3+b2) ...
Selecting previously unselected package libghc-vault-dev.
Preparing to unpack .../libghc-vault-dev_0.3.0.2-1_amd64.deb ...
Unpacking libghc-vault-dev (0.3.0.2-1) ...
Selecting previously unselected package libghc-wai-dev.
Preparing to unpack .../libghc-wai-dev_1.4.0.2-1+b3_amd64.deb ...
Unpacking libghc-wai-dev (1.4.0.2-1+b3) ...
Selecting previously unselected package libghc-wai-logger-dev.
Preparing to unpack .../libghc-wai-logger-dev_0.3.1-1+b5_amd64.deb ...
Unpacking libghc-wai-logger-dev (0.3.1-1+b5) ...
Selecting previously unselected package libghc-word8-dev.
Preparing to unpack .../libghc-word8-dev_0.0.4-1_amd64.deb ...
Unpacking libghc-word8-dev (0.0.4-1) ...
Selecting previously unselected package libghc-wai-app-file-cgi-dev.
Preparing to unpack .../libghc-wai-app-file-cgi-dev_0.8.3-2+b18_amd64.deb ...
Unpacking libghc-wai-app-file-cgi-dev (0.8.3-2+b18) ...
Selecting previously unselected package libghc-wai-logger-prefork-dev.
Preparing to unpack .../libghc-wai-logger-prefork-dev_0.3.0-2+b6_amd64.deb ...
Unpacking libghc-wai-logger-prefork-dev (0.3.0-2+b6) ...
Selecting previously unselected package libghc-warp-dev.
Preparing to unpack .../libghc-warp-dev_1.3.9-1+b5_amd64.deb ...
Unpacking libghc-warp-dev (1.3.9-1+b5) ...
Selecting previously unselected package sbuild-build-depends-mighttpd2-dummy.
Preparing to unpack .../sbuild-build-depends-mighttpd2-dummy.deb ...
Unpacking sbuild-build-depends-mighttpd2-dummy (0.invalid.0) ...
Setting up libbsd0:amd64 (0.6.0-1) ...
Setting up libicu52:amd64 (52.1-3) ...
Setting up icu-devtools (52.1-3) ...
Setting up libbsd-dev (0.6.0-1) ...
Setting up libffi-dev:amd64 (3.0.13-10) ...
Setting up libgmp-dev:amd64 (2:5.1.3+dfsg-1) ...
Setting up ghc (7.6.3-6) ...
update-alternatives: using /usr/bin/runghc to provide /usr/bin/runhaskell (runhaskell) in auto mode
update-alternatives: using /usr/bin/ghc to provide /usr/bin/haskell-compiler (haskell-compiler) in auto mode
Setting up libghc-text-dev (0.11.3.1-1) ...
Setting up libghc-attoparsec-dev (0.10.4.0-2+b1) ...
Setting up libghc-cereal-dev (0.3.5.2-4) ...
Setting up libghc-dlist-dev (0.5-6) ...
Setting up libghc-hunit-dev (1.2.5.2-1) ...
Setting up libicu-dev:amd64 (52.1-3) ...
Setting up zlib1g-dev:amd64 (1:1.2.8.dfsg-1) ...
Setting up ghc-prof (7.6.3-6) ...
Setting up libghc-ansi-terminal-dev (0.6.1-1) ...
Setting up libghc-transformers-dev (0.3.0.0-5) ...
Setting up libghc-mtl-dev (2.1.2-4) ...
Setting up libghc-asn1-data-dev (0.7.1-4+b1) ...
Setting up libghc-asn1-types-dev (0.2.2-1) ...
Setting up libghc-base-unicode-symbols-dev (0.2.2.4-3) ...
Setting up libghc-transformers-base-dev (0.4.1-5) ...
Setting up libghc-monad-control-dev (0.3.2.2-1) ...
Setting up libghc-lifted-base-dev (0.2.0.3-2+b1) ...
Setting up libghc-mmorph-dev (1.0.0-2) ...
Setting up libghc-resourcet-dev (0.4.7.1-1+b1) ...
Setting up libghc-hashable-dev (1.2.1.0-4) ...
Setting up libghc-nats-dev (0.1.2-1) ...
Setting up libghc-semigroups-dev (0.9-3+b1) ...
Setting up libghc-void-dev (0.6.1-1+b1) ...
Setting up libghc-conduit-dev (1.0.9.3-1+b2) ...
Setting up libghc-attoparsec-conduit-dev (1.0.1.2-1+b2) ...
Setting up libghc-base64-bytestring-dev (1.0.0.1-1) ...
Setting up libghc-blaze-builder-dev (0.3.3.0-1) ...
Setting up libghc-blaze-builder-conduit-dev (1.0.0-2+b3) ...
Setting up libghc-blaze-markup-dev (0.5.1.6-1) ...
Setting up libghc-blaze-html-dev (0.6.1.2-1+b1) ...
Setting up libghc-byteable-dev (0.1.1-1) ...
Setting up libghc-byteorder-dev (1.0.4-1) ...
Setting up libghc-case-insensitive-dev (1.1.0.2-1) ...
Setting up libghc-crypto-pubkey-types-dev (0.4.1-1+b1) ...
Setting up libghc-cryptohash-dev (0.11.1-1) ...
Setting up libghc-pem-dev (0.2.1-1) ...
Setting up libghc-certificate-dev (1.3.9-1+b2) ...
Setting up libghc-securemem-dev (0.1.3-1) ...
Setting up libghc-crypto-cipher-types-dev (0.0.9-1) ...
Setting up libghc-cipher-aes-dev (0.2.6-1+b1) ...
Setting up libghc-cipher-rc4-dev (0.1.4-1+b1) ...
Setting up libghc-control-monad-loop-dev (0.1-2) ...
Setting up libghc-data-default-dev (0.5.1-1) ...
Setting up libghc-cookie-dev (0.4.0.1-3+b3) ...
Setting up libghc-primitive-dev (0.5.0.1-3) ...
Setting up libghc-vector-dev (0.10.0.1-3) ...
Setting up libghc-crypto-random-dev (0.0.7-1) ...
Setting up libghc-random-dev (1.0.1.1-3) ...
Setting up libghc-cprng-aes-dev (0.5.2-1+b2) ...
Setting up libghc-crypto-numbers-dev (0.2.3-1) ...
Setting up libghc-crypto-pubkey-dev (0.2.3-1+b1) ...
Setting up libghc-date-cache-dev (0.3.0-3) ...
Setting up libghc-failure-dev (0.2.0.1-4) ...
Setting up libghc-unix-time-dev (0.2.0-1) ...
Setting up libghc-fast-logger-dev (0.3.3-1+b1) ...
Setting up libghc-quickcheck2-dev (2.6-1) ...
Setting up libghc-hspec-expectations-dev (0.5.0.1-1) ...
Setting up libghc-quickcheck-io-dev (0.1.0-1) ...
Setting up libghc-setenv-dev (0.1.0-2) ...
Setting up libghc-hspec-dev (1.8.1.1-1+b1) ...
Setting up libghc-http-types-dev (0.8.3-1+b2) ...
Setting up libghc-http-attoparsec-dev (0.1.0-1+b3) ...
Setting up libghc-mime-types-dev (0.1.0.0-3+b1) ...
Setting up libghc-parsec3-dev (3.1.3-3+b1) ...
Setting up libghc-network-dev (2.4.1.2-1+b1) ...
Setting up libghc-punycode-dev (2.0-2+b1) ...
Setting up libghc-ranges-dev (0.2.4-5) ...
Setting up libghc-text-icu-dev (0.6.3.7-2) ...
Setting up libghc-stringprep-dev (0.1.5-2+b3) ...
Setting up libghc-idna-dev (0.2-2+b3) ...
Setting up libghc-utf8-string-dev (0.3.7-3) ...
Setting up publicsuffix (20130603-1) ...
Setting up libghc-publicsuffixlist-dev (0.1-1+b5) ...
Setting up libghc-regex-base-dev (0.93.2-4) ...
Setting up libghc-regex-posix-dev (0.95.2-3) ...
Setting up libghc-regex-compat-dev (0.95.1-4) ...
Setting up libghc-socks-dev (0.4.1-3+b1) ...
Setting up libghc-tls-dev (1.1.5-1+b5) ...
Setting up libghc-tls-extra-dev (0.6.6-1+b2) ...
Setting up libghc-zlib-dev (0.5.4.1-1) ...
Setting up libghc-zlib-bindings-dev (0.1.1.1-3+b1) ...
Setting up libghc-zlib-conduit-dev (1.0.0-2+b3) ...
Setting up libghc-http-conduit-dev (1.9.5.2-1+b7) ...
Setting up libghc-http-date-dev (0.0.2-3+b1) ...
Setting up libghc-io-choice-dev (0.0.5-1+b1) ...
Setting up libghc-network-conduit-dev (1.0.0-2+b3) ...
Setting up libghc-primes-dev (0.2.1.0-4) ...
Setting up libghc-shakespeare-dev (1.0.2-3+b1) ...
Setting up libghc-shakespeare-text-dev (1.0.0.5-3+b1) ...
Setting up libghc-process-conduit-dev (1.0.0.0-2+b3) ...
Setting up libghc-simple-sendfile-dev (0.2.11-2) ...
Setting up libghc-static-hash-dev (0.0.1-5+b2) ...
Setting up libghc-unix-bytestring-dev (0.3.5.4-2) ...
Setting up libghc-unix-compat-dev (0.4.0.0-2) ...
Setting up libghc-unordered-containers-dev (0.2.3.0-3+b2) ...
Setting up libghc-vault-dev (0.3.0.2-1) ...
Setting up libghc-wai-dev (1.4.0.2-1+b3) ...
Setting up libghc-wai-logger-dev (0.3.1-1+b5) ...
Setting up libghc-word8-dev (0.0.4-1) ...
Setting up libghc-wai-app-file-cgi-dev (0.8.3-2+b18) ...
Setting up libghc-wai-logger-prefork-dev (0.3.0-2+b6) ...
Setting up libghc-warp-dev (1.3.9-1+b5) ...
Setting up sbuild-build-depends-mighttpd2-dummy (0.invalid.0) ...
Processing triggers for libc-bin (2.17-97) ...

┌──────────────────────────────────────────────────────────────────────────────┐
│ Build environment                                                            │
└──────────────────────────────────────────────────────────────────────────────┘

Kernel: Linux 2.6.32-5-xen-amd64 amd64 (x86_64)
Toolchain package versions: binutils_2.24-2 dpkg-dev_1.17.5 g++-4.6_4.6.4-5 g++-4.8_4.8.2-11 gcc-4.6_4.6.4-5 gcc-4.7_4.7.3-9 gcc-4.8_4.8.2-11 libc6-dev_2.17-97 libstdc++-4.8-dev_4.8.2-11 libstdc++6_4.8.2-11 libstdc++6-4.6-dev_4.6.4-5 linux-libc-dev_3.12.6-2
Package versions: apt_0.9.14.2 base-files_7.2 base-passwd_3.5.29 bash_4.2+dfsg-1 binutils_2.24-2 bsdutils_1:2.20.1-5.5 build-essential_11.6 bzip2_1.0.6-5 clang-3.4_1:3.4-1 coreutils_8.21-1 cpp_4:4.8.2-1 cpp-4.6_4.6.4-5 cpp-4.7_4.7.3-9 cpp-4.8_4.8.2-11 dash_0.5.7-3+nmu1 debconf_1.5.52 debconf-i18n_1.5.52 debfoster_2.7-1.2 debian-archive-keyring_2012.4 debianutils_4.4 diffutils_1:3.3-1 dpkg_1.17.5 dpkg-dev_1.17.5 e2fslibs_1.42.9-2 e2fsprogs_1.42.9-2 fakeroot_1.20-3 findutils_4.4.2-7 g++_4:4.8.2-1 g++-4.6_4.6.4-5 g++-4.8_4.8.2-11 gcc_4:4.8.2-1 gcc-4.4-base_4.4.7-6 gcc-4.5-base_4.5.4-1 gcc-4.6_4.6.4-5 gcc-4.6-base_4.6.4-5 gcc-4.7_4.7.3-9 gcc-4.7-base_4.7.3-9 gcc-4.8_4.8.2-11 gcc-4.8-base_4.8.2-11 ghc_7.6.3-6 ghc-prof_7.6.3-6 gnupg_1.4.15-3 gpgv_1.4.15-3 grep_2.15-2 gzip_1.6-3 hostname_3.15 icu-devtools_52.1-3 initscripts_2.88dsf-45 insserv_1.14.0-5 libacl1_2.2.52-1 libapt-pkg4.12_0.9.14.2 libarchive-extract-perl_0.70-1 libasan0_4.8.2-11 libatomic1_4.8.2-11 libattr1_1:2.4.47-1 libaudit-common_1:2.3.2-3 libaudit1_1:2.3.2-3 libblkid1_2.20.1-5.5 libbsd-dev_0.6.0-1 libbsd0_0.6.0-1 libbz2-1.0_1.0.6-5 libc-bin_2.17-97 libc-dev-bin_2.17-97 libc6_2.17-97 libc6-dev_2.17-97 libcap2_1:2.22-1.2 libclang-common-3.4-dev_1:3.4-1 libclang1-3.4_1:3.4-1 libclass-isa-perl_0.36-5 libcloog-isl4_0.18.1-3 libcloog-ppl1_0.16.1-4 libcomerr2_1.42.9-2 libdb5.1_5.1.29-7 libdpkg-perl_1.17.5 libfakeroot_1.20-3 libffi-dev_3.0.13-10 libffi6_3.0.13-10 libfile-fcntllock-perl_0.14-2+b1 libgc1c2_1:7.2d-6 libgcc-4.7-dev_4.7.3-9 libgcc-4.8-dev_4.8.2-11 libgcc1_1:4.8.2-11 libgdbm3_1.8.3-12 libghc-ansi-terminal-dev_0.6.1-1 libghc-asn1-data-dev_0.7.1-4+b1 libghc-asn1-types-dev_0.2.2-1 libghc-attoparsec-conduit-dev_1.0.1.2-1+b2 libghc-attoparsec-dev_0.10.4.0-2+b1 libghc-base-unicode-symbols-dev_0.2.2.4-3 libghc-base64-bytestring-dev_1.0.0.1-1 libghc-blaze-builder-conduit-dev_1.0.0-2+b3 libghc-blaze-builder-dev_0.3.3.0-1 libghc-blaze-html-dev_0.6.1.2-1+b1 libghc-blaze-markup-dev_0.5.1.6-1 libghc-byteable-dev_0.1.1-1 libghc-byteorder-dev_1.0.4-1 libghc-case-insensitive-dev_1.1.0.2-1 libghc-cereal-dev_0.3.5.2-4 libghc-certificate-dev_1.3.9-1+b2 libghc-cipher-aes-dev_0.2.6-1+b1 libghc-cipher-rc4-dev_0.1.4-1+b1 libghc-conduit-dev_1.0.9.3-1+b2 libghc-control-monad-loop-dev_0.1-2 libghc-cookie-dev_0.4.0.1-3+b3 libghc-cprng-aes-dev_0.5.2-1+b2 libghc-crypto-cipher-types-dev_0.0.9-1 libghc-crypto-numbers-dev_0.2.3-1 libghc-crypto-pubkey-dev_0.2.3-1+b1 libghc-crypto-pubkey-types-dev_0.4.1-1+b1 libghc-crypto-random-dev_0.0.7-1 libghc-cryptohash-dev_0.11.1-1 libghc-data-default-dev_0.5.1-1 libghc-date-cache-dev_0.3.0-3 libghc-dlist-dev_0.5-6 libghc-failure-dev_0.2.0.1-4 libghc-fast-logger-dev_0.3.3-1+b1 libghc-hashable-dev_1.2.1.0-4 libghc-hspec-dev_1.8.1.1-1+b1 libghc-hspec-expectations-dev_0.5.0.1-1 libghc-http-attoparsec-dev_0.1.0-1+b3 libghc-http-conduit-dev_1.9.5.2-1+b7 libghc-http-date-dev_0.0.2-3+b1 libghc-http-types-dev_0.8.3-1+b2 libghc-hunit-dev_1.2.5.2-1 libghc-idna-dev_0.2-2+b3 libghc-io-choice-dev_0.0.5-1+b1 libghc-lifted-base-dev_0.2.0.3-2+b1 libghc-mime-types-dev_0.1.0.0-3+b1 libghc-mmorph-dev_1.0.0-2 libghc-monad-control-dev_0.3.2.2-1 libghc-mtl-dev_2.1.2-4 libghc-nats-dev_0.1.2-1 libghc-network-conduit-dev_1.0.0-2+b3 libghc-network-dev_2.4.1.2-1+b1 libghc-parsec3-dev_3.1.3-3+b1 libghc-pem-dev_0.2.1-1 libghc-primes-dev_0.2.1.0-4 libghc-primitive-dev_0.5.0.1-3 libghc-process-conduit-dev_1.0.0.0-2+b3 libghc-publicsuffixlist-dev_0.1-1+b5 libghc-punycode-dev_2.0-2+b1 libghc-quickcheck-io-dev_0.1.0-1 libghc-quickcheck2-dev_2.6-1 libghc-random-dev_1.0.1.1-3 libghc-ranges-dev_0.2.4-5 libghc-regex-base-dev_0.93.2-4 libghc-regex-compat-dev_0.95.1-4 libghc-regex-posix-dev_0.95.2-3 libghc-resourcet-dev_0.4.7.1-1+b1 libghc-securemem-dev_0.1.3-1 libghc-semigroups-dev_0.9-3+b1 libghc-setenv-dev_0.1.0-2 libghc-shakespeare-dev_1.0.2-3+b1 libghc-shakespeare-text-dev_1.0.0.5-3+b1 libghc-simple-sendfile-dev_0.2.11-2 libghc-socks-dev_0.4.1-3+b1 libghc-static-hash-dev_0.0.1-5+b2 libghc-stringprep-dev_0.1.5-2+b3 libghc-text-dev_0.11.3.1-1 libghc-text-icu-dev_0.6.3.7-2 libghc-tls-dev_1.1.5-1+b5 libghc-tls-extra-dev_0.6.6-1+b2 libghc-transformers-base-dev_0.4.1-5 libghc-transformers-dev_0.3.0.0-5 libghc-unix-bytestring-dev_0.3.5.4-2 libghc-unix-compat-dev_0.4.0.0-2 libghc-unix-time-dev_0.2.0-1 libghc-unordered-containers-dev_0.2.3.0-3+b2 libghc-utf8-string-dev_0.3.7-3 libghc-vault-dev_0.3.0.2-1 libghc-vector-dev_0.10.0.1-3 libghc-void-dev_0.6.1-1+b1 libghc-wai-app-file-cgi-dev_0.8.3-2+b18 libghc-wai-dev_1.4.0.2-1+b3 libghc-wai-logger-dev_0.3.1-1+b5 libghc-wai-logger-prefork-dev_0.3.0-2+b6 libghc-warp-dev_1.3.9-1+b5 libghc-word8-dev_0.0.4-1 libghc-zlib-bindings-dev_0.1.1.1-3+b1 libghc-zlib-conduit-dev_1.0.0-2+b3 libghc-zlib-dev_0.5.4.1-1 libgmp-dev_2:5.1.3+dfsg-1 libgmp10_2:5.1.3+dfsg-1 libgmpxx4ldbl_2:5.1.3+dfsg-1 libgomp1_4.8.2-11 libgpm2_1.20.4-6.1 libicu-dev_52.1-3 libicu52_52.1-3 libisl10_0.12.1-2 libitm1_4.8.2-11 libllvm3.4_1:3.4-1 liblocale-gettext-perl_1.05-7+b2 liblog-message-simple-perl_0.10-1 liblzma5_5.1.1alpha+20120614-2 libmodule-pluggable-perl_4.8-1 libmount1_2.20.1-5.5 libmpc2_0.9-4 libmpc3_1.0.1-1 libmpfr4_3.1.2-1 libncurses5_5.9+20130608-1 libobjc-4.8-dev_4.8.2-11 libobjc4_4.8.2-11 libpam-modules_1.1.3-10 libpam-modules-bin_1.1.3-10 libpam-runtime_1.1.3-10 libpam0g_1.1.3-10 libpcre3_1:8.31-2 libpod-latex-perl_0.61-1 libppl-c4_1:1.0-7 libppl12_1:1.0-7 libquadmath0_4.8.2-11 libreadline6_6.2+dfsg-0.1 libselinux1_2.2.1-1 libsemanage-common_2.2-1 libsemanage1_2.2-1 libsepol1_2.2-1 libslang2_2.2.4-16 libss2_1.42.9-2 libstdc++-4.8-dev_4.8.2-11 libstdc++6_4.8.2-11 libstdc++6-4.6-dev_4.6.4-5 libswitch-perl_2.16-2 libterm-ui-perl_0.42-1 libtext-charwidth-perl_0.04-7+b2 libtext-iconv-perl_1.7-5+b1 libtext-soundex-perl_3.4-1+b1 libtext-wrapi18n-perl_0.06-7 libtimedate-perl_2.3000-1 libtinfo5_5.9+20130608-1 libtsan0_4.8.2-11 libusb-0.1-4_2:0.1.12-23.3 libustr-1.0-1_1.0.4-3 libuuid1_2.20.1-5.5 linux-libc-dev_3.12.6-2 login_1:4.1.5.1-1 lsb-base_4.1+Debian12 make_3.81-8.3 mawk_1.3.3-17 mount_2.20.1-5.5 multiarch-support_2.17-97 ncurses-base_5.9+20130608-1 ncurses-bin_5.9+20130608-1 passwd_1:4.1.5.1-1 patch_2.7.1-4 perl_5.18.1-5 perl-base_5.18.1-5 perl-modules_5.18.1-5 publicsuffix_20130603-1 readline-common_6.2+dfsg-0.1 sbuild-build-depends-core-dummy_0.invalid.0 sbuild-build-depends-mighttpd2-dummy_0.invalid.0 sed_4.2.2-3 sensible-utils_0.0.9 sudo_1.8.8-2 sysv-rc_2.88dsf-45 sysvinit_2.88dsf-45 sysvinit-core_2.88dsf-45 sysvinit-utils_2.88dsf-45 tar_1.27-4 tzdata_2013i-1 ucf_3.0027+nmu1 util-linux_2.20.1-5.5 vim_2:7.4.052-1 vim-common_2:7.4.052-1 vim-runtime_2:7.4.052-1 xz-utils_5.1.1alpha+20120614-2 zlib1g_1:1.2.8.dfsg-1 zlib1g-dev_1:1.2.8.dfsg-1

┌──────────────────────────────────────────────────────────────────────────────┐
│ Build                                                                        │
└──────────────────────────────────────────────────────────────────────────────┘


Unpack source
─────────────

gpgv: keyblock resource `/sbuild-nonexistent/.gnupg/trustedkeys.gpg': file open error
gpgv: Signature made Wed Dec 25 23:21:59 2013 UTC using RSA key ID 7D86500B
gpgv: Can't check signature: public key not found
dpkg-source: warning: failed to verify signature on ./mighttpd2_2.8.7-2.dsc
dpkg-source: info: extracting mighttpd2 in mighttpd2-2.8.7
dpkg-source: info: unpacking mighttpd2_2.8.7.orig.tar.gz
dpkg-source: info: unpacking mighttpd2_2.8.7-2.debian.tar.gz

Check disc space
────────────────

Sufficient free space for build

Hack binNMU version
───────────────────

Created changelog entry for binNMU version 2.8.7-2clang1

User Environment
────────────────

DEB_BUILD_OPTIONS=parallel=10
HOME=/sbuild-nonexistent
LOGNAME=user
PATH=/usr/local/sbin:/usr/local/bin:/usr/sbin:/usr/bin:/sbin:/bin:/usr/games
SCHROOT_ALIAS_NAME=unstable-amd64-sbuild
SCHROOT_CHROOT_NAME=unstable-amd64-sbuild
SCHROOT_COMMAND=env
SCHROOT_GID=1000
SCHROOT_GROUP=user
SCHROOT_SESSION_ID=unstable-amd64-sbuild-6c874168-4208-4646-8dc4-5923e6036220
SCHROOT_UID=1000
SCHROOT_USER=user
SHELL=/bin/sh
USER=user

dpkg-buildpackage
─────────────────

dpkg-buildpackage: source package mighttpd2
dpkg-buildpackage: source version 2.8.7-2clang1
dpkg-buildpackage: source distribution unstable
 dpkg-source --before-build mighttpd2-2.8.7
dpkg-buildpackage: host architecture amd64
 fakeroot debian/rules clean
test -f debian/rules
test root = "`whoami`"
rm -f debian/mighttpd2.setup *.o *.hi
rm -f build-arch stamp-configure debian/files debian/substvars
rm -rf dist
rm -rf debian/mighttpd2
 debian/rules build-arch
ghc Setup.hs -o debian/mighttpd2.setup
[1 of 1] Compiling Main             ( Setup.hs, Setup.o )
clang: warning: -Wl,--hash-size=31: 'linker' input unused
clang: warning: -Wl,--reduce-memory-overheads: 'linker' input unused
clang: warning: argument unused during compilation: '-fno-stack-protector'
clang: warning: argument unused during compilation: '-I .'
Linking debian/mighttpd2.setup ...
clang: warning: -Wl,--hash-size=31: 'linker' input unused
clang: warning: -Wl,--reduce-memory-overheads: 'linker' input unused
clang: warning: -Wl,--hash-size=31: 'linker' input unused
clang: warning: -Wl,--reduce-memory-overheads: 'linker' input unused
clang: warning: argument unused during compilation: '-fno-stack-protector'
clang: warning: argument unused during compilation: '-D TABLES_NEXT_TO_CODE'
clang: warning: argument unused during compilation: '-I /usr/lib/ghc/include'
clang: warning: argument unused during compilation: '-u ghczmprim_GHCziTypes_Izh_static_info'
clang: warning: argument unused during compilation: '-u ghczmprim_GHCziTypes_Czh_static_info'
clang: warning: argument unused during compilation: '-u ghczmprim_GHCziTypes_Fzh_static_info'
clang: warning: argument unused during compilation: '-u ghczmprim_GHCziTypes_Dzh_static_info'
clang: warning: argument unused during compilation: '-u base_GHCziPtr_Ptr_static_info'
clang: warning: argument unused during compilation: '-u ghczmprim_GHCziTypes_Wzh_static_info'
clang: warning: argument unused during compilation: '-u base_GHCziInt_I8zh_static_info'
clang: warning: argument unused during compilation: '-u base_GHCziInt_I16zh_static_info'
clang: warning: argument unused during compilation: '-u base_GHCziInt_I32zh_static_info'
clang: warning: argument unused during compilation: '-u base_GHCziInt_I64zh_static_info'
clang: warning: argument unused during compilation: '-u base_GHCziWord_W8zh_static_info'
clang: warning: argument unused during compilation: '-u base_GHCziWord_W16zh_static_info'
clang: warning: argument unused during compilation: '-u base_GHCziWord_W32zh_static_info'
clang: warning: argument unused during compilation: '-u base_GHCziWord_W64zh_static_info'
clang: warning: argument unused during compilation: '-u base_GHCziStable_StablePtr_static_info'
clang: warning: argument unused during compilation: '-u ghczmprim_GHCziTypes_Izh_con_info'
clang: warning: argument unused during compilation: '-u ghczmprim_GHCziTypes_Czh_con_info'
clang: warning: argument unused during compilation: '-u ghczmprim_GHCziTypes_Fzh_con_info'
clang: warning: argument unused during compilation: '-u ghczmprim_GHCziTypes_Dzh_con_info'
clang: warning: argument unused during compilation: '-u base_GHCziPtr_Ptr_con_info'
clang: warning: argument unused during compilation: '-u base_GHCziPtr_FunPtr_con_info'
clang: warning: argument unused during compilation: '-u base_GHCziStable_StablePtr_con_info'
clang: warning: argument unused during compilation: '-u ghczmprim_GHCziTypes_False_closure'
clang: warning: argument unused during compilation: '-u ghczmprim_GHCziTypes_True_closure'
clang: warning: argument unused during compilation: '-u base_GHCziPack_unpackCString_closure'
clang: warning: argument unused during compilation: '-u base_GHCziIOziException_stackOverflow_closure'
clang: warning: argument unused during compilation: '-u base_GHCziIOziException_heapOverflow_closure'
clang: warning: argument unused during compilation: '-u base_ControlziExceptionziBase_nonTermination_closure'
clang: warning: argument unused during compilation: '-u base_GHCziIOziException_blockedIndefinitelyOnMVar_closure'
clang: warning: argument unused during compilation: '-u base_GHCziIOziException_blockedIndefinitelyOnSTM_closure'
clang: warning: argument unused during compilation: '-u base_ControlziExceptionziBase_nestedAtomically_closure'
clang: warning: argument unused during compilation: '-u base_GHCziWeak_runFinalizzerBatch_closure'
clang: warning: argument unused during compilation: '-u base_GHCziTopHandler_flushStdHandles_closure'
clang: warning: argument unused during compilation: '-u base_GHCziTopHandler_runIO_closure'
clang: warning: argument unused during compilation: '-u base_GHCziTopHandler_runNonIO_closure'
clang: warning: argument unused during compilation: '-u base_GHCziConcziIO_ensureIOManagerIsRunning_closure'
clang: warning: argument unused during compilation: '-u base_GHCziConcziSync_runSparks_closure'
clang: warning: argument unused during compilation: '-u base_GHCziConcziSignal_runHandlers_closure'
/usr/lib/ghc/libHSrts.a(RtsStartup.o): In function `hs_exit_':
(.text+0x49): undefined reference to `base_GHCziTopHandler_flushStdHandles_closure'
/usr/lib/ghc/libHSrts.a(RtsStartup.o): In function `hs_init_ghc':
(.text+0x1eb): undefined reference to `base_GHCziTopHandler_runIO_closure'
/usr/lib/ghc/libHSrts.a(RtsStartup.o): In function `hs_init_ghc':
(.text+0x1f5): undefined reference to `base_GHCziTopHandler_runNonIO_closure'
/usr/lib/ghc/libHSrts.a(RtsStartup.o): In function `hs_init_ghc':
(.text+0x1ff): undefined reference to `base_GHCziTopHandler_flushStdHandles_closure'
/usr/lib/ghc/libHSrts.a(RtsStartup.o): In function `hs_init_ghc':
(.text+0x209): undefined reference to `base_GHCziWeak_runFinalizzerBatch_closure'
/usr/lib/ghc/libHSrts.a(RtsStartup.o): In function `hs_init_ghc':
(.text+0x213): undefined reference to `base_GHCziIOziException_stackOverflow_closure'
/usr/lib/ghc/libHSrts.a(RtsStartup.o): In function `hs_init_ghc':
(.text+0x21d): undefined reference to `base_GHCziIOziException_heapOverflow_closure'
/usr/lib/ghc/libHSrts.a(RtsStartup.o): In function `hs_init_ghc':
(.text+0x227): undefined reference to `base_GHCziPack_unpackCString_closure'
/usr/lib/ghc/libHSrts.a(RtsStartup.o): In function `hs_init_ghc':
(.text+0x231): undefined reference to `base_GHCziIOziException_blockedIndefinitelyOnMVar_closure'
/usr/lib/ghc/libHSrts.a(RtsStartup.o): In function `hs_init_ghc':
(.text+0x23b): undefined reference to `base_ControlziExceptionziBase_nonTermination_closure'
/usr/lib/ghc/libHSrts.a(RtsStartup.o): In function `hs_init_ghc':
(.text+0x245): undefined reference to `base_GHCziIOziException_blockedIndefinitelyOnSTM_closure'
/usr/lib/ghc/libHSrts.a(RtsStartup.o): In function `hs_init_ghc':
(.text+0x24f): undefined reference to `base_ControlziExceptionziBase_nestedAtomically_closure'
/usr/lib/ghc/libHSrts.a(RtsStartup.o): In function `hs_init_ghc':
(.text+0x259): undefined reference to `base_GHCziConcziSync_runSparks_closure'
/usr/lib/ghc/libHSrts.a(RtsStartup.o): In function `hs_init_ghc':
(.text+0x263): undefined reference to `base_GHCziConcziIO_ensureIOManagerIsRunning_closure'
/usr/lib/ghc/libHSrts.a(RtsStartup.o): In function `hs_init_ghc':
(.text+0x26d): undefined reference to `base_GHCziConcziSignal_runHandlers_closure'
/usr/lib/ghc/libHSrts.a(Schedule.o): In function `scheduleWaitThread':
(.text+0xdf4): undefined reference to `base_ControlziExceptionziBase_nonTermination_closure'
/usr/lib/ghc/libHSrts.a(Schedule.o): In function `resurrectThreads':
(.text+0x1569): undefined reference to `base_ControlziExceptionziBase_nonTermination_closure'
/usr/lib/ghc/libHSrts.a(Schedule.o): In function `resurrectThreads':
(.text+0x1581): undefined reference to `base_GHCziIOziException_blockedIndefinitelyOnSTM_closure'
/usr/lib/ghc/libHSrts.a(Schedule.o): In function `resurrectThreads':
(.text+0x15a1): undefined reference to `base_GHCziIOziException_blockedIndefinitelyOnMVar_closure'
/usr/lib/ghc/libHSrts.a(Threads.o): In function `threadStackOverflow':
(.text+0x691): undefined reference to `base_GHCziIOziException_stackOverflow_closure'
/usr/lib/ghc/libHSrts.a(Weak.o): In function `scheduleFinalizers':
(.text+0x1d2): undefined reference to `base_GHCziWeak_runFinalizzerBatch_closure'
/usr/lib/ghc/libHSrts.a(Signals.o): In function `startSignalHandlers':
(.text+0x75a): undefined reference to `base_GHCziConcziSignal_runHandlers_closure'
/usr/lib/ghc/libHSrts.a(PrimOps.o):(.text+0xf4e): undefined reference to `base_ControlziExceptionziBase_nestedAtomically_closure'
/usr/lib/ghc/libHSrts.a(RtsAPI.o): In function `rts_mkInt16':
(.text+0x72): undefined reference to `base_GHCziInt_I16zh_con_info'
/usr/lib/ghc/libHSrts.a(RtsAPI.o): In function `rts_mkWord':
(.text+0xd1): undefined reference to `ghczmprim_GHCziTypes_Wzh_con_info'
/usr/lib/ghc/libHSrts.a(RtsAPI.o): In function `rts_mkWord8':
(.text+0xf2): undefined reference to `base_GHCziWord_W8zh_con_info'
/usr/lib/ghc/libHSrts.a(RtsAPI.o): In function `rts_mkWord16':
(.text+0x111): undefined reference to `base_GHCziWord_W16zh_con_info'
/usr/lib/ghc/libHSrts.a(RtsAPI.o): In function `rts_mkStablePtr':
(.text+0x1d1): undefined reference to `base_GHCziStable_StablePtr_con_info'
/usr/lib/ghc/libHSrts.a(RtsAPI.o): In function `rts_mkFunPtr':
(.text+0x211): undefined reference to `base_GHCziPtr_FunPtr_con_info'
/usr/lib/ghc/libHSrts.a(RtsAPI.o): In function `rts_mkString':
(.text+0x27a): undefined reference to `base_GHCziPack_unpackCString_closure'
clang: error: linker command failed with exit code 1 (use -v to see invocation)
make: *** [debian/mighttpd2.setup] Error 1
dpkg-buildpackage: error: debian/rules build-arch gave error exit status 2
────────────────────────────────────────────────────────────────────────────────
Build finished at 20140106-0749

Finished
────────

E: Build failure (dpkg-buildpackage died)

┌──────────────────────────────────────────────────────────────────────────────┐
│ Cleanup                                                                      │
└──────────────────────────────────────────────────────────────────────────────┘

Purging /«BUILDDIR»
Not cleaning session: cloned chroot in use

┌──────────────────────────────────────────────────────────────────────────────┐
│ Summary                                                                      │
└──────────────────────────────────────────────────────────────────────────────┘

Build Architecture: amd64
Build-Space: 176
Build-Time: 4
Distribution: unstable
Fail-Stage: build
Host Architecture: amd64
Install-Time: 45
Job: mighttpd2_2.8.7-2
Machine Architecture: amd64
Package: mighttpd2
Package-Time: 100
Source-Version: 2.8.7-2
Space: 176
Status: attempted
Version: 2.8.7-2clang1
────────────────────────────────────────────────────────────────────────────────
Finished at 20140106-0749
Build needed 00:01:40, 176k disc space
DC-Status: Failed 100.928473879s
