DC-Build-Header: nvidia-texture-tools 2.0.8-1+dfsg-4 / 2014-01-06 07:42:24 +0000
DC-Task: source:nvidia-texture-tools version:2.0.8-1+dfsg-4 architecture:any chroot:unstable esttime:81 logfile:/tmp/nvidia-texture-tools_2.0.8-1+dfsg-4_unstable_clang.log modes:binary-only:parallel:clang
DC-Sbuild-call: su user -c 'sbuild -n --apt-update -d unstable -v  --chroot-setup-commands=/tmp/switch-to-clang --append-to-version "clang1" --maintainer "Lucas Nussbaum <lucas@debian.org>" --uploader "Lucas Nussbaum <lucas@debian.org>" nvidia-texture-tools_2.0.8-1+dfsg-4'
sbuild (Debian sbuild) 0.63.2 (18 Aug 2012) on ip-172-31-15-145.us-west-2.compute.internal

╔══════════════════════════════════════════════════════════════════════════════╗
║ nvidia-texture-tools 2.0.8-1+dfsg-4clang1 (amd64)          06 Jan 2014 07:42 ║
╚══════════════════════════════════════════════════════════════════════════════╝

Package: nvidia-texture-tools
Version: 2.0.8-1+dfsg-4clang1
Source Version: 2.0.8-1+dfsg-4
Distribution: unstable
Machine Architecture: amd64
Host Architecture: amd64
Build Architecture: amd64

I: NOTICE: Log filtering will replace 'build/nvidia-texture-tools-HmN2W6/nvidia-texture-tools-2.0.8-1+dfsg' with '«PKGBUILDDIR»'
I: NOTICE: Log filtering will replace 'build/nvidia-texture-tools-HmN2W6' with '«BUILDDIR»'
I: NOTICE: Log filtering will replace 'var/lib/schroot/mount/unstable-amd64-sbuild-d34ad62c-7d04-467d-a6d0-0ab7b622697e' with '«CHROOT»'

┌──────────────────────────────────────────────────────────────────────────────┐
│ Update chroot                                                                │
└──────────────────────────────────────────────────────────────────────────────┘

Get:1 http://localhost:9999 unstable InRelease [206 kB]
Get:2 http://localhost:9999 unstable/main Sources/DiffIndex [7876 B]
Get:3 http://localhost:9999 unstable/main amd64 Packages/DiffIndex [7876 B]
Get:4 http://localhost:9999 unstable/main Translation-en/DiffIndex [7876 B]
Get:5 http://localhost:9999 unstable/main 2014-01-04-1439.27.pdiff [11.3 kB]
Get:6 http://localhost:9999 unstable/main 2014-01-04-1439.27.pdiff [11.3 kB]
Get:7 http://localhost:9999 unstable/main amd64 2014-01-04-1439.27.pdiff [11.8 kB]
Get:8 http://localhost:9999 unstable/main 2014-01-04-1439.27.pdiff [1898 B]
Get:9 http://localhost:9999 unstable/main amd64 2014-01-04-1439.27.pdiff [11.8 kB]
Get:10 http://localhost:9999 unstable/main 2014-01-04-2039.41.pdiff [12.3 kB]
Get:11 http://localhost:9999 unstable/main 2014-01-04-1439.27.pdiff [1898 B]
Get:12 http://localhost:9999 unstable/main amd64 2014-01-04-2039.41.pdiff [24.3 kB]
Get:13 http://localhost:9999 unstable/main 2014-01-04-2039.41.pdiff [12.3 kB]
Get:14 http://localhost:9999 unstable/main 2014-01-04-2039.41.pdiff [2358 B]
Get:15 http://localhost:9999 unstable/main amd64 2014-01-04-2039.41.pdiff [24.3 kB]
Get:16 http://localhost:9999 unstable/main 2014-01-05-0239.35.pdiff [9640 B]
Get:17 http://localhost:9999 unstable/main 2014-01-04-2039.41.pdiff [2358 B]
Get:18 http://localhost:9999 unstable/main amd64 2014-01-05-0239.35.pdiff [18.3 kB]
Get:19 http://localhost:9999 unstable/main 2014-01-05-0239.35.pdiff [9640 B]
Get:20 http://localhost:9999 unstable/main 2014-01-05-0239.35.pdiff [504 B]
Get:21 http://localhost:9999 unstable/main amd64 2014-01-05-0239.35.pdiff [18.3 kB]
Get:22 http://localhost:9999 unstable/main 2014-01-05-0840.32.pdiff [4885 B]
Get:23 http://localhost:9999 unstable/main 2014-01-05-0239.35.pdiff [504 B]
Get:24 http://localhost:9999 unstable/main amd64 2014-01-05-0840.32.pdiff [3950 B]
Get:25 http://localhost:9999 unstable/main 2014-01-05-0840.32.pdiff [4885 B]
Get:26 http://localhost:9999 unstable/main 2014-01-05-0840.32.pdiff [214 B]
Get:27 http://localhost:9999 unstable/main amd64 2014-01-05-0840.32.pdiff [3950 B]
Get:28 http://localhost:9999 unstable/main 2014-01-05-1438.24.pdiff [7183 B]
Get:29 http://localhost:9999 unstable/main 2014-01-05-0840.32.pdiff [214 B]
Get:30 http://localhost:9999 unstable/main amd64 2014-01-05-1438.24.pdiff [3882 B]
Get:31 http://localhost:9999 unstable/main 2014-01-05-1438.24.pdiff [7183 B]
Get:32 http://localhost:9999 unstable/main 2014-01-05-1438.24.pdiff [1111 B]
Get:33 http://localhost:9999 unstable/main amd64 2014-01-05-1438.24.pdiff [3882 B]
Get:34 http://localhost:9999 unstable/main 2014-01-05-2041.02.pdiff [20.2 kB]
Get:35 http://localhost:9999 unstable/main 2014-01-05-1438.24.pdiff [1111 B]
Get:36 http://localhost:9999 unstable/main amd64 2014-01-05-2041.02.pdiff [17.0 kB]
Get:37 http://localhost:9999 unstable/main 2014-01-05-2041.02.pdiff [20.2 kB]
Get:38 http://localhost:9999 unstable/main 2014-01-05-2041.02.pdiff [2166 B]
Get:39 http://localhost:9999 unstable/main amd64 2014-01-05-2041.02.pdiff [17.0 kB]
Get:40 http://localhost:9999 unstable/main 2014-01-06-0239.34.pdiff [7972 B]
Get:41 http://localhost:9999 unstable/main 2014-01-05-2041.02.pdiff [2166 B]
Get:42 http://localhost:9999 unstable/main amd64 2014-01-06-0239.34.pdiff [21.1 kB]
Get:43 http://localhost:9999 unstable/main 2014-01-06-0239.34.pdiff [7972 B]
Get:44 http://localhost:9999 unstable/main 2014-01-06-0239.34.pdiff [238 B]
Get:45 http://localhost:9999 unstable/main amd64 2014-01-06-0239.34.pdiff [21.1 kB]
Get:46 http://localhost:9999 unstable/main 2014-01-06-0239.34.pdiff [238 B]
Fetched 412 kB in 28s (14.5 kB/s)
Reading package lists...
Reading package lists...
Building dependency tree...
Reading state information...
The following packages will be upgraded:
  libterm-ui-perl
1 upgraded, 0 newly installed, 0 to remove and 0 not upgraded.
Need to get 19.1 kB of archives.
After this operation, 1024 B of additional disk space will be used.
Get:1 http://localhost:9999/debian/ unstable/main libterm-ui-perl all 0.42-1 [19.1 kB]
debconf: delaying package configuration, since apt-utils is not installed
Fetched 19.1 kB in 0s (1171 kB/s)
(Reading database ... 13944 files and directories currently installed.)
Preparing to unpack .../libterm-ui-perl_0.42-1_all.deb ...
Unpacking libterm-ui-perl (0.42-1) over (0.38-1) ...
Setting up libterm-ui-perl (0.42-1) ...

┌──────────────────────────────────────────────────────────────────────────────┐
│ Fetch source files                                                           │
└──────────────────────────────────────────────────────────────────────────────┘


Check APT
─────────

Checking available source versions...

Download source files with APT
──────────────────────────────

Reading package lists...
Building dependency tree...
Reading state information...
NOTICE: 'nvidia-texture-tools' packaging is maintained in the 'Git' version control system at:
git://anonscm.debian.org/collab-maint/nvidia-texture-tools.git
Need to get 266 kB of source archives.
Get:1 http://localhost:9999/debian/ unstable/main nvidia-texture-tools 2.0.8-1+dfsg-4 (dsc) [2297 B]
Get:2 http://localhost:9999/debian/ unstable/main nvidia-texture-tools 2.0.8-1+dfsg-4 (tar) [247 kB]
Get:3 http://localhost:9999/debian/ unstable/main nvidia-texture-tools 2.0.8-1+dfsg-4 (diff) [16.6 kB]
Fetched 266 kB in 1s (201 kB/s)
Download complete and in download only mode

Check arch
──────────


┌──────────────────────────────────────────────────────────────────────────────┐
│ Chroot Setup Commands                                                        │
└──────────────────────────────────────────────────────────────────────────────┘


/tmp/switch-to-clang
────────────────────

+ echo 'Entering customization script...'
Entering customization script...
+ echo 'Install of clang-3.4'
Install of clang-3.4
+ apt-get update
Hit http://localhost:9999 unstable InRelease
Hit http://localhost:9999 unstable/main Sources/DiffIndex
Hit http://localhost:9999 unstable/main amd64 Packages/DiffIndex
Hit http://localhost:9999 unstable/main Translation-en/DiffIndex
Reading package lists...
+ apt-get install --yes --no-install-recommends --force-yes clang-3.4
Reading package lists...
Building dependency tree...
Reading state information...
The following extra packages will be installed:
  libclang-common-3.4-dev libclang1-3.4 libffi6 libllvm3.4 libobjc-4.8-dev
  libobjc4
Recommended packages:
  llvm-3.4-dev python
The following NEW packages will be installed:
  clang-3.4 libclang-common-3.4-dev libclang1-3.4 libffi6 libllvm3.4
  libobjc-4.8-dev libobjc4
0 upgraded, 7 newly installed, 0 to remove and 0 not upgraded.
Need to get 19.9 MB of archives.
After this operation, 82.1 MB of additional disk space will be used.
Get:1 http://localhost:9999/debian/ unstable/main libffi6 amd64 3.0.13-10 [19.3 kB]
Get:2 http://localhost:9999/debian/ unstable/main libllvm3.4 amd64 1:3.4-1 [6528 kB]
Get:3 http://localhost:9999/debian/ unstable/main libobjc4 amd64 4.8.2-11 [110 kB]
Get:4 http://localhost:9999/debian/ unstable/main libobjc-4.8-dev amd64 4.8.2-11 [370 kB]
Get:5 http://localhost:9999/debian/ unstable/main libclang1-3.4 amd64 1:3.4-1 [3526 kB]
Get:6 http://localhost:9999/debian/ unstable/main libclang-common-3.4-dev amd64 1:3.4-1 [516 kB]
Get:7 http://localhost:9999/debian/ unstable/main clang-3.4 amd64 1:3.4-1 [8878 kB]
debconf: delaying package configuration, since apt-utils is not installed
Fetched 19.9 MB in 0s (25.5 MB/s)
Selecting previously unselected package libffi6:amd64.
(Reading database ... 13944 files and directories currently installed.)
Preparing to unpack .../libffi6_3.0.13-10_amd64.deb ...
Unpacking libffi6:amd64 (3.0.13-10) ...
Selecting previously unselected package libllvm3.4:amd64.
Preparing to unpack .../libllvm3.4_1%3a3.4-1_amd64.deb ...
Unpacking libllvm3.4:amd64 (1:3.4-1) ...
Selecting previously unselected package libobjc4:amd64.
Preparing to unpack .../libobjc4_4.8.2-11_amd64.deb ...
Unpacking libobjc4:amd64 (4.8.2-11) ...
Selecting previously unselected package libobjc-4.8-dev:amd64.
Preparing to unpack .../libobjc-4.8-dev_4.8.2-11_amd64.deb ...
Unpacking libobjc-4.8-dev:amd64 (4.8.2-11) ...
Selecting previously unselected package libclang1-3.4:amd64.
Preparing to unpack .../libclang1-3.4_1%3a3.4-1_amd64.deb ...
Unpacking libclang1-3.4:amd64 (1:3.4-1) ...
Selecting previously unselected package libclang-common-3.4-dev.
Preparing to unpack .../libclang-common-3.4-dev_1%3a3.4-1_amd64.deb ...
Unpacking libclang-common-3.4-dev (1:3.4-1) ...
Selecting previously unselected package clang-3.4.
Preparing to unpack .../clang-3.4_1%3a3.4-1_amd64.deb ...
Unpacking clang-3.4 (1:3.4-1) ...
Setting up libffi6:amd64 (3.0.13-10) ...
Setting up libllvm3.4:amd64 (1:3.4-1) ...
Setting up libobjc4:amd64 (4.8.2-11) ...
Setting up libobjc-4.8-dev:amd64 (4.8.2-11) ...
Setting up libclang1-3.4:amd64 (1:3.4-1) ...
Setting up libclang-common-3.4-dev (1:3.4-1) ...
Setting up clang-3.4 (1:3.4-1) ...
Processing triggers for libc-bin (2.17-97) ...
+ echo 'Replace gcc, g++ & cpp by clang'
Replace gcc, g++ & cpp by clang
+ VERSIONS='4.6 4.7 4.8'
+ cd /usr/bin
+ for VERSION in '$VERSIONS'
+ rm -f g++-4.6 gcc-4.6 cpp-4.6
+ ln -s clang++ g++-4.6
+ ln -s clang gcc-4.6
+ ln -s clang cpp-4.6
+ for VERSION in '$VERSIONS'
+ rm -f g++-4.7 gcc-4.7 cpp-4.7
+ ln -s clang++ g++-4.7
+ ln -s clang gcc-4.7
+ ln -s clang cpp-4.7
+ for VERSION in '$VERSIONS'
+ rm -f g++-4.8 gcc-4.8 cpp-4.8
+ ln -s clang++ g++-4.8
+ ln -s clang gcc-4.8
+ ln -s clang cpp-4.8
+ cd -
/«BUILDDIR»
+ echo 'Block the installation of new gcc version'
Block the installation of new gcc version
+ dpkg --set-selections
+ echo 'gcc-4.6 hold'
+ dpkg --set-selections
+ echo 'cpp-4.6 hold'
+ dpkg --set-selections
+ echo 'g++-4.6 hold'
+ dpkg --set-selections
+ echo 'gcc-4.7 hold'
+ dpkg --set-selections
+ echo 'cpp-4.7 hold'
+ dpkg --set-selections
+ echo 'g++-4.7 hold'
+ dpkg --set-selections
+ echo 'gcc-4.8 hold'
+ dpkg --set-selections
+ echo 'cpp-4.8 hold'
+ dpkg --set-selections
+ echo 'g++-4.8 hold'
+ echo 'Check if gcc, g++ & cpp are actually clang'
Check if gcc, g++ & cpp are actually clang
+ grep clang
+ gcc --version
+ grep clang
+ cpp --version
+ grep clang
+ g++ --version

I: Finished running '/tmp/switch-to-clang'.

Finished processing commands.
────────────────────────────────────────────────────────────────────────────────
Merged Build-Depends: build-essential, fakeroot
Filtered Build-Depends: build-essential, fakeroot
dpkg-deb: building package `sbuild-build-depends-core-dummy' in `/«BUILDDIR»/resolver-J0E9wy/apt_archive/sbuild-build-depends-core-dummy.deb'.
OK
Reading package lists...

┌──────────────────────────────────────────────────────────────────────────────┐
│ Install core build dependencies (apt-based resolver)                         │
└──────────────────────────────────────────────────────────────────────────────┘

Installing build dependencies
Reading package lists...
Building dependency tree...
Reading state information...
The following NEW packages will be installed:
  sbuild-build-depends-core-dummy
debconf: delaying package configuration, since apt-utils is not installed
0 upgraded, 1 newly installed, 0 to remove and 0 not upgraded.
Need to get 0 B/766 B of archives.
After this operation, 0 B of additional disk space will be used.
Selecting previously unselected package sbuild-build-depends-core-dummy.
(Reading database ... 14105 files and directories currently installed.)
Preparing to unpack .../sbuild-build-depends-core-dummy.deb ...
Unpacking sbuild-build-depends-core-dummy (0.invalid.0) ...
Setting up sbuild-build-depends-core-dummy (0.invalid.0) ...
Merged Build-Depends: base-files, base-passwd, bash, bsdutils, coreutils, dash, debianutils, diffutils, dpkg, e2fsprogs, findutils, grep, gzip, hostname, libc-bin, login, mount, ncurses-base, ncurses-bin, perl-base, sed, sysvinit, sysvinit-utils, tar, util-linux, libc6-dev | libc-dev, gcc (>= 4:4.4.3), g++ (>= 4:4.4.3), make, dpkg-dev (>= 1.13.5), cmake, debhelper (>= 8.1.3), dpkg-dev (>= 1.16.1~), freeglut3-dev, libglew-dev, libilmbase-dev, libjpeg8-dev, libopenexr-dev, libpng-dev, libtiff-dev, zlib1g-dev
Filtered Build-Depends: base-files, base-passwd, bash, bsdutils, coreutils, dash, debianutils, diffutils, dpkg, e2fsprogs, findutils, grep, gzip, hostname, libc-bin, login, mount, ncurses-base, ncurses-bin, perl-base, sed, sysvinit, sysvinit-utils, tar, util-linux, libc6-dev, gcc (>= 4:4.4.3), g++ (>= 4:4.4.3), make, dpkg-dev (>= 1.13.5), cmake, debhelper (>= 8.1.3), dpkg-dev (>= 1.16.1~), freeglut3-dev, libglew-dev, libilmbase-dev, libjpeg8-dev, libopenexr-dev, libpng-dev, libtiff-dev, zlib1g-dev
dpkg-deb: building package `sbuild-build-depends-nvidia-texture-tools-dummy' in `/«BUILDDIR»/resolver-Lay9Yn/apt_archive/sbuild-build-depends-nvidia-texture-tools-dummy.deb'.
OK
Reading package lists...

┌──────────────────────────────────────────────────────────────────────────────┐
│ Install nvidia-texture-tools build dependencies (apt-based resolver)         │
└──────────────────────────────────────────────────────────────────────────────┘

Installing build dependencies
Reading package lists...
Building dependency tree...
Reading state information...
The following extra packages will be installed:
  bsdmainutils cmake cmake-data debhelper file freeglut3 freeglut3-dev gettext
  gettext-base groff-base intltool-debian libarchive13 libasprintf0c2
  libcroco3 libcurl3 libdrm-dev libdrm-intel1 libdrm-nouveau2 libdrm-radeon1
  libdrm2 libexpat1 libgcrypt11 libgl1-mesa-dev libgl1-mesa-glx libglapi-mesa
  libglew-dev libglew1.10 libglib2.0-0 libglu1-mesa libglu1-mesa-dev
  libgnutls26 libgpg-error0 libgssapi-krb5-2 libice-dev libice6 libidn11
  libilmbase-dev libilmbase6 libjbig-dev libjbig0 libjpeg8 libjpeg8-dev
  libk5crypto3 libkeyutils1 libkrb5-3 libkrb5support0 libldap-2.4-2
  liblzma-dev liblzo2-2 libmagic1 libncursesw5 libnettle4 libopenexr-dev
  libopenexr6 libp11-kit0 libpciaccess0 libpipeline1 libpng12-0 libpng12-dev
  libprocps3 libpthread-stubs0-dev librtmp0 libsasl2-2 libsasl2-modules-db
  libsm-dev libsm6 libssh2-1 libssl1.0.0 libtasn1-3 libtiff5 libtiff5-dev
  libtiffxx5 libunistring0 libx11-6 libx11-data libx11-dev libx11-xcb-dev
  libx11-xcb1 libxau-dev libxau6 libxcb-dri2-0 libxcb-dri2-0-dev libxcb-glx0
  libxcb-glx0-dev libxcb1 libxcb1-dev libxdamage-dev libxdamage1 libxdmcp-dev
  libxdmcp6 libxext-dev libxext6 libxfixes-dev libxfixes3 libxi6 libxml2
  libxmu6 libxt-dev libxt6 libxxf86vm-dev libxxf86vm1 man-db mesa-common-dev
  po-debconf procps x11-common x11proto-core-dev x11proto-damage-dev
  x11proto-dri2-dev x11proto-fixes-dev x11proto-gl-dev x11proto-input-dev
  x11proto-kb-dev x11proto-xext-dev x11proto-xf86vidmode-dev
  xorg-sgml-doctools xtrans-dev zlib1g-dev
Suggested packages:
  wamerican wordlist whois vacation codeblocks eclipse dh-make gettext-doc
  groff lrzip rng-tools glew-utils krb5-doc krb5-user libice-doc liblzma-doc
  pciutils libsm-doc libxcb-doc libxext-doc libxt-doc less www-browser
  libmail-box-perl
Recommended packages:
  curl wget lynx-cur autopoint libasprintf-dev libgettextpo-dev
  ca-certificates libgl1-mesa-dri libglib2.0-data shared-mime-info
  krb5-locales libsasl2-modules libx11-doc xml-core libmail-sendmail-perl
  psmisc
The following NEW packages will be installed:
  bsdmainutils cmake cmake-data debhelper file freeglut3 freeglut3-dev gettext
  gettext-base groff-base intltool-debian libarchive13 libasprintf0c2
  libcroco3 libcurl3 libdrm-dev libdrm-intel1 libdrm-nouveau2 libdrm-radeon1
  libdrm2 libexpat1 libgcrypt11 libgl1-mesa-dev libgl1-mesa-glx libglapi-mesa
  libglew-dev libglew1.10 libglib2.0-0 libglu1-mesa libglu1-mesa-dev
  libgnutls26 libgpg-error0 libgssapi-krb5-2 libice-dev libice6 libidn11
  libilmbase-dev libilmbase6 libjbig-dev libjbig0 libjpeg8 libjpeg8-dev
  libk5crypto3 libkeyutils1 libkrb5-3 libkrb5support0 libldap-2.4-2
  liblzma-dev liblzo2-2 libmagic1 libncursesw5 libnettle4 libopenexr-dev
  libopenexr6 libp11-kit0 libpciaccess0 libpipeline1 libpng12-0 libpng12-dev
  libprocps3 libpthread-stubs0-dev librtmp0 libsasl2-2 libsasl2-modules-db
  libsm-dev libsm6 libssh2-1 libssl1.0.0 libtasn1-3 libtiff5 libtiff5-dev
  libtiffxx5 libunistring0 libx11-6 libx11-data libx11-dev libx11-xcb-dev
  libx11-xcb1 libxau-dev libxau6 libxcb-dri2-0 libxcb-dri2-0-dev libxcb-glx0
  libxcb-glx0-dev libxcb1 libxcb1-dev libxdamage-dev libxdamage1 libxdmcp-dev
  libxdmcp6 libxext-dev libxext6 libxfixes-dev libxfixes3 libxi6 libxml2
  libxmu6 libxt-dev libxt6 libxxf86vm-dev libxxf86vm1 man-db mesa-common-dev
  po-debconf procps sbuild-build-depends-nvidia-texture-tools-dummy x11-common
  x11proto-core-dev x11proto-damage-dev x11proto-dri2-dev x11proto-fixes-dev
  x11proto-gl-dev x11proto-input-dev x11proto-kb-dev x11proto-xext-dev
  x11proto-xf86vidmode-dev xorg-sgml-doctools xtrans-dev zlib1g-dev
0 upgraded, 119 newly installed, 0 to remove and 0 not upgraded.
Need to get 29.1 MB/29.1 MB of archives.
After this operation, 91.4 MB of additional disk space will be used.
Get:1 http://localhost:9999/debian/ unstable/main libncursesw5 amd64 5.9+20130608-1 [141 kB]
Get:2 http://localhost:9999/debian/ unstable/main libpipeline1 amd64 1.2.6-1 [24.8 kB]
Get:3 http://localhost:9999/debian/ unstable/main libprocps3 amd64 1:3.3.9-1 [55.4 kB]
Get:4 http://localhost:9999/debian/ unstable/main libssl1.0.0 amd64 1.0.1e-6 [1003 kB]
Get:5 http://localhost:9999/debian/ unstable/main groff-base amd64 1.22.2-3 [747 kB]
Get:6 http://localhost:9999/debian/ unstable/main bsdmainutils amd64 9.0.5 [211 kB]
Get:7 http://localhost:9999/debian/ unstable/main man-db amd64 2.6.5-3 [975 kB]
Get:8 http://localhost:9999/debian/ unstable/main libasprintf0c2 amd64 0.18.3.1-2 [29.1 kB]
Get:9 http://localhost:9999/debian/ unstable/main libgpg-error0 amd64 1.12-0.2 [56.5 kB]
Get:10 http://localhost:9999/debian/ unstable/main libgcrypt11 amd64 1.5.3-3 [249 kB]
Get:11 http://localhost:9999/debian/ unstable/main libp11-kit0 amd64 0.20.1-3 [148 kB]
Get:12 http://localhost:9999/debian/ unstable/main libtasn1-3 amd64 2.14-3 [68.5 kB]
Get:13 http://localhost:9999/debian/ unstable/main libgnutls26 amd64 2.12.23-8 [529 kB]
Get:14 http://localhost:9999/debian/ unstable/main libkeyutils1 amd64 1.5.6-1 [8758 B]
Get:15 http://localhost:9999/debian/ unstable/main libkrb5support0 amd64 1.11.3+dfsg-3+nmu1 [54.7 kB]
Get:16 http://localhost:9999/debian/ unstable/main libk5crypto3 amd64 1.11.3+dfsg-3+nmu1 [112 kB]
Get:17 http://localhost:9999/debian/ unstable/main libkrb5-3 amd64 1.11.3+dfsg-3+nmu1 [292 kB]
Get:18 http://localhost:9999/debian/ unstable/main libgssapi-krb5-2 amd64 1.11.3+dfsg-3+nmu1 [141 kB]
Get:19 http://localhost:9999/debian/ unstable/main libidn11 amd64 1.28-1 [183 kB]
Get:20 http://localhost:9999/debian/ unstable/main libsasl2-modules-db amd64 2.1.25.dfsg1-17 [64.3 kB]
Get:21 http://localhost:9999/debian/ unstable/main libsasl2-2 amd64 2.1.25.dfsg1-17 [101 kB]
Get:22 http://localhost:9999/debian/ unstable/main libldap-2.4-2 amd64 2.4.31-1+nmu2+b1 [208 kB]
Get:23 http://localhost:9999/debian/ unstable/main libmagic1 amd64 1:5.14-2 [216 kB]
Get:24 http://localhost:9999/debian/ unstable/main libxml2 amd64 2.9.1+dfsg1-3 [791 kB]
Get:25 http://localhost:9999/debian/ unstable/main libdrm2 amd64 2.4.50-1 [475 kB]
Get:26 http://localhost:9999/debian/ unstable/main libglapi-mesa amd64 9.2.2-1 [49.5 kB]
Get:27 http://localhost:9999/debian/ unstable/main libxau6 amd64 1:1.0.8-1 [20.7 kB]
Get:28 http://localhost:9999/debian/ unstable/main libxdmcp6 amd64 1:1.1.1-1 [26.3 kB]
Get:29 http://localhost:9999/debian/ unstable/main libxcb1 amd64 1.10-2 [41.8 kB]
Get:30 http://localhost:9999/debian/ unstable/main libx11-data all 2:1.6.2-1 [125 kB]
Get:31 http://localhost:9999/debian/ unstable/main libx11-6 amd64 2:1.6.2-1 [716 kB]
Get:32 http://localhost:9999/debian/ unstable/main libx11-xcb1 amd64 2:1.6.2-1 [162 kB]
Get:33 http://localhost:9999/debian/ unstable/main libxcb-dri2-0 amd64 1.10-2 [12.1 kB]
Get:34 http://localhost:9999/debian/ unstable/main libxcb-glx0 amd64 1.10-2 [25.3 kB]
Get:35 http://localhost:9999/debian/ unstable/main libxfixes3 amd64 1:5.0.1-1 [22.5 kB]
Get:36 http://localhost:9999/debian/ unstable/main libxdamage1 amd64 1:1.1.4-1 [15.1 kB]
Get:37 http://localhost:9999/debian/ unstable/main libxext6 amd64 2:1.3.2-1 [56.5 kB]
Get:38 http://localhost:9999/debian/ unstable/main libxxf86vm1 amd64 1:1.1.3-1 [19.1 kB]
Get:39 http://localhost:9999/debian/ unstable/main libgl1-mesa-glx amd64 9.2.2-1 [134 kB]
Get:40 http://localhost:9999/debian/ unstable/main libxi6 amd64 2:1.7.2-1 [77.0 kB]
Get:41 http://localhost:9999/debian/ unstable/main freeglut3 amd64 2.8.1-1 [146 kB]
Get:42 http://localhost:9999/debian/ unstable/main liblzo2-2 amd64 2.06-1.2 [51.2 kB]
Get:43 http://localhost:9999/debian/ unstable/main libnettle4 amd64 2.7.1-1 [189 kB]
Get:44 http://localhost:9999/debian/ unstable/main libarchive13 amd64 3.1.2-7 [319 kB]
Get:45 http://localhost:9999/debian/ unstable/main libglib2.0-0 amd64 2.36.4-1 [2055 kB]
Get:46 http://localhost:9999/debian/ unstable/main libcroco3 amd64 0.6.8-2 [133 kB]
Get:47 http://localhost:9999/debian/ unstable/main librtmp0 amd64 2.4+20121230.gitdf6c518-1 [62.3 kB]
Get:48 http://localhost:9999/debian/ unstable/main libssh2-1 amd64 1.4.3-2 [124 kB]
Get:49 http://localhost:9999/debian/ unstable/main libcurl3 amd64 7.34.0-1 [259 kB]
Get:50 http://localhost:9999/debian/ unstable/main libpciaccess0 amd64 0.13.2-1 [46.5 kB]
Get:51 http://localhost:9999/debian/ unstable/main libdrm-intel1 amd64 2.4.50-1 [508 kB]
Get:52 http://localhost:9999/debian/ unstable/main libdrm-nouveau2 amd64 2.4.50-1 [466 kB]
Get:53 http://localhost:9999/debian/ unstable/main libdrm-radeon1 amd64 2.4.50-1 [477 kB]
Get:54 http://localhost:9999/debian/ unstable/main libexpat1 amd64 2.1.0-4 [138 kB]
Get:55 http://localhost:9999/debian/ unstable/main x11-common all 1:7.7+5 [282 kB]
Get:56 http://localhost:9999/debian/ unstable/main libice6 amd64 2:1.0.8-2 [63.1 kB]
Get:57 http://localhost:9999/debian/ unstable/main libsm6 amd64 2:1.2.1-2 [34.2 kB]
Get:58 http://localhost:9999/debian/ unstable/main libxt6 amd64 1:1.1.4-1 [180 kB]
Get:59 http://localhost:9999/debian/ unstable/main libxmu6 amd64 2:1.1.1-1 [66.6 kB]
Get:60 http://localhost:9999/debian/ unstable/main libglew1.10 amd64 1.10.0-3 [139 kB]
Get:61 http://localhost:9999/debian/ unstable/main libglu1-mesa amd64 9.0.0-2 [163 kB]
Get:62 http://localhost:9999/debian/ unstable/main libilmbase6 amd64 1.0.1-6 [124 kB]
Get:63 http://localhost:9999/debian/ unstable/main libjpeg8 amd64 8d-2 [120 kB]
Get:64 http://localhost:9999/debian/ unstable/main libopenexr6 amd64 1.6.1-7 [249 kB]
Get:65 http://localhost:9999/debian/ unstable/main libpng12-0 amd64 1.2.49-5 [189 kB]
Get:66 http://localhost:9999/debian/ unstable/main libjbig0 amd64 2.0-2 [32.2 kB]
Get:67 http://localhost:9999/debian/ unstable/main libtiff5 amd64 4.0.3-7 [208 kB]
Get:68 http://localhost:9999/debian/ unstable/main libtiffxx5 amd64 4.0.3-7 [73.6 kB]
Get:69 http://localhost:9999/debian/ unstable/main libunistring0 amd64 0.9.3-5 [434 kB]
Get:70 http://localhost:9999/debian/ unstable/main libjbig-dev amd64 2.0-2 [11.3 kB]
Get:71 http://localhost:9999/debian/ unstable/main procps amd64 1:3.3.9-1 [233 kB]
Get:72 http://localhost:9999/debian/ unstable/main file amd64 1:5.14-2 [54.0 kB]
Get:73 http://localhost:9999/debian/ unstable/main gettext-base amd64 0.18.3.1-2 [116 kB]
Get:74 http://localhost:9999/debian/ unstable/main cmake-data all 2.8.12.1-1.1 [1283 kB]
Get:75 http://localhost:9999/debian/ unstable/main cmake amd64 2.8.12.1-1.1 [2616 kB]
Get:76 http://localhost:9999/debian/ unstable/main gettext amd64 0.18.3.1-2 [1202 kB]
Get:77 http://localhost:9999/debian/ unstable/main intltool-debian all 0.35.0+20060710.1 [30.8 kB]
Get:78 http://localhost:9999/debian/ unstable/main po-debconf all 1.0.16+nmu2 [224 kB]
Get:79 http://localhost:9999/debian/ unstable/main debhelper all 9.20131227 [687 kB]
Get:80 http://localhost:9999/debian/ unstable/main xorg-sgml-doctools all 1:1.11-1 [21.9 kB]
Get:81 http://localhost:9999/debian/ unstable/main x11proto-core-dev all 7.0.24-1 [779 kB]
Get:82 http://localhost:9999/debian/ unstable/main libxau-dev amd64 1:1.0.8-1 [23.6 kB]
Get:83 http://localhost:9999/debian/ unstable/main libxdmcp-dev amd64 1:1.1.1-1 [42.3 kB]
Get:84 http://localhost:9999/debian/ unstable/main x11proto-input-dev all 2.3-1 [177 kB]
Get:85 http://localhost:9999/debian/ unstable/main x11proto-kb-dev all 1.0.6-2 [269 kB]
Get:86 http://localhost:9999/debian/ unstable/main xtrans-dev all 1.3.2-1 [96.3 kB]
Get:87 http://localhost:9999/debian/ unstable/main libpthread-stubs0-dev amd64 0.3-4 [3866 B]
Get:88 http://localhost:9999/debian/ unstable/main libxcb1-dev amd64 1.10-2 [82.0 kB]
Get:89 http://localhost:9999/debian/ unstable/main libx11-dev amd64 2:1.6.2-1 [785 kB]
Get:90 http://localhost:9999/debian/ unstable/main libdrm-dev amd64 2.4.50-1 [620 kB]
Get:91 http://localhost:9999/debian/ unstable/main mesa-common-dev amd64 9.2.2-1 [276 kB]
Get:92 http://localhost:9999/debian/ unstable/main libx11-xcb-dev amd64 2:1.6.2-1 [164 kB]
Get:93 http://localhost:9999/debian/ unstable/main libxcb-dri2-0-dev amd64 1.10-2 [14.4 kB]
Get:94 http://localhost:9999/debian/ unstable/main libxcb-glx0-dev amd64 1.10-2 [36.5 kB]
Get:95 http://localhost:9999/debian/ unstable/main x11proto-xext-dev all 7.2.1-1 [273 kB]
Get:96 http://localhost:9999/debian/ unstable/main x11proto-fixes-dev all 1:5.0-2 [19.2 kB]
Get:97 http://localhost:9999/debian/ unstable/main libxfixes-dev amd64 1:5.0.1-1 [24.3 kB]
Get:98 http://localhost:9999/debian/ unstable/main x11proto-damage-dev all 1:1.2.1-2 [11.8 kB]
Get:99 http://localhost:9999/debian/ unstable/main libxdamage-dev amd64 1:1.1.4-1 [14.8 kB]
Get:100 http://localhost:9999/debian/ unstable/main libxext-dev amd64 2:1.3.2-1 [116 kB]
Get:101 http://localhost:9999/debian/ unstable/main x11proto-xf86vidmode-dev all 2.3.1-2 [6114 B]
Get:102 http://localhost:9999/debian/ unstable/main libxxf86vm-dev amd64 1:1.1.3-1 [23.5 kB]
Get:103 http://localhost:9999/debian/ unstable/main x11proto-dri2-dev all 2.8-2 [18.2 kB]
Get:104 http://localhost:9999/debian/ unstable/main x11proto-gl-dev all 1.4.17-1 [28.0 kB]
Get:105 http://localhost:9999/debian/ unstable/main libgl1-mesa-dev amd64 9.2.2-1 [35.1 kB]
Get:106 http://localhost:9999/debian/ unstable/main libglu1-mesa-dev amd64 9.0.0-2 [198 kB]
Get:107 http://localhost:9999/debian/ unstable/main libice-dev amd64 2:1.0.8-2 [74.1 kB]
Get:108 http://localhost:9999/debian/ unstable/main libsm-dev amd64 2:1.2.1-2 [37.0 kB]
Get:109 http://localhost:9999/debian/ unstable/main libxt-dev amd64 1:1.1.4-1 [414 kB]
Get:110 http://localhost:9999/debian/ unstable/main freeglut3-dev amd64 2.8.1-1 [226 kB]
Get:111 http://localhost:9999/debian/ unstable/main libglew-dev amd64 1.10.0-3 [114 kB]
Get:112 http://localhost:9999/debian/ unstable/main libilmbase-dev amd64 1.0.1-6 [200 kB]
Get:113 http://localhost:9999/debian/ unstable/main libjpeg8-dev amd64 8d-2 [217 kB]
Get:114 http://localhost:9999/debian/ unstable/main liblzma-dev amd64 5.1.1alpha+20120614-2 [277 kB]
Get:115 http://localhost:9999/debian/ unstable/main libopenexr-dev amd64 1.6.1-7 [392 kB]
Get:116 http://localhost:9999/debian/ unstable/main zlib1g-dev amd64 1:1.2.8.dfsg-1 [217 kB]
Get:117 http://localhost:9999/debian/ unstable/main libpng12-dev amd64 1.2.49-5 [267 kB]
Get:118 http://localhost:9999/debian/ unstable/main libtiff5-dev amd64 4.0.3-7 [330 kB]
debconf: delaying package configuration, since apt-utils is not installed
Fetched 29.1 MB in 2s (14.4 MB/s)
Selecting previously unselected package libncursesw5:amd64.
(Reading database ... 14105 files and directories currently installed.)
Preparing to unpack .../libncursesw5_5.9+20130608-1_amd64.deb ...
Unpacking libncursesw5:amd64 (5.9+20130608-1) ...
Selecting previously unselected package libpipeline1:amd64.
Preparing to unpack .../libpipeline1_1.2.6-1_amd64.deb ...
Unpacking libpipeline1:amd64 (1.2.6-1) ...
Selecting previously unselected package libprocps3:amd64.
Preparing to unpack .../libprocps3_1%3a3.3.9-1_amd64.deb ...
Unpacking libprocps3:amd64 (1:3.3.9-1) ...
Selecting previously unselected package libssl1.0.0:amd64.
Preparing to unpack .../libssl1.0.0_1.0.1e-6_amd64.deb ...
Unpacking libssl1.0.0:amd64 (1.0.1e-6) ...
Selecting previously unselected package groff-base.
Preparing to unpack .../groff-base_1.22.2-3_amd64.deb ...
Unpacking groff-base (1.22.2-3) ...
Selecting previously unselected package bsdmainutils.
Preparing to unpack .../bsdmainutils_9.0.5_amd64.deb ...
Unpacking bsdmainutils (9.0.5) ...
Selecting previously unselected package man-db.
Preparing to unpack .../man-db_2.6.5-3_amd64.deb ...
Unpacking man-db (2.6.5-3) ...
Selecting previously unselected package libasprintf0c2:amd64.
Preparing to unpack .../libasprintf0c2_0.18.3.1-2_amd64.deb ...
Unpacking libasprintf0c2:amd64 (0.18.3.1-2) ...
Selecting previously unselected package libgpg-error0:amd64.
Preparing to unpack .../libgpg-error0_1.12-0.2_amd64.deb ...
Unpacking libgpg-error0:amd64 (1.12-0.2) ...
Selecting previously unselected package libgcrypt11:amd64.
Preparing to unpack .../libgcrypt11_1.5.3-3_amd64.deb ...
Unpacking libgcrypt11:amd64 (1.5.3-3) ...
Selecting previously unselected package libp11-kit0:amd64.
Preparing to unpack .../libp11-kit0_0.20.1-3_amd64.deb ...
Unpacking libp11-kit0:amd64 (0.20.1-3) ...
Selecting previously unselected package libtasn1-3:amd64.
Preparing to unpack .../libtasn1-3_2.14-3_amd64.deb ...
Unpacking libtasn1-3:amd64 (2.14-3) ...
Selecting previously unselected package libgnutls26:amd64.
Preparing to unpack .../libgnutls26_2.12.23-8_amd64.deb ...
Unpacking libgnutls26:amd64 (2.12.23-8) ...
Selecting previously unselected package libkeyutils1:amd64.
Preparing to unpack .../libkeyutils1_1.5.6-1_amd64.deb ...
Unpacking libkeyutils1:amd64 (1.5.6-1) ...
Selecting previously unselected package libkrb5support0:amd64.
Preparing to unpack .../libkrb5support0_1.11.3+dfsg-3+nmu1_amd64.deb ...
Unpacking libkrb5support0:amd64 (1.11.3+dfsg-3+nmu1) ...
Selecting previously unselected package libk5crypto3:amd64.
Preparing to unpack .../libk5crypto3_1.11.3+dfsg-3+nmu1_amd64.deb ...
Unpacking libk5crypto3:amd64 (1.11.3+dfsg-3+nmu1) ...
Selecting previously unselected package libkrb5-3:amd64.
Preparing to unpack .../libkrb5-3_1.11.3+dfsg-3+nmu1_amd64.deb ...
Unpacking libkrb5-3:amd64 (1.11.3+dfsg-3+nmu1) ...
Selecting previously unselected package libgssapi-krb5-2:amd64.
Preparing to unpack .../libgssapi-krb5-2_1.11.3+dfsg-3+nmu1_amd64.deb ...
Unpacking libgssapi-krb5-2:amd64 (1.11.3+dfsg-3+nmu1) ...
Selecting previously unselected package libidn11:amd64.
Preparing to unpack .../libidn11_1.28-1_amd64.deb ...
Unpacking libidn11:amd64 (1.28-1) ...
Selecting previously unselected package libsasl2-modules-db:amd64.
Preparing to unpack .../libsasl2-modules-db_2.1.25.dfsg1-17_amd64.deb ...
Unpacking libsasl2-modules-db:amd64 (2.1.25.dfsg1-17) ...
Selecting previously unselected package libsasl2-2:amd64.
Preparing to unpack .../libsasl2-2_2.1.25.dfsg1-17_amd64.deb ...
Unpacking libsasl2-2:amd64 (2.1.25.dfsg1-17) ...
Selecting previously unselected package libldap-2.4-2:amd64.
Preparing to unpack .../libldap-2.4-2_2.4.31-1+nmu2+b1_amd64.deb ...
Unpacking libldap-2.4-2:amd64 (2.4.31-1+nmu2+b1) ...
Selecting previously unselected package libmagic1:amd64.
Preparing to unpack .../libmagic1_1%3a5.14-2_amd64.deb ...
Unpacking libmagic1:amd64 (1:5.14-2) ...
Selecting previously unselected package libxml2:amd64.
Preparing to unpack .../libxml2_2.9.1+dfsg1-3_amd64.deb ...
Unpacking libxml2:amd64 (2.9.1+dfsg1-3) ...
Selecting previously unselected package libdrm2:amd64.
Preparing to unpack .../libdrm2_2.4.50-1_amd64.deb ...
Unpacking libdrm2:amd64 (2.4.50-1) ...
Selecting previously unselected package libglapi-mesa:amd64.
Preparing to unpack .../libglapi-mesa_9.2.2-1_amd64.deb ...
Unpacking libglapi-mesa:amd64 (9.2.2-1) ...
Selecting previously unselected package libxau6:amd64.
Preparing to unpack .../libxau6_1%3a1.0.8-1_amd64.deb ...
Unpacking libxau6:amd64 (1:1.0.8-1) ...
Selecting previously unselected package libxdmcp6:amd64.
Preparing to unpack .../libxdmcp6_1%3a1.1.1-1_amd64.deb ...
Unpacking libxdmcp6:amd64 (1:1.1.1-1) ...
Selecting previously unselected package libxcb1:amd64.
Preparing to unpack .../libxcb1_1.10-2_amd64.deb ...
Unpacking libxcb1:amd64 (1.10-2) ...
Selecting previously unselected package libx11-data.
Preparing to unpack .../libx11-data_2%3a1.6.2-1_all.deb ...
Unpacking libx11-data (2:1.6.2-1) ...
Selecting previously unselected package libx11-6:amd64.
Preparing to unpack .../libx11-6_2%3a1.6.2-1_amd64.deb ...
Unpacking libx11-6:amd64 (2:1.6.2-1) ...
Selecting previously unselected package libx11-xcb1:amd64.
Preparing to unpack .../libx11-xcb1_2%3a1.6.2-1_amd64.deb ...
Unpacking libx11-xcb1:amd64 (2:1.6.2-1) ...
Selecting previously unselected package libxcb-dri2-0:amd64.
Preparing to unpack .../libxcb-dri2-0_1.10-2_amd64.deb ...
Unpacking libxcb-dri2-0:amd64 (1.10-2) ...
Selecting previously unselected package libxcb-glx0:amd64.
Preparing to unpack .../libxcb-glx0_1.10-2_amd64.deb ...
Unpacking libxcb-glx0:amd64 (1.10-2) ...
Selecting previously unselected package libxfixes3:amd64.
Preparing to unpack .../libxfixes3_1%3a5.0.1-1_amd64.deb ...
Unpacking libxfixes3:amd64 (1:5.0.1-1) ...
Selecting previously unselected package libxdamage1:amd64.
Preparing to unpack .../libxdamage1_1%3a1.1.4-1_amd64.deb ...
Unpacking libxdamage1:amd64 (1:1.1.4-1) ...
Selecting previously unselected package libxext6:amd64.
Preparing to unpack .../libxext6_2%3a1.3.2-1_amd64.deb ...
Unpacking libxext6:amd64 (2:1.3.2-1) ...
Selecting previously unselected package libxxf86vm1:amd64.
Preparing to unpack .../libxxf86vm1_1%3a1.1.3-1_amd64.deb ...
Unpacking libxxf86vm1:amd64 (1:1.1.3-1) ...
Selecting previously unselected package libgl1-mesa-glx:amd64.
Preparing to unpack .../libgl1-mesa-glx_9.2.2-1_amd64.deb ...
Unpacking libgl1-mesa-glx:amd64 (9.2.2-1) ...
Selecting previously unselected package libxi6:amd64.
Preparing to unpack .../libxi6_2%3a1.7.2-1_amd64.deb ...
Unpacking libxi6:amd64 (2:1.7.2-1) ...
Selecting previously unselected package freeglut3:amd64.
Preparing to unpack .../freeglut3_2.8.1-1_amd64.deb ...
Unpacking freeglut3:amd64 (2.8.1-1) ...
Selecting previously unselected package liblzo2-2:amd64.
Preparing to unpack .../liblzo2-2_2.06-1.2_amd64.deb ...
Unpacking liblzo2-2:amd64 (2.06-1.2) ...
Selecting previously unselected package libnettle4:amd64.
Preparing to unpack .../libnettle4_2.7.1-1_amd64.deb ...
Unpacking libnettle4:amd64 (2.7.1-1) ...
Selecting previously unselected package libarchive13:amd64.
Preparing to unpack .../libarchive13_3.1.2-7_amd64.deb ...
Unpacking libarchive13:amd64 (3.1.2-7) ...
Selecting previously unselected package libglib2.0-0:amd64.
Preparing to unpack .../libglib2.0-0_2.36.4-1_amd64.deb ...
Unpacking libglib2.0-0:amd64 (2.36.4-1) ...
Selecting previously unselected package libcroco3:amd64.
Preparing to unpack .../libcroco3_0.6.8-2_amd64.deb ...
Unpacking libcroco3:amd64 (0.6.8-2) ...
Selecting previously unselected package librtmp0:amd64.
Preparing to unpack .../librtmp0_2.4+20121230.gitdf6c518-1_amd64.deb ...
Unpacking librtmp0:amd64 (2.4+20121230.gitdf6c518-1) ...
Selecting previously unselected package libssh2-1:amd64.
Preparing to unpack .../libssh2-1_1.4.3-2_amd64.deb ...
Unpacking libssh2-1:amd64 (1.4.3-2) ...
Selecting previously unselected package libcurl3:amd64.
Preparing to unpack .../libcurl3_7.34.0-1_amd64.deb ...
Unpacking libcurl3:amd64 (7.34.0-1) ...
Selecting previously unselected package libpciaccess0:amd64.
Preparing to unpack .../libpciaccess0_0.13.2-1_amd64.deb ...
Unpacking libpciaccess0:amd64 (0.13.2-1) ...
Selecting previously unselected package libdrm-intel1:amd64.
Preparing to unpack .../libdrm-intel1_2.4.50-1_amd64.deb ...
Unpacking libdrm-intel1:amd64 (2.4.50-1) ...
Selecting previously unselected package libdrm-nouveau2:amd64.
Preparing to unpack .../libdrm-nouveau2_2.4.50-1_amd64.deb ...
Unpacking libdrm-nouveau2:amd64 (2.4.50-1) ...
Selecting previously unselected package libdrm-radeon1:amd64.
Preparing to unpack .../libdrm-radeon1_2.4.50-1_amd64.deb ...
Unpacking libdrm-radeon1:amd64 (2.4.50-1) ...
Selecting previously unselected package libexpat1:amd64.
Preparing to unpack .../libexpat1_2.1.0-4_amd64.deb ...
Unpacking libexpat1:amd64 (2.1.0-4) ...
Selecting previously unselected package x11-common.
Preparing to unpack .../x11-common_1%3a7.7+5_all.deb ...
Unpacking x11-common (1:7.7+5) ...
Selecting previously unselected package libice6:amd64.
Preparing to unpack .../libice6_2%3a1.0.8-2_amd64.deb ...
Unpacking libice6:amd64 (2:1.0.8-2) ...
Selecting previously unselected package libsm6:amd64.
Preparing to unpack .../libsm6_2%3a1.2.1-2_amd64.deb ...
Unpacking libsm6:amd64 (2:1.2.1-2) ...
Selecting previously unselected package libxt6:amd64.
Preparing to unpack .../libxt6_1%3a1.1.4-1_amd64.deb ...
Unpacking libxt6:amd64 (1:1.1.4-1) ...
Selecting previously unselected package libxmu6:amd64.
Preparing to unpack .../libxmu6_2%3a1.1.1-1_amd64.deb ...
Unpacking libxmu6:amd64 (2:1.1.1-1) ...
Selecting previously unselected package libglew1.10:amd64.
Preparing to unpack .../libglew1.10_1.10.0-3_amd64.deb ...
Unpacking libglew1.10:amd64 (1.10.0-3) ...
Selecting previously unselected package libglu1-mesa:amd64.
Preparing to unpack .../libglu1-mesa_9.0.0-2_amd64.deb ...
Unpacking libglu1-mesa:amd64 (9.0.0-2) ...
Selecting previously unselected package libilmbase6:amd64.
Preparing to unpack .../libilmbase6_1.0.1-6_amd64.deb ...
Unpacking libilmbase6:amd64 (1.0.1-6) ...
Selecting previously unselected package libjpeg8:amd64.
Preparing to unpack .../libjpeg8_8d-2_amd64.deb ...
Unpacking libjpeg8:amd64 (8d-2) ...
Selecting previously unselected package libopenexr6:amd64.
Preparing to unpack .../libopenexr6_1.6.1-7_amd64.deb ...
Unpacking libopenexr6:amd64 (1.6.1-7) ...
Selecting previously unselected package libpng12-0:amd64.
Preparing to unpack .../libpng12-0_1.2.49-5_amd64.deb ...
Unpacking libpng12-0:amd64 (1.2.49-5) ...
Selecting previously unselected package libjbig0:amd64.
Preparing to unpack .../libjbig0_2.0-2_amd64.deb ...
Unpacking libjbig0:amd64 (2.0-2) ...
Selecting previously unselected package libtiff5:amd64.
Preparing to unpack .../libtiff5_4.0.3-7_amd64.deb ...
Unpacking libtiff5:amd64 (4.0.3-7) ...
Selecting previously unselected package libtiffxx5:amd64.
Preparing to unpack .../libtiffxx5_4.0.3-7_amd64.deb ...
Unpacking libtiffxx5:amd64 (4.0.3-7) ...
Selecting previously unselected package libunistring0:amd64.
Preparing to unpack .../libunistring0_0.9.3-5_amd64.deb ...
Unpacking libunistring0:amd64 (0.9.3-5) ...
Selecting previously unselected package libjbig-dev:amd64.
Preparing to unpack .../libjbig-dev_2.0-2_amd64.deb ...
Unpacking libjbig-dev:amd64 (2.0-2) ...
Selecting previously unselected package procps.
Preparing to unpack .../procps_1%3a3.3.9-1_amd64.deb ...
Unpacking procps (1:3.3.9-1) ...
Selecting previously unselected package file.
Preparing to unpack .../file_1%3a5.14-2_amd64.deb ...
Unpacking file (1:5.14-2) ...
Selecting previously unselected package gettext-base.
Preparing to unpack .../gettext-base_0.18.3.1-2_amd64.deb ...
Unpacking gettext-base (0.18.3.1-2) ...
Selecting previously unselected package cmake-data.
Preparing to unpack .../cmake-data_2.8.12.1-1.1_all.deb ...
Unpacking cmake-data (2.8.12.1-1.1) ...
Selecting previously unselected package cmake.
Preparing to unpack .../cmake_2.8.12.1-1.1_amd64.deb ...
Unpacking cmake (2.8.12.1-1.1) ...
Selecting previously unselected package gettext.
Preparing to unpack .../gettext_0.18.3.1-2_amd64.deb ...
Unpacking gettext (0.18.3.1-2) ...
Selecting previously unselected package intltool-debian.
Preparing to unpack .../intltool-debian_0.35.0+20060710.1_all.deb ...
Unpacking intltool-debian (0.35.0+20060710.1) ...
Selecting previously unselected package po-debconf.
Preparing to unpack .../po-debconf_1.0.16+nmu2_all.deb ...
Unpacking po-debconf (1.0.16+nmu2) ...
Selecting previously unselected package debhelper.
Preparing to unpack .../debhelper_9.20131227_all.deb ...
Unpacking debhelper (9.20131227) ...
Selecting previously unselected package xorg-sgml-doctools.
Preparing to unpack .../xorg-sgml-doctools_1%3a1.11-1_all.deb ...
Unpacking xorg-sgml-doctools (1:1.11-1) ...
Selecting previously unselected package x11proto-core-dev.
Preparing to unpack .../x11proto-core-dev_7.0.24-1_all.deb ...
Unpacking x11proto-core-dev (7.0.24-1) ...
Selecting previously unselected package libxau-dev:amd64.
Preparing to unpack .../libxau-dev_1%3a1.0.8-1_amd64.deb ...
Unpacking libxau-dev:amd64 (1:1.0.8-1) ...
Selecting previously unselected package libxdmcp-dev:amd64.
Preparing to unpack .../libxdmcp-dev_1%3a1.1.1-1_amd64.deb ...
Unpacking libxdmcp-dev:amd64 (1:1.1.1-1) ...
Selecting previously unselected package x11proto-input-dev.
Preparing to unpack .../x11proto-input-dev_2.3-1_all.deb ...
Unpacking x11proto-input-dev (2.3-1) ...
Selecting previously unselected package x11proto-kb-dev.
Preparing to unpack .../x11proto-kb-dev_1.0.6-2_all.deb ...
Unpacking x11proto-kb-dev (1.0.6-2) ...
Selecting previously unselected package xtrans-dev.
Preparing to unpack .../xtrans-dev_1.3.2-1_all.deb ...
Unpacking xtrans-dev (1.3.2-1) ...
Selecting previously unselected package libpthread-stubs0-dev:amd64.
Preparing to unpack .../libpthread-stubs0-dev_0.3-4_amd64.deb ...
Unpacking libpthread-stubs0-dev:amd64 (0.3-4) ...
Selecting previously unselected package libxcb1-dev:amd64.
Preparing to unpack .../libxcb1-dev_1.10-2_amd64.deb ...
Unpacking libxcb1-dev:amd64 (1.10-2) ...
Selecting previously unselected package libx11-dev:amd64.
Preparing to unpack .../libx11-dev_2%3a1.6.2-1_amd64.deb ...
Unpacking libx11-dev:amd64 (2:1.6.2-1) ...
Selecting previously unselected package libdrm-dev:amd64.
Preparing to unpack .../libdrm-dev_2.4.50-1_amd64.deb ...
Unpacking libdrm-dev:amd64 (2.4.50-1) ...
Selecting previously unselected package mesa-common-dev.
Preparing to unpack .../mesa-common-dev_9.2.2-1_amd64.deb ...
Unpacking mesa-common-dev (9.2.2-1) ...
Selecting previously unselected package libx11-xcb-dev.
Preparing to unpack .../libx11-xcb-dev_2%3a1.6.2-1_amd64.deb ...
Unpacking libx11-xcb-dev (2:1.6.2-1) ...
Selecting previously unselected package libxcb-dri2-0-dev:amd64.
Preparing to unpack .../libxcb-dri2-0-dev_1.10-2_amd64.deb ...
Unpacking libxcb-dri2-0-dev:amd64 (1.10-2) ...
Selecting previously unselected package libxcb-glx0-dev:amd64.
Preparing to unpack .../libxcb-glx0-dev_1.10-2_amd64.deb ...
Unpacking libxcb-glx0-dev:amd64 (1.10-2) ...
Selecting previously unselected package x11proto-xext-dev.
Preparing to unpack .../x11proto-xext-dev_7.2.1-1_all.deb ...
Unpacking x11proto-xext-dev (7.2.1-1) ...
Selecting previously unselected package x11proto-fixes-dev.
Preparing to unpack .../x11proto-fixes-dev_1%3a5.0-2_all.deb ...
Unpacking x11proto-fixes-dev (1:5.0-2) ...
Selecting previously unselected package libxfixes-dev.
Preparing to unpack .../libxfixes-dev_1%3a5.0.1-1_amd64.deb ...
Unpacking libxfixes-dev (1:5.0.1-1) ...
Selecting previously unselected package x11proto-damage-dev.
Preparing to unpack .../x11proto-damage-dev_1%3a1.2.1-2_all.deb ...
Unpacking x11proto-damage-dev (1:1.2.1-2) ...
Selecting previously unselected package libxdamage-dev.
Preparing to unpack .../libxdamage-dev_1%3a1.1.4-1_amd64.deb ...
Unpacking libxdamage-dev (1:1.1.4-1) ...
Selecting previously unselected package libxext-dev:amd64.
Preparing to unpack .../libxext-dev_2%3a1.3.2-1_amd64.deb ...
Unpacking libxext-dev:amd64 (2:1.3.2-1) ...
Selecting previously unselected package x11proto-xf86vidmode-dev.
Preparing to unpack .../x11proto-xf86vidmode-dev_2.3.1-2_all.deb ...
Unpacking x11proto-xf86vidmode-dev (2.3.1-2) ...
Selecting previously unselected package libxxf86vm-dev:amd64.
Preparing to unpack .../libxxf86vm-dev_1%3a1.1.3-1_amd64.deb ...
Unpacking libxxf86vm-dev:amd64 (1:1.1.3-1) ...
Selecting previously unselected package x11proto-dri2-dev.
Preparing to unpack .../x11proto-dri2-dev_2.8-2_all.deb ...
Unpacking x11proto-dri2-dev (2.8-2) ...
Selecting previously unselected package x11proto-gl-dev.
Preparing to unpack .../x11proto-gl-dev_1.4.17-1_all.deb ...
Unpacking x11proto-gl-dev (1.4.17-1) ...
Selecting previously unselected package libgl1-mesa-dev.
Preparing to unpack .../libgl1-mesa-dev_9.2.2-1_amd64.deb ...
Unpacking libgl1-mesa-dev (9.2.2-1) ...
Selecting previously unselected package libglu1-mesa-dev.
Preparing to unpack .../libglu1-mesa-dev_9.0.0-2_amd64.deb ...
Unpacking libglu1-mesa-dev (9.0.0-2) ...
Selecting previously unselected package libice-dev:amd64.
Preparing to unpack .../libice-dev_2%3a1.0.8-2_amd64.deb ...
Unpacking libice-dev:amd64 (2:1.0.8-2) ...
Selecting previously unselected package libsm-dev:amd64.
Preparing to unpack .../libsm-dev_2%3a1.2.1-2_amd64.deb ...
Unpacking libsm-dev:amd64 (2:1.2.1-2) ...
Selecting previously unselected package libxt-dev:amd64.
Preparing to unpack .../libxt-dev_1%3a1.1.4-1_amd64.deb ...
Unpacking libxt-dev:amd64 (1:1.1.4-1) ...
Selecting previously unselected package freeglut3-dev:amd64.
Preparing to unpack .../freeglut3-dev_2.8.1-1_amd64.deb ...
Unpacking freeglut3-dev:amd64 (2.8.1-1) ...
Selecting previously unselected package libglew-dev:amd64.
Preparing to unpack .../libglew-dev_1.10.0-3_amd64.deb ...
Unpacking libglew-dev:amd64 (1.10.0-3) ...
Selecting previously unselected package libilmbase-dev.
Preparing to unpack .../libilmbase-dev_1.0.1-6_amd64.deb ...
Unpacking libilmbase-dev (1.0.1-6) ...
Selecting previously unselected package libjpeg8-dev:amd64.
Preparing to unpack .../libjpeg8-dev_8d-2_amd64.deb ...
Unpacking libjpeg8-dev:amd64 (8d-2) ...
Selecting previously unselected package liblzma-dev:amd64.
Preparing to unpack .../liblzma-dev_5.1.1alpha+20120614-2_amd64.deb ...
Unpacking liblzma-dev:amd64 (5.1.1alpha+20120614-2) ...
Selecting previously unselected package libopenexr-dev.
Preparing to unpack .../libopenexr-dev_1.6.1-7_amd64.deb ...
Unpacking libopenexr-dev (1.6.1-7) ...
Selecting previously unselected package zlib1g-dev:amd64.
Preparing to unpack .../zlib1g-dev_1%3a1.2.8.dfsg-1_amd64.deb ...
Unpacking zlib1g-dev:amd64 (1:1.2.8.dfsg-1) ...
Selecting previously unselected package libpng12-dev.
Preparing to unpack .../libpng12-dev_1.2.49-5_amd64.deb ...
Unpacking libpng12-dev (1.2.49-5) ...
Selecting previously unselected package libtiff5-dev:amd64.
Preparing to unpack .../libtiff5-dev_4.0.3-7_amd64.deb ...
Unpacking libtiff5-dev:amd64 (4.0.3-7) ...
Selecting previously unselected package sbuild-build-depends-nvidia-texture-tools-dummy.
Preparing to unpack .../sbuild-build-depends-nvidia-texture-tools-dummy.deb ...
Unpacking sbuild-build-depends-nvidia-texture-tools-dummy (0.invalid.0) ...
Setting up libncursesw5:amd64 (5.9+20130608-1) ...
Setting up libpipeline1:amd64 (1.2.6-1) ...
Setting up libprocps3:amd64 (1:3.3.9-1) ...
Setting up libssl1.0.0:amd64 (1.0.1e-6) ...
Setting up groff-base (1.22.2-3) ...
Setting up bsdmainutils (9.0.5) ...
update-alternatives: using /usr/bin/bsd-write to provide /usr/bin/write (write) in auto mode
update-alternatives: using /usr/bin/bsd-from to provide /usr/bin/from (from) in auto mode
Setting up man-db (2.6.5-3) ...
Not building database; man-db/auto-update is not 'true'.
Setting up libasprintf0c2:amd64 (0.18.3.1-2) ...
Setting up libgpg-error0:amd64 (1.12-0.2) ...
Setting up libgcrypt11:amd64 (1.5.3-3) ...
Setting up libp11-kit0:amd64 (0.20.1-3) ...
Setting up libtasn1-3:amd64 (2.14-3) ...
Setting up libgnutls26:amd64 (2.12.23-8) ...
Setting up libkeyutils1:amd64 (1.5.6-1) ...
Setting up libkrb5support0:amd64 (1.11.3+dfsg-3+nmu1) ...
Setting up libk5crypto3:amd64 (1.11.3+dfsg-3+nmu1) ...
Setting up libkrb5-3:amd64 (1.11.3+dfsg-3+nmu1) ...
Setting up libgssapi-krb5-2:amd64 (1.11.3+dfsg-3+nmu1) ...
Setting up libidn11:amd64 (1.28-1) ...
Setting up libsasl2-modules-db:amd64 (2.1.25.dfsg1-17) ...
Setting up libsasl2-2:amd64 (2.1.25.dfsg1-17) ...
Setting up libldap-2.4-2:amd64 (2.4.31-1+nmu2+b1) ...
Setting up libmagic1:amd64 (1:5.14-2) ...
Setting up libxml2:amd64 (2.9.1+dfsg1-3) ...
Setting up libdrm2:amd64 (2.4.50-1) ...
Setting up libglapi-mesa:amd64 (9.2.2-1) ...
Setting up libxau6:amd64 (1:1.0.8-1) ...
Setting up libxdmcp6:amd64 (1:1.1.1-1) ...
Setting up libxcb1:amd64 (1.10-2) ...
Setting up libx11-data (2:1.6.2-1) ...
Setting up libx11-6:amd64 (2:1.6.2-1) ...
Setting up libx11-xcb1:amd64 (2:1.6.2-1) ...
Setting up libxcb-dri2-0:amd64 (1.10-2) ...
Setting up libxcb-glx0:amd64 (1.10-2) ...
Setting up libxfixes3:amd64 (1:5.0.1-1) ...
Setting up libxdamage1:amd64 (1:1.1.4-1) ...
Setting up libxext6:amd64 (2:1.3.2-1) ...
Setting up libxxf86vm1:amd64 (1:1.1.3-1) ...
Setting up libgl1-mesa-glx:amd64 (9.2.2-1) ...
Setting up libxi6:amd64 (2:1.7.2-1) ...
Setting up freeglut3:amd64 (2.8.1-1) ...
Setting up liblzo2-2:amd64 (2.06-1.2) ...
Setting up libnettle4:amd64 (2.7.1-1) ...
Setting up libarchive13:amd64 (3.1.2-7) ...
Setting up libglib2.0-0:amd64 (2.36.4-1) ...
No schema files found: doing nothing.
Setting up libcroco3:amd64 (0.6.8-2) ...
Setting up librtmp0:amd64 (2.4+20121230.gitdf6c518-1) ...
Setting up libssh2-1:amd64 (1.4.3-2) ...
Setting up libcurl3:amd64 (7.34.0-1) ...
Setting up libpciaccess0:amd64 (0.13.2-1) ...
Setting up libdrm-intel1:amd64 (2.4.50-1) ...
Setting up libdrm-nouveau2:amd64 (2.4.50-1) ...
Setting up libdrm-radeon1:amd64 (2.4.50-1) ...
Setting up libexpat1:amd64 (2.1.0-4) ...
Setting up x11-common (1:7.7+5) ...
update-rc.d: warning: start and stop actions are no longer supported; falling back to defaults
All runlevel operations denied by policy
invoke-rc.d: policy-rc.d denied execution of start.
Setting up libice6:amd64 (2:1.0.8-2) ...
Setting up libsm6:amd64 (2:1.2.1-2) ...
Setting up libxt6:amd64 (1:1.1.4-1) ...
Setting up libxmu6:amd64 (2:1.1.1-1) ...
Setting up libglew1.10:amd64 (1.10.0-3) ...
Setting up libglu1-mesa:amd64 (9.0.0-2) ...
Setting up libilmbase6:amd64 (1.0.1-6) ...
Setting up libjpeg8:amd64 (8d-2) ...
Setting up libopenexr6:amd64 (1.6.1-7) ...
Setting up libpng12-0:amd64 (1.2.49-5) ...
Setting up libjbig0:amd64 (2.0-2) ...
Setting up libtiff5:amd64 (4.0.3-7) ...
Setting up libtiffxx5:amd64 (4.0.3-7) ...
Setting up libunistring0:amd64 (0.9.3-5) ...
Setting up libjbig-dev:amd64 (2.0-2) ...
Setting up procps (1:3.3.9-1) ...
update-alternatives: using /usr/bin/w.procps to provide /usr/bin/w (w) in auto mode
update-rc.d: warning: start and stop actions are no longer supported; falling back to defaults
All runlevel operations denied by policy
invoke-rc.d: policy-rc.d denied execution of start.
Setting up file (1:5.14-2) ...
Setting up gettext-base (0.18.3.1-2) ...
Setting up cmake-data (2.8.12.1-1.1) ...
Setting up cmake (2.8.12.1-1.1) ...
Setting up gettext (0.18.3.1-2) ...
Setting up intltool-debian (0.35.0+20060710.1) ...
Setting up po-debconf (1.0.16+nmu2) ...
Setting up debhelper (9.20131227) ...
Setting up xorg-sgml-doctools (1:1.11-1) ...
Setting up x11proto-core-dev (7.0.24-1) ...
Setting up libxau-dev:amd64 (1:1.0.8-1) ...
Setting up libxdmcp-dev:amd64 (1:1.1.1-1) ...
Setting up x11proto-input-dev (2.3-1) ...
Setting up x11proto-kb-dev (1.0.6-2) ...
Setting up xtrans-dev (1.3.2-1) ...
Setting up libpthread-stubs0-dev:amd64 (0.3-4) ...
Setting up libxcb1-dev:amd64 (1.10-2) ...
Setting up libx11-dev:amd64 (2:1.6.2-1) ...
Setting up libdrm-dev:amd64 (2.4.50-1) ...
Setting up mesa-common-dev (9.2.2-1) ...
Setting up libx11-xcb-dev (2:1.6.2-1) ...
Setting up libxcb-dri2-0-dev:amd64 (1.10-2) ...
Setting up libxcb-glx0-dev:amd64 (1.10-2) ...
Setting up x11proto-xext-dev (7.2.1-1) ...
Setting up x11proto-fixes-dev (1:5.0-2) ...
Setting up libxfixes-dev (1:5.0.1-1) ...
Setting up x11proto-damage-dev (1:1.2.1-2) ...
Setting up libxdamage-dev (1:1.1.4-1) ...
Setting up libxext-dev:amd64 (2:1.3.2-1) ...
Setting up x11proto-xf86vidmode-dev (2.3.1-2) ...
Setting up libxxf86vm-dev:amd64 (1:1.1.3-1) ...
Setting up x11proto-dri2-dev (2.8-2) ...
Setting up x11proto-gl-dev (1.4.17-1) ...
Setting up libgl1-mesa-dev (9.2.2-1) ...
Setting up libglu1-mesa-dev (9.0.0-2) ...
Setting up libice-dev:amd64 (2:1.0.8-2) ...
Setting up libsm-dev:amd64 (2:1.2.1-2) ...
Setting up libxt-dev:amd64 (1:1.1.4-1) ...
Setting up freeglut3-dev:amd64 (2.8.1-1) ...
Setting up libglew-dev:amd64 (1.10.0-3) ...
Setting up libilmbase-dev (1.0.1-6) ...
Setting up libjpeg8-dev:amd64 (8d-2) ...
Setting up liblzma-dev:amd64 (5.1.1alpha+20120614-2) ...
Setting up libopenexr-dev (1.6.1-7) ...
Setting up zlib1g-dev:amd64 (1:1.2.8.dfsg-1) ...
Setting up libpng12-dev (1.2.49-5) ...
Setting up libtiff5-dev:amd64 (4.0.3-7) ...
Setting up sbuild-build-depends-nvidia-texture-tools-dummy (0.invalid.0) ...
Processing triggers for libc-bin (2.17-97) ...

┌──────────────────────────────────────────────────────────────────────────────┐
│ Build environment                                                            │
└──────────────────────────────────────────────────────────────────────────────┘

Kernel: Linux 2.6.32-5-xen-amd64 amd64 (x86_64)
Toolchain package versions: binutils_2.24-2 dpkg-dev_1.17.5 g++-4.6_4.6.4-5 g++-4.8_4.8.2-11 gcc-4.6_4.6.4-5 gcc-4.7_4.7.3-9 gcc-4.8_4.8.2-11 libc6-dev_2.17-97 libstdc++-4.8-dev_4.8.2-11 libstdc++6_4.8.2-11 libstdc++6-4.6-dev_4.6.4-5 linux-libc-dev_3.12.6-2
Package versions: apt_0.9.14.2 base-files_7.2 base-passwd_3.5.29 bash_4.2+dfsg-1 binutils_2.24-2 bsdmainutils_9.0.5 bsdutils_1:2.20.1-5.5 build-essential_11.6 bzip2_1.0.6-5 clang-3.4_1:3.4-1 cmake_2.8.12.1-1.1 cmake-data_2.8.12.1-1.1 coreutils_8.21-1 cpp_4:4.8.2-1 cpp-4.6_4.6.4-5 cpp-4.7_4.7.3-9 cpp-4.8_4.8.2-11 dash_0.5.7-3+nmu1 debconf_1.5.52 debconf-i18n_1.5.52 debfoster_2.7-1.2 debhelper_9.20131227 debian-archive-keyring_2012.4 debianutils_4.4 diffutils_1:3.3-1 dpkg_1.17.5 dpkg-dev_1.17.5 e2fslibs_1.42.9-2 e2fsprogs_1.42.9-2 fakeroot_1.20-3 file_1:5.14-2 findutils_4.4.2-7 freeglut3_2.8.1-1 freeglut3-dev_2.8.1-1 g++_4:4.8.2-1 g++-4.6_4.6.4-5 g++-4.8_4.8.2-11 gcc_4:4.8.2-1 gcc-4.4-base_4.4.7-6 gcc-4.5-base_4.5.4-1 gcc-4.6_4.6.4-5 gcc-4.6-base_4.6.4-5 gcc-4.7_4.7.3-9 gcc-4.7-base_4.7.3-9 gcc-4.8_4.8.2-11 gcc-4.8-base_4.8.2-11 gettext_0.18.3.1-2 gettext-base_0.18.3.1-2 gnupg_1.4.15-3 gpgv_1.4.15-3 grep_2.15-2 groff-base_1.22.2-3 gzip_1.6-3 hostname_3.15 initscripts_2.88dsf-45 insserv_1.14.0-5 intltool-debian_0.35.0+20060710.1 libacl1_2.2.52-1 libapt-pkg4.12_0.9.14.2 libarchive-extract-perl_0.70-1 libarchive13_3.1.2-7 libasan0_4.8.2-11 libasprintf0c2_0.18.3.1-2 libatomic1_4.8.2-11 libattr1_1:2.4.47-1 libaudit-common_1:2.3.2-3 libaudit1_1:2.3.2-3 libblkid1_2.20.1-5.5 libbz2-1.0_1.0.6-5 libc-bin_2.17-97 libc-dev-bin_2.17-97 libc6_2.17-97 libc6-dev_2.17-97 libcap2_1:2.22-1.2 libclang-common-3.4-dev_1:3.4-1 libclang1-3.4_1:3.4-1 libclass-isa-perl_0.36-5 libcloog-isl4_0.18.1-3 libcloog-ppl1_0.16.1-4 libcomerr2_1.42.9-2 libcroco3_0.6.8-2 libcurl3_7.34.0-1 libdb5.1_5.1.29-7 libdpkg-perl_1.17.5 libdrm-dev_2.4.50-1 libdrm-intel1_2.4.50-1 libdrm-nouveau2_2.4.50-1 libdrm-radeon1_2.4.50-1 libdrm2_2.4.50-1 libexpat1_2.1.0-4 libfakeroot_1.20-3 libffi6_3.0.13-10 libfile-fcntllock-perl_0.14-2+b1 libgc1c2_1:7.2d-6 libgcc-4.7-dev_4.7.3-9 libgcc-4.8-dev_4.8.2-11 libgcc1_1:4.8.2-11 libgcrypt11_1.5.3-3 libgdbm3_1.8.3-12 libgl1-mesa-dev_9.2.2-1 libgl1-mesa-glx_9.2.2-1 libglapi-mesa_9.2.2-1 libglew-dev_1.10.0-3 libglew1.10_1.10.0-3 libglib2.0-0_2.36.4-1 libglu1-mesa_9.0.0-2 libglu1-mesa-dev_9.0.0-2 libgmp10_2:5.1.3+dfsg-1 libgmpxx4ldbl_2:5.1.3+dfsg-1 libgnutls26_2.12.23-8 libgomp1_4.8.2-11 libgpg-error0_1.12-0.2 libgpm2_1.20.4-6.1 libgssapi-krb5-2_1.11.3+dfsg-3+nmu1 libice-dev_2:1.0.8-2 libice6_2:1.0.8-2 libidn11_1.28-1 libilmbase-dev_1.0.1-6 libilmbase6_1.0.1-6 libisl10_0.12.1-2 libitm1_4.8.2-11 libjbig-dev_2.0-2 libjbig0_2.0-2 libjpeg8_8d-2 libjpeg8-dev_8d-2 libk5crypto3_1.11.3+dfsg-3+nmu1 libkeyutils1_1.5.6-1 libkrb5-3_1.11.3+dfsg-3+nmu1 libkrb5support0_1.11.3+dfsg-3+nmu1 libldap-2.4-2_2.4.31-1+nmu2+b1 libllvm3.4_1:3.4-1 liblocale-gettext-perl_1.05-7+b2 liblog-message-simple-perl_0.10-1 liblzma-dev_5.1.1alpha+20120614-2 liblzma5_5.1.1alpha+20120614-2 liblzo2-2_2.06-1.2 libmagic1_1:5.14-2 libmodule-pluggable-perl_4.8-1 libmount1_2.20.1-5.5 libmpc2_0.9-4 libmpc3_1.0.1-1 libmpfr4_3.1.2-1 libncurses5_5.9+20130608-1 libncursesw5_5.9+20130608-1 libnettle4_2.7.1-1 libobjc-4.8-dev_4.8.2-11 libobjc4_4.8.2-11 libopenexr-dev_1.6.1-7 libopenexr6_1.6.1-7 libp11-kit0_0.20.1-3 libpam-modules_1.1.3-10 libpam-modules-bin_1.1.3-10 libpam-runtime_1.1.3-10 libpam0g_1.1.3-10 libpciaccess0_0.13.2-1 libpcre3_1:8.31-2 libpipeline1_1.2.6-1 libpng12-0_1.2.49-5 libpng12-dev_1.2.49-5 libpod-latex-perl_0.61-1 libppl-c4_1:1.0-7 libppl12_1:1.0-7 libprocps3_1:3.3.9-1 libpthread-stubs0-dev_0.3-4 libquadmath0_4.8.2-11 libreadline6_6.2+dfsg-0.1 librtmp0_2.4+20121230.gitdf6c518-1 libsasl2-2_2.1.25.dfsg1-17 libsasl2-modules-db_2.1.25.dfsg1-17 libselinux1_2.2.1-1 libsemanage-common_2.2-1 libsemanage1_2.2-1 libsepol1_2.2-1 libslang2_2.2.4-16 libsm-dev_2:1.2.1-2 libsm6_2:1.2.1-2 libss2_1.42.9-2 libssh2-1_1.4.3-2 libssl1.0.0_1.0.1e-6 libstdc++-4.8-dev_4.8.2-11 libstdc++6_4.8.2-11 libstdc++6-4.6-dev_4.6.4-5 libswitch-perl_2.16-2 libtasn1-3_2.14-3 libterm-ui-perl_0.42-1 libtext-charwidth-perl_0.04-7+b2 libtext-iconv-perl_1.7-5+b1 libtext-soundex-perl_3.4-1+b1 libtext-wrapi18n-perl_0.06-7 libtiff5_4.0.3-7 libtiff5-dev_4.0.3-7 libtiffxx5_4.0.3-7 libtimedate-perl_2.3000-1 libtinfo5_5.9+20130608-1 libtsan0_4.8.2-11 libunistring0_0.9.3-5 libusb-0.1-4_2:0.1.12-23.3 libustr-1.0-1_1.0.4-3 libuuid1_2.20.1-5.5 libx11-6_2:1.6.2-1 libx11-data_2:1.6.2-1 libx11-dev_2:1.6.2-1 libx11-xcb-dev_2:1.6.2-1 libx11-xcb1_2:1.6.2-1 libxau-dev_1:1.0.8-1 libxau6_1:1.0.8-1 libxcb-dri2-0_1.10-2 libxcb-dri2-0-dev_1.10-2 libxcb-glx0_1.10-2 libxcb-glx0-dev_1.10-2 libxcb1_1.10-2 libxcb1-dev_1.10-2 libxdamage-dev_1:1.1.4-1 libxdamage1_1:1.1.4-1 libxdmcp-dev_1:1.1.1-1 libxdmcp6_1:1.1.1-1 libxext-dev_2:1.3.2-1 libxext6_2:1.3.2-1 libxfixes-dev_1:5.0.1-1 libxfixes3_1:5.0.1-1 libxi6_2:1.7.2-1 libxml2_2.9.1+dfsg1-3 libxmu6_2:1.1.1-1 libxt-dev_1:1.1.4-1 libxt6_1:1.1.4-1 libxxf86vm-dev_1:1.1.3-1 libxxf86vm1_1:1.1.3-1 linux-libc-dev_3.12.6-2 login_1:4.1.5.1-1 lsb-base_4.1+Debian12 make_3.81-8.3 man-db_2.6.5-3 mawk_1.3.3-17 mesa-common-dev_9.2.2-1 mount_2.20.1-5.5 multiarch-support_2.17-97 ncurses-base_5.9+20130608-1 ncurses-bin_5.9+20130608-1 passwd_1:4.1.5.1-1 patch_2.7.1-4 perl_5.18.1-5 perl-base_5.18.1-5 perl-modules_5.18.1-5 po-debconf_1.0.16+nmu2 procps_1:3.3.9-1 readline-common_6.2+dfsg-0.1 sbuild-build-depends-core-dummy_0.invalid.0 sbuild-build-depends-nvidia-texture-tools-dummy_0.invalid.0 sed_4.2.2-3 sensible-utils_0.0.9 sudo_1.8.8-2 sysv-rc_2.88dsf-45 sysvinit_2.88dsf-45 sysvinit-core_2.88dsf-45 sysvinit-utils_2.88dsf-45 tar_1.27-4 tzdata_2013i-1 ucf_3.0027+nmu1 util-linux_2.20.1-5.5 vim_2:7.4.052-1 vim-common_2:7.4.052-1 vim-runtime_2:7.4.052-1 x11-common_1:7.7+5 x11proto-core-dev_7.0.24-1 x11proto-damage-dev_1:1.2.1-2 x11proto-dri2-dev_2.8-2 x11proto-fixes-dev_1:5.0-2 x11proto-gl-dev_1.4.17-1 x11proto-input-dev_2.3-1 x11proto-kb-dev_1.0.6-2 x11proto-xext-dev_7.2.1-1 x11proto-xf86vidmode-dev_2.3.1-2 xorg-sgml-doctools_1:1.11-1 xtrans-dev_1.3.2-1 xz-utils_5.1.1alpha+20120614-2 zlib1g_1:1.2.8.dfsg-1 zlib1g-dev_1:1.2.8.dfsg-1

┌──────────────────────────────────────────────────────────────────────────────┐
│ Build                                                                        │
└──────────────────────────────────────────────────────────────────────────────┘


Unpack source
─────────────

gpgv: keyblock resource `/sbuild-nonexistent/.gnupg/trustedkeys.gpg': file open error
gpgv: Signature made Sat Sep  7 00:41:10 2013 UTC using RSA key ID C83BFA9A
gpgv: Can't check signature: public key not found
dpkg-source: warning: failed to verify signature on ./nvidia-texture-tools_2.0.8-1+dfsg-4.dsc
dpkg-source: info: extracting nvidia-texture-tools in nvidia-texture-tools-2.0.8-1+dfsg
dpkg-source: info: unpacking nvidia-texture-tools_2.0.8-1+dfsg.orig.tar.gz
dpkg-source: info: unpacking nvidia-texture-tools_2.0.8-1+dfsg-4.debian.tar.gz
dpkg-source: info: applying 01-library-versioning.patch
dpkg-source: info: applying 02-multiarch.patch
dpkg-source: info: applying 03-kfreebsd-bfs.patch
dpkg-source: info: applying 04-fix-gcc4.7-build.patch
dpkg-source: info: applying 05-fix-aliasing-bug.patch
dpkg-source: info: applying 06-fix-libpng1.5-build.patch
dpkg-source: info: applying 07-fix-valgrind.patch
dpkg-source: info: applying 08-fix-wordsize-warning.patch
dpkg-source: info: applying 09-arm-fix.patch
dpkg-source: info: applying 10-fix-cxxflags.patch

Check disc space
────────────────

Sufficient free space for build

Hack binNMU version
───────────────────

Created changelog entry for binNMU version 2.0.8-1+dfsg-4clang1

User Environment
────────────────

DEB_BUILD_OPTIONS=parallel=10
HOME=/sbuild-nonexistent
LOGNAME=user
PATH=/usr/local/sbin:/usr/local/bin:/usr/sbin:/usr/bin:/sbin:/bin:/usr/games
SCHROOT_ALIAS_NAME=unstable-amd64-sbuild
SCHROOT_CHROOT_NAME=unstable-amd64-sbuild
SCHROOT_COMMAND=env
SCHROOT_GID=1000
SCHROOT_GROUP=user
SCHROOT_SESSION_ID=unstable-amd64-sbuild-d34ad62c-7d04-467d-a6d0-0ab7b622697e
SCHROOT_UID=1000
SCHROOT_USER=user
SHELL=/bin/sh
USER=user

dpkg-buildpackage
─────────────────

dpkg-buildpackage: source package nvidia-texture-tools
dpkg-buildpackage: source version 2.0.8-1+dfsg-4clang1
dpkg-buildpackage: source distribution unstable
 dpkg-source --before-build nvidia-texture-tools-2.0.8-1+dfsg
dpkg-buildpackage: host architecture amd64
 fakeroot debian/rules clean
dh clean
   dh_testdir
   dh_auto_clean
   dh_clean
 debian/rules build-arch
dh build-arch
   dh_testdir -a
   debian/rules override_dh_auto_configure
make[1]: Entering directory `/«BUILDDIR»/nvidia-texture-tools-2.0.8-1+dfsg'
cmake -DNVTT_SHARED=1 -DCMAKE_BUILD_TYPE=Release -DCMAKE_INSTALL_PREFIX=/usr -DLIB_DIR_PATH=lib/`dpkg-architecture -qDEB_HOST_MULTIARCH`
-- The C compiler identification is Clang 3.4.0
-- The CXX compiler identification is Clang 3.4.0
-- Check for working C compiler: /usr/bin/cc
-- Check for working C compiler: /usr/bin/cc -- works
-- Detecting C compiler ABI info
-- Detecting C compiler ABI info - done
-- Check for working CXX compiler: /usr/bin/c++
-- Check for working CXX compiler: /usr/bin/c++ -- works
-- Detecting CXX compiler ABI info
-- Detecting CXX compiler ABI info - done
-- Setting optimal options
--   Processor: x86_64
--   Compiler Flags: -g -O2 -fstack-protector --param=ssp-buffer-size=4 -Wformat -Werror=format-security -D_FORTIFY_SOURCE=2 
CMake Warning (dev) at CMakeLists.txt:25 (INCLUDE):
  Syntax Warning in cmake code at

    /«BUILDDIR»/nvidia-texture-tools-2.0.8-1+dfsg/cmake/Libraries.cmake:4:45

  Argument not separated from preceding token by whitespace.
This warning is for project developers.  Use -Wno-dev to suppress it.

-- Looking for XOpenDisplay in /usr/lib/x86_64-linux-gnu/libX11.so;/usr/lib/x86_64-linux-gnu/libXext.so
-- Looking for XOpenDisplay in /usr/lib/x86_64-linux-gnu/libX11.so;/usr/lib/x86_64-linux-gnu/libXext.so - found
-- Looking for gethostbyname
-- Looking for gethostbyname - found
-- Looking for connect
-- Looking for connect - found
-- Looking for remove
-- Looking for remove - found
-- Looking for shmat
-- Looking for shmat - found
-- Looking for IceConnectionNumber in ICE
-- Looking for IceConnectionNumber in ICE - found
-- Found X11: /usr/lib/x86_64-linux-gnu/libX11.so
-- Found OpenGL: /usr/lib/x86_64-linux-gnu/libGL.so  
-- Looking for OpenGL - found
-- Looking for GLUT - found
-- Looking for DirectX - not found
-- Looking for GLEW - found
-- Looking for Cg - not found
-- Looking for CUDA - not found
-- Looking for Maya - not found
-- Found JPEG: /usr/lib/x86_64-linux-gnu/libjpeg.so  
-- Looking for JPEG - found
-- Found ZLIB: /usr/lib/x86_64-linux-gnu/libz.so (found version "1.2.8") 
-- Found PNG: /usr/lib/x86_64-linux-gnu/libpng.so (found version "1.2.49") 
-- Looking for PNG - found
-- Found TIFF: /usr/lib/x86_64-linux-gnu/libtiff.so (found version "4.0.3") 
-- Looking for TIFF - found
-- Found OpenEXR: /usr/lib/x86_64-linux-gnu/libIlmImf.so
-- Looking for OpenEXR - found
-- Found unsuitable Qt version "" from NOTFOUND
-- Looking for include file pthread.h
-- Looking for include file pthread.h - found
-- Looking for pthread_create
-- Looking for pthread_create - not found
-- Looking for pthread_create in pthreads
-- Looking for pthread_create in pthreads - not found
-- Looking for pthread_create in pthread
-- Looking for pthread_create in pthread - found
-- Found Threads: TRUE  
-- Use thread library: -lpthread
-- Looking for include file unistd.h
-- Looking for include file unistd.h - found
-- Looking for include file stdarg.h
-- Looking for include file stdarg.h - found
-- Looking for include file signal.h
-- Looking for include file signal.h - found
-- Looking for include file execinfo.h
-- Looking for include file execinfo.h - found
-- Looking for include file malloc.h
-- Looking for include file malloc.h - found
-- Configuring done
-- Generating done
-- Build files have been written to: /«BUILDDIR»/nvidia-texture-tools-2.0.8-1+dfsg
make[1]: Leaving directory `/«BUILDDIR»/nvidia-texture-tools-2.0.8-1+dfsg'
   dh_auto_build -a
make[1]: Entering directory `/«BUILDDIR»/nvidia-texture-tools-2.0.8-1+dfsg'
make[2]: Entering directory `/«BUILDDIR»/nvidia-texture-tools-2.0.8-1+dfsg'
make[3]: Entering directory `/«BUILDDIR»/nvidia-texture-tools-2.0.8-1+dfsg'
Scanning dependencies of target nvcore
make[3]: Leaving directory `/«BUILDDIR»/nvidia-texture-tools-2.0.8-1+dfsg'
make[3]: Entering directory `/«BUILDDIR»/nvidia-texture-tools-2.0.8-1+dfsg'
[  2%] Building CXX object src/nvcore/CMakeFiles/nvcore.dir/Memory.cpp.o
[  4%] Building CXX object src/nvcore/CMakeFiles/nvcore.dir/Debug.cpp.o
[  6%] Building CXX object src/nvcore/CMakeFiles/nvcore.dir/StrLib.cpp.o
[  8%] Building CXX object src/nvcore/CMakeFiles/nvcore.dir/TextReader.cpp.o
[ 10%] Building CXX object src/nvcore/CMakeFiles/nvcore.dir/TextWriter.cpp.o
[ 12%] Building CXX object src/nvcore/CMakeFiles/nvcore.dir/Radix.cpp.o
[ 14%] Building CXX object src/nvcore/CMakeFiles/nvcore.dir/Library.cpp.o
Linking CXX shared library libnvcore.so
make[3]: Leaving directory `/«BUILDDIR»/nvidia-texture-tools-2.0.8-1+dfsg'
[ 14%] Built target nvcore
make[3]: Entering directory `/«BUILDDIR»/nvidia-texture-tools-2.0.8-1+dfsg'
Scanning dependencies of target nvmath
make[3]: Leaving directory `/«BUILDDIR»/nvidia-texture-tools-2.0.8-1+dfsg'
make[3]: Entering directory `/«BUILDDIR»/nvidia-texture-tools-2.0.8-1+dfsg'
[ 16%] Building CXX object src/nvmath/CMakeFiles/nvmath.dir/Montecarlo.cpp.o
[ 18%] Building CXX object src/nvmath/CMakeFiles/nvmath.dir/Random.cpp.o
[ 20%] Building CXX object src/nvmath/CMakeFiles/nvmath.dir/SphericalHarmonic.cpp.o
[ 22%] Building CXX object src/nvmath/CMakeFiles/nvmath.dir/Basis.cpp.o
[ 24%] Building CXX object src/nvmath/CMakeFiles/nvmath.dir/Triangle.cpp.o
[ 26%] Building CXX object src/nvmath/CMakeFiles/nvmath.dir/TriBox.cpp.o
Linking CXX shared library libnvmath.so
make[3]: Leaving directory `/«BUILDDIR»/nvidia-texture-tools-2.0.8-1+dfsg'
[ 26%] Built target nvmath
make[3]: Entering directory `/«BUILDDIR»/nvidia-texture-tools-2.0.8-1+dfsg'
Scanning dependencies of target posh
make[3]: Leaving directory `/«BUILDDIR»/nvidia-texture-tools-2.0.8-1+dfsg'
make[3]: Entering directory `/«BUILDDIR»/nvidia-texture-tools-2.0.8-1+dfsg'
[ 28%] Building C object src/nvcore/poshlib/CMakeFiles/posh.dir/posh.c.o
Linking C static library libposh.a
make[3]: Leaving directory `/«BUILDDIR»/nvidia-texture-tools-2.0.8-1+dfsg'
[ 28%] Built target posh
make[3]: Entering directory `/«BUILDDIR»/nvidia-texture-tools-2.0.8-1+dfsg'
Scanning dependencies of target nvimage
make[3]: Leaving directory `/«BUILDDIR»/nvidia-texture-tools-2.0.8-1+dfsg'
make[3]: Entering directory `/«BUILDDIR»/nvidia-texture-tools-2.0.8-1+dfsg'
[ 30%] Building CXX object src/nvimage/CMakeFiles/nvimage.dir/FloatImage.cpp.o
[ 32%] Building CXX object src/nvimage/CMakeFiles/nvimage.dir/Filter.cpp.o
[ 34%] Building CXX object src/nvimage/CMakeFiles/nvimage.dir/Image.cpp.o
[ 36%] Building CXX object src/nvimage/CMakeFiles/nvimage.dir/ImageIO.cpp.o
/«BUILDDIR»/nvidia-texture-tools-2.0.8-1+dfsg/src/nvimage/ImageIO.cpp:138:10: warning: initialization of pointer of type 'nv::FloatImage *' to null from a constant boolean expression [-Wbool-conversion]
                return false;
                       ^~~~~
/«BUILDDIR»/nvidia-texture-tools-2.0.8-1+dfsg/src/nvimage/ImageIO.cpp:236:12: warning: initialization of pointer of type 'nv::Image *' to null from a constant boolean expression [-Wbool-conversion]
                                return false;
                                       ^~~~~
/«BUILDDIR»/nvidia-texture-tools-2.0.8-1+dfsg/src/nvimage/ImageIO.cpp:257:11: warning: initialization of pointer of type 'nv::Image *' to null from a constant boolean expression [-Wbool-conversion]
                        return false;
                               ^~~~~
/«BUILDDIR»/nvidia-texture-tools-2.0.8-1+dfsg/src/nvimage/ImageIO.cpp:624:10: warning: initialization of pointer of type 'nv::Image *' to null from a constant boolean expression [-Wbool-conversion]
                return false;
                       ^~~~~
/«BUILDDIR»/nvidia-texture-tools-2.0.8-1+dfsg/src/nvimage/ImageIO.cpp:632:10: warning: initialization of pointer of type 'nv::Image *' to null from a constant boolean expression [-Wbool-conversion]
                return false;
                       ^~~~~
/«BUILDDIR»/nvidia-texture-tools-2.0.8-1+dfsg/src/nvimage/ImageIO.cpp:639:10: warning: initialization of pointer of type 'nv::Image *' to null from a constant boolean expression [-Wbool-conversion]
                return false;
                       ^~~~~
6 warnings generated.
[ 38%] Building CXX object src/nvimage/CMakeFiles/nvimage.dir/ColorBlock.cpp.o
[ 40%] Building CXX object src/nvimage/CMakeFiles/nvimage.dir/BlockDXT.cpp.o
[ 42%] Building CXX object src/nvimage/CMakeFiles/nvimage.dir/HoleFilling.cpp.o
[ 44%] Building CXX object src/nvimage/CMakeFiles/nvimage.dir/DirectDrawSurface.cpp.o
[ 46%] Building CXX object src/nvimage/CMakeFiles/nvimage.dir/Quantize.cpp.o
[ 48%] Building CXX object src/nvimage/CMakeFiles/nvimage.dir/NormalMap.cpp.o
[ 50%] Building CXX object src/nvimage/CMakeFiles/nvimage.dir/NormalMipmap.cpp.o
Linking CXX shared library libnvimage.so
make[3]: Leaving directory `/«BUILDDIR»/nvidia-texture-tools-2.0.8-1+dfsg'
[ 50%] Built target nvimage
make[3]: Entering directory `/«BUILDDIR»/nvidia-texture-tools-2.0.8-1+dfsg'
Scanning dependencies of target filtertest
make[3]: Leaving directory `/«BUILDDIR»/nvidia-texture-tools-2.0.8-1+dfsg'
make[3]: Entering directory `/«BUILDDIR»/nvidia-texture-tools-2.0.8-1+dfsg'
[ 52%] Building CXX object src/nvtt/CMakeFiles/filtertest.dir/tests/filtertest.cpp.o
Linking CXX executable filtertest
make[3]: Leaving directory `/«BUILDDIR»/nvidia-texture-tools-2.0.8-1+dfsg'
[ 52%] Built target filtertest
make[3]: Entering directory `/«BUILDDIR»/nvidia-texture-tools-2.0.8-1+dfsg'
Scanning dependencies of target nvassemble
make[3]: Leaving directory `/«BUILDDIR»/nvidia-texture-tools-2.0.8-1+dfsg'
make[3]: Entering directory `/«BUILDDIR»/nvidia-texture-tools-2.0.8-1+dfsg'
[ 54%] Building CXX object src/nvtt/CMakeFiles/nvassemble.dir/tools/assemble.cpp.o
Linking CXX executable nvassemble
make[3]: Leaving directory `/«BUILDDIR»/nvidia-texture-tools-2.0.8-1+dfsg'
[ 54%] Built target nvassemble
make[3]: Entering directory `/«BUILDDIR»/nvidia-texture-tools-2.0.8-1+dfsg'
Scanning dependencies of target squish
make[3]: Leaving directory `/«BUILDDIR»/nvidia-texture-tools-2.0.8-1+dfsg'
make[3]: Entering directory `/«BUILDDIR»/nvidia-texture-tools-2.0.8-1+dfsg'
[ 56%] Building CXX object src/nvtt/squish/CMakeFiles/squish.dir/fastclusterfit.cpp.o
[ 58%] Building CXX object src/nvtt/squish/CMakeFiles/squish.dir/weightedclusterfit.cpp.o
[ 60%] Building CXX object src/nvtt/squish/CMakeFiles/squish.dir/colourblock.cpp.o
[ 62%] Building CXX object src/nvtt/squish/CMakeFiles/squish.dir/colourfit.cpp.o
[ 64%] Building CXX object src/nvtt/squish/CMakeFiles/squish.dir/colourset.cpp.o
[ 66%] Building CXX object src/nvtt/squish/CMakeFiles/squish.dir/maths.cpp.o
Linking CXX static library libsquish.a
make[3]: Leaving directory `/«BUILDDIR»/nvidia-texture-tools-2.0.8-1+dfsg'
[ 66%] Built target squish
make[3]: Entering directory `/«BUILDDIR»/nvidia-texture-tools-2.0.8-1+dfsg'
Scanning dependencies of target nvtt
make[3]: Leaving directory `/«BUILDDIR»/nvidia-texture-tools-2.0.8-1+dfsg'
make[3]: Entering directory `/«BUILDDIR»/nvidia-texture-tools-2.0.8-1+dfsg'
[ 68%] Building CXX object src/nvtt/CMakeFiles/nvtt.dir/nvtt.cpp.o
[ 70%] Building CXX object src/nvtt/CMakeFiles/nvtt.dir/Compressor.cpp.o
[ 72%] Building CXX object src/nvtt/CMakeFiles/nvtt.dir/nvtt_wrapper.cpp.o
[ 74%] Building CXX object src/nvtt/CMakeFiles/nvtt.dir/CompressDXT.cpp.o
/«BUILDDIR»/nvidia-texture-tools-2.0.8-1+dfsg/src/nvtt/CompressDXT.cpp:262:19: warning: '&&' within '||' [-Wlogical-op-parentheses]
                        if ((!anyAlpha && rgba.isSingleColor() || allAlpha))
                             ~~~~~~~~~~^~~~~~~~~~~~~~~~~~~~~~~ ~~
/«BUILDDIR»/nvidia-texture-tools-2.0.8-1+dfsg/src/nvtt/CompressDXT.cpp:262:19: note: place parentheses around the '&&' expression to silence this warning
                        if ((!anyAlpha && rgba.isSingleColor() || allAlpha))
                                       ^
                             (                                )
1 warning generated.
[ 76%] Building CXX object src/nvtt/CMakeFiles/nvtt.dir/CompressRGB.cpp.o
[ 78%] Building CXX object src/nvtt/CMakeFiles/nvtt.dir/QuickCompressDXT.cpp.o
[ 80%] Building CXX object src/nvtt/CMakeFiles/nvtt.dir/OptimalCompressDXT.cpp.o
[ 82%] Building CXX object src/nvtt/CMakeFiles/nvtt.dir/CompressionOptions.cpp.o
[ 84%] Building CXX object src/nvtt/CMakeFiles/nvtt.dir/InputOptions.cpp.o
[ 86%] Building CXX object src/nvtt/CMakeFiles/nvtt.dir/OutputOptions.cpp.o
[ 88%] Building CXX object src/nvtt/CMakeFiles/nvtt.dir/cuda/CudaUtils.cpp.o
[ 90%] Building CXX object src/nvtt/CMakeFiles/nvtt.dir/cuda/CudaCompressDXT.cpp.o
Linking CXX shared library libnvtt.so
/usr/bin/ld: squish/libsquish.a(weightedclusterfit.cpp.o): relocation R_X86_64_32S against `_ZTVN6squish18WeightedClusterFitE' can not be used when making a shared object; recompile with -fPIC
squish/libsquish.a: error adding symbols: Bad value
clang: error: linker command failed with exit code 1 (use -v to see invocation)
make[3]: *** [src/nvtt/libnvtt.so.2.0.8] Error 1
make[3]: Leaving directory `/«BUILDDIR»/nvidia-texture-tools-2.0.8-1+dfsg'
make[2]: *** [src/nvtt/CMakeFiles/nvtt.dir/all] Error 2
make[1]: *** [all] Error 2
dh_auto_build: make -j1 returned exit code 2
make[2]: Leaving directory `/«BUILDDIR»/nvidia-texture-tools-2.0.8-1+dfsg'
make[1]: Leaving directory `/«BUILDDIR»/nvidia-texture-tools-2.0.8-1+dfsg'
make: *** [build-arch] Error 2
dpkg-buildpackage: error: debian/rules build-arch gave error exit status 2
────────────────────────────────────────────────────────────────────────────────
Build finished at 20140106-0743

Finished
────────

E: Build failure (dpkg-buildpackage died)

┌──────────────────────────────────────────────────────────────────────────────┐
│ Cleanup                                                                      │
└──────────────────────────────────────────────────────────────────────────────┘

Purging /«BUILDDIR»
Not cleaning session: cloned chroot in use

┌──────────────────────────────────────────────────────────────────────────────┐
│ Summary                                                                      │
└──────────────────────────────────────────────────────────────────────────────┘

Build Architecture: amd64
Build-Space: 7612
Build-Time: 23
Distribution: unstable
Fail-Stage: build
Host Architecture: amd64
Install-Time: 18
Job: nvidia-texture-tools_2.0.8-1+dfsg-4
Machine Architecture: amd64
Package: nvidia-texture-tools
Package-Time: 93
Source-Version: 2.0.8-1+dfsg-4
Space: 7612
Status: attempted
Version: 2.0.8-1+dfsg-4clang1
────────────────────────────────────────────────────────────────────────────────
Finished at 20140106-0743
Build needed 00:01:33, 7612k disc space
DC-Status: Failed 94.0710446s
