DC-Build-Header: policycoreutils 2.2.5-1 / 2014-01-06 08:22:42 +0000
DC-Task: source:policycoreutils version:2.2.5-1 architecture:any chroot:unstable esttime:64 logfile:/tmp/policycoreutils_2.2.5-1_unstable_clang.log modes:binary-only:parallel:clang
DC-Sbuild-call: su user -c 'sbuild -n --apt-update -d unstable -v  --chroot-setup-commands=/tmp/switch-to-clang --append-to-version "clang1" --maintainer "Lucas Nussbaum <lucas@debian.org>" --uploader "Lucas Nussbaum <lucas@debian.org>" policycoreutils_2.2.5-1'
sbuild (Debian sbuild) 0.63.2 (18 Aug 2012) on ip-172-31-12-241.us-west-2.compute.internal

╔══════════════════════════════════════════════════════════════════════════════╗
║ policycoreutils 2.2.5-1clang1 (amd64)                      06 Jan 2014 08:22 ║
╚══════════════════════════════════════════════════════════════════════════════╝

Package: policycoreutils
Version: 2.2.5-1clang1
Source Version: 2.2.5-1
Distribution: unstable
Machine Architecture: amd64
Host Architecture: amd64
Build Architecture: amd64

I: NOTICE: Log filtering will replace 'build/policycoreutils-qn5cmU/policycoreutils-2.2.5' with '«PKGBUILDDIR»'
I: NOTICE: Log filtering will replace 'build/policycoreutils-qn5cmU' with '«BUILDDIR»'
I: NOTICE: Log filtering will replace 'var/lib/schroot/mount/unstable-amd64-sbuild-fbe43859-d2a1-46f1-b5fe-fa9cb4d14614' with '«CHROOT»'

┌──────────────────────────────────────────────────────────────────────────────┐
│ Update chroot                                                                │
└──────────────────────────────────────────────────────────────────────────────┘

Get:1 http://localhost:9999 unstable InRelease [206 kB]
Get:2 http://localhost:9999 unstable/main Sources/DiffIndex [7876 B]
Get:3 http://localhost:9999 unstable/main amd64 Packages/DiffIndex [7876 B]
Get:4 http://localhost:9999 unstable/main Translation-en/DiffIndex [7876 B]
Get:5 http://localhost:9999 unstable/main 2014-01-04-1439.27.pdiff [11.3 kB]
Get:6 http://localhost:9999 unstable/main 2014-01-04-1439.27.pdiff [11.3 kB]
Get:7 http://localhost:9999 unstable/main amd64 2014-01-04-1439.27.pdiff [11.8 kB]
Get:8 http://localhost:9999 unstable/main 2014-01-04-1439.27.pdiff [1898 B]
Get:9 http://localhost:9999 unstable/main amd64 2014-01-04-1439.27.pdiff [11.8 kB]
Get:10 http://localhost:9999 unstable/main 2014-01-04-2039.41.pdiff [12.3 kB]
Get:11 http://localhost:9999 unstable/main 2014-01-04-1439.27.pdiff [1898 B]
Get:12 http://localhost:9999 unstable/main amd64 2014-01-04-2039.41.pdiff [24.3 kB]
Get:13 http://localhost:9999 unstable/main 2014-01-04-2039.41.pdiff [12.3 kB]
Get:14 http://localhost:9999 unstable/main 2014-01-04-2039.41.pdiff [2358 B]
Get:15 http://localhost:9999 unstable/main amd64 2014-01-04-2039.41.pdiff [24.3 kB]
Get:16 http://localhost:9999 unstable/main 2014-01-05-0239.35.pdiff [9640 B]
Get:17 http://localhost:9999 unstable/main 2014-01-04-2039.41.pdiff [2358 B]
Get:18 http://localhost:9999 unstable/main amd64 2014-01-05-0239.35.pdiff [18.3 kB]
Get:19 http://localhost:9999 unstable/main 2014-01-05-0239.35.pdiff [9640 B]
Get:20 http://localhost:9999 unstable/main 2014-01-05-0239.35.pdiff [504 B]
Get:21 http://localhost:9999 unstable/main amd64 2014-01-05-0239.35.pdiff [18.3 kB]
Get:22 http://localhost:9999 unstable/main 2014-01-05-0840.32.pdiff [4885 B]
Get:23 http://localhost:9999 unstable/main 2014-01-05-0239.35.pdiff [504 B]
Get:24 http://localhost:9999 unstable/main amd64 2014-01-05-0840.32.pdiff [3950 B]
Get:25 http://localhost:9999 unstable/main 2014-01-05-0840.32.pdiff [4885 B]
Get:26 http://localhost:9999 unstable/main 2014-01-05-0840.32.pdiff [214 B]
Get:27 http://localhost:9999 unstable/main amd64 2014-01-05-0840.32.pdiff [3950 B]
Get:28 http://localhost:9999 unstable/main 2014-01-05-1438.24.pdiff [7183 B]
Get:29 http://localhost:9999 unstable/main 2014-01-05-0840.32.pdiff [214 B]
Get:30 http://localhost:9999 unstable/main amd64 2014-01-05-1438.24.pdiff [3882 B]
Get:31 http://localhost:9999 unstable/main 2014-01-05-1438.24.pdiff [7183 B]
Get:32 http://localhost:9999 unstable/main 2014-01-05-1438.24.pdiff [1111 B]
Get:33 http://localhost:9999 unstable/main amd64 2014-01-05-1438.24.pdiff [3882 B]
Get:34 http://localhost:9999 unstable/main 2014-01-05-2041.02.pdiff [20.2 kB]
Get:35 http://localhost:9999 unstable/main 2014-01-05-1438.24.pdiff [1111 B]
Get:36 http://localhost:9999 unstable/main amd64 2014-01-05-2041.02.pdiff [17.0 kB]
Get:37 http://localhost:9999 unstable/main 2014-01-05-2041.02.pdiff [20.2 kB]
Get:38 http://localhost:9999 unstable/main 2014-01-05-2041.02.pdiff [2166 B]
Get:39 http://localhost:9999 unstable/main amd64 2014-01-05-2041.02.pdiff [17.0 kB]
Get:40 http://localhost:9999 unstable/main 2014-01-06-0239.34.pdiff [7972 B]
Get:41 http://localhost:9999 unstable/main 2014-01-05-2041.02.pdiff [2166 B]
Get:42 http://localhost:9999 unstable/main amd64 2014-01-06-0239.34.pdiff [21.1 kB]
Get:43 http://localhost:9999 unstable/main 2014-01-06-0239.34.pdiff [7972 B]
Get:44 http://localhost:9999 unstable/main 2014-01-06-0239.34.pdiff [238 B]
Get:45 http://localhost:9999 unstable/main amd64 2014-01-06-0239.34.pdiff [21.1 kB]
Get:46 http://localhost:9999 unstable/main 2014-01-06-0239.34.pdiff [238 B]
Fetched 412 kB in 28s (14.5 kB/s)
Reading package lists...
Reading package lists...
Building dependency tree...
Reading state information...
The following packages will be upgraded:
  libterm-ui-perl
1 upgraded, 0 newly installed, 0 to remove and 0 not upgraded.
Need to get 19.1 kB of archives.
After this operation, 1024 B of additional disk space will be used.
Get:1 http://localhost:9999/debian/ unstable/main libterm-ui-perl all 0.42-1 [19.1 kB]
debconf: delaying package configuration, since apt-utils is not installed
Fetched 19.1 kB in 0s (1165 kB/s)
(Reading database ... 13944 files and directories currently installed.)
Preparing to unpack .../libterm-ui-perl_0.42-1_all.deb ...
Unpacking libterm-ui-perl (0.42-1) over (0.38-1) ...
Setting up libterm-ui-perl (0.42-1) ...

┌──────────────────────────────────────────────────────────────────────────────┐
│ Fetch source files                                                           │
└──────────────────────────────────────────────────────────────────────────────┘


Check APT
─────────

Checking available source versions...

Download source files with APT
──────────────────────────────

Reading package lists...
Building dependency tree...
Reading state information...
NOTICE: 'policycoreutils' packaging is maintained in the 'Git' version control system at:
git://anonscm.debian.org/selinux/policycoreutils.git
Need to get 4989 kB of source archives.
Get:1 http://localhost:9999/debian/ unstable/main policycoreutils 2.2.5-1 (dsc) [2116 B]
Get:2 http://localhost:9999/debian/ unstable/main policycoreutils 2.2.5-1 (tar) [4949 kB]
Get:3 http://localhost:9999/debian/ unstable/main policycoreutils 2.2.5-1 (diff) [38.0 kB]
Fetched 4989 kB in 2s (1878 kB/s)
Download complete and in download only mode

Check arch
──────────


┌──────────────────────────────────────────────────────────────────────────────┐
│ Chroot Setup Commands                                                        │
└──────────────────────────────────────────────────────────────────────────────┘


/tmp/switch-to-clang
────────────────────

+ echo 'Entering customization script...'
Entering customization script...
+ echo 'Install of clang-3.4'
Install of clang-3.4
+ apt-get update
Hit http://localhost:9999 unstable InRelease
Hit http://localhost:9999 unstable/main Sources/DiffIndex
Hit http://localhost:9999 unstable/main amd64 Packages/DiffIndex
Hit http://localhost:9999 unstable/main Translation-en/DiffIndex
Reading package lists...
+ apt-get install --yes --no-install-recommends --force-yes clang-3.4
Reading package lists...
Building dependency tree...
Reading state information...
The following extra packages will be installed:
  libclang-common-3.4-dev libclang1-3.4 libffi6 libllvm3.4 libobjc-4.8-dev
  libobjc4
Recommended packages:
  llvm-3.4-dev python
The following NEW packages will be installed:
  clang-3.4 libclang-common-3.4-dev libclang1-3.4 libffi6 libllvm3.4
  libobjc-4.8-dev libobjc4
0 upgraded, 7 newly installed, 0 to remove and 0 not upgraded.
Need to get 19.9 MB of archives.
After this operation, 82.1 MB of additional disk space will be used.
Get:1 http://localhost:9999/debian/ unstable/main libffi6 amd64 3.0.13-10 [19.3 kB]
Get:2 http://localhost:9999/debian/ unstable/main libllvm3.4 amd64 1:3.4-1 [6528 kB]
Get:3 http://localhost:9999/debian/ unstable/main libobjc4 amd64 4.8.2-11 [110 kB]
Get:4 http://localhost:9999/debian/ unstable/main libobjc-4.8-dev amd64 4.8.2-11 [370 kB]
Get:5 http://localhost:9999/debian/ unstable/main libclang1-3.4 amd64 1:3.4-1 [3526 kB]
Get:6 http://localhost:9999/debian/ unstable/main libclang-common-3.4-dev amd64 1:3.4-1 [516 kB]
Get:7 http://localhost:9999/debian/ unstable/main clang-3.4 amd64 1:3.4-1 [8878 kB]
debconf: delaying package configuration, since apt-utils is not installed
Fetched 19.9 MB in 0s (25.7 MB/s)
Selecting previously unselected package libffi6:amd64.
(Reading database ... 13944 files and directories currently installed.)
Preparing to unpack .../libffi6_3.0.13-10_amd64.deb ...
Unpacking libffi6:amd64 (3.0.13-10) ...
Selecting previously unselected package libllvm3.4:amd64.
Preparing to unpack .../libllvm3.4_1%3a3.4-1_amd64.deb ...
Unpacking libllvm3.4:amd64 (1:3.4-1) ...
Selecting previously unselected package libobjc4:amd64.
Preparing to unpack .../libobjc4_4.8.2-11_amd64.deb ...
Unpacking libobjc4:amd64 (4.8.2-11) ...
Selecting previously unselected package libobjc-4.8-dev:amd64.
Preparing to unpack .../libobjc-4.8-dev_4.8.2-11_amd64.deb ...
Unpacking libobjc-4.8-dev:amd64 (4.8.2-11) ...
Selecting previously unselected package libclang1-3.4:amd64.
Preparing to unpack .../libclang1-3.4_1%3a3.4-1_amd64.deb ...
Unpacking libclang1-3.4:amd64 (1:3.4-1) ...
Selecting previously unselected package libclang-common-3.4-dev.
Preparing to unpack .../libclang-common-3.4-dev_1%3a3.4-1_amd64.deb ...
Unpacking libclang-common-3.4-dev (1:3.4-1) ...
Selecting previously unselected package clang-3.4.
Preparing to unpack .../clang-3.4_1%3a3.4-1_amd64.deb ...
Unpacking clang-3.4 (1:3.4-1) ...
Setting up libffi6:amd64 (3.0.13-10) ...
Setting up libllvm3.4:amd64 (1:3.4-1) ...
Setting up libobjc4:amd64 (4.8.2-11) ...
Setting up libobjc-4.8-dev:amd64 (4.8.2-11) ...
Setting up libclang1-3.4:amd64 (1:3.4-1) ...
Setting up libclang-common-3.4-dev (1:3.4-1) ...
Setting up clang-3.4 (1:3.4-1) ...
Processing triggers for libc-bin (2.17-97) ...
+ echo 'Replace gcc, g++ & cpp by clang'
Replace gcc, g++ & cpp by clang
+ VERSIONS='4.6 4.7 4.8'
+ cd /usr/bin
+ for VERSION in '$VERSIONS'
+ rm -f g++-4.6 gcc-4.6 cpp-4.6
+ ln -s clang++ g++-4.6
+ ln -s clang gcc-4.6
+ ln -s clang cpp-4.6
+ for VERSION in '$VERSIONS'
+ rm -f g++-4.7 gcc-4.7 cpp-4.7
+ ln -s clang++ g++-4.7
+ ln -s clang gcc-4.7
+ ln -s clang cpp-4.7
+ for VERSION in '$VERSIONS'
+ rm -f g++-4.8 gcc-4.8 cpp-4.8
+ ln -s clang++ g++-4.8
+ ln -s clang gcc-4.8
+ ln -s clang cpp-4.8
+ cd -
/«BUILDDIR»
+ echo 'Block the installation of new gcc version'
Block the installation of new gcc version
+ dpkg --set-selections
+ echo 'gcc-4.6 hold'
+ dpkg --set-selections
+ echo 'cpp-4.6 hold'
+ dpkg --set-selections
+ echo 'g++-4.6 hold'
+ dpkg --set-selections
+ echo 'gcc-4.7 hold'
+ dpkg --set-selections
+ echo 'cpp-4.7 hold'
+ dpkg --set-selections
+ echo 'g++-4.7 hold'
+ dpkg --set-selections
+ echo 'gcc-4.8 hold'
+ dpkg --set-selections
+ echo 'cpp-4.8 hold'
+ dpkg --set-selections
+ echo 'g++-4.8 hold'
+ echo 'Check if gcc, g++ & cpp are actually clang'
Check if gcc, g++ & cpp are actually clang
+ grep clang
+ gcc --version
+ grep clang
+ cpp --version
+ grep clang
+ g++ --version

I: Finished running '/tmp/switch-to-clang'.

Finished processing commands.
────────────────────────────────────────────────────────────────────────────────
Merged Build-Depends: build-essential, fakeroot
Filtered Build-Depends: build-essential, fakeroot
dpkg-deb: building package `sbuild-build-depends-core-dummy' in `/«BUILDDIR»/resolver-SUWYd6/apt_archive/sbuild-build-depends-core-dummy.deb'.
OK
Reading package lists...

┌──────────────────────────────────────────────────────────────────────────────┐
│ Install core build dependencies (apt-based resolver)                         │
└──────────────────────────────────────────────────────────────────────────────┘

Installing build dependencies
Reading package lists...
Building dependency tree...
Reading state information...
The following NEW packages will be installed:
  sbuild-build-depends-core-dummy
debconf: delaying package configuration, since apt-utils is not installed
0 upgraded, 1 newly installed, 0 to remove and 0 not upgraded.
Need to get 0 B/764 B of archives.
After this operation, 0 B of additional disk space will be used.
Selecting previously unselected package sbuild-build-depends-core-dummy.
(Reading database ... 14105 files and directories currently installed.)
Preparing to unpack .../sbuild-build-depends-core-dummy.deb ...
Unpacking sbuild-build-depends-core-dummy (0.invalid.0) ...
Setting up sbuild-build-depends-core-dummy (0.invalid.0) ...
Merged Build-Depends: base-files, base-passwd, bash, bsdutils, coreutils, dash, debianutils, diffutils, dpkg, e2fsprogs, findutils, grep, gzip, hostname, libc-bin, login, mount, ncurses-base, ncurses-bin, perl-base, sed, sysvinit, sysvinit-utils, tar, util-linux, libc6-dev | libc-dev, gcc (>= 4:4.4.3), g++ (>= 4:4.4.3), make, dpkg-dev (>= 1.13.5), debhelper (>= 9), dpkg-dev (>= 1.16.0), dh-systemd (>= 1.4), file, gawk, gettext, libapol-dev, libqpol-dev, libaudit-dev, libcap-dev, libcap-ng-dev, libcgroup-dev, libdbus-1-dev, libdbus-glib-1-dev, libglib2.0-dev, libpam0g-dev, libpcre3-dev, libselinux1-dev (>= 2.2), libsemanage1-dev (>= 2.2), libsepol1-dev (>= 2.2), python-dev (>= 2.6.6-3~), python-sepolgen (>= 1.1.8)
Filtered Build-Depends: base-files, base-passwd, bash, bsdutils, coreutils, dash, debianutils, diffutils, dpkg, e2fsprogs, findutils, grep, gzip, hostname, libc-bin, login, mount, ncurses-base, ncurses-bin, perl-base, sed, sysvinit, sysvinit-utils, tar, util-linux, libc6-dev, gcc (>= 4:4.4.3), g++ (>= 4:4.4.3), make, dpkg-dev (>= 1.13.5), debhelper (>= 9), dpkg-dev (>= 1.16.0), dh-systemd (>= 1.4), file, gawk, gettext, libapol-dev, libqpol-dev, libaudit-dev, libcap-dev, libcap-ng-dev, libcgroup-dev, libdbus-1-dev, libdbus-glib-1-dev, libglib2.0-dev, libpam0g-dev, libpcre3-dev, libselinux1-dev (>= 2.2), libsemanage1-dev (>= 2.2), libsepol1-dev (>= 2.2), python-dev (>= 2.6.6-3~), python-sepolgen (>= 1.1.8)
dpkg-deb: building package `sbuild-build-depends-policycoreutils-dummy' in `/«BUILDDIR»/resolver-UkLd7q/apt_archive/sbuild-build-depends-policycoreutils-dummy.deb'.
OK
Reading package lists...

┌──────────────────────────────────────────────────────────────────────────────┐
│ Install policycoreutils build dependencies (apt-based resolver)              │
└──────────────────────────────────────────────────────────────────────────────┘

Installing build dependencies
Reading package lists...
Building dependency tree...
Reading state information...
The following extra packages will be installed:
  bsdmainutils debhelper dh-systemd file gawk gettext gettext-base groff-base
  intltool-debian libapol-dev libapol4 libasprintf0c2 libaudit-dev libbz2-dev
  libcap-dev libcap-ng-dev libcap-ng0 libcgroup-dev libcgroup1 libcroco3
  libdbus-1-3 libdbus-1-dev libdbus-glib-1-2 libdbus-glib-1-dev libelfg0
  libexpat1 libexpat1-dev libglib2.0-0 libglib2.0-bin libglib2.0-data
  libglib2.0-dev libmagic1 libncursesw5 libpam0g-dev libpcre3-dev libpcrecpp0
  libpipeline1 libpopt0 libpython-dev libpython-stdlib libpython2.7
  libpython2.7-dev libpython2.7-minimal libpython2.7-stdlib libqpol-dev
  libqpol1 libselinux1-dev libsemanage1-dev libsepol1-dev libsigsegv2
  libsqlite3-0 libssl1.0.0 libunistring0 libustr-dev libxml2 man-db
  mime-support pkg-config po-debconf python python-dev python-minimal
  python-selinux python-sepolgen python-setools python2.7 python2.7-dev
  python2.7-minimal zlib1g-dev
Suggested packages:
  wamerican wordlist whois vacation dh-make gawk-doc gettext-doc groff
  manpages-dev libglib2.0-doc less www-browser libmail-box-perl python-doc
  python-tk python2.7-doc binfmt-support
Recommended packages:
  curl wget lynx-cur autopoint libasprintf-dev libgettextpo-dev dbus
  shared-mime-info xml-core libmail-sendmail-perl
The following NEW packages will be installed:
  bsdmainutils debhelper dh-systemd file gawk gettext gettext-base groff-base
  intltool-debian libapol-dev libapol4 libasprintf0c2 libaudit-dev libbz2-dev
  libcap-dev libcap-ng-dev libcap-ng0 libcgroup-dev libcgroup1 libcroco3
  libdbus-1-3 libdbus-1-dev libdbus-glib-1-2 libdbus-glib-1-dev libelfg0
  libexpat1 libexpat1-dev libglib2.0-0 libglib2.0-bin libglib2.0-data
  libglib2.0-dev libmagic1 libncursesw5 libpam0g-dev libpcre3-dev libpcrecpp0
  libpipeline1 libpopt0 libpython-dev libpython-stdlib libpython2.7
  libpython2.7-dev libpython2.7-minimal libpython2.7-stdlib libqpol-dev
  libqpol1 libselinux1-dev libsemanage1-dev libsepol1-dev libsigsegv2
  libsqlite3-0 libssl1.0.0 libunistring0 libustr-dev libxml2 man-db
  mime-support pkg-config po-debconf python python-dev python-minimal
  python-selinux python-sepolgen python-setools python2.7 python2.7-dev
  python2.7-minimal sbuild-build-depends-policycoreutils-dummy zlib1g-dev
0 upgraded, 70 newly installed, 0 to remove and 0 not upgraded.
Need to get 47.3 MB/47.3 MB of archives.
After this operation, 120 MB of additional disk space will be used.
Get:1 http://localhost:9999/debian/ unstable/main libncursesw5 amd64 5.9+20130608-1 [141 kB]
Get:2 http://localhost:9999/debian/ unstable/main libpipeline1 amd64 1.2.6-1 [24.8 kB]
Get:3 http://localhost:9999/debian/ unstable/main libpopt0 amd64 1.16-8 [48.9 kB]
Get:4 http://localhost:9999/debian/ unstable/main libssl1.0.0 amd64 1.0.1e-6 [1003 kB]
Get:5 http://localhost:9999/debian/ unstable/main groff-base amd64 1.22.2-3 [747 kB]
Get:6 http://localhost:9999/debian/ unstable/main bsdmainutils amd64 9.0.5 [211 kB]
Get:7 http://localhost:9999/debian/ unstable/main man-db amd64 2.6.5-3 [975 kB]
Get:8 http://localhost:9999/debian/ unstable/main libasprintf0c2 amd64 0.18.3.1-2 [29.1 kB]
Get:9 http://localhost:9999/debian/ unstable/main libmagic1 amd64 1:5.14-2 [216 kB]
Get:10 http://localhost:9999/debian/ unstable/main libsqlite3-0 amd64 3.8.2-1 [403 kB]
Get:11 http://localhost:9999/debian/ unstable/main libxml2 amd64 2.9.1+dfsg1-3 [791 kB]
Get:12 http://localhost:9999/debian/ unstable/main libsigsegv2 amd64 2.10-2 [29.8 kB]
Get:13 http://localhost:9999/debian/ unstable/main gawk amd64 1:4.0.1+dfsg-2.1 [972 kB]
Get:14 http://localhost:9999/debian/ unstable/main libqpol1 amd64 3.3.8-3 [195 kB]
Get:15 http://localhost:9999/debian/ unstable/main libapol4 amd64 3.3.8-3 [98.8 kB]
Get:16 http://localhost:9999/debian/ unstable/main libcap-ng0 amd64 0.7.3-1+b1 [13.3 kB]
Get:17 http://localhost:9999/debian/ unstable/main libglib2.0-0 amd64 2.36.4-1 [2055 kB]
Get:18 http://localhost:9999/debian/ unstable/main libcroco3 amd64 0.6.8-2 [133 kB]
Get:19 http://localhost:9999/debian/ unstable/main libdbus-1-3 amd64 1.6.18-2 [153 kB]
Get:20 http://localhost:9999/debian/ unstable/main libdbus-glib-1-2 amd64 0.100.2-1 [203 kB]
Get:21 http://localhost:9999/debian/ unstable/main libelfg0 amd64 0.8.13-5 [51.6 kB]
Get:22 http://localhost:9999/debian/ unstable/main libexpat1 amd64 2.1.0-4 [138 kB]
Get:23 http://localhost:9999/debian/ unstable/main libpcrecpp0 amd64 1:8.31-2 [128 kB]
Get:24 http://localhost:9999/debian/ unstable/main libpython2.7-minimal amd64 2.7.6-4 [346 kB]
Get:25 http://localhost:9999/debian/ unstable/main mime-support all 3.54 [36.4 kB]
Get:26 http://localhost:9999/debian/ unstable/main libpython2.7-stdlib amd64 2.7.6-4 [1864 kB]
Get:27 http://localhost:9999/debian/ unstable/main libpython2.7 amd64 2.7.6-4 [1044 kB]
Get:28 http://localhost:9999/debian/ unstable/main libexpat1-dev amd64 2.1.0-4 [223 kB]
Get:29 http://localhost:9999/debian/ unstable/main libpython2.7-dev amd64 2.7.6-4 [22.0 MB]
Get:30 http://localhost:9999/debian/ unstable/main libunistring0 amd64 0.9.3-5 [434 kB]
Get:31 http://localhost:9999/debian/ unstable/main python2.7-minimal amd64 2.7.6-4 [1222 kB]
Get:32 http://localhost:9999/debian/ unstable/main file amd64 1:5.14-2 [54.0 kB]
Get:33 http://localhost:9999/debian/ unstable/main gettext-base amd64 0.18.3.1-2 [116 kB]
Get:34 http://localhost:9999/debian/ unstable/main python2.7 amd64 2.7.6-4 [234 kB]
Get:35 http://localhost:9999/debian/ unstable/main python-minimal amd64 2.7.5-5 [39.3 kB]
Get:36 http://localhost:9999/debian/ unstable/main libpython-stdlib amd64 2.7.5-5 [18.7 kB]
Get:37 http://localhost:9999/debian/ unstable/main python amd64 2.7.5-5 [146 kB]
Get:38 http://localhost:9999/debian/ unstable/main gettext amd64 0.18.3.1-2 [1202 kB]
Get:39 http://localhost:9999/debian/ unstable/main intltool-debian all 0.35.0+20060710.1 [30.8 kB]
Get:40 http://localhost:9999/debian/ unstable/main po-debconf all 1.0.16+nmu2 [224 kB]
Get:41 http://localhost:9999/debian/ unstable/main debhelper all 9.20131227 [687 kB]
Get:42 http://localhost:9999/debian/ unstable/main libqpol-dev amd64 3.3.8-3 [237 kB]
Get:43 http://localhost:9999/debian/ unstable/main libapol-dev amd64 3.3.8-3 [130 kB]
Get:44 http://localhost:9999/debian/ unstable/main libbz2-dev amd64 1.0.6-5 [28.7 kB]
Get:45 http://localhost:9999/debian/ unstable/main libcap-dev amd64 1:2.22-1.2 [26.6 kB]
Get:46 http://localhost:9999/debian/ unstable/main libcap-ng-dev amd64 0.7.3-1+b1 [26.6 kB]
Get:47 http://localhost:9999/debian/ unstable/main pkg-config amd64 0.26-1 [59.5 kB]
Get:48 http://localhost:9999/debian/ unstable/main libdbus-1-dev amd64 1.6.18-2 [192 kB]
Get:49 http://localhost:9999/debian/ unstable/main libglib2.0-data all 2.36.4-1 [1847 kB]
Get:50 http://localhost:9999/debian/ unstable/main libglib2.0-bin amd64 2.36.4-1 [1060 kB]
Get:51 http://localhost:9999/debian/ unstable/main libpcre3-dev amd64 1:8.31-2 [356 kB]
Get:52 http://localhost:9999/debian/ unstable/main zlib1g-dev amd64 1:1.2.8.dfsg-1 [217 kB]
Get:53 http://localhost:9999/debian/ unstable/main libglib2.0-dev amd64 2.36.4-1 [2285 kB]
Get:54 http://localhost:9999/debian/ unstable/main libdbus-glib-1-dev amd64 0.100.2-1 [260 kB]
Get:55 http://localhost:9999/debian/ unstable/main libpam0g-dev amd64 1.1.3-10 [182 kB]
Get:56 http://localhost:9999/debian/ unstable/main libpython-dev amd64 2.7.5-5 [18.7 kB]
Get:57 http://localhost:9999/debian/ unstable/main libsepol1-dev amd64 2.2-1 [162 kB]
Get:58 http://localhost:9999/debian/ unstable/main libselinux1-dev amd64 2.2.1-1 [154 kB]
Get:59 http://localhost:9999/debian/ unstable/main libustr-dev amd64 1.0.4-3 [308 kB]
Get:60 http://localhost:9999/debian/ unstable/main libsemanage1-dev amd64 2.2-1 [117 kB]
Get:61 http://localhost:9999/debian/ unstable/main python2.7-dev amd64 2.7.6-4 [277 kB]
Get:62 http://localhost:9999/debian/ unstable/main python-dev amd64 2.7.5-5 [1124 B]
Get:63 http://localhost:9999/debian/ unstable/main python-selinux amd64 2.2.1-1 [169 kB]
Get:64 http://localhost:9999/debian/ unstable/main python-setools amd64 3.3.8-3 [350 kB]
Get:65 http://localhost:9999/debian/ unstable/main python-sepolgen all 1.2.1-1 [66.5 kB]
Get:66 http://localhost:9999/debian/ unstable/main dh-systemd all 1.14 [13.2 kB]
Get:67 http://localhost:9999/debian/ unstable/main libaudit-dev amd64 1:2.3.2-3 [69.1 kB]
Get:68 http://localhost:9999/debian/ unstable/main libcgroup1 amd64 0.38-3 [37.8 kB]
Get:69 http://localhost:9999/debian/ unstable/main libcgroup-dev amd64 0.38-3 [17.4 kB]
debconf: delaying package configuration, since apt-utils is not installed
Fetched 47.3 MB in 10s (4574 kB/s)
Selecting previously unselected package libncursesw5:amd64.
(Reading database ... 14105 files and directories currently installed.)
Preparing to unpack .../libncursesw5_5.9+20130608-1_amd64.deb ...
Unpacking libncursesw5:amd64 (5.9+20130608-1) ...
Selecting previously unselected package libpipeline1:amd64.
Preparing to unpack .../libpipeline1_1.2.6-1_amd64.deb ...
Unpacking libpipeline1:amd64 (1.2.6-1) ...
Selecting previously unselected package libpopt0:amd64.
Preparing to unpack .../libpopt0_1.16-8_amd64.deb ...
Unpacking libpopt0:amd64 (1.16-8) ...
Selecting previously unselected package libssl1.0.0:amd64.
Preparing to unpack .../libssl1.0.0_1.0.1e-6_amd64.deb ...
Unpacking libssl1.0.0:amd64 (1.0.1e-6) ...
Selecting previously unselected package groff-base.
Preparing to unpack .../groff-base_1.22.2-3_amd64.deb ...
Unpacking groff-base (1.22.2-3) ...
Selecting previously unselected package bsdmainutils.
Preparing to unpack .../bsdmainutils_9.0.5_amd64.deb ...
Unpacking bsdmainutils (9.0.5) ...
Selecting previously unselected package man-db.
Preparing to unpack .../man-db_2.6.5-3_amd64.deb ...
Unpacking man-db (2.6.5-3) ...
Selecting previously unselected package libasprintf0c2:amd64.
Preparing to unpack .../libasprintf0c2_0.18.3.1-2_amd64.deb ...
Unpacking libasprintf0c2:amd64 (0.18.3.1-2) ...
Selecting previously unselected package libmagic1:amd64.
Preparing to unpack .../libmagic1_1%3a5.14-2_amd64.deb ...
Unpacking libmagic1:amd64 (1:5.14-2) ...
Selecting previously unselected package libsqlite3-0:amd64.
Preparing to unpack .../libsqlite3-0_3.8.2-1_amd64.deb ...
Unpacking libsqlite3-0:amd64 (3.8.2-1) ...
Selecting previously unselected package libxml2:amd64.
Preparing to unpack .../libxml2_2.9.1+dfsg1-3_amd64.deb ...
Unpacking libxml2:amd64 (2.9.1+dfsg1-3) ...
Selecting previously unselected package libsigsegv2:amd64.
Preparing to unpack .../libsigsegv2_2.10-2_amd64.deb ...
Unpacking libsigsegv2:amd64 (2.10-2) ...
Setting up libsigsegv2:amd64 (2.10-2) ...
Processing triggers for libc-bin (2.17-97) ...
Selecting previously unselected package gawk.
(Reading database ... 14765 files and directories currently installed.)
Preparing to unpack .../gawk_1%3a4.0.1+dfsg-2.1_amd64.deb ...
Unpacking gawk (1:4.0.1+dfsg-2.1) ...
Selecting previously unselected package libqpol1:amd64.
Preparing to unpack .../libqpol1_3.3.8-3_amd64.deb ...
Unpacking libqpol1:amd64 (3.3.8-3) ...
Selecting previously unselected package libapol4:amd64.
Preparing to unpack .../libapol4_3.3.8-3_amd64.deb ...
Unpacking libapol4:amd64 (3.3.8-3) ...
Selecting previously unselected package libcap-ng0.
Preparing to unpack .../libcap-ng0_0.7.3-1+b1_amd64.deb ...
Unpacking libcap-ng0 (0.7.3-1+b1) ...
Selecting previously unselected package libglib2.0-0:amd64.
Preparing to unpack .../libglib2.0-0_2.36.4-1_amd64.deb ...
Unpacking libglib2.0-0:amd64 (2.36.4-1) ...
Selecting previously unselected package libcroco3:amd64.
Preparing to unpack .../libcroco3_0.6.8-2_amd64.deb ...
Unpacking libcroco3:amd64 (0.6.8-2) ...
Selecting previously unselected package libdbus-1-3:amd64.
Preparing to unpack .../libdbus-1-3_1.6.18-2_amd64.deb ...
Unpacking libdbus-1-3:amd64 (1.6.18-2) ...
Selecting previously unselected package libdbus-glib-1-2:amd64.
Preparing to unpack .../libdbus-glib-1-2_0.100.2-1_amd64.deb ...
Unpacking libdbus-glib-1-2:amd64 (0.100.2-1) ...
Selecting previously unselected package libelfg0:amd64.
Preparing to unpack .../libelfg0_0.8.13-5_amd64.deb ...
Unpacking libelfg0:amd64 (0.8.13-5) ...
Selecting previously unselected package libexpat1:amd64.
Preparing to unpack .../libexpat1_2.1.0-4_amd64.deb ...
Unpacking libexpat1:amd64 (2.1.0-4) ...
Selecting previously unselected package libpcrecpp0:amd64.
Preparing to unpack .../libpcrecpp0_1%3a8.31-2_amd64.deb ...
Unpacking libpcrecpp0:amd64 (1:8.31-2) ...
Selecting previously unselected package libpython2.7-minimal:amd64.
Preparing to unpack .../libpython2.7-minimal_2.7.6-4_amd64.deb ...
Unpacking libpython2.7-minimal:amd64 (2.7.6-4) ...
Selecting previously unselected package mime-support.
Preparing to unpack .../mime-support_3.54_all.deb ...
Unpacking mime-support (3.54) ...
Selecting previously unselected package libpython2.7-stdlib:amd64.
Preparing to unpack .../libpython2.7-stdlib_2.7.6-4_amd64.deb ...
Unpacking libpython2.7-stdlib:amd64 (2.7.6-4) ...
Selecting previously unselected package libpython2.7:amd64.
Preparing to unpack .../libpython2.7_2.7.6-4_amd64.deb ...
Unpacking libpython2.7:amd64 (2.7.6-4) ...
Selecting previously unselected package libexpat1-dev:amd64.
Preparing to unpack .../libexpat1-dev_2.1.0-4_amd64.deb ...
Unpacking libexpat1-dev:amd64 (2.1.0-4) ...
Selecting previously unselected package libpython2.7-dev:amd64.
Preparing to unpack .../libpython2.7-dev_2.7.6-4_amd64.deb ...
Unpacking libpython2.7-dev:amd64 (2.7.6-4) ...
Selecting previously unselected package libunistring0:amd64.
Preparing to unpack .../libunistring0_0.9.3-5_amd64.deb ...
Unpacking libunistring0:amd64 (0.9.3-5) ...
Selecting previously unselected package python2.7-minimal.
Preparing to unpack .../python2.7-minimal_2.7.6-4_amd64.deb ...
Unpacking python2.7-minimal (2.7.6-4) ...
Selecting previously unselected package file.
Preparing to unpack .../file_1%3a5.14-2_amd64.deb ...
Unpacking file (1:5.14-2) ...
Selecting previously unselected package gettext-base.
Preparing to unpack .../gettext-base_0.18.3.1-2_amd64.deb ...
Unpacking gettext-base (0.18.3.1-2) ...
Selecting previously unselected package python2.7.
Preparing to unpack .../python2.7_2.7.6-4_amd64.deb ...
Unpacking python2.7 (2.7.6-4) ...
Selecting previously unselected package python-minimal.
Preparing to unpack .../python-minimal_2.7.5-5_amd64.deb ...
Unpacking python-minimal (2.7.5-5) ...
Selecting previously unselected package libpython-stdlib:amd64.
Preparing to unpack .../libpython-stdlib_2.7.5-5_amd64.deb ...
Unpacking libpython-stdlib:amd64 (2.7.5-5) ...
Selecting previously unselected package python.
Preparing to unpack .../python_2.7.5-5_amd64.deb ...
Unpacking python (2.7.5-5) ...
Selecting previously unselected package gettext.
Preparing to unpack .../gettext_0.18.3.1-2_amd64.deb ...
Unpacking gettext (0.18.3.1-2) ...
Selecting previously unselected package intltool-debian.
Preparing to unpack .../intltool-debian_0.35.0+20060710.1_all.deb ...
Unpacking intltool-debian (0.35.0+20060710.1) ...
Selecting previously unselected package po-debconf.
Preparing to unpack .../po-debconf_1.0.16+nmu2_all.deb ...
Unpacking po-debconf (1.0.16+nmu2) ...
Selecting previously unselected package debhelper.
Preparing to unpack .../debhelper_9.20131227_all.deb ...
Unpacking debhelper (9.20131227) ...
Selecting previously unselected package libqpol-dev.
Preparing to unpack .../libqpol-dev_3.3.8-3_amd64.deb ...
Unpacking libqpol-dev (3.3.8-3) ...
Selecting previously unselected package libapol-dev.
Preparing to unpack .../libapol-dev_3.3.8-3_amd64.deb ...
Unpacking libapol-dev (3.3.8-3) ...
Selecting previously unselected package libbz2-dev:amd64.
Preparing to unpack .../libbz2-dev_1.0.6-5_amd64.deb ...
Unpacking libbz2-dev:amd64 (1.0.6-5) ...
Selecting previously unselected package libcap-dev:amd64.
Preparing to unpack .../libcap-dev_1%3a2.22-1.2_amd64.deb ...
Unpacking libcap-dev:amd64 (1:2.22-1.2) ...
Selecting previously unselected package libcap-ng-dev.
Preparing to unpack .../libcap-ng-dev_0.7.3-1+b1_amd64.deb ...
Unpacking libcap-ng-dev (0.7.3-1+b1) ...
Selecting previously unselected package pkg-config.
Preparing to unpack .../pkg-config_0.26-1_amd64.deb ...
Unpacking pkg-config (0.26-1) ...
Selecting previously unselected package libdbus-1-dev:amd64.
Preparing to unpack .../libdbus-1-dev_1.6.18-2_amd64.deb ...
Unpacking libdbus-1-dev:amd64 (1.6.18-2) ...
Selecting previously unselected package libglib2.0-data.
Preparing to unpack .../libglib2.0-data_2.36.4-1_all.deb ...
Unpacking libglib2.0-data (2.36.4-1) ...
Selecting previously unselected package libglib2.0-bin.
Preparing to unpack .../libglib2.0-bin_2.36.4-1_amd64.deb ...
Unpacking libglib2.0-bin (2.36.4-1) ...
Selecting previously unselected package libpcre3-dev:amd64.
Preparing to unpack .../libpcre3-dev_1%3a8.31-2_amd64.deb ...
Unpacking libpcre3-dev:amd64 (1:8.31-2) ...
Selecting previously unselected package zlib1g-dev:amd64.
Preparing to unpack .../zlib1g-dev_1%3a1.2.8.dfsg-1_amd64.deb ...
Unpacking zlib1g-dev:amd64 (1:1.2.8.dfsg-1) ...
Selecting previously unselected package libglib2.0-dev.
Preparing to unpack .../libglib2.0-dev_2.36.4-1_amd64.deb ...
Unpacking libglib2.0-dev (2.36.4-1) ...
Selecting previously unselected package libdbus-glib-1-dev.
Preparing to unpack .../libdbus-glib-1-dev_0.100.2-1_amd64.deb ...
Unpacking libdbus-glib-1-dev (0.100.2-1) ...
Selecting previously unselected package libpam0g-dev:amd64.
Preparing to unpack .../libpam0g-dev_1.1.3-10_amd64.deb ...
Unpacking libpam0g-dev:amd64 (1.1.3-10) ...
Selecting previously unselected package libpython-dev:amd64.
Preparing to unpack .../libpython-dev_2.7.5-5_amd64.deb ...
Unpacking libpython-dev:amd64 (2.7.5-5) ...
Selecting previously unselected package libsepol1-dev.
Preparing to unpack .../libsepol1-dev_2.2-1_amd64.deb ...
Unpacking libsepol1-dev (2.2-1) ...
Selecting previously unselected package libselinux1-dev.
Preparing to unpack .../libselinux1-dev_2.2.1-1_amd64.deb ...
Unpacking libselinux1-dev (2.2.1-1) ...
Selecting previously unselected package libustr-dev.
Preparing to unpack .../libustr-dev_1.0.4-3_amd64.deb ...
Unpacking libustr-dev (1.0.4-3) ...
Selecting previously unselected package libsemanage1-dev.
Preparing to unpack .../libsemanage1-dev_2.2-1_amd64.deb ...
Unpacking libsemanage1-dev (2.2-1) ...
Selecting previously unselected package python2.7-dev.
Preparing to unpack .../python2.7-dev_2.7.6-4_amd64.deb ...
Unpacking python2.7-dev (2.7.6-4) ...
Selecting previously unselected package python-dev.
Preparing to unpack .../python-dev_2.7.5-5_amd64.deb ...
Unpacking python-dev (2.7.5-5) ...
Selecting previously unselected package python-selinux.
Preparing to unpack .../python-selinux_2.2.1-1_amd64.deb ...
Unpacking python-selinux (2.2.1-1) ...
Selecting previously unselected package python-setools.
Preparing to unpack .../python-setools_3.3.8-3_amd64.deb ...
Unpacking python-setools (3.3.8-3) ...
Selecting previously unselected package python-sepolgen.
Preparing to unpack .../python-sepolgen_1.2.1-1_all.deb ...
Unpacking python-sepolgen (1.2.1-1) ...
Selecting previously unselected package dh-systemd.
Preparing to unpack .../dh-systemd_1.14_all.deb ...
Unpacking dh-systemd (1.14) ...
Selecting previously unselected package libaudit-dev:amd64.
Preparing to unpack .../libaudit-dev_1%3a2.3.2-3_amd64.deb ...
Unpacking libaudit-dev:amd64 (1:2.3.2-3) ...
Selecting previously unselected package libcgroup1.
Preparing to unpack .../libcgroup1_0.38-3_amd64.deb ...
Unpacking libcgroup1 (0.38-3) ...
Selecting previously unselected package libcgroup-dev.
Preparing to unpack .../libcgroup-dev_0.38-3_amd64.deb ...
Unpacking libcgroup-dev (0.38-3) ...
Selecting previously unselected package sbuild-build-depends-policycoreutils-dummy.
Preparing to unpack .../sbuild-build-depends-policycoreutils-dummy.deb ...
Unpacking sbuild-build-depends-policycoreutils-dummy (0.invalid.0) ...
Setting up libncursesw5:amd64 (5.9+20130608-1) ...
Setting up libpipeline1:amd64 (1.2.6-1) ...
Setting up libpopt0:amd64 (1.16-8) ...
Setting up libssl1.0.0:amd64 (1.0.1e-6) ...
Setting up groff-base (1.22.2-3) ...
Setting up bsdmainutils (9.0.5) ...
update-alternatives: using /usr/bin/bsd-write to provide /usr/bin/write (write) in auto mode
update-alternatives: using /usr/bin/bsd-from to provide /usr/bin/from (from) in auto mode
Setting up man-db (2.6.5-3) ...
Not building database; man-db/auto-update is not 'true'.
Setting up libasprintf0c2:amd64 (0.18.3.1-2) ...
Setting up libmagic1:amd64 (1:5.14-2) ...
Setting up libsqlite3-0:amd64 (3.8.2-1) ...
Setting up libxml2:amd64 (2.9.1+dfsg1-3) ...
Setting up gawk (1:4.0.1+dfsg-2.1) ...
Setting up libqpol1:amd64 (3.3.8-3) ...
Setting up libapol4:amd64 (3.3.8-3) ...
Setting up libcap-ng0 (0.7.3-1+b1) ...
Setting up libglib2.0-0:amd64 (2.36.4-1) ...
No schema files found: doing nothing.
Setting up libcroco3:amd64 (0.6.8-2) ...
Setting up libdbus-1-3:amd64 (1.6.18-2) ...
Setting up libdbus-glib-1-2:amd64 (0.100.2-1) ...
Setting up libelfg0:amd64 (0.8.13-5) ...
Setting up libexpat1:amd64 (2.1.0-4) ...
Setting up libpcrecpp0:amd64 (1:8.31-2) ...
Setting up libpython2.7-minimal:amd64 (2.7.6-4) ...
Setting up mime-support (3.54) ...
Setting up libpython2.7-stdlib:amd64 (2.7.6-4) ...
Setting up libpython2.7:amd64 (2.7.6-4) ...
Setting up libexpat1-dev:amd64 (2.1.0-4) ...
Setting up libpython2.7-dev:amd64 (2.7.6-4) ...
Setting up libunistring0:amd64 (0.9.3-5) ...
Setting up python2.7-minimal (2.7.6-4) ...
Setting up file (1:5.14-2) ...
Setting up gettext-base (0.18.3.1-2) ...
Setting up python2.7 (2.7.6-4) ...
Setting up python-minimal (2.7.5-5) ...
Setting up libpython-stdlib:amd64 (2.7.5-5) ...
Setting up python (2.7.5-5) ...
Setting up gettext (0.18.3.1-2) ...
Setting up intltool-debian (0.35.0+20060710.1) ...
Setting up po-debconf (1.0.16+nmu2) ...
Setting up debhelper (9.20131227) ...
Setting up libqpol-dev (3.3.8-3) ...
Setting up libapol-dev (3.3.8-3) ...
Setting up libbz2-dev:amd64 (1.0.6-5) ...
Setting up libcap-dev:amd64 (1:2.22-1.2) ...
Setting up libcap-ng-dev (0.7.3-1+b1) ...
Setting up pkg-config (0.26-1) ...
Setting up libdbus-1-dev:amd64 (1.6.18-2) ...
Setting up libglib2.0-data (2.36.4-1) ...
Setting up libglib2.0-bin (2.36.4-1) ...
Setting up libpcre3-dev:amd64 (1:8.31-2) ...
Setting up zlib1g-dev:amd64 (1:1.2.8.dfsg-1) ...
Setting up libglib2.0-dev (2.36.4-1) ...
Setting up libdbus-glib-1-dev (0.100.2-1) ...
Setting up libpam0g-dev:amd64 (1.1.3-10) ...
Setting up libpython-dev:amd64 (2.7.5-5) ...
Setting up libsepol1-dev (2.2-1) ...
Setting up libselinux1-dev (2.2.1-1) ...
Setting up libustr-dev (1.0.4-3) ...
Setting up libsemanage1-dev (2.2-1) ...
Setting up python2.7-dev (2.7.6-4) ...
Setting up python-dev (2.7.5-5) ...
Setting up python-selinux (2.2.1-1) ...
Setting up python-setools (3.3.8-3) ...
Setting up python-sepolgen (1.2.1-1) ...
Setting up dh-systemd (1.14) ...
Setting up libaudit-dev:amd64 (1:2.3.2-3) ...
Setting up libcgroup1 (0.38-3) ...
Setting up libcgroup-dev (0.38-3) ...
Setting up sbuild-build-depends-policycoreutils-dummy (0.invalid.0) ...
Processing triggers for libc-bin (2.17-97) ...

┌──────────────────────────────────────────────────────────────────────────────┐
│ Build environment                                                            │
└──────────────────────────────────────────────────────────────────────────────┘

Kernel: Linux 2.6.32-5-xen-amd64 amd64 (x86_64)
Toolchain package versions: binutils_2.24-2 dpkg-dev_1.17.5 g++-4.6_4.6.4-5 g++-4.8_4.8.2-11 gcc-4.6_4.6.4-5 gcc-4.7_4.7.3-9 gcc-4.8_4.8.2-11 libc6-dev_2.17-97 libstdc++-4.8-dev_4.8.2-11 libstdc++6_4.8.2-11 libstdc++6-4.6-dev_4.6.4-5 linux-libc-dev_3.12.6-2
Package versions: apt_0.9.14.2 base-files_7.2 base-passwd_3.5.29 bash_4.2+dfsg-1 binutils_2.24-2 bsdmainutils_9.0.5 bsdutils_1:2.20.1-5.5 build-essential_11.6 bzip2_1.0.6-5 clang-3.4_1:3.4-1 coreutils_8.21-1 cpp_4:4.8.2-1 cpp-4.6_4.6.4-5 cpp-4.7_4.7.3-9 cpp-4.8_4.8.2-11 dash_0.5.7-3+nmu1 debconf_1.5.52 debconf-i18n_1.5.52 debfoster_2.7-1.2 debhelper_9.20131227 debian-archive-keyring_2012.4 debianutils_4.4 dh-systemd_1.14 diffutils_1:3.3-1 dpkg_1.17.5 dpkg-dev_1.17.5 e2fslibs_1.42.9-2 e2fsprogs_1.42.9-2 fakeroot_1.20-3 file_1:5.14-2 findutils_4.4.2-7 g++_4:4.8.2-1 g++-4.6_4.6.4-5 g++-4.8_4.8.2-11 gawk_1:4.0.1+dfsg-2.1 gcc_4:4.8.2-1 gcc-4.4-base_4.4.7-6 gcc-4.5-base_4.5.4-1 gcc-4.6_4.6.4-5 gcc-4.6-base_4.6.4-5 gcc-4.7_4.7.3-9 gcc-4.7-base_4.7.3-9 gcc-4.8_4.8.2-11 gcc-4.8-base_4.8.2-11 gettext_0.18.3.1-2 gettext-base_0.18.3.1-2 gnupg_1.4.15-3 gpgv_1.4.15-3 grep_2.15-2 groff-base_1.22.2-3 gzip_1.6-3 hostname_3.15 initscripts_2.88dsf-45 insserv_1.14.0-5 intltool-debian_0.35.0+20060710.1 libacl1_2.2.52-1 libapol-dev_3.3.8-3 libapol4_3.3.8-3 libapt-pkg4.12_0.9.14.2 libarchive-extract-perl_0.70-1 libasan0_4.8.2-11 libasprintf0c2_0.18.3.1-2 libatomic1_4.8.2-11 libattr1_1:2.4.47-1 libaudit-common_1:2.3.2-3 libaudit-dev_1:2.3.2-3 libaudit1_1:2.3.2-3 libblkid1_2.20.1-5.5 libbz2-1.0_1.0.6-5 libbz2-dev_1.0.6-5 libc-bin_2.17-97 libc-dev-bin_2.17-97 libc6_2.17-97 libc6-dev_2.17-97 libcap-dev_1:2.22-1.2 libcap-ng-dev_0.7.3-1+b1 libcap-ng0_0.7.3-1+b1 libcap2_1:2.22-1.2 libcgroup-dev_0.38-3 libcgroup1_0.38-3 libclang-common-3.4-dev_1:3.4-1 libclang1-3.4_1:3.4-1 libclass-isa-perl_0.36-5 libcloog-isl4_0.18.1-3 libcloog-ppl1_0.16.1-4 libcomerr2_1.42.9-2 libcroco3_0.6.8-2 libdb5.1_5.1.29-7 libdbus-1-3_1.6.18-2 libdbus-1-dev_1.6.18-2 libdbus-glib-1-2_0.100.2-1 libdbus-glib-1-dev_0.100.2-1 libdpkg-perl_1.17.5 libelfg0_0.8.13-5 libexpat1_2.1.0-4 libexpat1-dev_2.1.0-4 libfakeroot_1.20-3 libffi6_3.0.13-10 libfile-fcntllock-perl_0.14-2+b1 libgc1c2_1:7.2d-6 libgcc-4.7-dev_4.7.3-9 libgcc-4.8-dev_4.8.2-11 libgcc1_1:4.8.2-11 libgdbm3_1.8.3-12 libglib2.0-0_2.36.4-1 libglib2.0-bin_2.36.4-1 libglib2.0-data_2.36.4-1 libglib2.0-dev_2.36.4-1 libgmp10_2:5.1.3+dfsg-1 libgmpxx4ldbl_2:5.1.3+dfsg-1 libgomp1_4.8.2-11 libgpm2_1.20.4-6.1 libisl10_0.12.1-2 libitm1_4.8.2-11 libllvm3.4_1:3.4-1 liblocale-gettext-perl_1.05-7+b2 liblog-message-simple-perl_0.10-1 liblzma5_5.1.1alpha+20120614-2 libmagic1_1:5.14-2 libmodule-pluggable-perl_4.8-1 libmount1_2.20.1-5.5 libmpc2_0.9-4 libmpc3_1.0.1-1 libmpfr4_3.1.2-1 libncurses5_5.9+20130608-1 libncursesw5_5.9+20130608-1 libobjc-4.8-dev_4.8.2-11 libobjc4_4.8.2-11 libpam-modules_1.1.3-10 libpam-modules-bin_1.1.3-10 libpam-runtime_1.1.3-10 libpam0g_1.1.3-10 libpam0g-dev_1.1.3-10 libpcre3_1:8.31-2 libpcre3-dev_1:8.31-2 libpcrecpp0_1:8.31-2 libpipeline1_1.2.6-1 libpod-latex-perl_0.61-1 libpopt0_1.16-8 libppl-c4_1:1.0-7 libppl12_1:1.0-7 libpython-dev_2.7.5-5 libpython-stdlib_2.7.5-5 libpython2.7_2.7.6-4 libpython2.7-dev_2.7.6-4 libpython2.7-minimal_2.7.6-4 libpython2.7-stdlib_2.7.6-4 libqpol-dev_3.3.8-3 libqpol1_3.3.8-3 libquadmath0_4.8.2-11 libreadline6_6.2+dfsg-0.1 libselinux1_2.2.1-1 libselinux1-dev_2.2.1-1 libsemanage-common_2.2-1 libsemanage1_2.2-1 libsemanage1-dev_2.2-1 libsepol1_2.2-1 libsepol1-dev_2.2-1 libsigsegv2_2.10-2 libslang2_2.2.4-16 libsqlite3-0_3.8.2-1 libss2_1.42.9-2 libssl1.0.0_1.0.1e-6 libstdc++-4.8-dev_4.8.2-11 libstdc++6_4.8.2-11 libstdc++6-4.6-dev_4.6.4-5 libswitch-perl_2.16-2 libterm-ui-perl_0.42-1 libtext-charwidth-perl_0.04-7+b2 libtext-iconv-perl_1.7-5+b1 libtext-soundex-perl_3.4-1+b1 libtext-wrapi18n-perl_0.06-7 libtimedate-perl_2.3000-1 libtinfo5_5.9+20130608-1 libtsan0_4.8.2-11 libunistring0_0.9.3-5 libusb-0.1-4_2:0.1.12-23.3 libustr-1.0-1_1.0.4-3 libustr-dev_1.0.4-3 libuuid1_2.20.1-5.5 libxml2_2.9.1+dfsg1-3 linux-libc-dev_3.12.6-2 login_1:4.1.5.1-1 lsb-base_4.1+Debian12 make_3.81-8.3 man-db_2.6.5-3 mawk_1.3.3-17 mime-support_3.54 mount_2.20.1-5.5 multiarch-support_2.17-97 ncurses-base_5.9+20130608-1 ncurses-bin_5.9+20130608-1 passwd_1:4.1.5.1-1 patch_2.7.1-4 perl_5.18.1-5 perl-base_5.18.1-5 perl-modules_5.18.1-5 pkg-config_0.26-1 po-debconf_1.0.16+nmu2 python_2.7.5-5 python-dev_2.7.5-5 python-minimal_2.7.5-5 python-selinux_2.2.1-1 python-sepolgen_1.2.1-1 python-setools_3.3.8-3 python2.7_2.7.6-4 python2.7-dev_2.7.6-4 python2.7-minimal_2.7.6-4 readline-common_6.2+dfsg-0.1 sbuild-build-depends-core-dummy_0.invalid.0 sbuild-build-depends-policycoreutils-dummy_0.invalid.0 sed_4.2.2-3 sensible-utils_0.0.9 sudo_1.8.8-2 sysv-rc_2.88dsf-45 sysvinit_2.88dsf-45 sysvinit-core_2.88dsf-45 sysvinit-utils_2.88dsf-45 tar_1.27-4 tzdata_2013i-1 ucf_3.0027+nmu1 util-linux_2.20.1-5.5 vim_2:7.4.052-1 vim-common_2:7.4.052-1 vim-runtime_2:7.4.052-1 xz-utils_5.1.1alpha+20120614-2 zlib1g_1:1.2.8.dfsg-1 zlib1g-dev_1:1.2.8.dfsg-1

┌──────────────────────────────────────────────────────────────────────────────┐
│ Build                                                                        │
└──────────────────────────────────────────────────────────────────────────────┘


Unpack source
─────────────

gpgv: keyblock resource `/sbuild-nonexistent/.gnupg/trustedkeys.gpg': file open error
gpgv: Signature made Sun Dec 29 13:49:04 2013 UTC using RSA key ID BAB043D5
gpgv: Can't check signature: public key not found
dpkg-source: warning: failed to verify signature on ./policycoreutils_2.2.5-1.dsc
dpkg-source: info: extracting policycoreutils in policycoreutils-2.2.5
dpkg-source: info: unpacking policycoreutils_2.2.5.orig.tar.gz
dpkg-source: info: unpacking policycoreutils_2.2.5-1.debian.tar.gz
dpkg-source: info: applying 0001-legacy.patch
dpkg-source: info: applying 0002-Made-fixfiles-display-the-progress.patch
dpkg-source: info: applying 0005-build-system.patch
dpkg-source: info: applying 0006-default-config.patch
dpkg-source: info: applying 0009-find-does-not-have-a-context-switch.patch
dpkg-source: info: applying 0015-mcstrans-upgrade-from-squeeze
dpkg-source: info: applying 0016-open-init-pty
dpkg-source: info: applying 0017-no-sandbox
dpkg-source: info: applying 0018-sandbox-config.patch
dpkg-source: info: applying 0022-sepolicy-path.patch
dpkg-source: info: applying 0024-fix-manpages.patch
dpkg-source: info: applying 0025-restorecon-service.patch

Check disc space
────────────────

Sufficient free space for build

Hack binNMU version
───────────────────

Created changelog entry for binNMU version 2.2.5-1clang1

User Environment
────────────────

DEB_BUILD_OPTIONS=parallel=10
HOME=/sbuild-nonexistent
LOGNAME=user
PATH=/usr/local/sbin:/usr/local/bin:/usr/sbin:/usr/bin:/sbin:/bin:/usr/games
SCHROOT_ALIAS_NAME=unstable-amd64-sbuild
SCHROOT_CHROOT_NAME=unstable-amd64-sbuild
SCHROOT_COMMAND=env
SCHROOT_GID=1000
SCHROOT_GROUP=user
SCHROOT_SESSION_ID=unstable-amd64-sbuild-fbe43859-d2a1-46f1-b5fe-fa9cb4d14614
SCHROOT_UID=1000
SCHROOT_USER=user
SHELL=/bin/sh
USER=user

dpkg-buildpackage
─────────────────

dpkg-buildpackage: source package policycoreutils
dpkg-buildpackage: source version 2.2.5-1clang1
dpkg-buildpackage: source distribution unstable
 dpkg-source --before-build policycoreutils-2.2.5
dpkg-buildpackage: host architecture amd64
 fakeroot debian/rules clean
dh clean --with python2 --with systemd
   dh_testdir
   dh_auto_clean
make[1]: Entering directory `/«PKGBUILDDIR»'
make[2]: Entering directory `/«PKGBUILDDIR»/sepolicy'
/usr/bin/python setup.py clean
running clean
rm -rf build *~ \#* *pyc .#*
make[2]: Leaving directory `/«PKGBUILDDIR»/sepolicy'
make[2]: Entering directory `/«PKGBUILDDIR»/setfiles'
rm -f setfiles restorecon *.o setfiles.8.man restorecon.8.man
make[2]: Leaving directory `/«PKGBUILDDIR»/setfiles'
make[2]: Entering directory `/«PKGBUILDDIR»/semanage'
make[2]: Nothing to be done for `clean'.
make[2]: Leaving directory `/«PKGBUILDDIR»/semanage'
make[2]: Entering directory `/«PKGBUILDDIR»/load_policy'
rm -f load_policy *.o 
make[2]: Leaving directory `/«PKGBUILDDIR»/load_policy'
make[2]: Entering directory `/«PKGBUILDDIR»/newrole'
rm -f newrole *.o 
make[2]: Leaving directory `/«PKGBUILDDIR»/newrole'
make[2]: Entering directory `/«PKGBUILDDIR»/run_init'
rm -f open_init_pty run_init *.o 
make[2]: Leaving directory `/«PKGBUILDDIR»/run_init'
make[2]: Entering directory `/«PKGBUILDDIR»/secon'
rm -f *.o core* secon *~ *.bak
make[2]: Leaving directory `/«PKGBUILDDIR»/secon'
make[2]: Entering directory `/«PKGBUILDDIR»/audit2allow'
rm -f *~
make[2]: Leaving directory `/«PKGBUILDDIR»/audit2allow'
make[2]: Entering directory `/«PKGBUILDDIR»/sestatus'
rm -f sestatus *.o 
make[2]: Leaving directory `/«PKGBUILDDIR»/sestatus'
make[2]: Entering directory `/«PKGBUILDDIR»/semodule_package'
rm -f semodule_package semodule_unpackage *.o
make[2]: Leaving directory `/«PKGBUILDDIR»/semodule_package'
make[2]: Entering directory `/«PKGBUILDDIR»/semodule'
rm -f semodule *.o genhomedircon
make[2]: Leaving directory `/«PKGBUILDDIR»/semodule'
make[2]: Entering directory `/«PKGBUILDDIR»/semodule_link'
rm -f semodule_link *.o
make[2]: Leaving directory `/«PKGBUILDDIR»/semodule_link'
make[2]: Entering directory `/«PKGBUILDDIR»/semodule_expand'
rm -f semodule_expand *.o
make[2]: Leaving directory `/«PKGBUILDDIR»/semodule_expand'
make[2]: Entering directory `/«PKGBUILDDIR»/semodule_deps'
rm -f semodule_deps *.o
make[2]: Leaving directory `/«PKGBUILDDIR»/semodule_deps'
make[2]: Entering directory `/«PKGBUILDDIR»/sepolgen-ifgen'
rm -f *~ *.o sepolgen-ifgen-attr-helper
make[2]: Leaving directory `/«PKGBUILDDIR»/sepolgen-ifgen'
make[2]: Entering directory `/«PKGBUILDDIR»/setsebool'
rm -f setsebool *.o
make[2]: Leaving directory `/«PKGBUILDDIR»/setsebool'
make[2]: Entering directory `/«PKGBUILDDIR»/scripts'
rm -f genhomedircon
make[2]: Leaving directory `/«PKGBUILDDIR»/scripts'
make[2]: Entering directory `/«PKGBUILDDIR»/po'
make[2]: Leaving directory `/«PKGBUILDDIR»/po'
make[2]: Entering directory `/«PKGBUILDDIR»/man'
make[2]: Nothing to be done for `clean'.
make[2]: Leaving directory `/«PKGBUILDDIR»/man'
make[2]: Entering directory `/«PKGBUILDDIR»/gui'
make[2]: Nothing to be done for `clean'.
make[2]: Leaving directory `/«PKGBUILDDIR»/gui'
make[2]: Entering directory `/«PKGBUILDDIR»/restorecond'
rm -f restorecond *.o *~
make[2]: Leaving directory `/«PKGBUILDDIR»/restorecond'
make[2]: Entering directory `/«PKGBUILDDIR»/restorecond'
rm -f restorecond *.o *~
make[2]: Leaving directory `/«PKGBUILDDIR»/restorecond'
make[2]: Entering directory `/«PKGBUILDDIR»/mcstrans'
rm -f *~ \#*
make -C src clean
make[3]: Entering directory `/«PKGBUILDDIR»/mcstrans/src'
rm -f    mcstransd mcstrans.o mcscolor.o mcstransd.o mls_level.o *~ \#*
make[3]: Leaving directory `/«PKGBUILDDIR»/mcstrans/src'
make -C utils clean
make[3]: Entering directory `/«PKGBUILDDIR»/mcstrans/utils'
rm -f transcon untranscon *.o *~ \#*
make[3]: Leaving directory `/«PKGBUILDDIR»/mcstrans/utils'
make -C man clean
make[3]: Entering directory `/«PKGBUILDDIR»/mcstrans/man'
rm -f *~ \#*
rm -f man8/*~ man8/\#*
make[3]: Leaving directory `/«PKGBUILDDIR»/mcstrans/man'
make[2]: Leaving directory `/«PKGBUILDDIR»/mcstrans'
make[1]: Leaving directory `/«PKGBUILDDIR»'
   dh_clean
 debian/rules build-arch
dh build-arch --with python2 --with systemd
   dh_testdir -a
   dh_auto_configure -a
   dh_auto_build -a
make[1]: Entering directory `/«PKGBUILDDIR»'
make[2]: Entering directory `/«PKGBUILDDIR»/sepolicy'
/usr/bin/python setup.py build
running build
running build_py
creating build
creating build/lib.linux-x86_64-2.7
creating build/lib.linux-x86_64-2.7/sepolicy
copying sepolicy/transition.py -> build/lib.linux-x86_64-2.7/sepolicy
copying sepolicy/sedbus.py -> build/lib.linux-x86_64-2.7/sepolicy
copying sepolicy/network.py -> build/lib.linux-x86_64-2.7/sepolicy
copying sepolicy/manpage.py -> build/lib.linux-x86_64-2.7/sepolicy
copying sepolicy/interface.py -> build/lib.linux-x86_64-2.7/sepolicy
copying sepolicy/gui.py -> build/lib.linux-x86_64-2.7/sepolicy
copying sepolicy/generate.py -> build/lib.linux-x86_64-2.7/sepolicy
copying sepolicy/communicate.py -> build/lib.linux-x86_64-2.7/sepolicy
copying sepolicy/booleans.py -> build/lib.linux-x86_64-2.7/sepolicy
copying sepolicy/__init__.py -> build/lib.linux-x86_64-2.7/sepolicy
creating build/lib.linux-x86_64-2.7/sepolicy/templates
copying sepolicy/templates/var_spool.py -> build/lib.linux-x86_64-2.7/sepolicy/templates
copying sepolicy/templates/var_run.py -> build/lib.linux-x86_64-2.7/sepolicy/templates
copying sepolicy/templates/var_log.py -> build/lib.linux-x86_64-2.7/sepolicy/templates
copying sepolicy/templates/var_lib.py -> build/lib.linux-x86_64-2.7/sepolicy/templates
copying sepolicy/templates/var_cache.py -> build/lib.linux-x86_64-2.7/sepolicy/templates
copying sepolicy/templates/user.py -> build/lib.linux-x86_64-2.7/sepolicy/templates
copying sepolicy/templates/unit_file.py -> build/lib.linux-x86_64-2.7/sepolicy/templates
copying sepolicy/templates/tmp.py -> build/lib.linux-x86_64-2.7/sepolicy/templates
copying sepolicy/templates/test_module.py -> build/lib.linux-x86_64-2.7/sepolicy/templates
copying sepolicy/templates/spec.py -> build/lib.linux-x86_64-2.7/sepolicy/templates
copying sepolicy/templates/semodule.py -> build/lib.linux-x86_64-2.7/sepolicy/templates
copying sepolicy/templates/script.py -> build/lib.linux-x86_64-2.7/sepolicy/templates
copying sepolicy/templates/rw.py -> build/lib.linux-x86_64-2.7/sepolicy/templates
copying sepolicy/templates/network.py -> build/lib.linux-x86_64-2.7/sepolicy/templates
copying sepolicy/templates/executable.py -> build/lib.linux-x86_64-2.7/sepolicy/templates
copying sepolicy/templates/etc_rw.py -> build/lib.linux-x86_64-2.7/sepolicy/templates
copying sepolicy/templates/boolean.py -> build/lib.linux-x86_64-2.7/sepolicy/templates
copying sepolicy/templates/__init__.py -> build/lib.linux-x86_64-2.7/sepolicy/templates
creating build/lib.linux-x86_64-2.7/sepolicy/help
copying sepolicy/help/__init__.py -> build/lib.linux-x86_64-2.7/sepolicy/help
copying sepolicy/sepolicy.glade -> build/lib.linux-x86_64-2.7/sepolicy
copying sepolicy/help/users.txt -> build/lib.linux-x86_64-2.7/sepolicy/help
copying sepolicy/help/transition_to.txt -> build/lib.linux-x86_64-2.7/sepolicy/help
copying sepolicy/help/transition_from_boolean_2.txt -> build/lib.linux-x86_64-2.7/sepolicy/help
copying sepolicy/help/transition_from_boolean_1.txt -> build/lib.linux-x86_64-2.7/sepolicy/help
copying sepolicy/help/transition_from_boolean.txt -> build/lib.linux-x86_64-2.7/sepolicy/help
copying sepolicy/help/transition_from.txt -> build/lib.linux-x86_64-2.7/sepolicy/help
copying sepolicy/help/transition_file.txt -> build/lib.linux-x86_64-2.7/sepolicy/help
copying sepolicy/help/system_relabel.txt -> build/lib.linux-x86_64-2.7/sepolicy/help
copying sepolicy/help/system_policy_type.txt -> build/lib.linux-x86_64-2.7/sepolicy/help
copying sepolicy/help/system_export.txt -> build/lib.linux-x86_64-2.7/sepolicy/help
copying sepolicy/help/system_current_mode.txt -> build/lib.linux-x86_64-2.7/sepolicy/help
copying sepolicy/help/system_boot_mode.txt -> build/lib.linux-x86_64-2.7/sepolicy/help
copying sepolicy/help/system.txt -> build/lib.linux-x86_64-2.7/sepolicy/help
copying sepolicy/help/start.txt -> build/lib.linux-x86_64-2.7/sepolicy/help
copying sepolicy/help/ports_outbound.txt -> build/lib.linux-x86_64-2.7/sepolicy/help
copying sepolicy/help/ports_inbound.txt -> build/lib.linux-x86_64-2.7/sepolicy/help
copying sepolicy/help/login_default.txt -> build/lib.linux-x86_64-2.7/sepolicy/help
copying sepolicy/help/login.txt -> build/lib.linux-x86_64-2.7/sepolicy/help
copying sepolicy/help/lockdown_unconfined.txt -> build/lib.linux-x86_64-2.7/sepolicy/help
copying sepolicy/help/lockdown_ptrace.txt -> build/lib.linux-x86_64-2.7/sepolicy/help
copying sepolicy/help/lockdown_permissive.txt -> build/lib.linux-x86_64-2.7/sepolicy/help
copying sepolicy/help/lockdown.txt -> build/lib.linux-x86_64-2.7/sepolicy/help
copying sepolicy/help/files_write.txt -> build/lib.linux-x86_64-2.7/sepolicy/help
copying sepolicy/help/files_exec.txt -> build/lib.linux-x86_64-2.7/sepolicy/help
copying sepolicy/help/files_apps.txt -> build/lib.linux-x86_64-2.7/sepolicy/help
copying sepolicy/help/file_equiv.txt -> build/lib.linux-x86_64-2.7/sepolicy/help
copying sepolicy/help/booleans_toggled.txt -> build/lib.linux-x86_64-2.7/sepolicy/help
copying sepolicy/help/booleans_more_show.txt -> build/lib.linux-x86_64-2.7/sepolicy/help
copying sepolicy/help/booleans_more.txt -> build/lib.linux-x86_64-2.7/sepolicy/help
copying sepolicy/help/booleans.txt -> build/lib.linux-x86_64-2.7/sepolicy/help
copying sepolicy/help/users.png -> build/lib.linux-x86_64-2.7/sepolicy/help
copying sepolicy/help/transition_to.png -> build/lib.linux-x86_64-2.7/sepolicy/help
copying sepolicy/help/transition_from_boolean_2.png -> build/lib.linux-x86_64-2.7/sepolicy/help
copying sepolicy/help/transition_from_boolean_1.png -> build/lib.linux-x86_64-2.7/sepolicy/help
copying sepolicy/help/transition_from_boolean.png -> build/lib.linux-x86_64-2.7/sepolicy/help
copying sepolicy/help/transition_from.png -> build/lib.linux-x86_64-2.7/sepolicy/help
copying sepolicy/help/transition_file.png -> build/lib.linux-x86_64-2.7/sepolicy/help
copying sepolicy/help/system_relabel.png -> build/lib.linux-x86_64-2.7/sepolicy/help
copying sepolicy/help/system_policy_type.png -> build/lib.linux-x86_64-2.7/sepolicy/help
copying sepolicy/help/system_export.png -> build/lib.linux-x86_64-2.7/sepolicy/help
copying sepolicy/help/system_current_mode.png -> build/lib.linux-x86_64-2.7/sepolicy/help
copying sepolicy/help/system_boot_mode.png -> build/lib.linux-x86_64-2.7/sepolicy/help
copying sepolicy/help/system.png -> build/lib.linux-x86_64-2.7/sepolicy/help
copying sepolicy/help/start.png -> build/lib.linux-x86_64-2.7/sepolicy/help
copying sepolicy/help/ports_outbound.png -> build/lib.linux-x86_64-2.7/sepolicy/help
copying sepolicy/help/ports_inbound.png -> build/lib.linux-x86_64-2.7/sepolicy/help
copying sepolicy/help/login_default.png -> build/lib.linux-x86_64-2.7/sepolicy/help
copying sepolicy/help/login.png -> build/lib.linux-x86_64-2.7/sepolicy/help
copying sepolicy/help/lockdown_unconfined.png -> build/lib.linux-x86_64-2.7/sepolicy/help
copying sepolicy/help/lockdown_ptrace.png -> build/lib.linux-x86_64-2.7/sepolicy/help
copying sepolicy/help/lockdown_permissive.png -> build/lib.linux-x86_64-2.7/sepolicy/help
copying sepolicy/help/lockdown.png -> build/lib.linux-x86_64-2.7/sepolicy/help
copying sepolicy/help/files_write.png -> build/lib.linux-x86_64-2.7/sepolicy/help
copying sepolicy/help/files_exec.png -> build/lib.linux-x86_64-2.7/sepolicy/help
copying sepolicy/help/files_apps.png -> build/lib.linux-x86_64-2.7/sepolicy/help
copying sepolicy/help/file_equiv.png -> build/lib.linux-x86_64-2.7/sepolicy/help
copying sepolicy/help/booleans_toggled.png -> build/lib.linux-x86_64-2.7/sepolicy/help
copying sepolicy/help/booleans_more_show.png -> build/lib.linux-x86_64-2.7/sepolicy/help
copying sepolicy/help/booleans_more.png -> build/lib.linux-x86_64-2.7/sepolicy/help
copying sepolicy/help/booleans.png -> build/lib.linux-x86_64-2.7/sepolicy/help
running build_ext
building 'sepolicy._policy' extension
creating build/temp.linux-x86_64-2.7
x86_64-linux-gnu-gcc -pthread -fno-strict-aliasing -DNDEBUG -g -fwrapv -O2 -Wall -Wstrict-prototypes -I/usr/include -DPACKAGE=policycoreutils -Wall -Werror -Wextra -W -DSHARED -shared -D_FORTIFY_SOURCE=2 -fPIC -I/usr/include/python2.7 -c policy.c -o build/temp.linux-x86_64-2.7/policy.o
clang: error: argument unused during compilation: '-shared'
error: command 'x86_64-linux-gnu-gcc' failed with exit status 1
make[2]: *** [python-build] Error 1
make[2]: Leaving directory `/«PKGBUILDDIR»/sepolicy'
make[1]: *** [all] Error 1
dh_auto_build: make -j1 returned exit code 2
make[1]: Leaving directory `/«PKGBUILDDIR»'
make: *** [build-arch] Error 2
dpkg-buildpackage: error: debian/rules build-arch gave error exit status 2
────────────────────────────────────────────────────────────────────────────────
Build finished at 20140106-0824

Finished
────────

E: Build failure (dpkg-buildpackage died)

┌──────────────────────────────────────────────────────────────────────────────┐
│ Cleanup                                                                      │
└──────────────────────────────────────────────────────────────────────────────┘

Purging /«BUILDDIR»
Not cleaning session: cloned chroot in use

┌──────────────────────────────────────────────────────────────────────────────┐
│ Summary                                                                      │
└──────────────────────────────────────────────────────────────────────────────┘

Build Architecture: amd64
Build-Space: 25128
Build-Time: 4
Distribution: unstable
Fail-Stage: build
Host Architecture: amd64
Install-Time: 30
Job: policycoreutils_2.2.5-1
Machine Architecture: amd64
Package: policycoreutils
Package-Time: 88
Source-Version: 2.2.5-1
Space: 25128
Status: attempted
Version: 2.2.5-1clang1
────────────────────────────────────────────────────────────────────────────────
Finished at 20140106-0824
Build needed 00:01:28, 25128k disc space
DC-Status: Failed 88.495902732s
