DC-Build-Header: qpdf 5.1.0-1 / 2014-01-06 05:46:02 +0000
DC-Task: source:qpdf version:5.1.0-1 architecture:any chroot:unstable esttime:316 logfile:/tmp/qpdf_5.1.0-1_unstable_clang.log modes:binary-only:parallel:clang
DC-Sbuild-call: su user -c 'sbuild -n --apt-update -d unstable -v  --chroot-setup-commands=/tmp/switch-to-clang --append-to-version "clang1" --maintainer "Lucas Nussbaum <lucas@debian.org>" --uploader "Lucas Nussbaum <lucas@debian.org>" qpdf_5.1.0-1'
sbuild (Debian sbuild) 0.63.2 (18 Aug 2012) on ip-172-31-14-211.us-west-2.compute.internal

╔══════════════════════════════════════════════════════════════════════════════╗
║ qpdf 5.1.0-1clang1 (amd64)                                 06 Jan 2014 05:46 ║
╚══════════════════════════════════════════════════════════════════════════════╝

Package: qpdf
Version: 5.1.0-1clang1
Source Version: 5.1.0-1
Distribution: unstable
Machine Architecture: amd64
Host Architecture: amd64
Build Architecture: amd64

I: NOTICE: Log filtering will replace 'build/qpdf-UobR_4/qpdf-5.1.0' with '«PKGBUILDDIR»'
I: NOTICE: Log filtering will replace 'build/qpdf-UobR_4' with '«BUILDDIR»'
I: NOTICE: Log filtering will replace 'var/lib/schroot/mount/unstable-amd64-sbuild-f718b483-5253-4e1a-9f10-4d6a4429e60f' with '«CHROOT»'

┌──────────────────────────────────────────────────────────────────────────────┐
│ Update chroot                                                                │
└──────────────────────────────────────────────────────────────────────────────┘

Get:1 http://localhost:9999 unstable InRelease [206 kB]
Get:2 http://localhost:9999 unstable/main Sources/DiffIndex [7876 B]
Get:3 http://localhost:9999 unstable/main amd64 Packages/DiffIndex [7876 B]
Get:4 http://localhost:9999 unstable/main Translation-en/DiffIndex [7876 B]
Get:5 http://localhost:9999 unstable/main 2014-01-04-1439.27.pdiff [11.3 kB]
Get:6 http://localhost:9999 unstable/main 2014-01-04-1439.27.pdiff [11.3 kB]
Get:7 http://localhost:9999 unstable/main amd64 2014-01-04-1439.27.pdiff [11.8 kB]
Get:8 http://localhost:9999 unstable/main 2014-01-04-1439.27.pdiff [1898 B]
Get:9 http://localhost:9999 unstable/main amd64 2014-01-04-1439.27.pdiff [11.8 kB]
Get:10 http://localhost:9999 unstable/main 2014-01-04-2039.41.pdiff [12.3 kB]
Get:11 http://localhost:9999 unstable/main 2014-01-04-1439.27.pdiff [1898 B]
Get:12 http://localhost:9999 unstable/main amd64 2014-01-04-2039.41.pdiff [24.3 kB]
Get:13 http://localhost:9999 unstable/main 2014-01-04-2039.41.pdiff [12.3 kB]
Get:14 http://localhost:9999 unstable/main 2014-01-04-2039.41.pdiff [2358 B]
Get:15 http://localhost:9999 unstable/main amd64 2014-01-04-2039.41.pdiff [24.3 kB]
Get:16 http://localhost:9999 unstable/main 2014-01-05-0239.35.pdiff [9640 B]
Get:17 http://localhost:9999 unstable/main 2014-01-04-2039.41.pdiff [2358 B]
Get:18 http://localhost:9999 unstable/main amd64 2014-01-05-0239.35.pdiff [18.3 kB]
Get:19 http://localhost:9999 unstable/main 2014-01-05-0239.35.pdiff [9640 B]
Get:20 http://localhost:9999 unstable/main 2014-01-05-0239.35.pdiff [504 B]
Get:21 http://localhost:9999 unstable/main amd64 2014-01-05-0239.35.pdiff [18.3 kB]
Get:22 http://localhost:9999 unstable/main 2014-01-05-0840.32.pdiff [4885 B]
Get:23 http://localhost:9999 unstable/main 2014-01-05-0239.35.pdiff [504 B]
Get:24 http://localhost:9999 unstable/main amd64 2014-01-05-0840.32.pdiff [3950 B]
Get:25 http://localhost:9999 unstable/main 2014-01-05-0840.32.pdiff [4885 B]
Get:26 http://localhost:9999 unstable/main 2014-01-05-0840.32.pdiff [214 B]
Get:27 http://localhost:9999 unstable/main amd64 2014-01-05-0840.32.pdiff [3950 B]
Get:28 http://localhost:9999 unstable/main 2014-01-05-1438.24.pdiff [7183 B]
Get:29 http://localhost:9999 unstable/main 2014-01-05-0840.32.pdiff [214 B]
Get:30 http://localhost:9999 unstable/main amd64 2014-01-05-1438.24.pdiff [3882 B]
Get:31 http://localhost:9999 unstable/main 2014-01-05-1438.24.pdiff [7183 B]
Get:32 http://localhost:9999 unstable/main 2014-01-05-1438.24.pdiff [1111 B]
Get:33 http://localhost:9999 unstable/main amd64 2014-01-05-1438.24.pdiff [3882 B]
Get:34 http://localhost:9999 unstable/main 2014-01-05-2041.02.pdiff [20.2 kB]
Get:35 http://localhost:9999 unstable/main 2014-01-05-1438.24.pdiff [1111 B]
Get:36 http://localhost:9999 unstable/main amd64 2014-01-05-2041.02.pdiff [17.0 kB]
Get:37 http://localhost:9999 unstable/main 2014-01-05-2041.02.pdiff [20.2 kB]
Get:38 http://localhost:9999 unstable/main 2014-01-05-2041.02.pdiff [2166 B]
Get:39 http://localhost:9999 unstable/main amd64 2014-01-05-2041.02.pdiff [17.0 kB]
Get:40 http://localhost:9999 unstable/main 2014-01-05-2041.02.pdiff [2166 B]
Fetched 382 kB in 24s (15.5 kB/s)
Reading package lists...
Reading package lists...
Building dependency tree...
Reading state information...
The following packages will be upgraded:
  libterm-ui-perl
1 upgraded, 0 newly installed, 0 to remove and 0 not upgraded.
Need to get 19.1 kB of archives.
After this operation, 1024 B of additional disk space will be used.
Get:1 http://localhost:9999/debian/ unstable/main libterm-ui-perl all 0.42-1 [19.1 kB]
debconf: delaying package configuration, since apt-utils is not installed
Fetched 19.1 kB in 0s (1152 kB/s)
(Reading database ... 13944 files and directories currently installed.)
Preparing to unpack .../libterm-ui-perl_0.42-1_all.deb ...
Unpacking libterm-ui-perl (0.42-1) over (0.38-1) ...
Setting up libterm-ui-perl (0.42-1) ...

┌──────────────────────────────────────────────────────────────────────────────┐
│ Fetch source files                                                           │
└──────────────────────────────────────────────────────────────────────────────┘


Check APT
─────────

Checking available source versions...

Download source files with APT
──────────────────────────────

Reading package lists...
Building dependency tree...
Reading state information...
Need to get 7672 kB of source archives.
Get:1 http://localhost:9999/debian/ unstable/main qpdf 5.1.0-1 (dsc) [1832 B]
Get:2 http://localhost:9999/debian/ unstable/main qpdf 5.1.0-1 (tar) [7662 kB]
Get:3 http://localhost:9999/debian/ unstable/main qpdf 5.1.0-1 (diff) [7970 B]
Fetched 7672 kB in 2s (2855 kB/s)
Download complete and in download only mode

Check arch
──────────


┌──────────────────────────────────────────────────────────────────────────────┐
│ Chroot Setup Commands                                                        │
└──────────────────────────────────────────────────────────────────────────────┘


/tmp/switch-to-clang
────────────────────

+ echo 'Entering customization script...'
Entering customization script...
+ echo 'Install of clang-3.4'
Install of clang-3.4
+ apt-get update
Hit http://localhost:9999 unstable InRelease
Hit http://localhost:9999 unstable/main Sources/DiffIndex
Hit http://localhost:9999 unstable/main amd64 Packages/DiffIndex
Hit http://localhost:9999 unstable/main Translation-en/DiffIndex
Reading package lists...
+ apt-get install --yes --no-install-recommends --force-yes clang-3.4
Reading package lists...
Building dependency tree...
Reading state information...
The following extra packages will be installed:
  libclang-common-3.4-dev libclang1-3.4 libffi6 libllvm3.4 libobjc-4.8-dev
  libobjc4
Recommended packages:
  llvm-3.4-dev python
The following NEW packages will be installed:
  clang-3.4 libclang-common-3.4-dev libclang1-3.4 libffi6 libllvm3.4
  libobjc-4.8-dev libobjc4
0 upgraded, 7 newly installed, 0 to remove and 0 not upgraded.
Need to get 19.9 MB of archives.
After this operation, 82.1 MB of additional disk space will be used.
Get:1 http://localhost:9999/debian/ unstable/main libffi6 amd64 3.0.13-10 [19.3 kB]
Get:2 http://localhost:9999/debian/ unstable/main libllvm3.4 amd64 1:3.4-1 [6528 kB]
Get:3 http://localhost:9999/debian/ unstable/main libobjc4 amd64 4.8.2-11 [110 kB]
Get:4 http://localhost:9999/debian/ unstable/main libobjc-4.8-dev amd64 4.8.2-11 [370 kB]
Get:5 http://localhost:9999/debian/ unstable/main libclang1-3.4 amd64 1:3.4-1 [3526 kB]
Get:6 http://localhost:9999/debian/ unstable/main libclang-common-3.4-dev amd64 1:3.4-1 [516 kB]
Get:7 http://localhost:9999/debian/ unstable/main clang-3.4 amd64 1:3.4-1 [8878 kB]
debconf: delaying package configuration, since apt-utils is not installed
Fetched 19.9 MB in 0s (25.6 MB/s)
Selecting previously unselected package libffi6:amd64.
(Reading database ... 13944 files and directories currently installed.)
Preparing to unpack .../libffi6_3.0.13-10_amd64.deb ...
Unpacking libffi6:amd64 (3.0.13-10) ...
Selecting previously unselected package libllvm3.4:amd64.
Preparing to unpack .../libllvm3.4_1%3a3.4-1_amd64.deb ...
Unpacking libllvm3.4:amd64 (1:3.4-1) ...
Selecting previously unselected package libobjc4:amd64.
Preparing to unpack .../libobjc4_4.8.2-11_amd64.deb ...
Unpacking libobjc4:amd64 (4.8.2-11) ...
Selecting previously unselected package libobjc-4.8-dev:amd64.
Preparing to unpack .../libobjc-4.8-dev_4.8.2-11_amd64.deb ...
Unpacking libobjc-4.8-dev:amd64 (4.8.2-11) ...
Selecting previously unselected package libclang1-3.4:amd64.
Preparing to unpack .../libclang1-3.4_1%3a3.4-1_amd64.deb ...
Unpacking libclang1-3.4:amd64 (1:3.4-1) ...
Selecting previously unselected package libclang-common-3.4-dev.
Preparing to unpack .../libclang-common-3.4-dev_1%3a3.4-1_amd64.deb ...
Unpacking libclang-common-3.4-dev (1:3.4-1) ...
Selecting previously unselected package clang-3.4.
Preparing to unpack .../clang-3.4_1%3a3.4-1_amd64.deb ...
Unpacking clang-3.4 (1:3.4-1) ...
Setting up libffi6:amd64 (3.0.13-10) ...
Setting up libllvm3.4:amd64 (1:3.4-1) ...
Setting up libobjc4:amd64 (4.8.2-11) ...
Setting up libobjc-4.8-dev:amd64 (4.8.2-11) ...
Setting up libclang1-3.4:amd64 (1:3.4-1) ...
Setting up libclang-common-3.4-dev (1:3.4-1) ...
Setting up clang-3.4 (1:3.4-1) ...
Processing triggers for libc-bin (2.17-97) ...
+ echo 'Replace gcc, g++ & cpp by clang'
Replace gcc, g++ & cpp by clang
+ VERSIONS='4.6 4.7 4.8'
+ cd /usr/bin
+ for VERSION in '$VERSIONS'
+ rm -f g++-4.6 gcc-4.6 cpp-4.6
+ ln -s clang++ g++-4.6
+ ln -s clang gcc-4.6
+ ln -s clang cpp-4.6
+ for VERSION in '$VERSIONS'
+ rm -f g++-4.7 gcc-4.7 cpp-4.7
+ ln -s clang++ g++-4.7
+ ln -s clang gcc-4.7
+ ln -s clang cpp-4.7
+ for VERSION in '$VERSIONS'
+ rm -f g++-4.8 gcc-4.8 cpp-4.8
+ ln -s clang++ g++-4.8
+ ln -s clang gcc-4.8
+ ln -s clang cpp-4.8
+ cd -
/«BUILDDIR»
+ echo 'Block the installation of new gcc version'
Block the installation of new gcc version
+ dpkg --set-selections
+ echo 'gcc-4.6 hold'
+ dpkg --set-selections
+ echo 'cpp-4.6 hold'
+ dpkg --set-selections
+ echo 'g++-4.6 hold'
+ dpkg --set-selections
+ echo 'gcc-4.7 hold'
+ dpkg --set-selections
+ echo 'cpp-4.7 hold'
+ dpkg --set-selections
+ echo 'g++-4.7 hold'
+ dpkg --set-selections
+ echo 'gcc-4.8 hold'
+ dpkg --set-selections
+ echo 'cpp-4.8 hold'
+ dpkg --set-selections
+ echo 'g++-4.8 hold'
+ echo 'Check if gcc, g++ & cpp are actually clang'
Check if gcc, g++ & cpp are actually clang
+ grep clang
+ gcc --version
+ grep clang
+ cpp --version
+ grep clang
+ g++ --version

I: Finished running '/tmp/switch-to-clang'.

Finished processing commands.
────────────────────────────────────────────────────────────────────────────────
Merged Build-Depends: build-essential, fakeroot
Filtered Build-Depends: build-essential, fakeroot
dpkg-deb: building package `sbuild-build-depends-core-dummy' in `/«BUILDDIR»/resolver-FYYhZ4/apt_archive/sbuild-build-depends-core-dummy.deb'.
OK
Reading package lists...

┌──────────────────────────────────────────────────────────────────────────────┐
│ Install core build dependencies (apt-based resolver)                         │
└──────────────────────────────────────────────────────────────────────────────┘

Installing build dependencies
Reading package lists...
Building dependency tree...
Reading state information...
The following NEW packages will be installed:
  sbuild-build-depends-core-dummy
debconf: delaying package configuration, since apt-utils is not installed
0 upgraded, 1 newly installed, 0 to remove and 0 not upgraded.
Need to get 0 B/766 B of archives.
After this operation, 0 B of additional disk space will be used.
Selecting previously unselected package sbuild-build-depends-core-dummy.
(Reading database ... 14105 files and directories currently installed.)
Preparing to unpack .../sbuild-build-depends-core-dummy.deb ...
Unpacking sbuild-build-depends-core-dummy (0.invalid.0) ...
Setting up sbuild-build-depends-core-dummy (0.invalid.0) ...
Merged Build-Depends: base-files, base-passwd, bash, bsdutils, coreutils, dash, debianutils, diffutils, dpkg, e2fsprogs, findutils, grep, gzip, hostname, libc-bin, login, mount, ncurses-base, ncurses-bin, perl-base, sed, sysvinit, sysvinit-utils, tar, util-linux, libc6-dev | libc-dev, gcc (>= 4:4.4.3), g++ (>= 4:4.4.3), make, dpkg-dev (>= 1.13.5), cdbs (>> 0.4.93~), debhelper (>> 9~), dh-autoreconf, dpkg-dev (>= 1.16.1~), libpcre3-dev, zlib1g-dev
Filtered Build-Depends: base-files, base-passwd, bash, bsdutils, coreutils, dash, debianutils, diffutils, dpkg, e2fsprogs, findutils, grep, gzip, hostname, libc-bin, login, mount, ncurses-base, ncurses-bin, perl-base, sed, sysvinit, sysvinit-utils, tar, util-linux, libc6-dev, gcc (>= 4:4.4.3), g++ (>= 4:4.4.3), make, dpkg-dev (>= 1.13.5), cdbs (>> 0.4.93~), debhelper (>> 9~), dh-autoreconf, dpkg-dev (>= 1.16.1~), libpcre3-dev, zlib1g-dev
dpkg-deb: building package `sbuild-build-depends-qpdf-dummy' in `/«BUILDDIR»/resolver-tXIIe2/apt_archive/sbuild-build-depends-qpdf-dummy.deb'.
OK
Reading package lists...

┌──────────────────────────────────────────────────────────────────────────────┐
│ Install qpdf build dependencies (apt-based resolver)                         │
└──────────────────────────────────────────────────────────────────────────────┘

Installing build dependencies
Reading package lists...
Building dependency tree...
Reading state information...
The following extra packages will be installed:
  autoconf automake autopoint autotools-dev bsdmainutils cdbs debhelper
  dh-autoreconf file gettext gettext-base groff-base intltool-debian
  libasprintf0c2 libcroco3 libglib2.0-0 libmagic1 libpcre3-dev libpcrecpp0
  libpipeline1 libsigsegv2 libtool libunistring0 libxml2 m4 man-db po-debconf
  zlib1g-dev
Suggested packages:
  autoconf2.13 autoconf-archive gnu-standards autoconf-doc wamerican wordlist
  whois vacation devscripts dh-make gettext-doc groff libtool-doc automaken
  gfortran fortran95-compiler gcj-jdk less www-browser libmail-box-perl
Recommended packages:
  curl wget lynx-cur libasprintf-dev libgettextpo-dev libglib2.0-data
  shared-mime-info libltdl-dev xml-core libmail-sendmail-perl
The following NEW packages will be installed:
  autoconf automake autopoint autotools-dev bsdmainutils cdbs debhelper
  dh-autoreconf file gettext gettext-base groff-base intltool-debian
  libasprintf0c2 libcroco3 libglib2.0-0 libmagic1 libpcre3-dev libpcrecpp0
  libpipeline1 libsigsegv2 libtool libunistring0 libxml2 m4 man-db po-debconf
  sbuild-build-depends-qpdf-dummy zlib1g-dev
0 upgraded, 29 newly installed, 0 to remove and 0 not upgraded.
Need to get 11.0 MB/11.0 MB of archives.
After this operation, 32.5 MB of additional disk space will be used.
Get:1 http://localhost:9999/debian/ unstable/main libpipeline1 amd64 1.2.6-1 [24.8 kB]
Get:2 http://localhost:9999/debian/ unstable/main groff-base amd64 1.22.2-3 [747 kB]
Get:3 http://localhost:9999/debian/ unstable/main bsdmainutils amd64 9.0.5 [211 kB]
Get:4 http://localhost:9999/debian/ unstable/main man-db amd64 2.6.5-3 [975 kB]
Get:5 http://localhost:9999/debian/ unstable/main libasprintf0c2 amd64 0.18.3.1-2 [29.1 kB]
Get:6 http://localhost:9999/debian/ unstable/main libmagic1 amd64 1:5.14-2 [216 kB]
Get:7 http://localhost:9999/debian/ unstable/main libxml2 amd64 2.9.1+dfsg1-3 [791 kB]
Get:8 http://localhost:9999/debian/ unstable/main libglib2.0-0 amd64 2.36.4-1 [2055 kB]
Get:9 http://localhost:9999/debian/ unstable/main libcroco3 amd64 0.6.8-2 [133 kB]
Get:10 http://localhost:9999/debian/ unstable/main libpcrecpp0 amd64 1:8.31-2 [128 kB]
Get:11 http://localhost:9999/debian/ unstable/main libsigsegv2 amd64 2.10-2 [29.8 kB]
Get:12 http://localhost:9999/debian/ unstable/main libunistring0 amd64 0.9.3-5 [434 kB]
Get:13 http://localhost:9999/debian/ unstable/main file amd64 1:5.14-2 [54.0 kB]
Get:14 http://localhost:9999/debian/ unstable/main gettext-base amd64 0.18.3.1-2 [116 kB]
Get:15 http://localhost:9999/debian/ unstable/main m4 amd64 1.4.17-2 [255 kB]
Get:16 http://localhost:9999/debian/ unstable/main autoconf all 2.69-2 [339 kB]
Get:17 http://localhost:9999/debian/ unstable/main autotools-dev all 20130810.1 [69.6 kB]
Get:18 http://localhost:9999/debian/ unstable/main automake all 1:1.14.1-2 [724 kB]
Get:19 http://localhost:9999/debian/ unstable/main autopoint all 0.18.3.1-2 [392 kB]
Get:20 http://localhost:9999/debian/ unstable/main cdbs all 0.4.122 [81.4 kB]
Get:21 http://localhost:9999/debian/ unstable/main gettext amd64 0.18.3.1-2 [1202 kB]
Get:22 http://localhost:9999/debian/ unstable/main intltool-debian all 0.35.0+20060710.1 [30.8 kB]
Get:23 http://localhost:9999/debian/ unstable/main po-debconf all 1.0.16+nmu2 [224 kB]
Get:24 http://localhost:9999/debian/ unstable/main debhelper all 9.20131227 [687 kB]
Get:25 http://localhost:9999/debian/ unstable/main libtool amd64 2.4.2-1.6 [505 kB]
Get:26 http://localhost:9999/debian/ unstable/main dh-autoreconf all 9 [15.5 kB]
Get:27 http://localhost:9999/debian/ unstable/main libpcre3-dev amd64 1:8.31-2 [356 kB]
Get:28 http://localhost:9999/debian/ unstable/main zlib1g-dev amd64 1:1.2.8.dfsg-1 [217 kB]
debconf: delaying package configuration, since apt-utils is not installed
Fetched 11.0 MB in 0s (20.7 MB/s)
Selecting previously unselected package libpipeline1:amd64.
(Reading database ... 14105 files and directories currently installed.)
Preparing to unpack .../libpipeline1_1.2.6-1_amd64.deb ...
Unpacking libpipeline1:amd64 (1.2.6-1) ...
Selecting previously unselected package groff-base.
Preparing to unpack .../groff-base_1.22.2-3_amd64.deb ...
Unpacking groff-base (1.22.2-3) ...
Selecting previously unselected package bsdmainutils.
Preparing to unpack .../bsdmainutils_9.0.5_amd64.deb ...
Unpacking bsdmainutils (9.0.5) ...
Selecting previously unselected package man-db.
Preparing to unpack .../man-db_2.6.5-3_amd64.deb ...
Unpacking man-db (2.6.5-3) ...
Selecting previously unselected package libasprintf0c2:amd64.
Preparing to unpack .../libasprintf0c2_0.18.3.1-2_amd64.deb ...
Unpacking libasprintf0c2:amd64 (0.18.3.1-2) ...
Selecting previously unselected package libmagic1:amd64.
Preparing to unpack .../libmagic1_1%3a5.14-2_amd64.deb ...
Unpacking libmagic1:amd64 (1:5.14-2) ...
Selecting previously unselected package libxml2:amd64.
Preparing to unpack .../libxml2_2.9.1+dfsg1-3_amd64.deb ...
Unpacking libxml2:amd64 (2.9.1+dfsg1-3) ...
Selecting previously unselected package libglib2.0-0:amd64.
Preparing to unpack .../libglib2.0-0_2.36.4-1_amd64.deb ...
Unpacking libglib2.0-0:amd64 (2.36.4-1) ...
Selecting previously unselected package libcroco3:amd64.
Preparing to unpack .../libcroco3_0.6.8-2_amd64.deb ...
Unpacking libcroco3:amd64 (0.6.8-2) ...
Selecting previously unselected package libpcrecpp0:amd64.
Preparing to unpack .../libpcrecpp0_1%3a8.31-2_amd64.deb ...
Unpacking libpcrecpp0:amd64 (1:8.31-2) ...
Selecting previously unselected package libsigsegv2:amd64.
Preparing to unpack .../libsigsegv2_2.10-2_amd64.deb ...
Unpacking libsigsegv2:amd64 (2.10-2) ...
Selecting previously unselected package libunistring0:amd64.
Preparing to unpack .../libunistring0_0.9.3-5_amd64.deb ...
Unpacking libunistring0:amd64 (0.9.3-5) ...
Selecting previously unselected package file.
Preparing to unpack .../file_1%3a5.14-2_amd64.deb ...
Unpacking file (1:5.14-2) ...
Selecting previously unselected package gettext-base.
Preparing to unpack .../gettext-base_0.18.3.1-2_amd64.deb ...
Unpacking gettext-base (0.18.3.1-2) ...
Selecting previously unselected package m4.
Preparing to unpack .../archives/m4_1.4.17-2_amd64.deb ...
Unpacking m4 (1.4.17-2) ...
Selecting previously unselected package autoconf.
Preparing to unpack .../autoconf_2.69-2_all.deb ...
Unpacking autoconf (2.69-2) ...
Selecting previously unselected package autotools-dev.
Preparing to unpack .../autotools-dev_20130810.1_all.deb ...
Unpacking autotools-dev (20130810.1) ...
Selecting previously unselected package automake.
Preparing to unpack .../automake_1%3a1.14.1-2_all.deb ...
Unpacking automake (1:1.14.1-2) ...
Selecting previously unselected package autopoint.
Preparing to unpack .../autopoint_0.18.3.1-2_all.deb ...
Unpacking autopoint (0.18.3.1-2) ...
Selecting previously unselected package cdbs.
Preparing to unpack .../archives/cdbs_0.4.122_all.deb ...
Unpacking cdbs (0.4.122) ...
Selecting previously unselected package gettext.
Preparing to unpack .../gettext_0.18.3.1-2_amd64.deb ...
Unpacking gettext (0.18.3.1-2) ...
Selecting previously unselected package intltool-debian.
Preparing to unpack .../intltool-debian_0.35.0+20060710.1_all.deb ...
Unpacking intltool-debian (0.35.0+20060710.1) ...
Selecting previously unselected package po-debconf.
Preparing to unpack .../po-debconf_1.0.16+nmu2_all.deb ...
Unpacking po-debconf (1.0.16+nmu2) ...
Selecting previously unselected package debhelper.
Preparing to unpack .../debhelper_9.20131227_all.deb ...
Unpacking debhelper (9.20131227) ...
Selecting previously unselected package libtool.
Preparing to unpack .../libtool_2.4.2-1.6_amd64.deb ...
Unpacking libtool (2.4.2-1.6) ...
Selecting previously unselected package dh-autoreconf.
Preparing to unpack .../dh-autoreconf_9_all.deb ...
Unpacking dh-autoreconf (9) ...
Selecting previously unselected package libpcre3-dev:amd64.
Preparing to unpack .../libpcre3-dev_1%3a8.31-2_amd64.deb ...
Unpacking libpcre3-dev:amd64 (1:8.31-2) ...
Selecting previously unselected package zlib1g-dev:amd64.
Preparing to unpack .../zlib1g-dev_1%3a1.2.8.dfsg-1_amd64.deb ...
Unpacking zlib1g-dev:amd64 (1:1.2.8.dfsg-1) ...
Selecting previously unselected package sbuild-build-depends-qpdf-dummy.
Preparing to unpack .../sbuild-build-depends-qpdf-dummy.deb ...
Unpacking sbuild-build-depends-qpdf-dummy (0.invalid.0) ...
Setting up libpipeline1:amd64 (1.2.6-1) ...
Setting up groff-base (1.22.2-3) ...
Setting up bsdmainutils (9.0.5) ...
update-alternatives: using /usr/bin/bsd-write to provide /usr/bin/write (write) in auto mode
update-alternatives: using /usr/bin/bsd-from to provide /usr/bin/from (from) in auto mode
Setting up man-db (2.6.5-3) ...
Not building database; man-db/auto-update is not 'true'.
Setting up libasprintf0c2:amd64 (0.18.3.1-2) ...
Setting up libmagic1:amd64 (1:5.14-2) ...
Setting up libxml2:amd64 (2.9.1+dfsg1-3) ...
Setting up libglib2.0-0:amd64 (2.36.4-1) ...
No schema files found: doing nothing.
Setting up libcroco3:amd64 (0.6.8-2) ...
Setting up libpcrecpp0:amd64 (1:8.31-2) ...
Setting up libsigsegv2:amd64 (2.10-2) ...
Setting up libunistring0:amd64 (0.9.3-5) ...
Setting up file (1:5.14-2) ...
Setting up gettext-base (0.18.3.1-2) ...
Setting up m4 (1.4.17-2) ...
Setting up autoconf (2.69-2) ...
Setting up autotools-dev (20130810.1) ...
Setting up automake (1:1.14.1-2) ...
update-alternatives: using /usr/bin/automake-1.14 to provide /usr/bin/automake (automake) in auto mode
Setting up autopoint (0.18.3.1-2) ...
Setting up cdbs (0.4.122) ...
Setting up gettext (0.18.3.1-2) ...
Setting up intltool-debian (0.35.0+20060710.1) ...
Setting up po-debconf (1.0.16+nmu2) ...
Setting up debhelper (9.20131227) ...
Setting up libtool (2.4.2-1.6) ...
Setting up dh-autoreconf (9) ...
Setting up libpcre3-dev:amd64 (1:8.31-2) ...
Setting up zlib1g-dev:amd64 (1:1.2.8.dfsg-1) ...
Setting up sbuild-build-depends-qpdf-dummy (0.invalid.0) ...
Processing triggers for libc-bin (2.17-97) ...

┌──────────────────────────────────────────────────────────────────────────────┐
│ Build environment                                                            │
└──────────────────────────────────────────────────────────────────────────────┘

Kernel: Linux 2.6.32-5-xen-amd64 amd64 (x86_64)
Toolchain package versions: binutils_2.24-2 dpkg-dev_1.17.5 g++-4.6_4.6.4-5 g++-4.8_4.8.2-11 gcc-4.6_4.6.4-5 gcc-4.7_4.7.3-9 gcc-4.8_4.8.2-11 libc6-dev_2.17-97 libstdc++-4.8-dev_4.8.2-11 libstdc++6_4.8.2-11 libstdc++6-4.6-dev_4.6.4-5 linux-libc-dev_3.12.6-2
Package versions: apt_0.9.14.2 autoconf_2.69-2 automake_1:1.14.1-2 autopoint_0.18.3.1-2 autotools-dev_20130810.1 base-files_7.2 base-passwd_3.5.29 bash_4.2+dfsg-1 binutils_2.24-2 bsdmainutils_9.0.5 bsdutils_1:2.20.1-5.5 build-essential_11.6 bzip2_1.0.6-5 cdbs_0.4.122 clang-3.4_1:3.4-1 coreutils_8.21-1 cpp_4:4.8.2-1 cpp-4.6_4.6.4-5 cpp-4.7_4.7.3-9 cpp-4.8_4.8.2-11 dash_0.5.7-3+nmu1 debconf_1.5.52 debconf-i18n_1.5.52 debfoster_2.7-1.2 debhelper_9.20131227 debian-archive-keyring_2012.4 debianutils_4.4 dh-autoreconf_9 diffutils_1:3.3-1 dpkg_1.17.5 dpkg-dev_1.17.5 e2fslibs_1.42.9-2 e2fsprogs_1.42.9-2 fakeroot_1.20-3 file_1:5.14-2 findutils_4.4.2-7 g++_4:4.8.2-1 g++-4.6_4.6.4-5 g++-4.8_4.8.2-11 gcc_4:4.8.2-1 gcc-4.4-base_4.4.7-6 gcc-4.5-base_4.5.4-1 gcc-4.6_4.6.4-5 gcc-4.6-base_4.6.4-5 gcc-4.7_4.7.3-9 gcc-4.7-base_4.7.3-9 gcc-4.8_4.8.2-11 gcc-4.8-base_4.8.2-11 gettext_0.18.3.1-2 gettext-base_0.18.3.1-2 gnupg_1.4.15-3 gpgv_1.4.15-3 grep_2.15-2 groff-base_1.22.2-3 gzip_1.6-3 hostname_3.15 initscripts_2.88dsf-45 insserv_1.14.0-5 intltool-debian_0.35.0+20060710.1 libacl1_2.2.52-1 libapt-pkg4.12_0.9.14.2 libarchive-extract-perl_0.70-1 libasan0_4.8.2-11 libasprintf0c2_0.18.3.1-2 libatomic1_4.8.2-11 libattr1_1:2.4.47-1 libaudit-common_1:2.3.2-3 libaudit1_1:2.3.2-3 libblkid1_2.20.1-5.5 libbz2-1.0_1.0.6-5 libc-bin_2.17-97 libc-dev-bin_2.17-97 libc6_2.17-97 libc6-dev_2.17-97 libcap2_1:2.22-1.2 libclang-common-3.4-dev_1:3.4-1 libclang1-3.4_1:3.4-1 libclass-isa-perl_0.36-5 libcloog-isl4_0.18.1-3 libcloog-ppl1_0.16.1-4 libcomerr2_1.42.9-2 libcroco3_0.6.8-2 libdb5.1_5.1.29-7 libdpkg-perl_1.17.5 libfakeroot_1.20-3 libffi6_3.0.13-10 libfile-fcntllock-perl_0.14-2+b1 libgc1c2_1:7.2d-6 libgcc-4.7-dev_4.7.3-9 libgcc-4.8-dev_4.8.2-11 libgcc1_1:4.8.2-11 libgdbm3_1.8.3-12 libglib2.0-0_2.36.4-1 libgmp10_2:5.1.3+dfsg-1 libgmpxx4ldbl_2:5.1.3+dfsg-1 libgomp1_4.8.2-11 libgpm2_1.20.4-6.1 libisl10_0.12.1-2 libitm1_4.8.2-11 libllvm3.4_1:3.4-1 liblocale-gettext-perl_1.05-7+b2 liblog-message-simple-perl_0.10-1 liblzma5_5.1.1alpha+20120614-2 libmagic1_1:5.14-2 libmodule-pluggable-perl_4.8-1 libmount1_2.20.1-5.5 libmpc2_0.9-4 libmpc3_1.0.1-1 libmpfr4_3.1.2-1 libncurses5_5.9+20130608-1 libobjc-4.8-dev_4.8.2-11 libobjc4_4.8.2-11 libpam-modules_1.1.3-10 libpam-modules-bin_1.1.3-10 libpam-runtime_1.1.3-10 libpam0g_1.1.3-10 libpcre3_1:8.31-2 libpcre3-dev_1:8.31-2 libpcrecpp0_1:8.31-2 libpipeline1_1.2.6-1 libpod-latex-perl_0.61-1 libppl-c4_1:1.0-7 libppl12_1:1.0-7 libquadmath0_4.8.2-11 libreadline6_6.2+dfsg-0.1 libselinux1_2.2.1-1 libsemanage-common_2.2-1 libsemanage1_2.2-1 libsepol1_2.2-1 libsigsegv2_2.10-2 libslang2_2.2.4-16 libss2_1.42.9-2 libstdc++-4.8-dev_4.8.2-11 libstdc++6_4.8.2-11 libstdc++6-4.6-dev_4.6.4-5 libswitch-perl_2.16-2 libterm-ui-perl_0.42-1 libtext-charwidth-perl_0.04-7+b2 libtext-iconv-perl_1.7-5+b1 libtext-soundex-perl_3.4-1+b1 libtext-wrapi18n-perl_0.06-7 libtimedate-perl_2.3000-1 libtinfo5_5.9+20130608-1 libtool_2.4.2-1.6 libtsan0_4.8.2-11 libunistring0_0.9.3-5 libusb-0.1-4_2:0.1.12-23.3 libustr-1.0-1_1.0.4-3 libuuid1_2.20.1-5.5 libxml2_2.9.1+dfsg1-3 linux-libc-dev_3.12.6-2 login_1:4.1.5.1-1 lsb-base_4.1+Debian12 m4_1.4.17-2 make_3.81-8.3 man-db_2.6.5-3 mawk_1.3.3-17 mount_2.20.1-5.5 multiarch-support_2.17-97 ncurses-base_5.9+20130608-1 ncurses-bin_5.9+20130608-1 passwd_1:4.1.5.1-1 patch_2.7.1-4 perl_5.18.1-5 perl-base_5.18.1-5 perl-modules_5.18.1-5 po-debconf_1.0.16+nmu2 readline-common_6.2+dfsg-0.1 sbuild-build-depends-core-dummy_0.invalid.0 sbuild-build-depends-qpdf-dummy_0.invalid.0 sed_4.2.2-3 sensible-utils_0.0.9 sudo_1.8.8-2 sysv-rc_2.88dsf-45 sysvinit_2.88dsf-45 sysvinit-core_2.88dsf-45 sysvinit-utils_2.88dsf-45 tar_1.27-4 tzdata_2013i-1 ucf_3.0027+nmu1 util-linux_2.20.1-5.5 vim_2:7.4.052-1 vim-common_2:7.4.052-1 vim-runtime_2:7.4.052-1 xz-utils_5.1.1alpha+20120614-2 zlib1g_1:1.2.8.dfsg-1 zlib1g-dev_1:1.2.8.dfsg-1

┌──────────────────────────────────────────────────────────────────────────────┐
│ Build                                                                        │
└──────────────────────────────────────────────────────────────────────────────┘


Unpack source
─────────────

gpgv: keyblock resource `/sbuild-nonexistent/.gnupg/trustedkeys.gpg': file open error
gpgv: Signature made Tue Dec 17 21:38:51 2013 UTC using RSA key ID 98012C7E
gpgv: Can't check signature: public key not found
dpkg-source: warning: failed to verify signature on ./qpdf_5.1.0-1.dsc
dpkg-source: info: extracting qpdf in qpdf-5.1.0
dpkg-source: info: unpacking qpdf_5.1.0.orig.tar.gz
dpkg-source: info: unpacking qpdf_5.1.0-1.debian.tar.gz

Check disc space
────────────────

Sufficient free space for build

Hack binNMU version
───────────────────

Created changelog entry for binNMU version 5.1.0-1clang1

User Environment
────────────────

DEB_BUILD_OPTIONS=parallel=10
HOME=/sbuild-nonexistent
LOGNAME=user
PATH=/usr/local/sbin:/usr/local/bin:/usr/sbin:/usr/bin:/sbin:/bin:/usr/games
SCHROOT_ALIAS_NAME=unstable-amd64-sbuild
SCHROOT_CHROOT_NAME=unstable-amd64-sbuild
SCHROOT_COMMAND=env
SCHROOT_GID=1000
SCHROOT_GROUP=user
SCHROOT_SESSION_ID=unstable-amd64-sbuild-f718b483-5253-4e1a-9f10-4d6a4429e60f
SCHROOT_UID=1000
SCHROOT_USER=user
SHELL=/bin/sh
USER=user

dpkg-buildpackage
─────────────────

dpkg-buildpackage: source package qpdf
dpkg-buildpackage: source version 5.1.0-1clang1
dpkg-buildpackage: source distribution unstable
 dpkg-source --before-build qpdf-5.1.0
dpkg-buildpackage: host architecture amd64
 fakeroot debian/rules clean
test -x debian/rules
rm -f debian/stamp-makefile-build debian/stamp-makefile-install
/usr/bin/make  -C .  -k distclean

Please run ./configure before running /usr/bin/make

Makefile:46: *** unable to continue with build.  Stop.
make[1]: Entering directory `/«PKGBUILDDIR»'
make[1]: Leaving directory `/«PKGBUILDDIR»'
make: [makefile-clean] Error 2 (ignored)
rm -f debian/stamp-makefile-check
rm -f debian/stamp-autotools
rmdir --ignore-fail-on-non-empty .
rmdir: failed to remove '.': Invalid argument
make: [makefile-clean] Error 1 (ignored)
for i in ./config.guess ./config.sub  ; do \
		if test -e $i.cdbs-orig ; then \
			mv $i.cdbs-orig $i ; \
		fi ; \
	done
if test -e debian/autoreconf.before; then \
		dh_autoreconf_clean ; \
	fi
dh_clean 
rm -f debian/stamp-autotools-files
rm -f *.cdbs-config_list
 debian/rules build-arch
test -x debian/rules
mkdir -p "."
/usr/share/cdbs/1/rules/buildcore.mk:109: WARNING:  DEB_COMPRESS_EXCLUDE is a deprecated variable
if test -e /usr/share/misc/config.guess ; then \
		for i in ./config.guess ; do \
			if ! test -e $i.cdbs-orig ; then \
				mv $i $i.cdbs-orig ; \
				cp --remove-destination /usr/share/misc/config.guess $i ; \
			fi ; \
		done ; \
	fi
if test -e /usr/share/misc/config.sub ; then \
		for i in ./config.sub ; do \
			if ! test -e $i.cdbs-orig ; then \
				mv $i $i.cdbs-orig ; \
				cp --remove-destination /usr/share/misc/config.sub $i ; \
			fi ; \
		done ; \
	fi
dh_autoreconf 
libtoolize: putting auxiliary files in `.'.
libtoolize: copying file `./ltmain.sh'
libtoolize: putting macros in AC_CONFIG_MACRO_DIR, `m4'.
libtoolize: copying file `m4/libtool.m4'
libtoolize: copying file `m4/ltoptions.m4'
libtoolize: copying file `m4/ltsugar.m4'
libtoolize: copying file `m4/ltversion.m4'
libtoolize: copying file `m4/lt~obsolete.m4'
libtoolize: Consider adding `-I m4' to ACLOCAL_AMFLAGS in Makefile.am.
touch debian/stamp-autotools-files
chmod a+x /«PKGBUILDDIR»/./configure
mkdir -p .
cd . &&   CFLAGS="-g -O2 -fPIE -fstack-protector --param=ssp-buffer-size=4 -Wformat -Werror=format-security" CXXFLAGS="-g -O2 -fPIE -fstack-protector --param=ssp-buffer-size=4 -Wformat -Werror=format-security" CPPFLAGS="-D_FORTIFY_SOURCE=2" LDFLAGS="-fPIE -pie -Wl,-z,relro -Wl,-z,now" /«PKGBUILDDIR»/./configure --build=x86_64-linux-gnu  --prefix=/usr --includedir="\${prefix}/include" --mandir="\${prefix}/share/man" --infodir="\${prefix}/share/info" --sysconfdir=/etc --localstatedir=/var --libexecdir="\${prefix}/lib/qpdf" --srcdir=. --disable-maintainer-mode --disable-dependency-tracking --disable-silent-rules    --libdir="\${prefix}/lib/x86_64-linux-gnu" --enable-show-failed-test-output
configure: WARNING: unrecognized options: --disable-maintainer-mode, --disable-dependency-tracking, --disable-silent-rules
checking for gcc... gcc
checking whether the C compiler works... yes
checking for C compiler default output file name... a.out
checking for suffix of executables... 
checking whether we are cross compiling... no
checking for suffix of object files... o
checking whether we are using the GNU C compiler... yes
checking whether gcc accepts -g... yes
checking for gcc option to accept ISO C89... none needed
checking for gcc option to accept ISO C99... none needed
checking for g++... g++
checking whether we are using the GNU C++ compiler... yes
checking whether g++ accepts -g... yes
checking how to run the C preprocessor... gcc -E
checking for grep that handles long lines and -e... /bin/grep
checking for egrep... /bin/grep -E
checking for ANSI C header files... yes
checking build system type... x86_64-pc-linux-gnu
checking host system type... x86_64-pc-linux-gnu
checking how to print strings... printf
checking for a sed that does not truncate output... /bin/sed
checking for fgrep... /bin/grep -F
checking for ld used by gcc... /usr/bin/ld
checking if the linker (/usr/bin/ld) is GNU ld... yes
checking for BSD- or MS-compatible name lister (nm)... /usr/bin/nm -B
checking the name lister (/usr/bin/nm -B) interface... BSD nm
checking whether ln -s works... yes
checking the maximum length of command line arguments... 3458764513820540925
checking whether the shell understands some XSI constructs... yes
checking whether the shell understands "+="... yes
checking how to convert x86_64-pc-linux-gnu file names to x86_64-pc-linux-gnu format... func_convert_file_noop
checking how to convert x86_64-pc-linux-gnu file names to toolchain format... func_convert_file_noop
checking for /usr/bin/ld option to reload object files... -r
checking for objdump... objdump
checking how to recognize dependent libraries... pass_all
checking for dlltool... no
checking how to associate runtime and link libraries... printf %s\n
checking for ar... ar
checking for archiver @FILE support... @
checking for strip... strip
checking for ranlib... ranlib
checking for gawk... no
checking for mawk... mawk
checking command to parse /usr/bin/nm -B output from gcc object... ok
checking for sysroot... no
checking for mt... no
checking if : is a manifest tool... no
checking for sys/types.h... yes
checking for sys/stat.h... yes
checking for stdlib.h... yes
checking for string.h... yes
checking for memory.h... yes
checking for strings.h... yes
checking for inttypes.h... yes
checking for stdint.h... yes
checking for unistd.h... yes
checking for dlfcn.h... yes
checking for objdir... .libs
checking if gcc supports -fno-rtti -fno-exceptions... yes
checking for gcc option to produce PIC... -fPIC -DPIC
checking if gcc PIC flag -fPIC -DPIC works... yes
checking if gcc static flag -static works... no
checking if gcc supports -c -o file.o... yes
checking if gcc supports -c -o file.o... (cached) yes
checking whether the gcc linker (/usr/bin/ld -m elf_x86_64) supports shared libraries... yes
checking whether -lc should be explicitly linked in... no
checking dynamic linker characteristics... GNU/Linux ld.so
checking how to hardcode library paths into programs... immediate
checking whether stripping libraries is possible... yes
checking if libtool supports shared libraries... yes
checking whether to build shared libraries... yes
checking whether to build static libraries... yes
checking how to run the C++ preprocessor... g++ -E
checking for ld used by g++... /usr/bin/ld -m elf_x86_64
checking if the linker (/usr/bin/ld -m elf_x86_64) is GNU ld... yes
checking whether the g++ linker (/usr/bin/ld -m elf_x86_64) supports shared libraries... yes
checking for g++ option to produce PIC... -fPIC -DPIC
checking if g++ PIC flag -fPIC -DPIC works... yes
checking if g++ static flag -static works... no
checking if g++ supports -c -o file.o... yes
checking if g++ supports -c -o file.o... (cached) yes
checking whether the g++ linker (/usr/bin/ld -m elf_x86_64) supports shared libraries... yes
checking dynamic linker characteristics... (cached) GNU/Linux ld.so
checking how to hardcode library paths into programs... immediate
no
yes
checking for "/dev/urandom"... yes
checking for whether to use external libraries distribution... no
checking zlib.h usability... yes
checking zlib.h presence... yes
checking for zlib.h... yes
checking for library containing deflate... -lz
checking pcre.h usability... yes
checking pcre.h presence... yes
checking for pcre.h... yes
checking for library containing pcre_compile... -lpcre
checking for Advapi32 library... no
checking for special C compiler options needed for large files... no
checking for _FILE_OFFSET_BITS value needed for large files... no
checking for _LARGEFILE_SOURCE value needed for large files... no
checking for fseeko64... yes
checking for uint16_t... yes
checking for uint32_t... yes
checking for random... yes
checking if LD -Wl,--version-script works... yes
checking for gnu make >= 3.81... yes
checking for whether gcc supports -MD -MF x.dep -MP... yes
checking which build rules to use... libtool
checking for whether gcc supports -Wall... yes
checking for whether g++ supports -Wold-style-cast... yes
checking for whether to use -Werror... no
checking for xml to xhtml docbook stylesheets... no
checking for xml to fo docbook stylesheets... no
checking for docbook 4.x xml DTD... no
checking for fop... no
checking for xsltproc... no
checking for xmllint... no
configure: creating ./config.status
config.status: creating autoconf.mk
config.status: creating manual/html.xsl
config.status: creating manual/print.xsl
config.status: creating libqpdf.pc
config.status: creating libqpdf/qpdf/qpdf-config.h
config.status: executing libtool commands
configure: WARNING: unrecognized options: --disable-maintainer-mode, --disable-dependency-tracking, --disable-silent-rules
touch debian/stamp-autotools
/usr/bin/make  -C .  
make[1]: Entering directory `/«PKGBUILDDIR»'
sed -e 's:@PACKAGE_VERSION@:5.1.0:g' \
	    -e 's:@docdir@:/usr/share/doc/qpdf:g' \
	    < manual/qpdf.1.in > doc/qpdf.1
sed -e 's:@PACKAGE_VERSION@:5.1.0:g' \
	    -e 's:@docdir@:/usr/share/doc/qpdf:g' \
	    < manual/fix-qdf.1.in > doc/fix-qdf.1
sed -e 's:@PACKAGE_VERSION@:5.1.0:g' \
	    -e 's:@docdir@:/usr/share/doc/qpdf:g' \
	    < manual/zlib-flate.1.in > doc/zlib-flate.1
/bin/bash ./libtool --quiet --mode=compile g++ -g -O2 -fPIE -fstack-protector --param=ssp-buffer-size=4 -Wformat -Werror=format-security -Wold-style-cast -Wall -MD -MF libqpdf/build/BitStream.tdep -MP -Iinclude -Ilibqpdf -D_FORTIFY_SOURCE=2 -c libqpdf/BitStream.cc -o libqpdf/build/BitStream.o; sed -e 's/\.o:/.lo:/' < libqpdf/build/BitStream.tdep > libqpdf/build/BitStream.dep
/bin/bash ./libtool --quiet --mode=compile g++ -g -O2 -fPIE -fstack-protector --param=ssp-buffer-size=4 -Wformat -Werror=format-security -Wold-style-cast -Wall -MD -MF libqpdf/build/BitWriter.tdep -MP -Iinclude -Ilibqpdf -D_FORTIFY_SOURCE=2 -c libqpdf/BitWriter.cc -o libqpdf/build/BitWriter.o; sed -e 's/\.o:/.lo:/' < libqpdf/build/BitWriter.tdep > libqpdf/build/BitWriter.dep
/bin/bash ./libtool --quiet --mode=compile g++ -g -O2 -fPIE -fstack-protector --param=ssp-buffer-size=4 -Wformat -Werror=format-security -Wold-style-cast -Wall -MD -MF libqpdf/build/Buffer.tdep -MP -Iinclude -Ilibqpdf -D_FORTIFY_SOURCE=2 -c libqpdf/Buffer.cc -o libqpdf/build/Buffer.o; sed -e 's/\.o:/.lo:/' < libqpdf/build/Buffer.tdep > libqpdf/build/Buffer.dep
/bin/bash ./libtool --quiet --mode=compile g++ -g -O2 -fPIE -fstack-protector --param=ssp-buffer-size=4 -Wformat -Werror=format-security -Wold-style-cast -Wall -MD -MF libqpdf/build/BufferInputSource.tdep -MP -Iinclude -Ilibqpdf -D_FORTIFY_SOURCE=2 -c libqpdf/BufferInputSource.cc -o libqpdf/build/BufferInputSource.o; sed -e 's/\.o:/.lo:/' < libqpdf/build/BufferInputSource.tdep > libqpdf/build/BufferInputSource.dep
/bin/bash ./libtool --quiet --mode=compile g++ -g -O2 -fPIE -fstack-protector --param=ssp-buffer-size=4 -Wformat -Werror=format-security -Wold-style-cast -Wall -MD -MF libqpdf/build/FileInputSource.tdep -MP -Iinclude -Ilibqpdf -D_FORTIFY_SOURCE=2 -c libqpdf/FileInputSource.cc -o libqpdf/build/FileInputSource.o; sed -e 's/\.o:/.lo:/' < libqpdf/build/FileInputSource.tdep > libqpdf/build/FileInputSource.dep
/bin/bash ./libtool --quiet --mode=compile g++ -g -O2 -fPIE -fstack-protector --param=ssp-buffer-size=4 -Wformat -Werror=format-security -Wold-style-cast -Wall -MD -MF libqpdf/build/InputSource.tdep -MP -Iinclude -Ilibqpdf -D_FORTIFY_SOURCE=2 -c libqpdf/InputSource.cc -o libqpdf/build/InputSource.o; sed -e 's/\.o:/.lo:/' < libqpdf/build/InputSource.tdep > libqpdf/build/InputSource.dep
/bin/bash ./libtool --quiet --mode=compile g++ -g -O2 -fPIE -fstack-protector --param=ssp-buffer-size=4 -Wformat -Werror=format-security -Wold-style-cast -Wall -MD -MF libqpdf/build/InsecureRandomDataProvider.tdep -MP -Iinclude -Ilibqpdf -D_FORTIFY_SOURCE=2 -c libqpdf/InsecureRandomDataProvider.cc -o libqpdf/build/InsecureRandomDataProvider.o; sed -e 's/\.o:/.lo:/' < libqpdf/build/InsecureRandomDataProvider.tdep > libqpdf/build/InsecureRandomDataProvider.dep
/bin/bash ./libtool --quiet --mode=compile g++ -g -O2 -fPIE -fstack-protector --param=ssp-buffer-size=4 -Wformat -Werror=format-security -Wold-style-cast -Wall -MD -MF libqpdf/build/MD5.tdep -MP -Iinclude -Ilibqpdf -D_FORTIFY_SOURCE=2 -c libqpdf/MD5.cc -o libqpdf/build/MD5.o; sed -e 's/\.o:/.lo:/' < libqpdf/build/MD5.tdep > libqpdf/build/MD5.dep
/bin/bash ./libtool --quiet --mode=compile g++ -g -O2 -fPIE -fstack-protector --param=ssp-buffer-size=4 -Wformat -Werror=format-security -Wold-style-cast -Wall -MD -MF libqpdf/build/OffsetInputSource.tdep -MP -Iinclude -Ilibqpdf -D_FORTIFY_SOURCE=2 -c libqpdf/OffsetInputSource.cc -o libqpdf/build/OffsetInputSource.o; sed -e 's/\.o:/.lo:/' < libqpdf/build/OffsetInputSource.tdep > libqpdf/build/OffsetInputSource.dep
/bin/bash ./libtool --quiet --mode=compile g++ -g -O2 -fPIE -fstack-protector --param=ssp-buffer-size=4 -Wformat -Werror=format-security -Wold-style-cast -Wall -MD -MF libqpdf/build/PCRE.tdep -MP -Iinclude -Ilibqpdf -D_FORTIFY_SOURCE=2 -c libqpdf/PCRE.cc -o libqpdf/build/PCRE.o; sed -e 's/\.o:/.lo:/' < libqpdf/build/PCRE.tdep > libqpdf/build/PCRE.dep
/bin/bash ./libtool --quiet --mode=compile g++ -g -O2 -fPIE -fstack-protector --param=ssp-buffer-size=4 -Wformat -Werror=format-security -Wold-style-cast -Wall -MD -MF libqpdf/build/Pipeline.tdep -MP -Iinclude -Ilibqpdf -D_FORTIFY_SOURCE=2 -c libqpdf/Pipeline.cc -o libqpdf/build/Pipeline.o; sed -e 's/\.o:/.lo:/' < libqpdf/build/Pipeline.tdep > libqpdf/build/Pipeline.dep
/bin/bash ./libtool --quiet --mode=compile g++ -g -O2 -fPIE -fstack-protector --param=ssp-buffer-size=4 -Wformat -Werror=format-security -Wold-style-cast -Wall -MD -MF libqpdf/build/Pl_AES_PDF.tdep -MP -Iinclude -Ilibqpdf -D_FORTIFY_SOURCE=2 -c libqpdf/Pl_AES_PDF.cc -o libqpdf/build/Pl_AES_PDF.o; sed -e 's/\.o:/.lo:/' < libqpdf/build/Pl_AES_PDF.tdep > libqpdf/build/Pl_AES_PDF.dep
/bin/bash ./libtool --quiet --mode=compile g++ -g -O2 -fPIE -fstack-protector --param=ssp-buffer-size=4 -Wformat -Werror=format-security -Wold-style-cast -Wall -MD -MF libqpdf/build/Pl_ASCII85Decoder.tdep -MP -Iinclude -Ilibqpdf -D_FORTIFY_SOURCE=2 -c libqpdf/Pl_ASCII85Decoder.cc -o libqpdf/build/Pl_ASCII85Decoder.o; sed -e 's/\.o:/.lo:/' < libqpdf/build/Pl_ASCII85Decoder.tdep > libqpdf/build/Pl_ASCII85Decoder.dep
/bin/bash ./libtool --quiet --mode=compile g++ -g -O2 -fPIE -fstack-protector --param=ssp-buffer-size=4 -Wformat -Werror=format-security -Wold-style-cast -Wall -MD -MF libqpdf/build/Pl_ASCIIHexDecoder.tdep -MP -Iinclude -Ilibqpdf -D_FORTIFY_SOURCE=2 -c libqpdf/Pl_ASCIIHexDecoder.cc -o libqpdf/build/Pl_ASCIIHexDecoder.o; sed -e 's/\.o:/.lo:/' < libqpdf/build/Pl_ASCIIHexDecoder.tdep > libqpdf/build/Pl_ASCIIHexDecoder.dep
/bin/bash ./libtool --quiet --mode=compile g++ -g -O2 -fPIE -fstack-protector --param=ssp-buffer-size=4 -Wformat -Werror=format-security -Wold-style-cast -Wall -MD -MF libqpdf/build/Pl_Buffer.tdep -MP -Iinclude -Ilibqpdf -D_FORTIFY_SOURCE=2 -c libqpdf/Pl_Buffer.cc -o libqpdf/build/Pl_Buffer.o; sed -e 's/\.o:/.lo:/' < libqpdf/build/Pl_Buffer.tdep > libqpdf/build/Pl_Buffer.dep
/bin/bash ./libtool --quiet --mode=compile g++ -g -O2 -fPIE -fstack-protector --param=ssp-buffer-size=4 -Wformat -Werror=format-security -Wold-style-cast -Wall -MD -MF libqpdf/build/Pl_Concatenate.tdep -MP -Iinclude -Ilibqpdf -D_FORTIFY_SOURCE=2 -c libqpdf/Pl_Concatenate.cc -o libqpdf/build/Pl_Concatenate.o; sed -e 's/\.o:/.lo:/' < libqpdf/build/Pl_Concatenate.tdep > libqpdf/build/Pl_Concatenate.dep
/bin/bash ./libtool --quiet --mode=compile g++ -g -O2 -fPIE -fstack-protector --param=ssp-buffer-size=4 -Wformat -Werror=format-security -Wold-style-cast -Wall -MD -MF libqpdf/build/Pl_Count.tdep -MP -Iinclude -Ilibqpdf -D_FORTIFY_SOURCE=2 -c libqpdf/Pl_Count.cc -o libqpdf/build/Pl_Count.o; sed -e 's/\.o:/.lo:/' < libqpdf/build/Pl_Count.tdep > libqpdf/build/Pl_Count.dep
/bin/bash ./libtool --quiet --mode=compile g++ -g -O2 -fPIE -fstack-protector --param=ssp-buffer-size=4 -Wformat -Werror=format-security -Wold-style-cast -Wall -MD -MF libqpdf/build/Pl_Discard.tdep -MP -Iinclude -Ilibqpdf -D_FORTIFY_SOURCE=2 -c libqpdf/Pl_Discard.cc -o libqpdf/build/Pl_Discard.o; sed -e 's/\.o:/.lo:/' < libqpdf/build/Pl_Discard.tdep > libqpdf/build/Pl_Discard.dep
/bin/bash ./libtool --quiet --mode=compile g++ -g -O2 -fPIE -fstack-protector --param=ssp-buffer-size=4 -Wformat -Werror=format-security -Wold-style-cast -Wall -MD -MF libqpdf/build/Pl_Flate.tdep -MP -Iinclude -Ilibqpdf -D_FORTIFY_SOURCE=2 -c libqpdf/Pl_Flate.cc -o libqpdf/build/Pl_Flate.o; sed -e 's/\.o:/.lo:/' < libqpdf/build/Pl_Flate.tdep > libqpdf/build/Pl_Flate.dep
/bin/bash ./libtool --quiet --mode=compile g++ -g -O2 -fPIE -fstack-protector --param=ssp-buffer-size=4 -Wformat -Werror=format-security -Wold-style-cast -Wall -MD -MF libqpdf/build/Pl_LZWDecoder.tdep -MP -Iinclude -Ilibqpdf -D_FORTIFY_SOURCE=2 -c libqpdf/Pl_LZWDecoder.cc -o libqpdf/build/Pl_LZWDecoder.o; sed -e 's/\.o:/.lo:/' < libqpdf/build/Pl_LZWDecoder.tdep > libqpdf/build/Pl_LZWDecoder.dep
/bin/bash ./libtool --quiet --mode=compile g++ -g -O2 -fPIE -fstack-protector --param=ssp-buffer-size=4 -Wformat -Werror=format-security -Wold-style-cast -Wall -MD -MF libqpdf/build/Pl_MD5.tdep -MP -Iinclude -Ilibqpdf -D_FORTIFY_SOURCE=2 -c libqpdf/Pl_MD5.cc -o libqpdf/build/Pl_MD5.o; sed -e 's/\.o:/.lo:/' < libqpdf/build/Pl_MD5.tdep > libqpdf/build/Pl_MD5.dep
/bin/bash ./libtool --quiet --mode=compile g++ -g -O2 -fPIE -fstack-protector --param=ssp-buffer-size=4 -Wformat -Werror=format-security -Wold-style-cast -Wall -MD -MF libqpdf/build/Pl_PNGFilter.tdep -MP -Iinclude -Ilibqpdf -D_FORTIFY_SOURCE=2 -c libqpdf/Pl_PNGFilter.cc -o libqpdf/build/Pl_PNGFilter.o; sed -e 's/\.o:/.lo:/' < libqpdf/build/Pl_PNGFilter.tdep > libqpdf/build/Pl_PNGFilter.dep
/bin/bash ./libtool --quiet --mode=compile g++ -g -O2 -fPIE -fstack-protector --param=ssp-buffer-size=4 -Wformat -Werror=format-security -Wold-style-cast -Wall -MD -MF libqpdf/build/Pl_QPDFTokenizer.tdep -MP -Iinclude -Ilibqpdf -D_FORTIFY_SOURCE=2 -c libqpdf/Pl_QPDFTokenizer.cc -o libqpdf/build/Pl_QPDFTokenizer.o; sed -e 's/\.o:/.lo:/' < libqpdf/build/Pl_QPDFTokenizer.tdep > libqpdf/build/Pl_QPDFTokenizer.dep
/bin/bash ./libtool --quiet --mode=compile g++ -g -O2 -fPIE -fstack-protector --param=ssp-buffer-size=4 -Wformat -Werror=format-security -Wold-style-cast -Wall -MD -MF libqpdf/build/Pl_RC4.tdep -MP -Iinclude -Ilibqpdf -D_FORTIFY_SOURCE=2 -c libqpdf/Pl_RC4.cc -o libqpdf/build/Pl_RC4.o; sed -e 's/\.o:/.lo:/' < libqpdf/build/Pl_RC4.tdep > libqpdf/build/Pl_RC4.dep
/bin/bash ./libtool --quiet --mode=compile g++ -g -O2 -fPIE -fstack-protector --param=ssp-buffer-size=4 -Wformat -Werror=format-security -Wold-style-cast -Wall -MD -MF libqpdf/build/Pl_SHA2.tdep -MP -Iinclude -Ilibqpdf -D_FORTIFY_SOURCE=2 -c libqpdf/Pl_SHA2.cc -o libqpdf/build/Pl_SHA2.o; sed -e 's/\.o:/.lo:/' < libqpdf/build/Pl_SHA2.tdep > libqpdf/build/Pl_SHA2.dep
/bin/bash ./libtool --quiet --mode=compile g++ -g -O2 -fPIE -fstack-protector --param=ssp-buffer-size=4 -Wformat -Werror=format-security -Wold-style-cast -Wall -MD -MF libqpdf/build/Pl_StdioFile.tdep -MP -Iinclude -Ilibqpdf -D_FORTIFY_SOURCE=2 -c libqpdf/Pl_StdioFile.cc -o libqpdf/build/Pl_StdioFile.o; sed -e 's/\.o:/.lo:/' < libqpdf/build/Pl_StdioFile.tdep > libqpdf/build/Pl_StdioFile.dep
/bin/bash ./libtool --quiet --mode=compile g++ -g -O2 -fPIE -fstack-protector --param=ssp-buffer-size=4 -Wformat -Werror=format-security -Wold-style-cast -Wall -MD -MF libqpdf/build/QPDF.tdep -MP -Iinclude -Ilibqpdf -D_FORTIFY_SOURCE=2 -c libqpdf/QPDF.cc -o libqpdf/build/QPDF.o; sed -e 's/\.o:/.lo:/' < libqpdf/build/QPDF.tdep > libqpdf/build/QPDF.dep
/bin/bash ./libtool --quiet --mode=compile g++ -g -O2 -fPIE -fstack-protector --param=ssp-buffer-size=4 -Wformat -Werror=format-security -Wold-style-cast -Wall -MD -MF libqpdf/build/QPDFExc.tdep -MP -Iinclude -Ilibqpdf -D_FORTIFY_SOURCE=2 -c libqpdf/QPDFExc.cc -o libqpdf/build/QPDFExc.o; sed -e 's/\.o:/.lo:/' < libqpdf/build/QPDFExc.tdep > libqpdf/build/QPDFExc.dep
/bin/bash ./libtool --quiet --mode=compile g++ -g -O2 -fPIE -fstack-protector --param=ssp-buffer-size=4 -Wformat -Werror=format-security -Wold-style-cast -Wall -MD -MF libqpdf/build/QPDFObjGen.tdep -MP -Iinclude -Ilibqpdf -D_FORTIFY_SOURCE=2 -c libqpdf/QPDFObjGen.cc -o libqpdf/build/QPDFObjGen.o; sed -e 's/\.o:/.lo:/' < libqpdf/build/QPDFObjGen.tdep > libqpdf/build/QPDFObjGen.dep
/bin/bash ./libtool --quiet --mode=compile g++ -g -O2 -fPIE -fstack-protector --param=ssp-buffer-size=4 -Wformat -Werror=format-security -Wold-style-cast -Wall -MD -MF libqpdf/build/QPDFObject.tdep -MP -Iinclude -Ilibqpdf -D_FORTIFY_SOURCE=2 -c libqpdf/QPDFObject.cc -o libqpdf/build/QPDFObject.o; sed -e 's/\.o:/.lo:/' < libqpdf/build/QPDFObject.tdep > libqpdf/build/QPDFObject.dep
/bin/bash ./libtool --quiet --mode=compile g++ -g -O2 -fPIE -fstack-protector --param=ssp-buffer-size=4 -Wformat -Werror=format-security -Wold-style-cast -Wall -MD -MF libqpdf/build/QPDFObjectHandle.tdep -MP -Iinclude -Ilibqpdf -D_FORTIFY_SOURCE=2 -c libqpdf/QPDFObjectHandle.cc -o libqpdf/build/QPDFObjectHandle.o; sed -e 's/\.o:/.lo:/' < libqpdf/build/QPDFObjectHandle.tdep > libqpdf/build/QPDFObjectHandle.dep
/bin/bash ./libtool --quiet --mode=compile g++ -g -O2 -fPIE -fstack-protector --param=ssp-buffer-size=4 -Wformat -Werror=format-security -Wold-style-cast -Wall -MD -MF libqpdf/build/QPDFTokenizer.tdep -MP -Iinclude -Ilibqpdf -D_FORTIFY_SOURCE=2 -c libqpdf/QPDFTokenizer.cc -o libqpdf/build/QPDFTokenizer.o; sed -e 's/\.o:/.lo:/' < libqpdf/build/QPDFTokenizer.tdep > libqpdf/build/QPDFTokenizer.dep
/bin/bash ./libtool --quiet --mode=compile g++ -g -O2 -fPIE -fstack-protector --param=ssp-buffer-size=4 -Wformat -Werror=format-security -Wold-style-cast -Wall -MD -MF libqpdf/build/QPDFWriter.tdep -MP -Iinclude -Ilibqpdf -D_FORTIFY_SOURCE=2 -c libqpdf/QPDFWriter.cc -o libqpdf/build/QPDFWriter.o; sed -e 's/\.o:/.lo:/' < libqpdf/build/QPDFWriter.tdep > libqpdf/build/QPDFWriter.dep
/bin/bash ./libtool --quiet --mode=compile g++ -g -O2 -fPIE -fstack-protector --param=ssp-buffer-size=4 -Wformat -Werror=format-security -Wold-style-cast -Wall -MD -MF libqpdf/build/QPDFXRefEntry.tdep -MP -Iinclude -Ilibqpdf -D_FORTIFY_SOURCE=2 -c libqpdf/QPDFXRefEntry.cc -o libqpdf/build/QPDFXRefEntry.o; sed -e 's/\.o:/.lo:/' < libqpdf/build/QPDFXRefEntry.tdep > libqpdf/build/QPDFXRefEntry.dep
/bin/bash ./libtool --quiet --mode=compile g++ -g -O2 -fPIE -fstack-protector --param=ssp-buffer-size=4 -Wformat -Werror=format-security -Wold-style-cast -Wall -MD -MF libqpdf/build/QPDF_Array.tdep -MP -Iinclude -Ilibqpdf -D_FORTIFY_SOURCE=2 -c libqpdf/QPDF_Array.cc -o libqpdf/build/QPDF_Array.o; sed -e 's/\.o:/.lo:/' < libqpdf/build/QPDF_Array.tdep > libqpdf/build/QPDF_Array.dep
/bin/bash ./libtool --quiet --mode=compile g++ -g -O2 -fPIE -fstack-protector --param=ssp-buffer-size=4 -Wformat -Werror=format-security -Wold-style-cast -Wall -MD -MF libqpdf/build/QPDF_Bool.tdep -MP -Iinclude -Ilibqpdf -D_FORTIFY_SOURCE=2 -c libqpdf/QPDF_Bool.cc -o libqpdf/build/QPDF_Bool.o; sed -e 's/\.o:/.lo:/' < libqpdf/build/QPDF_Bool.tdep > libqpdf/build/QPDF_Bool.dep
/bin/bash ./libtool --quiet --mode=compile g++ -g -O2 -fPIE -fstack-protector --param=ssp-buffer-size=4 -Wformat -Werror=format-security -Wold-style-cast -Wall -MD -MF libqpdf/build/QPDF_Dictionary.tdep -MP -Iinclude -Ilibqpdf -D_FORTIFY_SOURCE=2 -c libqpdf/QPDF_Dictionary.cc -o libqpdf/build/QPDF_Dictionary.o; sed -e 's/\.o:/.lo:/' < libqpdf/build/QPDF_Dictionary.tdep > libqpdf/build/QPDF_Dictionary.dep
/bin/bash ./libtool --quiet --mode=compile g++ -g -O2 -fPIE -fstack-protector --param=ssp-buffer-size=4 -Wformat -Werror=format-security -Wold-style-cast -Wall -MD -MF libqpdf/build/QPDF_InlineImage.tdep -MP -Iinclude -Ilibqpdf -D_FORTIFY_SOURCE=2 -c libqpdf/QPDF_InlineImage.cc -o libqpdf/build/QPDF_InlineImage.o; sed -e 's/\.o:/.lo:/' < libqpdf/build/QPDF_InlineImage.tdep > libqpdf/build/QPDF_InlineImage.dep
/bin/bash ./libtool --quiet --mode=compile g++ -g -O2 -fPIE -fstack-protector --param=ssp-buffer-size=4 -Wformat -Werror=format-security -Wold-style-cast -Wall -MD -MF libqpdf/build/QPDF_Integer.tdep -MP -Iinclude -Ilibqpdf -D_FORTIFY_SOURCE=2 -c libqpdf/QPDF_Integer.cc -o libqpdf/build/QPDF_Integer.o; sed -e 's/\.o:/.lo:/' < libqpdf/build/QPDF_Integer.tdep > libqpdf/build/QPDF_Integer.dep
/bin/bash ./libtool --quiet --mode=compile g++ -g -O2 -fPIE -fstack-protector --param=ssp-buffer-size=4 -Wformat -Werror=format-security -Wold-style-cast -Wall -MD -MF libqpdf/build/QPDF_Name.tdep -MP -Iinclude -Ilibqpdf -D_FORTIFY_SOURCE=2 -c libqpdf/QPDF_Name.cc -o libqpdf/build/QPDF_Name.o; sed -e 's/\.o:/.lo:/' < libqpdf/build/QPDF_Name.tdep > libqpdf/build/QPDF_Name.dep
/bin/bash ./libtool --quiet --mode=compile g++ -g -O2 -fPIE -fstack-protector --param=ssp-buffer-size=4 -Wformat -Werror=format-security -Wold-style-cast -Wall -MD -MF libqpdf/build/QPDF_Null.tdep -MP -Iinclude -Ilibqpdf -D_FORTIFY_SOURCE=2 -c libqpdf/QPDF_Null.cc -o libqpdf/build/QPDF_Null.o; sed -e 's/\.o:/.lo:/' < libqpdf/build/QPDF_Null.tdep > libqpdf/build/QPDF_Null.dep
/bin/bash ./libtool --quiet --mode=compile g++ -g -O2 -fPIE -fstack-protector --param=ssp-buffer-size=4 -Wformat -Werror=format-security -Wold-style-cast -Wall -MD -MF libqpdf/build/QPDF_Operator.tdep -MP -Iinclude -Ilibqpdf -D_FORTIFY_SOURCE=2 -c libqpdf/QPDF_Operator.cc -o libqpdf/build/QPDF_Operator.o; sed -e 's/\.o:/.lo:/' < libqpdf/build/QPDF_Operator.tdep > libqpdf/build/QPDF_Operator.dep
/bin/bash ./libtool --quiet --mode=compile g++ -g -O2 -fPIE -fstack-protector --param=ssp-buffer-size=4 -Wformat -Werror=format-security -Wold-style-cast -Wall -MD -MF libqpdf/build/QPDF_Real.tdep -MP -Iinclude -Ilibqpdf -D_FORTIFY_SOURCE=2 -c libqpdf/QPDF_Real.cc -o libqpdf/build/QPDF_Real.o; sed -e 's/\.o:/.lo:/' < libqpdf/build/QPDF_Real.tdep > libqpdf/build/QPDF_Real.dep
/bin/bash ./libtool --quiet --mode=compile g++ -g -O2 -fPIE -fstack-protector --param=ssp-buffer-size=4 -Wformat -Werror=format-security -Wold-style-cast -Wall -MD -MF libqpdf/build/QPDF_Reserved.tdep -MP -Iinclude -Ilibqpdf -D_FORTIFY_SOURCE=2 -c libqpdf/QPDF_Reserved.cc -o libqpdf/build/QPDF_Reserved.o; sed -e 's/\.o:/.lo:/' < libqpdf/build/QPDF_Reserved.tdep > libqpdf/build/QPDF_Reserved.dep
/bin/bash ./libtool --quiet --mode=compile g++ -g -O2 -fPIE -fstack-protector --param=ssp-buffer-size=4 -Wformat -Werror=format-security -Wold-style-cast -Wall -MD -MF libqpdf/build/QPDF_Stream.tdep -MP -Iinclude -Ilibqpdf -D_FORTIFY_SOURCE=2 -c libqpdf/QPDF_Stream.cc -o libqpdf/build/QPDF_Stream.o; sed -e 's/\.o:/.lo:/' < libqpdf/build/QPDF_Stream.tdep > libqpdf/build/QPDF_Stream.dep
/bin/bash ./libtool --quiet --mode=compile g++ -g -O2 -fPIE -fstack-protector --param=ssp-buffer-size=4 -Wformat -Werror=format-security -Wold-style-cast -Wall -MD -MF libqpdf/build/QPDF_String.tdep -MP -Iinclude -Ilibqpdf -D_FORTIFY_SOURCE=2 -c libqpdf/QPDF_String.cc -o libqpdf/build/QPDF_String.o; sed -e 's/\.o:/.lo:/' < libqpdf/build/QPDF_String.tdep > libqpdf/build/QPDF_String.dep
/bin/bash ./libtool --quiet --mode=compile g++ -g -O2 -fPIE -fstack-protector --param=ssp-buffer-size=4 -Wformat -Werror=format-security -Wold-style-cast -Wall -MD -MF libqpdf/build/QPDF_encryption.tdep -MP -Iinclude -Ilibqpdf -D_FORTIFY_SOURCE=2 -c libqpdf/QPDF_encryption.cc -o libqpdf/build/QPDF_encryption.o; sed -e 's/\.o:/.lo:/' < libqpdf/build/QPDF_encryption.tdep > libqpdf/build/QPDF_encryption.dep
/bin/bash ./libtool --quiet --mode=compile g++ -g -O2 -fPIE -fstack-protector --param=ssp-buffer-size=4 -Wformat -Werror=format-security -Wold-style-cast -Wall -MD -MF libqpdf/build/QPDF_linearization.tdep -MP -Iinclude -Ilibqpdf -D_FORTIFY_SOURCE=2 -c libqpdf/QPDF_linearization.cc -o libqpdf/build/QPDF_linearization.o; sed -e 's/\.o:/.lo:/' < libqpdf/build/QPDF_linearization.tdep > libqpdf/build/QPDF_linearization.dep
/bin/bash ./libtool --quiet --mode=compile g++ -g -O2 -fPIE -fstack-protector --param=ssp-buffer-size=4 -Wformat -Werror=format-security -Wold-style-cast -Wall -MD -MF libqpdf/build/QPDF_optimization.tdep -MP -Iinclude -Ilibqpdf -D_FORTIFY_SOURCE=2 -c libqpdf/QPDF_optimization.cc -o libqpdf/build/QPDF_optimization.o; sed -e 's/\.o:/.lo:/' < libqpdf/build/QPDF_optimization.tdep > libqpdf/build/QPDF_optimization.dep
/bin/bash ./libtool --quiet --mode=compile g++ -g -O2 -fPIE -fstack-protector --param=ssp-buffer-size=4 -Wformat -Werror=format-security -Wold-style-cast -Wall -MD -MF libqpdf/build/QPDF_pages.tdep -MP -Iinclude -Ilibqpdf -D_FORTIFY_SOURCE=2 -c libqpdf/QPDF_pages.cc -o libqpdf/build/QPDF_pages.o; sed -e 's/\.o:/.lo:/' < libqpdf/build/QPDF_pages.tdep > libqpdf/build/QPDF_pages.dep
/bin/bash ./libtool --quiet --mode=compile g++ -g -O2 -fPIE -fstack-protector --param=ssp-buffer-size=4 -Wformat -Werror=format-security -Wold-style-cast -Wall -MD -MF libqpdf/build/QTC.tdep -MP -Iinclude -Ilibqpdf -D_FORTIFY_SOURCE=2 -c libqpdf/QTC.cc -o libqpdf/build/QTC.o; sed -e 's/\.o:/.lo:/' < libqpdf/build/QTC.tdep > libqpdf/build/QTC.dep
/bin/bash ./libtool --quiet --mode=compile g++ -g -O2 -fPIE -fstack-protector --param=ssp-buffer-size=4 -Wformat -Werror=format-security -Wold-style-cast -Wall -MD -MF libqpdf/build/QUtil.tdep -MP -Iinclude -Ilibqpdf -D_FORTIFY_SOURCE=2 -c libqpdf/QUtil.cc -o libqpdf/build/QUtil.o; sed -e 's/\.o:/.lo:/' < libqpdf/build/QUtil.tdep > libqpdf/build/QUtil.dep
/bin/bash ./libtool --quiet --mode=compile g++ -g -O2 -fPIE -fstack-protector --param=ssp-buffer-size=4 -Wformat -Werror=format-security -Wold-style-cast -Wall -MD -MF libqpdf/build/RC4.tdep -MP -Iinclude -Ilibqpdf -D_FORTIFY_SOURCE=2 -c libqpdf/RC4.cc -o libqpdf/build/RC4.o; sed -e 's/\.o:/.lo:/' < libqpdf/build/RC4.tdep > libqpdf/build/RC4.dep
/bin/bash ./libtool --quiet --mode=compile g++ -g -O2 -fPIE -fstack-protector --param=ssp-buffer-size=4 -Wformat -Werror=format-security -Wold-style-cast -Wall -MD -MF libqpdf/build/SecureRandomDataProvider.tdep -MP -Iinclude -Ilibqpdf -D_FORTIFY_SOURCE=2 -c libqpdf/SecureRandomDataProvider.cc -o libqpdf/build/SecureRandomDataProvider.o; sed -e 's/\.o:/.lo:/' < libqpdf/build/SecureRandomDataProvider.tdep > libqpdf/build/SecureRandomDataProvider.dep
/bin/bash ./libtool --quiet --mode=compile g++ -g -O2 -fPIE -fstack-protector --param=ssp-buffer-size=4 -Wformat -Werror=format-security -Wold-style-cast -Wall -MD -MF libqpdf/build/qpdf-c.tdep -MP -Iinclude -Ilibqpdf -D_FORTIFY_SOURCE=2 -c libqpdf/qpdf-c.cc -o libqpdf/build/qpdf-c.o; sed -e 's/\.o:/.lo:/' < libqpdf/build/qpdf-c.tdep > libqpdf/build/qpdf-c.dep
/bin/bash ./libtool --quiet --mode=compile g++ -g -O2 -fPIE -fstack-protector --param=ssp-buffer-size=4 -Wformat -Werror=format-security -Wold-style-cast -Wall -MD -MF libqpdf/build/rijndael.tdep -MP -Iinclude -Ilibqpdf -D_FORTIFY_SOURCE=2 -c libqpdf/rijndael.cc -o libqpdf/build/rijndael.o; sed -e 's/\.o:/.lo:/' < libqpdf/build/rijndael.tdep > libqpdf/build/rijndael.dep
/bin/bash ./libtool --quiet --mode=compile gcc -g -O2 -fPIE -fstack-protector --param=ssp-buffer-size=4 -Wformat -Werror=format-security -Wall -MD -MF libqpdf/build/sha2.tdep -MP -Iinclude -Ilibqpdf -D_FORTIFY_SOURCE=2 -c libqpdf/sha2.c -o libqpdf/build/sha2.o; sed -e 's/\.o:/.lo:/' < libqpdf/build/sha2.tdep > libqpdf/build/sha2.dep
/bin/bash ./libtool --quiet --mode=compile gcc -g -O2 -fPIE -fstack-protector --param=ssp-buffer-size=4 -Wformat -Werror=format-security -Wall -MD -MF libqpdf/build/sha2big.tdep -MP -Iinclude -Ilibqpdf -D_FORTIFY_SOURCE=2 -c libqpdf/sha2big.c -o libqpdf/build/sha2big.o; sed -e 's/\.o:/.lo:/' < libqpdf/build/sha2big.tdep > libqpdf/build/sha2big.dep
/bin/bash ./libtool --mode=link g++ -g -O2 -fPIE -fstack-protector --param=ssp-buffer-size=4 -Wformat -Werror=format-security -Wold-style-cast -Wall -Wl,--version-script=libqpdf.map -o libqpdf/build/libqpdf.la libqpdf/build/BitStream.lo libqpdf/build/BitWriter.lo libqpdf/build/Buffer.lo libqpdf/build/BufferInputSource.lo libqpdf/build/FileInputSource.lo libqpdf/build/InputSource.lo libqpdf/build/InsecureRandomDataProvider.lo libqpdf/build/MD5.lo libqpdf/build/OffsetInputSource.lo libqpdf/build/PCRE.lo libqpdf/build/Pipeline.lo libqpdf/build/Pl_AES_PDF.lo libqpdf/build/Pl_ASCII85Decoder.lo libqpdf/build/Pl_ASCIIHexDecoder.lo libqpdf/build/Pl_Buffer.lo libqpdf/build/Pl_Concatenate.lo libqpdf/build/Pl_Count.lo libqpdf/build/Pl_Discard.lo libqpdf/build/Pl_Flate.lo libqpdf/build/Pl_LZWDecoder.lo libqpdf/build/Pl_MD5.lo libqpdf/build/Pl_PNGFilter.lo libqpdf/build/Pl_QPDFTokenizer.lo libqpdf/build/Pl_RC4.lo libqpdf/build/Pl_SHA2.lo libqpdf/build/Pl_StdioFile.lo libqpdf/build/QPDF.lo libqpdf/build/QPDFExc.lo libqpdf/build/QPDFObjGen.lo libqpdf/build/QPDFObject.lo libqpdf/build/QPDFObjectHandle.lo libqpdf/build/QPDFTokenizer.lo libqpdf/build/QPDFWriter.lo libqpdf/build/QPDFXRefEntry.lo libqpdf/build/QPDF_Array.lo libqpdf/build/QPDF_Bool.lo libqpdf/build/QPDF_Dictionary.lo libqpdf/build/QPDF_InlineImage.lo libqpdf/build/QPDF_Integer.lo libqpdf/build/QPDF_Name.lo libqpdf/build/QPDF_Null.lo libqpdf/build/QPDF_Operator.lo libqpdf/build/QPDF_Real.lo libqpdf/build/QPDF_Reserved.lo libqpdf/build/QPDF_Stream.lo libqpdf/build/QPDF_String.lo libqpdf/build/QPDF_encryption.lo libqpdf/build/QPDF_linearization.lo libqpdf/build/QPDF_optimization.lo libqpdf/build/QPDF_pages.lo libqpdf/build/QTC.lo libqpdf/build/QUtil.lo libqpdf/build/RC4.lo libqpdf/build/SecureRandomDataProvider.lo libqpdf/build/qpdf-c.lo libqpdf/build/rijndael.lo libqpdf/build/sha2.lo libqpdf/build/sha2big.lo -lpcre -lz  -fPIE -pie -Wl,-z,relro -Wl,-z,now -rpath /usr/lib/x86_64-linux-gnu -version-info 14:0:1
libtool: link: g++  -fPIC -DPIC -shared -nostdlib /usr/bin/../lib/gcc/x86_64-linux-gnu/4.8/../../../x86_64-linux-gnu/crti.o /usr/bin/../lib/gcc/x86_64-linux-gnu/4.8/crtbeginS.o  libqpdf/build/.libs/BitStream.o libqpdf/build/.libs/BitWriter.o libqpdf/build/.libs/Buffer.o libqpdf/build/.libs/BufferInputSource.o libqpdf/build/.libs/FileInputSource.o libqpdf/build/.libs/InputSource.o libqpdf/build/.libs/InsecureRandomDataProvider.o libqpdf/build/.libs/MD5.o libqpdf/build/.libs/OffsetInputSource.o libqpdf/build/.libs/PCRE.o libqpdf/build/.libs/Pipeline.o libqpdf/build/.libs/Pl_AES_PDF.o libqpdf/build/.libs/Pl_ASCII85Decoder.o libqpdf/build/.libs/Pl_ASCIIHexDecoder.o libqpdf/build/.libs/Pl_Buffer.o libqpdf/build/.libs/Pl_Concatenate.o libqpdf/build/.libs/Pl_Count.o libqpdf/build/.libs/Pl_Discard.o libqpdf/build/.libs/Pl_Flate.o libqpdf/build/.libs/Pl_LZWDecoder.o libqpdf/build/.libs/Pl_MD5.o libqpdf/build/.libs/Pl_PNGFilter.o libqpdf/build/.libs/Pl_QPDFTokenizer.o libqpdf/build/.libs/Pl_RC4.o libqpdf/build/.libs/Pl_SHA2.o libqpdf/build/.libs/Pl_StdioFile.o libqpdf/build/.libs/QPDF.o libqpdf/build/.libs/QPDFExc.o libqpdf/build/.libs/QPDFObjGen.o libqpdf/build/.libs/QPDFObject.o libqpdf/build/.libs/QPDFObjectHandle.o libqpdf/build/.libs/QPDFTokenizer.o libqpdf/build/.libs/QPDFWriter.o libqpdf/build/.libs/QPDFXRefEntry.o libqpdf/build/.libs/QPDF_Array.o libqpdf/build/.libs/QPDF_Bool.o libqpdf/build/.libs/QPDF_Dictionary.o libqpdf/build/.libs/QPDF_InlineImage.o libqpdf/build/.libs/QPDF_Integer.o libqpdf/build/.libs/QPDF_Name.o libqpdf/build/.libs/QPDF_Null.o libqpdf/build/.libs/QPDF_Operator.o libqpdf/build/.libs/QPDF_Real.o libqpdf/build/.libs/QPDF_Reserved.o libqpdf/build/.libs/QPDF_Stream.o libqpdf/build/.libs/QPDF_String.o libqpdf/build/.libs/QPDF_encryption.o libqpdf/build/.libs/QPDF_linearization.o libqpdf/build/.libs/QPDF_optimization.o libqpdf/build/.libs/QPDF_pages.o libqpdf/build/.libs/QTC.o libqpdf/build/.libs/QUtil.o libqpdf/build/.libs/RC4.o libqpdf/build/.libs/SecureRandomDataProvider.o libqpdf/build/.libs/qpdf-c.o libqpdf/build/.libs/rijndael.o libqpdf/build/.libs/sha2.o libqpdf/build/.libs/sha2big.o   -lpcre -lz -L/usr/bin/../lib/gcc/x86_64-linux-gnu/4.8 -L/usr/bin/../lib/gcc/x86_64-linux-gnu/4.8/../../../x86_64-linux-gnu -L/lib/x86_64-linux-gnu -L/lib/../lib64 -L/usr/lib/x86_64-linux-gnu -L/usr/bin/../lib/gcc/x86_64-linux-gnu/4.8/../../.. -L/lib -L/usr/lib -lstdc++ -lm -lc -lgcc_s /usr/bin/../lib/gcc/x86_64-linux-gnu/4.8/crtendS.o /usr/bin/../lib/gcc/x86_64-linux-gnu/4.8/../../../x86_64-linux-gnu/crtn.o  -O2 -Wl,--version-script=libqpdf.map -Wl,-z -Wl,relro -Wl,-z -Wl,now   -Wl,-soname -Wl,libqpdf.so.13 -o libqpdf/build/.libs/libqpdf.so.13.1.0
libtool: link: (cd "libqpdf/build/.libs" && rm -f "libqpdf.so.13" && ln -s "libqpdf.so.13.1.0" "libqpdf.so.13")
libtool: link: (cd "libqpdf/build/.libs" && rm -f "libqpdf.so" && ln -s "libqpdf.so.13.1.0" "libqpdf.so")
libtool: link: ar cru libqpdf/build/.libs/libqpdf.a  libqpdf/build/BitStream.o libqpdf/build/BitWriter.o libqpdf/build/Buffer.o libqpdf/build/BufferInputSource.o libqpdf/build/FileInputSource.o libqpdf/build/InputSource.o libqpdf/build/InsecureRandomDataProvider.o libqpdf/build/MD5.o libqpdf/build/OffsetInputSource.o libqpdf/build/PCRE.o libqpdf/build/Pipeline.o libqpdf/build/Pl_AES_PDF.o libqpdf/build/Pl_ASCII85Decoder.o libqpdf/build/Pl_ASCIIHexDecoder.o libqpdf/build/Pl_Buffer.o libqpdf/build/Pl_Concatenate.o libqpdf/build/Pl_Count.o libqpdf/build/Pl_Discard.o libqpdf/build/Pl_Flate.o libqpdf/build/Pl_LZWDecoder.o libqpdf/build/Pl_MD5.o libqpdf/build/Pl_PNGFilter.o libqpdf/build/Pl_QPDFTokenizer.o libqpdf/build/Pl_RC4.o libqpdf/build/Pl_SHA2.o libqpdf/build/Pl_StdioFile.o libqpdf/build/QPDF.o libqpdf/build/QPDFExc.o libqpdf/build/QPDFObjGen.o libqpdf/build/QPDFObject.o libqpdf/build/QPDFObjectHandle.o libqpdf/build/QPDFTokenizer.o libqpdf/build/QPDFWriter.o libqpdf/build/QPDFXRefEntry.o libqpdf/build/QPDF_Array.o libqpdf/build/QPDF_Bool.o libqpdf/build/QPDF_Dictionary.o libqpdf/build/QPDF_InlineImage.o libqpdf/build/QPDF_Integer.o libqpdf/build/QPDF_Name.o libqpdf/build/QPDF_Null.o libqpdf/build/QPDF_Operator.o libqpdf/build/QPDF_Real.o libqpdf/build/QPDF_Reserved.o libqpdf/build/QPDF_Stream.o libqpdf/build/QPDF_String.o libqpdf/build/QPDF_encryption.o libqpdf/build/QPDF_linearization.o libqpdf/build/QPDF_optimization.o libqpdf/build/QPDF_pages.o libqpdf/build/QTC.o libqpdf/build/QUtil.o libqpdf/build/RC4.o libqpdf/build/SecureRandomDataProvider.o libqpdf/build/qpdf-c.o libqpdf/build/rijndael.o libqpdf/build/sha2.o libqpdf/build/sha2big.o
libtool: link: ranlib libqpdf/build/.libs/libqpdf.a
libtool: link: ( cd "libqpdf/build/.libs" && rm -f "libqpdf.la" && ln -s "../libqpdf.la" "libqpdf.la" )
g++ -g -O2 -fPIE -fstack-protector --param=ssp-buffer-size=4 -Wformat -Werror=format-security -Wold-style-cast -Wall -MD -MF zlib-flate/build/zlib-flate.dep -MP -Iinclude -D_FORTIFY_SOURCE=2 -c zlib-flate/zlib-flate.cc -o zlib-flate/build/zlib-flate.o
/bin/bash ./libtool --mode=link g++ -g -O2 -fPIE -fstack-protector --param=ssp-buffer-size=4 -Wformat -Werror=format-security -Wold-style-cast -Wall zlib-flate/build/zlib-flate.o -o zlib-flate/build/zlib-flate -lqpdf -lpcre -lz  -fPIE -pie -Wl,-z,relro -Wl,-z,now -Llibqpdf/build
libtool: link: g++ -g -O2 -fPIE -fstack-protector --param=ssp-buffer-size=4 -Wformat -Werror=format-security -Wold-style-cast -Wall zlib-flate/build/zlib-flate.o -o zlib-flate/build/.libs/zlib-flate -fPIE -pie -Wl,-z -Wl,relro -Wl,-z -Wl,now  /«PKGBUILDDIR»/libqpdf/build/.libs/libqpdf.so -lpcre -lz -Llibqpdf/build
g++ -g -O2 -fPIE -fstack-protector --param=ssp-buffer-size=4 -Wformat -Werror=format-security -Wold-style-cast -Wall -MD -MF libtests/build/aes.dep -MP -Iinclude -Ilibqpdf -D_FORTIFY_SOURCE=2 -c libtests/aes.cc -o libtests/build/aes.o
/bin/bash ./libtool --mode=link g++ -g -O2 -fPIE -fstack-protector --param=ssp-buffer-size=4 -Wformat -Werror=format-security -Wold-style-cast -Wall libtests/build/aes.o -o libtests/build/aes -lpcre -lz  -lqpdf -fPIE -pie -Wl,-z,relro -Wl,-z,now -Llibqpdf/build
libtool: link: g++ -g -O2 -fPIE -fstack-protector --param=ssp-buffer-size=4 -Wformat -Werror=format-security -Wold-style-cast -Wall libtests/build/aes.o -o libtests/build/.libs/aes -fPIE -pie -Wl,-z -Wl,relro -Wl,-z -Wl,now  -lpcre -lz /«PKGBUILDDIR»/libqpdf/build/.libs/libqpdf.so -Llibqpdf/build
g++ -g -O2 -fPIE -fstack-protector --param=ssp-buffer-size=4 -Wformat -Werror=format-security -Wold-style-cast -Wall -MD -MF libtests/build/ascii85.dep -MP -Iinclude -Ilibqpdf -D_FORTIFY_SOURCE=2 -c libtests/ascii85.cc -o libtests/build/ascii85.o
/bin/bash ./libtool --mode=link g++ -g -O2 -fPIE -fstack-protector --param=ssp-buffer-size=4 -Wformat -Werror=format-security -Wold-style-cast -Wall libtests/build/ascii85.o -o libtests/build/ascii85 -lpcre -lz  -lqpdf -fPIE -pie -Wl,-z,relro -Wl,-z,now -Llibqpdf/build
libtool: link: g++ -g -O2 -fPIE -fstack-protector --param=ssp-buffer-size=4 -Wformat -Werror=format-security -Wold-style-cast -Wall libtests/build/ascii85.o -o libtests/build/.libs/ascii85 -fPIE -pie -Wl,-z -Wl,relro -Wl,-z -Wl,now  -lpcre -lz /«PKGBUILDDIR»/libqpdf/build/.libs/libqpdf.so -Llibqpdf/build
g++ -g -O2 -fPIE -fstack-protector --param=ssp-buffer-size=4 -Wformat -Werror=format-security -Wold-style-cast -Wall -MD -MF libtests/build/bits.dep -MP -Iinclude -Ilibqpdf -D_FORTIFY_SOURCE=2 -c libtests/bits.cc -o libtests/build/bits.o
/bin/bash ./libtool --mode=link g++ -g -O2 -fPIE -fstack-protector --param=ssp-buffer-size=4 -Wformat -Werror=format-security -Wold-style-cast -Wall libtests/build/bits.o -o libtests/build/bits -lpcre -lz  -lqpdf -fPIE -pie -Wl,-z,relro -Wl,-z,now -Llibqpdf/build
libtool: link: g++ -g -O2 -fPIE -fstack-protector --param=ssp-buffer-size=4 -Wformat -Werror=format-security -Wold-style-cast -Wall libtests/build/bits.o -o libtests/build/.libs/bits -fPIE -pie -Wl,-z -Wl,relro -Wl,-z -Wl,now  -lpcre -lz /«PKGBUILDDIR»/libqpdf/build/.libs/libqpdf.so -Llibqpdf/build
g++ -g -O2 -fPIE -fstack-protector --param=ssp-buffer-size=4 -Wformat -Werror=format-security -Wold-style-cast -Wall -MD -MF libtests/build/buffer.dep -MP -Iinclude -Ilibqpdf -D_FORTIFY_SOURCE=2 -c libtests/buffer.cc -o libtests/build/buffer.o
/bin/bash ./libtool --mode=link g++ -g -O2 -fPIE -fstack-protector --param=ssp-buffer-size=4 -Wformat -Werror=format-security -Wold-style-cast -Wall libtests/build/buffer.o -o libtests/build/buffer -lpcre -lz  -lqpdf -fPIE -pie -Wl,-z,relro -Wl,-z,now -Llibqpdf/build
libtool: link: g++ -g -O2 -fPIE -fstack-protector --param=ssp-buffer-size=4 -Wformat -Werror=format-security -Wold-style-cast -Wall libtests/build/buffer.o -o libtests/build/.libs/buffer -fPIE -pie -Wl,-z -Wl,relro -Wl,-z -Wl,now  -lpcre -lz /«PKGBUILDDIR»/libqpdf/build/.libs/libqpdf.so -Llibqpdf/build
g++ -g -O2 -fPIE -fstack-protector --param=ssp-buffer-size=4 -Wformat -Werror=format-security -Wold-style-cast -Wall -MD -MF libtests/build/concatenate.dep -MP -Iinclude -Ilibqpdf -D_FORTIFY_SOURCE=2 -c libtests/concatenate.cc -o libtests/build/concatenate.o
/bin/bash ./libtool --mode=link g++ -g -O2 -fPIE -fstack-protector --param=ssp-buffer-size=4 -Wformat -Werror=format-security -Wold-style-cast -Wall libtests/build/concatenate.o -o libtests/build/concatenate -lpcre -lz  -lqpdf -fPIE -pie -Wl,-z,relro -Wl,-z,now -Llibqpdf/build
libtool: link: g++ -g -O2 -fPIE -fstack-protector --param=ssp-buffer-size=4 -Wformat -Werror=format-security -Wold-style-cast -Wall libtests/build/concatenate.o -o libtests/build/.libs/concatenate -fPIE -pie -Wl,-z -Wl,relro -Wl,-z -Wl,now  -lpcre -lz /«PKGBUILDDIR»/libqpdf/build/.libs/libqpdf.so -Llibqpdf/build
g++ -g -O2 -fPIE -fstack-protector --param=ssp-buffer-size=4 -Wformat -Werror=format-security -Wold-style-cast -Wall -MD -MF libtests/build/flate.dep -MP -Iinclude -Ilibqpdf -D_FORTIFY_SOURCE=2 -c libtests/flate.cc -o libtests/build/flate.o
/bin/bash ./libtool --mode=link g++ -g -O2 -fPIE -fstack-protector --param=ssp-buffer-size=4 -Wformat -Werror=format-security -Wold-style-cast -Wall libtests/build/flate.o -o libtests/build/flate -lpcre -lz  -lqpdf -fPIE -pie -Wl,-z,relro -Wl,-z,now -Llibqpdf/build
libtool: link: g++ -g -O2 -fPIE -fstack-protector --param=ssp-buffer-size=4 -Wformat -Werror=format-security -Wold-style-cast -Wall libtests/build/flate.o -o libtests/build/.libs/flate -fPIE -pie -Wl,-z -Wl,relro -Wl,-z -Wl,now  -lpcre -lz /«PKGBUILDDIR»/libqpdf/build/.libs/libqpdf.so -Llibqpdf/build
g++ -g -O2 -fPIE -fstack-protector --param=ssp-buffer-size=4 -Wformat -Werror=format-security -Wold-style-cast -Wall -MD -MF libtests/build/hex.dep -MP -Iinclude -Ilibqpdf -D_FORTIFY_SOURCE=2 -c libtests/hex.cc -o libtests/build/hex.o
/bin/bash ./libtool --mode=link g++ -g -O2 -fPIE -fstack-protector --param=ssp-buffer-size=4 -Wformat -Werror=format-security -Wold-style-cast -Wall libtests/build/hex.o -o libtests/build/hex -lpcre -lz  -lqpdf -fPIE -pie -Wl,-z,relro -Wl,-z,now -Llibqpdf/build
libtool: link: g++ -g -O2 -fPIE -fstack-protector --param=ssp-buffer-size=4 -Wformat -Werror=format-security -Wold-style-cast -Wall libtests/build/hex.o -o libtests/build/.libs/hex -fPIE -pie -Wl,-z -Wl,relro -Wl,-z -Wl,now  -lpcre -lz /«PKGBUILDDIR»/libqpdf/build/.libs/libqpdf.so -Llibqpdf/build
g++ -g -O2 -fPIE -fstack-protector --param=ssp-buffer-size=4 -Wformat -Werror=format-security -Wold-style-cast -Wall -MD -MF libtests/build/lzw.dep -MP -Iinclude -Ilibqpdf -D_FORTIFY_SOURCE=2 -c libtests/lzw.cc -o libtests/build/lzw.o
/bin/bash ./libtool --mode=link g++ -g -O2 -fPIE -fstack-protector --param=ssp-buffer-size=4 -Wformat -Werror=format-security -Wold-style-cast -Wall libtests/build/lzw.o -o libtests/build/lzw -lpcre -lz  -lqpdf -fPIE -pie -Wl,-z,relro -Wl,-z,now -Llibqpdf/build
libtool: link: g++ -g -O2 -fPIE -fstack-protector --param=ssp-buffer-size=4 -Wformat -Werror=format-security -Wold-style-cast -Wall libtests/build/lzw.o -o libtests/build/.libs/lzw -fPIE -pie -Wl,-z -Wl,relro -Wl,-z -Wl,now  -lpcre -lz /«PKGBUILDDIR»/libqpdf/build/.libs/libqpdf.so -Llibqpdf/build
g++ -g -O2 -fPIE -fstack-protector --param=ssp-buffer-size=4 -Wformat -Werror=format-security -Wold-style-cast -Wall -MD -MF libtests/build/md5.dep -MP -Iinclude -Ilibqpdf -D_FORTIFY_SOURCE=2 -c libtests/md5.cc -o libtests/build/md5.o
/bin/bash ./libtool --mode=link g++ -g -O2 -fPIE -fstack-protector --param=ssp-buffer-size=4 -Wformat -Werror=format-security -Wold-style-cast -Wall libtests/build/md5.o -o libtests/build/md5 -lpcre -lz  -lqpdf -fPIE -pie -Wl,-z,relro -Wl,-z,now -Llibqpdf/build
libtool: link: g++ -g -O2 -fPIE -fstack-protector --param=ssp-buffer-size=4 -Wformat -Werror=format-security -Wold-style-cast -Wall libtests/build/md5.o -o libtests/build/.libs/md5 -fPIE -pie -Wl,-z -Wl,relro -Wl,-z -Wl,now  -lpcre -lz /«PKGBUILDDIR»/libqpdf/build/.libs/libqpdf.so -Llibqpdf/build
g++ -g -O2 -fPIE -fstack-protector --param=ssp-buffer-size=4 -Wformat -Werror=format-security -Wold-style-cast -Wall -MD -MF libtests/build/pcre.dep -MP -Iinclude -Ilibqpdf -D_FORTIFY_SOURCE=2 -c libtests/pcre.cc -o libtests/build/pcre.o
/bin/bash ./libtool --mode=link g++ -g -O2 -fPIE -fstack-protector --param=ssp-buffer-size=4 -Wformat -Werror=format-security -Wold-style-cast -Wall libtests/build/pcre.o -o libtests/build/pcre -lpcre -lz  -lqpdf -fPIE -pie -Wl,-z,relro -Wl,-z,now -Llibqpdf/build
libtool: link: g++ -g -O2 -fPIE -fstack-protector --param=ssp-buffer-size=4 -Wformat -Werror=format-security -Wold-style-cast -Wall libtests/build/pcre.o -o libtests/build/.libs/pcre -fPIE -pie -Wl,-z -Wl,relro -Wl,-z -Wl,now  -lpcre -lz /«PKGBUILDDIR»/libqpdf/build/.libs/libqpdf.so -Llibqpdf/build
g++ -g -O2 -fPIE -fstack-protector --param=ssp-buffer-size=4 -Wformat -Werror=format-security -Wold-style-cast -Wall -MD -MF libtests/build/png_filter.dep -MP -Iinclude -Ilibqpdf -D_FORTIFY_SOURCE=2 -c libtests/png_filter.cc -o libtests/build/png_filter.o
/bin/bash ./libtool --mode=link g++ -g -O2 -fPIE -fstack-protector --param=ssp-buffer-size=4 -Wformat -Werror=format-security -Wold-style-cast -Wall libtests/build/png_filter.o -o libtests/build/png_filter -lpcre -lz  -lqpdf -fPIE -pie -Wl,-z,relro -Wl,-z,now -Llibqpdf/build
libtool: link: g++ -g -O2 -fPIE -fstack-protector --param=ssp-buffer-size=4 -Wformat -Werror=format-security -Wold-style-cast -Wall libtests/build/png_filter.o -o libtests/build/.libs/png_filter -fPIE -pie -Wl,-z -Wl,relro -Wl,-z -Wl,now  -lpcre -lz /«PKGBUILDDIR»/libqpdf/build/.libs/libqpdf.so -Llibqpdf/build
g++ -g -O2 -fPIE -fstack-protector --param=ssp-buffer-size=4 -Wformat -Werror=format-security -Wold-style-cast -Wall -MD -MF libtests/build/pointer_holder.dep -MP -Iinclude -Ilibqpdf -D_FORTIFY_SOURCE=2 -c libtests/pointer_holder.cc -o libtests/build/pointer_holder.o
/bin/bash ./libtool --mode=link g++ -g -O2 -fPIE -fstack-protector --param=ssp-buffer-size=4 -Wformat -Werror=format-security -Wold-style-cast -Wall libtests/build/pointer_holder.o -o libtests/build/pointer_holder -lpcre -lz  -lqpdf -fPIE -pie -Wl,-z,relro -Wl,-z,now -Llibqpdf/build
libtool: link: g++ -g -O2 -fPIE -fstack-protector --param=ssp-buffer-size=4 -Wformat -Werror=format-security -Wold-style-cast -Wall libtests/build/pointer_holder.o -o libtests/build/.libs/pointer_holder -fPIE -pie -Wl,-z -Wl,relro -Wl,-z -Wl,now  -lpcre -lz /«PKGBUILDDIR»/libqpdf/build/.libs/libqpdf.so -Llibqpdf/build
g++ -g -O2 -fPIE -fstack-protector --param=ssp-buffer-size=4 -Wformat -Werror=format-security -Wold-style-cast -Wall -MD -MF libtests/build/qutil.dep -MP -Iinclude -Ilibqpdf -D_FORTIFY_SOURCE=2 -c libtests/qutil.cc -o libtests/build/qutil.o
/bin/bash ./libtool --mode=link g++ -g -O2 -fPIE -fstack-protector --param=ssp-buffer-size=4 -Wformat -Werror=format-security -Wold-style-cast -Wall libtests/build/qutil.o -o libtests/build/qutil -lpcre -lz  -lqpdf -fPIE -pie -Wl,-z,relro -Wl,-z,now -Llibqpdf/build
libtool: link: g++ -g -O2 -fPIE -fstack-protector --param=ssp-buffer-size=4 -Wformat -Werror=format-security -Wold-style-cast -Wall libtests/build/qutil.o -o libtests/build/.libs/qutil -fPIE -pie -Wl,-z -Wl,relro -Wl,-z -Wl,now  -lpcre -lz /«PKGBUILDDIR»/libqpdf/build/.libs/libqpdf.so -Llibqpdf/build
g++ -g -O2 -fPIE -fstack-protector --param=ssp-buffer-size=4 -Wformat -Werror=format-security -Wold-style-cast -Wall -MD -MF libtests/build/random.dep -MP -Iinclude -Ilibqpdf -D_FORTIFY_SOURCE=2 -c libtests/random.cc -o libtests/build/random.o
/bin/bash ./libtool --mode=link g++ -g -O2 -fPIE -fstack-protector --param=ssp-buffer-size=4 -Wformat -Werror=format-security -Wold-style-cast -Wall libtests/build/random.o -o libtests/build/random -lpcre -lz  -lqpdf -fPIE -pie -Wl,-z,relro -Wl,-z,now -Llibqpdf/build
libtool: link: g++ -g -O2 -fPIE -fstack-protector --param=ssp-buffer-size=4 -Wformat -Werror=format-security -Wold-style-cast -Wall libtests/build/random.o -o libtests/build/.libs/random -fPIE -pie -Wl,-z -Wl,relro -Wl,-z -Wl,now  -lpcre -lz /«PKGBUILDDIR»/libqpdf/build/.libs/libqpdf.so -Llibqpdf/build
g++ -g -O2 -fPIE -fstack-protector --param=ssp-buffer-size=4 -Wformat -Werror=format-security -Wold-style-cast -Wall -MD -MF libtests/build/rc4.dep -MP -Iinclude -Ilibqpdf -D_FORTIFY_SOURCE=2 -c libtests/rc4.cc -o libtests/build/rc4.o
/bin/bash ./libtool --mode=link g++ -g -O2 -fPIE -fstack-protector --param=ssp-buffer-size=4 -Wformat -Werror=format-security -Wold-style-cast -Wall libtests/build/rc4.o -o libtests/build/rc4 -lpcre -lz  -lqpdf -fPIE -pie -Wl,-z,relro -Wl,-z,now -Llibqpdf/build
libtool: link: g++ -g -O2 -fPIE -fstack-protector --param=ssp-buffer-size=4 -Wformat -Werror=format-security -Wold-style-cast -Wall libtests/build/rc4.o -o libtests/build/.libs/rc4 -fPIE -pie -Wl,-z -Wl,relro -Wl,-z -Wl,now  -lpcre -lz /«PKGBUILDDIR»/libqpdf/build/.libs/libqpdf.so -Llibqpdf/build
g++ -g -O2 -fPIE -fstack-protector --param=ssp-buffer-size=4 -Wformat -Werror=format-security -Wold-style-cast -Wall -MD -MF libtests/build/sha2.dep -MP -Iinclude -Ilibqpdf -D_FORTIFY_SOURCE=2 -c libtests/sha2.cc -o libtests/build/sha2.o
/bin/bash ./libtool --mode=link g++ -g -O2 -fPIE -fstack-protector --param=ssp-buffer-size=4 -Wformat -Werror=format-security -Wold-style-cast -Wall libtests/build/sha2.o -o libtests/build/sha2 -lpcre -lz  -lqpdf -fPIE -pie -Wl,-z,relro -Wl,-z,now -Llibqpdf/build
libtool: link: g++ -g -O2 -fPIE -fstack-protector --param=ssp-buffer-size=4 -Wformat -Werror=format-security -Wold-style-cast -Wall libtests/build/sha2.o -o libtests/build/.libs/sha2 -fPIE -pie -Wl,-z -Wl,relro -Wl,-z -Wl,now  -lpcre -lz /«PKGBUILDDIR»/libqpdf/build/.libs/libqpdf.so -Llibqpdf/build
g++ -g -O2 -fPIE -fstack-protector --param=ssp-buffer-size=4 -Wformat -Werror=format-security -Wold-style-cast -Wall -MD -MF qpdf/build/qpdf.dep -MP -Iinclude -D_FORTIFY_SOURCE=2 -c qpdf/qpdf.cc -o qpdf/build/qpdf.o
/bin/bash ./libtool --mode=link g++ -g -O2 -fPIE -fstack-protector --param=ssp-buffer-size=4 -Wformat -Werror=format-security -Wold-style-cast -Wall qpdf/build/qpdf.o -o qpdf/build/qpdf -lqpdf -lpcre -lz  -fPIE -pie -Wl,-z,relro -Wl,-z,now -Llibqpdf/build
libtool: link: g++ -g -O2 -fPIE -fstack-protector --param=ssp-buffer-size=4 -Wformat -Werror=format-security -Wold-style-cast -Wall qpdf/build/qpdf.o -o qpdf/build/.libs/qpdf -fPIE -pie -Wl,-z -Wl,relro -Wl,-z -Wl,now  /«PKGBUILDDIR»/libqpdf/build/.libs/libqpdf.so -lpcre -lz -Llibqpdf/build
g++ -g -O2 -fPIE -fstack-protector --param=ssp-buffer-size=4 -Wformat -Werror=format-security -Wold-style-cast -Wall -MD -MF qpdf/build/test_driver.dep -MP -Iinclude -D_FORTIFY_SOURCE=2 -c qpdf/test_driver.cc -o qpdf/build/test_driver.o
/bin/bash ./libtool --mode=link g++ -g -O2 -fPIE -fstack-protector --param=ssp-buffer-size=4 -Wformat -Werror=format-security -Wold-style-cast -Wall qpdf/build/test_driver.o -o qpdf/build/test_driver -lqpdf -lpcre -lz  -fPIE -pie -Wl,-z,relro -Wl,-z,now -Llibqpdf/build
libtool: link: g++ -g -O2 -fPIE -fstack-protector --param=ssp-buffer-size=4 -Wformat -Werror=format-security -Wold-style-cast -Wall qpdf/build/test_driver.o -o qpdf/build/.libs/test_driver -fPIE -pie -Wl,-z -Wl,relro -Wl,-z -Wl,now  /«PKGBUILDDIR»/libqpdf/build/.libs/libqpdf.so -lpcre -lz -Llibqpdf/build
g++ -g -O2 -fPIE -fstack-protector --param=ssp-buffer-size=4 -Wformat -Werror=format-security -Wold-style-cast -Wall -MD -MF qpdf/build/pdf_from_scratch.dep -MP -Iinclude -D_FORTIFY_SOURCE=2 -c qpdf/pdf_from_scratch.cc -o qpdf/build/pdf_from_scratch.o
/bin/bash ./libtool --mode=link g++ -g -O2 -fPIE -fstack-protector --param=ssp-buffer-size=4 -Wformat -Werror=format-security -Wold-style-cast -Wall qpdf/build/pdf_from_scratch.o -o qpdf/build/pdf_from_scratch -lqpdf -lpcre -lz  -fPIE -pie -Wl,-z,relro -Wl,-z,now -Llibqpdf/build
libtool: link: g++ -g -O2 -fPIE -fstack-protector --param=ssp-buffer-size=4 -Wformat -Werror=format-security -Wold-style-cast -Wall qpdf/build/pdf_from_scratch.o -o qpdf/build/.libs/pdf_from_scratch -fPIE -pie -Wl,-z -Wl,relro -Wl,-z -Wl,now  /«PKGBUILDDIR»/libqpdf/build/.libs/libqpdf.so -lpcre -lz -Llibqpdf/build
g++ -g -O2 -fPIE -fstack-protector --param=ssp-buffer-size=4 -Wformat -Werror=format-security -Wold-style-cast -Wall -MD -MF qpdf/build/test_large_file.dep -MP -Iinclude -D_FORTIFY_SOURCE=2 -c qpdf/test_large_file.cc -o qpdf/build/test_large_file.o
/bin/bash ./libtool --mode=link g++ -g -O2 -fPIE -fstack-protector --param=ssp-buffer-size=4 -Wformat -Werror=format-security -Wold-style-cast -Wall qpdf/build/test_large_file.o -o qpdf/build/test_large_file -lqpdf -lpcre -lz  -fPIE -pie -Wl,-z,relro -Wl,-z,now -Llibqpdf/build
libtool: link: g++ -g -O2 -fPIE -fstack-protector --param=ssp-buffer-size=4 -Wformat -Werror=format-security -Wold-style-cast -Wall qpdf/build/test_large_file.o -o qpdf/build/.libs/test_large_file -fPIE -pie -Wl,-z -Wl,relro -Wl,-z -Wl,now  /«PKGBUILDDIR»/libqpdf/build/.libs/libqpdf.so -lpcre -lz -Llibqpdf/build
gcc -g -O2 -fPIE -fstack-protector --param=ssp-buffer-size=4 -Wformat -Werror=format-security -Wall -MD -MF qpdf/build/qpdf-ctest.dep -MP -Iinclude -D_FORTIFY_SOURCE=2 -c qpdf/qpdf-ctest.c -o qpdf/build/qpdf-ctest.o
/bin/bash ./libtool --mode=link g++ -g -O2 -fPIE -fstack-protector --param=ssp-buffer-size=4 -Wformat -Werror=format-security -Wold-style-cast -Wall qpdf/build/qpdf-ctest.o -o qpdf/build/qpdf-ctest -lqpdf -lpcre -lz  -fPIE -pie -Wl,-z,relro -Wl,-z,now -Llibqpdf/build
libtool: link: g++ -g -O2 -fPIE -fstack-protector --param=ssp-buffer-size=4 -Wformat -Werror=format-security -Wold-style-cast -Wall qpdf/build/qpdf-ctest.o -o qpdf/build/.libs/qpdf-ctest -fPIE -pie -Wl,-z -Wl,relro -Wl,-z -Wl,now  /«PKGBUILDDIR»/libqpdf/build/.libs/libqpdf.so -lpcre -lz -Llibqpdf/build
g++ -g -O2 -fPIE -fstack-protector --param=ssp-buffer-size=4 -Wformat -Werror=format-security -Wold-style-cast -Wall -MD -MF examples/build/pdf-bookmarks.dep -MP -Iinclude -D_FORTIFY_SOURCE=2 -c examples/pdf-bookmarks.cc -o examples/build/pdf-bookmarks.o
/bin/bash ./libtool --mode=link g++ -g -O2 -fPIE -fstack-protector --param=ssp-buffer-size=4 -Wformat -Werror=format-security -Wold-style-cast -Wall examples/build/pdf-bookmarks.o -o examples/build/pdf-bookmarks -lqpdf -lpcre -lz  -fPIE -pie -Wl,-z,relro -Wl,-z,now -Llibqpdf/build
libtool: link: g++ -g -O2 -fPIE -fstack-protector --param=ssp-buffer-size=4 -Wformat -Werror=format-security -Wold-style-cast -Wall examples/build/pdf-bookmarks.o -o examples/build/.libs/pdf-bookmarks -fPIE -pie -Wl,-z -Wl,relro -Wl,-z -Wl,now  /«PKGBUILDDIR»/libqpdf/build/.libs/libqpdf.so -lpcre -lz -Llibqpdf/build
g++ -g -O2 -fPIE -fstack-protector --param=ssp-buffer-size=4 -Wformat -Werror=format-security -Wold-style-cast -Wall -MD -MF examples/build/pdf-mod-info.dep -MP -Iinclude -D_FORTIFY_SOURCE=2 -c examples/pdf-mod-info.cc -o examples/build/pdf-mod-info.o
/bin/bash ./libtool --mode=link g++ -g -O2 -fPIE -fstack-protector --param=ssp-buffer-size=4 -Wformat -Werror=format-security -Wold-style-cast -Wall examples/build/pdf-mod-info.o -o examples/build/pdf-mod-info -lqpdf -lpcre -lz  -fPIE -pie -Wl,-z,relro -Wl,-z,now -Llibqpdf/build
libtool: link: g++ -g -O2 -fPIE -fstack-protector --param=ssp-buffer-size=4 -Wformat -Werror=format-security -Wold-style-cast -Wall examples/build/pdf-mod-info.o -o examples/build/.libs/pdf-mod-info -fPIE -pie -Wl,-z -Wl,relro -Wl,-z -Wl,now  /«PKGBUILDDIR»/libqpdf/build/.libs/libqpdf.so -lpcre -lz -Llibqpdf/build
g++ -g -O2 -fPIE -fstack-protector --param=ssp-buffer-size=4 -Wformat -Werror=format-security -Wold-style-cast -Wall -MD -MF examples/build/pdf-npages.dep -MP -Iinclude -D_FORTIFY_SOURCE=2 -c examples/pdf-npages.cc -o examples/build/pdf-npages.o
/bin/bash ./libtool --mode=link g++ -g -O2 -fPIE -fstack-protector --param=ssp-buffer-size=4 -Wformat -Werror=format-security -Wold-style-cast -Wall examples/build/pdf-npages.o -o examples/build/pdf-npages -lqpdf -lpcre -lz  -fPIE -pie -Wl,-z,relro -Wl,-z,now -Llibqpdf/build
libtool: link: g++ -g -O2 -fPIE -fstack-protector --param=ssp-buffer-size=4 -Wformat -Werror=format-security -Wold-style-cast -Wall examples/build/pdf-npages.o -o examples/build/.libs/pdf-npages -fPIE -pie -Wl,-z -Wl,relro -Wl,-z -Wl,now  /«PKGBUILDDIR»/libqpdf/build/.libs/libqpdf.so -lpcre -lz -Llibqpdf/build
g++ -g -O2 -fPIE -fstack-protector --param=ssp-buffer-size=4 -Wformat -Werror=format-security -Wold-style-cast -Wall -MD -MF examples/build/pdf-double-page-size.dep -MP -Iinclude -D_FORTIFY_SOURCE=2 -c examples/pdf-double-page-size.cc -o examples/build/pdf-double-page-size.o
/bin/bash ./libtool --mode=link g++ -g -O2 -fPIE -fstack-protector --param=ssp-buffer-size=4 -Wformat -Werror=format-security -Wold-style-cast -Wall examples/build/pdf-double-page-size.o -o examples/build/pdf-double-page-size -lqpdf -lpcre -lz  -fPIE -pie -Wl,-z,relro -Wl,-z,now -Llibqpdf/build
libtool: link: g++ -g -O2 -fPIE -fstack-protector --param=ssp-buffer-size=4 -Wformat -Werror=format-security -Wold-style-cast -Wall examples/build/pdf-double-page-size.o -o examples/build/.libs/pdf-double-page-size -fPIE -pie -Wl,-z -Wl,relro -Wl,-z -Wl,now  /«PKGBUILDDIR»/libqpdf/build/.libs/libqpdf.so -lpcre -lz -Llibqpdf/build
g++ -g -O2 -fPIE -fstack-protector --param=ssp-buffer-size=4 -Wformat -Werror=format-security -Wold-style-cast -Wall -MD -MF examples/build/pdf-invert-images.dep -MP -Iinclude -D_FORTIFY_SOURCE=2 -c examples/pdf-invert-images.cc -o examples/build/pdf-invert-images.o
/bin/bash ./libtool --mode=link g++ -g -O2 -fPIE -fstack-protector --param=ssp-buffer-size=4 -Wformat -Werror=format-security -Wold-style-cast -Wall examples/build/pdf-invert-images.o -o examples/build/pdf-invert-images -lqpdf -lpcre -lz  -fPIE -pie -Wl,-z,relro -Wl,-z,now -Llibqpdf/build
libtool: link: g++ -g -O2 -fPIE -fstack-protector --param=ssp-buffer-size=4 -Wformat -Werror=format-security -Wold-style-cast -Wall examples/build/pdf-invert-images.o -o examples/build/.libs/pdf-invert-images -fPIE -pie -Wl,-z -Wl,relro -Wl,-z -Wl,now  /«PKGBUILDDIR»/libqpdf/build/.libs/libqpdf.so -lpcre -lz -Llibqpdf/build
g++ -g -O2 -fPIE -fstack-protector --param=ssp-buffer-size=4 -Wformat -Werror=format-security -Wold-style-cast -Wall -MD -MF examples/build/pdf-create.dep -MP -Iinclude -D_FORTIFY_SOURCE=2 -c examples/pdf-create.cc -o examples/build/pdf-create.o
/bin/bash ./libtool --mode=link g++ -g -O2 -fPIE -fstack-protector --param=ssp-buffer-size=4 -Wformat -Werror=format-security -Wold-style-cast -Wall examples/build/pdf-create.o -o examples/build/pdf-create -lqpdf -lpcre -lz  -fPIE -pie -Wl,-z,relro -Wl,-z,now -Llibqpdf/build
libtool: link: g++ -g -O2 -fPIE -fstack-protector --param=ssp-buffer-size=4 -Wformat -Werror=format-security -Wold-style-cast -Wall examples/build/pdf-create.o -o examples/build/.libs/pdf-create -fPIE -pie -Wl,-z -Wl,relro -Wl,-z -Wl,now  /«PKGBUILDDIR»/libqpdf/build/.libs/libqpdf.so -lpcre -lz -Llibqpdf/build
g++ -g -O2 -fPIE -fstack-protector --param=ssp-buffer-size=4 -Wformat -Werror=format-security -Wold-style-cast -Wall -MD -MF examples/build/pdf-parse-content.dep -MP -Iinclude -D_FORTIFY_SOURCE=2 -c examples/pdf-parse-content.cc -o examples/build/pdf-parse-content.o
/bin/bash ./libtool --mode=link g++ -g -O2 -fPIE -fstack-protector --param=ssp-buffer-size=4 -Wformat -Werror=format-security -Wold-style-cast -Wall examples/build/pdf-parse-content.o -o examples/build/pdf-parse-content -lqpdf -lpcre -lz  -fPIE -pie -Wl,-z,relro -Wl,-z,now -Llibqpdf/build
libtool: link: g++ -g -O2 -fPIE -fstack-protector --param=ssp-buffer-size=4 -Wformat -Werror=format-security -Wold-style-cast -Wall examples/build/pdf-parse-content.o -o examples/build/.libs/pdf-parse-content -fPIE -pie -Wl,-z -Wl,relro -Wl,-z -Wl,now  /«PKGBUILDDIR»/libqpdf/build/.libs/libqpdf.so -lpcre -lz -Llibqpdf/build
gcc -g -O2 -fPIE -fstack-protector --param=ssp-buffer-size=4 -Wformat -Werror=format-security -Wall -MD -MF examples/build/pdf-linearize.dep -MP -Iinclude -D_FORTIFY_SOURCE=2 -c examples/pdf-linearize.c -o examples/build/pdf-linearize.o
/bin/bash ./libtool --mode=link g++ -g -O2 -fPIE -fstack-protector --param=ssp-buffer-size=4 -Wformat -Werror=format-security -Wold-style-cast -Wall examples/build/pdf-linearize.o -o examples/build/pdf-linearize -lqpdf -lpcre -lz  -fPIE -pie -Wl,-z,relro -Wl,-z,now -Llibqpdf/build
libtool: link: g++ -g -O2 -fPIE -fstack-protector --param=ssp-buffer-size=4 -Wformat -Werror=format-security -Wold-style-cast -Wall examples/build/pdf-linearize.o -o examples/build/.libs/pdf-linearize -fPIE -pie -Wl,-z -Wl,relro -Wl,-z -Wl,now  /«PKGBUILDDIR»/libqpdf/build/.libs/libqpdf.so -lpcre -lz -Llibqpdf/build
make[1]: Leaving directory `/«PKGBUILDDIR»'
touch debian/stamp-makefile-build
/usr/bin/make  -C .  check
make[1]: Entering directory `/«PKGBUILDDIR»'
running qtest-driver for zlib-flate

******************************************
STARTING TESTS on Mon Jan  6 05:49:36 2014
******************************************


Running ../qtest/zf.test
zlib-flate  1 (compress)                                       ... PASSED
zlib-flate  2 (uncompress)                                     ... PASSED
zlib-flate  3 (error)                                          ... PASSED

Overall test suite                                             ... PASSED

TESTS COMPLETE.  Summary:

Total tests: 3
Passes: 3
Failures: 0
Unexpected Passes: 0
Expected Failures: 0
Missing Tests: 0
Extra Tests: 0

running qtest-driver for libtests

******************************************
STARTING TESTS on Mon Jan  6 05:49:37 2014
******************************************

Test coverage active in scope libtests

Running ../qtest/aes.test
AES  1 (encrypt test vector)                                   ... PASSED
AES  2 (check output)                                          ... PASSED
AES  3 (decrypt test vector)                                   ... PASSED
AES  4 (check output)                                          ... PASSED
make[1]: *** wait: No child processes.  Stop.
make[1]: *** Waiting for unfinished jobs....
make[1]: *** wait: No child processes.  Stop.
make: *** wait: No child processes.  Stop.
make: *** Waiting for unfinished jobs....
make: *** wait: No child processes.  Stop.
AES  5 (encrypt data1)                                         ... Build killed with signal TERM after 60 minutes of inactivity
────────────────────────────────────────────────────────────────────────────────
Build finished at 20140106-0649

Finished
────────

E: Build failure (dpkg-buildpackage died)

┌──────────────────────────────────────────────────────────────────────────────┐
│ Cleanup                                                                      │
└──────────────────────────────────────────────────────────────────────────────┘

Purging /«BUILDDIR»
Not cleaning session: cloned chroot in use

┌──────────────────────────────────────────────────────────────────────────────┐
│ Summary                                                                      │
└──────────────────────────────────────────────────────────────────────────────┘

Build Architecture: amd64
Build-Space: 103412
Build-Time: 3754
Distribution: unstable
Fail-Stage: build
Host Architecture: amd64
Install-Time: 11
Job: qpdf_5.1.0-1
Machine Architecture: amd64
Package: qpdf
Package-Time: 3814
Source-Version: 5.1.0-1
Space: 103412
Status: attempted
Version: 5.1.0-1clang1
────────────────────────────────────────────────────────────────────────────────
Finished at 20140106-0649
Build needed 01:03:34, 103412k disc space
DC-Status: Failed 3815.39155388s
DC-Time-Estimation: 3815.39155388 versus expected 316 (r/m: 11.074023904683544 ; m: 316.0)
